{"target": 0.875, "params": {"activation_function": 1.5460934901870127, "amount_of_layers": 3.6593741712919643, "batch_size": 90.41965303097936, "dropout_rate": 0.4646236216948769, "epochs": 20.759788100592118, "hidden_channels": 81.26966386346955, "learning_rate": 0.05891628121659771, "optimizer": 0.7762820609685901, "pooling_algorithm": 0.5333004166180192}, "datetime": {"datetime": "2023-11-28 13:42:15", "elapsed": 298.288323, "delta": 0.611159}}
{"target": 0.2571428571428571, "params": {"activation_function": 1.0060865387404605, "amount_of_layers": 1.7510786257009263, "batch_size": 90.11047994455662, "dropout_rate": 0.36087663496784367, "epochs": 19.134730895932712, "hidden_channels": 81.0795350999112, "learning_rate": 0.01404651714388809, "optimizer": 1.7352824768929767, "pooling_algorithm": 0.09418000142684801}, "datetime": {"datetime": "2023-11-28 13:42:16", "elapsed": 298.750777, "delta": 0.462454}}
{"target": 0.09464285714285714, "params": {"activation_function": 1.1258106721783299, "amount_of_layers": 8.951454141989984, "batch_size": 48.860726137086985, "dropout_rate": 0.4074724715654672, "epochs": 109.20875683720044, "hidden_channels": 8.209715571250872, "learning_rate": 0.01912740364861905, "optimizer": 1.6584615899310327, "pooling_algorithm": 0.7737905746068364}, "datetime": {"datetime": "2023-11-28 13:42:22", "elapsed": 304.832389, "delta": 6.081612}}
{"target": 0.5, "params": {"activation_function": 0.6259218462355869, "amount_of_layers": 8.343236496939463, "batch_size": 128.70975174561698, "dropout_rate": 0.41136480759436506, "epochs": 114.8023172892853, "hidden_channels": 61.04672087122372, "learning_rate": 0.06087538355018895, "optimizer": 1.3757332929358512, "pooling_algorithm": 0.5428685279296376}, "datetime": {"datetime": "2023-11-28 13:42:26", "elapsed": 308.766359, "delta": 3.93397}}
{"target": 0.0, "params": {"activation_function": 1.3337377489893276, "amount_of_layers": 5.638931410133709, "batch_size": 144.48022706155578, "dropout_rate": 0.3222515676820727, "epochs": 116.20971453862826, "hidden_channels": 119.35507495233841, "learning_rate": 0.0862932146976011, "optimizer": 0.8821039925779746, "pooling_algorithm": 0.2116605862794353}, "datetime": {"datetime": "2023-11-28 13:42:30", "elapsed": 312.973447, "delta": 4.207088}}
{"target": 0.7767857142857143, "params": {"activation_function": 0.06430778983609264, "amount_of_layers": 8.126568968035667, "batch_size": 103.97622715956592, "dropout_rate": 0.74826803687374, "epochs": 110.76410884566354, "hidden_channels": 76.90882755519091, "learning_rate": 0.027765313499698602, "optimizer": 0.6922702418387321, "pooling_algorithm": 0.06268211631686871}, "datetime": {"datetime": "2023-11-28 13:42:34", "elapsed": 316.721155, "delta": 3.747708}}
{"target": 0.08928571428571429, "params": {"activation_function": 1.9289850992144648, "amount_of_layers": 3.6073931971402367, "batch_size": 16.693457513811925, "dropout_rate": 0.3383507900678383, "epochs": 59.68752340094091, "hidden_channels": 108.72754895114738, "learning_rate": 0.011712167146207177, "optimizer": 0.6550148978270973, "pooling_algorithm": 0.6521945954018041}, "datetime": {"datetime": "2023-11-28 13:42:39", "elapsed": 321.76502, "delta": 5.043865}}
{"target": 0.5, "params": {"activation_function": 1.6692226491486883, "amount_of_layers": 4.089353570619621, "batch_size": 29.936668885383217, "dropout_rate": 0.5351487129333714, "epochs": 26.49540849023238, "hidden_channels": 39.384868739432314, "learning_rate": 0.026697969216764067, "optimizer": 1.9077710731824504, "pooling_algorithm": 0.5218614123753735}, "datetime": {"datetime": "2023-11-28 13:42:40", "elapsed": 323.215321, "delta": 1.450301}}
{"target": 0.5, "params": {"activation_function": 1.6513766394900435, "amount_of_layers": 8.025481840622872, "batch_size": 126.6747758329273, "dropout_rate": 0.4201767244313327, "epochs": 131.18768936321231, "hidden_channels": 80.65677276521838, "learning_rate": 0.0637182796179742, "optimizer": 0.7414555104358034, "pooling_algorithm": 0.8841005879352538}, "datetime": {"datetime": "2023-11-28 13:42:44", "elapsed": 327.54206, "delta": 4.326739}}
{"target": 0.0, "params": {"activation_function": 0.37278158334375977, "amount_of_layers": 1.8580679558772895, "batch_size": 43.532029752671704, "dropout_rate": 0.3043432861931445, "epochs": 19.951365424516567, "hidden_channels": 65.17644205325222, "learning_rate": 0.045437323115294206, "optimizer": 1.6294218757408296, "pooling_algorithm": 0.6073107701923944}, "datetime": {"datetime": "2023-11-28 13:42:45", "elapsed": 328.343444, "delta": 0.801384}}
{"target": 0.5, "params": {"activation_function": 0.09616594259730382, "amount_of_layers": 4.424152134657636, "batch_size": 87.85295838111236, "dropout_rate": 0.5241098190321791, "epochs": 159.46556191729658, "hidden_channels": 89.57003511746143, "learning_rate": 0.06822953545234356, "optimizer": 1.8433636153945059, "pooling_algorithm": 0.25876370234169277}, "datetime": {"datetime": "2023-11-28 13:42:49", "elapsed": 332.11235, "delta": 3.768906}}
{"target": 0.5, "params": {"activation_function": 1.1132256982464246, "amount_of_layers": 8.833138659508549, "batch_size": 112.91972181428659, "dropout_rate": 0.4433029620926417, "epochs": 145.26056718805998, "hidden_channels": 74.44377426190817, "learning_rate": 0.09781165207495306, "optimizer": 0.8840154834378022, "pooling_algorithm": 0.779154822837603}, "datetime": {"datetime": "2023-11-28 13:42:54", "elapsed": 337.073028, "delta": 4.960678}}
{"target": 0.26071428571428573, "params": {"activation_function": 1.6033677893879288, "amount_of_layers": 7.825576583953804, "batch_size": 35.47420244025304, "dropout_rate": 0.35071328180485145, "epochs": 180.47829996954175, "hidden_channels": 42.01856617395293, "learning_rate": 0.009080863041003827, "optimizer": 0.7814041260301154, "pooling_algorithm": 0.21935060329706024}, "datetime": {"datetime": "2023-11-28 13:43:06", "elapsed": 349.096454, "delta": 12.023426}}
{"target": 0.85, "params": {"activation_function": 0.1658053659458718, "amount_of_layers": 5.260236747609623, "batch_size": 63.94567940439638, "dropout_rate": 0.7230036469090796, "epochs": 42.89713276405067, "hidden_channels": 68.23971663084939, "learning_rate": 0.005336830832557432, "optimizer": 1.3697759637227565, "pooling_algorithm": 0.022137709066449074}, "datetime": {"datetime": "2023-11-28 13:43:08", "elapsed": 350.789064, "delta": 1.69261}}
{"target": 0.8250000000000001, "params": {"activation_function": 1.7848446204853208, "amount_of_layers": 2.3797979567927845, "batch_size": 103.53702658428334, "dropout_rate": 0.6056870860854127, "epochs": 62.78809582509409, "hidden_channels": 87.70173267213886, "learning_rate": 0.004104506734978142, "optimizer": 0.8993889240120454, "pooling_algorithm": 0.016183481812480416}, "datetime": {"datetime": "2023-11-28 13:43:09", "elapsed": 352.16798, "delta": 1.378916}}
{"target": 0.7642857142857142, "params": {"activation_function": 0.3556501073978988, "amount_of_layers": 8.662390237396028, "batch_size": 78.09703748843583, "dropout_rate": 0.34086517260471955, "epochs": 193.81742968599585, "hidden_channels": 6.453795017963634, "learning_rate": 0.008484104570877633, "optimizer": 0.46981741237032093, "pooling_algorithm": 0.06961816166198098}, "datetime": {"datetime": "2023-11-28 13:43:15", "elapsed": 358.394891, "delta": 6.226911}}
{"target": 0.0, "params": {"activation_function": 1.4633970735473392, "amount_of_layers": 5.271590537663286, "batch_size": 32.180834920771055, "dropout_rate": 0.3250227049245014, "epochs": 142.8405085161695, "hidden_channels": 72.24234396358355, "learning_rate": 0.07748845404419955, "optimizer": 1.2484832832092352, "pooling_algorithm": 0.761778904652196}, "datetime": {"datetime": "2023-11-28 13:43:23", "elapsed": 365.845665, "delta": 7.450774}}
{"target": 0.7392857142857143, "params": {"activation_function": 1.3617234657638901, "amount_of_layers": 5.867529961927985, "batch_size": 123.88426011511648, "dropout_rate": 0.2619568624589701, "epochs": 94.53719610273063, "hidden_channels": 28.174903285541102, "learning_rate": 0.08456725627311695, "optimizer": 0.9319108031661789, "pooling_algorithm": 0.21945168422895767}, "datetime": {"datetime": "2023-11-28 13:43:26", "elapsed": 368.623479, "delta": 2.777814}}
{"target": 0.675, "params": {"activation_function": 1.5790628543637777, "amount_of_layers": 4.4670006665857604, "batch_size": 139.25898536850877, "dropout_rate": 0.345793713111265, "epochs": 87.33236108478359, "hidden_channels": 19.812594659482986, "learning_rate": 0.06058357448086142, "optimizer": 0.8669319797425197, "pooling_algorithm": 0.9132708588282809}, "datetime": {"datetime": "2023-11-28 13:43:28", "elapsed": 370.853121, "delta": 2.229642}}
{"target": 0.7946428571428572, "params": {"activation_function": 0.07702507605147435, "amount_of_layers": 1.4607703110703074, "batch_size": 85.28055725101692, "dropout_rate": 0.46948898923965, "epochs": 89.99531042353968, "hidden_channels": 46.215141896433366, "learning_rate": 0.07138508504211709, "optimizer": 1.422675266229808, "pooling_algorithm": 0.8234827870553189}, "datetime": {"datetime": "2023-11-28 13:43:29", "elapsed": 372.519118, "delta": 1.665997}}
{"target": 0.0, "params": {"activation_function": 0.9078347000002847, "amount_of_layers": 3.8883008344103906, "batch_size": 65.86143004250519, "dropout_rate": 0.6063116182399453, "epochs": 83.74064112006306, "hidden_channels": 120.34639162532184, "learning_rate": 0.02382569358169366, "optimizer": 1.7152191450785994, "pooling_algorithm": 0.8863704802901387}, "datetime": {"datetime": "2023-11-28 13:43:32", "elapsed": 375.152876, "delta": 2.633758}}
{"target": 0.0, "params": {"activation_function": 1.268943655900019, "amount_of_layers": 3.742688515277866, "batch_size": 36.03107598587394, "dropout_rate": 0.4846331332932747, "epochs": 36.63330060362257, "hidden_channels": 88.34001135921191, "learning_rate": 0.05517154621914795, "optimizer": 1.1906384098064184, "pooling_algorithm": 0.939395818794727}, "datetime": {"datetime": "2023-11-28 13:43:34", "elapsed": 377.031161, "delta": 1.878285}}
{"target": 0.09464285714285714, "params": {"activation_function": 1.6173626414184996, "amount_of_layers": 6.568318061330632, "batch_size": 140.2057245480438, "dropout_rate": 0.6493913452628666, "epochs": 63.17173778553404, "hidden_channels": 5.688431617135122, "learning_rate": 0.03225577054192683, "optimizer": 0.54349729207617, "pooling_algorithm": 0.7732764424077279}, "datetime": {"datetime": "2023-11-28 13:43:36", "elapsed": 378.969179, "delta": 1.938018}}
{"target": 0.9142857142857144, "params": {"activation_function": 1.776421841752929, "amount_of_layers": 2.942147029384067, "batch_size": 108.14358837237272, "dropout_rate": 0.6798773669497382, "epochs": 173.42987428236503, "hidden_channels": 101.67562600840722, "learning_rate": 0.05037488750698435, "optimizer": 0.35900878031718975, "pooling_algorithm": 0.639089627853716}, "datetime": {"datetime": "2023-11-28 13:43:40", "elapsed": 382.992908, "delta": 4.023729}}
{"target": 0.2607142857142857, "params": {"activation_function": 0.9420124655977213, "amount_of_layers": 2.3528416345233323, "batch_size": 93.66771372278932, "dropout_rate": 0.3314938364706101, "epochs": 84.07366747849132, "hidden_channels": 104.94556306998597, "learning_rate": 0.058234398403179094, "optimizer": 1.0916541707963923, "pooling_algorithm": 0.193574169340212}, "datetime": {"datetime": "2023-11-28 13:43:42", "elapsed": 384.698376, "delta": 1.705468}}
