{"target": 0.4196428571428571, "params": {"activation_function": 1.7531343914004425, "amount_of_layers": 1.5029077345666435, "batch_size": 32.07079802337276, "dropout_rate": 0.6437893488780876, "epochs": 195.7065673034983, "hidden_channels": 38.44176929621581, "learning_rate": 0.08755815993375597, "optimizer": 0.9176303739647349, "pooling_algorithm": 0.6387981330963606}, "datetime": {"datetime": "2023-11-28 14:48:31", "elapsed": 0.0, "delta": 0.0}}
{"target": 0.5, "params": {"activation_function": 1.5634672110434165, "amount_of_layers": 6.059258467394684, "batch_size": 33.0162949293839, "dropout_rate": 0.7487669393099545, "epochs": 129.1017205841287, "hidden_channels": 10.659034572882936, "learning_rate": 0.062459209481883715, "optimizer": 0.6721342583151013, "pooling_algorithm": 0.7628113720213007}, "datetime": {"datetime": "2023-11-28 14:48:38", "elapsed": 7.169783, "delta": 7.169783}}
{"target": 0.8178571428571428, "params": {"activation_function": 0.21970155484848264, "amount_of_layers": 5.136745272995218, "batch_size": 100.10721686793424, "dropout_rate": 0.671681717512907, "epochs": 31.585191361800675, "hidden_channels": 40.9657185862019, "learning_rate": 0.008258714247936803, "optimizer": 1.3346385307698274, "pooling_algorithm": 0.22556539603927794}, "datetime": {"datetime": "2023-11-28 14:48:39", "elapsed": 8.02786, "delta": 0.858077}}
{"target": 0.5, "params": {"activation_function": 1.037527140530633, "amount_of_layers": 5.7044463696335175, "batch_size": 76.54821825873074, "dropout_rate": 0.6153937090984367, "epochs": 193.69050151651427, "hidden_channels": 29.150567061106845, "learning_rate": 0.07268878506395221, "optimizer": 1.5712435746214317, "pooling_algorithm": 0.5451572981763999}, "datetime": {"datetime": "2023-11-28 14:48:44", "elapsed": 13.163144, "delta": 5.135284}}
{"target": 0.5, "params": {"activation_function": 1.6659618006965367, "amount_of_layers": 1.1933046011108042, "batch_size": 93.72527535225241, "dropout_rate": 0.5380328951256285, "epochs": 114.66211427881667, "hidden_channels": 113.48323698642767, "learning_rate": 0.07799239882082336, "optimizer": 0.6564808228026471, "pooling_algorithm": 0.7446110462920352}, "datetime": {"datetime": "2023-11-28 14:48:46", "elapsed": 15.307938, "delta": 2.144794}}
{"target": 0.8928571428571428, "params": {"activation_function": 1.7645875212857451, "amount_of_layers": 6.080209533066453, "batch_size": 103.00897734426374, "dropout_rate": 0.46211912777585923, "epochs": 25.37509322656141, "hidden_channels": 58.48413655091986, "learning_rate": 0.041639910578793835, "optimizer": 0.24309642716792323, "pooling_algorithm": 0.9263853769760606}, "datetime": {"datetime": "2023-11-28 14:48:47", "elapsed": 16.037395, "delta": 0.729457}}
{"target": 0.2642857142857143, "params": {"activation_function": 1.8131630208292784, "amount_of_layers": 6.407145113252802, "batch_size": 107.30653399466267, "dropout_rate": 0.6687458803061128, "epochs": 108.31525240971702, "hidden_channels": 60.75111889978618, "learning_rate": 0.04117007925973678, "optimizer": 1.357609600924502, "pooling_algorithm": 0.40955625911836124}, "datetime": {"datetime": "2023-11-28 14:48:50", "elapsed": 18.887206, "delta": 2.849811}}
{"target": 0.5, "params": {"activation_function": 1.8503560995466464, "amount_of_layers": 8.74574560170169, "batch_size": 69.03966919316944, "dropout_rate": 0.31202956182557984, "epochs": 91.93556450771781, "hidden_channels": 51.206450769743746, "learning_rate": 0.03279089458505474, "optimizer": 0.8930194861503868, "pooling_algorithm": 0.9702194883619001}, "datetime": {"datetime": "2023-11-28 14:48:54", "elapsed": 23.076558, "delta": 4.189352}}
{"target": 0.2553571428571429, "params": {"activation_function": 1.7001406845617653, "amount_of_layers": 3.6403195173391767, "batch_size": 39.28477017065555, "dropout_rate": 0.5361743088140007, "epochs": 27.280231527676506, "hidden_channels": 82.88835456647827, "learning_rate": 0.0636386175008485, "optimizer": 1.3942385778925062, "pooling_algorithm": 0.3965915913520497}, "datetime": {"datetime": "2023-11-28 14:48:55", "elapsed": 24.16489, "delta": 1.088332}}
{"target": 0.26249999999999996, "params": {"activation_function": 0.7701553362203379, "amount_of_layers": 2.203335571372736, "batch_size": 98.94758192174507, "dropout_rate": 0.6841401781904025, "epochs": 138.69137324118392, "hidden_channels": 40.96545457009361, "learning_rate": 0.0478827746890966, "optimizer": 1.7627208265484915, "pooling_algorithm": 0.3326483339285552}, "datetime": {"datetime": "2023-11-28 14:48:58", "elapsed": 26.659566, "delta": 2.494676}}
{"target": 0.7374999999999999, "params": {"activation_function": 0.513168669556411, "amount_of_layers": 8.865634302437627, "batch_size": 40.79140601660783, "dropout_rate": 0.7354175869632595, "epochs": 35.92308454961134, "hidden_channels": 127.62080855734212, "learning_rate": 0.0019415399397178898, "optimizer": 1.3109001586133309, "pooling_algorithm": 0.007687980377933501}, "datetime": {"datetime": "2023-11-28 14:49:00", "elapsed": 28.866792, "delta": 2.207226}}
{"target": 0.22857142857142856, "params": {"activation_function": 1.219856672506503, "amount_of_layers": 3.1751436911078637, "batch_size": 87.42984843116434, "dropout_rate": 0.6403815491420988, "epochs": 159.36777869494256, "hidden_channels": 94.6301826105979, "learning_rate": 0.049616550165111496, "optimizer": 0.04779063972750386, "pooling_algorithm": 0.16049458721282794}, "datetime": {"datetime": "2023-11-28 14:49:03", "elapsed": 31.972014, "delta": 3.105222}}
{"target": 0.26428571428571423, "params": {"activation_function": 1.8960354816270262, "amount_of_layers": 3.25971662413275, "batch_size": 97.1871247248508, "dropout_rate": 0.6387998483431621, "epochs": 21.65533794534531, "hidden_channels": 74.9729796017454, "learning_rate": 0.07916649375412389, "optimizer": 0.7317811469223892, "pooling_algorithm": 0.22886427824451383}, "datetime": {"datetime": "2023-11-28 14:49:03", "elapsed": 32.456013, "delta": 0.483999}}
{"target": 0.6107142857142858, "params": {"activation_function": 1.1581437554214848, "amount_of_layers": 1.161287411327283, "batch_size": 113.85409009645754, "dropout_rate": 0.6849822744217575, "epochs": 13.200275433371857, "hidden_channels": 90.4203499491762, "learning_rate": 0.008004166664674954, "optimizer": 1.6041313631196303, "pooling_algorithm": 0.4680297730239028}, "datetime": {"datetime": "2023-11-28 14:49:04", "elapsed": 32.69469, "delta": 0.238677}}
{"target": 0.7607142857142858, "params": {"activation_function": 1.5227600193676953, "amount_of_layers": 2.164417393458666, "batch_size": 115.99940332356975, "dropout_rate": 0.4387053081592806, "epochs": 45.915442476123495, "hidden_channels": 24.075186093665565, "learning_rate": 0.018638127690975965, "optimizer": 0.19821557770139409, "pooling_algorithm": 0.01755766024475347}, "datetime": {"datetime": "2023-11-28 14:49:05", "elapsed": 33.512962, "delta": 0.818272}}
{"target": 0.3464285714285714, "params": {"activation_function": 1.6401656216405798, "amount_of_layers": 2.088276480608437, "batch_size": 138.71013087526464, "dropout_rate": 0.6631132571601257, "epochs": 135.24119251813113, "hidden_channels": 43.171207283747975, "learning_rate": 0.0483570584699553, "optimizer": 1.9280295172779671, "pooling_algorithm": 0.1326496616840035}, "datetime": {"datetime": "2023-11-28 14:49:07", "elapsed": 35.861966, "delta": 2.349004}}
{"target": 0.9107142857142857, "params": {"activation_function": 0.14209853970114095, "amount_of_layers": 4.231763152040148, "batch_size": 52.537769129620216, "dropout_rate": 0.25407412323867024, "epochs": 159.02193056291054, "hidden_channels": 125.51527634759307, "learning_rate": 0.05994149009929071, "optimizer": 0.17484996523720575, "pooling_algorithm": 0.9838135006166759}, "datetime": {"datetime": "2023-11-28 14:49:11", "elapsed": 40.390965, "delta": 4.528999}}
{"target": 0.5, "params": {"activation_function": 1.6291257696104684, "amount_of_layers": 5.695615209448416, "batch_size": 95.61684513840736, "dropout_rate": 0.40163610477368517, "epochs": 93.7551903020224, "hidden_channels": 25.944589846713406, "learning_rate": 0.08644195318558574, "optimizer": 1.4511193707954764, "pooling_algorithm": 0.9292663703557364}, "datetime": {"datetime": "2023-11-28 14:49:14", "elapsed": 42.874212, "delta": 2.483247}}
{"target": 0.7410714285714286, "params": {"activation_function": 1.9245355546350205, "amount_of_layers": 8.342447677277505, "batch_size": 69.47136816483113, "dropout_rate": 0.5356298631566393, "epochs": 45.06947534219739, "hidden_channels": 90.77460522081861, "learning_rate": 0.019214347898279086, "optimizer": 1.195723692099698, "pooling_algorithm": 0.05672194686314147}, "datetime": {"datetime": "2023-11-28 14:49:16", "elapsed": 44.848436, "delta": 1.974224}}
{"target": 0.0, "params": {"activation_function": 0.24969707157456722, "amount_of_layers": 5.6784245695491435, "batch_size": 70.64486117619279, "dropout_rate": 0.4659624379826923, "epochs": 150.47980309365857, "hidden_channels": 88.65975466869389, "learning_rate": 0.0948178794015983, "optimizer": 0.5434729833004186, "pooling_algorithm": 0.8693713406534417}, "datetime": {"datetime": "2023-11-28 14:49:21", "elapsed": 50.150189, "delta": 5.301753}}
{"target": 0.7375, "params": {"activation_function": 1.4162782557157425, "amount_of_layers": 2.5511924953675296, "batch_size": 110.63561786456957, "dropout_rate": 0.37940514325240177, "epochs": 129.75060283553523, "hidden_channels": 24.55800114456178, "learning_rate": 0.04252529356093482, "optimizer": 0.7449437844376883, "pooling_algorithm": 0.16198860910228519}, "datetime": {"datetime": "2023-11-28 14:49:24", "elapsed": 52.809842, "delta": 2.659653}}
{"target": 0.19285714285714284, "params": {"activation_function": 0.18373878371895214, "amount_of_layers": 2.592515026908689, "batch_size": 116.00077409708436, "dropout_rate": 0.3880932459424249, "epochs": 13.776297650939101, "hidden_channels": 90.38890740284153, "learning_rate": 0.016840675950841606, "optimizer": 1.7244923675389157, "pooling_algorithm": 0.18025019663068143}, "datetime": {"datetime": "2023-11-28 14:49:24", "elapsed": 53.18358, "delta": 0.373738}}
{"target": 0.5, "params": {"activation_function": 1.2141978552190904, "amount_of_layers": 7.537800182152903, "batch_size": 90.02356243412493, "dropout_rate": 0.28187363401001747, "epochs": 86.65323207207005, "hidden_channels": 84.00426408830653, "learning_rate": 0.04166096094875554, "optimizer": 1.919528414959653, "pooling_algorithm": 0.2453728049097016}, "datetime": {"datetime": "2023-11-28 14:49:27", "elapsed": 55.947625, "delta": 2.764045}}
{"target": 0.21607142857142858, "params": {"activation_function": 0.16678203296323124, "amount_of_layers": 5.062203902057939, "batch_size": 49.03180723202914, "dropout_rate": 0.629839168905876, "epochs": 13.786050267721578, "hidden_channels": 30.932126870825872, "learning_rate": 0.060184439707659736, "optimizer": 0.8590432189450232, "pooling_algorithm": 0.2833424252582807}, "datetime": {"datetime": "2023-11-28 14:49:28", "elapsed": 56.663992, "delta": 0.716367}}
{"target": 0.27321428571428574, "params": {"activation_function": 1.3430718283744836, "amount_of_layers": 1.5150799517607245, "batch_size": 138.46001654934497, "dropout_rate": 0.5561562254214552, "epochs": 104.28695434444873, "hidden_channels": 120.37491537022427, "learning_rate": 0.01767356828418056, "optimizer": 0.943506367921157, "pooling_algorithm": 0.2522100228233468}, "datetime": {"datetime": "2023-11-28 14:49:30", "elapsed": 58.610795, "delta": 1.946803}}
{"target": 0.7428571428571429, "params": {"activation_function": 0.6669738096723743, "amount_of_layers": 3.1800244396523736, "batch_size": 51.759409010832236, "dropout_rate": 0.6837480206275371, "epochs": 151.15338125603478, "hidden_channels": 125.21975213250242, "learning_rate": 0.012175142062247117, "optimizer": 1.7356989874483528, "pooling_algorithm": 0.05418814411644113}, "datetime": {"datetime": "2023-11-28 14:49:34", "elapsed": 62.754983, "delta": 4.144188}}
{"target": 0.625, "params": {"activation_function": 0.4728270186513508, "amount_of_layers": 6.666049251185636, "batch_size": 83.85054661003137, "dropout_rate": 0.6579804209822808, "epochs": 171.8775665147915, "hidden_channels": 69.58766630508897, "learning_rate": 0.05010075066688855, "optimizer": 0.473508985890849, "pooling_algorithm": 0.015213494796251892}, "datetime": {"datetime": "2023-11-28 14:49:38", "elapsed": 67.498532, "delta": 4.743549}}
{"target": 0.5, "params": {"activation_function": 1.7337403833195646, "amount_of_layers": 1.4451944880906984, "batch_size": 145.93215640667967, "dropout_rate": 0.2649196052354488, "epochs": 172.73211607666448, "hidden_channels": 116.16050912177192, "learning_rate": 0.05977805417002289, "optimizer": 0.956609003801888, "pooling_algorithm": 0.9342295455483809}, "datetime": {"datetime": "2023-11-28 14:49:41", "elapsed": 70.071856, "delta": 2.573324}}
{"target": 0.8999999999999999, "params": {"activation_function": 0.6031845575856243, "amount_of_layers": 4.227836484111001, "batch_size": 92.32238599645994, "dropout_rate": 0.7089261688129773, "epochs": 121.90608107864294, "hidden_channels": 23.580315897217137, "learning_rate": 0.06581255173096644, "optimizer": 0.4379297970844973, "pooling_algorithm": 0.801804155680956}, "datetime": {"datetime": "2023-11-28 14:49:44", "elapsed": 72.717843, "delta": 2.645987}}
{"target": 0.7428571428571429, "params": {"activation_function": 0.09556965230841064, "amount_of_layers": 8.777935214120907, "batch_size": 110.84081427218175, "dropout_rate": 0.3634908405736931, "epochs": 148.22462136327223, "hidden_channels": 121.2871712570754, "learning_rate": 0.018126103594633344, "optimizer": 0.8537126844506382, "pooling_algorithm": 0.19901561545435786}, "datetime": {"datetime": "2023-11-28 14:49:48", "elapsed": 77.452948, "delta": 4.735105}}
{"target": 0.5, "params": {"activation_function": 0.19468613731592432, "amount_of_layers": 8.986465628544249, "batch_size": 147.08228689059843, "dropout_rate": 0.5865798272919573, "epochs": 51.43001711159954, "hidden_channels": 18.737021434409538, "learning_rate": 0.06644806016826868, "optimizer": 0.8732368770232546, "pooling_algorithm": 0.2801456235343248}, "datetime": {"datetime": "2023-11-28 14:49:50", "elapsed": 79.128275, "delta": 1.675327}}
{"target": 0.5, "params": {"activation_function": 0.11403260084000677, "amount_of_layers": 1.353190992214654, "batch_size": 78.21406558214593, "dropout_rate": 0.6683811831099371, "epochs": 160.578314580547, "hidden_channels": 17.244776722941065, "learning_rate": 0.09558023485296478, "optimizer": 0.7069386801020237, "pooling_algorithm": 0.8664412732364004}, "datetime": {"datetime": "2023-11-28 14:49:53", "elapsed": 81.679501, "delta": 2.551226}}
{"target": 0.24285714285714283, "params": {"activation_function": 0.5380069437814252, "amount_of_layers": 4.51795578294391, "batch_size": 126.28410762637007, "dropout_rate": 0.4879073488958367, "epochs": 19.059277604787816, "hidden_channels": 23.04317807822299, "learning_rate": 0.07353304288304162, "optimizer": 0.39387723647270234, "pooling_algorithm": 0.07107271271370785}, "datetime": {"datetime": "2023-11-28 14:49:53", "elapsed": 82.229886, "delta": 0.550385}}
{"target": 0.26071428571428573, "params": {"activation_function": 1.165460315720225, "amount_of_layers": 5.956752608263143, "batch_size": 135.81654711792032, "dropout_rate": 0.3608798618404254, "epochs": 100.7726198989719, "hidden_channels": 108.13301984497542, "learning_rate": 0.09421466628002574, "optimizer": 0.06321845526533743, "pooling_algorithm": 0.3597120011788868}, "datetime": {"datetime": "2023-11-28 14:49:56", "elapsed": 84.828096, "delta": 2.59821}}
{"target": 0.9, "params": {"activation_function": 1.3725908784652319, "amount_of_layers": 4.4731314888741736, "batch_size": 123.95528300264014, "dropout_rate": 0.46777507850201827, "epochs": 152.97454370283245, "hidden_channels": 89.25901666428237, "learning_rate": 0.014451762360011906, "optimizer": 0.33829839063306144, "pooling_algorithm": 0.7002289338310117}, "datetime": {"datetime": "2023-11-28 14:49:59", "elapsed": 88.091044, "delta": 3.262948}}
{"target": 0.7339285714285714, "params": {"activation_function": 0.8497882065172491, "amount_of_layers": 8.09099156869113, "batch_size": 103.99110720451563, "dropout_rate": 0.428402596718593, "epochs": 117.58223039575495, "hidden_channels": 13.692505541632384, "learning_rate": 0.05146736237006501, "optimizer": 1.0706113384365492, "pooling_algorithm": 0.32320745366229375}, "datetime": {"datetime": "2023-11-28 14:50:03", "elapsed": 91.705981, "delta": 3.614937}}
{"target": 0.8964285714285715, "params": {"activation_function": 0.5615025383501562, "amount_of_layers": 7.704022437704209, "batch_size": 41.58180551724479, "dropout_rate": 0.3847197862155163, "epochs": 188.27456146974075, "hidden_channels": 17.913991058951197, "learning_rate": 0.022918787245082003, "optimizer": 0.47030344741395225, "pooling_algorithm": 0.7511661686770083}, "datetime": {"datetime": "2023-11-28 14:50:12", "elapsed": 101.055421, "delta": 9.34944}}
{"target": 0.5785714285714286, "params": {"activation_function": 0.8411361875278833, "amount_of_layers": 8.88693927935098, "batch_size": 26.471968980820655, "dropout_rate": 0.34374194876701303, "epochs": 55.30784472787251, "hidden_channels": 22.206293445239197, "learning_rate": 0.09205337780308091, "optimizer": 0.7671780509043544, "pooling_algorithm": 0.8650655925009298}, "datetime": {"datetime": "2023-11-28 14:50:17", "elapsed": 105.597029, "delta": 4.541608}}
{"target": 0.5, "params": {"activation_function": 0.7188602169270155, "amount_of_layers": 4.835910761446464, "batch_size": 67.60330037469346, "dropout_rate": 0.3594395652602491, "epochs": 149.20001857394954, "hidden_channels": 36.7284702701076, "learning_rate": 0.08214403686870109, "optimizer": 0.8626556128075251, "pooling_algorithm": 0.9845663972899911}, "datetime": {"datetime": "2023-11-28 14:50:21", "elapsed": 110.413417, "delta": 4.816388}}
{"target": 0.7321428571428571, "params": {"activation_function": 1.2797497915670164, "amount_of_layers": 8.100386587127804, "batch_size": 92.0832044947253, "dropout_rate": 0.7067810349803906, "epochs": 184.7714872647251, "hidden_channels": 69.00785522324007, "learning_rate": 0.05974240126955171, "optimizer": 0.7348236919908431, "pooling_algorithm": 0.3044847401234779}, "datetime": {"datetime": "2023-11-28 14:50:27", "elapsed": 116.094909, "delta": 5.681492}}
{"target": 0.8392857142857143, "params": {"activation_function": 0.012995913839542128, "amount_of_layers": 2.826837680906526, "batch_size": 100.67031235851667, "dropout_rate": 0.5504033420334422, "epochs": 36.8786534138659, "hidden_channels": 80.45139861046691, "learning_rate": 0.01475706754939796, "optimizer": 0.5634944869857694, "pooling_algorithm": 0.4635793541286203}, "datetime": {"datetime": "2023-11-28 14:50:28", "elapsed": 116.949728, "delta": 0.854819}}
{"target": 0.9035714285714287, "params": {"activation_function": 1.4372017985649883, "amount_of_layers": 6.365431200028861, "batch_size": 57.128540294251216, "dropout_rate": 0.5726253255218432, "epochs": 98.32471321916465, "hidden_channels": 36.17529899773174, "learning_rate": 0.0694427961953338, "optimizer": 0.4230217084214978, "pooling_algorithm": 0.74321411164023}, "datetime": {"datetime": "2023-11-28 14:50:31", "elapsed": 120.382096, "delta": 3.432368}}
{"target": 0.7375, "params": {"activation_function": 1.7107211846842378, "amount_of_layers": 8.684618199356787, "batch_size": 26.408207202638195, "dropout_rate": 0.45324956453575393, "epochs": 124.28154822384191, "hidden_channels": 88.16223240226437, "learning_rate": 0.08630412135846496, "optimizer": 0.556049682017173, "pooling_algorithm": 0.1700433320953194}, "datetime": {"datetime": "2023-11-28 14:50:42", "elapsed": 130.620762, "delta": 10.238666}}
{"target": 0.2607142857142857, "params": {"activation_function": 1.1567099077000103, "amount_of_layers": 8.897990676991508, "batch_size": 57.17643803855615, "dropout_rate": 0.7308772963366568, "epochs": 164.79670504411664, "hidden_channels": 43.29401064806486, "learning_rate": 0.032968141194700026, "optimizer": 0.5099826935918739, "pooling_algorithm": 0.1955400784278084}, "datetime": {"datetime": "2023-11-28 14:50:49", "elapsed": 137.872717, "delta": 7.251955}}
{"target": 0.5, "params": {"activation_function": 1.9844350042590524, "amount_of_layers": 3.7210085304127354, "batch_size": 58.64677244040131, "dropout_rate": 0.5839875457080779, "epochs": 41.49426184086678, "hidden_channels": 97.15410792139778, "learning_rate": 0.08050771264569853, "optimizer": 1.516849289857775, "pooling_algorithm": 0.29884671607532953}, "datetime": {"datetime": "2023-11-28 14:50:50", "elapsed": 139.285403, "delta": 1.412686}}
{"target": 0.5, "params": {"activation_function": 0.777504396133327, "amount_of_layers": 2.722826517650393, "batch_size": 24.59378340416866, "dropout_rate": 0.4220263639028018, "epochs": 91.40428606562756, "hidden_channels": 93.64742403426605, "learning_rate": 0.014373523177543559, "optimizer": 0.9737136227756127, "pooling_algorithm": 0.516419875890264}, "datetime": {"datetime": "2023-11-28 14:50:54", "elapsed": 143.444808, "delta": 4.159405}}
{"target": 0.8142857142857143, "params": {"activation_function": 0.04851354793087537, "amount_of_layers": 6.787721224880587, "batch_size": 125.44406246763081, "dropout_rate": 0.3461782210669844, "epochs": 180.00574748892168, "hidden_channels": 101.20772191245543, "learning_rate": 0.058606224087086024, "optimizer": 0.44588357569055304, "pooling_algorithm": 0.4162441476730139}, "datetime": {"datetime": "2023-11-28 14:50:59", "elapsed": 148.327745, "delta": 4.882937}}
