{"target": 0.5, "params": {"activation_function": 0.3228604169063114, "amount_of_layers": 3.7662122607192536, "batch_size": 68.07517701942226, "dropout_rate": 0.46957414240158585, "epochs": 192.68305851005283, "hidden_channels": 27.92274708465857, "learning_rate": 0.0674622234021682, "optimizer": 1.7291487775508232, "pooling_algorithm": 0.11399527524482123}, "datetime": {"datetime": "2023-11-28 12:57:35", "elapsed": 392.987899, "delta": 6.424958}}
{"target": 0.7392857142857143, "params": {"activation_function": 1.6969508254568384, "amount_of_layers": 8.846520628376158, "batch_size": 44.584702668429244, "dropout_rate": 0.2677763813688373, "epochs": 89.60192475642293, "hidden_channels": 41.892707432276794, "learning_rate": 0.01203089314117059, "optimizer": 0.9951933249214007, "pooling_algorithm": 0.2678859614556043}, "datetime": {"datetime": "2023-11-28 12:57:41", "elapsed": 398.978948, "delta": 5.991049}}
{"target": 0.7375, "params": {"activation_function": 1.544197994969505, "amount_of_layers": 6.277924137486607, "batch_size": 94.202815339302, "dropout_rate": 0.49770556973110963, "epochs": 84.50093899678815, "hidden_channels": 21.94493370072723, "learning_rate": 0.06120906914315593, "optimizer": 1.6933762053723342, "pooling_algorithm": 0.22556208120492693}, "datetime": {"datetime": "2023-11-28 12:57:44", "elapsed": 401.606562, "delta": 2.627614}}
{"target": 0.8107142857142856, "params": {"activation_function": 0.9899144986562918, "amount_of_layers": 3.7112972617159485, "batch_size": 43.46573089718624, "dropout_rate": 0.616649784762028, "epochs": 152.54977347497072, "hidden_channels": 49.569977856477955, "learning_rate": 0.0025931952305416643, "optimizer": 0.5969112590278727, "pooling_algorithm": 0.3639518444061013}, "datetime": {"datetime": "2023-11-28 12:57:50", "elapsed": 407.718389, "delta": 6.111827}}
{"target": 0.25535714285714284, "params": {"activation_function": 1.0910461971514034, "amount_of_layers": 8.574612026720917, "batch_size": 112.53396546295897, "dropout_rate": 0.5566304337773321, "epochs": 189.98886242493703, "hidden_channels": 109.31596987694739, "learning_rate": 0.04226350912146342, "optimizer": 0.08559887658299603, "pooling_algorithm": 0.027026070469062247}, "datetime": {"datetime": "2023-11-28 12:57:56", "elapsed": 413.744263, "delta": 6.025874}}
{"target": 0.9142857142857143, "params": {"activation_function": 0.251610002526401, "amount_of_layers": 2.000389826793614, "batch_size": 147.59865593715458, "dropout_rate": 0.6065655593051789, "epochs": 102.15457818530656, "hidden_channels": 34.61841407719439, "learning_rate": 0.03380648999652021, "optimizer": 0.26288947252454653, "pooling_algorithm": 0.9247270357928209}, "datetime": {"datetime": "2023-11-28 12:57:58", "elapsed": 415.551805, "delta": 1.807542}}
{"target": 0.12857142857142856, "params": {"activation_function": 1.5080011659124344, "amount_of_layers": 3.5308941601890522, "batch_size": 36.76592119819487, "dropout_rate": 0.3013472896240512, "epochs": 45.68538735246534, "hidden_channels": 71.29524500057857, "learning_rate": 0.00866823937812172, "optimizer": 1.7939608617058262, "pooling_algorithm": 0.9544242007415942}, "datetime": {"datetime": "2023-11-28 12:58:00", "elapsed": 417.766618, "delta": 2.214813}}
{"target": 0.46071428571428574, "params": {"activation_function": 1.59204395664285, "amount_of_layers": 3.5320211468434604, "batch_size": 31.633433396391393, "dropout_rate": 0.3603048530054924, "epochs": 15.040675508174719, "hidden_channels": 35.56456201108969, "learning_rate": 0.0863445613059573, "optimizer": 0.7797503602483156, "pooling_algorithm": 0.6161408607431392}, "datetime": {"datetime": "2023-11-28 12:58:01", "elapsed": 418.653444, "delta": 0.886826}}
{"target": 0.0, "params": {"activation_function": 0.8587759305240688, "amount_of_layers": 5.188428340435798, "batch_size": 47.71560934390668, "dropout_rate": 0.5502871904886337, "epochs": 146.66646543332683, "hidden_channels": 73.3377805796185, "learning_rate": 0.04598567569284924, "optimizer": 0.7666044163169665, "pooling_algorithm": 0.8242426418498824}, "datetime": {"datetime": "2023-11-28 12:58:07", "elapsed": 424.821742, "delta": 6.168298}}
{"target": 0.23035714285714282, "params": {"activation_function": 1.572093744860188, "amount_of_layers": 4.588714612873139, "batch_size": 147.89514855519403, "dropout_rate": 0.2700631302441131, "epochs": 80.85500665574418, "hidden_channels": 10.413354154755703, "learning_rate": 0.018147186071363463, "optimizer": 1.9752232373080376, "pooling_algorithm": 0.11579081830993221}, "datetime": {"datetime": "2023-11-28 12:58:09", "elapsed": 426.813561, "delta": 1.991819}}
{"target": 0.8035714285714286, "params": {"activation_function": 0.14629994946224611, "amount_of_layers": 4.807797811730027, "batch_size": 20.019029008305015, "dropout_rate": 0.4252457295399137, "epochs": 95.102169623677, "hidden_channels": 78.9814794776301, "learning_rate": 0.012066805045000406, "optimizer": 0.35822604413623615, "pooling_algorithm": 0.19804507748935007}, "datetime": {"datetime": "2023-11-28 12:58:16", "elapsed": 433.923781, "delta": 7.11022}}
{"target": 0.5, "params": {"activation_function": 1.099453698145432, "amount_of_layers": 5.5147230509986604, "batch_size": 30.467871034166784, "dropout_rate": 0.6586002417112529, "epochs": 182.67079271440568, "hidden_channels": 17.833594093983695, "learning_rate": 0.08715058854872053, "optimizer": 1.675439683105292, "pooling_algorithm": 0.9023779656408222}, "datetime": {"datetime": "2023-11-28 12:58:26", "elapsed": 443.747051, "delta": 9.82327}}
{"target": 0.26071428571428573, "params": {"activation_function": 0.8882912076468812, "amount_of_layers": 8.362408794274392, "batch_size": 45.70049498774821, "dropout_rate": 0.371858690595262, "epochs": 146.67021317414034, "hidden_channels": 20.606597147367967, "learning_rate": 0.038083880042953315, "optimizer": 1.3250256726491079, "pooling_algorithm": 0.3456179935920778}, "datetime": {"datetime": "2023-11-28 12:58:34", "elapsed": 451.735493, "delta": 7.988442}}
{"target": 0.6982142857142857, "params": {"activation_function": 0.8796863663129535, "amount_of_layers": 5.8585034897226, "batch_size": 91.39774451653471, "dropout_rate": 0.7401916680976086, "epochs": 177.58197790835857, "hidden_channels": 115.31326096205015, "learning_rate": 0.06718683585851817, "optimizer": 0.7921921405499, "pooling_algorithm": 0.013713897788227847}, "datetime": {"datetime": "2023-11-28 12:58:39", "elapsed": 456.624831, "delta": 4.889338}}
{"target": 0.5, "params": {"activation_function": 1.2691397753824318, "amount_of_layers": 2.600528125826891, "batch_size": 35.375841687842296, "dropout_rate": 0.43797240049849995, "epochs": 14.912593728499019, "hidden_channels": 25.590097735393, "learning_rate": 0.03385908826096665, "optimizer": 1.4306289322185988, "pooling_algorithm": 0.7024042789614382}, "datetime": {"datetime": "2023-11-28 12:58:40", "elapsed": 457.401314, "delta": 0.776483}}
{"target": 0.35, "params": {"activation_function": 1.6583841360327516, "amount_of_layers": 7.795151023357125, "batch_size": 18.363718488676987, "dropout_rate": 0.43261834959768874, "epochs": 124.35199966944732, "hidden_channels": 110.83687575210924, "learning_rate": 0.03408243090132863, "optimizer": 1.3226821023428297, "pooling_algorithm": 0.7531227072361009}, "datetime": {"datetime": "2023-11-28 12:58:53", "elapsed": 471.18211, "delta": 13.780796}}
{"target": 0.8035714285714286, "params": {"activation_function": 0.7497046726323862, "amount_of_layers": 2.016322799276197, "batch_size": 145.39309239045912, "dropout_rate": 0.397330631236309, "epochs": 93.53906180848116, "hidden_channels": 46.78946635554166, "learning_rate": 0.029951323716440055, "optimizer": 1.4179941991801115, "pooling_algorithm": 0.01810065086192969}, "datetime": {"datetime": "2023-11-28 12:58:55", "elapsed": 473.112874, "delta": 1.930764}}
{"target": 0.26249999999999996, "params": {"activation_function": 1.2255556587813856, "amount_of_layers": 5.212641554104894, "batch_size": 133.94362472465127, "dropout_rate": 0.49306562523349146, "epochs": 111.37951484635742, "hidden_channels": 125.88119686013786, "learning_rate": 0.03477764821239254, "optimizer": 0.8450568308778295, "pooling_algorithm": 0.19820113279657237}, "datetime": {"datetime": "2023-11-28 12:58:58", "elapsed": 475.961021, "delta": 2.848147}}
{"target": 0.5, "params": {"activation_function": 0.8842020951257172, "amount_of_layers": 2.753896772202241, "batch_size": 27.382377030326825, "dropout_rate": 0.4121755414025277, "epochs": 150.71943663922133, "hidden_channels": 78.49805249293968, "learning_rate": 0.05379413795206891, "optimizer": 0.8274909647050572, "pooling_algorithm": 0.6332195843312171}, "datetime": {"datetime": "2023-11-28 12:59:05", "elapsed": 483.054766, "delta": 7.093745}}
{"target": 0.8285714285714286, "params": {"activation_function": 1.391960152591979, "amount_of_layers": 3.292485453946, "batch_size": 87.70767474855911, "dropout_rate": 0.2521162898702067, "epochs": 84.70187946527064, "hidden_channels": 5.4037831937810505, "learning_rate": 0.06617454172451485, "optimizer": 1.3589053949586236, "pooling_algorithm": 0.020205025541014998}, "datetime": {"datetime": "2023-11-28 12:59:07", "elapsed": 484.955556, "delta": 1.90079}}
{"target": 0.5, "params": {"activation_function": 1.4842264604863216, "amount_of_layers": 4.115093033577087, "batch_size": 39.97263772301646, "dropout_rate": 0.2676188182503406, "epochs": 80.64016611368608, "hidden_channels": 44.95465413512867, "learning_rate": 0.0937651126302866, "optimizer": 1.6098644624161358, "pooling_algorithm": 0.13799977474387892}, "datetime": {"datetime": "2023-11-28 12:59:10", "elapsed": 488.130105, "delta": 3.174549}}
{"target": 0.9017857142857143, "params": {"activation_function": 0.6966433831715444, "amount_of_layers": 8.88645822640374, "batch_size": 139.24191672746412, "dropout_rate": 0.3026907621828635, "epochs": 18.643573521233463, "hidden_channels": 119.22082427499686, "learning_rate": 0.03698958159341204, "optimizer": 0.11437207362894486, "pooling_algorithm": 0.9954525819778797}, "datetime": {"datetime": "2023-11-28 12:59:11", "elapsed": 488.922339, "delta": 0.792234}}
{"target": 0.5, "params": {"activation_function": 0.5551086834850436, "amount_of_layers": 3.8991936600789625, "batch_size": 118.5399839656273, "dropout_rate": 0.6833818578257024, "epochs": 146.33928392140146, "hidden_channels": 27.48809570133744, "learning_rate": 0.04094099534311746, "optimizer": 1.3827892183200379, "pooling_algorithm": 0.9233150688073024}, "datetime": {"datetime": "2023-11-28 12:59:15", "elapsed": 492.227742, "delta": 3.305403}}
{"target": 0.7928571428571429, "params": {"activation_function": 0.019181010752045147, "amount_of_layers": 6.110689198320865, "batch_size": 122.17076418606618, "dropout_rate": 0.5926671150966648, "epochs": 54.445878540646284, "hidden_channels": 56.984606766709746, "learning_rate": 0.08870227850033252, "optimizer": 0.1653581388678267, "pooling_algorithm": 0.135952128981626}, "datetime": {"datetime": "2023-11-28 12:59:16", "elapsed": 493.794783, "delta": 1.567041}}
{"target": 0.26428571428571423, "params": {"activation_function": 0.8596565980521749, "amount_of_layers": 8.669164779489343, "batch_size": 99.38256260883261, "dropout_rate": 0.7109850634424631, "epochs": 100.30667584943055, "hidden_channels": 31.445572928145456, "learning_rate": 0.014707593276160977, "optimizer": 0.1004995953010186, "pooling_algorithm": 0.26639844128199575}, "datetime": {"datetime": "2023-11-28 12:59:19", "elapsed": 497.104589, "delta": 3.309806}}
