{"target": 0.2785714285714286, "params": {"activation_function": 1.2196031757268353, "amount_of_layers": 8.671280098557038, "batch_size": 57.22978656129629, "dropout_rate": 0.28020631441946353, "epochs": 92.46856797070872, "hidden_channels": 66.11820919916698, "learning_rate": 0.0975961763931211, "optimizer": 1.4874241359669285, "pooling_algorithm": 0.40297348503104846}, "datetime": {"datetime": "2023-11-28 12:51:02", "elapsed": 0.0, "delta": 0.0}}
{"target": 0.7446428571428572, "params": {"activation_function": 1.2009641136965747, "amount_of_layers": 7.466841107665609, "batch_size": 47.723757390173176, "dropout_rate": 0.5148724539518734, "epochs": 43.47674424067827, "hidden_channels": 54.14795378264217, "learning_rate": 0.029760923502101487, "optimizer": 0.4249685264436103, "pooling_algorithm": 0.09272316743690812}, "datetime": {"datetime": "2023-11-28 12:51:05", "elapsed": 2.333882, "delta": 2.333882}}
{"target": 0.557142857142857, "params": {"activation_function": 0.6344976474436832, "amount_of_layers": 1.5900118655736213, "batch_size": 30.774113546762095, "dropout_rate": 0.3032785185497028, "epochs": 91.86969242954113, "hidden_channels": 33.1671460749864, "learning_rate": 0.07525952813056412, "optimizer": 1.712748967370121, "pooling_algorithm": 0.7932242610852992}, "datetime": {"datetime": "2023-11-28 12:51:08", "elapsed": 5.752066, "delta": 3.418184}}
{"target": 0.575, "params": {"activation_function": 1.5746321782616886, "amount_of_layers": 6.793930119477586, "batch_size": 113.15147144302898, "dropout_rate": 0.6597518512300863, "epochs": 36.13800750683103, "hidden_channels": 11.333453908329396, "learning_rate": 0.0492779268397817, "optimizer": 0.6032354207775479, "pooling_algorithm": 0.6093641284202201}, "datetime": {"datetime": "2023-11-28 12:51:09", "elapsed": 6.877605, "delta": 1.125539}}
{"target": 0.0, "params": {"activation_function": 0.7797989996803203, "amount_of_layers": 5.547737511420003, "batch_size": 24.103532230353373, "dropout_rate": 0.6490458036008471, "epochs": 150.79498490927614, "hidden_channels": 24.459327539001514, "learning_rate": 0.0607016544547794, "optimizer": 0.011073014300680084, "pooling_algorithm": 0.6618451898613064}, "datetime": {"datetime": "2023-11-28 12:51:20", "elapsed": 17.875982, "delta": 10.998377}}
{"target": 0.5, "params": {"activation_function": 0.4778239780417628, "amount_of_layers": 1.9511359501639447, "batch_size": 141.50192054347036, "dropout_rate": 0.4029722015355352, "epochs": 76.30090048985623, "hidden_channels": 36.45757794740706, "learning_rate": 0.0968532549173363, "optimizer": 0.5503301941368373, "pooling_algorithm": 0.14192424442298435}, "datetime": {"datetime": "2023-11-28 12:51:22", "elapsed": 19.263203, "delta": 1.387221}}
{"target": 0.26071428571428573, "params": {"activation_function": 1.292452599210395, "amount_of_layers": 5.530630252598651, "batch_size": 109.45167864345808, "dropout_rate": 0.6821984820772211, "epochs": 121.26764935167161, "hidden_channels": 26.980525588241818, "learning_rate": 0.017403922542648366, "optimizer": 0.2080345852732839, "pooling_algorithm": 0.42774718926396404}, "datetime": {"datetime": "2023-11-28 12:51:25", "elapsed": 22.557815, "delta": 3.294612}}
{"target": 0.5142857142857142, "params": {"activation_function": 1.8968932074003675, "amount_of_layers": 3.7735365917799912, "batch_size": 21.661793858769023, "dropout_rate": 0.3753582355690455, "epochs": 163.88810285333173, "hidden_channels": 75.15399236322662, "learning_rate": 0.09586348246642318, "optimizer": 0.5625937190139427, "pooling_algorithm": 0.5422147743550799}, "datetime": {"datetime": "2023-11-28 12:51:35", "elapsed": 32.80636, "delta": 10.248545}}
{"target": 0.8999999999999999, "params": {"activation_function": 0.8815628626798717, "amount_of_layers": 3.971038634827673, "batch_size": 21.89323748357026, "dropout_rate": 0.3614169511627126, "epochs": 37.05735346711056, "hidden_channels": 83.27954558761148, "learning_rate": 0.07188510049440547, "optimizer": 0.38203672704449354, "pooling_algorithm": 0.8438475584608387}, "datetime": {"datetime": "2023-11-28 12:51:37", "elapsed": 35.155251, "delta": 2.348891}}
{"target": 0.7857142857142857, "params": {"activation_function": 1.4557173999947912, "amount_of_layers": 3.461008500210802, "batch_size": 42.494823779579804, "dropout_rate": 0.7042306109664633, "epochs": 157.38665162515824, "hidden_channels": 41.09437504163999, "learning_rate": 0.050428671291632345, "optimizer": 0.4744349506126595, "pooling_algorithm": 0.3437596830993084}, "datetime": {"datetime": "2023-11-28 12:51:43", "elapsed": 40.805368, "delta": 5.650117}}
{"target": 0.5, "params": {"activation_function": 1.4375201610455395, "amount_of_layers": 6.643121580043127, "batch_size": 149.71612587395467, "dropout_rate": 0.44485412611809577, "epochs": 96.82529964666313, "hidden_channels": 107.07621959779677, "learning_rate": 0.07921259851885876, "optimizer": 0.9386762614177271, "pooling_algorithm": 0.6485367340866153}, "datetime": {"datetime": "2023-11-28 12:51:45", "elapsed": 42.437155, "delta": 1.631787}}
{"target": 0.6892857142857143, "params": {"activation_function": 0.06769760598845687, "amount_of_layers": 8.339051849515887, "batch_size": 66.19501790391917, "dropout_rate": 0.627286495618372, "epochs": 117.48413919830746, "hidden_channels": 96.97915021616217, "learning_rate": 0.06400156716166293, "optimizer": 0.46980446571574475, "pooling_algorithm": 0.4169390732132592}, "datetime": {"datetime": "2023-11-28 12:51:50", "elapsed": 47.468833, "delta": 5.031678}}
{"target": 0.9, "params": {"activation_function": 0.8942355882003394, "amount_of_layers": 3.403568031861621, "batch_size": 115.32032371363545, "dropout_rate": 0.2550725263399574, "epochs": 54.530364485474514, "hidden_channels": 57.7786541233559, "learning_rate": 0.008200692578300996, "optimizer": 1.0213503186302288, "pooling_algorithm": 0.7949445290456986}, "datetime": {"datetime": "2023-11-28 12:51:51", "elapsed": 48.716457, "delta": 1.247624}}
{"target": 0.8464285714285714, "params": {"activation_function": 1.7587935366128564, "amount_of_layers": 2.2078368205314325, "batch_size": 53.061379392955786, "dropout_rate": 0.5289013645975356, "epochs": 55.12025062584248, "hidden_channels": 30.853486654054656, "learning_rate": 0.036326538760010525, "optimizer": 0.6382894999684741, "pooling_algorithm": 0.2719834225931794}, "datetime": {"datetime": "2023-11-28 12:51:53", "elapsed": 50.420952, "delta": 1.704495}}
{"target": 0.2589285714285714, "params": {"activation_function": 1.9946058826833417, "amount_of_layers": 7.442215763131471, "batch_size": 22.842121742291553, "dropout_rate": 0.6179726088880451, "epochs": 127.69396180049583, "hidden_channels": 127.44258532575539, "learning_rate": 0.04654043768245382, "optimizer": 1.137518627834849, "pooling_algorithm": 0.19013928993248397}, "datetime": {"datetime": "2023-11-28 12:52:04", "elapsed": 62.175417, "delta": 11.754465}}
{"target": 0.5, "params": {"activation_function": 0.5180210185013048, "amount_of_layers": 4.170254914346626, "batch_size": 109.12444087038755, "dropout_rate": 0.6334735582302875, "epochs": 142.17153022367424, "hidden_channels": 116.0451436123169, "learning_rate": 0.036595622202235445, "optimizer": 1.542003258316309, "pooling_algorithm": 0.8762826314609876}, "datetime": {"datetime": "2023-11-28 12:52:08", "elapsed": 65.531001, "delta": 3.355584}}
{"target": 0.8357142857142857, "params": {"activation_function": 0.07785973386096945, "amount_of_layers": 1.5559863772495746, "batch_size": 50.37399922386039, "dropout_rate": 0.576906879897501, "epochs": 133.64356795599963, "hidden_channels": 48.568016579554275, "learning_rate": 0.03324261693554806, "optimizer": 1.3393656952948991, "pooling_algorithm": 0.9366655034126374}, "datetime": {"datetime": "2023-11-28 12:52:11", "elapsed": 68.922224, "delta": 3.391223}}
{"target": 0.5, "params": {"activation_function": 1.3166209681258276, "amount_of_layers": 1.2567890825701244, "batch_size": 39.99160594395089, "dropout_rate": 0.39225510751442705, "epochs": 121.79423769117852, "hidden_channels": 37.90566605009943, "learning_rate": 0.08674806052496283, "optimizer": 1.9881729646810546, "pooling_algorithm": 0.0008564032270346189}, "datetime": {"datetime": "2023-11-28 12:52:14", "elapsed": 71.98753, "delta": 3.065306}}
{"target": 0.8142857142857143, "params": {"activation_function": 0.20977090361076556, "amount_of_layers": 3.577046491330229, "batch_size": 65.77338706425093, "dropout_rate": 0.48817674637680003, "epochs": 176.25508515216006, "hidden_channels": 18.08091939010375, "learning_rate": 0.028623699816098986, "optimizer": 0.3844901483543437, "pooling_algorithm": 0.3634063349541822}, "datetime": {"datetime": "2023-11-28 12:52:19", "elapsed": 77.061447, "delta": 5.073917}}
{"target": 0.0, "params": {"activation_function": 0.7506927985188052, "amount_of_layers": 4.510218139716108, "batch_size": 31.30054764986673, "dropout_rate": 0.7434904774032429, "epochs": 158.0129850582718, "hidden_channels": 63.485717905299225, "learning_rate": 0.06245256880577446, "optimizer": 1.724221700401529, "pooling_algorithm": 0.5934359028116089}, "datetime": {"datetime": "2023-11-28 12:52:27", "elapsed": 84.820732, "delta": 7.759285}}
{"target": 0.8714285714285714, "params": {"activation_function": 0.6458704715293757, "amount_of_layers": 3.2390141962018886, "batch_size": 66.76358265370419, "dropout_rate": 0.5335118002244864, "epochs": 175.48994531966017, "hidden_channels": 19.178741633677895, "learning_rate": 0.027470531897904573, "optimizer": 1.440242056823067, "pooling_algorithm": 0.9359330208095179}, "datetime": {"datetime": "2023-11-28 12:52:32", "elapsed": 90.11116, "delta": 5.290428}}
{"target": 0.5, "params": {"activation_function": 0.31303655950237164, "amount_of_layers": 8.147194195476533, "batch_size": 25.858051060959184, "dropout_rate": 0.5519218276379873, "epochs": 38.74569165380483, "hidden_channels": 75.6825621683268, "learning_rate": 0.029164743686918612, "optimizer": 1.8435904253066466, "pooling_algorithm": 0.7124251257944272}, "datetime": {"datetime": "2023-11-28 12:52:36", "elapsed": 93.863285, "delta": 3.752125}}
{"target": 0.9107142857142858, "params": {"activation_function": 1.3557481746869022, "amount_of_layers": 1.0, "batch_size": 18.571101540989485, "dropout_rate": 0.25, "epochs": 35.656193398330686, "hidden_channels": 89.617489141578, "learning_rate": 0.1, "optimizer": 0.0, "pooling_algorithm": 0.95393844412655}, "datetime": {"datetime": "2023-11-28 12:52:38", "elapsed": 95.829113, "delta": 1.965828}}
{"target": 0.925, "params": {"activation_function": 2.0, "amount_of_layers": 1.0, "batch_size": 17.722400038391516, "dropout_rate": 0.25, "epochs": 27.556033486213558, "hidden_channels": 83.22446604129279, "learning_rate": 0.1, "optimizer": 0.0, "pooling_algorithm": 1.0}, "datetime": {"datetime": "2023-11-28 12:52:40", "elapsed": 97.590464, "delta": 1.761351}}
{"target": 0.5, "params": {"activation_function": 1.1543018840556194, "amount_of_layers": 4.676896628108923, "batch_size": 24.574477741451673, "dropout_rate": 0.5896517065407045, "epochs": 28.857562091415165, "hidden_channels": 89.4247339474904, "learning_rate": 0.044732069583266656, "optimizer": 0.9845518439398893, "pooling_algorithm": 0.86031001804754}, "datetime": {"datetime": "2023-11-28 12:52:42", "elapsed": 99.870741, "delta": 2.280277}}
{"target": 0.8232142857142858, "params": {"activation_function": 2.0, "amount_of_layers": 1.0, "batch_size": 16.0, "dropout_rate": 0.25, "epochs": 35.75020394073476, "hidden_channels": 81.01998873960007, "learning_rate": 0.1, "optimizer": 0.0, "pooling_algorithm": 0.0}, "datetime": {"datetime": "2023-11-28 12:52:45", "elapsed": 102.359905, "delta": 2.489164}}
{"target": 0.7892857142857143, "params": {"activation_function": 1.5921946881489775, "amount_of_layers": 6.021276256117671, "batch_size": 17.91184334021051, "dropout_rate": 0.4964478042396856, "epochs": 44.64522069181956, "hidden_channels": 90.53800643215484, "learning_rate": 0.059631741745814267, "optimizer": 0.01413416564579606, "pooling_algorithm": 0.1443745298139827}, "datetime": {"datetime": "2023-11-28 12:52:49", "elapsed": 106.856725, "delta": 4.49682}}
{"target": 0.5, "params": {"activation_function": 2.0, "amount_of_layers": 2.2667489929545934, "batch_size": 64.42494127214967, "dropout_rate": 0.7091134576880872, "epochs": 168.98406228470944, "hidden_channels": 27.695070155231715, "learning_rate": 0.029449255827146147, "optimizer": 2.0, "pooling_algorithm": 1.0}, "datetime": {"datetime": "2023-11-28 12:52:53", "elapsed": 110.916788, "delta": 4.060063}}
{"target": 0.11964285714285713, "params": {"activation_function": 2.0, "amount_of_layers": 2.0742063313180763, "batch_size": 75.64849819599831, "dropout_rate": 0.6461474616903259, "epochs": 177.39250239985634, "hidden_channels": 17.310425897543297, "learning_rate": 0.017039729920504287, "optimizer": 2.0, "pooling_algorithm": 1.0}, "datetime": {"datetime": "2023-11-28 12:52:56", "elapsed": 114.185839, "delta": 3.269051}}
{"target": 0.0, "params": {"activation_function": 1.1305193427048479, "amount_of_layers": 1.3709209664036255, "batch_size": 21.44206269243722, "dropout_rate": 0.6782439312312459, "epochs": 43.18475134602498, "hidden_channels": 88.9273362066895, "learning_rate": 0.06469500285910361, "optimizer": 0.2424284293238339, "pooling_algorithm": 0.8996234216261975}, "datetime": {"datetime": "2023-11-28 12:52:59", "elapsed": 116.228873, "delta": 2.043034}}
{"target": 0.5035714285714287, "params": {"activation_function": 1.9743939090754634, "amount_of_layers": 1.289246431726836, "batch_size": 16.53486803194741, "dropout_rate": 0.6353160844586518, "epochs": 35.63279618059251, "hidden_channels": 85.54527019743247, "learning_rate": 0.057825550232426276, "optimizer": 0.8911802919414955, "pooling_algorithm": 0.9840438067949914}, "datetime": {"datetime": "2023-11-28 12:53:00", "elapsed": 118.077435, "delta": 1.848562}}
{"target": 0.0, "params": {"activation_function": 0.15695808353075247, "amount_of_layers": 4.327050466585506, "batch_size": 17.156855409585837, "dropout_rate": 0.7102755485973367, "epochs": 29.23082196393214, "hidden_channels": 83.56486792730989, "learning_rate": 0.07131196803007041, "optimizer": 0.9026300456795338, "pooling_algorithm": 0.8710666063605911}, "datetime": {"datetime": "2023-11-28 12:53:03", "elapsed": 120.524727, "delta": 2.447292}}
{"target": 0.45, "params": {"activation_function": 1.4934934607668984, "amount_of_layers": 1.172245198539727, "batch_size": 50.25749369523667, "dropout_rate": 0.2843767407076157, "epochs": 134.63677285303012, "hidden_channels": 47.87849662547721, "learning_rate": 0.015754607786724467, "optimizer": 0.806996244715219, "pooling_algorithm": 0.8008411881219437}, "datetime": {"datetime": "2023-11-28 12:53:06", "elapsed": 123.643292, "delta": 3.118565}}
{"target": 0.7928571428571429, "params": {"activation_function": 0.4714069136078225, "amount_of_layers": 3.05081011923662, "batch_size": 67.11299239187593, "dropout_rate": 0.6588466240012714, "epochs": 177.30116005470217, "hidden_channels": 20.525977069551374, "learning_rate": 0.057021727023046594, "optimizer": 1.0580274244337817, "pooling_algorithm": 0.47560418159298057}, "datetime": {"datetime": "2023-11-28 12:53:11", "elapsed": 128.914851, "delta": 5.271559}}
{"target": 0.5464285714285714, "params": {"activation_function": 0.3103342339360331, "amount_of_layers": 3.966228114476996, "batch_size": 23.716401127057907, "dropout_rate": 0.42232533441227255, "epochs": 38.58999750068308, "hidden_channels": 80.39105289835483, "learning_rate": 0.04017230684258846, "optimizer": 1.589475847606425, "pooling_algorithm": 0.3125383126658833}, "datetime": {"datetime": "2023-11-28 12:53:14", "elapsed": 131.478177, "delta": 2.563326}}
{"target": 0.9071428571428571, "params": {"activation_function": 1.7576095627788637, "amount_of_layers": 1.583497663743647, "batch_size": 114.88863808794197, "dropout_rate": 0.5334853297797566, "epochs": 55.608811206370184, "hidden_channels": 58.63357544111946, "learning_rate": 0.00919180476489738, "optimizer": 0.29741145327605056, "pooling_algorithm": 0.5950023183809185}, "datetime": {"datetime": "2023-11-28 12:53:15", "elapsed": 132.558266, "delta": 1.080089}}
{"target": 0.8071428571428572, "params": {"activation_function": 0.4402805294103853, "amount_of_layers": 2.0740257918379923, "batch_size": 50.68401369979172, "dropout_rate": 0.6559568606593764, "epochs": 134.03085387696973, "hidden_channels": 51.187233798298976, "learning_rate": 0.010927945520055094, "optimizer": 0.6175163172836293, "pooling_algorithm": 0.8138566796072217}, "datetime": {"datetime": "2023-11-28 12:53:18", "elapsed": 135.944245, "delta": 3.385979}}
{"target": 0.0, "params": {"activation_function": 0.20197446423665633, "amount_of_layers": 4.240053023114805, "batch_size": 115.25443582750094, "dropout_rate": 0.6120658905507249, "epochs": 57.38771996787099, "hidden_channels": 58.89458652988984, "learning_rate": 0.05896909807731355, "optimizer": 1.8812011444070895, "pooling_algorithm": 0.5084892335593312}, "datetime": {"datetime": "2023-11-28 12:53:20", "elapsed": 137.298897, "delta": 1.354652}}
{"target": 0.5, "params": {"activation_function": 0.3367000878189801, "amount_of_layers": 4.27133304948014, "batch_size": 19.461388719529644, "dropout_rate": 0.3076954207188855, "epochs": 37.16139710955535, "hidden_channels": 81.9691913266192, "learning_rate": 0.047873332279314305, "optimizer": 0.6732204679783176, "pooling_algorithm": 0.832068999878034}, "datetime": {"datetime": "2023-11-28 12:53:23", "elapsed": 140.245829, "delta": 2.946932}}
{"target": 0.8214285714285715, "params": {"activation_function": 0.42892401113011713, "amount_of_layers": 5.856953508840399, "batch_size": 42.287524822120105, "dropout_rate": 0.7442343429484827, "epochs": 159.38934359199658, "hidden_channels": 43.37254174899068, "learning_rate": 0.010196951709434465, "optimizer": 1.1488674068845681, "pooling_algorithm": 0.8129470696146157}, "datetime": {"datetime": "2023-11-28 12:53:31", "elapsed": 148.466139, "delta": 8.22031}}
{"target": 0.9285714285714286, "params": {"activation_function": 0.37224544002365145, "amount_of_layers": 3.7662578782292035, "batch_size": 64.33485992485751, "dropout_rate": 0.4413123698465651, "epochs": 173.3181703838012, "hidden_channels": 17.393911557484245, "learning_rate": 0.05050493646760144, "optimizer": 0.2701518989222582, "pooling_algorithm": 0.897909034750222}, "datetime": {"datetime": "2023-11-28 12:53:36", "elapsed": 154.163198, "delta": 5.697059}}
{"target": 0.2642857142857143, "params": {"activation_function": 1.0780121110861838, "amount_of_layers": 4.5132611496606385, "batch_size": 64.30505020059931, "dropout_rate": 0.38139731040387315, "epochs": 178.74871124180763, "hidden_channels": 20.968145188264902, "learning_rate": 0.07190890310113328, "optimizer": 0.030095676382211112, "pooling_algorithm": 0.3371188182851025}, "datetime": {"datetime": "2023-11-28 12:53:43", "elapsed": 160.504284, "delta": 6.341086}}
{"target": 0.9035714285714286, "params": {"activation_function": 1.4590888942064772, "amount_of_layers": 3.428402865221125, "batch_size": 44.947743064507904, "dropout_rate": 0.6574579791448725, "epochs": 160.1329863109242, "hidden_channels": 44.922976368038896, "learning_rate": 0.031041840355558604, "optimizer": 0.14168106733326447, "pooling_algorithm": 0.6634733336772748}, "datetime": {"datetime": "2023-11-28 12:53:48", "elapsed": 166.182363, "delta": 5.678079}}
{"target": 0.7392857142857143, "params": {"activation_function": 1.326977220974837, "amount_of_layers": 4.383707303246446, "batch_size": 55.028865800153596, "dropout_rate": 0.48853718660510886, "epochs": 54.146328765891084, "hidden_channels": 31.58726779383585, "learning_rate": 0.010624092764551136, "optimizer": 0.8097651291788339, "pooling_algorithm": 0.2321682213743934}, "datetime": {"datetime": "2023-11-28 12:53:51", "elapsed": 168.224473, "delta": 2.04211}}
{"target": 0.7678571428571428, "params": {"activation_function": 0.21874828091245835, "amount_of_layers": 4.671985959001537, "batch_size": 43.21086025263421, "dropout_rate": 0.2731251014143502, "epochs": 158.49706271931336, "hidden_channels": 46.81381832895315, "learning_rate": 0.004953560485131967, "optimizer": 0.540307851304876, "pooling_algorithm": 0.017258533606901993}, "datetime": {"datetime": "2023-11-28 12:53:58", "elapsed": 175.806493, "delta": 7.58202}}
{"target": 0.85, "params": {"activation_function": 1.3115089354408316, "amount_of_layers": 1.6629200021943173, "batch_size": 65.71237007559304, "dropout_rate": 0.43200947567622955, "epochs": 171.98749147495573, "hidden_channels": 16.56988164007727, "learning_rate": 0.04792512332720054, "optimizer": 1.2070094333504207, "pooling_algorithm": 0.3696210545629397}, "datetime": {"datetime": "2023-11-28 12:54:03", "elapsed": 180.576645, "delta": 4.770152}}
{"target": 0.7732142857142856, "params": {"activation_function": 1.362814209069813, "amount_of_layers": 1.1756370274789685, "batch_size": 66.74773655969275, "dropout_rate": 0.44803523968864817, "epochs": 170.38127512530826, "hidden_channels": 14.963974061705647, "learning_rate": 0.022232746567473906, "optimizer": 1.089428940557625, "pooling_algorithm": 0.8635112966280699}, "datetime": {"datetime": "2023-11-28 12:54:07", "elapsed": 184.793385, "delta": 4.21674}}
{"target": 0.45, "params": {"activation_function": 1.75845763776611, "amount_of_layers": 5.1675269038549345, "batch_size": 21.352882365628915, "dropout_rate": 0.6663219220286238, "epochs": 36.29331895672195, "hidden_channels": 85.16736685027516, "learning_rate": 0.04914659998699607, "optimizer": 0.5173190015580935, "pooling_algorithm": 0.8672874061282024}, "datetime": {"datetime": "2023-11-28 12:54:10", "elapsed": 188.168814, "delta": 3.375429}}
