{"target": 0.2678571428571429, "params": {"activation_function": 0.8039773596028088, "amount_of_layers": 6.305096586351584, "batch_size": 69.3532103908401, "dropout_rate": 0.29554211610240533, "epochs": 172.39407688011784, "hidden_channels": 69.58065197792739, "learning_rate": 0.06061618396796669, "optimizer": 0.5143389581012718, "pooling_algorithm": 0.28174524669187473}, "datetime": {"datetime": "2023-11-28 13:28:28", "elapsed": 0.0, "delta": 0.0}}
{"target": 0.7357142857142858, "params": {"activation_function": 0.5694066964944144, "amount_of_layers": 6.27347731852555, "batch_size": 140.56230235274563, "dropout_rate": 0.4973795965592316, "epochs": 152.1369940019111, "hidden_channels": 105.37760309571834, "learning_rate": 0.029487185900944318, "optimizer": 0.3311467043159002, "pooling_algorithm": 0.08847348373709463}, "datetime": {"datetime": "2023-11-28 13:28:32", "elapsed": 4.084246, "delta": 4.084246}}
{"target": 0.9035714285714286, "params": {"activation_function": 0.5215347383369038, "amount_of_layers": 7.978821337540407, "batch_size": 59.85484075277834, "dropout_rate": 0.7236024451015862, "epochs": 93.33845201010844, "hidden_channels": 74.95561517503425, "learning_rate": 0.056868341204137765, "optimizer": 0.2714330873394706, "pooling_algorithm": 0.8226329582043234}, "datetime": {"datetime": "2023-11-28 13:28:36", "elapsed": 7.98004, "delta": 3.895794}}
{"target": 0.2642857142857143, "params": {"activation_function": 1.9992215201679198, "amount_of_layers": 3.818328110851903, "batch_size": 135.24108561587383, "dropout_rate": 0.6413684286437764, "epochs": 177.31247388889204, "hidden_channels": 83.71868231130345, "learning_rate": 0.031005239905613397, "optimizer": 1.1650768508483424, "pooling_algorithm": 0.1008084335549454}, "datetime": {"datetime": "2023-11-28 13:28:40", "elapsed": 11.886985, "delta": 3.906945}}
{"target": 0.775, "params": {"activation_function": 1.478557812874237, "amount_of_layers": 7.632095961762308, "batch_size": 92.5235171067709, "dropout_rate": 0.7176568291670415, "epochs": 22.143075425573066, "hidden_channels": 122.90134276668024, "learning_rate": 0.04523734500490632, "optimizer": 0.13634248635954038, "pooling_algorithm": 0.0631458057943376}, "datetime": {"datetime": "2023-11-28 13:28:41", "elapsed": 12.606184, "delta": 0.719199}}
{"target": 0.9071428571428571, "params": {"activation_function": 1.3459333357501972, "amount_of_layers": 8.309711066381062, "batch_size": 130.5640607873463, "dropout_rate": 0.3681817920747204, "epochs": 172.99430278947656, "hidden_channels": 32.955663062741806, "learning_rate": 0.0867613869844265, "optimizer": 0.25421493962704833, "pooling_algorithm": 0.7955799406820012}, "datetime": {"datetime": "2023-11-28 13:28:46", "elapsed": 17.599868, "delta": 4.993684}}
{"target": 0.35, "params": {"activation_function": 0.06729625331547417, "amount_of_layers": 1.974759670775497, "batch_size": 114.95032274402968, "dropout_rate": 0.31523294232945254, "epochs": 29.654153293789808, "hidden_channels": 39.06067569401185, "learning_rate": 0.03734698313807925, "optimizer": 1.1828636502967353, "pooling_algorithm": 0.9874539514406356}, "datetime": {"datetime": "2023-11-28 13:28:46", "elapsed": 18.229146, "delta": 0.629278}}
{"target": 0.8321428571428571, "params": {"activation_function": 0.7612597006633415, "amount_of_layers": 5.4031419523388715, "batch_size": 93.89906822777989, "dropout_rate": 0.3666821450872993, "epochs": 192.51887942826417, "hidden_channels": 32.39662365748187, "learning_rate": 0.019627266486894678, "optimizer": 0.9857854393321488, "pooling_algorithm": 0.32586707063840004}, "datetime": {"datetime": "2023-11-28 13:28:51", "elapsed": 23.008942, "delta": 4.779796}}
{"target": 0.26249999999999996, "params": {"activation_function": 0.6109143993131072, "amount_of_layers": 4.209171494790884, "batch_size": 91.5101214922444, "dropout_rate": 0.6438200250043016, "epochs": 58.185299731010126, "hidden_channels": 90.63509909415139, "learning_rate": 0.09158065167957785, "optimizer": 0.8149199247862038, "pooling_algorithm": 0.43672851441120464}, "datetime": {"datetime": "2023-11-28 13:28:52", "elapsed": 24.382596, "delta": 1.373654}}
{"target": 0.5, "params": {"activation_function": 0.37627046223245064, "amount_of_layers": 4.477831545783351, "batch_size": 63.687441175026585, "dropout_rate": 0.6628268299068951, "epochs": 97.06987265318129, "hidden_channels": 47.29147259595547, "learning_rate": 0.01530630693650066, "optimizer": 1.9374237185215832, "pooling_algorithm": 0.8816400369138069}, "datetime": {"datetime": "2023-11-28 13:28:55", "elapsed": 27.368563, "delta": 2.985967}}
{"target": 0.5, "params": {"activation_function": 0.07715903401133661, "amount_of_layers": 3.962331865203798, "batch_size": 19.584948422204242, "dropout_rate": 0.5145941882032471, "epochs": 145.6473644401274, "hidden_channels": 117.28570470576315, "learning_rate": 0.03863197997166929, "optimizer": 1.419107623429573, "pooling_algorithm": 0.7666355413352103}, "datetime": {"datetime": "2023-11-28 13:29:06", "elapsed": 37.606788, "delta": 10.238225}}
{"target": 0.5, "params": {"activation_function": 0.006947653018887889, "amount_of_layers": 3.1887518816126956, "batch_size": 54.68009388573605, "dropout_rate": 0.3134174915204868, "epochs": 186.70562491891062, "hidden_channels": 112.17664795089227, "learning_rate": 0.043849967536141427, "optimizer": 1.842765777685954, "pooling_algorithm": 0.33019832335309796}, "datetime": {"datetime": "2023-11-28 13:29:11", "elapsed": 42.664148, "delta": 5.05736}}
{"target": 0.8392857142857142, "params": {"activation_function": 0.27117879419740043, "amount_of_layers": 1.5785968487978401, "batch_size": 16.596337395952357, "dropout_rate": 0.7490499189670092, "epochs": 26.99622552655964, "hidden_channels": 33.674672254055565, "learning_rate": 0.00751257195654667, "optimizer": 0.663080460420717, "pooling_algorithm": 0.005573615461685777}, "datetime": {"datetime": "2023-11-28 13:29:12", "elapsed": 44.365732, "delta": 1.701584}}
{"target": 0.0, "params": {"activation_function": 0.751671712242052, "amount_of_layers": 5.465191345500622, "batch_size": 128.68083394779006, "dropout_rate": 0.6272302984443396, "epochs": 59.694768586350236, "hidden_channels": 97.91886095848957, "learning_rate": 0.07675879963254938, "optimizer": 1.6154506006098346, "pooling_algorithm": 0.1675338553053708}, "datetime": {"datetime": "2023-11-28 13:29:14", "elapsed": 45.968978, "delta": 1.603246}}
{"target": 0.8, "params": {"activation_function": 1.5242635941089064, "amount_of_layers": 2.753716206799412, "batch_size": 39.34147864104013, "dropout_rate": 0.5970982585871756, "epochs": 80.3155031739205, "hidden_channels": 100.33889214804496, "learning_rate": 0.04237933805889253, "optimizer": 0.27670613317545634, "pooling_algorithm": 0.10648307220442632}, "datetime": {"datetime": "2023-11-28 13:29:17", "elapsed": 48.707571, "delta": 2.738593}}
{"target": 0.35, "params": {"activation_function": 1.732927908018779, "amount_of_layers": 6.756068617128558, "batch_size": 28.219486393381523, "dropout_rate": 0.6995453323928496, "epochs": 199.50052525455874, "hidden_channels": 37.70286367052569, "learning_rate": 0.04598297856263156, "optimizer": 1.323440450952484, "pooling_algorithm": 0.6301796581114363}, "datetime": {"datetime": "2023-11-28 13:29:31", "elapsed": 62.684608, "delta": 13.977037}}
{"target": 0.9, "params": {"activation_function": 0.8000196001087387, "amount_of_layers": 6.5043148221227645, "batch_size": 91.83432664289337, "dropout_rate": 0.3983853648792278, "epochs": 193.45839941740078, "hidden_channels": 83.74377009012379, "learning_rate": 0.08119018516122938, "optimizer": 0.06850227227631267, "pooling_algorithm": 0.6206189231464849}, "datetime": {"datetime": "2023-11-28 13:29:36", "elapsed": 68.236627, "delta": 5.552019}}
{"target": 0.8035714285714286, "params": {"activation_function": 0.13570459875655505, "amount_of_layers": 5.141348352131761, "batch_size": 48.4201324235226, "dropout_rate": 0.6201144525336613, "epochs": 180.26926137393926, "hidden_channels": 53.761439764643555, "learning_rate": 0.004829416207226175, "optimizer": 0.47755378764828293, "pooling_algorithm": 0.07933705747007014}, "datetime": {"datetime": "2023-11-28 13:29:44", "elapsed": 75.601501, "delta": 7.364874}}
{"target": 0.5, "params": {"activation_function": 0.35091304792886135, "amount_of_layers": 6.304278196373633, "batch_size": 125.98088565927489, "dropout_rate": 0.705220926285054, "epochs": 100.4939893752902, "hidden_channels": 110.50187400008889, "learning_rate": 0.06054217181294959, "optimizer": 0.5718441185710363, "pooling_algorithm": 0.5558661078949265}, "datetime": {"datetime": "2023-11-28 13:29:46", "elapsed": 78.28305, "delta": 2.681549}}
{"target": 0.0, "params": {"activation_function": 1.2275349756721765, "amount_of_layers": 2.643763669906649, "batch_size": 73.38115445726575, "dropout_rate": 0.7127894503107111, "epochs": 138.05816714840347, "hidden_channels": 81.49804497312861, "learning_rate": 0.06708234514150097, "optimizer": 1.101823809268508, "pooling_algorithm": 0.8569542788011536}, "datetime": {"datetime": "2023-11-28 13:29:50", "elapsed": 82.036695, "delta": 3.753645}}
{"target": 0.5, "params": {"activation_function": 0.3207401476763414, "amount_of_layers": 2.556976163836934, "batch_size": 38.29119220660928, "dropout_rate": 0.5838570443178608, "epochs": 83.04497284529651, "hidden_channels": 100.60934930257855, "learning_rate": 0.012575210699086938, "optimizer": 1.7755066061211016, "pooling_algorithm": 0.35569986051597735}, "datetime": {"datetime": "2023-11-28 13:29:53", "elapsed": 84.984791, "delta": 2.948096}}
{"target": 0.9053571428571429, "params": {"activation_function": 1.254974944514318, "amount_of_layers": 1.2234513998783854, "batch_size": 134.676472573703, "dropout_rate": 0.5776695268213183, "epochs": 76.36682707603316, "hidden_channels": 68.0039453426906, "learning_rate": 0.0892919976758128, "optimizer": 0.09510089266474564, "pooling_algorithm": 0.7858851830796661}, "datetime": {"datetime": "2023-11-28 13:29:54", "elapsed": 86.265048, "delta": 1.280257}}
{"target": 0.31785714285714284, "params": {"activation_function": 0.5595249389541004, "amount_of_layers": 3.05741618943362, "batch_size": 39.77526634575416, "dropout_rate": 0.46746269615058994, "epochs": 159.0125949103514, "hidden_channels": 82.49840754889308, "learning_rate": 0.032650410115893376, "optimizer": 0.19839026830874595, "pooling_algorithm": 0.09058736331281414}, "datetime": {"datetime": "2023-11-28 13:30:00", "elapsed": 91.620036, "delta": 5.354988}}
{"target": 0.7857142857142858, "params": {"activation_function": 1.6827731058311717, "amount_of_layers": 7.141057993907612, "batch_size": 139.56845517518204, "dropout_rate": 0.5439270581938289, "epochs": 71.58840675012382, "hidden_channels": 114.95587608751995, "learning_rate": 0.05028554408686868, "optimizer": 0.1302356611635782, "pooling_algorithm": 0.4473128547287225}, "datetime": {"datetime": "2023-11-28 13:30:02", "elapsed": 93.697695, "delta": 2.077659}}
{"target": 0.0, "params": {"activation_function": 1.5307005870022914, "amount_of_layers": 4.311283891099152, "batch_size": 74.91623110317131, "dropout_rate": 0.4840595281473466, "epochs": 175.20831296366092, "hidden_channels": 39.64880981867492, "learning_rate": 0.08850432162873988, "optimizer": 1.8431444691852152, "pooling_algorithm": 0.22498847520312848}, "datetime": {"datetime": "2023-11-28 13:30:06", "elapsed": 97.720723, "delta": 4.023028}}
{"target": 0.5, "params": {"activation_function": 1.9864906928110984, "amount_of_layers": 4.016759527749304, "batch_size": 86.0354976695257, "dropout_rate": 0.42325745635719497, "epochs": 92.93554995629917, "hidden_channels": 69.44723194171038, "learning_rate": 0.047897599712736834, "optimizer": 0.6393986766549797, "pooling_algorithm": 0.7527675456314421}, "datetime": {"datetime": "2023-11-28 13:30:08", "elapsed": 99.98205, "delta": 2.261327}}
{"target": 0.7375, "params": {"activation_function": 1.9789985122844078, "amount_of_layers": 3.8419297695507604, "batch_size": 113.44505024174273, "dropout_rate": 0.6550660511435938, "epochs": 107.36692822094882, "hidden_channels": 36.341902901841124, "learning_rate": 0.06787611569987077, "optimizer": 1.4144900248450585, "pooling_algorithm": 0.08196796997087785}, "datetime": {"datetime": "2023-11-28 13:30:11", "elapsed": 102.502275, "delta": 2.520225}}
{"target": 0.5, "params": {"activation_function": 1.4573471463047283, "amount_of_layers": 8.053815292590984, "batch_size": 95.5222699511777, "dropout_rate": 0.4880705044803679, "epochs": 64.94355320923557, "hidden_channels": 56.663893296022586, "learning_rate": 0.06360551133685412, "optimizer": 0.7780568038855817, "pooling_algorithm": 0.5501493652724265}, "datetime": {"datetime": "2023-11-28 13:30:13", "elapsed": 105.094457, "delta": 2.592182}}
{"target": 0.5, "params": {"activation_function": 0.08518995852095679, "amount_of_layers": 3.78949118218601, "batch_size": 79.83553901325419, "dropout_rate": 0.4365218317785548, "epochs": 114.88277728480348, "hidden_channels": 66.39667732488735, "learning_rate": 0.026722638852654926, "optimizer": 1.9307588155962205, "pooling_algorithm": 0.7470774727622468}, "datetime": {"datetime": "2023-11-28 13:30:16", "elapsed": 108.010053, "delta": 2.915596}}
{"target": 0.675, "params": {"activation_function": 1.2772481348695586, "amount_of_layers": 3.6936345685708254, "batch_size": 142.03076051349086, "dropout_rate": 0.4688207377086024, "epochs": 120.14693768628102, "hidden_channels": 17.25848649409291, "learning_rate": 0.020997362216563925, "optimizer": 1.3373062414250698, "pooling_algorithm": 0.6179681301171542}, "datetime": {"datetime": "2023-11-28 13:30:19", "elapsed": 110.925569, "delta": 2.915516}}
{"target": 0.5, "params": {"activation_function": 0.04328906234974017, "amount_of_layers": 8.444034079016816, "batch_size": 22.67286014569362, "dropout_rate": 0.6769751793470081, "epochs": 174.47330614091615, "hidden_channels": 5.987762030770773, "learning_rate": 0.09692165509170399, "optimizer": 1.6443947499832003, "pooling_algorithm": 0.9354835921058561}, "datetime": {"datetime": "2023-11-28 13:30:34", "elapsed": 126.056034, "delta": 15.130465}}
{"target": 0.4642857142857143, "params": {"activation_function": 0.6626447934589212, "amount_of_layers": 1.9030946610017754, "batch_size": 17.708223106662945, "dropout_rate": 0.5940333424477433, "epochs": 139.49405661638153, "hidden_channels": 89.3293526693928, "learning_rate": 0.03983395759827734, "optimizer": 0.9844315468946696, "pooling_algorithm": 0.5690692730540959}, "datetime": {"datetime": "2023-11-28 13:30:43", "elapsed": 135.180149, "delta": 9.124115}}
{"target": 0.26785714285714285, "params": {"activation_function": 1.9731766905791703, "amount_of_layers": 6.046548419285241, "batch_size": 146.47546089628932, "dropout_rate": 0.4346266700264941, "epochs": 189.4425318194581, "hidden_channels": 71.69899877443703, "learning_rate": 0.023803256042014314, "optimizer": 1.72130256414721, "pooling_algorithm": 0.14795423113651585}, "datetime": {"datetime": "2023-11-28 13:30:49", "elapsed": 140.621773, "delta": 5.441624}}
{"target": 0.0, "params": {"activation_function": 0.8871128144122375, "amount_of_layers": 8.80970090638499, "batch_size": 97.75447933140802, "dropout_rate": 0.5144363566472111, "epochs": 32.715510980957404, "hidden_channels": 56.762720535935756, "learning_rate": 0.07962177914228152, "optimizer": 1.7918625561710675, "pooling_algorithm": 0.14582196069285136}, "datetime": {"datetime": "2023-11-28 13:30:50", "elapsed": 142.102745, "delta": 1.480972}}
{"target": 0.4392857142857143, "params": {"activation_function": 1.5137516956725703, "amount_of_layers": 7.345013400435419, "batch_size": 77.17896557895295, "dropout_rate": 0.6971439120039138, "epochs": 159.08215537595274, "hidden_channels": 31.588190733980724, "learning_rate": 0.020847723326481802, "optimizer": 0.6524491306613927, "pooling_algorithm": 0.3534417401343529}, "datetime": {"datetime": "2023-11-28 13:30:55", "elapsed": 147.190447, "delta": 5.087702}}
{"target": 0.26249999999999996, "params": {"activation_function": 1.2828044558056364, "amount_of_layers": 8.919393476092537, "batch_size": 119.49609260508946, "dropout_rate": 0.5510260517381882, "epochs": 39.045387304879974, "hidden_channels": 46.90970512259608, "learning_rate": 0.0207570125895074, "optimizer": 0.5853606690500068, "pooling_algorithm": 0.3302012762019716}, "datetime": {"datetime": "2023-11-28 13:30:57", "elapsed": 148.863049, "delta": 1.672602}}
{"target": 0.9035714285714286, "params": {"activation_function": 1.479507464728877, "amount_of_layers": 2.594822498223272, "batch_size": 121.8773564689666, "dropout_rate": 0.702549480222801, "epochs": 136.7831243461709, "hidden_channels": 77.75935047731382, "learning_rate": 0.02470354563592969, "optimizer": 0.20072540871146338, "pooling_algorithm": 0.7548556409868271}, "datetime": {"datetime": "2023-11-28 13:31:00", "elapsed": 151.838971, "delta": 2.975922}}
{"target": 0.7392857142857143, "params": {"activation_function": 1.1016033275215096, "amount_of_layers": 7.064626665713334, "batch_size": 27.92534884706445, "dropout_rate": 0.5786218008446455, "epochs": 166.46144829991948, "hidden_channels": 76.9336088152144, "learning_rate": 0.0727353151482677, "optimizer": 1.2437535217265765, "pooling_algorithm": 0.39132886386598287}, "datetime": {"datetime": "2023-11-28 13:31:13", "elapsed": 164.447774, "delta": 12.608803}}
{"target": 0.8785714285714286, "params": {"activation_function": 1.8545976682188219, "amount_of_layers": 2.5134244764523954, "batch_size": 105.91784737158765, "dropout_rate": 0.31716075760296103, "epochs": 111.26573996899272, "hidden_channels": 11.316439841942092, "learning_rate": 0.03474958682286225, "optimizer": 0.12871303191218209, "pooling_algorithm": 0.8587419092744636}, "datetime": {"datetime": "2023-11-28 13:31:15", "elapsed": 166.756075, "delta": 2.308301}}
{"target": 0.26785714285714285, "params": {"activation_function": 0.5876033540070265, "amount_of_layers": 4.588704141403226, "batch_size": 117.72532022515793, "dropout_rate": 0.4245091377808382, "epochs": 145.75550886884847, "hidden_channels": 37.4783513228843, "learning_rate": 0.01294161916304579, "optimizer": 0.890465777901766, "pooling_algorithm": 0.1459347499631537}, "datetime": {"datetime": "2023-11-28 13:31:19", "elapsed": 170.628869, "delta": 3.872794}}
{"target": 0.7446428571428572, "params": {"activation_function": 1.3976038017951677, "amount_of_layers": 8.609913164704238, "batch_size": 39.43225073673966, "dropout_rate": 0.3286059053693586, "epochs": 86.78176460156031, "hidden_channels": 32.66592026387511, "learning_rate": 0.012221637343632345, "optimizer": 0.348718299869335, "pooling_algorithm": 0.1000011259259167}, "datetime": {"datetime": "2023-11-28 13:31:24", "elapsed": 176.112741, "delta": 5.483872}}
{"target": 0.9035714285714286, "params": {"activation_function": 0.6800460549771861, "amount_of_layers": 8.493342946872788, "batch_size": 78.29317241644, "dropout_rate": 0.3411903416748273, "epochs": 186.59152006360864, "hidden_channels": 106.87312081344155, "learning_rate": 0.049593293942612804, "optimizer": 0.0655428286693236, "pooling_algorithm": 0.7616043229620206}, "datetime": {"datetime": "2023-11-28 13:31:31", "elapsed": 182.554151, "delta": 6.44141}}
{"target": 0.9107142857142857, "params": {"activation_function": 1.7758815301838557, "amount_of_layers": 6.207806467610539, "batch_size": 58.80835295941886, "dropout_rate": 0.735105087249786, "epochs": 90.03139551036979, "hidden_channels": 109.15191150762435, "learning_rate": 0.07810343355228579, "optimizer": 0.4990088401767967, "pooling_algorithm": 0.677651557289453}, "datetime": {"datetime": "2023-11-28 13:31:34", "elapsed": 186.366745, "delta": 3.812594}}
{"target": 0.0, "params": {"activation_function": 1.3929020917410226, "amount_of_layers": 4.941531275896143, "batch_size": 38.08762010265083, "dropout_rate": 0.2650299163485671, "epochs": 149.72162230176556, "hidden_channels": 51.20170670960229, "learning_rate": 0.059341567587397746, "optimizer": 1.6903445541931712, "pooling_algorithm": 0.22184528335098141}, "datetime": {"datetime": "2023-11-28 13:31:41", "elapsed": 192.634438, "delta": 6.267693}}
{"target": 0.0, "params": {"activation_function": 1.302211153463631, "amount_of_layers": 2.514471498861748, "batch_size": 122.47517191570104, "dropout_rate": 0.6146021145497464, "epochs": 199.43088171891836, "hidden_channels": 114.69921862634322, "learning_rate": 0.09126003078328092, "optimizer": 1.5054137350139865, "pooling_algorithm": 0.592401147226469}, "datetime": {"datetime": "2023-11-28 13:31:45", "elapsed": 197.110065, "delta": 4.475627}}
{"target": 0.5, "params": {"activation_function": 0.9392766621219326, "amount_of_layers": 2.367395247107793, "batch_size": 59.53339079290322, "dropout_rate": 0.5844233364031581, "epochs": 167.43862699823603, "hidden_channels": 99.38710791186982, "learning_rate": 0.030680590747802734, "optimizer": 1.443316593690094, "pooling_algorithm": 0.7673168231229099}, "datetime": {"datetime": "2023-11-28 13:31:50", "elapsed": 201.584494, "delta": 4.474429}}
{"target": 0.9035714285714286, "params": {"activation_function": 1.1543902413803064, "amount_of_layers": 6.52196406122227, "batch_size": 64.05783389091138, "dropout_rate": 0.44678708981448356, "epochs": 27.321377270546634, "hidden_channels": 65.52552386114397, "learning_rate": 0.0032706978446184515, "optimizer": 0.7701413944685696, "pooling_algorithm": 0.6406597708332411}, "datetime": {"datetime": "2023-11-28 13:31:51", "elapsed": 202.795556, "delta": 1.211062}}
{"target": 0.725, "params": {"activation_function": 1.3707338459310074, "amount_of_layers": 8.783597195906731, "batch_size": 58.851015349247646, "dropout_rate": 0.5837895044976538, "epochs": 110.50782007041428, "hidden_channels": 95.40380907335742, "learning_rate": 0.03809126653582568, "optimizer": 0.36168227003443953, "pooling_algorithm": 0.06952660414243816}, "datetime": {"datetime": "2023-11-28 13:31:56", "elapsed": 207.939725, "delta": 5.144169}}
