{"target": 0.8928571428571429, "params": {"activation_function": 1.5145993695832514, "amount_of_layers": 3.9275338338026167, "batch_size": 72.71438038319623, "dropout_rate": 0.7159743198444156, "epochs": 21.120624714396993, "hidden_channels": 59.85633667338613, "learning_rate": 0.03161001161084978, "optimizer": 0.3444068885684495, "pooling_algorithm": 0.6662956306220591}, "datetime": {"datetime": "2023-11-28 13:37:17", "elapsed": 0.0, "delta": 0.0}}
{"target": 0.8321428571428572, "params": {"activation_function": 0.2583316875711896, "amount_of_layers": 2.0577636563186568, "batch_size": 69.17892152924782, "dropout_rate": 0.731054826495217, "epochs": 151.7290005164022, "hidden_channels": 90.42725148150721, "learning_rate": 0.023052849301245737, "optimizer": 0.5324976893063884, "pooling_algorithm": 0.969450285650275}, "datetime": {"datetime": "2023-11-28 13:37:21", "elapsed": 3.726731, "delta": 3.726731}}
{"target": 0.6, "params": {"activation_function": 1.5133059449023232, "amount_of_layers": 3.489340931744983, "batch_size": 85.69602715080364, "dropout_rate": 0.3242527302485125, "epochs": 49.40185159298719, "hidden_channels": 93.16753966305258, "learning_rate": 0.060328532537584856, "optimizer": 0.7469333524966295, "pooling_algorithm": 0.5816175192559303}, "datetime": {"datetime": "2023-11-28 13:37:22", "elapsed": 4.881917, "delta": 1.155186}}
{"target": 0.5, "params": {"activation_function": 1.9959924977219683, "amount_of_layers": 7.233702652471624, "batch_size": 125.15314007459254, "dropout_rate": 0.4746996782902688, "epochs": 57.719373091976735, "hidden_channels": 69.84235649295955, "learning_rate": 0.039928008165690816, "optimizer": 1.5161992797902433, "pooling_algorithm": 0.5105837533472628}, "datetime": {"datetime": "2023-11-28 13:37:23", "elapsed": 6.55369, "delta": 1.671773}}
{"target": 0.09464285714285714, "params": {"activation_function": 1.733762465466293, "amount_of_layers": 4.471244073710805, "batch_size": 115.44177142117785, "dropout_rate": 0.6457670028220186, "epochs": 67.0063228944438, "hidden_channels": 95.23703381010836, "learning_rate": 0.022617563649505675, "optimizer": 1.4733684788406705, "pooling_algorithm": 0.6284123765873841}, "datetime": {"datetime": "2023-11-28 13:37:25", "elapsed": 8.124107, "delta": 1.570417}}
{"target": 0.5, "params": {"activation_function": 0.8682659122145593, "amount_of_layers": 4.857222359196446, "batch_size": 130.6282004453073, "dropout_rate": 0.4110293793998559, "epochs": 67.73496859512218, "hidden_channels": 65.86655723960955, "learning_rate": 0.04088416670853369, "optimizer": 1.944317141974817, "pooling_algorithm": 0.568406168034412}, "datetime": {"datetime": "2023-11-28 13:37:27", "elapsed": 9.784545, "delta": 1.660438}}
{"target": 0.5, "params": {"activation_function": 1.6475327817233596, "amount_of_layers": 1.0917546656388533, "batch_size": 33.701331706810414, "dropout_rate": 0.28524827496399174, "epochs": 104.68569586672177, "hidden_channels": 109.1100633587093, "learning_rate": 0.0518476102044755, "optimizer": 1.477357761356171, "pooling_algorithm": 0.5663849263995889}, "datetime": {"datetime": "2023-11-28 13:37:30", "elapsed": 13.056167, "delta": 3.271622}}
{"target": 0.5, "params": {"activation_function": 0.6104415027394117, "amount_of_layers": 8.252988083343025, "batch_size": 38.38133267636434, "dropout_rate": 0.5540747423706551, "epochs": 81.6737544226424, "hidden_channels": 71.31201220112544, "learning_rate": 0.09350326224996168, "optimizer": 0.7557441122937099, "pooling_algorithm": 0.6614938072553321}, "datetime": {"datetime": "2023-11-28 13:37:35", "elapsed": 17.83422, "delta": 4.778053}}
{"target": 0.5, "params": {"activation_function": 0.4602174934892782, "amount_of_layers": 1.1817168819001953, "batch_size": 93.5625758128896, "dropout_rate": 0.5246047833991192, "epochs": 121.48456747261153, "hidden_channels": 111.89635320511654, "learning_rate": 0.062342553304118205, "optimizer": 1.1101842104023958, "pooling_algorithm": 0.7718061102765126}, "datetime": {"datetime": "2023-11-28 13:37:37", "elapsed": 19.972644, "delta": 2.138424}}
{"target": 0.5, "params": {"activation_function": 0.34777546952746863, "amount_of_layers": 5.558538359016075, "batch_size": 55.72198185074896, "dropout_rate": 0.39809670473587, "epochs": 198.75361799130548, "hidden_channels": 42.364658199605444, "learning_rate": 0.04051531772547894, "optimizer": 0.9712776646787973, "pooling_algorithm": 0.8343456102803887}, "datetime": {"datetime": "2023-11-28 13:37:44", "elapsed": 27.163012, "delta": 7.190368}}
{"target": 0.9, "params": {"activation_function": 1.6914573168415512, "amount_of_layers": 4.424396876170233, "batch_size": 91.953525655225, "dropout_rate": 0.27155108728347405, "epochs": 20.463992206040107, "hidden_channels": 80.1848678330003, "learning_rate": 0.07388590019402967, "optimizer": 0.21812015846360056, "pooling_algorithm": 0.898895879420656}, "datetime": {"datetime": "2023-11-28 13:37:45", "elapsed": 27.64685, "delta": 0.483838}}
{"target": 0.5, "params": {"activation_function": 0.15010497696850433, "amount_of_layers": 7.453063811106512, "batch_size": 143.69898766103458, "dropout_rate": 0.6957394078967054, "epochs": 197.59328073368664, "hidden_channels": 75.45056760677464, "learning_rate": 0.0307266844249562, "optimizer": 0.9610467062986543, "pooling_algorithm": 0.8264152189776783}, "datetime": {"datetime": "2023-11-28 13:37:50", "elapsed": 33.128324, "delta": 5.481474}}
{"target": 0.9107142857142858, "params": {"activation_function": 1.9902023633215846, "amount_of_layers": 8.833351020106935, "batch_size": 48.968352435561755, "dropout_rate": 0.30859695343845683, "epochs": 109.91143426285214, "hidden_channels": 9.499758722653612, "learning_rate": 0.027138086588416703, "optimizer": 0.3968069847685969, "pooling_algorithm": 0.8667956649696001}, "datetime": {"datetime": "2023-11-28 13:37:56", "elapsed": 39.2444, "delta": 6.116076}}
{"target": 0.6910714285714286, "params": {"activation_function": 1.7682890535107445, "amount_of_layers": 1.4993669001782548, "batch_size": 71.8095334141309, "dropout_rate": 0.41988716432587364, "epochs": 155.04666446313848, "hidden_channels": 91.05522272566701, "learning_rate": 0.09694957172648888, "optimizer": 1.2091742139416042, "pooling_algorithm": 0.3966780152193893}, "datetime": {"datetime": "2023-11-28 13:38:00", "elapsed": 42.655896, "delta": 3.411496}}
{"target": 0.5, "params": {"activation_function": 0.37556470519119256, "amount_of_layers": 7.3385421721686965, "batch_size": 134.68707781323596, "dropout_rate": 0.2867347646055255, "epochs": 186.4293720549957, "hidden_channels": 124.27543509562413, "learning_rate": 0.0749639346698869, "optimizer": 1.0864347722115806, "pooling_algorithm": 0.46152160440143}, "datetime": {"datetime": "2023-11-28 13:38:05", "elapsed": 48.109282, "delta": 5.453386}}
{"target": 0.5, "params": {"activation_function": 0.7068978465084694, "amount_of_layers": 1.4918576506958425, "batch_size": 83.14012116006491, "dropout_rate": 0.6820936197345482, "epochs": 174.134435771005, "hidden_channels": 97.37279389049048, "learning_rate": 0.07452655593664485, "optimizer": 1.6070796214132015, "pooling_algorithm": 0.9015937336963737}, "datetime": {"datetime": "2023-11-28 13:38:08", "elapsed": 50.922717, "delta": 2.813435}}
{"target": 0.26785714285714285, "params": {"activation_function": 0.8676432846135229, "amount_of_layers": 5.953326745588667, "batch_size": 107.09666843564239, "dropout_rate": 0.32488595294723877, "epochs": 37.96244098266045, "hidden_channels": 125.18662636126665, "learning_rate": 0.03339173243812626, "optimizer": 1.283664744645292, "pooling_algorithm": 0.2324595382568111}, "datetime": {"datetime": "2023-11-28 13:38:09", "elapsed": 52.024071, "delta": 1.101354}}
{"target": 0.5, "params": {"activation_function": 1.93660574426257, "amount_of_layers": 7.248752501115874, "batch_size": 83.41019603269233, "dropout_rate": 0.36415880652786675, "epochs": 195.218894311336, "hidden_channels": 91.42139310650055, "learning_rate": 0.08185876568038632, "optimizer": 1.2479848884321896, "pooling_algorithm": 0.8755099281210694}, "datetime": {"datetime": "2023-11-28 13:38:14", "elapsed": 57.569389, "delta": 5.545318}}
{"target": 0.6375000000000001, "params": {"activation_function": 1.228388785502631, "amount_of_layers": 2.283163194857151, "batch_size": 67.62980439963681, "dropout_rate": 0.7106932730496869, "epochs": 64.80135544339407, "hidden_channels": 27.23531005603187, "learning_rate": 0.09609235508641706, "optimizer": 1.3361708324272503, "pooling_algorithm": 0.49979982671116563}, "datetime": {"datetime": "2023-11-28 13:38:16", "elapsed": 59.248282, "delta": 1.678893}}
{"target": 0.26071428571428573, "params": {"activation_function": 1.3080838951618738, "amount_of_layers": 4.029161354149197, "batch_size": 83.68416864914914, "dropout_rate": 0.3512744733895742, "epochs": 33.91578623117485, "hidden_channels": 34.531933069810705, "learning_rate": 0.05841528645549336, "optimizer": 0.353368252547394, "pooling_algorithm": 0.024423642371062315}, "datetime": {"datetime": "2023-11-28 13:38:17", "elapsed": 60.076696, "delta": 0.828414}}
{"target": 0.9, "params": {"activation_function": 1.6080886795305647, "amount_of_layers": 4.154013753678772, "batch_size": 81.4938381142964, "dropout_rate": 0.5159021745583965, "epochs": 20.45471894851329, "hidden_channels": 70.8811098882801, "learning_rate": 0.05099009266730576, "optimizer": 0.28574004601947744, "pooling_algorithm": 0.8046414377563317}, "datetime": {"datetime": "2023-11-28 13:38:18", "elapsed": 60.822108, "delta": 0.745412}}
{"target": 0.9142857142857143, "params": {"activation_function": 0.0, "amount_of_layers": 4.449301879312143, "batch_size": 57.9924775838325, "dropout_rate": 0.75, "epochs": 140.10569477063217, "hidden_channels": 86.01337705065146, "learning_rate": 0.001, "optimizer": 0.0, "pooling_algorithm": 1.0}, "datetime": {"datetime": "2023-11-28 13:38:22", "elapsed": 65.40761, "delta": 4.585502}}
{"target": 0.9035714285714287, "params": {"activation_function": 1.7485938808856525, "amount_of_layers": 3.5105709165821883, "batch_size": 63.1628932262932, "dropout_rate": 0.75, "epochs": 10.689056046916429, "hidden_channels": 74.14617907051834, "learning_rate": 0.0184726212132451, "optimizer": 0.2702022023764023, "pooling_algorithm": 1.0}, "datetime": {"datetime": "2023-11-28 13:38:23", "elapsed": 66.217134, "delta": 0.809524}}
{"target": 0.4892857142857143, "params": {"activation_function": 1.5771210423842974, "amount_of_layers": 2.065182703048637, "batch_size": 54.178678364950244, "dropout_rate": 0.6047151979536745, "epochs": 29.716277283778734, "hidden_channels": 75.45379320957359, "learning_rate": 0.01085690909637432, "optimizer": 1.6446880434423856, "pooling_algorithm": 0.5441581535993171}, "datetime": {"datetime": "2023-11-28 13:38:24", "elapsed": 67.460311, "delta": 1.243177}}
{"target": 0.8999999999999999, "params": {"activation_function": 0.0, "amount_of_layers": 9.0, "batch_size": 78.96461352353423, "dropout_rate": 0.75, "epochs": 10.0, "hidden_channels": 86.4486942721391, "learning_rate": 0.1, "optimizer": 0.0, "pooling_algorithm": 1.0}, "datetime": {"datetime": "2023-11-28 13:38:25", "elapsed": 68.181544, "delta": 0.721233}}
{"target": 0.0, "params": {"activation_function": 2.0, "amount_of_layers": 9.0, "batch_size": 77.30342747143658, "dropout_rate": 0.75, "epochs": 10.0, "hidden_channels": 63.40819539416894, "learning_rate": 0.001, "optimizer": 0.0, "pooling_algorithm": 0.0}, "datetime": {"datetime": "2023-11-28 13:38:26", "elapsed": 68.819268, "delta": 0.637724}}
{"target": 0.26964285714285713, "params": {"activation_function": 1.9066413436161977, "amount_of_layers": 5.1624125323392995, "batch_size": 84.24653498649432, "dropout_rate": 0.26071477706400054, "epochs": 14.15852440444718, "hidden_channels": 82.3315101308526, "learning_rate": 0.058504503603362595, "optimizer": 0.5914622041873756, "pooling_algorithm": 0.2220206538360896}, "datetime": {"datetime": "2023-11-28 13:38:26", "elapsed": 69.352939, "delta": 0.533671}}
{"target": 0.5, "params": {"activation_function": 0.37319181126132084, "amount_of_layers": 5.635165155369365, "batch_size": 92.076096500793, "dropout_rate": 0.3327385894335818, "epochs": 21.98696562907224, "hidden_channels": 78.3860856224932, "learning_rate": 0.05838684283827528, "optimizer": 1.184475154076071, "pooling_algorithm": 0.6425292900340085}, "datetime": {"datetime": "2023-11-28 13:38:27", "elapsed": 70.065511, "delta": 0.712572}}
{"target": 0.9142857142857143, "params": {"activation_function": 0.494964225947929, "amount_of_layers": 2.279030604344408, "batch_size": 66.17391881586974, "dropout_rate": 0.2755263861199422, "epochs": 170.10318889295127, "hidden_channels": 75.13270234800693, "learning_rate": 0.07901986193573497, "optimizer": 0.05085134817615611, "pooling_algorithm": 0.5526578962529306}, "datetime": {"datetime": "2023-11-28 13:38:31", "elapsed": 74.079321, "delta": 4.01381}}
{"target": 0.2660714285714285, "params": {"activation_function": 0.7503144733856046, "amount_of_layers": 8.521935985983824, "batch_size": 125.57052680937747, "dropout_rate": 0.47521319147157676, "epochs": 76.95157951038051, "hidden_channels": 40.14183550230211, "learning_rate": 0.0638229162919998, "optimizer": 0.6481660564417646, "pooling_algorithm": 0.16345312972673476}, "datetime": {"datetime": "2023-11-28 13:38:34", "elapsed": 76.776529, "delta": 2.697208}}
{"target": 0.5, "params": {"activation_function": 1.4432062790885622, "amount_of_layers": 2.1433214782899066, "batch_size": 120.14581271349888, "dropout_rate": 0.5770836384007647, "epochs": 176.0351180851326, "hidden_channels": 91.94447394066397, "learning_rate": 0.08444315593613605, "optimizer": 1.4484578463514055, "pooling_algorithm": 0.5011940054563565}, "datetime": {"datetime": "2023-11-28 13:38:37", "elapsed": 80.187203, "delta": 3.410674}}
{"target": 0.25535714285714284, "params": {"activation_function": 0.858648937036643, "amount_of_layers": 1.5384184174767643, "batch_size": 113.83687805091073, "dropout_rate": 0.41376361238936954, "epochs": 118.12746505019147, "hidden_channels": 41.49500186067255, "learning_rate": 0.01483137361810494, "optimizer": 1.0929376930037078, "pooling_algorithm": 0.9797945736630572}, "datetime": {"datetime": "2023-11-28 13:38:39", "elapsed": 82.512169, "delta": 2.324966}}
{"target": 0.5, "params": {"activation_function": 0.3826411595591086, "amount_of_layers": 7.517468237767049, "batch_size": 86.19749483941469, "dropout_rate": 0.43766028602217427, "epochs": 16.815228408159278, "hidden_channels": 96.18287982993084, "learning_rate": 0.09498799175839524, "optimizer": 1.3489472207567534, "pooling_algorithm": 0.6842105824924466}, "datetime": {"datetime": "2023-11-28 13:38:40", "elapsed": 83.28837, "delta": 0.776201}}
{"target": 0.5410714285714286, "params": {"activation_function": 1.8353773922786842, "amount_of_layers": 4.389656591817973, "batch_size": 31.8289923731351, "dropout_rate": 0.3239286463598602, "epochs": 25.0216970595817, "hidden_channels": 102.29726285251682, "learning_rate": 0.08497272980601073, "optimizer": 1.5251521070399945, "pooling_algorithm": 0.09396491891744496}, "datetime": {"datetime": "2023-11-28 13:38:42", "elapsed": 84.651735, "delta": 1.363365}}
{"target": 0.5, "params": {"activation_function": 1.2740192621393414, "amount_of_layers": 4.7796486608940985, "batch_size": 66.27685115119957, "dropout_rate": 0.5272112777512992, "epochs": 114.08588492507, "hidden_channels": 121.15470610660932, "learning_rate": 0.09960434508450992, "optimizer": 1.7962900670814936, "pooling_algorithm": 0.33566208379152396}, "datetime": {"datetime": "2023-11-28 13:38:45", "elapsed": 88.556745, "delta": 3.90501}}
{"target": 0.7892857142857144, "params": {"activation_function": 0.6638074094587916, "amount_of_layers": 2.381866185538941, "batch_size": 42.766578810827866, "dropout_rate": 0.39351249305058167, "epochs": 21.182248862410308, "hidden_channels": 65.82326190811177, "learning_rate": 0.045388422579237975, "optimizer": 1.060088773234195, "pooling_algorithm": 0.263108916821314}, "datetime": {"datetime": "2023-11-28 13:38:46", "elapsed": 89.32738, "delta": 0.770635}}
{"target": 0.5, "params": {"activation_function": 0.5930712678401886, "amount_of_layers": 4.071641031825054, "batch_size": 116.08751586434411, "dropout_rate": 0.5419259395079181, "epochs": 97.18395723594331, "hidden_channels": 13.352931192649352, "learning_rate": 0.07623879787307665, "optimizer": 1.8959899613625204, "pooling_algorithm": 0.7724466534516559}, "datetime": {"datetime": "2023-11-28 13:38:48", "elapsed": 91.542988, "delta": 2.215608}}
{"target": 0.24107142857142858, "params": {"activation_function": 1.9405930251628536, "amount_of_layers": 8.120579498399945, "batch_size": 84.52508651454679, "dropout_rate": 0.3761868776936362, "epochs": 141.3381211058404, "hidden_channels": 125.3597846324633, "learning_rate": 0.060827748071545354, "optimizer": 0.6015570649055728, "pooling_algorithm": 0.3106696221148839}, "datetime": {"datetime": "2023-11-28 13:38:53", "elapsed": 95.945917, "delta": 4.402929}}
{"target": 0.2660714285714285, "params": {"activation_function": 0.8130147682817683, "amount_of_layers": 4.659511798074054, "batch_size": 105.870911197145, "dropout_rate": 0.6609399104929776, "epochs": 27.783503689493525, "hidden_channels": 110.74445249592867, "learning_rate": 0.03638576309588973, "optimizer": 1.426908470621576, "pooling_algorithm": 0.4819906595225698}, "datetime": {"datetime": "2023-11-28 13:38:54", "elapsed": 96.759963, "delta": 0.814046}}
{"target": 0.5, "params": {"activation_function": 0.3878657191034136, "amount_of_layers": 8.256479787639774, "batch_size": 135.14746924435033, "dropout_rate": 0.4569377672266382, "epochs": 195.77226107078909, "hidden_channels": 55.159788402652275, "learning_rate": 0.04925968751399733, "optimizer": 0.9000590958662378, "pooling_algorithm": 0.44849212943093575}, "datetime": {"datetime": "2023-11-28 13:39:00", "elapsed": 102.709657, "delta": 5.949694}}
{"target": 0.5, "params": {"activation_function": 0.3487059857329553, "amount_of_layers": 6.969177039253039, "batch_size": 118.11022012795553, "dropout_rate": 0.3843500483909958, "epochs": 74.52598612906996, "hidden_channels": 98.77417498617325, "learning_rate": 0.056428890880212544, "optimizer": 0.7001827575045971, "pooling_algorithm": 0.6848132961049369}, "datetime": {"datetime": "2023-11-28 13:39:02", "elapsed": 104.955082, "delta": 2.245425}}
{"target": 0.26785714285714285, "params": {"activation_function": 0.08798069482693727, "amount_of_layers": 6.902611407718605, "batch_size": 84.97634071328646, "dropout_rate": 0.6721135180884699, "epochs": 188.81935295430299, "hidden_channels": 36.209931198365354, "learning_rate": 0.05017977219015212, "optimizer": 0.23652309582425657, "pooling_algorithm": 0.14843118221984208}, "datetime": {"datetime": "2023-11-28 13:39:07", "elapsed": 110.209398, "delta": 5.254316}}
{"target": 0.7321428571428572, "params": {"activation_function": 1.2617488477955143, "amount_of_layers": 8.487498631446801, "batch_size": 84.20664281719165, "dropout_rate": 0.5096025760308056, "epochs": 49.88340496050392, "hidden_channels": 89.91697586508677, "learning_rate": 0.0885701585804946, "optimizer": 0.4403351603818071, "pooling_algorithm": 0.12398867877693298}, "datetime": {"datetime": "2023-11-28 13:39:09", "elapsed": 111.822781, "delta": 1.613383}}
{"target": 0.2571428571428571, "params": {"activation_function": 1.2883618851085736, "amount_of_layers": 6.275680032669873, "batch_size": 99.67064545385418, "dropout_rate": 0.35926297897704934, "epochs": 17.198917888431197, "hidden_channels": 33.768440244313496, "learning_rate": 0.04295154664358086, "optimizer": 1.5066500894650023, "pooling_algorithm": 0.015449862041386209}, "datetime": {"datetime": "2023-11-28 13:39:09", "elapsed": 112.391581, "delta": 0.5688}}
{"target": 0.8285714285714285, "params": {"activation_function": 0.12702143562908108, "amount_of_layers": 7.549785738257853, "batch_size": 86.44985441498486, "dropout_rate": 0.5243378443250304, "epochs": 94.2340859377147, "hidden_channels": 30.99730653429264, "learning_rate": 0.03208296460543139, "optimizer": 0.555017302461515, "pooling_algorithm": 0.3449572339956588}, "datetime": {"datetime": "2023-11-28 13:39:12", "elapsed": 115.575888, "delta": 3.184307}}
{"target": 0.5, "params": {"activation_function": 0.23321397438725522, "amount_of_layers": 6.985574524766828, "batch_size": 112.74646987576438, "dropout_rate": 0.3976474706486799, "epochs": 117.78289563811491, "hidden_channels": 21.693663452651283, "learning_rate": 0.02013349740304241, "optimizer": 1.8881219328699157, "pooling_algorithm": 0.6976731760381911}, "datetime": {"datetime": "2023-11-28 13:39:16", "elapsed": 118.984787, "delta": 3.408899}}
{"target": 0.9, "params": {"activation_function": 0.5341663758373771, "amount_of_layers": 5.956314253941009, "batch_size": 44.11041323717329, "dropout_rate": 0.5097077841484925, "epochs": 22.32539418478669, "hidden_channels": 7.002909786646489, "learning_rate": 0.058795514571013674, "optimizer": 0.28294078717907856, "pooling_algorithm": 0.9752861462856407}, "datetime": {"datetime": "2023-11-28 13:39:17", "elapsed": 120.092682, "delta": 1.107895}}
{"target": 0.9035714285714287, "params": {"activation_function": 0.25585105776593586, "amount_of_layers": 5.403219898922636, "batch_size": 43.557366004696135, "dropout_rate": 0.3997324560994922, "epochs": 107.5602683340111, "hidden_channels": 83.57411818072362, "learning_rate": 0.0915402210185707, "optimizer": 0.09129642003669325, "pooling_algorithm": 0.5323232331651899}, "datetime": {"datetime": "2023-11-28 13:39:21", "elapsed": 124.56025, "delta": 4.467568}}
