{"target": 0.7428571428571429, "params": {"activation_function": 0.8117625366243499, "amount_of_layers": 7.330261840357246, "batch_size": 106.1434974280246, "dropout_rate": 0.5299215618567686, "epochs": 122.12906715842809, "hidden_channels": 10.704179090343924, "learning_rate": 0.06081103930936257, "optimizer": 1.8581138197181846, "pooling_algorithm": 0.27280805169316114}, "datetime": {"datetime": "2023-11-28 13:48:24", "elapsed": 279.48349, "delta": 3.441183}}
{"target": 0.9035714285714286, "params": {"activation_function": 0.8255833033033804, "amount_of_layers": 3.192984459764082, "batch_size": 116.66639555453997, "dropout_rate": 0.661995073983147, "epochs": 181.75915949922873, "hidden_channels": 39.5953145396073, "learning_rate": 0.09777708028310356, "optimizer": 0.47684615890205273, "pooling_algorithm": 0.8079990316785755}, "datetime": {"datetime": "2023-11-28 13:48:27", "elapsed": 282.966785, "delta": 3.483295}}
{"target": 0.8428571428571429, "params": {"activation_function": 0.12373234270399713, "amount_of_layers": 1.615932946146839, "batch_size": 108.114946269073, "dropout_rate": 0.38684938014767817, "epochs": 32.442361358802884, "hidden_channels": 84.01376702849596, "learning_rate": 0.0309213812861352, "optimizer": 1.0049812052477813, "pooling_algorithm": 0.5963882630852263}, "datetime": {"datetime": "2023-11-28 13:48:28", "elapsed": 283.648679, "delta": 0.681894}}
{"target": 0.5, "params": {"activation_function": 0.10215986877259309, "amount_of_layers": 8.06223621446663, "batch_size": 104.31327312808058, "dropout_rate": 0.27857318041435525, "epochs": 122.87855537141208, "hidden_channels": 8.719906555984398, "learning_rate": 0.09662683027341953, "optimizer": 1.7002439213718437, "pooling_algorithm": 0.5160926037587975}, "datetime": {"datetime": "2023-11-28 13:48:32", "elapsed": 287.32721, "delta": 3.678531}}
{"target": 0.5, "params": {"activation_function": 1.8499848083785946, "amount_of_layers": 3.206634017055274, "batch_size": 63.32026457166875, "dropout_rate": 0.29020369697893916, "epochs": 182.13557288186564, "hidden_channels": 96.08688725592057, "learning_rate": 0.08690800491969296, "optimizer": 1.400622030615522, "pooling_algorithm": 0.7065531734123457}, "datetime": {"datetime": "2023-11-28 13:48:37", "elapsed": 292.258675, "delta": 4.931465}}
{"target": 0.5, "params": {"activation_function": 0.10322848821875907, "amount_of_layers": 3.4439421041539724, "batch_size": 52.25130460274909, "dropout_rate": 0.4162245794735361, "epochs": 109.9669676164325, "hidden_channels": 55.11895138636813, "learning_rate": 0.09308131463316732, "optimizer": 0.6432677679314922, "pooling_algorithm": 0.4502574300600847}, "datetime": {"datetime": "2023-11-28 13:48:40", "elapsed": 295.418802, "delta": 3.160127}}
{"target": 0.2607142857142857, "params": {"activation_function": 1.0251593303866915, "amount_of_layers": 7.457783859551471, "batch_size": 74.37682020405893, "dropout_rate": 0.5119867608395556, "epochs": 117.22020520679483, "hidden_channels": 51.425395976102074, "learning_rate": 0.022284439473707694, "optimizer": 0.6338778049400766, "pooling_algorithm": 0.3857394866269176}, "datetime": {"datetime": "2023-11-28 13:48:45", "elapsed": 300.024687, "delta": 4.605885}}
{"target": 0.7357142857142857, "params": {"activation_function": 1.3065211113293576, "amount_of_layers": 8.17640912032305, "batch_size": 71.42243477352994, "dropout_rate": 0.7342879625333214, "epochs": 117.84673885847891, "hidden_channels": 45.48370461086354, "learning_rate": 0.018022329086353074, "optimizer": 1.3606093492624376, "pooling_algorithm": 0.16537699478472023}, "datetime": {"datetime": "2023-11-28 13:48:49", "elapsed": 304.965981, "delta": 4.941294}}
{"target": 0.7392857142857143, "params": {"activation_function": 1.800862425043592, "amount_of_layers": 8.052249922042444, "batch_size": 70.84837334614687, "dropout_rate": 0.4376198316884882, "epochs": 91.50883801529206, "hidden_channels": 81.40926541444172, "learning_rate": 0.01741838810426506, "optimizer": 0.6407232019308944, "pooling_algorithm": 0.04388914755467355}, "datetime": {"datetime": "2023-11-28 13:48:53", "elapsed": 308.915183, "delta": 3.949202}}
{"target": 0.2607142857142857, "params": {"activation_function": 0.5432470217149998, "amount_of_layers": 8.31993673174418, "batch_size": 108.47821660583337, "dropout_rate": 0.4895556347676114, "epochs": 118.60694372330724, "hidden_channels": 8.805636060111816, "learning_rate": 0.07314510654813648, "optimizer": 1.0150298666783328, "pooling_algorithm": 0.014612073004089066}, "datetime": {"datetime": "2023-11-28 13:48:57", "elapsed": 312.552082, "delta": 3.636899}}
{"target": 0.7321428571428572, "params": {"activation_function": 1.4932837267234118, "amount_of_layers": 5.740314568021837, "batch_size": 79.03945813820896, "dropout_rate": 0.5328666193987641, "epochs": 50.09956161674278, "hidden_channels": 65.4825288132785, "learning_rate": 0.048987548814174, "optimizer": 0.3645188136745483, "pooling_algorithm": 0.10595519058294567}, "datetime": {"datetime": "2023-11-28 13:48:58", "elapsed": 313.920868, "delta": 1.368786}}
{"target": 0.5, "params": {"activation_function": 0.3716022538596051, "amount_of_layers": 2.135169499638609, "batch_size": 64.12456978241778, "dropout_rate": 0.6040358937431387, "epochs": 182.77459217087724, "hidden_channels": 95.98338479073266, "learning_rate": 0.045867349527910196, "optimizer": 1.0331308199364815, "pooling_algorithm": 0.5113858561073626}, "datetime": {"datetime": "2023-11-28 13:49:03", "elapsed": 318.022883, "delta": 4.102015}}
{"target": 0.7357142857142858, "params": {"activation_function": 1.9560480317273599, "amount_of_layers": 2.1012389876989133, "batch_size": 140.69957443941192, "dropout_rate": 0.3373961031417614, "epochs": 19.918344254117322, "hidden_channels": 23.826542814992383, "learning_rate": 0.07088122680954298, "optimizer": 1.3218945217088471, "pooling_algorithm": 0.01921586761923577}, "datetime": {"datetime": "2023-11-28 13:49:03", "elapsed": 318.499448, "delta": 0.476565}}
{"target": 0.7392857142857143, "params": {"activation_function": 1.3468193717336765, "amount_of_layers": 6.938367021790372, "batch_size": 36.66350488028814, "dropout_rate": 0.7204444667601314, "epochs": 190.25182439962416, "hidden_channels": 32.59986093140779, "learning_rate": 0.030379524162164797, "optimizer": 0.7579720597492356, "pooling_algorithm": 0.07862913479356737}, "datetime": {"datetime": "2023-11-28 13:49:15", "elapsed": 330.150806, "delta": 11.651358}}
{"target": 0.8285714285714286, "params": {"activation_function": 0.4588223943044347, "amount_of_layers": 6.079802447864308, "batch_size": 85.11196198272289, "dropout_rate": 0.5256363351106208, "epochs": 48.31024015569987, "hidden_channels": 65.0344775695844, "learning_rate": 0.009952281214981401, "optimizer": 1.251821189542619, "pooling_algorithm": 0.3907597129159044}, "datetime": {"datetime": "2023-11-28 13:49:16", "elapsed": 331.56985, "delta": 1.419044}}
{"target": 0.9035714285714286, "params": {"activation_function": 0.7102095065431624, "amount_of_layers": 5.167303911411392, "batch_size": 80.1974928963986, "dropout_rate": 0.41014854305825166, "epochs": 48.674164972799964, "hidden_channels": 65.88152750192006, "learning_rate": 0.025689603051874794, "optimizer": 0.33168907441122086, "pooling_algorithm": 0.9057338794079838}, "datetime": {"datetime": "2023-11-28 13:49:17", "elapsed": 332.847893, "delta": 1.278043}}
{"target": 0.7892857142857143, "params": {"activation_function": 0.40814858030136714, "amount_of_layers": 8.843575766816468, "batch_size": 83.50505545514682, "dropout_rate": 0.5521521209640149, "epochs": 46.64222993908045, "hidden_channels": 65.26411883625435, "learning_rate": 0.049425623196651204, "optimizer": 0.035038410054709646, "pooling_algorithm": 0.30531739359383947}, "datetime": {"datetime": "2023-11-28 13:49:19", "elapsed": 334.395622, "delta": 1.547729}}
{"target": 0.2571428571428571, "params": {"activation_function": 1.4973344745822388, "amount_of_layers": 5.877526121982942, "batch_size": 81.43141392292692, "dropout_rate": 0.61926266550219, "epochs": 50.42886455675732, "hidden_channels": 68.4628482296351, "learning_rate": 0.0031706194763470486, "optimizer": 0.04621218731812449, "pooling_algorithm": 0.3607577417764857}, "datetime": {"datetime": "2023-11-28 13:49:20", "elapsed": 335.846852, "delta": 1.45123}}
{"target": 0.8107142857142857, "params": {"activation_function": 0.3048351557739417, "amount_of_layers": 5.559183966057251, "batch_size": 81.62829272515489, "dropout_rate": 0.7162404627951768, "epochs": 45.537556433091716, "hidden_channels": 65.45277219337747, "learning_rate": 0.0497707976014608, "optimizer": 0.5573791369209544, "pooling_algorithm": 0.21291827748354186}, "datetime": {"datetime": "2023-11-28 13:49:22", "elapsed": 337.15208, "delta": 1.305228}}
{"target": 0.9107142857142857, "params": {"activation_function": 0.42031945937489845, "amount_of_layers": 6.574726694081018, "batch_size": 23.498564429532852, "dropout_rate": 0.5004226715639648, "epochs": 89.37295444045388, "hidden_channels": 65.03070655983741, "learning_rate": 0.040530696029337655, "optimizer": 0.10166174940968209, "pooling_algorithm": 0.5676444790603256}, "datetime": {"datetime": "2023-11-28 13:49:29", "elapsed": 344.133898, "delta": 6.981818}}
{"target": 0.5, "params": {"activation_function": 0.11584095695147223, "amount_of_layers": 7.691038629339111, "batch_size": 81.38854171335427, "dropout_rate": 0.4287862831786318, "epochs": 47.614994792069865, "hidden_channels": 66.83540338181226, "learning_rate": 0.023656087817819714, "optimizer": 1.7074288533945003, "pooling_algorithm": 0.4455707387145843}, "datetime": {"datetime": "2023-11-28 13:49:30", "elapsed": 345.692793, "delta": 1.558895}}
{"target": 0.7392857142857143, "params": {"activation_function": 0.5131296503106835, "amount_of_layers": 5.132382657658099, "batch_size": 49.895207846202595, "dropout_rate": 0.5575489300464477, "epochs": 109.40395518589591, "hidden_channels": 54.21248788979036, "learning_rate": 0.03214070084131626, "optimizer": 1.3152612447234107, "pooling_algorithm": 0.447530930654937}, "datetime": {"datetime": "2023-11-28 13:49:34", "elapsed": 349.321816, "delta": 3.629023}}
{"target": 0.9, "params": {"activation_function": 1.2013353618270024, "amount_of_layers": 4.38786053658177, "batch_size": 82.63600360607428, "dropout_rate": 0.49675687509753297, "epochs": 47.524219976094734, "hidden_channels": 67.75239921308199, "learning_rate": 0.0535839613879233, "optimizer": 0.20743378600403894, "pooling_algorithm": 0.5919804249050041}, "datetime": {"datetime": "2023-11-28 13:49:35", "elapsed": 350.455636, "delta": 1.13382}}
{"target": 0.9, "params": {"activation_function": 0.7230474195281906, "amount_of_layers": 2.941236971531332, "batch_size": 141.66904489512206, "dropout_rate": 0.4162735457019057, "epochs": 17.03138798661024, "hidden_channels": 26.37724267290168, "learning_rate": 0.07317923811503657, "optimizer": 0.02980162763112859, "pooling_algorithm": 0.9948294919575837}, "datetime": {"datetime": "2023-11-28 13:49:35", "elapsed": 350.946976, "delta": 0.49134}}
{"target": 0.9178571428571429, "params": {"activation_function": 0.4988509735667339, "amount_of_layers": 1.89288759776018, "batch_size": 113.63195438536731, "dropout_rate": 0.5517872960536669, "epochs": 180.9514515452027, "hidden_channels": 44.31356736144319, "learning_rate": 0.051529092700431, "optimizer": 0.4594755680282039, "pooling_algorithm": 0.7714924844761472}, "datetime": {"datetime": "2023-11-28 13:49:39", "elapsed": 354.298155, "delta": 3.351179}}
{"target": 0.8999999999999999, "params": {"activation_function": 1.285343026416432, "amount_of_layers": 7.356627345356101, "batch_size": 106.675153944261, "dropout_rate": 0.5096231658244134, "epochs": 119.10591845367624, "hidden_channels": 9.619309381212549, "learning_rate": 0.02308532271133582, "optimizer": 0.31923039177555546, "pooling_algorithm": 0.7124583856112681}, "datetime": {"datetime": "2023-11-28 13:49:42", "elapsed": 357.764417, "delta": 3.466262}}
