{"target": 0.9071428571428571, "params": {"activation_function": 0.8308789062429149, "amount_of_layers": 3.1882261175187505, "batch_size": 82.60509533993017, "dropout_rate": 0.4557987770187077, "epochs": 48.935576036377014, "hidden_channels": 67.58320431216181, "learning_rate": 0.0014186094325433578, "optimizer": 0.542387751535589, "pooling_algorithm": 0.664492279847354}, "datetime": {"datetime": "2023-11-28 13:46:26", "elapsed": 161.749906, "delta": 1.075205}}
{"target": 0.22857142857142856, "params": {"activation_function": 1.9537603492274005, "amount_of_layers": 4.272735451113546, "batch_size": 105.86283526336393, "dropout_rate": 0.3588625125788112, "epochs": 32.51799311006265, "hidden_channels": 85.31678053628148, "learning_rate": 0.015095352262393578, "optimizer": 1.7841098206497377, "pooling_algorithm": 0.048486406183819164}, "datetime": {"datetime": "2023-11-28 13:46:27", "elapsed": 162.597802, "delta": 0.847896}}
{"target": 0.5, "params": {"activation_function": 0.6117244002203395, "amount_of_layers": 4.009747541885413, "batch_size": 144.2719707601415, "dropout_rate": 0.6075832517036203, "epochs": 158.0027482468256, "hidden_channels": 113.70198814298544, "learning_rate": 0.09970768929938537, "optimizer": 1.399297374494755, "pooling_algorithm": 0.12663525043568669}, "datetime": {"datetime": "2023-11-28 13:46:30", "elapsed": 165.995408, "delta": 3.397606}}
{"target": 0.9071428571428571, "params": {"activation_function": 0.3384224155647968, "amount_of_layers": 7.250404984393472, "batch_size": 74.26816469040902, "dropout_rate": 0.37714468502915205, "epochs": 120.1501221505763, "hidden_channels": 47.78776297023202, "learning_rate": 0.018507604023084438, "optimizer": 0.42767304952038243, "pooling_algorithm": 0.6795292762310378}, "datetime": {"datetime": "2023-11-28 13:46:35", "elapsed": 170.475739, "delta": 4.480331}}
{"target": 0.8142857142857143, "params": {"activation_function": 0.11234653220070445, "amount_of_layers": 5.686850049591632, "batch_size": 83.02571090747892, "dropout_rate": 0.3445721538615642, "epochs": 46.13623828957665, "hidden_channels": 64.9050530163922, "learning_rate": 0.03604675112166438, "optimizer": 1.109201916009062, "pooling_algorithm": 0.042813487782286}, "datetime": {"datetime": "2023-11-28 13:46:36", "elapsed": 171.86424, "delta": 1.388501}}
{"target": 0.2642857142857143, "params": {"activation_function": 1.2471480628996598, "amount_of_layers": 3.8400832020355855, "batch_size": 80.61040722018603, "dropout_rate": 0.47845075915685564, "epochs": 17.276078045670765, "hidden_channels": 57.63090722083998, "learning_rate": 0.05256665307693565, "optimizer": 0.44382694759451136, "pooling_algorithm": 0.016222370039936762}, "datetime": {"datetime": "2023-11-28 13:46:37", "elapsed": 172.409636, "delta": 0.545396}}
{"target": 0.825, "params": {"activation_function": 0.0, "amount_of_layers": 5.203078225739333, "batch_size": 83.30417262304853, "dropout_rate": 0.25, "epochs": 49.42019860435842, "hidden_channels": 65.94892050048551, "learning_rate": 0.019962992993893966, "optimizer": 1.1236985940108288, "pooling_algorithm": 0.21797637210552592}, "datetime": {"datetime": "2023-11-28 13:46:38", "elapsed": 173.853549, "delta": 1.443913}}
{"target": 0.8732142857142857, "params": {"activation_function": 0.32905444483358925, "amount_of_layers": 1.4388376871509667, "batch_size": 115.98845683989697, "dropout_rate": 0.4893500596692337, "epochs": 183.54915512829226, "hidden_channels": 40.525374468273114, "learning_rate": 0.06535004659481598, "optimizer": 0.7211236241034968, "pooling_algorithm": 0.7599127324814912}, "datetime": {"datetime": "2023-11-28 13:46:41", "elapsed": 176.786698, "delta": 2.933149}}
{"target": 0.0, "params": {"activation_function": 1.9958730922795191, "amount_of_layers": 7.527159102601444, "batch_size": 73.75702910412028, "dropout_rate": 0.7453498394650225, "epochs": 122.86920185030633, "hidden_channels": 48.69925403469193, "learning_rate": 0.0644234712443642, "optimizer": 1.9270289038253479, "pooling_algorithm": 0.028176074229171788}, "datetime": {"datetime": "2023-11-28 13:46:46", "elapsed": 181.808539, "delta": 5.021841}}
{"target": 0.8035714285714286, "params": {"activation_function": 1.9589261722994304, "amount_of_layers": 1.3310463512042396, "batch_size": 81.91692361422048, "dropout_rate": 0.7403503514409298, "epochs": 49.36529782315708, "hidden_channels": 66.91070206083846, "learning_rate": 0.0016459206721382061, "optimizer": 1.1513216024697057, "pooling_algorithm": 0.049108080237764806}, "datetime": {"datetime": "2023-11-28 13:46:47", "elapsed": 182.699109, "delta": 0.89057}}
{"target": 0.0, "params": {"activation_function": 0.7380516770984717, "amount_of_layers": 3.1934827105368138, "batch_size": 84.41276170543404, "dropout_rate": 0.7228310642929454, "epochs": 46.17280287916137, "hidden_channels": 65.38382964895862, "learning_rate": 0.0745396559704305, "optimizer": 1.5144579013523842, "pooling_algorithm": 0.5713355096385629}, "datetime": {"datetime": "2023-11-28 13:46:48", "elapsed": 183.654181, "delta": 0.955072}}
{"target": 0.9, "params": {"activation_function": 0.79799937977115, "amount_of_layers": 8.130849116397293, "batch_size": 108.50233257565009, "dropout_rate": 0.3869051357239328, "epochs": 118.92673500485961, "hidden_channels": 9.01176355561106, "learning_rate": 0.009946500951431809, "optimizer": 1.660904434473291, "pooling_algorithm": 0.9375611515374613}, "datetime": {"datetime": "2023-11-28 13:46:52", "elapsed": 187.143594, "delta": 3.489413}}
{"target": 0.2589285714285714, "params": {"activation_function": 0.7117667344926049, "amount_of_layers": 6.088514987066298, "batch_size": 109.00660140451154, "dropout_rate": 0.3689292719646923, "epochs": 119.489329897762, "hidden_channels": 12.411819476253772, "learning_rate": 0.024124708187043497, "optimizer": 1.283108981961569, "pooling_algorithm": 0.3308130126051154}, "datetime": {"datetime": "2023-11-28 13:46:55", "elapsed": 190.324315, "delta": 3.180721}}
{"target": 0.7464285714285714, "params": {"activation_function": 0.489637588368367, "amount_of_layers": 8.455957599982844, "batch_size": 83.33566394395113, "dropout_rate": 0.42201782094023493, "epochs": 15.984917719409598, "hidden_channels": 54.943862200234264, "learning_rate": 0.04179573751025397, "optimizer": 0.5491862859059957, "pooling_algorithm": 0.4199806060135097}, "datetime": {"datetime": "2023-11-28 13:46:55", "elapsed": 190.896958, "delta": 0.572643}}
{"target": 0.5, "params": {"activation_function": 0.2517512055736444, "amount_of_layers": 5.152687718329229, "batch_size": 82.1287531226527, "dropout_rate": 0.6683644093707808, "epochs": 18.07269530565962, "hidden_channels": 53.74915130164329, "learning_rate": 0.027411245104748048, "optimizer": 1.5090905020423384, "pooling_algorithm": 0.6629608042095545}, "datetime": {"datetime": "2023-11-28 13:46:56", "elapsed": 191.431057, "delta": 0.534099}}
{"target": 0.5, "params": {"activation_function": 1.762219921402875, "amount_of_layers": 7.685445311369576, "batch_size": 82.63434636123519, "dropout_rate": 0.6364038045698055, "epochs": 46.96974910781526, "hidden_channels": 68.05013274397449, "learning_rate": 0.0508377536775935, "optimizer": 1.7637908860432698, "pooling_algorithm": 0.913591936155836}, "datetime": {"datetime": "2023-11-28 13:46:57", "elapsed": 192.894027, "delta": 1.46297}}
{"target": 0.5, "params": {"activation_function": 1.0115817337464825, "amount_of_layers": 6.484295788723302, "batch_size": 76.73645811461577, "dropout_rate": 0.4663208579580697, "epochs": 120.13610512586938, "hidden_channels": 50.38300080285851, "learning_rate": 0.07833413578435446, "optimizer": 1.2281136222871882, "pooling_algorithm": 0.955788439367892}, "datetime": {"datetime": "2023-11-28 13:47:01", "elapsed": 196.018154, "delta": 3.124127}}
{"target": 0.7410714285714286, "params": {"activation_function": 1.6679767675352288, "amount_of_layers": 6.777128588244855, "batch_size": 108.8403755334822, "dropout_rate": 0.7003379815324668, "epochs": 119.33943164714833, "hidden_channels": 8.738199890653787, "learning_rate": 0.08467883511162429, "optimizer": 0.7104848305726645, "pooling_algorithm": 0.30014121890315004}, "datetime": {"datetime": "2023-11-28 13:47:04", "elapsed": 199.254863, "delta": 3.236709}}
{"target": 0.5, "params": {"activation_function": 1.7636091371637819, "amount_of_layers": 2.1995647420520053, "batch_size": 109.75315555384105, "dropout_rate": 0.5643308076710781, "epochs": 29.30456916506753, "hidden_channels": 84.81717760275313, "learning_rate": 0.04052488749978656, "optimizer": 0.8104191283978801, "pooling_algorithm": 0.9090006175465446}, "datetime": {"datetime": "2023-11-28 13:47:04", "elapsed": 199.885288, "delta": 0.630425}}
{"target": 0.2678571428571429, "params": {"activation_function": 1.0256511656383462, "amount_of_layers": 1.509567741309369, "batch_size": 80.6147586036114, "dropout_rate": 0.6905829718309939, "epochs": 50.3237985515457, "hidden_channels": 69.00994985441226, "learning_rate": 0.013622990444164738, "optimizer": 1.3594301168583882, "pooling_algorithm": 0.16414620746703756}, "datetime": {"datetime": "2023-11-28 13:47:05", "elapsed": 200.891996, "delta": 1.006708}}
{"target": 0.7000000000000001, "params": {"activation_function": 1.8833301531871305, "amount_of_layers": 6.238402064141801, "batch_size": 83.16653410379845, "dropout_rate": 0.535854102128674, "epochs": 52.13412956885464, "hidden_channels": 66.51402997256847, "learning_rate": 0.04271146544906407, "optimizer": 1.8475410313876695, "pooling_algorithm": 0.9758076894115164}, "datetime": {"datetime": "2023-11-28 13:47:07", "elapsed": 202.295091, "delta": 1.403095}}
{"target": 0.5, "params": {"activation_function": 1.436230572005285, "amount_of_layers": 8.687070805232157, "batch_size": 80.77063784376473, "dropout_rate": 0.45207994311593186, "epochs": 16.649905421872383, "hidden_channels": 54.157708249963385, "learning_rate": 0.04313578381110923, "optimizer": 1.4478508506586423, "pooling_algorithm": 0.5355344307573715}, "datetime": {"datetime": "2023-11-28 13:47:07", "elapsed": 202.928653, "delta": 0.633562}}
{"target": 0.5, "params": {"activation_function": 0.19702617264872702, "amount_of_layers": 5.112828344475815, "batch_size": 143.5172640293361, "dropout_rate": 0.3953381314325032, "epochs": 160.40408040010146, "hidden_channels": 114.34619654513881, "learning_rate": 0.08797356781959981, "optimizer": 1.4674071329611091, "pooling_algorithm": 0.9620124139198389}, "datetime": {"datetime": "2023-11-28 13:47:11", "elapsed": 206.597999, "delta": 3.669346}}
{"target": 0.2571428571428572, "params": {"activation_function": 1.2680243114366372, "amount_of_layers": 2.1780637423277858, "batch_size": 142.4460312442876, "dropout_rate": 0.4049274381548758, "epochs": 21.75019618735181, "hidden_channels": 25.740611812571316, "learning_rate": 0.054716482870342684, "optimizer": 1.263589354539476, "pooling_algorithm": 0.2077079165601493}, "datetime": {"datetime": "2023-11-28 13:47:12", "elapsed": 207.095588, "delta": 0.497589}}
{"target": 0.0, "params": {"activation_function": 0.4428050957515328, "amount_of_layers": 7.584936492050681, "batch_size": 145.32822356704767, "dropout_rate": 0.28820348386981326, "epochs": 161.48262150915332, "hidden_channels": 113.4394335652438, "learning_rate": 0.05051425957679415, "optimizer": 0.09118654275674709, "pooling_algorithm": 0.16853498106447584}, "datetime": {"datetime": "2023-11-28 13:47:16", "elapsed": 211.769013, "delta": 4.673425}}
{"target": 0.7892857142857144, "params": {"activation_function": 0.3908450380086035, "amount_of_layers": 7.394724731723862, "batch_size": 73.22174463649712, "dropout_rate": 0.2648895169418541, "epochs": 120.10322469985853, "hidden_channels": 50.52047566511659, "learning_rate": 0.0801012628702638, "optimizer": 0.11804815071669794, "pooling_algorithm": 0.12492265461500518}, "datetime": {"datetime": "2023-11-28 13:47:21", "elapsed": 216.292527, "delta": 4.523514}}
{"target": 0.5, "params": {"activation_function": 1.6456140777963253, "amount_of_layers": 2.160461254267725, "batch_size": 134.30453496069333, "dropout_rate": 0.34119796861244733, "epochs": 123.86855264607958, "hidden_channels": 67.00353872532993, "learning_rate": 0.08379377875746646, "optimizer": 0.799033886324217, "pooling_algorithm": 0.6593202905091785}, "datetime": {"datetime": "2023-11-28 13:47:23", "elapsed": 218.480171, "delta": 2.187644}}
{"target": 0.5, "params": {"activation_function": 1.297038950537824, "amount_of_layers": 6.067861698530899, "batch_size": 33.73208615367261, "dropout_rate": 0.6083875650598363, "epochs": 99.67876295728566, "hidden_channels": 87.95258181831, "learning_rate": 0.07106097155443408, "optimizer": 1.867278769023743, "pooling_algorithm": 0.6519249173064094}, "datetime": {"datetime": "2023-11-28 13:47:28", "elapsed": 223.905862, "delta": 5.425691}}
{"target": 0.8339285714285715, "params": {"activation_function": 1.1949646439827541, "amount_of_layers": 1.2930729044333162, "batch_size": 63.099688572824306, "dropout_rate": 0.5017154083865019, "epochs": 182.5122401352173, "hidden_channels": 96.81365106537137, "learning_rate": 0.0378145971606703, "optimizer": 0.7719292661577599, "pooling_algorithm": 0.25550538845422743}, "datetime": {"datetime": "2023-11-28 13:47:32", "elapsed": 227.729709, "delta": 3.823847}}
{"target": 0.9142857142857144, "params": {"activation_function": 1.8634516696440802, "amount_of_layers": 3.113991566935577, "batch_size": 50.390371895412336, "dropout_rate": 0.4937556225924657, "epochs": 108.99934934180942, "hidden_channels": 54.48485830870921, "learning_rate": 0.053168845612542925, "optimizer": 0.299977698796446, "pooling_algorithm": 0.9942256455908249}, "datetime": {"datetime": "2023-11-28 13:47:35", "elapsed": 230.517423, "delta": 2.787714}}
{"target": 0.8999999999999999, "params": {"activation_function": 0.5194141267272111, "amount_of_layers": 1.8800681455888104, "batch_size": 115.30359093131767, "dropout_rate": 0.44322687265512184, "epochs": 183.01306950852808, "hidden_channels": 42.05826481215312, "learning_rate": 0.06861673368293567, "optimizer": 0.3768721380613698, "pooling_algorithm": 0.647949996016034}, "datetime": {"datetime": "2023-11-28 13:47:38", "elapsed": 233.792842, "delta": 3.275419}}
{"target": 0.26249999999999996, "params": {"activation_function": 0.5894633380714145, "amount_of_layers": 3.310377826584422, "batch_size": 81.52603345203838, "dropout_rate": 0.5494686515533689, "epochs": 52.1738417657092, "hidden_channels": 65.80296538694995, "learning_rate": 0.08551053435148011, "optimizer": 0.7872824441552955, "pooling_algorithm": 0.18383022289967}, "datetime": {"datetime": "2023-11-28 13:47:39", "elapsed": 234.946856, "delta": 1.154014}}
{"target": 0.875, "params": {"activation_function": 0.9379376608806091, "amount_of_layers": 5.783694264023765, "batch_size": 82.78376350789426, "dropout_rate": 0.3951330762164252, "epochs": 48.51599234095919, "hidden_channels": 67.74899501118068, "learning_rate": 0.010548720268643261, "optimizer": 0.8881902159775328, "pooling_algorithm": 0.5289607050119082}, "datetime": {"datetime": "2023-11-28 13:47:41", "elapsed": 236.357927, "delta": 1.411071}}
{"target": 0.9035714285714286, "params": {"activation_function": 0.9123615560439107, "amount_of_layers": 7.708068522046245, "batch_size": 105.53370322659674, "dropout_rate": 0.6148884488774178, "epochs": 120.42107224743037, "hidden_channels": 8.937859139373613, "learning_rate": 0.01991927319351737, "optimizer": 0.6646194152958975, "pooling_algorithm": 0.6875262064618897}, "datetime": {"datetime": "2023-11-28 13:47:44", "elapsed": 239.923124, "delta": 3.565197}}
{"target": 0.9071428571428573, "params": {"activation_function": 0.16252970635990205, "amount_of_layers": 4.6396073207666335, "batch_size": 81.24880600695072, "dropout_rate": 0.44045244430750263, "epochs": 49.53990983360105, "hidden_channels": 67.60074831032887, "learning_rate": 0.019763137086050757, "optimizer": 0.929007304667087, "pooling_algorithm": 0.7402409339115096}, "datetime": {"datetime": "2023-11-28 13:47:46", "elapsed": 241.235376, "delta": 1.312252}}
{"target": 0.7392857142857143, "params": {"activation_function": 1.0559513582327975, "amount_of_layers": 2.9808898925583005, "batch_size": 117.28537876075625, "dropout_rate": 0.6209920718875983, "epochs": 185.74656973128688, "hidden_channels": 44.554748519330666, "learning_rate": 0.0501337915988302, "optimizer": 0.6844570273761346, "pooling_algorithm": 0.28676617788110903}, "datetime": {"datetime": "2023-11-28 13:47:49", "elapsed": 244.975542, "delta": 3.740166}}
{"target": 0.7410714285714286, "params": {"activation_function": 0.871975220559204, "amount_of_layers": 6.265957464607586, "batch_size": 49.401087073761246, "dropout_rate": 0.6612260482601728, "epochs": 110.4916525766738, "hidden_channels": 54.722821371324834, "learning_rate": 0.0545759037681534, "optimizer": 1.37967619319548, "pooling_algorithm": 0.49900681928780555}, "datetime": {"datetime": "2023-11-28 13:47:54", "elapsed": 250.01018, "delta": 5.034638}}
{"target": 0.9142857142857144, "params": {"activation_function": 0.22075946580992345, "amount_of_layers": 3.140688438489563, "batch_size": 139.46875425468494, "dropout_rate": 0.3351837067487532, "epochs": 19.95976205804493, "hidden_channels": 25.119035479553943, "learning_rate": 0.08689363790622397, "optimizer": 0.2394851662082127, "pooling_algorithm": 0.9836098372257845}, "datetime": {"datetime": "2023-11-28 13:47:55", "elapsed": 250.595782, "delta": 0.585602}}
{"target": 0.26428571428571423, "params": {"activation_function": 1.5547380700613453, "amount_of_layers": 5.491039344301666, "batch_size": 114.80256316426936, "dropout_rate": 0.46978711276114443, "epochs": 184.96655611067322, "hidden_channels": 41.53560308414846, "learning_rate": 0.09268577260233693, "optimizer": 1.5957188921665804, "pooling_algorithm": 0.34914031428395553}, "datetime": {"datetime": "2023-11-28 13:47:59", "elapsed": 254.759177, "delta": 4.163395}}
{"target": 0.5, "params": {"activation_function": 0.802673197967569, "amount_of_layers": 2.4172879826196825, "batch_size": 49.79622692059744, "dropout_rate": 0.6511384124834592, "epochs": 107.7723565760621, "hidden_channels": 52.776912601961826, "learning_rate": 0.06643664109988173, "optimizer": 0.8076584154238609, "pooling_algorithm": 0.8018332357185453}, "datetime": {"datetime": "2023-11-28 13:48:02", "elapsed": 257.363382, "delta": 2.604205}}
{"target": 0.5, "params": {"activation_function": 0.06207784557728391, "amount_of_layers": 6.755258480781954, "batch_size": 74.17508146572123, "dropout_rate": 0.7321318825073416, "epochs": 119.90389150171976, "hidden_channels": 51.74289762602122, "learning_rate": 0.04390142962278977, "optimizer": 1.5771953075171667, "pooling_algorithm": 0.9126781116436735}, "datetime": {"datetime": "2023-11-28 13:48:06", "elapsed": 261.919855, "delta": 4.556473}}
{"target": 0.2642857142857143, "params": {"activation_function": 0.7329445191501269, "amount_of_layers": 3.0208506738453176, "batch_size": 138.21965112571888, "dropout_rate": 0.3326522231257591, "epochs": 20.280214374871278, "hidden_channels": 24.822148287697274, "learning_rate": 0.021392292766311237, "optimizer": 1.8726694907586516, "pooling_algorithm": 0.2735303603353556}, "datetime": {"datetime": "2023-11-28 13:48:07", "elapsed": 262.423256, "delta": 0.503401}}
{"target": 0.5821428571428572, "params": {"activation_function": 1.6649982650725708, "amount_of_layers": 1.1198110029833819, "batch_size": 84.18076578046727, "dropout_rate": 0.44011701383296337, "epochs": 50.07181260708512, "hidden_channels": 67.4196634063585, "learning_rate": 0.09621335782574145, "optimizer": 0.5148652265988274, "pooling_algorithm": 0.022976294054256385}, "datetime": {"datetime": "2023-11-28 13:48:08", "elapsed": 263.362544, "delta": 0.939288}}
{"target": 0.8035714285714285, "params": {"activation_function": 0.7771735025047966, "amount_of_layers": 3.112190412749449, "batch_size": 131.93194104895392, "dropout_rate": 0.39389996114029585, "epochs": 122.46044737529088, "hidden_channels": 69.81265662685851, "learning_rate": 0.013336740331327975, "optimizer": 0.6302668764159003, "pooling_algorithm": 0.10621341576728927}, "datetime": {"datetime": "2023-11-28 13:48:10", "elapsed": 265.987874, "delta": 2.62533}}
{"target": 0.5, "params": {"activation_function": 1.406065631512856, "amount_of_layers": 8.843535507547625, "batch_size": 74.05249588397214, "dropout_rate": 0.5533697519199483, "epochs": 117.83254849648281, "hidden_channels": 49.010252950143574, "learning_rate": 0.05928360813795604, "optimizer": 1.7872488296817757, "pooling_algorithm": 0.5196893831057712}, "datetime": {"datetime": "2023-11-28 13:48:16", "elapsed": 271.109094, "delta": 5.12122}}
{"target": 0.8178571428571428, "params": {"activation_function": 0.3030022354629658, "amount_of_layers": 2.860204296559962, "batch_size": 141.65142160167306, "dropout_rate": 0.2524444253808788, "epochs": 18.38401604479691, "hidden_channels": 25.720018290899283, "learning_rate": 0.08798586396057381, "optimizer": 0.5551446813438679, "pooling_algorithm": 0.3495928698828674}, "datetime": {"datetime": "2023-11-28 13:48:16", "elapsed": 271.575283, "delta": 0.466189}}
{"target": 0.8107142857142856, "params": {"activation_function": 0.4515792613695555, "amount_of_layers": 7.458334103318268, "batch_size": 72.84157832614784, "dropout_rate": 0.5330764958171383, "epochs": 119.13850552364302, "hidden_channels": 46.03289501893662, "learning_rate": 0.06400034677425909, "optimizer": 0.3152258455989898, "pooling_algorithm": 0.18029228086589666}, "datetime": {"datetime": "2023-11-28 13:48:21", "elapsed": 276.042307, "delta": 4.467024}}
