{"target": 0.8999999999999999, "params": {"activation_function": 0.948515624883016, "amount_of_layers": 2.029262299716189, "batch_size": 67.01262466149095, "dropout_rate": 0.6161957595092493, "epochs": 150.8791271568101, "hidden_channels": 91.57053342588611, "learning_rate": 0.09887413392559848, "optimizer": 0.2448663480875073, "pooling_algorithm": 0.8945916287742713}, "datetime": {"datetime": "2023-11-28 13:39:25", "elapsed": 128.12148, "delta": 3.56123}}
{"target": 0.7375, "params": {"activation_function": 1.241609274203364, "amount_of_layers": 4.929432873375748, "batch_size": 41.728670032358416, "dropout_rate": 0.681767346102877, "epochs": 108.97143507026293, "hidden_channels": 84.35073789117239, "learning_rate": 0.03472416941613756, "optimizer": 0.9415956529705896, "pooling_algorithm": 0.4509790788347572}, "datetime": {"datetime": "2023-11-28 13:39:30", "elapsed": 132.883903, "delta": 4.762423}}
{"target": 0.5, "params": {"activation_function": 0.8942910972888205, "amount_of_layers": 5.218976026661663, "batch_size": 43.97510008542895, "dropout_rate": 0.7231208848227979, "epochs": 106.4716123662487, "hidden_channels": 80.73599877628561, "learning_rate": 0.09336412197295302, "optimizer": 1.0663129278811931, "pooling_algorithm": 0.507068107005104}, "datetime": {"datetime": "2023-11-28 13:39:34", "elapsed": 137.462695, "delta": 4.578792}}
{"target": 0.4357142857142857, "params": {"activation_function": 0.2162672924086928, "amount_of_layers": 6.3623968680583465, "batch_size": 91.12770285986632, "dropout_rate": 0.527752074955013, "epochs": 19.886405888905493, "hidden_channels": 81.1254795858287, "learning_rate": 0.09878321753219226, "optimizer": 0.11849750091496025, "pooling_algorithm": 0.18509456672513502}, "datetime": {"datetime": "2023-11-28 13:39:35", "elapsed": 138.141, "delta": 0.678305}}
{"target": 0.2642857142857143, "params": {"activation_function": 1.4726931145853637, "amount_of_layers": 3.5260718780465368, "batch_size": 74.724547030815, "dropout_rate": 0.27098526838586373, "epochs": 19.97699879898535, "hidden_channels": 58.53305132815327, "learning_rate": 0.019005781595928677, "optimizer": 0.6467419364626192, "pooling_algorithm": 0.20372613751959823}, "datetime": {"datetime": "2023-11-28 13:39:36", "elapsed": 138.691354, "delta": 0.550354}}
{"target": 0.5, "params": {"activation_function": 1.2975096200109892, "amount_of_layers": 1.5740131408185265, "batch_size": 66.50561543916368, "dropout_rate": 0.6342189545513677, "epochs": 169.36143097622355, "hidden_channels": 74.36923466420795, "learning_rate": 0.06430857302983643, "optimizer": 1.5715719823270782, "pooling_algorithm": 0.47372826964309267}, "datetime": {"datetime": "2023-11-28 13:39:40", "elapsed": 142.753811, "delta": 4.062457}}
{"target": 0.7321428571428571, "params": {"activation_function": 1.4389332171036395, "amount_of_layers": 7.435756549778835, "batch_size": 25.1322955220722, "dropout_rate": 0.6565637796039604, "epochs": 12.848358717499305, "hidden_channels": 90.83470889771442, "learning_rate": 0.0477610944041024, "optimizer": 1.1847865005443219, "pooling_algorithm": 0.27758806328374885}, "datetime": {"datetime": "2023-11-28 13:39:41", "elapsed": 143.884021, "delta": 1.13021}}
{"target": 0.8035714285714286, "params": {"activation_function": 1.7959554172668013, "amount_of_layers": 4.359595863742982, "batch_size": 65.2001515973827, "dropout_rate": 0.38474466641572425, "epochs": 166.62919598199457, "hidden_channels": 57.01056599672031, "learning_rate": 0.08399585938004672, "optimizer": 0.37879921310455633, "pooling_algorithm": 0.10077433441179084}, "datetime": {"datetime": "2023-11-28 13:39:46", "elapsed": 149.09821, "delta": 5.214189}}
{"target": 0.5, "params": {"activation_function": 0.9909233600391363, "amount_of_layers": 8.418032855417065, "batch_size": 51.88223839586304, "dropout_rate": 0.31027651609374474, "epochs": 31.245465900357697, "hidden_channels": 47.40104777298189, "learning_rate": 0.05074889352712957, "optimizer": 1.7843990960883611, "pooling_algorithm": 0.8999062684180461}, "datetime": {"datetime": "2023-11-28 13:39:48", "elapsed": 150.585643, "delta": 1.487433}}
{"target": 0.0, "params": {"activation_function": 0.5124564380687753, "amount_of_layers": 3.671897829511839, "batch_size": 48.70601033924339, "dropout_rate": 0.34593832654722345, "epochs": 159.46765978856322, "hidden_channels": 104.219865886656, "learning_rate": 0.043402009556125186, "optimizer": 1.9213513861294533, "pooling_algorithm": 0.8751744865631139}, "datetime": {"datetime": "2023-11-28 13:39:53", "elapsed": 156.478594, "delta": 5.892951}}
{"target": 0.9071428571428571, "params": {"activation_function": 0.12915825040467332, "amount_of_layers": 7.881005086514577, "batch_size": 86.76288555899912, "dropout_rate": 0.2744875426156866, "epochs": 114.0170517317037, "hidden_channels": 99.64452960677572, "learning_rate": 0.06621823136458949, "optimizer": 0.01907946008174144, "pooling_algorithm": 0.735622671548575}, "datetime": {"datetime": "2023-11-28 13:39:57", "elapsed": 159.989328, "delta": 3.510734}}
{"target": 0.26249999999999996, "params": {"activation_function": 1.7801379544816727, "amount_of_layers": 4.286151028252349, "batch_size": 116.13066209343428, "dropout_rate": 0.32297057440658516, "epochs": 95.67278548975459, "hidden_channels": 34.992247033347496, "learning_rate": 0.047773132044521965, "optimizer": 1.7473614569819833, "pooling_algorithm": 0.4222639019058496}, "datetime": {"datetime": "2023-11-28 13:39:59", "elapsed": 162.363607, "delta": 2.374279}}
{"target": 0.7357142857142857, "params": {"activation_function": 0.6467472640672314, "amount_of_layers": 6.814665810165362, "batch_size": 20.603451440388135, "dropout_rate": 0.46897836980367447, "epochs": 88.93210002854242, "hidden_channels": 12.756087803562412, "learning_rate": 0.016916750595613962, "optimizer": 0.306745775208598, "pooling_algorithm": 0.378292581162725}, "datetime": {"datetime": "2023-11-28 13:40:07", "elapsed": 170.379895, "delta": 8.016288}}
{"target": 0.5, "params": {"activation_function": 0.9339997776675741, "amount_of_layers": 8.797976034993482, "batch_size": 133.94999148693364, "dropout_rate": 0.4763822446074247, "epochs": 90.58843910090657, "hidden_channels": 106.15577833026994, "learning_rate": 0.08063271051154025, "optimizer": 1.5441091669048974, "pooling_algorithm": 0.39595166368573687}, "datetime": {"datetime": "2023-11-28 13:40:10", "elapsed": 173.3918, "delta": 3.011905}}
{"target": 0.5, "params": {"activation_function": 0.672397211900261, "amount_of_layers": 4.2881767643061295, "batch_size": 64.00483683755807, "dropout_rate": 0.6250904990920741, "epochs": 110.02072440372048, "hidden_channels": 73.61010574254857, "learning_rate": 0.019260795743641364, "optimizer": 0.5066998440527011, "pooling_algorithm": 0.6733821848725539}, "datetime": {"datetime": "2023-11-28 13:40:14", "elapsed": 176.771658, "delta": 3.379858}}
{"target": 0.7428571428571429, "params": {"activation_function": 0.688110017604006, "amount_of_layers": 3.6229576059390585, "batch_size": 55.567801593565775, "dropout_rate": 0.6215802262039023, "epochs": 90.68701750666855, "hidden_channels": 120.01484811097828, "learning_rate": 0.01294613417562819, "optimizer": 0.028621925664271908, "pooling_algorithm": 0.2463276971910967}, "datetime": {"datetime": "2023-11-28 13:40:17", "elapsed": 179.612095, "delta": 2.840437}}
{"target": 0.7339285714285715, "params": {"activation_function": 1.9340713732274115, "amount_of_layers": 5.544910397948779, "batch_size": 55.02492156082745, "dropout_rate": 0.31860903071476987, "epochs": 12.860351423437837, "hidden_channels": 50.457978215288236, "learning_rate": 0.07694265009934274, "optimizer": 0.985396756957583, "pooling_algorithm": 0.19427318692756135}, "datetime": {"datetime": "2023-11-28 13:40:17", "elapsed": 180.363576, "delta": 0.751481}}
{"target": 0.0, "params": {"activation_function": 0.047913178892275754, "amount_of_layers": 5.255136391687204, "batch_size": 25.31581865749279, "dropout_rate": 0.4465606027977879, "epochs": 174.04551703291202, "hidden_channels": 95.15312763490405, "learning_rate": 0.014237870854948063, "optimizer": 1.5339211062454003, "pooling_algorithm": 0.08612368789990632}, "datetime": {"datetime": "2023-11-28 13:40:28", "elapsed": 190.63208, "delta": 10.268504}}
{"target": 0.5, "params": {"activation_function": 0.3993803903871309, "amount_of_layers": 5.019069469721773, "batch_size": 74.76222654800443, "dropout_rate": 0.5111116620088085, "epochs": 32.840677076073106, "hidden_channels": 109.40445051986566, "learning_rate": 0.09251784740023979, "optimizer": 0.7224859884096855, "pooling_algorithm": 0.4141026315914791}, "datetime": {"datetime": "2023-11-28 13:40:29", "elapsed": 191.603983, "delta": 0.971903}}
{"target": 0.8660714285714286, "params": {"activation_function": 0.3821930067000583, "amount_of_layers": 1.3268496757007782, "batch_size": 67.94323680228268, "dropout_rate": 0.44672152624977324, "epochs": 175.43559396889603, "hidden_channels": 52.959761283297034, "learning_rate": 0.00918900713052358, "optimizer": 1.9315524033566525, "pooling_algorithm": 0.8601472292454525}, "datetime": {"datetime": "2023-11-28 13:40:32", "elapsed": 195.272407, "delta": 3.668424}}
{"target": 0.7964285714285715, "params": {"activation_function": 0.04347259086309596, "amount_of_layers": 6.837679681704653, "batch_size": 122.62798423832037, "dropout_rate": 0.42716058679376046, "epochs": 128.47679841600603, "hidden_channels": 56.79019298119276, "learning_rate": 0.02397618451619321, "optimizer": 0.32894627535160015, "pooling_algorithm": 0.49529633486051716}, "datetime": {"datetime": "2023-11-28 13:40:36", "elapsed": 198.971748, "delta": 3.699341}}
{"target": 0.7392857142857143, "params": {"activation_function": 1.9651608774639278, "amount_of_layers": 4.67268745604873, "batch_size": 64.66318274602385, "dropout_rate": 0.5921592136294345, "epochs": 53.389662229927374, "hidden_channels": 23.36470666418242, "learning_rate": 0.05949311108080119, "optimizer": 0.8458107787098383, "pooling_algorithm": 0.43728261545069835}, "datetime": {"datetime": "2023-11-28 13:40:38", "elapsed": 200.952551, "delta": 1.980803}}
{"target": 0.8089285714285713, "params": {"activation_function": 0.8276409741508584, "amount_of_layers": 1.0243260872316675, "batch_size": 116.72777178277967, "dropout_rate": 0.7490347444257774, "epochs": 167.61321284714407, "hidden_channels": 94.15059650026993, "learning_rate": 0.022452886613230024, "optimizer": 1.161258706794991, "pooling_algorithm": 0.2973554851615855}, "datetime": {"datetime": "2023-11-28 13:40:41", "elapsed": 203.750565, "delta": 2.798014}}
{"target": 0.5, "params": {"activation_function": 0.2650479918166757, "amount_of_layers": 4.558046021623144, "batch_size": 23.95073357675394, "dropout_rate": 0.2540547876065188, "epochs": 181.83594532004668, "hidden_channels": 40.5440220505191, "learning_rate": 0.03225083441643254, "optimizer": 1.854767837179294, "pooling_algorithm": 0.2574341979716759}, "datetime": {"datetime": "2023-11-28 13:40:53", "elapsed": 216.075737, "delta": 12.325172}}
{"target": 0.2625, "params": {"activation_function": 1.3463563570669494, "amount_of_layers": 6.187139126895153, "batch_size": 109.43699686806927, "dropout_rate": 0.3985847313622704, "epochs": 165.71296102732265, "hidden_channels": 105.5991209230661, "learning_rate": 0.06006035830842783, "optimizer": 1.1962110711387728, "pooling_algorithm": 0.25423607932393666}, "datetime": {"datetime": "2023-11-28 13:40:57", "elapsed": 220.572949, "delta": 4.497212}}
{"target": 0.825, "params": {"activation_function": 0.3886725632414936, "amount_of_layers": 3.40141473331951, "batch_size": 60.97142325928014, "dropout_rate": 0.4024072281381847, "epochs": 186.43264464319657, "hidden_channels": 110.01258183121354, "learning_rate": 0.029456854649080336, "optimizer": 0.3005485163357411, "pooling_algorithm": 0.0683523945210256}, "datetime": {"datetime": "2023-11-28 13:41:03", "elapsed": 225.610721, "delta": 5.037772}}
{"target": 0.7428571428571429, "params": {"activation_function": 0.894246604887718, "amount_of_layers": 6.93812183589959, "batch_size": 30.136393995632076, "dropout_rate": 0.41047709912751645, "epochs": 47.659985190310024, "hidden_channels": 10.614569812901332, "learning_rate": 0.03557548489765359, "optimizer": 1.070380153437012, "pooling_algorithm": 0.4999783547255918}, "datetime": {"datetime": "2023-11-28 13:41:06", "elapsed": 228.678314, "delta": 3.067593}}
{"target": 0.26428571428571423, "params": {"activation_function": 1.5076466899640204, "amount_of_layers": 4.558465148474599, "batch_size": 54.93973201344751, "dropout_rate": 0.4853024816007083, "epochs": 190.4496674670363, "hidden_channels": 22.93801487868451, "learning_rate": 0.07357667654916136, "optimizer": 1.9928795208571506, "pooling_algorithm": 0.3185214296827634}, "datetime": {"datetime": "2023-11-28 13:41:12", "elapsed": 235.130472, "delta": 6.452158}}
{"target": 0.7392857142857143, "params": {"activation_function": 0.7979180497902936, "amount_of_layers": 6.157630820666524, "batch_size": 109.74503274751825, "dropout_rate": 0.25118177637954253, "epochs": 26.01072229625713, "hidden_channels": 68.70435794197053, "learning_rate": 0.009672488144501768, "optimizer": 1.450540389975916, "pooling_algorithm": 0.4851110903873831}, "datetime": {"datetime": "2023-11-28 13:41:13", "elapsed": 235.966689, "delta": 0.836217}}
{"target": 0.9035714285714286, "params": {"activation_function": 0.5740883464100506, "amount_of_layers": 5.773091176983606, "batch_size": 125.83526333464434, "dropout_rate": 0.636779023867366, "epochs": 68.8179123105528, "hidden_channels": 5.26420772163384, "learning_rate": 0.09977738549732852, "optimizer": 0.7703344051828764, "pooling_algorithm": 0.5977586789448135}, "datetime": {"datetime": "2023-11-28 13:41:15", "elapsed": 237.993911, "delta": 2.027222}}
{"target": 0.2589285714285714, "params": {"activation_function": 1.6597324163548683, "amount_of_layers": 3.14053569882308, "batch_size": 130.54926773819415, "dropout_rate": 0.6264289017807876, "epochs": 138.3298238369311, "hidden_channels": 8.318580356447299, "learning_rate": 0.07322491764341069, "optimizer": 1.7602153592717864, "pooling_algorithm": 0.3392649605695508}, "datetime": {"datetime": "2023-11-28 13:41:18", "elapsed": 241.152739, "delta": 3.158828}}
{"target": 0.0, "params": {"activation_function": 1.5094273904443403, "amount_of_layers": 4.107791688662758, "batch_size": 147.7884668859289, "dropout_rate": 0.33346458295875436, "epochs": 143.54666355732863, "hidden_channels": 32.42924249455367, "learning_rate": 0.09766509421903644, "optimizer": 1.7635266003243613, "pooling_algorithm": 0.7713536611510335}, "datetime": {"datetime": "2023-11-28 13:41:22", "elapsed": 244.580903, "delta": 3.428164}}
{"target": 0.8214285714285714, "params": {"activation_function": 0.1031831843412272, "amount_of_layers": 3.8475080620749775, "batch_size": 94.35614551052278, "dropout_rate": 0.34512922605233104, "epochs": 104.36419659237237, "hidden_channels": 104.71653550097173, "learning_rate": 0.03574289572343335, "optimizer": 0.874932318317188, "pooling_algorithm": 0.12736946200764498}, "datetime": {"datetime": "2023-11-28 13:41:24", "elapsed": 247.552353, "delta": 2.97145}}
{"target": 0.0, "params": {"activation_function": 1.1960199372672722, "amount_of_layers": 7.9653456315385425, "batch_size": 97.63212339468771, "dropout_rate": 0.42676949447284646, "epochs": 154.66316872165837, "hidden_channels": 81.2861068298465, "learning_rate": 0.050201012897473946, "optimizer": 1.6203221460080615, "pooling_algorithm": 0.5299183700224406}, "datetime": {"datetime": "2023-11-28 13:41:30", "elapsed": 253.284773, "delta": 5.73242}}
{"target": 0.7803571428571429, "params": {"activation_function": 0.7269818855007852, "amount_of_layers": 1.2199388020315256, "batch_size": 81.1171331126756, "dropout_rate": 0.6259617124408943, "epochs": 91.08586478930529, "hidden_channels": 72.02070921945224, "learning_rate": 0.029506883875733744, "optimizer": 1.5447327833503162, "pooling_algorithm": 0.06054536551282208}, "datetime": {"datetime": "2023-11-28 13:41:32", "elapsed": 255.284288, "delta": 1.999515}}
{"target": 0.7571428571428571, "params": {"activation_function": 0.24963366661079678, "amount_of_layers": 3.300643131335443, "batch_size": 37.90815552466178, "dropout_rate": 0.48493513618688927, "epochs": 148.72026945565588, "hidden_channels": 71.89212537138576, "learning_rate": 0.010774643285118055, "optimizer": 0.9848403836905364, "pooling_algorithm": 0.5986267050146483}, "datetime": {"datetime": "2023-11-28 13:41:38", "elapsed": 260.727934, "delta": 5.443646}}
{"target": 0.26785714285714285, "params": {"activation_function": 0.7747795333563285, "amount_of_layers": 4.266974971327047, "batch_size": 147.87647390775462, "dropout_rate": 0.49450393588491187, "epochs": 25.9335242886045, "hidden_channels": 30.927765915539446, "learning_rate": 0.006320298033717116, "optimizer": 1.8485788181148863, "pooling_algorithm": 0.3603860273877413}, "datetime": {"datetime": "2023-11-28 13:41:38", "elapsed": 261.439251, "delta": 0.711317}}
{"target": 0.5, "params": {"activation_function": 0.6746280080370439, "amount_of_layers": 1.7344114111748326, "batch_size": 64.80150157224307, "dropout_rate": 0.27061618758758216, "epochs": 101.96984503551688, "hidden_channels": 42.8373671490973, "learning_rate": 0.0794088655028094, "optimizer": 1.1342625805905036, "pooling_algorithm": 0.6441379207944395}, "datetime": {"datetime": "2023-11-28 13:41:41", "elapsed": 264.017525, "delta": 2.578274}}
{"target": 0.5, "params": {"activation_function": 1.077875597174363, "amount_of_layers": 1.1725834763199066, "batch_size": 73.54147741124842, "dropout_rate": 0.6658336812146202, "epochs": 88.64140487962531, "hidden_channels": 57.419052441979716, "learning_rate": 0.08536258260475657, "optimizer": 0.5062250682112837, "pooling_algorithm": 0.9961477980433103}, "datetime": {"datetime": "2023-11-28 13:41:43", "elapsed": 266.003983, "delta": 1.986458}}
{"target": 0.0, "params": {"activation_function": 0.5402585586676929, "amount_of_layers": 1.0827454436080028, "batch_size": 126.5141303772771, "dropout_rate": 0.2567115612003716, "epochs": 193.37666858665546, "hidden_channels": 68.40285924553982, "learning_rate": 0.06457401067900885, "optimizer": 1.1291964572275321, "pooling_algorithm": 0.9009582488517097}, "datetime": {"datetime": "2023-11-28 13:41:46", "elapsed": 269.143947, "delta": 3.139964}}
{"target": 0.5464285714285714, "params": {"activation_function": 0.46336617843405414, "amount_of_layers": 7.523162273991037, "batch_size": 24.333940583125383, "dropout_rate": 0.7499818941062553, "epochs": 199.67490048408686, "hidden_channels": 36.34537403272921, "learning_rate": 0.018642652471799272, "optimizer": 1.766441578565599, "pooling_algorithm": 0.7622330196205871}, "datetime": {"datetime": "2023-11-28 13:42:04", "elapsed": 287.433791, "delta": 18.289844}}
{"target": 0.8999999999999999, "params": {"activation_function": 0.9072367779462329, "amount_of_layers": 4.405091058380687, "batch_size": 87.74416209841031, "dropout_rate": 0.38212231778328076, "epochs": 81.20698992611712, "hidden_channels": 17.36545639826527, "learning_rate": 0.0047553001230147066, "optimizer": 0.5620695779283549, "pooling_algorithm": 0.9759663055310698}, "datetime": {"datetime": "2023-11-28 13:42:06", "elapsed": 289.354571, "delta": 1.92078}}
{"target": 0.17857142857142855, "params": {"activation_function": 0.6569030406639127, "amount_of_layers": 2.433251919743906, "batch_size": 110.82530508385706, "dropout_rate": 0.2919140875030413, "epochs": 35.425097798947434, "hidden_channels": 55.20593293157618, "learning_rate": 0.045559333463049904, "optimizer": 0.28599065562360315, "pooling_algorithm": 0.23124260655015338}, "datetime": {"datetime": "2023-11-28 13:42:07", "elapsed": 290.137399, "delta": 0.782828}}
{"target": 0.26249999999999996, "params": {"activation_function": 1.7437505016979753, "amount_of_layers": 4.706099721598977, "batch_size": 70.97913606814633, "dropout_rate": 0.5943296393614005, "epochs": 49.62683212334699, "hidden_channels": 19.446292515292654, "learning_rate": 0.07403735690797612, "optimizer": 1.833895728863171, "pooling_algorithm": 0.4120010054406942}, "datetime": {"datetime": "2023-11-28 13:42:09", "elapsed": 291.999856, "delta": 1.862457}}
{"target": 0.0, "params": {"activation_function": 1.1185052568793508, "amount_of_layers": 8.252194282295703, "batch_size": 144.6313139470561, "dropout_rate": 0.5110383413043731, "epochs": 136.77978230384372, "hidden_channels": 123.60482641914844, "learning_rate": 0.07793432024520894, "optimizer": 0.9189578475236309, "pooling_algorithm": 0.028520648552274874}, "datetime": {"datetime": "2023-11-28 13:42:13", "elapsed": 296.092838, "delta": 4.092982}}
{"target": 0.5, "params": {"activation_function": 0.04875365593211267, "amount_of_layers": 7.691466631192304, "batch_size": 59.928035509845984, "dropout_rate": 0.4414933335956086, "epochs": 23.779563005233516, "hidden_channels": 65.9915985562604, "learning_rate": 0.03497289242910877, "optimizer": 0.8927054676532031, "pooling_algorithm": 0.703199600571107}, "datetime": {"datetime": "2023-11-28 13:42:14", "elapsed": 297.254902, "delta": 1.162064}}
{"target": 0.8964285714285715, "params": {"activation_function": 1.163454722689429, "amount_of_layers": 7.682014548884906, "batch_size": 79.1974323619705, "dropout_rate": 0.7264034768587908, "epochs": 10.076860213949209, "hidden_channels": 88.02501065226892, "learning_rate": 0.0448836206729872, "optimizer": 0.49135950073351164, "pooling_algorithm": 0.9053111635187955}, "datetime": {"datetime": "2023-11-28 13:42:15", "elapsed": 297.677164, "delta": 0.422262}}
