{"target": 0.5, "params": {"activation_function": 1.1011932122714283, "amount_of_layers": 2.6065323056023075, "batch_size": 115.18406459425522, "dropout_rate": 0.3438522126046358, "epochs": 52.44396130529813, "hidden_channels": 55.878979045897225, "learning_rate": 0.07730702928210734, "optimizer": 0.9076017393045046, "pooling_algorithm": 0.5608282211959016}, "datetime": {"datetime": "2023-11-28 12:54:12", "elapsed": 189.494065, "delta": 1.325251}}
{"target": 0.29642857142857143, "params": {"activation_function": 1.7414066591924002, "amount_of_layers": 2.480012072895449, "batch_size": 114.24176849085255, "dropout_rate": 0.37788229582407995, "epochs": 53.36122120104335, "hidden_channels": 58.435810815028965, "learning_rate": 0.003327761677757715, "optimizer": 0.24081808110566683, "pooling_algorithm": 0.39835837372253646}, "datetime": {"datetime": "2023-11-28 12:54:13", "elapsed": 190.705307, "delta": 1.211242}}
{"target": 0.8392857142857143, "params": {"activation_function": 1.4486922915640146, "amount_of_layers": 2.801350641539644, "batch_size": 40.0608123092194, "dropout_rate": 0.26055810693511006, "epochs": 160.1939935890377, "hidden_channels": 42.02492668663894, "learning_rate": 0.030048965389626887, "optimizer": 0.8309836910771611, "pooling_algorithm": 0.003848590400185148}, "datetime": {"datetime": "2023-11-28 12:54:20", "elapsed": 197.451032, "delta": 6.745725}}
{"target": 0.8214285714285714, "params": {"activation_function": 0.21737886193977785, "amount_of_layers": 1.2658285849261421, "batch_size": 39.21759541522173, "dropout_rate": 0.5129126916422988, "epochs": 159.72633927863413, "hidden_channels": 41.53509259589567, "learning_rate": 0.014242468624779452, "optimizer": 0.5981035589624624, "pooling_algorithm": 0.4753452168108584}, "datetime": {"datetime": "2023-11-28 12:54:24", "elapsed": 202.151217, "delta": 4.700185}}
{"target": 0.8464285714285714, "params": {"activation_function": 0.8730256760866786, "amount_of_layers": 3.732737024303444, "batch_size": 43.5581246652674, "dropout_rate": 0.43844245034261603, "epochs": 158.63138233539874, "hidden_channels": 46.748708990870114, "learning_rate": 0.004598113126814515, "optimizer": 1.6285111443653577, "pooling_algorithm": 0.17914182037258586}, "datetime": {"datetime": "2023-11-28 12:54:31", "elapsed": 209.034036, "delta": 6.882819}}
{"target": 0.0, "params": {"activation_function": 0.2015695757069147, "amount_of_layers": 4.018650699726337, "batch_size": 43.52853283219673, "dropout_rate": 0.6468612978159308, "epochs": 160.49351475039572, "hidden_channels": 46.29967494992068, "learning_rate": 0.08130058818061539, "optimizer": 1.8957651605118644, "pooling_algorithm": 0.9300956493491663}, "datetime": {"datetime": "2023-11-28 12:54:38", "elapsed": 215.747808, "delta": 6.713772}}
{"target": 0.3892857142857143, "params": {"activation_function": 1.6161637892717906, "amount_of_layers": 1.289593475803386, "batch_size": 35.98606029294335, "dropout_rate": 0.4825833873307112, "epochs": 158.84099134048765, "hidden_channels": 42.08060372465204, "learning_rate": 0.0391299581226973, "optimizer": 0.7764748787933633, "pooling_algorithm": 0.7401416560715194}, "datetime": {"datetime": "2023-11-28 12:54:43", "elapsed": 220.224617, "delta": 4.476809}}
{"target": 0.5, "params": {"activation_function": 0.38134364252383635, "amount_of_layers": 5.95305613218584, "batch_size": 42.164290987181275, "dropout_rate": 0.3025732638717516, "epochs": 156.4802519677014, "hidden_channels": 43.90058412210618, "learning_rate": 0.08130442201756528, "optimizer": 0.743902094717914, "pooling_algorithm": 0.9270874919226609}, "datetime": {"datetime": "2023-11-28 12:54:49", "elapsed": 227.116835, "delta": 6.892218}}
{"target": 0.9071428571428571, "params": {"activation_function": 1.7260689966046838, "amount_of_layers": 3.95632333502898, "batch_size": 39.37209758996295, "dropout_rate": 0.41560977871510296, "epochs": 159.80111957579194, "hidden_channels": 41.2446276991256, "learning_rate": 0.0452514368976729, "optimizer": 0.46156279549705737, "pooling_algorithm": 0.6858380083673624}, "datetime": {"datetime": "2023-11-28 12:54:55", "elapsed": 232.99469, "delta": 5.877855}}
{"target": 0.7375, "params": {"activation_function": 1.0146988780516755, "amount_of_layers": 8.712967899208277, "batch_size": 43.35215530553593, "dropout_rate": 0.5652330368542898, "epochs": 158.42644925622818, "hidden_channels": 43.41647087506333, "learning_rate": 0.04988738146652824, "optimizer": 1.116260749792716, "pooling_algorithm": 0.3682166941141941}, "datetime": {"datetime": "2023-11-28 12:55:05", "elapsed": 242.43495, "delta": 9.44026}}
{"target": 0.7375, "params": {"activation_function": 1.4572044605904446, "amount_of_layers": 4.20187195219654, "batch_size": 38.65292398066077, "dropout_rate": 0.7239569696791681, "epochs": 159.27297305484564, "hidden_channels": 42.0602466769517, "learning_rate": 0.09834849766683847, "optimizer": 0.6162492215263173, "pooling_algorithm": 0.04616902514410026}, "datetime": {"datetime": "2023-11-28 12:55:10", "elapsed": 248.156185, "delta": 5.721235}}
{"target": 0.2589285714285714, "params": {"activation_function": 1.9235426389501387, "amount_of_layers": 4.83918511387138, "batch_size": 46.093150371688154, "dropout_rate": 0.410423929994294, "epochs": 158.96986948159645, "hidden_channels": 46.44727363358685, "learning_rate": 0.0475613283289619, "optimizer": 0.5852789264384988, "pooling_algorithm": 0.1253709868529198}, "datetime": {"datetime": "2023-11-28 12:55:17", "elapsed": 254.757631, "delta": 6.601446}}
{"target": 0.23928571428571427, "params": {"activation_function": 0.3334433518361548, "amount_of_layers": 6.52280631934258, "batch_size": 18.77486784717096, "dropout_rate": 0.328381763743787, "epochs": 42.072630156964145, "hidden_channels": 90.20545916711885, "learning_rate": 0.031604048205349976, "optimizer": 0.773734524029521, "pooling_algorithm": 0.08733328781967187}, "datetime": {"datetime": "2023-11-28 12:55:22", "elapsed": 259.402186, "delta": 4.644555}}
{"target": 0.5, "params": {"activation_function": 0.7384648669147178, "amount_of_layers": 1.2704928137828961, "batch_size": 64.83973547945315, "dropout_rate": 0.42457975466493225, "epochs": 172.3777582230876, "hidden_channels": 16.136368701799938, "learning_rate": 0.023021578690383317, "optimizer": 1.597307006409328, "pooling_algorithm": 0.9769282589168458}, "datetime": {"datetime": "2023-11-28 12:55:25", "elapsed": 262.882562, "delta": 3.480376}}
{"target": 0.8857142857142857, "params": {"activation_function": 1.5648938425473522, "amount_of_layers": 4.527622026465984, "batch_size": 68.71172519560889, "dropout_rate": 0.4448136602260134, "epochs": 174.80132166622622, "hidden_channels": 18.416437559631785, "learning_rate": 0.07575503025803845, "optimizer": 0.30469477443099025, "pooling_algorithm": 0.5687243694289261}, "datetime": {"datetime": "2023-11-28 12:55:31", "elapsed": 268.34559, "delta": 5.463028}}
{"target": 0.7089285714285715, "params": {"activation_function": 1.2091757881591374, "amount_of_layers": 2.693789466029716, "batch_size": 24.7118023317041, "dropout_rate": 0.2606256785936534, "epochs": 37.015695195126455, "hidden_channels": 84.4886517157344, "learning_rate": 0.028367303467218316, "optimizer": 0.2448413813232344, "pooling_algorithm": 0.17194233573676732}, "datetime": {"datetime": "2023-11-28 12:55:33", "elapsed": 270.360663, "delta": 2.015073}}
{"target": 0.85, "params": {"activation_function": 0.06949428580765216, "amount_of_layers": 3.254848976468897, "batch_size": 114.81098202072167, "dropout_rate": 0.6123086884553008, "epochs": 55.523197215725844, "hidden_channels": 58.14791434452922, "learning_rate": 0.0053470900651338, "optimizer": 0.7739774197469644, "pooling_algorithm": 0.33511802575922733}, "datetime": {"datetime": "2023-11-28 12:55:34", "elapsed": 271.77389, "delta": 1.413227}}
{"target": 0.5, "params": {"activation_function": 1.0868011050606785, "amount_of_layers": 1.916252697165727, "batch_size": 44.217767570703494, "dropout_rate": 0.6721380364492311, "epochs": 157.45111015926906, "hidden_channels": 40.62901387639742, "learning_rate": 0.026887199272332615, "optimizer": 1.0641964913299826, "pooling_algorithm": 0.7395165306770163}, "datetime": {"datetime": "2023-11-28 12:55:39", "elapsed": 276.524072, "delta": 4.750182}}
{"target": 0.18928571428571428, "params": {"activation_function": 1.3353400236092108, "amount_of_layers": 2.4413356442275056, "batch_size": 22.210227406140127, "dropout_rate": 0.48562183989209395, "epochs": 38.28563613621486, "hidden_channels": 82.6517431659791, "learning_rate": 0.019439164098086822, "optimizer": 0.29017835919274737, "pooling_algorithm": 0.46726688672809213}, "datetime": {"datetime": "2023-11-28 12:55:41", "elapsed": 278.36468, "delta": 1.840608}}
{"target": 0.26249999999999996, "params": {"activation_function": 1.80561032157975, "amount_of_layers": 8.070661224412111, "batch_size": 48.142793221524926, "dropout_rate": 0.7403382746784907, "epochs": 41.643628500505606, "hidden_channels": 55.317973557572344, "learning_rate": 0.04026553052860601, "optimizer": 1.3035058772362071, "pooling_algorithm": 0.17537096510483063}, "datetime": {"datetime": "2023-11-28 12:55:43", "elapsed": 280.768905, "delta": 2.404225}}
{"target": 0.5, "params": {"activation_function": 0.7125418231596645, "amount_of_layers": 5.167300627838307, "batch_size": 16.2500579671406, "dropout_rate": 0.5358483422399598, "epochs": 44.55307962220709, "hidden_channels": 90.26512049472485, "learning_rate": 0.04653081082973142, "optimizer": 1.652549480620459, "pooling_algorithm": 0.4918853465853166}, "datetime": {"datetime": "2023-11-28 12:55:47", "elapsed": 284.931024, "delta": 4.162119}}
{"target": 0.7392857142857143, "params": {"activation_function": 1.4679594273359822, "amount_of_layers": 5.304616194030414, "batch_size": 41.26831572373088, "dropout_rate": 0.7155004179993065, "epochs": 160.36858826918476, "hidden_channels": 43.40505828378853, "learning_rate": 0.026320166024038985, "optimizer": 0.8497010174021651, "pooling_algorithm": 0.3130658517752596}, "datetime": {"datetime": "2023-11-28 12:55:55", "elapsed": 292.394826, "delta": 7.463802}}
{"target": 0.2607142857142857, "params": {"activation_function": 1.4827081993655788, "amount_of_layers": 3.837812885484438, "batch_size": 115.17688184093902, "dropout_rate": 0.6725307047174582, "epochs": 54.66892727053472, "hidden_channels": 56.102883058520035, "learning_rate": 0.02482699798296743, "optimizer": 1.6274325729657875, "pooling_algorithm": 0.3428711663480758}, "datetime": {"datetime": "2023-11-28 12:55:56", "elapsed": 293.981048, "delta": 1.586222}}
{"target": 0.7392857142857143, "params": {"activation_function": 0.897614566521078, "amount_of_layers": 4.648586674140267, "batch_size": 65.25867735126576, "dropout_rate": 0.6693438445179516, "epochs": 172.35149544316508, "hidden_channels": 17.571891706420963, "learning_rate": 0.053443913511510045, "optimizer": 1.7893146393486223, "pooling_algorithm": 0.026884182252703615}, "datetime": {"datetime": "2023-11-28 12:56:03", "elapsed": 300.339161, "delta": 6.358113}}
{"target": 0.7375, "params": {"activation_function": 1.8604904357200487, "amount_of_layers": 3.255411124288, "batch_size": 39.23622240265374, "dropout_rate": 0.7111209482032295, "epochs": 159.36152940723, "hidden_channels": 39.00853345771837, "learning_rate": 0.047751476944333515, "optimizer": 1.0356181746836755, "pooling_algorithm": 0.0370770062892295}, "datetime": {"datetime": "2023-11-28 12:56:09", "elapsed": 306.531382, "delta": 6.192221}}
{"target": 0.2607142857142857, "params": {"activation_function": 1.7223892410823292, "amount_of_layers": 3.084381151303373, "batch_size": 40.03355896808507, "dropout_rate": 0.4962136768592531, "epochs": 159.60564807521763, "hidden_channels": 42.10186446998842, "learning_rate": 0.09266668792816066, "optimizer": 1.2964327343179882, "pooling_algorithm": 0.04553411775171334}, "datetime": {"datetime": "2023-11-28 12:56:15", "elapsed": 312.809013, "delta": 6.277631}}
{"target": 0.5, "params": {"activation_function": 1.426323608319986, "amount_of_layers": 2.6734629296328807, "batch_size": 144.9954629448989, "dropout_rate": 0.3347657528132742, "epochs": 144.6741621270337, "hidden_channels": 41.71400028234386, "learning_rate": 0.05829589106769982, "optimizer": 0.8167555697741771, "pooling_algorithm": 0.960081999548697}, "datetime": {"datetime": "2023-11-28 12:56:18", "elapsed": 316.018909, "delta": 3.209896}}
{"target": 0.9, "params": {"activation_function": 0.3320104978704632, "amount_of_layers": 6.803448030490029, "batch_size": 65.75986962278319, "dropout_rate": 0.6064876942933048, "epochs": 77.14876899732252, "hidden_channels": 83.89328611605306, "learning_rate": 0.02158013726762106, "optimizer": 0.9303912112498853, "pooling_algorithm": 0.958195616387437}, "datetime": {"datetime": "2023-11-28 12:56:21", "elapsed": 319.163219, "delta": 3.14431}}
{"target": 0.5, "params": {"activation_function": 0.9469876695463353, "amount_of_layers": 4.257002426878424, "batch_size": 72.27217254479638, "dropout_rate": 0.44242593241044864, "epochs": 64.48290022373953, "hidden_channels": 35.957648925080875, "learning_rate": 0.021726483468431146, "optimizer": 0.871186265556005, "pooling_algorithm": 0.9177322279520999}, "datetime": {"datetime": "2023-11-28 12:56:24", "elapsed": 321.560302, "delta": 2.397083}}
{"target": 0.4642857142857143, "params": {"activation_function": 0.5149649234055484, "amount_of_layers": 5.044819755684696, "batch_size": 17.865929140730902, "dropout_rate": 0.4925898201678086, "epochs": 44.96765980732937, "hidden_channels": 123.79859309864645, "learning_rate": 0.018511210454819016, "optimizer": 1.297445384408275, "pooling_algorithm": 0.9795719921795927}, "datetime": {"datetime": "2023-11-28 12:56:28", "elapsed": 326.041251, "delta": 4.480949}}
{"target": 0.5, "params": {"activation_function": 0.5035672179778492, "amount_of_layers": 8.090144049080024, "batch_size": 103.4504453891055, "dropout_rate": 0.3901193597904484, "epochs": 111.34490254306283, "hidden_channels": 31.505168001076775, "learning_rate": 0.021917016020359177, "optimizer": 1.7015605197197006, "pooling_algorithm": 0.9701930267683323}, "datetime": {"datetime": "2023-11-28 12:56:32", "elapsed": 329.90972, "delta": 3.868469}}
{"target": 0.9178571428571428, "params": {"activation_function": 0.7590052595580636, "amount_of_layers": 3.322684763042396, "batch_size": 110.49357887591356, "dropout_rate": 0.3643771957325544, "epochs": 104.22258215354287, "hidden_channels": 16.81678423654195, "learning_rate": 0.0063136629058848604, "optimizer": 0.7098861301299157, "pooling_algorithm": 0.8212346303191231}, "datetime": {"datetime": "2023-11-28 12:56:35", "elapsed": 332.4674, "delta": 2.55768}}
{"target": 0.9071428571428573, "params": {"activation_function": 0.21270444865003757, "amount_of_layers": 3.213969067123389, "batch_size": 65.7383380932064, "dropout_rate": 0.45531014476873594, "epochs": 44.689388674026844, "hidden_channels": 116.71928368639296, "learning_rate": 0.08284431227327345, "optimizer": 0.03371289206111561, "pooling_algorithm": 0.8619950280548192}, "datetime": {"datetime": "2023-11-28 12:56:36", "elapsed": 334.012537, "delta": 1.545137}}
{"target": 0.7410714285714285, "params": {"activation_function": 1.6622207183091282, "amount_of_layers": 1.573674328985513, "batch_size": 57.774209450532275, "dropout_rate": 0.27041342873857466, "epochs": 171.96095195131994, "hidden_channels": 59.004532638661104, "learning_rate": 0.09348181273307572, "optimizer": 1.8416608137568486, "pooling_algorithm": 0.15175998317803852}, "datetime": {"datetime": "2023-11-28 12:56:41", "elapsed": 338.479546, "delta": 4.467009}}
{"target": 0.9035714285714287, "params": {"activation_function": 0.7444361032492528, "amount_of_layers": 6.606698491756652, "batch_size": 129.91037070068592, "dropout_rate": 0.6791549617065817, "epochs": 142.16336848760236, "hidden_channels": 116.05176102656519, "learning_rate": 0.08390393385766677, "optimizer": 0.2971364794101192, "pooling_algorithm": 0.5786055701497148}, "datetime": {"datetime": "2023-11-28 12:56:45", "elapsed": 342.379009, "delta": 3.899463}}
{"target": 0.4857142857142857, "params": {"activation_function": 1.2964523369524843, "amount_of_layers": 2.910373906107279, "batch_size": 34.81291708306779, "dropout_rate": 0.379202623487664, "epochs": 169.54158921812547, "hidden_channels": 122.27059100012117, "learning_rate": 0.046716663413974145, "optimizer": 0.5984398686874821, "pooling_algorithm": 0.5875921137206226}, "datetime": {"datetime": "2023-11-28 12:56:52", "elapsed": 349.304798, "delta": 6.925789}}
{"target": 0.7607142857142857, "params": {"activation_function": 1.761885035752498, "amount_of_layers": 1.8702905709411715, "batch_size": 122.54446196662421, "dropout_rate": 0.3370150470178508, "epochs": 89.31409090902721, "hidden_channels": 100.64296306232156, "learning_rate": 0.0177364463875404, "optimizer": 0.9776463405129721, "pooling_algorithm": 0.8228546172182225}, "datetime": {"datetime": "2023-11-28 12:56:54", "elapsed": 351.241458, "delta": 1.93666}}
{"target": 0.5, "params": {"activation_function": 1.7117955751189355, "amount_of_layers": 3.3292873147831434, "batch_size": 147.1108892342748, "dropout_rate": 0.3451081545796252, "epochs": 66.76047590452455, "hidden_channels": 7.0389625785759735, "learning_rate": 0.06712465519319731, "optimizer": 0.6986603769697493, "pooling_algorithm": 0.5166029462875926}, "datetime": {"datetime": "2023-11-28 12:56:55", "elapsed": 352.828979, "delta": 1.587521}}
{"target": 0.5, "params": {"activation_function": 0.23137901093778446, "amount_of_layers": 4.697937260173196, "batch_size": 130.15973179882383, "dropout_rate": 0.4753351122678058, "epochs": 109.67461686567921, "hidden_channels": 111.76170520940303, "learning_rate": 0.07121088472133497, "optimizer": 1.7895822667507761, "pooling_algorithm": 0.07254465928701026}, "datetime": {"datetime": "2023-11-28 12:56:58", "elapsed": 356.049196, "delta": 3.220217}}
{"target": 0.7357142857142857, "params": {"activation_function": 1.7204036152714361, "amount_of_layers": 7.1084175583334615, "batch_size": 140.7816005925965, "dropout_rate": 0.2772138722320537, "epochs": 52.7650759189112, "hidden_channels": 55.778300076804165, "learning_rate": 0.029755075518831768, "optimizer": 1.4602336524907564, "pooling_algorithm": 0.3872914303609635}, "datetime": {"datetime": "2023-11-28 12:57:00", "elapsed": 358.007711, "delta": 1.958515}}
{"target": 0.0, "params": {"activation_function": 0.3289426899053396, "amount_of_layers": 4.793820870129824, "batch_size": 128.66158324011946, "dropout_rate": 0.5231528727474637, "epochs": 158.65980561999402, "hidden_channels": 116.75270984001736, "learning_rate": 0.0960148344988464, "optimizer": 0.6661069919680609, "pooling_algorithm": 0.1877411837554216}, "datetime": {"datetime": "2023-11-28 12:57:05", "elapsed": 362.382859, "delta": 4.375148}}
{"target": 0.7392857142857143, "params": {"activation_function": 0.758749308251973, "amount_of_layers": 6.698247936596205, "batch_size": 62.46813341125413, "dropout_rate": 0.4023353661476646, "epochs": 44.25300364938791, "hidden_channels": 5.930095984885886, "learning_rate": 0.09382821709970901, "optimizer": 1.573049376239195, "pooling_algorithm": 0.41574145753975955}, "datetime": {"datetime": "2023-11-28 12:57:07", "elapsed": 364.477446, "delta": 2.094587}}
{"target": 0.0, "params": {"activation_function": 1.889665601356884, "amount_of_layers": 1.4722360123513871, "batch_size": 40.81216180013391, "dropout_rate": 0.5700619050836551, "epochs": 89.06952528780111, "hidden_channels": 101.54257588929, "learning_rate": 0.054557452259430275, "optimizer": 1.9299985297860753, "pooling_algorithm": 0.779757645367506}, "datetime": {"datetime": "2023-11-28 12:57:09", "elapsed": 366.83956, "delta": 2.362114}}
{"target": 0.9, "params": {"activation_function": 0.9399468832737934, "amount_of_layers": 8.492891231203117, "batch_size": 141.72661340973167, "dropout_rate": 0.347350588331581, "epochs": 151.9613624749531, "hidden_channels": 94.45728636366113, "learning_rate": 0.009970799395678225, "optimizer": 0.1016856646244948, "pooling_algorithm": 0.5575904040491962}, "datetime": {"datetime": "2023-11-28 12:57:14", "elapsed": 371.306895, "delta": 4.467335}}
{"target": 0.9035714285714287, "params": {"activation_function": 0.9384572541748533, "amount_of_layers": 4.0562779907228546, "batch_size": 20.027340760580415, "dropout_rate": 0.39232192117900777, "epochs": 159.15186928994606, "hidden_channels": 43.39859388790666, "learning_rate": 0.08471347580689793, "optimizer": 0.08156683068640413, "pooling_algorithm": 0.8462808398242647}, "datetime": {"datetime": "2023-11-28 12:57:24", "elapsed": 382.142335, "delta": 10.83544}}
{"target": 0.875, "params": {"activation_function": 1.9228332086609776, "amount_of_layers": 4.455115724158426, "batch_size": 96.44376187687239, "dropout_rate": 0.5740291726771976, "epochs": 47.44408811083171, "hidden_channels": 73.87647841155118, "learning_rate": 0.036092679974489734, "optimizer": 1.3792537981372817, "pooling_algorithm": 0.738466916308009}, "datetime": {"datetime": "2023-11-28 12:57:26", "elapsed": 383.53435, "delta": 1.392015}}
{"target": 0.7392857142857143, "params": {"activation_function": 1.1954337574171334, "amount_of_layers": 7.7386245279851655, "batch_size": 116.02203953593896, "dropout_rate": 0.44959779210988815, "epochs": 83.64342193446828, "hidden_channels": 19.87205614582922, "learning_rate": 0.07831077208613603, "optimizer": 1.7159698556122378, "pooling_algorithm": 0.4990265871131514}, "datetime": {"datetime": "2023-11-28 12:57:29", "elapsed": 386.562941, "delta": 3.028591}}
