{"target": 0.5, "params": {"activation_function": 0.5558475523666304, "amount_of_layers": 4.032526655110384, "batch_size": 125.4471719276785, "dropout_rate": 0.3711844064980746, "epochs": 169.6023108952153, "hidden_channels": 24.329196081421678, "learning_rate": 0.08028848968150469, "optimizer": 0.5365496580428251, "pooling_algorithm": 0.8881513934406494}, "datetime": {"datetime": "2023-11-28 14:53:53", "elapsed": 321.883445, "delta": 3.762333}}
{"target": 0.5, "params": {"activation_function": 1.6931922677157478, "amount_of_layers": 7.726388004318175, "batch_size": 124.30506270684546, "dropout_rate": 0.7291201204633708, "epochs": 164.3642912872906, "hidden_channels": 125.04144410282562, "learning_rate": 0.06433991008992461, "optimizer": 1.5356846181524406, "pooling_algorithm": 0.699600715295389}, "datetime": {"datetime": "2023-11-28 14:53:58", "elapsed": 326.785354, "delta": 4.901909}}
{"target": 0.5, "params": {"activation_function": 0.8367681231884583, "amount_of_layers": 5.167766042009707, "batch_size": 73.65822700449097, "dropout_rate": 0.5320875237595303, "epochs": 110.36065003816077, "hidden_channels": 69.44533243895819, "learning_rate": 0.053071036392208656, "optimizer": 1.3387433487462264, "pooling_algorithm": 0.9153048029575462}, "datetime": {"datetime": "2023-11-28 14:54:01", "elapsed": 330.438415, "delta": 3.653061}}
{"target": 0.8571428571428571, "params": {"activation_function": 1.6240952096888301, "amount_of_layers": 3.8723477298498423, "batch_size": 104.86577989824949, "dropout_rate": 0.6442296652077488, "epochs": 184.72644440613163, "hidden_channels": 116.62491404244959, "learning_rate": 0.006537890497775234, "optimizer": 1.1353398703402535, "pooling_algorithm": 0.4097841919556502}, "datetime": {"datetime": "2023-11-28 14:54:06", "elapsed": 334.596259, "delta": 4.157844}}
{"target": 0.4392857142857143, "params": {"activation_function": 0.4460701285711164, "amount_of_layers": 7.510689591417308, "batch_size": 114.65082878793238, "dropout_rate": 0.4827786989509915, "epochs": 150.02621228168564, "hidden_channels": 25.75145108739654, "learning_rate": 0.05374089420091806, "optimizer": 0.06570031495306816, "pooling_algorithm": 0.30052983296508373}, "datetime": {"datetime": "2023-11-28 14:54:10", "elapsed": 339.045727, "delta": 4.449468}}
{"target": 0.19999999999999996, "params": {"activation_function": 0.7864646782321165, "amount_of_layers": 1.0746915915851725, "batch_size": 50.55111150015273, "dropout_rate": 0.30148325700110457, "epochs": 72.48603433639786, "hidden_channels": 104.9363365128767, "learning_rate": 0.034034538021410876, "optimizer": 0.11234558135287553, "pooling_algorithm": 0.374711022199247}, "datetime": {"datetime": "2023-11-28 14:54:12", "elapsed": 340.606124, "delta": 1.560397}}
{"target": 0.7392857142857142, "params": {"activation_function": 1.4740856668596864, "amount_of_layers": 3.3191444070210636, "batch_size": 76.02871154039255, "dropout_rate": 0.29029380949618666, "epochs": 104.35057426061422, "hidden_channels": 22.042520398787772, "learning_rate": 0.0879700555304628, "optimizer": 1.3809485232506282, "pooling_algorithm": 0.3770373756410409}, "datetime": {"datetime": "2023-11-28 14:54:14", "elapsed": 342.784119, "delta": 2.177995}}
{"target": 0.2607142857142857, "params": {"activation_function": 1.412125079269383, "amount_of_layers": 8.376966667899069, "batch_size": 134.92121529531425, "dropout_rate": 0.49497058836201685, "epochs": 172.95416825437295, "hidden_channels": 41.10265461807981, "learning_rate": 0.0392553959510127, "optimizer": 1.6400082154145146, "pooling_algorithm": 0.17718526512399413}, "datetime": {"datetime": "2023-11-28 14:54:19", "elapsed": 347.91824, "delta": 5.134121}}
{"target": 0.28750000000000003, "params": {"activation_function": 1.5821224707560555, "amount_of_layers": 6.490654242487198, "batch_size": 23.28312338469965, "dropout_rate": 0.389670720806743, "epochs": 64.01004786961241, "hidden_channels": 116.00199519379066, "learning_rate": 0.09219379906286487, "optimizer": 0.719907972050136, "pooling_algorithm": 0.044411552861392756}, "datetime": {"datetime": "2023-11-28 14:54:24", "elapsed": 352.871716, "delta": 4.953476}}
{"target": 0.2535714285714286, "params": {"activation_function": 1.0040227898086906, "amount_of_layers": 6.909234026703338, "batch_size": 135.97839193906452, "dropout_rate": 0.31305506635474195, "epochs": 37.973047818691526, "hidden_channels": 56.13746192290511, "learning_rate": 0.0750792154812661, "optimizer": 0.04759241038501738, "pooling_algorithm": 0.3692539404154559}, "datetime": {"datetime": "2023-11-28 14:54:25", "elapsed": 354.177922, "delta": 1.306206}}
{"target": 0.5, "params": {"activation_function": 1.2789714843225095, "amount_of_layers": 7.394648185900505, "batch_size": 134.7792323375748, "dropout_rate": 0.49936828621714613, "epochs": 11.17379424743272, "hidden_channels": 71.03475046959743, "learning_rate": 0.06218704231351392, "optimizer": 1.4313515961791414, "pooling_algorithm": 0.8281987149458498}, "datetime": {"datetime": "2023-11-28 14:54:26", "elapsed": 354.626266, "delta": 0.448344}}
{"target": 0.9071428571428571, "params": {"activation_function": 0.8267776314041546, "amount_of_layers": 2.6296308633218066, "batch_size": 85.03570466060228, "dropout_rate": 0.73976394598404, "epochs": 45.260772829811984, "hidden_channels": 6.11755209325255, "learning_rate": 0.04194839608101242, "optimizer": 1.023429822673878, "pooling_algorithm": 0.9461099391924206}, "datetime": {"datetime": "2023-11-28 14:54:27", "elapsed": 355.670694, "delta": 1.044428}}
{"target": 0.8178571428571428, "params": {"activation_function": 0.552172791602729, "amount_of_layers": 3.3178029755482816, "batch_size": 135.4138904270919, "dropout_rate": 0.34529481631842573, "epochs": 190.1811732479116, "hidden_channels": 38.6440118093735, "learning_rate": 0.011661192235568347, "optimizer": 1.001739672769231, "pooling_algorithm": 0.4207172548874438}, "datetime": {"datetime": "2023-11-28 14:54:30", "elapsed": 359.488024, "delta": 3.81733}}
{"target": 0.2839285714285714, "params": {"activation_function": 1.1913877173526237, "amount_of_layers": 7.566619673497751, "batch_size": 52.222824503591085, "dropout_rate": 0.2825822346534479, "epochs": 25.994395599364328, "hidden_channels": 74.54230017552051, "learning_rate": 0.0336513601406808, "optimizer": 1.7667480105992437, "pooling_algorithm": 0.429168312618073}, "datetime": {"datetime": "2023-11-28 14:54:32", "elapsed": 360.718066, "delta": 1.230042}}
{"target": 0.5, "params": {"activation_function": 0.11267684531690914, "amount_of_layers": 8.107581624033836, "batch_size": 146.3254729554666, "dropout_rate": 0.5040862596557739, "epochs": 12.621578105800937, "hidden_channels": 48.358824132205825, "learning_rate": 0.07069735969726408, "optimizer": 1.7252358548610942, "pooling_algorithm": 0.3710204529512374}, "datetime": {"datetime": "2023-11-28 14:54:32", "elapsed": 361.277741, "delta": 0.559675}}
{"target": 0.8107142857142856, "params": {"activation_function": 0.22568148527738918, "amount_of_layers": 1.270162653004082, "batch_size": 43.841272154024324, "dropout_rate": 0.5001660327457056, "epochs": 46.15757050352268, "hidden_channels": 39.61507947953098, "learning_rate": 0.04414207162182295, "optimizer": 1.6710229924832987, "pooling_algorithm": 0.0281803746083652}, "datetime": {"datetime": "2023-11-28 14:54:34", "elapsed": 362.814268, "delta": 1.536527}}
{"target": 0.5, "params": {"activation_function": 0.34906796394432016, "amount_of_layers": 4.760036291721589, "batch_size": 19.615484090720066, "dropout_rate": 0.28803412560174474, "epochs": 37.64538833349188, "hidden_channels": 76.75310469710351, "learning_rate": 0.06656954345764743, "optimizer": 1.1377263269514266, "pooling_algorithm": 0.6009695915911333}, "datetime": {"datetime": "2023-11-28 14:54:37", "elapsed": 366.422458, "delta": 3.60819}}
{"target": 0.7392857142857143, "params": {"activation_function": 1.5752307740754712, "amount_of_layers": 8.219985451228084, "batch_size": 31.466207159537944, "dropout_rate": 0.5192276889979175, "epochs": 121.04120492214058, "hidden_channels": 58.241408002887574, "learning_rate": 0.04353333292739409, "optimizer": 1.0558879744442895, "pooling_algorithm": 0.00500653164212328}, "datetime": {"datetime": "2023-11-28 14:54:46", "elapsed": 374.748981, "delta": 8.326523}}
{"target": 0.5, "params": {"activation_function": 0.4827351761938783, "amount_of_layers": 7.817852244240516, "batch_size": 87.03530699292256, "dropout_rate": 0.7096126749892058, "epochs": 115.7320412342154, "hidden_channels": 29.25964485221228, "learning_rate": 0.08156048817060685, "optimizer": 1.927473627945615, "pooling_algorithm": 0.900016865526362}, "datetime": {"datetime": "2023-11-28 14:54:49", "elapsed": 378.370204, "delta": 3.621223}}
{"target": 0.5, "params": {"activation_function": 0.9960010378540831, "amount_of_layers": 7.948930359688497, "batch_size": 115.32373501281762, "dropout_rate": 0.5907977004285799, "epochs": 13.229396135443627, "hidden_channels": 12.963245159337337, "learning_rate": 0.07567964557834864, "optimizer": 1.5050717988842677, "pooling_algorithm": 0.6326042266019974}, "datetime": {"datetime": "2023-11-28 14:54:50", "elapsed": 378.933661, "delta": 0.563457}}
{"target": 0.5, "params": {"activation_function": 0.40061367774968293, "amount_of_layers": 4.495685178808899, "batch_size": 65.52959039013732, "dropout_rate": 0.6160851139081046, "epochs": 104.21991717975084, "hidden_channels": 21.90251632277039, "learning_rate": 0.056379772688519965, "optimizer": 0.8930597124224939, "pooling_algorithm": 0.4306238259522248}, "datetime": {"datetime": "2023-11-28 14:54:53", "elapsed": 382.282623, "delta": 3.348962}}
{"target": 0.5, "params": {"activation_function": 0.7866859447192236, "amount_of_layers": 7.625161194831125, "batch_size": 128.88347661784655, "dropout_rate": 0.6338573807779051, "epochs": 102.19563259371549, "hidden_channels": 116.45650046331258, "learning_rate": 0.07920624212460672, "optimizer": 0.645311453981533, "pooling_algorithm": 0.609178221569603}, "datetime": {"datetime": "2023-11-28 14:54:57", "elapsed": 385.520062, "delta": 3.237439}}
{"target": 0.5, "params": {"activation_function": 1.2159643419935688, "amount_of_layers": 6.540341681070042, "batch_size": 55.717384365622216, "dropout_rate": 0.6266507858075532, "epochs": 125.90756509583113, "hidden_channels": 122.29686198896076, "learning_rate": 0.007780584078310698, "optimizer": 1.547387611097069, "pooling_algorithm": 0.629448521767337}, "datetime": {"datetime": "2023-11-28 14:55:02", "elapsed": 390.573364, "delta": 5.053302}}
{"target": 0.5, "params": {"activation_function": 0.06133617719830209, "amount_of_layers": 3.589805540909312, "batch_size": 77.54376882715303, "dropout_rate": 0.3902464922121593, "epochs": 96.33039970401428, "hidden_channels": 82.20071478037391, "learning_rate": 0.06696850669230978, "optimizer": 0.6448686419994667, "pooling_algorithm": 0.6245040700077065}, "datetime": {"datetime": "2023-11-28 14:55:04", "elapsed": 392.924817, "delta": 2.351453}}
{"target": 0.5, "params": {"activation_function": 1.1620690592856024, "amount_of_layers": 5.9301548982734795, "batch_size": 83.67854410941162, "dropout_rate": 0.6642270135182662, "epochs": 53.90355773395784, "hidden_channels": 115.95220907440287, "learning_rate": 0.07272292939847375, "optimizer": 0.8441693936331165, "pooling_algorithm": 0.7261762301581465}, "datetime": {"datetime": "2023-11-28 14:55:06", "elapsed": 394.563317, "delta": 1.6385}}
{"target": 0.5, "params": {"activation_function": 0.5814023755545366, "amount_of_layers": 3.840100808666243, "batch_size": 102.49883731756294, "dropout_rate": 0.32141409219407563, "epochs": 56.8858505403755, "hidden_channels": 35.14380124146617, "learning_rate": 0.09508254434770427, "optimizer": 0.8527323037653145, "pooling_algorithm": 0.5889168606024396}, "datetime": {"datetime": "2023-11-28 14:55:07", "elapsed": 396.009382, "delta": 1.446065}}
