{"target": 0.5, "params": {"activation_function": 1.0832194963981578, "amount_of_layers": 3.0440714101931166, "batch_size": 34.65394071961606, "dropout_rate": 0.35861045989668866, "epochs": 69.63677528595596, "hidden_channels": 105.68317112242141, "learning_rate": 0.024123617675357163, "optimizer": 1.9095627780969302, "pooling_algorithm": 0.9006705247163661}, "datetime": {"datetime": "2023-11-28 13:43:44", "elapsed": 0.0, "delta": 0.0}}
{"target": 0.9214285714285714, "params": {"activation_function": 0.24224788498656902, "amount_of_layers": 2.5404075874450207, "batch_size": 108.33586392626358, "dropout_rate": 0.42780459170199986, "epochs": 30.198773754867968, "hidden_channels": 84.41492768346366, "learning_rate": 0.09211171125113915, "optimizer": 0.4359932890466671, "pooling_algorithm": 0.978959854477181}, "datetime": {"datetime": "2023-11-28 13:43:45", "elapsed": 0.635506, "delta": 0.635506}}
{"target": 0.9089285714285714, "params": {"activation_function": 0.33114690802548385, "amount_of_layers": 1.4605555039471918, "batch_size": 140.2803251879917, "dropout_rate": 0.4711371791025907, "epochs": 21.014689392487362, "hidden_channels": 24.302106841828863, "learning_rate": 0.004838134774929297, "optimizer": 0.4443642513744295, "pooling_algorithm": 0.6094512833491678}, "datetime": {"datetime": "2023-11-28 13:43:45", "elapsed": 1.00715, "delta": 0.371644}}
{"target": 0.0, "params": {"activation_function": 0.4832333922260643, "amount_of_layers": 6.891386737524596, "batch_size": 42.06740417474819, "dropout_rate": 0.45232272803481066, "epochs": 63.43149145286913, "hidden_channels": 118.81215270326284, "learning_rate": 0.07691692954062146, "optimizer": 0.29094881513023885, "pooling_algorithm": 0.10295323493263342}, "datetime": {"datetime": "2023-11-28 13:43:49", "elapsed": 4.282036, "delta": 3.274886}}
{"target": 0.2589285714285714, "params": {"activation_function": 1.2794711682080406, "amount_of_layers": 4.571935656157754, "batch_size": 106.4173567849856, "dropout_rate": 0.6771573727086547, "epochs": 171.0142768381425, "hidden_channels": 43.22256136628543, "learning_rate": 0.032436150403993065, "optimizer": 1.6019035762368725, "pooling_algorithm": 0.027565047467264736}, "datetime": {"datetime": "2023-11-28 13:43:53", "elapsed": 8.263297, "delta": 3.981261}}
{"target": 0.0, "params": {"activation_function": 1.0767015030898521, "amount_of_layers": 6.707433877344058, "batch_size": 129.6462491476409, "dropout_rate": 0.2987770871501434, "epochs": 185.58007539219946, "hidden_channels": 118.5368476008986, "learning_rate": 0.03230152134304962, "optimizer": 0.31201271919753104, "pooling_algorithm": 0.6312957081169354}, "datetime": {"datetime": "2023-11-28 13:43:58", "elapsed": 13.297227, "delta": 5.03393}}
{"target": 0.8071428571428572, "params": {"activation_function": 1.9081300402728902, "amount_of_layers": 6.63037003761266, "batch_size": 22.30936273628393, "dropout_rate": 0.32972560773664117, "epochs": 88.91621179660389, "hidden_channels": 63.661037741198015, "learning_rate": 0.06853993968707763, "optimizer": 0.13268469878134903, "pooling_algorithm": 0.36412105609423684}, "datetime": {"datetime": "2023-11-28 13:44:05", "elapsed": 20.136983, "delta": 6.839756}}
{"target": 0.5, "params": {"activation_function": 0.5120664634919176, "amount_of_layers": 3.57178479822771, "batch_size": 145.61264073114742, "dropout_rate": 0.25527455046494124, "epochs": 57.19624617160045, "hidden_channels": 62.001179356975875, "learning_rate": 0.06451744643403592, "optimizer": 1.0580205885557084, "pooling_algorithm": 0.8993699644183766}, "datetime": {"datetime": "2023-11-28 13:44:06", "elapsed": 21.39884, "delta": 1.261857}}
{"target": 0.8107142857142857, "params": {"activation_function": 0.11120556447513352, "amount_of_layers": 5.614010259072648, "batch_size": 144.5493854968985, "dropout_rate": 0.4316536177554336, "epochs": 160.3154244579033, "hidden_channels": 113.1626172342368, "learning_rate": 0.0656313790673141, "optimizer": 0.14978965153393697, "pooling_algorithm": 0.40827048627340967}, "datetime": {"datetime": "2023-11-28 13:44:10", "elapsed": 25.243298, "delta": 3.844458}}
{"target": 0.26785714285714285, "params": {"activation_function": 0.8351316997288645, "amount_of_layers": 7.173455447916101, "batch_size": 26.90540000758311, "dropout_rate": 0.3538631296663431, "epochs": 75.03413107709349, "hidden_channels": 17.711063641863493, "learning_rate": 0.01652281279522557, "optimizer": 1.4422974689489167, "pooling_algorithm": 0.04967306290279516}, "datetime": {"datetime": "2023-11-28 13:44:15", "elapsed": 30.518073, "delta": 5.274775}}
{"target": 0.5, "params": {"activation_function": 0.576010302740471, "amount_of_layers": 8.213426512419407, "batch_size": 87.71916399320993, "dropout_rate": 0.4381518067037448, "epochs": 98.21629006651492, "hidden_channels": 74.4940260297906, "learning_rate": 0.08656218378645672, "optimizer": 1.5956371316354747, "pooling_algorithm": 0.7892173765363034}, "datetime": {"datetime": "2023-11-28 13:44:18", "elapsed": 33.423303, "delta": 2.90523}}
{"target": 0.5, "params": {"activation_function": 0.20201167270334164, "amount_of_layers": 1.176124271455051, "batch_size": 42.20045848018807, "dropout_rate": 0.5783631624419356, "epochs": 195.01999128304274, "hidden_channels": 33.59740257675125, "learning_rate": 0.09857580129786676, "optimizer": 1.4989657579744236, "pooling_algorithm": 0.8551489692002087}, "datetime": {"datetime": "2023-11-28 13:44:23", "elapsed": 38.137572, "delta": 4.714269}}
{"target": 0.2660714285714286, "params": {"activation_function": 0.7992235271968882, "amount_of_layers": 5.2107149727711, "batch_size": 133.53491047439246, "dropout_rate": 0.3056149269095897, "epochs": 96.36005890940733, "hidden_channels": 35.02401516106136, "learning_rate": 0.06478272121725762, "optimizer": 1.7426053527134346, "pooling_algorithm": 0.23710896328085607}, "datetime": {"datetime": "2023-11-28 13:44:25", "elapsed": 40.396496, "delta": 2.258924}}
{"target": 0.0, "params": {"activation_function": 1.5033906653016242, "amount_of_layers": 7.765451121347229, "batch_size": 94.9911678639818, "dropout_rate": 0.6245183025095187, "epochs": 41.03329402130362, "hidden_channels": 79.89029435376085, "learning_rate": 0.06277905388666011, "optimizer": 1.9930909847383191, "pooling_algorithm": 0.5125229604814987}, "datetime": {"datetime": "2023-11-28 13:44:26", "elapsed": 41.632523, "delta": 1.236027}}
{"target": 0.8321428571428572, "params": {"activation_function": 0.032743328529747595, "amount_of_layers": 1.0823303465054774, "batch_size": 124.66302305498046, "dropout_rate": 0.3999188701838406, "epochs": 109.04844698855334, "hidden_channels": 12.42156618267461, "learning_rate": 0.01452709194408143, "optimizer": 1.5626323402221742, "pooling_algorithm": 0.035002461600182944}, "datetime": {"datetime": "2023-11-28 13:44:28", "elapsed": 43.303753, "delta": 1.67123}}
{"target": 0.7357142857142857, "params": {"activation_function": 1.3957107962845103, "amount_of_layers": 6.959610148341886, "batch_size": 22.19417114851915, "dropout_rate": 0.4479800818144648, "epochs": 57.08465436530452, "hidden_channels": 7.268022555307834, "learning_rate": 0.07411545242922649, "optimizer": 0.8229509570315494, "pooling_algorithm": 0.46176769617272095}, "datetime": {"datetime": "2023-11-28 13:44:32", "elapsed": 47.882775, "delta": 4.579022}}
{"target": 0.7375, "params": {"activation_function": 0.7848436427057834, "amount_of_layers": 7.637774571493842, "batch_size": 24.017029703497805, "dropout_rate": 0.4741434204644567, "epochs": 140.6204943349518, "hidden_channels": 120.83260704491296, "learning_rate": 0.0332494864776988, "optimizer": 0.6082725095717783, "pooling_algorithm": 0.08878081695014306}, "datetime": {"datetime": "2023-11-28 13:44:45", "elapsed": 60.134308, "delta": 12.251533}}
{"target": 0.2642857142857143, "params": {"activation_function": 0.5646738930082729, "amount_of_layers": 1.6787170074560933, "batch_size": 85.92940422603262, "dropout_rate": 0.2764514445242633, "epochs": 15.49499013757254, "hidden_channels": 105.06960548782867, "learning_rate": 0.024623330625464738, "optimizer": 1.8108238911175285, "pooling_algorithm": 0.47566746976976104}, "datetime": {"datetime": "2023-11-28 13:44:45", "elapsed": 60.444653, "delta": 0.310345}}
{"target": 0.9, "params": {"activation_function": 0.7732493431709788, "amount_of_layers": 6.521208168194395, "batch_size": 82.0300382391745, "dropout_rate": 0.616642328689295, "epochs": 16.583344678450413, "hidden_channels": 53.92417587749978, "learning_rate": 0.06922083083889868, "optimizer": 0.22418073303599506, "pooling_algorithm": 0.5059241413927436}, "datetime": {"datetime": "2023-11-28 13:44:45", "elapsed": 60.950268, "delta": 0.505615}}
{"target": 0.26071428571428573, "params": {"activation_function": 1.1981568745971012, "amount_of_layers": 5.860958253957707, "batch_size": 98.91025779280042, "dropout_rate": 0.5384953717723182, "epochs": 44.55762130565353, "hidden_channels": 62.9719656226787, "learning_rate": 0.09379742510272446, "optimizer": 1.190108983032419, "pooling_algorithm": 0.22127675779627187}, "datetime": {"datetime": "2023-11-28 13:44:47", "elapsed": 62.167, "delta": 1.216732}}
{"target": 0.25, "params": {"activation_function": 1.506568061414194, "amount_of_layers": 2.802139020566373, "batch_size": 124.50648119895344, "dropout_rate": 0.282626616390633, "epochs": 107.1647874685285, "hidden_channels": 13.298745637153237, "learning_rate": 0.09565808906730414, "optimizer": 1.972453494901995, "pooling_algorithm": 0.3755673318720314}, "datetime": {"datetime": "2023-11-28 13:44:49", "elapsed": 64.2853, "delta": 2.1183}}
{"target": 0.8428571428571429, "params": {"activation_function": 1.783378293982697, "amount_of_layers": 7.5422115793519655, "batch_size": 108.02108134992834, "dropout_rate": 0.43982998028838, "epochs": 119.6704019139095, "hidden_channels": 9.508773254176988, "learning_rate": 0.09696178221419695, "optimizer": 0.11190844477775141, "pooling_algorithm": 0.6896380360818867}, "datetime": {"datetime": "2023-11-28 13:44:52", "elapsed": 67.739182, "delta": 3.453882}}
{"target": 0.7535714285714284, "params": {"activation_function": 1.0177589650721242, "amount_of_layers": 6.755877425459671, "batch_size": 71.60300374273912, "dropout_rate": 0.3144719322424892, "epochs": 91.34672603896551, "hidden_channels": 83.18787808973173, "learning_rate": 0.08169132228954401, "optimizer": 1.004491739091268, "pooling_algorithm": 0.4010760141011738}, "datetime": {"datetime": "2023-11-28 13:44:56", "elapsed": 71.33981, "delta": 3.600628}}
{"target": 0.7142857142857143, "params": {"activation_function": 0.5320672451926396, "amount_of_layers": 7.6121183548656965, "batch_size": 33.274917577349825, "dropout_rate": 0.30567927168456954, "epochs": 100.30881386175693, "hidden_channels": 88.04177156532255, "learning_rate": 0.08510319742450419, "optimizer": 0.8315000985549714, "pooling_algorithm": 0.19339609725927454}, "datetime": {"datetime": "2023-11-28 13:45:02", "elapsed": 77.854035, "delta": 6.514225}}
{"target": 0.85, "params": {"activation_function": 0.8586639815429968, "amount_of_layers": 3.486355085359537, "batch_size": 50.65943111008438, "dropout_rate": 0.5256018198511153, "epochs": 110.51940789105767, "hidden_channels": 53.723104256798614, "learning_rate": 0.03302352031968901, "optimizer": 1.1586547924841446, "pooling_algorithm": 0.21856095663563446}, "datetime": {"datetime": "2023-11-28 13:45:05", "elapsed": 80.867613, "delta": 3.013578}}
{"target": 0.8892857142857143, "params": {"activation_function": 1.993082236536174, "amount_of_layers": 6.099915524949208, "batch_size": 81.98805845544312, "dropout_rate": 0.7131585616948102, "epochs": 48.43759222376923, "hidden_channels": 66.72870470147237, "learning_rate": 0.043105521946241836, "optimizer": 0.4957039035522295, "pooling_algorithm": 0.9975951815285528}, "datetime": {"datetime": "2023-11-28 13:45:07", "elapsed": 82.157001, "delta": 1.289388}}
{"target": 0.0, "params": {"activation_function": 1.1820744684051712, "amount_of_layers": 1.2695504306184242, "batch_size": 125.33422315854537, "dropout_rate": 0.346452206704309, "epochs": 19.9589172454968, "hidden_channels": 38.08125891120791, "learning_rate": 0.04891079236631052, "optimizer": 1.5015389744237286, "pooling_algorithm": 0.21914890557126343}, "datetime": {"datetime": "2023-11-28 13:45:07", "elapsed": 82.553073, "delta": 0.396072}}
{"target": 0.8071428571428572, "params": {"activation_function": 0.25432960770057655, "amount_of_layers": 6.075014096786205, "batch_size": 35.80792091357395, "dropout_rate": 0.40553514108193334, "epochs": 190.47371255190237, "hidden_channels": 31.434098256286894, "learning_rate": 0.003348878009682986, "optimizer": 0.8935279952610609, "pooling_algorithm": 0.40007262267985877}, "datetime": {"datetime": "2023-11-28 13:45:17", "elapsed": 92.871927, "delta": 10.318854}}
{"target": 0.8107142857142857, "params": {"activation_function": 0.3330870845313503, "amount_of_layers": 4.258351221499787, "batch_size": 127.7815378068147, "dropout_rate": 0.6187761288298163, "epochs": 34.971045063785944, "hidden_channels": 20.394209684740293, "learning_rate": 0.02496819086161781, "optimizer": 0.9663939797206118, "pooling_algorithm": 0.32410343290869215}, "datetime": {"datetime": "2023-11-28 13:45:18", "elapsed": 93.738585, "delta": 0.866658}}
{"target": 0.18571428571428572, "params": {"activation_function": 1.8302461090526896, "amount_of_layers": 1.7759454733887656, "batch_size": 66.76929801602603, "dropout_rate": 0.7246620929977775, "epochs": 147.0772628677225, "hidden_channels": 82.63548078872586, "learning_rate": 0.06683866994099978, "optimizer": 0.4639048251503419, "pooling_algorithm": 0.3227524282921448}, "datetime": {"datetime": "2023-11-28 13:45:22", "elapsed": 97.129541, "delta": 3.390956}}
{"target": 0.5, "params": {"activation_function": 0.6227192339264735, "amount_of_layers": 6.613273913846113, "batch_size": 102.85748192805595, "dropout_rate": 0.4302891493164835, "epochs": 17.829272821255415, "hidden_channels": 110.5573793553213, "learning_rate": 0.09234270431093651, "optimizer": 1.2169435188511997, "pooling_algorithm": 0.9331403408714979}, "datetime": {"datetime": "2023-11-28 13:45:22", "elapsed": 97.823475, "delta": 0.693934}}
{"target": 0.755357142857143, "params": {"activation_function": 0.23823682897408327, "amount_of_layers": 8.89929304134882, "batch_size": 62.72974956401189, "dropout_rate": 0.5931762387874542, "epochs": 146.31966396549785, "hidden_channels": 5.165572339666871, "learning_rate": 0.01920586274159094, "optimizer": 1.7658718028850544, "pooling_algorithm": 0.05017822046436948}, "datetime": {"datetime": "2023-11-28 13:45:29", "elapsed": 104.215039, "delta": 6.391564}}
{"target": 0.8410714285714286, "params": {"activation_function": 0.030087537815713272, "amount_of_layers": 1.4457992738567134, "batch_size": 63.66372441404569, "dropout_rate": 0.56017148804435, "epochs": 183.698677192761, "hidden_channels": 97.27987632219403, "learning_rate": 0.018012334635524627, "optimizer": 1.6955817711201193, "pooling_algorithm": 0.1237083909532255}, "datetime": {"datetime": "2023-11-28 13:45:32", "elapsed": 107.943818, "delta": 3.728779}}
{"target": 0.9035714285714287, "params": {"activation_function": 1.4673611097835007, "amount_of_layers": 6.584689077436722, "batch_size": 74.94389066199649, "dropout_rate": 0.30015384852806337, "epochs": 119.29606225542996, "hidden_channels": 50.443813236490904, "learning_rate": 0.07216119938075101, "optimizer": 0.2116018859753026, "pooling_algorithm": 0.9941247186156714}, "datetime": {"datetime": "2023-11-28 13:45:36", "elapsed": 111.118821, "delta": 3.175003}}
{"target": 0.0, "params": {"activation_function": 1.7348541897374783, "amount_of_layers": 2.150913249300406, "batch_size": 34.36677543299325, "dropout_rate": 0.6465704552163556, "epochs": 26.868798975038544, "hidden_channels": 112.73914300627732, "learning_rate": 0.07782101090533221, "optimizer": 0.4304719956390708, "pooling_algorithm": 0.8772222791130443}, "datetime": {"datetime": "2023-11-28 13:45:37", "elapsed": 112.331647, "delta": 1.212826}}
{"target": 0.7375, "params": {"activation_function": 1.9113581250111964, "amount_of_layers": 7.102762012455383, "batch_size": 127.20836340406632, "dropout_rate": 0.2692092015833992, "epochs": 171.42993077836357, "hidden_channels": 72.86746603585438, "learning_rate": 0.0487675321022649, "optimizer": 0.8175996421032774, "pooling_algorithm": 0.0828278199212279}, "datetime": {"datetime": "2023-11-28 13:45:42", "elapsed": 117.212253, "delta": 4.880606}}
{"target": 0.5, "params": {"activation_function": 0.28059417339509096, "amount_of_layers": 1.9795444032923495, "batch_size": 131.57047902382476, "dropout_rate": 0.32982150643451874, "epochs": 18.62589935630558, "hidden_channels": 113.68840311469484, "learning_rate": 0.03384684063670839, "optimizer": 1.1114083236298626, "pooling_algorithm": 0.590099678427924}, "datetime": {"datetime": "2023-11-28 13:45:42", "elapsed": 117.657991, "delta": 0.445738}}
{"target": 0.7392857142857143, "params": {"activation_function": 0.8105081270758445, "amount_of_layers": 5.14185274634932, "batch_size": 103.89574562206452, "dropout_rate": 0.4965528287568908, "epochs": 177.9791216876116, "hidden_channels": 12.1489422633323, "learning_rate": 0.08909061808203678, "optimizer": 1.7896472667570786, "pooling_algorithm": 0.05426157454618474}, "datetime": {"datetime": "2023-11-28 13:45:46", "elapsed": 121.836695, "delta": 4.178704}}
{"target": 0.0, "params": {"activation_function": 1.1447315159677258, "amount_of_layers": 8.7457955052516, "batch_size": 148.1311125424636, "dropout_rate": 0.4946177179222259, "epochs": 187.66521191114532, "hidden_channels": 94.19837959780357, "learning_rate": 0.06754472132134554, "optimizer": 1.6176439197369032, "pooling_algorithm": 0.5600902589927315}, "datetime": {"datetime": "2023-11-28 13:45:52", "elapsed": 127.461343, "delta": 5.624648}}
{"target": 0.32499999999999996, "params": {"activation_function": 0.749528364913401, "amount_of_layers": 7.228964560709731, "batch_size": 148.3555683283819, "dropout_rate": 0.6539717501346565, "epochs": 199.11144399122853, "hidden_channels": 47.497874913488765, "learning_rate": 0.006332322384501374, "optimizer": 1.8373797449694875, "pooling_algorithm": 0.6477232071821467}, "datetime": {"datetime": "2023-11-28 13:45:57", "elapsed": 132.61172, "delta": 5.150377}}
{"target": 0.26249999999999996, "params": {"activation_function": 1.9652853237046781, "amount_of_layers": 7.088256515150837, "batch_size": 61.695140942084116, "dropout_rate": 0.41107541719402546, "epochs": 168.5697677490068, "hidden_channels": 101.14931111493723, "learning_rate": 0.022891533295430182, "optimizer": 0.8552646841844116, "pooling_algorithm": 0.24930331079317458}, "datetime": {"datetime": "2023-11-28 13:46:04", "elapsed": 139.13263, "delta": 6.52091}}
{"target": 0.8071428571428572, "params": {"activation_function": 1.7630336300629732, "amount_of_layers": 1.5846414236777813, "batch_size": 80.9493500198092, "dropout_rate": 0.7374666453425474, "epochs": 13.924887010089456, "hidden_channels": 61.82168182140546, "learning_rate": 0.004953903771696716, "optimizer": 0.9338982260233597, "pooling_algorithm": 0.1122509796696648}, "datetime": {"datetime": "2023-11-28 13:46:04", "elapsed": 139.48677, "delta": 0.35414}}
{"target": 0.9071428571428571, "params": {"activation_function": 0.697399218344176, "amount_of_layers": 2.295760707169549, "batch_size": 114.65954848758025, "dropout_rate": 0.39638697097097914, "epochs": 182.50895104277433, "hidden_channels": 43.49796289351886, "learning_rate": 0.07169510562108117, "optimizer": 0.05415921627397058, "pooling_algorithm": 0.5429681746834752}, "datetime": {"datetime": "2023-11-28 13:46:07", "elapsed": 142.589859, "delta": 3.103089}}
{"target": 0.2607142857142857, "params": {"activation_function": 0.9883766982226991, "amount_of_layers": 7.132540428876337, "batch_size": 65.22807072897426, "dropout_rate": 0.7463731132244023, "epochs": 113.49949200643489, "hidden_channels": 60.885812808042054, "learning_rate": 0.010035572572301834, "optimizer": 1.936135056636401, "pooling_algorithm": 0.02406460703296809}, "datetime": {"datetime": "2023-11-28 13:46:11", "elapsed": 146.956985, "delta": 4.367126}}
{"target": 0.2321428571428571, "params": {"activation_function": 1.973128722087698, "amount_of_layers": 7.409890998053734, "batch_size": 45.682873934000426, "dropout_rate": 0.5167132878383043, "epochs": 88.44888798003926, "hidden_channels": 53.93656986992558, "learning_rate": 0.006757046008730791, "optimizer": 0.2920121748554314, "pooling_algorithm": 0.49707158815035224}, "datetime": {"datetime": "2023-11-28 13:46:16", "elapsed": 151.32191, "delta": 4.364925}}
{"target": 0.9035714285714286, "params": {"activation_function": 1.182008965797805, "amount_of_layers": 2.1679919153899343, "batch_size": 133.40017935215155, "dropout_rate": 0.40810100277775024, "epochs": 123.5439618705989, "hidden_channels": 69.13338175542633, "learning_rate": 0.0506676283239226, "optimizer": 0.36117017350123937, "pooling_algorithm": 0.6158427554249992}, "datetime": {"datetime": "2023-11-28 13:46:18", "elapsed": 153.566863, "delta": 2.244953}}
{"target": 0.8035714285714286, "params": {"activation_function": 1.6821502245403408, "amount_of_layers": 6.988840100381297, "batch_size": 22.66613103838044, "dropout_rate": 0.3848872016260692, "epochs": 90.51099736862622, "hidden_channels": 64.17352728480917, "learning_rate": 0.06809551918582782, "optimizer": 0.021468250757368024, "pooling_algorithm": 0.01643231997780681}, "datetime": {"datetime": "2023-11-28 13:46:25", "elapsed": 160.674701, "delta": 7.107838}}
