{"target": 0.7339285714285714, "params": {"activation_function": 0.6589417131056918, "amount_of_layers": 4.787304596108834, "batch_size": 95.60440581774888, "dropout_rate": 0.7031159840861241, "epochs": 49.69660307921039, "hidden_channels": 9.571101393331471, "learning_rate": 0.09716428924617028, "optimizer": 1.4124613953745146, "pooling_algorithm": 0.04145110147416908}, "datetime": {"datetime": "2023-11-28 13:35:32", "elapsed": 423.830248, "delta": 1.397067}}
{"target": 0.26428571428571423, "params": {"activation_function": 1.196922121176329, "amount_of_layers": 2.2982085506541035, "batch_size": 123.51972331603233, "dropout_rate": 0.6654651976380427, "epochs": 138.0021799886431, "hidden_channels": 77.6962933950593, "learning_rate": 0.023270449546036902, "optimizer": 1.603778294590586, "pooling_algorithm": 0.2481535915116333}, "datetime": {"datetime": "2023-11-28 13:35:35", "elapsed": 426.493122, "delta": 2.662874}}
{"target": 0.8250000000000001, "params": {"activation_function": 0.031397490239731596, "amount_of_layers": 7.459494033352708, "batch_size": 58.11275447475309, "dropout_rate": 0.7444095423821917, "epochs": 92.67614139089135, "hidden_channels": 74.26199177794572, "learning_rate": 0.0847239731208597, "optimizer": 0.21455944042499842, "pooling_algorithm": 0.0009896814540923948}, "datetime": {"datetime": "2023-11-28 13:35:38", "elapsed": 430.306526, "delta": 3.813404}}
{"target": 0.26071428571428573, "params": {"activation_function": 0.9176363908509464, "amount_of_layers": 6.4048623921398145, "batch_size": 117.62993380779281, "dropout_rate": 0.2685737806022187, "epochs": 124.26962166253907, "hidden_channels": 34.406694717638544, "learning_rate": 0.08142998295810465, "optimizer": 1.8298489532048565, "pooling_algorithm": 0.2220289873743847}, "datetime": {"datetime": "2023-11-28 13:35:42", "elapsed": 433.650128, "delta": 3.343602}}
{"target": 0.9071428571428571, "params": {"activation_function": 1.9098606873521324, "amount_of_layers": 5.626192229564084, "batch_size": 61.32941252788827, "dropout_rate": 0.47521132920717934, "epochs": 84.28660164347382, "hidden_channels": 71.5678636590982, "learning_rate": 0.07873336445132147, "optimizer": 0.2046195224118168, "pooling_algorithm": 0.6266149271742605}, "datetime": {"datetime": "2023-11-28 13:35:45", "elapsed": 436.807366, "delta": 3.157238}}
{"target": 0.2696428571428572, "params": {"activation_function": 1.2569538800881113, "amount_of_layers": 7.736439711102939, "batch_size": 127.86999567609688, "dropout_rate": 0.4734190578224429, "epochs": 189.91490607971247, "hidden_channels": 72.08251853700256, "learning_rate": 0.04079745342809358, "optimizer": 1.5553344392388553, "pooling_algorithm": 0.3810976674224562}, "datetime": {"datetime": "2023-11-28 13:35:51", "elapsed": 442.708993, "delta": 5.901627}}
{"target": 0.8428571428571429, "params": {"activation_function": 1.995235694343531, "amount_of_layers": 1.9916312245763486, "batch_size": 75.20201068977929, "dropout_rate": 0.619727234675713, "epochs": 191.37362066954185, "hidden_channels": 17.273563771306872, "learning_rate": 0.03528784738260264, "optimizer": 0.7669118840083764, "pooling_algorithm": 0.2633748154035772}, "datetime": {"datetime": "2023-11-28 13:35:54", "elapsed": 446.284597, "delta": 3.575604}}
{"target": 0.6785714285714286, "params": {"activation_function": 1.7197319173286212, "amount_of_layers": 5.369424043432601, "batch_size": 145.1792288689565, "dropout_rate": 0.3747088803731171, "epochs": 22.145632391877932, "hidden_channels": 29.92904091694866, "learning_rate": 0.05633715777316378, "optimizer": 0.0651159516604578, "pooling_algorithm": 0.15078895197257902}, "datetime": {"datetime": "2023-11-28 13:35:55", "elapsed": 446.985552, "delta": 0.700955}}
{"target": 0.8250000000000001, "params": {"activation_function": 0.15354102254761814, "amount_of_layers": 5.874054071521439, "batch_size": 30.22665407386247, "dropout_rate": 0.6546574344879088, "epochs": 125.24392516850186, "hidden_channels": 105.90362543707343, "learning_rate": 0.0555866957829146, "optimizer": 0.0033741702798750772, "pooling_algorithm": 0.05940601030323611}, "datetime": {"datetime": "2023-11-28 13:36:02", "elapsed": 454.275683, "delta": 7.290131}}
{"target": 0.5, "params": {"activation_function": 0.35982561150315306, "amount_of_layers": 7.8329747689064915, "batch_size": 66.13554291717146, "dropout_rate": 0.6525337675534082, "epochs": 10.611067680116113, "hidden_channels": 84.64179880831453, "learning_rate": 0.05320734054916968, "optimizer": 0.8607489555941965, "pooling_algorithm": 0.9198575956962295}, "datetime": {"datetime": "2023-11-28 13:36:03", "elapsed": 454.966899, "delta": 0.691216}}
{"target": 0.8321428571428572, "params": {"activation_function": 0.28232240690259336, "amount_of_layers": 2.279664639906721, "batch_size": 137.95677650607428, "dropout_rate": 0.41981783456302646, "epochs": 159.54416135123677, "hidden_channels": 98.54608240801095, "learning_rate": 0.013438851281606979, "optimizer": 1.313666315574253, "pooling_algorithm": 0.6693188742661378}, "datetime": {"datetime": "2023-11-28 13:36:06", "elapsed": 458.057803, "delta": 3.090904}}
{"target": 0.3392857142857143, "params": {"activation_function": 1.8609284666854176, "amount_of_layers": 4.454229952456611, "batch_size": 48.496250878208386, "dropout_rate": 0.6643467144683076, "epochs": 159.6551551574135, "hidden_channels": 29.39755074306901, "learning_rate": 0.08782015647676844, "optimizer": 1.672582166506842, "pooling_algorithm": 0.18441970730632495}, "datetime": {"datetime": "2023-11-28 13:36:12", "elapsed": 464.368781, "delta": 6.310978}}
{"target": 0.0, "params": {"activation_function": 0.29664167791790264, "amount_of_layers": 1.9301785905345747, "batch_size": 36.59458683945131, "dropout_rate": 0.26819991365586393, "epochs": 46.83243691415625, "hidden_channels": 88.19801358546339, "learning_rate": 0.07393446690766131, "optimizer": 1.383085826648143, "pooling_algorithm": 0.9358490522888946}, "datetime": {"datetime": "2023-11-28 13:36:14", "elapsed": 466.350951, "delta": 1.98217}}
{"target": 0.5, "params": {"activation_function": 1.9774547633601622, "amount_of_layers": 5.171525682717493, "batch_size": 130.05905015786487, "dropout_rate": 0.6335300917679239, "epochs": 133.09531398001553, "hidden_channels": 78.89696468272749, "learning_rate": 0.09710100927223604, "optimizer": 1.3256585992303496, "pooling_algorithm": 0.08195147394300151}, "datetime": {"datetime": "2023-11-28 13:36:18", "elapsed": 469.851196, "delta": 3.500245}}
{"target": 0.0, "params": {"activation_function": 0.6073601049536712, "amount_of_layers": 5.748723947471766, "batch_size": 148.53511116849583, "dropout_rate": 0.43110795795224965, "epochs": 58.74959341571341, "hidden_channels": 92.81073679309976, "learning_rate": 0.09901538618397394, "optimizer": 0.22884720279188153, "pooling_algorithm": 0.1573732042705026}, "datetime": {"datetime": "2023-11-28 13:36:20", "elapsed": 471.527693, "delta": 1.676497}}
{"target": 0.0, "params": {"activation_function": 0.11677552900842958, "amount_of_layers": 7.611943139071177, "batch_size": 19.687237440958693, "dropout_rate": 0.6366681804975566, "epochs": 139.16501830828562, "hidden_channels": 99.77484293287031, "learning_rate": 0.05584254984356992, "optimizer": 1.790796033132198, "pooling_algorithm": 0.14371177479157016}, "datetime": {"datetime": "2023-11-28 13:36:34", "elapsed": 485.917215, "delta": 14.389522}}
{"target": 0.0, "params": {"activation_function": 1.1570504325731163, "amount_of_layers": 2.8225324462658508, "batch_size": 16.852009197752547, "dropout_rate": 0.566824784689219, "epochs": 167.06963244355634, "hidden_channels": 105.52596757625565, "learning_rate": 0.06425897532815225, "optimizer": 1.9844205756252615, "pooling_algorithm": 0.0950231999345803}, "datetime": {"datetime": "2023-11-28 13:36:45", "elapsed": 497.086199, "delta": 11.168984}}
{"target": 0.9178571428571428, "params": {"activation_function": 0.2784787595493572, "amount_of_layers": 3.280339658125585, "batch_size": 38.00089872718194, "dropout_rate": 0.47197367963411213, "epochs": 17.277377405271015, "hidden_channels": 51.691210971792295, "learning_rate": 0.023908011526832147, "optimizer": 0.8840835078331035, "pooling_algorithm": 0.9794872310380561}, "datetime": {"datetime": "2023-11-28 13:36:46", "elapsed": 497.856376, "delta": 0.770177}}
{"target": 0.8964285714285714, "params": {"activation_function": 1.393104818754032, "amount_of_layers": 6.562028432371096, "batch_size": 109.52364942759179, "dropout_rate": 0.6195992308897635, "epochs": 147.12250587720416, "hidden_channels": 122.68550148940376, "learning_rate": 0.0016599009595257464, "optimizer": 1.4210451749274389, "pooling_algorithm": 0.8432335913269836}, "datetime": {"datetime": "2023-11-28 13:36:50", "elapsed": 502.249137, "delta": 4.392761}}
{"target": 0.2678571428571429, "params": {"activation_function": 0.8837526339891608, "amount_of_layers": 6.729302545892147, "batch_size": 92.64357987696665, "dropout_rate": 0.5747883760352162, "epochs": 166.7390078189974, "hidden_channels": 104.30778263050469, "learning_rate": 0.002506365175955132, "optimizer": 0.4858351864691508, "pooling_algorithm": 0.2634217714316246}, "datetime": {"datetime": "2023-11-28 13:36:55", "elapsed": 507.039784, "delta": 4.790647}}
{"target": 0.32499999999999996, "params": {"activation_function": 0.8177677670438706, "amount_of_layers": 2.555689220627192, "batch_size": 94.89776740640451, "dropout_rate": 0.3119030884328644, "epochs": 162.59419828292693, "hidden_channels": 121.44691605691872, "learning_rate": 0.00856915741716676, "optimizer": 1.2608149588076272, "pooling_algorithm": 0.7031533360065788}, "datetime": {"datetime": "2023-11-28 13:36:59", "elapsed": 510.545365, "delta": 3.505581}}
{"target": 0.5, "params": {"activation_function": 0.7214048439123071, "amount_of_layers": 6.6124890476836375, "batch_size": 23.449759231648187, "dropout_rate": 0.3770446994609917, "epochs": 44.28003273266003, "hidden_channels": 21.967305807446582, "learning_rate": 0.08343554815093174, "optimizer": 1.1568196559965014, "pooling_algorithm": 0.6886212100095107}, "datetime": {"datetime": "2023-11-28 13:37:03", "elapsed": 514.608325, "delta": 4.06296}}
{"target": 0.5, "params": {"activation_function": 0.7530860137457203, "amount_of_layers": 8.992194128822353, "batch_size": 20.056045506424187, "dropout_rate": 0.38192695360787793, "epochs": 73.78050966508178, "hidden_channels": 49.237893173823885, "learning_rate": 0.029708178409514154, "optimizer": 1.8023728364610154, "pooling_algorithm": 0.7889940242439504}, "datetime": {"datetime": "2023-11-28 13:37:11", "elapsed": 522.615279, "delta": 8.006954}}
{"target": 0.9035714285714286, "params": {"activation_function": 1.3400395334791875, "amount_of_layers": 8.299012095514767, "batch_size": 109.80869122657708, "dropout_rate": 0.5312824002869905, "epochs": 182.0091700098328, "hidden_channels": 82.24885087603182, "learning_rate": 0.014060740392404313, "optimizer": 0.285774657158431, "pooling_algorithm": 0.6921077573605467}, "datetime": {"datetime": "2023-11-28 13:37:16", "elapsed": 528.094414, "delta": 5.479135}}
