{"target": 0.55, "params": {"activation_function": 1.6438669503339218, "amount_of_layers": 6.830697242503685, "batch_size": 72.46849346129768, "dropout_rate": 0.5250545351486906, "epochs": 24.015925272417103, "hidden_channels": 109.2004410339139, "learning_rate": 0.053515639430668394, "optimizer": 1.1928736551022459, "pooling_algorithm": 0.6417511100511978}, "datetime": {"datetime": "2023-11-28 13:31:57", "elapsed": 209.016667, "delta": 1.076942}}
{"target": 0.0, "params": {"activation_function": 1.4874270627544843, "amount_of_layers": 4.174716972513331, "batch_size": 48.907945192319545, "dropout_rate": 0.6847510795748086, "epochs": 128.95455477311745, "hidden_channels": 89.21681845737974, "learning_rate": 0.06001306571700257, "optimizer": 1.8825250542145182, "pooling_algorithm": 0.9198598125686367}, "datetime": {"datetime": "2023-11-28 13:32:02", "elapsed": 213.983552, "delta": 4.966885}}
{"target": 0.26249999999999996, "params": {"activation_function": 0.7728955367554389, "amount_of_layers": 2.593463684161624, "batch_size": 113.49930124852276, "dropout_rate": 0.6972000705355175, "epochs": 104.27917084852417, "hidden_channels": 81.90847819991197, "learning_rate": 0.08140041362182429, "optimizer": 0.7023031302158267, "pooling_algorithm": 0.11056320685846821}, "datetime": {"datetime": "2023-11-28 13:32:04", "elapsed": 216.293627, "delta": 2.310075}}
{"target": 0.5, "params": {"activation_function": 1.5063179052598252, "amount_of_layers": 8.899593271694677, "batch_size": 82.98949102108479, "dropout_rate": 0.5133861661930053, "epochs": 145.70306757779164, "hidden_channels": 18.774613765119724, "learning_rate": 0.07455799090389045, "optimizer": 1.0148176495382226, "pooling_algorithm": 0.5104721384795413}, "datetime": {"datetime": "2023-11-28 13:32:09", "elapsed": 221.138516, "delta": 4.844889}}
{"target": 0.5, "params": {"activation_function": 1.3450572830635508, "amount_of_layers": 4.776975831905054, "batch_size": 29.646357919851987, "dropout_rate": 0.5092982792616895, "epochs": 95.8424676573642, "hidden_channels": 125.55077083224252, "learning_rate": 0.043895197986748305, "optimizer": 1.8166587801920882, "pooling_algorithm": 0.8517063094608567}, "datetime": {"datetime": "2023-11-28 13:32:14", "elapsed": 226.297088, "delta": 5.158572}}
{"target": 0.7357142857142858, "params": {"activation_function": 1.6152135380999275, "amount_of_layers": 3.6106103723121663, "batch_size": 25.23167860874063, "dropout_rate": 0.2683186093051718, "epochs": 47.98377297265985, "hidden_channels": 37.12154316085551, "learning_rate": 0.021111301391757476, "optimizer": 1.694645059317169, "pooling_algorithm": 0.3557576744138611}, "datetime": {"datetime": "2023-11-28 13:32:17", "elapsed": 229.031725, "delta": 2.734637}}
{"target": 0.9125, "params": {"activation_function": 0.013695393648522014, "amount_of_layers": 8.032443720718536, "batch_size": 32.3192746098094, "dropout_rate": 0.5310941613405569, "epochs": 166.96306214091868, "hidden_channels": 7.337408034787976, "learning_rate": 0.046257665881135605, "optimizer": 0.7992352048857132, "pooling_algorithm": 0.5376616881491741}, "datetime": {"datetime": "2023-11-28 13:32:28", "elapsed": 239.951116, "delta": 10.919391}}
{"target": 0.9035714285714286, "params": {"activation_function": 0.9402779740458007, "amount_of_layers": 4.807007754248479, "batch_size": 73.02378745606839, "dropout_rate": 0.36756711651506246, "epochs": 27.067440591553677, "hidden_channels": 38.74545329297825, "learning_rate": 0.07866609601696353, "optimizer": 0.1854369802618303, "pooling_algorithm": 0.6281256051487724}, "datetime": {"datetime": "2023-11-28 13:32:29", "elapsed": 240.986428, "delta": 1.035312}}
{"target": 0.7339285714285715, "params": {"activation_function": 1.506331510984467, "amount_of_layers": 3.648249413531076, "batch_size": 129.43635292082064, "dropout_rate": 0.6853801660536387, "epochs": 77.77797249273935, "hidden_channels": 57.97527958143094, "learning_rate": 0.07771031971421676, "optimizer": 1.9323241845883148, "pooling_algorithm": 0.3917889174055045}, "datetime": {"datetime": "2023-11-28 13:32:31", "elapsed": 242.928784, "delta": 1.942356}}
{"target": 0.5, "params": {"activation_function": 1.027010167400754, "amount_of_layers": 8.92512450603418, "batch_size": 149.31864899779285, "dropout_rate": 0.6724824148693436, "epochs": 156.44686033548993, "hidden_channels": 114.40483107364606, "learning_rate": 0.05588314528242356, "optimizer": 0.5577490934796365, "pooling_algorithm": 0.7057619643144725}, "datetime": {"datetime": "2023-11-28 13:32:36", "elapsed": 247.912435, "delta": 4.983651}}
{"target": 0.9107142857142858, "params": {"activation_function": 0.18264885214598725, "amount_of_layers": 5.632802486319719, "batch_size": 117.48657524270524, "dropout_rate": 0.523450553628885, "epochs": 124.32498616646009, "hidden_channels": 34.524945253808994, "learning_rate": 0.01691746173616422, "optimizer": 0.3916722836703477, "pooling_algorithm": 0.7839657256675439}, "datetime": {"datetime": "2023-11-28 13:32:39", "elapsed": 251.294806, "delta": 3.382371}}
{"target": 0.2535714285714286, "params": {"activation_function": 1.0051023481571495, "amount_of_layers": 5.961499100360043, "batch_size": 131.39495493868645, "dropout_rate": 0.7138134849139985, "epochs": 191.66305078112865, "hidden_channels": 75.49169758291227, "learning_rate": 0.030058896059269518, "optimizer": 0.12836929171543687, "pooling_algorithm": 0.4421563407079141}, "datetime": {"datetime": "2023-11-28 13:32:44", "elapsed": 256.275242, "delta": 4.980436}}
{"target": 0.5, "params": {"activation_function": 1.9634898439614796, "amount_of_layers": 3.5575773352089763, "batch_size": 68.33355696137227, "dropout_rate": 0.26817256823105806, "epochs": 179.4339204590168, "hidden_channels": 11.04351237052348, "learning_rate": 0.08582306535700633, "optimizer": 1.6909219893116596, "pooling_algorithm": 0.7854396466036934}, "datetime": {"datetime": "2023-11-28 13:32:50", "elapsed": 261.89725, "delta": 5.622008}}
{"target": 0.8196428571428571, "params": {"activation_function": 0.006191191603825086, "amount_of_layers": 1.2045050186626378, "batch_size": 52.95744231028377, "dropout_rate": 0.6093627127497608, "epochs": 163.31267419989186, "hidden_channels": 8.377375036419242, "learning_rate": 0.07147891163162606, "optimizer": 1.8465362827202079, "pooling_algorithm": 0.35557030375164167}, "datetime": {"datetime": "2023-11-28 13:32:54", "elapsed": 265.409917, "delta": 3.512667}}
{"target": 0.725, "params": {"activation_function": 1.867071274921508, "amount_of_layers": 8.217040279682614, "batch_size": 81.18438941972703, "dropout_rate": 0.4428465113548442, "epochs": 183.39149059372255, "hidden_channels": 14.604149467423706, "learning_rate": 0.05316201872219568, "optimizer": 0.36387056827096864, "pooling_algorithm": 0.34509408934830454}, "datetime": {"datetime": "2023-11-28 13:32:59", "elapsed": 271.013006, "delta": 5.603089}}
{"target": 0.9178571428571428, "params": {"activation_function": 1.509403803581881, "amount_of_layers": 7.0619859787339285, "batch_size": 101.12984679694004, "dropout_rate": 0.7490134233788177, "epochs": 154.87567922510377, "hidden_channels": 113.18516499606498, "learning_rate": 0.06117937663489201, "optimizer": 0.3634547394968375, "pooling_algorithm": 0.883912702022029}, "datetime": {"datetime": "2023-11-28 13:33:04", "elapsed": 275.650149, "delta": 4.637143}}
{"target": 0.0, "params": {"activation_function": 1.4778815026068681, "amount_of_layers": 5.227886014572786, "batch_size": 30.208937527338914, "dropout_rate": 0.5146933365698945, "epochs": 80.78251762901417, "hidden_channels": 123.42271204439402, "learning_rate": 0.0948120241490112, "optimizer": 1.8973314596168016, "pooling_algorithm": 0.8813645681436606}, "datetime": {"datetime": "2023-11-28 13:33:08", "elapsed": 279.854199, "delta": 4.20405}}
{"target": 0.5, "params": {"activation_function": 1.343620811124701, "amount_of_layers": 7.332462962612307, "batch_size": 117.72551493689775, "dropout_rate": 0.43950515465209083, "epochs": 174.68007260131444, "hidden_channels": 113.73177802256747, "learning_rate": 0.015606526058988757, "optimizer": 0.873044625802033, "pooling_algorithm": 0.7038730149492908}, "datetime": {"datetime": "2023-11-28 13:33:13", "elapsed": 284.911934, "delta": 5.057735}}
{"target": 0.5, "params": {"activation_function": 0.44745077801500566, "amount_of_layers": 3.9519755631659805, "batch_size": 72.89790517504677, "dropout_rate": 0.5011961397468477, "epochs": 198.05436108464647, "hidden_channels": 100.31177316244388, "learning_rate": 0.08776304506127744, "optimizer": 1.4620400733719419, "pooling_algorithm": 0.7269316132037886}, "datetime": {"datetime": "2023-11-28 13:33:20", "elapsed": 291.994534, "delta": 7.0826}}
{"target": 0.9035714285714286, "params": {"activation_function": 0.3001643376803269, "amount_of_layers": 4.093378954874188, "batch_size": 133.879532727316, "dropout_rate": 0.5847070876194873, "epochs": 69.31587112574522, "hidden_channels": 25.91395130382113, "learning_rate": 0.05245039798465604, "optimizer": 0.08628779434867995, "pooling_algorithm": 0.5242407695129602}, "datetime": {"datetime": "2023-11-28 13:33:22", "elapsed": 293.755223, "delta": 1.760689}}
{"target": 0.2642857142857143, "params": {"activation_function": 1.3407357544278888, "amount_of_layers": 4.847164901988391, "batch_size": 25.01213347626836, "dropout_rate": 0.6768701705059594, "epochs": 180.37462593827186, "hidden_channels": 62.29119736918637, "learning_rate": 0.0015813486868650377, "optimizer": 0.6067162350722135, "pooling_algorithm": 0.3280295196148859}, "datetime": {"datetime": "2023-11-28 13:33:33", "elapsed": 304.467503, "delta": 10.71228}}
{"target": 0.8303571428571428, "params": {"activation_function": 1.6519197581528762, "amount_of_layers": 1.3310676659993925, "batch_size": 54.6212412086004, "dropout_rate": 0.7126462348762883, "epochs": 82.96887636076478, "hidden_channels": 102.10968612826483, "learning_rate": 0.02478666285435504, "optimizer": 0.8399687508469558, "pooling_algorithm": 0.009346980345519285}, "datetime": {"datetime": "2023-11-28 13:33:35", "elapsed": 306.427929, "delta": 1.960426}}
{"target": 0.5, "params": {"activation_function": 1.6977024187355179, "amount_of_layers": 4.811959411584539, "batch_size": 41.13070499064517, "dropout_rate": 0.6560022177806273, "epochs": 191.14497326347154, "hidden_channels": 106.50490665262662, "learning_rate": 0.09894572364824272, "optimizer": 0.959442299574413, "pooling_algorithm": 0.5971734380362494}, "datetime": {"datetime": "2023-11-28 13:33:43", "elapsed": 315.264844, "delta": 8.836915}}
{"target": 0.5, "params": {"activation_function": 1.1268865655098013, "amount_of_layers": 7.74219749796161, "batch_size": 20.547518720385924, "dropout_rate": 0.27928722035543524, "epochs": 190.34359192648895, "hidden_channels": 94.95438407847955, "learning_rate": 0.0464994537987023, "optimizer": 0.8958155824888017, "pooling_algorithm": 0.7911419431271642}, "datetime": {"datetime": "2023-11-28 13:34:02", "elapsed": 334.323487, "delta": 19.058643}}
{"target": 0.9035714285714286, "params": {"activation_function": 1.0796822716704264, "amount_of_layers": 1.7571520563389385, "batch_size": 79.58403229529412, "dropout_rate": 0.6467742987778117, "epochs": 28.637314000684732, "hidden_channels": 17.43814385193012, "learning_rate": 0.01998409804410859, "optimizer": 0.48200944437381965, "pooling_algorithm": 0.7642975650919884}, "datetime": {"datetime": "2023-11-28 13:34:03", "elapsed": 334.965756, "delta": 0.642269}}
{"target": 0.0, "params": {"activation_function": 1.410991161952167, "amount_of_layers": 5.873072130827092, "batch_size": 62.88178886862386, "dropout_rate": 0.4800379523802785, "epochs": 186.04068663636883, "hidden_channels": 52.65131799245723, "learning_rate": 0.08799401964197166, "optimizer": 1.7157244781047636, "pooling_algorithm": 0.11572088883771725}, "datetime": {"datetime": "2023-11-28 13:34:10", "elapsed": 341.712335, "delta": 6.746579}}
{"target": 0.4714285714285714, "params": {"activation_function": 1.672697132057278, "amount_of_layers": 4.194987485646138, "batch_size": 71.35755032445427, "dropout_rate": 0.3315161529411578, "epochs": 30.15833546795206, "hidden_channels": 27.733900422896255, "learning_rate": 0.047687656577636295, "optimizer": 0.21480435836910883, "pooling_algorithm": 0.2990987596916883}, "datetime": {"datetime": "2023-11-28 13:34:11", "elapsed": 343.120004, "delta": 1.407669}}
{"target": 0.4571428571428572, "params": {"activation_function": 1.177577882740362, "amount_of_layers": 7.632254578518849, "batch_size": 27.933068657483517, "dropout_rate": 0.4418940953682467, "epochs": 152.86805396938325, "hidden_channels": 88.41594464220961, "learning_rate": 0.05891639057702372, "optimizer": 1.0142601483395648, "pooling_algorithm": 0.8718908780542979}, "datetime": {"datetime": "2023-11-28 13:34:23", "elapsed": 355.089872, "delta": 11.969868}}
{"target": 0.4357142857142857, "params": {"activation_function": 1.2240257209810426, "amount_of_layers": 4.337525549345656, "batch_size": 23.329961669239886, "dropout_rate": 0.5720351742892047, "epochs": 54.56365696801441, "hidden_channels": 127.71472806688102, "learning_rate": 0.015078556883471324, "optimizer": 1.0434430697133743, "pooling_algorithm": 0.6947608114004834}, "datetime": {"datetime": "2023-11-28 13:34:27", "elapsed": 358.782287, "delta": 3.692415}}
{"target": 0.8857142857142857, "params": {"activation_function": 1.781421272453946, "amount_of_layers": 7.317564221761281, "batch_size": 82.56811552436523, "dropout_rate": 0.7427556240560227, "epochs": 62.405135436688795, "hidden_channels": 34.38507975360702, "learning_rate": 0.055095098406753695, "optimizer": 0.18166699522815644, "pooling_algorithm": 0.9084130087364947}, "datetime": {"datetime": "2023-11-28 13:34:29", "elapsed": 360.713135, "delta": 1.930848}}
{"target": 0.5, "params": {"activation_function": 0.4958122944487475, "amount_of_layers": 2.977253438488165, "batch_size": 147.101547542138, "dropout_rate": 0.5962368625628238, "epochs": 76.71389457311403, "hidden_channels": 71.61899160662854, "learning_rate": 0.08420464122303924, "optimizer": 1.6523537025198483, "pooling_algorithm": 0.6794255462927424}, "datetime": {"datetime": "2023-11-28 13:34:31", "elapsed": 362.403172, "delta": 1.690037}}
{"target": 0.5, "params": {"activation_function": 0.7362531325676924, "amount_of_layers": 5.016040340370846, "batch_size": 71.36946825386427, "dropout_rate": 0.43436458216527957, "epochs": 173.26906662437196, "hidden_channels": 59.30119524117844, "learning_rate": 0.027410277995613106, "optimizer": 1.6046935526167805, "pooling_algorithm": 0.9388125849561085}, "datetime": {"datetime": "2023-11-28 13:34:36", "elapsed": 368.360461, "delta": 5.957289}}
{"target": 0.8857142857142857, "params": {"activation_function": 1.6519982626788337, "amount_of_layers": 3.87013533620806, "batch_size": 69.0757118975018, "dropout_rate": 0.462904989080604, "epochs": 10.58224948724038, "hidden_channels": 16.165497389681452, "learning_rate": 0.05076276183000003, "optimizer": 0.33612002407265673, "pooling_algorithm": 0.5521616300100376}, "datetime": {"datetime": "2023-11-28 13:34:37", "elapsed": 368.851212, "delta": 0.490751}}
{"target": 0.2625, "params": {"activation_function": 1.2733832724135496, "amount_of_layers": 6.182892120644388, "batch_size": 84.61313820710001, "dropout_rate": 0.43838045924136765, "epochs": 161.04884553381953, "hidden_channels": 22.777305520883118, "learning_rate": 0.06765825183594507, "optimizer": 1.8904583440822396, "pooling_algorithm": 0.3478233357611641}, "datetime": {"datetime": "2023-11-28 13:34:41", "elapsed": 373.284362, "delta": 4.43315}}
{"target": 0.4857142857142857, "params": {"activation_function": 0.5265578358302501, "amount_of_layers": 2.787510409638485, "batch_size": 35.279703168849615, "dropout_rate": 0.4203534623946913, "epochs": 172.58841367470188, "hidden_channels": 46.44389898436542, "learning_rate": 0.0711170038764233, "optimizer": 1.2315242183611663, "pooling_algorithm": 0.9601096516977589}, "datetime": {"datetime": "2023-11-28 13:34:49", "elapsed": 380.589013, "delta": 7.304651}}
{"target": 0.7821428571428571, "params": {"activation_function": 1.1403363971911917, "amount_of_layers": 3.343941222066145, "batch_size": 67.81367356199986, "dropout_rate": 0.6326045153728951, "epochs": 134.57762456451962, "hidden_channels": 26.11469293475184, "learning_rate": 0.020325075823214564, "optimizer": 1.4554280864588818, "pooling_algorithm": 0.13833688310354808}, "datetime": {"datetime": "2023-11-28 13:34:53", "elapsed": 384.573052, "delta": 3.984039}}
{"target": 0.8, "params": {"activation_function": 1.6002352119276952, "amount_of_layers": 6.228818196281371, "batch_size": 85.14679224842142, "dropout_rate": 0.6672361229475926, "epochs": 121.40583326150504, "hidden_channels": 45.82179895457319, "learning_rate": 0.0740558811672173, "optimizer": 0.41910099574655857, "pooling_algorithm": 0.3681590952132875}, "datetime": {"datetime": "2023-11-28 13:34:56", "elapsed": 388.144221, "delta": 3.571169}}
{"target": 0.0, "params": {"activation_function": 1.8503922408952511, "amount_of_layers": 2.1164871477169287, "batch_size": 84.73289331433128, "dropout_rate": 0.5353953948516804, "epochs": 198.08048930058038, "hidden_channels": 59.049304928324396, "learning_rate": 0.09780848164476948, "optimizer": 1.6641059709336756, "pooling_algorithm": 0.7048205339768479}, "datetime": {"datetime": "2023-11-28 13:35:00", "elapsed": 391.772646, "delta": 3.628425}}
{"target": 0.9035714285714286, "params": {"activation_function": 0.7416570937299451, "amount_of_layers": 7.246640503486324, "batch_size": 125.46084292601915, "dropout_rate": 0.6272099761350058, "epochs": 183.5332707081279, "hidden_channels": 13.802899441628012, "learning_rate": 0.07547792564373018, "optimizer": 0.17107718954704354, "pooling_algorithm": 0.9818724454391919}, "datetime": {"datetime": "2023-11-28 13:35:05", "elapsed": 396.931548, "delta": 5.158902}}
{"target": 0.0, "params": {"activation_function": 0.07717514384600133, "amount_of_layers": 2.939662025952548, "batch_size": 45.59385373699807, "dropout_rate": 0.6789514812676418, "epochs": 87.05097625045944, "hidden_channels": 50.155380668156596, "learning_rate": 0.09449691461720376, "optimizer": 1.8711188234335885, "pooling_algorithm": 0.4693036157542031}, "datetime": {"datetime": "2023-11-28 13:35:08", "elapsed": 400.071083, "delta": 3.139535}}
{"target": 0.0, "params": {"activation_function": 0.6878909603276016, "amount_of_layers": 7.829184791795521, "batch_size": 140.11474988444093, "dropout_rate": 0.2621034376759876, "epochs": 121.84046263504001, "hidden_channels": 106.66129311048353, "learning_rate": 0.07260273711064599, "optimizer": 1.8833612299120939, "pooling_algorithm": 0.47617848170679755}, "datetime": {"datetime": "2023-11-28 13:35:12", "elapsed": 403.774026, "delta": 3.702943}}
{"target": 0.5, "params": {"activation_function": 0.1551413620970925, "amount_of_layers": 4.421750243411104, "batch_size": 85.36885782472024, "dropout_rate": 0.25495678881184225, "epochs": 176.72694390778236, "hidden_channels": 24.892407474828186, "learning_rate": 0.09209760543844786, "optimizer": 0.9966843671176766, "pooling_algorithm": 0.9482173141173614}, "datetime": {"datetime": "2023-11-28 13:35:16", "elapsed": 407.817503, "delta": 4.043477}}
{"target": 0.5, "params": {"activation_function": 0.9490202690682152, "amount_of_layers": 5.553824678054948, "batch_size": 130.85061785964277, "dropout_rate": 0.6798399679204205, "epochs": 53.88917449588589, "hidden_channels": 80.67740856565443, "learning_rate": 0.08538804976194593, "optimizer": 0.7564341212570753, "pooling_algorithm": 0.8462234037112659}, "datetime": {"datetime": "2023-11-28 13:35:18", "elapsed": 409.407332, "delta": 1.589829}}
{"target": 0.5, "params": {"activation_function": 1.095116509666552, "amount_of_layers": 7.045942093465283, "batch_size": 127.22081420484369, "dropout_rate": 0.2587717485100363, "epochs": 120.1971945014303, "hidden_channels": 51.5122189502361, "learning_rate": 0.03995837609028689, "optimizer": 0.8586232301703027, "pooling_algorithm": 0.7442329425313023}, "datetime": {"datetime": "2023-11-28 13:35:21", "elapsed": 412.919938, "delta": 3.512606}}
{"target": 0.5, "params": {"activation_function": 1.131003169021425, "amount_of_layers": 7.4664153513712925, "batch_size": 90.58906039834939, "dropout_rate": 0.3511905010940186, "epochs": 96.79874392119797, "hidden_channels": 45.640967568697434, "learning_rate": 0.05258289979259, "optimizer": 1.4841612209464987, "pooling_algorithm": 0.9425302949380259}, "datetime": {"datetime": "2023-11-28 13:35:24", "elapsed": 415.813329, "delta": 2.893391}}
{"target": 0.5, "params": {"activation_function": 1.8070133282676861, "amount_of_layers": 8.621202151383901, "batch_size": 140.60764886875597, "dropout_rate": 0.3684262754200087, "epochs": 97.10132289421377, "hidden_channels": 70.71019133114163, "learning_rate": 0.07946613220102733, "optimizer": 0.8044839696993751, "pooling_algorithm": 0.946089879057756}, "datetime": {"datetime": "2023-11-28 13:35:27", "elapsed": 419.11625, "delta": 3.302921}}
{"target": 0.25, "params": {"activation_function": 0.2244357317621526, "amount_of_layers": 2.4973217582231424, "batch_size": 57.94122428037061, "dropout_rate": 0.7067924309715248, "epochs": 92.1486614452222, "hidden_channels": 30.022345303638435, "learning_rate": 0.09455850551258098, "optimizer": 1.1309417304143121, "pooling_algorithm": 0.18893139795751057}, "datetime": {"datetime": "2023-11-28 13:35:30", "elapsed": 421.536817, "delta": 2.420567}}
{"target": 0.7321428571428571, "params": {"activation_function": 0.7050018168812688, "amount_of_layers": 8.213035187823435, "batch_size": 147.7674896076937, "dropout_rate": 0.577444322167687, "epochs": 24.142458870972032, "hidden_channels": 71.75905438197628, "learning_rate": 0.04509401577130013, "optimizer": 0.5078933844924514, "pooling_algorithm": 0.34597905996713296}, "datetime": {"datetime": "2023-11-28 13:35:31", "elapsed": 422.433181, "delta": 0.896364}}
