{"target": 0.5, "params": {"activation_function": 0.8622504205993924, "amount_of_layers": 1.1649080350121697, "batch_size": 116.28388075635364, "dropout_rate": 0.3025825145062455, "epochs": 67.29295226935164, "hidden_channels": 24.65478581010736, "learning_rate": 0.09453520890708965, "optimizer": 1.6581676772376166, "pooling_algorithm": 0.9684698302548231}, "datetime": {"datetime": "2023-11-28 02:45:04", "elapsed": 322.499409, "delta": 1.109888}}
{"target": 0.45357142857142857, "params": {"activation_function": 1.119037815308368, "amount_of_layers": 7.926922820140765, "batch_size": 23.87181930631821, "dropout_rate": 0.625241354611642, "epochs": 17.340762777890376, "hidden_channels": 36.0813543648758, "learning_rate": 0.08604653090202506, "optimizer": 1.5390003742139697, "pooling_algorithm": 0.7632616499568179}, "datetime": {"datetime": "2023-11-28 02:45:06", "elapsed": 324.001325, "delta": 1.501916}}
{"target": 0.26249999999999996, "params": {"activation_function": 0.5343876953368232, "amount_of_layers": 3.9411943595803116, "batch_size": 136.67783317327627, "dropout_rate": 0.6095248273460661, "epochs": 66.82466142546431, "hidden_channels": 59.77557731610069, "learning_rate": 0.08778094821062525, "optimizer": 0.7672039028993016, "pooling_algorithm": 0.25801167580147}, "datetime": {"datetime": "2023-11-28 02:45:07", "elapsed": 325.525977, "delta": 1.524652}}
{"target": 0.9071428571428571, "params": {"activation_function": 1.4755483618497371, "amount_of_layers": 1.841853344631759, "batch_size": 50.63751281378926, "dropout_rate": 0.3897186058019131, "epochs": 105.97091196633865, "hidden_channels": 124.35007336763486, "learning_rate": 0.029841414693387865, "optimizer": 0.4890438878526313, "pooling_algorithm": 0.8933244782608545}, "datetime": {"datetime": "2023-11-28 02:45:09", "elapsed": 327.866073, "delta": 2.340096}}
{"target": 0.9071428571428571, "params": {"activation_function": 0.8837865772406224, "amount_of_layers": 3.3803234181114608, "batch_size": 20.94944698701019, "dropout_rate": 0.38033509035793656, "epochs": 16.671670227612267, "hidden_channels": 112.99616045228312, "learning_rate": 0.0014709130296097065, "optimizer": 1.3746795811845471, "pooling_algorithm": 0.7581238586836421}, "datetime": {"datetime": "2023-11-28 02:45:11", "elapsed": 329.014912, "delta": 1.148839}}
{"target": 0.5, "params": {"activation_function": 0.6418583860790967, "amount_of_layers": 1.4364257128578881, "batch_size": 60.35591131327408, "dropout_rate": 0.6960437010072417, "epochs": 20.095905449120117, "hidden_channels": 81.01619349549043, "learning_rate": 0.019897176249666103, "optimizer": 1.0197589425793585, "pooling_algorithm": 0.9245635865451429}, "datetime": {"datetime": "2023-11-28 02:45:11", "elapsed": 329.570035, "delta": 0.555123}}
{"target": 0.7392857142857143, "params": {"activation_function": 1.7271278294420953, "amount_of_layers": 5.268646779431427, "batch_size": 22.597085647059757, "dropout_rate": 0.7360189963896093, "epochs": 44.79876434957974, "hidden_channels": 35.16040620800517, "learning_rate": 0.05266934603546678, "optimizer": 1.6944643710448917, "pooling_algorithm": 0.46845186327681865}, "datetime": {"datetime": "2023-11-28 02:45:14", "elapsed": 332.489328, "delta": 2.919293}}
{"target": 0.9, "params": {"activation_function": 0.950974705357807, "amount_of_layers": 6.1204877615378495, "batch_size": 66.71907479679041, "dropout_rate": 0.4753588208174396, "epochs": 158.52164892421618, "hidden_channels": 77.80015449320146, "learning_rate": 0.07517004742878146, "optimizer": 0.07779221684113025, "pooling_algorithm": 0.6589939688704461}, "datetime": {"datetime": "2023-11-28 02:45:19", "elapsed": 337.641436, "delta": 5.152108}}
{"target": 0.55, "params": {"activation_function": 1.888926418962763, "amount_of_layers": 6.302401493934376, "batch_size": 83.39618396357993, "dropout_rate": 0.3744632562484803, "epochs": 183.31139083138612, "hidden_channels": 103.54425092272143, "learning_rate": 0.02586590665549815, "optimizer": 1.249422272967343, "pooling_algorithm": 0.593195729028361}, "datetime": {"datetime": "2023-11-28 02:45:24", "elapsed": 342.188473, "delta": 4.547037}}
{"target": 0.0, "params": {"activation_function": 1.2570084052223078, "amount_of_layers": 2.9948075206899594, "batch_size": 28.558344898692944, "dropout_rate": 0.48295197460082945, "epochs": 198.7516909905897, "hidden_channels": 95.3429682598067, "learning_rate": 0.05910156088069456, "optimizer": 1.8457777091713565, "pooling_algorithm": 0.968984039603305}, "datetime": {"datetime": "2023-11-28 02:45:32", "elapsed": 350.372193, "delta": 8.18372}}
{"target": 0.9071428571428571, "params": {"activation_function": 0.1925213501511145, "amount_of_layers": 8.350182773694776, "batch_size": 77.76922009668462, "dropout_rate": 0.6450532022810487, "epochs": 13.043357358450653, "hidden_channels": 110.32584165352064, "learning_rate": 0.05293650490622616, "optimizer": 0.17848579623561767, "pooling_algorithm": 0.8595594845720528}, "datetime": {"datetime": "2023-11-28 02:45:33", "elapsed": 350.89964, "delta": 0.527447}}
{"target": 0.7357142857142857, "params": {"activation_function": 1.257861795533152, "amount_of_layers": 8.959087687043251, "batch_size": 67.58958780307356, "dropout_rate": 0.2670643383223594, "epochs": 150.92251056716933, "hidden_channels": 15.633053776249383, "learning_rate": 0.09975223785081141, "optimizer": 0.7957686277599809, "pooling_algorithm": 0.2470134976553262}, "datetime": {"datetime": "2023-11-28 02:45:39", "elapsed": 357.321584, "delta": 6.421944}}
{"target": 0.5035714285714287, "params": {"activation_function": 0.018666323860906164, "amount_of_layers": 5.598028518897047, "batch_size": 34.00012573254846, "dropout_rate": 0.6593854181697382, "epochs": 125.0620052608913, "hidden_channels": 39.921217753106916, "learning_rate": 0.09007132130374879, "optimizer": 1.8087187052132951, "pooling_algorithm": 0.3836209635694383}, "datetime": {"datetime": "2023-11-28 02:45:45", "elapsed": 363.715625, "delta": 6.394041}}
{"target": 0.0, "params": {"activation_function": 0.9862114241274542, "amount_of_layers": 8.741119928427484, "batch_size": 93.16965762933965, "dropout_rate": 0.6722970589778694, "epochs": 23.42840793362347, "hidden_channels": 91.4152374613048, "learning_rate": 0.017717844288155916, "optimizer": 1.5936092804815094, "pooling_algorithm": 0.1145541211567972}, "datetime": {"datetime": "2023-11-28 02:45:46", "elapsed": 364.601208, "delta": 0.885583}}
{"target": 0.30714285714285716, "params": {"activation_function": 1.8204470010392075, "amount_of_layers": 8.138014579148003, "batch_size": 25.769209784384998, "dropout_rate": 0.47243967049799046, "epochs": 22.43206537146546, "hidden_channels": 120.78905113521648, "learning_rate": 0.04514282254960278, "optimizer": 1.1673719128717615, "pooling_algorithm": 0.24958133876724342}, "datetime": {"datetime": "2023-11-28 02:45:48", "elapsed": 366.435302, "delta": 1.834094}}
{"target": 0.5, "params": {"activation_function": 1.6991076687125597, "amount_of_layers": 4.27247391807659, "batch_size": 50.34343100923542, "dropout_rate": 0.4894816851963276, "epochs": 180.16763413748058, "hidden_channels": 33.60323281015448, "learning_rate": 0.07572280734842826, "optimizer": 0.7087381017347396, "pooling_algorithm": 0.5579343688618204}, "datetime": {"datetime": "2023-11-28 02:45:53", "elapsed": 371.407446, "delta": 4.972144}}
{"target": 0.2607142857142857, "params": {"activation_function": 0.7046295469248753, "amount_of_layers": 6.509828328827572, "batch_size": 80.02989383080505, "dropout_rate": 0.3735538277953368, "epochs": 79.17502590737318, "hidden_channels": 127.36198307958996, "learning_rate": 0.035678582976906695, "optimizer": 1.4021179693914632, "pooling_algorithm": 0.3367797087752671}, "datetime": {"datetime": "2023-11-28 02:45:55", "elapsed": 373.7183, "delta": 2.310854}}
{"target": 0.9035714285714286, "params": {"activation_function": 1.1868311480210365, "amount_of_layers": 6.999764908391273, "batch_size": 115.99099113100789, "dropout_rate": 0.27480147236514724, "epochs": 187.7993491014342, "hidden_channels": 75.92852827679, "learning_rate": 0.08401346812018984, "optimizer": 0.2070608603422992, "pooling_algorithm": 0.9734122361883871}, "datetime": {"datetime": "2023-11-28 02:46:00", "elapsed": 378.574333, "delta": 4.856033}}
{"target": 0.7375, "params": {"activation_function": 0.787968478627727, "amount_of_layers": 3.744741658638575, "batch_size": 66.75530615649753, "dropout_rate": 0.3298696562059269, "epochs": 178.29192332948912, "hidden_channels": 106.9848704281037, "learning_rate": 0.08204283836306914, "optimizer": 0.6195460363348273, "pooling_algorithm": 0.1737497753317263}, "datetime": {"datetime": "2023-11-28 02:46:05", "elapsed": 383.672734, "delta": 5.098401}}
{"target": 0.2589285714285714, "params": {"activation_function": 0.6644305889270652, "amount_of_layers": 5.944515348537929, "batch_size": 77.25180456625085, "dropout_rate": 0.5923771153655973, "epochs": 47.81809235508576, "hidden_channels": 71.71945798263191, "learning_rate": 0.019940801278885496, "optimizer": 1.4264308583006704, "pooling_algorithm": 0.321578985664572}, "datetime": {"datetime": "2023-11-28 02:46:07", "elapsed": 385.040438, "delta": 1.367704}}
{"target": 0.2571428571428571, "params": {"activation_function": 1.7608996780936017, "amount_of_layers": 5.927230187914479, "batch_size": 55.687911984781366, "dropout_rate": 0.28344704018388384, "epochs": 136.14588866336862, "hidden_channels": 83.78358338640577, "learning_rate": 0.09618301144727757, "optimizer": 0.6477049459900932, "pooling_algorithm": 0.19216677723147912}, "datetime": {"datetime": "2023-11-28 02:46:11", "elapsed": 389.773768, "delta": 4.73333}}
{"target": 0.5, "params": {"activation_function": 0.7607930146455089, "amount_of_layers": 1.727616914632872, "batch_size": 78.88631678865448, "dropout_rate": 0.42800693259637274, "epochs": 33.63473653564297, "hidden_channels": 72.7767682643365, "learning_rate": 0.09742938848865462, "optimizer": 1.3871712577469597, "pooling_algorithm": 0.9775808883255329}, "datetime": {"datetime": "2023-11-28 02:46:12", "elapsed": 390.546177, "delta": 0.772409}}
{"target": 0.8357142857142856, "params": {"activation_function": 1.7055014236721129, "amount_of_layers": 2.878276977583745, "batch_size": 29.319897923310915, "dropout_rate": 0.6102375878092497, "epochs": 47.30924277174307, "hidden_channels": 86.85968120556583, "learning_rate": 0.008890381968659718, "optimizer": 0.9367976819322024, "pooling_algorithm": 0.2740206595896614}, "datetime": {"datetime": "2023-11-28 02:46:14", "elapsed": 392.789117, "delta": 2.24294}}
{"target": 0.7857142857142857, "params": {"activation_function": 1.9726253596562693, "amount_of_layers": 5.212188827803801, "batch_size": 54.82192191503767, "dropout_rate": 0.3201385028267508, "epochs": 57.9958481627513, "hidden_channels": 77.43522092240829, "learning_rate": 0.003983762734027144, "optimizer": 1.1297052020719147, "pooling_algorithm": 0.3330198744776227}, "datetime": {"datetime": "2023-11-28 02:46:16", "elapsed": 394.830651, "delta": 2.041534}}
{"target": 0.525, "params": {"activation_function": 0.7136231608693289, "amount_of_layers": 1.4900143974115414, "batch_size": 29.02159346301027, "dropout_rate": 0.6458757053305701, "epochs": 172.0441731697035, "hidden_channels": 122.46363441697754, "learning_rate": 0.09752255313951595, "optimizer": 1.9961512750733128, "pooling_algorithm": 0.3354624028790022}, "datetime": {"datetime": "2023-11-28 02:46:22", "elapsed": 400.208446, "delta": 5.377795}}
