{"target": 0.5, "params": {"activation_function": 0.3921846194798788, "amount_of_layers": 6.6221952063713365, "batch_size": 71.43469228474561, "dropout_rate": 0.5384003743629017, "epochs": 148.29562532889562, "hidden_channels": 28.43646959957324, "learning_rate": 0.05773870090065467, "optimizer": 1.2283851038805083, "pooling_algorithm": 0.5439880128145589}, "datetime": {"datetime": "2023-11-28 02:06:27", "elapsed": 0.0, "delta": 0.0}}
{"target": 0.7821428571428573, "params": {"activation_function": 1.5852699931399707, "amount_of_layers": 5.348541828316223, "batch_size": 69.89009788185797, "dropout_rate": 0.2907934401385518, "epochs": 145.99378066667828, "hidden_channels": 127.46256258116685, "learning_rate": 0.015110260909358575, "optimizer": 0.30603614680730806, "pooling_algorithm": 0.20621400512551213}, "datetime": {"datetime": "2023-11-28 02:06:32", "elapsed": 4.34271, "delta": 4.34271}}
{"target": 0.65, "params": {"activation_function": 1.8726981720779399, "amount_of_layers": 7.416245718180905, "batch_size": 137.80402880016632, "dropout_rate": 0.7335100930037601, "epochs": 157.8330762039272, "hidden_channels": 114.83188936117767, "learning_rate": 0.03188552661274044, "optimizer": 0.9713450052867139, "pooling_algorithm": 0.7080991207001208}, "datetime": {"datetime": "2023-11-28 02:06:36", "elapsed": 8.442131, "delta": 4.099421}}
{"target": 0.925, "params": {"activation_function": 1.7924010458653759, "amount_of_layers": 7.209351264601819, "batch_size": 50.602659998712376, "dropout_rate": 0.38351225267385386, "epochs": 23.07075381024215, "hidden_channels": 31.898977471691907, "learning_rate": 0.048114282773592816, "optimizer": 0.21229729461550972, "pooling_algorithm": 0.971701820029062}, "datetime": {"datetime": "2023-11-28 02:06:37", "elapsed": 9.296312, "delta": 0.854181}}
{"target": 0.5, "params": {"activation_function": 0.23169158139944135, "amount_of_layers": 4.048476030286185, "batch_size": 94.87080167754384, "dropout_rate": 0.44329030096630684, "epochs": 97.76118835635435, "hidden_channels": 16.91328267954445, "learning_rate": 0.06584543407937754, "optimizer": 1.408970910178248, "pooling_algorithm": 0.8069472445422273}, "datetime": {"datetime": "2023-11-28 02:06:39", "elapsed": 11.331986, "delta": 2.035674}}
{"target": 0.5, "params": {"activation_function": 0.16970354220853157, "amount_of_layers": 3.83480263475308, "batch_size": 136.83805154930377, "dropout_rate": 0.25017715927557177, "epochs": 61.91703624166308, "hidden_channels": 28.401892257463956, "learning_rate": 0.037066592853862844, "optimizer": 1.2738893465781953, "pooling_algorithm": 0.8602138976101987}, "datetime": {"datetime": "2023-11-28 02:06:40", "elapsed": 12.609762, "delta": 1.277776}}
{"target": 0.2625, "params": {"activation_function": 1.6682572368939808, "amount_of_layers": 2.7199715100627833, "batch_size": 41.20755989339601, "dropout_rate": 0.6807002649692355, "epochs": 63.61728543644787, "hidden_channels": 25.959064839841858, "learning_rate": 0.06822701476175036, "optimizer": 0.5193070594210019, "pooling_algorithm": 0.08884891783433313}, "datetime": {"datetime": "2023-11-28 02:06:42", "elapsed": 14.651718, "delta": 2.041956}}
{"target": 0.5, "params": {"activation_function": 1.459539176391088, "amount_of_layers": 5.503701099203146, "batch_size": 69.15994895856292, "dropout_rate": 0.3330245255104756, "epochs": 199.97104126611094, "hidden_channels": 71.98744934596701, "learning_rate": 0.08521954783610627, "optimizer": 0.795501658248523, "pooling_algorithm": 0.5536867400535315}, "datetime": {"datetime": "2023-11-28 02:06:48", "elapsed": 21.143053, "delta": 6.491335}}
{"target": 0.5, "params": {"activation_function": 0.4524527550459543, "amount_of_layers": 7.213697275547853, "batch_size": 107.98112674620673, "dropout_rate": 0.5729456162297721, "epochs": 167.38675297709074, "hidden_channels": 67.36562872291347, "learning_rate": 0.07420133013872333, "optimizer": 1.1873847164797702, "pooling_algorithm": 0.015519376064166868}, "datetime": {"datetime": "2023-11-28 02:06:53", "elapsed": 25.630252, "delta": 4.487199}}
{"target": 0.8178571428571428, "params": {"activation_function": 0.4969355786488099, "amount_of_layers": 1.6862253752515795, "batch_size": 77.88430684228874, "dropout_rate": 0.30245559627425145, "epochs": 160.4542143273557, "hidden_channels": 61.03904717912169, "learning_rate": 0.027449612093730636, "optimizer": 1.038594041816015, "pooling_algorithm": 0.7185268116023935}, "datetime": {"datetime": "2023-11-28 02:06:56", "elapsed": 28.266112, "delta": 2.63586}}
{"target": 0.8642857142857143, "params": {"activation_function": 1.954723719981122, "amount_of_layers": 6.961181455320362, "batch_size": 18.204294764864883, "dropout_rate": 0.3943612167299692, "epochs": 168.70148045226486, "hidden_channels": 15.902541355693536, "learning_rate": 0.07074172794212788, "optimizer": 0.08570002778440178, "pooling_algorithm": 0.7122124978087431}, "datetime": {"datetime": "2023-11-28 02:07:11", "elapsed": 43.27563, "delta": 15.009518}}
{"target": 0.5607142857142857, "params": {"activation_function": 0.27263588851094633, "amount_of_layers": 7.363041979956513, "batch_size": 26.963959313764065, "dropout_rate": 0.3216550707729333, "epochs": 70.31981817928363, "hidden_channels": 84.60339959679696, "learning_rate": 0.06184087933975529, "optimizer": 1.197857747291802, "pooling_algorithm": 0.3456086278667275}, "datetime": {"datetime": "2023-11-28 02:07:15", "elapsed": 47.966134, "delta": 4.690504}}
{"target": 0.26428571428571423, "params": {"activation_function": 1.2210743635810126, "amount_of_layers": 4.961364043401721, "batch_size": 117.81788471282206, "dropout_rate": 0.7465466072660671, "epochs": 132.37309444952294, "hidden_channels": 40.15316192007583, "learning_rate": 0.08331388097463485, "optimizer": 0.5378401618465338, "pooling_algorithm": 0.03909122039687518}, "datetime": {"datetime": "2023-11-28 02:07:18", "elapsed": 50.935709, "delta": 2.969575}}
{"target": 0.9035714285714286, "params": {"activation_function": 1.4169777172805411, "amount_of_layers": 6.404254704588416, "batch_size": 62.759290910062845, "dropout_rate": 0.29354050943316085, "epochs": 57.40574496251197, "hidden_channels": 36.75623129542991, "learning_rate": 0.0075736552417645575, "optimizer": 0.7142533414086822, "pooling_algorithm": 0.6933248895702435}, "datetime": {"datetime": "2023-11-28 02:07:20", "elapsed": 52.89708, "delta": 1.961371}}
{"target": 0.7392857142857142, "params": {"activation_function": 1.158450325094727, "amount_of_layers": 3.8745536965509393, "batch_size": 49.84714296081244, "dropout_rate": 0.36982676011838495, "epochs": 192.85666224589966, "hidden_channels": 114.69936870736737, "learning_rate": 0.09100011551846943, "optimizer": 0.3679975710596459, "pooling_algorithm": 0.4436880944299193}, "datetime": {"datetime": "2023-11-28 02:07:25", "elapsed": 57.956074, "delta": 5.058994}}
{"target": 0.7464285714285713, "params": {"activation_function": 0.5892007907365344, "amount_of_layers": 1.0645981159797202, "batch_size": 57.40866233706965, "dropout_rate": 0.31430674440185913, "epochs": 188.00899134987452, "hidden_channels": 105.01076634578857, "learning_rate": 0.06516034665785032, "optimizer": 0.26575328862227177, "pooling_algorithm": 0.20772416955779338}, "datetime": {"datetime": "2023-11-28 02:07:29", "elapsed": 61.40021, "delta": 3.444136}}
{"target": 0.5, "params": {"activation_function": 0.08332232281398855, "amount_of_layers": 5.387385928846192, "batch_size": 90.26148467549382, "dropout_rate": 0.7278643688417723, "epochs": 131.86497301075877, "hidden_channels": 86.42479406560632, "learning_rate": 0.04343279727466701, "optimizer": 1.298979499093029, "pooling_algorithm": 0.862147272642974}, "datetime": {"datetime": "2023-11-28 02:07:32", "elapsed": 64.362886, "delta": 2.962676}}
{"target": 0.9035714285714286, "params": {"activation_function": 1.368396885067377, "amount_of_layers": 2.7659539424150683, "batch_size": 147.93275077068412, "dropout_rate": 0.5206145291443021, "epochs": 28.136937817420463, "hidden_channels": 127.22002006758488, "learning_rate": 0.03719938561574128, "optimizer": 0.19476819602598616, "pooling_algorithm": 0.5228667468545566}, "datetime": {"datetime": "2023-11-28 02:07:32", "elapsed": 64.88852, "delta": 0.525634}}
{"target": 0.5, "params": {"activation_function": 1.1386758062825757, "amount_of_layers": 1.054726009285151, "batch_size": 28.202659198317573, "dropout_rate": 0.7310979720426558, "epochs": 59.63028651620603, "hidden_channels": 8.232435542971643, "learning_rate": 0.09263054768571552, "optimizer": 0.7726377061474041, "pooling_algorithm": 0.5465455954752771}, "datetime": {"datetime": "2023-11-28 02:07:34", "elapsed": 66.869189, "delta": 1.980669}}
{"target": 0.8285714285714285, "params": {"activation_function": 1.0850431652935282, "amount_of_layers": 1.5824094088410554, "batch_size": 42.376667010711, "dropout_rate": 0.6321436972769997, "epochs": 138.09440790915394, "hidden_channels": 100.87839296627871, "learning_rate": 0.02531092124508936, "optimizer": 0.5427907221494275, "pooling_algorithm": 0.18162639196318542}, "datetime": {"datetime": "2023-11-28 02:07:38", "elapsed": 70.643445, "delta": 3.774256}}
{"target": 0.7357142857142857, "params": {"activation_function": 0.8323140692966651, "amount_of_layers": 3.631922263745336, "batch_size": 56.4888388341533, "dropout_rate": 0.43465275975839723, "epochs": 31.417267393290295, "hidden_channels": 30.14386397265288, "learning_rate": 0.004822021192096513, "optimizer": 1.2486279340332613, "pooling_algorithm": 0.055428034690310546}, "datetime": {"datetime": "2023-11-28 02:07:39", "elapsed": 71.749973, "delta": 1.106528}}
{"target": 0.5, "params": {"activation_function": 0.17561313638120435, "amount_of_layers": 2.8357033458900327, "batch_size": 147.19964249754796, "dropout_rate": 0.5746540787291676, "epochs": 26.488425041799637, "hidden_channels": 127.64181042469745, "learning_rate": 0.07350719260296937, "optimizer": 1.351172216797272, "pooling_algorithm": 0.9502036094820312}, "datetime": {"datetime": "2023-11-28 02:07:40", "elapsed": 72.299995, "delta": 0.550022}}
{"target": 0.5, "params": {"activation_function": 0.5997731255229053, "amount_of_layers": 7.816419708586574, "batch_size": 75.75736511755977, "dropout_rate": 0.6791752648391715, "epochs": 158.3604426805322, "hidden_channels": 113.34111747029277, "learning_rate": 0.01650604049155173, "optimizer": 1.7980771912463502, "pooling_algorithm": 0.9742795294161287}, "datetime": {"datetime": "2023-11-28 02:07:44", "elapsed": 76.647132, "delta": 4.347137}}
{"target": 0.7321428571428571, "params": {"activation_function": 1.622381760779147, "amount_of_layers": 2.7192302178358556, "batch_size": 133.30271479317892, "dropout_rate": 0.44440021184956496, "epochs": 64.3936780387262, "hidden_channels": 24.06101837511724, "learning_rate": 0.07122923065678709, "optimizer": 1.467405720983433, "pooling_algorithm": 0.03482891832152868}, "datetime": {"datetime": "2023-11-28 02:07:45", "elapsed": 77.925531, "delta": 1.278399}}
{"target": 0.5, "params": {"activation_function": 1.0378198122702136, "amount_of_layers": 1.1751930826798889, "batch_size": 98.45249694527816, "dropout_rate": 0.7140935129374115, "epochs": 57.07567207533535, "hidden_channels": 121.05885281956793, "learning_rate": 0.014273392727024738, "optimizer": 1.818037316041551, "pooling_algorithm": 0.5819799974615736}, "datetime": {"datetime": "2023-11-28 02:07:46", "elapsed": 78.837615, "delta": 0.912084}}
{"target": 0.0, "params": {"activation_function": 1.6671247570283911, "amount_of_layers": 4.35905577508104, "batch_size": 128.41258614761736, "dropout_rate": 0.4530226503325033, "epochs": 195.93540779492383, "hidden_channels": 111.26650580041, "learning_rate": 0.0940461027642648, "optimizer": 1.4904142441084904, "pooling_algorithm": 0.5713371438542335}, "datetime": {"datetime": "2023-11-28 02:07:50", "elapsed": 82.819482, "delta": 3.981867}}
{"target": 0.8714285714285714, "params": {"activation_function": 1.721622121638061, "amount_of_layers": 6.800219816456735, "batch_size": 113.9502427022281, "dropout_rate": 0.7096053953957866, "epochs": 13.821736350588163, "hidden_channels": 29.274927723596054, "learning_rate": 0.009738167772891597, "optimizer": 0.48669935726789015, "pooling_algorithm": 0.7590968308420286}, "datetime": {"datetime": "2023-11-28 02:07:51", "elapsed": 83.28155, "delta": 0.462068}}
{"target": 0.7357142857142858, "params": {"activation_function": 1.5275105689895911, "amount_of_layers": 8.476982468566337, "batch_size": 116.6622537685796, "dropout_rate": 0.612832594061296, "epochs": 199.4496400669855, "hidden_channels": 123.68348609521598, "learning_rate": 0.02971456711409849, "optimizer": 0.8642379765334345, "pooling_algorithm": 0.1347163828677883}, "datetime": {"datetime": "2023-11-28 02:07:56", "elapsed": 88.953006, "delta": 5.671456}}
{"target": 0.8160714285714286, "params": {"activation_function": 0.45833612367246257, "amount_of_layers": 8.168479888721276, "batch_size": 59.69571668479531, "dropout_rate": 0.6962152175212045, "epochs": 159.19428435631002, "hidden_channels": 36.72637014653549, "learning_rate": 0.02868357406082259, "optimizer": 0.6497782609771863, "pooling_algorithm": 0.24279510603968024}, "datetime": {"datetime": "2023-11-28 02:08:03", "elapsed": 95.193979, "delta": 6.240973}}
{"target": 0.24107142857142855, "params": {"activation_function": 0.9416511967172505, "amount_of_layers": 3.8536790370771996, "batch_size": 108.13599005853955, "dropout_rate": 0.45951879585421773, "epochs": 84.57592080735071, "hidden_channels": 82.1004497552871, "learning_rate": 0.07042022901990577, "optimizer": 0.7601504159799557, "pooling_algorithm": 0.06229095779622218}, "datetime": {"datetime": "2023-11-28 02:08:04", "elapsed": 97.048014, "delta": 1.854035}}
{"target": 0.9071428571428571, "params": {"activation_function": 0.40263896920463194, "amount_of_layers": 3.0901678116238394, "batch_size": 96.08214611639215, "dropout_rate": 0.7460512045265598, "epochs": 50.95990438776245, "hidden_channels": 73.70609429221817, "learning_rate": 0.003737791476060708, "optimizer": 0.8118553607720556, "pooling_algorithm": 0.5768110991818451}, "datetime": {"datetime": "2023-11-28 02:08:06", "elapsed": 98.179077, "delta": 1.131063}}
{"target": 0.6678571428571428, "params": {"activation_function": 1.6774550728080087, "amount_of_layers": 7.556177035273619, "batch_size": 67.62466686383306, "dropout_rate": 0.6730875485155676, "epochs": 32.814293863758564, "hidden_channels": 112.472235605559, "learning_rate": 0.09929391204048324, "optimizer": 0.14710487210362144, "pooling_algorithm": 0.27617371616859265}, "datetime": {"datetime": "2023-11-28 02:08:07", "elapsed": 99.567165, "delta": 1.388088}}
{"target": 0.5, "params": {"activation_function": 0.06370257846926419, "amount_of_layers": 8.100905687439745, "batch_size": 126.75700227268719, "dropout_rate": 0.47253342070807824, "epochs": 130.10876545743713, "hidden_channels": 58.96024872674519, "learning_rate": 0.022308525577365217, "optimizer": 1.9667087351760228, "pooling_algorithm": 0.061752102972396195}, "datetime": {"datetime": "2023-11-28 02:08:11", "elapsed": 103.221623, "delta": 3.654458}}
{"target": 0.9107142857142858, "params": {"activation_function": 0.2357136034357712, "amount_of_layers": 6.338663869286512, "batch_size": 56.96381322030245, "dropout_rate": 0.3108672715293161, "epochs": 174.57757694864247, "hidden_channels": 122.35183885499396, "learning_rate": 0.06621286365114966, "optimizer": 0.09118224462286917, "pooling_algorithm": 0.8714174734558162}, "datetime": {"datetime": "2023-11-28 02:08:16", "elapsed": 108.868731, "delta": 5.647108}}
{"target": 0.5, "params": {"activation_function": 0.4919124695854338, "amount_of_layers": 4.832617264195407, "batch_size": 44.95629703705791, "dropout_rate": 0.3314013522450709, "epochs": 57.348064135204595, "hidden_channels": 66.83858161736771, "learning_rate": 0.06302107702242414, "optimizer": 1.229257467712392, "pooling_algorithm": 0.7236975272458377}, "datetime": {"datetime": "2023-11-28 02:08:19", "elapsed": 111.193781, "delta": 2.32505}}
{"target": 0.5, "params": {"activation_function": 0.9084675507731348, "amount_of_layers": 7.613494902195031, "batch_size": 37.64988444492485, "dropout_rate": 0.6909083574919157, "epochs": 42.41798172200354, "hidden_channels": 122.58778753275034, "learning_rate": 0.07797314529549755, "optimizer": 1.9048990966097963, "pooling_algorithm": 0.8022526914648301}, "datetime": {"datetime": "2023-11-28 02:08:21", "elapsed": 113.365249, "delta": 2.171468}}
{"target": 0.9035714285714286, "params": {"activation_function": 0.8429258534664672, "amount_of_layers": 2.0850389012708384, "batch_size": 54.37849510143842, "dropout_rate": 0.5622855666600561, "epochs": 17.28109590090078, "hidden_channels": 22.381673530977324, "learning_rate": 0.003222088341104729, "optimizer": 1.8284908538603053, "pooling_algorithm": 0.7096917079479588}, "datetime": {"datetime": "2023-11-28 02:08:21", "elapsed": 113.839829, "delta": 0.47458}}
{"target": 0.8285714285714285, "params": {"activation_function": 1.8980624671026893, "amount_of_layers": 1.9407046795162195, "batch_size": 126.07313510178295, "dropout_rate": 0.31500427267374637, "epochs": 21.958662672951235, "hidden_channels": 26.70447839995493, "learning_rate": 0.039554371589085854, "optimizer": 1.3849159112429998, "pooling_algorithm": 0.3048605559198795}, "datetime": {"datetime": "2023-11-28 02:08:22", "elapsed": 114.314559, "delta": 0.47473}}
{"target": 0.5, "params": {"activation_function": 1.2876546517328908, "amount_of_layers": 4.533282135245002, "batch_size": 139.70211077338416, "dropout_rate": 0.48882007496215363, "epochs": 127.70330164108509, "hidden_channels": 120.57205184576881, "learning_rate": 0.04456916704976949, "optimizer": 1.7023901035572129, "pooling_algorithm": 0.5160408959541914}, "datetime": {"datetime": "2023-11-28 02:08:24", "elapsed": 117.154012, "delta": 2.839453}}
{"target": 0.8785714285714286, "params": {"activation_function": 0.3636081451512754, "amount_of_layers": 5.76787649933656, "batch_size": 21.01959783861502, "dropout_rate": 0.5539889934706448, "epochs": 59.19931448147657, "hidden_channels": 9.466808986377167, "learning_rate": 0.004002052297091899, "optimizer": 1.1847893494963946, "pooling_algorithm": 0.8309406843477407}, "datetime": {"datetime": "2023-11-28 02:08:29", "elapsed": 121.782687, "delta": 4.628675}}
{"target": 0.5, "params": {"activation_function": 1.6371690951411189, "amount_of_layers": 4.736164054744588, "batch_size": 97.29929766886951, "dropout_rate": 0.6133233573163062, "epochs": 178.0887698149041, "hidden_channels": 90.14140467112418, "learning_rate": 0.08743323685763907, "optimizer": 1.4839216592958866, "pooling_algorithm": 0.2319010504328295}, "datetime": {"datetime": "2023-11-28 02:08:33", "elapsed": 125.888122, "delta": 4.105435}}
{"target": 0.0, "params": {"activation_function": 1.6916196051138592, "amount_of_layers": 8.523552386826736, "batch_size": 105.26750001130233, "dropout_rate": 0.38029561926966, "epochs": 33.36247674509195, "hidden_channels": 92.72715141084099, "learning_rate": 0.07429225471252311, "optimizer": 1.5586451805732506, "pooling_algorithm": 0.7745413974356335}, "datetime": {"datetime": "2023-11-28 02:08:34", "elapsed": 127.014369, "delta": 1.126247}}
{"target": 0.2660714285714285, "params": {"activation_function": 1.3377347657194345, "amount_of_layers": 7.124067153515643, "batch_size": 131.99377645227088, "dropout_rate": 0.7372023144820505, "epochs": 86.47836692002215, "hidden_channels": 45.381502607477834, "learning_rate": 0.036403486368733355, "optimizer": 1.872459214343306, "pooling_algorithm": 0.298165680004979}, "datetime": {"datetime": "2023-11-28 02:08:37", "elapsed": 129.339842, "delta": 2.325473}}
{"target": 0.26249999999999996, "params": {"activation_function": 1.4607358718236514, "amount_of_layers": 7.431571904474092, "batch_size": 29.08023460002925, "dropout_rate": 0.38112906109443906, "epochs": 159.663145406795, "hidden_channels": 38.44113470820711, "learning_rate": 0.06235487658064672, "optimizer": 1.447028531961495, "pooling_algorithm": 0.3692031422302884}, "datetime": {"datetime": "2023-11-28 02:08:47", "elapsed": 139.773115, "delta": 10.433273}}
{"target": 0.5392857142857143, "params": {"activation_function": 0.8509310226987286, "amount_of_layers": 1.2109977691142708, "batch_size": 125.88889279785609, "dropout_rate": 0.6476861246832877, "epochs": 148.14802911376898, "hidden_channels": 57.95214807408759, "learning_rate": 0.02083520195040163, "optimizer": 0.2750959165765263, "pooling_algorithm": 0.15436552358207234}, "datetime": {"datetime": "2023-11-28 02:08:49", "elapsed": 141.924516, "delta": 2.151401}}
{"target": 0.29285714285714287, "params": {"activation_function": 0.699019150131295, "amount_of_layers": 6.360773268082597, "batch_size": 127.83423785003215, "dropout_rate": 0.6971581191179069, "epochs": 134.82510428312145, "hidden_channels": 99.41794306233727, "learning_rate": 0.09710890658847829, "optimizer": 1.4163740428626161, "pooling_algorithm": 0.49697164174334574}, "datetime": {"datetime": "2023-11-28 02:08:53", "elapsed": 145.250776, "delta": 3.32626}}
{"target": 0.9071428571428571, "params": {"activation_function": 1.623854534758231, "amount_of_layers": 1.6315775182305963, "batch_size": 34.5850885280321, "dropout_rate": 0.5735296337906952, "epochs": 145.95088569611903, "hidden_channels": 58.89698835212754, "learning_rate": 0.0759934450647596, "optimizer": 0.3993765501972264, "pooling_algorithm": 0.672366672188177}, "datetime": {"datetime": "2023-11-28 02:08:57", "elapsed": 149.790906, "delta": 4.54013}}
