{"target": 0.9142857142857143, "params": {"activation_function": 1.6318367596990118, "amount_of_layers": 2.8703859522035637, "batch_size": 108.30017874688743, "dropout_rate": 0.3202067893084185, "epochs": 123.36900991393998, "hidden_channels": 67.99626643459895, "learning_rate": 0.09425648354520488, "optimizer": 0.47519398119371137, "pooling_algorithm": 0.6192108890459638}, "datetime": {"datetime": "2023-11-28 01:50:11", "elapsed": 152.63489, "delta": 2.287103}}
{"target": 0.7714285714285714, "params": {"activation_function": 0.20774316704871199, "amount_of_layers": 2.7891152208760124, "batch_size": 31.208095458153664, "dropout_rate": 0.3257264125488405, "epochs": 160.13095485819503, "hidden_channels": 127.22720219310592, "learning_rate": 0.028615993580150465, "optimizer": 1.3885682987241537, "pooling_algorithm": 0.4329921497757869}, "datetime": {"datetime": "2023-11-28 01:50:17", "elapsed": 158.656851, "delta": 6.021961}}
{"target": 0.2589285714285714, "params": {"activation_function": 1.3621071763611303, "amount_of_layers": 5.196481563142352, "batch_size": 121.44061745063289, "dropout_rate": 0.42375407705114904, "epochs": 29.92822990375009, "hidden_channels": 9.065682778975797, "learning_rate": 0.05696246656242038, "optimizer": 1.0361046122478423, "pooling_algorithm": 0.3642376731957089}, "datetime": {"datetime": "2023-11-28 01:50:18", "elapsed": 159.441205, "delta": 0.784354}}
{"target": 0.26249999999999996, "params": {"activation_function": 1.8832638246936928, "amount_of_layers": 2.2276560443871336, "batch_size": 61.905538197576064, "dropout_rate": 0.2590634228142825, "epochs": 33.126416865578165, "hidden_channels": 32.614972674958295, "learning_rate": 0.07813474681533783, "optimizer": 1.9528614138861653, "pooling_algorithm": 0.20139219297033717}, "datetime": {"datetime": "2023-11-28 01:50:19", "elapsed": 160.286833, "delta": 0.845628}}
{"target": 0.2571428571428571, "params": {"activation_function": 0.5300129820355093, "amount_of_layers": 3.440324574984113, "batch_size": 24.918616487843043, "dropout_rate": 0.7275577771793538, "epochs": 66.83698248456278, "hidden_channels": 119.18393104891518, "learning_rate": 0.04864036436696733, "optimizer": 0.6476066518573862, "pooling_algorithm": 0.34070287310147895}, "datetime": {"datetime": "2023-11-28 01:50:22", "elapsed": 163.292099, "delta": 3.005266}}
{"target": 0.9053571428571429, "params": {"activation_function": 1.0666503364919118, "amount_of_layers": 3.6526026120132773, "batch_size": 34.20228918584679, "dropout_rate": 0.6032681953049502, "epochs": 97.89692148776732, "hidden_channels": 22.982735300976028, "learning_rate": 0.0068293966161561805, "optimizer": 1.8173725371660232, "pooling_algorithm": 0.5475807829556115}, "datetime": {"datetime": "2023-11-28 01:50:26", "elapsed": 167.359638, "delta": 4.067539}}
{"target": 0.7392857142857143, "params": {"activation_function": 0.9394129740290069, "amount_of_layers": 4.602300015899085, "batch_size": 101.58478780574735, "dropout_rate": 0.557104618689036, "epochs": 95.38133571969983, "hidden_channels": 108.03237114183678, "learning_rate": 0.056780608211258035, "optimizer": 0.716798431399182, "pooling_algorithm": 0.49675351667594814}, "datetime": {"datetime": "2023-11-28 01:50:28", "elapsed": 169.632955, "delta": 2.273317}}
{"target": 0.9, "params": {"activation_function": 1.3221908439255017, "amount_of_layers": 5.721102423858804, "batch_size": 128.8467758526039, "dropout_rate": 0.5604113589358481, "epochs": 198.2197889569586, "hidden_channels": 72.32684748919148, "learning_rate": 0.0032841905777284265, "optimizer": 0.47617326549578465, "pooling_algorithm": 0.8452886410928198}, "datetime": {"datetime": "2023-11-28 01:50:33", "elapsed": 174.262901, "delta": 4.629946}}
{"target": 0.7375, "params": {"activation_function": 1.6841490689542027, "amount_of_layers": 2.461367768993469, "batch_size": 72.66450208223347, "dropout_rate": 0.33946308938112135, "epochs": 138.03662054549926, "hidden_channels": 44.155929996693835, "learning_rate": 0.07426912722357976, "optimizer": 1.6849303070724826, "pooling_algorithm": 0.04493413758821563}, "datetime": {"datetime": "2023-11-28 01:50:36", "elapsed": 177.290043, "delta": 3.027142}}
{"target": 0.26249999999999996, "params": {"activation_function": 0.8001813363761805, "amount_of_layers": 8.488859688458012, "batch_size": 76.41609578571789, "dropout_rate": 0.595342070753184, "epochs": 116.97837444763516, "hidden_channels": 101.78529777728228, "learning_rate": 0.06359852756609465, "optimizer": 1.342424290948346, "pooling_algorithm": 0.4893946113532388}, "datetime": {"datetime": "2023-11-28 01:50:39", "elapsed": 180.678801, "delta": 3.388758}}
{"target": 0.0, "params": {"activation_function": 1.3060143938158075, "amount_of_layers": 5.261389597714703, "batch_size": 24.086522350693183, "dropout_rate": 0.5835614040809373, "epochs": 157.53727488624946, "hidden_channels": 121.87023627841735, "learning_rate": 0.0684181806848732, "optimizer": 1.6523217456057127, "pooling_algorithm": 0.9208373368380356}, "datetime": {"datetime": "2023-11-28 01:50:48", "elapsed": 190.175622, "delta": 9.496821}}
{"target": 0.8821428571428571, "params": {"activation_function": 0.18792890442533028, "amount_of_layers": 1.3741513688451192, "batch_size": 46.91957220925629, "dropout_rate": 0.5931780065943946, "epochs": 187.27814044425386, "hidden_channels": 76.10830561468346, "learning_rate": 0.0022607076895379413, "optimizer": 0.7406185901827389, "pooling_algorithm": 0.6142570317698154}, "datetime": {"datetime": "2023-11-28 01:50:53", "elapsed": 194.545345, "delta": 4.369723}}
{"target": 0.5, "params": {"activation_function": 0.12324578303243605, "amount_of_layers": 2.162986619429848, "batch_size": 149.85647767350417, "dropout_rate": 0.36187400626972693, "epochs": 61.758992337359665, "hidden_channels": 106.45469628353898, "learning_rate": 0.07110134840710498, "optimizer": 1.9700866934962693, "pooling_algorithm": 0.03314579370946347}, "datetime": {"datetime": "2023-11-28 01:50:54", "elapsed": 195.290003, "delta": 0.744658}}
{"target": 0.5, "params": {"activation_function": 0.374175313343972, "amount_of_layers": 8.14567513332092, "batch_size": 69.41241003872602, "dropout_rate": 0.36456781198456356, "epochs": 81.19133758339795, "hidden_channels": 113.53628614411153, "learning_rate": 0.02838135791559435, "optimizer": 1.2388064874971316, "pooling_algorithm": 0.5608804274693646}, "datetime": {"datetime": "2023-11-28 01:50:57", "elapsed": 198.565083, "delta": 3.27508}}
{"target": 0.9035714285714286, "params": {"activation_function": 1.8631079252497675, "amount_of_layers": 5.123425757992088, "batch_size": 100.06518522099852, "dropout_rate": 0.3505275980526922, "epochs": 154.1814950558697, "hidden_channels": 55.263097504385364, "learning_rate": 0.040210634197490595, "optimizer": 0.37518778275531117, "pooling_algorithm": 0.8920641311557332}, "datetime": {"datetime": "2023-11-28 01:51:00", "elapsed": 201.938707, "delta": 3.373624}}
{"target": 0.6107142857142858, "params": {"activation_function": 1.7715177229252157, "amount_of_layers": 1.4964571972897804, "batch_size": 133.14608380599202, "dropout_rate": 0.378020257150508, "epochs": 192.70937262773603, "hidden_channels": 102.06600763036114, "learning_rate": 0.04754344292062493, "optimizer": 0.9309491896934337, "pooling_algorithm": 0.6692300050986597}, "datetime": {"datetime": "2023-11-28 01:51:03", "elapsed": 204.811311, "delta": 2.872604}}
{"target": 0.9035714285714286, "params": {"activation_function": 0.5104022214809139, "amount_of_layers": 2.753552397518737, "batch_size": 106.30371651315554, "dropout_rate": 0.3366399573469574, "epochs": 25.08427885078471, "hidden_channels": 102.6335301335831, "learning_rate": 0.022644685295381932, "optimizer": 0.10654002459942213, "pooling_algorithm": 0.8356259548860709}, "datetime": {"datetime": "2023-11-28 01:51:04", "elapsed": 205.395639, "delta": 0.584328}}
{"target": 0.7357142857142857, "params": {"activation_function": 0.7049725240842346, "amount_of_layers": 4.526914748374925, "batch_size": 77.77821787491462, "dropout_rate": 0.6482369324081847, "epochs": 38.663820671129024, "hidden_channels": 120.24836645554149, "learning_rate": 0.012472015168506215, "optimizer": 0.4055425438682805, "pooling_algorithm": 0.41244387900557444}, "datetime": {"datetime": "2023-11-28 01:51:05", "elapsed": 206.40293, "delta": 1.007291}}
{"target": 0.7535714285714286, "params": {"activation_function": 0.4749147065567312, "amount_of_layers": 6.385163217268051, "batch_size": 85.9759741449733, "dropout_rate": 0.4456206180201952, "epochs": 150.5097677146968, "hidden_channels": 122.29398528476901, "learning_rate": 0.01854790100581043, "optimizer": 1.0119668817852732, "pooling_algorithm": 0.0662472162111073}, "datetime": {"datetime": "2023-11-28 01:51:08", "elapsed": 210.19481, "delta": 3.79188}}
{"target": 0.6160714285714286, "params": {"activation_function": 0.5024329883338614, "amount_of_layers": 6.067096563951666, "batch_size": 54.04007825264101, "dropout_rate": 0.2762970648820569, "epochs": 160.27516760633398, "hidden_channels": 40.08539307574284, "learning_rate": 0.018605499621019872, "optimizer": 0.3866608895198105, "pooling_algorithm": 0.30980099955181906}, "datetime": {"datetime": "2023-11-28 01:51:14", "elapsed": 215.430331, "delta": 5.235521}}
{"target": 0.9142857142857143, "params": {"activation_function": 0.12891332501701647, "amount_of_layers": 2.3062493525978374, "batch_size": 85.2735027536627, "dropout_rate": 0.3931025282703025, "epochs": 111.92808503435504, "hidden_channels": 32.3280446271861, "learning_rate": 0.08448912508445053, "optimizer": 0.35173700815958386, "pooling_algorithm": 0.7907721095591409}, "datetime": {"datetime": "2023-11-28 01:51:16", "elapsed": 217.314754, "delta": 1.884423}}
{"target": 0.4392857142857143, "params": {"activation_function": 0.21487723521696211, "amount_of_layers": 5.356847082509126, "batch_size": 26.999797294505758, "dropout_rate": 0.6854337403537498, "epochs": 170.97156556336284, "hidden_channels": 40.06715695225606, "learning_rate": 0.02852555569494852, "optimizer": 1.7373772999709425, "pooling_algorithm": 0.9366360636810724}, "datetime": {"datetime": "2023-11-28 01:51:25", "elapsed": 226.417502, "delta": 9.102748}}
{"target": 0.9142857142857143, "params": {"activation_function": 0.501014806122517, "amount_of_layers": 8.393651605524854, "batch_size": 53.49767521698219, "dropout_rate": 0.3513871283861611, "epochs": 191.2002052261615, "hidden_channels": 21.830832196251503, "learning_rate": 0.01683169329958811, "optimizer": 1.1002264311799934, "pooling_algorithm": 0.8402940584769392}, "datetime": {"datetime": "2023-11-28 01:51:32", "elapsed": 233.875961, "delta": 7.458459}}
{"target": 0.8196428571428571, "params": {"activation_function": 1.6278011616320154, "amount_of_layers": 1.108118533750278, "batch_size": 32.27183815504186, "dropout_rate": 0.2593924034221202, "epochs": 176.85057820470055, "hidden_channels": 34.529689916393025, "learning_rate": 0.06593078513632199, "optimizer": 1.7357814023173557, "pooling_algorithm": 0.4177607150640119}, "datetime": {"datetime": "2023-11-28 01:51:37", "elapsed": 238.667625, "delta": 4.791664}}
{"target": 0.7357142857142858, "params": {"activation_function": 0.9094907069148657, "amount_of_layers": 2.1017433191998887, "batch_size": 115.3842143686581, "dropout_rate": 0.613245889520362, "epochs": 85.95259320434606, "hidden_channels": 117.27969316947474, "learning_rate": 0.0704186834651256, "optimizer": 0.029325145677234987, "pooling_algorithm": 0.0027969508358909323}, "datetime": {"datetime": "2023-11-28 01:51:39", "elapsed": 240.231066, "delta": 1.563441}}
{"target": 0.5, "params": {"activation_function": 1.3881731745946282, "amount_of_layers": 4.015013910399991, "batch_size": 57.487333851633124, "dropout_rate": 0.7310603648608044, "epochs": 122.27665317351486, "hidden_channels": 47.67987965612594, "learning_rate": 0.09681222255068044, "optimizer": 0.8452402008582902, "pooling_algorithm": 0.5459888601076548}, "datetime": {"datetime": "2023-11-28 01:51:42", "elapsed": 243.722661, "delta": 3.491595}}
{"target": 0.5, "params": {"activation_function": 0.44365197541681733, "amount_of_layers": 1.6953250418560035, "batch_size": 58.936112750738815, "dropout_rate": 0.5355358912086008, "epochs": 81.58300900793533, "hidden_channels": 12.214422228172168, "learning_rate": 0.0777902966627898, "optimizer": 1.5240006813442044, "pooling_algorithm": 0.605903478862336}, "datetime": {"datetime": "2023-11-28 01:51:44", "elapsed": 245.600442, "delta": 1.877781}}
{"target": 0.26607142857142857, "params": {"activation_function": 1.8601450407672315, "amount_of_layers": 5.3779625773544755, "batch_size": 88.6303388468107, "dropout_rate": 0.7421068390380529, "epochs": 106.20452679889429, "hidden_channels": 101.4165819482784, "learning_rate": 0.04288163571876826, "optimizer": 0.7020783739965639, "pooling_algorithm": 0.30176680814157864}, "datetime": {"datetime": "2023-11-28 01:51:46", "elapsed": 248.136496, "delta": 2.536054}}
{"target": 0.5, "params": {"activation_function": 1.1065628581985498, "amount_of_layers": 5.924988041925647, "batch_size": 65.1960379181263, "dropout_rate": 0.3345227060610588, "epochs": 55.68233069641085, "hidden_channels": 98.74497430311229, "learning_rate": 0.01841353168424614, "optimizer": 0.6147488363723534, "pooling_algorithm": 0.6900450680825193}, "datetime": {"datetime": "2023-11-28 01:51:48", "elapsed": 250.167958, "delta": 2.031462}}
{"target": 0.75, "params": {"activation_function": 0.7721236445848862, "amount_of_layers": 2.0764432285174568, "batch_size": 37.389487658206264, "dropout_rate": 0.6565922927820727, "epochs": 78.78431300850795, "hidden_channels": 93.19425383025387, "learning_rate": 0.030808023719702538, "optimizer": 1.4633574238916636, "pooling_algorithm": 0.17637364213177087}, "datetime": {"datetime": "2023-11-28 01:51:51", "elapsed": 252.877509, "delta": 2.709551}}
{"target": 0.8321428571428572, "params": {"activation_function": 0.23640993521823028, "amount_of_layers": 8.056635338900312, "batch_size": 60.19536291004818, "dropout_rate": 0.718433181474308, "epochs": 52.81818313413022, "hidden_channels": 36.155819214688194, "learning_rate": 0.002357422035073073, "optimizer": 1.1649652368540682, "pooling_algorithm": 0.2189957974130161}, "datetime": {"datetime": "2023-11-28 01:51:53", "elapsed": 255.110968, "delta": 2.233459}}
{"target": 0.5, "params": {"activation_function": 1.8263084013286066, "amount_of_layers": 8.474432320978579, "batch_size": 117.04407660581852, "dropout_rate": 0.6837469934437335, "epochs": 145.53681297582497, "hidden_channels": 112.33661264618918, "learning_rate": 0.060558652233826, "optimizer": 1.67856390820763, "pooling_algorithm": 0.6553024984937914}, "datetime": {"datetime": "2023-11-28 01:51:58", "elapsed": 259.269018, "delta": 4.15805}}
{"target": 0.26428571428571423, "params": {"activation_function": 0.9543719474699373, "amount_of_layers": 3.122854331971137, "batch_size": 89.94369246470399, "dropout_rate": 0.7149781091180537, "epochs": 34.13665206313405, "hidden_channels": 77.86086159142761, "learning_rate": 0.02638158296862431, "optimizer": 1.656749888891696, "pooling_algorithm": 0.27655156623932475}, "datetime": {"datetime": "2023-11-28 01:51:58", "elapsed": 260.041108, "delta": 0.77209}}
{"target": 0.26071428571428573, "params": {"activation_function": 1.3504257393875447, "amount_of_layers": 7.936011794730295, "batch_size": 91.69703797953301, "dropout_rate": 0.4836767660520738, "epochs": 172.61286597595472, "hidden_channels": 20.006425188553884, "learning_rate": 0.027926409819618, "optimizer": 0.29179920526813574, "pooling_algorithm": 0.36127229973695707}, "datetime": {"datetime": "2023-11-28 01:52:03", "elapsed": 264.847265, "delta": 4.806157}}
{"target": 0.2642857142857143, "params": {"activation_function": 0.6303897304501662, "amount_of_layers": 4.348726069973015, "batch_size": 145.50882816156525, "dropout_rate": 0.2810897074751133, "epochs": 37.028774042659535, "hidden_channels": 47.06983359040364, "learning_rate": 0.058754874881801984, "optimizer": 1.3775486962277363, "pooling_algorithm": 0.18617460732540914}, "datetime": {"datetime": "2023-11-28 01:52:04", "elapsed": 265.747118, "delta": 0.899853}}
{"target": 0.8035714285714286, "params": {"activation_function": 1.369467330092988, "amount_of_layers": 3.048260749173547, "batch_size": 35.06907762481502, "dropout_rate": 0.29934218177531846, "epochs": 83.27297342603131, "hidden_channels": 25.95999227241289, "learning_rate": 0.06612123948018779, "optimizer": 0.4573684216172351, "pooling_algorithm": 0.40340337495806744}, "datetime": {"datetime": "2023-11-28 01:52:07", "elapsed": 268.844411, "delta": 3.097293}}
{"target": 0.8964285714285715, "params": {"activation_function": 0.6542625531525774, "amount_of_layers": 6.885040355411709, "batch_size": 72.25445556363042, "dropout_rate": 0.2936531782476968, "epochs": 183.1142931426346, "hidden_channels": 92.87055813872374, "learning_rate": 0.06737131122631008, "optimizer": 0.3629601485464309, "pooling_algorithm": 0.8667555045165068}, "datetime": {"datetime": "2023-11-28 01:52:13", "elapsed": 275.1927, "delta": 6.348289}}
{"target": 0.5, "params": {"activation_function": 1.4300288513395294, "amount_of_layers": 3.519158428895879, "batch_size": 107.88517613996133, "dropout_rate": 0.4963612759768223, "epochs": 54.83473834080167, "hidden_channels": 49.28312885717426, "learning_rate": 0.02123343782986582, "optimizer": 0.9804065437157086, "pooling_algorithm": 0.9195231192272687}, "datetime": {"datetime": "2023-11-28 01:52:15", "elapsed": 276.443269, "delta": 1.250569}}
{"target": 0.2571428571428572, "params": {"activation_function": 0.8236527306778716, "amount_of_layers": 4.291067875190754, "batch_size": 41.01072561005324, "dropout_rate": 0.5797345244104009, "epochs": 111.81081005678648, "hidden_channels": 82.2854020991672, "learning_rate": 0.0976502616926383, "optimizer": 0.5072630135025533, "pooling_algorithm": 0.18219438512831743}, "datetime": {"datetime": "2023-11-28 01:52:19", "elapsed": 280.512054, "delta": 4.068785}}
{"target": 0.5, "params": {"activation_function": 0.2809195486465308, "amount_of_layers": 6.9159141430722855, "batch_size": 83.23153016277827, "dropout_rate": 0.7303668548306658, "epochs": 112.39022703716776, "hidden_channels": 74.79365437483747, "learning_rate": 0.06472264946039652, "optimizer": 0.9550560607931624, "pooling_algorithm": 0.42837019486142613}, "datetime": {"datetime": "2023-11-28 01:52:22", "elapsed": 283.6, "delta": 3.087946}}
{"target": 0.5, "params": {"activation_function": 0.6123646521448094, "amount_of_layers": 7.2464676956287475, "batch_size": 52.97990600998927, "dropout_rate": 0.7336103900224633, "epochs": 101.444789031295, "hidden_channels": 123.66595057572815, "learning_rate": 0.07293649797863819, "optimizer": 1.0755108444541064, "pooling_algorithm": 0.9021424455951634}, "datetime": {"datetime": "2023-11-28 01:52:26", "elapsed": 287.405595, "delta": 3.805595}}
{"target": 0.5, "params": {"activation_function": 1.8679779695711611, "amount_of_layers": 4.232079072439801, "batch_size": 94.68509694155964, "dropout_rate": 0.36721344426322694, "epochs": 27.192341854626612, "hidden_channels": 22.96286911014969, "learning_rate": 0.08139749314518817, "optimizer": 0.5835037717039382, "pooling_algorithm": 0.5448435224118091}, "datetime": {"datetime": "2023-11-28 01:52:26", "elapsed": 288.121755, "delta": 0.71616}}
{"target": 0.5, "params": {"activation_function": 0.1839332623946055, "amount_of_layers": 3.691403792319157, "batch_size": 94.23309721312135, "dropout_rate": 0.5714054547685062, "epochs": 84.10342029840207, "hidden_channels": 68.30150782695611, "learning_rate": 0.08913595377334904, "optimizer": 0.6529846646583839, "pooling_algorithm": 0.6879684652034201}, "datetime": {"datetime": "2023-11-28 01:52:28", "elapsed": 290.028952, "delta": 1.907197}}
{"target": 0.8642857142857142, "params": {"activation_function": 0.4551997272163788, "amount_of_layers": 3.6598427051850972, "batch_size": 39.24932215209719, "dropout_rate": 0.6608633626635545, "epochs": 73.60254427499183, "hidden_channels": 10.954151312329227, "learning_rate": 0.009909312839603127, "optimizer": 0.5052964567263569, "pooling_algorithm": 0.6273278059068487}, "datetime": {"datetime": "2023-11-28 01:52:31", "elapsed": 292.790892, "delta": 2.76194}}
{"target": 0.5, "params": {"activation_function": 0.8692634765855181, "amount_of_layers": 4.773022474430292, "batch_size": 79.52707020229903, "dropout_rate": 0.5260385441272655, "epochs": 74.83400928489766, "hidden_channels": 100.08122044824827, "learning_rate": 0.059509752105398016, "optimizer": 1.2417159374597246, "pooling_algorithm": 0.8229073130218703}, "datetime": {"datetime": "2023-11-28 01:52:33", "elapsed": 294.658873, "delta": 1.867981}}
{"target": 0.7410714285714286, "params": {"activation_function": 1.0654945856507128, "amount_of_layers": 7.405337716733157, "batch_size": 120.94838584436488, "dropout_rate": 0.2607848817395773, "epochs": 89.9554628215009, "hidden_channels": 9.260750674601812, "learning_rate": 0.08592754201936306, "optimizer": 0.9587686156016602, "pooling_algorithm": 0.43546975564472057}, "datetime": {"datetime": "2023-11-28 01:52:35", "elapsed": 297.170393, "delta": 2.51152}}
{"target": 0.7339285714285714, "params": {"activation_function": 1.243685587413683, "amount_of_layers": 7.049100469761025, "batch_size": 85.79213498202844, "dropout_rate": 0.7135469653860753, "epochs": 150.3407000667298, "hidden_channels": 83.51887937444846, "learning_rate": 0.01515662243970951, "optimizer": 1.3675331696315778, "pooling_algorithm": 0.331631028810212}, "datetime": {"datetime": "2023-11-28 01:52:40", "elapsed": 301.228678, "delta": 4.058285}}
