{"target": 0.26249999999999996, "params": {"activation_function": 0.8829362012122979, "amount_of_layers": 1.9159401198839001, "batch_size": 108.86127495490608, "dropout_rate": 0.3600743073906955, "epochs": 180.3640804585867, "hidden_channels": 109.72512203029964, "learning_rate": 0.06947918928991206, "optimizer": 0.5348695965553918, "pooling_algorithm": 0.11002501583763402}, "datetime": {"datetime": "2023-11-28 01:10:18", "elapsed": 149.704163, "delta": 3.041525}}
{"target": 0.32499999999999996, "params": {"activation_function": 1.8050077243909897, "amount_of_layers": 7.766710281760834, "batch_size": 146.00489875957325, "dropout_rate": 0.4999026599818697, "epochs": 97.73905160852615, "hidden_channels": 71.54482681947214, "learning_rate": 0.03462688278932658, "optimizer": 0.5890685735676695, "pooling_algorithm": 0.5137390923993213}, "datetime": {"datetime": "2023-11-28 01:10:20", "elapsed": 152.490816, "delta": 2.786653}}
{"target": 0.9017857142857143, "params": {"activation_function": 1.0387729242958563, "amount_of_layers": 8.807399176175664, "batch_size": 90.18998638931778, "dropout_rate": 0.29647292115882184, "epochs": 20.40558167480097, "hidden_channels": 8.755281341946109, "learning_rate": 0.05451986070123424, "optimizer": 0.7533815409471141, "pooling_algorithm": 0.7627079448581923}, "datetime": {"datetime": "2023-11-28 01:10:21", "elapsed": 153.22689, "delta": 0.736074}}
{"target": 0.8964285714285715, "params": {"activation_function": 1.3363135209406374, "amount_of_layers": 4.811661915043851, "batch_size": 141.44439618804319, "dropout_rate": 0.3457779063025893, "epochs": 38.65144308101207, "hidden_channels": 83.5843121799421, "learning_rate": 0.06310559217666559, "optimizer": 0.09282921134172217, "pooling_algorithm": 0.937739785517904}, "datetime": {"datetime": "2023-11-28 01:10:22", "elapsed": 154.18272, "delta": 0.95583}}
{"target": 0.5, "params": {"activation_function": 1.263588111715585, "amount_of_layers": 5.932721251413915, "batch_size": 118.42302600501112, "dropout_rate": 0.6119554503271394, "epochs": 66.2294702515703, "hidden_channels": 84.54493325313463, "learning_rate": 0.014186134317512821, "optimizer": 1.498479004898807, "pooling_algorithm": 0.5327751564687034}, "datetime": {"datetime": "2023-11-28 01:10:24", "elapsed": 155.998624, "delta": 1.815904}}
{"target": 0.0, "params": {"activation_function": 0.4747855741206173, "amount_of_layers": 6.607888461884104, "batch_size": 74.51824675317974, "dropout_rate": 0.39248787033146976, "epochs": 112.99052531674376, "hidden_channels": 30.2066486122353, "learning_rate": 0.0992732468466561, "optimizer": 1.5902516431009968, "pooling_algorithm": 0.0901814332864076}, "datetime": {"datetime": "2023-11-28 01:10:27", "elapsed": 158.960059, "delta": 2.961435}}
{"target": 0.35000000000000003, "params": {"activation_function": 0.7025441726176942, "amount_of_layers": 3.966584904519662, "batch_size": 76.80871306414767, "dropout_rate": 0.33604298841844576, "epochs": 141.99352493650116, "hidden_channels": 49.24763943311035, "learning_rate": 0.09231219609853113, "optimizer": 0.14550929035242, "pooling_algorithm": 0.3494799623435364}, "datetime": {"datetime": "2023-11-28 01:10:30", "elapsed": 161.885484, "delta": 2.925425}}
{"target": 0.5, "params": {"activation_function": 0.4524840360681741, "amount_of_layers": 3.702654495241662, "batch_size": 126.85906733700355, "dropout_rate": 0.7009435102227999, "epochs": 123.13705949608705, "hidden_channels": 90.19384984733148, "learning_rate": 0.07500055593870547, "optimizer": 0.6649973816328272, "pooling_algorithm": 0.4212220612958558}, "datetime": {"datetime": "2023-11-28 01:10:33", "elapsed": 164.536322, "delta": 2.650838}}
{"target": 0.5, "params": {"activation_function": 1.4960249554409715, "amount_of_layers": 3.1517291123346123, "batch_size": 95.81906831306522, "dropout_rate": 0.5815566725924673, "epochs": 146.22718548649462, "hidden_channels": 95.94910891796201, "learning_rate": 0.0354211095237999, "optimizer": 1.3019563003318273, "pooling_algorithm": 0.9453815405105213}, "datetime": {"datetime": "2023-11-28 01:10:35", "elapsed": 167.317814, "delta": 2.781492}}
{"target": 0.5, "params": {"activation_function": 0.402145573576451, "amount_of_layers": 7.032612829133735, "batch_size": 97.94866267182331, "dropout_rate": 0.43818608447501284, "epochs": 20.302019853796192, "hidden_channels": 51.41562931304465, "learning_rate": 0.04476616024088989, "optimizer": 1.8164025623888735, "pooling_algorithm": 0.05603755512545705}, "datetime": {"datetime": "2023-11-28 01:10:36", "elapsed": 167.981158, "delta": 0.663344}}
{"target": 0.5, "params": {"activation_function": 0.07032505896055707, "amount_of_layers": 3.1948598921770737, "batch_size": 136.32511130810806, "dropout_rate": 0.38850891536638277, "epochs": 174.01445026494252, "hidden_channels": 22.82744392164016, "learning_rate": 0.08746946707009659, "optimizer": 1.619805299775792, "pooling_algorithm": 0.6670298892092191}, "datetime": {"datetime": "2023-11-28 01:10:39", "elapsed": 171.097318, "delta": 3.11616}}
{"target": 0.7375, "params": {"activation_function": 0.6027567714464865, "amount_of_layers": 3.9491025269835216, "batch_size": 82.85122595225856, "dropout_rate": 0.6598980660545579, "epochs": 99.79031675278489, "hidden_channels": 58.79584132675656, "learning_rate": 0.09158524175267493, "optimizer": 0.6906178685761506, "pooling_algorithm": 0.25349512901798466}, "datetime": {"datetime": "2023-11-28 01:10:41", "elapsed": 173.285322, "delta": 2.188004}}
{"target": 0.9071428571428573, "params": {"activation_function": 0.6800099203439438, "amount_of_layers": 3.6977633898690554, "batch_size": 114.99603441742788, "dropout_rate": 0.5126491508402486, "epochs": 138.74350765088704, "hidden_channels": 77.83222427665409, "learning_rate": 0.05443624856758767, "optimizer": 0.19791815650040223, "pooling_algorithm": 0.7650579803081234}, "datetime": {"datetime": "2023-11-28 01:10:44", "elapsed": 176.139032, "delta": 2.85371}}
{"target": 0.2625, "params": {"activation_function": 0.5522644728312751, "amount_of_layers": 7.3493244585652, "batch_size": 31.661840896718825, "dropout_rate": 0.5533876857999795, "epochs": 29.620236034237852, "hidden_channels": 99.7679673270996, "learning_rate": 0.07473860501079006, "optimizer": 1.2640681267493081, "pooling_algorithm": 0.08104945503144256}, "datetime": {"datetime": "2023-11-28 01:10:46", "elapsed": 178.031357, "delta": 1.892325}}
{"target": 0.8, "params": {"activation_function": 1.6363265990640294, "amount_of_layers": 8.757194775919071, "batch_size": 31.507431446208635, "dropout_rate": 0.5210528366148985, "epochs": 112.45924811991942, "hidden_channels": 108.67447831891872, "learning_rate": 0.04587067113809282, "optimizer": 0.46014309651109775, "pooling_algorithm": 0.468751986378107}, "datetime": {"datetime": "2023-11-28 01:10:53", "elapsed": 185.268884, "delta": 7.237527}}
{"target": 0.9035714285714286, "params": {"activation_function": 0.006325331124844569, "amount_of_layers": 4.643182460155752, "batch_size": 27.210244981274087, "dropout_rate": 0.5885905681814894, "epochs": 159.69682582449684, "hidden_channels": 68.89600982728962, "learning_rate": 0.006724381452064112, "optimizer": 0.59967419852754, "pooling_algorithm": 0.7651641298439632}, "datetime": {"datetime": "2023-11-28 01:11:02", "elapsed": 193.973862, "delta": 8.704978}}
{"target": 0.9035714285714286, "params": {"activation_function": 0.41883155481775236, "amount_of_layers": 3.152086663544197, "batch_size": 72.89768374806664, "dropout_rate": 0.656807673607777, "epochs": 10.113310596795671, "hidden_channels": 51.789111092898686, "learning_rate": 0.005338820008315522, "optimizer": 0.3612415507990052, "pooling_algorithm": 0.9010239570873234}, "datetime": {"datetime": "2023-11-28 01:11:02", "elapsed": 194.342531, "delta": 0.368669}}
{"target": 0.8214285714285714, "params": {"activation_function": 0.44700303546916564, "amount_of_layers": 5.1529152448024345, "batch_size": 27.618289343630938, "dropout_rate": 0.7325282498489538, "epochs": 161.5209894088507, "hidden_channels": 68.59492030667224, "learning_rate": 0.011706548446897252, "optimizer": 1.3930524754173215, "pooling_algorithm": 0.587910890446967}, "datetime": {"datetime": "2023-11-28 01:11:11", "elapsed": 203.055429, "delta": 8.712898}}
{"target": 0.8285714285714286, "params": {"activation_function": 0.4501254354081905, "amount_of_layers": 3.385641735441708, "batch_size": 102.9023060080205, "dropout_rate": 0.6511193130746746, "epochs": 137.73103603852695, "hidden_channels": 38.59763544937187, "learning_rate": 0.026080927411170556, "optimizer": 1.114431824685923, "pooling_algorithm": 0.985038125580744}, "datetime": {"datetime": "2023-11-28 01:11:14", "elapsed": 205.709499, "delta": 2.65407}}
{"target": 0.8089285714285714, "params": {"activation_function": 1.4805588113413348, "amount_of_layers": 1.0341126962878437, "batch_size": 68.02811753400934, "dropout_rate": 0.4229733124704758, "epochs": 134.89361438060115, "hidden_channels": 109.96303768824524, "learning_rate": 0.09033652676700436, "optimizer": 1.018055771421314, "pooling_algorithm": 0.14000652772981947}, "datetime": {"datetime": "2023-11-28 01:11:16", "elapsed": 208.408381, "delta": 2.698882}}
{"target": 0.9, "params": {"activation_function": 1.9201557983715245, "amount_of_layers": 2.8907521452374807, "batch_size": 103.33485265280798, "dropout_rate": 0.612041082516561, "epochs": 139.39750279071845, "hidden_channels": 38.71939012066208, "learning_rate": 0.07356879822631203, "optimizer": 0.1562001189271378, "pooling_algorithm": 0.9830058343743538}, "datetime": {"datetime": "2023-11-28 01:11:19", "elapsed": 210.834785, "delta": 2.426404}}
{"target": 0.5, "params": {"activation_function": 1.0433873094180333, "amount_of_layers": 4.1565180211234045, "batch_size": 114.57271712824979, "dropout_rate": 0.5691573535257288, "epochs": 139.68594092802647, "hidden_channels": 75.94570104832839, "learning_rate": 0.024904715602980645, "optimizer": 1.6538846918494206, "pooling_algorithm": 0.5170803416485483}, "datetime": {"datetime": "2023-11-28 01:11:22", "elapsed": 213.825551, "delta": 2.990766}}
{"target": 0.26607142857142857, "params": {"activation_function": 1.0186477506038698, "amount_of_layers": 3.5660041979054684, "batch_size": 73.27452005038853, "dropout_rate": 0.38136698919289747, "epochs": 11.924721183069325, "hidden_channels": 51.37697479255877, "learning_rate": 0.08023920954903743, "optimizer": 0.5083966702726457, "pooling_algorithm": 0.0009566490646734094}, "datetime": {"datetime": "2023-11-28 01:11:22", "elapsed": 214.275969, "delta": 0.450418}}
{"target": 0.2535714285714286, "params": {"activation_function": 1.2600069045895705, "amount_of_layers": 2.649870667369706, "batch_size": 48.39633087777768, "dropout_rate": 0.5714155939777983, "epochs": 157.67433722530393, "hidden_channels": 126.86047845690545, "learning_rate": 0.053131579080354575, "optimizer": 0.02879172498278626, "pooling_algorithm": 0.19638169989676002}, "datetime": {"datetime": "2023-11-28 01:11:27", "elapsed": 219.040825, "delta": 4.764856}}
{"target": 0.2607142857142857, "params": {"activation_function": 0.5797088602085603, "amount_of_layers": 4.156392028721677, "batch_size": 115.16938946069621, "dropout_rate": 0.6916920344531725, "epochs": 136.62459846449144, "hidden_channels": 77.49613675134715, "learning_rate": 0.03365874913817658, "optimizer": 0.7495237002133888, "pooling_algorithm": 0.42534224370120677}, "datetime": {"datetime": "2023-11-28 01:11:30", "elapsed": 221.994704, "delta": 2.953879}}
{"target": 0.5, "params": {"activation_function": 0.7945667812165649, "amount_of_layers": 6.447264713089887, "batch_size": 26.914541082560735, "dropout_rate": 0.506553370993593, "epochs": 159.18049556197732, "hidden_channels": 70.30767678880989, "learning_rate": 0.040044421007926774, "optimizer": 1.841130352597473, "pooling_algorithm": 0.8075846212372357}, "datetime": {"datetime": "2023-11-28 01:11:39", "elapsed": 231.288868, "delta": 9.294164}}
{"target": 0.9142857142857144, "params": {"activation_function": 0.2620205869734149, "amount_of_layers": 8.956662469033873, "batch_size": 90.89811626779569, "dropout_rate": 0.40971440073288545, "epochs": 21.487008076874076, "hidden_channels": 8.486056790324351, "learning_rate": 0.0044100533349068416, "optimizer": 1.6967694094900718, "pooling_algorithm": 0.5184550133212041}, "datetime": {"datetime": "2023-11-28 01:11:40", "elapsed": 232.043506, "delta": 0.754638}}
{"target": 0.8250000000000001, "params": {"activation_function": 0.04215702213450245, "amount_of_layers": 2.8975915415551308, "batch_size": 67.91659710081052, "dropout_rate": 0.5217427844808906, "epochs": 135.50816035034836, "hidden_channels": 108.76230177963055, "learning_rate": 0.002610348741816088, "optimizer": 0.8401921005156254, "pooling_algorithm": 0.30370390016513904}, "datetime": {"datetime": "2023-11-28 01:11:43", "elapsed": 235.508004, "delta": 3.464498}}
{"target": 0.9285714285714286, "params": {"activation_function": 1.7762219408368118, "amount_of_layers": 2.9736614236032417, "batch_size": 46.29991676231177, "dropout_rate": 0.7240720965681615, "epochs": 154.6092438074054, "hidden_channels": 127.10146824394305, "learning_rate": 0.004931198189547081, "optimizer": 0.0, "pooling_algorithm": 0.8782212931587192}, "datetime": {"datetime": "2023-11-28 01:11:48", "elapsed": 240.111673, "delta": 4.603669}}
{"target": 0.0, "params": {"activation_function": 1.878970070899203, "amount_of_layers": 4.286230164560888, "batch_size": 129.9420052362346, "dropout_rate": 0.6914406676598663, "epochs": 183.77761909320003, "hidden_channels": 49.846022450853546, "learning_rate": 0.06105083342181517, "optimizer": 0.2346651526068817, "pooling_algorithm": 0.5709513522563733}, "datetime": {"datetime": "2023-11-28 01:11:52", "elapsed": 243.735582, "delta": 3.623909}}
{"target": 0.8428571428571429, "params": {"activation_function": 0.7718425340204731, "amount_of_layers": 3.1090753662451265, "batch_size": 101.59939032872897, "dropout_rate": 0.602011187285503, "epochs": 136.9271426152976, "hidden_channels": 39.45797573066806, "learning_rate": 0.015712078703231182, "optimizer": 1.7068801549437953, "pooling_algorithm": 0.3807776904297554}, "datetime": {"datetime": "2023-11-28 01:11:54", "elapsed": 246.231314, "delta": 2.495732}}
{"target": 0.7428571428571429, "params": {"activation_function": 1.0984353811508358, "amount_of_layers": 3.5863177478551105, "batch_size": 66.9668883278553, "dropout_rate": 0.33311422819604075, "epochs": 135.02131149751506, "hidden_channels": 109.72337700353815, "learning_rate": 0.08153688498272464, "optimizer": 0.14468080365937874, "pooling_algorithm": 0.3706410591614434}, "datetime": {"datetime": "2023-11-28 01:11:58", "elapsed": 249.862045, "delta": 3.630731}}
{"target": 0.9142857142857144, "params": {"activation_function": 1.9982965032498288, "amount_of_layers": 3.7530645522803567, "batch_size": 128.6564411506056, "dropout_rate": 0.6946791370924441, "epochs": 154.87812953048834, "hidden_channels": 71.38719987611775, "learning_rate": 0.03727110823260175, "optimizer": 0.11641072932421448, "pooling_algorithm": 0.8039550185905188}, "datetime": {"datetime": "2023-11-28 01:12:01", "elapsed": 252.96999, "delta": 3.107945}}
{"target": 0.7375, "params": {"activation_function": 1.0549704373751982, "amount_of_layers": 4.138857724611358, "batch_size": 76.81158940840577, "dropout_rate": 0.5830260640503969, "epochs": 187.35733134813609, "hidden_channels": 14.844776910370603, "learning_rate": 0.021727090592895244, "optimizer": 1.0149880797621877, "pooling_algorithm": 0.18075961630861992}, "datetime": {"datetime": "2023-11-28 01:12:05", "elapsed": 256.808322, "delta": 3.838332}}
{"target": 0.9214285714285715, "params": {"activation_function": 1.9121776117554767, "amount_of_layers": 2.3043186354990146, "batch_size": 68.8504161419416, "dropout_rate": 0.27504858779555275, "epochs": 135.51860734307394, "hidden_channels": 108.58591656924165, "learning_rate": 0.001, "optimizer": 0.18998050001096514, "pooling_algorithm": 0.5570729991792721}, "datetime": {"datetime": "2023-11-28 01:12:08", "elapsed": 259.596204, "delta": 2.787882}}
{"target": 0.7374999999999999, "params": {"activation_function": 0.5516036079276887, "amount_of_layers": 8.284801322689672, "batch_size": 93.07909947388866, "dropout_rate": 0.6616504486908606, "epochs": 20.6161145295332, "hidden_channels": 7.534405791564389, "learning_rate": 0.07362418110724678, "optimizer": 0.4562510920605023, "pooling_algorithm": 0.2665583017970732}, "datetime": {"datetime": "2023-11-28 01:12:08", "elapsed": 260.315242, "delta": 0.719038}}
{"target": 0.8160714285714286, "params": {"activation_function": 0.13143119279083848, "amount_of_layers": 1.1349085128504042, "batch_size": 68.16924753778271, "dropout_rate": 0.5687765198262377, "epochs": 132.89457678744935, "hidden_channels": 108.78249225218372, "learning_rate": 0.008336575851948797, "optimizer": 0.1513197739449641, "pooling_algorithm": 0.4244275582152025}, "datetime": {"datetime": "2023-11-28 01:12:11", "elapsed": 262.713988, "delta": 2.398746}}
{"target": 0.7178571428571429, "params": {"activation_function": 0.43379641487793963, "amount_of_layers": 6.65060753653691, "batch_size": 141.30845947443694, "dropout_rate": 0.2665193356275293, "epochs": 36.11219957715388, "hidden_channels": 84.39405837779498, "learning_rate": 0.05572771297233713, "optimizer": 0.020287362595215352, "pooling_algorithm": 0.33110362294065}, "datetime": {"datetime": "2023-11-28 01:12:12", "elapsed": 263.769674, "delta": 1.055686}}
{"target": 0.525, "params": {"activation_function": 0.9245218880453647, "amount_of_layers": 4.643235212583903, "batch_size": 29.444310827993426, "dropout_rate": 0.4167767772197736, "epochs": 159.53150919672777, "hidden_channels": 68.7158936805217, "learning_rate": 0.013859305777703515, "optimizer": 1.0620088240523207, "pooling_algorithm": 0.8059829863795002}, "datetime": {"datetime": "2023-11-28 01:12:20", "elapsed": 272.440146, "delta": 8.670472}}
{"target": 0.26607142857142857, "params": {"activation_function": 1.4936617245619632, "amount_of_layers": 1.7131821099457012, "batch_size": 70.25570837142374, "dropout_rate": 0.5318260394769012, "epochs": 136.26808441252496, "hidden_channels": 106.60148444953313, "learning_rate": 0.016663647590022996, "optimizer": 1.6874532022610167, "pooling_algorithm": 0.058205891722858505}, "datetime": {"datetime": "2023-11-28 01:12:23", "elapsed": 275.445473, "delta": 3.005327}}
{"target": 0.0, "params": {"activation_function": 1.446027763916075, "amount_of_layers": 5.808143728148927, "batch_size": 140.56751523005934, "dropout_rate": 0.593785414545942, "epochs": 36.65089148856703, "hidden_channels": 83.25551940375047, "learning_rate": 0.09069795688531537, "optimizer": 1.0065050390764994, "pooling_algorithm": 0.20764030441720338}, "datetime": {"datetime": "2023-11-28 01:12:24", "elapsed": 276.479635, "delta": 1.034162}}
{"target": 0.9071428571428573, "params": {"activation_function": 1.2501108514694985, "amount_of_layers": 8.50649830180322, "batch_size": 90.55804061765915, "dropout_rate": 0.42707355519449713, "epochs": 22.057840300562976, "hidden_channels": 5.733827765840368, "learning_rate": 0.036727492475295616, "optimizer": 1.211080407993002, "pooling_algorithm": 0.8447266517269607}, "datetime": {"datetime": "2023-11-28 01:12:25", "elapsed": 277.251882, "delta": 0.772247}}
{"target": 0.7375, "params": {"activation_function": 1.6934547021680524, "amount_of_layers": 3.8635642419224157, "batch_size": 45.43054774984489, "dropout_rate": 0.4414238758957315, "epochs": 152.49858348497057, "hidden_channels": 127.47364733114833, "learning_rate": 0.039824891900719486, "optimizer": 1.067033153453926, "pooling_algorithm": 0.41378853125239623}, "datetime": {"datetime": "2023-11-28 01:12:31", "elapsed": 282.598235, "delta": 5.346353}}
{"target": 0.5, "params": {"activation_function": 0.7488836812987347, "amount_of_layers": 1.4886786532907763, "batch_size": 70.56748747312926, "dropout_rate": 0.6636532113775884, "epochs": 132.0040619789683, "hidden_channels": 109.88872400921638, "learning_rate": 0.027418364021042915, "optimizer": 0.6516399575096417, "pooling_algorithm": 0.7981619845237248}, "datetime": {"datetime": "2023-11-28 01:12:33", "elapsed": 285.119414, "delta": 2.521179}}
{"target": 0.825, "params": {"activation_function": 1.6149254345362103, "amount_of_layers": 6.639323499662849, "batch_size": 25.893949792545538, "dropout_rate": 0.5854178339315185, "epochs": 160.8808428461141, "hidden_channels": 66.34794793328808, "learning_rate": 0.08774245822720542, "optimizer": 0.3616567708345517, "pooling_algorithm": 0.3901968531862836}, "datetime": {"datetime": "2023-11-28 01:12:43", "elapsed": 295.309034, "delta": 10.18962}}
{"target": 0.23749999999999993, "params": {"activation_function": 0.4499763687823617, "amount_of_layers": 8.36625901972845, "batch_size": 91.61048784369667, "dropout_rate": 0.6483775788482891, "epochs": 21.183352739936446, "hidden_channels": 5.271328016685211, "learning_rate": 0.013660624680386608, "optimizer": 0.5206190812701863, "pooling_algorithm": 0.060159468864584786}, "datetime": {"datetime": "2023-11-28 01:12:44", "elapsed": 296.032837, "delta": 0.723803}}
{"target": 0.7375, "params": {"activation_function": 1.5334265451500675, "amount_of_layers": 4.4294918338003715, "batch_size": 100.99775183702647, "dropout_rate": 0.3600093986939959, "epochs": 138.38235809638758, "hidden_channels": 38.68055070908239, "learning_rate": 0.03681584672993901, "optimizer": 1.5896441097369935, "pooling_algorithm": 0.18824876632819376}, "datetime": {"datetime": "2023-11-28 01:12:47", "elapsed": 298.903777, "delta": 2.87094}}
