{"target": 0.5, "params": {"activation_function": 0.9030687677434495, "amount_of_layers": 6.297380962337655, "batch_size": 50.36574545888159, "dropout_rate": 0.3987638198925317, "epochs": 132.3295068281312, "hidden_channels": 20.98984588039765, "learning_rate": 0.07233615298264, "optimizer": 0.7076088894982109, "pooling_algorithm": 0.5686801649322794}, "datetime": {"datetime": "2023-11-28 01:23:50", "elapsed": 164.906342, "delta": 4.306366}}
{"target": 0.0, "params": {"activation_function": 0.02744886383479228, "amount_of_layers": 3.9919878563164506, "batch_size": 88.29132662813309, "dropout_rate": 0.25757071936281895, "epochs": 170.4865629463795, "hidden_channels": 72.31061698350985, "learning_rate": 0.08514873658888127, "optimizer": 1.5790434239882107, "pooling_algorithm": 0.42091978706438027}, "datetime": {"datetime": "2023-11-28 01:23:54", "elapsed": 168.399396, "delta": 3.493054}}
{"target": 0.0, "params": {"activation_function": 1.8415225584407477, "amount_of_layers": 7.172513009499235, "batch_size": 67.75378979434768, "dropout_rate": 0.4790795172495784, "epochs": 176.60570994094348, "hidden_channels": 87.51752820244297, "learning_rate": 0.08608246223659564, "optimizer": 1.9032423032332233, "pooling_algorithm": 0.9010986609876641}, "datetime": {"datetime": "2023-11-28 01:24:00", "elapsed": 174.675673, "delta": 6.276277}}
{"target": 0.5, "params": {"activation_function": 1.3081633994838244, "amount_of_layers": 8.230112546190016, "batch_size": 68.40900118529001, "dropout_rate": 0.4706087507389079, "epochs": 174.48335666922827, "hidden_channels": 86.68570381683573, "learning_rate": 0.05061115936480319, "optimizer": 1.38914916726588, "pooling_algorithm": 0.679974790538476}, "datetime": {"datetime": "2023-11-28 01:24:07", "elapsed": 181.46198, "delta": 6.786307}}
{"target": 0.09642857142857142, "params": {"activation_function": 0.9703915404309176, "amount_of_layers": 7.172352922608914, "batch_size": 52.22860562961397, "dropout_rate": 0.44460406358834226, "epochs": 131.90096538740383, "hidden_channels": 24.1508300952997, "learning_rate": 0.01060332827754927, "optimizer": 0.804341497779308, "pooling_algorithm": 0.7810703582002364}, "datetime": {"datetime": "2023-11-28 01:24:11", "elapsed": 186.279861, "delta": 4.817881}}
{"target": 0.8428571428571429, "params": {"activation_function": 1.9235643085117575, "amount_of_layers": 1.8190873900533395, "batch_size": 89.29266938555286, "dropout_rate": 0.7153870249047235, "epochs": 169.85212930105087, "hidden_channels": 74.06224973289382, "learning_rate": 0.012859912036883157, "optimizer": 1.780782016468599, "pooling_algorithm": 0.34662506136293425}, "datetime": {"datetime": "2023-11-28 01:24:14", "elapsed": 189.006907, "delta": 2.727046}}
{"target": 0.5, "params": {"activation_function": 1.3067708196439785, "amount_of_layers": 1.9455997196381087, "batch_size": 149.26151359515265, "dropout_rate": 0.2590705510447427, "epochs": 133.98610202571624, "hidden_channels": 102.3681635350976, "learning_rate": 0.015920947720404595, "optimizer": 1.871393290720671, "pooling_algorithm": 0.903171035961125}, "datetime": {"datetime": "2023-11-28 01:24:16", "elapsed": 191.095761, "delta": 2.088854}}
{"target": 0.26249999999999996, "params": {"activation_function": 0.8071171500892589, "amount_of_layers": 3.531899162385999, "batch_size": 57.25314291368694, "dropout_rate": 0.6828623580594996, "epochs": 133.7264972283661, "hidden_channels": 26.100866805480138, "learning_rate": 0.06046099958907481, "optimizer": 1.6268443292518688, "pooling_algorithm": 0.4824567529891389}, "datetime": {"datetime": "2023-11-28 01:24:20", "elapsed": 194.878292, "delta": 3.782531}}
{"target": 0.5, "params": {"activation_function": 1.5566667199692017, "amount_of_layers": 8.526801448810785, "batch_size": 57.62969194488887, "dropout_rate": 0.38479601140580444, "epochs": 132.48371455542588, "hidden_channels": 22.173235364640878, "learning_rate": 0.030194539921613715, "optimizer": 1.7423244651446568, "pooling_algorithm": 0.6500569122825344}, "datetime": {"datetime": "2023-11-28 01:24:26", "elapsed": 200.301323, "delta": 5.423031}}
{"target": 0.5, "params": {"activation_function": 0.014438780849238553, "amount_of_layers": 4.953503841129164, "batch_size": 22.334382478925956, "dropout_rate": 0.38402170408306746, "epochs": 126.2906083197222, "hidden_channels": 31.392758310070718, "learning_rate": 0.02918586703366816, "optimizer": 1.9935049780062621, "pooling_algorithm": 0.1527046347589731}, "datetime": {"datetime": "2023-11-28 01:24:33", "elapsed": 208.065484, "delta": 7.764161}}
{"target": 0.9017857142857142, "params": {"activation_function": 0.626308931753291, "amount_of_layers": 7.1166402739499315, "batch_size": 22.70871488419444, "dropout_rate": 0.6264997694602492, "epochs": 31.926084469443538, "hidden_channels": 44.69356555850673, "learning_rate": 0.007808919289055584, "optimizer": 0.9067711250004531, "pooling_algorithm": 0.7740725684879993}, "datetime": {"datetime": "2023-11-28 01:24:36", "elapsed": 210.575994, "delta": 2.51051}}
{"target": 0.5, "params": {"activation_function": 0.22610124442323998, "amount_of_layers": 4.591814026959005, "batch_size": 20.95732156793985, "dropout_rate": 0.5939605402223352, "epochs": 33.13917952475555, "hidden_channels": 42.39909442957286, "learning_rate": 0.05590653333242349, "optimizer": 0.6521057227148557, "pooling_algorithm": 0.9302657558265882}, "datetime": {"datetime": "2023-11-28 01:24:38", "elapsed": 213.067796, "delta": 2.491802}}
{"target": 0.5, "params": {"activation_function": 1.2414503746962549, "amount_of_layers": 1.3682920768466307, "batch_size": 149.87688575455033, "dropout_rate": 0.499271276746466, "epochs": 139.38756641647223, "hidden_channels": 102.33991732978562, "learning_rate": 0.08698160193179967, "optimizer": 1.261008592002328, "pooling_algorithm": 0.9230954695168955}, "datetime": {"datetime": "2023-11-28 01:24:40", "elapsed": 214.382939, "delta": 1.315143}}
{"target": 0.9071428571428573, "params": {"activation_function": 0.22969738150572416, "amount_of_layers": 5.153778135038224, "batch_size": 25.150077486455828, "dropout_rate": 0.7428180405418698, "epochs": 36.82103284849502, "hidden_channels": 44.60529304366041, "learning_rate": 0.010010044393408055, "optimizer": 1.446635528283542, "pooling_algorithm": 0.8283055790672957}, "datetime": {"datetime": "2023-11-28 01:24:42", "elapsed": 216.479514, "delta": 2.096575}}
{"target": 0.8303571428571428, "params": {"activation_function": 0.6530252407283008, "amount_of_layers": 7.2229948832469635, "batch_size": 27.248098063760615, "dropout_rate": 0.5835445567377859, "epochs": 36.66045861896141, "hidden_channels": 46.55534573853039, "learning_rate": 0.025001910234627132, "optimizer": 1.370292817320271, "pooling_algorithm": 0.5921134713129358}, "datetime": {"datetime": "2023-11-28 01:24:44", "elapsed": 219.022333, "delta": 2.542819}}
{"target": 0.925, "params": {"activation_function": 1.674846759545226, "amount_of_layers": 7.307853747340052, "batch_size": 140.26479592824649, "dropout_rate": 0.6562967655614348, "epochs": 112.44762695193512, "hidden_channels": 110.0593495362492, "learning_rate": 0.08165819838579488, "optimizer": 0.4548731002654576, "pooling_algorithm": 0.6267954568630494}, "datetime": {"datetime": "2023-11-28 01:24:47", "elapsed": 221.871408, "delta": 2.849075}}
{"target": 0.5, "params": {"activation_function": 1.1870866850850843, "amount_of_layers": 8.69318441078501, "batch_size": 52.98268802006132, "dropout_rate": 0.6081286731299029, "epochs": 136.23104896463474, "hidden_channels": 23.06468583088766, "learning_rate": 0.0636823570082268, "optimizer": 0.6888453164493706, "pooling_algorithm": 0.5852125615534587}, "datetime": {"datetime": "2023-11-28 01:24:53", "elapsed": 227.571805, "delta": 5.700397}}
{"target": 0.8714285714285714, "params": {"activation_function": 0.47827122920228304, "amount_of_layers": 2.2530284712760675, "batch_size": 20.61217620913772, "dropout_rate": 0.4495932291242472, "epochs": 127.22129548287637, "hidden_channels": 30.296871732380136, "learning_rate": 0.0046420136746545965, "optimizer": 1.5730034347072266, "pooling_algorithm": 0.9848293743297992}, "datetime": {"datetime": "2023-11-28 01:24:59", "elapsed": 233.349298, "delta": 5.777493}}
{"target": 0.0, "params": {"activation_function": 1.3583346710167716, "amount_of_layers": 2.0979751432629783, "batch_size": 76.4024390780773, "dropout_rate": 0.6436316708988907, "epochs": 130.53620134017865, "hidden_channels": 78.91719548965666, "learning_rate": 0.07555006941146196, "optimizer": 1.9348919232562733, "pooling_algorithm": 0.7843985814531744}, "datetime": {"datetime": "2023-11-28 01:25:01", "elapsed": 235.52137, "delta": 2.172072}}
{"target": 0.35, "params": {"activation_function": 1.1814836134794207, "amount_of_layers": 6.867215019482791, "batch_size": 27.609324469926605, "dropout_rate": 0.37303421625655375, "epochs": 35.541680163819954, "hidden_channels": 45.78822033041569, "learning_rate": 0.009985662647906204, "optimizer": 1.7929771793626748, "pooling_algorithm": 0.7449399392867677}, "datetime": {"datetime": "2023-11-28 01:25:03", "elapsed": 237.977375, "delta": 2.456005}}
{"target": 0.0, "params": {"activation_function": 1.5166320641145132, "amount_of_layers": 6.326399361259902, "batch_size": 139.37642762350328, "dropout_rate": 0.6765400887792412, "epochs": 112.91092009238864, "hidden_channels": 108.45526341239048, "learning_rate": 0.09110930064821364, "optimizer": 0.3246834931066278, "pooling_algorithm": 0.12380266082618552}, "datetime": {"datetime": "2023-11-28 01:25:06", "elapsed": 240.693156, "delta": 2.715781}}
{"target": 0.9035714285714287, "params": {"activation_function": 0.7464576342719307, "amount_of_layers": 7.416402829115409, "batch_size": 140.77082733126036, "dropout_rate": 0.36198908869806423, "epochs": 26.451779957106556, "hidden_channels": 62.654684711535026, "learning_rate": 0.09040578244254482, "optimizer": 0.22654091405676824, "pooling_algorithm": 0.572562139912284}, "datetime": {"datetime": "2023-11-28 01:25:07", "elapsed": 241.484719, "delta": 0.791563}}
{"target": 0.5, "params": {"activation_function": 1.4352031089568662, "amount_of_layers": 4.492714263396386, "batch_size": 40.41788124296262, "dropout_rate": 0.256274382669201, "epochs": 65.1042080051482, "hidden_channels": 73.10427815415765, "learning_rate": 0.04189131378105445, "optimizer": 1.8782461291726555, "pooling_algorithm": 0.6900283822822757}, "datetime": {"datetime": "2023-11-28 01:25:09", "elapsed": 243.837851, "delta": 2.353132}}
{"target": 0.5, "params": {"activation_function": 1.4542650104877204, "amount_of_layers": 2.208947855165732, "batch_size": 49.96181379607914, "dropout_rate": 0.6559122976308144, "epochs": 185.25907597785496, "hidden_channels": 97.37528771832018, "learning_rate": 0.092209262900584, "optimizer": 0.6720254498117708, "pooling_algorithm": 0.8265460204431627}, "datetime": {"datetime": "2023-11-28 01:25:13", "elapsed": 247.806458, "delta": 3.968607}}
{"target": 0.0, "params": {"activation_function": 0.589655461802125, "amount_of_layers": 5.361325892499453, "batch_size": 46.675802842075626, "dropout_rate": 0.42613029932894203, "epochs": 176.5904562717921, "hidden_channels": 104.12752219538307, "learning_rate": 0.03338917447177212, "optimizer": 1.7382623386270557, "pooling_algorithm": 0.014521315711412242}, "datetime": {"datetime": "2023-11-28 01:25:20", "elapsed": 254.610981, "delta": 6.804523}}
{"target": 0.7357142857142858, "params": {"activation_function": 1.363174500782802, "amount_of_layers": 4.098113054587777, "batch_size": 128.20690132720813, "dropout_rate": 0.2511523894963317, "epochs": 189.34376466323639, "hidden_channels": 8.525545346927009, "learning_rate": 0.05903445732036561, "optimizer": 1.6733366359934145, "pooling_algorithm": 0.1554454001892348}, "datetime": {"datetime": "2023-11-28 01:25:24", "elapsed": 258.440327, "delta": 3.829346}}
{"target": 0.4392857142857143, "params": {"activation_function": 0.04975622755502829, "amount_of_layers": 4.371348729925428, "batch_size": 26.601755472709847, "dropout_rate": 0.4252351098937844, "epochs": 29.818296774190195, "hidden_channels": 24.775783868158126, "learning_rate": 0.07890077982681674, "optimizer": 1.4874376860886351, "pooling_algorithm": 0.8315374671843778}, "datetime": {"datetime": "2023-11-28 01:25:25", "elapsed": 260.051481, "delta": 1.611154}}
{"target": 0.35, "params": {"activation_function": 1.9211723108810628, "amount_of_layers": 6.5293773985521515, "batch_size": 58.99696412268937, "dropout_rate": 0.25039456940962884, "epochs": 67.26234120331678, "hidden_channels": 33.82345105182774, "learning_rate": 0.04021448832195388, "optimizer": 1.5713174873065634, "pooling_algorithm": 0.9671661333258234}, "datetime": {"datetime": "2023-11-28 01:25:28", "elapsed": 262.536637, "delta": 2.485156}}
{"target": 0.5, "params": {"activation_function": 1.6355299811718054, "amount_of_layers": 6.8517828633935745, "batch_size": 51.21591392808862, "dropout_rate": 0.6364312868101347, "epochs": 134.47990515136559, "hidden_channels": 23.090945816462252, "learning_rate": 0.04020354942015814, "optimizer": 1.9707866116894954, "pooling_algorithm": 0.547547984082922}, "datetime": {"datetime": "2023-11-28 01:25:32", "elapsed": 267.220925, "delta": 4.684288}}
{"target": 0.26785714285714285, "params": {"activation_function": 1.391467348438415, "amount_of_layers": 4.926164965351235, "batch_size": 96.96940495205008, "dropout_rate": 0.6221703848822968, "epochs": 113.34443497986011, "hidden_channels": 114.55340558603748, "learning_rate": 0.012012229648402532, "optimizer": 0.511493597264759, "pooling_algorithm": 0.08295311056653198}, "datetime": {"datetime": "2023-11-28 01:25:35", "elapsed": 269.9306, "delta": 2.709675}}
{"target": 0.8196428571428571, "params": {"activation_function": 1.390163589155655, "amount_of_layers": 1.4088595699764532, "batch_size": 60.14625990580469, "dropout_rate": 0.5983109883973461, "epochs": 72.77232623299187, "hidden_channels": 75.5148431804246, "learning_rate": 0.04625225393177762, "optimizer": 0.6813278580756705, "pooling_algorithm": 0.09819695095662251}, "datetime": {"datetime": "2023-11-28 01:25:37", "elapsed": 271.469208, "delta": 1.538608}}
{"target": 0.8178571428571428, "params": {"activation_function": 1.1855879654671688, "amount_of_layers": 2.053970831775451, "batch_size": 80.79092731318089, "dropout_rate": 0.27439420398478437, "epochs": 68.11969092602389, "hidden_channels": 15.918565700363768, "learning_rate": 0.03130907495747969, "optimizer": 1.4275759837155655, "pooling_algorithm": 0.25975949894322237}, "datetime": {"datetime": "2023-11-28 01:25:38", "elapsed": 272.744522, "delta": 1.275314}}
{"target": 0.7339285714285714, "params": {"activation_function": 0.9476166518580749, "amount_of_layers": 8.202214485903816, "batch_size": 104.29683961810206, "dropout_rate": 0.4101269200201144, "epochs": 196.4616412426062, "hidden_channels": 9.364771188407754, "learning_rate": 0.07530031108895134, "optimizer": 1.7434525197494473, "pooling_algorithm": 0.41861151439844435}, "datetime": {"datetime": "2023-11-28 01:25:43", "elapsed": 278.156799, "delta": 5.412277}}
{"target": 0.8214285714285714, "params": {"activation_function": 1.8897152538814612, "amount_of_layers": 5.539447036008277, "batch_size": 125.06700158331827, "dropout_rate": 0.5416882563765923, "epochs": 121.30630190787863, "hidden_channels": 78.6153208111078, "learning_rate": 0.0036931995160703634, "optimizer": 0.7737681883105805, "pooling_algorithm": 0.41937830383906693}, "datetime": {"datetime": "2023-11-28 01:25:46", "elapsed": 281.221083, "delta": 3.064284}}
{"target": 0.5, "params": {"activation_function": 0.949624336380321, "amount_of_layers": 2.0282065583210143, "batch_size": 48.409353060597894, "dropout_rate": 0.26601468802619527, "epochs": 193.7367478250512, "hidden_channels": 127.44909137860836, "learning_rate": 0.08406087546980867, "optimizer": 1.6580250121181388, "pooling_algorithm": 0.39795059498748275}, "datetime": {"datetime": "2023-11-28 01:25:52", "elapsed": 286.417501, "delta": 5.196418}}
{"target": 0.8285714285714286, "params": {"activation_function": 1.8510143428418806, "amount_of_layers": 7.9179834178563455, "batch_size": 23.36842041241563, "dropout_rate": 0.6271586942274812, "epochs": 146.99818850445396, "hidden_channels": 99.6226803966928, "learning_rate": 0.06896808153163975, "optimizer": 0.1371120517429023, "pooling_algorithm": 0.41568949090871865}, "datetime": {"datetime": "2023-11-28 01:26:04", "elapsed": 298.774708, "delta": 12.357207}}
{"target": 0.5, "params": {"activation_function": 1.8814669505782795, "amount_of_layers": 5.376728877263703, "batch_size": 104.82645747454998, "dropout_rate": 0.7210497017252758, "epochs": 112.20744886737081, "hidden_channels": 98.00561734192554, "learning_rate": 0.03358686843472926, "optimizer": 1.8005043138289043, "pooling_algorithm": 0.5530570528219297}, "datetime": {"datetime": "2023-11-28 01:26:07", "elapsed": 301.441472, "delta": 2.666764}}
{"target": 0.5, "params": {"activation_function": 1.4652970140075081, "amount_of_layers": 7.161958942264795, "batch_size": 55.07912542599213, "dropout_rate": 0.4112836741467951, "epochs": 145.98943319544486, "hidden_channels": 127.39831826437162, "learning_rate": 0.029604032343272527, "optimizer": 0.7275529894194892, "pooling_algorithm": 0.782208608798867}, "datetime": {"datetime": "2023-11-28 01:26:12", "elapsed": 306.843667, "delta": 5.402195}}
{"target": 0.5, "params": {"activation_function": 0.06085513504411977, "amount_of_layers": 6.804456516733644, "batch_size": 93.97473172501454, "dropout_rate": 0.29001141089244126, "epochs": 192.82692836045337, "hidden_channels": 7.105194804393157, "learning_rate": 0.06235361636266336, "optimizer": 1.859969229027483, "pooling_algorithm": 0.5267447688195499}, "datetime": {"datetime": "2023-11-28 01:26:17", "elapsed": 311.786014, "delta": 4.942347}}
{"target": 0.7642857142857143, "params": {"activation_function": 1.8365114758237548, "amount_of_layers": 4.843662224114061, "batch_size": 88.8395674272188, "dropout_rate": 0.6629408522546971, "epochs": 41.84248500105909, "hidden_channels": 32.81124753864031, "learning_rate": 0.024069555074873177, "optimizer": 0.4547319696358485, "pooling_algorithm": 0.43538552126425034}, "datetime": {"datetime": "2023-11-28 01:26:18", "elapsed": 312.855903, "delta": 1.069889}}
{"target": 0.9249999999999999, "params": {"activation_function": 1.6146100498539104, "amount_of_layers": 8.757736805642114, "batch_size": 25.98128842549113, "dropout_rate": 0.6731188764826233, "epochs": 50.36175388384644, "hidden_channels": 108.25275599239876, "learning_rate": 0.039721024953770626, "optimizer": 0.06104667430623456, "pooling_algorithm": 0.532409531384392}, "datetime": {"datetime": "2023-11-28 01:26:22", "elapsed": 316.75614, "delta": 3.900237}}
{"target": 0.7374999999999999, "params": {"activation_function": 1.3257984178579483, "amount_of_layers": 6.74700051905873, "batch_size": 23.937866783569202, "dropout_rate": 0.594446068725522, "epochs": 189.1037075540597, "hidden_channels": 49.39512548651106, "learning_rate": 0.07513041774964237, "optimizer": 0.3357356462087484, "pooling_algorithm": 0.21410804517447368}, "datetime": {"datetime": "2023-11-28 01:26:36", "elapsed": 330.360976, "delta": 13.604836}}
{"target": 0.2607142857142857, "params": {"activation_function": 1.4699197948125404, "amount_of_layers": 7.793696477566811, "batch_size": 138.68734969044533, "dropout_rate": 0.25790547710727774, "epochs": 105.958157456633, "hidden_channels": 50.838761134627475, "learning_rate": 0.055600705091366144, "optimizer": 0.9650507271646205, "pooling_algorithm": 0.22013573386774687}, "datetime": {"datetime": "2023-11-28 01:26:39", "elapsed": 333.425149, "delta": 3.064173}}
{"target": 0.65, "params": {"activation_function": 0.808948795525829, "amount_of_layers": 4.17493405265881, "batch_size": 50.83442528226701, "dropout_rate": 0.5047649634782195, "epochs": 168.66628613754418, "hidden_channels": 54.34765915758347, "learning_rate": 0.024873346427278214, "optimizer": 1.356166652608656, "pooling_algorithm": 0.558164437769317}, "datetime": {"datetime": "2023-11-28 01:26:43", "elapsed": 338.168148, "delta": 4.742999}}
{"target": 0.0, "params": {"activation_function": 1.1039524349677354, "amount_of_layers": 1.2874830296759647, "batch_size": 58.57380378081095, "dropout_rate": 0.4497707652672202, "epochs": 48.86417244914191, "hidden_channels": 109.28966426557778, "learning_rate": 0.07623343842006616, "optimizer": 1.5672005998450058, "pooling_algorithm": 0.20608688131908426}, "datetime": {"datetime": "2023-11-28 01:26:44", "elapsed": 339.249109, "delta": 1.080961}}
{"target": 0.9017857142857143, "params": {"activation_function": 1.2697710150882227, "amount_of_layers": 2.629484889186088, "batch_size": 37.419040495477205, "dropout_rate": 0.253257946255037, "epochs": 66.19601616554326, "hidden_channels": 22.250005321459266, "learning_rate": 0.014696075876367586, "optimizer": 0.7373847081575073, "pooling_algorithm": 0.975187977110606}, "datetime": {"datetime": "2023-11-28 01:26:47", "elapsed": 341.839355, "delta": 2.590246}}
{"target": 0.8178571428571428, "params": {"activation_function": 0.43305365019459163, "amount_of_layers": 4.314476769124745, "batch_size": 98.41321851031685, "dropout_rate": 0.685761216954685, "epochs": 52.23510429311912, "hidden_channels": 118.43723707881523, "learning_rate": 0.009392017692043387, "optimizer": 0.839864428904884, "pooling_algorithm": 0.41282470974437835}, "datetime": {"datetime": "2023-11-28 01:26:48", "elapsed": 343.076091, "delta": 1.236736}}
{"target": 0.5, "params": {"activation_function": 0.9519417144402358, "amount_of_layers": 5.756508629586072, "batch_size": 106.31904646959184, "dropout_rate": 0.4893899684456887, "epochs": 108.15991077231607, "hidden_channels": 47.6227187171411, "learning_rate": 0.06467789845099033, "optimizer": 1.6462131550687322, "pooling_algorithm": 0.6954233994749663}, "datetime": {"datetime": "2023-11-28 01:26:51", "elapsed": 345.744024, "delta": 2.667933}}
