{"target": 0.5, "params": {"activation_function": 0.3929153750619656, "amount_of_layers": 2.3585953961902684, "batch_size": 134.89492947912703, "dropout_rate": 0.5744722382676294, "epochs": 57.20504135752156, "hidden_channels": 110.86544022527087, "learning_rate": 0.08537474370444453, "optimizer": 0.5846848234268578, "pooling_algorithm": 0.317016987824546}, "datetime": {"datetime": "2023-11-28 07:14:21", "elapsed": 130.212629, "delta": 1.099084}}
{"target": 0.21607142857142855, "params": {"activation_function": 0.6078532599716253, "amount_of_layers": 1.7489086195803232, "batch_size": 90.32342323462028, "dropout_rate": 0.5023650834934925, "epochs": 153.9811736539456, "hidden_channels": 125.00399968076378, "learning_rate": 0.06449776000723786, "optimizer": 0.4562274448742736, "pooling_algorithm": 0.33056090744761524}, "datetime": {"datetime": "2023-11-28 07:14:23", "elapsed": 132.903512, "delta": 2.690883}}
{"target": 0.5, "params": {"activation_function": 1.4521832481864836, "amount_of_layers": 5.730047599622591, "batch_size": 23.838075558881517, "dropout_rate": 0.31976335549363777, "epochs": 143.88876566694486, "hidden_channels": 25.708951305481676, "learning_rate": 0.040918423868484044, "optimizer": 1.3786681279782473, "pooling_algorithm": 0.5693191845451095}, "datetime": {"datetime": "2023-11-28 07:14:33", "elapsed": 142.951609, "delta": 10.048097}}
{"target": 0.26071428571428573, "params": {"activation_function": 1.2814351237505541, "amount_of_layers": 3.7197985330954673, "batch_size": 140.26820445966638, "dropout_rate": 0.5858737309199228, "epochs": 24.778809900096885, "hidden_channels": 16.35589233909255, "learning_rate": 0.018705574809779493, "optimizer": 0.7739376559638678, "pooling_algorithm": 0.49787242835333134}, "datetime": {"datetime": "2023-11-28 07:14:34", "elapsed": 143.58323, "delta": 0.631621}}
{"target": 0.7339285714285714, "params": {"activation_function": 0.9482526243346314, "amount_of_layers": 7.399542402358611, "batch_size": 25.003291631283414, "dropout_rate": 0.4642586098284579, "epochs": 45.908071880942565, "hidden_channels": 19.297306946504868, "learning_rate": 0.07962776648776303, "optimizer": 0.5225672712032758, "pooling_algorithm": 0.4352788899893938}, "datetime": {"datetime": "2023-11-28 07:14:37", "elapsed": 146.874562, "delta": 3.291332}}
{"target": 0.9071428571428573, "params": {"activation_function": 1.245819407744647, "amount_of_layers": 3.2186181030719414, "batch_size": 65.41261643360988, "dropout_rate": 0.5104940349425894, "epochs": 123.36286367620903, "hidden_channels": 77.81812582303516, "learning_rate": 0.05001002489353215, "optimizer": 0.2707767584734937, "pooling_algorithm": 0.803245917903809}, "datetime": {"datetime": "2023-11-28 07:14:40", "elapsed": 150.014934, "delta": 3.140372}}
{"target": 0.9071428571428571, "params": {"activation_function": 0.0602216588283766, "amount_of_layers": 4.866093361191819, "batch_size": 85.40162530066448, "dropout_rate": 0.46422773582007815, "epochs": 32.016675883188405, "hidden_channels": 50.63750118688782, "learning_rate": 0.03160325433009453, "optimizer": 0.3419363493976515, "pooling_algorithm": 0.6252529271028454}, "datetime": {"datetime": "2023-11-28 07:14:41", "elapsed": 150.828997, "delta": 0.814063}}
{"target": 0.7303571428571429, "params": {"activation_function": 1.5554115424935393, "amount_of_layers": 5.587693356745836, "batch_size": 85.05485737388852, "dropout_rate": 0.4056914237426783, "epochs": 32.06710777903902, "hidden_channels": 52.77413608738834, "learning_rate": 0.03586715699302004, "optimizer": 1.261063140297301, "pooling_algorithm": 0.3902018695682712}, "datetime": {"datetime": "2023-11-28 07:14:42", "elapsed": 151.764791, "delta": 0.935794}}
{"target": 0.23749999999999993, "params": {"activation_function": 0.2814911203308354, "amount_of_layers": 7.786073256593434, "batch_size": 24.571353584040228, "dropout_rate": 0.4806704890762356, "epochs": 44.31768700544895, "hidden_channels": 19.15722816387431, "learning_rate": 0.032546368935279235, "optimizer": 0.8478697663472186, "pooling_algorithm": 0.31518986836168755}, "datetime": {"datetime": "2023-11-28 07:14:46", "elapsed": 155.062884, "delta": 3.298093}}
{"target": 0.9142857142857144, "params": {"activation_function": 0.3547067094402965, "amount_of_layers": 4.558066773731238, "batch_size": 39.33793596896395, "dropout_rate": 0.4156707031409593, "epochs": 93.87418817096071, "hidden_channels": 116.06397110721807, "learning_rate": 0.0655283991644095, "optimizer": 0.4159335351339264, "pooling_algorithm": 0.5719580040200114}, "datetime": {"datetime": "2023-11-28 07:14:49", "elapsed": 158.848166, "delta": 3.785282}}
{"target": 0.30714285714285716, "params": {"activation_function": 1.217716336734646, "amount_of_layers": 2.332299491340751, "batch_size": 47.94237239067155, "dropout_rate": 0.6844841789099221, "epochs": 21.98268154169488, "hidden_channels": 23.7545756656041, "learning_rate": 0.017757853987743575, "optimizer": 1.3440703389565132, "pooling_algorithm": 0.12754145918862392}, "datetime": {"datetime": "2023-11-28 07:14:50", "elapsed": 159.587314, "delta": 0.739148}}
{"target": 0.5, "params": {"activation_function": 0.044731080420818525, "amount_of_layers": 6.246212601527494, "batch_size": 40.34860338092339, "dropout_rate": 0.3806409151009315, "epochs": 95.85863413969537, "hidden_channels": 116.69845579368237, "learning_rate": 0.09353533639719369, "optimizer": 1.2460118394164479, "pooling_algorithm": 0.6342782093439535}, "datetime": {"datetime": "2023-11-28 07:14:54", "elapsed": 163.950184, "delta": 4.36287}}
{"target": 0.5, "params": {"activation_function": 0.7858055053164037, "amount_of_layers": 1.861610120425989, "batch_size": 66.00071117600027, "dropout_rate": 0.4287529357028458, "epochs": 166.67502995217436, "hidden_channels": 101.63066685417641, "learning_rate": 0.044620472363270984, "optimizer": 1.6861159604673195, "pooling_algorithm": 0.6311234912746072}, "datetime": {"datetime": "2023-11-28 07:14:58", "elapsed": 167.731516, "delta": 3.781332}}
{"target": 0.0, "params": {"activation_function": 1.2676615552909223, "amount_of_layers": 2.3201041153164477, "batch_size": 139.76535514914542, "dropout_rate": 0.6593153689032301, "epochs": 26.926323016893587, "hidden_channels": 16.197212607054134, "learning_rate": 0.07460498843832146, "optimizer": 1.8765147632067567, "pooling_algorithm": 0.04655958242437097}, "datetime": {"datetime": "2023-11-28 07:14:59", "elapsed": 168.286381, "delta": 0.554865}}
{"target": 0.9107142857142858, "params": {"activation_function": 0.07442275372542784, "amount_of_layers": 3.819961234890357, "batch_size": 78.01435664490347, "dropout_rate": 0.45988300412943317, "epochs": 144.08340731865508, "hidden_channels": 40.34724636687774, "learning_rate": 0.02653125164482639, "optimizer": 0.25948284020243917, "pooling_algorithm": 0.8311144409954575}, "datetime": {"datetime": "2023-11-28 07:15:02", "elapsed": 171.33554, "delta": 3.049159}}
{"target": 0.9035714285714287, "params": {"activation_function": 0.5187707992306552, "amount_of_layers": 5.8175420574828856, "batch_size": 142.47598642997474, "dropout_rate": 0.6718526553369899, "epochs": 44.27201279913934, "hidden_channels": 102.14918839650801, "learning_rate": 0.0291529327758521, "optimizer": 0.3021322630217551, "pooling_algorithm": 0.5822089945799382}, "datetime": {"datetime": "2023-11-28 07:15:03", "elapsed": 172.501355, "delta": 1.165815}}
{"target": 0.5, "params": {"activation_function": 0.7816559801625065, "amount_of_layers": 1.0521569368795367, "batch_size": 68.15283177355069, "dropout_rate": 0.7219310056390097, "epochs": 123.87262473748301, "hidden_channels": 76.52839080003287, "learning_rate": 0.09440926338230728, "optimizer": 0.9136819267224259, "pooling_algorithm": 0.6827235169450739}, "datetime": {"datetime": "2023-11-28 07:15:06", "elapsed": 175.033121, "delta": 2.531766}}
{"target": 0.5, "params": {"activation_function": 0.12002633283079445, "amount_of_layers": 3.8935544891084684, "batch_size": 85.79726250833208, "dropout_rate": 0.5270109949077122, "epochs": 32.50927767914388, "hidden_channels": 49.12304093412538, "learning_rate": 0.07545363943846058, "optimizer": 1.2040315349029354, "pooling_algorithm": 0.5711409787917227}, "datetime": {"datetime": "2023-11-28 07:15:06", "elapsed": 175.868013, "delta": 0.834892}}
{"target": 0.0, "params": {"activation_function": 0.21869874345060358, "amount_of_layers": 4.177155887469884, "batch_size": 73.5293015725492, "dropout_rate": 0.7393344446923763, "epochs": 143.35807047638707, "hidden_channels": 41.11217486767474, "learning_rate": 0.08501927180995687, "optimizer": 1.9054754924059496, "pooling_algorithm": 0.4702460421494409}, "datetime": {"datetime": "2023-11-28 07:15:10", "elapsed": 179.976502, "delta": 4.108489}}
{"target": 0.125, "params": {"activation_function": 1.9235258319838313, "amount_of_layers": 4.318886411313173, "batch_size": 138.88878728731663, "dropout_rate": 0.7434164523795526, "epochs": 27.763355983616457, "hidden_channels": 18.551609182064425, "learning_rate": 0.04725393231889573, "optimizer": 0.6010736413110538, "pooling_algorithm": 0.79355945421644}, "datetime": {"datetime": "2023-11-28 07:15:11", "elapsed": 180.684675, "delta": 0.708173}}
{"target": 0.0, "params": {"activation_function": 0.20045151284129115, "amount_of_layers": 2.0735357210617593, "batch_size": 133.86793098445474, "dropout_rate": 0.7398183752746351, "epochs": 58.69549717509497, "hidden_channels": 113.52822710488068, "learning_rate": 0.06037888725069791, "optimizer": 1.8747465750876349, "pooling_algorithm": 0.29814536477732956}, "datetime": {"datetime": "2023-11-28 07:15:12", "elapsed": 181.824308, "delta": 1.139633}}
{"target": 0.5, "params": {"activation_function": 1.0447830200273298, "amount_of_layers": 3.399170735857565, "batch_size": 16.337594596930163, "dropout_rate": 0.3798321152952599, "epochs": 10.974904640348798, "hidden_channels": 65.3942342637795, "learning_rate": 0.040058766533532346, "optimizer": 1.5634551635686318, "pooling_algorithm": 0.8226835526742717}, "datetime": {"datetime": "2023-11-28 07:15:13", "elapsed": 182.737895, "delta": 0.913587}}
{"target": 0.5, "params": {"activation_function": 0.3320038415881639, "amount_of_layers": 3.4350017859063895, "batch_size": 40.56178270026669, "dropout_rate": 0.29676727197928193, "epochs": 94.99712389564772, "hidden_channels": 115.84176424592692, "learning_rate": 0.09129215820647517, "optimizer": 1.9591184613387946, "pooling_algorithm": 0.639621522507405}, "datetime": {"datetime": "2023-11-28 07:15:16", "elapsed": 185.801479, "delta": 3.063584}}
{"target": 0.5, "params": {"activation_function": 1.9953175332589534, "amount_of_layers": 7.007475801301042, "batch_size": 42.55780580408591, "dropout_rate": 0.29213537579296994, "epochs": 94.65833778029177, "hidden_channels": 115.48123179598738, "learning_rate": 0.09589900678003657, "optimizer": 1.7596612343682396, "pooling_algorithm": 0.8776709596223415}, "datetime": {"datetime": "2023-11-28 07:15:21", "elapsed": 190.523008, "delta": 4.721529}}
{"target": 0.0, "params": {"activation_function": 0.4839783084245557, "amount_of_layers": 1.2327370796948403, "batch_size": 68.5107019725299, "dropout_rate": 0.4934403530912913, "epochs": 129.1710021892328, "hidden_channels": 111.53084594817065, "learning_rate": 0.06858171347716922, "optimizer": 0.5702682536454267, "pooling_algorithm": 0.7008265288032526}, "datetime": {"datetime": "2023-11-28 07:15:24", "elapsed": 193.19259, "delta": 2.669582}}
{"target": 0.2642857142857143, "params": {"activation_function": 1.3974830116691108, "amount_of_layers": 4.092737507949752, "batch_size": 141.54623829456366, "dropout_rate": 0.6415977435191269, "epochs": 41.86627798364044, "hidden_channels": 101.84673133850093, "learning_rate": 0.024795732875164064, "optimizer": 0.9133606424165468, "pooling_algorithm": 0.3987401529424969}, "datetime": {"datetime": "2023-11-28 07:15:25", "elapsed": 194.166741, "delta": 0.974151}}
{"target": 0.5, "params": {"activation_function": 0.5257140280143171, "amount_of_layers": 4.825971966118712, "batch_size": 79.55948257123374, "dropout_rate": 0.28890137467782795, "epochs": 144.08422243170273, "hidden_channels": 39.34652817048546, "learning_rate": 0.037105358095258896, "optimizer": 0.5746314303811266, "pooling_algorithm": 0.782746773246941}, "datetime": {"datetime": "2023-11-28 07:15:28", "elapsed": 197.614322, "delta": 3.447581}}
{"target": 0.7303571428571429, "params": {"activation_function": 0.5764017204734702, "amount_of_layers": 6.522367605111472, "batch_size": 53.96263553969263, "dropout_rate": 0.4548815812729052, "epochs": 83.91167475429529, "hidden_channels": 97.86240618257301, "learning_rate": 0.04934580225890525, "optimizer": 1.3534723221116587, "pooling_algorithm": 0.4859108659969801}, "datetime": {"datetime": "2023-11-28 07:15:31", "elapsed": 200.972886, "delta": 3.358564}}
{"target": 0.8, "params": {"activation_function": 1.7768409038069402, "amount_of_layers": 6.621776365121423, "batch_size": 109.81130005682206, "dropout_rate": 0.5050245564882084, "epochs": 22.78794676420326, "hidden_channels": 44.14862094310553, "learning_rate": 0.009927020807234996, "optimizer": 0.29317555859013567, "pooling_algorithm": 0.3123698356737663}, "datetime": {"datetime": "2023-11-28 07:15:32", "elapsed": 201.714312, "delta": 0.741426}}
{"target": 0.8357142857142857, "params": {"activation_function": 0.2719404100609182, "amount_of_layers": 1.3946942434249507, "batch_size": 112.40422334069318, "dropout_rate": 0.6541061688024881, "epochs": 118.25121318597554, "hidden_channels": 103.45701616156697, "learning_rate": 0.023800303432672268, "optimizer": 1.3560474214885176, "pooling_algorithm": 0.7104613767334561}, "datetime": {"datetime": "2023-11-28 07:15:34", "elapsed": 203.631578, "delta": 1.917266}}
{"target": 0.5, "params": {"activation_function": 0.07571225157376649, "amount_of_layers": 1.5135655395278365, "batch_size": 103.47408168724246, "dropout_rate": 0.4296976694696075, "epochs": 28.51853324200076, "hidden_channels": 103.21789898559801, "learning_rate": 0.06773027270122094, "optimizer": 1.1751729816256458, "pooling_algorithm": 0.8411587566235591}, "datetime": {"datetime": "2023-11-28 07:15:35", "elapsed": 204.274314, "delta": 0.642736}}
{"target": 0.2625, "params": {"activation_function": 1.1721655728373612, "amount_of_layers": 2.3108618468924664, "batch_size": 21.957746271742934, "dropout_rate": 0.7309208549155283, "epochs": 18.81807169497428, "hidden_channels": 54.40791820737158, "learning_rate": 0.07881064990713975, "optimizer": 0.6107117035168919, "pooling_algorithm": 0.02184545355980172}, "datetime": {"datetime": "2023-11-28 07:15:36", "elapsed": 205.313662, "delta": 1.039348}}
{"target": 0.5, "params": {"activation_function": 0.7847943340231822, "amount_of_layers": 2.3049692414994514, "batch_size": 19.074090331511485, "dropout_rate": 0.5990826756899819, "epochs": 51.93114991290651, "hidden_channels": 20.10066736059577, "learning_rate": 0.08126244600399836, "optimizer": 0.5357740500610344, "pooling_algorithm": 0.6113807307855041}, "datetime": {"datetime": "2023-11-28 07:15:38", "elapsed": 207.98891, "delta": 2.675248}}
{"target": 0.7357142857142857, "params": {"activation_function": 0.9323658851545513, "amount_of_layers": 5.263070976338525, "batch_size": 106.28109406207658, "dropout_rate": 0.6183404869119591, "epochs": 99.9297525217265, "hidden_channels": 77.40533162860159, "learning_rate": 0.0321399419399151, "optimizer": 1.2767437768329817, "pooling_algorithm": 0.44302650540794064}, "datetime": {"datetime": "2023-11-28 07:15:41", "elapsed": 210.483611, "delta": 2.494701}}
{"target": 0.2642857142857143, "params": {"activation_function": 0.756406536144119, "amount_of_layers": 2.3053493731851376, "batch_size": 105.76523451732436, "dropout_rate": 0.7262147521917726, "epochs": 69.30056278990969, "hidden_channels": 56.974843923190896, "learning_rate": 0.05962705147087875, "optimizer": 1.1271042394020054, "pooling_algorithm": 0.4445859861964868}, "datetime": {"datetime": "2023-11-28 07:15:42", "elapsed": 211.956452, "delta": 1.472841}}
{"target": 0.09464285714285714, "params": {"activation_function": 1.3514008436095222, "amount_of_layers": 7.059321796324041, "batch_size": 86.98896339290174, "dropout_rate": 0.3484510096120162, "epochs": 32.57784355048357, "hidden_channels": 52.385120496928565, "learning_rate": 0.021391642647207155, "optimizer": 1.1268029574872056, "pooling_algorithm": 0.5397928168334108}, "datetime": {"datetime": "2023-11-28 07:15:43", "elapsed": 212.995671, "delta": 1.039219}}
{"target": 0.7392857142857142, "params": {"activation_function": 0.8709030502240813, "amount_of_layers": 5.982815297267961, "batch_size": 109.82194368006934, "dropout_rate": 0.39224314355135065, "epochs": 80.06439662174141, "hidden_channels": 122.05389516267061, "learning_rate": 0.016854860356048735, "optimizer": 0.30183161146267423, "pooling_algorithm": 0.4555751373910919}, "datetime": {"datetime": "2023-11-28 07:15:46", "elapsed": 215.141716, "delta": 2.146045}}
{"target": 0.7410714285714286, "params": {"activation_function": 0.5948566051024455, "amount_of_layers": 4.114957416730592, "batch_size": 78.94783409065795, "dropout_rate": 0.5509629228695605, "epochs": 142.8212075107903, "hidden_channels": 40.589237908245025, "learning_rate": 0.08130315078819096, "optimizer": 1.4522236165322315, "pooling_algorithm": 0.114125935408951}, "datetime": {"datetime": "2023-11-28 07:15:49", "elapsed": 218.353447, "delta": 3.211731}}
{"target": 0.5, "params": {"activation_function": 0.2023389798823847, "amount_of_layers": 8.33708517898895, "batch_size": 114.51575393452694, "dropout_rate": 0.5392670881054118, "epochs": 98.6946972763833, "hidden_channels": 122.40322345858567, "learning_rate": 0.03127860406157178, "optimizer": 1.3744550315162878, "pooling_algorithm": 0.34995137802957754}, "datetime": {"datetime": "2023-11-28 07:15:52", "elapsed": 221.39459, "delta": 3.041143}}
{"target": 0.8321428571428572, "params": {"activation_function": 0.075786794156391, "amount_of_layers": 3.3549344232589213, "batch_size": 72.5944289650817, "dropout_rate": 0.2865574120814398, "epochs": 180.6737210083436, "hidden_channels": 51.300546059564454, "learning_rate": 0.0032546356913537586, "optimizer": 0.9366009033704596, "pooling_algorithm": 0.3312412972536136}, "datetime": {"datetime": "2023-11-28 07:15:57", "elapsed": 226.164191, "delta": 4.769601}}
{"target": 0.8928571428571429, "params": {"activation_function": 1.962022410333363, "amount_of_layers": 5.651537217490002, "batch_size": 107.84151543679627, "dropout_rate": 0.6101238300567416, "epochs": 22.641891955184875, "hidden_channels": 45.200123485750815, "learning_rate": 0.057601976540732326, "optimizer": 0.32079466531413825, "pooling_algorithm": 0.9541669673378431}, "datetime": {"datetime": "2023-11-28 07:15:57", "elapsed": 226.86875, "delta": 0.704559}}
{"target": 0.7357142857142857, "params": {"activation_function": 0.6972434236419125, "amount_of_layers": 3.9657397499366587, "batch_size": 106.78267422871397, "dropout_rate": 0.2840512975456408, "epochs": 31.80911636687886, "hidden_channels": 86.27848247785192, "learning_rate": 0.020167295626653377, "optimizer": 1.7370421506962586, "pooling_algorithm": 0.41616787833610924}, "datetime": {"datetime": "2023-11-28 07:15:58", "elapsed": 227.699154, "delta": 0.830404}}
{"target": 0.0, "params": {"activation_function": 0.5683341495184402, "amount_of_layers": 7.420928619695596, "batch_size": 52.33007740340319, "dropout_rate": 0.4130213213311135, "epochs": 84.88100705358087, "hidden_channels": 99.18527219406963, "learning_rate": 0.03411407598380363, "optimizer": 1.7899665290196483, "pooling_algorithm": 0.021720884282587005}, "datetime": {"datetime": "2023-11-28 07:16:02", "elapsed": 231.040624, "delta": 3.34147}}
{"target": 0.5, "params": {"activation_function": 1.6120207801238478, "amount_of_layers": 2.5628251414641445, "batch_size": 66.84292965030481, "dropout_rate": 0.6770194128361302, "epochs": 33.41087573037584, "hidden_channels": 123.9446344673165, "learning_rate": 0.04423656766997874, "optimizer": 0.8671251456094853, "pooling_algorithm": 0.6930767805728347}, "datetime": {"datetime": "2023-11-28 07:16:03", "elapsed": 232.055654, "delta": 1.01503}}
{"target": 0.8785714285714286, "params": {"activation_function": 0.33332579278786945, "amount_of_layers": 7.882599011787536, "batch_size": 120.47751071319674, "dropout_rate": 0.5242303628236629, "epochs": 144.85532305889978, "hidden_channels": 75.30023224530615, "learning_rate": 0.019183305499855422, "optimizer": 0.9092203236401164, "pooling_algorithm": 0.5809181969235597}, "datetime": {"datetime": "2023-11-28 07:16:07", "elapsed": 236.377278, "delta": 4.321624}}
{"target": 0.5, "params": {"activation_function": 1.8008633056886207, "amount_of_layers": 1.6725658453741916, "batch_size": 90.85004455744722, "dropout_rate": 0.3165392869983599, "epochs": 79.12553489915253, "hidden_channels": 121.58555642785404, "learning_rate": 0.06823303009913821, "optimizer": 0.6751234005458548, "pooling_algorithm": 0.6042559998294587}, "datetime": {"datetime": "2023-11-28 07:16:08", "elapsed": 237.902888, "delta": 1.52561}}
{"target": 0.8392857142857144, "params": {"activation_function": 0.26625464761213746, "amount_of_layers": 5.915453023874833, "batch_size": 54.89547271227524, "dropout_rate": 0.6426050697847481, "epochs": 84.07939203861552, "hidden_channels": 97.4480684982628, "learning_rate": 0.021102125352386474, "optimizer": 0.10937468838603048, "pooling_algorithm": 0.17545939852925707}, "datetime": {"datetime": "2023-11-28 07:16:11", "elapsed": 240.953173, "delta": 3.050285}}
