{"target": 0.2785714285714286, "params": {"activation_function": 1.7452510406032171, "amount_of_layers": 3.0577396125851806, "batch_size": 76.69343687352986, "dropout_rate": 0.4819915002275408, "epochs": 187.46661989355752, "hidden_channels": 12.348871611051141, "learning_rate": 0.01912978126069815, "optimizer": 1.8508368744212842, "pooling_algorithm": 0.6201830682698394}, "datetime": {"datetime": "2023-11-28 01:12:50", "elapsed": 302.391152, "delta": 3.487375}}
{"target": 0.5, "params": {"activation_function": 0.594055921661895, "amount_of_layers": 3.8920178691482503, "batch_size": 115.99742165014594, "dropout_rate": 0.54642859114274, "epochs": 139.56595703833443, "hidden_channels": 77.53003890582737, "learning_rate": 0.060951011565923405, "optimizer": 0.6411131228139859, "pooling_algorithm": 0.9113927905287834}, "datetime": {"datetime": "2023-11-28 01:12:53", "elapsed": 305.300416, "delta": 2.909264}}
{"target": 0.8428571428571429, "params": {"activation_function": 0.28491411186447113, "amount_of_layers": 4.135906521398413, "batch_size": 69.18382155764021, "dropout_rate": 0.624844079956929, "epochs": 135.77547579879842, "hidden_channels": 106.99395926977166, "learning_rate": 0.010595125816374375, "optimizer": 0.521683147016549, "pooling_algorithm": 0.7313512537566957}, "datetime": {"datetime": "2023-11-28 01:12:57", "elapsed": 309.01368, "delta": 3.713264}}
{"target": 0.3625, "params": {"activation_function": 1.9942251558504307, "amount_of_layers": 3.3763550435595135, "batch_size": 99.88272169608236, "dropout_rate": 0.6510416591027569, "epochs": 139.49581250465116, "hidden_channels": 38.28001607013832, "learning_rate": 0.021887281120103918, "optimizer": 0.9511116201035579, "pooling_algorithm": 0.7497152292761906}, "datetime": {"datetime": "2023-11-28 01:13:00", "elapsed": 311.645552, "delta": 2.631872}}
{"target": 0.0, "params": {"activation_function": 0.7683842926175446, "amount_of_layers": 5.677982736760042, "batch_size": 68.84835669056838, "dropout_rate": 0.5032298711508245, "epochs": 133.94204945700827, "hidden_channels": 108.41457866841517, "learning_rate": 0.04985534660845584, "optimizer": 1.1262272744234176, "pooling_algorithm": 0.9091210675352167}, "datetime": {"datetime": "2023-11-28 01:13:04", "elapsed": 316.157419, "delta": 4.511867}}
{"target": 0.8178571428571428, "params": {"activation_function": 0.3098773601694784, "amount_of_layers": 4.8320611501502935, "batch_size": 27.13814301603452, "dropout_rate": 0.35830439560599137, "epochs": 157.59025690807812, "hidden_channels": 68.34088522586279, "learning_rate": 0.07474079922169678, "optimizer": 0.25952762894222237, "pooling_algorithm": 0.2515053171427265}, "datetime": {"datetime": "2023-11-28 01:13:13", "elapsed": 324.550857, "delta": 8.393438}}
{"target": 0.5, "params": {"activation_function": 1.5208256697173457, "amount_of_layers": 2.928347440747106, "batch_size": 69.35048344485014, "dropout_rate": 0.6992518237592391, "epochs": 136.390093730542, "hidden_channels": 108.92794205372748, "learning_rate": 0.07603714516246704, "optimizer": 0.8422796331228273, "pooling_algorithm": 0.6285303679640944}, "datetime": {"datetime": "2023-11-28 01:13:16", "elapsed": 328.027004, "delta": 3.476147}}
{"target": 0.7303571428571429, "params": {"activation_function": 1.6752663020135052, "amount_of_layers": 8.391778847439031, "batch_size": 25.81443316721641, "dropout_rate": 0.4728881246915524, "epochs": 160.9264023910078, "hidden_channels": 66.318883313831, "learning_rate": 0.010820603411705671, "optimizer": 1.4298512220932658, "pooling_algorithm": 0.38221476125702525}, "datetime": {"datetime": "2023-11-28 01:13:27", "elapsed": 339.345254, "delta": 11.31825}}
{"target": 0.5, "params": {"activation_function": 0.526013883344481, "amount_of_layers": 7.995890458132503, "batch_size": 90.38273683511677, "dropout_rate": 0.3433915953436125, "epochs": 20.723010229861963, "hidden_channels": 8.067086746382767, "learning_rate": 0.08529873765202026, "optimizer": 1.643605028293755, "pooling_algorithm": 0.7532742751211576}, "datetime": {"datetime": "2023-11-28 01:13:28", "elapsed": 340.051148, "delta": 0.705894}}
{"target": 0.8857142857142857, "params": {"activation_function": 0.16098605789907539, "amount_of_layers": 2.4376083947960376, "batch_size": 125.75672947109155, "dropout_rate": 0.4355270637674286, "epochs": 154.95105044546057, "hidden_channels": 72.5117292227294, "learning_rate": 0.004543996300689926, "optimizer": 0.5990724863442232, "pooling_algorithm": 0.7992443871780924}, "datetime": {"datetime": "2023-11-28 01:13:31", "elapsed": 342.650143, "delta": 2.598995}}
{"target": 0.5, "params": {"activation_function": 0.6609621872070861, "amount_of_layers": 2.282335813974094, "batch_size": 65.35539640302981, "dropout_rate": 0.6146178454099684, "epochs": 134.00096134458963, "hidden_channels": 110.8553203095855, "learning_rate": 0.08294860868127962, "optimizer": 1.545619778922746, "pooling_algorithm": 0.6520266789350905}, "datetime": {"datetime": "2023-11-28 01:13:34", "elapsed": 345.59424, "delta": 2.944097}}
{"target": 0.5, "params": {"activation_function": 1.0494799415280427, "amount_of_layers": 2.0464640549360427, "batch_size": 47.18019425407931, "dropout_rate": 0.3019106051551443, "epochs": 154.84607059110897, "hidden_channels": 125.53083543152789, "learning_rate": 0.08222431727091227, "optimizer": 1.0080378056397998, "pooling_algorithm": 0.578468441690412}, "datetime": {"datetime": "2023-11-28 01:13:38", "elapsed": 349.790881, "delta": 4.196641}}
{"target": 0.5, "params": {"activation_function": 1.396919209642492, "amount_of_layers": 3.459120712451229, "batch_size": 125.57667565284198, "dropout_rate": 0.28887718850864774, "epochs": 154.1664549056643, "hidden_channels": 71.54674453249127, "learning_rate": 0.08603540728537214, "optimizer": 0.6266771528444608, "pooling_algorithm": 0.6158243600010224}, "datetime": {"datetime": "2023-11-28 01:13:41", "elapsed": 352.663429, "delta": 2.872548}}
{"target": 0.8178571428571428, "params": {"activation_function": 0.0752782123897906, "amount_of_layers": 1.7028880389344394, "batch_size": 126.67533275907186, "dropout_rate": 0.26435517689758087, "epochs": 157.35417651191312, "hidden_channels": 71.95649911258386, "learning_rate": 0.026494743999868318, "optimizer": 0.5378201145065031, "pooling_algorithm": 0.37333199245632487}, "datetime": {"datetime": "2023-11-28 01:13:43", "elapsed": 355.221047, "delta": 2.557618}}
{"target": 0.2857142857142857, "params": {"activation_function": 0.05840798818368631, "amount_of_layers": 3.7895884223095937, "batch_size": 143.69704248441377, "dropout_rate": 0.7205912924571709, "epochs": 39.17515179999601, "hidden_channels": 84.6775853170616, "learning_rate": 0.034194522799418474, "optimizer": 1.1443333656529866, "pooling_algorithm": 0.36975927868666614}, "datetime": {"datetime": "2023-11-28 01:13:44", "elapsed": 356.165787, "delta": 0.94474}}
{"target": 0.6125, "params": {"activation_function": 1.6689121467478452, "amount_of_layers": 1.430303015302064, "batch_size": 104.77006699883604, "dropout_rate": 0.29532221736264036, "epochs": 140.97555477638466, "hidden_channels": 39.177703137530614, "learning_rate": 0.00208034111052954, "optimizer": 0.18920328781996365, "pooling_algorithm": 0.8821931616108241}, "datetime": {"datetime": "2023-11-28 01:13:46", "elapsed": 358.231805, "delta": 2.066018}}
{"target": 0.8321428571428571, "params": {"activation_function": 0.584577115624866, "amount_of_layers": 1.5263594336671975, "batch_size": 67.50138404261037, "dropout_rate": 0.3545059578408588, "epochs": 131.41161396016102, "hidden_channels": 109.11931550510793, "learning_rate": 0.010731098818500748, "optimizer": 1.382849889751504, "pooling_algorithm": 0.4551746225990174}, "datetime": {"datetime": "2023-11-28 01:13:49", "elapsed": 361.133019, "delta": 2.901214}}
{"target": 0.5, "params": {"activation_function": 0.33321908694219005, "amount_of_layers": 4.074395646189701, "batch_size": 77.22561633601094, "dropout_rate": 0.4767879506781889, "epochs": 185.96984387680934, "hidden_channels": 15.308916518418846, "learning_rate": 0.09686818231924359, "optimizer": 1.9693976928738308, "pooling_algorithm": 0.3541777526793497}, "datetime": {"datetime": "2023-11-28 01:13:53", "elapsed": 364.903992, "delta": 3.770973}}
{"target": 0.8071428571428572, "params": {"activation_function": 1.5900970406954138, "amount_of_layers": 4.49109566359958, "batch_size": 46.366978147102586, "dropout_rate": 0.35141002525500026, "epochs": 152.95569396559327, "hidden_channels": 125.3955366773885, "learning_rate": 0.05584639531632101, "optimizer": 0.16692372631723718, "pooling_algorithm": 0.4461722560932554}, "datetime": {"datetime": "2023-11-28 01:13:58", "elapsed": 370.149631, "delta": 5.245639}}
{"target": 0.7357142857142857, "params": {"activation_function": 0.5145396686059655, "amount_of_layers": 7.170827831255714, "batch_size": 55.52240660272364, "dropout_rate": 0.37893728570158614, "epochs": 157.98705275774407, "hidden_channels": 88.86403524951886, "learning_rate": 0.022635905436109403, "optimizer": 0.2262320938094694, "pooling_algorithm": 0.25205034111007013}, "datetime": {"datetime": "2023-11-28 01:14:04", "elapsed": 375.860149, "delta": 5.710518}}
{"target": 0.9035714285714286, "params": {"activation_function": 0.8915244069931818, "amount_of_layers": 1.7367553612945184, "batch_size": 67.07650935627521, "dropout_rate": 0.6339503867272648, "epochs": 131.2088932772935, "hidden_channels": 110.36685769872888, "learning_rate": 0.04103790088695178, "optimizer": 0.4504497067219484, "pooling_algorithm": 0.8554691053583662}, "datetime": {"datetime": "2023-11-28 01:14:07", "elapsed": 378.664045, "delta": 2.803896}}
{"target": 0.5, "params": {"activation_function": 1.2209211507386408, "amount_of_layers": 1.8829514579353885, "batch_size": 128.26854834341623, "dropout_rate": 0.3557405023680642, "epochs": 158.4775734409186, "hidden_channels": 70.14872680090812, "learning_rate": 0.09954682691678862, "optimizer": 0.9160989912534545, "pooling_algorithm": 0.8177848186570367}, "datetime": {"datetime": "2023-11-28 01:14:09", "elapsed": 381.364498, "delta": 2.700453}}
{"target": 0.09642857142857142, "params": {"activation_function": 1.1086768437524421, "amount_of_layers": 3.1005271828628205, "batch_size": 35.635258951307264, "dropout_rate": 0.6048721539736761, "epochs": 105.24600169510639, "hidden_channels": 45.39940609853874, "learning_rate": 0.006662059398159034, "optimizer": 1.5124528046081325, "pooling_algorithm": 0.9689885470434456}, "datetime": {"datetime": "2023-11-28 01:14:13", "elapsed": 385.227879, "delta": 3.863381}}
{"target": 0.9035714285714286, "params": {"activation_function": 1.1802655042121253, "amount_of_layers": 2.7840572211871706, "batch_size": 101.21660760005526, "dropout_rate": 0.7349668515654768, "epochs": 137.97394201747633, "hidden_channels": 37.67759933615903, "learning_rate": 0.0655353863645587, "optimizer": 0.33276808988327367, "pooling_algorithm": 0.7344263194631194}, "datetime": {"datetime": "2023-11-28 01:14:16", "elapsed": 387.806911, "delta": 2.579032}}
{"target": 0.5, "params": {"activation_function": 1.0149536812550508, "amount_of_layers": 1.6494971050347278, "batch_size": 67.4388652945939, "dropout_rate": 0.5047970666277483, "epochs": 132.5263197600672, "hidden_channels": 109.76719560146206, "learning_rate": 0.03785933356679173, "optimizer": 0.5113261009514629, "pooling_algorithm": 0.5952651536416158}, "datetime": {"datetime": "2023-11-28 01:14:19", "elapsed": 390.670424, "delta": 2.863513}}
{"target": 0.5, "params": {"activation_function": 1.3044955514330736, "amount_of_layers": 1.9022260142899414, "batch_size": 69.59080125240249, "dropout_rate": 0.717131632621816, "epochs": 132.5216021893014, "hidden_channels": 107.34025449024563, "learning_rate": 0.08148801912612948, "optimizer": 1.9576412202950741, "pooling_algorithm": 0.35348277573236286}, "datetime": {"datetime": "2023-11-28 01:14:22", "elapsed": 393.642408, "delta": 2.971984}}
