{"target": 0.6375000000000001, "params": {"activation_function": 1.9353970201127182, "amount_of_layers": 6.748294164509485, "batch_size": 92.73686371440935, "dropout_rate": 0.5242531874341565, "epochs": 138.3419816877295, "hidden_channels": 96.01180679242647, "learning_rate": 0.01694122731830215, "optimizer": 1.1270211894991655, "pooling_algorithm": 0.700573320981757}, "datetime": {"datetime": "2023-11-28 07:57:13", "elapsed": 0.0, "delta": 0.0}}
{"target": 0.7410714285714286, "params": {"activation_function": 1.327839759044805, "amount_of_layers": 6.4967613693587465, "batch_size": 25.538953120685658, "dropout_rate": 0.49023974931728026, "epochs": 73.19205931431858, "hidden_channels": 5.4776476540456285, "learning_rate": 0.032006193924593265, "optimizer": 1.8152024249094043, "pooling_algorithm": 0.35512378584268434}, "datetime": {"datetime": "2023-11-28 07:57:17", "elapsed": 3.296507, "delta": 3.296507}}
{"target": 0.2642857142857143, "params": {"activation_function": 0.8375219192838341, "amount_of_layers": 8.138883320912678, "batch_size": 66.40858297146926, "dropout_rate": 0.38301682662515507, "epochs": 21.466077553118957, "hidden_channels": 10.38952887326255, "learning_rate": 0.06822980194241673, "optimizer": 1.4559615372464931, "pooling_algorithm": 0.35306785437158417}, "datetime": {"datetime": "2023-11-28 07:57:17", "elapsed": 4.151803, "delta": 0.855296}}
{"target": 0.7964285714285714, "params": {"activation_function": 0.08706129705760812, "amount_of_layers": 4.247549649838617, "batch_size": 132.25158130123543, "dropout_rate": 0.6472457824633482, "epochs": 131.8945569064792, "hidden_channels": 14.786803906933963, "learning_rate": 0.0501311967897464, "optimizer": 0.5934633356256032, "pooling_algorithm": 0.30064824227622433}, "datetime": {"datetime": "2023-11-28 07:57:20", "elapsed": 7.038443, "delta": 2.88664}}
{"target": 0.9071428571428573, "params": {"activation_function": 0.8484715346205958, "amount_of_layers": 3.673956726585983, "batch_size": 95.6032223160624, "dropout_rate": 0.6810608479822868, "epochs": 163.33504152438854, "hidden_channels": 108.02334706492317, "learning_rate": 0.07908249314346884, "optimizer": 0.16106362699350818, "pooling_algorithm": 0.8055371780772099}, "datetime": {"datetime": "2023-11-28 07:57:27", "elapsed": 13.234019, "delta": 6.195576}}
{"target": 0.5, "params": {"activation_function": 1.1741626804756002, "amount_of_layers": 1.4360786245188732, "batch_size": 37.70640887613273, "dropout_rate": 0.49462915251969714, "epochs": 105.0197389442971, "hidden_channels": 56.74116264669042, "learning_rate": 0.06535069969777117, "optimizer": 0.617551178973093, "pooling_algorithm": 0.6099210575086503}, "datetime": {"datetime": "2023-11-28 07:57:29", "elapsed": 15.662668, "delta": 2.428649}}
{"target": 0.7375, "params": {"activation_function": 1.5704691234773565, "amount_of_layers": 5.145062204364783, "batch_size": 104.98809637859203, "dropout_rate": 0.2754163665472333, "epochs": 70.4223002887106, "hidden_channels": 83.82856637766325, "learning_rate": 0.057906929980251216, "optimizer": 0.6463824457023508, "pooling_algorithm": 0.05994851692238268}, "datetime": {"datetime": "2023-11-28 07:57:32", "elapsed": 18.364819, "delta": 2.702151}}
{"target": 0.9071428571428571, "params": {"activation_function": 0.28890196704541804, "amount_of_layers": 3.2773879261914587, "batch_size": 106.58315388750832, "dropout_rate": 0.3230249849469613, "epochs": 121.92415290253206, "hidden_channels": 84.73144696720802, "learning_rate": 0.005504837606304965, "optimizer": 0.1412193008472622, "pooling_algorithm": 0.8106336357328929}, "datetime": {"datetime": "2023-11-28 07:57:35", "elapsed": 21.657447, "delta": 3.292628}}
{"target": 0.9142857142857144, "params": {"activation_function": 0.16911062292996748, "amount_of_layers": 4.5803505897701315, "batch_size": 57.42886836000813, "dropout_rate": 0.46899276527627615, "epochs": 177.93178388005282, "hidden_channels": 56.02861662859957, "learning_rate": 0.058210339997857956, "optimizer": 0.13270927729115534, "pooling_algorithm": 0.7382994326439737}, "datetime": {"datetime": "2023-11-28 07:57:40", "elapsed": 27.099675, "delta": 5.442228}}
{"target": 0.0, "params": {"activation_function": 0.1596013128731666, "amount_of_layers": 3.854588796870763, "batch_size": 62.97369396886332, "dropout_rate": 0.5049715833185999, "epochs": 49.58041880074073, "hidden_channels": 37.54996263701424, "learning_rate": 0.0715185657428182, "optimizer": 1.778883192350129, "pooling_algorithm": 0.4774296507694268}, "datetime": {"datetime": "2023-11-28 07:57:42", "elapsed": 28.511819, "delta": 1.412144}}
{"target": 0.5, "params": {"activation_function": 0.7920450154182699, "amount_of_layers": 6.275390960167542, "batch_size": 48.86205904710985, "dropout_rate": 0.3675543077495261, "epochs": 81.90867418782908, "hidden_channels": 62.006529141381925, "learning_rate": 0.08746704358163658, "optimizer": 0.825209495719762, "pooling_algorithm": 0.6544185501157888}, "datetime": {"datetime": "2023-11-28 07:57:46", "elapsed": 32.351042, "delta": 3.839223}}
{"target": 0.8642857142857143, "params": {"activation_function": 0.08438868510695618, "amount_of_layers": 2.4079259816188943, "batch_size": 142.64749412806188, "dropout_rate": 0.5992198322773823, "epochs": 131.75663498310445, "hidden_channels": 29.056147926365416, "learning_rate": 0.017725333286711335, "optimizer": 1.386781108126484, "pooling_algorithm": 0.9815310649053958}, "datetime": {"datetime": "2023-11-28 07:57:48", "elapsed": 34.704513, "delta": 2.353471}}
{"target": 0.9142857142857143, "params": {"activation_function": 0.3602547351206493, "amount_of_layers": 7.518539134907887, "batch_size": 64.220653944876, "dropout_rate": 0.2692262374975137, "epochs": 19.183614229284665, "hidden_channels": 115.55426052535924, "learning_rate": 0.013278238107185574, "optimizer": 0.5340805846925873, "pooling_algorithm": 0.8374658413683154}, "datetime": {"datetime": "2023-11-28 07:57:49", "elapsed": 36.009068, "delta": 1.304555}}
{"target": 0.45357142857142857, "params": {"activation_function": 1.3159051014508758, "amount_of_layers": 8.949108397212665, "batch_size": 23.8065654042603, "dropout_rate": 0.4396239065530023, "epochs": 188.79366175578184, "hidden_channels": 69.83875951113852, "learning_rate": 0.09915277209743512, "optimizer": 1.9915959408374209, "pooling_algorithm": 0.8393895705968133}, "datetime": {"datetime": "2023-11-28 07:58:05", "elapsed": 51.28139, "delta": 15.272322}}
{"target": 0.5, "params": {"activation_function": 0.02896638459501033, "amount_of_layers": 4.536633606884014, "batch_size": 54.11621825960231, "dropout_rate": 0.7377572592653494, "epochs": 92.00211506441951, "hidden_channels": 29.988943346431505, "learning_rate": 0.04373221252144703, "optimizer": 1.1246028855108416, "pooling_algorithm": 0.5041517988044566}, "datetime": {"datetime": "2023-11-28 07:58:07", "elapsed": 54.10957, "delta": 2.82818}}
{"target": 0.9035714285714285, "params": {"activation_function": 0.36854668764999876, "amount_of_layers": 4.98399047995829, "batch_size": 145.53668740999137, "dropout_rate": 0.6249869447687757, "epochs": 77.27222800908814, "hidden_channels": 76.84159392638944, "learning_rate": 0.08861510311403747, "optimizer": 0.10707254627804885, "pooling_algorithm": 0.910689588141985}, "datetime": {"datetime": "2023-11-28 07:58:10", "elapsed": 57.062904, "delta": 2.953334}}
{"target": 0.25, "params": {"activation_function": 1.6550497976415812, "amount_of_layers": 2.984779713003503, "batch_size": 119.46301206623332, "dropout_rate": 0.27774891434127086, "epochs": 71.13070691306046, "hidden_channels": 9.923293106152167, "learning_rate": 0.08269353182712862, "optimizer": 0.6063001411954472, "pooling_algorithm": 0.9468116134935377}, "datetime": {"datetime": "2023-11-28 07:58:12", "elapsed": 58.547125, "delta": 1.484221}}
{"target": 0.0, "params": {"activation_function": 0.5417922128800328, "amount_of_layers": 2.644376486192213, "batch_size": 86.85037129399288, "dropout_rate": 0.7438985755278102, "epochs": 129.01258730118477, "hidden_channels": 91.3875388650244, "learning_rate": 0.08402273496327169, "optimizer": 1.8493762583807267, "pooling_algorithm": 0.5314940510512042}, "datetime": {"datetime": "2023-11-28 07:58:17", "elapsed": 63.33139, "delta": 4.784265}}
{"target": 0.7375, "params": {"activation_function": 1.2898346150056537, "amount_of_layers": 3.839370544558358, "batch_size": 86.02789080391474, "dropout_rate": 0.7251536926917015, "epochs": 190.79954951595886, "hidden_channels": 73.7656308677903, "learning_rate": 0.07472999646788887, "optimizer": 0.5870587600789814, "pooling_algorithm": 0.3065637851379075}, "datetime": {"datetime": "2023-11-28 07:58:22", "elapsed": 69.203739, "delta": 5.872349}}
{"target": 0.35, "params": {"activation_function": 1.8554865490983357, "amount_of_layers": 5.538646008813158, "batch_size": 111.41011646319751, "dropout_rate": 0.5868727436004566, "epochs": 43.94353550481161, "hidden_channels": 36.55704719427972, "learning_rate": 0.05427516614655438, "optimizer": 0.6108616564809679, "pooling_algorithm": 0.7522424496210551}, "datetime": {"datetime": "2023-11-28 07:58:25", "elapsed": 71.811542, "delta": 2.607803}}
{"target": 0.8214285714285714, "params": {"activation_function": 0.009124863609771161, "amount_of_layers": 2.296220388556839, "batch_size": 122.8011736425944, "dropout_rate": 0.378207500273057, "epochs": 190.90011854244912, "hidden_channels": 55.92188911799781, "learning_rate": 0.04292028921909995, "optimizer": 1.2091842870610832, "pooling_algorithm": 0.1400495800019922}, "datetime": {"datetime": "2023-11-28 07:58:29", "elapsed": 75.723373, "delta": 3.911831}}
{"target": 0.2357142857142857, "params": {"activation_function": 1.2678182365676502, "amount_of_layers": 1.0723970682682253, "batch_size": 30.907527074353965, "dropout_rate": 0.5279967456395467, "epochs": 113.0250924361782, "hidden_channels": 125.69034688684185, "learning_rate": 0.0633499598336407, "optimizer": 0.49187890178609806, "pooling_algorithm": 0.048160614267807045}, "datetime": {"datetime": "2023-11-28 07:58:32", "elapsed": 78.96036, "delta": 3.236987}}
{"target": 0.9089285714285714, "params": {"activation_function": 0.06978164289130606, "amount_of_layers": 7.5133384265210195, "batch_size": 108.29978412519047, "dropout_rate": 0.2527767036522765, "epochs": 24.74383521240229, "hidden_channels": 12.77147685641268, "learning_rate": 0.06359930175064338, "optimizer": 0.907119089136746, "pooling_algorithm": 0.8792619464728106}, "datetime": {"datetime": "2023-11-28 07:58:33", "elapsed": 79.927587, "delta": 0.967227}}
{"target": 0.9142857142857144, "params": {"activation_function": 1.6114651460286038, "amount_of_layers": 8.25898584529429, "batch_size": 69.34312034953777, "dropout_rate": 0.35648409647858254, "epochs": 33.82093148067692, "hidden_channels": 19.36368946509549, "learning_rate": 0.07138395899349399, "optimizer": 0.29287668442067893, "pooling_algorithm": 0.9879385719369214}, "datetime": {"datetime": "2023-11-28 07:58:35", "elapsed": 81.334876, "delta": 1.407289}}
{"target": 0.0, "params": {"activation_function": 0.1360742222875806, "amount_of_layers": 6.944020513015988, "batch_size": 82.83066923617694, "dropout_rate": 0.7377291244373378, "epochs": 190.28791545099006, "hidden_channels": 50.61127016152526, "learning_rate": 0.05802730794089971, "optimizer": 1.8036565957643533, "pooling_algorithm": 0.8769411794979943}, "datetime": {"datetime": "2023-11-28 07:58:41", "elapsed": 87.867386, "delta": 6.53251}}
{"target": 0.5, "params": {"activation_function": 1.8053780757454363, "amount_of_layers": 1.961480013415109, "batch_size": 18.280584690061872, "dropout_rate": 0.6016402107213348, "epochs": 100.53325698912245, "hidden_channels": 77.27902314754017, "learning_rate": 0.04780780414915892, "optimizer": 1.9023450276695473, "pooling_algorithm": 0.5382341557985181}, "datetime": {"datetime": "2023-11-28 07:58:46", "elapsed": 92.386706, "delta": 4.51932}}
{"target": 0.5, "params": {"activation_function": 1.4246936204338918, "amount_of_layers": 3.0473149382752416, "batch_size": 85.15547745964994, "dropout_rate": 0.5095417607217446, "epochs": 188.97255115598614, "hidden_channels": 71.58584039230672, "learning_rate": 0.03991538909341283, "optimizer": 0.73914902526577, "pooling_algorithm": 0.9403917730534526}, "datetime": {"datetime": "2023-11-28 07:58:52", "elapsed": 98.334529, "delta": 5.947823}}
{"target": 0.8107142857142857, "params": {"activation_function": 1.8563793003053208, "amount_of_layers": 8.153291650477364, "batch_size": 100.0855114248065, "dropout_rate": 0.3545893366971511, "epochs": 188.90233514278574, "hidden_channels": 42.565165216619505, "learning_rate": 0.04710553772512597, "optimizer": 0.37401539785649685, "pooling_algorithm": 0.07946872565221008}, "datetime": {"datetime": "2023-11-28 07:58:58", "elapsed": 105.159637, "delta": 6.825108}}
{"target": 0.5, "params": {"activation_function": 0.20135238478378858, "amount_of_layers": 3.3481455617408926, "batch_size": 134.33070239774176, "dropout_rate": 0.3255438339059054, "epochs": 130.42150832605444, "hidden_channels": 115.93487795922186, "learning_rate": 0.08700736097932904, "optimizer": 1.214472497993363, "pooling_algorithm": 0.17637506887217913}, "datetime": {"datetime": "2023-11-28 07:59:03", "elapsed": 110.068401, "delta": 4.908764}}
{"target": 0.8357142857142857, "params": {"activation_function": 0.12742599001178645, "amount_of_layers": 4.392008166041805, "batch_size": 59.5242759529958, "dropout_rate": 0.26700323294468026, "epochs": 113.78297596871947, "hidden_channels": 80.35903828893802, "learning_rate": 0.020920684241123127, "optimizer": 0.6852824542219367, "pooling_algorithm": 0.5912026604358721}, "datetime": {"datetime": "2023-11-28 07:59:07", "elapsed": 113.992884, "delta": 3.924483}}
{"target": 0.5392857142857143, "params": {"activation_function": 1.8372527904949907, "amount_of_layers": 2.2069105911439024, "batch_size": 38.73104332153484, "dropout_rate": 0.4462636934891663, "epochs": 35.68088177709712, "hidden_channels": 12.124261455460552, "learning_rate": 0.06526509745381344, "optimizer": 0.35443756812648, "pooling_algorithm": 0.37199412190144054}, "datetime": {"datetime": "2023-11-28 07:59:08", "elapsed": 115.00044, "delta": 1.007556}}
{"target": 0.8714285714285716, "params": {"activation_function": 1.9768537897293206, "amount_of_layers": 2.271670902888456, "batch_size": 147.27920696632455, "dropout_rate": 0.3937306586203695, "epochs": 15.41304298230241, "hidden_channels": 57.937502426089225, "learning_rate": 0.024416712891511046, "optimizer": 0.30205177279208484, "pooling_algorithm": 0.930342473722625}, "datetime": {"datetime": "2023-11-28 07:59:09", "elapsed": 115.432052, "delta": 0.431612}}
{"target": 0.0, "params": {"activation_function": 1.8528402386186342, "amount_of_layers": 6.536635254776975, "batch_size": 137.03167417240158, "dropout_rate": 0.46974538886876166, "epochs": 48.813806113142924, "hidden_channels": 88.21478093460084, "learning_rate": 0.08310633588401052, "optimizer": 0.7626486886495896, "pooling_algorithm": 0.06210171616904425}, "datetime": {"datetime": "2023-11-28 07:59:11", "elapsed": 118.148068, "delta": 2.716016}}
{"target": 0.09464285714285714, "params": {"activation_function": 1.191261549793513, "amount_of_layers": 3.7495162759932477, "batch_size": 144.3686602383659, "dropout_rate": 0.3519143531703854, "epochs": 128.14159195496734, "hidden_channels": 75.11772694182498, "learning_rate": 0.0067427215704122245, "optimizer": 1.1827935397783391, "pooling_algorithm": 0.8197927808999768}, "datetime": {"datetime": "2023-11-28 07:59:16", "elapsed": 122.395309, "delta": 4.247241}}
{"target": 0.3535714285714286, "params": {"activation_function": 1.7241336603341464, "amount_of_layers": 7.173087302004837, "batch_size": 123.8143866746838, "dropout_rate": 0.6387563252187666, "epochs": 100.25098100027321, "hidden_channels": 68.09097696055673, "learning_rate": 0.08156914404665642, "optimizer": 0.09148968357105147, "pooling_algorithm": 0.35440610746804524}, "datetime": {"datetime": "2023-11-28 07:59:20", "elapsed": 126.848735, "delta": 4.453426}}
{"target": 0.5, "params": {"activation_function": 0.5162861081785084, "amount_of_layers": 1.7120579071193527, "batch_size": 79.80022295582609, "dropout_rate": 0.635705164537332, "epochs": 38.90239165655145, "hidden_channels": 91.88843039230156, "learning_rate": 0.07150372344939109, "optimizer": 0.9684505155600802, "pooling_algorithm": 0.9523554134749703}, "datetime": {"datetime": "2023-11-28 07:59:21", "elapsed": 127.994526, "delta": 1.145791}}
{"target": 0.7428571428571428, "params": {"activation_function": 0.7481071077136483, "amount_of_layers": 7.775111541372623, "batch_size": 141.5702968516272, "dropout_rate": 0.5575980608143406, "epochs": 191.30265083403782, "hidden_channels": 15.480011730794587, "learning_rate": 0.012066049778699184, "optimizer": 1.9910513351376016, "pooling_algorithm": 0.2795739327721839}, "datetime": {"datetime": "2023-11-28 07:59:27", "elapsed": 133.959764, "delta": 5.965238}}
{"target": 0.5, "params": {"activation_function": 0.06124361550431745, "amount_of_layers": 5.793801803427414, "batch_size": 109.0848969773451, "dropout_rate": 0.354742622303345, "epochs": 190.9402992422108, "hidden_channels": 115.56470662259319, "learning_rate": 0.049387971081832745, "optimizer": 0.871900909316226, "pooling_algorithm": 0.6838674648997431}, "datetime": {"datetime": "2023-11-28 07:59:37", "elapsed": 143.583825, "delta": 9.624061}}
{"target": 0.45, "params": {"activation_function": 1.6961709715319084, "amount_of_layers": 2.688380580001353, "batch_size": 67.54357429935658, "dropout_rate": 0.5364778274009536, "epochs": 189.41839684526528, "hidden_channels": 45.612333679913434, "learning_rate": 0.025757772570443777, "optimizer": 0.9594247191076333, "pooling_algorithm": 0.7781110191790375}, "datetime": {"datetime": "2023-11-28 07:59:42", "elapsed": 149.065775, "delta": 5.48195}}
{"target": 0.2589285714285714, "params": {"activation_function": 1.9983079688501744, "amount_of_layers": 6.957347299420263, "batch_size": 137.16515462575757, "dropout_rate": 0.4522023003418425, "epochs": 130.8741635640759, "hidden_channels": 14.392132960083515, "learning_rate": 0.09306270994635817, "optimizer": 1.2166329805917004, "pooling_algorithm": 0.2347770081668148}, "datetime": {"datetime": "2023-11-28 07:59:46", "elapsed": 153.160428, "delta": 4.094653}}
{"target": 0.755357142857143, "params": {"activation_function": 1.2882446328022514, "amount_of_layers": 1.1248554546773821, "batch_size": 96.47539384672662, "dropout_rate": 0.730057238381153, "epochs": 197.84295315485448, "hidden_channels": 110.74955653932338, "learning_rate": 0.0643978636968782, "optimizer": 1.201056518129966, "pooling_algorithm": 0.3690809180624437}, "datetime": {"datetime": "2023-11-28 07:59:51", "elapsed": 157.550123, "delta": 4.389695}}
{"target": 0.7339285714285715, "params": {"activation_function": 1.4547796959435502, "amount_of_layers": 8.349919464951242, "batch_size": 24.23992627412133, "dropout_rate": 0.4650404479581598, "epochs": 103.7845690818156, "hidden_channels": 62.40604213628038, "learning_rate": 0.09736351020389906, "optimizer": 1.4433549716952971, "pooling_algorithm": 0.19161980366832543}, "datetime": {"datetime": "2023-11-28 07:59:59", "elapsed": 165.882505, "delta": 8.332382}}
{"target": 0.0, "params": {"activation_function": 0.5699324943597146, "amount_of_layers": 7.247753307711103, "batch_size": 47.20515144302318, "dropout_rate": 0.48199883720777587, "epochs": 64.76499213065088, "hidden_channels": 42.50614887552712, "learning_rate": 0.0520022327236191, "optimizer": 1.7358089845953961, "pooling_algorithm": 0.1560980503330206}, "datetime": {"datetime": "2023-11-28 08:00:02", "elapsed": 168.986858, "delta": 3.104353}}
{"target": 0.5, "params": {"activation_function": 1.457796980628394, "amount_of_layers": 5.575228501921954, "batch_size": 114.92705143228822, "dropout_rate": 0.4814802215426918, "epochs": 75.38204157407718, "hidden_channels": 70.48248534162872, "learning_rate": 0.0729580940946173, "optimizer": 1.6096373634122325, "pooling_algorithm": 0.03515719786268945}, "datetime": {"datetime": "2023-11-28 08:00:09", "elapsed": 175.699696, "delta": 6.712838}}
{"target": 0.0, "params": {"activation_function": 1.407193752286917, "amount_of_layers": 3.5324129243710782, "batch_size": 115.31908983890573, "dropout_rate": 0.727535862235636, "epochs": 109.37000342991253, "hidden_channels": 44.638451891519466, "learning_rate": 0.06647006190838073, "optimizer": 1.8499861652257088, "pooling_algorithm": 0.6638936061193834}, "datetime": {"datetime": "2023-11-28 08:00:12", "elapsed": 178.505071, "delta": 2.805375}}
{"target": 0.7375, "params": {"activation_function": 0.6460011150911267, "amount_of_layers": 4.166678757396884, "batch_size": 60.37045324444901, "dropout_rate": 0.7069121709087696, "epochs": 177.90150073066903, "hidden_channels": 64.16189066295898, "learning_rate": 0.07733296707562057, "optimizer": 0.8609766080670427, "pooling_algorithm": 0.10641771000567568}, "datetime": {"datetime": "2023-11-28 08:00:18", "elapsed": 184.231364, "delta": 5.726293}}
{"target": 0.7214285714285714, "params": {"activation_function": 0.4726522520409928, "amount_of_layers": 6.809571019391056, "batch_size": 113.35726303028144, "dropout_rate": 0.3562055128346423, "epochs": 22.699262016161967, "hidden_channels": 70.84389722752249, "learning_rate": 0.09696616327414195, "optimizer": 0.017569449802150583, "pooling_algorithm": 0.4519990381145568}, "datetime": {"datetime": "2023-11-28 08:00:19", "elapsed": 185.402193, "delta": 1.170829}}
{"target": 0.5, "params": {"activation_function": 0.4758930761464526, "amount_of_layers": 7.984636325808553, "batch_size": 113.77720498211566, "dropout_rate": 0.6896483883420164, "epochs": 194.27486069282926, "hidden_channels": 67.35805654595032, "learning_rate": 0.06638847744187872, "optimizer": 0.5111881211662519, "pooling_algorithm": 0.1922615476609224}, "datetime": {"datetime": "2023-11-28 08:00:28", "elapsed": 194.397784, "delta": 8.995591}}
