{"target": 0.3, "params": {"activation_function": 1.8116362276405686, "amount_of_layers": 1.7967305113689909, "batch_size": 95.74990593091333, "dropout_rate": 0.645821743464032, "epochs": 35.62468684247798, "hidden_channels": 19.307721684919702, "learning_rate": 0.03728860533180259, "optimizer": 0.0724343587298395, "pooling_algorithm": 0.1709040727772444}, "datetime": {"datetime": "2023-11-28 04:08:04", "elapsed": 291.121947, "delta": 0.753699}}
{"target": 0.10357142857142856, "params": {"activation_function": 0.5907729311203249, "amount_of_layers": 6.766708420853154, "batch_size": 116.49449777783232, "dropout_rate": 0.47738816211960283, "epochs": 75.55892527176559, "hidden_channels": 74.99784820303972, "learning_rate": 0.00534022518698926, "optimizer": 1.179524112894921, "pooling_algorithm": 0.8745182330592064}, "datetime": {"datetime": "2023-11-28 04:08:06", "elapsed": 293.228645, "delta": 2.106698}}
{"target": 0.7785714285714286, "params": {"activation_function": 1.7236589164757785, "amount_of_layers": 7.5232530215538915, "batch_size": 148.5181027361875, "dropout_rate": 0.36645541883231253, "epochs": 90.08194388408829, "hidden_channels": 53.18591467827589, "learning_rate": 0.002879682730135008, "optimizer": 1.7856279581263999, "pooling_algorithm": 0.6450466709829176}, "datetime": {"datetime": "2023-11-28 04:08:08", "elapsed": 295.680016, "delta": 2.451371}}
{"target": 0.5, "params": {"activation_function": 0.7364146309917337, "amount_of_layers": 3.5812334053828403, "batch_size": 62.10221307390969, "dropout_rate": 0.614032291607698, "epochs": 106.12949699810108, "hidden_channels": 116.71442680391308, "learning_rate": 0.04955043659517352, "optimizer": 1.5418700317672784, "pooling_algorithm": 0.18047968207091436}, "datetime": {"datetime": "2023-11-28 04:08:11", "elapsed": 298.722867, "delta": 3.042851}}
{"target": 0.9107142857142858, "params": {"activation_function": 0.14040501666289762, "amount_of_layers": 3.8268504826405376, "batch_size": 24.647474533464475, "dropout_rate": 0.42059284758549204, "epochs": 164.56587157616903, "hidden_channels": 58.09192898900316, "learning_rate": 0.048857799885390726, "optimizer": 0.23526670038791564, "pooling_algorithm": 0.8302848509799866}, "datetime": {"datetime": "2023-11-28 04:08:19", "elapsed": 306.271622, "delta": 7.548755}}
{"target": 0.41785714285714287, "params": {"activation_function": 1.4173447437417797, "amount_of_layers": 3.468575166373058, "batch_size": 30.106860028925347, "dropout_rate": 0.3241766271872272, "epochs": 45.51846045139705, "hidden_channels": 37.018044609197595, "learning_rate": 0.009326409184246823, "optimizer": 1.5704844799531488, "pooling_algorithm": 0.4473663838989512}, "datetime": {"datetime": "2023-11-28 04:08:20", "elapsed": 308.064668, "delta": 1.793046}}
{"target": 0.7410714285714286, "params": {"activation_function": 0.7535609011355919, "amount_of_layers": 4.225813933825586, "batch_size": 126.08593602569783, "dropout_rate": 0.691136629699141, "epochs": 88.98665575355822, "hidden_channels": 91.30613253967967, "learning_rate": 0.08271508882854885, "optimizer": 1.0838758121401044, "pooling_algorithm": 0.47393084502930527}, "datetime": {"datetime": "2023-11-28 04:08:22", "elapsed": 310.019342, "delta": 1.954674}}
{"target": 0.2607142857142857, "params": {"activation_function": 1.0980447050125934, "amount_of_layers": 6.501680563968487, "batch_size": 123.82355742844928, "dropout_rate": 0.6570536479950009, "epochs": 191.61051608059825, "hidden_channels": 117.33696185462831, "learning_rate": 0.010095912368446015, "optimizer": 1.6607313876656034, "pooling_algorithm": 0.265353348831739}, "datetime": {"datetime": "2023-11-28 04:08:27", "elapsed": 314.954432, "delta": 4.93509}}
{"target": 0.7321428571428571, "params": {"activation_function": 1.255452897936183, "amount_of_layers": 3.7203750194093788, "batch_size": 24.66610144958162, "dropout_rate": 0.29920709092233755, "epochs": 69.95028597846593, "hidden_channels": 109.39731276435185, "learning_rate": 0.0025626246124645638, "optimizer": 0.42897879294884866, "pooling_algorithm": 0.289786602039773}, "datetime": {"datetime": "2023-11-28 04:08:31", "elapsed": 318.356601, "delta": 3.402169}}
{"target": 0.7357142857142857, "params": {"activation_function": 1.7609760113115953, "amount_of_layers": 6.745965843922398, "batch_size": 33.89204942720925, "dropout_rate": 0.5680588030216625, "epochs": 86.62593283798691, "hidden_channels": 60.38637840748253, "learning_rate": 0.09505383578077083, "optimizer": 1.3976343338383015, "pooling_algorithm": 0.1277299148563512}, "datetime": {"datetime": "2023-11-28 04:08:36", "elapsed": 323.429573, "delta": 5.072972}}
{"target": 0.7857142857142858, "params": {"activation_function": 1.8602994054494153, "amount_of_layers": 8.288650561164634, "batch_size": 87.66077173199324, "dropout_rate": 0.483738395814723, "epochs": 38.20786530716699, "hidden_channels": 114.10148699110894, "learning_rate": 0.03503722273205176, "optimizer": 0.21338389661142187, "pooling_algorithm": 0.42586812076700675}, "datetime": {"datetime": "2023-11-28 04:08:37", "elapsed": 324.670979, "delta": 1.241406}}
{"target": 0.5, "params": {"activation_function": 0.40596372421096105, "amount_of_layers": 8.059114110076719, "batch_size": 101.11135181250194, "dropout_rate": 0.44840924576821345, "epochs": 38.878161601591806, "hidden_channels": 125.36856459058718, "learning_rate": 0.02945042463572004, "optimizer": 0.7119891969232077, "pooling_algorithm": 0.954773021957539}, "datetime": {"datetime": "2023-11-28 04:08:38", "elapsed": 325.925299, "delta": 1.25432}}
{"target": 0.5, "params": {"activation_function": 1.3470686806791048, "amount_of_layers": 1.651222261033226, "batch_size": 110.82214376132295, "dropout_rate": 0.5409737281949492, "epochs": 155.98562492593817, "hidden_channels": 50.28093363773642, "learning_rate": 0.04170357174635945, "optimizer": 0.6837133510099627, "pooling_algorithm": 0.6424008829366931}, "datetime": {"datetime": "2023-11-28 04:08:41", "elapsed": 328.589317, "delta": 2.664018}}
{"target": 0.6, "params": {"activation_function": 1.5041119968072143, "amount_of_layers": 1.8850101826835903, "batch_size": 120.7654659885766, "dropout_rate": 0.4529883894664663, "epochs": 127.96749197166562, "hidden_channels": 11.43363098167961, "learning_rate": 0.05541971876648559, "optimizer": 1.5957839346210412, "pooling_algorithm": 0.7724778024725691}, "datetime": {"datetime": "2023-11-28 04:08:43", "elapsed": 330.739217, "delta": 2.1499}}
{"target": 0.8928571428571429, "params": {"activation_function": 1.5514354275249884, "amount_of_layers": 1.926072467588475, "batch_size": 46.705566060047104, "dropout_rate": 0.3396697765956613, "epochs": 81.52969073790182, "hidden_channels": 26.53292240753612, "learning_rate": 0.013821707882099483, "optimizer": 0.22712784293511756, "pooling_algorithm": 0.9962185752595718}, "datetime": {"datetime": "2023-11-28 04:08:45", "elapsed": 333.000396, "delta": 2.261179}}
{"target": 0.5, "params": {"activation_function": 0.6593295082405484, "amount_of_layers": 6.285234411771263, "batch_size": 101.89952024916565, "dropout_rate": 0.6299406897811626, "epochs": 130.13334713964906, "hidden_channels": 109.16726886247483, "learning_rate": 0.062305009631221694, "optimizer": 0.6043921525945599, "pooling_algorithm": 0.8043398827074646}, "datetime": {"datetime": "2023-11-28 04:08:49", "elapsed": 336.368039, "delta": 3.367643}}
{"target": 0.5, "params": {"activation_function": 0.9400030342745975, "amount_of_layers": 5.470061839882109, "batch_size": 46.72812116813418, "dropout_rate": 0.5706344613829499, "epochs": 43.94127738151201, "hidden_channels": 44.339735265706636, "learning_rate": 0.026780126659129815, "optimizer": 1.676164358978058, "pooling_algorithm": 0.7475982230417285}, "datetime": {"datetime": "2023-11-28 04:08:51", "elapsed": 338.193051, "delta": 1.825012}}
{"target": 0.6071428571428571, "params": {"activation_function": 1.5715450216340074, "amount_of_layers": 5.9074794597878775, "batch_size": 92.68459535842878, "dropout_rate": 0.3978636006473369, "epochs": 17.60290620289038, "hidden_channels": 61.23772532188803, "learning_rate": 0.07150410733917378, "optimizer": 0.44691054696088806, "pooling_algorithm": 0.19782569460087707}, "datetime": {"datetime": "2023-11-28 04:08:51", "elapsed": 338.76599, "delta": 0.572939}}
{"target": 0.0, "params": {"activation_function": 0.7444671788783175, "amount_of_layers": 1.7381994519345856, "batch_size": 78.5991211897653, "dropout_rate": 0.2577901198046081, "epochs": 76.4150197576513, "hidden_channels": 86.47997415333286, "learning_rate": 0.0462741192218318, "optimizer": 1.9615617736167177, "pooling_algorithm": 0.2679325045614881}, "datetime": {"datetime": "2023-11-28 04:08:53", "elapsed": 340.175234, "delta": 1.409244}}
{"target": 0.5, "params": {"activation_function": 1.8571680024106274, "amount_of_layers": 5.942849013515823, "batch_size": 46.91569619463844, "dropout_rate": 0.6608310612588093, "epochs": 169.3640301100672, "hidden_channels": 47.70094587969038, "learning_rate": 0.06265115103418138, "optimizer": 0.5155679704442484, "pooling_algorithm": 0.7969728796935933}, "datetime": {"datetime": "2023-11-28 04:09:00", "elapsed": 347.26698, "delta": 7.091746}}
{"target": 0.0, "params": {"activation_function": 0.17100003138386843, "amount_of_layers": 8.849783822261285, "batch_size": 74.95773049454876, "dropout_rate": 0.692849954777343, "epochs": 24.53511503508966, "hidden_channels": 53.0048582070446, "learning_rate": 0.05962322960334314, "optimizer": 1.6989194783859833, "pooling_algorithm": 0.24009442972849626}, "datetime": {"datetime": "2023-11-28 04:09:01", "elapsed": 348.173137, "delta": 0.906157}}
{"target": 0.8428571428571429, "params": {"activation_function": 1.8150773637972906, "amount_of_layers": 2.1621701756077965, "batch_size": 65.33463189915676, "dropout_rate": 0.5681855618794476, "epochs": 188.51402359350016, "hidden_channels": 17.356605231763815, "learning_rate": 0.05486528744095454, "optimizer": 0.5898205368023821, "pooling_algorithm": 0.18240980535739493}, "datetime": {"datetime": "2023-11-28 04:09:05", "elapsed": 352.391837, "delta": 4.2187}}
{"target": 0.8392857142857142, "params": {"activation_function": 1.040928448062676, "amount_of_layers": 1.8826177954702557, "batch_size": 65.3244405275911, "dropout_rate": 0.5152559692898397, "epochs": 187.44422221457978, "hidden_channels": 20.835162595807784, "learning_rate": 0.05356282867907725, "optimizer": 0.8859049666249261, "pooling_algorithm": 0.34343940082293956}, "datetime": {"datetime": "2023-11-28 04:09:09", "elapsed": 356.555256, "delta": 4.163419}}
{"target": 0.9071428571428571, "params": {"activation_function": 0.051570907925604814, "amount_of_layers": 3.5079445794931763, "batch_size": 59.62884414856532, "dropout_rate": 0.6787606207091259, "epochs": 142.2671585162586, "hidden_channels": 95.86445674581341, "learning_rate": 0.032629106827215607, "optimizer": 0.4318335912772493, "pooling_algorithm": 0.8335740165750457}, "datetime": {"datetime": "2023-11-28 04:09:13", "elapsed": 360.452891, "delta": 3.897635}}
