{"target": 0.5, "params": {"activation_function": 1.3559110964171515, "amount_of_layers": 5.1036704180765, "batch_size": 99.57656536832718, "dropout_rate": 0.4885712325213831, "epochs": 97.44936467258471, "hidden_channels": 121.95637852693883, "learning_rate": 0.09847298430872606, "optimizer": 1.708845091785321, "pooling_algorithm": 0.5910903450777859}, "datetime": {"datetime": "2023-11-28 02:39:42", "elapsed": 0.0, "delta": 0.0}}
{"target": 0.0, "params": {"activation_function": 0.406392745609119, "amount_of_layers": 3.0988812402844896, "batch_size": 24.899643004561117, "dropout_rate": 0.5734675032349332, "epochs": 146.55925969089918, "hidden_channels": 48.179058394944065, "learning_rate": 0.09530180429534757, "optimizer": 1.1909548559838457, "pooling_algorithm": 0.9945062052393303}, "datetime": {"datetime": "2023-11-28 02:39:48", "elapsed": 6.164872, "delta": 6.164872}}
{"target": 0.9035714285714286, "params": {"activation_function": 1.0873470898447306, "amount_of_layers": 1.5737010280473127, "batch_size": 34.85201567312109, "dropout_rate": 0.3536391614978618, "epochs": 106.05020756034814, "hidden_channels": 70.85333040081196, "learning_rate": 0.053614053318763094, "optimizer": 0.4658223635822982, "pooling_algorithm": 0.6055013809536769}, "datetime": {"datetime": "2023-11-28 02:39:51", "elapsed": 9.422299, "delta": 3.257427}}
{"target": 0.8428571428571427, "params": {"activation_function": 1.4057821247531543, "amount_of_layers": 1.5330390787212718, "batch_size": 47.714690806201936, "dropout_rate": 0.3294786574346014, "epochs": 194.9274622530383, "hidden_channels": 92.36117662196168, "learning_rate": 0.009202660399050416, "optimizer": 1.0967397835557409, "pooling_algorithm": 0.14244829687392868}, "datetime": {"datetime": "2023-11-28 02:39:56", "elapsed": 14.677054, "delta": 5.254755}}
{"target": 0.7357142857142858, "params": {"activation_function": 0.21442546120642603, "amount_of_layers": 5.940628943439584, "batch_size": 138.19094827060198, "dropout_rate": 0.7026541836736359, "epochs": 30.181139984814617, "hidden_channels": 46.746438911109806, "learning_rate": 0.026970105136954158, "optimizer": 0.5292708469544298, "pooling_algorithm": 0.18047250872468568}, "datetime": {"datetime": "2023-11-28 02:39:57", "elapsed": 15.454951, "delta": 0.777897}}
{"target": 0.9089285714285714, "params": {"activation_function": 0.11718417622344757, "amount_of_layers": 7.533772867905739, "batch_size": 77.20330526301088, "dropout_rate": 0.6257492202905677, "epochs": 159.4415767101919, "hidden_channels": 12.913364592951407, "learning_rate": 0.046685580571157605, "optimizer": 0.5839411406711494, "pooling_algorithm": 0.8522614665669036}, "datetime": {"datetime": "2023-11-28 02:40:01", "elapsed": 19.881056, "delta": 4.426105}}
{"target": 0.7410714285714286, "params": {"activation_function": 0.6388368260547104, "amount_of_layers": 6.523743921300712, "batch_size": 58.08286772925475, "dropout_rate": 0.651522904058345, "epochs": 14.308074721447172, "hidden_channels": 30.299974428118325, "learning_rate": 0.06390670974555401, "optimizer": 1.4125204608199615, "pooling_algorithm": 0.30838871447387317}, "datetime": {"datetime": "2023-11-28 02:40:02", "elapsed": 20.433961, "delta": 0.552905}}
{"target": 0.8035714285714286, "params": {"activation_function": 0.2811607310890385, "amount_of_layers": 5.815039005347867, "batch_size": 75.84947651817126, "dropout_rate": 0.3699117670099087, "epochs": 59.67559731422848, "hidden_channels": 106.6548510762476, "learning_rate": 0.06225251829891922, "optimizer": 0.02709550823860174, "pooling_algorithm": 0.09432093759296167}, "datetime": {"datetime": "2023-11-28 02:40:04", "elapsed": 21.891297, "delta": 1.457336}}
{"target": 0.5, "params": {"activation_function": 0.013290666993245104, "amount_of_layers": 2.3962940420653647, "batch_size": 64.32873730467367, "dropout_rate": 0.2930116582041687, "epochs": 63.67691882318981, "hidden_channels": 77.42514512865658, "learning_rate": 0.0750644496887942, "optimizer": 1.6750096896682372, "pooling_algorithm": 0.9649578302567375}, "datetime": {"datetime": "2023-11-28 02:40:05", "elapsed": 23.306523, "delta": 1.415226}}
{"target": 0.5, "params": {"activation_function": 1.671629078238969, "amount_of_layers": 6.515990363238671, "batch_size": 44.22779105984768, "dropout_rate": 0.26538272288280473, "epochs": 120.31499601091083, "hidden_channels": 37.73085235823055, "learning_rate": 0.07931466234773324, "optimizer": 0.9781783550715961, "pooling_algorithm": 0.6867429801864626}, "datetime": {"datetime": "2023-11-28 02:40:10", "elapsed": 28.770987, "delta": 5.464464}}
{"target": 0.825, "params": {"activation_function": 0.854967221006562, "amount_of_layers": 1.6340856856318728, "batch_size": 123.26797750372614, "dropout_rate": 0.7059460228266261, "epochs": 191.03881257090347, "hidden_channels": 28.08922472114089, "learning_rate": 0.07060966928945994, "optimizer": 1.3020482603896932, "pooling_algorithm": 0.2973759629672027}, "datetime": {"datetime": "2023-11-28 02:40:13", "elapsed": 31.845369, "delta": 3.074382}}
{"target": 0.7375, "params": {"activation_function": 1.6271591727174477, "amount_of_layers": 4.790721725074189, "batch_size": 144.10133800142145, "dropout_rate": 0.31630697491791193, "epochs": 110.17956219816408, "hidden_channels": 126.35007477377546, "learning_rate": 0.043549025888137985, "optimizer": 0.8193010369339961, "pooling_algorithm": 0.16191297260403092}, "datetime": {"datetime": "2023-11-28 02:40:16", "elapsed": 34.394885, "delta": 2.549516}}
{"target": 0.7964285714285715, "params": {"activation_function": 1.8714458325215133, "amount_of_layers": 3.6692508271239017, "batch_size": 16.5810678808898, "dropout_rate": 0.31732197858171696, "epochs": 31.443589224036934, "hidden_channels": 115.65113815423848, "learning_rate": 0.06789845364281855, "optimizer": 0.49293530933786034, "pooling_algorithm": 0.36903409556044875}, "datetime": {"datetime": "2023-11-28 02:40:18", "elapsed": 36.570459, "delta": 2.175574}}
{"target": 0.5, "params": {"activation_function": 0.34661334009345346, "amount_of_layers": 7.377409570109032, "batch_size": 67.7827413294832, "dropout_rate": 0.5066824027638482, "epochs": 166.40090620758235, "hidden_channels": 96.70091917548515, "learning_rate": 0.03634870834876589, "optimizer": 1.6411789178192948, "pooling_algorithm": 0.7608631399021916}, "datetime": {"datetime": "2023-11-28 02:40:24", "elapsed": 42.466546, "delta": 5.896087}}
{"target": 0.2678571428571429, "params": {"activation_function": 1.264932300214902, "amount_of_layers": 3.9153145251336383, "batch_size": 66.50706110593411, "dropout_rate": 0.3424678018754221, "epochs": 36.327279993859385, "hidden_channels": 58.22701844338619, "learning_rate": 0.07826071194144645, "optimizer": 0.042026543299111374, "pooling_algorithm": 0.4402652110715425}, "datetime": {"datetime": "2023-11-28 02:40:25", "elapsed": 43.486875, "delta": 1.020329}}
{"target": 0.8714285714285714, "params": {"activation_function": 1.779641805461977, "amount_of_layers": 5.258372223797944, "batch_size": 88.44355872350754, "dropout_rate": 0.37396556689934723, "epochs": 47.29578734784073, "hidden_channels": 35.94803613041899, "learning_rate": 0.03996083933441475, "optimizer": 0.04912618786885159, "pooling_algorithm": 0.6644592215535885}, "datetime": {"datetime": "2023-11-28 02:40:26", "elapsed": 44.544897, "delta": 1.058022}}
{"target": 0.9035714285714286, "params": {"activation_function": 0.41037466413196877, "amount_of_layers": 8.4908473566589, "batch_size": 61.013872909902375, "dropout_rate": 0.538469396836222, "epochs": 54.30469142345802, "hidden_channels": 68.07569803853464, "learning_rate": 0.03878920079884697, "optimizer": 0.028264283051594896, "pooling_algorithm": 0.9873998497236843}, "datetime": {"datetime": "2023-11-28 02:40:28", "elapsed": 46.642935, "delta": 2.098038}}
{"target": 0.4214285714285715, "params": {"activation_function": 1.6419431013795645, "amount_of_layers": 1.991071938513806, "batch_size": 128.3014607584811, "dropout_rate": 0.6676029225184525, "epochs": 172.96792077167967, "hidden_channels": 114.30917530633452, "learning_rate": 0.013948862976005606, "optimizer": 1.928273738076671, "pooling_algorithm": 0.37553677583513356}, "datetime": {"datetime": "2023-11-28 02:40:31", "elapsed": 49.439741, "delta": 2.796806}}
{"target": 0.9, "params": {"activation_function": 0.8422853834556363, "amount_of_layers": 6.300650762718501, "batch_size": 101.46240614559541, "dropout_rate": 0.6825590321486718, "epochs": 112.25876964537164, "hidden_channels": 16.070714053250093, "learning_rate": 0.04132504375321543, "optimizer": 0.09895226871687979, "pooling_algorithm": 0.6450757877840428}, "datetime": {"datetime": "2023-11-28 02:40:34", "elapsed": 52.081793, "delta": 2.642052}}
{"target": 0.5, "params": {"activation_function": 1.6696161295690068, "amount_of_layers": 5.438139522366699, "batch_size": 85.40281323598386, "dropout_rate": 0.5653119138781189, "epochs": 183.09928180805147, "hidden_channels": 25.6301522718183, "learning_rate": 0.05102321340342723, "optimizer": 1.622770635855075, "pooling_algorithm": 0.5814197569896316}, "datetime": {"datetime": "2023-11-28 02:40:38", "elapsed": 56.030744, "delta": 3.948951}}
{"target": 0.2607142857142857, "params": {"activation_function": 0.9976019935709406, "amount_of_layers": 3.8168755688398646, "batch_size": 86.60932019309324, "dropout_rate": 0.5867039483432348, "epochs": 130.42408958739748, "hidden_channels": 34.84094679258551, "learning_rate": 0.021226040409815742, "optimizer": 0.17086929920840777, "pooling_algorithm": 0.16619472105483568}, "datetime": {"datetime": "2023-11-28 02:40:40", "elapsed": 58.650859, "delta": 2.620115}}
{"target": 0.26428571428571423, "params": {"activation_function": 1.588098549126673, "amount_of_layers": 6.652909736851783, "batch_size": 59.13677329551415, "dropout_rate": 0.7062836641016677, "epochs": 157.37984260299126, "hidden_channels": 13.623998904183939, "learning_rate": 0.017511109397760957, "optimizer": 0.04552047507450441, "pooling_algorithm": 0.4531596799975479}, "datetime": {"datetime": "2023-11-28 02:40:46", "elapsed": 64.234805, "delta": 5.583946}}
{"target": 0.8071428571428572, "params": {"activation_function": 0.1957990482041574, "amount_of_layers": 4.85014692076627, "batch_size": 89.87269702706664, "dropout_rate": 0.5546002292152294, "epochs": 36.975901284658384, "hidden_channels": 81.2673442931474, "learning_rate": 0.016057119237701204, "optimizer": 1.1204215666620858, "pooling_algorithm": 0.2721371933488145}, "datetime": {"datetime": "2023-11-28 02:40:47", "elapsed": 65.153903, "delta": 0.919098}}
{"target": 0.35, "params": {"activation_function": 1.8553747590283605, "amount_of_layers": 5.3865629735316585, "batch_size": 87.45878267396269, "dropout_rate": 0.5578080341610492, "epochs": 47.705851135260616, "hidden_channels": 37.29461425034834, "learning_rate": 0.06421808741650765, "optimizer": 1.5383090902766454, "pooling_algorithm": 0.7636109785549031}, "datetime": {"datetime": "2023-11-28 02:40:48", "elapsed": 66.284023, "delta": 1.13012}}
{"target": 0.8392857142857143, "params": {"activation_function": 1.864641945816913, "amount_of_layers": 3.044686400967925, "batch_size": 111.94087752698746, "dropout_rate": 0.3659384300876762, "epochs": 43.34505166062192, "hidden_channels": 44.138746341731164, "learning_rate": 0.008473548765404484, "optimizer": 1.227341820489723, "pooling_algorithm": 0.9900314612638926}, "datetime": {"datetime": "2023-11-28 02:40:49", "elapsed": 67.157791, "delta": 0.873768}}
{"target": 0.7821428571428571, "params": {"activation_function": 1.5050285602692821, "amount_of_layers": 8.070999015453424, "batch_size": 108.73523131758019, "dropout_rate": 0.40106771936407803, "epochs": 13.240467865147888, "hidden_channels": 20.919732930133257, "learning_rate": 0.016898332389208657, "optimizer": 0.5270404781038187, "pooling_algorithm": 0.39486254637293905}, "datetime": {"datetime": "2023-11-28 02:40:49", "elapsed": 67.624195, "delta": 0.466404}}
{"target": 0.5, "params": {"activation_function": 0.47263630705214044, "amount_of_layers": 8.429095543261855, "batch_size": 118.8282298724871, "dropout_rate": 0.5240506554211165, "epochs": 161.08975384625026, "hidden_channels": 37.824221086252635, "learning_rate": 0.06749443873855686, "optimizer": 1.4823879318433395, "pooling_algorithm": 0.10897398173897044}, "datetime": {"datetime": "2023-11-28 02:40:54", "elapsed": 72.247612, "delta": 4.623417}}
{"target": 0.5, "params": {"activation_function": 0.8897240433079441, "amount_of_layers": 1.809126058778837, "batch_size": 122.71372426067262, "dropout_rate": 0.39017977168118845, "epochs": 181.10951373202568, "hidden_channels": 64.7801974594272, "learning_rate": 0.06731608225323438, "optimizer": 1.7291161950240943, "pooling_algorithm": 0.5470080445230765}, "datetime": {"datetime": "2023-11-28 02:40:57", "elapsed": 75.161253, "delta": 2.913641}}
{"target": 0.2678571428571429, "params": {"activation_function": 1.2057928780866898, "amount_of_layers": 8.34745985470758, "batch_size": 82.07134052837351, "dropout_rate": 0.40002004051666795, "epochs": 113.02646416294738, "hidden_channels": 108.87600442135162, "learning_rate": 0.026402165613246997, "optimizer": 0.6409597122618091, "pooling_algorithm": 0.3759884469069624}, "datetime": {"datetime": "2023-11-28 02:41:00", "elapsed": 78.448233, "delta": 3.28698}}
{"target": 0.8321428571428571, "params": {"activation_function": 0.11158764014168199, "amount_of_layers": 3.0362136736347187, "batch_size": 135.53005305279282, "dropout_rate": 0.3119726760779516, "epochs": 22.644043602049667, "hidden_channels": 51.52691988289055, "learning_rate": 0.03491786463635761, "optimizer": 0.6042576143233447, "pooling_algorithm": 0.04473550245619207}, "datetime": {"datetime": "2023-11-28 02:41:01", "elapsed": 78.973123, "delta": 0.52489}}
{"target": 0.5, "params": {"activation_function": 0.315180678867679, "amount_of_layers": 8.665288277091237, "batch_size": 25.702797052580074, "dropout_rate": 0.47539844543225285, "epochs": 100.76924460092175, "hidden_channels": 35.928636247928594, "learning_rate": 0.011912514579795221, "optimizer": 1.6438161736157424, "pooling_algorithm": 0.5317456732698994}, "datetime": {"datetime": "2023-11-28 02:41:08", "elapsed": 86.625492, "delta": 7.652369}}
{"target": 0.5, "params": {"activation_function": 1.2891022648762662, "amount_of_layers": 4.2928885314920615, "batch_size": 67.28647916750988, "dropout_rate": 0.2790427602479376, "epochs": 64.18192561490753, "hidden_channels": 41.430496624310166, "learning_rate": 0.0644948703485736, "optimizer": 0.5112693455783961, "pooling_algorithm": 0.5050141121672403}, "datetime": {"datetime": "2023-11-28 02:41:10", "elapsed": 88.485298, "delta": 1.859806}}
{"target": 0.9, "params": {"activation_function": 1.4064366926911773, "amount_of_layers": 2.097660088658282, "batch_size": 55.26428450139879, "dropout_rate": 0.7402659751916358, "epochs": 184.01550991108334, "hidden_channels": 58.79825081020752, "learning_rate": 0.06023298250274034, "optimizer": 0.17148586434113233, "pooling_algorithm": 0.5951851910758827}, "datetime": {"datetime": "2023-11-28 02:41:14", "elapsed": 92.318611, "delta": 3.833313}}
{"target": 0.2625, "params": {"activation_function": 0.8272295850522535, "amount_of_layers": 2.681411939264029, "batch_size": 18.43767475791816, "dropout_rate": 0.6772879611957323, "epochs": 102.3604514714663, "hidden_channels": 49.29674682619796, "learning_rate": 0.09779243491420704, "optimizer": 0.6578118464668627, "pooling_algorithm": 0.3856411238489865}, "datetime": {"datetime": "2023-11-28 02:41:20", "elapsed": 98.679516, "delta": 6.360905}}
{"target": 0.0, "params": {"activation_function": 1.8291683526007527, "amount_of_layers": 2.3749797492249476, "batch_size": 36.37047593381442, "dropout_rate": 0.4639121827893394, "epochs": 16.8910514423492, "hidden_channels": 124.80620897468279, "learning_rate": 0.017895881566377295, "optimizer": 1.846239838765839, "pooling_algorithm": 0.33058471359052966}, "datetime": {"datetime": "2023-11-28 02:41:21", "elapsed": 99.34895, "delta": 0.669434}}
{"target": 0.0, "params": {"activation_function": 1.5202307884020088, "amount_of_layers": 5.973424541706243, "batch_size": 128.9329126112644, "dropout_rate": 0.36794721355165977, "epochs": 32.706368377655394, "hidden_channels": 96.79786305165824, "learning_rate": 0.02427265251664761, "optimizer": 1.9191281258021067, "pooling_algorithm": 0.8158129518979691}, "datetime": {"datetime": "2023-11-28 02:41:22", "elapsed": 100.246506, "delta": 0.897556}}
{"target": 0.225, "params": {"activation_function": 0.3471514668451914, "amount_of_layers": 5.591018991396339, "batch_size": 145.04241109164334, "dropout_rate": 0.2550461567139069, "epochs": 35.047787354199855, "hidden_channels": 31.882618819877713, "learning_rate": 0.029125662306503826, "optimizer": 0.43126682139286787, "pooling_algorithm": 0.1700795811757484}, "datetime": {"datetime": "2023-11-28 02:41:23", "elapsed": 101.172613, "delta": 0.926107}}
{"target": 0.2625, "params": {"activation_function": 0.5160092964989882, "amount_of_layers": 6.626627202937702, "batch_size": 108.27283489169548, "dropout_rate": 0.45916403680301954, "epochs": 180.9926785161049, "hidden_channels": 68.28787466923455, "learning_rate": 0.08247233824984286, "optimizer": 1.4536876251348434, "pooling_algorithm": 0.27229429548776196}, "datetime": {"datetime": "2023-11-28 02:41:28", "elapsed": 106.066299, "delta": 4.893686}}
{"target": 0.5, "params": {"activation_function": 1.9712060773166267, "amount_of_layers": 1.9549903363368841, "batch_size": 144.52658175819178, "dropout_rate": 0.504805724079629, "epochs": 21.59917940365888, "hidden_channels": 101.69033566627563, "learning_rate": 0.08851961765764119, "optimizer": 1.4038412098257371, "pooling_algorithm": 0.5824372913896153}, "datetime": {"datetime": "2023-11-28 02:41:28", "elapsed": 106.521874, "delta": 0.455575}}
{"target": 0.26428571428571423, "params": {"activation_function": 1.8237289066984825, "amount_of_layers": 8.294748438737738, "batch_size": 63.14096321136877, "dropout_rate": 0.684797757996061, "epochs": 24.514267732188152, "hidden_channels": 103.49080485559055, "learning_rate": 0.03518158277978653, "optimizer": 0.8745661395426327, "pooling_algorithm": 0.4254688653390746}, "datetime": {"datetime": "2023-11-28 02:41:29", "elapsed": 107.650293, "delta": 1.128419}}
{"target": 0.5, "params": {"activation_function": 0.12722209488956748, "amount_of_layers": 6.455055934367585, "batch_size": 78.58842573274302, "dropout_rate": 0.3750671329242587, "epochs": 165.01213497052282, "hidden_channels": 126.65605367607843, "learning_rate": 0.06572584803072022, "optimizer": 1.9573089354462536, "pooling_algorithm": 0.7730673271173912}, "datetime": {"datetime": "2023-11-28 02:41:33", "elapsed": 111.638345, "delta": 3.988052}}
{"target": 0.5, "params": {"activation_function": 0.24087698151446224, "amount_of_layers": 8.321219231287373, "batch_size": 19.019530632955828, "dropout_rate": 0.578640310321734, "epochs": 114.43757385801467, "hidden_channels": 97.21785900201984, "learning_rate": 0.09843630791064158, "optimizer": 0.5944298152874141, "pooling_algorithm": 0.01652585993372424}, "datetime": {"datetime": "2023-11-28 02:41:44", "elapsed": 122.259876, "delta": 10.621531}}
{"target": 0.0, "params": {"activation_function": 0.48726191291214116, "amount_of_layers": 3.4455170994601767, "batch_size": 44.78827788881634, "dropout_rate": 0.3081810873128138, "epochs": 81.68291752698427, "hidden_channels": 111.07744745384205, "learning_rate": 0.0809112352304268, "optimizer": 1.7664464714741241, "pooling_algorithm": 0.5168576076696845}, "datetime": {"datetime": "2023-11-28 02:41:47", "elapsed": 124.897695, "delta": 2.637819}}
{"target": 0.2625, "params": {"activation_function": 1.2092056411831835, "amount_of_layers": 5.557931851151081, "batch_size": 40.74231115370981, "dropout_rate": 0.46241365010050156, "epochs": 41.13231263327351, "hidden_channels": 6.857502833832678, "learning_rate": 0.04063914163000195, "optimizer": 0.8824337640409834, "pooling_algorithm": 0.41135318654417785}, "datetime": {"datetime": "2023-11-28 02:41:48", "elapsed": 126.756832, "delta": 1.859137}}
{"target": 0.5, "params": {"activation_function": 1.966954607834825, "amount_of_layers": 5.792178663872057, "batch_size": 100.50885012119755, "dropout_rate": 0.5908731935689531, "epochs": 30.687274230022442, "hidden_channels": 117.04461944281276, "learning_rate": 0.09593250471668033, "optimizer": 0.533853961719936, "pooling_algorithm": 0.2717186760210357}, "datetime": {"datetime": "2023-11-28 02:41:49", "elapsed": 127.645864, "delta": 0.889032}}
{"target": 0.5, "params": {"activation_function": 1.010429495278182, "amount_of_layers": 8.320324551969765, "batch_size": 78.06425397813817, "dropout_rate": 0.5889814819186716, "epochs": 104.60103176115784, "hidden_channels": 127.88953126834488, "learning_rate": 0.05898216624475149, "optimizer": 1.0775085830497777, "pooling_algorithm": 0.9910046342864628}, "datetime": {"datetime": "2023-11-28 02:41:52", "elapsed": 130.683194, "delta": 3.03733}}
{"target": 0.7428571428571428, "params": {"activation_function": 0.23340619781823446, "amount_of_layers": 7.053609441516136, "batch_size": 51.248973924305915, "dropout_rate": 0.665446156775338, "epochs": 178.70359088498546, "hidden_channels": 121.16850704872374, "learning_rate": 0.01901867211342376, "optimizer": 1.4600028386087702, "pooling_algorithm": 0.27311880883810047}, "datetime": {"datetime": "2023-11-28 02:41:59", "elapsed": 137.230847, "delta": 6.547653}}
{"target": 0.26249999999999996, "params": {"activation_function": 0.7054752331553626, "amount_of_layers": 5.256465617849077, "batch_size": 134.57525930813588, "dropout_rate": 0.6022169854813402, "epochs": 54.604111858063675, "hidden_channels": 37.339681106419185, "learning_rate": 0.05322945993973947, "optimizer": 1.6515415725219054, "pooling_algorithm": 0.15354806875545823}, "datetime": {"datetime": "2023-11-28 02:42:00", "elapsed": 138.535914, "delta": 1.305067}}
