{"target": 0.9035714285714286, "params": {"activation_function": 0.948515624883016, "amount_of_layers": 2.029262299716189, "batch_size": 67.01262466149095, "dropout_rate": 0.6161957595092493, "epochs": 150.8791271568101, "hidden_channels": 91.57053342588611, "learning_rate": 0.09887413392559848, "optimizer": 0.2448663480875073, "pooling_algorithm": 0.8945916287742713}, "datetime": {"datetime": "2023-11-28 08:13:06", "elapsed": 196.039314, "delta": 4.180352}}
{"target": 0.26607142857142857, "params": {"activation_function": 1.241609274203364, "amount_of_layers": 4.929432873375748, "batch_size": 41.728670032358416, "dropout_rate": 0.681767346102877, "epochs": 108.97143507026293, "hidden_channels": 84.35073789117239, "learning_rate": 0.03472416941613756, "optimizer": 0.9415956529705896, "pooling_algorithm": 0.4509790788347572}, "datetime": {"datetime": "2023-11-28 08:13:11", "elapsed": 201.302146, "delta": 5.262832}}
{"target": 0.7464285714285714, "params": {"activation_function": 1.3550401734031983, "amount_of_layers": 5.857152980064725, "batch_size": 91.77827821267238, "dropout_rate": 0.36803992346706815, "epochs": 21.704557736510175, "hidden_channels": 80.496797540181, "learning_rate": 0.0319989884193078, "optimizer": 0.22365863995455282, "pooling_algorithm": 0.15310227548597988}, "datetime": {"datetime": "2023-11-28 08:13:12", "elapsed": 202.399868, "delta": 1.097722}}
{"target": 0.7410714285714286, "params": {"activation_function": 1.0464498560522062, "amount_of_layers": 7.657015034824292, "batch_size": 56.29040598057307, "dropout_rate": 0.7497221564311826, "epochs": 187.54808829502323, "hidden_channels": 84.48513408303741, "learning_rate": 0.0229783479058214, "optimizer": 0.9795586598243997, "pooling_algorithm": 0.3283176932454991}, "datetime": {"datetime": "2023-11-28 08:13:23", "elapsed": 213.01065, "delta": 10.610782}}
{"target": 0.8232142857142858, "params": {"activation_function": 0.01713944085978869, "amount_of_layers": 1.375977966846368, "batch_size": 115.82561923869116, "dropout_rate": 0.6215795122299188, "epochs": 116.93779816823437, "hidden_channels": 40.44662851416024, "learning_rate": 0.09985706775618969, "optimizer": 1.1816654921631928, "pooling_algorithm": 0.2569998556571904}, "datetime": {"datetime": "2023-11-28 08:13:25", "elapsed": 215.028533, "delta": 2.017883}}
{"target": 0.5, "params": {"activation_function": 1.2975096200109892, "amount_of_layers": 1.5740131408185265, "batch_size": 66.50561543916368, "dropout_rate": 0.6342189545513677, "epochs": 169.36143097622355, "hidden_channels": 74.36923466420795, "learning_rate": 0.06430857302983643, "optimizer": 1.5715719823270782, "pooling_algorithm": 0.47372826964309267}, "datetime": {"datetime": "2023-11-28 08:13:29", "elapsed": 219.252926, "delta": 4.224393}}
{"target": 0.5, "params": {"activation_function": 0.23726624271182706, "amount_of_layers": 5.727752597538992, "batch_size": 113.79711248521771, "dropout_rate": 0.2976940018004753, "epochs": 66.84881278815465, "hidden_channels": 95.28436836393999, "learning_rate": 0.08143568658097895, "optimizer": 0.9688562885561454, "pooling_algorithm": 0.5049384156988053}, "datetime": {"datetime": "2023-11-28 08:13:32", "elapsed": 222.592058, "delta": 3.339132}}
{"target": 0.9, "params": {"activation_function": 1.1152780173096344, "amount_of_layers": 5.808650640170798, "batch_size": 90.37492111295353, "dropout_rate": 0.3004044534978099, "epochs": 21.79064837008169, "hidden_channels": 78.11966601879558, "learning_rate": 0.027024075664133403, "optimizer": 0.4893819296610429, "pooling_algorithm": 0.9979899077724658}, "datetime": {"datetime": "2023-11-28 08:13:33", "elapsed": 223.776086, "delta": 1.184028}}
{"target": 0.7928571428571429, "params": {"activation_function": 1.59941772498851, "amount_of_layers": 6.918116143694365, "batch_size": 89.15686632627232, "dropout_rate": 0.6562585281302035, "epochs": 23.01155463904815, "hidden_channels": 77.09636086324292, "learning_rate": 0.08824094714755246, "optimizer": 0.10397917849650318, "pooling_algorithm": 0.24014628498984025}, "datetime": {"datetime": "2023-11-28 08:13:35", "elapsed": 225.06665, "delta": 1.290564}}
{"target": 0.5, "params": {"activation_function": 1.6797753666729967, "amount_of_layers": 1.8102583010099647, "batch_size": 114.18298994994338, "dropout_rate": 0.3124657646340682, "epochs": 117.19189421580936, "hidden_channels": 41.26170900794892, "learning_rate": 0.05784242674076057, "optimizer": 1.4496883359975148, "pooling_algorithm": 0.9643626546861364}, "datetime": {"datetime": "2023-11-28 08:13:37", "elapsed": 227.87931, "delta": 2.81266}}
{"target": 0.9035714285714286, "params": {"activation_function": 0.12915825040467332, "amount_of_layers": 7.881005086514577, "batch_size": 86.76288555899912, "dropout_rate": 0.2744875426156866, "epochs": 114.0170517317037, "hidden_channels": 99.64452960677572, "learning_rate": 0.06621823136458949, "optimizer": 0.01907946008174144, "pooling_algorithm": 0.735622671548575}, "datetime": {"datetime": "2023-11-28 08:13:44", "elapsed": 234.244129, "delta": 6.364819}}
{"target": 0.6821428571428572, "params": {"activation_function": 1.7801379544816727, "amount_of_layers": 4.286151028252349, "batch_size": 116.13066209343428, "dropout_rate": 0.32297057440658516, "epochs": 95.67278548975459, "hidden_channels": 34.992247033347496, "learning_rate": 0.047773132044521965, "optimizer": 1.7473614569819833, "pooling_algorithm": 0.4222639019058496}, "datetime": {"datetime": "2023-11-28 08:13:46", "elapsed": 236.661483, "delta": 2.417354}}
{"target": 0.7357142857142857, "params": {"activation_function": 0.6467472640672314, "amount_of_layers": 6.814665810165362, "batch_size": 20.603451440388135, "dropout_rate": 0.46897836980367447, "epochs": 88.93210002854242, "hidden_channels": 12.756087803562412, "learning_rate": 0.016916750595613962, "optimizer": 0.306745775208598, "pooling_algorithm": 0.378292581162725}, "datetime": {"datetime": "2023-11-28 08:13:52", "elapsed": 242.143107, "delta": 5.481624}}
{"target": 0.0, "params": {"activation_function": 0.9339997776675741, "amount_of_layers": 8.797976034993482, "batch_size": 133.94999148693364, "dropout_rate": 0.4763822446074247, "epochs": 90.58843910090657, "hidden_channels": 106.15577833026994, "learning_rate": 0.08063271051154025, "optimizer": 1.5441091669048974, "pooling_algorithm": 0.39595166368573687}, "datetime": {"datetime": "2023-11-28 08:14:00", "elapsed": 250.126447, "delta": 7.98334}}
{"target": 0.5, "params": {"activation_function": 0.672397211900261, "amount_of_layers": 4.2881767643061295, "batch_size": 64.00483683755807, "dropout_rate": 0.6250904990920741, "epochs": 110.02072440372048, "hidden_channels": 73.61010574254857, "learning_rate": 0.019260795743641364, "optimizer": 0.5066998440527011, "pooling_algorithm": 0.6733821848725539}, "datetime": {"datetime": "2023-11-28 08:14:10", "elapsed": 259.97084, "delta": 9.844393}}
{"target": 0.7428571428571429, "params": {"activation_function": 0.688110017604006, "amount_of_layers": 3.6229576059390585, "batch_size": 55.567801593565775, "dropout_rate": 0.6215802262039023, "epochs": 90.68701750666855, "hidden_channels": 120.01484811097828, "learning_rate": 0.01294613417562819, "optimizer": 0.028621925664271908, "pooling_algorithm": 0.2463276971910967}, "datetime": {"datetime": "2023-11-28 08:14:14", "elapsed": 263.940547, "delta": 3.969707}}
{"target": 0.7375, "params": {"activation_function": 1.9340713732274115, "amount_of_layers": 5.544910397948779, "batch_size": 55.02492156082745, "dropout_rate": 0.31860903071476987, "epochs": 12.860351423437837, "hidden_channels": 50.457978215288236, "learning_rate": 0.07694265009934274, "optimizer": 0.985396756957583, "pooling_algorithm": 0.19427318692756135}, "datetime": {"datetime": "2023-11-28 08:14:14", "elapsed": 264.728188, "delta": 0.787641}}
{"target": 0.5964285714285714, "params": {"activation_function": 0.047913178892275754, "amount_of_layers": 5.255136391687204, "batch_size": 25.31581865749279, "dropout_rate": 0.4465606027977879, "epochs": 174.04551703291202, "hidden_channels": 95.15312763490405, "learning_rate": 0.014237870854948063, "optimizer": 1.5339211062454003, "pooling_algorithm": 0.08612368789990632}, "datetime": {"datetime": "2023-11-28 08:14:24", "elapsed": 274.832897, "delta": 10.104709}}
{"target": 0.5, "params": {"activation_function": 0.3993803903871309, "amount_of_layers": 5.019069469721773, "batch_size": 74.76222654800443, "dropout_rate": 0.5111116620088085, "epochs": 32.840677076073106, "hidden_channels": 109.40445051986566, "learning_rate": 0.09251784740023979, "optimizer": 0.7224859884096855, "pooling_algorithm": 0.4141026315914791}, "datetime": {"datetime": "2023-11-28 08:14:26", "elapsed": 276.620235, "delta": 1.787338}}
{"target": 0.8428571428571429, "params": {"activation_function": 0.3821930067000583, "amount_of_layers": 1.3268496757007782, "batch_size": 67.94323680228268, "dropout_rate": 0.44672152624977324, "epochs": 175.43559396889603, "hidden_channels": 52.959761283297034, "learning_rate": 0.00918900713052358, "optimizer": 1.9315524033566525, "pooling_algorithm": 0.8601472292454525}, "datetime": {"datetime": "2023-11-28 08:14:30", "elapsed": 280.081325, "delta": 3.46109}}
{"target": 0.7464285714285714, "params": {"activation_function": 0.04347259086309596, "amount_of_layers": 6.837679681704653, "batch_size": 122.62798423832037, "dropout_rate": 0.42716058679376046, "epochs": 128.47679841600603, "hidden_channels": 56.79019298119276, "learning_rate": 0.02397618451619321, "optimizer": 0.32894627535160015, "pooling_algorithm": 0.49529633486051716}, "datetime": {"datetime": "2023-11-28 08:14:35", "elapsed": 284.996044, "delta": 4.914719}}
{"target": 0.7410714285714286, "params": {"activation_function": 1.9651608774639278, "amount_of_layers": 4.67268745604873, "batch_size": 64.66318274602385, "dropout_rate": 0.5921592136294345, "epochs": 53.389662229927374, "hidden_channels": 23.36470666418242, "learning_rate": 0.05949311108080119, "optimizer": 0.8458107787098383, "pooling_algorithm": 0.43728261545069835}, "datetime": {"datetime": "2023-11-28 08:14:36", "elapsed": 286.807316, "delta": 1.811272}}
