{"target": 0.9107142857142858, "params": {"activation_function": 0.4672222719672119, "amount_of_layers": 1.2751009768259456, "batch_size": 93.73191800704141, "dropout_rate": 0.31455714328986956, "epochs": 140.38587697761602, "hidden_channels": 89.09201773863587, "learning_rate": 0.08744640091283153, "optimizer": 0.2539298059311037, "pooling_algorithm": 0.5896685934409901}, "datetime": {"datetime": "2023-11-28 01:21:05", "elapsed": 0.0, "delta": 0.0}}
{"target": 0.44642857142857145, "params": {"activation_function": 0.10510445028763127, "amount_of_layers": 3.57829096381471, "batch_size": 77.06860778646353, "dropout_rate": 0.7024884172344693, "epochs": 112.85323507525976, "hidden_channels": 9.544802681435467, "learning_rate": 0.07002774643284657, "optimizer": 1.9878507263716811, "pooling_algorithm": 0.1999290559135013}, "datetime": {"datetime": "2023-11-28 01:21:08", "elapsed": 2.305842, "delta": 2.305842}}
{"target": 0.8946428571428571, "params": {"activation_function": 1.2831305563378945, "amount_of_layers": 6.930567597360081, "batch_size": 54.583156350346506, "dropout_rate": 0.29841469651591734, "epochs": 135.96315138025346, "hidden_channels": 22.39407946811326, "learning_rate": 0.0647421455410158, "optimizer": 0.3960620050106958, "pooling_algorithm": 0.6305050743128273}, "datetime": {"datetime": "2023-11-28 01:21:12", "elapsed": 7.006655, "delta": 4.700813}}
{"target": 0.5, "params": {"activation_function": 1.3100769835870434, "amount_of_layers": 6.73433841320306, "batch_size": 86.55684203435128, "dropout_rate": 0.25386266479514674, "epochs": 17.854235279949744, "hidden_channels": 39.121389450476926, "learning_rate": 0.09251282143387918, "optimizer": 0.6092030763735636, "pooling_algorithm": 0.9374518012106771}, "datetime": {"datetime": "2023-11-28 01:21:13", "elapsed": 7.530979, "delta": 0.524324}}
{"target": 0.7714285714285715, "params": {"activation_function": 1.7709448593224488, "amount_of_layers": 4.6878136111201405, "batch_size": 75.38821769548747, "dropout_rate": 0.7161333303755624, "epochs": 130.734898395307, "hidden_channels": 79.9461846208353, "learning_rate": 0.051594056209912025, "optimizer": 0.39048602996468995, "pooling_algorithm": 0.4969459659992542}, "datetime": {"datetime": "2023-11-28 01:21:16", "elapsed": 10.359152, "delta": 2.828173}}
{"target": 0.5, "params": {"activation_function": 0.19319538151353743, "amount_of_layers": 7.442117085161061, "batch_size": 121.45952218796539, "dropout_rate": 0.6166657228400454, "epochs": 13.252114203092873, "hidden_channels": 35.13372618464555, "learning_rate": 0.01639082135258788, "optimizer": 1.605315945952073, "pooling_algorithm": 0.4332108762569624}, "datetime": {"datetime": "2023-11-28 01:21:16", "elapsed": 10.733155, "delta": 0.374003}}
{"target": 0.5, "params": {"activation_function": 0.7233897335875226, "amount_of_layers": 6.739507980407601, "batch_size": 102.77252257760237, "dropout_rate": 0.581044554360203, "epochs": 116.33927571409161, "hidden_channels": 94.30102102197026, "learning_rate": 0.09413568229376494, "optimizer": 1.9613554064767047, "pooling_algorithm": 0.6711310448211212}, "datetime": {"datetime": "2023-11-28 01:21:19", "elapsed": 13.804664, "delta": 3.071509}}
{"target": 0.5, "params": {"activation_function": 1.3139754310390577, "amount_of_layers": 2.1862989462403304, "batch_size": 39.25757306722818, "dropout_rate": 0.3144208970059077, "epochs": 92.21381455547215, "hidden_channels": 101.54042708963966, "learning_rate": 0.03612078789227964, "optimizer": 0.7008708883275165, "pooling_algorithm": 0.609017461926107}, "datetime": {"datetime": "2023-11-28 01:21:22", "elapsed": 16.347739, "delta": 2.543075}}
{"target": 0.9089285714285714, "params": {"activation_function": 0.1369177613999164, "amount_of_layers": 8.888456474843984, "batch_size": 67.95152797671645, "dropout_rate": 0.2846236668717499, "epochs": 174.02864922110788, "hidden_channels": 87.14566443691322, "learning_rate": 0.012608393545723951, "optimizer": 1.2694107609109526, "pooling_algorithm": 0.7968062004856109}, "datetime": {"datetime": "2023-11-28 01:21:29", "elapsed": 23.788177, "delta": 7.440438}}
{"target": 0.9107142857142857, "params": {"activation_function": 0.9815734653787911, "amount_of_layers": 2.327538201807794, "batch_size": 88.65247681311193, "dropout_rate": 0.5987687973003463, "epochs": 170.3575068393485, "hidden_channels": 73.35932426528433, "learning_rate": 0.07765965930705529, "optimizer": 0.07884614445602245, "pooling_algorithm": 0.9805505516638198}, "datetime": {"datetime": "2023-11-28 01:21:32", "elapsed": 26.517169, "delta": 2.728992}}
{"target": 0.0, "params": {"activation_function": 0.9270865402420825, "amount_of_layers": 8.593328376294135, "batch_size": 58.28433442164132, "dropout_rate": 0.3192653536961851, "epochs": 30.25504313377653, "hidden_channels": 71.20184071460721, "learning_rate": 0.08645567612745021, "optimizer": 1.2341427989225813, "pooling_algorithm": 0.7258695233415164}, "datetime": {"datetime": "2023-11-28 01:21:33", "elapsed": 27.851191, "delta": 1.334022}}
{"target": 0.4035714285714286, "params": {"activation_function": 0.2794277715172455, "amount_of_layers": 3.3030177365220226, "batch_size": 25.146114443472705, "dropout_rate": 0.46249042940803037, "epochs": 144.17072368160024, "hidden_channels": 72.23084786408222, "learning_rate": 0.016065816713609238, "optimizer": 1.8492263476877924, "pooling_algorithm": 0.7326893208495245}, "datetime": {"datetime": "2023-11-28 01:21:39", "elapsed": 33.75171, "delta": 5.900519}}
{"target": 0.5, "params": {"activation_function": 1.123494274992585, "amount_of_layers": 4.454929897586761, "batch_size": 125.67622977918579, "dropout_rate": 0.4860203602277782, "epochs": 136.04525861190882, "hidden_channels": 14.490424782562231, "learning_rate": 0.0792542103732604, "optimizer": 1.191855937220815, "pooling_algorithm": 0.5320004327258564}, "datetime": {"datetime": "2023-11-28 01:21:42", "elapsed": 36.549164, "delta": 2.797454}}
{"target": 0.7250000000000001, "params": {"activation_function": 0.0005571115330560428, "amount_of_layers": 6.1762103941931965, "batch_size": 24.64931408584296, "dropout_rate": 0.6136233029473364, "epochs": 35.04252715473676, "hidden_channels": 44.3823598343642, "learning_rate": 0.021949285509659328, "optimizer": 0.043349519070749354, "pooling_algorithm": 0.12122463635553171}, "datetime": {"datetime": "2023-11-28 01:21:44", "elapsed": 38.643111, "delta": 2.093947}}
{"target": 0.26249999999999996, "params": {"activation_function": 1.0209464971856093, "amount_of_layers": 8.09506382003146, "batch_size": 111.5375662492455, "dropout_rate": 0.6316491028839906, "epochs": 80.20761523391569, "hidden_channels": 121.73461708525124, "learning_rate": 0.03969033692207373, "optimizer": 1.1653276495614122, "pooling_algorithm": 0.463390978747399}, "datetime": {"datetime": "2023-11-28 01:21:46", "elapsed": 40.957445, "delta": 2.314334}}
{"target": 0.8214285714285714, "params": {"activation_function": 1.071910673035137, "amount_of_layers": 1.854070357653737, "batch_size": 22.60406655170894, "dropout_rate": 0.2801512138121874, "epochs": 127.93917866989398, "hidden_channels": 29.984310516346444, "learning_rate": 0.03415474492283202, "optimizer": 1.3541519133171844, "pooling_algorithm": 0.46169607878520125}, "datetime": {"datetime": "2023-11-28 01:21:52", "elapsed": 46.393856, "delta": 5.436411}}
{"target": 0.5, "params": {"activation_function": 1.2187377658713194, "amount_of_layers": 8.75950698027889, "batch_size": 145.66615161759816, "dropout_rate": 0.6680639286805725, "epochs": 36.843576859998464, "hidden_channels": 115.09923364435646, "learning_rate": 0.06500592588946937, "optimizer": 1.9301008327586444, "pooling_algorithm": 0.5392579401039658}, "datetime": {"datetime": "2023-11-28 01:21:53", "elapsed": 47.501025, "delta": 1.107169}}
{"target": 0.12857142857142856, "params": {"activation_function": 1.5697403843912396, "amount_of_layers": 7.808449168678552, "batch_size": 106.39362298058195, "dropout_rate": 0.3246024865292772, "epochs": 61.984278595694065, "hidden_channels": 13.531709640229455, "learning_rate": 0.03986949286987264, "optimizer": 1.9720696949966028, "pooling_algorithm": 0.6839946831349883}, "datetime": {"datetime": "2023-11-28 01:21:54", "elapsed": 49.242, "delta": 1.740975}}
{"target": 0.8357142857142857, "params": {"activation_function": 0.5855964659100601, "amount_of_layers": 3.4568867343896645, "batch_size": 67.92743664265831, "dropout_rate": 0.5840594888840009, "epochs": 157.57661620649475, "hidden_channels": 123.98918344485907, "learning_rate": 0.008832193878803261, "optimizer": 0.7021684190600739, "pooling_algorithm": 0.3370929581016523}, "datetime": {"datetime": "2023-11-28 01:21:58", "elapsed": 53.189543, "delta": 3.947543}}
{"target": 0.9249999999999999, "params": {"activation_function": 1.9448249886147768, "amount_of_layers": 7.254741295598512, "batch_size": 142.6157204308551, "dropout_rate": 0.6115857858318423, "epochs": 112.7116591087955, "hidden_channels": 111.10461965994831, "learning_rate": 0.050232801110161665, "optimizer": 0.11150838599872248, "pooling_algorithm": 0.8913039462114734}, "datetime": {"datetime": "2023-11-28 01:22:01", "elapsed": 56.03874, "delta": 2.849197}}
{"target": 0.7035714285714286, "params": {"activation_function": 2.0, "amount_of_layers": 9.0, "batch_size": 105.74323176859676, "dropout_rate": 0.25, "epochs": 169.80809192865257, "hidden_channels": 107.79395340452892, "learning_rate": 0.001, "optimizer": 0.0, "pooling_algorithm": 0.35344537520242375}, "datetime": {"datetime": "2023-11-28 01:22:07", "elapsed": 61.359869, "delta": 5.321129}}
{"target": 0.9214285714285714, "params": {"activation_function": 2.0, "amount_of_layers": 1.0, "batch_size": 150.0, "dropout_rate": 0.6954230297382729, "epochs": 139.84763485180105, "hidden_channels": 101.31484649647808, "learning_rate": 0.021455599657638106, "optimizer": 0.0, "pooling_algorithm": 1.0}, "datetime": {"datetime": "2023-11-28 01:22:08", "elapsed": 62.925178, "delta": 1.565309}}
{"target": 0.7678571428571428, "params": {"activation_function": 1.3151394543969255, "amount_of_layers": 6.71215726317391, "batch_size": 53.179167059865186, "dropout_rate": 0.6776135701857551, "epochs": 134.7329713239028, "hidden_channels": 23.228091572076377, "learning_rate": 0.048799573736612936, "optimizer": 0.11676095545747334, "pooling_algorithm": 0.07549495534865491}, "datetime": {"datetime": "2023-11-28 01:22:13", "elapsed": 67.74411, "delta": 4.818932}}
{"target": 0.6071428571428571, "params": {"activation_function": 0.20069391893426158, "amount_of_layers": 4.0823110906590685, "batch_size": 58.97757807335715, "dropout_rate": 0.7344028282834277, "epochs": 143.01363161373385, "hidden_channels": 22.18117760331143, "learning_rate": 0.03630272214401262, "optimizer": 0.3322668288940742, "pooling_algorithm": 0.2542407895844001}, "datetime": {"datetime": "2023-11-28 01:22:17", "elapsed": 71.706433, "delta": 3.962323}}
{"target": 0.9035714285714286, "params": {"activation_function": 1.9762388060681073, "amount_of_layers": 2.205106588467828, "batch_size": 148.5145202111299, "dropout_rate": 0.6792202827957791, "epochs": 134.8107716516327, "hidden_channels": 103.38436693703127, "learning_rate": 0.027842470869763707, "optimizer": 0.03933578152398885, "pooling_algorithm": 0.9699589505077277}, "datetime": {"datetime": "2023-11-28 01:22:19", "elapsed": 73.921131, "delta": 2.214698}}
{"target": 0.0, "params": {"activation_function": 1.217007979620136, "amount_of_layers": 2.657203489212338, "batch_size": 144.75421883688927, "dropout_rate": 0.4630397069188285, "epochs": 142.61664676154626, "hidden_channels": 103.55799105840065, "learning_rate": 0.0070092519859470395, "optimizer": 1.9331740677079485, "pooling_algorithm": 0.8572472505578398}, "datetime": {"datetime": "2023-11-28 01:22:22", "elapsed": 76.704451, "delta": 2.78332}}
{"target": 0.0, "params": {"activation_function": 1.5746411028809206, "amount_of_layers": 6.543980235491901, "batch_size": 143.88766203303163, "dropout_rate": 0.5123914512201899, "epochs": 112.7802901439269, "hidden_channels": 114.44697285427074, "learning_rate": 0.06952804542362066, "optimizer": 0.7765644215867649, "pooling_algorithm": 0.22798240045902474}, "datetime": {"datetime": "2023-11-28 01:22:25", "elapsed": 79.657462, "delta": 2.953011}}
{"target": 0.9035714285714287, "params": {"activation_function": 0.893570305985846, "amount_of_layers": 6.08896486739673, "batch_size": 55.3874037830564, "dropout_rate": 0.7490849753726381, "epochs": 134.6044639591612, "hidden_channels": 23.861765129427596, "learning_rate": 0.013083771142122804, "optimizer": 0.08426466543181865, "pooling_algorithm": 0.6835611910371621}, "datetime": {"datetime": "2023-11-28 01:22:29", "elapsed": 84.072057, "delta": 4.414595}}
{"target": 0.5, "params": {"activation_function": 1.747877101760842, "amount_of_layers": 1.9128954252310795, "batch_size": 149.5074533313309, "dropout_rate": 0.533323982035107, "epochs": 139.3019269611598, "hidden_channels": 100.02621802485339, "learning_rate": 0.09333064858733298, "optimizer": 1.6455950819730545, "pooling_algorithm": 0.34758901756397487}, "datetime": {"datetime": "2023-11-28 01:22:31", "elapsed": 85.515621, "delta": 1.443564}}
{"target": 0.21428571428571427, "params": {"activation_function": 1.8892958139805562, "amount_of_layers": 3.6098495271995397, "batch_size": 69.16101687574823, "dropout_rate": 0.6718509406237793, "epochs": 157.10277211760922, "hidden_channels": 125.26480918033178, "learning_rate": 0.037772503430899704, "optimizer": 0.21447901123844004, "pooling_algorithm": 0.4184547377260259}, "datetime": {"datetime": "2023-11-28 01:22:35", "elapsed": 89.821329, "delta": 4.305708}}
{"target": 0.5, "params": {"activation_function": 0.8898355567954463, "amount_of_layers": 6.58232263856202, "batch_size": 54.331760539819534, "dropout_rate": 0.7072291625702218, "epochs": 136.8137039015681, "hidden_channels": 18.371878115255385, "learning_rate": 0.06136092145774832, "optimizer": 0.8932210931102551, "pooling_algorithm": 0.6301283286999178}, "datetime": {"datetime": "2023-11-28 01:22:40", "elapsed": 94.789939, "delta": 4.96861}}
{"target": 0.2660714285714285, "params": {"activation_function": 0.942058686829689, "amount_of_layers": 3.3569866970597486, "batch_size": 92.90863172033437, "dropout_rate": 0.25306059293162814, "epochs": 139.28142036035445, "hidden_channels": 91.02883768242185, "learning_rate": 0.04918907744949706, "optimizer": 1.2449774568619936, "pooling_algorithm": 0.32862970147013515}, "datetime": {"datetime": "2023-11-28 01:22:43", "elapsed": 97.455337, "delta": 2.665398}}
{"target": 0.5, "params": {"activation_function": 1.7341943629078413, "amount_of_layers": 8.457515129246179, "batch_size": 68.9337154940045, "dropout_rate": 0.3365129231581814, "epochs": 173.4660086324721, "hidden_channels": 86.00959948644649, "learning_rate": 0.04728639813253984, "optimizer": 0.7059581378382882, "pooling_algorithm": 0.7012392525287787}, "datetime": {"datetime": "2023-11-28 01:22:49", "elapsed": 104.164682, "delta": 6.709345}}
{"target": 0.8607142857142858, "params": {"activation_function": 1.8698399625620614, "amount_of_layers": 6.326556293974718, "batch_size": 50.27463981253423, "dropout_rate": 0.7106866063308286, "epochs": 134.28633658360542, "hidden_channels": 22.79083408557047, "learning_rate": 0.004230075517001872, "optimizer": 0.5662823957723424, "pooling_algorithm": 0.7040980118251841}, "datetime": {"datetime": "2023-11-28 01:22:54", "elapsed": 108.508645, "delta": 4.343963}}
{"target": 0.5, "params": {"activation_function": 0.1412104405171486, "amount_of_layers": 1.152682880580386, "batch_size": 96.05718562400993, "dropout_rate": 0.40528803733795316, "epochs": 138.9694753385248, "hidden_channels": 88.22174943126566, "learning_rate": 0.06354846338779868, "optimizer": 0.5619657124221693, "pooling_algorithm": 0.7905186024820752}, "datetime": {"datetime": "2023-11-28 01:22:56", "elapsed": 110.591407, "delta": 2.082762}}
{"target": 0.5, "params": {"activation_function": 1.4480061013394152, "amount_of_layers": 4.562967885287263, "batch_size": 23.18615123226899, "dropout_rate": 0.6828157765086561, "epochs": 36.28855939223715, "hidden_channels": 43.792572903587235, "learning_rate": 0.034533836461489616, "optimizer": 1.560520368994928, "pooling_algorithm": 0.8996054057352018}, "datetime": {"datetime": "2023-11-28 01:22:58", "elapsed": 112.881099, "delta": 2.289692}}
{"target": 0.7357142857142857, "params": {"activation_function": 1.4323113070972184, "amount_of_layers": 8.77459898490093, "batch_size": 55.68219460529054, "dropout_rate": 0.3967126844414495, "epochs": 134.81903944994457, "hidden_channels": 21.638698982927586, "learning_rate": 0.04947847723888776, "optimizer": 1.0671648201709407, "pooling_algorithm": 0.3286761806767803}, "datetime": {"datetime": "2023-11-28 01:23:04", "elapsed": 118.551257, "delta": 5.670158}}
{"target": 0.5, "params": {"activation_function": 1.1178371479721811, "amount_of_layers": 8.165513801853628, "batch_size": 51.61128500080646, "dropout_rate": 0.44266772549800376, "epochs": 137.0287271221652, "hidden_channels": 22.859988607554875, "learning_rate": 0.0339258647470898, "optimizer": 1.9689149876294199, "pooling_algorithm": 0.6265950764044085}, "datetime": {"datetime": "2023-11-28 01:23:09", "elapsed": 123.703697, "delta": 5.15244}}
{"target": 0.5, "params": {"activation_function": 0.8858635148875893, "amount_of_layers": 2.0663718520666574, "batch_size": 94.63592273387574, "dropout_rate": 0.549596638238904, "epochs": 141.46929269039452, "hidden_channels": 85.9563392538309, "learning_rate": 0.08536108778736834, "optimizer": 0.8638443058276772, "pooling_algorithm": 0.6812435017725184}, "datetime": {"datetime": "2023-11-28 01:23:11", "elapsed": 126.107071, "delta": 2.403374}}
{"target": 0.31785714285714284, "params": {"activation_function": 0.2726751909597007, "amount_of_layers": 4.826666270923713, "batch_size": 50.01365011000274, "dropout_rate": 0.5406385014991728, "epochs": 135.55736760567478, "hidden_channels": 23.477980052946215, "learning_rate": 0.00597497147662853, "optimizer": 0.3554877452101033, "pooling_algorithm": 0.09540002417278692}, "datetime": {"datetime": "2023-11-28 01:23:15", "elapsed": 130.004541, "delta": 3.89747}}
{"target": 0.7357142857142858, "params": {"activation_function": 1.0768335281697494, "amount_of_layers": 6.702997823447987, "batch_size": 56.57726743655839, "dropout_rate": 0.2972977216112246, "epochs": 131.95293440564987, "hidden_channels": 26.492464339957227, "learning_rate": 0.08475010265925333, "optimizer": 0.28557095348691597, "pooling_algorithm": 0.18903264877913806}, "datetime": {"datetime": "2023-11-28 01:23:20", "elapsed": 134.715931, "delta": 4.71139}}
{"target": 0.7375, "params": {"activation_function": 1.4406966791504183, "amount_of_layers": 2.588816551026314, "batch_size": 23.484035424895943, "dropout_rate": 0.4526009229333339, "epochs": 127.69230247521232, "hidden_channels": 31.024120210143703, "learning_rate": 0.03905656259156406, "optimizer": 1.3967099533744904, "pooling_algorithm": 0.25208779158421435}, "datetime": {"datetime": "2023-11-28 01:23:26", "elapsed": 141.02092, "delta": 6.304989}}
{"target": 0.375, "params": {"activation_function": 1.3606246856634832, "amount_of_layers": 4.088894034827776, "batch_size": 87.63419880374131, "dropout_rate": 0.6335093526189579, "epochs": 171.15903968853576, "hidden_channels": 76.21064220157456, "learning_rate": 0.08113741755274868, "optimizer": 0.32866819016702764, "pooling_algorithm": 0.22535238235602728}, "datetime": {"datetime": "2023-11-28 01:23:30", "elapsed": 144.489806, "delta": 3.468886}}
{"target": 0.5964285714285714, "params": {"activation_function": 0.8117240058446409, "amount_of_layers": 6.25259669801877, "batch_size": 25.09030332178176, "dropout_rate": 0.7402563773963151, "epochs": 33.788818687531474, "hidden_channels": 45.77453082309363, "learning_rate": 0.05407648512867115, "optimizer": 1.2270260945863332, "pooling_algorithm": 0.9479603223597963}, "datetime": {"datetime": "2023-11-28 01:23:32", "elapsed": 146.625854, "delta": 2.136048}}
{"target": 0.5, "params": {"activation_function": 1.1657656796098248, "amount_of_layers": 1.2283991636484686, "batch_size": 87.17245358233815, "dropout_rate": 0.6706166345956304, "epochs": 169.39409985800802, "hidden_channels": 73.6994837644081, "learning_rate": 0.0854737911446863, "optimizer": 1.3446282708209085, "pooling_algorithm": 0.651875463174167}, "datetime": {"datetime": "2023-11-28 01:23:34", "elapsed": 149.163778, "delta": 2.537924}}
{"target": 0.7375, "params": {"activation_function": 1.5889945956085927, "amount_of_layers": 8.434953269159053, "batch_size": 53.18723279891295, "dropout_rate": 0.747890421256332, "epochs": 134.31046955274692, "hidden_channels": 21.832016186876047, "learning_rate": 0.09038980421647788, "optimizer": 1.1189178315963404, "pooling_algorithm": 0.45148918129115323}, "datetime": {"datetime": "2023-11-28 01:23:40", "elapsed": 154.398724, "delta": 5.234946}}
{"target": 0.26071428571428573, "params": {"activation_function": 1.8687804574348783, "amount_of_layers": 6.83791099494173, "batch_size": 75.47442938125383, "dropout_rate": 0.5400779076343422, "epochs": 129.46632432945893, "hidden_channels": 77.62981846583405, "learning_rate": 0.035619901096001716, "optimizer": 1.5836156313459169, "pooling_algorithm": 0.12295720100178087}, "datetime": {"datetime": "2023-11-28 01:23:43", "elapsed": 157.783849, "delta": 3.385125}}
{"target": 0.5, "params": {"activation_function": 0.3333239211016854, "amount_of_layers": 1.8823630661196376, "batch_size": 88.52745057579274, "dropout_rate": 0.30489547455453886, "epochs": 172.4647797580356, "hidden_channels": 73.16447787145412, "learning_rate": 0.01073826992390967, "optimizer": 1.5273278131646577, "pooling_algorithm": 0.631239881528337}, "datetime": {"datetime": "2023-11-28 01:23:46", "elapsed": 160.599976, "delta": 2.816127}}
