{"target": 0.0, "params": {"activation_function": 0.6617477895855464, "amount_of_layers": 8.1758147218309, "batch_size": 89.06305762839469, "dropout_rate": 0.5796648242643229, "epochs": 128.8036373910756, "hidden_channels": 54.85188309228002, "learning_rate": 0.05626316173335211, "optimizer": 1.7881137008359496, "pooling_algorithm": 0.4734861922834569}, "datetime": {"datetime": "2023-11-28 02:09:01", "elapsed": 153.475719, "delta": 3.684813}}
{"target": 0.2642857142857143, "params": {"activation_function": 0.8244655154149862, "amount_of_layers": 4.299139758747681, "batch_size": 24.737943555186533, "dropout_rate": 0.6495301610327471, "epochs": 109.3472130490452, "hidden_channels": 86.70460979971777, "learning_rate": 0.021149132065886898, "optimizer": 0.2664787743193653, "pooling_algorithm": 0.026205489261700743}, "datetime": {"datetime": "2023-11-28 02:09:06", "elapsed": 158.607216, "delta": 5.131497}}
{"target": 0.0, "params": {"activation_function": 0.6858179289680157, "amount_of_layers": 8.9728343675508, "batch_size": 127.79049852446045, "dropout_rate": 0.5070279777258788, "epochs": 39.46152577400129, "hidden_channels": 81.04043614331688, "learning_rate": 0.09039106396669425, "optimizer": 1.9229813626316323, "pooling_algorithm": 0.9985758435070564}, "datetime": {"datetime": "2023-11-28 02:09:07", "elapsed": 159.902006, "delta": 1.29479}}
{"target": 0.7821428571428573, "params": {"activation_function": 0.23541152714039337, "amount_of_layers": 4.8899492495799235, "batch_size": 66.83840084591199, "dropout_rate": 0.6321893059505197, "epochs": 72.54874474147371, "hidden_channels": 9.579590631592854, "learning_rate": 0.01255064529617458, "optimizer": 0.41875541628780955, "pooling_algorithm": 0.07514074848063346}, "datetime": {"datetime": "2023-11-28 02:09:10", "elapsed": 162.183048, "delta": 2.281042}}
{"target": 0.5, "params": {"activation_function": 0.4892463206380977, "amount_of_layers": 1.566238771247776, "batch_size": 64.51812908295986, "dropout_rate": 0.6514333218432067, "epochs": 28.83202225225469, "hidden_channels": 80.97249475198934, "learning_rate": 0.055170278043789024, "optimizer": 1.061339859588993, "pooling_algorithm": 0.8921310589890054}, "datetime": {"datetime": "2023-11-28 02:09:10", "elapsed": 162.925386, "delta": 0.742338}}
{"target": 0.0, "params": {"activation_function": 1.7059993503926474, "amount_of_layers": 4.806956534004631, "batch_size": 50.94899838625207, "dropout_rate": 0.34214052108160325, "epochs": 160.30587655845977, "hidden_channels": 61.71941157489169, "learning_rate": 0.06110030935347957, "optimizer": 1.8356584307918347, "pooling_algorithm": 0.8484419943431278}, "datetime": {"datetime": "2023-11-28 02:09:15", "elapsed": 167.722013, "delta": 4.796627}}
{"target": 0.8999999999999999, "params": {"activation_function": 0.5432950004128878, "amount_of_layers": 8.040416669309234, "batch_size": 56.5154111003311, "dropout_rate": 0.3529392989678017, "epochs": 75.65239348164681, "hidden_channels": 20.795436093436912, "learning_rate": 0.04659245002391942, "optimizer": 0.23411691112872868, "pooling_algorithm": 0.9207263134232062}, "datetime": {"datetime": "2023-11-28 02:09:18", "elapsed": 170.6833, "delta": 2.961287}}
{"target": 0.7517857142857143, "params": {"activation_function": 0.9073612108514377, "amount_of_layers": 1.8182589189698488, "batch_size": 148.33934944005287, "dropout_rate": 0.33204288691706657, "epochs": 72.7839527012318, "hidden_channels": 8.466561360203034, "learning_rate": 0.05137369631760616, "optimizer": 0.6149014861436086, "pooling_algorithm": 0.061428222124520704}, "datetime": {"datetime": "2023-11-28 02:09:19", "elapsed": 171.956732, "delta": 1.273432}}
{"target": 0.8178571428571428, "params": {"activation_function": 0.6130211931700296, "amount_of_layers": 2.939072337168775, "batch_size": 80.45738220599705, "dropout_rate": 0.6086122350001346, "epochs": 61.32006349485051, "hidden_channels": 86.8910266813675, "learning_rate": 0.02193671298295667, "optimizer": 1.4384679881030442, "pooling_algorithm": 0.07484609397853959}, "datetime": {"datetime": "2023-11-28 02:09:21", "elapsed": 173.209972, "delta": 1.25324}}
{"target": 0.5, "params": {"activation_function": 0.40939270455179533, "amount_of_layers": 3.452173737221206, "batch_size": 128.65621947257307, "dropout_rate": 0.4920165899435993, "epochs": 94.26516391656756, "hidden_channels": 22.607379486037008, "learning_rate": 0.08587165220755294, "optimizer": 1.4540424086926413, "pooling_algorithm": 0.8387961672198686}, "datetime": {"datetime": "2023-11-28 02:09:22", "elapsed": 175.12229, "delta": 1.912318}}
{"target": 0.9071428571428571, "params": {"activation_function": 0.12103385408378564, "amount_of_layers": 8.416284954815909, "batch_size": 65.9584863366959, "dropout_rate": 0.538078704145234, "epochs": 82.27677350108105, "hidden_channels": 56.436930517813074, "learning_rate": 0.039250608332131814, "optimizer": 0.00338430936087053, "pooling_algorithm": 0.5043671694124504}, "datetime": {"datetime": "2023-11-28 02:09:26", "elapsed": 178.352745, "delta": 3.230455}}
{"target": 0.125, "params": {"activation_function": 1.7677131617673854, "amount_of_layers": 2.4562865184754923, "batch_size": 72.77633252797149, "dropout_rate": 0.5720900584767126, "epochs": 122.42587433242133, "hidden_channels": 52.43642058065138, "learning_rate": 0.04286920506243977, "optimizer": 1.7237140042596386, "pooling_algorithm": 0.6289609068819803}, "datetime": {"datetime": "2023-11-28 02:09:28", "elapsed": 181.041179, "delta": 2.688434}}
{"target": 0.7035714285714286, "params": {"activation_function": 1.6615551605035082, "amount_of_layers": 5.83260710922729, "batch_size": 83.25955744202744, "dropout_rate": 0.6845140939082952, "epochs": 99.12685080337296, "hidden_channels": 111.50677214441492, "learning_rate": 0.03073439319719798, "optimizer": 0.04958634997168465, "pooling_algorithm": 0.31151205561113915}, "datetime": {"datetime": "2023-11-28 02:09:31", "elapsed": 183.50166, "delta": 2.460481}}
{"target": 0.0, "params": {"activation_function": 1.7359698927461105, "amount_of_layers": 3.6691513727017915, "batch_size": 18.715848025213315, "dropout_rate": 0.4400918336640303, "epochs": 155.34456425326235, "hidden_channels": 42.09061406773071, "learning_rate": 0.07640438301578895, "optimizer": 1.5224528915604476, "pooling_algorithm": 0.8799973542391684}, "datetime": {"datetime": "2023-11-28 02:09:40", "elapsed": 192.885714, "delta": 9.384054}}
{"target": 0.9035714285714286, "params": {"activation_function": 0.5620683997741118, "amount_of_layers": 7.075570832852589, "batch_size": 85.4703173700454, "dropout_rate": 0.6718113758806883, "epochs": 104.83286238985349, "hidden_channels": 74.68364812133572, "learning_rate": 0.042179121259724665, "optimizer": 0.16947685751693342, "pooling_algorithm": 0.5721609794550916}, "datetime": {"datetime": "2023-11-28 02:09:43", "elapsed": 195.678016, "delta": 2.792302}}
{"target": 0.0964285714285714, "params": {"activation_function": 1.9094722986428294, "amount_of_layers": 7.007695193737719, "batch_size": 45.40746509588209, "dropout_rate": 0.2774342948770329, "epochs": 142.114461740153, "hidden_channels": 24.088310960921746, "learning_rate": 0.007671110515772485, "optimizer": 0.713898452212324, "pooling_algorithm": 0.9132621359822339}, "datetime": {"datetime": "2023-11-28 02:09:50", "elapsed": 202.177822, "delta": 6.499806}}
{"target": 0.5, "params": {"activation_function": 0.7389451979284252, "amount_of_layers": 2.5817966038498916, "batch_size": 117.42417165738178, "dropout_rate": 0.28270339236119346, "epochs": 39.35245940775973, "hidden_channels": 101.76755897868884, "learning_rate": 0.06078927432150057, "optimizer": 0.908258287447065, "pooling_algorithm": 0.5931789634286113}, "datetime": {"datetime": "2023-11-28 02:09:50", "elapsed": 203.055968, "delta": 0.878146}}
{"target": 0.5, "params": {"activation_function": 0.30886105158417676, "amount_of_layers": 7.733672639077911, "batch_size": 64.83866876997806, "dropout_rate": 0.5707530604358985, "epochs": 33.60099292514228, "hidden_channels": 30.710653879534807, "learning_rate": 0.038617798326095076, "optimizer": 0.5244628918399801, "pooling_algorithm": 0.6944850188799605}, "datetime": {"datetime": "2023-11-28 02:09:52", "elapsed": 204.535827, "delta": 1.479859}}
{"target": 0.5, "params": {"activation_function": 0.17453959625344062, "amount_of_layers": 5.159171947317776, "batch_size": 147.8841359711999, "dropout_rate": 0.4942742165152688, "epochs": 146.97674481120555, "hidden_channels": 22.47528352910223, "learning_rate": 0.08234110382062677, "optimizer": 1.3344890858615637, "pooling_algorithm": 0.19724009210662385}, "datetime": {"datetime": "2023-11-28 02:09:55", "elapsed": 207.815389, "delta": 3.279562}}
{"target": 0.7375, "params": {"activation_function": 0.8881237299707629, "amount_of_layers": 4.250791307446166, "batch_size": 24.936375141713352, "dropout_rate": 0.7446864653619526, "epochs": 75.06455120666364, "hidden_channels": 90.07824665866099, "learning_rate": 0.011908122985102357, "optimizer": 1.3148906228343318, "pooling_algorithm": 0.3744090499714532}, "datetime": {"datetime": "2023-11-28 02:09:59", "elapsed": 211.576148, "delta": 3.760759}}
{"target": 0.0, "params": {"activation_function": 0.20976249872413755, "amount_of_layers": 5.3675147658578455, "batch_size": 107.81027833503897, "dropout_rate": 0.3725026765932143, "epochs": 149.2368657906337, "hidden_channels": 115.66947372996361, "learning_rate": 0.03608653332587623, "optimizer": 1.5247389930074284, "pooling_algorithm": 0.17479002298983093}, "datetime": {"datetime": "2023-11-28 02:10:02", "elapsed": 214.976216, "delta": 3.400068}}
{"target": 0.7392857142857143, "params": {"activation_function": 0.5076362840741835, "amount_of_layers": 5.65130283013449, "batch_size": 36.09356055657368, "dropout_rate": 0.6269506423390541, "epochs": 137.9751640224046, "hidden_channels": 97.29979481053941, "learning_rate": 0.006317165448960279, "optimizer": 0.005366438888289249, "pooling_algorithm": 0.3827283395279214}, "datetime": {"datetime": "2023-11-28 02:10:09", "elapsed": 221.88987, "delta": 6.913654}}
{"target": 0.7410714285714286, "params": {"activation_function": 0.785005500406498, "amount_of_layers": 6.302913263316063, "batch_size": 85.15054369042241, "dropout_rate": 0.566676450231796, "epochs": 104.89740251810564, "hidden_channels": 73.84459642638012, "learning_rate": 0.07873012288873406, "optimizer": 0.22490180200271248, "pooling_algorithm": 0.1407157028856646}, "datetime": {"datetime": "2023-11-28 02:10:12", "elapsed": 224.516047, "delta": 2.626177}}
{"target": 0.2607142857142857, "params": {"activation_function": 1.179284146534841, "amount_of_layers": 6.733550164708967, "batch_size": 67.92412717276645, "dropout_rate": 0.3808576594620438, "epochs": 80.24262553965455, "hidden_channels": 56.56011778742503, "learning_rate": 0.05208107162858594, "optimizer": 0.5535568893102465, "pooling_algorithm": 0.22514917185500183}, "datetime": {"datetime": "2023-11-28 02:10:15", "elapsed": 227.57917, "delta": 3.063123}}
{"target": 0.9071428571428571, "params": {"activation_function": 1.4498774464591722, "amount_of_layers": 4.543259578154473, "batch_size": 18.24458053934388, "dropout_rate": 0.42785535634207816, "epochs": 167.67278387527193, "hidden_channels": 14.981259451305682, "learning_rate": 0.0460136156990562, "optimizer": 0.33013617364980385, "pooling_algorithm": 0.5773846993361617}, "datetime": {"datetime": "2023-11-28 02:10:27", "elapsed": 239.927703, "delta": 12.348533}}
{"target": 0.26785714285714285, "params": {"activation_function": 1.3538373055627286, "amount_of_layers": 7.678148618662282, "batch_size": 56.50023530298313, "dropout_rate": 0.7217926935865585, "epochs": 176.48777238230684, "hidden_channels": 121.89392921987582, "learning_rate": 0.01687462234351437, "optimizer": 0.19466430771424426, "pooling_algorithm": 0.2991075876173588}, "datetime": {"datetime": "2023-11-28 02:10:34", "elapsed": 246.641423, "delta": 6.71372}}
{"target": 0.9107142857142857, "params": {"activation_function": 0.5523580668527124, "amount_of_layers": 1.9000442409711047, "batch_size": 53.362960357933524, "dropout_rate": 0.6169068891289652, "epochs": 16.57980514293568, "hidden_channels": 23.03880085662115, "learning_rate": 0.023107548587579525, "optimizer": 0.13597284093311957, "pooling_algorithm": 0.5379928780074231}, "datetime": {"datetime": "2023-11-28 02:10:34", "elapsed": 247.141703, "delta": 0.50028}}
{"target": 0.7553571428571428, "params": {"activation_function": 0.9382196555190043, "amount_of_layers": 1.240752213278621, "batch_size": 148.74014833778907, "dropout_rate": 0.5425831131451382, "epochs": 29.707894832070313, "hidden_channels": 126.1123843093257, "learning_rate": 0.01384641983495408, "optimizer": 1.3001024363997944, "pooling_algorithm": 0.35580459331508063}, "datetime": {"datetime": "2023-11-28 02:10:35", "elapsed": 247.670046, "delta": 0.528343}}
{"target": 0.7392857142857143, "params": {"activation_function": 1.6761630484612382, "amount_of_layers": 7.108528016938636, "batch_size": 62.347177322303885, "dropout_rate": 0.6827386716834127, "epochs": 59.57755882999104, "hidden_channels": 38.46804798628541, "learning_rate": 0.019400783663565548, "optimizer": 0.5939782924538557, "pooling_algorithm": 0.2398594442161568}, "datetime": {"datetime": "2023-11-28 02:10:37", "elapsed": 250.01057, "delta": 2.340524}}
{"target": 0.7357142857142857, "params": {"activation_function": 1.0493445491757238, "amount_of_layers": 5.545422107454599, "batch_size": 19.763892159205056, "dropout_rate": 0.5529427903635133, "epochs": 168.5041000973216, "hidden_channels": 17.190149465610634, "learning_rate": 0.008647420139290119, "optimizer": 0.9495602781050976, "pooling_algorithm": 0.020350138888124203}, "datetime": {"datetime": "2023-11-28 02:10:50", "elapsed": 263.009575, "delta": 12.999005}}
{"target": 0.0, "params": {"activation_function": 0.8370400432500604, "amount_of_layers": 4.835002464888782, "batch_size": 62.13652950245837, "dropout_rate": 0.28820377569473177, "epochs": 55.52878430460706, "hidden_channels": 35.17038902206247, "learning_rate": 0.07774159606420242, "optimizer": 1.557431973104505, "pooling_algorithm": 0.2208185842906315}, "datetime": {"datetime": "2023-11-28 02:10:52", "elapsed": 264.865366, "delta": 1.855791}}
{"target": 0.5, "params": {"activation_function": 0.2050285259950042, "amount_of_layers": 1.5248736120055675, "batch_size": 78.17716159595028, "dropout_rate": 0.2955872450607523, "epochs": 158.83814851888317, "hidden_channels": 62.605074525452586, "learning_rate": 0.0838672695179, "optimizer": 0.6547590889769621, "pooling_algorithm": 0.7235196687494974}, "datetime": {"datetime": "2023-11-28 02:10:55", "elapsed": 267.559755, "delta": 2.694389}}
{"target": 0.5, "params": {"activation_function": 0.4866859242467245, "amount_of_layers": 3.007429899153699, "batch_size": 42.12168580862658, "dropout_rate": 0.5308246424796406, "epochs": 138.69359799264234, "hidden_channels": 99.55323082178131, "learning_rate": 0.06298550335273226, "optimizer": 1.2339969283492684, "pooling_algorithm": 0.9665710286920031}, "datetime": {"datetime": "2023-11-28 02:10:59", "elapsed": 271.892481, "delta": 4.332726}}
{"target": 0.7607142857142857, "params": {"activation_function": 1.2640494790644732, "amount_of_layers": 1.2693616452160486, "batch_size": 33.641180330693906, "dropout_rate": 0.4287592180210578, "epochs": 145.81648243425465, "hidden_channels": 58.46041575610765, "learning_rate": 0.06335527564348635, "optimizer": 0.42471554456911287, "pooling_algorithm": 0.33038924413290105}, "datetime": {"datetime": "2023-11-28 02:11:03", "elapsed": 275.786194, "delta": 3.893713}}
{"target": 0.9035714285714286, "params": {"activation_function": 0.7578836652969225, "amount_of_layers": 1.8304332466447417, "batch_size": 77.62254089645451, "dropout_rate": 0.3085820747572775, "epochs": 161.89874109646107, "hidden_channels": 59.63925294172132, "learning_rate": 0.001, "optimizer": 1.3816963805708544, "pooling_algorithm": 0.7140852430246991}, "datetime": {"datetime": "2023-11-28 02:11:06", "elapsed": 278.581455, "delta": 2.795261}}
{"target": 0.5, "params": {"activation_function": 0.9396378843722237, "amount_of_layers": 7.151624921558321, "batch_size": 58.0388380886176, "dropout_rate": 0.43526431363072265, "epochs": 173.0100662493776, "hidden_channels": 122.21653477120437, "learning_rate": 0.06917766524107097, "optimizer": 1.1498487376320938, "pooling_algorithm": 0.5706522115788026}, "datetime": {"datetime": "2023-11-28 02:11:12", "elapsed": 284.705936, "delta": 6.124481}}
{"target": 0.5, "params": {"activation_function": 0.07165870446977252, "amount_of_layers": 3.3249909233540498, "batch_size": 82.92085449614167, "dropout_rate": 0.6407112553308205, "epochs": 61.28115473907204, "hidden_channels": 87.98473789775782, "learning_rate": 0.038493586269740275, "optimizer": 1.5778751128655524, "pooling_algorithm": 0.520486341284842}, "datetime": {"datetime": "2023-11-28 02:11:13", "elapsed": 285.932732, "delta": 1.226796}}
{"target": 0.9035714285714286, "params": {"activation_function": 0.1277104970934547, "amount_of_layers": 5.749879160383823, "batch_size": 19.12015348332595, "dropout_rate": 0.47005865401237895, "epochs": 58.99375334007632, "hidden_channels": 9.880449748190955, "learning_rate": 0.01029776365911704, "optimizer": 1.2582785054015047, "pooling_algorithm": 0.8936847137775992}, "datetime": {"datetime": "2023-11-28 02:11:18", "elapsed": 290.788851, "delta": 4.856119}}
{"target": 0.2607142857142857, "params": {"activation_function": 0.6725879177157921, "amount_of_layers": 7.527942074150438, "batch_size": 18.51110681082939, "dropout_rate": 0.3690513830097733, "epochs": 59.87293795892253, "hidden_channels": 8.239550594720649, "learning_rate": 0.06915413991625186, "optimizer": 1.6904754526008943, "pooling_algorithm": 0.3830197062818458}, "datetime": {"datetime": "2023-11-28 02:11:24", "elapsed": 296.323379, "delta": 5.534528}}
{"target": 0.5, "params": {"activation_function": 1.2083951132197612, "amount_of_layers": 7.048097837382805, "batch_size": 48.903621401914585, "dropout_rate": 0.5344220445144253, "epochs": 22.594647161513628, "hidden_channels": 31.68589654451053, "learning_rate": 0.09650762139076864, "optimizer": 0.8074816645134311, "pooling_algorithm": 0.6491655858911551}, "datetime": {"datetime": "2023-11-28 02:11:25", "elapsed": 297.5835, "delta": 1.260121}}
{"target": 0.3, "params": {"activation_function": 0.29629760987498543, "amount_of_layers": 1.3779520479194565, "batch_size": 54.097007141264264, "dropout_rate": 0.6485848444642643, "epochs": 15.398710092243078, "hidden_channels": 22.50935199936908, "learning_rate": 0.07545821967742121, "optimizer": 1.4927232097944896, "pooling_algorithm": 0.5249419077459585}, "datetime": {"datetime": "2023-11-28 02:11:25", "elapsed": 297.984724, "delta": 0.401224}}
{"target": 0.07321428571428572, "params": {"activation_function": 1.6288545446254217, "amount_of_layers": 1.767825175950363, "batch_size": 52.54536295374715, "dropout_rate": 0.6279743108491742, "epochs": 16.38925030743918, "hidden_channels": 22.54369848486323, "learning_rate": 0.06361654699411091, "optimizer": 1.1190863710483814, "pooling_algorithm": 0.9980828536530537}, "datetime": {"datetime": "2023-11-28 02:11:26", "elapsed": 298.432967, "delta": 0.448243}}
{"target": 0.39999999999999997, "params": {"activation_function": 0.1549753263774778, "amount_of_layers": 2.963749394841421, "batch_size": 66.88195080022965, "dropout_rate": 0.4868393376859607, "epochs": 72.91478457370286, "hidden_channels": 11.458644689740877, "learning_rate": 0.08014376276178349, "optimizer": 1.0034996311438722, "pooling_algorithm": 0.1956410934285523}, "datetime": {"datetime": "2023-11-28 02:11:28", "elapsed": 300.385651, "delta": 1.952684}}
{"target": 0.5, "params": {"activation_function": 1.438102381715589, "amount_of_layers": 6.330794233357175, "batch_size": 114.89298740242452, "dropout_rate": 0.4204480336701482, "epochs": 15.22575482121902, "hidden_channels": 28.752807880292554, "learning_rate": 0.04091474411171025, "optimizer": 0.8215113541284624, "pooling_algorithm": 0.8315561881589942}, "datetime": {"datetime": "2023-11-28 02:11:28", "elapsed": 300.873789, "delta": 0.488138}}
{"target": 0.5, "params": {"activation_function": 1.1037027317571044, "amount_of_layers": 2.782662257600241, "batch_size": 75.84200786194012, "dropout_rate": 0.33028134436266426, "epochs": 163.15765292198805, "hidden_channels": 58.90208186504057, "learning_rate": 0.018666287089529776, "optimizer": 1.1621654963217865, "pooling_algorithm": 0.6859554662444927}, "datetime": {"datetime": "2023-11-28 02:11:31", "elapsed": 303.901875, "delta": 3.028086}}
{"target": 0.2642857142857143, "params": {"activation_function": 1.3300090478939637, "amount_of_layers": 5.568683185979376, "batch_size": 70.74296643096528, "dropout_rate": 0.5821397075802863, "epochs": 146.18134669621762, "hidden_channels": 126.99133305046227, "learning_rate": 0.06767793070204535, "optimizer": 0.6784855821637175, "pooling_algorithm": 0.3072516410201964}, "datetime": {"datetime": "2023-11-28 02:11:36", "elapsed": 308.857859, "delta": 4.955984}}
{"target": 0.26785714285714285, "params": {"activation_function": 1.2001290199484351, "amount_of_layers": 4.922742870036725, "batch_size": 120.84298127344856, "dropout_rate": 0.550925276306841, "epochs": 90.819703605813, "hidden_channels": 109.27465881591698, "learning_rate": 0.005341325482057499, "optimizer": 0.9345993661654122, "pooling_algorithm": 0.2152560690049481}, "datetime": {"datetime": "2023-11-28 02:11:38", "elapsed": 311.033021, "delta": 2.175162}}
