{"target": 0.2892857142857143, "params": {"activation_function": 1.6041756930615405, "amount_of_layers": 3.128117779063923, "batch_size": 90.21231312337609, "dropout_rate": 0.564130781626996, "epochs": 13.300596364301137, "hidden_channels": 123.14126538019765, "learning_rate": 0.049017114047655005, "optimizer": 0.6033055889186365, "pooling_algorithm": 0.9132693117854428}, "datetime": {"datetime": "2023-11-28 09:42:52", "elapsed": 0.0, "delta": 0.0}}
{"target": 0.5, "params": {"activation_function": 0.09609174368615125, "amount_of_layers": 4.5745865646964345, "batch_size": 39.572260703167224, "dropout_rate": 0.5990013078919902, "epochs": 69.52704353635849, "hidden_channels": 50.20398208285826, "learning_rate": 0.09812119792994566, "optimizer": 1.441479275064372, "pooling_algorithm": 0.5817674938340307}, "datetime": {"datetime": "2023-11-28 09:42:55", "elapsed": 2.866889, "delta": 2.866889}}
{"target": 0.26071428571428573, "params": {"activation_function": 1.0355333218601477, "amount_of_layers": 7.197491326247076, "batch_size": 17.317818171319818, "dropout_rate": 0.47327171097322335, "epochs": 171.65007662513113, "hidden_channels": 27.90284472858297, "learning_rate": 0.0884376263766026, "optimizer": 1.8256819785941123, "pooling_algorithm": 0.0028226428778996837}, "datetime": {"datetime": "2023-11-28 09:43:08", "elapsed": 15.895264, "delta": 13.028375}}
{"target": 0.7928571428571429, "params": {"activation_function": 0.017824427702712198, "amount_of_layers": 3.945909403710745, "batch_size": 68.09388207061855, "dropout_rate": 0.73088318937022, "epochs": 162.7630813872593, "hidden_channels": 26.625198360093187, "learning_rate": 0.07160600825830032, "optimizer": 0.14561393228518194, "pooling_algorithm": 0.22006366247515496}, "datetime": {"datetime": "2023-11-28 09:43:12", "elapsed": 19.963513, "delta": 4.068249}}
{"target": 0.7374999999999999, "params": {"activation_function": 1.8921630261404423, "amount_of_layers": 7.876118195466969, "batch_size": 138.5910676559835, "dropout_rate": 0.3799235544175031, "epochs": 92.5102777063597, "hidden_channels": 125.10389383539905, "learning_rate": 0.06142155008050372, "optimizer": 0.8988939841641375, "pooling_algorithm": 0.2985142499219181}, "datetime": {"datetime": "2023-11-28 09:43:19", "elapsed": 27.08855, "delta": 7.125037}}
{"target": 0.5, "params": {"activation_function": 0.07145847692230567, "amount_of_layers": 6.03307442271817, "batch_size": 70.59905957551982, "dropout_rate": 0.675489246157258, "epochs": 149.05652582787184, "hidden_channels": 107.76505599072955, "learning_rate": 0.08901488044386055, "optimizer": 1.2987264139679715, "pooling_algorithm": 0.7950608674616771}, "datetime": {"datetime": "2023-11-28 09:43:27", "elapsed": 35.226721, "delta": 8.138171}}
{"target": 0.0, "params": {"activation_function": 0.594707162356271, "amount_of_layers": 6.979303519530306, "batch_size": 34.22450068509343, "dropout_rate": 0.41029135911096726, "epochs": 74.1823936245412, "hidden_channels": 57.545205316768445, "learning_rate": 0.08162121570999357, "optimizer": 1.6868119945960904, "pooling_algorithm": 0.39190841208138694}, "datetime": {"datetime": "2023-11-28 09:43:34", "elapsed": 41.959667, "delta": 6.732946}}
{"target": 0.7375, "params": {"activation_function": 0.5935889579359179, "amount_of_layers": 4.516969685192632, "batch_size": 111.70215595859425, "dropout_rate": 0.31749708114997127, "epochs": 141.4656522624981, "hidden_channels": 11.938028131832525, "learning_rate": 0.07632481412019093, "optimizer": 0.8151908645161703, "pooling_algorithm": 0.029941205261978632}, "datetime": {"datetime": "2023-11-28 09:43:38", "elapsed": 45.469383, "delta": 3.509716}}
{"target": 0.5, "params": {"activation_function": 0.2027876602773282, "amount_of_layers": 2.5811017118980892, "batch_size": 54.731260648966646, "dropout_rate": 0.4862502956218959, "epochs": 20.4687263723829, "hidden_channels": 107.00098014757432, "learning_rate": 0.03988748086770147, "optimizer": 1.7732478375262808, "pooling_algorithm": 0.5973404176162164}, "datetime": {"datetime": "2023-11-28 09:43:38", "elapsed": 46.236217, "delta": 0.766834}}
{"target": 0.7392857142857143, "params": {"activation_function": 1.6361720902572026, "amount_of_layers": 7.8600669261789715, "batch_size": 16.89983782629556, "dropout_rate": 0.3344430138386172, "epochs": 163.3807798472099, "hidden_channels": 11.47926699785842, "learning_rate": 0.07430214210050841, "optimizer": 0.9526517766459079, "pooling_algorithm": 0.36863041411957487}, "datetime": {"datetime": "2023-11-28 09:43:51", "elapsed": 58.886693, "delta": 12.650476}}
{"target": 0.8017857142857142, "params": {"activation_function": 0.03336228596691582, "amount_of_layers": 2.983469979471735, "batch_size": 64.03054144323168, "dropout_rate": 0.6441770160199216, "epochs": 163.9328374699861, "hidden_channels": 12.760822522168336, "learning_rate": 0.046128317532472186, "optimizer": 1.4856270824227094, "pooling_algorithm": 0.042865892337403566}, "datetime": {"datetime": "2023-11-28 09:43:55", "elapsed": 62.885569, "delta": 3.998876}}
{"target": 0.8214285714285714, "params": {"activation_function": 1.9488946665734133, "amount_of_layers": 5.641823162387962, "batch_size": 98.28939573302095, "dropout_rate": 0.7139104254069005, "epochs": 21.164865504305673, "hidden_channels": 37.7123931616943, "learning_rate": 0.0060333096209960885, "optimizer": 0.8543020822667791, "pooling_algorithm": 0.287378582788791}, "datetime": {"datetime": "2023-11-28 09:43:56", "elapsed": 63.581473, "delta": 0.695904}}
{"target": 0.5, "params": {"activation_function": 1.3481282586943115, "amount_of_layers": 5.066728657553522, "batch_size": 51.10887001149234, "dropout_rate": 0.25631429988270404, "epochs": 92.1057353104358, "hidden_channels": 87.88370765899438, "learning_rate": 0.05007830549437224, "optimizer": 1.6637606804925167, "pooling_algorithm": 0.9507175077698234}, "datetime": {"datetime": "2023-11-28 09:44:00", "elapsed": 67.420161, "delta": 3.838688}}
{"target": 0.0, "params": {"activation_function": 1.395903114746025, "amount_of_layers": 3.396222752306473, "batch_size": 20.724501064818682, "dropout_rate": 0.6121956916911943, "epochs": 125.43693839253665, "hidden_channels": 127.72456033849485, "learning_rate": 0.07739114777152604, "optimizer": 1.2725877447238807, "pooling_algorithm": 0.6075648874087474}, "datetime": {"datetime": "2023-11-28 09:44:07", "elapsed": 74.630165, "delta": 7.210004}}
{"target": 0.26428571428571423, "params": {"activation_function": 0.6717640106087919, "amount_of_layers": 6.30426869069047, "batch_size": 46.288029112454346, "dropout_rate": 0.30886523679217065, "epochs": 150.23619357335804, "hidden_channels": 100.85020116016943, "learning_rate": 0.023071006950462197, "optimizer": 1.8310012386474523, "pooling_algorithm": 0.4120629628930327}, "datetime": {"datetime": "2023-11-28 09:44:15", "elapsed": 82.766553, "delta": 8.136388}}
{"target": 0.9, "params": {"activation_function": 0.17453081397286874, "amount_of_layers": 6.655500749220068, "batch_size": 94.10669374358626, "dropout_rate": 0.3754234961462331, "epochs": 131.91490735505954, "hidden_channels": 68.92519513906078, "learning_rate": 0.07649953851406764, "optimizer": 0.40849438295924023, "pooling_algorithm": 0.9008547617806313}, "datetime": {"datetime": "2023-11-28 09:44:20", "elapsed": 87.91971, "delta": 5.153157}}
{"target": 0.2642857142857143, "params": {"activation_function": 0.7289152435929911, "amount_of_layers": 5.721284246363719, "batch_size": 100.85300040790275, "dropout_rate": 0.408049089907533, "epochs": 18.43371565196241, "hidden_channels": 84.04515497468365, "learning_rate": 0.007683766763799398, "optimizer": 1.5911098388963847, "pooling_algorithm": 0.0941560346497412}, "datetime": {"datetime": "2023-11-28 09:44:21", "elapsed": 88.697847, "delta": 0.778137}}
{"target": 0.9071428571428571, "params": {"activation_function": 0.07977859816069355, "amount_of_layers": 8.155943992066744, "batch_size": 143.53420685569003, "dropout_rate": 0.40935126467045796, "epochs": 94.15137678884798, "hidden_channels": 112.29142666044228, "learning_rate": 0.09329521750718284, "optimizer": 0.4866407621400206, "pooling_algorithm": 0.7011976386758713}, "datetime": {"datetime": "2023-11-28 09:44:27", "elapsed": 94.465939, "delta": 5.768092}}
{"target": 0.9107142857142858, "params": {"activation_function": 1.234210421988864, "amount_of_layers": 3.4136907765025457, "batch_size": 47.47600268757601, "dropout_rate": 0.4100491734625892, "epochs": 107.04457640625976, "hidden_channels": 9.832131912975843, "learning_rate": 0.05330334215416305, "optimizer": 0.13813031131071662, "pooling_algorithm": 0.5641530538864685}, "datetime": {"datetime": "2023-11-28 09:44:29", "elapsed": 97.13685, "delta": 2.670911}}
{"target": 0.5, "params": {"activation_function": 0.040160323718763324, "amount_of_layers": 8.674445794156528, "batch_size": 36.888386568557294, "dropout_rate": 0.6550025675050628, "epochs": 195.67138217669714, "hidden_channels": 113.94556992052752, "learning_rate": 0.08978483613842549, "optimizer": 1.131178657290375, "pooling_algorithm": 0.32514555995485517}, "datetime": {"datetime": "2023-11-28 09:44:46", "elapsed": 113.984744, "delta": 16.847894}}
{"target": 0.7357142857142858, "params": {"activation_function": 1.8549876817084685, "amount_of_layers": 5.45479148696055, "batch_size": 139.92145150243647, "dropout_rate": 0.49835271003287696, "epochs": 101.09670022080262, "hidden_channels": 115.73076986918207, "learning_rate": 0.03724112403237072, "optimizer": 0.723947443399479, "pooling_algorithm": 0.4255908658700243}, "datetime": {"datetime": "2023-11-28 09:44:51", "elapsed": 119.201164, "delta": 5.21642}}
{"target": 0.2642857142857143, "params": {"activation_function": 1.1050704254880652, "amount_of_layers": 5.7058812427454, "batch_size": 109.75835360572489, "dropout_rate": 0.2962205927508935, "epochs": 140.89749815191627, "hidden_channels": 12.184469833938628, "learning_rate": 0.014140751649580771, "optimizer": 0.41939086263422287, "pooling_algorithm": 0.4957193380490418}, "datetime": {"datetime": "2023-11-28 09:44:55", "elapsed": 123.006938, "delta": 3.805774}}
{"target": 0.8232142857142857, "params": {"activation_function": 1.9310409380657503, "amount_of_layers": 1.2946576507850072, "batch_size": 120.93802150185869, "dropout_rate": 0.36064251389217233, "epochs": 67.22454162304783, "hidden_channels": 23.769951869046245, "learning_rate": 0.06994166965496086, "optimizer": 0.547279322030529, "pooling_algorithm": 0.40132452164347343}, "datetime": {"datetime": "2023-11-28 09:44:56", "elapsed": 124.068846, "delta": 1.061908}}
{"target": 0.9089285714285714, "params": {"activation_function": 0.023463158050457844, "amount_of_layers": 8.271071772228812, "batch_size": 119.53158526056261, "dropout_rate": 0.5273618930864036, "epochs": 171.42706181284518, "hidden_channels": 5.212297498831658, "learning_rate": 0.048215403348392825, "optimizer": 0.9299284875887173, "pooling_algorithm": 0.963563182050631}, "datetime": {"datetime": "2023-11-28 09:45:01", "elapsed": 129.041492, "delta": 4.972646}}
{"target": 0.8964285714285715, "params": {"activation_function": 1.5528883155314048, "amount_of_layers": 8.658289149294289, "batch_size": 135.6650364928779, "dropout_rate": 0.5831503264834991, "epochs": 29.116992718570685, "hidden_channels": 85.93449341915802, "learning_rate": 0.011563203493985416, "optimizer": 0.3208584542759927, "pooling_algorithm": 0.7310012105943785}, "datetime": {"datetime": "2023-11-28 09:45:03", "elapsed": 130.910017, "delta": 1.868525}}
{"target": 0.26249999999999996, "params": {"activation_function": 0.14851813901920252, "amount_of_layers": 6.491373386287307, "batch_size": 145.5394411817602, "dropout_rate": 0.5693022227473132, "epochs": 81.9552834892762, "hidden_channels": 22.287998280872902, "learning_rate": 0.08344646321873717, "optimizer": 0.9238825374279498, "pooling_algorithm": 0.2173461444321897}, "datetime": {"datetime": "2023-11-28 09:45:05", "elapsed": 133.228676, "delta": 2.318659}}
{"target": 0.7375, "params": {"activation_function": 1.752269573319452, "amount_of_layers": 6.392332965628055, "batch_size": 22.292956883258533, "dropout_rate": 0.6106447332900431, "epochs": 16.125064754165464, "hidden_channels": 66.79850461199332, "learning_rate": 0.07197923289295799, "optimizer": 1.4008076842859758, "pooling_algorithm": 0.14195373321644333}, "datetime": {"datetime": "2023-11-28 09:45:07", "elapsed": 134.421222, "delta": 1.192546}}
{"target": 0.5, "params": {"activation_function": 0.9925040263258413, "amount_of_layers": 5.010030661939233, "batch_size": 84.16917943375067, "dropout_rate": 0.3543773514202331, "epochs": 199.0616744423957, "hidden_channels": 110.45894089046453, "learning_rate": 0.00934110797455881, "optimizer": 0.5325087074525194, "pooling_algorithm": 0.6059578203560544}, "datetime": {"datetime": "2023-11-28 09:45:18", "elapsed": 145.377685, "delta": 10.956463}}
{"target": 0.9, "params": {"activation_function": 1.049182014063843, "amount_of_layers": 7.111720774808565, "batch_size": 31.294479507828136, "dropout_rate": 0.5934258276155391, "epochs": 106.42187231441572, "hidden_channels": 85.57585428013661, "learning_rate": 0.09742522361347737, "optimizer": 0.4829402571854846, "pooling_algorithm": 0.5244595862250175}, "datetime": {"datetime": "2023-11-28 09:45:24", "elapsed": 151.47989, "delta": 6.102205}}
{"target": 0.3214285714285714, "params": {"activation_function": 0.2981280774514401, "amount_of_layers": 3.1368390623839284, "batch_size": 21.992755843141722, "dropout_rate": 0.7014887033290418, "epochs": 91.16509694749976, "hidden_channels": 113.30382419999796, "learning_rate": 0.020418021986671038, "optimizer": 0.10046365804015456, "pooling_algorithm": 0.10624491694005522}, "datetime": {"datetime": "2023-11-28 09:45:28", "elapsed": 155.727303, "delta": 4.247413}}
{"target": 0.27142857142857146, "params": {"activation_function": 0.8108397269954204, "amount_of_layers": 3.947203723779521, "batch_size": 102.28555844227891, "dropout_rate": 0.7037385930886835, "epochs": 24.380144128755347, "hidden_channels": 29.208783248865377, "learning_rate": 0.006051041782858367, "optimizer": 1.166360213836473, "pooling_algorithm": 0.0682197895089438}, "datetime": {"datetime": "2023-11-28 09:45:29", "elapsed": 156.426748, "delta": 0.699445}}
{"target": 0.7410714285714286, "params": {"activation_function": 0.5529498804626571, "amount_of_layers": 3.6907415991640633, "batch_size": 98.97059818806918, "dropout_rate": 0.7325853836391022, "epochs": 132.5077651007582, "hidden_channels": 9.89359711336618, "learning_rate": 0.050533442886736404, "optimizer": 0.654746587029112, "pooling_algorithm": 0.32783539591264066}, "datetime": {"datetime": "2023-11-28 09:45:32", "elapsed": 159.452253, "delta": 3.025505}}
{"target": 0.7964285714285715, "params": {"activation_function": 1.1793213715517168, "amount_of_layers": 1.6729728159279533, "batch_size": 54.09396011907344, "dropout_rate": 0.5776948847325941, "epochs": 50.02998304138809, "hidden_channels": 114.30103588295896, "learning_rate": 0.023756787710615093, "optimizer": 1.21654430741137, "pooling_algorithm": 0.12169991631461219}, "datetime": {"datetime": "2023-11-28 09:45:33", "elapsed": 161.271374, "delta": 1.819121}}
{"target": 0.5142857142857142, "params": {"activation_function": 1.7142953987740592, "amount_of_layers": 2.523907764762831, "batch_size": 35.29674984841901, "dropout_rate": 0.2658004685749852, "epochs": 35.39362404910665, "hidden_channels": 49.01555310202009, "learning_rate": 0.03426832957139944, "optimizer": 1.3793876432434846, "pooling_algorithm": 0.7545199318331546}, "datetime": {"datetime": "2023-11-28 09:45:35", "elapsed": 162.676186, "delta": 1.404812}}
{"target": 0.7357142857142857, "params": {"activation_function": 1.3361972939050222, "amount_of_layers": 5.448313074525498, "batch_size": 123.87101324382212, "dropout_rate": 0.625966644324068, "epochs": 103.87343488619359, "hidden_channels": 13.95543587029111, "learning_rate": 0.020557252593120596, "optimizer": 0.15299324150657245, "pooling_algorithm": 0.18931085593435715}, "datetime": {"datetime": "2023-11-28 09:45:37", "elapsed": 165.346622, "delta": 2.670436}}
{"target": 0.5, "params": {"activation_function": 1.5097803974378354, "amount_of_layers": 7.434165412594512, "batch_size": 21.629994226930837, "dropout_rate": 0.4309792108361284, "epochs": 148.54642174193754, "hidden_channels": 90.94889190154282, "learning_rate": 0.07744754669043057, "optimizer": 1.6820899583746143, "pooling_algorithm": 0.4338148989184325}, "datetime": {"datetime": "2023-11-28 09:45:49", "elapsed": 176.771159, "delta": 11.424537}}
{"target": 0.7357142857142857, "params": {"activation_function": 0.712209071519422, "amount_of_layers": 6.019958769960771, "batch_size": 112.2757644183474, "dropout_rate": 0.5638621262957417, "epochs": 108.80165334219281, "hidden_channels": 32.77998387716519, "learning_rate": 0.0377109437325367, "optimizer": 0.7036078276062645, "pooling_algorithm": 0.4744820389591442}, "datetime": {"datetime": "2023-11-28 09:45:52", "elapsed": 180.015168, "delta": 3.244009}}
{"target": 0.5392857142857143, "params": {"activation_function": 0.4183340262295885, "amount_of_layers": 4.196376296811792, "batch_size": 32.137642718684674, "dropout_rate": 0.5255617665203629, "epochs": 190.19201832729433, "hidden_channels": 96.29113098505663, "learning_rate": 0.028059331317640508, "optimizer": 1.2361279878958582, "pooling_algorithm": 0.93038796064294}, "datetime": {"datetime": "2023-11-28 09:46:01", "elapsed": 188.630339, "delta": 8.615171}}
{"target": 0.5, "params": {"activation_function": 1.9813462701040734, "amount_of_layers": 1.3416403365764813, "batch_size": 63.08970049602922, "dropout_rate": 0.7059772643952928, "epochs": 109.53101412566737, "hidden_channels": 111.6660137576782, "learning_rate": 0.015042233906172753, "optimizer": 1.7040179535872768, "pooling_algorithm": 0.8330908828888459}, "datetime": {"datetime": "2023-11-28 09:46:04", "elapsed": 191.448163, "delta": 2.817824}}
{"target": 0.7, "params": {"activation_function": 1.0261950177458001, "amount_of_layers": 4.707180473636758, "batch_size": 97.20937163480224, "dropout_rate": 0.44524904131456144, "epochs": 51.07333581030053, "hidden_channels": 118.74147766909049, "learning_rate": 0.07353617042726836, "optimizer": 0.9023318432176015, "pooling_algorithm": 0.01072118703998437}, "datetime": {"datetime": "2023-11-28 09:46:10", "elapsed": 198.025768, "delta": 6.577605}}
{"target": 0.9, "params": {"activation_function": 1.196168071655178, "amount_of_layers": 7.783968190062596, "batch_size": 99.29117165734846, "dropout_rate": 0.740068080722806, "epochs": 109.16236840405631, "hidden_channels": 13.05595797474875, "learning_rate": 0.009207394730280042, "optimizer": 0.029247428679111565, "pooling_algorithm": 0.6981925733997196}, "datetime": {"datetime": "2023-11-28 09:46:14", "elapsed": 201.542088, "delta": 3.51632}}
{"target": 0.7410714285714286, "params": {"activation_function": 0.6739828632447873, "amount_of_layers": 8.809666708091534, "batch_size": 42.36391484950394, "dropout_rate": 0.5743026104389315, "epochs": 190.74862817054807, "hidden_channels": 10.302207954000712, "learning_rate": 0.09507045351913047, "optimizer": 1.2076612509895868, "pooling_algorithm": 0.3205221502076083}, "datetime": {"datetime": "2023-11-28 09:46:23", "elapsed": 211.159509, "delta": 9.617421}}
{"target": 0.5, "params": {"activation_function": 0.7907292855940546, "amount_of_layers": 6.402900702238322, "batch_size": 136.85340891527136, "dropout_rate": 0.4862715466836388, "epochs": 95.99017873794065, "hidden_channels": 109.67127657671342, "learning_rate": 0.07382211508561254, "optimizer": 1.8720226051003777, "pooling_algorithm": 0.024269343202005578}, "datetime": {"datetime": "2023-11-28 09:46:36", "elapsed": 223.409451, "delta": 12.249942}}
{"target": 0.9035714285714286, "params": {"activation_function": 1.1690792920293693, "amount_of_layers": 8.938436532131266, "batch_size": 38.71213284931256, "dropout_rate": 0.6293000873778103, "epochs": 49.97572134055096, "hidden_channels": 113.36758036503223, "learning_rate": 0.022380976768666638, "optimizer": 0.2541549032636823, "pooling_algorithm": 0.8556097211656468}, "datetime": {"datetime": "2023-11-28 09:46:40", "elapsed": 227.402722, "delta": 3.993271}}
{"target": 0.55, "params": {"activation_function": 1.7955012748634027, "amount_of_layers": 6.977217654600108, "batch_size": 56.27100433619872, "dropout_rate": 0.635602611281965, "epochs": 176.73565756249837, "hidden_channels": 81.26468146083958, "learning_rate": 0.031743265898164875, "optimizer": 0.6118679586882132, "pooling_algorithm": 0.9600556583730075}, "datetime": {"datetime": "2023-11-28 09:47:10", "elapsed": 257.680764, "delta": 30.278042}}
