{"target": 0.0, "params": {"activation_function": 1.4944209991031336, "amount_of_layers": 2.001262630295856, "batch_size": 117.8980981865176, "dropout_rate": 0.5942384968313627, "epochs": 46.895158962012054, "hidden_channels": 32.39141723786673, "learning_rate": 0.07924917900855871, "optimizer": 1.847248290480098, "pooling_algorithm": 0.6120921202232957}, "datetime": {"datetime": "2023-11-28 09:00:20", "elapsed": 215.999024, "delta": 0.965581}}
{"target": 0.9035714285714286, "params": {"activation_function": 1.3887938237819644, "amount_of_layers": 6.44715329310873, "batch_size": 27.140021024617873, "dropout_rate": 0.5964103394785449, "epochs": 185.8698554958718, "hidden_channels": 103.11167528382192, "learning_rate": 0.08404746180051309, "optimizer": 0.2525445054075186, "pooling_algorithm": 0.8300803013345791}, "datetime": {"datetime": "2023-11-28 09:00:31", "elapsed": 227.243662, "delta": 11.244638}}
{"target": 0.5, "params": {"activation_function": 1.043014583919711, "amount_of_layers": 8.92928430623079, "batch_size": 98.252693786482, "dropout_rate": 0.5375685843413549, "epochs": 27.87964004741921, "hidden_channels": 14.709557569908005, "learning_rate": 0.08010179968845565, "optimizer": 1.937663805880077, "pooling_algorithm": 0.8685723802252555}, "datetime": {"datetime": "2023-11-28 09:00:32", "elapsed": 228.771733, "delta": 1.528071}}
{"target": 0.9, "params": {"activation_function": 1.2114461288748886, "amount_of_layers": 1.9687187420448202, "batch_size": 83.31288292159104, "dropout_rate": 0.3647815894543409, "epochs": 64.59938025472903, "hidden_channels": 62.10050559463842, "learning_rate": 0.017340466128568644, "optimizer": 0.33132821986680616, "pooling_algorithm": 0.7919066394001927}, "datetime": {"datetime": "2023-11-28 09:00:34", "elapsed": 230.120109, "delta": 1.348376}}
{"target": 0.8214285714285715, "params": {"activation_function": 1.8473574410034679, "amount_of_layers": 5.402405283972861, "batch_size": 39.94763714748316, "dropout_rate": 0.26887181138035804, "epochs": 75.33917735801646, "hidden_channels": 63.16230455699854, "learning_rate": 0.014570683978079379, "optimizer": 0.9609448231400237, "pooling_algorithm": 0.4195962247185713}, "datetime": {"datetime": "2023-11-28 09:00:37", "elapsed": 233.292768, "delta": 3.172659}}
{"target": 0.7392857142857143, "params": {"activation_function": 1.9656921755909376, "amount_of_layers": 5.56088165326839, "batch_size": 38.12463218163951, "dropout_rate": 0.293352836131075, "epochs": 170.28948948722814, "hidden_channels": 45.175753452639974, "learning_rate": 0.0637201925980708, "optimizer": 1.0143612520212748, "pooling_algorithm": 0.2558753720374928}, "datetime": {"datetime": "2023-11-28 09:00:44", "elapsed": 240.760917, "delta": 7.468149}}
{"target": 0.7392857142857143, "params": {"activation_function": 1.9329700585880898, "amount_of_layers": 5.302890540796769, "batch_size": 119.48487371302022, "dropout_rate": 0.34857966755863906, "epochs": 119.75298199941447, "hidden_channels": 48.457844780312115, "learning_rate": 0.015134260628859711, "optimizer": 1.9533764251679808, "pooling_algorithm": 0.3013035045500648}, "datetime": {"datetime": "2023-11-28 09:00:48", "elapsed": 244.04255, "delta": 3.281633}}
{"target": 0.6, "params": {"activation_function": 1.9897551674903802, "amount_of_layers": 4.044838458700623, "batch_size": 72.29987570884178, "dropout_rate": 0.2855475227364227, "epochs": 128.33289952224712, "hidden_channels": 37.124015547411474, "learning_rate": 0.03394079999995684, "optimizer": 0.13811334388872232, "pooling_algorithm": 0.3396683751974109}, "datetime": {"datetime": "2023-11-28 09:00:51", "elapsed": 247.581802, "delta": 3.539252}}
{"target": 0.7285714285714285, "params": {"activation_function": 1.4236704263966402, "amount_of_layers": 4.438299647755529, "batch_size": 67.54401704121179, "dropout_rate": 0.39966414235895004, "epochs": 116.13586796857409, "hidden_channels": 46.49099791075393, "learning_rate": 0.014164334211683977, "optimizer": 0.2217191497906974, "pooling_algorithm": 0.26942645507626095}, "datetime": {"datetime": "2023-11-28 09:00:55", "elapsed": 251.043679, "delta": 3.461877}}
{"target": 0.85, "params": {"activation_function": 0.4659933736083359, "amount_of_layers": 4.323541103762676, "batch_size": 22.32597649606805, "dropout_rate": 0.3532528197660996, "epochs": 45.32155582761942, "hidden_channels": 33.660795310088616, "learning_rate": 0.020622813611406946, "optimizer": 0.6696819217112389, "pooling_algorithm": 0.3742238763615793}, "datetime": {"datetime": "2023-11-28 09:00:57", "elapsed": 253.413191, "delta": 2.369512}}
{"target": 0.9035714285714285, "params": {"activation_function": 0.43786308801874796, "amount_of_layers": 7.906800557895769, "batch_size": 142.4635170954781, "dropout_rate": 0.6628746822774597, "epochs": 28.907503700995072, "hidden_channels": 16.026984930027545, "learning_rate": 0.0023414383210806885, "optimizer": 1.8908297170671484, "pooling_algorithm": 0.9469157358298276}, "datetime": {"datetime": "2023-11-28 09:00:58", "elapsed": 254.672295, "delta": 1.259104}}
{"target": 0.6142857142857143, "params": {"activation_function": 0.6795078893726827, "amount_of_layers": 1.6675892931435898, "batch_size": 52.11809010714617, "dropout_rate": 0.3478279730923885, "epochs": 61.76888522496685, "hidden_channels": 14.321166007136066, "learning_rate": 0.04290642912880607, "optimizer": 1.0451047647265252, "pooling_algorithm": 0.6073169441697184}, "datetime": {"datetime": "2023-11-28 09:01:00", "elapsed": 256.265908, "delta": 1.593613}}
{"target": 0.5, "params": {"activation_function": 1.0914076686161827, "amount_of_layers": 2.1197034311237193, "batch_size": 103.08156021172655, "dropout_rate": 0.4862113324682848, "epochs": 33.79297225802513, "hidden_channels": 103.57516463971973, "learning_rate": 0.014388971556881687, "optimizer": 0.6542980205382958, "pooling_algorithm": 0.6747867545346019}, "datetime": {"datetime": "2023-11-28 09:01:02", "elapsed": 258.637356, "delta": 2.371448}}
{"target": 0.45, "params": {"activation_function": 1.9779686018192693, "amount_of_layers": 7.532225861563493, "batch_size": 68.25443922802413, "dropout_rate": 0.700582124647878, "epochs": 112.124225735235, "hidden_channels": 101.07710449652421, "learning_rate": 0.09574801240237446, "optimizer": 0.930244759563299, "pooling_algorithm": 0.8710403721482723}, "datetime": {"datetime": "2023-11-28 09:01:12", "elapsed": 268.025842, "delta": 9.388486}}
{"target": 0.26607142857142857, "params": {"activation_function": 1.4863549395774645, "amount_of_layers": 8.819535706162714, "batch_size": 77.93323737263577, "dropout_rate": 0.48605641830142304, "epochs": 128.22366659929372, "hidden_channels": 99.05296228834885, "learning_rate": 0.02776071421770813, "optimizer": 0.17352313356906723, "pooling_algorithm": 0.1406020512072127}, "datetime": {"datetime": "2023-11-28 09:01:20", "elapsed": 275.982794, "delta": 7.956952}}
{"target": 0.9142857142857144, "params": {"activation_function": 0.2052344475340342, "amount_of_layers": 6.725467815841801, "batch_size": 131.25936810529592, "dropout_rate": 0.6590356843966155, "epochs": 146.91009316910507, "hidden_channels": 111.48086871851102, "learning_rate": 0.046112350377384335, "optimizer": 0.25718631830664784, "pooling_algorithm": 0.6091447979115933}, "datetime": {"datetime": "2023-11-28 09:01:28", "elapsed": 284.71489, "delta": 8.732096}}
{"target": 0.0, "params": {"activation_function": 0.34087043395026195, "amount_of_layers": 3.7800460102384568, "batch_size": 138.96635068161618, "dropout_rate": 0.3075189451139439, "epochs": 42.48361304819266, "hidden_channels": 34.879612251229986, "learning_rate": 0.09785401352841643, "optimizer": 1.8706628591103969, "pooling_algorithm": 0.07939855579073074}, "datetime": {"datetime": "2023-11-28 09:01:30", "elapsed": 286.044426, "delta": 1.329536}}
{"target": 0.5, "params": {"activation_function": 1.4454191180484262, "amount_of_layers": 3.6941820443698665, "batch_size": 147.74344915269924, "dropout_rate": 0.5678845061509956, "epochs": 47.31592632383931, "hidden_channels": 33.03583152914885, "learning_rate": 0.03333017843887343, "optimizer": 1.0826629237818237, "pooling_algorithm": 0.6973870880682548}, "datetime": {"datetime": "2023-11-28 09:01:31", "elapsed": 287.512705, "delta": 1.468279}}
{"target": 0.3607142857142857, "params": {"activation_function": 0.044319476353749776, "amount_of_layers": 4.743807412518168, "batch_size": 66.07675993284454, "dropout_rate": 0.43550571843204605, "epochs": 116.94165108185722, "hidden_channels": 46.138576535291804, "learning_rate": 0.06348279744272718, "optimizer": 0.2443555004893827, "pooling_algorithm": 0.18570969771792778}, "datetime": {"datetime": "2023-11-28 09:01:35", "elapsed": 291.197043, "delta": 3.684338}}
{"target": 0.0, "params": {"activation_function": 1.8639670943726887, "amount_of_layers": 5.802928042621871, "batch_size": 132.51250596098845, "dropout_rate": 0.5734785142802679, "epochs": 74.29692072901753, "hidden_channels": 107.94576841071745, "learning_rate": 0.05893199411151419, "optimizer": 1.9974978299395756, "pooling_algorithm": 0.7701198072715445}, "datetime": {"datetime": "2023-11-28 09:01:39", "elapsed": 295.418287, "delta": 4.221244}}
{"target": 0.9107142857142857, "params": {"activation_function": 0.04059312012825722, "amount_of_layers": 3.4523052176518787, "batch_size": 132.78671755511658, "dropout_rate": 0.48505504190027443, "epochs": 36.729178983961575, "hidden_channels": 123.34286870931487, "learning_rate": 0.012586093428352613, "optimizer": 0.32724185840821907, "pooling_algorithm": 0.8359218665819848}, "datetime": {"datetime": "2023-11-28 09:01:40", "elapsed": 296.970522, "delta": 1.552235}}
{"target": 0.5, "params": {"activation_function": 0.42852640636465544, "amount_of_layers": 8.629582882944993, "batch_size": 46.94156625747121, "dropout_rate": 0.284855016436607, "epochs": 156.38758577622608, "hidden_channels": 88.82307691662123, "learning_rate": 0.039297548435405505, "optimizer": 1.3296999060647572, "pooling_algorithm": 0.31915958092754315}, "datetime": {"datetime": "2023-11-28 09:01:51", "elapsed": 307.618743, "delta": 10.648221}}
