{"target": 0.0, "params": {"activation_function": 1.3095833892682915, "amount_of_layers": 8.856314278156077, "batch_size": 69.58722954634867, "dropout_rate": 0.6720763009173959, "epochs": 98.13004657305419, "hidden_channels": 72.01569717965472, "learning_rate": 0.06232830632274501, "optimizer": 0.6636735774187699, "pooling_algorithm": 0.9809954129683778}, "datetime": {"datetime": "2023-11-28 07:29:23", "elapsed": 0.0, "delta": 0.0}}
{"target": 0.8964285714285714, "params": {"activation_function": 0.5220224360409587, "amount_of_layers": 8.520059781965365, "batch_size": 22.026862398032833, "dropout_rate": 0.4600795203343278, "epochs": 167.69720375799707, "hidden_channels": 76.42771524599864, "learning_rate": 0.012474565358864237, "optimizer": 0.21696526068874555, "pooling_algorithm": 0.8917000461968388}, "datetime": {"datetime": "2023-11-28 07:29:36", "elapsed": 13.040263, "delta": 13.040263}}
{"target": 0.5, "params": {"activation_function": 0.8886145844197493, "amount_of_layers": 5.312966409055919, "batch_size": 94.90383460992653, "dropout_rate": 0.5196726211924281, "epochs": 25.198899204636362, "hidden_channels": 48.869638360830166, "learning_rate": 0.03179230612360357, "optimizer": 1.7148886930857057, "pooling_algorithm": 0.8272165971040154}, "datetime": {"datetime": "2023-11-28 07:29:37", "elapsed": 14.498392, "delta": 1.458129}}
{"target": 0.2589285714285714, "params": {"activation_function": 0.9936865752570139, "amount_of_layers": 7.421604436847719, "batch_size": 80.39500977768117, "dropout_rate": 0.34752441804105083, "epochs": 170.60258736752, "hidden_channels": 42.7470978808262, "learning_rate": 0.027665242032135114, "optimizer": 1.7017681539409444, "pooling_algorithm": 0.4642564342651785}, "datetime": {"datetime": "2023-11-28 07:29:43", "elapsed": 20.071874, "delta": 5.573482}}
{"target": 0.8982142857142857, "params": {"activation_function": 1.1612775671343196, "amount_of_layers": 8.726526489638509, "batch_size": 54.29171962521006, "dropout_rate": 0.6850657286965839, "epochs": 25.915536051350472, "hidden_channels": 101.61462342470246, "learning_rate": 0.023805574610038755, "optimizer": 0.2152881252207286, "pooling_algorithm": 0.9590300243643721}, "datetime": {"datetime": "2023-11-28 07:29:44", "elapsed": 21.667923, "delta": 1.596049}}
{"target": 0.5, "params": {"activation_function": 0.6678827456800875, "amount_of_layers": 5.444338106165487, "batch_size": 113.90120212618415, "dropout_rate": 0.43527098937704756, "epochs": 176.43641798760672, "hidden_channels": 115.94917169833576, "learning_rate": 0.05578351790080318, "optimizer": 0.5570036172879487, "pooling_algorithm": 0.845581556212111}, "datetime": {"datetime": "2023-11-28 07:29:53", "elapsed": 29.874573, "delta": 8.20665}}
{"target": 0.880357142857143, "params": {"activation_function": 0.35813886744696477, "amount_of_layers": 1.0419852660094042, "batch_size": 138.59236576781706, "dropout_rate": 0.4133921972361849, "epochs": 109.15241640311524, "hidden_channels": 22.555115001092034, "learning_rate": 0.008972052818140171, "optimizer": 0.8026260396877809, "pooling_algorithm": 0.8624139602980413}, "datetime": {"datetime": "2023-11-28 07:29:54", "elapsed": 31.403716, "delta": 1.529143}}
{"target": 0.7857142857142857, "params": {"activation_function": 1.8420684648946881, "amount_of_layers": 5.542039833282954, "batch_size": 56.69267633837489, "dropout_rate": 0.37258464451417506, "epochs": 40.95987403654925, "hidden_channels": 10.424513555503609, "learning_rate": 0.08583784392956822, "optimizer": 0.1535466122095266, "pooling_algorithm": 0.2700639539741365}, "datetime": {"datetime": "2023-11-28 07:29:55", "elapsed": 32.700241, "delta": 1.296525}}
{"target": 0.26249999999999996, "params": {"activation_function": 0.9341921558022772, "amount_of_layers": 7.293973161459738, "batch_size": 47.78962309520935, "dropout_rate": 0.477746013968675, "epochs": 87.00827448399282, "hidden_channels": 64.9259376382035, "learning_rate": 0.004157487730138033, "optimizer": 1.6317024526588175, "pooling_algorithm": 0.38527650230783295}, "datetime": {"datetime": "2023-11-28 07:30:00", "elapsed": 36.880251, "delta": 4.18001}}
{"target": 0.5, "params": {"activation_function": 1.3808315378596405, "amount_of_layers": 8.608041208276585, "batch_size": 82.36830971229826, "dropout_rate": 0.6449744878293777, "epochs": 125.72839923825863, "hidden_channels": 80.6897305570084, "learning_rate": 0.03091638678108883, "optimizer": 0.765190027247381, "pooling_algorithm": 0.5875841390095624}, "datetime": {"datetime": "2023-11-28 07:30:11", "elapsed": 48.288918, "delta": 11.408667}}
{"target": 0.6000000000000001, "params": {"activation_function": 0.022773147022792095, "amount_of_layers": 2.1744235260391527, "batch_size": 32.23469373148954, "dropout_rate": 0.34722587112691117, "epochs": 30.1454278457469, "hidden_channels": 14.07559124455084, "learning_rate": 0.02230258545057367, "optimizer": 0.48327030268712967, "pooling_algorithm": 0.3821078406248074}, "datetime": {"datetime": "2023-11-28 07:30:12", "elapsed": 49.068766, "delta": 0.779848}}
{"target": 0.0, "params": {"activation_function": 0.8830393419932958, "amount_of_layers": 7.9800365588841355, "batch_size": 71.62665114498657, "dropout_rate": 0.2912480178330867, "epochs": 14.089042248147695, "hidden_channels": 50.85780270558885, "learning_rate": 0.05937763684003541, "optimizer": 0.027989152066866474, "pooling_algorithm": 0.5647280383503668}, "datetime": {"datetime": "2023-11-28 07:30:12", "elapsed": 49.702331, "delta": 0.633565}}
{"target": 0.4035714285714286, "params": {"activation_function": 1.270372726047082, "amount_of_layers": 8.639366478965375, "batch_size": 24.528915311072204, "dropout_rate": 0.53933336407811, "epochs": 197.82242915932434, "hidden_channels": 32.194109573688124, "learning_rate": 0.07360407010990666, "optimizer": 0.7384534237319924, "pooling_algorithm": 0.995522691462592}, "datetime": {"datetime": "2023-11-28 07:30:27", "elapsed": 63.746048, "delta": 14.043717}}
{"target": 0.0, "params": {"activation_function": 1.0495847452566902, "amount_of_layers": 8.66354147889374, "batch_size": 96.92159915339127, "dropout_rate": 0.6865897165867438, "epochs": 146.16068305211348, "hidden_channels": 68.60484550719379, "learning_rate": 0.07587959114471275, "optimizer": 1.8227012209717204, "pooling_algorithm": 0.043532076936195985}, "datetime": {"datetime": "2023-11-28 07:30:39", "elapsed": 76.594168, "delta": 12.84812}}
{"target": 0.26428571428571423, "params": {"activation_function": 1.9357097060011506, "amount_of_layers": 6.968269841077051, "batch_size": 111.83529513475229, "dropout_rate": 0.5506136918591473, "epochs": 186.36389758224703, "hidden_channels": 17.628110065490887, "learning_rate": 0.07638592646850006, "optimizer": 1.1890358601251139, "pooling_algorithm": 0.042885899870945376}, "datetime": {"datetime": "2023-11-28 07:30:45", "elapsed": 81.887088, "delta": 5.29292}}
{"target": 0.35, "params": {"activation_function": 1.8392779866739106, "amount_of_layers": 6.364010217763163, "batch_size": 71.85228554393454, "dropout_rate": 0.5594493121203261, "epochs": 168.47404050516437, "hidden_channels": 75.31952656912237, "learning_rate": 0.06599523092128, "optimizer": 1.3653232776762767, "pooling_algorithm": 0.8190529037338786}, "datetime": {"datetime": "2023-11-28 07:30:54", "elapsed": 91.680651, "delta": 9.793563}}
{"target": 0.8374999999999999, "params": {"activation_function": 1.881779736844032, "amount_of_layers": 1.021851301977545, "batch_size": 103.50107597786213, "dropout_rate": 0.38783575679237686, "epochs": 179.18571958714685, "hidden_channels": 29.653848191346338, "learning_rate": 0.055799024347662596, "optimizer": 1.4166264875611436, "pooling_algorithm": 0.41567706137001004}, "datetime": {"datetime": "2023-11-28 07:30:57", "elapsed": 94.390957, "delta": 2.710306}}
{"target": 0.2714285714285714, "params": {"activation_function": 1.4256157816180368, "amount_of_layers": 7.053222541801713, "batch_size": 90.42214188700548, "dropout_rate": 0.27988162034477027, "epochs": 54.0411157013756, "hidden_channels": 70.2826387793488, "learning_rate": 0.08934369231636657, "optimizer": 1.1420509210970553, "pooling_algorithm": 0.40178676958153037}, "datetime": {"datetime": "2023-11-28 07:30:59", "elapsed": 96.544084, "delta": 2.153127}}
{"target": 0.5, "params": {"activation_function": 0.8431382354672246, "amount_of_layers": 8.094663545535338, "batch_size": 138.21468484062794, "dropout_rate": 0.4055452073143793, "epochs": 20.46213054477039, "hidden_channels": 86.64473869161779, "learning_rate": 0.07808579446393586, "optimizer": 0.5542364294528148, "pooling_algorithm": 0.595542218284699}, "datetime": {"datetime": "2023-11-28 07:31:01", "elapsed": 97.968296, "delta": 1.424212}}
{"target": 0.9178571428571429, "params": {"activation_function": 0.0584557985613694, "amount_of_layers": 3.2884656818187317, "batch_size": 87.50253804438788, "dropout_rate": 0.6006721543371668, "epochs": 175.92605499614172, "hidden_channels": 38.48036734787941, "learning_rate": 0.0501171802687715, "optimizer": 0.2858165715706904, "pooling_algorithm": 0.7550248471123702}, "datetime": {"datetime": "2023-11-28 07:31:04", "elapsed": 101.293264, "delta": 3.324968}}
{"target": 0.0, "params": {"activation_function": 1.2798413933568162, "amount_of_layers": 1.4102935078881682, "batch_size": 77.7084352347305, "dropout_rate": 0.571472607345062, "epochs": 184.3798607350867, "hidden_channels": 92.58410386991841, "learning_rate": 0.033821493116355676, "optimizer": 1.6921983499894662, "pooling_algorithm": 0.5906278588949927}, "datetime": {"datetime": "2023-11-28 07:31:08", "elapsed": 104.895223, "delta": 3.601959}}
{"target": 0.5, "params": {"activation_function": 1.7490910723049498, "amount_of_layers": 5.51995724777684, "batch_size": 149.89093120345905, "dropout_rate": 0.5253576119531382, "epochs": 58.904297246828, "hidden_channels": 58.49373353539516, "learning_rate": 0.08667629575084149, "optimizer": 0.951330246366531, "pooling_algorithm": 0.538187270078542}, "datetime": {"datetime": "2023-11-28 07:31:10", "elapsed": 107.312686, "delta": 2.417463}}
{"target": 0.5, "params": {"activation_function": 1.0289807921241143, "amount_of_layers": 5.156524520617191, "batch_size": 112.54418443033431, "dropout_rate": 0.5453447260098612, "epochs": 177.38017246736953, "hidden_channels": 112.72106898966041, "learning_rate": 0.03717594508933408, "optimizer": 0.7618224463610552, "pooling_algorithm": 0.848075099858759}, "datetime": {"datetime": "2023-11-28 07:31:19", "elapsed": 116.090966, "delta": 8.77828}}
{"target": 0.9107142857142857, "params": {"activation_function": 0.46436994351515365, "amount_of_layers": 1.3494157572095342, "batch_size": 94.5153920648879, "dropout_rate": 0.5832060249961788, "epochs": 178.13732664112888, "hidden_channels": 34.722210744949805, "learning_rate": 0.056925123975493395, "optimizer": 0.3440328932385897, "pooling_algorithm": 0.7168786727068159}, "datetime": {"datetime": "2023-11-28 07:31:22", "elapsed": 118.837621, "delta": 2.746655}}
{"target": 0.925, "params": {"activation_function": 0.0, "amount_of_layers": 1.0, "batch_size": 86.93892519190615, "dropout_rate": 0.75, "epochs": 186.84393096366685, "hidden_channels": 36.898044944157355, "learning_rate": 0.1, "optimizer": 0.0, "pooling_algorithm": 1.0}, "datetime": {"datetime": "2023-11-28 07:31:25", "elapsed": 122.167923, "delta": 3.330302}}
{"target": 0.7392857142857143, "params": {"activation_function": 1.0383307166978128, "amount_of_layers": 2.4691495396162795, "batch_size": 95.74827944684044, "dropout_rate": 0.2813585327018419, "epochs": 183.579584982446, "hidden_channels": 46.28652488518751, "learning_rate": 0.06774744450645723, "optimizer": 0.5190762352604805, "pooling_algorithm": 0.26142360695348177}, "datetime": {"datetime": "2023-11-28 07:31:29", "elapsed": 126.709591, "delta": 4.541668}}
{"target": 0.8321428571428572, "params": {"activation_function": 0.9004786172384023, "amount_of_layers": 2.2823066449420804, "batch_size": 85.3170309014099, "dropout_rate": 0.34287114376061273, "epochs": 176.01686998213563, "hidden_channels": 22.582413364308973, "learning_rate": 0.09567144161418902, "optimizer": 1.2720525811890275, "pooling_algorithm": 0.011661599219242036}, "datetime": {"datetime": "2023-11-28 07:31:33", "elapsed": 130.384306, "delta": 3.674715}}
{"target": 0.5, "params": {"activation_function": 0.7433709658929437, "amount_of_layers": 8.019149212715902, "batch_size": 58.63326249685908, "dropout_rate": 0.49709684814271743, "epochs": 26.127355658459138, "hidden_channels": 116.91847766193736, "learning_rate": 0.03992029741075764, "optimizer": 1.1987998714653418, "pooling_algorithm": 0.9797119561590536}, "datetime": {"datetime": "2023-11-28 07:31:36", "elapsed": 132.950287, "delta": 2.565981}}
{"target": 0.8821428571428571, "params": {"activation_function": 1.8124428564501478, "amount_of_layers": 9.0, "batch_size": 43.162287059259846, "dropout_rate": 0.75, "epochs": 26.64561591823779, "hidden_channels": 92.25362227186103, "learning_rate": 0.001, "optimizer": 0.0, "pooling_algorithm": 1.0}, "datetime": {"datetime": "2023-11-28 07:31:38", "elapsed": 135.457855, "delta": 2.507568}}
{"target": 0.26071428571428573, "params": {"activation_function": 1.053421607864319, "amount_of_layers": 6.594633905712549, "batch_size": 49.08829284362986, "dropout_rate": 0.508058264257961, "epochs": 12.781789394883557, "hidden_channels": 92.0697406251809, "learning_rate": 0.017222166900070262, "optimizer": 0.3681815958101673, "pooling_algorithm": 0.349930080075578}, "datetime": {"datetime": "2023-11-28 07:31:40", "elapsed": 137.009262, "delta": 1.551407}}
{"target": 0.8928571428571428, "params": {"activation_function": 1.9194828216133775, "amount_of_layers": 9.0, "batch_size": 48.6746438566693, "dropout_rate": 0.75, "epochs": 37.865297315955424, "hidden_channels": 97.62068450206331, "learning_rate": 0.005349986162337487, "optimizer": 0.0, "pooling_algorithm": 1.0}, "datetime": {"datetime": "2023-11-28 07:31:43", "elapsed": 139.984351, "delta": 2.975089}}
{"target": 0.8285714285714286, "params": {"activation_function": 1.8311561829661163, "amount_of_layers": 7.561266560518836, "batch_size": 41.52200961359935, "dropout_rate": 0.7236007675382353, "epochs": 31.049748675554255, "hidden_channels": 107.76504076181432, "learning_rate": 0.028420034458441625, "optimizer": 0.4214737668746886, "pooling_algorithm": 0.32230295005693654}, "datetime": {"datetime": "2023-11-28 07:31:45", "elapsed": 142.662409, "delta": 2.678058}}
{"target": 0.0, "params": {"activation_function": 0.0, "amount_of_layers": 1.0, "batch_size": 34.100623472937656, "dropout_rate": 0.75, "epochs": 37.273027534944944, "hidden_channels": 92.92611935053328, "learning_rate": 0.1, "optimizer": 2.0, "pooling_algorithm": 1.0}, "datetime": {"datetime": "2023-11-28 07:31:47", "elapsed": 144.503847, "delta": 1.841438}}
{"target": 0.5, "params": {"activation_function": 1.7185579185423776, "amount_of_layers": 7.868829174954254, "batch_size": 54.73983611468557, "dropout_rate": 0.5483047413299075, "epochs": 31.719473695168112, "hidden_channels": 86.13459297448462, "learning_rate": 0.09923088689295365, "optimizer": 1.198676365821195, "pooling_algorithm": 0.6345243977536744}, "datetime": {"datetime": "2023-11-28 07:31:51", "elapsed": 148.233088, "delta": 3.729241}}
{"target": 0.25357142857142856, "params": {"activation_function": 1.9276789166584365, "amount_of_layers": 1.9210944831418386, "batch_size": 84.67667105421773, "dropout_rate": 0.3758176140682931, "epochs": 188.80713485400213, "hidden_channels": 24.793648720929063, "learning_rate": 0.07519455397023096, "optimizer": 0.0827150240437391, "pooling_algorithm": 0.1491494575407888}, "datetime": {"datetime": "2023-11-28 07:31:55", "elapsed": 152.032596, "delta": 3.799508}}
{"target": 0.9142857142857144, "params": {"activation_function": 0.0, "amount_of_layers": 9.0, "batch_size": 51.298510276190484, "dropout_rate": 0.75, "epochs": 34.22844027427755, "hidden_channels": 105.49260751041705, "learning_rate": 0.001, "optimizer": 0.0, "pooling_algorithm": 1.0}, "datetime": {"datetime": "2023-11-28 07:31:58", "elapsed": 154.891618, "delta": 2.859022}}
{"target": 0.3642857142857143, "params": {"activation_function": 2.0, "amount_of_layers": 9.0, "batch_size": 46.50975269359052, "dropout_rate": 0.75, "epochs": 28.859202623292912, "hidden_channels": 100.16108625524362, "learning_rate": 0.001, "optimizer": 0.0, "pooling_algorithm": 0.0}, "datetime": {"datetime": "2023-11-28 07:32:00", "elapsed": 157.494262, "delta": 2.602644}}
{"target": 0.9053571428571429, "params": {"activation_function": 1.30670343946949, "amount_of_layers": 6.649570900751581, "batch_size": 87.19345673794042, "dropout_rate": 0.6147653430392777, "epochs": 181.9852611120165, "hidden_channels": 36.452411933140986, "learning_rate": 0.020929253957464644, "optimizer": 1.044501956475346, "pooling_algorithm": 0.8049755048225595}, "datetime": {"datetime": "2023-11-28 07:32:07", "elapsed": 163.738367, "delta": 6.244105}}
{"target": 0.9053571428571429, "params": {"activation_function": 0.1777338238599846, "amount_of_layers": 3.5621324025860366, "batch_size": 88.39141917676396, "dropout_rate": 0.5381743575293192, "epochs": 181.07078521017436, "hidden_channels": 31.93675237043444, "learning_rate": 0.04911118269548399, "optimizer": 0.5978250929922582, "pooling_algorithm": 0.5766654054609727}, "datetime": {"datetime": "2023-11-28 07:32:11", "elapsed": 168.0873, "delta": 4.348933}}
{"target": 0.2660714285714285, "params": {"activation_function": 1.4363829197091922, "amount_of_layers": 6.787845489624739, "batch_size": 58.96658736738731, "dropout_rate": 0.4976177997251378, "epochs": 29.743580452130193, "hidden_channels": 105.94728166359077, "learning_rate": 0.048365900126695144, "optimizer": 1.3222551369373263, "pooling_algorithm": 0.13469155267179977}, "datetime": {"datetime": "2023-11-28 07:32:13", "elapsed": 170.085501, "delta": 1.998201}}
{"target": 0.8196428571428571, "params": {"activation_function": 0.0, "amount_of_layers": 1.2546234702262948, "batch_size": 90.07994879909604, "dropout_rate": 0.25791137261600017, "epochs": 181.54906156823048, "hidden_channels": 38.43613386809284, "learning_rate": 0.1, "optimizer": 0.37168028746462384, "pooling_algorithm": 0.07460924113675027}, "datetime": {"datetime": "2023-11-28 07:32:16", "elapsed": 173.146405, "delta": 3.060904}}
{"target": 0.7392857142857143, "params": {"activation_function": 0.5279193791004326, "amount_of_layers": 7.179122093352288, "batch_size": 90.77870555542636, "dropout_rate": 0.4335193897541981, "epochs": 179.36984583681846, "hidden_channels": 36.16234320055394, "learning_rate": 0.06732558444671297, "optimizer": 0.6432563736583927, "pooling_algorithm": 0.30836514849567287}, "datetime": {"datetime": "2023-11-28 07:32:22", "elapsed": 178.95962, "delta": 5.813215}}
{"target": 0.905357142857143, "params": {"activation_function": 0.7105314640843939, "amount_of_layers": 8.978717123610792, "batch_size": 47.60064822800702, "dropout_rate": 0.75, "epochs": 39.261465893725926, "hidden_channels": 104.46787942430574, "learning_rate": 0.01117816671931759, "optimizer": 0.0, "pooling_algorithm": 1.0}, "datetime": {"datetime": "2023-11-28 07:32:25", "elapsed": 181.818599, "delta": 2.858979}}
{"target": 0.869642857142857, "params": {"activation_function": 2.0, "amount_of_layers": 1.0, "batch_size": 83.61467820865279, "dropout_rate": 0.75, "epochs": 180.34497980125488, "hidden_channels": 35.619149071447225, "learning_rate": 0.001, "optimizer": 0.0, "pooling_algorithm": 1.0}, "datetime": {"datetime": "2023-11-28 07:32:28", "elapsed": 184.767857, "delta": 2.949258}}
{"target": 0.8428571428571429, "params": {"activation_function": 0.6455309130660403, "amount_of_layers": 1.8965276528122323, "batch_size": 90.37723572767403, "dropout_rate": 0.5053182695727866, "epochs": 173.20649073664282, "hidden_channels": 31.761049316357997, "learning_rate": 0.06719039029392641, "optimizer": 0.9457874242373848, "pooling_algorithm": 0.4712973656298813}, "datetime": {"datetime": "2023-11-28 07:32:31", "elapsed": 187.909108, "delta": 3.141251}}
{"target": 0.8946428571428572, "params": {"activation_function": 2.0, "amount_of_layers": 1.0, "batch_size": 94.5534076550673, "dropout_rate": 0.75, "epochs": 172.574072275146, "hidden_channels": 39.57832707015355, "learning_rate": 0.001, "optimizer": 0.0, "pooling_algorithm": 1.0}, "datetime": {"datetime": "2023-11-28 07:32:33", "elapsed": 190.642596, "delta": 2.733488}}
{"target": 0.5, "params": {"activation_function": 1.675075475984782, "amount_of_layers": 4.275267005081557, "batch_size": 102.53588316578457, "dropout_rate": 0.5923508866022933, "epochs": 173.05700609324367, "hidden_channels": 38.162912286862486, "learning_rate": 0.03945159842333206, "optimizer": 1.7761861629916817, "pooling_algorithm": 0.6944746253554608}, "datetime": {"datetime": "2023-11-28 07:32:39", "elapsed": 195.763822, "delta": 5.121226}}
{"target": 0.9017857142857143, "params": {"activation_function": 2.0, "amount_of_layers": 1.0, "batch_size": 96.78720296129806, "dropout_rate": 0.75, "epochs": 185.00790671474053, "hidden_channels": 32.37451067505194, "learning_rate": 0.001, "optimizer": 2.0, "pooling_algorithm": 1.0}, "datetime": {"datetime": "2023-11-28 07:32:42", "elapsed": 198.755814, "delta": 2.991992}}
{"target": 0.9071428571428571, "params": {"activation_function": 0.0, "amount_of_layers": 9.0, "batch_size": 46.376462869568066, "dropout_rate": 0.75, "epochs": 35.762136538741544, "hidden_channels": 111.96282166254892, "learning_rate": 0.001, "optimizer": 0.0, "pooling_algorithm": 1.0}, "datetime": {"datetime": "2023-11-28 07:32:44", "elapsed": 201.643777, "delta": 2.887963}}
