{"target": 0.5, "params": {"activation_function": 0.6662803552430494, "amount_of_layers": 8.642731466141917, "batch_size": 116.20804557402994, "dropout_rate": 0.37414348543246134, "epochs": 127.73230605577433, "hidden_channels": 40.10019632278505, "learning_rate": 0.03233365510209714, "optimizer": 1.6452970871206332, "pooling_algorithm": 0.778655354872323}, "datetime": {"datetime": "2023-11-28 01:52:43", "elapsed": 305.186963, "delta": 3.958285}}
{"target": 0.8035714285714285, "params": {"activation_function": 0.8255517120972755, "amount_of_layers": 1.8774333892904949, "batch_size": 142.64497752293357, "dropout_rate": 0.5665422105756004, "epochs": 174.69368844003642, "hidden_channels": 55.9730092629486, "learning_rate": 0.020479828511288923, "optimizer": 0.65775424287339, "pooling_algorithm": 0.24153218452735326}, "datetime": {"datetime": "2023-11-28 01:52:46", "elapsed": 308.115373, "delta": 2.92841}}
{"target": 0.5, "params": {"activation_function": 1.8503662200623714, "amount_of_layers": 2.945513686615798, "batch_size": 74.00921807864013, "dropout_rate": 0.3979565345793072, "epochs": 134.8180996615329, "hidden_channels": 60.745603185941604, "learning_rate": 0.09629285921724758, "optimizer": 0.7091607383513476, "pooling_algorithm": 0.9285757664526123}, "datetime": {"datetime": "2023-11-28 01:52:50", "elapsed": 311.520783, "delta": 3.40541}}
{"target": 0.8196428571428571, "params": {"activation_function": 0.07413155709010355, "amount_of_layers": 1.4671491250570634, "batch_size": 88.52526590680216, "dropout_rate": 0.7376941992915306, "epochs": 74.61971142415348, "hidden_channels": 33.28578646429271, "learning_rate": 0.0030134145407853478, "optimizer": 0.9018340101824853, "pooling_algorithm": 0.30902153082805106}, "datetime": {"datetime": "2023-11-28 01:52:51", "elapsed": 312.786016, "delta": 1.265233}}
{"target": 0.26249999999999996, "params": {"activation_function": 0.9437982608074988, "amount_of_layers": 7.341436877983204, "batch_size": 104.7815097330832, "dropout_rate": 0.7469395980922084, "epochs": 29.07520800632758, "hidden_channels": 48.41909508377825, "learning_rate": 0.014836092777014122, "optimizer": 0.6403509547504005, "pooling_algorithm": 0.23769085982909732}, "datetime": {"datetime": "2023-11-28 01:52:52", "elapsed": 313.703456, "delta": 0.91744}}
{"target": 0.5, "params": {"activation_function": 1.3408785079760832, "amount_of_layers": 4.615420647629973, "batch_size": 116.70036640772697, "dropout_rate": 0.6510775572560092, "epochs": 10.792024606806061, "hidden_channels": 57.62157475466293, "learning_rate": 0.08678581311232657, "optimizer": 0.6807825566632675, "pooling_algorithm": 0.6032194879873989}, "datetime": {"datetime": "2023-11-28 01:52:52", "elapsed": 314.100245, "delta": 0.396789}}
{"target": 0.8464285714285714, "params": {"activation_function": 1.5277430122539535, "amount_of_layers": 3.763766090888544, "batch_size": 113.56440955817233, "dropout_rate": 0.6608315922134321, "epochs": 136.64186362215173, "hidden_channels": 32.48573917115408, "learning_rate": 0.004821602891895633, "optimizer": 1.2882516270074713, "pooling_algorithm": 0.46798914661341495}, "datetime": {"datetime": "2023-11-28 01:52:55", "elapsed": 317.048414, "delta": 2.948169}}
{"target": 0.7392857142857143, "params": {"activation_function": 1.8567267294220686, "amount_of_layers": 5.630819467712198, "batch_size": 29.963515506293138, "dropout_rate": 0.3168927695932871, "epochs": 138.97909805938227, "hidden_channels": 48.73228784413169, "learning_rate": 0.08603328425682286, "optimizer": 1.327717502706008, "pooling_algorithm": 0.047190707118286546}, "datetime": {"datetime": "2023-11-28 01:53:03", "elapsed": 324.246502, "delta": 7.198088}}
{"target": 0.5, "params": {"activation_function": 0.5540731815558484, "amount_of_layers": 6.8339030695567615, "batch_size": 122.40451083316661, "dropout_rate": 0.4833942049643418, "epochs": 134.0985747729469, "hidden_channels": 107.8556956853618, "learning_rate": 0.02799071782855659, "optimizer": 1.7528532637687393, "pooling_algorithm": 0.8994935938216714}, "datetime": {"datetime": "2023-11-28 01:53:06", "elapsed": 327.825382, "delta": 3.57888}}
{"target": 0.875, "params": {"activation_function": 1.824432425820259, "amount_of_layers": 7.675502357870284, "batch_size": 149.77307314018182, "dropout_rate": 0.5868464889900474, "epochs": 55.24584545741841, "hidden_channels": 114.50000345194242, "learning_rate": 0.05777785407462371, "optimizer": 0.9877329099075671, "pooling_algorithm": 0.865560537898035}, "datetime": {"datetime": "2023-11-28 01:53:07", "elapsed": 328.831432, "delta": 1.00605}}
{"target": 0.875, "params": {"activation_function": 1.1302869296826814, "amount_of_layers": 8.486273020819155, "batch_size": 32.79748793778414, "dropout_rate": 0.4276007334508926, "epochs": 23.611227591530678, "hidden_channels": 92.71516170245577, "learning_rate": 0.011007186433081968, "optimizer": 0.8390660478985112, "pooling_algorithm": 0.8707643580936942}, "datetime": {"datetime": "2023-11-28 01:53:09", "elapsed": 330.475405, "delta": 1.643973}}
{"target": 0.5, "params": {"activation_function": 0.0979632316947483, "amount_of_layers": 6.79790952046368, "batch_size": 79.60735218836268, "dropout_rate": 0.4885236546720494, "epochs": 36.592566585142265, "hidden_channels": 37.86525428000267, "learning_rate": 0.08364247327028611, "optimizer": 0.6798709931515938, "pooling_algorithm": 0.7019079010239506}, "datetime": {"datetime": "2023-11-28 01:53:10", "elapsed": 331.639366, "delta": 1.163961}}
{"target": 0.9071428571428573, "params": {"activation_function": 0.7220784444553086, "amount_of_layers": 7.290638731615038, "batch_size": 23.18239078605663, "dropout_rate": 0.563773246592107, "epochs": 166.02042292060904, "hidden_channels": 54.20200561594491, "learning_rate": 0.0384969512676078, "optimizer": 0.28918719773797674, "pooling_algorithm": 0.9246466018799573}, "datetime": {"datetime": "2023-11-28 01:53:22", "elapsed": 343.488633, "delta": 11.849267}}
{"target": 0.7785714285714286, "params": {"activation_function": 1.5897014528848923, "amount_of_layers": 7.87243756788585, "batch_size": 121.96392687085765, "dropout_rate": 0.4354293146207908, "epochs": 69.78734354318108, "hidden_channels": 7.781424885460213, "learning_rate": 0.03944442103793069, "optimizer": 0.2156174737838381, "pooling_algorithm": 0.08367052836870437}, "datetime": {"datetime": "2023-11-28 01:53:24", "elapsed": 345.579097, "delta": 2.090464}}
{"target": 0.49642857142857144, "params": {"activation_function": 0.4885229435538283, "amount_of_layers": 1.9345962210757124, "batch_size": 34.324359551960484, "dropout_rate": 0.6474250314296774, "epochs": 73.38630716265638, "hidden_channels": 54.39662817014272, "learning_rate": 0.09437324167361083, "optimizer": 1.6687958007075219, "pooling_algorithm": 0.8125126974453419}, "datetime": {"datetime": "2023-11-28 01:53:26", "elapsed": 348.027529, "delta": 2.448432}}
{"target": 0.7446428571428572, "params": {"activation_function": 1.8746060985069366, "amount_of_layers": 5.504212057776278, "batch_size": 142.25493520467035, "dropout_rate": 0.5460985727890812, "epochs": 47.90402115555781, "hidden_channels": 5.138758943826468, "learning_rate": 0.05605666846991219, "optimizer": 1.281655378031883, "pooling_algorithm": 0.07854211025757585}, "datetime": {"datetime": "2023-11-28 01:53:28", "elapsed": 349.392566, "delta": 1.365037}}
{"target": 0.7678571428571429, "params": {"activation_function": 0.727863117023686, "amount_of_layers": 6.064949039503431, "batch_size": 84.73991313275572, "dropout_rate": 0.48992358197543984, "epochs": 90.39393593321671, "hidden_channels": 10.91821253044812, "learning_rate": 0.0016464367303003105, "optimizer": 0.3855500995296086, "pooling_algorithm": 0.25115288475087727}, "datetime": {"datetime": "2023-11-28 01:53:30", "elapsed": 351.746718, "delta": 2.354152}}
{"target": 0.0, "params": {"activation_function": 0.5813409075493938, "amount_of_layers": 6.182491597129751, "batch_size": 128.31459999710853, "dropout_rate": 0.4911570572876829, "epochs": 42.77820833068068, "hidden_channels": 73.95328495558716, "learning_rate": 0.08669393221381798, "optimizer": 0.4569072424710414, "pooling_algorithm": 0.7815655712522432}, "datetime": {"datetime": "2023-11-28 01:53:31", "elapsed": 352.913377, "delta": 1.166659}}
{"target": 0.0, "params": {"activation_function": 0.9103998802302027, "amount_of_layers": 4.451799894399376, "batch_size": 52.070081753080395, "dropout_rate": 0.689392009531552, "epochs": 122.34332096047164, "hidden_channels": 92.87867912505729, "learning_rate": 0.06737627884774255, "optimizer": 1.9057873087428638, "pooling_algorithm": 0.5849754031141668}, "datetime": {"datetime": "2023-11-28 01:53:35", "elapsed": 356.406463, "delta": 3.493086}}
{"target": 0.5, "params": {"activation_function": 1.3335307371665903, "amount_of_layers": 2.195299821818603, "batch_size": 103.24089642928824, "dropout_rate": 0.596720917267372, "epochs": 198.91902627733057, "hidden_channels": 57.5359431525188, "learning_rate": 0.026145700311314815, "optimizer": 1.5141517683139776, "pooling_algorithm": 0.8779177195835343}, "datetime": {"datetime": "2023-11-28 01:53:38", "elapsed": 359.730589, "delta": 3.324126}}
{"target": 0.9107142857142857, "params": {"activation_function": 1.7266600166407375, "amount_of_layers": 5.384268524292743, "batch_size": 91.42011823631621, "dropout_rate": 0.30891197807336473, "epochs": 18.90856250745273, "hidden_channels": 37.090454854385364, "learning_rate": 0.0725513011218874, "optimizer": 0.4453739049591259, "pooling_algorithm": 0.6626112042145288}, "datetime": {"datetime": "2023-11-28 01:53:39", "elapsed": 360.338016, "delta": 0.607427}}
{"target": 0.0, "params": {"activation_function": 1.545962764226216, "amount_of_layers": 2.234851503305718, "batch_size": 22.9024914106392, "dropout_rate": 0.679488160868822, "epochs": 181.49250644657843, "hidden_channels": 29.75256902736972, "learning_rate": 0.057548162084740576, "optimizer": 1.6798712337915158, "pooling_algorithm": 0.9027200429759029}, "datetime": {"datetime": "2023-11-28 01:53:46", "elapsed": 367.744381, "delta": 7.406365}}
{"target": 0.9107142857142858, "params": {"activation_function": 0.31827633083752893, "amount_of_layers": 6.620102384818486, "batch_size": 107.62518297156136, "dropout_rate": 0.5761189099744151, "epochs": 196.68967155689887, "hidden_channels": 87.31540917427343, "learning_rate": 0.05680232511385436, "optimizer": 0.03810512945092559, "pooling_algorithm": 0.8920833076576009}, "datetime": {"datetime": "2023-11-28 01:53:51", "elapsed": 372.90704, "delta": 5.162659}}
{"target": 0.5, "params": {"activation_function": 1.7210197924124904, "amount_of_layers": 3.8230525940135074, "batch_size": 130.16159229791705, "dropout_rate": 0.5650250318904455, "epochs": 137.23036903834742, "hidden_channels": 56.799837854636564, "learning_rate": 0.09284844840278003, "optimizer": 1.8147687690895007, "pooling_algorithm": 0.29291777567734156}, "datetime": {"datetime": "2023-11-28 01:53:54", "elapsed": 375.811738, "delta": 2.904698}}
{"target": 0.09642857142857143, "params": {"activation_function": 1.7964087856278248, "amount_of_layers": 3.3290210190729033, "batch_size": 60.07156354101903, "dropout_rate": 0.6318256859947837, "epochs": 66.68553753004517, "hidden_channels": 15.784641985163232, "learning_rate": 0.02694643953076093, "optimizer": 1.0410061138177922, "pooling_algorithm": 0.8604026334596729}, "datetime": {"datetime": "2023-11-28 01:53:56", "elapsed": 377.648413, "delta": 1.836675}}
