{"target": 0.5, "params": {"activation_function": 0.017129595496758077, "amount_of_layers": 8.63445338465388, "batch_size": 76.24171460346068, "dropout_rate": 0.5551093858635581, "epochs": 171.89136532030776, "hidden_channels": 95.87365600182312, "learning_rate": 0.09746872734495961, "optimizer": 1.7149237492659115, "pooling_algorithm": 0.8554104952510778}, "datetime": {"datetime": "2023-11-28 01:07:48", "elapsed": 0.0, "delta": 0.0}}
{"target": 0.2964285714285715, "params": {"activation_function": 1.7190515052334903, "amount_of_layers": 3.818231328706963, "batch_size": 44.41225912986099, "dropout_rate": 0.6402221887620925, "epochs": 180.88813795319197, "hidden_channels": 10.871977240975282, "learning_rate": 0.014607288470445276, "optimizer": 0.35266096972779293, "pooling_algorithm": 0.03674750709300445}, "datetime": {"datetime": "2023-11-28 01:07:54", "elapsed": 6.007146, "delta": 6.007146}}
{"target": 0.5, "params": {"activation_function": 1.0209856681055018, "amount_of_layers": 7.136637149720027, "batch_size": 80.95496145645627, "dropout_rate": 0.35480687973101976, "epochs": 89.58133029813536, "hidden_channels": 74.37309724142278, "learning_rate": 0.039759932999360564, "optimizer": 1.0269253609035345, "pooling_algorithm": 0.6961480378771275}, "datetime": {"datetime": "2023-11-28 01:07:56", "elapsed": 8.399439, "delta": 2.392293}}
{"target": 0.7964285714285715, "params": {"activation_function": 1.9916338513648737, "amount_of_layers": 5.85976536005462, "batch_size": 125.84606135208679, "dropout_rate": 0.3564004464263592, "epochs": 64.10473320265211, "hidden_channels": 59.24372911919635, "learning_rate": 0.03756510526088514, "optimizer": 0.19191623887441422, "pooling_algorithm": 0.26697427222559333}, "datetime": {"datetime": "2023-11-28 01:07:58", "elapsed": 9.94011, "delta": 1.540671}}
{"target": 0.5, "params": {"activation_function": 0.42879665544926526, "amount_of_layers": 7.511496706928927, "batch_size": 140.30645179029415, "dropout_rate": 0.48382637743389817, "epochs": 16.877111538800065, "hidden_channels": 83.05853055018457, "learning_rate": 0.08237428284457024, "optimizer": 0.5519055442478167, "pooling_algorithm": 0.5249807771725578}, "datetime": {"datetime": "2023-11-28 01:07:58", "elapsed": 10.448779, "delta": 0.508669}}
{"target": 0.5, "params": {"activation_function": 0.3625417627488374, "amount_of_layers": 3.9338514308150767, "batch_size": 85.64501242434514, "dropout_rate": 0.5480315399454971, "epochs": 166.9008153791463, "hidden_channels": 9.838478093565456, "learning_rate": 0.06387864930462891, "optimizer": 1.7689734210078867, "pooling_algorithm": 0.9275497774541375}, "datetime": {"datetime": "2023-11-28 01:08:02", "elapsed": 13.747942, "delta": 3.299163}}
{"target": 0.2589285714285714, "params": {"activation_function": 1.0603348967952466, "amount_of_layers": 7.087507542638379, "batch_size": 137.09735996442566, "dropout_rate": 0.27908099367735195, "epochs": 94.91676262050481, "hidden_channels": 71.124475244402, "learning_rate": 0.023635241119098725, "optimizer": 1.1373679194783826, "pooling_algorithm": 0.2051587715008939}, "datetime": {"datetime": "2023-11-28 01:08:04", "elapsed": 16.217254, "delta": 2.469312}}
{"target": 0.2571428571428572, "params": {"activation_function": 1.3684598729963828, "amount_of_layers": 2.690625445698065, "batch_size": 73.79609855434519, "dropout_rate": 0.5239181460070439, "epochs": 87.16067585572598, "hidden_channels": 73.9042696578428, "learning_rate": 0.024808409311794927, "optimizer": 0.3568953958047405, "pooling_algorithm": 0.3855808966976494}, "datetime": {"datetime": "2023-11-28 01:08:06", "elapsed": 18.316465, "delta": 2.099211}}
{"target": 0.7785714285714285, "params": {"activation_function": 0.16797413619253465, "amount_of_layers": 6.991936353200588, "batch_size": 56.39861390578045, "dropout_rate": 0.3362266511539903, "epochs": 158.83146147848382, "hidden_channels": 89.80200309127659, "learning_rate": 0.024410496800741515, "optimizer": 0.3332406034797619, "pooling_algorithm": 0.12870795487903408}, "datetime": {"datetime": "2023-11-28 01:08:12", "elapsed": 24.002983, "delta": 5.686518}}
{"target": 0.26249999999999996, "params": {"activation_function": 0.530201664156118, "amount_of_layers": 8.501027119002579, "batch_size": 122.97835794731529, "dropout_rate": 0.26771109151356365, "epochs": 193.6378232477082, "hidden_channels": 25.056660917951913, "learning_rate": 0.08056026109295608, "optimizer": 0.5020738582741704, "pooling_algorithm": 0.43502288054184457}, "datetime": {"datetime": "2023-11-28 01:08:18", "elapsed": 29.790378, "delta": 5.787395}}
{"target": 0.5, "params": {"activation_function": 1.117344389112427, "amount_of_layers": 7.590178785416275, "batch_size": 39.56239760533182, "dropout_rate": 0.6639349002278061, "epochs": 77.07191264876951, "hidden_channels": 93.67130294785706, "learning_rate": 0.0780492382481412, "optimizer": 1.768181893642287, "pooling_algorithm": 0.42280787957331156}, "datetime": {"datetime": "2023-11-28 01:08:22", "elapsed": 33.683699, "delta": 3.893321}}
{"target": 0.7446428571428572, "params": {"activation_function": 1.946142988219696, "amount_of_layers": 7.921760879064659, "batch_size": 148.7005237516063, "dropout_rate": 0.4571852678294867, "epochs": 89.52344790959934, "hidden_channels": 94.63208240039083, "learning_rate": 0.07127165497417944, "optimizer": 0.7725845871074111, "pooling_algorithm": 0.03984380533488674}, "datetime": {"datetime": "2023-11-28 01:08:24", "elapsed": 36.131785, "delta": 2.448086}}
{"target": 0.5, "params": {"activation_function": 0.7208533986235535, "amount_of_layers": 4.44446685758176, "batch_size": 52.46378224064021, "dropout_rate": 0.2787584253938903, "epochs": 53.30699705464644, "hidden_channels": 123.54624502021163, "learning_rate": 0.026614952860151374, "optimizer": 1.5826602483902403, "pooling_algorithm": 0.7089704492345194}, "datetime": {"datetime": "2023-11-28 01:08:26", "elapsed": 37.617739, "delta": 1.485954}}
{"target": 0.7214285714285714, "params": {"activation_function": 1.4664784099263655, "amount_of_layers": 7.201839383868046, "batch_size": 60.369498733637, "dropout_rate": 0.7269883930968026, "epochs": 66.56250896273593, "hidden_channels": 20.92627198378356, "learning_rate": 0.009631397176599433, "optimizer": 0.13860825163677637, "pooling_algorithm": 0.3146956864969236}, "datetime": {"datetime": "2023-11-28 01:08:28", "elapsed": 40.015355, "delta": 2.397616}}
{"target": 0.8999999999999999, "params": {"activation_function": 1.7953905410519966, "amount_of_layers": 2.5328441582130194, "batch_size": 102.63945423628927, "dropout_rate": 0.5987788715129201, "epochs": 137.8761185124398, "hidden_channels": 40.02332272338065, "learning_rate": 0.06441921246594294, "optimizer": 0.34669627176094964, "pooling_algorithm": 0.8512559493798995}, "datetime": {"datetime": "2023-11-28 01:08:30", "elapsed": 42.46038, "delta": 2.445025}}
{"target": 0.0, "params": {"activation_function": 0.7336176916828689, "amount_of_layers": 3.673105934493366, "batch_size": 71.488756970883, "dropout_rate": 0.2696995721893492, "epochs": 54.0999659673059, "hidden_channels": 100.93616562854145, "learning_rate": 0.08859258677536665, "optimizer": 0.3378622011078545, "pooling_algorithm": 0.9902719611944116}, "datetime": {"datetime": "2023-11-28 01:08:32", "elapsed": 43.950983, "delta": 1.490603}}
{"target": 0.9142857142857144, "params": {"activation_function": 1.506602017590275, "amount_of_layers": 3.558640195093396, "batch_size": 47.53400451051272, "dropout_rate": 0.621985482870612, "epochs": 154.9881289279193, "hidden_channels": 126.87637634727113, "learning_rate": 0.03856832417202737, "optimizer": 0.12270158905792261, "pooling_algorithm": 0.6513273869947225}, "datetime": {"datetime": "2023-11-28 01:08:37", "elapsed": 49.053949, "delta": 5.102966}}
{"target": 0.2607142857142857, "params": {"activation_function": 1.2513131597547167, "amount_of_layers": 5.177223948018142, "batch_size": 147.88133919737336, "dropout_rate": 0.6017816681270006, "epochs": 68.53677277805744, "hidden_channels": 79.33495208373962, "learning_rate": 0.043989456109333254, "optimizer": 0.899730790581126, "pooling_algorithm": 0.011054299052180028}, "datetime": {"datetime": "2023-11-28 01:08:39", "elapsed": 50.578901, "delta": 1.524952}}
{"target": 0.26785714285714285, "params": {"activation_function": 1.2932378304419336, "amount_of_layers": 4.931857380835566, "batch_size": 124.25505650049455, "dropout_rate": 0.3394393375321457, "epochs": 18.703762135170667, "hidden_channels": 82.25433819517791, "learning_rate": 0.02618956330312138, "optimizer": 1.522954834544602, "pooling_algorithm": 0.046903996141009485}, "datetime": {"datetime": "2023-11-28 01:08:39", "elapsed": 51.063601, "delta": 0.4847}}
{"target": 0.0, "params": {"activation_function": 1.3358087273667938, "amount_of_layers": 8.853724955218015, "batch_size": 129.53510068038963, "dropout_rate": 0.7458806429112255, "epochs": 127.85122764193576, "hidden_channels": 83.43060053203902, "learning_rate": 0.06944164304262163, "optimizer": 1.8646640669323955, "pooling_algorithm": 0.16569410316541633}, "datetime": {"datetime": "2023-11-28 01:08:43", "elapsed": 54.793463, "delta": 3.729862}}
{"target": 0.7410714285714286, "params": {"activation_function": 1.207619860116405, "amount_of_layers": 4.499553425411026, "batch_size": 29.779452735328814, "dropout_rate": 0.7230473637812092, "epochs": 82.37448435828367, "hidden_channels": 50.1845375481385, "learning_rate": 0.03220367842287425, "optimizer": 0.10314415908584906, "pooling_algorithm": 0.19589536620445924}, "datetime": {"datetime": "2023-11-28 01:08:46", "elapsed": 58.153148, "delta": 3.359685}}
{"target": 0.18571428571428572, "params": {"activation_function": 0.13355512685972903, "amount_of_layers": 4.556072595126509, "batch_size": 99.76196569510225, "dropout_rate": 0.7495761766940618, "epochs": 31.541717357036887, "hidden_channels": 73.12609560438332, "learning_rate": 0.04492357453385664, "optimizer": 1.3882160938018917, "pooling_algorithm": 0.38757966308154723}, "datetime": {"datetime": "2023-11-28 01:08:47", "elapsed": 58.98807, "delta": 0.834922}}
{"target": 0.2642857142857143, "params": {"activation_function": 1.1503294706688736, "amount_of_layers": 5.489320219817934, "batch_size": 141.2658915937634, "dropout_rate": 0.6240224124837954, "epochs": 164.98360957675897, "hidden_channels": 72.95370248794266, "learning_rate": 0.004945341381807433, "optimizer": 0.38322161253302967, "pooling_algorithm": 0.2294234756580894}, "datetime": {"datetime": "2023-11-28 01:08:51", "elapsed": 62.5295, "delta": 3.54143}}
{"target": 0.8107142857142857, "params": {"activation_function": 0.7707432903204217, "amount_of_layers": 1.44525068444338, "batch_size": 130.3802181160895, "dropout_rate": 0.4436754732015916, "epochs": 183.98068246298615, "hidden_channels": 49.94344274795965, "learning_rate": 0.07904223760198793, "optimizer": 1.245723205575395, "pooling_algorithm": 0.04084425903914235}, "datetime": {"datetime": "2023-11-28 01:08:53", "elapsed": 65.213332, "delta": 2.683832}}
{"target": 0.45, "params": {"activation_function": 1.8328444196548324, "amount_of_layers": 3.130316324907393, "batch_size": 92.43177151098308, "dropout_rate": 0.6852569696271353, "epochs": 15.483763929038444, "hidden_channels": 12.899238615485867, "learning_rate": 0.024358902446484157, "optimizer": 1.7163890717990526, "pooling_algorithm": 0.6077254786275788}, "datetime": {"datetime": "2023-11-28 01:08:54", "elapsed": 65.55955, "delta": 0.346218}}
{"target": 0.9178571428571428, "params": {"activation_function": 1.93989153536669, "amount_of_layers": 4.854839696746183, "batch_size": 135.5837704669744, "dropout_rate": 0.5198599761012861, "epochs": 198.38311301391263, "hidden_channels": 5.02497132615608, "learning_rate": 0.09892241257627188, "optimizer": 0.28859479972075053, "pooling_algorithm": 0.6804087050791244}, "datetime": {"datetime": "2023-11-28 01:08:58", "elapsed": 69.798174, "delta": 4.238624}}
{"target": 0.2589285714285714, "params": {"activation_function": 1.024030580141539, "amount_of_layers": 3.0453216705899466, "batch_size": 143.10434525592268, "dropout_rate": 0.6829174391525061, "epochs": 139.32915533127928, "hidden_channels": 114.63644336845698, "learning_rate": 0.05941017038037448, "optimizer": 0.6437751276281458, "pooling_algorithm": 0.0721999968434921}, "datetime": {"datetime": "2023-11-28 01:09:00", "elapsed": 72.375476, "delta": 2.577302}}
{"target": 0.2625, "params": {"activation_function": 1.782678282289097, "amount_of_layers": 7.250742370769998, "batch_size": 138.8035566017257, "dropout_rate": 0.6700434960180062, "epochs": 17.736160580120867, "hidden_channels": 83.66726102530622, "learning_rate": 0.048608014653188585, "optimizer": 1.3826617041126006, "pooling_algorithm": 0.4855424646365567}, "datetime": {"datetime": "2023-11-28 01:09:01", "elapsed": 72.956243, "delta": 0.580767}}
{"target": 0.26249999999999996, "params": {"activation_function": 1.9514725987293104, "amount_of_layers": 5.19319154739815, "batch_size": 51.52428333163547, "dropout_rate": 0.29712090955576825, "epochs": 65.64148764074916, "hidden_channels": 55.80452714560952, "learning_rate": 0.07406060712401333, "optimizer": 0.928575312637467, "pooling_algorithm": 0.09788541452049426}, "datetime": {"datetime": "2023-11-28 01:09:03", "elapsed": 75.117246, "delta": 2.161003}}
{"target": 0.8107142857142857, "params": {"activation_function": 0.4573771492474825, "amount_of_layers": 4.082311783661114, "batch_size": 76.70804797739784, "dropout_rate": 0.2583559406208073, "epochs": 186.14617079226576, "hidden_channels": 12.9572494427004, "learning_rate": 0.060851281896738545, "optimizer": 0.9990229673477553, "pooling_algorithm": 0.236246593523039}, "datetime": {"datetime": "2023-11-28 01:09:07", "elapsed": 78.95794, "delta": 3.840694}}
{"target": 0.7392857142857143, "params": {"activation_function": 1.2463651551004762, "amount_of_layers": 3.0586013844095463, "batch_size": 36.9178980162049, "dropout_rate": 0.43641643776430705, "epochs": 105.92441562795335, "hidden_channels": 44.85897412619638, "learning_rate": 0.0885821022947176, "optimizer": 1.3676521395937367, "pooling_algorithm": 0.2842570474360888}, "datetime": {"datetime": "2023-11-28 01:09:11", "elapsed": 82.920649, "delta": 3.962709}}
{"target": 0.0, "params": {"activation_function": 1.258626729589205, "amount_of_layers": 5.623711578142009, "batch_size": 48.95064039745798, "dropout_rate": 0.48283550806878667, "epochs": 152.86315694159586, "hidden_channels": 126.46885803326988, "learning_rate": 0.08663466847473972, "optimizer": 0.7787475379516868, "pooling_algorithm": 0.7042597631948972}, "datetime": {"datetime": "2023-11-28 01:09:17", "elapsed": 89.407373, "delta": 6.486724}}
{"target": 0.9142857142857144, "params": {"activation_function": 1.9951125196070698, "amount_of_layers": 2.762241772418551, "batch_size": 67.00796313861156, "dropout_rate": 0.26303954933429546, "epochs": 135.72486634830034, "hidden_channels": 108.31593140428832, "learning_rate": 0.03484070487966515, "optimizer": 0.17934573758212236, "pooling_algorithm": 0.5655783282810215}, "datetime": {"datetime": "2023-11-28 01:09:21", "elapsed": 92.690318, "delta": 3.282945}}
{"target": 0.5, "params": {"activation_function": 0.1342266763423099, "amount_of_layers": 8.849348174563994, "batch_size": 47.06362302273435, "dropout_rate": 0.557680306278007, "epochs": 136.95961488316698, "hidden_channels": 114.5972120598609, "learning_rate": 0.007768881461758982, "optimizer": 0.746134099104141, "pooling_algorithm": 0.38619231549069066}, "datetime": {"datetime": "2023-11-28 01:09:28", "elapsed": 100.171935, "delta": 7.481617}}
{"target": 0.5464285714285714, "params": {"activation_function": 1.4298977629821181, "amount_of_layers": 1.6099332405907578, "batch_size": 23.86054200902779, "dropout_rate": 0.699924210520076, "epochs": 49.86828328408448, "hidden_channels": 38.77500053330108, "learning_rate": 0.05571971328310134, "optimizer": 0.7767649468984801, "pooling_algorithm": 0.6889700212988416}, "datetime": {"datetime": "2023-11-28 01:09:30", "elapsed": 102.396238, "delta": 2.224303}}
{"target": 0.5, "params": {"activation_function": 0.36602664247450023, "amount_of_layers": 3.3233721215142324, "batch_size": 112.19083131592525, "dropout_rate": 0.576756558960955, "epochs": 124.99781415399015, "hidden_channels": 105.65983909918754, "learning_rate": 0.04729775287643473, "optimizer": 1.7568113832998544, "pooling_algorithm": 0.8943029857928038}, "datetime": {"datetime": "2023-11-28 01:09:33", "elapsed": 104.746559, "delta": 2.350321}}
{"target": 0.5, "params": {"activation_function": 1.2105740057055518, "amount_of_layers": 5.227072864404564, "batch_size": 61.23285643043677, "dropout_rate": 0.3112568964981903, "epochs": 71.48994536073906, "hidden_channels": 38.72902800413594, "learning_rate": 0.08359231167251431, "optimizer": 1.874494131745733, "pooling_algorithm": 0.6187941163781269}, "datetime": {"datetime": "2023-11-28 01:09:35", "elapsed": 106.98291, "delta": 2.236351}}
{"target": 0.5, "params": {"activation_function": 0.7036895113408383, "amount_of_layers": 5.2661365972723315, "batch_size": 85.07815654384234, "dropout_rate": 0.6932693236154241, "epochs": 186.2630671162614, "hidden_channels": 104.55721341310137, "learning_rate": 0.09062878750872089, "optimizer": 1.5397969760936678, "pooling_algorithm": 0.7007437221913299}, "datetime": {"datetime": "2023-11-28 01:09:39", "elapsed": 111.05481, "delta": 4.0719}}
{"target": 0.08571428571428572, "params": {"activation_function": 1.2131470601847483, "amount_of_layers": 4.289749464978118, "batch_size": 69.26719904834151, "dropout_rate": 0.7373905971747089, "epochs": 35.310676854884676, "hidden_channels": 46.890912600623636, "learning_rate": 0.004331462878678263, "optimizer": 1.2343594124558874, "pooling_algorithm": 0.8835009900522841}, "datetime": {"datetime": "2023-11-28 01:09:40", "elapsed": 112.142525, "delta": 1.087715}}
{"target": 0.2642857142857143, "params": {"activation_function": 1.4317801606870528, "amount_of_layers": 2.531844465758579, "batch_size": 82.47215396777001, "dropout_rate": 0.48694008574964587, "epochs": 66.87951742113584, "hidden_channels": 103.86391417489351, "learning_rate": 0.033571778570777706, "optimizer": 0.7761180476346097, "pooling_algorithm": 0.4177921644291327}, "datetime": {"datetime": "2023-11-28 01:09:41", "elapsed": 113.492882, "delta": 1.350357}}
{"target": 0.7428571428571429, "params": {"activation_function": 0.6744614738706443, "amount_of_layers": 3.9548963363999103, "batch_size": 16.74561820964075, "dropout_rate": 0.6408871245334525, "epochs": 147.45949118102558, "hidden_channels": 119.97111533538188, "learning_rate": 0.0573448015149044, "optimizer": 1.07974572232815, "pooling_algorithm": 0.167017284384416}, "datetime": {"datetime": "2023-11-28 01:09:52", "elapsed": 123.73458, "delta": 10.241698}}
{"target": 0.5, "params": {"activation_function": 1.605913061233756, "amount_of_layers": 4.865050916432337, "batch_size": 104.56343355107605, "dropout_rate": 0.49318813569879977, "epochs": 45.219436480157356, "hidden_channels": 95.58649643013047, "learning_rate": 0.08041192105479576, "optimizer": 0.9429171524118947, "pooling_algorithm": 0.5142261876167776}, "datetime": {"datetime": "2023-11-28 01:09:53", "elapsed": 124.868617, "delta": 1.134037}}
{"target": 0.2625, "params": {"activation_function": 1.969271362072004, "amount_of_layers": 6.432126997108371, "batch_size": 33.89174901230569, "dropout_rate": 0.26783636657912013, "epochs": 172.76106011035068, "hidden_channels": 40.08384123538343, "learning_rate": 0.030803180011177125, "optimizer": 1.8232863560544432, "pooling_algorithm": 0.41010567735838377}, "datetime": {"datetime": "2023-11-28 01:10:02", "elapsed": 133.54721, "delta": 8.678593}}
{"target": 0.8178571428571428, "params": {"activation_function": 0.1375903396604552, "amount_of_layers": 1.9958967266077972, "batch_size": 128.87546880035205, "dropout_rate": 0.5857099454121393, "epochs": 155.12969192485664, "hidden_channels": 71.16584195905838, "learning_rate": 0.050122086591222824, "optimizer": 0.841107597652317, "pooling_algorithm": 0.3895185738753325}, "datetime": {"datetime": "2023-11-28 01:10:04", "elapsed": 136.168331, "delta": 2.621121}}
{"target": 0.5, "params": {"activation_function": 0.24075396173097618, "amount_of_layers": 7.7884840631862255, "batch_size": 71.3515005154468, "dropout_rate": 0.2974550050855606, "epochs": 185.54364624669967, "hidden_channels": 84.85921096424917, "learning_rate": 0.03834596887769199, "optimizer": 1.5183103854397342, "pooling_algorithm": 0.4205749188328145}, "datetime": {"datetime": "2023-11-28 01:10:11", "elapsed": 143.289723, "delta": 7.121392}}
{"target": 0.5, "params": {"activation_function": 0.4188352866319196, "amount_of_layers": 3.1500070902158823, "batch_size": 124.53166642112852, "dropout_rate": 0.2844810518507343, "epochs": 103.08317025436949, "hidden_channels": 120.53703066012977, "learning_rate": 0.011600735637274442, "optimizer": 1.7946405011250008, "pooling_algorithm": 0.6612424754904055}, "datetime": {"datetime": "2023-11-28 01:10:13", "elapsed": 145.246707, "delta": 1.956984}}
{"target": 0.2642857142857143, "params": {"activation_function": 1.037778186029859, "amount_of_layers": 5.140340996938933, "batch_size": 63.33999158893115, "dropout_rate": 0.7026569122013251, "epochs": 43.2141946534096, "hidden_channels": 42.85453140600864, "learning_rate": 0.05754134011445729, "optimizer": 0.18918189432622623, "pooling_algorithm": 0.15164605362322303}, "datetime": {"datetime": "2023-11-28 01:10:15", "elapsed": 146.662638, "delta": 1.415931}}
