{"target": 0.7178571428571427, "params": {"activation_function": 1.7963477687990763, "amount_of_layers": 2.3938704302902156, "batch_size": 99.39571476236506, "dropout_rate": 0.3415146254932047, "epochs": 97.49199355410511, "hidden_channels": 41.2369142687866, "learning_rate": 0.025921977023561377, "optimizer": 1.4571520323726952, "pooling_algorithm": 0.14222531388847537}, "datetime": {"datetime": "2023-11-28 06:05:56", "elapsed": 205.459372, "delta": 1.737786}}
{"target": 0.5, "params": {"activation_function": 1.2708394674689785, "amount_of_layers": 7.867007162030582, "batch_size": 77.26282583382459, "dropout_rate": 0.6706223297191177, "epochs": 65.06261242195876, "hidden_channels": 16.085112295265635, "learning_rate": 0.08258462722237227, "optimizer": 1.8898577292938152, "pooling_algorithm": 0.8528625362510205}, "datetime": {"datetime": "2023-11-28 06:05:58", "elapsed": 207.379192, "delta": 1.91982}}
{"target": 0.26785714285714285, "params": {"activation_function": 0.6655185080613091, "amount_of_layers": 7.587636230207104, "batch_size": 78.31803804329661, "dropout_rate": 0.34016586111768427, "epochs": 67.35569042551155, "hidden_channels": 18.661133230065946, "learning_rate": 0.05480894616162965, "optimizer": 0.2731229221066249, "pooling_algorithm": 0.3339201792131282}, "datetime": {"datetime": "2023-11-28 06:05:59", "elapsed": 209.313353, "delta": 1.934161}}
{"target": 0.7410714285714285, "params": {"activation_function": 0.22880359608729006, "amount_of_layers": 7.663525003414892, "batch_size": 77.15108314384847, "dropout_rate": 0.34967462160348917, "epochs": 70.14334966253335, "hidden_channels": 17.704067043415797, "learning_rate": 0.07316110663764548, "optimizer": 1.3666485816391003, "pooling_algorithm": 0.07321684915976157}, "datetime": {"datetime": "2023-11-28 06:06:02", "elapsed": 211.41561, "delta": 2.102257}}
{"target": 0.7428571428571429, "params": {"activation_function": 1.4485449408759363, "amount_of_layers": 6.239108337861154, "batch_size": 102.92763338316443, "dropout_rate": 0.6198242545420273, "epochs": 144.38147713007683, "hidden_channels": 50.81810257988104, "learning_rate": 0.02556852757723821, "optimizer": 0.02808676840950297, "pooling_algorithm": 0.38635149594323404}, "datetime": {"datetime": "2023-11-28 06:06:05", "elapsed": 214.917469, "delta": 3.501859}}
{"target": 0.5, "params": {"activation_function": 0.4552723325693213, "amount_of_layers": 4.39347968794012, "batch_size": 97.42960423991443, "dropout_rate": 0.41432171896513575, "epochs": 98.72866342608043, "hidden_channels": 43.766936965399125, "learning_rate": 0.0665821551921904, "optimizer": 0.6002771365163704, "pooling_algorithm": 0.45548548981618586}, "datetime": {"datetime": "2023-11-28 06:06:07", "elapsed": 217.113982, "delta": 2.196513}}
{"target": 0.7714285714285715, "params": {"activation_function": 1.4758643992566884, "amount_of_layers": 4.111675282451136, "batch_size": 31.73807749585299, "dropout_rate": 0.31726148504971197, "epochs": 28.031251850540627, "hidden_channels": 125.42047647285601, "learning_rate": 0.010141523599347727, "optimizer": 1.1792697063522233, "pooling_algorithm": 0.3713878910252111}, "datetime": {"datetime": "2023-11-28 06:06:09", "elapsed": 218.461221, "delta": 1.347239}}
{"target": 0.0, "params": {"activation_function": 0.9243578901295377, "amount_of_layers": 3.009396915319236, "batch_size": 98.89594382695294, "dropout_rate": 0.6491746365945903, "epochs": 140.725106695371, "hidden_channels": 50.01603603663725, "learning_rate": 0.0979196097381518, "optimizer": 1.7576953784186427, "pooling_algorithm": 0.548055713584507}, "datetime": {"datetime": "2023-11-28 06:06:11", "elapsed": 221.087013, "delta": 2.625792}}
{"target": 0.8035714285714286, "params": {"activation_function": 0.05111573311917139, "amount_of_layers": 6.559662674490629, "batch_size": 78.86770476494775, "dropout_rate": 0.5101411856464623, "epochs": 65.68486672532313, "hidden_channels": 16.26633561837669, "learning_rate": 0.051691523869530624, "optimizer": 0.2510463324710479, "pooling_algorithm": 0.4090511163471161}, "datetime": {"datetime": "2023-11-28 06:06:13", "elapsed": 222.861105, "delta": 1.774092}}
{"target": 0.0, "params": {"activation_function": 1.963668787754614, "amount_of_layers": 8.851371533314717, "batch_size": 77.65447310617128, "dropout_rate": 0.5501071742660865, "epochs": 66.8226543210708, "hidden_channels": 15.585308579297207, "learning_rate": 0.09941444020529899, "optimizer": 1.9952590617104458, "pooling_algorithm": 0.6570294125536256}, "datetime": {"datetime": "2023-11-28 06:06:15", "elapsed": 224.903346, "delta": 2.042241}}
{"target": 0.2607142857142857, "params": {"activation_function": 0.764749911029017, "amount_of_layers": 7.83525872321339, "batch_size": 78.94776928495293, "dropout_rate": 0.5140217760082199, "epochs": 67.87372779535157, "hidden_channels": 14.254715673992797, "learning_rate": 0.024951511017157302, "optimizer": 1.8850978489797334, "pooling_algorithm": 0.18626499617996617}, "datetime": {"datetime": "2023-11-28 06:06:17", "elapsed": 226.913651, "delta": 2.010305}}
{"target": 0.25, "params": {"activation_function": 1.9209884880818342, "amount_of_layers": 3.495290531425412, "batch_size": 86.10482038930049, "dropout_rate": 0.3363156724340996, "epochs": 37.522314149557246, "hidden_channels": 116.0914017439096, "learning_rate": 0.02709519827216286, "optimizer": 0.24299418900052028, "pooling_algorithm": 0.08714179060577021}, "datetime": {"datetime": "2023-11-28 06:06:18", "elapsed": 227.725842, "delta": 0.812191}}
{"target": 0.8035714285714286, "params": {"activation_function": 0.3691949317604033, "amount_of_layers": 1.4007805154034223, "batch_size": 99.9515271205915, "dropout_rate": 0.45819893127848854, "epochs": 99.14208636879664, "hidden_channels": 44.15416720001068, "learning_rate": 0.07940059452347774, "optimizer": 1.5337145027249106, "pooling_algorithm": 0.390647365110532}, "datetime": {"datetime": "2023-11-28 06:06:19", "elapsed": 229.264175, "delta": 1.538333}}
{"target": 0.7392857142857143, "params": {"activation_function": 0.5789557270702168, "amount_of_layers": 8.248528712183036, "batch_size": 79.0500250506202, "dropout_rate": 0.28312872512342224, "epochs": 63.79916121891161, "hidden_channels": 14.722779289440883, "learning_rate": 0.0036439242365427474, "optimizer": 1.4294745172589998, "pooling_algorithm": 0.4840427295591285}, "datetime": {"datetime": "2023-11-28 06:06:21", "elapsed": 231.231447, "delta": 1.967272}}
{"target": 0.8696428571428572, "params": {"activation_function": 1.7763845445758133, "amount_of_layers": 6.593508710590211, "batch_size": 79.16037701233898, "dropout_rate": 0.6188810282880179, "epochs": 66.62231236477533, "hidden_channels": 14.882288493438733, "learning_rate": 0.05929983518843692, "optimizer": 1.2718423951792708, "pooling_algorithm": 0.978749392396962}, "datetime": {"datetime": "2023-11-28 06:06:23", "elapsed": 233.077678, "delta": 1.846231}}
{"target": 0.9178571428571428, "params": {"activation_function": 0.41274106513607833, "amount_of_layers": 6.4473288226773615, "batch_size": 96.17402296639105, "dropout_rate": 0.5886936288294442, "epochs": 143.6467031526789, "hidden_channels": 52.980834214784636, "learning_rate": 0.011248317113484962, "optimizer": 0.7065239477905685, "pooling_algorithm": 0.7827356217250974}, "datetime": {"datetime": "2023-11-28 06:06:27", "elapsed": 236.668599, "delta": 3.590921}}
{"target": 0.5, "params": {"activation_function": 1.1373090015134066, "amount_of_layers": 6.4847935099862255, "batch_size": 98.23553661972035, "dropout_rate": 0.4613294441578501, "epochs": 144.74589857770863, "hidden_channels": 52.79258857207533, "learning_rate": 0.021450617455672633, "optimizer": 1.846690565221556, "pooling_algorithm": 0.7836464644560519}, "datetime": {"datetime": "2023-11-28 06:06:30", "elapsed": 240.148503, "delta": 3.479904}}
{"target": 0.9142857142857144, "params": {"activation_function": 1.596547200262263, "amount_of_layers": 8.960667717492015, "batch_size": 101.67547428103231, "dropout_rate": 0.562947250423643, "epochs": 96.05731409348083, "hidden_channels": 76.98067237899627, "learning_rate": 0.0332430222702655, "optimizer": 0.38538094444478976, "pooling_algorithm": 0.5036050990086199}, "datetime": {"datetime": "2023-11-28 06:06:33", "elapsed": 243.161953, "delta": 3.01345}}
{"target": 0.0, "params": {"activation_function": 1.2119128137371338, "amount_of_layers": 4.525154165773326, "batch_size": 34.20373643899145, "dropout_rate": 0.5477022659998936, "epochs": 29.15762846592851, "hidden_channels": 125.61090289798149, "learning_rate": 0.05918031515255098, "optimizer": 1.9744267372100603, "pooling_algorithm": 0.2892540716542683}, "datetime": {"datetime": "2023-11-28 06:06:35", "elapsed": 244.70621, "delta": 1.544257}}
{"target": 0.5, "params": {"activation_function": 1.990721674840266, "amount_of_layers": 1.5345408004773464, "batch_size": 90.0779260639985, "dropout_rate": 0.5966337652884753, "epochs": 35.14427161202912, "hidden_channels": 116.21613373042385, "learning_rate": 0.09185057317700229, "optimizer": 1.02357711976845, "pooling_algorithm": 0.0669202354831504}, "datetime": {"datetime": "2023-11-28 06:06:36", "elapsed": 245.425848, "delta": 0.719638}}
{"target": 0.5, "params": {"activation_function": 1.6854872433246728, "amount_of_layers": 5.437420501777315, "batch_size": 94.77574000675578, "dropout_rate": 0.7385802036756359, "epochs": 142.97706488503547, "hidden_channels": 55.32262625259879, "learning_rate": 0.07381352852695305, "optimizer": 1.281092109183983, "pooling_algorithm": 0.7363824221885266}, "datetime": {"datetime": "2023-11-28 06:06:39", "elapsed": 248.719813, "delta": 3.293965}}
{"target": 0.8964285714285715, "params": {"activation_function": 1.2687682200922663, "amount_of_layers": 2.1383029011447254, "batch_size": 98.63332549276922, "dropout_rate": 0.2898719009571161, "epochs": 144.26558789016397, "hidden_channels": 55.01193686854024, "learning_rate": 0.07635762341408621, "optimizer": 0.18992868784090544, "pooling_algorithm": 0.9891217244737464}, "datetime": {"datetime": "2023-11-28 06:06:41", "elapsed": 251.056045, "delta": 2.336232}}
{"target": 0.5, "params": {"activation_function": 1.0026628873330916, "amount_of_layers": 3.4874185818808625, "batch_size": 88.7324389392902, "dropout_rate": 0.7212619988652977, "epochs": 35.93245096561442, "hidden_channels": 115.32728325621582, "learning_rate": 0.0846157494472169, "optimizer": 0.5679985897246036, "pooling_algorithm": 0.05517115975827391}, "datetime": {"datetime": "2023-11-28 06:06:42", "elapsed": 251.879978, "delta": 0.823933}}
{"target": 0.0, "params": {"activation_function": 0.18616948145909196, "amount_of_layers": 6.548159990576954, "batch_size": 74.24353876582691, "dropout_rate": 0.6880567247291078, "epochs": 131.6205545317826, "hidden_channels": 20.917695054188425, "learning_rate": 0.09195405687196628, "optimizer": 0.5927482073604222, "pooling_algorithm": 0.10451859367075844}, "datetime": {"datetime": "2023-11-28 06:06:47", "elapsed": 256.708693, "delta": 4.828715}}
{"target": 0.8428571428571429, "params": {"activation_function": 0.7542561809693313, "amount_of_layers": 2.1586755804952737, "batch_size": 97.20724288703458, "dropout_rate": 0.5321445806318729, "epochs": 97.48355704441718, "hidden_channels": 43.049748553991115, "learning_rate": 0.04465010398676617, "optimizer": 1.3435450926196462, "pooling_algorithm": 0.4490012979558765}, "datetime": {"datetime": "2023-11-28 06:06:49", "elapsed": 258.44511, "delta": 1.736417}}
