{"target": 0.7375, "params": {"activation_function": 1.5382755758377875, "amount_of_layers": 7.265217423692568, "batch_size": 140.75180590629714, "dropout_rate": 0.4108777163123894, "epochs": 198.08847797936852, "hidden_channels": 122.97507577573106, "learning_rate": 0.06931433936375309, "optimizer": 1.0239312403377199, "pooling_algorithm": 0.22727108195171664}, "datetime": {"datetime": "2023-11-28 04:05:32", "elapsed": 139.193248, "delta": 5.093123}}
{"target": 0.5, "params": {"activation_function": 1.1785520998700965, "amount_of_layers": 6.694270862887709, "batch_size": 46.65808302404287, "dropout_rate": 0.6028190111209146, "epochs": 61.24974904418529, "hidden_channels": 50.915732998383426, "learning_rate": 0.07458359773217481, "optimizer": 1.6177915003502539, "pooling_algorithm": 0.3995217124657786}, "datetime": {"datetime": "2023-11-28 04:05:34", "elapsed": 142.073407, "delta": 2.880159}}
{"target": 0.9071428571428573, "params": {"activation_function": 1.4038223904468012, "amount_of_layers": 5.746781661610119, "batch_size": 134.5607309642636, "dropout_rate": 0.4610334602417279, "epochs": 81.42943598249943, "hidden_channels": 19.125594367595774, "learning_rate": 0.05009039922573661, "optimizer": 0.4356368346660262, "pooling_algorithm": 0.5454374642798654}, "datetime": {"datetime": "2023-11-28 04:05:36", "elapsed": 144.023798, "delta": 1.950391}}
{"target": 0.2660714285714285, "params": {"activation_function": 1.475189288716084, "amount_of_layers": 8.96208735203724, "batch_size": 101.64949458261748, "dropout_rate": 0.33188794715614156, "epochs": 39.12144147300083, "hidden_channels": 44.420974849640416, "learning_rate": 0.09438647327032795, "optimizer": 0.5392637742296111, "pooling_algorithm": 0.1439796198603791}, "datetime": {"datetime": "2023-11-28 04:05:38", "elapsed": 145.276251, "delta": 1.252453}}
{"target": 0.5, "params": {"activation_function": 0.4413957175972125, "amount_of_layers": 2.0334594378318895, "batch_size": 31.40444030897544, "dropout_rate": 0.44793186977523625, "epochs": 173.52252956050555, "hidden_channels": 105.91067072224342, "learning_rate": 0.09671823265557915, "optimizer": 0.9079013772553957, "pooling_algorithm": 0.16357949431327}, "datetime": {"datetime": "2023-11-28 04:05:43", "elapsed": 150.724903, "delta": 5.448652}}
{"target": 0.9214285714285715, "params": {"activation_function": 0.40707503485027696, "amount_of_layers": 3.9548450861377944, "batch_size": 136.06399220002862, "dropout_rate": 0.5206951756659028, "epochs": 81.23326338060373, "hidden_channels": 15.638879919283374, "learning_rate": 0.02340447648203619, "optimizer": 0.3067089202514719, "pooling_algorithm": 0.8157997374676549}, "datetime": {"datetime": "2023-11-28 04:05:45", "elapsed": 152.374572, "delta": 1.649669}}
{"target": 0.7375, "params": {"activation_function": 1.0724227464833413, "amount_of_layers": 7.268944562925482, "batch_size": 50.214825955158666, "dropout_rate": 0.5520504937062849, "epochs": 11.40082373861157, "hidden_channels": 109.36148414037898, "learning_rate": 0.068882155684341, "optimizer": 1.035460917943503, "pooling_algorithm": 0.24568020310859073}, "datetime": {"datetime": "2023-11-28 04:05:45", "elapsed": 152.91581, "delta": 0.541238}}
{"target": 0.2642857142857143, "params": {"activation_function": 0.769771137497445, "amount_of_layers": 4.350397769461598, "batch_size": 133.99619050102666, "dropout_rate": 0.4873779315012385, "epochs": 82.25213258720214, "hidden_channels": 13.233753613597946, "learning_rate": 0.023373143082857744, "optimizer": 1.9438346064160894, "pooling_algorithm": 0.12107604418404494}, "datetime": {"datetime": "2023-11-28 04:05:47", "elapsed": 154.656616, "delta": 1.740806}}
{"target": 0.5, "params": {"activation_function": 1.2596935763099577, "amount_of_layers": 6.803592783688369, "batch_size": 44.943780005919265, "dropout_rate": 0.6170230200074287, "epochs": 61.21917415556469, "hidden_channels": 54.47710200822034, "learning_rate": 0.06346459782844296, "optimizer": 0.9112444445889438, "pooling_algorithm": 0.630090567682877}, "datetime": {"datetime": "2023-11-28 04:05:50", "elapsed": 157.583733, "delta": 2.927117}}
{"target": 0.9071428571428573, "params": {"activation_function": 0.9311997076906313, "amount_of_layers": 2.9068463689872885, "batch_size": 137.18286143599778, "dropout_rate": 0.5818349685292858, "epochs": 81.041800585738, "hidden_channels": 17.888513867941597, "learning_rate": 0.022569983869694863, "optimizer": 1.3535577502147378, "pooling_algorithm": 0.6072562191011778}, "datetime": {"datetime": "2023-11-28 04:05:52", "elapsed": 159.130884, "delta": 1.547151}}
{"target": 0.5, "params": {"activation_function": 0.6439582600072256, "amount_of_layers": 3.164866396448371, "batch_size": 134.1116348149164, "dropout_rate": 0.7025607733163919, "epochs": 81.3755344397554, "hidden_channels": 19.887124889058192, "learning_rate": 0.08459194341470899, "optimizer": 1.716033150027778, "pooling_algorithm": 0.5992501222927659}, "datetime": {"datetime": "2023-11-28 04:05:53", "elapsed": 160.67345, "delta": 1.542566}}
{"target": 0.7392857142857143, "params": {"activation_function": 0.8436722778540695, "amount_of_layers": 6.526177995764475, "batch_size": 134.28320077678643, "dropout_rate": 0.6666682897628121, "epochs": 79.08915748807613, "hidden_channels": 17.354014682664022, "learning_rate": 0.030684993514362487, "optimizer": 0.5225365623844371, "pooling_algorithm": 0.13383959596902373}, "datetime": {"datetime": "2023-11-28 04:05:55", "elapsed": 162.832192, "delta": 2.158742}}
{"target": 0.2625, "params": {"activation_function": 1.8179086830099465, "amount_of_layers": 3.6350563553086133, "batch_size": 102.06569022597274, "dropout_rate": 0.6968221599024342, "epochs": 159.3902620840812, "hidden_channels": 83.86392736582599, "learning_rate": 0.034029696879404187, "optimizer": 1.0550563839397975, "pooling_algorithm": 0.4631397645076484}, "datetime": {"datetime": "2023-11-28 04:05:59", "elapsed": 166.159133, "delta": 3.326941}}
{"target": 0.49642857142857144, "params": {"activation_function": 1.0372259238172596, "amount_of_layers": 1.3384420144748095, "batch_size": 137.70968263177895, "dropout_rate": 0.3513980124659368, "epochs": 83.75709263305201, "hidden_channels": 16.16668013522382, "learning_rate": 0.013800279333392774, "optimizer": 0.014638235577191239, "pooling_algorithm": 0.1806176248465422}, "datetime": {"datetime": "2023-11-28 04:06:00", "elapsed": 167.37898, "delta": 1.219847}}
{"target": 0.9017857142857143, "params": {"activation_function": 1.0239963451469023, "amount_of_layers": 3.273812230141922, "batch_size": 29.76040068792276, "dropout_rate": 0.6515387268318789, "epochs": 175.97948574840152, "hidden_channels": 108.35391130303249, "learning_rate": 0.003182022209825303, "optimizer": 0.9073320214934488, "pooling_algorithm": 0.6720891778376665}, "datetime": {"datetime": "2023-11-28 04:06:06", "elapsed": 173.797542, "delta": 6.418562}}
{"target": 0.9107142857142858, "params": {"activation_function": 0.09871061473815312, "amount_of_layers": 7.210037456729926, "batch_size": 138.59309234074044, "dropout_rate": 0.5875896582334843, "epochs": 199.2803304254321, "hidden_channels": 121.18810785737713, "learning_rate": 0.09805157456217059, "optimizer": 0.34784488859153595, "pooling_algorithm": 0.8495407702296449}, "datetime": {"datetime": "2023-11-28 04:06:11", "elapsed": 178.71739, "delta": 4.919848}}
{"target": 0.475, "params": {"activation_function": 1.3270489273734254, "amount_of_layers": 5.770424603793781, "batch_size": 29.091464670217583, "dropout_rate": 0.4764939188708054, "epochs": 174.74066431638974, "hidden_channels": 105.96814854702458, "learning_rate": 0.01428333143597581, "optimizer": 1.31981046037026, "pooling_algorithm": 0.6319066732988641}, "datetime": {"datetime": "2023-11-28 04:06:22", "elapsed": 189.113654, "delta": 10.396264}}
{"target": 0.5, "params": {"activation_function": 0.6918804687024089, "amount_of_layers": 3.9135097826714604, "batch_size": 135.11827653398242, "dropout_rate": 0.28751414848999646, "epochs": 81.4128862790711, "hidden_channels": 15.353727963087183, "learning_rate": 0.08996592917855455, "optimizer": 1.7030655950636497, "pooling_algorithm": 0.8697548720376373}, "datetime": {"datetime": "2023-11-28 04:06:23", "elapsed": 190.798093, "delta": 1.684439}}
{"target": 0.5857142857142857, "params": {"activation_function": 0.771775031644016, "amount_of_layers": 4.687862996280946, "batch_size": 132.49294842499864, "dropout_rate": 0.640574009784599, "epochs": 78.89080564007986, "hidden_channels": 17.459688324784345, "learning_rate": 0.06814989579096432, "optimizer": 0.2857561331793075, "pooling_algorithm": 0.03893575365977464}, "datetime": {"datetime": "2023-11-28 04:06:25", "elapsed": 192.579599, "delta": 1.781506}}
{"target": 0.5, "params": {"activation_function": 0.9516484219698784, "amount_of_layers": 6.0307457682662315, "batch_size": 141.24531658090288, "dropout_rate": 0.25647222391486824, "epochs": 197.28972315523544, "hidden_channels": 121.28174716867714, "learning_rate": 0.04537001039728879, "optimizer": 0.5801176252465925, "pooling_algorithm": 0.5629330294951387}, "datetime": {"datetime": "2023-11-28 04:06:30", "elapsed": 197.196728, "delta": 4.617129}}
{"target": 0.5, "params": {"activation_function": 0.7010662719971548, "amount_of_layers": 2.496343717678526, "batch_size": 138.84079961471514, "dropout_rate": 0.39786484628593777, "epochs": 82.20848505785366, "hidden_channels": 17.748593578034615, "learning_rate": 0.04615681070125228, "optimizer": 1.8520510835750095, "pooling_algorithm": 0.7933513297167949}, "datetime": {"datetime": "2023-11-28 04:06:31", "elapsed": 198.552284, "delta": 1.355556}}
{"target": 0.5, "params": {"activation_function": 0.7458616172557975, "amount_of_layers": 6.415349624530729, "batch_size": 50.57725116429241, "dropout_rate": 0.42052210320498706, "epochs": 11.10349765782648, "hidden_channels": 110.14165889335138, "learning_rate": 0.047074721129513046, "optimizer": 1.743184828697274, "pooling_algorithm": 0.2437309974644637}, "datetime": {"datetime": "2023-11-28 04:06:31", "elapsed": 199.025898, "delta": 0.473614}}
{"target": 0.5, "params": {"activation_function": 0.10970291056005022, "amount_of_layers": 3.6971421863694287, "batch_size": 132.88175277593348, "dropout_rate": 0.7421618514075693, "epochs": 81.45973819234057, "hidden_channels": 17.628405229827695, "learning_rate": 0.09688853768273979, "optimizer": 1.1172122999895233, "pooling_algorithm": 0.09366906247913187}, "datetime": {"datetime": "2023-11-28 04:06:33", "elapsed": 200.803308, "delta": 1.77741}}
{"target": 0.5, "params": {"activation_function": 1.5322009689663796, "amount_of_layers": 4.768663685292515, "batch_size": 135.89743634375074, "dropout_rate": 0.5590523979782372, "epochs": 79.7377892785144, "hidden_channels": 18.562172806817514, "learning_rate": 0.07149201586874954, "optimizer": 0.6540207626391883, "pooling_algorithm": 0.7707560162230437}, "datetime": {"datetime": "2023-11-28 04:06:35", "elapsed": 202.67178, "delta": 1.868472}}
{"target": 0.9107142857142858, "params": {"activation_function": 0.5848964123773288, "amount_of_layers": 2.3574868229856687, "batch_size": 131.0630207530968, "dropout_rate": 0.6540035810878253, "epochs": 82.16931144865144, "hidden_channels": 19.481821880838154, "learning_rate": 0.030723990194242313, "optimizer": 0.1539814025079611, "pooling_algorithm": 0.7586895931146449}, "datetime": {"datetime": "2023-11-28 04:06:36", "elapsed": 204.044045, "delta": 1.372265}}
{"target": 0.525, "params": {"activation_function": 1.9788950599894495, "amount_of_layers": 1.6700739853310944, "batch_size": 29.233573604347402, "dropout_rate": 0.6866245702261222, "epochs": 174.81751996106595, "hidden_channels": 109.20879869721486, "learning_rate": 0.08586621612672486, "optimizer": 0.7237531011944931, "pooling_algorithm": 0.7768028249709761}, "datetime": {"datetime": "2023-11-28 04:06:43", "elapsed": 210.555625, "delta": 6.51158}}
{"target": 0.09285714285714286, "params": {"activation_function": 1.5729216858324668, "amount_of_layers": 6.154569253190711, "batch_size": 40.83275569135556, "dropout_rate": 0.37958498914555616, "epochs": 14.0421330519932, "hidden_channels": 98.952171735532, "learning_rate": 0.0025988794997612347, "optimizer": 1.8208235046347945, "pooling_algorithm": 0.837336293307528}, "datetime": {"datetime": "2023-11-28 04:06:44", "elapsed": 211.276942, "delta": 0.721317}}
{"target": 0.9071428571428571, "params": {"activation_function": 1.1223273051946274, "amount_of_layers": 2.9233384854135513, "batch_size": 59.91546700653115, "dropout_rate": 0.30630520878005424, "epochs": 142.31486719797897, "hidden_channels": 96.28060037899019, "learning_rate": 0.04030071381665238, "optimizer": 0.4369092104222796, "pooling_algorithm": 0.6255345949791529}, "datetime": {"datetime": "2023-11-28 04:06:47", "elapsed": 214.716606, "delta": 3.439664}}
{"target": 0.7375, "params": {"activation_function": 1.7079186290291575, "amount_of_layers": 3.683526689237814, "batch_size": 67.25718679947974, "dropout_rate": 0.5432579415811242, "epochs": 47.87988192654189, "hidden_channels": 65.97921789864118, "learning_rate": 0.05352516157509898, "optimizer": 1.1417415414437078, "pooling_algorithm": 0.3341036761451116}, "datetime": {"datetime": "2023-11-28 04:06:49", "elapsed": 216.208555, "delta": 1.491949}}
{"target": 0.9089285714285714, "params": {"activation_function": 0.41325435876395233, "amount_of_layers": 5.355564046873387, "batch_size": 40.10060538709711, "dropout_rate": 0.5993036215818841, "epochs": 114.85813399906172, "hidden_channels": 42.913690023427684, "learning_rate": 0.02404946714970412, "optimizer": 0.5906401987508347, "pooling_algorithm": 0.8934809378743407}, "datetime": {"datetime": "2023-11-28 04:06:53", "elapsed": 220.69643, "delta": 4.487875}}
{"target": 0.7339285714285715, "params": {"activation_function": 1.9113066416127278, "amount_of_layers": 7.859883918448094, "batch_size": 24.92996942258589, "dropout_rate": 0.5397420049515644, "epochs": 23.528743224018232, "hidden_channels": 116.97497163788768, "learning_rate": 0.08691475816113117, "optimizer": 0.891611817230175, "pooling_algorithm": 0.4675386819971027}, "datetime": {"datetime": "2023-11-28 04:06:55", "elapsed": 222.597466, "delta": 1.901036}}
{"target": 0.8285714285714285, "params": {"activation_function": 0.9650021414403984, "amount_of_layers": 1.7819377091660487, "batch_size": 65.64453057247789, "dropout_rate": 0.592809597217195, "epochs": 187.48935440948517, "hidden_channels": 18.46384851428877, "learning_rate": 0.010476814338260799, "optimizer": 0.6700716694818107, "pooling_algorithm": 0.00601351845507081}, "datetime": {"datetime": "2023-11-28 04:06:59", "elapsed": 226.691497, "delta": 4.094031}}
{"target": 0.0, "params": {"activation_function": 0.8375107023295005, "amount_of_layers": 2.534399226475994, "batch_size": 87.78464785105615, "dropout_rate": 0.7216995936545414, "epochs": 155.6491730867092, "hidden_channels": 89.92134874738954, "learning_rate": 0.09746784296542851, "optimizer": 0.251463895162205, "pooling_algorithm": 0.8993435706946729}, "datetime": {"datetime": "2023-11-28 04:07:02", "elapsed": 229.560782, "delta": 2.869285}}
{"target": 0.5, "params": {"activation_function": 0.29497680446226293, "amount_of_layers": 6.324516911260184, "batch_size": 64.47352364665186, "dropout_rate": 0.6207020656706701, "epochs": 49.11986346724406, "hidden_channels": 78.41161309762936, "learning_rate": 0.07806857747601739, "optimizer": 0.986457285527311, "pooling_algorithm": 0.3590441075708116}, "datetime": {"datetime": "2023-11-28 04:07:04", "elapsed": 231.35064, "delta": 1.789858}}
{"target": 0.5, "params": {"activation_function": 0.24721765604745993, "amount_of_layers": 3.7556958509181833, "batch_size": 44.586233468669676, "dropout_rate": 0.5868426217580694, "epochs": 163.8148683853794, "hidden_channels": 68.3994364584253, "learning_rate": 0.0997763222324788, "optimizer": 0.5767909190373925, "pooling_algorithm": 0.3480731047824178}, "datetime": {"datetime": "2023-11-28 04:07:09", "elapsed": 237.107537, "delta": 5.756897}}
{"target": 0.8, "params": {"activation_function": 0.17604652192455106, "amount_of_layers": 4.437200029479795, "batch_size": 92.50926480523171, "dropout_rate": 0.45290919019373616, "epochs": 169.60020240049502, "hidden_channels": 58.68543277093096, "learning_rate": 0.03221071159243148, "optimizer": 1.1150419315755264, "pooling_algorithm": 0.8139638033820742}, "datetime": {"datetime": "2023-11-28 04:07:13", "elapsed": 240.637864, "delta": 3.530327}}
{"target": 0.5750000000000001, "params": {"activation_function": 1.930141261739162, "amount_of_layers": 6.526930371983591, "batch_size": 141.2652425175935, "dropout_rate": 0.7027878332462525, "epochs": 197.16267157915505, "hidden_channels": 122.73732436341507, "learning_rate": 0.004679668307351559, "optimizer": 0.7270552838160029, "pooling_algorithm": 0.754945747997099}, "datetime": {"datetime": "2023-11-28 04:07:18", "elapsed": 245.718147, "delta": 5.080283}}
{"target": 0.5642857142857143, "params": {"activation_function": 0.974949510580476, "amount_of_layers": 8.0296131102609, "batch_size": 22.68858696343163, "dropout_rate": 0.5929134848345103, "epochs": 126.96544541126693, "hidden_channels": 127.0385679275071, "learning_rate": 0.050468896265554085, "optimizer": 1.162504379958512, "pooling_algorithm": 0.1603083016228274}, "datetime": {"datetime": "2023-11-28 04:07:29", "elapsed": 256.118122, "delta": 10.399975}}
{"target": 0.5, "params": {"activation_function": 0.08844034075006468, "amount_of_layers": 5.240819638931951, "batch_size": 68.8146721162749, "dropout_rate": 0.5500573000559795, "epochs": 129.9744043626553, "hidden_channels": 112.99070760143942, "learning_rate": 0.07247527071771581, "optimizer": 1.0978563050225065, "pooling_algorithm": 0.9405037324799985}, "datetime": {"datetime": "2023-11-28 04:07:33", "elapsed": 260.154014, "delta": 4.035892}}
{"target": 0.7357142857142858, "params": {"activation_function": 0.7561196879470067, "amount_of_layers": 7.48752969974802, "batch_size": 53.47499966681956, "dropout_rate": 0.7288581073962577, "epochs": 127.25837437504339, "hidden_channels": 100.25277704754485, "learning_rate": 0.06891021659317098, "optimizer": 0.7005956164287319, "pooling_algorithm": 0.35603873180491696}, "datetime": {"datetime": "2023-11-28 04:07:37", "elapsed": 264.897031, "delta": 4.743017}}
{"target": 0.0, "params": {"activation_function": 1.9120380717841077, "amount_of_layers": 6.730489141971109, "batch_size": 83.26526057162445, "dropout_rate": 0.5584647316883236, "epochs": 125.15609792934981, "hidden_channels": 103.15199054014067, "learning_rate": 0.09663528667172043, "optimizer": 1.9842659290110067, "pooling_algorithm": 0.9141801174315702}, "datetime": {"datetime": "2023-11-28 04:07:41", "elapsed": 268.208568, "delta": 3.311537}}
{"target": 0.7642857142857143, "params": {"activation_function": 0.20131848483879877, "amount_of_layers": 8.793754628845377, "batch_size": 68.43247621419764, "dropout_rate": 0.3675561421945165, "epochs": 59.57355012418391, "hidden_channels": 42.58646418147435, "learning_rate": 0.054818808892401975, "optimizer": 0.5498203973218168, "pooling_algorithm": 0.2785327532766677}, "datetime": {"datetime": "2023-11-28 04:07:43", "elapsed": 270.896928, "delta": 2.68836}}
{"target": 0.9, "params": {"activation_function": 1.480821422668213, "amount_of_layers": 1.9046020650021758, "batch_size": 44.47592839243728, "dropout_rate": 0.3239800348570569, "epochs": 195.28982470390991, "hidden_channels": 77.61102149849154, "learning_rate": 0.08434302487864999, "optimizer": 0.187169141297705, "pooling_algorithm": 0.5239827056569447}, "datetime": {"datetime": "2023-11-28 04:07:48", "elapsed": 275.88898, "delta": 4.992052}}
{"target": 0.8357142857142857, "params": {"activation_function": 1.927466591767818, "amount_of_layers": 2.198142746856126, "batch_size": 98.71289904474534, "dropout_rate": 0.7194102306860806, "epochs": 124.28670581979647, "hidden_channels": 14.378389156919862, "learning_rate": 0.03298914178319955, "optimizer": 0.7051075632080017, "pooling_algorithm": 0.04519709385164694}, "datetime": {"datetime": "2023-11-28 04:07:51", "elapsed": 278.176113, "delta": 2.287133}}
{"target": 0.8999999999999999, "params": {"activation_function": 0.29538680915648885, "amount_of_layers": 8.797167486222795, "batch_size": 27.376495376991322, "dropout_rate": 0.6770475205117297, "epochs": 23.988459375614703, "hidden_channels": 22.070654409845318, "learning_rate": 0.03149954151984626, "optimizer": 0.2006061610999441, "pooling_algorithm": 0.7658321867736564}, "datetime": {"datetime": "2023-11-28 04:07:53", "elapsed": 280.139404, "delta": 1.963291}}
{"target": 0.0, "params": {"activation_function": 1.8475303137413628, "amount_of_layers": 6.000389289304926, "batch_size": 133.7753721336452, "dropout_rate": 0.4522914668042534, "epochs": 189.5489618108405, "hidden_channels": 68.13779834039997, "learning_rate": 0.06077781229533432, "optimizer": 1.5068527492969739, "pooling_algorithm": 0.7330277291364982}, "datetime": {"datetime": "2023-11-28 04:07:57", "elapsed": 284.593502, "delta": 4.454098}}
{"target": 0.5, "params": {"activation_function": 0.23704571998700152, "amount_of_layers": 4.031621000796411, "batch_size": 59.17515828978364, "dropout_rate": 0.7259376993884157, "epochs": 85.43551851822274, "hidden_channels": 27.502150106308775, "learning_rate": 0.04080278291700979, "optimizer": 1.0995477930562483, "pooling_algorithm": 0.9655451447770782}, "datetime": {"datetime": "2023-11-28 04:07:59", "elapsed": 287.074671, "delta": 2.481169}}
{"target": 0.7875, "params": {"activation_function": 0.4639362249915546, "amount_of_layers": 8.603251516041283, "batch_size": 126.633163834016, "dropout_rate": 0.2523706437509649, "epochs": 107.12914781823059, "hidden_channels": 19.638558840464015, "learning_rate": 0.041862213241691475, "optimizer": 1.407337792472775, "pooling_algorithm": 0.07866616775556057}, "datetime": {"datetime": "2023-11-28 04:08:03", "elapsed": 290.368248, "delta": 3.293577}}
