{"target": 0.3035714285714286, "params": {"activation_function": 0.9750307919116392, "amount_of_layers": 4.161171263369354, "batch_size": 52.264385834503805, "dropout_rate": 0.4192851870895686, "epochs": 154.72934413813644, "hidden_channels": 60.8999292927944, "learning_rate": 0.0029558268094167636, "optimizer": 0.5140595723315895, "pooling_algorithm": 0.1377292455721798}, "datetime": {"datetime": "2023-11-28 07:16:16", "elapsed": 245.561433, "delta": 4.60826}}
{"target": 0.2196428571428571, "params": {"activation_function": 0.101011894445864, "amount_of_layers": 8.11325059681731, "batch_size": 120.2851190942692, "dropout_rate": 0.6717920633401822, "epochs": 121.00756731850487, "hidden_channels": 40.15721810887899, "learning_rate": 0.0904305331023767, "optimizer": 1.149170074641757, "pooling_algorithm": 0.2703573518652418}, "datetime": {"datetime": "2023-11-28 07:16:20", "elapsed": 249.346121, "delta": 3.784688}}
{"target": 0.5, "params": {"activation_function": 0.677303969967272, "amount_of_layers": 3.2226429755983217, "batch_size": 87.5776490137366, "dropout_rate": 0.6596378675330781, "epochs": 31.930919993449262, "hidden_channels": 52.60052090101544, "learning_rate": 0.0556969119448565, "optimizer": 1.410221749943906, "pooling_algorithm": 0.5098139577692288}, "datetime": {"datetime": "2023-11-28 07:16:21", "elapsed": 250.115594, "delta": 0.769473}}
{"target": 0.2589285714285714, "params": {"activation_function": 0.7639751095372205, "amount_of_layers": 3.8576751598362993, "batch_size": 104.53092220531362, "dropout_rate": 0.6119436557933198, "epochs": 147.07548513384242, "hidden_channels": 115.72670403842835, "learning_rate": 0.03261558661450963, "optimizer": 1.432953833098283, "pooling_algorithm": 0.34855286500761606}, "datetime": {"datetime": "2023-11-28 07:16:24", "elapsed": 253.418298, "delta": 3.302704}}
{"target": 0.5, "params": {"activation_function": 1.832807431491666, "amount_of_layers": 3.4396398693731634, "batch_size": 143.98968494620516, "dropout_rate": 0.2894581196323588, "epochs": 42.681756198842734, "hidden_channels": 103.592280601061, "learning_rate": 0.07664118238360429, "optimizer": 1.7426537777493785, "pooling_algorithm": 0.8271325878468464}, "datetime": {"datetime": "2023-11-28 07:16:25", "elapsed": 254.355713, "delta": 0.937415}}
{"target": 0.8, "params": {"activation_function": 1.5754520253899458, "amount_of_layers": 2.328592064057852, "batch_size": 36.65167111889445, "dropout_rate": 0.5860037662250989, "epochs": 108.92550453651742, "hidden_channels": 55.62172328697394, "learning_rate": 0.005570647280491759, "optimizer": 0.39738235087954243, "pooling_algorithm": 0.23267447552685028}, "datetime": {"datetime": "2023-11-28 07:16:28", "elapsed": 257.960592, "delta": 3.604879}}
{"target": 0.7964285714285715, "params": {"activation_function": 0.2531925317016419, "amount_of_layers": 3.2734454475243853, "batch_size": 54.290184660061044, "dropout_rate": 0.3257013328571068, "epochs": 116.02528141267852, "hidden_channels": 37.37389676776838, "learning_rate": 0.003807542865206221, "optimizer": 1.1345768921729802, "pooling_algorithm": 0.33010252656861394}, "datetime": {"datetime": "2023-11-28 07:16:32", "elapsed": 261.1298, "delta": 3.169208}}
{"target": 0.5, "params": {"activation_function": 0.4988149192782201, "amount_of_layers": 7.573690482769326, "batch_size": 28.875524645336213, "dropout_rate": 0.7134719670401889, "epochs": 84.43435423832008, "hidden_channels": 43.820141649156405, "learning_rate": 0.016073043960450017, "optimizer": 1.0030188178708863, "pooling_algorithm": 0.39703764010774445}, "datetime": {"datetime": "2023-11-28 07:16:38", "elapsed": 267.507781, "delta": 6.377981}}
{"target": 0.5, "params": {"activation_function": 1.8217979981230643, "amount_of_layers": 2.1384632515401645, "batch_size": 107.84855368579791, "dropout_rate": 0.650722737049529, "epochs": 31.30540140521093, "hidden_channels": 86.5816300202824, "learning_rate": 0.09608430620514538, "optimizer": 1.1590051549770732, "pooling_algorithm": 0.43933331417002486}, "datetime": {"datetime": "2023-11-28 07:16:39", "elapsed": 268.207494, "delta": 0.699713}}
{"target": 0.8999999999999999, "params": {"activation_function": 1.1083692107161562, "amount_of_layers": 2.0500514415038067, "batch_size": 36.21668462984509, "dropout_rate": 0.5043024619532176, "epochs": 109.59500362686315, "hidden_channels": 55.92322466340248, "learning_rate": 0.024187636118071384, "optimizer": 0.029063506955485652, "pooling_algorithm": 0.7601192571772061}, "datetime": {"datetime": "2023-11-28 07:16:42", "elapsed": 271.724573, "delta": 3.517079}}
{"target": 0.26785714285714285, "params": {"activation_function": 0.8059961448467192, "amount_of_layers": 5.018886851272022, "batch_size": 84.325134496114, "dropout_rate": 0.3565075396727617, "epochs": 31.743909720322602, "hidden_channels": 51.24015430545753, "learning_rate": 0.06756864787327001, "optimizer": 0.27789358781802265, "pooling_algorithm": 0.2168765504050142}, "datetime": {"datetime": "2023-11-28 07:16:43", "elapsed": 272.608206, "delta": 0.883633}}
{"target": 0.2660714285714285, "params": {"activation_function": 1.0366720817360067, "amount_of_layers": 6.170991564938449, "batch_size": 142.36056556585947, "dropout_rate": 0.4207965103297445, "epochs": 46.33546579927738, "hidden_channels": 100.62387062888482, "learning_rate": 0.030055542122101663, "optimizer": 0.8966897960982934, "pooling_algorithm": 0.3701329898984048}, "datetime": {"datetime": "2023-11-28 07:16:44", "elapsed": 273.886969, "delta": 1.278763}}
{"target": 0.8464285714285714, "params": {"activation_function": 1.5564974830634362, "amount_of_layers": 2.1629656016806003, "batch_size": 72.95350694751747, "dropout_rate": 0.5376390119727885, "epochs": 179.1698669228307, "hidden_channels": 51.38780608758, "learning_rate": 0.03077213807494995, "optimizer": 1.2081053190846573, "pooling_algorithm": 0.05214934343959832}, "datetime": {"datetime": "2023-11-28 07:16:49", "elapsed": 278.046785, "delta": 4.159816}}
{"target": 0.9035714285714286, "params": {"activation_function": 0.7032443032757623, "amount_of_layers": 5.977453192754087, "batch_size": 85.43965465390957, "dropout_rate": 0.601486066389205, "epochs": 31.3595821762021, "hidden_channels": 51.57153370905415, "learning_rate": 0.09042310221922209, "optimizer": 0.3193747462246044, "pooling_algorithm": 0.8101601102012209}, "datetime": {"datetime": "2023-11-28 07:16:49", "elapsed": 278.943059, "delta": 0.896274}}
{"target": 0.7392857142857143, "params": {"activation_function": 1.2594702075981092, "amount_of_layers": 6.362187560736391, "batch_size": 51.10005374799276, "dropout_rate": 0.6829195529480367, "epochs": 88.10215240685692, "hidden_channels": 80.53010084192378, "learning_rate": 0.03933480564530084, "optimizer": 0.8271056270206634, "pooling_algorithm": 0.1890904937511544}, "datetime": {"datetime": "2023-11-28 07:16:53", "elapsed": 282.263659, "delta": 3.3206}}
{"target": 0.7375, "params": {"activation_function": 1.7973220872291196, "amount_of_layers": 5.246572547220046, "batch_size": 79.12584581924011, "dropout_rate": 0.2660726991483651, "epochs": 104.84973732767821, "hidden_channels": 30.234479689327948, "learning_rate": 0.08555655384587507, "optimizer": 0.7457565992082738, "pooling_algorithm": 0.1876795134767859}, "datetime": {"datetime": "2023-11-28 07:16:55", "elapsed": 284.898446, "delta": 2.634787}}
{"target": 0.8821428571428572, "params": {"activation_function": 1.5409909798207289, "amount_of_layers": 8.213943931436487, "batch_size": 78.60274773645955, "dropout_rate": 0.67655319927726, "epochs": 159.42323011019363, "hidden_channels": 33.37977605221051, "learning_rate": 0.06002079740984562, "optimizer": 0.17496331960816724, "pooling_algorithm": 0.7718291205594312}, "datetime": {"datetime": "2023-11-28 07:17:00", "elapsed": 289.472118, "delta": 4.573672}}
{"target": 0.5, "params": {"activation_function": 0.9627512295034142, "amount_of_layers": 2.9840394232974603, "batch_size": 85.80405388300709, "dropout_rate": 0.28484892633414644, "epochs": 30.250848490844476, "hidden_channels": 48.854067594381576, "learning_rate": 0.05880130738096755, "optimizer": 0.7455097369341328, "pooling_algorithm": 0.6693394094355364}, "datetime": {"datetime": "2023-11-28 07:17:01", "elapsed": 290.203416, "delta": 0.731298}}
{"target": 0.0, "params": {"activation_function": 1.9161938434352217, "amount_of_layers": 2.340814612551349, "batch_size": 86.53344948473129, "dropout_rate": 0.4808296651775624, "epochs": 153.46303224514506, "hidden_channels": 55.72371755675792, "learning_rate": 0.08541773085968223, "optimizer": 1.560760890252101, "pooling_algorithm": 0.38741177455308407}, "datetime": {"datetime": "2023-11-28 07:17:03", "elapsed": 292.971858, "delta": 2.768442}}
{"target": 0.2589285714285714, "params": {"activation_function": 1.1381774276539562, "amount_of_layers": 4.7964579154841, "batch_size": 128.6669639415713, "dropout_rate": 0.7234221194153376, "epochs": 69.06208998714061, "hidden_channels": 85.93348494698266, "learning_rate": 0.026410581762921437, "optimizer": 0.5403495242465914, "pooling_algorithm": 0.18569681235374713}, "datetime": {"datetime": "2023-11-28 07:17:05", "elapsed": 294.77958, "delta": 1.807722}}
{"target": 0.5, "params": {"activation_function": 0.6769721966534938, "amount_of_layers": 8.526353427481837, "batch_size": 94.45974951755075, "dropout_rate": 0.35842861699755785, "epochs": 54.649324338595775, "hidden_channels": 11.318107880607702, "learning_rate": 0.039629371121966434, "optimizer": 1.508708079873734, "pooling_algorithm": 0.530822510187679}, "datetime": {"datetime": "2023-11-28 07:17:07", "elapsed": 296.621018, "delta": 1.841438}}
{"target": 0.8428571428571427, "params": {"activation_function": 0.34258119402999654, "amount_of_layers": 2.917857755449578, "batch_size": 104.45140786728913, "dropout_rate": 0.39676859474217085, "epochs": 27.231119790336866, "hidden_channels": 102.85336864670322, "learning_rate": 0.019953067827190342, "optimizer": 0.8795336634539461, "pooling_algorithm": 0.25289715059448403}, "datetime": {"datetime": "2023-11-28 07:17:08", "elapsed": 297.294356, "delta": 0.673338}}
{"target": 0.5, "params": {"activation_function": 1.1085280193562461, "amount_of_layers": 6.596153223933988, "batch_size": 55.72137400346635, "dropout_rate": 0.6052234874354062, "epochs": 82.55057415813349, "hidden_channels": 97.64733381106782, "learning_rate": 0.01671642266094994, "optimizer": 0.5987311662387071, "pooling_algorithm": 0.6863436397574293}, "datetime": {"datetime": "2023-11-28 07:17:11", "elapsed": 300.599385, "delta": 3.305029}}
{"target": 0.9035714285714286, "params": {"activation_function": 0.17652999510145606, "amount_of_layers": 2.8169548632915253, "batch_size": 73.16006366118643, "dropout_rate": 0.4242697909479828, "epochs": 178.0456758288808, "hidden_channels": 50.74985339629533, "learning_rate": 0.020178674399020522, "optimizer": 1.4548865240523925, "pooling_algorithm": 0.7777416735493127}, "datetime": {"datetime": "2023-11-28 07:17:15", "elapsed": 305.012842, "delta": 4.413457}}
{"target": 0.5, "params": {"activation_function": 0.6593962303265408, "amount_of_layers": 4.595606557889178, "batch_size": 41.0438240447974, "dropout_rate": 0.3581979132119866, "epochs": 93.67484428545816, "hidden_channels": 116.165585927113, "learning_rate": 0.09279350257744086, "optimizer": 0.8469081014457691, "pooling_algorithm": 0.3656280118452826}, "datetime": {"datetime": "2023-11-28 07:17:19", "elapsed": 309.019703, "delta": 4.006861}}
{"target": 0.905357142857143, "params": {"activation_function": 0.6007043580117792, "amount_of_layers": 3.362375267987473, "batch_size": 53.654238503721864, "dropout_rate": 0.49636540236122356, "epochs": 117.34160804739248, "hidden_channels": 36.90672806053783, "learning_rate": 0.021567709740589757, "optimizer": 0.9194395234641597, "pooling_algorithm": 0.9654121417139407}, "datetime": {"datetime": "2023-11-28 07:17:23", "elapsed": 312.164258, "delta": 3.144555}}
