{"target": 0.8714285714285714, "params": {"activation_function": 2.0, "amount_of_layers": 9.0, "batch_size": 95.47801924209323, "dropout_rate": 0.25, "epochs": 106.03247007309336, "hidden_channels": 34.956646352361474, "learning_rate": 0.1, "optimizer": 0.0, "pooling_algorithm": 1.0}, "datetime": {"datetime": "2023-11-28 05:58:21", "elapsed": 187.924096, "delta": 3.5454}}
{"target": 0.0, "params": {"activation_function": 1.5124710888511663, "amount_of_layers": 5.266475552797382, "batch_size": 24.16136941864563, "dropout_rate": 0.43905283163965786, "epochs": 41.713583643552276, "hidden_channels": 86.53072035913759, "learning_rate": 0.04511212064095214, "optimizer": 0.9941895004234018, "pooling_algorithm": 0.6003209189969314}, "datetime": {"datetime": "2023-11-28 05:58:24", "elapsed": 190.658562, "delta": 2.734466}}
{"target": 0.4803571428571429, "params": {"activation_function": 1.6524611425271203, "amount_of_layers": 3.1486046981063813, "batch_size": 146.2013717272027, "dropout_rate": 0.5404517261479923, "epochs": 154.14162325861898, "hidden_channels": 100.45635248894145, "learning_rate": 0.011456775746762422, "optimizer": 1.174475332899135, "pooling_algorithm": 0.8999379006970909}, "datetime": {"datetime": "2023-11-28 05:58:27", "elapsed": 193.586544, "delta": 2.927982}}
{"target": 0.8321428571428572, "params": {"activation_function": 0.0, "amount_of_layers": 8.868852686711127, "batch_size": 104.53917290585419, "dropout_rate": 0.75, "epochs": 114.37428905574174, "hidden_channels": 35.19889242063683, "learning_rate": 0.001, "optimizer": 2.0, "pooling_algorithm": 0.0}, "datetime": {"datetime": "2023-11-28 05:58:30", "elapsed": 197.435751, "delta": 3.849207}}
{"target": 0.8964285714285714, "params": {"activation_function": 0.0, "amount_of_layers": 9.0, "batch_size": 82.21082035504928, "dropout_rate": 0.25, "epochs": 95.07738213907405, "hidden_channels": 41.41644254048736, "learning_rate": 0.1, "optimizer": 0.0, "pooling_algorithm": 1.0}, "datetime": {"datetime": "2023-11-28 05:58:34", "elapsed": 200.670588, "delta": 3.234837}}
{"target": 0.8946428571428571, "params": {"activation_function": 2.0, "amount_of_layers": 1.0, "batch_size": 73.96471492936581, "dropout_rate": 0.27588511146337746, "epochs": 99.42076848845811, "hidden_channels": 40.84331669800056, "learning_rate": 0.001, "optimizer": 2.0, "pooling_algorithm": 1.0}, "datetime": {"datetime": "2023-11-28 05:58:36", "elapsed": 203.040034, "delta": 2.369446}}
{"target": 0.5, "params": {"activation_function": 0.9353775675615545, "amount_of_layers": 7.065516303382766, "batch_size": 39.626643104035665, "dropout_rate": 0.45367940942341645, "epochs": 28.613002674793783, "hidden_channels": 100.40528269171966, "learning_rate": 0.02415288791382586, "optimizer": 1.472160775139721, "pooling_algorithm": 0.6304965424352273}, "datetime": {"datetime": "2023-11-28 05:58:38", "elapsed": 204.543592, "delta": 1.503558}}
{"target": 0.7392857142857143, "params": {"activation_function": 0.7306952938747757, "amount_of_layers": 8.322083183684029, "batch_size": 39.577191906720884, "dropout_rate": 0.3686552264088509, "epochs": 111.44924612288085, "hidden_channels": 17.394592585662828, "learning_rate": 0.0478956096466338, "optimizer": 0.16723649607543778, "pooling_algorithm": 0.3184106608261247}, "datetime": {"datetime": "2023-11-28 05:58:43", "elapsed": 210.042218, "delta": 5.498626}}
{"target": 0.9142857142857143, "params": {"activation_function": 1.8874072714311758, "amount_of_layers": 2.049533255921272, "batch_size": 106.23619281733042, "dropout_rate": 0.3959320428544455, "epochs": 169.25838370946897, "hidden_channels": 79.67401258595835, "learning_rate": 0.05034539938710401, "optimizer": 0.4678553956060736, "pooling_algorithm": 0.7952593735288012}, "datetime": {"datetime": "2023-11-28 05:58:46", "elapsed": 213.12734, "delta": 3.085122}}
{"target": 0.9, "params": {"activation_function": 1.409585893225354, "amount_of_layers": 4.2166340130517765, "batch_size": 17.7739762205504, "dropout_rate": 0.75, "epochs": 66.13484072723774, "hidden_channels": 79.40447214119847, "learning_rate": 0.05495590190196084, "optimizer": 0.0, "pooling_algorithm": 0.7204266102052124}, "datetime": {"datetime": "2023-11-28 05:58:51", "elapsed": 218.07665, "delta": 4.94931}}
{"target": 0.0, "params": {"activation_function": 0.01852708954179083, "amount_of_layers": 5.31414723558901, "batch_size": 19.008273358867473, "dropout_rate": 0.2774693505531888, "epochs": 93.89472384272919, "hidden_channels": 113.09064431509596, "learning_rate": 0.05074436275034269, "optimizer": 0.9413649872089656, "pooling_algorithm": 0.8215032129245858}, "datetime": {"datetime": "2023-11-28 05:58:58", "elapsed": 224.739856, "delta": 6.663206}}
{"target": 0.9178571428571429, "params": {"activation_function": 2.0, "amount_of_layers": 1.0, "batch_size": 111.5102053419987, "dropout_rate": 0.7059590072135984, "epochs": 177.4896787785015, "hidden_channels": 71.35256080470515, "learning_rate": 0.001, "optimizer": 0.0, "pooling_algorithm": 1.0}, "datetime": {"datetime": "2023-11-28 05:59:01", "elapsed": 227.715111, "delta": 2.975255}}
{"target": 0.8178571428571428, "params": {"activation_function": 0.987148217640567, "amount_of_layers": 1.4586433033964523, "batch_size": 108.5111775248733, "dropout_rate": 0.6996322067367176, "epochs": 167.7805443099297, "hidden_channels": 117.71218977148945, "learning_rate": 0.011070280376194123, "optimizer": 1.4300485335136515, "pooling_algorithm": 0.3981109353636074}, "datetime": {"datetime": "2023-11-28 05:59:04", "elapsed": 230.533998, "delta": 2.818887}}
{"target": 0.9125, "params": {"activation_function": 0.0, "amount_of_layers": 1.0, "batch_size": 115.88239602698377, "dropout_rate": 0.75, "epochs": 175.32192211569813, "hidden_channels": 84.23019604881625, "learning_rate": 0.001, "optimizer": 0.0, "pooling_algorithm": 1.0}, "datetime": {"datetime": "2023-11-28 05:59:06", "elapsed": 233.305702, "delta": 2.771704}}
{"target": 0.8928571428571429, "params": {"activation_function": 1.1354255995553924, "amount_of_layers": 6.135460627814544, "batch_size": 136.94153558885057, "dropout_rate": 0.35977450680956885, "epochs": 118.97922835804013, "hidden_channels": 79.7013962036805, "learning_rate": 0.05128762712985396, "optimizer": 0.08926536300219563, "pooling_algorithm": 0.9916583566204042}, "datetime": {"datetime": "2023-11-28 05:59:10", "elapsed": 236.502154, "delta": 3.196452}}
{"target": 0.9107142857142858, "params": {"activation_function": 1.6305219163299436, "amount_of_layers": 5.262677137651197, "batch_size": 127.23365852674318, "dropout_rate": 0.3956780665845832, "epochs": 118.77595719142543, "hidden_channels": 65.84612374454923, "learning_rate": 0.04265548244654691, "optimizer": 0.13241109183210936, "pooling_algorithm": 1.0}, "datetime": {"datetime": "2023-11-28 05:59:13", "elapsed": 239.513213, "delta": 3.011059}}
{"target": 0.9107142857142858, "params": {"activation_function": 0.0, "amount_of_layers": 8.875704487571614, "batch_size": 141.63308597447434, "dropout_rate": 0.3670244487076053, "epochs": 113.11958161113496, "hidden_channels": 64.70094310645074, "learning_rate": 0.0877518079085327, "optimizer": 0.0, "pooling_algorithm": 1.0}, "datetime": {"datetime": "2023-11-28 05:59:16", "elapsed": 243.164357, "delta": 3.651144}}
{"target": 0.2589285714285714, "params": {"activation_function": 1.4900097227471183, "amount_of_layers": 3.4241465347977424, "batch_size": 38.195819781443205, "dropout_rate": 0.2796502681797403, "epochs": 96.12440459064712, "hidden_channels": 60.52498584479351, "learning_rate": 0.06450979264517404, "optimizer": 1.4474480929979245, "pooling_algorithm": 0.40492116110219245}, "datetime": {"datetime": "2023-11-28 05:59:19", "elapsed": 246.251429, "delta": 3.087072}}
{"target": 0.45, "params": {"activation_function": 0.19099256542425502, "amount_of_layers": 1.302790966431127, "batch_size": 96.90448301038812, "dropout_rate": 0.6890936598053946, "epochs": 49.55635167682258, "hidden_channels": 82.2479478597543, "learning_rate": 0.06747534840620861, "optimizer": 0.6315107004618428, "pooling_algorithm": 0.7494729865826375}, "datetime": {"datetime": "2023-11-28 05:59:20", "elapsed": 247.11712, "delta": 0.865691}}
{"target": 0.7375, "params": {"activation_function": 1.8591055292894743, "amount_of_layers": 3.9993300893658503, "batch_size": 43.78162862065206, "dropout_rate": 0.2887093604677754, "epochs": 77.96736417436198, "hidden_channels": 80.58527408181683, "learning_rate": 0.07826719229862486, "optimizer": 1.2601001814766146, "pooling_algorithm": 0.38971206274506054}, "datetime": {"datetime": "2023-11-28 05:59:23", "elapsed": 249.980764, "delta": 2.863644}}
{"target": 0.9214285714285714, "params": {"activation_function": 1.5048915025082763, "amount_of_layers": 5.557710662945152, "batch_size": 132.26933852254407, "dropout_rate": 0.3193689901566772, "epochs": 103.35657161843963, "hidden_channels": 80.55841071384265, "learning_rate": 0.03974736858253745, "optimizer": 0.21754028542360346, "pooling_algorithm": 0.9917174888870762}, "datetime": {"datetime": "2023-11-28 05:59:26", "elapsed": 252.863107, "delta": 2.882343}}
{"target": 0.7321428571428571, "params": {"activation_function": 0.923209163578433, "amount_of_layers": 5.865761391955778, "batch_size": 30.576644017841126, "dropout_rate": 0.5282173286427962, "epochs": 19.572696621421294, "hidden_channels": 54.70660186025158, "learning_rate": 0.06651347317371258, "optimizer": 0.4963569735044475, "pooling_algorithm": 0.0511252058405105}, "datetime": {"datetime": "2023-11-28 05:59:27", "elapsed": 254.037079, "delta": 1.173972}}
{"target": 0.7339285714285714, "params": {"activation_function": 1.4914684983017898, "amount_of_layers": 6.128833751834674, "batch_size": 106.27594688934938, "dropout_rate": 0.29875388694004956, "epochs": 154.61075950921543, "hidden_channels": 121.55346780394139, "learning_rate": 0.04363015691882531, "optimizer": 1.3930427319321939, "pooling_algorithm": 0.020228722953623213}, "datetime": {"datetime": "2023-11-28 05:59:31", "elapsed": 257.891671, "delta": 3.854592}}
{"target": 0.5, "params": {"activation_function": 0.16018465367591928, "amount_of_layers": 5.385675076348742, "batch_size": 145.37143366852163, "dropout_rate": 0.36588700669656116, "epochs": 198.83421015320624, "hidden_channels": 84.32705546783838, "learning_rate": 0.060309015130752076, "optimizer": 0.8072103671626334, "pooling_algorithm": 0.1045213247783715}, "datetime": {"datetime": "2023-11-28 05:59:35", "elapsed": 262.324399, "delta": 4.432728}}
{"target": 0.9035714285714285, "params": {"activation_function": 0.3341548918278316, "amount_of_layers": 7.880374896387053, "batch_size": 146.86416983988485, "dropout_rate": 0.43132607799553196, "epochs": 105.55086458128889, "hidden_channels": 86.40392926577313, "learning_rate": 0.0731465999058222, "optimizer": 0.1315652726681731, "pooling_algorithm": 0.8339803917026696}, "datetime": {"datetime": "2023-11-28 05:59:39", "elapsed": 265.608624, "delta": 3.284225}}
{"target": 0.8071428571428573, "params": {"activation_function": 2.0, "amount_of_layers": 1.0, "batch_size": 139.19341415722587, "dropout_rate": 0.25611948762319586, "epochs": 93.39855781853498, "hidden_channels": 92.85224690792079, "learning_rate": 0.001, "optimizer": 2.0, "pooling_algorithm": 0.0}, "datetime": {"datetime": "2023-11-28 05:59:40", "elapsed": 267.451536, "delta": 1.842912}}
{"target": 0.5607142857142857, "params": {"activation_function": 1.0297338449405746, "amount_of_layers": 3.209878911411371, "batch_size": 26.993611860958517, "dropout_rate": 0.5606132261587145, "epochs": 152.95172373811812, "hidden_channels": 95.55199859173187, "learning_rate": 0.07558469295206975, "optimizer": 0.6874945102233667, "pooling_algorithm": 0.6518934971116253}, "datetime": {"datetime": "2023-11-28 05:59:47", "elapsed": 274.026644, "delta": 6.575108}}
{"target": 0.8392857142857142, "params": {"activation_function": 0.0, "amount_of_layers": 9.0, "batch_size": 122.44573679582308, "dropout_rate": 0.75, "epochs": 113.28924562620878, "hidden_channels": 88.80481174482624, "learning_rate": 0.001, "optimizer": 2.0, "pooling_algorithm": 0.0}, "datetime": {"datetime": "2023-11-28 05:59:51", "elapsed": 277.850395, "delta": 3.823751}}
{"target": 0.7392857142857143, "params": {"activation_function": 1.3152884412144747, "amount_of_layers": 3.7477908825530344, "batch_size": 136.93599345102996, "dropout_rate": 0.4344487501100939, "epochs": 117.73548303028777, "hidden_channels": 51.25061526914051, "learning_rate": 0.01510998986822817, "optimizer": 1.8008841366875756, "pooling_algorithm": 0.10261039569991548}, "datetime": {"datetime": "2023-11-28 05:59:54", "elapsed": 280.582119, "delta": 2.731724}}
{"target": 0.875, "params": {"activation_function": 1.5711124347800485, "amount_of_layers": 6.482419342634542, "batch_size": 123.35581222569212, "dropout_rate": 0.7240914554211537, "epochs": 49.82877739650771, "hidden_channels": 53.643776004501916, "learning_rate": 0.0027971267130856275, "optimizer": 0.7900010438223073, "pooling_algorithm": 0.5554080350397467}, "datetime": {"datetime": "2023-11-28 05:59:55", "elapsed": 281.912884, "delta": 1.330765}}
{"target": 0.5, "params": {"activation_function": 0.5023121646748219, "amount_of_layers": 1.3720473287295274, "batch_size": 116.1563999566495, "dropout_rate": 0.6596084245768832, "epochs": 100.84296412152946, "hidden_channels": 16.570833510589765, "learning_rate": 0.08281832176041572, "optimizer": 0.8888577924759011, "pooling_algorithm": 0.6858516376590582}, "datetime": {"datetime": "2023-11-28 05:59:57", "elapsed": 283.473756, "delta": 1.560872}}
{"target": 0.9160714285714285, "params": {"activation_function": 2.0, "amount_of_layers": 1.0, "batch_size": 106.66052901844766, "dropout_rate": 0.25, "epochs": 168.8783070028095, "hidden_channels": 97.761346759302, "learning_rate": 0.001, "optimizer": 0.0, "pooling_algorithm": 1.0}, "datetime": {"datetime": "2023-11-28 05:59:59", "elapsed": 286.28867, "delta": 2.814914}}
{"target": 0.7375, "params": {"activation_function": 1.148134325362782, "amount_of_layers": 3.4913233683661096, "batch_size": 144.84458090600623, "dropout_rate": 0.6746518660810268, "epochs": 95.33025491083198, "hidden_channels": 70.39832058444502, "learning_rate": 0.04529916179152176, "optimizer": 1.107265566600264, "pooling_algorithm": 0.1701890097081573}, "datetime": {"datetime": "2023-11-28 06:00:02", "elapsed": 288.472998, "delta": 2.184328}}
{"target": 0.2642857142857143, "params": {"activation_function": 1.796838402754066, "amount_of_layers": 5.408032775060206, "batch_size": 143.68273141343084, "dropout_rate": 0.3308457884584891, "epochs": 57.68691752592959, "hidden_channels": 96.78782298851064, "learning_rate": 0.03902585985284502, "optimizer": 1.707913570847404, "pooling_algorithm": 0.3591113830522109}, "datetime": {"datetime": "2023-11-28 06:00:03", "elapsed": 289.879924, "delta": 1.406926}}
{"target": 0.8999999999999999, "params": {"activation_function": 0.5999573977466417, "amount_of_layers": 5.743237934804335, "batch_size": 127.64459133503703, "dropout_rate": 0.5666320184456992, "epochs": 120.68309660447878, "hidden_channels": 8.974619935281392, "learning_rate": 0.004937242770362795, "optimizer": 1.9064590945372004, "pooling_algorithm": 0.8754215368347186}, "datetime": {"datetime": "2023-11-28 06:00:06", "elapsed": 292.9581, "delta": 3.078176}}
{"target": 0.8089285714285714, "params": {"activation_function": 2.0, "amount_of_layers": 1.0, "batch_size": 137.34150251380365, "dropout_rate": 0.25, "epochs": 110.29037005932494, "hidden_channels": 87.91593753794369, "learning_rate": 0.001, "optimizer": 2.0, "pooling_algorithm": 0.0}, "datetime": {"datetime": "2023-11-28 06:00:08", "elapsed": 294.917851, "delta": 1.959751}}
{"target": 0.8428571428571429, "params": {"activation_function": 1.4836191313660037, "amount_of_layers": 2.748797127451345, "batch_size": 54.476767319657725, "dropout_rate": 0.3359316520438174, "epochs": 113.78233327896237, "hidden_channels": 10.829478279622927, "learning_rate": 0.017958225189998636, "optimizer": 1.6729736932014891, "pooling_algorithm": 0.04713502083851073}, "datetime": {"datetime": "2023-11-28 06:00:11", "elapsed": 297.811284, "delta": 2.893433}}
{"target": 0.7410714285714286, "params": {"activation_function": 0.6709089553237733, "amount_of_layers": 8.834136362436046, "batch_size": 102.27978520780982, "dropout_rate": 0.3336705365545976, "epochs": 83.80267008427748, "hidden_channels": 40.085289187762534, "learning_rate": 0.08810763580823594, "optimizer": 1.4618777860510122, "pooling_algorithm": 0.1335671765968769}, "datetime": {"datetime": "2023-11-28 06:00:14", "elapsed": 300.474513, "delta": 2.663229}}
{"target": 0.8964285714285715, "params": {"activation_function": 0.5174142304817335, "amount_of_layers": 6.175512072747506, "batch_size": 148.2718207982358, "dropout_rate": 0.5522679935869778, "epochs": 75.39992571060357, "hidden_channels": 103.19001321703107, "learning_rate": 0.0870674554780998, "optimizer": 0.21717514798027837, "pooling_algorithm": 0.5576552808758805}, "datetime": {"datetime": "2023-11-28 06:00:16", "elapsed": 302.677506, "delta": 2.202993}}
{"target": 0.5, "params": {"activation_function": 0.7991108775753559, "amount_of_layers": 7.80954631810204, "batch_size": 127.57049217161705, "dropout_rate": 0.6397109200857557, "epochs": 103.96003528904467, "hidden_channels": 66.25136967081124, "learning_rate": 0.031934771442987335, "optimizer": 1.3472716115686123, "pooling_algorithm": 0.5523809229629133}, "datetime": {"datetime": "2023-11-28 06:00:19", "elapsed": 306.010402, "delta": 3.332896}}
{"target": 0.0, "params": {"activation_function": 1.02117796143397, "amount_of_layers": 1.4877099337225017, "batch_size": 140.2864396640771, "dropout_rate": 0.28018702609328316, "epochs": 13.99074442102204, "hidden_channels": 96.67242447348912, "learning_rate": 0.058153797978988744, "optimizer": 1.0796427848206263, "pooling_algorithm": 0.6880607698898469}, "datetime": {"datetime": "2023-11-28 06:00:19", "elapsed": 306.344443, "delta": 0.334041}}
{"target": 0.26249999999999996, "params": {"activation_function": 1.0875146863254739, "amount_of_layers": 4.502482287219842, "batch_size": 125.9951358479443, "dropout_rate": 0.42595322893161003, "epochs": 170.6789298738666, "hidden_channels": 120.87097999165849, "learning_rate": 0.04478413927657944, "optimizer": 1.4894348046617238, "pooling_algorithm": 0.3931937206349433}, "datetime": {"datetime": "2023-11-28 06:00:23", "elapsed": 310.239895, "delta": 3.895452}}
{"target": 0.8107142857142857, "params": {"activation_function": 1.7125563900505076, "amount_of_layers": 8.728484162625648, "batch_size": 48.54888635393057, "dropout_rate": 0.6306563130752414, "epochs": 109.85988859030807, "hidden_channels": 69.74496103313709, "learning_rate": 0.0055480305299772026, "optimizer": 0.7903364902863199, "pooling_algorithm": 0.703006192491574}, "datetime": {"datetime": "2023-11-28 06:00:29", "elapsed": 316.212621, "delta": 5.972726}}
{"target": 0.9142857142857144, "params": {"activation_function": 0.0, "amount_of_layers": 9.0, "batch_size": 105.44359455416858, "dropout_rate": 0.25, "epochs": 175.81132600613086, "hidden_channels": 109.32778296647312, "learning_rate": 0.001, "optimizer": 0.0, "pooling_algorithm": 1.0}, "datetime": {"datetime": "2023-11-28 06:00:35", "elapsed": 321.675974, "delta": 5.463353}}
{"target": 0.8642857142857143, "params": {"activation_function": 1.7601691890521125, "amount_of_layers": 6.332067405399776, "batch_size": 149.4499293357993, "dropout_rate": 0.4222641669840255, "epochs": 65.56170006060923, "hidden_channels": 113.10265480176268, "learning_rate": 0.003346002759847599, "optimizer": 1.7824074104805434, "pooling_algorithm": 0.6577147785197407}, "datetime": {"datetime": "2023-11-28 06:00:37", "elapsed": 323.718342, "delta": 2.042368}}
{"target": 0.5, "params": {"activation_function": 0.18594220241734893, "amount_of_layers": 5.389694024143963, "batch_size": 101.32024025252171, "dropout_rate": 0.32353271857827615, "epochs": 193.21622465466447, "hidden_channels": 35.50637374206275, "learning_rate": 0.0753280162859808, "optimizer": 1.4167091364161952, "pooling_algorithm": 0.5941838458786983}, "datetime": {"datetime": "2023-11-28 06:00:41", "elapsed": 328.075174, "delta": 4.356832}}
{"target": 0.7285714285714285, "params": {"activation_function": 0.5390604972633235, "amount_of_layers": 2.6264408499388905, "batch_size": 27.223704399378796, "dropout_rate": 0.5889437654742258, "epochs": 92.4841651803097, "hidden_channels": 35.66349349470502, "learning_rate": 0.05283466267272596, "optimizer": 0.35906440179654275, "pooling_algorithm": 0.4865427196206876}, "datetime": {"datetime": "2023-11-28 06:00:45", "elapsed": 332.041523, "delta": 3.966349}}
{"target": 0.37142857142857144, "params": {"activation_function": 1.3146819570320847, "amount_of_layers": 2.6383768140779207, "batch_size": 63.24969909132455, "dropout_rate": 0.3066865745363593, "epochs": 198.27906794874073, "hidden_channels": 102.63116160008914, "learning_rate": 0.005919119873965427, "optimizer": 1.8989141521293962, "pooling_algorithm": 0.4800331725526915}, "datetime": {"datetime": "2023-11-28 06:00:50", "elapsed": 336.935041, "delta": 4.893518}}
{"target": 0.9107142857142857, "params": {"activation_function": 1.073700573932961, "amount_of_layers": 3.265999213194041, "batch_size": 100.33351805714136, "dropout_rate": 0.2993245110672169, "epochs": 106.9240812492616, "hidden_channels": 38.94456430085526, "learning_rate": 0.07062225220795679, "optimizer": 0.3344881689455128, "pooling_algorithm": 0.9403522119041162}, "datetime": {"datetime": "2023-11-28 06:00:52", "elapsed": 338.951145, "delta": 2.016104}}
