{"target": 0.7339285714285714, "params": {"activation_function": 1.6467067257196184, "amount_of_layers": 8.140978590651704, "batch_size": 135.05403188282486, "dropout_rate": 0.4791734574938756, "epochs": 38.77853035156244, "hidden_channels": 78.54469439858875, "learning_rate": 0.023251311046063542, "optimizer": 1.34413382744407, "pooling_algorithm": 0.23247345595801905}, "datetime": {"datetime": "2023-11-28 08:56:44", "elapsed": 0.0, "delta": 0.0}}
{"target": 0.5, "params": {"activation_function": 1.519324919398258, "amount_of_layers": 1.612576258163096, "batch_size": 77.94695939080441, "dropout_rate": 0.42094579217067385, "epochs": 56.62440822977841, "hidden_channels": 123.9476081844008, "learning_rate": 0.03875482844589188, "optimizer": 0.6657005635682163, "pooling_algorithm": 0.8801408486938108}, "datetime": {"datetime": "2023-11-28 08:56:46", "elapsed": 2.662044, "delta": 2.662044}}
{"target": 0.65, "params": {"activation_function": 1.7546929008571557, "amount_of_layers": 5.4147151062110215, "batch_size": 90.06801524649474, "dropout_rate": 0.46126979257618156, "epochs": 152.48296026831414, "hidden_channels": 40.37032793649828, "learning_rate": 0.029832676734691848, "optimizer": 0.6133712674692795, "pooling_algorithm": 0.8817179959957216}, "datetime": {"datetime": "2023-11-28 08:56:50", "elapsed": 6.691053, "delta": 4.029009}}
{"target": 0.5, "params": {"activation_function": 0.09237671599366504, "amount_of_layers": 2.8600099842429394, "batch_size": 71.85709215861155, "dropout_rate": 0.2832699858634535, "epochs": 157.68326085898457, "hidden_channels": 68.92702376792971, "learning_rate": 0.07337938774414134, "optimizer": 1.1255803498225165, "pooling_algorithm": 0.9106502623901448}, "datetime": {"datetime": "2023-11-28 08:56:55", "elapsed": 11.062598, "delta": 4.371545}}
{"target": 0.13214285714285715, "params": {"activation_function": 1.7813248432506528, "amount_of_layers": 6.424861529718102, "batch_size": 108.65298613314225, "dropout_rate": 0.543529458677633, "epochs": 83.4035316586246, "hidden_channels": 123.53486680827211, "learning_rate": 0.008303751047066005, "optimizer": 0.6348958262935802, "pooling_algorithm": 0.7201600210022009}, "datetime": {"datetime": "2023-11-28 08:57:00", "elapsed": 16.013933, "delta": 4.951335}}
{"target": 0.7303571428571428, "params": {"activation_function": 1.9771170017110942, "amount_of_layers": 1.949601494075841, "batch_size": 29.855786922729976, "dropout_rate": 0.48291651455277906, "epochs": 195.90416034512623, "hidden_channels": 76.97577350290925, "learning_rate": 0.09403681916002299, "optimizer": 0.7809212764031848, "pooling_algorithm": 0.16308434165887065}, "datetime": {"datetime": "2023-11-28 08:57:06", "elapsed": 22.304368, "delta": 6.290435}}
{"target": 0.9214285714285715, "params": {"activation_function": 1.358502810668991, "amount_of_layers": 6.537290936144701, "batch_size": 105.71713814239708, "dropout_rate": 0.3833411331142236, "epochs": 194.49488382166373, "hidden_channels": 22.65317832867929, "learning_rate": 0.007491300068955434, "optimizer": 0.6380709615333902, "pooling_algorithm": 0.9248955973282282}, "datetime": {"datetime": "2023-11-28 08:57:12", "elapsed": 28.041965, "delta": 5.737597}}
{"target": 0.25, "params": {"activation_function": 1.542675420092524, "amount_of_layers": 7.723208925003323, "batch_size": 19.518834414561965, "dropout_rate": 0.3261274486571632, "epochs": 138.8489336174173, "hidden_channels": 12.669689256611925, "learning_rate": 0.022895161759664124, "optimizer": 1.64822173413059, "pooling_algorithm": 0.5232339215741065}, "datetime": {"datetime": "2023-11-28 08:57:21", "elapsed": 37.895026, "delta": 9.853061}}
{"target": 0.9071428571428571, "params": {"activation_function": 0.14640716658299224, "amount_of_layers": 7.138582678731645, "batch_size": 116.81602153214797, "dropout_rate": 0.5073650936867868, "epochs": 138.4244689924502, "hidden_channels": 90.73741318525003, "learning_rate": 0.005265873822761718, "optimizer": 0.06644453969213138, "pooling_algorithm": 0.82364765652438}, "datetime": {"datetime": "2023-11-28 08:57:28", "elapsed": 44.475779, "delta": 6.580753}}
{"target": 0.175, "params": {"activation_function": 0.4626004996666895, "amount_of_layers": 7.226957264833917, "batch_size": 63.83695697700858, "dropout_rate": 0.5368983911773937, "epochs": 63.67134597944963, "hidden_channels": 27.47024416300019, "learning_rate": 0.0830228334519923, "optimizer": 0.6538573193908606, "pooling_algorithm": 0.016843323050452996}, "datetime": {"datetime": "2023-11-28 08:57:30", "elapsed": 46.926515, "delta": 2.450736}}
{"target": 0.19285714285714284, "params": {"activation_function": 0.06704974307842404, "amount_of_layers": 3.589540561450013, "batch_size": 145.400134229342, "dropout_rate": 0.6195953681295554, "epochs": 180.0875178652415, "hidden_channels": 25.98074935020754, "learning_rate": 0.0029438834000093932, "optimizer": 0.3448437043374679, "pooling_algorithm": 0.05014366301313178}, "datetime": {"datetime": "2023-11-28 08:57:34", "elapsed": 50.788064, "delta": 3.861549}}
{"target": 0.8928571428571428, "params": {"activation_function": 1.8081316876565714, "amount_of_layers": 7.356919073161979, "batch_size": 68.03829242305822, "dropout_rate": 0.5049982781873064, "epochs": 16.15830319514393, "hidden_channels": 86.18862380625026, "learning_rate": 0.05888767831541055, "optimizer": 0.3069038364411607, "pooling_algorithm": 0.9529262199967308}, "datetime": {"datetime": "2023-11-28 08:57:35", "elapsed": 51.652703, "delta": 0.864639}}
{"target": 0.20357142857142857, "params": {"activation_function": 1.0725648078029155, "amount_of_layers": 1.0449179504954857, "batch_size": 133.22719612338466, "dropout_rate": 0.30830830781481694, "epochs": 99.67233134527277, "hidden_channels": 112.29677728441926, "learning_rate": 0.09562422240450642, "optimizer": 1.4252715275647228, "pooling_algorithm": 0.20860685018732372}, "datetime": {"datetime": "2023-11-28 08:57:37", "elapsed": 53.950425, "delta": 2.297722}}
{"target": 0.7392857142857143, "params": {"activation_function": 0.7269049182159868, "amount_of_layers": 5.398241701765985, "batch_size": 114.6756032395605, "dropout_rate": 0.7255040803042707, "epochs": 145.2868417225875, "hidden_channels": 123.63443297544447, "learning_rate": 0.007148067336612923, "optimizer": 1.8280617662847771, "pooling_algorithm": 0.3636914766278526}, "datetime": {"datetime": "2023-11-28 08:57:44", "elapsed": 60.875178, "delta": 6.924753}}
{"target": 0.0, "params": {"activation_function": 0.613080301875859, "amount_of_layers": 8.784014881462962, "batch_size": 49.014335591452635, "dropout_rate": 0.2909569964043436, "epochs": 33.16500479305687, "hidden_channels": 122.55032348233841, "learning_rate": 0.03299305653674044, "optimizer": 1.5676259696658164, "pooling_algorithm": 0.7779800536391119}, "datetime": {"datetime": "2023-11-28 08:57:48", "elapsed": 64.959204, "delta": 4.084026}}
{"target": 0.0982142857142857, "params": {"activation_function": 0.5915311150143434, "amount_of_layers": 3.660321867576503, "batch_size": 121.17719859554794, "dropout_rate": 0.36405657985479645, "epochs": 75.26568567156389, "hidden_channels": 37.666957199007484, "learning_rate": 0.013651354018716526, "optimizer": 0.9110964538754092, "pooling_algorithm": 0.5592655782415407}, "datetime": {"datetime": "2023-11-28 08:57:50", "elapsed": 66.858521, "delta": 1.899317}}
{"target": 0.8999999999999999, "params": {"activation_function": 1.3720689116951146, "amount_of_layers": 4.360487797690631, "batch_size": 142.90377625283324, "dropout_rate": 0.7499587831133598, "epochs": 188.78241796655288, "hidden_channels": 23.982168588189516, "learning_rate": 0.047360645479218325, "optimizer": 0.23680917467975582, "pooling_algorithm": 0.5374402849865707}, "datetime": {"datetime": "2023-11-28 08:57:54", "elapsed": 70.752144, "delta": 3.893623}}
{"target": 0.5, "params": {"activation_function": 0.44497527983210805, "amount_of_layers": 5.729258152814627, "batch_size": 64.15807584891219, "dropout_rate": 0.7248799409695535, "epochs": 57.93009870550302, "hidden_channels": 65.24096791688103, "learning_rate": 0.06227966771842323, "optimizer": 1.529006621467796, "pooling_algorithm": 0.38607015421627244}, "datetime": {"datetime": "2023-11-28 08:57:57", "elapsed": 73.042157, "delta": 2.290013}}
{"target": 0.9214285714285714, "params": {"activation_function": 1.5559818507952055, "amount_of_layers": 4.281472201209667, "batch_size": 93.53675344150203, "dropout_rate": 0.3069069431372023, "epochs": 34.52686243990247, "hidden_channels": 126.62006627091898, "learning_rate": 0.038153866815125614, "optimizer": 0.30444943830019255, "pooling_algorithm": 0.9604115027815143}, "datetime": {"datetime": "2023-11-28 08:57:58", "elapsed": 74.538574, "delta": 1.496417}}
{"target": 0.725, "params": {"activation_function": 1.520209636773964, "amount_of_layers": 8.368845311919632, "batch_size": 139.86051199275903, "dropout_rate": 0.3297040012910735, "epochs": 32.60838715535397, "hidden_channels": 80.53573818115615, "learning_rate": 0.07485669171669486, "optimizer": 1.089595723941018, "pooling_algorithm": 0.17284808179232747}, "datetime": {"datetime": "2023-11-28 08:58:00", "elapsed": 76.390178, "delta": 1.851604}}
{"target": 0.9089285714285714, "params": {"activation_function": 1.2838953110139708, "amount_of_layers": 7.154546525356468, "batch_size": 90.58458548969836, "dropout_rate": 0.43549721574735817, "epochs": 154.3030802794312, "hidden_channels": 41.028190561641246, "learning_rate": 0.0722184307781621, "optimizer": 0.4344671359886867, "pooling_algorithm": 0.5279907000849092}, "datetime": {"datetime": "2023-11-28 08:58:05", "elapsed": 81.246977, "delta": 4.856799}}
{"target": 0.5, "params": {"activation_function": 0.9330674619000487, "amount_of_layers": 4.1574755724184875, "batch_size": 114.71273885809664, "dropout_rate": 0.487239237294914, "epochs": 138.17180662055938, "hidden_channels": 89.56412796632695, "learning_rate": 0.09334465153113779, "optimizer": 1.187695862345473, "pooling_algorithm": 0.7346174631711987}, "datetime": {"datetime": "2023-11-28 08:58:10", "elapsed": 86.081364, "delta": 4.834387}}
{"target": 0.9, "params": {"activation_function": 0.7871684214674133, "amount_of_layers": 5.401025977441631, "batch_size": 142.66421908459205, "dropout_rate": 0.2980349590521768, "epochs": 187.6971590326568, "hidden_channels": 21.88279739420086, "learning_rate": 0.04932709953932032, "optimizer": 0.43229500816293687, "pooling_algorithm": 0.9813281003845408}, "datetime": {"datetime": "2023-11-28 08:58:14", "elapsed": 90.466445, "delta": 4.385081}}
{"target": 0.5, "params": {"activation_function": 0.2729891089180059, "amount_of_layers": 6.759505494092439, "batch_size": 91.82736151923831, "dropout_rate": 0.6006340745202023, "epochs": 158.4803820454283, "hidden_channels": 39.240370877716096, "learning_rate": 0.0775959733120563, "optimizer": 1.0012886664982434, "pooling_algorithm": 0.9287411649929151}, "datetime": {"datetime": "2023-11-28 08:58:19", "elapsed": 95.690461, "delta": 5.224016}}
{"target": 0.5, "params": {"activation_function": 0.01086821075763611, "amount_of_layers": 7.661387057187528, "batch_size": 94.85893665533442, "dropout_rate": 0.3058980347296294, "epochs": 35.09212094896242, "hidden_channels": 123.69206618513356, "learning_rate": 0.017643791881454242, "optimizer": 0.7303006876918932, "pooling_algorithm": 0.5200593197798471}, "datetime": {"datetime": "2023-11-28 08:58:22", "elapsed": 98.512649, "delta": 2.822188}}
{"target": 0.8535714285714285, "params": {"activation_function": 1.5416645506056137, "amount_of_layers": 5.458951649380438, "batch_size": 103.89121929259024, "dropout_rate": 0.2595502155895144, "epochs": 195.39662102011198, "hidden_channels": 26.44236625665919, "learning_rate": 0.003374617116450052, "optimizer": 0.8203461895890991, "pooling_algorithm": 0.38519725171319896}, "datetime": {"datetime": "2023-11-28 08:58:27", "elapsed": 103.372901, "delta": 4.860252}}
{"target": 0.7428571428571429, "params": {"activation_function": 1.1714870853165122, "amount_of_layers": 1.507731872026663, "batch_size": 139.75785279442198, "dropout_rate": 0.3518204103566963, "epochs": 187.49955525281712, "hidden_channels": 24.42688369279382, "learning_rate": 0.08933554330081907, "optimizer": 0.6126525897649517, "pooling_algorithm": 0.36797879875506856}, "datetime": {"datetime": "2023-11-28 08:58:30", "elapsed": 106.818955, "delta": 3.446054}}
{"target": 0.8999999999999999, "params": {"activation_function": 0.15088228689269, "amount_of_layers": 8.91282297717979, "batch_size": 88.56254538640721, "dropout_rate": 0.44842040548994294, "epochs": 154.57921745404192, "hidden_channels": 45.429443365321724, "learning_rate": 0.07026602495440423, "optimizer": 0.38205065155167306, "pooling_algorithm": 0.5458065133363597}, "datetime": {"datetime": "2023-11-28 08:58:36", "elapsed": 112.51487, "delta": 5.695915}}
{"target": 0.5, "params": {"activation_function": 1.2168539427068241, "amount_of_layers": 1.8962040594067364, "batch_size": 92.84529315042256, "dropout_rate": 0.4680371921174557, "epochs": 30.143647017993082, "hidden_channels": 127.32602210963633, "learning_rate": 0.015415063500628639, "optimizer": 0.8041686327982589, "pooling_algorithm": 0.5276313487075049}, "datetime": {"datetime": "2023-11-28 08:58:39", "elapsed": 115.328939, "delta": 2.814069}}
{"target": 0.5, "params": {"activation_function": 0.4529918023842343, "amount_of_layers": 8.940872974529329, "batch_size": 89.21637432727634, "dropout_rate": 0.2927714419267737, "epochs": 150.40863010316136, "hidden_channels": 42.72668383942558, "learning_rate": 0.09308164108132402, "optimizer": 1.5205102382071374, "pooling_algorithm": 0.016199531063771477}, "datetime": {"datetime": "2023-11-28 08:58:44", "elapsed": 120.953569, "delta": 5.62463}}
{"target": 0.5, "params": {"activation_function": 1.1698432949987991, "amount_of_layers": 5.026111227440666, "batch_size": 66.41242249021747, "dropout_rate": 0.5104751103628967, "epochs": 14.92058506022616, "hidden_channels": 89.71720546802243, "learning_rate": 0.08304096614076747, "optimizer": 1.5445680207119006, "pooling_algorithm": 0.32503517062125786}, "datetime": {"datetime": "2023-11-28 08:58:46", "elapsed": 122.006415, "delta": 1.052846}}
{"target": 0.35, "params": {"activation_function": 1.230406291916715, "amount_of_layers": 4.355090242297073, "batch_size": 103.61903045803943, "dropout_rate": 0.5467667760020052, "epochs": 192.77741711605486, "hidden_channels": 23.4940688796877, "learning_rate": 0.0346072323497525, "optimizer": 1.0059245647570714, "pooling_algorithm": 0.719229001767971}, "datetime": {"datetime": "2023-11-28 08:58:50", "elapsed": 126.542825, "delta": 4.53641}}
{"target": 0.26249999999999996, "params": {"activation_function": 1.0595371486000014, "amount_of_layers": 4.505710767939917, "batch_size": 93.07403083955681, "dropout_rate": 0.6103351982469166, "epochs": 32.37099801839602, "hidden_channels": 126.71799087223235, "learning_rate": 0.09712972503177739, "optimizer": 1.3106017752272208, "pooling_algorithm": 0.44050319878148614}, "datetime": {"datetime": "2023-11-28 08:58:54", "elapsed": 130.293946, "delta": 3.751121}}
{"target": 0.9142857142857144, "params": {"activation_function": 1.8878974408644498, "amount_of_layers": 7.793396590565925, "batch_size": 113.37965060832099, "dropout_rate": 0.5511291904276377, "epochs": 116.57048293611511, "hidden_channels": 9.13607846510617, "learning_rate": 0.0031218603001627984, "optimizer": 0.28155156922738, "pooling_algorithm": 0.5075896296675417}, "datetime": {"datetime": "2023-11-28 08:58:57", "elapsed": 133.960739, "delta": 3.666793}}
{"target": 0.7410714285714286, "params": {"activation_function": 1.2997815079389639, "amount_of_layers": 8.247964522638764, "batch_size": 117.90177120626427, "dropout_rate": 0.368642480011475, "epochs": 25.666314485904948, "hidden_channels": 76.45520856130805, "learning_rate": 0.0644231574671638, "optimizer": 0.167651100316895, "pooling_algorithm": 0.023302633039121168}, "datetime": {"datetime": "2023-11-28 08:58:59", "elapsed": 135.300413, "delta": 1.339674}}
{"target": 0.5, "params": {"activation_function": 0.07380009379560315, "amount_of_layers": 7.110598913900455, "batch_size": 76.82074979100824, "dropout_rate": 0.5808987499038838, "epochs": 148.05982794392355, "hidden_channels": 29.05511376532196, "learning_rate": 0.060599070143076306, "optimizer": 1.5335682489359812, "pooling_algorithm": 0.027457444753453242}, "datetime": {"datetime": "2023-11-28 08:59:03", "elapsed": 139.878482, "delta": 4.578069}}
{"target": 0.22678571428571426, "params": {"activation_function": 1.9064339935610812, "amount_of_layers": 1.2361813493179392, "batch_size": 60.35835559253332, "dropout_rate": 0.5058158173313888, "epochs": 124.4150253172743, "hidden_channels": 44.79402707066866, "learning_rate": 0.08218347460176799, "optimizer": 0.3243266643415459, "pooling_algorithm": 0.2865710646941513}, "datetime": {"datetime": "2023-11-28 08:59:06", "elapsed": 142.181539, "delta": 2.303057}}
{"target": 0.2767857142857143, "params": {"activation_function": 0.9327193827553866, "amount_of_layers": 1.356812479389804, "batch_size": 127.54872804279553, "dropout_rate": 0.6893705984926901, "epochs": 103.61965295980153, "hidden_channels": 47.83604924714103, "learning_rate": 0.07812393701411997, "optimizer": 0.09800989560668216, "pooling_algorithm": 0.24928191949146605}, "datetime": {"datetime": "2023-11-28 08:59:07", "elapsed": 143.883752, "delta": 1.702213}}
{"target": 0.8999999999999999, "params": {"activation_function": 1.3432324204158572, "amount_of_layers": 5.428896802260153, "batch_size": 140.7459143456217, "dropout_rate": 0.2976838522747392, "epochs": 137.5355913702221, "hidden_channels": 47.51540437295255, "learning_rate": 0.0697742607714446, "optimizer": 0.10698922471023553, "pooling_algorithm": 0.5638280437179953}, "datetime": {"datetime": "2023-11-28 08:59:11", "elapsed": 147.77741, "delta": 3.893658}}
{"target": 0.5, "params": {"activation_function": 1.4830619574819937, "amount_of_layers": 2.809756816749882, "batch_size": 100.2604267032608, "dropout_rate": 0.557445990229167, "epochs": 77.86461554766134, "hidden_channels": 120.18193289753928, "learning_rate": 0.04701133167740069, "optimizer": 0.8414755750059089, "pooling_algorithm": 0.7444464446834136}, "datetime": {"datetime": "2023-11-28 08:59:17", "elapsed": 153.102557, "delta": 5.325147}}
{"target": 0.5, "params": {"activation_function": 0.21846831910166675, "amount_of_layers": 6.08356383505216, "batch_size": 62.208027932800846, "dropout_rate": 0.32370850596266987, "epochs": 69.38549069107677, "hidden_channels": 52.860997264773424, "learning_rate": 0.09473977905864114, "optimizer": 1.6618299298403632, "pooling_algorithm": 0.4687906036911522}, "datetime": {"datetime": "2023-11-28 08:59:19", "elapsed": 155.719004, "delta": 2.616447}}
{"target": 0.5, "params": {"activation_function": 1.3216615560352831, "amount_of_layers": 4.910831878129834, "batch_size": 35.43521533231284, "dropout_rate": 0.7394288651666732, "epochs": 111.1076292074072, "hidden_channels": 15.742720771204768, "learning_rate": 0.0306890913092057, "optimizer": 1.5646120899552667, "pooling_algorithm": 0.6844309200366849}, "datetime": {"datetime": "2023-11-28 08:59:24", "elapsed": 160.214254, "delta": 4.49525}}
{"target": 0.6607142857142857, "params": {"activation_function": 1.978571555275311, "amount_of_layers": 3.079894321164928, "batch_size": 27.14356704805966, "dropout_rate": 0.444042559928239, "epochs": 140.0316038824429, "hidden_channels": 10.546985142169039, "learning_rate": 0.020917233731161985, "optimizer": 0.0963126743156375, "pooling_algorithm": 0.4664002969302481}, "datetime": {"datetime": "2023-11-28 08:59:28", "elapsed": 164.908503, "delta": 4.694249}}
{"target": 0.0, "params": {"activation_function": 1.2594327994766072, "amount_of_layers": 8.31444095861901, "batch_size": 132.37847202697787, "dropout_rate": 0.39630316768918106, "epochs": 63.66773742688664, "hidden_channels": 126.29689188985041, "learning_rate": 0.027561178378864237, "optimizer": 1.6363219851483672, "pooling_algorithm": 0.14145345766826367}, "datetime": {"datetime": "2023-11-28 09:00:03", "elapsed": 199.080738, "delta": 34.172235}}
{"target": 0.9214285714285715, "params": {"activation_function": 1.0099480674737293, "amount_of_layers": 3.2860523292082133, "batch_size": 34.39387715477374, "dropout_rate": 0.5787220749181963, "epochs": 196.9344339132379, "hidden_channels": 12.767419808310255, "learning_rate": 0.007088391233376981, "optimizer": 1.891627707488055, "pooling_algorithm": 0.8661459513733218}, "datetime": {"datetime": "2023-11-28 09:00:09", "elapsed": 205.182957, "delta": 6.102219}}
{"target": 0.675, "params": {"activation_function": 1.1382606154700488, "amount_of_layers": 7.695636022461315, "batch_size": 58.21766470215291, "dropout_rate": 0.31002767195632486, "epochs": 117.99281216758541, "hidden_channels": 29.297953974412437, "learning_rate": 0.026225953525175434, "optimizer": 1.4890199907828916, "pooling_algorithm": 0.8899625799211522}, "datetime": {"datetime": "2023-11-28 09:00:14", "elapsed": 210.749564, "delta": 5.566607}}
{"target": 0.7392857142857143, "params": {"activation_function": 0.7776854849704737, "amount_of_layers": 2.79442225243167, "batch_size": 138.3107240590968, "dropout_rate": 0.43330601607728725, "epochs": 51.63202395510399, "hidden_channels": 85.25317033372062, "learning_rate": 0.05527469117458796, "optimizer": 1.0022757973422554, "pooling_algorithm": 0.12643018673737305}, "datetime": {"datetime": "2023-11-28 09:00:16", "elapsed": 212.483708, "delta": 1.734144}}
{"target": 0.5, "params": {"activation_function": 0.6255647071325341, "amount_of_layers": 6.402078382873598, "batch_size": 68.82878816670521, "dropout_rate": 0.6003834000057424, "epochs": 57.441225942493446, "hidden_channels": 19.477933545433498, "learning_rate": 0.08873323592627635, "optimizer": 0.5951481839065924, "pooling_algorithm": 0.7307258622414822}, "datetime": {"datetime": "2023-11-28 09:00:19", "elapsed": 215.033443, "delta": 2.549735}}
