{"target": 0.9, "params": {"activation_function": 0.4847644257479302, "amount_of_layers": 5.219635354510671, "batch_size": 142.93054597844633, "dropout_rate": 0.44820416295799936, "epochs": 48.9188941557599, "hidden_channels": 37.00740287328478, "learning_rate": 0.005213644417135828, "optimizer": 1.042844717903169, "pooling_algorithm": 0.8935537724970705}, "datetime": {"datetime": "2023-11-28 08:00:29", "elapsed": 195.971186, "delta": 1.573402}}
{"target": 0.2642857142857143, "params": {"activation_function": 0.7831127926272579, "amount_of_layers": 3.7747662832105284, "batch_size": 123.9973825753975, "dropout_rate": 0.36604560457449575, "epochs": 122.33757455258771, "hidden_channels": 39.13810679113364, "learning_rate": 0.055618236690921266, "optimizer": 0.43542281148580453, "pooling_algorithm": 0.44878321981066127}, "datetime": {"datetime": "2023-11-28 08:00:32", "elapsed": 199.038003, "delta": 3.066817}}
{"target": 0.9, "params": {"activation_function": 1.268690295211181, "amount_of_layers": 4.259045494044084, "batch_size": 19.046051197124434, "dropout_rate": 0.3275913266917372, "epochs": 140.21092612481328, "hidden_channels": 76.36891547615656, "learning_rate": 0.006398378611160852, "optimizer": 0.7796833985005913, "pooling_algorithm": 0.6773378478181993}, "datetime": {"datetime": "2023-11-28 08:00:41", "elapsed": 207.406984, "delta": 8.368981}}
{"target": 0.9160714285714285, "params": {"activation_function": 0.0770253105748464, "amount_of_layers": 7.319539905770634, "batch_size": 140.8255831873811, "dropout_rate": 0.7073375612722315, "epochs": 168.5028960444234, "hidden_channels": 80.20169028322987, "learning_rate": 0.01284538948251926, "optimizer": 0.584959835530795, "pooling_algorithm": 0.9692924618623849}, "datetime": {"datetime": "2023-11-28 08:00:49", "elapsed": 215.717165, "delta": 8.310181}}
{"target": 0.9196428571428572, "params": {"activation_function": 1.546753432145977, "amount_of_layers": 1.1727987342981754, "batch_size": 69.3965646213392, "dropout_rate": 0.663600182282923, "epochs": 135.68671167244048, "hidden_channels": 71.08412127801371, "learning_rate": 0.06400702193653258, "optimizer": 0.43867710532467163, "pooling_algorithm": 0.6073193066926225}, "datetime": {"datetime": "2023-11-28 08:00:52", "elapsed": 218.552606, "delta": 2.835441}}
{"target": 0.8357142857142857, "params": {"activation_function": 1.6139412942177593, "amount_of_layers": 3.459387963710162, "batch_size": 59.73142638080297, "dropout_rate": 0.4994730548136187, "epochs": 113.60813752671854, "hidden_channels": 80.56470832134218, "learning_rate": 0.015525672634317266, "optimizer": 0.6219456487367181, "pooling_algorithm": 0.26346658453162264}, "datetime": {"datetime": "2023-11-28 08:00:56", "elapsed": 222.298487, "delta": 3.745881}}
{"target": 0.8964285714285714, "params": {"activation_function": 1.1157207325934384, "amount_of_layers": 6.846553192608748, "batch_size": 56.66230232565242, "dropout_rate": 0.42622272372723635, "epochs": 181.18565434278833, "hidden_channels": 58.651665454573084, "learning_rate": 0.0017755385310598683, "optimizer": 0.9875688663231621, "pooling_algorithm": 0.9162072115748163}, "datetime": {"datetime": "2023-11-28 08:01:04", "elapsed": 230.625334, "delta": 8.326847}}
{"target": 0.9071428571428573, "params": {"activation_function": 0.16523781088111494, "amount_of_layers": 6.54119223814129, "batch_size": 52.66545785838105, "dropout_rate": 0.3899677528950849, "epochs": 175.85596552385738, "hidden_channels": 59.62336863405557, "learning_rate": 0.03463004839646115, "optimizer": 0.19200269505289091, "pooling_algorithm": 0.9131999789710572}, "datetime": {"datetime": "2023-11-28 08:01:11", "elapsed": 237.955003, "delta": 7.329669}}
{"target": 0.7428571428571428, "params": {"activation_function": 2.0, "amount_of_layers": 9.0, "batch_size": 52.600634398738734, "dropout_rate": 0.75, "epochs": 177.85380255332143, "hidden_channels": 53.17859115627888, "learning_rate": 0.04436120935192729, "optimizer": 2.0, "pooling_algorithm": 0.0}, "datetime": {"datetime": "2023-11-28 08:01:20", "elapsed": 246.868304, "delta": 8.913301}}
{"target": 0.9035714285714286, "params": {"activation_function": 1.373068477205765, "amount_of_layers": 1.9932295929345416, "batch_size": 65.7021862137706, "dropout_rate": 0.5723921846016677, "epochs": 128.97700552020376, "hidden_channels": 73.33214795759363, "learning_rate": 0.04879523001362252, "optimizer": 0.4579162921495259, "pooling_algorithm": 0.5543641737922772}, "datetime": {"datetime": "2023-11-28 08:01:24", "elapsed": 250.532766, "delta": 3.664462}}
{"target": 0.7928571428571429, "params": {"activation_function": 1.7572391614961114, "amount_of_layers": 3.180041631952496, "batch_size": 61.08623345211182, "dropout_rate": 0.6412323437396704, "epochs": 135.69183946245167, "hidden_channels": 69.96771343451537, "learning_rate": 0.06493793108502384, "optimizer": 0.2681577785558824, "pooling_algorithm": 0.4506060297248187}, "datetime": {"datetime": "2023-11-28 08:01:28", "elapsed": 255.119199, "delta": 4.586433}}
{"target": 0.775, "params": {"activation_function": 1.3882328152684793, "amount_of_layers": 2.8270694314662457, "batch_size": 64.97162388456366, "dropout_rate": 0.4323746313800445, "epochs": 137.1605906265838, "hidden_channels": 79.82619848500366, "learning_rate": 0.009070424184853421, "optimizer": 1.7466525288587862, "pooling_algorithm": 0.027902980269412847}, "datetime": {"datetime": "2023-11-28 08:01:33", "elapsed": 259.939722, "delta": 4.820523}}
{"target": 0.8142857142857143, "params": {"activation_function": 0.0, "amount_of_layers": 9.0, "batch_size": 69.88619484322717, "dropout_rate": 0.25, "epochs": 132.03444278715557, "hidden_channels": 71.12027680022597, "learning_rate": 0.001, "optimizer": 2.0, "pooling_algorithm": 0.0}, "datetime": {"datetime": "2023-11-28 08:01:42", "elapsed": 268.407342, "delta": 8.46762}}
{"target": 0.8071428571428572, "params": {"activation_function": 0.0, "amount_of_layers": 1.0, "batch_size": 124.22350573664193, "dropout_rate": 0.75, "epochs": 134.4745330735977, "hidden_channels": 16.03508627996444, "learning_rate": 0.001, "optimizer": 0.0, "pooling_algorithm": 0.5112197823931889}, "datetime": {"datetime": "2023-11-28 08:01:44", "elapsed": 270.933132, "delta": 2.52579}}
{"target": 0.7339285714285715, "params": {"activation_function": 1.7215257183541859, "amount_of_layers": 4.9757073279450665, "batch_size": 85.25680040565231, "dropout_rate": 0.47560198385723396, "epochs": 197.45676516074178, "hidden_channels": 84.41514886861864, "learning_rate": 0.0638515353465538, "optimizer": 1.1300311805621612, "pooling_algorithm": 0.2807666627136679}, "datetime": {"datetime": "2023-11-28 08:01:53", "elapsed": 279.257797, "delta": 8.324665}}
{"target": 0.8428571428571427, "params": {"activation_function": 2.0, "amount_of_layers": 4.922469601510738, "batch_size": 64.15216118417797, "dropout_rate": 0.75, "epochs": 118.2116496197067, "hidden_channels": 70.10029075258872, "learning_rate": 0.001, "optimizer": 2.0, "pooling_algorithm": 0.0}, "datetime": {"datetime": "2023-11-28 08:01:58", "elapsed": 284.873916, "delta": 5.616119}}
{"target": 0.9107142857142857, "params": {"activation_function": 1.7617196270392543, "amount_of_layers": 6.288082521225967, "batch_size": 96.0582900456272, "dropout_rate": 0.5410442938214588, "epochs": 153.88593346727993, "hidden_channels": 103.38396092268741, "learning_rate": 0.02973781323351777, "optimizer": 0.3934291002563683, "pooling_algorithm": 0.8047321879188194}, "datetime": {"datetime": "2023-11-28 08:02:06", "elapsed": 293.165757, "delta": 8.291841}}
{"target": 0.7357142857142858, "params": {"activation_function": 0.322540578488534, "amount_of_layers": 2.895911876274167, "batch_size": 93.69785696365385, "dropout_rate": 0.39144552250971115, "epochs": 155.66426426720344, "hidden_channels": 114.95806301642983, "learning_rate": 0.007139277939710815, "optimizer": 1.3989167648168515, "pooling_algorithm": 0.9603309374250456}, "datetime": {"datetime": "2023-11-28 08:02:12", "elapsed": 299.178006, "delta": 6.012249}}
{"target": 0.5, "params": {"activation_function": 0.627740409278744, "amount_of_layers": 6.173648655080045, "batch_size": 85.93996580276482, "dropout_rate": 0.5169155610370848, "epochs": 161.2835158176519, "hidden_channels": 103.30163830553958, "learning_rate": 0.013221174637116574, "optimizer": 1.949313913229612, "pooling_algorithm": 0.8197648961738058}, "datetime": {"datetime": "2023-11-28 08:02:43", "elapsed": 329.400955, "delta": 30.222949}}
{"target": 0.5, "params": {"activation_function": 0.3673783422931689, "amount_of_layers": 1.7199353695901394, "batch_size": 105.71560032674853, "dropout_rate": 0.45554895963460684, "epochs": 159.49608492862583, "hidden_channels": 109.46171223522416, "learning_rate": 0.07413639130829654, "optimizer": 1.216862230895392, "pooling_algorithm": 0.9987133899736298}, "datetime": {"datetime": "2023-11-28 08:02:48", "elapsed": 334.430929, "delta": 5.029974}}
{"target": 0.5, "params": {"activation_function": 0.3959732419860025, "amount_of_layers": 1.4229443265078956, "batch_size": 66.460308130952, "dropout_rate": 0.5060097356375625, "epochs": 127.00580665342706, "hidden_channels": 60.47620839428593, "learning_rate": 0.09312579017948118, "optimizer": 1.610890607464059, "pooling_algorithm": 0.6805501439143903}, "datetime": {"datetime": "2023-11-28 08:02:51", "elapsed": 337.58944, "delta": 3.158511}}
{"target": 0.19999999999999998, "params": {"activation_function": 2.0, "amount_of_layers": 9.0, "batch_size": 61.193546633948124, "dropout_rate": 0.75, "epochs": 123.94271656322114, "hidden_channels": 78.19851247243986, "learning_rate": 0.001, "optimizer": 0.0, "pooling_algorithm": 0.0}, "datetime": {"datetime": "2023-11-28 08:02:59", "elapsed": 345.468332, "delta": 7.878892}}
