{"target": 0.65, "params": {"activation_function": 1.8942259867766318, "amount_of_layers": 6.234650650819463, "batch_size": 72.64709536856999, "dropout_rate": 0.6837928420615291, "epochs": 121.60978451348412, "hidden_channels": 70.07847799597262, "learning_rate": 0.04993013968117494, "optimizer": 1.0874335760983105, "pooling_algorithm": 0.7290017550398323}, "datetime": {"datetime": "2023-11-28 02:42:04", "elapsed": 142.651586, "delta": 4.115672}}
{"target": 0.24107142857142855, "params": {"activation_function": 0.12039484925345634, "amount_of_layers": 8.948585748114441, "batch_size": 86.72321280777406, "dropout_rate": 0.4372571650841293, "epochs": 172.536683755058, "hidden_channels": 111.0840361797027, "learning_rate": 0.028827200699725535, "optimizer": 1.2828896318518885, "pooling_algorithm": 0.3936657571700002}, "datetime": {"datetime": "2023-11-28 02:42:10", "elapsed": 147.901313, "delta": 5.249727}}
{"target": 0.9071428571428573, "params": {"activation_function": 1.7077404292392222, "amount_of_layers": 3.1726352580031643, "batch_size": 28.732929748698645, "dropout_rate": 0.4804682018457073, "epochs": 109.34550344443372, "hidden_channels": 61.32210751373189, "learning_rate": 0.035971317566369045, "optimizer": 0.28120071646015665, "pooling_algorithm": 0.9606148373216757}, "datetime": {"datetime": "2023-11-28 02:42:14", "elapsed": 152.385584, "delta": 4.484271}}
{"target": 0.9178571428571429, "params": {"activation_function": 0.7448884437097876, "amount_of_layers": 3.054066429717037, "batch_size": 64.10464265041956, "dropout_rate": 0.6154201218635444, "epochs": 155.4003270602574, "hidden_channels": 49.68865951608447, "learning_rate": 0.0038079139790152595, "optimizer": 1.5895502905147247, "pooling_algorithm": 0.9093769448782508}, "datetime": {"datetime": "2023-11-28 02:42:18", "elapsed": 156.164293, "delta": 3.778709}}
{"target": 0.5, "params": {"activation_function": 0.3082237401081265, "amount_of_layers": 3.815304243249603, "batch_size": 16.61459930886759, "dropout_rate": 0.34585147235758285, "epochs": 128.43995147374318, "hidden_channels": 102.7094640563362, "learning_rate": 0.005357679340382316, "optimizer": 1.9388733408033618, "pooling_algorithm": 0.5569754959555832}, "datetime": {"datetime": "2023-11-28 02:42:26", "elapsed": 164.744818, "delta": 8.580525}}
{"target": 0.2625, "params": {"activation_function": 1.01284722302175, "amount_of_layers": 1.658739238783344, "batch_size": 81.5856429278348, "dropout_rate": 0.7474988077393188, "epochs": 100.5065695364459, "hidden_channels": 38.88569839231522, "learning_rate": 0.0339471548672096, "optimizer": 1.861036944015347, "pooling_algorithm": 0.25764676238912854}, "datetime": {"datetime": "2023-11-28 02:42:28", "elapsed": 166.521911, "delta": 1.777093}}
{"target": 0.7357142857142858, "params": {"activation_function": 0.8067047361188102, "amount_of_layers": 1.5906499015218944, "batch_size": 49.691381190772226, "dropout_rate": 0.2822159522663077, "epochs": 33.026688616622664, "hidden_channels": 85.41472454386464, "learning_rate": 0.07986638370204781, "optimizer": 0.8463174594039855, "pooling_algorithm": 0.25929731743848783}, "datetime": {"datetime": "2023-11-28 02:42:29", "elapsed": 167.383781, "delta": 0.86187}}
{"target": 0.8321428571428572, "params": {"activation_function": 0.24951326475270497, "amount_of_layers": 1.0865792915842931, "batch_size": 20.15432547673209, "dropout_rate": 0.40850981866092606, "epochs": 131.31982293507497, "hidden_channels": 83.4837298433792, "learning_rate": 0.010820804355443882, "optimizer": 0.6399082970497008, "pooling_algorithm": 0.004814281137241472}, "datetime": {"datetime": "2023-11-28 02:42:34", "elapsed": 172.695088, "delta": 5.311307}}
{"target": 0.0, "params": {"activation_function": 1.9110028704089503, "amount_of_layers": 8.329781398297413, "batch_size": 101.1265753873476, "dropout_rate": 0.5985584805698776, "epochs": 171.55042427893022, "hidden_channels": 51.41758308870033, "learning_rate": 0.03329756258849308, "optimizer": 1.8735792940526776, "pooling_algorithm": 0.46881305143133634}, "datetime": {"datetime": "2023-11-28 02:42:39", "elapsed": 177.527596, "delta": 4.832508}}
{"target": 0.5, "params": {"activation_function": 1.5547126183221662, "amount_of_layers": 5.286402746093019, "batch_size": 57.15455703985871, "dropout_rate": 0.310991778985349, "epochs": 158.5002649633848, "hidden_channels": 98.74430052343182, "learning_rate": 0.09936466938918735, "optimizer": 0.8622267494814428, "pooling_algorithm": 0.9668317167215099}, "datetime": {"datetime": "2023-11-28 02:42:44", "elapsed": 182.443049, "delta": 4.915453}}
{"target": 0.7678571428571429, "params": {"activation_function": 1.7793612944886288, "amount_of_layers": 3.5132500514019407, "batch_size": 26.782933628543823, "dropout_rate": 0.35131421211985603, "epochs": 46.0549044037921, "hidden_channels": 114.4492652733137, "learning_rate": 0.03206527388932255, "optimizer": 0.7878493925477403, "pooling_algorithm": 0.4305220189000336}, "datetime": {"datetime": "2023-11-28 02:42:47", "elapsed": 184.941129, "delta": 2.49808}}
{"target": 0.8678571428571429, "params": {"activation_function": 0.2635927223518042, "amount_of_layers": 5.552829426375678, "batch_size": 88.04642950155387, "dropout_rate": 0.5905312635357111, "epochs": 179.4241006073624, "hidden_channels": 76.0504535503914, "learning_rate": 0.012945035472532423, "optimizer": 1.1963742542863152, "pooling_algorithm": 0.8844677497674418}, "datetime": {"datetime": "2023-11-28 02:42:51", "elapsed": 189.323737, "delta": 4.382608}}
{"target": 0.5, "params": {"activation_function": 0.42156667569866935, "amount_of_layers": 7.031552025939418, "batch_size": 77.15881249323705, "dropout_rate": 0.3779042983015774, "epochs": 158.15384872715182, "hidden_channels": 12.970165551176953, "learning_rate": 0.06914797607377429, "optimizer": 1.5863197938127676, "pooling_algorithm": 0.7231990705382051}, "datetime": {"datetime": "2023-11-28 02:42:55", "elapsed": 193.365549, "delta": 4.041812}}
{"target": 0.8107142857142857, "params": {"activation_function": 0.09387758503918286, "amount_of_layers": 1.9241026383819602, "batch_size": 23.63428062083223, "dropout_rate": 0.6297700632144361, "epochs": 46.66684294336302, "hidden_channels": 12.79134130531143, "learning_rate": 0.045160497113171744, "optimizer": 0.7662149544614185, "pooling_algorithm": 0.43463786506016766}, "datetime": {"datetime": "2023-11-28 02:42:57", "elapsed": 195.525042, "delta": 2.159493}}
{"target": 0.7000000000000001, "params": {"activation_function": 1.5270732736266357, "amount_of_layers": 8.653686162935607, "batch_size": 72.48370230354705, "dropout_rate": 0.6406066734512822, "epochs": 182.850395679084, "hidden_channels": 49.152373274942825, "learning_rate": 0.0071777821750415825, "optimizer": 1.640178543369262, "pooling_algorithm": 0.5769041215633799}, "datetime": {"datetime": "2023-11-28 02:43:05", "elapsed": 202.950737, "delta": 7.425695}}
{"target": 0.5, "params": {"activation_function": 0.19997553117337907, "amount_of_layers": 7.955242879689115, "batch_size": 67.63884019806194, "dropout_rate": 0.4051196278884518, "epochs": 192.06772419037162, "hidden_channels": 70.13964777684754, "learning_rate": 0.08921296809463326, "optimizer": 1.5073461489077173, "pooling_algorithm": 0.18310231592454929}, "datetime": {"datetime": "2023-11-28 02:43:12", "elapsed": 210.30653, "delta": 7.355793}}
{"target": 0.5, "params": {"activation_function": 1.734730055912654, "amount_of_layers": 6.631139798582354, "batch_size": 33.70312805660558, "dropout_rate": 0.5637941799304735, "epochs": 197.3463421287979, "hidden_channels": 46.00367529235272, "learning_rate": 0.07804288904485937, "optimizer": 1.6654843380779742, "pooling_algorithm": 0.249417340799025}, "datetime": {"datetime": "2023-11-28 02:43:23", "elapsed": 221.036565, "delta": 10.730035}}
{"target": 0.5, "params": {"activation_function": 1.4205697551949066, "amount_of_layers": 4.392480519455983, "batch_size": 112.27298250026644, "dropout_rate": 0.7182711369584176, "epochs": 82.37708571189778, "hidden_channels": 115.79795570285856, "learning_rate": 0.08121507901314982, "optimizer": 1.3482089931889656, "pooling_algorithm": 0.132644384287691}, "datetime": {"datetime": "2023-11-28 02:43:24", "elapsed": 222.862728, "delta": 1.826163}}
{"target": 0.9178571428571428, "params": {"activation_function": 0.45484572289360803, "amount_of_layers": 1.0456670465436169, "batch_size": 124.40092695298593, "dropout_rate": 0.28176448145812394, "epochs": 38.485603419640015, "hidden_channels": 95.71937725017789, "learning_rate": 0.007253722100347807, "optimizer": 0.825292054396217, "pooling_algorithm": 0.6797635500340734}, "datetime": {"datetime": "2023-11-28 02:43:25", "elapsed": 223.533298, "delta": 0.67057}}
{"target": 0.65, "params": {"activation_function": 1.3680500380553948, "amount_of_layers": 5.761361071026311, "batch_size": 125.26562448951012, "dropout_rate": 0.6960005973419987, "epochs": 116.6583630465607, "hidden_channels": 21.421938824725576, "learning_rate": 0.04178534141879198, "optimizer": 1.1252751643336616, "pooling_algorithm": 0.8891222627621068}, "datetime": {"datetime": "2023-11-28 02:43:28", "elapsed": 226.39876, "delta": 2.865462}}
{"target": 0.6607142857142857, "params": {"activation_function": 1.001610050195327, "amount_of_layers": 7.803544219019329, "batch_size": 50.05411700261005, "dropout_rate": 0.5313494902684787, "epochs": 150.8390155338478, "hidden_channels": 89.8452583397883, "learning_rate": 0.06112345251625249, "optimizer": 0.45199320241120167, "pooling_algorithm": 0.2514023560686335}, "datetime": {"datetime": "2023-11-28 02:43:34", "elapsed": 232.108379, "delta": 5.709619}}
{"target": 0.5, "params": {"activation_function": 0.4659167777861881, "amount_of_layers": 4.826132090648803, "batch_size": 58.05772637400909, "dropout_rate": 0.7361492755121227, "epochs": 185.49108260560195, "hidden_channels": 105.68074101641943, "learning_rate": 0.03286863275271452, "optimizer": 0.9241476179421255, "pooling_algorithm": 0.6003366824291496}, "datetime": {"datetime": "2023-11-28 02:43:39", "elapsed": 237.821466, "delta": 5.713087}}
{"target": 0.9035714285714286, "params": {"activation_function": 1.1767702027007474, "amount_of_layers": 6.150886486915212, "batch_size": 142.5269447762583, "dropout_rate": 0.671572024527415, "epochs": 197.56305368724546, "hidden_channels": 87.35946608691683, "learning_rate": 0.006309232032159822, "optimizer": 0.34704044915783316, "pooling_algorithm": 0.6252230541206473}, "datetime": {"datetime": "2023-11-28 02:43:44", "elapsed": 242.36101, "delta": 4.539544}}
{"target": 0.7410714285714286, "params": {"activation_function": 0.5025587043241075, "amount_of_layers": 4.032118475564535, "batch_size": 26.491272480291013, "dropout_rate": 0.7382024191646139, "epochs": 103.67301854835354, "hidden_channels": 35.96101435491722, "learning_rate": 0.03479134210495024, "optimizer": 1.6046796319956838, "pooling_algorithm": 0.306695195614749}, "datetime": {"datetime": "2023-11-28 02:43:49", "elapsed": 247.447316, "delta": 5.086306}}
{"target": 0.9035714285714287, "params": {"activation_function": 0.652883422309716, "amount_of_layers": 4.865081792650549, "batch_size": 113.30265938182413, "dropout_rate": 0.2644748789934783, "epochs": 138.88056424755683, "hidden_channels": 106.50398731167454, "learning_rate": 0.006331674539219417, "optimizer": 1.3594080352853377, "pooling_algorithm": 0.9251433763101528}, "datetime": {"datetime": "2023-11-28 02:43:52", "elapsed": 250.756367, "delta": 3.309051}}
{"target": 0.0, "params": {"activation_function": 0.9494058408162729, "amount_of_layers": 7.36806487255321, "batch_size": 79.28747251507465, "dropout_rate": 0.5143121359420442, "epochs": 78.05859003794615, "hidden_channels": 38.67638534660708, "learning_rate": 0.051132698318627455, "optimizer": 1.902732576235767, "pooling_algorithm": 0.3939011925642786}, "datetime": {"datetime": "2023-11-28 02:43:55", "elapsed": 252.910879, "delta": 2.154512}}
{"target": 0.0, "params": {"activation_function": 1.1704138560015742, "amount_of_layers": 8.269188732439336, "batch_size": 76.62268938038204, "dropout_rate": 0.6052755527528015, "epochs": 45.470824425800906, "hidden_channels": 99.19081421680116, "learning_rate": 0.04708488331360973, "optimizer": 1.8249495236923479, "pooling_algorithm": 0.5115355008185277}, "datetime": {"datetime": "2023-11-28 02:43:56", "elapsed": 254.296124, "delta": 1.385245}}
{"target": 0.5, "params": {"activation_function": 1.3128461318701725, "amount_of_layers": 2.6243788702539677, "batch_size": 109.12526658598405, "dropout_rate": 0.6309377155021053, "epochs": 198.87504562531197, "hidden_channels": 40.83313953026049, "learning_rate": 0.07586232735034097, "optimizer": 1.1790673219427548, "pooling_algorithm": 0.8459285844327101}, "datetime": {"datetime": "2023-11-28 02:44:00", "elapsed": 257.963053, "delta": 3.666929}}
{"target": 0.8178571428571428, "params": {"activation_function": 1.7945219242570434, "amount_of_layers": 1.9749067809426437, "batch_size": 129.42763895200562, "dropout_rate": 0.6962617149781698, "epochs": 133.77814540881698, "hidden_channels": 36.48360610657093, "learning_rate": 0.001480695354757589, "optimizer": 0.9735153403667889, "pooling_algorithm": 0.29201380664238474}, "datetime": {"datetime": "2023-11-28 02:44:02", "elapsed": 260.227276, "delta": 2.264223}}
{"target": 0.4035714285714286, "params": {"activation_function": 1.3690127478932272, "amount_of_layers": 7.660245497307688, "batch_size": 24.861984319416642, "dropout_rate": 0.42655741476663744, "epochs": 178.83913223028358, "hidden_channels": 81.40482324123931, "learning_rate": 0.05193331826002915, "optimizer": 1.833848810669748, "pooling_algorithm": 0.731730033268852}, "datetime": {"datetime": "2023-11-28 02:44:14", "elapsed": 272.502956, "delta": 12.27568}}
{"target": 0.0, "params": {"activation_function": 1.7695521855849006, "amount_of_layers": 8.238652964034456, "batch_size": 122.65185855898633, "dropout_rate": 0.2622584684068491, "epochs": 166.8711990738654, "hidden_channels": 84.29953808788201, "learning_rate": 0.08729197096819291, "optimizer": 0.11029943460612635, "pooling_algorithm": 0.509769704363543}, "datetime": {"datetime": "2023-11-28 02:44:19", "elapsed": 277.10949, "delta": 4.606534}}
{"target": 0.2464285714285714, "params": {"activation_function": 0.2917915530762212, "amount_of_layers": 5.586427015756398, "batch_size": 111.68483908012162, "dropout_rate": 0.25459122430487885, "epochs": 192.36852999077098, "hidden_channels": 32.052393009809705, "learning_rate": 0.07799378493957539, "optimizer": 0.6746836227396464, "pooling_algorithm": 0.3316931592556486}, "datetime": {"datetime": "2023-11-28 02:44:23", "elapsed": 281.854678, "delta": 4.745188}}
{"target": 0.9107142857142857, "params": {"activation_function": 1.9452779802476774, "amount_of_layers": 1.6874982137441181, "batch_size": 71.62690555578651, "dropout_rate": 0.7475598124140101, "epochs": 195.59472456322328, "hidden_channels": 124.6200613745324, "learning_rate": 0.08702500955283439, "optimizer": 0.29671091974274777, "pooling_algorithm": 0.5486769697125751}, "datetime": {"datetime": "2023-11-28 02:44:28", "elapsed": 285.956381, "delta": 4.101703}}
{"target": 0.9107142857142857, "params": {"activation_function": 0.4743517969409463, "amount_of_layers": 7.492703781031495, "batch_size": 144.15709280688986, "dropout_rate": 0.5310023196140059, "epochs": 190.37205713749697, "hidden_channels": 35.6723102922958, "learning_rate": 0.06582708999934893, "optimizer": 0.13817465975313925, "pooling_algorithm": 0.6694185429466526}, "datetime": {"datetime": "2023-11-28 02:44:32", "elapsed": 290.640049, "delta": 4.683668}}
{"target": 0.26785714285714285, "params": {"activation_function": 0.5096866143863774, "amount_of_layers": 5.042166227819861, "batch_size": 107.43603453406041, "dropout_rate": 0.6872943946365455, "epochs": 86.73567909020537, "hidden_channels": 125.57171401859708, "learning_rate": 0.0691777661760348, "optimizer": 0.2054132853104631, "pooling_algorithm": 0.2780582357843564}, "datetime": {"datetime": "2023-11-28 02:44:34", "elapsed": 292.661374, "delta": 2.021325}}
{"target": 0.9017857142857143, "params": {"activation_function": 0.7682550849034879, "amount_of_layers": 3.300449420168314, "batch_size": 84.89809895885607, "dropout_rate": 0.38092491720249877, "epochs": 11.635601658297283, "hidden_channels": 79.0381910757037, "learning_rate": 0.009079276360070852, "optimizer": 0.7008682116575939, "pooling_algorithm": 0.509082663683787}, "datetime": {"datetime": "2023-11-28 02:44:35", "elapsed": 293.031617, "delta": 0.370243}}
{"target": 0.5, "params": {"activation_function": 0.5239686681041118, "amount_of_layers": 2.1279916728723025, "batch_size": 59.52186799033896, "dropout_rate": 0.7125798280700242, "epochs": 37.64055262682774, "hidden_channels": 59.844313581771075, "learning_rate": 0.05402168730679394, "optimizer": 1.354629834364436, "pooling_algorithm": 0.9918278144906516}, "datetime": {"datetime": "2023-11-28 02:44:36", "elapsed": 294.026905, "delta": 0.995288}}
{"target": 0.8285714285714285, "params": {"activation_function": 0.39227342706005586, "amount_of_layers": 3.1159189022669223, "batch_size": 125.83811421870506, "dropout_rate": 0.515764821032302, "epochs": 34.6238253004952, "hidden_channels": 25.923761121454152, "learning_rate": 0.010542164982366736, "optimizer": 0.8483168073559235, "pooling_algorithm": 0.018210470575039772}, "datetime": {"datetime": "2023-11-28 02:44:36", "elapsed": 294.809165, "delta": 0.78226}}
{"target": 0.5, "params": {"activation_function": 1.2583916675365376, "amount_of_layers": 6.789468076322776, "batch_size": 66.88711933121205, "dropout_rate": 0.413416626619702, "epochs": 55.35941811522127, "hidden_channels": 27.773841804673694, "learning_rate": 0.07228518061726898, "optimizer": 0.7689789481767972, "pooling_algorithm": 0.9315178116643794}, "datetime": {"datetime": "2023-11-28 02:44:39", "elapsed": 296.960449, "delta": 2.151284}}
{"target": 0.9035714285714286, "params": {"activation_function": 1.3146419386531156, "amount_of_layers": 2.6044679692870423, "batch_size": 66.14213719064787, "dropout_rate": 0.4110865148021079, "epochs": 101.9441118331268, "hidden_channels": 37.42304487001501, "learning_rate": 0.004335440339966403, "optimizer": 1.9987028440252206, "pooling_algorithm": 0.9476386920885603}, "datetime": {"datetime": "2023-11-28 02:44:41", "elapsed": 299.538323, "delta": 2.577874}}
{"target": 0.7392857142857143, "params": {"activation_function": 0.727675902347785, "amount_of_layers": 6.657906225784407, "batch_size": 96.60488349452994, "dropout_rate": 0.6537274949727117, "epochs": 103.76059132757406, "hidden_channels": 30.485856102482785, "learning_rate": 0.048270330642904626, "optimizer": 0.6451613320004534, "pooling_algorithm": 0.052369855235804286}, "datetime": {"datetime": "2023-11-28 02:44:44", "elapsed": 302.526598, "delta": 2.988275}}
{"target": 0.8464285714285714, "params": {"activation_function": 0.32119313632932234, "amount_of_layers": 2.406661380805014, "batch_size": 21.02634015080383, "dropout_rate": 0.7004146542011673, "epochs": 70.12686002922881, "hidden_channels": 36.74133881864803, "learning_rate": 0.003753866109333304, "optimizer": 1.1313997572135148, "pooling_algorithm": 0.07429432326034824}, "datetime": {"datetime": "2023-11-28 02:44:48", "elapsed": 305.99593, "delta": 3.469332}}
{"target": 0.5, "params": {"activation_function": 0.589396734966896, "amount_of_layers": 3.028263387784821, "batch_size": 24.56956492660717, "dropout_rate": 0.2822240516324008, "epochs": 188.74603965838529, "hidden_channels": 127.20944692144732, "learning_rate": 0.009752663841512733, "optimizer": 1.2238167730524832, "pooling_algorithm": 0.8189449469229312}, "datetime": {"datetime": "2023-11-28 02:44:56", "elapsed": 313.952832, "delta": 7.956902}}
{"target": 0.45, "params": {"activation_function": 1.8437309805269944, "amount_of_layers": 2.9461801048144265, "batch_size": 142.27766006040957, "dropout_rate": 0.481897639625117, "epochs": 116.32040523312567, "hidden_channels": 122.5341004282693, "learning_rate": 0.06890971494074408, "optimizer": 1.5532364518041453, "pooling_algorithm": 0.7688195080819562}, "datetime": {"datetime": "2023-11-28 02:44:58", "elapsed": 316.112562, "delta": 2.15973}}
{"target": 0.8035714285714286, "params": {"activation_function": 1.097844991040509, "amount_of_layers": 1.8023255338044049, "batch_size": 84.34703971102778, "dropout_rate": 0.7122509266955499, "epochs": 33.2636056445198, "hidden_channels": 28.641163421577698, "learning_rate": 0.08400660397100405, "optimizer": 0.05928276230082963, "pooling_algorithm": 0.07389733500950413}, "datetime": {"datetime": "2023-11-28 02:44:58", "elapsed": 316.808453, "delta": 0.695891}}
{"target": 0.0, "params": {"activation_function": 1.4486424000313667, "amount_of_layers": 7.046668396980061, "batch_size": 118.1039382462776, "dropout_rate": 0.4993543151448839, "epochs": 139.65494136351242, "hidden_channels": 38.21803693032273, "learning_rate": 0.07137706021841578, "optimizer": 1.524607121679718, "pooling_algorithm": 0.7758824862123358}, "datetime": {"datetime": "2023-11-28 02:45:02", "elapsed": 320.443246, "delta": 3.634793}}
{"target": 0.8160714285714286, "params": {"activation_function": 0.5879460695916994, "amount_of_layers": 1.034214582743263, "batch_size": 54.57037483004388, "dropout_rate": 0.7471049314923512, "epochs": 40.33696605350512, "hidden_channels": 74.84869347504963, "learning_rate": 0.07458045611985828, "optimizer": 1.1342724228575056, "pooling_algorithm": 0.2803347672411771}, "datetime": {"datetime": "2023-11-28 02:45:03", "elapsed": 321.389521, "delta": 0.946275}}
