{"target": 0.5142857142857142, "params": {"activation_function": 1.3794120140753987, "amount_of_layers": 1.5900458227594507, "batch_size": 34.55677614095593, "dropout_rate": 0.5163429987554352, "epochs": 183.7695444033795, "hidden_channels": 78.67968533364699, "learning_rate": 0.025764392529574288, "optimizer": 1.988881251449706, "pooling_algorithm": 0.8663600057067147}, "datetime": {"datetime": "2023-11-28 08:44:25", "elapsed": 286.293568, "delta": 5.955185}}
{"target": 0.8071428571428572, "params": {"activation_function": 0.2714524220882044, "amount_of_layers": 5.427985113784682, "batch_size": 67.35520417994366, "dropout_rate": 0.3001852225344654, "epochs": 120.16265665508526, "hidden_channels": 97.3342224322775, "learning_rate": 0.02762167225230715, "optimizer": 0.6772890012882304, "pooling_algorithm": 0.32544440807558905}, "datetime": {"datetime": "2023-11-28 08:44:29", "elapsed": 290.245793, "delta": 3.952225}}
{"target": 0.0, "params": {"activation_function": 0.967942329019496, "amount_of_layers": 4.838465315620787, "batch_size": 105.7691996550553, "dropout_rate": 0.6976041777803541, "epochs": 188.23689463236784, "hidden_channels": 119.35405583495633, "learning_rate": 0.08245953539074066, "optimizer": 1.2418010579114824, "pooling_algorithm": 0.7700595080446021}, "datetime": {"datetime": "2023-11-28 08:44:33", "elapsed": 294.654839, "delta": 4.409046}}
{"target": 0.7410714285714286, "params": {"activation_function": 1.9741730543685276, "amount_of_layers": 7.602161345390849, "batch_size": 121.93404141694218, "dropout_rate": 0.5571943198457111, "epochs": 178.77113785995985, "hidden_channels": 49.04117763708738, "learning_rate": 0.018534435114882068, "optimizer": 0.8950265179241836, "pooling_algorithm": 0.33156083795816993}, "datetime": {"datetime": "2023-11-28 08:44:39", "elapsed": 300.06553, "delta": 5.410691}}
{"target": 0.5, "params": {"activation_function": 1.0281163097051453, "amount_of_layers": 4.2872376567272905, "batch_size": 145.14765796497124, "dropout_rate": 0.3762488893559931, "epochs": 92.91464220659034, "hidden_channels": 78.49772624663494, "learning_rate": 0.094943162393515, "optimizer": 0.5174422715682179, "pooling_algorithm": 0.8911333514315464}, "datetime": {"datetime": "2023-11-28 08:44:41", "elapsed": 302.101391, "delta": 2.035861}}
{"target": 0.9071428571428571, "params": {"activation_function": 1.45225624791537, "amount_of_layers": 8.389401309764423, "batch_size": 26.581708368577864, "dropout_rate": 0.5670602942140465, "epochs": 138.10057275712995, "hidden_channels": 101.22673515090855, "learning_rate": 0.04334693457825738, "optimizer": 0.3185460016727151, "pooling_algorithm": 0.5204819185755021}, "datetime": {"datetime": "2023-11-28 08:44:50", "elapsed": 311.939051, "delta": 9.83766}}
{"target": 0.5, "params": {"activation_function": 0.7224482029600718, "amount_of_layers": 2.4226882688794786, "batch_size": 27.88185363781837, "dropout_rate": 0.5013613117224677, "epochs": 42.89734772426668, "hidden_channels": 48.315592451699466, "learning_rate": 0.03557686750288344, "optimizer": 0.7929354476971842, "pooling_algorithm": 0.7707071135245797}, "datetime": {"datetime": "2023-11-28 08:44:52", "elapsed": 313.778562, "delta": 1.839511}}
{"target": 0.8321428571428572, "params": {"activation_function": 1.255190834345538, "amount_of_layers": 1.069150688934287, "batch_size": 125.84656212389498, "dropout_rate": 0.4205967076856281, "epochs": 133.97191492373625, "hidden_channels": 52.35107786456666, "learning_rate": 0.011321955842971281, "optimizer": 0.9435379003418474, "pooling_algorithm": 0.04643487544920877}, "datetime": {"datetime": "2023-11-28 08:44:54", "elapsed": 315.971883, "delta": 2.193321}}
{"target": 0.7410714285714286, "params": {"activation_function": 1.7154545958613194, "amount_of_layers": 5.446826125332294, "batch_size": 129.26100422921215, "dropout_rate": 0.37226041309433067, "epochs": 133.18099826930953, "hidden_channels": 53.09427497370466, "learning_rate": 0.07680085093008525, "optimizer": 1.4487016483536297, "pooling_algorithm": 0.18528777523422169}, "datetime": {"datetime": "2023-11-28 08:44:58", "elapsed": 319.178678, "delta": 3.206795}}
{"target": 0.9178571428571428, "params": {"activation_function": 0.023128087387671765, "amount_of_layers": 1.0618448282462485, "batch_size": 127.66628087555212, "dropout_rate": 0.7488556730262965, "epochs": 135.83532138930835, "hidden_channels": 45.04779291130685, "learning_rate": 0.09655301185900113, "optimizer": 0.05540001539062372, "pooling_algorithm": 0.9967045204720245}, "datetime": {"datetime": "2023-11-28 08:45:00", "elapsed": 321.273378, "delta": 2.0947}}
{"target": 0.5, "params": {"activation_function": 1.622319752869428, "amount_of_layers": 4.020863463699149, "batch_size": 124.36574064494265, "dropout_rate": 0.5664486971571403, "epochs": 147.51192811649142, "hidden_channels": 57.35496325679392, "learning_rate": 0.07624920919071076, "optimizer": 0.816769369003435, "pooling_algorithm": 0.7861282215181935}, "datetime": {"datetime": "2023-11-28 08:45:03", "elapsed": 324.435801, "delta": 3.162423}}
{"target": 0.8571428571428571, "params": {"activation_function": 1.9816258442909471, "amount_of_layers": 3.89313090007773, "batch_size": 64.82293925104068, "dropout_rate": 0.7036327875892456, "epochs": 166.0689403501313, "hidden_channels": 24.064589001768613, "learning_rate": 0.006445327281863192, "optimizer": 1.179616169154981, "pooling_algorithm": 0.019503735646924314}, "datetime": {"datetime": "2023-11-28 08:45:08", "elapsed": 329.307746, "delta": 4.871945}}
{"target": 0.26249999999999996, "params": {"activation_function": 0.9892929835613866, "amount_of_layers": 7.735754759628798, "batch_size": 86.32484493380198, "dropout_rate": 0.4428724196507822, "epochs": 178.1232098390542, "hidden_channels": 58.33865481699205, "learning_rate": 0.06434166610886771, "optimizer": 0.8900303777234972, "pooling_algorithm": 0.18680792144792546}, "datetime": {"datetime": "2023-11-28 08:45:13", "elapsed": 334.595061, "delta": 5.287315}}
{"target": 0.21071428571428574, "params": {"activation_function": 0.10506796695531984, "amount_of_layers": 2.8253743146569157, "batch_size": 49.36686554369882, "dropout_rate": 0.536593338283115, "epochs": 31.711458749784246, "hidden_channels": 23.84397723904997, "learning_rate": 0.04508504527491858, "optimizer": 0.04634956279964486, "pooling_algorithm": 0.029324480142230658}, "datetime": {"datetime": "2023-11-28 08:45:14", "elapsed": 335.751704, "delta": 1.156643}}
{"target": 0.5, "params": {"activation_function": 0.11703356755117356, "amount_of_layers": 7.022600083540973, "batch_size": 129.82999615258194, "dropout_rate": 0.5211713821993859, "epochs": 133.29625852343673, "hidden_channels": 53.33842007611868, "learning_rate": 0.08909108673329383, "optimizer": 1.2809704341710058, "pooling_algorithm": 0.02207371431663996}, "datetime": {"datetime": "2023-11-28 08:45:18", "elapsed": 339.321148, "delta": 3.569444}}
{"target": 0.0, "params": {"activation_function": 1.5596013191539468, "amount_of_layers": 2.2137677746644933, "batch_size": 127.99974084345979, "dropout_rate": 0.5323324426020203, "epochs": 143.11217709348927, "hidden_channels": 52.42179779830105, "learning_rate": 0.06270133812649781, "optimizer": 1.5141170230328758, "pooling_algorithm": 0.5763991079536985}, "datetime": {"datetime": "2023-11-28 08:45:20", "elapsed": 341.70295, "delta": 2.381802}}
{"target": 0.9178571428571429, "params": {"activation_function": 0.12994668829966405, "amount_of_layers": 2.367506702384783, "batch_size": 122.70307030123175, "dropout_rate": 0.47765515801490993, "epochs": 134.8690755343727, "hidden_channels": 43.30468995019004, "learning_rate": 0.09216199406997831, "optimizer": 0.009637193025641588, "pooling_algorithm": 0.7637165047720277}, "datetime": {"datetime": "2023-11-28 08:45:23", "elapsed": 344.03779, "delta": 2.33484}}
{"target": 0.5, "params": {"activation_function": 0.8029321971226104, "amount_of_layers": 3.1780654487538396, "batch_size": 62.77113144395244, "dropout_rate": 0.749228392971233, "epochs": 167.69434339166284, "hidden_channels": 25.426546723928848, "learning_rate": 0.03920101054891639, "optimizer": 1.055210713200655, "pooling_algorithm": 0.9784861667780845}, "datetime": {"datetime": "2023-11-28 08:45:27", "elapsed": 348.38046, "delta": 4.34267}}
{"target": 0.8160714285714287, "params": {"activation_function": 0.5771088368873298, "amount_of_layers": 1.0624981728588718, "batch_size": 64.56459272325378, "dropout_rate": 0.34794042551270016, "epochs": 168.88300771701114, "hidden_channels": 24.85127268103093, "learning_rate": 0.08383878584526507, "optimizer": 0.9385450398870863, "pooling_algorithm": 0.09192347800752498}, "datetime": {"datetime": "2023-11-28 08:45:30", "elapsed": 351.762273, "delta": 3.381813}}
{"target": 0.0, "params": {"activation_function": 0.8472071389545501, "amount_of_layers": 2.975129111603194, "batch_size": 63.4433773222421, "dropout_rate": 0.6565449214829108, "epochs": 166.74053766532447, "hidden_channels": 26.79917585801752, "learning_rate": 0.09917748239951384, "optimizer": 1.5648124853322678, "pooling_algorithm": 0.1443561660346483}, "datetime": {"datetime": "2023-11-28 08:45:35", "elapsed": 356.041424, "delta": 4.279151}}
{"target": 0.5, "params": {"activation_function": 0.9790235093573985, "amount_of_layers": 6.032910134309906, "batch_size": 87.79001597683056, "dropout_rate": 0.6242004802917098, "epochs": 177.68360165513718, "hidden_channels": 60.735070428159, "learning_rate": 0.066741983205514, "optimizer": 1.1401339443739693, "pooling_algorithm": 0.9324131908494065}, "datetime": {"datetime": "2023-11-28 08:45:39", "elapsed": 360.593459, "delta": 4.552035}}
{"target": 0.5, "params": {"activation_function": 1.8676215065711117, "amount_of_layers": 3.3222765822405904, "batch_size": 57.222675213582, "dropout_rate": 0.42621059790470195, "epochs": 42.108478239250395, "hidden_channels": 24.683975384180375, "learning_rate": 0.09153859611592051, "optimizer": 0.6681433582349083, "pooling_algorithm": 0.6580036452451059}, "datetime": {"datetime": "2023-11-28 08:45:40", "elapsed": 361.810014, "delta": 1.216555}}
{"target": 0.0, "params": {"activation_function": 1.1407381324456838, "amount_of_layers": 7.011967767169989, "batch_size": 120.2434109495059, "dropout_rate": 0.5754411956613326, "epochs": 178.47982572472253, "hidden_channels": 47.13730036832612, "learning_rate": 0.07637794248087278, "optimizer": 1.8810053598679215, "pooling_algorithm": 0.21364660603024388}, "datetime": {"datetime": "2023-11-28 08:45:45", "elapsed": 366.592603, "delta": 4.782589}}
{"target": 0.8857142857142857, "params": {"activation_function": 1.9370405026370758, "amount_of_layers": 2.7851678422418082, "batch_size": 127.02166234892219, "dropout_rate": 0.7350952642117897, "epochs": 133.89916996166, "hidden_channels": 53.15850417363032, "learning_rate": 0.01886537405423389, "optimizer": 0.21845787197534716, "pooling_algorithm": 0.5010486366563716}, "datetime": {"datetime": "2023-11-28 08:45:48", "elapsed": 369.274368, "delta": 2.681765}}
