{"target": 0.7339285714285714, "params": {"activation_function": 1.4599343754032326, "amount_of_layers": 5.648747647974137, "batch_size": 34.30075406341821, "dropout_rate": 0.27985363501626426, "epochs": 139.6321612630869, "hidden_channels": 95.56126884674195, "learning_rate": 0.033066006049093565, "optimizer": 0.5076519774992359, "pooling_algorithm": 0.2476877749224865}, "datetime": {"datetime": "2023-11-28 02:11:46", "elapsed": 318.288282, "delta": 7.255261}}
{"target": 0.5, "params": {"activation_function": 0.8911192897723275, "amount_of_layers": 1.1556914832621006, "batch_size": 126.91775426175256, "dropout_rate": 0.6791635459526977, "epochs": 18.213617523949594, "hidden_channels": 99.43206053638482, "learning_rate": 0.046802954488958784, "optimizer": 1.1215434878186792, "pooling_algorithm": 0.8191736287975084}, "datetime": {"datetime": "2023-11-28 02:11:46", "elapsed": 318.676439, "delta": 0.388157}}
{"target": 0.6749999999999999, "params": {"activation_function": 0.25024950176669036, "amount_of_layers": 6.190212718895613, "batch_size": 33.382627014669424, "dropout_rate": 0.7234375692166357, "epochs": 141.2779891151041, "hidden_channels": 95.00109598164374, "learning_rate": 0.0064540666672106145, "optimizer": 1.022823368715967, "pooling_algorithm": 0.18106145821737907}, "datetime": {"datetime": "2023-11-28 02:11:53", "elapsed": 326.14472, "delta": 7.468281}}
{"target": 0.9071428571428571, "params": {"activation_function": 0.2787795956542247, "amount_of_layers": 6.285984232735299, "batch_size": 102.48215696978656, "dropout_rate": 0.4723971221028419, "epochs": 37.05284711323489, "hidden_channels": 117.23840434372006, "learning_rate": 0.03400188142447537, "optimizer": 0.46035823062507064, "pooling_algorithm": 0.5083519913386412}, "datetime": {"datetime": "2023-11-28 02:11:54", "elapsed": 327.168641, "delta": 1.023921}}
{"target": 0.5, "params": {"activation_function": 0.18576543912519772, "amount_of_layers": 8.411401953611824, "batch_size": 137.26586260886472, "dropout_rate": 0.34796051231847785, "epochs": 78.39425008024477, "hidden_channels": 41.99642995815702, "learning_rate": 0.07069120070264841, "optimizer": 1.1640118466278362, "pooling_algorithm": 0.3412192628690619}, "datetime": {"datetime": "2023-11-28 02:11:57", "elapsed": 329.501117, "delta": 2.332476}}
{"target": 0.6678571428571428, "params": {"activation_function": 1.574200605305026, "amount_of_layers": 7.085189123295535, "batch_size": 52.57494194975715, "dropout_rate": 0.35161844628756483, "epochs": 22.269274141028426, "hidden_channels": 31.566716235019257, "learning_rate": 0.04974760570985142, "optimizer": 0.5231653566822572, "pooling_algorithm": 0.718731255605094}, "datetime": {"datetime": "2023-11-28 02:11:58", "elapsed": 330.442045, "delta": 0.940928}}
{"target": 0.5, "params": {"activation_function": 0.8723126504647263, "amount_of_layers": 7.255613652478211, "batch_size": 61.00439878942943, "dropout_rate": 0.41387565910099666, "epochs": 62.97342829363658, "hidden_channels": 113.61293197792803, "learning_rate": 0.0815141314850232, "optimizer": 1.0647168316619713, "pooling_algorithm": 0.9271386945286759}, "datetime": {"datetime": "2023-11-28 02:12:00", "elapsed": 332.885897, "delta": 2.443852}}
{"target": 0.5, "params": {"activation_function": 0.025512435460866456, "amount_of_layers": 5.714086130655191, "batch_size": 57.75039326495474, "dropout_rate": 0.6767144110014207, "epochs": 137.8305685205289, "hidden_channels": 5.812910009845615, "learning_rate": 0.07338425730867429, "optimizer": 1.9412269219656784, "pooling_algorithm": 0.33978179549401666}, "datetime": {"datetime": "2023-11-28 02:12:05", "elapsed": 337.521116, "delta": 4.635219}}
{"target": 0.0, "params": {"activation_function": 0.8703086907392268, "amount_of_layers": 6.442756667950706, "batch_size": 58.41005096013, "dropout_rate": 0.3548259398305169, "epochs": 12.966918510487243, "hidden_channels": 19.214844002897717, "learning_rate": 0.07092364390908487, "optimizer": 1.5737489047110607, "pooling_algorithm": 0.6300606926394384}, "datetime": {"datetime": "2023-11-28 02:12:05", "elapsed": 338.105519, "delta": 0.584403}}
{"target": 0.26071428571428573, "params": {"activation_function": 1.8555881903670293, "amount_of_layers": 7.940566619015337, "batch_size": 110.65885870342258, "dropout_rate": 0.37389274969006947, "epochs": 113.21216154405502, "hidden_channels": 54.222945888752946, "learning_rate": 0.061356889725153026, "optimizer": 1.3945580697326792, "pooling_algorithm": 0.3112443801993662}, "datetime": {"datetime": "2023-11-28 02:12:09", "elapsed": 341.411976, "delta": 3.306457}}
{"target": 0.7375, "params": {"activation_function": 1.2487417300017614, "amount_of_layers": 4.551538836206314, "batch_size": 62.97279333855398, "dropout_rate": 0.692103977248312, "epochs": 57.77047807245784, "hidden_channels": 37.37515223892045, "learning_rate": 0.09145122591721147, "optimizer": 1.205892964728783, "pooling_algorithm": 0.3368709375290051}, "datetime": {"datetime": "2023-11-28 02:12:11", "elapsed": 343.332626, "delta": 1.92065}}
{"target": 0.8321428571428571, "params": {"activation_function": 0.24931400958579641, "amount_of_layers": 1.6894509247843494, "batch_size": 96.23682826299458, "dropout_rate": 0.3069760310325876, "epochs": 96.687761064772, "hidden_channels": 57.133241285868735, "learning_rate": 0.047403410322915604, "optimizer": 0.7228955769349859, "pooling_algorithm": 0.4323508124524926}, "datetime": {"datetime": "2023-11-28 02:12:13", "elapsed": 345.209194, "delta": 1.876568}}
{"target": 0.5, "params": {"activation_function": 1.2714173188958742, "amount_of_layers": 4.3033033728216346, "batch_size": 93.16224447802998, "dropout_rate": 0.3992288158325594, "epochs": 150.4503104756386, "hidden_channels": 29.712978525471517, "learning_rate": 0.0822998958357399, "optimizer": 1.0348309888887024, "pooling_algorithm": 0.5258803752573515}, "datetime": {"datetime": "2023-11-28 02:12:16", "elapsed": 348.330781, "delta": 3.121587}}
{"target": 0.9107142857142858, "params": {"activation_function": 1.9641750884559555, "amount_of_layers": 2.0739898885295, "batch_size": 51.65535855385778, "dropout_rate": 0.3336476595596044, "epochs": 134.00088301148932, "hidden_channels": 97.73486723515116, "learning_rate": 0.09930798291304832, "optimizer": 0.09615447433923374, "pooling_algorithm": 0.8231987183565248}, "datetime": {"datetime": "2023-11-28 02:12:19", "elapsed": 351.237238, "delta": 2.906457}}
{"target": 0.875, "params": {"activation_function": 0.6946923088486612, "amount_of_layers": 5.183007872151319, "batch_size": 21.380741185894877, "dropout_rate": 0.46515360123129906, "epochs": 168.96280388457686, "hidden_channels": 17.42407836640227, "learning_rate": 0.033466126558020164, "optimizer": 0.6640471598682189, "pooling_algorithm": 0.6364229844206434}, "datetime": {"datetime": "2023-11-28 02:12:30", "elapsed": 362.74417, "delta": 11.506932}}
{"target": 0.26964285714285713, "params": {"activation_function": 1.0357408262455348, "amount_of_layers": 8.932875137348397, "batch_size": 142.2212628834191, "dropout_rate": 0.7346346739844634, "epochs": 39.065372142806005, "hidden_channels": 124.44698255784473, "learning_rate": 0.014840389146866102, "optimizer": 1.4000822050565596, "pooling_algorithm": 0.1936942734922289}, "datetime": {"datetime": "2023-11-28 02:12:31", "elapsed": 364.062578, "delta": 1.318408}}
{"target": 0.7714285714285715, "params": {"activation_function": 1.5734890375862371, "amount_of_layers": 8.093864954174894, "batch_size": 132.74573084136085, "dropout_rate": 0.7252077717088108, "epochs": 39.683693105064826, "hidden_channels": 62.33195972904404, "learning_rate": 0.06296513223321047, "optimizer": 0.3112795917939015, "pooling_algorithm": 0.37269690406244615}, "datetime": {"datetime": "2023-11-28 02:12:33", "elapsed": 365.337872, "delta": 1.275294}}
{"target": 0.26249999999999996, "params": {"activation_function": 1.8606787261261908, "amount_of_layers": 8.776039749504406, "batch_size": 127.46995735025551, "dropout_rate": 0.5312899002449942, "epochs": 144.1080920088903, "hidden_channels": 95.22287362456028, "learning_rate": 0.02038703286748912, "optimizer": 1.1498935731691726, "pooling_algorithm": 0.11046856798523685}, "datetime": {"datetime": "2023-11-28 02:12:37", "elapsed": 369.77978, "delta": 4.441908}}
{"target": 0.2642857142857143, "params": {"activation_function": 1.481266212168196, "amount_of_layers": 7.993811155806661, "batch_size": 89.46567173174807, "dropout_rate": 0.3857944666037804, "epochs": 137.99244604479992, "hidden_channels": 13.08828376422812, "learning_rate": 0.03236795649786921, "optimizer": 0.019313030942852194, "pooling_algorithm": 0.10812387087941266}, "datetime": {"datetime": "2023-11-28 02:12:41", "elapsed": 373.845032, "delta": 4.065252}}
{"target": 0.8089285714285714, "params": {"activation_function": 0.6622690243447475, "amount_of_layers": 1.0291558923499897, "batch_size": 79.58684254337868, "dropout_rate": 0.5173310923088057, "epochs": 62.29807318780354, "hidden_channels": 88.21304031006002, "learning_rate": 0.0012186598329299069, "optimizer": 1.7093682187533636, "pooling_algorithm": 0.3562047545317698}, "datetime": {"datetime": "2023-11-28 02:12:42", "elapsed": 374.89005, "delta": 1.045018}}
{"target": 0.0, "params": {"activation_function": 1.0530694588574345, "amount_of_layers": 5.782322730875677, "batch_size": 35.622993509855355, "dropout_rate": 0.5536399808678114, "epochs": 136.60406747546483, "hidden_channels": 95.8825650939938, "learning_rate": 0.06312390708167308, "optimizer": 0.16762615268920622, "pooling_algorithm": 0.02111377240503498}, "datetime": {"datetime": "2023-11-28 02:12:49", "elapsed": 381.746043, "delta": 6.855993}}
{"target": 0.7821428571428571, "params": {"activation_function": 0.003187790737396501, "amount_of_layers": 7.613644401694536, "batch_size": 111.02160671736803, "dropout_rate": 0.7013627796977905, "epochs": 48.75398751876827, "hidden_channels": 37.124863463363596, "learning_rate": 0.020797400576279497, "optimizer": 0.01101311456220011, "pooling_algorithm": 0.192597634783215}, "datetime": {"datetime": "2023-11-28 02:12:51", "elapsed": 383.247437, "delta": 1.501394}}
{"target": 0.9035714285714286, "params": {"activation_function": 0.289568764881059, "amount_of_layers": 8.214679428447475, "batch_size": 56.04074651058791, "dropout_rate": 0.39990073807457843, "epochs": 75.43236341807618, "hidden_channels": 22.306447523791434, "learning_rate": 0.026607725625284087, "optimizer": 0.45489277062062894, "pooling_algorithm": 0.5087034549875454}, "datetime": {"datetime": "2023-11-28 02:12:54", "elapsed": 386.208224, "delta": 2.960787}}
{"target": 0.7446428571428572, "params": {"activation_function": 0.24100027701519955, "amount_of_layers": 7.007562492117875, "batch_size": 27.75889525946341, "dropout_rate": 0.544175847542782, "epochs": 133.3919980442725, "hidden_channels": 28.976190472172068, "learning_rate": 0.08301936402606468, "optimizer": 0.7825248359054293, "pooling_algorithm": 0.10326570007645774}, "datetime": {"datetime": "2023-11-28 02:13:02", "elapsed": 395.037862, "delta": 8.829638}}
{"target": 0.9071428571428571, "params": {"activation_function": 0.7149147588804396, "amount_of_layers": 4.0626184466039374, "batch_size": 139.19720792820357, "dropout_rate": 0.7324674665454817, "epochs": 93.6202650869716, "hidden_channels": 72.38260101623518, "learning_rate": 0.03220569074716765, "optimizer": 0.10203976276886029, "pooling_algorithm": 0.6364541580874674}, "datetime": {"datetime": "2023-11-28 02:13:04", "elapsed": 397.016954, "delta": 1.979092}}
{"target": 0.28750000000000003, "params": {"activation_function": 1.0688146719688296, "amount_of_layers": 1.2982309268400387, "batch_size": 147.07950331239854, "dropout_rate": 0.6653270810534242, "epochs": 72.63606829774699, "hidden_channels": 7.8071691677360935, "learning_rate": 0.02924293901359511, "optimizer": 1.501427137211712, "pooling_algorithm": 0.7641208894678052}, "datetime": {"datetime": "2023-11-28 02:13:05", "elapsed": 398.119146, "delta": 1.102192}}
