{"target": 0.0, "params": {"activation_function": 1.0398304661097164, "amount_of_layers": 1.7940463668099413, "batch_size": 19.120466198011652, "dropout_rate": 0.6107855418105692, "epochs": 129.81638522091754, "hidden_channels": 127.25532263737442, "learning_rate": 0.035428667417019034, "optimizer": 1.9056860042867363, "pooling_algorithm": 0.7867290378228363}, "datetime": {"datetime": "2023-11-28 01:26:57", "elapsed": 351.730776, "delta": 5.986752}}
{"target": 0.7392857142857143, "params": {"activation_function": 1.8302080101402034, "amount_of_layers": 8.055739152789194, "batch_size": 19.18128694186816, "dropout_rate": 0.3061810258694423, "epochs": 111.23824371708233, "hidden_channels": 46.832301802283276, "learning_rate": 0.035611862741815915, "optimizer": 1.1744079420769902, "pooling_algorithm": 0.10873986629166033}, "datetime": {"datetime": "2023-11-28 01:27:07", "elapsed": 362.03293, "delta": 10.302154}}
{"target": 0.8964285714285715, "params": {"activation_function": 1.8287515051180963, "amount_of_layers": 2.1408137608501248, "batch_size": 115.96284792578714, "dropout_rate": 0.4424997892076965, "epochs": 128.04392534517467, "hidden_channels": 39.734239489802334, "learning_rate": 0.018237754400009878, "optimizer": 0.08391843757604245, "pooling_algorithm": 0.7507221297929629}, "datetime": {"datetime": "2023-11-28 01:27:09", "elapsed": 364.185701, "delta": 2.152771}}
{"target": 0.5, "params": {"activation_function": 1.1097272499566724, "amount_of_layers": 4.290791216324667, "batch_size": 68.4125182056634, "dropout_rate": 0.3664450146358688, "epochs": 196.1872728412843, "hidden_channels": 77.1244600082278, "learning_rate": 0.09674618506755096, "optimizer": 1.6381055723182316, "pooling_algorithm": 0.4524516833929103}, "datetime": {"datetime": "2023-11-28 01:27:15", "elapsed": 369.546523, "delta": 5.360822}}
{"target": 0.9035714285714285, "params": {"activation_function": 0.47426560563239817, "amount_of_layers": 7.2639864542799, "batch_size": 144.80329400502532, "dropout_rate": 0.3814700802842915, "epochs": 120.2825371012975, "hidden_channels": 95.53905482521897, "learning_rate": 0.0830673862534401, "optimizer": 0.3053937666056423, "pooling_algorithm": 0.5893349940849122}, "datetime": {"datetime": "2023-11-28 01:27:18", "elapsed": 372.610696, "delta": 3.064173}}
{"target": 0.8214285714285715, "params": {"activation_function": 1.5800303562193372, "amount_of_layers": 5.394501661886781, "batch_size": 106.80678179380486, "dropout_rate": 0.3575369820768694, "epochs": 132.41662266372373, "hidden_channels": 119.07844880228538, "learning_rate": 0.050315347449456045, "optimizer": 0.41295505256947984, "pooling_algorithm": 0.3962580799766249}, "datetime": {"datetime": "2023-11-28 01:27:21", "elapsed": 375.630547, "delta": 3.019851}}
{"target": 0.7571428571428571, "params": {"activation_function": 0.10913834226930264, "amount_of_layers": 3.2489933543116916, "batch_size": 66.23063404495232, "dropout_rate": 0.3987370241877875, "epochs": 197.0550911812361, "hidden_channels": 121.63722930057469, "learning_rate": 0.013167039642478003, "optimizer": 1.1816158642266648, "pooling_algorithm": 0.8180585065052489}, "datetime": {"datetime": "2023-11-28 01:27:26", "elapsed": 380.556422, "delta": 4.925875}}
{"target": 0.0, "params": {"activation_function": 0.2396878937058755, "amount_of_layers": 6.704958954668288, "batch_size": 37.389273790857835, "dropout_rate": 0.4370566721762084, "epochs": 80.09964906803246, "hidden_channels": 83.97803226595741, "learning_rate": 0.055921057444943204, "optimizer": 1.5854001846984567, "pooling_algorithm": 0.373296089238111}, "datetime": {"datetime": "2023-11-28 01:27:30", "elapsed": 385.136921, "delta": 4.580499}}
{"target": 0.8017857142857143, "params": {"activation_function": 0.8537035968844833, "amount_of_layers": 1.3215611598732355, "batch_size": 23.647849414713654, "dropout_rate": 0.3030860824831955, "epochs": 153.79748829909576, "hidden_channels": 27.883597405055802, "learning_rate": 0.07719312504644973, "optimizer": 0.6423858406555079, "pooling_algorithm": 0.3419246475750106}, "datetime": {"datetime": "2023-11-28 01:27:36", "elapsed": 390.749714, "delta": 5.612793}}
{"target": 0.9035714285714286, "params": {"activation_function": 1.4542843459048422, "amount_of_layers": 6.3989548551855036, "batch_size": 117.09193671149997, "dropout_rate": 0.5626724092479767, "epochs": 62.476973727912934, "hidden_channels": 8.974571608078016, "learning_rate": 0.010524789548867444, "optimizer": 1.6802713968830565, "pooling_algorithm": 0.9086212084039826}, "datetime": {"datetime": "2023-11-28 01:27:38", "elapsed": 392.459908, "delta": 1.710194}}
{"target": 0.7928571428571429, "params": {"activation_function": 0.7042327682901541, "amount_of_layers": 1.182605532720002, "batch_size": 22.768276765988993, "dropout_rate": 0.2844097604450739, "epochs": 19.23935584312956, "hidden_channels": 121.5097176985293, "learning_rate": 0.04574411974292364, "optimizer": 1.4184084138878958, "pooling_algorithm": 0.16452784973585666}, "datetime": {"datetime": "2023-11-28 01:27:39", "elapsed": 393.318984, "delta": 0.859076}}
{"target": 0.5, "params": {"activation_function": 0.22256410320285447, "amount_of_layers": 6.078367386323319, "batch_size": 87.03703469194046, "dropout_rate": 0.6911464995487846, "epochs": 196.73637972263168, "hidden_channels": 120.49440142515391, "learning_rate": 0.050947719598139554, "optimizer": 1.6693075227832064, "pooling_algorithm": 0.6298803688194503}, "datetime": {"datetime": "2023-11-28 01:27:43", "elapsed": 398.047338, "delta": 4.728354}}
{"target": 0.9142857142857143, "params": {"activation_function": 1.9759110405133977, "amount_of_layers": 1.3723429625105563, "batch_size": 123.62741422657099, "dropout_rate": 0.44745327626335996, "epochs": 175.9720661118445, "hidden_channels": 77.95268151248142, "learning_rate": 0.01180781954534894, "optimizer": 0.4570716200133291, "pooling_algorithm": 0.7751629850157836}, "datetime": {"datetime": "2023-11-28 01:27:46", "elapsed": 400.577969, "delta": 2.530631}}
{"target": 0.35, "params": {"activation_function": 1.8517687955071966, "amount_of_layers": 6.699637461371277, "batch_size": 58.808984228446974, "dropout_rate": 0.7442331073681667, "epochs": 159.10954469507823, "hidden_channels": 21.545623663002345, "learning_rate": 0.057211001053293194, "optimizer": 1.253281578223798, "pooling_algorithm": 0.8472806343068503}, "datetime": {"datetime": "2023-11-28 01:27:52", "elapsed": 406.412405, "delta": 5.834436}}
{"target": 0.5, "params": {"activation_function": 1.3026438254428025, "amount_of_layers": 8.676937408290875, "batch_size": 19.216975385586714, "dropout_rate": 0.4480466623749726, "epochs": 99.24994045881695, "hidden_channels": 70.18139525529735, "learning_rate": 0.058232936040738585, "optimizer": 1.6748875127009384, "pooling_algorithm": 0.4086607460368219}, "datetime": {"datetime": "2023-11-28 01:28:01", "elapsed": 416.074092, "delta": 9.661687}}
{"target": 0.7339285714285714, "params": {"activation_function": 1.856722750309038, "amount_of_layers": 8.111906553817622, "batch_size": 76.80908877745657, "dropout_rate": 0.2922963212522544, "epochs": 119.91933081089222, "hidden_channels": 24.491304904327727, "learning_rate": 0.07453048187431258, "optimizer": 1.3610400588495917, "pooling_algorithm": 0.019530571663420315}, "datetime": {"datetime": "2023-11-28 01:28:05", "elapsed": 419.612974, "delta": 3.538882}}
{"target": 0.5, "params": {"activation_function": 0.9276262045581589, "amount_of_layers": 4.05545864197676, "batch_size": 48.98779313624958, "dropout_rate": 0.6765838647334268, "epochs": 92.341084946388, "hidden_channels": 46.38613657225605, "learning_rate": 0.09933554743678356, "optimizer": 1.6945343994383828, "pooling_algorithm": 0.025598446288270793}, "datetime": {"datetime": "2023-11-28 01:28:08", "elapsed": 422.87831, "delta": 3.265336}}
{"target": 0.24285714285714285, "params": {"activation_function": 1.4154313699562115, "amount_of_layers": 3.028743509764075, "batch_size": 35.292270684981474, "dropout_rate": 0.6785312395165364, "epochs": 58.127418171537414, "hidden_channels": 28.421153140361497, "learning_rate": 0.05260881175242403, "optimizer": 0.09015486410755114, "pooling_algorithm": 0.18092146968297995}, "datetime": {"datetime": "2023-11-28 01:28:10", "elapsed": 425.140573, "delta": 2.262263}}
{"target": 0.8946428571428571, "params": {"activation_function": 1.9377545021075329, "amount_of_layers": 8.135363424038854, "batch_size": 31.909640853920063, "dropout_rate": 0.7389287745774851, "epochs": 65.08304425874434, "hidden_channels": 73.8112585008473, "learning_rate": 0.01494874577961243, "optimizer": 0.9458636648109338, "pooling_algorithm": 0.8809579086905346}, "datetime": {"datetime": "2023-11-28 01:28:14", "elapsed": 429.266766, "delta": 4.126193}}
{"target": 0.5, "params": {"activation_function": 1.3561783619075214, "amount_of_layers": 6.556448101488676, "batch_size": 30.839787203471914, "dropout_rate": 0.6814852427991647, "epochs": 17.955044694738156, "hidden_channels": 56.97479272327472, "learning_rate": 0.0918887322966076, "optimizer": 0.8091056017245244, "pooling_algorithm": 0.9612359677947258}, "datetime": {"datetime": "2023-11-28 01:28:16", "elapsed": 430.479368, "delta": 1.212602}}
{"target": 0.6535714285714286, "params": {"activation_function": 1.8770378232223568, "amount_of_layers": 6.181129566018014, "batch_size": 74.53996743071752, "dropout_rate": 0.3444522676139887, "epochs": 16.54446170872197, "hidden_channels": 116.87143934285675, "learning_rate": 0.09208012725318844, "optimizer": 0.18194781852328035, "pooling_algorithm": 0.09952665171988573}, "datetime": {"datetime": "2023-11-28 01:28:16", "elapsed": 431.053496, "delta": 0.574128}}
{"target": 0.49642857142857144, "params": {"activation_function": 0.8505710202789127, "amount_of_layers": 7.327556771690402, "batch_size": 16.5543384473319, "dropout_rate": 0.4734527350059549, "epochs": 12.257918937746553, "hidden_channels": 85.89575253273344, "learning_rate": 0.03871611256827818, "optimizer": 1.1347740774686272, "pooling_algorithm": 0.7320221484673626}, "datetime": {"datetime": "2023-11-28 01:28:18", "elapsed": 432.361129, "delta": 1.307633}}
{"target": 0.5, "params": {"activation_function": 0.7228643992335126, "amount_of_layers": 5.487430000677876, "batch_size": 101.0369077972466, "dropout_rate": 0.3374739395219818, "epochs": 83.1628741525015, "hidden_channels": 75.72429417445726, "learning_rate": 0.05954677401904474, "optimizer": 1.6661637442543449, "pooling_algorithm": 0.8350715792653998}, "datetime": {"datetime": "2023-11-28 01:28:20", "elapsed": 434.34318, "delta": 1.982051}}
{"target": 0.2607142857142857, "params": {"activation_function": 0.8325902091751416, "amount_of_layers": 6.6535176074101035, "batch_size": 145.43434377287198, "dropout_rate": 0.2581832525930478, "epochs": 84.45660618515736, "hidden_channels": 67.55213237961266, "learning_rate": 0.029053482940301766, "optimizer": 0.5204858145538838, "pooling_algorithm": 0.21039392765667753}, "datetime": {"datetime": "2023-11-28 01:28:22", "elapsed": 436.689945, "delta": 2.346765}}
