{"target": 0.8142857142857143, "params": {"activation_function": 1.6667856496014903, "amount_of_layers": 3.5874765992276973, "batch_size": 66.89772824189937, "dropout_rate": 0.4032826218506554, "epochs": 117.65539624265276, "hidden_channels": 90.93225963945133, "learning_rate": 0.018566923334689064, "optimizer": 0.7837762830510875, "pooling_algorithm": 0.30277656247786877}, "datetime": {"datetime": "2023-11-28 07:12:10", "elapsed": 0.0, "delta": 0.0}}
{"target": 0.2660714285714286, "params": {"activation_function": 1.4678484242849843, "amount_of_layers": 8.470641018992566, "batch_size": 130.71985798861056, "dropout_rate": 0.45160493911187904, "epochs": 20.48150836689161, "hidden_channels": 14.427625827143522, "learning_rate": 0.09198772520465616, "optimizer": 1.0752054804806026, "pooling_algorithm": 0.46685699311908435}, "datetime": {"datetime": "2023-11-28 07:12:11", "elapsed": 0.647498, "delta": 0.647498}}
{"target": 0.0, "params": {"activation_function": 0.4912361362006832, "amount_of_layers": 4.79126695711492, "batch_size": 106.30903847604297, "dropout_rate": 0.7389722915908586, "epochs": 194.43891643601015, "hidden_channels": 69.4544979229239, "learning_rate": 0.08896590304472121, "optimizer": 1.644639544098947, "pooling_algorithm": 0.7957089577583488}, "datetime": {"datetime": "2023-11-28 07:12:16", "elapsed": 5.165672, "delta": 4.518174}}
{"target": 0.2589285714285714, "params": {"activation_function": 1.1328611545680334, "amount_of_layers": 6.023116963832957, "batch_size": 69.29081951747091, "dropout_rate": 0.5360737630860974, "epochs": 132.96354699496538, "hidden_channels": 26.366154795165507, "learning_rate": 0.046053455838003875, "optimizer": 1.7248480655629403, "pooling_algorithm": 0.45269410996182624}, "datetime": {"datetime": "2023-11-28 07:12:20", "elapsed": 9.764876, "delta": 4.599204}}
{"target": 0.35, "params": {"activation_function": 1.6897707394871313, "amount_of_layers": 1.588138154981947, "batch_size": 148.8378471424418, "dropout_rate": 0.3398353217726535, "epochs": 129.787801856811, "hidden_channels": 26.999366734195036, "learning_rate": 0.028357559018045438, "optimizer": 0.9157429700019282, "pooling_algorithm": 0.7497888843908491}, "datetime": {"datetime": "2023-11-28 07:12:22", "elapsed": 11.907156, "delta": 2.14228}}
{"target": 0.26785714285714285, "params": {"activation_function": 1.4582059423467089, "amount_of_layers": 5.664955278105357, "batch_size": 24.865140912720932, "dropout_rate": 0.29487328087260145, "epochs": 26.46068828852614, "hidden_channels": 97.79419828294786, "learning_rate": 0.03445154767526408, "optimizer": 0.5967566534504674, "pooling_algorithm": 0.3019634684343787}, "datetime": {"datetime": "2023-11-28 07:12:24", "elapsed": 13.680233, "delta": 1.773077}}
{"target": 0.5, "params": {"activation_function": 1.969472801143979, "amount_of_layers": 5.2270291685707555, "batch_size": 75.63589769742245, "dropout_rate": 0.6345255488105557, "epochs": 95.9629374015657, "hidden_channels": 118.05252549733325, "learning_rate": 0.09642110884292038, "optimizer": 1.1289234629463205, "pooling_algorithm": 0.6449057430417858}, "datetime": {"datetime": "2023-11-28 07:12:26", "elapsed": 15.928098, "delta": 2.247865}}
{"target": 0.5, "params": {"activation_function": 0.332998559361505, "amount_of_layers": 2.1351689842067367, "batch_size": 46.4644690333942, "dropout_rate": 0.32702220366639956, "epochs": 132.43394867501746, "hidden_channels": 103.09478580721299, "learning_rate": 0.09292898894503145, "optimizer": 1.8347223597485804, "pooling_algorithm": 0.04788392281218523}, "datetime": {"datetime": "2023-11-28 07:12:30", "elapsed": 19.642515, "delta": 3.714417}}
{"target": 0.0, "params": {"activation_function": 0.761281371146274, "amount_of_layers": 2.0556244282955074, "batch_size": 69.46244205381495, "dropout_rate": 0.5491742386277606, "epochs": 117.47989446234088, "hidden_channels": 84.34823105203716, "learning_rate": 0.09565013180918985, "optimizer": 1.2442675968504913, "pooling_algorithm": 0.7413522880719097}, "datetime": {"datetime": "2023-11-28 07:12:33", "elapsed": 22.319451, "delta": 2.676936}}
{"target": 0.5, "params": {"activation_function": 1.1468584190890658, "amount_of_layers": 6.578661244781522, "batch_size": 129.7747726187162, "dropout_rate": 0.3629572478213876, "epochs": 63.59261571126118, "hidden_channels": 29.983451342439675, "learning_rate": 0.0721173286523631, "optimizer": 1.7338704165971999, "pooling_algorithm": 0.9646681000693245}, "datetime": {"datetime": "2023-11-28 07:12:35", "elapsed": 24.075356, "delta": 1.755905}}
{"target": 0.5, "params": {"activation_function": 1.5551679623488455, "amount_of_layers": 3.6161353933551412, "batch_size": 131.1341275857962, "dropout_rate": 0.290683443309247, "epochs": 19.2924061164368, "hidden_channels": 66.00055755948789, "learning_rate": 0.0930775833473435, "optimizer": 1.9668188918722256, "pooling_algorithm": 0.6718309459137791}, "datetime": {"datetime": "2023-11-28 07:12:35", "elapsed": 24.53157, "delta": 0.456214}}
{"target": 0.7392857142857143, "params": {"activation_function": 0.5212921961041936, "amount_of_layers": 2.958587903781134, "batch_size": 145.79060648070202, "dropout_rate": 0.6699922237124636, "epochs": 148.9739863347065, "hidden_channels": 64.9819907640881, "learning_rate": 0.07618915218530176, "optimizer": 1.3754666819236985, "pooling_algorithm": 0.19886908344949483}, "datetime": {"datetime": "2023-11-28 07:12:38", "elapsed": 27.303872, "delta": 2.772302}}
{"target": 0.9178571428571429, "params": {"activation_function": 0.23521086880954156, "amount_of_layers": 2.309699920654251, "batch_size": 65.94514853958776, "dropout_rate": 0.49387845192718355, "epochs": 123.9186962154588, "hidden_channels": 76.79397262082163, "learning_rate": 0.033697022513182566, "optimizer": 0.0038651326396652586, "pooling_algorithm": 0.7596096734051301}, "datetime": {"datetime": "2023-11-28 07:12:40", "elapsed": 30.030542, "delta": 2.72667}}
{"target": 0.5, "params": {"activation_function": 1.01866944945764, "amount_of_layers": 2.108758918334833, "batch_size": 79.71093530928624, "dropout_rate": 0.5186992316770286, "epochs": 80.72832246871786, "hidden_channels": 120.82283104457115, "learning_rate": 0.03186292930047998, "optimizer": 1.4362892430697582, "pooling_algorithm": 0.6281587415170492}, "datetime": {"datetime": "2023-11-28 07:12:42", "elapsed": 31.502561, "delta": 1.472019}}
{"target": 0.7392857142857143, "params": {"activation_function": 1.1802445007527294, "amount_of_layers": 7.931236132557575, "batch_size": 23.615381195172787, "dropout_rate": 0.4226174504897711, "epochs": 44.79190282619136, "hidden_channels": 20.302655508500692, "learning_rate": 0.039972111992734906, "optimizer": 1.105089208965426, "pooling_algorithm": 0.415831843932292}, "datetime": {"datetime": "2023-11-28 07:12:46", "elapsed": 35.415413, "delta": 3.912852}}
{"target": 0.0, "params": {"activation_function": 0.11979558158422421, "amount_of_layers": 2.480188725289593, "batch_size": 59.6517643345106, "dropout_rate": 0.2874791564028204, "epochs": 121.90015643866414, "hidden_channels": 124.2290331794516, "learning_rate": 0.07212539252443756, "optimizer": 1.59341425608502, "pooling_algorithm": 0.6271573700471569}, "datetime": {"datetime": "2023-11-28 07:12:49", "elapsed": 38.188235, "delta": 2.772822}}
{"target": 0.9214285714285715, "params": {"activation_function": 1.7763181109141506, "amount_of_layers": 1.980455560237691, "batch_size": 133.79711070789764, "dropout_rate": 0.3217911930428522, "epochs": 58.96444589028576, "hidden_channels": 112.19509384005909, "learning_rate": 0.08040103390467573, "optimizer": 0.07979699837617948, "pooling_algorithm": 0.6754604109505751}, "datetime": {"datetime": "2023-11-28 07:12:50", "elapsed": 39.219197, "delta": 1.030962}}
{"target": 0.8214285714285715, "params": {"activation_function": 0.027916043909878896, "amount_of_layers": 3.009760835701588, "batch_size": 36.885222345576345, "dropout_rate": 0.6357611583672602, "epochs": 108.06421178106059, "hidden_channels": 55.34998115402153, "learning_rate": 0.014944217931424787, "optimizer": 0.019306482333477204, "pooling_algorithm": 0.016067824553090415}, "datetime": {"datetime": "2023-11-28 07:12:54", "elapsed": 43.283932, "delta": 4.064735}}
{"target": 0.7678571428571428, "params": {"activation_function": 0.40176829694300076, "amount_of_layers": 2.6692168493915442, "batch_size": 65.58381072689482, "dropout_rate": 0.6285198223482533, "epochs": 166.1187691138422, "hidden_channels": 100.45019822289483, "learning_rate": 0.08659103597355655, "optimizer": 0.7455471522008978, "pooling_algorithm": 0.10294161063139184}, "datetime": {"datetime": "2023-11-28 07:12:58", "elapsed": 47.625585, "delta": 4.341653}}
{"target": 0.6125, "params": {"activation_function": 1.8149427225036068, "amount_of_layers": 2.728284576768395, "batch_size": 115.7112109980316, "dropout_rate": 0.7157449370884591, "epochs": 33.69295524342215, "hidden_channels": 46.725906553731676, "learning_rate": 0.07947148622218568, "optimizer": 1.5528257383574802, "pooling_algorithm": 0.36791006785740954}, "datetime": {"datetime": "2023-11-28 07:12:59", "elapsed": 48.33713, "delta": 0.711545}}
{"target": 0.2321428571428571, "params": {"activation_function": 1.5138436446858508, "amount_of_layers": 5.998263286184183, "batch_size": 72.52001541308721, "dropout_rate": 0.42615732922430866, "epochs": 49.03747101578339, "hidden_channels": 110.34354273148698, "learning_rate": 0.05084445689831244, "optimizer": 0.6126804050749584, "pooling_algorithm": 0.49150464329102117}, "datetime": {"datetime": "2023-11-28 07:13:01", "elapsed": 50.199802, "delta": 1.862672}}
{"target": 0.8178571428571428, "params": {"activation_function": 0.39161685984672756, "amount_of_layers": 2.9644878007336573, "batch_size": 130.60448774016342, "dropout_rate": 0.6671964052624579, "epochs": 118.56244584097439, "hidden_channels": 47.3448894731294, "learning_rate": 0.050405801716474116, "optimizer": 1.1101396579778702, "pooling_algorithm": 0.42923554272801123}, "datetime": {"datetime": "2023-11-28 07:13:03", "elapsed": 52.554542, "delta": 2.35474}}
{"target": 0.26964285714285713, "params": {"activation_function": 1.0528753610866597, "amount_of_layers": 5.77123479695876, "batch_size": 51.522702342217755, "dropout_rate": 0.336978053783896, "epochs": 52.097525899460216, "hidden_channels": 118.44605780594159, "learning_rate": 0.028313975938683386, "optimizer": 0.6657897864482878, "pooling_algorithm": 0.30101044684755063}, "datetime": {"datetime": "2023-11-28 07:13:05", "elapsed": 54.523386, "delta": 1.968844}}
{"target": 0.8196428571428572, "params": {"activation_function": 1.7090473372750423, "amount_of_layers": 1.2773102042494227, "batch_size": 89.03135119390376, "dropout_rate": 0.565849218772531, "epochs": 151.7358437327018, "hidden_channels": 124.97909318697094, "learning_rate": 0.042500195098741915, "optimizer": 1.0892132135427914, "pooling_algorithm": 0.015817773096299614}, "datetime": {"datetime": "2023-11-28 07:13:07", "elapsed": 56.958152, "delta": 2.434766}}
{"target": 0.2678571428571428, "params": {"activation_function": 1.8953476279313957, "amount_of_layers": 3.4490520483150338, "batch_size": 31.411031022612327, "dropout_rate": 0.6540184517206133, "epochs": 123.7983921311736, "hidden_channels": 123.57875056112202, "learning_rate": 0.017029070874441908, "optimizer": 1.5613992766549576, "pooling_algorithm": 0.3898560277370312}, "datetime": {"datetime": "2023-11-28 07:13:12", "elapsed": 61.724154, "delta": 4.766002}}
{"target": 0.5, "params": {"activation_function": 0.7740918964983807, "amount_of_layers": 1.6449621457003767, "batch_size": 119.2666739845854, "dropout_rate": 0.5697123417747783, "epochs": 88.2793513988433, "hidden_channels": 14.812818552837676, "learning_rate": 0.05071464074176791, "optimizer": 1.0964369291888392, "pooling_algorithm": 0.5359031911596975}, "datetime": {"datetime": "2023-11-28 07:13:14", "elapsed": 63.316695, "delta": 1.592541}}
{"target": 0.9035714285714286, "params": {"activation_function": 0.5410359869021444, "amount_of_layers": 2.749406193607723, "batch_size": 104.56371632692176, "dropout_rate": 0.3304527827992343, "epochs": 27.900365801435726, "hidden_channels": 103.12917241753915, "learning_rate": 0.09161783894241284, "optimizer": 0.12638657626649885, "pooling_algorithm": 0.7757496008346673}, "datetime": {"datetime": "2023-11-28 07:13:14", "elapsed": 63.938524, "delta": 0.621829}}
{"target": 0.2839285714285714, "params": {"activation_function": 1.1875318115899458, "amount_of_layers": 1.534552010586279, "batch_size": 116.5299507756302, "dropout_rate": 0.43183549712861585, "epochs": 109.26331832415259, "hidden_channels": 50.350973647952486, "learning_rate": 0.053014652884458814, "optimizer": 1.3500199437494482, "pooling_algorithm": 0.03900766143544576}, "datetime": {"datetime": "2023-11-28 07:13:16", "elapsed": 65.905144, "delta": 1.96662}}
{"target": 0.9035714285714286, "params": {"activation_function": 0.12580834614336633, "amount_of_layers": 2.2875755332608954, "batch_size": 45.95362963833768, "dropout_rate": 0.6102578635495696, "epochs": 22.09438276714652, "hidden_channels": 23.53669789505681, "learning_rate": 0.05761103210325618, "optimizer": 0.9837426398705196, "pooling_algorithm": 0.5762359316801755}, "datetime": {"datetime": "2023-11-28 07:13:17", "elapsed": 66.643869, "delta": 0.738725}}
{"target": 0.8107142857142857, "params": {"activation_function": 0.29336436315655523, "amount_of_layers": 8.862454579872411, "batch_size": 114.06361119416223, "dropout_rate": 0.35244451439813507, "epochs": 99.22831066285768, "hidden_channels": 121.30528426309344, "learning_rate": 0.0018335909225512738, "optimizer": 1.5408284029786785, "pooling_algorithm": 0.07672236530103327}, "datetime": {"datetime": "2023-11-28 07:13:20", "elapsed": 69.829529, "delta": 3.18566}}
{"target": 0.7785714285714286, "params": {"activation_function": 0.4680812060481432, "amount_of_layers": 4.067414105171707, "batch_size": 75.70269663058218, "dropout_rate": 0.5483011689633809, "epochs": 143.97625510011883, "hidden_channels": 41.97058585719937, "learning_rate": 0.018229719522052983, "optimizer": 1.7600123059338468, "pooling_algorithm": 0.24364802314563427}, "datetime": {"datetime": "2023-11-28 07:13:23", "elapsed": 72.887596, "delta": 3.058067}}
{"target": 0.9071428571428571, "params": {"activation_function": 1.7444474227774753, "amount_of_layers": 4.620932311587936, "batch_size": 21.104945647726247, "dropout_rate": 0.35158462453731176, "epochs": 144.0048347538048, "hidden_channels": 25.114235362791586, "learning_rate": 0.01245175001305886, "optimizer": 0.8831589689334862, "pooling_algorithm": 0.6396218103679691}, "datetime": {"datetime": "2023-11-28 07:13:34", "elapsed": 83.364481, "delta": 10.476885}}
{"target": 0.5, "params": {"activation_function": 0.16580186665666385, "amount_of_layers": 5.781976560797415, "batch_size": 59.90919433528528, "dropout_rate": 0.5848802767940541, "epochs": 124.48416631792749, "hidden_channels": 66.20404223241088, "learning_rate": 0.027772173086231648, "optimizer": 0.9010815378460899, "pooling_algorithm": 0.9117688856249218}, "datetime": {"datetime": "2023-11-28 07:13:38", "elapsed": 87.824508, "delta": 4.460027}}
{"target": 0.5, "params": {"activation_function": 1.876817026703865, "amount_of_layers": 5.40354918578856, "batch_size": 46.86367810932435, "dropout_rate": 0.4945222388430767, "epochs": 13.0358430610912, "hidden_channels": 69.47233444761642, "learning_rate": 0.06463844636058294, "optimizer": 1.6904978793142444, "pooling_algorithm": 0.06833673163685738}, "datetime": {"datetime": "2023-11-28 07:13:39", "elapsed": 88.455464, "delta": 0.630956}}
{"target": 0.9053571428571429, "params": {"activation_function": 1.5341087988016093, "amount_of_layers": 5.7500127547419595, "batch_size": 41.43010286532179, "dropout_rate": 0.30007030912620886, "epochs": 94.02456049730404, "hidden_channels": 117.35406935464884, "learning_rate": 0.0022995253861010255, "optimizer": 1.5255197545370507, "pooling_algorithm": 0.5419644904844984}, "datetime": {"datetime": "2023-11-28 07:13:43", "elapsed": 92.637901, "delta": 4.182437}}
{"target": 0.5, "params": {"activation_function": 1.3553003620330852, "amount_of_layers": 7.502728113590605, "batch_size": 112.50101399206238, "dropout_rate": 0.5181851683919514, "epochs": 120.05672635491737, "hidden_channels": 11.124647856015555, "learning_rate": 0.058169660970013526, "optimizer": 1.0789364687969991, "pooling_algorithm": 0.8317088514684323}, "datetime": {"datetime": "2023-11-28 07:13:47", "elapsed": 96.159786, "delta": 3.521885}}
{"target": 0.5, "params": {"activation_function": 1.647555635916285, "amount_of_layers": 2.7234604071213333, "batch_size": 130.45255423893815, "dropout_rate": 0.4875352073564291, "epochs": 119.89682105553665, "hidden_channels": 46.364955887084854, "learning_rate": 0.07115520587235258, "optimizer": 1.4086382450490136, "pooling_algorithm": 0.5288177681245426}, "datetime": {"datetime": "2023-11-28 07:13:49", "elapsed": 98.54297, "delta": 2.383184}}
{"target": 0.55, "params": {"activation_function": 1.2934181894958678, "amount_of_layers": 3.429003321322579, "batch_size": 107.00330898555404, "dropout_rate": 0.36119521633211876, "epochs": 31.451950368550847, "hidden_channels": 86.40816616623849, "learning_rate": 0.014223461358499917, "optimizer": 0.968949296882506, "pooling_algorithm": 0.649661574832023}, "datetime": {"datetime": "2023-11-28 07:13:50", "elapsed": 99.256344, "delta": 0.713374}}
{"target": 0.7375, "params": {"activation_function": 1.121227667868647, "amount_of_layers": 3.061813094235241, "batch_size": 144.2233485612728, "dropout_rate": 0.7059140811334397, "epochs": 43.36272120090377, "hidden_channels": 103.62977250555862, "learning_rate": 0.0347914009511701, "optimizer": 0.7957826506358765, "pooling_algorithm": 0.030236971126326173}, "datetime": {"datetime": "2023-11-28 07:13:51", "elapsed": 100.192451, "delta": 0.936107}}
{"target": 0.7982142857142857, "params": {"activation_function": 1.573444019448984, "amount_of_layers": 4.114849419742033, "batch_size": 140.03813585104962, "dropout_rate": 0.5442880203841869, "epochs": 26.671196819312684, "hidden_channels": 17.611023178011557, "learning_rate": 0.06447522219255496, "optimizer": 1.3031054667104538, "pooling_algorithm": 0.6094695053128368}, "datetime": {"datetime": "2023-11-28 07:13:51", "elapsed": 100.90027, "delta": 0.707819}}
{"target": 0.5, "params": {"activation_function": 0.04435531888358413, "amount_of_layers": 7.557009645636003, "batch_size": 46.1163523012273, "dropout_rate": 0.4554217901592923, "epochs": 175.96987826035095, "hidden_channels": 106.53862533463327, "learning_rate": 0.0589513260070809, "optimizer": 1.1425092996994206, "pooling_algorithm": 0.2598018102433043}, "datetime": {"datetime": "2023-11-28 07:14:01", "elapsed": 110.241917, "delta": 9.341647}}
{"target": 0.5, "params": {"activation_function": 0.27664826772569007, "amount_of_layers": 2.173643085973021, "batch_size": 142.3762417645478, "dropout_rate": 0.2937654799395595, "epochs": 117.74046673661067, "hidden_channels": 77.92942528162678, "learning_rate": 0.0735221505055464, "optimizer": 1.1882672317224179, "pooling_algorithm": 0.5793575773963425}, "datetime": {"datetime": "2023-11-28 07:14:03", "elapsed": 112.328929, "delta": 2.087012}}
{"target": 0.8250000000000001, "params": {"activation_function": 0.32780933413224056, "amount_of_layers": 2.7791255300560245, "batch_size": 86.24344453838935, "dropout_rate": 0.3747707724797416, "epochs": 32.29683698856269, "hidden_channels": 50.55774163191861, "learning_rate": 0.0888104429679835, "optimizer": 0.12000704503823534, "pooling_algorithm": 0.3677332320558081}, "datetime": {"datetime": "2023-11-28 07:14:04", "elapsed": 113.068621, "delta": 0.739692}}
{"target": 0.09285714285714286, "params": {"activation_function": 1.209080058726127, "amount_of_layers": 5.08352178899955, "batch_size": 30.65273778060108, "dropout_rate": 0.5074863100482295, "epochs": 77.39501111856161, "hidden_channels": 16.76007296359989, "learning_rate": 0.013383606344571777, "optimizer": 1.3455264737833246, "pooling_algorithm": 0.6444815937787661}, "datetime": {"datetime": "2023-11-28 07:14:07", "elapsed": 116.916576, "delta": 3.847955}}
{"target": 0.85, "params": {"activation_function": 1.8404992281234644, "amount_of_layers": 5.292375794623007, "batch_size": 20.597156933907726, "dropout_rate": 0.6214639832512716, "epochs": 143.05376904500199, "hidden_channels": 25.58454106321689, "learning_rate": 0.007774876483457083, "optimizer": 1.3999455443432776, "pooling_algorithm": 0.22472689877148444}, "datetime": {"datetime": "2023-11-28 07:14:18", "elapsed": 127.31968, "delta": 10.403104}}
{"target": 0.5, "params": {"activation_function": 0.9984712882488629, "amount_of_layers": 2.159537893849996, "batch_size": 132.00990598148422, "dropout_rate": 0.6201562320556835, "epochs": 59.30877697142306, "hidden_channels": 111.68972250010259, "learning_rate": 0.04967844373404313, "optimizer": 0.6612468736002086, "pooling_algorithm": 0.5526792428659306}, "datetime": {"datetime": "2023-11-28 07:14:19", "elapsed": 128.456073, "delta": 1.136393}}
{"target": 0.3035714285714286, "params": {"activation_function": 0.7566420701734993, "amount_of_layers": 3.1428415207144598, "batch_size": 105.53489968297664, "dropout_rate": 0.27950645032691734, "epochs": 27.962579483938274, "hidden_channels": 101.72725944929002, "learning_rate": 0.062202855233632934, "optimizer": 0.05939966272955233, "pooling_algorithm": 0.20134885635079247}, "datetime": {"datetime": "2023-11-28 07:14:20", "elapsed": 129.113545, "delta": 0.657472}}
