{"target": 0.7214285714285714, "params": {"activation_function": 1.8549973585256654, "amount_of_layers": 4.401379978911769, "batch_size": 99.14316877240657, "dropout_rate": 0.42271171712798145, "epochs": 117.17937016850418, "hidden_channels": 11.015662592240442, "learning_rate": 0.06472929911499241, "optimizer": 0.015434859228608433, "pooling_algorithm": 0.12415887272954884}, "datetime": {"datetime": "2023-11-28 06:00:54", "elapsed": 341.430377, "delta": 2.479232}}
{"target": 0.9125, "params": {"activation_function": 0.0, "amount_of_layers": 1.0, "batch_size": 104.62653297839198, "dropout_rate": 0.25, "epochs": 182.9942815497735, "hidden_channels": 119.54458645797524, "learning_rate": 0.001, "optimizer": 0.0, "pooling_algorithm": 1.0}, "datetime": {"datetime": "2023-11-28 06:00:58", "elapsed": 344.534398, "delta": 3.104021}}
{"target": 0.9035714285714286, "params": {"activation_function": 0.7821455070955479, "amount_of_layers": 1.1740076978003788, "batch_size": 149.7705893695377, "dropout_rate": 0.5147219199387589, "epochs": 116.44117699237377, "hidden_channels": 73.28457585879781, "learning_rate": 0.0253442119794879, "optimizer": 0.4773361322162297, "pooling_algorithm": 0.9210075835451016}, "datetime": {"datetime": "2023-11-28 06:00:59", "elapsed": 345.910684, "delta": 1.376286}}
{"target": 0.6857142857142857, "params": {"activation_function": 1.8916227303494315, "amount_of_layers": 7.212836631902922, "batch_size": 72.15146058660412, "dropout_rate": 0.6653179335790644, "epochs": 147.32808278877567, "hidden_channels": 116.04271656867564, "learning_rate": 0.05029995503322077, "optimizer": 0.2748419079466877, "pooling_algorithm": 0.43976834248918284}, "datetime": {"datetime": "2023-11-28 06:01:04", "elapsed": 351.193185, "delta": 5.282501}}
{"target": 0.5, "params": {"activation_function": 1.5594014045058988, "amount_of_layers": 6.992561096645226, "batch_size": 57.83221891773118, "dropout_rate": 0.5551382067694165, "epochs": 63.72981793361136, "hidden_channels": 90.88322695071857, "learning_rate": 0.0697879316169024, "optimizer": 1.3127956845854556, "pooling_algorithm": 0.5761435611241194}, "datetime": {"datetime": "2023-11-28 06:01:07", "elapsed": 353.660015, "delta": 2.46683}}
{"target": 0.9214285714285715, "params": {"activation_function": 0.0, "amount_of_layers": 1.0, "batch_size": 126.58017353848614, "dropout_rate": 0.75, "epochs": 130.71278330442195, "hidden_channels": 72.791813168377, "learning_rate": 0.1, "optimizer": 0.0, "pooling_algorithm": 1.0}, "datetime": {"datetime": "2023-11-28 06:01:09", "elapsed": 355.952748, "delta": 2.292733}}
{"target": 0.875, "params": {"activation_function": 2.0, "amount_of_layers": 9.0, "batch_size": 122.18782646826956, "dropout_rate": 0.25, "epochs": 132.24744394390186, "hidden_channels": 60.79732666473406, "learning_rate": 0.001, "optimizer": 0.0, "pooling_algorithm": 1.0}, "datetime": {"datetime": "2023-11-28 06:01:13", "elapsed": 360.153539, "delta": 4.200791}}
{"target": 0.9035714285714286, "params": {"activation_function": 0.0, "amount_of_layers": 9.0, "batch_size": 125.80347092388595, "dropout_rate": 0.75, "epochs": 98.18676242631518, "hidden_channels": 94.92021334971632, "learning_rate": 0.1, "optimizer": 0.0, "pooling_algorithm": 1.0}, "datetime": {"datetime": "2023-11-28 06:01:17", "elapsed": 363.523348, "delta": 3.369809}}
{"target": 0.8392857142857143, "params": {"activation_function": 0.0, "amount_of_layers": 9.0, "batch_size": 65.10330102248285, "dropout_rate": 0.28257580987093606, "epochs": 106.60428284600506, "hidden_channels": 29.629022599871213, "learning_rate": 0.08084547910310388, "optimizer": 0.0, "pooling_algorithm": 0.0}, "datetime": {"datetime": "2023-11-28 06:01:21", "elapsed": 368.345089, "delta": 4.821741}}
{"target": 0.275, "params": {"activation_function": 0.5552114764068572, "amount_of_layers": 4.1110955197436665, "batch_size": 44.35901667343305, "dropout_rate": 0.4273545764747334, "epochs": 83.57384581071726, "hidden_channels": 47.164100283690026, "learning_rate": 0.024800758571320136, "optimizer": 0.6810095599546544, "pooling_algorithm": 0.08875650314318217}, "datetime": {"datetime": "2023-11-28 06:01:25", "elapsed": 371.486088, "delta": 3.140999}}
{"target": 0.8982142857142857, "params": {"activation_function": 1.2075533812945376, "amount_of_layers": 8.065553378970169, "batch_size": 44.54528415298892, "dropout_rate": 0.5670372757530522, "epochs": 130.84847824249658, "hidden_channels": 97.81299973280883, "learning_rate": 0.06707873957822326, "optimizer": 0.48247675542429014, "pooling_algorithm": 0.8718937582673095}, "datetime": {"datetime": "2023-11-28 06:01:31", "elapsed": 377.904505, "delta": 6.418417}}
{"target": 0.7392857142857143, "params": {"activation_function": 1.116180341617388, "amount_of_layers": 5.079095314381907, "batch_size": 82.37684177722454, "dropout_rate": 0.7259946444560347, "epochs": 85.85843285357986, "hidden_channels": 43.14245097989525, "learning_rate": 0.02552112671848534, "optimizer": 0.5883871780768519, "pooling_algorithm": 0.3320700256438518}, "datetime": {"datetime": "2023-11-28 06:01:33", "elapsed": 380.006905, "delta": 2.1024}}
{"target": 0.9142857142857143, "params": {"activation_function": 1.6697299100441403, "amount_of_layers": 8.640211547691228, "batch_size": 50.101079939574596, "dropout_rate": 0.644926052264222, "epochs": 119.19421229231779, "hidden_channels": 89.61966002376201, "learning_rate": 0.07392603659074327, "optimizer": 0.1191271065058737, "pooling_algorithm": 1.0}, "datetime": {"datetime": "2023-11-28 06:01:38", "elapsed": 385.260218, "delta": 5.253313}}
{"target": 0.5, "params": {"activation_function": 1.7817311923236776, "amount_of_layers": 7.068614110820617, "batch_size": 125.46071446225201, "dropout_rate": 0.35595511028888044, "epochs": 198.1285515938868, "hidden_channels": 26.704013702378127, "learning_rate": 0.060503970670848534, "optimizer": 0.6072998494692285, "pooling_algorithm": 0.7794902469639492}, "datetime": {"datetime": "2023-11-28 06:01:43", "elapsed": 390.437322, "delta": 5.177104}}
{"target": 0.5, "params": {"activation_function": 0.38069167990321695, "amount_of_layers": 6.056893628807781, "batch_size": 54.7834288862006, "dropout_rate": 0.5938891307254746, "epochs": 124.49875278867427, "hidden_channels": 103.5333748349884, "learning_rate": 0.07544829250857424, "optimizer": 1.551327776070986, "pooling_algorithm": 0.13094407381201645}, "datetime": {"datetime": "2023-11-28 06:01:48", "elapsed": 395.030594, "delta": 4.593272}}
{"target": 0.8196428571428571, "params": {"activation_function": 0.8475389293101041, "amount_of_layers": 1.4784039074434485, "batch_size": 28.943979233330914, "dropout_rate": 0.31844221758861757, "epochs": 24.841371941641206, "hidden_channels": 40.478503528572915, "learning_rate": 0.050112892003383896, "optimizer": 1.0619663533363621, "pooling_algorithm": 0.31148510142350627}, "datetime": {"datetime": "2023-11-28 06:01:49", "elapsed": 396.015795, "delta": 0.985201}}
{"target": 0.9071428571428571, "params": {"activation_function": 2.0, "amount_of_layers": 9.0, "batch_size": 36.804010639118474, "dropout_rate": 0.7218287831436406, "epochs": 121.93315707646968, "hidden_channels": 87.85929777279202, "learning_rate": 0.1, "optimizer": 0.0, "pooling_algorithm": 1.0}, "datetime": {"datetime": "2023-11-28 06:01:57", "elapsed": 404.160426, "delta": 8.144631}}
{"target": 0.3464285714285714, "params": {"activation_function": 0.3842929644086226, "amount_of_layers": 7.947942676077958, "batch_size": 47.94155149750785, "dropout_rate": 0.44542561935971053, "epochs": 126.23934955251693, "hidden_channels": 79.94041183661943, "learning_rate": 0.06957380294812622, "optimizer": 0.2361899245291057, "pooling_algorithm": 0.20522578077137066}, "datetime": {"datetime": "2023-11-28 06:02:04", "elapsed": 410.616182, "delta": 6.455756}}
{"target": 0.26249999999999996, "params": {"activation_function": 0.8826607925917727, "amount_of_layers": 6.165469867936341, "batch_size": 70.84847464008614, "dropout_rate": 0.3392509664102647, "epochs": 169.8379115332857, "hidden_channels": 25.883042956063484, "learning_rate": 0.09830724410677177, "optimizer": 0.6195023236603416, "pooling_algorithm": 0.29340628165080695}, "datetime": {"datetime": "2023-11-28 06:02:09", "elapsed": 416.322083, "delta": 5.705901}}
{"target": 0.8964285714285715, "params": {"activation_function": 2.0, "amount_of_layers": 9.0, "batch_size": 39.599298521148874, "dropout_rate": 0.75, "epochs": 117.08562475148558, "hidden_channels": 98.27430968596575, "learning_rate": 0.001, "optimizer": 0.0, "pooling_algorithm": 1.0}, "datetime": {"datetime": "2023-11-28 06:02:16", "elapsed": 422.878386, "delta": 6.556303}}
{"target": 0.8464285714285714, "params": {"activation_function": 2.0, "amount_of_layers": 9.0, "batch_size": 70.83191015707125, "dropout_rate": 0.75, "epochs": 113.34359328180874, "hidden_channels": 44.931518852006455, "learning_rate": 0.1, "optimizer": 0.0, "pooling_algorithm": 1.0}, "datetime": {"datetime": "2023-11-28 06:02:21", "elapsed": 427.822769, "delta": 4.944383}}
{"target": 0.0, "params": {"activation_function": 2.0, "amount_of_layers": 9.0, "batch_size": 115.92714390264652, "dropout_rate": 0.25, "epochs": 125.84921626868653, "hidden_channels": 75.26769739644459, "learning_rate": 0.1, "optimizer": 0.0, "pooling_algorithm": 1.0}, "datetime": {"datetime": "2023-11-28 06:02:25", "elapsed": 431.940761, "delta": 4.117992}}
{"target": 0.8928571428571428, "params": {"activation_function": 0.6465741992675818, "amount_of_layers": 2.0005724164495806, "batch_size": 128.34788498995113, "dropout_rate": 0.3414842163267793, "epochs": 130.02195137219383, "hidden_channels": 55.1655437895993, "learning_rate": 0.011620434673421918, "optimizer": 0.5624027678997889, "pooling_algorithm": 0.779680732605448}, "datetime": {"datetime": "2023-11-28 06:02:28", "elapsed": 434.554623, "delta": 2.613862}}
