{"target": 0.7785714285714286, "params": {"activation_function": 0.03186902637998923, "amount_of_layers": 4.964976079902362, "batch_size": 89.59671296999156, "dropout_rate": 0.489280868279347, "epochs": 35.313535902245505, "hidden_channels": 115.50908803624175, "learning_rate": 0.014563199011106209, "optimizer": 0.21049606302758161, "pooling_algorithm": 0.2840580313505091}, "datetime": {"datetime": "2023-11-28 06:04:18", "elapsed": 107.346753, "delta": 0.900037}}
{"target": 0.7392857142857143, "params": {"activation_function": 0.9974535729541982, "amount_of_layers": 7.382219795506072, "batch_size": 76.5525671248831, "dropout_rate": 0.3082114488583096, "epochs": 67.70934198436595, "hidden_channels": 17.77397859802248, "learning_rate": 0.03171784906767868, "optimizer": 0.5192783357770145, "pooling_algorithm": 0.07819464346925398}, "datetime": {"datetime": "2023-11-28 06:04:19", "elapsed": 109.280795, "delta": 1.934042}}
{"target": 0.26249999999999996, "params": {"activation_function": 1.1159728492178145, "amount_of_layers": 2.6233141206370236, "batch_size": 91.7970132394447, "dropout_rate": 0.3696414344448057, "epochs": 34.16364969725893, "hidden_channels": 112.72138431421871, "learning_rate": 0.055251352476160184, "optimizer": 0.6426128759521963, "pooling_algorithm": 0.29934595094475525}, "datetime": {"datetime": "2023-11-28 06:04:20", "elapsed": 110.004115, "delta": 0.72332}}
{"target": 0.7285714285714286, "params": {"activation_function": 1.9405041734837225, "amount_of_layers": 6.092331256696992, "batch_size": 46.16086147037008, "dropout_rate": 0.3956220002063252, "epochs": 124.97241314785488, "hidden_channels": 69.42196215454315, "learning_rate": 0.0858439544715859, "optimizer": 1.4041979366371733, "pooling_algorithm": 0.44385313282473804}, "datetime": {"datetime": "2023-11-28 06:04:26", "elapsed": 115.39544, "delta": 5.391325}}
{"target": 0.65, "params": {"activation_function": 1.6344944282070788, "amount_of_layers": 2.041968775807523, "batch_size": 90.42125279252893, "dropout_rate": 0.41119583418328315, "epochs": 36.1955402992933, "hidden_channels": 113.95267177139296, "learning_rate": 0.018310313110233508, "optimizer": 1.1560256457473583, "pooling_algorithm": 0.8133864872760385}, "datetime": {"datetime": "2023-11-28 06:04:26", "elapsed": 116.099928, "delta": 0.704488}}
{"target": 0.7892857142857144, "params": {"activation_function": 0.43796012569238196, "amount_of_layers": 1.5588548671386073, "batch_size": 99.82895149617084, "dropout_rate": 0.3572581638271524, "epochs": 97.64242597494327, "hidden_channels": 38.74223322715473, "learning_rate": 0.008286990534661542, "optimizer": 0.9961809574368059, "pooling_algorithm": 0.330943595728981}, "datetime": {"datetime": "2023-11-28 06:04:28", "elapsed": 117.831721, "delta": 1.731793}}
{"target": 0.7857142857142857, "params": {"activation_function": 1.5538437001582508, "amount_of_layers": 7.667816908800069, "batch_size": 99.59701790961144, "dropout_rate": 0.7079562200754663, "epochs": 97.72058354085328, "hidden_channels": 77.1795094655789, "learning_rate": 0.043848459106577004, "optimizer": 0.18483616126604852, "pooling_algorithm": 0.45509830631719617}, "datetime": {"datetime": "2023-11-28 06:04:31", "elapsed": 120.591337, "delta": 2.759616}}
{"target": 0.8232142857142857, "params": {"activation_function": 0.5025297722923026, "amount_of_layers": 1.228076009545184, "batch_size": 99.17762037935289, "dropout_rate": 0.25987247617028836, "epochs": 96.93269194547821, "hidden_channels": 42.12359488935669, "learning_rate": 0.038954322159601366, "optimizer": 1.0680717993320274, "pooling_algorithm": 0.0678051247157917}, "datetime": {"datetime": "2023-11-28 06:04:32", "elapsed": 122.123655, "delta": 1.532318}}
{"target": 0.8750000000000001, "params": {"activation_function": 1.7648823441456125, "amount_of_layers": 5.489475037964115, "batch_size": 78.72447414362657, "dropout_rate": 0.650170000421934, "epochs": 65.55049139140891, "hidden_channels": 16.17454323513179, "learning_rate": 0.03362026421793356, "optimizer": 0.1825481156389388, "pooling_algorithm": 0.7738637860471566}, "datetime": {"datetime": "2023-11-28 06:04:34", "elapsed": 123.632183, "delta": 1.508528}}
{"target": 0.7392857142857143, "params": {"activation_function": 0.6721039138080873, "amount_of_layers": 5.775987817640847, "batch_size": 79.01993312266038, "dropout_rate": 0.632935344886018, "epochs": 66.27930170122899, "hidden_channels": 18.9520798360532, "learning_rate": 0.07083247492110697, "optimizer": 1.5048577419544713, "pooling_algorithm": 0.4319953327522249}, "datetime": {"datetime": "2023-11-28 06:04:35", "elapsed": 125.313154, "delta": 1.680971}}
{"target": 0.16785714285714287, "params": {"activation_function": 1.3175024925383592, "amount_of_layers": 1.9386325656737178, "batch_size": 86.81209906425102, "dropout_rate": 0.4574307909237176, "epochs": 34.963798799405005, "hidden_channels": 112.73466008190113, "learning_rate": 0.0800425428858828, "optimizer": 1.1105082642334678, "pooling_algorithm": 0.27672453245845907}, "datetime": {"datetime": "2023-11-28 06:04:36", "elapsed": 125.993751, "delta": 0.680597}}
{"target": 0.7392857142857143, "params": {"activation_function": 0.16085255078581673, "amount_of_layers": 8.865163028212553, "batch_size": 80.48816401991726, "dropout_rate": 0.6580226503070299, "epochs": 67.8131543454827, "hidden_channels": 12.214907721216582, "learning_rate": 0.0932535907367346, "optimizer": 1.487737803859989, "pooling_algorithm": 0.01934440520517411}, "datetime": {"datetime": "2023-11-28 06:04:38", "elapsed": 128.122245, "delta": 2.128494}}
{"target": 0.9071428571428573, "params": {"activation_function": 0.09741086756073014, "amount_of_layers": 4.834721378198107, "batch_size": 98.13147895529787, "dropout_rate": 0.6752574160906812, "epochs": 144.64200006480706, "hidden_channels": 51.666309174121444, "learning_rate": 0.04281479266957934, "optimizer": 0.09818125800767286, "pooling_algorithm": 0.8825914058244961}, "datetime": {"datetime": "2023-11-28 06:04:41", "elapsed": 131.316784, "delta": 3.194539}}
{"target": 0.5, "params": {"activation_function": 1.275110517696184, "amount_of_layers": 3.2339516591144157, "batch_size": 89.44170741420164, "dropout_rate": 0.41054297711468285, "epochs": 35.3297676531404, "hidden_channels": 118.76805588789759, "learning_rate": 0.07267103212261038, "optimizer": 1.4485707996304167, "pooling_algorithm": 0.8759732824443457}, "datetime": {"datetime": "2023-11-28 06:04:42", "elapsed": 132.083197, "delta": 0.766413}}
{"target": 0.7339285714285714, "params": {"activation_function": 1.7007049092039324, "amount_of_layers": 4.556935727687522, "batch_size": 78.52548277707753, "dropout_rate": 0.5200048694666867, "epochs": 63.57620420215307, "hidden_channels": 17.568919145232343, "learning_rate": 0.06757537778710469, "optimizer": 1.3762198863284036, "pooling_algorithm": 0.3973363200760881}, "datetime": {"datetime": "2023-11-28 06:04:44", "elapsed": 133.599986, "delta": 1.516789}}
{"target": 0.5, "params": {"activation_function": 0.19398366427226726, "amount_of_layers": 4.187068514635248, "batch_size": 134.24247124553332, "dropout_rate": 0.2681477731919882, "epochs": 32.810611275006885, "hidden_channels": 38.72471541318856, "learning_rate": 0.012500157148687836, "optimizer": 1.6345078440216394, "pooling_algorithm": 1.0}, "datetime": {"datetime": "2023-11-28 06:04:45", "elapsed": 134.386327, "delta": 0.786341}}
{"target": 0.8178571428571428, "params": {"activation_function": 0.003096136298691876, "amount_of_layers": 6.317546068164741, "batch_size": 77.07383094422673, "dropout_rate": 0.5319237872638011, "epochs": 64.90550932259313, "hidden_channels": 15.897592886598563, "learning_rate": 0.033460443134919075, "optimizer": 0.6784533780764688, "pooling_algorithm": 0.3827005560423298}, "datetime": {"datetime": "2023-11-28 06:04:46", "elapsed": 136.045398, "delta": 1.659071}}
{"target": 0.8178571428571428, "params": {"activation_function": 1.6708732429477355, "amount_of_layers": 6.354211189748264, "batch_size": 96.27468579789353, "dropout_rate": 0.3821392981375543, "epochs": 145.08328677570114, "hidden_channels": 51.813689732546266, "learning_rate": 0.013859505812440758, "optimizer": 0.008008992655469838, "pooling_algorithm": 0.27800000672505065}, "datetime": {"datetime": "2023-11-28 06:04:50", "elapsed": 139.530414, "delta": 3.485016}}
{"target": 0.5, "params": {"activation_function": 1.4031833317687668, "amount_of_layers": 3.2876224210248584, "batch_size": 95.8811733145488, "dropout_rate": 0.6226780256132431, "epochs": 146.01327605683082, "hidden_channels": 51.14570291805114, "learning_rate": 0.029665690719669256, "optimizer": 0.6027189848170251, "pooling_algorithm": 0.6057621900526864}, "datetime": {"datetime": "2023-11-28 06:04:53", "elapsed": 142.324574, "delta": 2.79416}}
{"target": 0.75, "params": {"activation_function": 1.6623592408665633, "amount_of_layers": 4.487423028276442, "batch_size": 99.02929454256187, "dropout_rate": 0.5323294656378714, "epochs": 95.56382987456614, "hidden_channels": 41.014510101651915, "learning_rate": 0.049350491166983444, "optimizer": 0.005723019896824111, "pooling_algorithm": 0.4288009617943377}, "datetime": {"datetime": "2023-11-28 06:04:55", "elapsed": 144.419742, "delta": 2.095168}}
{"target": 0.9, "params": {"activation_function": 0.8789711372672868, "amount_of_layers": 7.597420862595792, "batch_size": 79.41293727359522, "dropout_rate": 0.505836384122204, "epochs": 66.97784830640032, "hidden_channels": 15.929276296245552, "learning_rate": 0.0021018519883343775, "optimizer": 0.6794138533901244, "pooling_algorithm": 0.8314922565850063}, "datetime": {"datetime": "2023-11-28 06:04:56", "elapsed": 146.312294, "delta": 1.892552}}
{"target": 0.8107142857142857, "params": {"activation_function": 0.2629432215406924, "amount_of_layers": 6.7051915630926455, "batch_size": 79.53273326403546, "dropout_rate": 0.4797710651631361, "epochs": 66.51991852458593, "hidden_channels": 15.59979075647377, "learning_rate": 0.07654148951340309, "optimizer": 1.3691535107768213, "pooling_algorithm": 0.37913925514541447}, "datetime": {"datetime": "2023-11-28 06:04:58", "elapsed": 148.11453, "delta": 1.802236}}
{"target": 0.2589285714285714, "params": {"activation_function": 1.1177992787510218, "amount_of_layers": 6.959481444489967, "batch_size": 77.16256981630048, "dropout_rate": 0.6683857808909919, "epochs": 64.3775170217329, "hidden_channels": 18.009627342893562, "learning_rate": 0.09021452877026603, "optimizer": 0.8604587243870556, "pooling_algorithm": 0.21522501516379944}, "datetime": {"datetime": "2023-11-28 06:05:00", "elapsed": 149.867576, "delta": 1.753046}}
{"target": 0.9142857142857144, "params": {"activation_function": 0.27854662130238683, "amount_of_layers": 1.702577833582973, "batch_size": 99.321013165861, "dropout_rate": 0.7119397616447553, "epochs": 143.37974889918164, "hidden_channels": 53.1015645739002, "learning_rate": 0.00898861141756082, "optimizer": 0.22777399845284707, "pooling_algorithm": 0.6086493801916928}, "datetime": {"datetime": "2023-11-28 06:05:02", "elapsed": 152.225893, "delta": 2.358317}}
{"target": 0.9071428571428573, "params": {"activation_function": 0.38956785861103094, "amount_of_layers": 5.784004719942624, "batch_size": 100.47321964578286, "dropout_rate": 0.285413176367962, "epochs": 144.33179998220052, "hidden_channels": 53.22631065043513, "learning_rate": 0.0929260482107573, "optimizer": 0.24116909808031872, "pooling_algorithm": 0.8280784879188715}, "datetime": {"datetime": "2023-11-28 06:05:06", "elapsed": 155.58359, "delta": 3.357697}}
{"target": 0.5, "params": {"activation_function": 0.11948025445523136, "amount_of_layers": 4.908223664012849, "batch_size": 100.65765834781354, "dropout_rate": 0.4291596405057227, "epochs": 145.5941686907575, "hidden_channels": 54.31922773228184, "learning_rate": 0.08939388950337243, "optimizer": 0.7197089961033716, "pooling_algorithm": 0.21827282572127482}, "datetime": {"datetime": "2023-11-28 06:05:09", "elapsed": 159.088031, "delta": 3.504441}}
{"target": 0.7392857142857143, "params": {"activation_function": 1.2937180130027504, "amount_of_layers": 2.9090891053129493, "batch_size": 88.9114143733527, "dropout_rate": 0.28803753346089117, "epochs": 37.76430555759093, "hidden_channels": 114.47612531245043, "learning_rate": 0.029397344875067392, "optimizer": 0.4860794731913707, "pooling_algorithm": 0.33564411077707534}, "datetime": {"datetime": "2023-11-28 06:05:10", "elapsed": 159.88466, "delta": 0.796629}}
{"target": 0.25357142857142856, "params": {"activation_function": 1.8290136730283, "amount_of_layers": 6.2834967587976065, "batch_size": 81.11123299321595, "dropout_rate": 0.7463017703727348, "epochs": 68.61850840900627, "hidden_channels": 16.305938162185548, "learning_rate": 0.08489719803480467, "optimizer": 0.8993645116037015, "pooling_algorithm": 0.6514407338528087}, "datetime": {"datetime": "2023-11-28 06:05:12", "elapsed": 161.604803, "delta": 1.720143}}
{"target": 0.2642857142857143, "params": {"activation_function": 0.7362583667224103, "amount_of_layers": 4.581834930145299, "batch_size": 102.7748756433241, "dropout_rate": 0.7352238360424832, "epochs": 96.05834323881706, "hidden_channels": 41.38878679132536, "learning_rate": 0.0013797600640350653, "optimizer": 0.16276132320294634, "pooling_algorithm": 0.11144372199916608}, "datetime": {"datetime": "2023-11-28 06:05:14", "elapsed": 163.812758, "delta": 2.207955}}
{"target": 0.0, "params": {"activation_function": 0.0785488128572771, "amount_of_layers": 5.83107078350358, "batch_size": 78.51236946572985, "dropout_rate": 0.5772603134691788, "epochs": 64.76360705404001, "hidden_channels": 13.693595578472225, "learning_rate": 0.07358998842231575, "optimizer": 1.6986532898087054, "pooling_algorithm": 0.6596114731217039}, "datetime": {"datetime": "2023-11-28 06:05:16", "elapsed": 165.461794, "delta": 1.649036}}
{"target": 0.7357142857142857, "params": {"activation_function": 1.3086861518600272, "amount_of_layers": 7.70023516315949, "batch_size": 81.16537457855401, "dropout_rate": 0.42118450749254555, "epochs": 67.21146446771363, "hidden_channels": 13.737009804064769, "learning_rate": 0.09144810223457818, "optimizer": 0.8136001006271987, "pooling_algorithm": 0.3787933110842131}, "datetime": {"datetime": "2023-11-28 06:05:18", "elapsed": 167.436312, "delta": 1.974518}}
{"target": 0.5, "params": {"activation_function": 1.4267610886497537, "amount_of_layers": 4.586682503968768, "batch_size": 99.16211262472787, "dropout_rate": 0.7436006610290993, "epochs": 147.19639527832425, "hidden_channels": 49.84710985896936, "learning_rate": 0.07708045681282587, "optimizer": 0.7467103584818644, "pooling_algorithm": 0.5558683332097015}, "datetime": {"datetime": "2023-11-28 06:05:21", "elapsed": 170.778689, "delta": 3.342377}}
{"target": 0.9178571428571429, "params": {"activation_function": 0.4801156151806534, "amount_of_layers": 8.461808280774033, "batch_size": 76.23676501323578, "dropout_rate": 0.494714554929158, "epochs": 68.03421927265444, "hidden_channels": 16.76218472108706, "learning_rate": 0.025438872924922418, "optimizer": 1.3549411649129948, "pooling_algorithm": 0.7137210253471141}, "datetime": {"datetime": "2023-11-28 06:05:23", "elapsed": 172.792405, "delta": 2.013716}}
{"target": 0.8142857142857143, "params": {"activation_function": 1.9042018053490375, "amount_of_layers": 1.9753080044427822, "batch_size": 98.09082357868878, "dropout_rate": 0.6512706842591999, "epochs": 141.80459337275718, "hidden_channels": 52.75030747348911, "learning_rate": 0.022335946882295826, "optimizer": 1.3241544205679847, "pooling_algorithm": 0.5875641196241613}, "datetime": {"datetime": "2023-11-28 06:05:25", "elapsed": 175.083035, "delta": 2.29063}}
{"target": 0.9035714285714286, "params": {"activation_function": 1.1021018924804682, "amount_of_layers": 4.239231042424522, "batch_size": 100.53141699784342, "dropout_rate": 0.42450079047859074, "epochs": 144.79495497437782, "hidden_channels": 52.123588090747674, "learning_rate": 0.05030483496177579, "optimizer": 0.3978330837942079, "pooling_algorithm": 0.754536967187915}, "datetime": {"datetime": "2023-11-28 06:05:28", "elapsed": 178.025407, "delta": 2.942372}}
{"target": 0.7392857142857143, "params": {"activation_function": 0.7932548761991245, "amount_of_layers": 3.846107925868507, "batch_size": 101.95601383723118, "dropout_rate": 0.4294341690420005, "epochs": 143.7133857277075, "hidden_channels": 52.49635799808293, "learning_rate": 0.04090980278480521, "optimizer": 0.7044479387410032, "pooling_algorithm": 0.3577330429363019}, "datetime": {"datetime": "2023-11-28 06:05:31", "elapsed": 180.958015, "delta": 2.932608}}
{"target": 0.5, "params": {"activation_function": 0.5915646832937043, "amount_of_layers": 3.538288216971866, "batch_size": 99.38171140771226, "dropout_rate": 0.3672728713674854, "epochs": 141.13583288845612, "hidden_channels": 54.46569935851601, "learning_rate": 0.09694151161834146, "optimizer": 1.9554852032699874, "pooling_algorithm": 0.4119938520778105}, "datetime": {"datetime": "2023-11-28 06:05:34", "elapsed": 183.814846, "delta": 2.856831}}
{"target": 0.5, "params": {"activation_function": 1.6873200700643316, "amount_of_layers": 5.411068136196901, "batch_size": 100.40593776825139, "dropout_rate": 0.32520400425281426, "epochs": 143.71514578073106, "hidden_channels": 52.587790802363415, "learning_rate": 0.050246999927768085, "optimizer": 1.4719127390442657, "pooling_algorithm": 0.8262575868163485}, "datetime": {"datetime": "2023-11-28 06:05:37", "elapsed": 186.917294, "delta": 3.102448}}
{"target": 0.26249999999999996, "params": {"activation_function": 1.2105986325275473, "amount_of_layers": 2.8976238145853657, "batch_size": 97.47021905674552, "dropout_rate": 0.5468844233663945, "epochs": 95.64723233312827, "hidden_channels": 38.82441914836681, "learning_rate": 0.08326523862946021, "optimizer": 0.8065978916084202, "pooling_algorithm": 0.07346402415807574}, "datetime": {"datetime": "2023-11-28 06:05:39", "elapsed": 188.823547, "delta": 1.906253}}
{"target": 0.9142857142857144, "params": {"activation_function": 1.682364230757563, "amount_of_layers": 2.0544379321410586, "batch_size": 98.29854537467749, "dropout_rate": 0.6473560217049821, "epochs": 97.64847837635517, "hidden_channels": 42.78657629067649, "learning_rate": 0.01900030680427803, "optimizer": 0.408378822373491, "pooling_algorithm": 0.8402364001203395}, "datetime": {"datetime": "2023-11-28 06:05:41", "elapsed": 190.469754, "delta": 1.646207}}
{"target": 0.825, "params": {"activation_function": 0.018057033380797005, "amount_of_layers": 2.4873743002654045, "batch_size": 100.6803990156885, "dropout_rate": 0.2505652807539877, "epochs": 97.12821213935243, "hidden_channels": 41.36470101425175, "learning_rate": 0.017643886198214363, "optimizer": 0.7682968928044969, "pooling_algorithm": 0.9394178364186161}, "datetime": {"datetime": "2023-11-28 06:05:42", "elapsed": 192.101738, "delta": 1.631984}}
{"target": 0.5, "params": {"activation_function": 0.5095564750623733, "amount_of_layers": 3.758229940063609, "batch_size": 97.61505196660042, "dropout_rate": 0.3110033572859102, "epochs": 145.186104786405, "hidden_channels": 53.21709945589864, "learning_rate": 0.01642073676540999, "optimizer": 0.8799929309850834, "pooling_algorithm": 0.9754020582361363}, "datetime": {"datetime": "2023-11-28 06:05:45", "elapsed": 195.113763, "delta": 3.012025}}
{"target": 0.9035714285714287, "params": {"activation_function": 1.1767353100666156, "amount_of_layers": 2.4160956581267805, "batch_size": 99.25566114829238, "dropout_rate": 0.25, "epochs": 97.07707051094813, "hidden_channels": 41.86971316663416, "learning_rate": 0.0021759608246675593, "optimizer": 0.02683438489797197, "pooling_algorithm": 1.0}, "datetime": {"datetime": "2023-11-28 06:05:47", "elapsed": 196.886887, "delta": 1.773124}}
{"target": 0.9178571428571428, "params": {"activation_function": 0.20268700704185716, "amount_of_layers": 1.0063506355773928, "batch_size": 100.97540423433155, "dropout_rate": 0.4173121084633936, "epochs": 99.17627901416256, "hidden_channels": 37.83605992829597, "learning_rate": 0.07017223195738592, "optimizer": 0.3577615696334753, "pooling_algorithm": 0.7599851167447529}, "datetime": {"datetime": "2023-11-28 06:05:49", "elapsed": 198.379052, "delta": 1.492165}}
{"target": 0.2589285714285714, "params": {"activation_function": 1.6397807640457132, "amount_of_layers": 7.77082785963102, "batch_size": 100.98051241311845, "dropout_rate": 0.2561932878539831, "epochs": 99.8523735874517, "hidden_channels": 76.67077974972264, "learning_rate": 0.007540785274793261, "optimizer": 0.8081165633394247, "pooling_algorithm": 0.34515684913619027}, "datetime": {"datetime": "2023-11-28 06:05:52", "elapsed": 201.360174, "delta": 2.981122}}
{"target": 0.5, "params": {"activation_function": 0.15066513306763363, "amount_of_layers": 1.5084519459610766, "batch_size": 85.85822397410956, "dropout_rate": 0.36886701745493755, "epochs": 39.462327220796844, "hidden_channels": 118.15815848893341, "learning_rate": 0.013971362294357852, "optimizer": 1.9694750530583596, "pooling_algorithm": 0.6739697645082747}, "datetime": {"datetime": "2023-11-28 06:05:52", "elapsed": 202.11483, "delta": 0.754656}}
{"target": 0.9071428571428571, "params": {"activation_function": 0.660890592065807, "amount_of_layers": 2.292040934207262, "batch_size": 97.11746509637902, "dropout_rate": 0.4670476699683821, "epochs": 96.67122289025166, "hidden_channels": 43.46364842301341, "learning_rate": 0.006915143668850832, "optimizer": 1.2025409971380612, "pooling_algorithm": 0.6720318667732184}, "datetime": {"datetime": "2023-11-28 06:05:54", "elapsed": 203.721586, "delta": 1.606756}}
