{"target": 0.5, "params": {"activation_function": 0.18651495910511606, "amount_of_layers": 6.6737202665369, "batch_size": 85.98128737910814, "dropout_rate": 0.5413662556322183, "epochs": 125.21672668222114, "hidden_channels": 99.24139315348843, "learning_rate": 0.04225306815832883, "optimizer": 1.3456574987168375, "pooling_algorithm": 0.07845846590173589}, "datetime": {"datetime": "2023-11-28 08:39:39", "elapsed": 0.0, "delta": 0.0}}
{"target": 0.5, "params": {"activation_function": 0.9812540323431076, "amount_of_layers": 4.4338493265582875, "batch_size": 38.51246934203666, "dropout_rate": 0.7442526283530696, "epochs": 57.53726684803573, "hidden_channels": 56.11640101530159, "learning_rate": 0.07974794870555145, "optimizer": 1.355335096269069, "pooling_algorithm": 0.6694903111769235}, "datetime": {"datetime": "2023-11-28 08:39:41", "elapsed": 2.212076, "delta": 2.212076}}
{"target": 0.65, "params": {"activation_function": 1.541829572999986, "amount_of_layers": 8.944932883426521, "batch_size": 97.73298130739151, "dropout_rate": 0.6916057854502404, "epochs": 133.63854617336875, "hidden_channels": 47.00521467805741, "learning_rate": 0.07294585351435806, "optimizer": 1.017101988549988, "pooling_algorithm": 0.5180547498759321}, "datetime": {"datetime": "2023-11-28 08:39:45", "elapsed": 6.387976, "delta": 4.1759}}
{"target": 0.8285714285714285, "params": {"activation_function": 1.716970431019484, "amount_of_layers": 8.860992754352303, "batch_size": 86.32406192352535, "dropout_rate": 0.38458653057327974, "epochs": 179.8684457178323, "hidden_channels": 59.26344051245515, "learning_rate": 0.09893308883363328, "optimizer": 0.22486919223666457, "pooling_algorithm": 0.3780454577124386}, "datetime": {"datetime": "2023-11-28 08:39:50", "elapsed": 11.819837, "delta": 5.431861}}
{"target": 0.5, "params": {"activation_function": 0.8917618892709938, "amount_of_layers": 5.113498957710154, "batch_size": 148.09352633192603, "dropout_rate": 0.6141875068403113, "epochs": 180.36987976512725, "hidden_channels": 26.198299285813388, "learning_rate": 0.07665748678422224, "optimizer": 0.8433766552203046, "pooling_algorithm": 0.9013479850762297}, "datetime": {"datetime": "2023-11-28 08:39:54", "elapsed": 15.776118, "delta": 3.956281}}
{"target": 0.45, "params": {"activation_function": 1.92738049087342, "amount_of_layers": 8.13767211494951, "batch_size": 32.89089604982591, "dropout_rate": 0.38061253967371395, "epochs": 161.76553998827802, "hidden_channels": 80.41372218905839, "learning_rate": 0.03731974269887709, "optimizer": 0.5371570760788957, "pooling_algorithm": 0.7301993713256792}, "datetime": {"datetime": "2023-11-28 08:40:04", "elapsed": 25.838377, "delta": 10.062259}}
{"target": 0.875, "params": {"activation_function": 0.1696318987728498, "amount_of_layers": 1.9749255881809118, "batch_size": 44.470589968240844, "dropout_rate": 0.28376219732546465, "epochs": 29.850615260185403, "hidden_channels": 30.168004172429214, "learning_rate": 0.04205582918926754, "optimizer": 1.3283763242945235, "pooling_algorithm": 0.8250310262522865}, "datetime": {"datetime": "2023-11-28 08:40:05", "elapsed": 26.751176, "delta": 0.912799}}
{"target": 0.0, "params": {"activation_function": 1.5598035455219605, "amount_of_layers": 7.082824838121099, "batch_size": 108.97078587950708, "dropout_rate": 0.41298001896808534, "epochs": 133.65224069366815, "hidden_channels": 36.18505465481803, "learning_rate": 0.08797432155876427, "optimizer": 0.5401336349096459, "pooling_algorithm": 0.5799960127324292}, "datetime": {"datetime": "2023-11-28 08:40:09", "elapsed": 30.380081, "delta": 3.628905}}
{"target": 0.8125, "params": {"activation_function": 1.6541380573247786, "amount_of_layers": 3.432218753594097, "batch_size": 56.48694509175751, "dropout_rate": 0.34456365124730426, "epochs": 42.28549535243269, "hidden_channels": 23.980336526869046, "learning_rate": 0.08686416014923128, "optimizer": 1.0318771491534147, "pooling_algorithm": 0.7195030627961062}, "datetime": {"datetime": "2023-11-28 08:40:10", "elapsed": 31.535293, "delta": 1.155212}}
{"target": 0.9035714285714285, "params": {"activation_function": 1.8483913204661249, "amount_of_layers": 2.2141003996801514, "batch_size": 63.923439338728066, "dropout_rate": 0.5679157042332303, "epochs": 170.05550902974474, "hidden_channels": 26.40935164165595, "learning_rate": 0.017814945680850756, "optimizer": 0.3322591128600909, "pooling_algorithm": 0.619127673206667}, "datetime": {"datetime": "2023-11-28 08:40:14", "elapsed": 35.182974, "delta": 3.647681}}
{"target": 0.13214285714285712, "params": {"activation_function": 1.7713187952740441, "amount_of_layers": 5.1741873391739155, "batch_size": 107.31022488336176, "dropout_rate": 0.49635119536763456, "epochs": 196.76424913852085, "hidden_channels": 95.77188208763185, "learning_rate": 0.02005556201164008, "optimizer": 0.7275039631688742, "pooling_algorithm": 0.8519407246193933}, "datetime": {"datetime": "2023-11-28 08:40:18", "elapsed": 39.835121, "delta": 4.652147}}
{"target": 0.7374999999999999, "params": {"activation_function": 1.2932545527407995, "amount_of_layers": 8.37366872998071, "batch_size": 130.8696162460381, "dropout_rate": 0.46215640780714656, "epochs": 134.57860159797872, "hidden_channels": 52.49791084080707, "learning_rate": 0.05134476245402254, "optimizer": 0.8749596518960665, "pooling_algorithm": 0.3682223201769651}, "datetime": {"datetime": "2023-11-28 08:40:22", "elapsed": 43.733163, "delta": 3.898042}}
{"target": 0.5, "params": {"activation_function": 1.6638114548363956, "amount_of_layers": 8.445380338975552, "batch_size": 17.97878976649939, "dropout_rate": 0.5861114208906288, "epochs": 145.59562905459717, "hidden_channels": 63.95889934901136, "learning_rate": 0.013179770830253554, "optimizer": 1.8199678582308554, "pooling_algorithm": 0.7062946266585188}, "datetime": {"datetime": "2023-11-28 08:40:37", "elapsed": 58.642889, "delta": 14.909726}}
{"target": 0.9089285714285714, "params": {"activation_function": 0.3251511428683207, "amount_of_layers": 7.961647835300291, "batch_size": 138.658049691214, "dropout_rate": 0.6008650758494719, "epochs": 110.73230563404394, "hidden_channels": 8.82714094179137, "learning_rate": 0.021458947124451466, "optimizer": 0.6220536655718734, "pooling_algorithm": 0.5084365490909261}, "datetime": {"datetime": "2023-11-28 08:40:40", "elapsed": 61.839085, "delta": 3.196196}}
{"target": 0.2339285714285714, "params": {"activation_function": 1.8356441400053085, "amount_of_layers": 2.2379661188733637, "batch_size": 147.97076290964498, "dropout_rate": 0.5896811795265068, "epochs": 87.90811847820682, "hidden_channels": 15.929616484486717, "learning_rate": 0.09488100199226739, "optimizer": 0.6243628873512321, "pooling_algorithm": 0.48571957209373184}, "datetime": {"datetime": "2023-11-28 08:40:42", "elapsed": 63.318244, "delta": 1.479159}}
{"target": 0.5, "params": {"activation_function": 0.14417792022994114, "amount_of_layers": 5.690684197916835, "batch_size": 82.8285338528917, "dropout_rate": 0.7220463411213336, "epochs": 25.18024946584925, "hidden_channels": 82.4782375469595, "learning_rate": 0.04660157381283074, "optimizer": 1.7760462128710508, "pooling_algorithm": 0.7513819195471642}, "datetime": {"datetime": "2023-11-28 08:40:43", "elapsed": 63.998797, "delta": 0.680553}}
{"target": 0.8089285714285714, "params": {"activation_function": 0.830763216389123, "amount_of_layers": 1.0041241527100926, "batch_size": 95.93706494776778, "dropout_rate": 0.623498496372769, "epochs": 97.66437134105675, "hidden_channels": 76.44512789843714, "learning_rate": 0.024326212556144443, "optimizer": 1.6106227047694464, "pooling_algorithm": 0.17077269682743612}, "datetime": {"datetime": "2023-11-28 08:40:44", "elapsed": 65.543335, "delta": 1.544538}}
{"target": 0.2607142857142857, "params": {"activation_function": 0.5248868237367734, "amount_of_layers": 5.050310144600172, "batch_size": 143.6514930829854, "dropout_rate": 0.3743903732160622, "epochs": 91.6437207321982, "hidden_channels": 27.483920007664995, "learning_rate": 0.07468885136667103, "optimizer": 0.9676000947031738, "pooling_algorithm": 0.13909484675553507}, "datetime": {"datetime": "2023-11-28 08:40:46", "elapsed": 67.70223, "delta": 2.158895}}
{"target": 0.5, "params": {"activation_function": 0.6150118638637174, "amount_of_layers": 8.385625348027965, "batch_size": 77.07575988386152, "dropout_rate": 0.5515908004162707, "epochs": 103.30408662502516, "hidden_channels": 118.13273076395969, "learning_rate": 0.07186680087892779, "optimizer": 0.7547254699588628, "pooling_algorithm": 0.8435737921369842}, "datetime": {"datetime": "2023-11-28 08:40:49", "elapsed": 70.778973, "delta": 3.076743}}
{"target": 0.0, "params": {"activation_function": 0.8746416781249962, "amount_of_layers": 7.071667362601855, "batch_size": 96.39433353115513, "dropout_rate": 0.47065436898805524, "epochs": 59.42589700273978, "hidden_channels": 14.00327570376483, "learning_rate": 0.05883414232281811, "optimizer": 1.7125894753293727, "pooling_algorithm": 0.9147060146133378}, "datetime": {"datetime": "2023-11-28 08:40:51", "elapsed": 72.409932, "delta": 1.630959}}
{"target": 0.9107142857142857, "params": {"activation_function": 0.5848547043948049, "amount_of_layers": 1.6079982861579545, "batch_size": 50.4416373691538, "dropout_rate": 0.4649622919710349, "epochs": 33.09248262777963, "hidden_channels": 23.08356013286799, "learning_rate": 0.018128771427101637, "optimizer": 0.6936511747751712, "pooling_algorithm": 0.7637249664316994}, "datetime": {"datetime": "2023-11-28 08:40:52", "elapsed": 73.514398, "delta": 1.104466}}
{"target": 0.5, "params": {"activation_function": 1.1061985611103309, "amount_of_layers": 7.8003016538987175, "batch_size": 39.30081599697142, "dropout_rate": 0.5792002366596711, "epochs": 41.911787971811, "hidden_channels": 24.855636910572276, "learning_rate": 0.08988447559844856, "optimizer": 0.9676477012945501, "pooling_algorithm": 0.8151776613406126}, "datetime": {"datetime": "2023-11-28 08:40:55", "elapsed": 76.172696, "delta": 2.658298}}
{"target": 0.2625, "params": {"activation_function": 0.7247047790722032, "amount_of_layers": 6.152718109460989, "batch_size": 57.35473480207819, "dropout_rate": 0.5743372820034223, "epochs": 28.587973417231108, "hidden_channels": 30.233175596316997, "learning_rate": 0.002911414643516078, "optimizer": 1.9735867232970128, "pooling_algorithm": 0.3150742865994739}, "datetime": {"datetime": "2023-11-28 08:40:56", "elapsed": 77.513801, "delta": 1.341105}}
{"target": 0.9071428571428571, "params": {"activation_function": 0.9183247758902877, "amount_of_layers": 6.634033518242775, "batch_size": 129.34186503714386, "dropout_rate": 0.7104874312088074, "epochs": 134.35742817688538, "hidden_channels": 53.00943327560544, "learning_rate": 0.06499254355486903, "optimizer": 0.081028922842181, "pooling_algorithm": 0.5702340465738776}, "datetime": {"datetime": "2023-11-28 08:41:00", "elapsed": 81.027544, "delta": 3.513743}}
{"target": 0.9178571428571428, "params": {"activation_function": 0.0, "amount_of_layers": 1.6539187210365716, "batch_size": 126.28857799246896, "dropout_rate": 0.75, "epochs": 133.73855939727653, "hidden_channels": 55.564742726989536, "learning_rate": 0.0762096916619633, "optimizer": 0.0, "pooling_algorithm": 1.0}, "datetime": {"datetime": "2023-11-28 08:41:02", "elapsed": 83.33618, "delta": 2.308636}}
{"target": 0.9071428571428573, "params": {"activation_function": 0.0, "amount_of_layers": 1.0, "batch_size": 48.26532976760756, "dropout_rate": 0.25, "epochs": 38.26794158698626, "hidden_channels": 28.531053401750402, "learning_rate": 0.1, "optimizer": 0.0, "pooling_algorithm": 1.0}, "datetime": {"datetime": "2023-11-28 08:41:03", "elapsed": 84.460242, "delta": 1.124062}}
{"target": 0.8, "params": {"activation_function": 1.958010754175274, "amount_of_layers": 7.174608510900574, "batch_size": 122.97838054492904, "dropout_rate": 0.29407545384848244, "epochs": 138.4942066067949, "hidden_channels": 59.50050657015901, "learning_rate": 0.017346647918772613, "optimizer": 0.32701659883688694, "pooling_algorithm": 0.4865926693837953}, "datetime": {"datetime": "2023-11-28 08:41:07", "elapsed": 88.221047, "delta": 3.760805}}
{"target": 0.9232142857142858, "params": {"activation_function": 0.12465248706381615, "amount_of_layers": 1.0098272625220588, "batch_size": 124.61111099634313, "dropout_rate": 0.45367886538149466, "epochs": 143.39183076260954, "hidden_channels": 52.299599171019345, "learning_rate": 0.030272244659812538, "optimizer": 0.49817723704510875, "pooling_algorithm": 0.852784232793953}, "datetime": {"datetime": "2023-11-28 08:41:09", "elapsed": 90.428981, "delta": 2.207934}}
{"target": 0.7964285714285715, "params": {"activation_function": 1.6387626301579095, "amount_of_layers": 3.2581784097151623, "batch_size": 131.06273578322197, "dropout_rate": 0.570212537494063, "epochs": 143.77290125269903, "hidden_channels": 56.28564127624404, "learning_rate": 0.09550167407345399, "optimizer": 0.1512168633261588, "pooling_algorithm": 0.0327721353087117}, "datetime": {"datetime": "2023-11-28 08:41:12", "elapsed": 93.264957, "delta": 2.835976}}
{"target": 0.9285714285714286, "params": {"activation_function": 0.0, "amount_of_layers": 1.0, "batch_size": 128.17200923093327, "dropout_rate": 0.75, "epochs": 136.3016928639956, "hidden_channels": 46.27259285738945, "learning_rate": 0.1, "optimizer": 0.0, "pooling_algorithm": 1.0}, "datetime": {"datetime": "2023-11-28 08:41:14", "elapsed": 95.499466, "delta": 2.234509}}
{"target": 0.0, "params": {"activation_function": 0.8051242293310656, "amount_of_layers": 4.106485621995505, "batch_size": 129.2350971087589, "dropout_rate": 0.5162331183205378, "epochs": 115.42245198348469, "hidden_channels": 5.630917257008075, "learning_rate": 0.09653785063694274, "optimizer": 1.9911400286229672, "pooling_algorithm": 0.9672847215891004}, "datetime": {"datetime": "2023-11-28 08:41:17", "elapsed": 98.203648, "delta": 2.704182}}
{"target": 0.175, "params": {"activation_function": 0.4580197610428769, "amount_of_layers": 7.653522410495254, "batch_size": 145.672229950761, "dropout_rate": 0.697870465866534, "epochs": 113.11791834121074, "hidden_channels": 9.758579212410497, "learning_rate": 0.005594662004764442, "optimizer": 0.05732441871183114, "pooling_algorithm": 0.15843368751240083}, "datetime": {"datetime": "2023-11-28 08:41:20", "elapsed": 101.558303, "delta": 3.354655}}
{"target": 0.5, "params": {"activation_function": 1.1382942956292736, "amount_of_layers": 5.26535741694145, "batch_size": 125.8966350192836, "dropout_rate": 0.7465238899375884, "epochs": 139.99365484355093, "hidden_channels": 49.554096008772184, "learning_rate": 0.09680374519953865, "optimizer": 1.4089585287239206, "pooling_algorithm": 0.9645442504603678}, "datetime": {"datetime": "2023-11-28 08:41:24", "elapsed": 105.014107, "delta": 3.455804}}
{"target": 0.5, "params": {"activation_function": 1.8381002799826478, "amount_of_layers": 2.2629496757224805, "batch_size": 126.14084880838143, "dropout_rate": 0.5913500446289781, "epochs": 131.03549794534104, "hidden_channels": 52.094882065304425, "learning_rate": 0.0452282643049927, "optimizer": 0.5883034383307251, "pooling_algorithm": 0.9268809172957022}, "datetime": {"datetime": "2023-11-28 08:41:26", "elapsed": 107.25134, "delta": 2.237233}}
{"target": 0.8535714285714285, "params": {"activation_function": 0.23855397059170858, "amount_of_layers": 1.2448268322144918, "batch_size": 126.72031295465294, "dropout_rate": 0.29642240067595654, "epochs": 137.61271957432112, "hidden_channels": 55.70831027270207, "learning_rate": 0.021021584515829424, "optimizer": 0.7756056527437192, "pooling_algorithm": 0.8394237368003391}, "datetime": {"datetime": "2023-11-28 08:41:28", "elapsed": 109.24659, "delta": 1.99525}}
{"target": 0.9232142857142858, "params": {"activation_function": 0.0, "amount_of_layers": 1.0, "batch_size": 45.843755162042406, "dropout_rate": 0.25, "epochs": 33.7112477867655, "hidden_channels": 26.03262351185331, "learning_rate": 0.1, "optimizer": 0.0, "pooling_algorithm": 1.0}, "datetime": {"datetime": "2023-11-28 08:41:29", "elapsed": 110.292359, "delta": 1.045769}}
{"target": 0.26071428571428573, "params": {"activation_function": 1.095574163415304, "amount_of_layers": 2.8892504116216307, "batch_size": 48.383571918432594, "dropout_rate": 0.26119158583959506, "epochs": 33.048526005643375, "hidden_channels": 31.70162468999446, "learning_rate": 0.024736268262134535, "optimizer": 1.9314929215232026, "pooling_algorithm": 0.46888463339426334}, "datetime": {"datetime": "2023-11-28 08:41:30", "elapsed": 111.475065, "delta": 1.182706}}
{"target": 0.2607142857142857, "params": {"activation_function": 1.2450119596012819, "amount_of_layers": 2.6841209496565748, "batch_size": 131.46966349460462, "dropout_rate": 0.3592978484065128, "epochs": 138.35770052310247, "hidden_channels": 51.243451785544266, "learning_rate": 0.04799742204840477, "optimizer": 1.344702916100778, "pooling_algorithm": 0.4573258518166573}, "datetime": {"datetime": "2023-11-28 08:41:33", "elapsed": 114.217106, "delta": 2.742041}}
{"target": 0.9071428571428571, "params": {"activation_function": 0.0, "amount_of_layers": 1.2518761546158395, "batch_size": 47.49512801198108, "dropout_rate": 0.4868630187316566, "epochs": 30.737610402790942, "hidden_channels": 24.675643579677843, "learning_rate": 0.008036326078045159, "optimizer": 0.7974181510297109, "pooling_algorithm": 0.9679826596126674}, "datetime": {"datetime": "2023-11-28 08:41:34", "elapsed": 115.184449, "delta": 0.967343}}
{"target": 0.5, "params": {"activation_function": 1.8009183618012263, "amount_of_layers": 2.7411955955837577, "batch_size": 125.31985379214134, "dropout_rate": 0.7430648996018957, "epochs": 132.88902607562858, "hidden_channels": 59.21355242586348, "learning_rate": 0.04965006286499082, "optimizer": 1.156245860440093, "pooling_algorithm": 0.6936076353851007}, "datetime": {"datetime": "2023-11-28 08:41:36", "elapsed": 117.793843, "delta": 2.609394}}
{"target": 0.9071428571428571, "params": {"activation_function": 0.0, "amount_of_layers": 5.307913498876659, "batch_size": 126.54004916622053, "dropout_rate": 0.75, "epochs": 135.83045464915307, "hidden_channels": 55.411191791893955, "learning_rate": 0.09305979242976575, "optimizer": 0.0, "pooling_algorithm": 0.9641222999543274}, "datetime": {"datetime": "2023-11-28 08:41:39", "elapsed": 120.930962, "delta": 3.137119}}
{"target": 0.39821428571428574, "params": {"activation_function": 1.004010082002254, "amount_of_layers": 2.008750676275228, "batch_size": 54.825484598122955, "dropout_rate": 0.38240421883556797, "epochs": 37.82861189854111, "hidden_channels": 23.578807313145354, "learning_rate": 0.09326571127838179, "optimizer": 0.14842014444550733, "pooling_algorithm": 0.28273416642431526}, "datetime": {"datetime": "2023-11-28 08:41:40", "elapsed": 121.897768, "delta": 0.966806}}
{"target": 0.0, "params": {"activation_function": 0.9689657681365942, "amount_of_layers": 3.424362615137042, "batch_size": 124.03678343151968, "dropout_rate": 0.7361800526964892, "epochs": 139.16356803194003, "hidden_channels": 55.23392079819479, "learning_rate": 0.08730784131177456, "optimizer": 1.6169029316981156, "pooling_algorithm": 0.332789731305164}, "datetime": {"datetime": "2023-11-28 08:41:43", "elapsed": 124.604702, "delta": 2.706934}}
{"target": 0.9232142857142857, "params": {"activation_function": 1.3856125272035336, "amount_of_layers": 1.2230711708865032, "batch_size": 47.24286497031538, "dropout_rate": 0.41515137591046447, "epochs": 32.050548234200654, "hidden_channels": 19.83154106236499, "learning_rate": 0.0072014074834726004, "optimizer": 1.3449227226137674, "pooling_algorithm": 0.9437684629242522}, "datetime": {"datetime": "2023-11-28 08:41:44", "elapsed": 125.507939, "delta": 0.903237}}
{"target": 0.925, "params": {"activation_function": 0.16516170645752323, "amount_of_layers": 1.0, "batch_size": 126.7950862743607, "dropout_rate": 0.35310733297666047, "epochs": 144.84757778396224, "hidden_channels": 53.04267976568546, "learning_rate": 0.023906275916081993, "optimizer": 0.0, "pooling_algorithm": 0.827016656951225}, "datetime": {"datetime": "2023-11-28 08:41:46", "elapsed": 127.692907, "delta": 2.184968}}
{"target": 0.26607142857142857, "params": {"activation_function": 0.5974377826409332, "amount_of_layers": 1.957176300551195, "batch_size": 125.2118624853401, "dropout_rate": 0.6956541110132706, "epochs": 146.07302501510364, "hidden_channels": 50.0053598099659, "learning_rate": 0.07466851969123045, "optimizer": 1.9033721763258464, "pooling_algorithm": 0.07362711929568344}, "datetime": {"datetime": "2023-11-28 08:41:49", "elapsed": 130.074307, "delta": 2.3814}}
{"target": 0.7410714285714285, "params": {"activation_function": 0.09030759309437353, "amount_of_layers": 6.518326238866383, "batch_size": 88.7180639331291, "dropout_rate": 0.5859450416263494, "epochs": 178.41301754850647, "hidden_channels": 59.54721757359281, "learning_rate": 0.038359820981698864, "optimizer": 0.9048892960350179, "pooling_algorithm": 0.11435434468435024}, "datetime": {"datetime": "2023-11-28 08:41:54", "elapsed": 135.052969, "delta": 4.978662}}
{"target": 0.8142857142857143, "params": {"activation_function": 0.41042468070941207, "amount_of_layers": 2.528225581928213, "batch_size": 62.60539686037947, "dropout_rate": 0.4408888036406965, "epochs": 168.99436969813067, "hidden_channels": 23.76580071533523, "learning_rate": 0.016295594161842133, "optimizer": 1.3742938214170088, "pooling_algorithm": 0.7246365865060427}, "datetime": {"datetime": "2023-11-28 08:41:58", "elapsed": 139.443135, "delta": 4.390166}}
