{"target": 0.842857142857143, "params": {"activation_function": 1.9862797805072696, "amount_of_layers": 1.943564924150066, "batch_size": 45.26921939404545, "dropout_rate": 0.4629549038521922, "epochs": 37.256189191962605, "hidden_channels": 26.852872711245958, "learning_rate": 0.07098678483406336, "optimizer": 1.1045579006902013, "pooling_algorithm": 0.2938098450171468}, "datetime": {"datetime": "2023-11-28 08:41:59", "elapsed": 140.628329, "delta": 1.185194}}
{"target": 0.5, "params": {"activation_function": 1.9929807053599706, "amount_of_layers": 2.08279526097596, "batch_size": 128.79308546814244, "dropout_rate": 0.7231699145979104, "epochs": 135.80398965911326, "hidden_channels": 56.62013775127745, "learning_rate": 0.050091811724153015, "optimizer": 1.9220912281392146, "pooling_algorithm": 0.8672094021469818}, "datetime": {"datetime": "2023-11-28 08:42:02", "elapsed": 143.104809, "delta": 2.47648}}
{"target": 0.9267857142857143, "params": {"activation_function": 0.0, "amount_of_layers": 1.0, "batch_size": 127.3120415004399, "dropout_rate": 0.75, "epochs": 135.2730598787906, "hidden_channels": 43.804959583299144, "learning_rate": 0.1, "optimizer": 0.0, "pooling_algorithm": 1.0}, "datetime": {"datetime": "2023-11-28 08:42:04", "elapsed": 145.175516, "delta": 2.070707}}
{"target": 0.7464285714285714, "params": {"activation_function": 0.6155503029196967, "amount_of_layers": 4.775366469071275, "batch_size": 64.25807119055065, "dropout_rate": 0.3819998123664154, "epochs": 167.57553605883507, "hidden_channels": 25.549452373809494, "learning_rate": 0.0020138303173226303, "optimizer": 1.1001048044943156, "pooling_algorithm": 0.24732780830809242}, "datetime": {"datetime": "2023-11-28 08:42:09", "elapsed": 150.529324, "delta": 5.353808}}
{"target": 0.2625, "params": {"activation_function": 1.5260529878141806, "amount_of_layers": 7.365851659422927, "batch_size": 126.58288551871966, "dropout_rate": 0.33183844769964144, "epochs": 134.16967340981094, "hidden_channels": 54.25801214739243, "learning_rate": 0.039458167690498674, "optimizer": 0.9615798827452793, "pooling_algorithm": 0.1288331487157235}, "datetime": {"datetime": "2023-11-28 08:42:13", "elapsed": 154.196022, "delta": 3.666698}}
{"target": 0.3107142857142857, "params": {"activation_function": 1.8501306753120232, "amount_of_layers": 2.1733110384049876, "batch_size": 49.422633160550646, "dropout_rate": 0.6594875066059622, "epochs": 33.72227230412986, "hidden_channels": 26.215331878445838, "learning_rate": 0.07486848029279168, "optimizer": 0.1878783283346146, "pooling_algorithm": 0.1729010237138623}, "datetime": {"datetime": "2023-11-28 08:42:14", "elapsed": 155.265677, "delta": 1.069655}}
{"target": 0.8321428571428572, "params": {"activation_function": 0.3780320481135446, "amount_of_layers": 1.9335082179956053, "batch_size": 46.92473570080038, "dropout_rate": 0.5481706952593238, "epochs": 30.100624577431656, "hidden_channels": 27.460427606526203, "learning_rate": 0.06396143894988461, "optimizer": 1.4232235491303185, "pooling_algorithm": 0.19356383455969395}, "datetime": {"datetime": "2023-11-28 08:42:15", "elapsed": 156.225834, "delta": 0.960157}}
{"target": 0.8428571428571429, "params": {"activation_function": 1.7092973640829512, "amount_of_layers": 4.13844167741021, "batch_size": 63.48620510318423, "dropout_rate": 0.30331314683703, "epochs": 168.87579317173984, "hidden_channels": 28.326734024593478, "learning_rate": 0.010988885071027622, "optimizer": 1.3855411350657827, "pooling_algorithm": 0.5517054860721282}, "datetime": {"datetime": "2023-11-28 08:42:20", "elapsed": 161.058959, "delta": 4.833125}}
{"target": 0.9125, "params": {"activation_function": 0.0, "amount_of_layers": 1.0, "batch_size": 126.60640823367694, "dropout_rate": 0.25, "epochs": 142.55235494230365, "hidden_channels": 53.48638031861074, "learning_rate": 0.001, "optimizer": 0.0, "pooling_algorithm": 1.0}, "datetime": {"datetime": "2023-11-28 08:42:22", "elapsed": 163.167571, "delta": 2.108612}}
{"target": 0.5, "params": {"activation_function": 0.8483644154233965, "amount_of_layers": 4.628974902860046, "batch_size": 50.461438996658586, "dropout_rate": 0.39025954045279004, "epochs": 30.727469623642296, "hidden_channels": 22.100521695432697, "learning_rate": 0.09748439781012215, "optimizer": 0.7537001190404367, "pooling_algorithm": 0.5166633624679202}, "datetime": {"datetime": "2023-11-28 08:42:23", "elapsed": 164.31273, "delta": 1.145159}}
{"target": 0.35, "params": {"activation_function": 0.9227879385115174, "amount_of_layers": 4.973652165622166, "batch_size": 60.372348586025005, "dropout_rate": 0.6298358330089899, "epochs": 169.6163471162155, "hidden_channels": 26.448750670590634, "learning_rate": 0.03470290898741687, "optimizer": 1.478760696802321, "pooling_algorithm": 0.6173321389465286}, "datetime": {"datetime": "2023-11-28 08:42:28", "elapsed": 169.597012, "delta": 5.284282}}
{"target": 0.26071428571428573, "params": {"activation_function": 1.3823507460848952, "amount_of_layers": 3.12477269708788, "batch_size": 48.738378356867514, "dropout_rate": 0.5147891180600592, "epochs": 33.036762083515015, "hidden_channels": 21.301211648955228, "learning_rate": 0.07648506221261564, "optimizer": 0.16824331266719983, "pooling_algorithm": 0.1899734668048655}, "datetime": {"datetime": "2023-11-28 08:42:29", "elapsed": 170.744247, "delta": 1.147235}}
{"target": 0.75, "params": {"activation_function": 0.6938612347276194, "amount_of_layers": 2.0755096808174853, "batch_size": 65.95968214803966, "dropout_rate": 0.713630867710872, "epochs": 166.90897588335426, "hidden_channels": 25.97716117906391, "learning_rate": 0.04814001750474846, "optimizer": 1.8823274938045247, "pooling_algorithm": 0.18003402088467124}, "datetime": {"datetime": "2023-11-28 08:42:33", "elapsed": 174.460764, "delta": 3.716517}}
{"target": 0.9107142857142857, "params": {"activation_function": 1.2199012571481977, "amount_of_layers": 2.482247917713805, "batch_size": 63.96461368064321, "dropout_rate": 0.25, "epochs": 168.7251078603327, "hidden_channels": 26.354015258723276, "learning_rate": 0.001, "optimizer": 1.851566270769859, "pooling_algorithm": 0.9456729765114928}, "datetime": {"datetime": "2023-11-28 08:42:37", "elapsed": 178.079437, "delta": 3.618673}}
{"target": 0.8107142857142857, "params": {"activation_function": 1.9413790903801311, "amount_of_layers": 1.8493873355846064, "batch_size": 63.25809485129589, "dropout_rate": 0.39302417905700815, "epochs": 167.83854160914584, "hidden_channels": 28.66225446111237, "learning_rate": 0.014913420241936582, "optimizer": 1.3265750854825944, "pooling_algorithm": 0.4533772730477834}, "datetime": {"datetime": "2023-11-28 08:42:40", "elapsed": 181.964019, "delta": 3.884582}}
{"target": 0.28214285714285714, "params": {"activation_function": 0.9510018592907006, "amount_of_layers": 3.1808599922658916, "batch_size": 44.79858419658921, "dropout_rate": 0.4479418600258401, "epochs": 30.16728444108251, "hidden_channels": 24.830838490343126, "learning_rate": 0.027381483710194963, "optimizer": 0.5836640356077005, "pooling_algorithm": 0.4702051075985597}, "datetime": {"datetime": "2023-11-28 08:42:42", "elapsed": 183.078923, "delta": 1.114904}}
{"target": 0.8321428571428572, "params": {"activation_function": 0.4952036031713558, "amount_of_layers": 2.4876113094781402, "batch_size": 125.27965190180379, "dropout_rate": 0.746620117860968, "epochs": 136.15568737048085, "hidden_channels": 43.28511022643337, "learning_rate": 0.013035003372352336, "optimizer": 1.380777686427118, "pooling_algorithm": 0.9918816746547239}, "datetime": {"datetime": "2023-11-28 08:42:44", "elapsed": 185.473196, "delta": 2.394273}}
{"target": 0.26071428571428573, "params": {"activation_function": 0.7302049779851962, "amount_of_layers": 5.217908687229595, "batch_size": 64.43047932494687, "dropout_rate": 0.3715790618722713, "epochs": 168.2147354628913, "hidden_channels": 30.99314076066849, "learning_rate": 0.025446657437254126, "optimizer": 0.08655037993669779, "pooling_algorithm": 0.008823621104480206}, "datetime": {"datetime": "2023-11-28 08:42:49", "elapsed": 190.608926, "delta": 5.13573}}
{"target": 0.8071428571428572, "params": {"activation_function": 0.8236222127391406, "amount_of_layers": 3.7917238235249417, "batch_size": 65.49749296805834, "dropout_rate": 0.5144896235873979, "epochs": 168.45233172018638, "hidden_channels": 23.439317805138405, "learning_rate": 0.02113854291678045, "optimizer": 0.6749015129820228, "pooling_algorithm": 0.22064485328435113}, "datetime": {"datetime": "2023-11-28 08:42:54", "elapsed": 195.541492, "delta": 4.932566}}
{"target": 0.8125000000000001, "params": {"activation_function": 0.9292286894901689, "amount_of_layers": 1.4879210448027536, "batch_size": 126.81361251497445, "dropout_rate": 0.628906444341298, "epochs": 143.57263509766412, "hidden_channels": 52.37667043030789, "learning_rate": 0.016599917044249676, "optimizer": 0.351081863181145, "pooling_algorithm": 0.10036248497705225}, "datetime": {"datetime": "2023-11-28 08:42:56", "elapsed": 197.757963, "delta": 2.216471}}
{"target": 0.5, "params": {"activation_function": 0.19349516858347182, "amount_of_layers": 1.8205637351970791, "batch_size": 43.887962806189755, "dropout_rate": 0.5040633941800361, "epochs": 39.769907533875795, "hidden_channels": 25.83473863346101, "learning_rate": 0.020222893075668814, "optimizer": 1.7118572722480145, "pooling_algorithm": 0.9438029824373245}, "datetime": {"datetime": "2023-11-28 08:42:57", "elapsed": 198.948857, "delta": 1.190894}}
{"target": 0.5, "params": {"activation_function": 0.9405020365382102, "amount_of_layers": 7.2357743468372115, "batch_size": 140.66082767391234, "dropout_rate": 0.5632415592026669, "epochs": 112.79468277878821, "hidden_channels": 9.653134639275565, "learning_rate": 0.08783661268558066, "optimizer": 1.1378849955522363, "pooling_algorithm": 0.6007584119407604}, "datetime": {"datetime": "2023-11-28 08:43:01", "elapsed": 202.00033, "delta": 3.051473}}
{"target": 0.9142857142857143, "params": {"activation_function": 1.74024126175496, "amount_of_layers": 1.6294206855928612, "batch_size": 128.7072112545564, "dropout_rate": 0.6663779353388088, "epochs": 143.9877239094443, "hidden_channels": 57.40674303968544, "learning_rate": 0.09592770055870474, "optimizer": 0.20943760958091096, "pooling_algorithm": 0.9276461895697669}, "datetime": {"datetime": "2023-11-28 08:43:03", "elapsed": 204.404384, "delta": 2.404054}}
{"target": 0.8892857142857143, "params": {"activation_function": 1.827820169124214, "amount_of_layers": 2.9091178827824633, "batch_size": 64.89137013627769, "dropout_rate": 0.4398863969980251, "epochs": 172.2911615170099, "hidden_channels": 26.796382658387316, "learning_rate": 0.09559646672009504, "optimizer": 0.16714356124140295, "pooling_algorithm": 0.6058247680836567}, "datetime": {"datetime": "2023-11-28 08:43:07", "elapsed": 208.723467, "delta": 4.319083}}
{"target": 0.6071428571428571, "params": {"activation_function": 0.3351907169166397, "amount_of_layers": 1.3783332653671367, "batch_size": 127.51959763657612, "dropout_rate": 0.7109391420376898, "epochs": 136.1851950351062, "hidden_channels": 41.02988868322217, "learning_rate": 0.08275468196774893, "optimizer": 1.390810928470714, "pooling_algorithm": 0.5769841697367915}, "datetime": {"datetime": "2023-11-28 08:43:09", "elapsed": 210.852417, "delta": 2.12895}}
{"target": 0.85, "params": {"activation_function": 1.6190702701272914, "amount_of_layers": 1.146912774312704, "batch_size": 63.591616346373534, "dropout_rate": 0.3911006046850016, "epochs": 169.9847171737856, "hidden_channels": 28.61538076515036, "learning_rate": 0.05040768303675483, "optimizer": 0.9715878200942483, "pooling_algorithm": 0.9741131883215592}, "datetime": {"datetime": "2023-11-28 08:43:13", "elapsed": 214.116317, "delta": 3.2639}}
{"target": 0.5, "params": {"activation_function": 0.3189924422956547, "amount_of_layers": 7.6409620373942815, "batch_size": 136.3040202656478, "dropout_rate": 0.4494960146976461, "epochs": 112.11600134778622, "hidden_channels": 10.345137342864959, "learning_rate": 0.0815734943558016, "optimizer": 1.9088661065874275, "pooling_algorithm": 0.9288632409665233}, "datetime": {"datetime": "2023-11-28 08:43:16", "elapsed": 217.310436, "delta": 3.194119}}
{"target": 0.5, "params": {"activation_function": 2.0, "amount_of_layers": 2.861825090125084, "batch_size": 65.32432424298837, "dropout_rate": 0.25, "epochs": 170.28024067989105, "hidden_channels": 27.354783224822043, "learning_rate": 0.1, "optimizer": 1.9510454400999804, "pooling_algorithm": 0.10374990106942046}, "datetime": {"datetime": "2023-11-28 08:43:20", "elapsed": 221.51476, "delta": 4.204324}}
{"target": 0.9107142857142858, "params": {"activation_function": 0.09853769023724834, "amount_of_layers": 4.782316293120061, "batch_size": 126.27347943315117, "dropout_rate": 0.659617552470416, "epochs": 146.65799493714252, "hidden_channels": 55.82179738803203, "learning_rate": 0.0387102202118892, "optimizer": 0.27384622599656283, "pooling_algorithm": 0.8845534948116651}, "datetime": {"datetime": "2023-11-28 08:43:23", "elapsed": 224.982968, "delta": 3.468208}}
{"target": 0.0, "params": {"activation_function": 0.2344569741023954, "amount_of_layers": 2.391597421208121, "batch_size": 63.58009684227561, "dropout_rate": 0.5053376264794115, "epochs": 173.82109477991924, "hidden_channels": 27.05603156902786, "learning_rate": 0.07533210234936477, "optimizer": 1.527733585237077, "pooling_algorithm": 0.5934277963169796}, "datetime": {"datetime": "2023-11-28 08:43:27", "elapsed": 228.728916, "delta": 3.745948}}
{"target": 0.5, "params": {"activation_function": 0.2737255120700617, "amount_of_layers": 6.396903189106661, "batch_size": 127.11824206784055, "dropout_rate": 0.5196160902047277, "epochs": 146.00354705887875, "hidden_channels": 55.92068744777256, "learning_rate": 0.07356782809211278, "optimizer": 1.0263358971365757, "pooling_algorithm": 0.08071787707869438}, "datetime": {"datetime": "2023-11-28 08:43:31", "elapsed": 232.331196, "delta": 3.60228}}
{"target": 0.8732142857142857, "params": {"activation_function": 1.805788175815309, "amount_of_layers": 2.3562727113273967, "batch_size": 62.51734816227465, "dropout_rate": 0.6267330234559281, "epochs": 166.00571985289585, "hidden_channels": 24.677033668960714, "learning_rate": 0.027247028682867436, "optimizer": 1.3885297165224566, "pooling_algorithm": 0.7676913377967961}, "datetime": {"datetime": "2023-11-28 08:43:35", "elapsed": 236.12016, "delta": 3.788964}}
{"target": 0.7928571428571429, "params": {"activation_function": 1.8657788196657223, "amount_of_layers": 3.1715051658079014, "batch_size": 124.23324358608309, "dropout_rate": 0.439452908621611, "epochs": 136.5941587993218, "hidden_channels": 44.56602234906318, "learning_rate": 0.012891670208524629, "optimizer": 1.6031077734260892, "pooling_algorithm": 0.027321667712529085}, "datetime": {"datetime": "2023-11-28 08:43:37", "elapsed": 238.776573, "delta": 2.656413}}
{"target": 0.5, "params": {"activation_function": 1.9626448318410592, "amount_of_layers": 4.112356206044626, "batch_size": 57.286569413388236, "dropout_rate": 0.3264624022291007, "epochs": 44.43699696752277, "hidden_channels": 24.18533230347921, "learning_rate": 0.08492730102374095, "optimizer": 1.4580068555269792, "pooling_algorithm": 0.9444397086706618}, "datetime": {"datetime": "2023-11-28 08:43:39", "elapsed": 240.231009, "delta": 1.454436}}
{"target": 0.4446428571428571, "params": {"activation_function": 1.7066287302486225, "amount_of_layers": 1.1048192928637954, "batch_size": 45.51409667270656, "dropout_rate": 0.2774541901154648, "epochs": 36.23609135493711, "hidden_channels": 26.331140445084834, "learning_rate": 0.015568582015433353, "optimizer": 0.3658482881690923, "pooling_algorithm": 0.2326617412072507}, "datetime": {"datetime": "2023-11-28 08:43:40", "elapsed": 241.201617, "delta": 0.970608}}
{"target": 0.8089285714285714, "params": {"activation_function": 0.7336957558555446, "amount_of_layers": 1.338978727423803, "batch_size": 126.74320939643005, "dropout_rate": 0.616171363303069, "epochs": 141.89221959594155, "hidden_channels": 51.671226860517095, "learning_rate": 0.02370273908540715, "optimizer": 1.531114324614423, "pooling_algorithm": 0.0729397232827127}, "datetime": {"datetime": "2023-11-28 08:43:42", "elapsed": 243.419867, "delta": 2.21825}}
{"target": 0.6428571428571429, "params": {"activation_function": 0.2334854450933368, "amount_of_layers": 3.5207782802505223, "batch_size": 124.40033883732893, "dropout_rate": 0.33127605385788783, "epochs": 137.79534940679076, "hidden_channels": 46.39518380787387, "learning_rate": 0.08337777375655661, "optimizer": 0.32830902170609044, "pooling_algorithm": 0.07125628385480298}, "datetime": {"datetime": "2023-11-28 08:43:45", "elapsed": 246.34991, "delta": 2.930043}}
{"target": 0.0, "params": {"activation_function": 1.655106977880718, "amount_of_layers": 2.2780027389241146, "batch_size": 129.66366610555156, "dropout_rate": 0.37230507177111705, "epochs": 142.408519899834, "hidden_channels": 56.70455026706217, "learning_rate": 0.076241564867137, "optimizer": 1.233304508205412, "pooling_algorithm": 0.2159500155473031}, "datetime": {"datetime": "2023-11-28 08:43:47", "elapsed": 248.896295, "delta": 2.546385}}
{"target": 0.5, "params": {"activation_function": 1.7354975063108078, "amount_of_layers": 4.285108541800103, "batch_size": 63.80623674474262, "dropout_rate": 0.5967812541481057, "epochs": 164.6930294134476, "hidden_channels": 25.385384527756532, "learning_rate": 0.08961865229019247, "optimizer": 1.3062922080669574, "pooling_algorithm": 0.6725563292217068}, "datetime": {"datetime": "2023-11-28 08:43:52", "elapsed": 253.492857, "delta": 4.596562}}
{"target": 0.817857142857143, "params": {"activation_function": 1.1758095860401143, "amount_of_layers": 1.0057513720715674, "batch_size": 125.93611009614297, "dropout_rate": 0.46916561172241694, "epochs": 134.78146504020017, "hidden_channels": 52.60144129504905, "learning_rate": 0.04619529738464314, "optimizer": 1.3435413348440974, "pooling_algorithm": 0.2974025571289294}, "datetime": {"datetime": "2023-11-28 08:43:54", "elapsed": 255.660577, "delta": 2.16772}}
{"target": 0.26607142857142857, "params": {"activation_function": 1.093585750449567, "amount_of_layers": 8.892279944057588, "batch_size": 139.03143742724626, "dropout_rate": 0.447823996157911, "epochs": 110.79700375841848, "hidden_channels": 9.823169488597896, "learning_rate": 0.007783036248560558, "optimizer": 0.8923063390992296, "pooling_algorithm": 0.4872927724929388}, "datetime": {"datetime": "2023-11-28 08:43:58", "elapsed": 259.122087, "delta": 3.46151}}
{"target": 0.6928571428571428, "params": {"activation_function": 1.7188498418577804, "amount_of_layers": 1.244890033397776, "batch_size": 128.04799946403446, "dropout_rate": 0.44263878070568724, "epochs": 144.7652774883931, "hidden_channels": 56.453929143614545, "learning_rate": 0.051298675705441214, "optimizer": 0.5335545155883878, "pooling_algorithm": 0.7840749525961743}, "datetime": {"datetime": "2023-11-28 08:44:00", "elapsed": 261.24767, "delta": 2.125583}}
{"target": 0.6160714285714286, "params": {"activation_function": 0.16499779828789207, "amount_of_layers": 1.2470112634374004, "batch_size": 61.745760380202356, "dropout_rate": 0.5138776081043651, "epochs": 170.20681978046034, "hidden_channels": 24.73381180340982, "learning_rate": 0.0765949480674418, "optimizer": 0.45693982066487826, "pooling_algorithm": 0.16550697920378576}, "datetime": {"datetime": "2023-11-28 08:44:03", "elapsed": 264.420165, "delta": 3.172495}}
{"target": 0.5, "params": {"activation_function": 1.576691535087471, "amount_of_layers": 1.8830876752503753, "batch_size": 63.82720310751164, "dropout_rate": 0.2624444454547591, "epochs": 166.78732930108376, "hidden_channels": 25.982625206092152, "learning_rate": 0.04879835098214659, "optimizer": 0.6756331708782055, "pooling_algorithm": 0.6464858529875241}, "datetime": {"datetime": "2023-11-28 08:44:07", "elapsed": 268.233819, "delta": 3.813654}}
{"target": 0.7571428571428571, "params": {"activation_function": 0.9084039360789922, "amount_of_layers": 1.7071973640781195, "batch_size": 128.06576395195515, "dropout_rate": 0.5534281471276452, "epochs": 138.07816042018072, "hidden_channels": 56.97396210077919, "learning_rate": 0.021062521895812324, "optimizer": 0.4320484380023861, "pooling_algorithm": 0.3800765653129513}, "datetime": {"datetime": "2023-11-28 08:44:09", "elapsed": 270.536098, "delta": 2.302279}}
{"target": 0.2660714285714285, "params": {"activation_function": 1.5473616733983506, "amount_of_layers": 3.674780173756675, "batch_size": 64.70393134003753, "dropout_rate": 0.6865467824674785, "epochs": 168.59681813081338, "hidden_channels": 29.253465289401746, "learning_rate": 0.03576763765356385, "optimizer": 1.5414333578924508, "pooling_algorithm": 0.24811652731164835}, "datetime": {"datetime": "2023-11-28 08:44:14", "elapsed": 275.324601, "delta": 4.788503}}
{"target": 0.7375, "params": {"activation_function": 0.802905999942054, "amount_of_layers": 8.944720535213683, "batch_size": 85.43133762668278, "dropout_rate": 0.6272156246904037, "epochs": 59.164011679847555, "hidden_channels": 53.24060630185676, "learning_rate": 0.07314712273901414, "optimizer": 0.9756796709897444, "pooling_algorithm": 0.010005194618832869}, "datetime": {"datetime": "2023-11-28 08:44:16", "elapsed": 277.326505, "delta": 2.001904}}
{"target": 0.27142857142857146, "params": {"activation_function": 1.0526767173264082, "amount_of_layers": 7.645536084866775, "batch_size": 35.888970228929594, "dropout_rate": 0.667809422905632, "epochs": 45.67357321710376, "hidden_channels": 77.2706388273688, "learning_rate": 0.09319445060387697, "optimizer": 0.08028401549392106, "pooling_algorithm": 0.2165597725980568}, "datetime": {"datetime": "2023-11-28 08:44:19", "elapsed": 280.338383, "delta": 3.011878}}
