{"target": 0.5, "params": {"activation_function": 0.7501142577465703, "amount_of_layers": 6.122436959381154, "batch_size": 143.30222164029237, "dropout_rate": 0.28783860235103076, "epochs": 157.6166351564429, "hidden_channels": 107.42772879510869, "learning_rate": 0.006425768287958418, "optimizer": 1.6353547643505364, "pooling_algorithm": 0.8853514580727667}, "datetime": {"datetime": "2023-11-28 01:47:38", "elapsed": 0.0, "delta": 0.0}}
{"target": 0.9071428571428571, "params": {"activation_function": 1.444693021614491, "amount_of_layers": 1.0204482537867552, "batch_size": 147.4807032145807, "dropout_rate": 0.4217099253835808, "epochs": 28.004378753478814, "hidden_channels": 53.54103840946474, "learning_rate": 0.00148954755636035, "optimizer": 1.4734136605345378, "pooling_algorithm": 0.9558068694855607}, "datetime": {"datetime": "2023-11-28 01:47:39", "elapsed": 0.433422, "delta": 0.433422}}
{"target": 0.8392857142857143, "params": {"activation_function": 1.641218742629155, "amount_of_layers": 3.759863968689751, "batch_size": 66.72495734591195, "dropout_rate": 0.6423818074849408, "epochs": 26.383987477110928, "hidden_channels": 72.16709434950309, "learning_rate": 0.017060376008594242, "optimizer": 0.5801394513842895, "pooling_algorithm": 0.04500817232778065}, "datetime": {"datetime": "2023-11-28 01:47:40", "elapsed": 1.225187, "delta": 0.791765}}
{"target": 0.5, "params": {"activation_function": 0.6643755146598793, "amount_of_layers": 6.892265729924384, "batch_size": 128.45433901824362, "dropout_rate": 0.6046808073064938, "epochs": 45.79621215605393, "hidden_channels": 126.23723286926548, "learning_rate": 0.03941232749649902, "optimizer": 1.0063089638477218, "pooling_algorithm": 0.7635303253020219}, "datetime": {"datetime": "2023-11-28 01:47:41", "elapsed": 2.493082, "delta": 1.267895}}
{"target": 0.9035714285714286, "params": {"activation_function": 1.3674648990007492, "amount_of_layers": 6.775659051219257, "batch_size": 44.696380162361194, "dropout_rate": 0.6315462894869308, "epochs": 24.291069522470288, "hidden_channels": 80.13955630979345, "learning_rate": 0.043137412040963434, "optimizer": 0.46870217400772196, "pooling_algorithm": 0.5490287175813842}, "datetime": {"datetime": "2023-11-28 01:47:42", "elapsed": 3.635213, "delta": 1.142131}}
{"target": 0.12857142857142856, "params": {"activation_function": 1.1537995049603662, "amount_of_layers": 5.384130067000957, "batch_size": 36.7581409428579, "dropout_rate": 0.5662807405267526, "epochs": 30.737249312004835, "hidden_channels": 19.10810179715211, "learning_rate": 0.05012096258803269, "optimizer": 0.7544769871109365, "pooling_algorithm": 0.9790600142160379}, "datetime": {"datetime": "2023-11-28 01:47:43", "elapsed": 5.129373, "delta": 1.49416}}
{"target": 0.825, "params": {"activation_function": 1.426557987728042, "amount_of_layers": 1.4911258040931985, "batch_size": 136.6376436470421, "dropout_rate": 0.7236875962326186, "epochs": 167.55722577276936, "hidden_channels": 23.950615418493484, "learning_rate": 0.06566596495472359, "optimizer": 1.6130103902987762, "pooling_algorithm": 0.10111954326139305}, "datetime": {"datetime": "2023-11-28 01:47:46", "elapsed": 7.491359, "delta": 2.361986}}
{"target": 0.8214285714285714, "params": {"activation_function": 0.2022372280148821, "amount_of_layers": 2.86299862152924, "batch_size": 81.92344168325556, "dropout_rate": 0.43116864021473833, "epochs": 16.168172364635538, "hidden_channels": 29.679612650010604, "learning_rate": 0.01996658829697988, "optimizer": 0.7931178316538519, "pooling_algorithm": 0.21256251941186555}, "datetime": {"datetime": "2023-11-28 01:47:46", "elapsed": 7.833506, "delta": 0.342147}}
{"target": 0.39642857142857146, "params": {"activation_function": 0.4055232371188544, "amount_of_layers": 8.361370595786958, "batch_size": 81.06728550235536, "dropout_rate": 0.36022261702977065, "epochs": 31.108726093636147, "hidden_channels": 7.5043758869428725, "learning_rate": 0.023576572743504394, "optimizer": 0.030671664718826985, "pooling_algorithm": 0.07428594660694177}, "datetime": {"datetime": "2023-11-28 01:47:47", "elapsed": 8.740759, "delta": 0.907253}}
{"target": 0.75, "params": {"activation_function": 0.9978862627381226, "amount_of_layers": 3.399206896981555, "batch_size": 20.420327721857724, "dropout_rate": 0.2732607200639901, "epochs": 125.26438278225257, "hidden_channels": 94.1924760377917, "learning_rate": 0.046161973973534304, "optimizer": 0.12142404695151443, "pooling_algorithm": 0.31337648089185166}, "datetime": {"datetime": "2023-11-28 01:47:54", "elapsed": 15.375126, "delta": 6.634367}}
{"target": 0.825, "params": {"activation_function": 0.028113765012308445, "amount_of_layers": 7.508771190141064, "batch_size": 36.48788190741166, "dropout_rate": 0.29095757681909457, "epochs": 60.46879213162647, "hidden_channels": 35.16040610175838, "learning_rate": 0.09355798293514091, "optimizer": 0.21181161935915638, "pooling_algorithm": 0.21618200929265974}, "datetime": {"datetime": "2023-11-28 01:47:57", "elapsed": 18.964777, "delta": 3.589651}}
{"target": 0.39999999999999997, "params": {"activation_function": 0.4032076060781793, "amount_of_layers": 6.396593478748495, "batch_size": 38.39719637332556, "dropout_rate": 0.48906931074046917, "epochs": 139.41233541551824, "hidden_channels": 31.178950781526265, "learning_rate": 0.04011290777794915, "optimizer": 0.4080490382154973, "pooling_algorithm": 0.20128377801080266}, "datetime": {"datetime": "2023-11-28 01:48:03", "elapsed": 24.599241, "delta": 5.634464}}
{"target": 0.5, "params": {"activation_function": 0.6882109152746174, "amount_of_layers": 6.462814991601722, "batch_size": 133.69654615938236, "dropout_rate": 0.4753328801719292, "epochs": 165.84593722747562, "hidden_channels": 89.29815834971807, "learning_rate": 0.08051831574438763, "optimizer": 0.5224496823555402, "pooling_algorithm": 0.5732113899087066}, "datetime": {"datetime": "2023-11-28 01:48:07", "elapsed": 28.522649, "delta": 3.923408}}
{"target": 0.9035714285714285, "params": {"activation_function": 0.3093218041313861, "amount_of_layers": 8.608195892130844, "batch_size": 41.02831582425125, "dropout_rate": 0.27551970981860324, "epochs": 59.71677799778686, "hidden_channels": 25.08537081888352, "learning_rate": 0.08156935273098578, "optimizer": 0.27927298185288363, "pooling_algorithm": 0.7179328709941705}, "datetime": {"datetime": "2023-11-28 01:48:10", "elapsed": 31.686655, "delta": 3.164006}}
{"target": 0.9107142857142857, "params": {"activation_function": 0.8542511255364944, "amount_of_layers": 2.485807546737192, "batch_size": 35.74000896270678, "dropout_rate": 0.5074935639372542, "epochs": 186.06191615614338, "hidden_channels": 5.215670657154212, "learning_rate": 0.01508537551705973, "optimizer": 0.7229310014319947, "pooling_algorithm": 0.9581740162378465}, "datetime": {"datetime": "2023-11-28 01:48:16", "elapsed": 37.483854, "delta": 5.797199}}
{"target": 0.16785714285714284, "params": {"activation_function": 0.07239977243440787, "amount_of_layers": 5.973536784629202, "batch_size": 61.17890929218814, "dropout_rate": 0.5462926366449823, "epochs": 199.73878892744912, "hidden_channels": 57.29836151626155, "learning_rate": 0.0956707757471092, "optimizer": 0.31400388761590925, "pooling_algorithm": 0.2170628820644176}, "datetime": {"datetime": "2023-11-28 01:48:22", "elapsed": 43.877909, "delta": 6.394055}}
{"target": 0.5, "params": {"activation_function": 0.09186961918976655, "amount_of_layers": 1.4808188306684809, "batch_size": 84.80570769525475, "dropout_rate": 0.30732049361072067, "epochs": 175.27870818939363, "hidden_channels": 110.33622841596927, "learning_rate": 0.04500348513324823, "optimizer": 1.918262645133518, "pooling_algorithm": 0.9464695019162108}, "datetime": {"datetime": "2023-11-28 01:48:25", "elapsed": 46.35929, "delta": 2.481381}}
{"target": 0.825, "params": {"activation_function": 0.028562895349623085, "amount_of_layers": 7.603142901349499, "batch_size": 97.64698963995966, "dropout_rate": 0.6393199313227985, "epochs": 94.81068899245658, "hidden_channels": 92.61364542687544, "learning_rate": 0.012042656617710389, "optimizer": 0.9818291271695738, "pooling_algorithm": 0.2760930363336408}, "datetime": {"datetime": "2023-11-28 01:48:27", "elapsed": 49.15426, "delta": 2.79497}}
{"target": 0.5, "params": {"activation_function": 0.6283250063951169, "amount_of_layers": 4.592017734564444, "batch_size": 40.613735922333994, "dropout_rate": 0.5445806058301578, "epochs": 98.32757637269435, "hidden_channels": 54.872276401500436, "learning_rate": 0.07783546722086833, "optimizer": 1.1466831021381867, "pooling_algorithm": 0.588272062957395}, "datetime": {"datetime": "2023-11-28 01:48:31", "elapsed": 52.940561, "delta": 3.786301}}
{"target": 0.5, "params": {"activation_function": 1.3089144104109467, "amount_of_layers": 4.4415468382737915, "batch_size": 24.125400772805197, "dropout_rate": 0.623461853368285, "epochs": 181.997511224509, "hidden_channels": 76.50071722308752, "learning_rate": 0.02643963516702668, "optimizer": 0.8139019355593666, "pooling_algorithm": 0.5562678441278249}, "datetime": {"datetime": "2023-11-28 01:48:41", "elapsed": 62.876943, "delta": 9.936382}}
{"target": 0.5, "params": {"activation_function": 1.3414907388795678, "amount_of_layers": 8.511820887039145, "batch_size": 98.87234681458418, "dropout_rate": 0.6145038187352349, "epochs": 93.53837326152846, "hidden_channels": 92.79859078456339, "learning_rate": 0.05902596488673045, "optimizer": 1.3202288692181674, "pooling_algorithm": 0.8629874424801146}, "datetime": {"datetime": "2023-11-28 01:48:44", "elapsed": 65.779158, "delta": 2.902215}}
{"target": 0.9071428571428573, "params": {"activation_function": 0.8462207983649324, "amount_of_layers": 3.174013141553126, "batch_size": 79.67644007169434, "dropout_rate": 0.43028955017915943, "epochs": 96.51460736353715, "hidden_channels": 106.47492711090038, "learning_rate": 0.05646469059476191, "optimizer": 0.3639917823591108, "pooling_algorithm": 0.7459169797226282}, "datetime": {"datetime": "2023-11-28 01:48:46", "elapsed": 67.579805, "delta": 1.800647}}
{"target": 0.5, "params": {"activation_function": 0.5591043108772944, "amount_of_layers": 4.56641964420176, "batch_size": 99.12204406064411, "dropout_rate": 0.6630715702601162, "epochs": 50.814222379078814, "hidden_channels": 64.17015436272064, "learning_rate": 0.04796254132073468, "optimizer": 1.9832697746946246, "pooling_algorithm": 0.8297310565656424}, "datetime": {"datetime": "2023-11-28 01:48:47", "elapsed": 68.784898, "delta": 1.205093}}
{"target": 0.5142857142857142, "params": {"activation_function": 0.9009216612061628, "amount_of_layers": 2.1969834227110123, "batch_size": 58.812294653948804, "dropout_rate": 0.3488029893164117, "epochs": 21.157452747810687, "hidden_channels": 77.55273386930217, "learning_rate": 0.017603271216653765, "optimizer": 0.3092858020081808, "pooling_algorithm": 0.04287557352955007}, "datetime": {"datetime": "2023-11-28 01:48:48", "elapsed": 69.325265, "delta": 0.540367}}
{"target": 0.8714285714285714, "params": {"activation_function": 0.6434515004873775, "amount_of_layers": 2.271140491015231, "batch_size": 20.195276352528712, "dropout_rate": 0.39597357948517553, "epochs": 16.94481085207816, "hidden_channels": 25.207793410410588, "learning_rate": 0.01787755952743023, "optimizer": 0.6406160594792809, "pooling_algorithm": 0.675493344969399}, "datetime": {"datetime": "2023-11-28 01:48:49", "elapsed": 70.254537, "delta": 0.929272}}
{"target": 0.0, "params": {"activation_function": 1.6112526520695036, "amount_of_layers": 5.258384674266025, "batch_size": 79.28311619998556, "dropout_rate": 0.5517166120144943, "epochs": 128.46318344962066, "hidden_channels": 64.6954357239525, "learning_rate": 0.038793263996309356, "optimizer": 1.7606771085793607, "pooling_algorithm": 0.19145080503634992}, "datetime": {"datetime": "2023-11-28 01:48:51", "elapsed": 73.154379, "delta": 2.899842}}
{"target": 0.5, "params": {"activation_function": 0.08243562623433842, "amount_of_layers": 2.058113062822674, "batch_size": 30.67838440473086, "dropout_rate": 0.6467278913030008, "epochs": 131.67667041443985, "hidden_channels": 70.2609960071037, "learning_rate": 0.07017509720821513, "optimizer": 1.709608151163143, "pooling_algorithm": 0.8873209880281142}, "datetime": {"datetime": "2023-11-28 01:48:56", "elapsed": 77.313036, "delta": 4.158657}}
{"target": 0.8321428571428572, "params": {"activation_function": 1.8005807967764054, "amount_of_layers": 5.081116386566861, "batch_size": 57.84489863425635, "dropout_rate": 0.4154039471515399, "epochs": 121.25422978313391, "hidden_channels": 44.20191030683007, "learning_rate": 0.020834343085253657, "optimizer": 0.7777783392054121, "pooling_algorithm": 0.4973053434533612}, "datetime": {"datetime": "2023-11-28 01:48:59", "elapsed": 81.123744, "delta": 3.810708}}
{"target": 0.2660714285714285, "params": {"activation_function": 1.8026433017588923, "amount_of_layers": 5.83175149852746, "batch_size": 134.88216650779384, "dropout_rate": 0.5718643444760134, "epochs": 114.69576071442664, "hidden_channels": 41.68752467213348, "learning_rate": 0.09864119832075287, "optimizer": 0.8595744561231671, "pooling_algorithm": 0.23169863115863887}, "datetime": {"datetime": "2023-11-28 01:49:02", "elapsed": 83.971221, "delta": 2.847477}}
{"target": 0.16785714285714282, "params": {"activation_function": 1.8942024883973823, "amount_of_layers": 7.5476383042784, "batch_size": 69.35630465928375, "dropout_rate": 0.40247779877093126, "epochs": 39.00304985218521, "hidden_channels": 36.9369306799442, "learning_rate": 0.03510447979780187, "optimizer": 1.1280749487289996, "pooling_algorithm": 0.9638565636598575}, "datetime": {"datetime": "2023-11-28 01:49:04", "elapsed": 85.607113, "delta": 1.635892}}
{"target": 0.6, "params": {"activation_function": 1.3989066529046537, "amount_of_layers": 2.364675798405865, "batch_size": 119.89712628485246, "dropout_rate": 0.3713475898603618, "epochs": 138.32164047634694, "hidden_channels": 17.152996661538698, "learning_rate": 0.019227817724758227, "optimizer": 1.7288868678960656, "pooling_algorithm": 0.7445530039309194}, "datetime": {"datetime": "2023-11-28 01:49:06", "elapsed": 87.880877, "delta": 2.273764}}
{"target": 0.5, "params": {"activation_function": 0.6388091481218854, "amount_of_layers": 4.4010565006149225, "batch_size": 46.019396538257205, "dropout_rate": 0.4315551577497253, "epochs": 95.15265112112884, "hidden_channels": 90.92348482593437, "learning_rate": 0.059505438654340125, "optimizer": 1.2909362984105826, "pooling_algorithm": 0.8887163690013827}, "datetime": {"datetime": "2023-11-28 01:49:10", "elapsed": 91.274195, "delta": 3.393318}}
{"target": 0.8714285714285714, "params": {"activation_function": 1.7032632731177821, "amount_of_layers": 5.757822924005191, "batch_size": 64.49366342851717, "dropout_rate": 0.514277365394646, "epochs": 59.412789360649874, "hidden_channels": 28.844815361726177, "learning_rate": 0.018400542606657896, "optimizer": 0.2298026220781808, "pooling_algorithm": 0.7016768694148111}, "datetime": {"datetime": "2023-11-28 01:49:12", "elapsed": 93.294569, "delta": 2.020374}}
{"target": 0.9035714285714287, "params": {"activation_function": 0.889528157490785, "amount_of_layers": 6.529146886131797, "batch_size": 88.9850569663923, "dropout_rate": 0.5010446690313525, "epochs": 115.85100329210978, "hidden_channels": 116.77254715897266, "learning_rate": 0.03964245078738304, "optimizer": 0.1294158076426517, "pooling_algorithm": 0.5878747800154593}, "datetime": {"datetime": "2023-11-28 01:49:15", "elapsed": 96.307144, "delta": 3.012575}}
{"target": 0.5, "params": {"activation_function": 0.4749501611968394, "amount_of_layers": 7.247986964856196, "batch_size": 105.3283313060333, "dropout_rate": 0.3403485840612229, "epochs": 167.83185996705578, "hidden_channels": 44.98327212879545, "learning_rate": 0.02065593472907735, "optimizer": 1.711425596075193, "pooling_algorithm": 0.47431905492778625}, "datetime": {"datetime": "2023-11-28 01:49:19", "elapsed": 100.714951, "delta": 4.407807}}
{"target": 0.5, "params": {"activation_function": 1.7433339753140302, "amount_of_layers": 7.465997132466491, "batch_size": 131.93781229567577, "dropout_rate": 0.6194982694273377, "epochs": 105.03860964889849, "hidden_channels": 39.06468266313605, "learning_rate": 0.03048682969429661, "optimizer": 1.5583275152009588, "pooling_algorithm": 0.94405301708053}, "datetime": {"datetime": "2023-11-28 01:49:22", "elapsed": 103.43735, "delta": 2.722399}}
{"target": 0.7392857142857143, "params": {"activation_function": 0.9325712448419232, "amount_of_layers": 8.212302933856758, "batch_size": 120.43364562531858, "dropout_rate": 0.5748267008335397, "epochs": 169.85600987516952, "hidden_channels": 34.01199175188109, "learning_rate": 0.031101544803066268, "optimizer": 1.755333552134189, "pooling_algorithm": 0.2397492496195539}, "datetime": {"datetime": "2023-11-28 01:49:27", "elapsed": 108.226414, "delta": 4.789064}}
{"target": 0.5, "params": {"activation_function": 1.3199053345462248, "amount_of_layers": 5.049883538215469, "batch_size": 79.56776404256965, "dropout_rate": 0.6579909744555421, "epochs": 170.69972500084458, "hidden_channels": 32.7386094842104, "learning_rate": 0.0543235611326795, "optimizer": 1.5990058508317129, "pooling_algorithm": 0.8292584622285358}, "datetime": {"datetime": "2023-11-28 01:49:30", "elapsed": 112.060204, "delta": 3.83379}}
{"target": 0.5, "params": {"activation_function": 0.7161018212796872, "amount_of_layers": 5.433553760885069, "batch_size": 67.03769590880661, "dropout_rate": 0.721575590121039, "epochs": 30.448875964141894, "hidden_channels": 72.72705709672199, "learning_rate": 0.07972069022337547, "optimizer": 0.7828967654889498, "pooling_algorithm": 0.9667209291343146}, "datetime": {"datetime": "2023-11-28 01:49:31", "elapsed": 113.102053, "delta": 1.041849}}
{"target": 0.9107142857142857, "params": {"activation_function": 0.2391098788298538, "amount_of_layers": 4.235057641170343, "batch_size": 70.21086597006551, "dropout_rate": 0.3160224780174145, "epochs": 183.96106320663054, "hidden_channels": 35.86400833886083, "learning_rate": 0.0865730821269264, "optimizer": 0.3703783438927035, "pooling_algorithm": 0.7772060705708506}, "datetime": {"datetime": "2023-11-28 01:49:36", "elapsed": 118.030988, "delta": 4.928935}}
{"target": 0.875, "params": {"activation_function": 1.542546755208263, "amount_of_layers": 2.10138893551958, "batch_size": 142.4992953938101, "dropout_rate": 0.6288688788813213, "epochs": 105.4517598531081, "hidden_channels": 18.80191231521421, "learning_rate": 0.04474014107304435, "optimizer": 0.33660843856105926, "pooling_algorithm": 0.6232713065537849}, "datetime": {"datetime": "2023-11-28 01:49:38", "elapsed": 119.73836, "delta": 1.707372}}
{"target": 0.0, "params": {"activation_function": 0.10409591009348973, "amount_of_layers": 2.6969189943642435, "batch_size": 16.190237034446177, "dropout_rate": 0.3477017720534359, "epochs": 188.79696054117548, "hidden_channels": 45.57933923711082, "learning_rate": 0.08153639531669328, "optimizer": 0.550280688349541, "pooling_algorithm": 0.6659342579169276}, "datetime": {"datetime": "2023-11-28 01:49:50", "elapsed": 132.142038, "delta": 12.403678}}
{"target": 0.8321428571428572, "params": {"activation_function": 0.30748175553272605, "amount_of_layers": 5.109354826788176, "batch_size": 117.22836198800493, "dropout_rate": 0.5422013528558627, "epochs": 198.45483424032744, "hidden_channels": 54.66617820015843, "learning_rate": 0.0027369664129512136, "optimizer": 0.17548701871353356, "pooling_algorithm": 0.14334071828361272}, "datetime": {"datetime": "2023-11-28 01:49:55", "elapsed": 136.558066, "delta": 4.416028}}
{"target": 0.5, "params": {"activation_function": 1.3292261565489716, "amount_of_layers": 7.241195445966751, "batch_size": 113.51577492075762, "dropout_rate": 0.6086383515325227, "epochs": 18.808703252667975, "hidden_channels": 109.16446525180851, "learning_rate": 0.01963190002794818, "optimizer": 1.4496239859854914, "pooling_algorithm": 0.6559516244897825}, "datetime": {"datetime": "2023-11-28 01:49:55", "elapsed": 137.192646, "delta": 0.63458}}
{"target": 0.9089285714285714, "params": {"activation_function": 0.10190375997635281, "amount_of_layers": 8.072419890500893, "batch_size": 62.482702002665924, "dropout_rate": 0.6702335786502445, "epochs": 189.9892256158727, "hidden_channels": 9.345999878865623, "learning_rate": 0.09993296197317222, "optimizer": 0.7393221708540523, "pooling_algorithm": 0.536577296554794}, "datetime": {"datetime": "2023-11-28 01:50:03", "elapsed": 144.540819, "delta": 7.348173}}
{"target": 0.2607142857142857, "params": {"activation_function": 1.6316809764305324, "amount_of_layers": 7.035790002529192, "batch_size": 136.81145572557335, "dropout_rate": 0.6950918851199093, "epochs": 154.22359720323388, "hidden_channels": 8.662758313302238, "learning_rate": 0.06961212679022977, "optimizer": 1.6194045016649268, "pooling_algorithm": 0.45149200607010254}, "datetime": {"datetime": "2023-11-28 01:50:07", "elapsed": 148.492683, "delta": 3.951864}}
{"target": 0.19999999999999998, "params": {"activation_function": 1.570140463240676, "amount_of_layers": 1.022239230388628, "batch_size": 77.56468803685593, "dropout_rate": 0.4763663700157348, "epochs": 33.250852956066595, "hidden_channels": 115.55215301403257, "learning_rate": 0.016334528480922254, "optimizer": 0.42133370298766737, "pooling_algorithm": 0.03727581930163015}, "datetime": {"datetime": "2023-11-28 01:50:07", "elapsed": 149.098084, "delta": 0.605401}}
{"target": 0.9142857142857144, "params": {"activation_function": 1.8453512798825251, "amount_of_layers": 1.9640997851605189, "batch_size": 83.31906875977792, "dropout_rate": 0.6127881544014844, "epochs": 69.6797504111957, "hidden_channels": 20.54035621327243, "learning_rate": 0.045227477135491134, "optimizer": 0.018874315412704457, "pooling_algorithm": 0.5807952425949529}, "datetime": {"datetime": "2023-11-28 01:50:09", "elapsed": 150.347787, "delta": 1.249703}}
