{"target": 0.5, "params": {"activation_function": 1.8171678771349007, "amount_of_layers": 3.06377313020198, "batch_size": 133.60578933976248, "dropout_rate": 0.6194827383349863, "epochs": 142.63453890229093, "hidden_channels": 68.61665179886776, "learning_rate": 0.09525885335669541, "optimizer": 1.8272890393707033, "pooling_algorithm": 0.07817447098310981}, "datetime": {"datetime": "2023-11-28 06:02:30", "elapsed": 0.0, "delta": 0.0}}
{"target": 0.3321428571428572, "params": {"activation_function": 1.564641057303196, "amount_of_layers": 1.9093229957834694, "batch_size": 101.87388913030976, "dropout_rate": 0.28988151229843045, "epochs": 54.07354775283758, "hidden_channels": 52.47203543085339, "learning_rate": 0.02443677229668484, "optimizer": 1.9967663352757978, "pooling_algorithm": 0.38934118793407635}, "datetime": {"datetime": "2023-11-28 06:02:31", "elapsed": 0.954329, "delta": 0.954329}}
{"target": 0.26607142857142857, "params": {"activation_function": 1.4476738750462574, "amount_of_layers": 4.613968393554504, "batch_size": 79.9010150187892, "dropout_rate": 0.522631906399958, "epochs": 92.23104243565193, "hidden_channels": 77.53384807010585, "learning_rate": 0.011392138262025852, "optimizer": 1.7222033861961787, "pooling_algorithm": 0.30803539773781674}, "datetime": {"datetime": "2023-11-28 06:02:33", "elapsed": 3.043572, "delta": 2.089243}}
{"target": 0.26249999999999996, "params": {"activation_function": 0.9734278691205434, "amount_of_layers": 2.6806444309161463, "batch_size": 99.09174813748723, "dropout_rate": 0.42066919255313767, "epochs": 103.96704873662998, "hidden_channels": 42.797805403770155, "learning_rate": 0.0423429608392979, "optimizer": 1.520344064868085, "pooling_algorithm": 0.04094062978063273}, "datetime": {"datetime": "2023-11-28 06:02:35", "elapsed": 5.130862, "delta": 2.08729}}
{"target": 0.5, "params": {"activation_function": 0.9997337502842063, "amount_of_layers": 7.501553300190157, "batch_size": 85.72598890350443, "dropout_rate": 0.4657542948513914, "epochs": 150.35147619748093, "hidden_channels": 96.37540863444723, "learning_rate": 0.08820353115524611, "optimizer": 1.9650392663445537, "pooling_algorithm": 0.2199034514388688}, "datetime": {"datetime": "2023-11-28 06:02:39", "elapsed": 9.298692, "delta": 4.16783}}
{"target": 0.5, "params": {"activation_function": 0.18658223417057584, "amount_of_layers": 2.165817841538048, "batch_size": 71.05483710647732, "dropout_rate": 0.4290978497617043, "epochs": 194.63654845763483, "hidden_channels": 85.8393469120473, "learning_rate": 0.06750000844767313, "optimizer": 1.4801563330944967, "pooling_algorithm": 0.6370614104488073}, "datetime": {"datetime": "2023-11-28 06:02:44", "elapsed": 13.48273, "delta": 4.184038}}
{"target": 0.8214285714285715, "params": {"activation_function": 1.7947149764809078, "amount_of_layers": 3.5532905288395025, "batch_size": 31.828164186597256, "dropout_rate": 0.36494752558869514, "epochs": 29.55364950988396, "hidden_channels": 124.49738955107172, "learning_rate": 0.0468659315229878, "optimizer": 0.4272399850725537, "pooling_algorithm": 0.4540877825748122}, "datetime": {"datetime": "2023-11-28 06:02:45", "elapsed": 14.771347, "delta": 1.288617}}
{"target": 0.7464285714285713, "params": {"activation_function": 1.9988469062680045, "amount_of_layers": 1.7915123194506783, "batch_size": 47.803264854328475, "dropout_rate": 0.31717335469317665, "epochs": 147.67440177127799, "hidden_channels": 47.2042396000472, "learning_rate": 0.009728435025752831, "optimizer": 1.6719534531230924, "pooling_algorithm": 0.11909974554954272}, "datetime": {"datetime": "2023-11-28 06:02:49", "elapsed": 18.683279, "delta": 3.911932}}
{"target": 0.0, "params": {"activation_function": 0.07003936978004877, "amount_of_layers": 2.453078094066205, "batch_size": 146.3421410396838, "dropout_rate": 0.3565355976264802, "epochs": 105.09360393152372, "hidden_channels": 108.44294674134588, "learning_rate": 0.04650355737720872, "optimizer": 1.5751305742395516, "pooling_algorithm": 0.19266910629547196}, "datetime": {"datetime": "2023-11-28 06:02:51", "elapsed": 20.364567, "delta": 1.681288}}
{"target": 0.7964285714285715, "params": {"activation_function": 0.41133178299795725, "amount_of_layers": 8.21224102590133, "batch_size": 100.16086498493058, "dropout_rate": 0.42319334834561134, "epochs": 97.68377287195345, "hidden_channels": 79.51892438266725, "learning_rate": 0.016930945916197638, "optimizer": 1.4516967204981723, "pooling_algorithm": 0.1598687502803553}, "datetime": {"datetime": "2023-11-28 06:02:53", "elapsed": 23.201987, "delta": 2.83742}}
{"target": 0.65, "params": {"activation_function": 0.8741236232199168, "amount_of_layers": 3.6593517629081393, "batch_size": 65.67562316634883, "dropout_rate": 0.5264058986333497, "epochs": 45.142371331885116, "hidden_channels": 42.88053605815256, "learning_rate": 0.010084073630826904, "optimizer": 1.5526060772706145, "pooling_algorithm": 0.6660997327318718}, "datetime": {"datetime": "2023-11-28 06:02:55", "elapsed": 24.467037, "delta": 1.26505}}
{"target": 0.8107142857142856, "params": {"activation_function": 0.7989712324342773, "amount_of_layers": 3.079208842747226, "batch_size": 100.06487295682268, "dropout_rate": 0.6780143595265019, "epochs": 98.10451611076655, "hidden_channels": 41.65189500296869, "learning_rate": 0.016434830146053743, "optimizer": 0.9405244278704676, "pooling_algorithm": 0.24417065779564617}, "datetime": {"datetime": "2023-11-28 06:02:57", "elapsed": 26.320847, "delta": 1.85381}}
{"target": 0.8285714285714286, "params": {"activation_function": 0.7096245579394527, "amount_of_layers": 4.873612427210751, "batch_size": 136.105696733819, "dropout_rate": 0.34453124824065195, "epochs": 32.04392639849965, "hidden_channels": 38.3677050775437, "learning_rate": 0.015541899874287776, "optimizer": 1.2303676455088555, "pooling_algorithm": 0.950858363015803}, "datetime": {"datetime": "2023-11-28 06:02:57", "elapsed": 27.070827, "delta": 0.74998}}
{"target": 0.35, "params": {"activation_function": 1.9797583626834059, "amount_of_layers": 3.7415588416911856, "batch_size": 117.36261106864468, "dropout_rate": 0.37114380466216407, "epochs": 133.0886003581153, "hidden_channels": 35.621442677652595, "learning_rate": 0.047512308564717436, "optimizer": 1.2332953360010868, "pooling_algorithm": 0.7554190461000033}, "datetime": {"datetime": "2023-11-28 06:03:00", "elapsed": 29.75524, "delta": 2.684413}}
{"target": 0.5, "params": {"activation_function": 0.36664807610819317, "amount_of_layers": 3.1916780590008003, "batch_size": 67.75437319488202, "dropout_rate": 0.6009072750133562, "epochs": 196.2965660125929, "hidden_channels": 42.299167689893466, "learning_rate": 0.08374268815531441, "optimizer": 1.590482917738835, "pooling_algorithm": 0.4183498324807682}, "datetime": {"datetime": "2023-11-28 06:03:05", "elapsed": 34.469913, "delta": 4.714673}}
{"target": 0.5, "params": {"activation_function": 0.1192763758433899, "amount_of_layers": 4.002985068674056, "batch_size": 120.80917255833225, "dropout_rate": 0.5692046746837118, "epochs": 88.09163896579861, "hidden_channels": 13.409562178212287, "learning_rate": 0.0645125513241686, "optimizer": 1.8282614689013288, "pooling_algorithm": 0.17498817628383911}, "datetime": {"datetime": "2023-11-28 06:03:06", "elapsed": 36.254886, "delta": 1.784973}}
{"target": 0.7857142857142858, "params": {"activation_function": 1.6937360400094463, "amount_of_layers": 4.777057946822723, "batch_size": 97.94774582778764, "dropout_rate": 0.46234420144737226, "epochs": 144.13732984368397, "hidden_channels": 54.331815364867865, "learning_rate": 0.07188724111008624, "optimizer": 0.1507342182251974, "pooling_algorithm": 0.2931070554902915}, "datetime": {"datetime": "2023-11-28 06:03:10", "elapsed": 39.444934, "delta": 3.190048}}
{"target": 0.9, "params": {"activation_function": 1.7081216485495525, "amount_of_layers": 3.846697715249662, "batch_size": 83.45427453513484, "dropout_rate": 0.5307412766243866, "epochs": 115.53601207177154, "hidden_channels": 79.60266306155374, "learning_rate": 0.026745909747659315, "optimizer": 0.2587721231926061, "pooling_algorithm": 0.5079149947281442}, "datetime": {"datetime": "2023-11-28 06:03:12", "elapsed": 41.769919, "delta": 2.324985}}
{"target": 0.5, "params": {"activation_function": 0.9092584921060376, "amount_of_layers": 4.459712344384125, "batch_size": 93.8073880346045, "dropout_rate": 0.5940650494515126, "epochs": 61.70770352964928, "hidden_channels": 68.48462316124207, "learning_rate": 0.09994012607336988, "optimizer": 1.8259181246586518, "pooling_algorithm": 0.4255251628116705}, "datetime": {"datetime": "2023-11-28 06:03:13", "elapsed": 43.0842, "delta": 1.314281}}
{"target": 0.7357142857142858, "params": {"activation_function": 0.6871944426286529, "amount_of_layers": 3.711172478063033, "batch_size": 46.63197411851034, "dropout_rate": 0.7351241233305736, "epochs": 124.95467435561021, "hidden_channels": 68.17957832182884, "learning_rate": 0.018733125984978127, "optimizer": 1.6607168504057375, "pooling_algorithm": 0.12724114740895254}, "datetime": {"datetime": "2023-11-28 06:03:18", "elapsed": 47.343, "delta": 4.2588}}
{"target": 0.08928571428571429, "params": {"activation_function": 1.4967875005274198, "amount_of_layers": 3.2006488836123177, "batch_size": 29.779377714968753, "dropout_rate": 0.3713097691508483, "epochs": 14.44227760397822, "hidden_channels": 104.96320215044062, "learning_rate": 0.0036547768500492486, "optimizer": 1.816667346704012, "pooling_algorithm": 0.6624040211348575}, "datetime": {"datetime": "2023-11-28 06:03:18", "elapsed": 47.952181, "delta": 0.609181}}
{"target": 0.45, "params": {"activation_function": 1.872566776589376, "amount_of_layers": 2.6107647287676583, "batch_size": 131.10218574782104, "dropout_rate": 0.5180982583361063, "epochs": 81.24967234264048, "hidden_channels": 110.77971120104728, "learning_rate": 0.023200890769681685, "optimizer": 1.1604823337065464, "pooling_algorithm": 0.5441096556340791}, "datetime": {"datetime": "2023-11-28 06:03:20", "elapsed": 49.523861, "delta": 1.57168}}
{"target": 0.5, "params": {"activation_function": 0.4072890601689969, "amount_of_layers": 6.090711753242425, "batch_size": 78.53156754684383, "dropout_rate": 0.5424494782036187, "epochs": 19.60632876277925, "hidden_channels": 62.58696820847723, "learning_rate": 0.018546855285800638, "optimizer": 1.7300206645835943, "pooling_algorithm": 0.2885508864441604}, "datetime": {"datetime": "2023-11-28 06:03:20", "elapsed": 50.096781, "delta": 0.57292}}
{"target": 0.5, "params": {"activation_function": 0.2667926109257166, "amount_of_layers": 7.443101077193164, "batch_size": 63.87827745324604, "dropout_rate": 0.3853153091431013, "epochs": 195.7638352523317, "hidden_channels": 58.550387758835285, "learning_rate": 0.04549671387958821, "optimizer": 1.9433627160160523, "pooling_algorithm": 0.19380288813893531}, "datetime": {"datetime": "2023-11-28 06:03:27", "elapsed": 57.070356, "delta": 6.973575}}
{"target": 0.0, "params": {"activation_function": 1.3753871854373725, "amount_of_layers": 5.879460101708822, "batch_size": 59.25220871703546, "dropout_rate": 0.26874893042875403, "epochs": 36.213351541903606, "hidden_channels": 121.43054924253995, "learning_rate": 0.0864710587257243, "optimizer": 1.9753864441031035, "pooling_algorithm": 0.4920265907125596}, "datetime": {"datetime": "2023-11-28 06:03:29", "elapsed": 58.365919, "delta": 1.295563}}
{"target": 0.7375, "params": {"activation_function": 1.9716007588494708, "amount_of_layers": 6.953659051195723, "batch_size": 74.60519759306834, "dropout_rate": 0.6013651091336664, "epochs": 129.5031378884972, "hidden_channels": 20.470387691541465, "learning_rate": 0.07695941031370909, "optimizer": 1.3013524954766544, "pooling_algorithm": 0.35488471798643095}, "datetime": {"datetime": "2023-11-28 06:03:32", "elapsed": 61.787793, "delta": 3.421874}}
{"target": 0.9071428571428571, "params": {"activation_function": 1.2927513240173922, "amount_of_layers": 2.386233007567876, "batch_size": 89.5117680323776, "dropout_rate": 0.6890304782917118, "epochs": 36.477931341518556, "hidden_channels": 115.64248360385014, "learning_rate": 0.084195777322663, "optimizer": 0.21369554229012167, "pooling_algorithm": 0.8426543433473921}, "datetime": {"datetime": "2023-11-28 06:03:33", "elapsed": 62.449513, "delta": 0.66172}}
{"target": 0.5, "params": {"activation_function": 1.505599980646619, "amount_of_layers": 3.2753413145046766, "batch_size": 64.33270120163684, "dropout_rate": 0.669154263822426, "epochs": 168.1315495747716, "hidden_channels": 127.1933239016728, "learning_rate": 0.06201486945522859, "optimizer": 1.9427793693831465, "pooling_algorithm": 0.9079473150204712}, "datetime": {"datetime": "2023-11-28 06:03:37", "elapsed": 66.570699, "delta": 4.121186}}
{"target": 0.9089285714285714, "params": {"activation_function": 0.39025337595252085, "amount_of_layers": 7.502733456232288, "batch_size": 79.11648851186186, "dropout_rate": 0.5212552672569243, "epochs": 66.76631386563915, "hidden_channels": 14.351888646036306, "learning_rate": 0.04140139558761433, "optimizer": 1.3895249656832287, "pooling_algorithm": 0.6190296555246141}, "datetime": {"datetime": "2023-11-28 06:03:39", "elapsed": 68.53729, "delta": 1.966591}}
{"target": 0.7357142857142858, "params": {"activation_function": 1.3207824426986332, "amount_of_layers": 4.804136110895051, "batch_size": 33.23883907541319, "dropout_rate": 0.6749813614465021, "epochs": 171.67963768418645, "hidden_channels": 108.65935602037386, "learning_rate": 0.008287256523092175, "optimizer": 0.6656238209248073, "pooling_algorithm": 0.13719844744371534}, "datetime": {"datetime": "2023-11-28 06:03:47", "elapsed": 76.571733, "delta": 8.034443}}
{"target": 0.7357142857142858, "params": {"activation_function": 1.975574324008175, "amount_of_layers": 3.46244421701996, "batch_size": 45.04935438919031, "dropout_rate": 0.37467486541841727, "epochs": 98.74849350591344, "hidden_channels": 39.44334356664168, "learning_rate": 0.06824742387450003, "optimizer": 1.3982790086585233, "pooling_algorithm": 0.1279824957496024}, "datetime": {"datetime": "2023-11-28 06:03:50", "elapsed": 79.744247, "delta": 3.172514}}
{"target": 0.23214285714285715, "params": {"activation_function": 0.29864912026387747, "amount_of_layers": 6.270139734290323, "batch_size": 127.94481525482307, "dropout_rate": 0.49958246930885364, "epochs": 29.96429726523933, "hidden_channels": 125.50439819528472, "learning_rate": 0.03397279394321779, "optimizer": 0.21266105439073146, "pooling_algorithm": 0.24423867490736761}, "datetime": {"datetime": "2023-11-28 06:03:51", "elapsed": 80.580656, "delta": 0.836409}}
{"target": 0.5, "params": {"activation_function": 0.7384272174362463, "amount_of_layers": 2.4351898587508956, "batch_size": 66.98003379367775, "dropout_rate": 0.44382827977792766, "epochs": 44.27408955174478, "hidden_channels": 42.58114814515305, "learning_rate": 0.026496199345046274, "optimizer": 1.47052701993848, "pooling_algorithm": 0.5709214866772279}, "datetime": {"datetime": "2023-11-28 06:03:52", "elapsed": 81.63758, "delta": 1.056924}}
{"target": 0.9142857142857143, "params": {"activation_function": 1.5226164713895978, "amount_of_layers": 1.5891636218482184, "batch_size": 88.02940954435574, "dropout_rate": 0.7154519785836618, "epochs": 36.90529182499539, "hidden_channels": 114.20069716406687, "learning_rate": 0.08107848055600615, "optimizer": 0.233148598966438, "pooling_algorithm": 1.0}, "datetime": {"datetime": "2023-11-28 06:03:53", "elapsed": 82.350004, "delta": 0.712424}}
{"target": 0.5, "params": {"activation_function": 0.2508444615952481, "amount_of_layers": 5.477918427419642, "batch_size": 80.90023268992114, "dropout_rate": 0.542902664273742, "epochs": 70.25607027477726, "hidden_channels": 11.792147025674424, "learning_rate": 0.049534761544205205, "optimizer": 1.7692543033177746, "pooling_algorithm": 0.1836651559320608}, "datetime": {"datetime": "2023-11-28 06:03:54", "elapsed": 84.03498, "delta": 1.684976}}
{"target": 0.5, "params": {"activation_function": 1.4675521081345018, "amount_of_layers": 7.461197398138116, "batch_size": 80.65900619288878, "dropout_rate": 0.671149703490757, "epochs": 114.81216424728794, "hidden_channels": 81.28834471316407, "learning_rate": 0.04841974729558485, "optimizer": 0.9356907856184673, "pooling_algorithm": 0.6658997905924497}, "datetime": {"datetime": "2023-11-28 06:03:57", "elapsed": 87.176545, "delta": 3.141565}}
{"target": 0.9071428571428571, "params": {"activation_function": 0.19913863448840718, "amount_of_layers": 6.719960246114214, "batch_size": 79.80713232994566, "dropout_rate": 0.5517948616929063, "epochs": 65.02051738465235, "hidden_channels": 16.75816864865008, "learning_rate": 0.08536921063216171, "optimizer": 0.4855174323021374, "pooling_algorithm": 0.5094914988269014}, "datetime": {"datetime": "2023-11-28 06:03:59", "elapsed": 88.971357, "delta": 1.794812}}
{"target": 0.9035714285714286, "params": {"activation_function": 1.2081484417204753, "amount_of_layers": 3.5045900506234693, "batch_size": 90.22521505934547, "dropout_rate": 0.6824790449200884, "epochs": 35.37174570764005, "hidden_channels": 111.959074322929, "learning_rate": 0.07023635137413889, "optimizer": 0.34614199021882686, "pooling_algorithm": 0.6854921325294071}, "datetime": {"datetime": "2023-11-28 06:04:00", "elapsed": 89.828408, "delta": 0.857051}}
{"target": 0.9035714285714286, "params": {"activation_function": 0.7036269706464042, "amount_of_layers": 9.0, "batch_size": 76.28564625747548, "dropout_rate": 0.4685437293422379, "epochs": 63.79230192468558, "hidden_channels": 15.598384234138893, "learning_rate": 0.001, "optimizer": 1.6559599758827566, "pooling_algorithm": 1.0}, "datetime": {"datetime": "2023-11-28 06:04:02", "elapsed": 91.982304, "delta": 2.153896}}
{"target": 0.27142857142857146, "params": {"activation_function": 1.3719448560067453, "amount_of_layers": 4.152122966261578, "batch_size": 88.97734468418088, "dropout_rate": 0.7458046446751543, "epochs": 116.51878772641564, "hidden_channels": 77.99198100870107, "learning_rate": 0.043057532804923776, "optimizer": 0.20544576939303694, "pooling_algorithm": 0.3727711937840239}, "datetime": {"datetime": "2023-11-28 06:04:05", "elapsed": 94.480063, "delta": 2.497759}}
{"target": 0.8678571428571429, "params": {"activation_function": 2.0, "amount_of_layers": 9.0, "batch_size": 77.44213073422237, "dropout_rate": 0.5317861961899442, "epochs": 67.04228399839437, "hidden_channels": 17.299845436286493, "learning_rate": 0.04467687455244889, "optimizer": 0.02544616905879152, "pooling_algorithm": 1.0}, "datetime": {"datetime": "2023-11-28 06:04:07", "elapsed": 96.5829, "delta": 2.102837}}
{"target": 0.21250000000000002, "params": {"activation_function": 2.0, "amount_of_layers": 1.0, "batch_size": 80.73465708503986, "dropout_rate": 0.25, "epochs": 115.57041428845059, "hidden_channels": 78.4634528622898, "learning_rate": 0.001, "optimizer": 0.0, "pooling_algorithm": 0.3763070844095956}, "datetime": {"datetime": "2023-11-28 06:04:09", "elapsed": 98.39209, "delta": 1.80919}}
{"target": 0.0, "params": {"activation_function": 0.04172838317244443, "amount_of_layers": 7.352092133072563, "batch_size": 82.74425457224397, "dropout_rate": 0.3616424151980404, "epochs": 63.394226434189505, "hidden_channels": 15.399543080296523, "learning_rate": 0.08459744781864667, "optimizer": 1.6453406229066756, "pooling_algorithm": 0.6408307933215209}, "datetime": {"datetime": "2023-11-28 06:04:10", "elapsed": 100.12754, "delta": 1.73545}}
{"target": 0.7714285714285715, "params": {"activation_function": 1.7264520705274358, "amount_of_layers": 2.3611635528000336, "batch_size": 86.10188881691563, "dropout_rate": 0.6118083546047507, "epochs": 39.110331731329765, "hidden_channels": 118.1821379263145, "learning_rate": 0.029489793497137543, "optimizer": 1.1718208361026348, "pooling_algorithm": 0.8113075173302137}, "datetime": {"datetime": "2023-11-28 06:04:11", "elapsed": 100.886181, "delta": 0.758641}}
{"target": 0.2642857142857143, "params": {"activation_function": 1.3888058847464109, "amount_of_layers": 5.778256662201932, "batch_size": 138.55961491038659, "dropout_rate": 0.44526840851161215, "epochs": 31.033714356244356, "hidden_channels": 37.8974168151672, "learning_rate": 0.019542630646505525, "optimizer": 0.6979089038190327, "pooling_algorithm": 0.4133460719364457}, "datetime": {"datetime": "2023-11-28 06:04:12", "elapsed": 101.745437, "delta": 0.859256}}
{"target": 0.8946428571428572, "params": {"activation_function": 0.9244023905431535, "amount_of_layers": 8.990693961491685, "batch_size": 77.97463502073117, "dropout_rate": 0.32069033719749385, "epochs": 63.907628991831636, "hidden_channels": 14.777756783779083, "learning_rate": 0.09029428470681793, "optimizer": 0.03280853253075189, "pooling_algorithm": 0.7865753197444106}, "datetime": {"datetime": "2023-11-28 06:04:14", "elapsed": 103.70098, "delta": 1.955543}}
{"target": 0.5, "params": {"activation_function": 0.31424152750524437, "amount_of_layers": 7.141343900033674, "batch_size": 75.7558438653283, "dropout_rate": 0.32530198820313183, "epochs": 62.735040030957066, "hidden_channels": 15.884760639874726, "learning_rate": 0.04464328800839299, "optimizer": 0.8354045979073468, "pooling_algorithm": 0.8193739162076421}, "datetime": {"datetime": "2023-11-28 06:04:16", "elapsed": 105.391062, "delta": 1.690082}}
{"target": 0.5, "params": {"activation_function": 0.9519072656153562, "amount_of_layers": 4.720784750548411, "batch_size": 92.2929315440703, "dropout_rate": 0.5670081845025068, "epochs": 37.04457007271891, "hidden_channels": 113.02934366865279, "learning_rate": 0.02516254243840009, "optimizer": 0.9755961473679806, "pooling_algorithm": 0.9191918839060939}, "datetime": {"datetime": "2023-11-28 06:04:17", "elapsed": 106.446716, "delta": 1.055654}}
