{"target": 0.5, "params": {"activation_function": 0.9421355265899554, "amount_of_layers": 3.77389017285925, "batch_size": 40.50689115363771, "dropout_rate": 0.3553971390901199, "epochs": 35.28362985058473, "hidden_channels": 112.24832811861152, "learning_rate": 0.030310667035525492, "optimizer": 0.9423154317993083, "pooling_algorithm": 0.6632655552800797}, "datetime": {"datetime": "2023-11-28 07:32:47", "elapsed": 203.952239, "delta": 2.308462}}
{"target": 0.8928571428571428, "params": {"activation_function": 2.0, "amount_of_layers": 1.0, "batch_size": 95.21725248700902, "dropout_rate": 0.75, "epochs": 178.77025423562182, "hidden_channels": 26.69677736879339, "learning_rate": 0.001, "optimizer": 2.0, "pooling_algorithm": 1.0}, "datetime": {"datetime": "2023-11-28 07:32:50", "elapsed": 206.875744, "delta": 2.923505}}
{"target": 0.8428571428571429, "params": {"activation_function": 2.0, "amount_of_layers": 5.731897466657717, "batch_size": 91.28973082108811, "dropout_rate": 0.75, "epochs": 190.26447199342888, "hidden_channels": 38.3655748561764, "learning_rate": 0.001, "optimizer": 2.0, "pooling_algorithm": 1.0}, "datetime": {"datetime": "2023-11-28 07:32:55", "elapsed": 212.677383, "delta": 5.801639}}
{"target": 0.6964285714285714, "params": {"activation_function": 1.9174889345011756, "amount_of_layers": 8.0745808913833, "batch_size": 52.56062845134539, "dropout_rate": 0.3320757828868249, "epochs": 46.076224733449244, "hidden_channels": 103.57378318747824, "learning_rate": 0.07129984765204192, "optimizer": 1.420866528421864, "pooling_algorithm": 0.2547376965318713}, "datetime": {"datetime": "2023-11-28 07:32:59", "elapsed": 215.730556, "delta": 3.053173}}
{"target": 0.7410714285714286, "params": {"activation_function": 0.7578457908817287, "amount_of_layers": 4.515518148765805, "batch_size": 85.06485839709278, "dropout_rate": 0.6093844970670421, "epochs": 186.5424224219235, "hidden_channels": 43.1840365182277, "learning_rate": 0.05257642088233835, "optimizer": 0.5492592338469193, "pooling_algorithm": 0.3472071966811824}, "datetime": {"datetime": "2023-11-28 07:33:04", "elapsed": 221.131878, "delta": 5.401322}}
{"target": 0.8928571428571429, "params": {"activation_function": 0.0, "amount_of_layers": 1.0, "batch_size": 99.20621500017013, "dropout_rate": 0.75, "epochs": 190.83899644113964, "hidden_channels": 38.234533659615664, "learning_rate": 0.001, "optimizer": 0.0, "pooling_algorithm": 1.0}, "datetime": {"datetime": "2023-11-28 07:33:07", "elapsed": 224.344067, "delta": 3.212189}}
{"target": 0.9285714285714285, "params": {"activation_function": 2.0, "amount_of_layers": 9.0, "batch_size": 40.12608068582189, "dropout_rate": 0.75, "epochs": 24.951729587592276, "hidden_channels": 85.25416499926145, "learning_rate": 0.001, "optimizer": 0.0, "pooling_algorithm": 1.0}, "datetime": {"datetime": "2023-11-28 07:33:09", "elapsed": 226.534724, "delta": 2.190657}}
{"target": 0.18214285714285716, "params": {"activation_function": 2.0, "amount_of_layers": 1.0, "batch_size": 106.22557730898069, "dropout_rate": 0.75, "epochs": 187.53879677051955, "hidden_channels": 35.53066694903363, "learning_rate": 0.022055603598204958, "optimizer": 2.0, "pooling_algorithm": 1.0}, "datetime": {"datetime": "2023-11-28 07:33:13", "elapsed": 229.782578, "delta": 3.247854}}
{"target": 0.9196428571428572, "params": {"activation_function": 0.0, "amount_of_layers": 1.0, "batch_size": 93.69180751921093, "dropout_rate": 0.75, "epochs": 194.66030266987113, "hidden_channels": 41.86031243240121, "learning_rate": 0.1, "optimizer": 0.0, "pooling_algorithm": 1.0}, "datetime": {"datetime": "2023-11-28 07:33:16", "elapsed": 233.01929, "delta": 3.236712}}
{"target": 0.8053571428571429, "params": {"activation_function": 0.0, "amount_of_layers": 1.0, "batch_size": 99.71405345523772, "dropout_rate": 0.25, "epochs": 172.18236309512145, "hidden_channels": 25.356090050192208, "learning_rate": 0.1, "optimizer": 0.0, "pooling_algorithm": 0.0}, "datetime": {"datetime": "2023-11-28 07:33:19", "elapsed": 235.780733, "delta": 2.761443}}
{"target": 0.7410714285714286, "params": {"activation_function": 1.0318153589601975, "amount_of_layers": 1.1986697073909518, "batch_size": 23.367801559388663, "dropout_rate": 0.47705025771856024, "epochs": 164.03031059596236, "hidden_channels": 74.27649551641406, "learning_rate": 0.0980626411850977, "optimizer": 0.35716978022985324, "pooling_algorithm": 0.26650762500140635}, "datetime": {"datetime": "2023-11-28 07:33:24", "elapsed": 240.794027, "delta": 5.013294}}
{"target": 0.9071428571428571, "params": {"activation_function": 1.6613902203194444, "amount_of_layers": 8.511158489818587, "batch_size": 19.11318024090066, "dropout_rate": 0.6680865710594803, "epochs": 175.2339703575362, "hidden_channels": 72.51174522565789, "learning_rate": 0.06461354116127742, "optimizer": 0.2521169442076008, "pooling_algorithm": 0.5739946121801398}, "datetime": {"datetime": "2023-11-28 07:33:38", "elapsed": 255.683977, "delta": 14.88995}}
{"target": 0.8321428571428571, "params": {"activation_function": 1.9965266596804019, "amount_of_layers": 8.607682534267287, "batch_size": 27.48506710837543, "dropout_rate": 0.7476826781489516, "epochs": 173.15436642846964, "hidden_channels": 72.40709540236111, "learning_rate": 0.001, "optimizer": 1.391354051423555, "pooling_algorithm": 0.9945178126397577}, "datetime": {"datetime": "2023-11-28 07:33:52", "elapsed": 269.07032, "delta": 13.386343}}
{"target": 0.5, "params": {"activation_function": 1.2698251600222101, "amount_of_layers": 4.690317841820005, "batch_size": 21.82737190105509, "dropout_rate": 0.42665234493323506, "epochs": 174.9487751879682, "hidden_channels": 79.85284246558793, "learning_rate": 0.049037513136573625, "optimizer": 1.643191199991392, "pooling_algorithm": 0.7780561426869606}, "datetime": {"datetime": "2023-11-28 07:34:05", "elapsed": 282.675507, "delta": 13.605187}}
{"target": 0.9107142857142858, "params": {"activation_function": 0.46926652354193865, "amount_of_layers": 5.095121565538752, "batch_size": 18.981861304930348, "dropout_rate": 0.3281557455386685, "epochs": 169.29307732607012, "hidden_channels": 70.21266313973499, "learning_rate": 0.028536526367446163, "optimizer": 0.2029743779005193, "pooling_algorithm": 0.7167395924078156}, "datetime": {"datetime": "2023-11-28 07:34:15", "elapsed": 292.563517, "delta": 9.88801}}
{"target": 0.8892857142857143, "params": {"activation_function": 2.0, "amount_of_layers": 9.0, "batch_size": 16.0, "dropout_rate": 0.75, "epochs": 163.38321937427247, "hidden_channels": 72.22158377480454, "learning_rate": 0.001, "optimizer": 0.0, "pooling_algorithm": 1.0}, "datetime": {"datetime": "2023-11-28 07:34:31", "elapsed": 308.25406, "delta": 15.690543}}
{"target": 0.7535714285714286, "params": {"activation_function": 2.0, "amount_of_layers": 9.0, "batch_size": 23.971441489369774, "dropout_rate": 0.75, "epochs": 165.6230237637772, "hidden_channels": 67.5365957109358, "learning_rate": 0.1, "optimizer": 0.0, "pooling_algorithm": 0.0}, "datetime": {"datetime": "2023-11-28 07:34:44", "elapsed": 321.361775, "delta": 13.107715}}
{"target": 0.9053571428571429, "params": {"activation_function": 2.0, "amount_of_layers": 9.0, "batch_size": 16.0, "dropout_rate": 0.75, "epochs": 173.73422928174995, "hidden_channels": 64.79137685113552, "learning_rate": 0.001, "optimizer": 2.0, "pooling_algorithm": 1.0}, "datetime": {"datetime": "2023-11-28 07:35:02", "elapsed": 339.225266, "delta": 17.863491}}
{"target": 0.5, "params": {"activation_function": 0.7482524226268112, "amount_of_layers": 8.49543026781267, "batch_size": 22.064623666980054, "dropout_rate": 0.257861501278856, "epochs": 176.72766927297235, "hidden_channels": 62.494957013592185, "learning_rate": 0.06349065944306201, "optimizer": 1.259388823271844, "pooling_algorithm": 0.7294306080117272}, "datetime": {"datetime": "2023-11-28 07:35:17", "elapsed": 354.48694, "delta": 15.261674}}
{"target": 0.8999999999999999, "params": {"activation_function": 0.8223504138972881, "amount_of_layers": 4.59034829496131, "batch_size": 100.2276839185578, "dropout_rate": 0.5903215071156713, "epochs": 199.6955589484736, "hidden_channels": 45.401960641823734, "learning_rate": 0.08993151041289599, "optimizer": 0.04180204516919184, "pooling_algorithm": 0.9576759709373558}, "datetime": {"datetime": "2023-11-28 07:35:23", "elapsed": 360.135415, "delta": 5.648475}}
{"target": 0.7410714285714286, "params": {"activation_function": 0.8203238409554237, "amount_of_layers": 3.2422438163681635, "batch_size": 94.17671900238285, "dropout_rate": 0.4738341371254723, "epochs": 199.7527680783617, "hidden_channels": 36.45205248780685, "learning_rate": 0.09815787343192617, "optimizer": 1.251120721468062, "pooling_algorithm": 0.12714235190303458}, "datetime": {"datetime": "2023-11-28 07:35:27", "elapsed": 364.622894, "delta": 4.487479}}
