{"target": 0.44285714285714284, "params": {"activation_function": 0.8390172326974112, "amount_of_layers": 2.0372868742781662, "batch_size": 30.680520497261718, "dropout_rate": 0.3211217574388964, "epochs": 93.46094549789095, "hidden_channels": 95.76204931079997, "learning_rate": 0.021053826284627885, "optimizer": 0.6223143822917561, "pooling_algorithm": 0.5581307044428209}, "datetime": {"datetime": "2023-11-28 04:03:12", "elapsed": 0.0, "delta": 0.0}}
{"target": 0.7892857142857143, "params": {"activation_function": 1.7921037200044803, "amount_of_layers": 3.975617726108797, "batch_size": 141.89803269759378, "dropout_rate": 0.4079400679740517, "epochs": 156.63487083740145, "hidden_channels": 90.75366308442248, "learning_rate": 0.09297619466914121, "optimizer": 0.2445888618774188, "pooling_algorithm": 0.4390126506871298}, "datetime": {"datetime": "2023-11-28 04:03:15", "elapsed": 3.074321, "delta": 3.074321}}
{"target": 0.5, "params": {"activation_function": 0.9322799154992387, "amount_of_layers": 4.718865165774722, "batch_size": 82.51424638355432, "dropout_rate": 0.5160707998367786, "epochs": 81.43579108530521, "hidden_channels": 24.684199071753326, "learning_rate": 0.036164668455609214, "optimizer": 1.9515533508745004, "pooling_algorithm": 0.8611015636856173}, "datetime": {"datetime": "2023-11-28 04:03:17", "elapsed": 4.876554, "delta": 1.802233}}
{"target": 0.9142857142857144, "params": {"activation_function": 1.7326888230661004, "amount_of_layers": 6.336322726041387, "batch_size": 131.9299962346555, "dropout_rate": 0.383918122771326, "epochs": 195.75408862339802, "hidden_channels": 127.49053220956635, "learning_rate": 0.018337594578349214, "optimizer": 0.3205555799529296, "pooling_algorithm": 0.6209795119603836}, "datetime": {"datetime": "2023-11-28 04:03:22", "elapsed": 9.363505, "delta": 4.486951}}
{"target": 0.7357142857142858, "params": {"activation_function": 0.694458095024939, "amount_of_layers": 6.769436251330647, "batch_size": 127.65214069732323, "dropout_rate": 0.5239150339578055, "epochs": 114.23162329644103, "hidden_channels": 30.63619265852473, "learning_rate": 0.008481935611008372, "optimizer": 0.1196095215647146, "pooling_algorithm": 0.37702065416762787}, "datetime": {"datetime": "2023-11-28 04:03:25", "elapsed": 12.243229, "delta": 2.879724}}
{"target": 0.4392857142857143, "params": {"activation_function": 1.4407717308559773, "amount_of_layers": 2.6929485201750705, "batch_size": 26.77013789072242, "dropout_rate": 0.4526612831440013, "epochs": 75.30807685674064, "hidden_channels": 51.718641607859965, "learning_rate": 0.052367020496469976, "optimizer": 1.2702614925838325, "pooling_algorithm": 0.8704791660596515}, "datetime": {"datetime": "2023-11-28 04:03:28", "elapsed": 15.461785, "delta": 3.218556}}
{"target": 0.9035714285714286, "params": {"activation_function": 0.9191429658222796, "amount_of_layers": 3.623518649408271, "batch_size": 30.94685807037273, "dropout_rate": 0.5298246519001295, "epochs": 172.9319519501389, "hidden_channels": 106.49286182824949, "learning_rate": 0.035497216973754804, "optimizer": 0.25757755116190495, "pooling_algorithm": 0.6419360838880932}, "datetime": {"datetime": "2023-11-28 04:03:35", "elapsed": 22.247449, "delta": 6.785664}}
{"target": 0.9071428571428573, "params": {"activation_function": 0.5465083633449779, "amount_of_layers": 7.629287653600752, "batch_size": 102.73461899306095, "dropout_rate": 0.4471812070188271, "epochs": 40.75487878040236, "hidden_channels": 44.224507612827786, "learning_rate": 0.029987248235194795, "optimizer": 0.17920347316518281, "pooling_algorithm": 0.5328273578819593}, "datetime": {"datetime": "2023-11-28 04:03:36", "elapsed": 23.402068, "delta": 1.154619}}
{"target": 0.9107142857142857, "params": {"activation_function": 1.8927133480712581, "amount_of_layers": 8.688619304376374, "batch_size": 49.80495618346026, "dropout_rate": 0.6986740983234334, "epochs": 10.135294565875412, "hidden_channels": 108.88419752655163, "learning_rate": 0.0037279610492769433, "optimizer": 0.024010388932796944, "pooling_algorithm": 0.8040857341363624}, "datetime": {"datetime": "2023-11-28 04:03:36", "elapsed": 23.858513, "delta": 0.456445}}
{"target": 0.85, "params": {"activation_function": 1.6342887264125912, "amount_of_layers": 6.401676912958922, "batch_size": 18.170561308065786, "dropout_rate": 0.4938346706503123, "epochs": 27.44247490523606, "hidden_channels": 85.95882259653276, "learning_rate": 0.00844203061746498, "optimizer": 1.3245026389222634, "pooling_algorithm": 0.6949354861721782}, "datetime": {"datetime": "2023-11-28 04:03:39", "elapsed": 26.242424, "delta": 2.383911}}
{"target": 0.5, "params": {"activation_function": 1.5346119580689148, "amount_of_layers": 3.8648180684218145, "batch_size": 116.19671276849752, "dropout_rate": 0.5198841556502012, "epochs": 117.21829741674314, "hidden_channels": 18.423991525700593, "learning_rate": 0.039844093174744265, "optimizer": 0.9775315467885017, "pooling_algorithm": 0.7726452124332501}, "datetime": {"datetime": "2023-11-28 04:03:41", "elapsed": 28.613025, "delta": 2.370601}}
{"target": 0.5, "params": {"activation_function": 0.03342425893851475, "amount_of_layers": 6.554655659438582, "batch_size": 149.8922521112642, "dropout_rate": 0.7372087597043597, "epochs": 142.45001098412808, "hidden_channels": 91.47224080540383, "learning_rate": 0.04624624052541768, "optimizer": 0.5858511032410565, "pooling_algorithm": 0.7339044683576106}, "datetime": {"datetime": "2023-11-28 04:03:43", "elapsed": 30.705605, "delta": 2.09258}}
{"target": 0.2589285714285714, "params": {"activation_function": 1.6777110678331826, "amount_of_layers": 8.197660020129549, "batch_size": 124.14573075339378, "dropout_rate": 0.6852681385204369, "epochs": 37.50128442416248, "hidden_channels": 65.21084106354849, "learning_rate": 0.08532290869599957, "optimizer": 1.4182196229286017, "pooling_algorithm": 0.15819631966880288}, "datetime": {"datetime": "2023-11-28 04:03:44", "elapsed": 31.828251, "delta": 1.122646}}
{"target": 0.0, "params": {"activation_function": 1.2381071160606973, "amount_of_layers": 7.186082221975483, "batch_size": 40.29799373985355, "dropout_rate": 0.628244450349583, "epochs": 48.54598621805082, "hidden_channels": 65.87683023359101, "learning_rate": 0.06393245946701227, "optimizer": 1.5255642818309718, "pooling_algorithm": 0.539253096016528}, "datetime": {"datetime": "2023-11-28 04:03:46", "elapsed": 34.102067, "delta": 2.273816}}
{"target": 0.5, "params": {"activation_function": 1.4430709633708474, "amount_of_layers": 7.429276845672597, "batch_size": 72.63013849463655, "dropout_rate": 0.6873408184627992, "epochs": 114.98695517655759, "hidden_channels": 37.91914143608835, "learning_rate": 0.04065577244831301, "optimizer": 1.0323001067896054, "pooling_algorithm": 0.9273058390374127}, "datetime": {"datetime": "2023-11-28 04:03:51", "elapsed": 38.171709, "delta": 4.069642}}
{"target": 0.9142857142857144, "params": {"activation_function": 0.5777191039998322, "amount_of_layers": 2.699721601326746, "batch_size": 132.6987896911582, "dropout_rate": 0.6985525984651038, "epochs": 82.03984279411436, "hidden_channels": 17.51198757763117, "learning_rate": 0.006466106294806578, "optimizer": 0.2427955599377174, "pooling_algorithm": 0.664760265924952}, "datetime": {"datetime": "2023-11-28 04:03:52", "elapsed": 39.723664, "delta": 1.551955}}
{"target": 0.7375, "params": {"activation_function": 1.644990636614907, "amount_of_layers": 8.34156404724964, "batch_size": 44.150638255213565, "dropout_rate": 0.622687070198267, "epochs": 61.14910197624385, "hidden_channels": 52.36431858378786, "learning_rate": 0.07564033534537569, "optimizer": 0.5446126526849191, "pooling_algorithm": 0.31227807704561594}, "datetime": {"datetime": "2023-11-28 04:03:55", "elapsed": 42.844599, "delta": 3.120935}}
{"target": 0.7375, "params": {"activation_function": 1.5381804373251056, "amount_of_layers": 2.846585083520668, "batch_size": 29.957137099720597, "dropout_rate": 0.7158061585349556, "epochs": 131.5293737476233, "hidden_channels": 14.194083213934572, "learning_rate": 0.08168340882857623, "optimizer": 1.8339000147462374, "pooling_algorithm": 0.0010369034403973076}, "datetime": {"datetime": "2023-11-28 04:04:00", "elapsed": 47.570429, "delta": 4.72583}}
{"target": 0.5, "params": {"activation_function": 1.8448500229926947, "amount_of_layers": 6.413605897556198, "batch_size": 121.74621678660874, "dropout_rate": 0.3241830712193972, "epochs": 54.34369082937737, "hidden_channels": 99.37512029750647, "learning_rate": 0.05277231102554947, "optimizer": 1.740609841239127, "pooling_algorithm": 0.8523348654757622}, "datetime": {"datetime": "2023-11-28 04:04:01", "elapsed": 48.910455, "delta": 1.340026}}
{"target": 0.875, "params": {"activation_function": 0.3591121753175348, "amount_of_layers": 3.4539160931847794, "batch_size": 104.17081376315852, "dropout_rate": 0.36648598824211753, "epochs": 160.02038800901633, "hidden_channels": 81.88978971474626, "learning_rate": 0.002334060049455756, "optimizer": 1.9314819019808758, "pooling_algorithm": 0.6184497089194886}, "datetime": {"datetime": "2023-11-28 04:04:04", "elapsed": 51.774554, "delta": 2.864099}}
{"target": 0.8964285714285715, "params": {"activation_function": 0.7673622943904808, "amount_of_layers": 6.694327283104401, "batch_size": 131.27385269224786, "dropout_rate": 0.36847718183505035, "epochs": 197.67761287577366, "hidden_channels": 127.99904584309925, "learning_rate": 0.024721121452938668, "optimizer": 0.13009746118392096, "pooling_algorithm": 0.5935170071627869}, "datetime": {"datetime": "2023-11-28 04:04:09", "elapsed": 56.731219, "delta": 4.956665}}
{"target": 0.825, "params": {"activation_function": 0.28261054802367647, "amount_of_layers": 8.166320927707051, "batch_size": 140.4140922995462, "dropout_rate": 0.27965838555846967, "epochs": 197.7927054366727, "hidden_channels": 120.96323498713754, "learning_rate": 0.011996021720706986, "optimizer": 0.2312700635613134, "pooling_algorithm": 0.11021491069332028}, "datetime": {"datetime": "2023-11-28 04:04:15", "elapsed": 62.328062, "delta": 5.596843}}
{"target": 0.8892857142857142, "params": {"activation_function": 1.8104532178660189, "amount_of_layers": 7.970401279613909, "batch_size": 39.38298363521045, "dropout_rate": 0.629649970956072, "epochs": 15.104384363245563, "hidden_channels": 102.1100858971385, "learning_rate": 0.003578735895025989, "optimizer": 0.4278589613384104, "pooling_algorithm": 0.7771342163826798}, "datetime": {"datetime": "2023-11-28 04:04:16", "elapsed": 63.380196, "delta": 1.052134}}
{"target": 0.26249999999999996, "params": {"activation_function": 0.890467475057418, "amount_of_layers": 5.8544913453254, "batch_size": 57.2497411465077, "dropout_rate": 0.37652232241195416, "epochs": 17.61434511189781, "hidden_channels": 96.99717692940781, "learning_rate": 0.08823905003046491, "optimizer": 0.6747506540224186, "pooling_algorithm": 0.42683580699849}, "datetime": {"datetime": "2023-11-28 04:04:17", "elapsed": 64.356267, "delta": 0.976071}}
{"target": 0.26249999999999996, "params": {"activation_function": 1.9507867818310454, "amount_of_layers": 4.44240574484832, "batch_size": 43.67219093737236, "dropout_rate": 0.6422149863224776, "epochs": 15.062895897792288, "hidden_channels": 115.17841383133717, "learning_rate": 0.044519970262622235, "optimizer": 1.8021626097498369, "pooling_algorithm": 0.35498434170054105}, "datetime": {"datetime": "2023-11-28 04:04:18", "elapsed": 65.186954, "delta": 0.830687}}
{"target": 0.2642857142857143, "params": {"activation_function": 1.1763225729786042, "amount_of_layers": 5.39819200722843, "batch_size": 130.74080168256586, "dropout_rate": 0.3406608920324034, "epochs": 77.752751826831, "hidden_channels": 21.067500143848914, "learning_rate": 0.05677052304717317, "optimizer": 0.01856291061604809, "pooling_algorithm": 0.2956109726851426}, "datetime": {"datetime": "2023-11-28 04:04:19", "elapsed": 66.961612, "delta": 1.774658}}
{"target": 0.5, "params": {"activation_function": 0.3270251998070588, "amount_of_layers": 7.261051900057956, "batch_size": 128.01791540134207, "dropout_rate": 0.5557180235197647, "epochs": 194.34453688632567, "hidden_channels": 125.26832661370734, "learning_rate": 0.03187797152196296, "optimizer": 0.7152914229804277, "pooling_algorithm": 0.1507230154525916}, "datetime": {"datetime": "2023-11-28 04:04:24", "elapsed": 72.030534, "delta": 5.068922}}
{"target": 0.8321428571428571, "params": {"activation_function": 1.8541165451889456, "amount_of_layers": 2.070892446954848, "batch_size": 134.03135702264365, "dropout_rate": 0.3573149543860192, "epochs": 82.46155709641639, "hidden_channels": 15.544239372138195, "learning_rate": 0.08994810374419185, "optimizer": 1.2610535765107145, "pooling_algorithm": 0.40685934183955863}, "datetime": {"datetime": "2023-11-28 04:04:26", "elapsed": 73.467372, "delta": 1.436838}}
{"target": 0.5, "params": {"activation_function": 1.4938282715955686, "amount_of_layers": 7.099512962972037, "batch_size": 100.31208652766115, "dropout_rate": 0.5830739557799985, "epochs": 38.35402296322468, "hidden_channels": 47.270955451579184, "learning_rate": 0.04728134237491257, "optimizer": 0.7895007607704843, "pooling_algorithm": 0.7722688345690961}, "datetime": {"datetime": "2023-11-28 04:04:27", "elapsed": 74.549795, "delta": 1.082423}}
{"target": 0.5, "params": {"activation_function": 0.2646346168880007, "amount_of_layers": 5.68333628939921, "batch_size": 134.5297748425582, "dropout_rate": 0.2911738443334331, "epochs": 196.58454310323137, "hidden_channels": 123.37488712094478, "learning_rate": 0.021849741373888704, "optimizer": 0.8633096150199706, "pooling_algorithm": 0.7180026253857668}, "datetime": {"datetime": "2023-11-28 04:04:32", "elapsed": 79.278565, "delta": 4.72877}}
{"target": 0.11607142857142858, "params": {"activation_function": 0.0, "amount_of_layers": 1.433343707863624, "batch_size": 132.87835957701452, "dropout_rate": 0.75, "epochs": 84.53268763911694, "hidden_channels": 16.81149792981907, "learning_rate": 0.001, "optimizer": 0.0, "pooling_algorithm": 1.0}, "datetime": {"datetime": "2023-11-28 04:04:33", "elapsed": 80.741034, "delta": 1.462469}}
{"target": 0.55, "params": {"activation_function": 1.9128208133404998, "amount_of_layers": 5.4264661452052785, "batch_size": 30.19147762652872, "dropout_rate": 0.4819058813618183, "epochs": 172.866303405876, "hidden_channels": 108.12943336938294, "learning_rate": 0.005259943745738454, "optimizer": 0.6361204862833318, "pooling_algorithm": 0.896037303286427}, "datetime": {"datetime": "2023-11-28 04:04:41", "elapsed": 88.582824, "delta": 7.84179}}
{"target": 0.26607142857142857, "params": {"activation_function": 0.800403772059114, "amount_of_layers": 8.549023240797887, "batch_size": 47.20913104180147, "dropout_rate": 0.39303084914743774, "epochs": 10.219560872876588, "hidden_channels": 108.37569717410554, "learning_rate": 0.014975501558764308, "optimizer": 1.172819292744868, "pooling_algorithm": 0.04300837840212013}, "datetime": {"datetime": "2023-11-28 04:04:42", "elapsed": 89.232504, "delta": 0.64968}}
{"target": 0.7857142857142857, "params": {"activation_function": 1.6428884770899868, "amount_of_layers": 5.240459720300405, "batch_size": 142.27499164198565, "dropout_rate": 0.4537287825043236, "epochs": 155.82434805348774, "hidden_channels": 90.57956682323325, "learning_rate": 0.09409166410136965, "optimizer": 0.2814898016664098, "pooling_algorithm": 0.3804539815112087}, "datetime": {"datetime": "2023-11-28 04:04:45", "elapsed": 92.58022, "delta": 3.347716}}
{"target": 0.7375, "params": {"activation_function": 0.9538692155104118, "amount_of_layers": 6.92978680451672, "batch_size": 139.7046421107147, "dropout_rate": 0.40106324297474094, "epochs": 198.4706318353121, "hidden_channels": 121.4452105075441, "learning_rate": 0.02734400285923073, "optimizer": 0.8392533879388442, "pooling_algorithm": 0.20095132878982425}, "datetime": {"datetime": "2023-11-28 04:04:50", "elapsed": 97.529553, "delta": 4.949333}}
{"target": 0.0, "params": {"activation_function": 0.6170707694383064, "amount_of_layers": 5.462611749973781, "batch_size": 142.96224577280776, "dropout_rate": 0.29031202050226756, "epochs": 158.74702054593084, "hidden_channels": 92.47919069757947, "learning_rate": 0.09543554471634172, "optimizer": 1.304539005750039, "pooling_algorithm": 0.6123161748540101}, "datetime": {"datetime": "2023-11-28 04:04:53", "elapsed": 101.019735, "delta": 3.490182}}
{"target": 0.7339285714285714, "params": {"activation_function": 1.2006361973284694, "amount_of_layers": 8.16555596601272, "batch_size": 102.21883193638129, "dropout_rate": 0.6462900624790207, "epochs": 40.18050818814728, "hidden_channels": 43.129159899829865, "learning_rate": 0.0959226482304754, "optimizer": 0.8496073808710409, "pooling_algorithm": 0.2399765342536757}, "datetime": {"datetime": "2023-11-28 04:04:55", "elapsed": 102.239893, "delta": 1.220158}}
{"target": 0.26607142857142857, "params": {"activation_function": 0.7769900823193765, "amount_of_layers": 2.0403529405502, "batch_size": 139.94005742003412, "dropout_rate": 0.618493247150596, "epochs": 157.38243001610027, "hidden_channels": 89.62511589627444, "learning_rate": 0.08282352436262774, "optimizer": 1.4601782981431433, "pooling_algorithm": 0.15854649022697154}, "datetime": {"datetime": "2023-11-28 04:04:57", "elapsed": 104.816979, "delta": 2.577086}}
{"target": 0.9017857142857142, "params": {"activation_function": 1.8208780787377954, "amount_of_layers": 7.026176499678495, "batch_size": 41.40747449158932, "dropout_rate": 0.39528183842553305, "epochs": 13.17364388428313, "hidden_channels": 99.93936405521633, "learning_rate": 0.06517655036047267, "optimizer": 1.1641715492947335, "pooling_algorithm": 0.9913513236241229}, "datetime": {"datetime": "2023-11-28 04:04:58", "elapsed": 105.524897, "delta": 0.707918}}
{"target": 0.8678571428571429, "params": {"activation_function": 0.28906506828446266, "amount_of_layers": 6.736833296435675, "batch_size": 42.497186908720906, "dropout_rate": 0.6437808909881553, "epochs": 60.89978442393489, "hidden_channels": 53.04780628345003, "learning_rate": 0.0037515134716188366, "optimizer": 1.2964662456822722, "pooling_algorithm": 0.7228997077602803}, "datetime": {"datetime": "2023-11-28 04:05:01", "elapsed": 108.419126, "delta": 2.894229}}
{"target": 0.13214285714285712, "params": {"activation_function": 1.352001509613518, "amount_of_layers": 7.032985405700288, "batch_size": 42.7272798598886, "dropout_rate": 0.6544421478436842, "epochs": 11.33464678139881, "hidden_channels": 98.66969938357846, "learning_rate": 0.004103920576603741, "optimizer": 1.9814308944447534, "pooling_algorithm": 0.8620764810141945}, "datetime": {"datetime": "2023-11-28 04:05:01", "elapsed": 109.019438, "delta": 0.600312}}
{"target": 0.6607142857142857, "params": {"activation_function": 0.48559212676997277, "amount_of_layers": 3.0192534655874104, "batch_size": 131.65137171332626, "dropout_rate": 0.3153853013222171, "epochs": 83.52731709033566, "hidden_channels": 18.25247630698022, "learning_rate": 0.09285443473593277, "optimizer": 0.400054330691614, "pooling_algorithm": 0.32501586886619205}, "datetime": {"datetime": "2023-11-28 04:05:03", "elapsed": 110.592674, "delta": 1.573236}}
{"target": 0.7410714285714286, "params": {"activation_function": 1.1619218733867724, "amount_of_layers": 3.8304171833643936, "batch_size": 31.43223475039216, "dropout_rate": 0.5504461794832822, "epochs": 175.4978607061997, "hidden_channels": 106.44012329784337, "learning_rate": 0.03635496352532197, "optimizer": 0.6083214498158456, "pooling_algorithm": 0.2028104434717366}, "datetime": {"datetime": "2023-11-28 04:05:10", "elapsed": 117.906961, "delta": 7.314287}}
{"target": 0.5, "params": {"activation_function": 0.5628408936142846, "amount_of_layers": 1.8696886633702041, "batch_size": 106.588879133476, "dropout_rate": 0.26860652563363063, "epochs": 158.8189041801107, "hidden_channels": 83.51112257112973, "learning_rate": 0.038640578489161186, "optimizer": 1.2328029239203875, "pooling_algorithm": 0.6647606390258373}, "datetime": {"datetime": "2023-11-28 04:05:13", "elapsed": 120.569059, "delta": 2.662098}}
{"target": 0.2678571428571428, "params": {"activation_function": 1.8205651719535654, "amount_of_layers": 7.213879501613386, "batch_size": 134.11057642741264, "dropout_rate": 0.5484874907831185, "epochs": 194.01078942384072, "hidden_channels": 127.52307397759414, "learning_rate": 0.0154892702796612, "optimizer": 0.526497045367432, "pooling_algorithm": 0.179687500982308}, "datetime": {"datetime": "2023-11-28 04:05:18", "elapsed": 125.671226, "delta": 5.102167}}
{"target": 0.4642857142857143, "params": {"activation_function": 0.2428156254295386, "amount_of_layers": 7.242654754532314, "batch_size": 18.48366841333602, "dropout_rate": 0.45907461452355824, "epochs": 28.01049933749553, "hidden_channels": 88.05501184404544, "learning_rate": 0.07615363456667926, "optimizer": 1.3177518256023737, "pooling_algorithm": 0.7606123207017855}, "datetime": {"datetime": "2023-11-28 04:05:21", "elapsed": 128.459223, "delta": 2.787997}}
{"target": 0.0, "params": {"activation_function": 1.5077736732771692, "amount_of_layers": 7.645809715629344, "batch_size": 19.733307405991553, "dropout_rate": 0.2823115959533341, "epochs": 27.568044332848388, "hidden_channels": 83.92861300639505, "learning_rate": 0.08620301585300649, "optimizer": 0.9985052910492542, "pooling_algorithm": 0.5041830572337825}, "datetime": {"datetime": "2023-11-28 04:05:24", "elapsed": 131.150314, "delta": 2.691091}}
{"target": 0.9107142857142857, "params": {"activation_function": 0.4566559358243045, "amount_of_layers": 2.7583337034012647, "batch_size": 104.68381734212122, "dropout_rate": 0.6863960956423872, "epochs": 156.99085361145495, "hidden_channels": 81.96711070834388, "learning_rate": 0.08885926783107892, "optimizer": 0.30720786391662624, "pooling_algorithm": 0.5190130457044643}, "datetime": {"datetime": "2023-11-28 04:05:26", "elapsed": 134.100125, "delta": 2.949811}}
