{"target": 0.5, "params": {"activation_function": 1.7626151019533243, "amount_of_layers": 8.837628826543327, "batch_size": 131.85405292021892, "dropout_rate": 0.6690360939175932, "epochs": 182.8601679759641, "hidden_channels": 110.90078428399325, "learning_rate": 0.04760448566236707, "optimizer": 0.8824688795552718, "pooling_algorithm": 0.6001557436480816}, "datetime": {"datetime": "2023-11-28 05:55:13", "elapsed": 0.0, "delta": 0.0}}
{"target": 0.0, "params": {"activation_function": 0.13960992218235102, "amount_of_layers": 4.347060465752433, "batch_size": 136.87352138901986, "dropout_rate": 0.3054592670724113, "epochs": 183.16718636329975, "hidden_channels": 28.9035257880501, "learning_rate": 0.017613700037000316, "optimizer": 1.9067900963164006, "pooling_algorithm": 0.9705683547950351}, "datetime": {"datetime": "2023-11-28 05:55:17", "elapsed": 3.679412, "delta": 3.679412}}
{"target": 0.7267857142857144, "params": {"activation_function": 1.5151885055497682, "amount_of_layers": 8.125040600085832, "batch_size": 93.4889795214807, "dropout_rate": 0.6798443428208973, "epochs": 33.51374693212878, "hidden_channels": 114.6242339647339, "learning_rate": 0.05958607176689114, "optimizer": 1.197450112435314, "pooling_algorithm": 0.20565476221222379}, "datetime": {"datetime": "2023-11-28 05:55:18", "elapsed": 4.710082, "delta": 1.03067}}
{"target": 0.2607142857142857, "params": {"activation_function": 0.5333440264112153, "amount_of_layers": 8.497481041944337, "batch_size": 111.80922838976642, "dropout_rate": 0.6075973247207876, "epochs": 68.36532345474083, "hidden_channels": 15.831021766386543, "learning_rate": 0.057044769846222976, "optimizer": 1.404162322032327, "pooling_algorithm": 0.3007112568780357}, "datetime": {"datetime": "2023-11-28 05:55:20", "elapsed": 6.681771, "delta": 1.971689}}
{"target": 0.9, "params": {"activation_function": 1.4537183640955147, "amount_of_layers": 4.672255626980009, "batch_size": 20.710066063822314, "dropout_rate": 0.6780850289856024, "epochs": 55.4920643344236, "hidden_channels": 82.50477019205942, "learning_rate": 0.05070693292730759, "optimizer": 0.15591986001510083, "pooling_algorithm": 0.6664406983553242}, "datetime": {"datetime": "2023-11-28 05:55:23", "elapsed": 10.421732, "delta": 3.739961}}
{"target": 0.9, "params": {"activation_function": 0.2470735902357224, "amount_of_layers": 7.875973020265135, "batch_size": 149.75584885728412, "dropout_rate": 0.2831866317171435, "epochs": 50.500581094655544, "hidden_channels": 15.955873966852911, "learning_rate": 0.015162954418938359, "optimizer": 1.4327490106360896, "pooling_algorithm": 0.6363714703015385}, "datetime": {"datetime": "2023-11-28 05:55:24", "elapsed": 11.282876, "delta": 0.861144}}
{"target": 0.2607142857142857, "params": {"activation_function": 0.4152941809899786, "amount_of_layers": 5.94200842249838, "batch_size": 149.32522195061972, "dropout_rate": 0.5672940236991996, "epochs": 160.7685692480865, "hidden_channels": 63.32536511573254, "learning_rate": 0.018094140731159787, "optimizer": 0.7713692237510708, "pooling_algorithm": 0.16640888762893358}, "datetime": {"datetime": "2023-11-28 05:55:28", "elapsed": 15.053622, "delta": 3.770746}}
{"target": 0.37857142857142856, "params": {"activation_function": 0.00010512955777208788, "amount_of_layers": 1.4407074956449772, "batch_size": 96.4561207959742, "dropout_rate": 0.4031820028735981, "epochs": 137.36597549264837, "hidden_channels": 34.8122909569321, "learning_rate": 0.06447634139875609, "optimizer": 0.42577178240646685, "pooling_algorithm": 0.3873092192811357}, "datetime": {"datetime": "2023-11-28 05:55:30", "elapsed": 17.023662, "delta": 1.97004}}
{"target": 0.0, "params": {"activation_function": 1.9896201242212366, "amount_of_layers": 6.981471080779248, "batch_size": 116.44959728779766, "dropout_rate": 0.6524053315071525, "epochs": 198.79964498170787, "hidden_channels": 96.6357622261209, "learning_rate": 0.06097389524138643, "optimizer": 0.07926757901887016, "pooling_algorithm": 0.2051958529334702}, "datetime": {"datetime": "2023-11-28 05:55:35", "elapsed": 22.035216, "delta": 5.011554}}
{"target": 0.7357142857142858, "params": {"activation_function": 0.6967485983715076, "amount_of_layers": 4.92391998643861, "batch_size": 25.074193417792095, "dropout_rate": 0.7145309373711308, "epochs": 163.84925117465934, "hidden_channels": 65.99011430384913, "learning_rate": 0.013252034978568375, "optimizer": 0.7289536159236885, "pooling_algorithm": 0.35731992887268915}, "datetime": {"datetime": "2023-11-28 05:55:44", "elapsed": 30.846729, "delta": 8.811513}}
{"target": 0.0, "params": {"activation_function": 1.7851242421782023, "amount_of_layers": 5.441826924531371, "batch_size": 128.19660584285913, "dropout_rate": 0.33077513340006764, "epochs": 55.54799941237192, "hidden_channels": 117.47835198715786, "learning_rate": 0.096861643688385, "optimizer": 0.5473026208952882, "pooling_algorithm": 0.8558510535884354}, "datetime": {"datetime": "2023-11-28 05:55:45", "elapsed": 32.128743, "delta": 1.282014}}
{"target": 0.5, "params": {"activation_function": 0.2876365030555823, "amount_of_layers": 3.0208007211295964, "batch_size": 64.32252876311173, "dropout_rate": 0.537832163231035, "epochs": 33.97074727205353, "hidden_channels": 112.2087433393862, "learning_rate": 0.09684826311091724, "optimizer": 1.5076164568904282, "pooling_algorithm": 0.9710968839144831}, "datetime": {"datetime": "2023-11-28 05:55:46", "elapsed": 32.999146, "delta": 0.870403}}
{"target": 0.742857142857143, "params": {"activation_function": 0.6396877003794101, "amount_of_layers": 2.233106302685667, "batch_size": 22.88431489953345, "dropout_rate": 0.2511619007826665, "epochs": 182.67327177635303, "hidden_channels": 84.36921772118235, "learning_rate": 0.06692077335354736, "optimizer": 0.6427858663051889, "pooling_algorithm": 0.026422297749993384}, "datetime": {"datetime": "2023-11-28 05:55:54", "elapsed": 40.7395, "delta": 7.740354}}
{"target": 0.0, "params": {"activation_function": 1.4261639253042482, "amount_of_layers": 4.1819698176525595, "batch_size": 104.71351965783094, "dropout_rate": 0.31908906542785814, "epochs": 14.663416199879935, "hidden_channels": 25.904854463798934, "learning_rate": 0.05482091447812714, "optimizer": 1.503640557090527, "pooling_algorithm": 0.8321696847381058}, "datetime": {"datetime": "2023-11-28 05:55:54", "elapsed": 41.067998, "delta": 0.328498}}
{"target": 0.26607142857142857, "params": {"activation_function": 0.7228910039862382, "amount_of_layers": 8.26060985483837, "batch_size": 38.87763006702181, "dropout_rate": 0.5209594497380798, "epochs": 145.89389018751064, "hidden_channels": 96.658830868567, "learning_rate": 0.006227820884948932, "optimizer": 1.313178916510577, "pooling_algorithm": 0.10692704862305946}, "datetime": {"datetime": "2023-11-28 05:56:01", "elapsed": 48.297177, "delta": 7.229179}}
{"target": 0.26428571428571423, "params": {"activation_function": 0.9105608646545789, "amount_of_layers": 3.393106436328213, "batch_size": 64.18562575060739, "dropout_rate": 0.3306626399633575, "epochs": 75.0593004367047, "hidden_channels": 76.4072980561925, "learning_rate": 0.04556266194106159, "optimizer": 1.282701877533329, "pooling_algorithm": 0.29616940650028156}, "datetime": {"datetime": "2023-11-28 05:56:03", "elapsed": 50.24399, "delta": 1.946813}}
{"target": 0.2642857142857143, "params": {"activation_function": 0.8224132190928619, "amount_of_layers": 5.999623128139808, "batch_size": 140.35760223851133, "dropout_rate": 0.6973254117013024, "epochs": 62.476384349651966, "hidden_channels": 12.347916545866328, "learning_rate": 0.020993072785119773, "optimizer": 0.06823726677794184, "pooling_algorithm": 0.34370215472398224}, "datetime": {"datetime": "2023-11-28 05:56:05", "elapsed": 51.714815, "delta": 1.470825}}
{"target": 0.5, "params": {"activation_function": 0.8776146981968052, "amount_of_layers": 3.0808257180979997, "batch_size": 47.665456301468986, "dropout_rate": 0.749833750758897, "epochs": 74.35782400716941, "hidden_channels": 18.42558507265798, "learning_rate": 0.05899332377177603, "optimizer": 1.2889344606738153, "pooling_algorithm": 0.6454585253182662}, "datetime": {"datetime": "2023-11-28 05:56:07", "elapsed": 54.035984, "delta": 2.321169}}
{"target": 0.8642857142857143, "params": {"activation_function": 1.9052729943511972, "amount_of_layers": 7.047503345999869, "batch_size": 45.09343185798464, "dropout_rate": 0.7306772477114024, "epochs": 162.27691535817527, "hidden_channels": 31.669008001762773, "learning_rate": 0.04527258525092395, "optimizer": 0.44273960750724295, "pooling_algorithm": 0.5357759873588555}, "datetime": {"datetime": "2023-11-28 05:56:14", "elapsed": 61.069839, "delta": 7.033855}}
{"target": 0.9, "params": {"activation_function": 1.339908410706583, "amount_of_layers": 1.5972594322427698, "batch_size": 97.2237332482487, "dropout_rate": 0.48915227420758145, "epochs": 115.25493550494171, "hidden_channels": 40.412494399791214, "learning_rate": 0.023083255894546163, "optimizer": 0.08704466961151747, "pooling_algorithm": 0.9958750339122753}, "datetime": {"datetime": "2023-11-28 05:56:16", "elapsed": 62.914279, "delta": 1.84444}}
{"target": 0.8107142857142857, "params": {"activation_function": 1.0664706823135672, "amount_of_layers": 5.0219422132236105, "batch_size": 32.74208581347388, "dropout_rate": 0.5529991854416751, "epochs": 160.7806395622041, "hidden_channels": 32.18891801562072, "learning_rate": 0.023023121991446162, "optimizer": 0.6842017965471323, "pooling_algorithm": 0.09220411546474205}, "datetime": {"datetime": "2023-11-28 05:56:23", "elapsed": 70.366654, "delta": 7.452375}}
{"target": 0.5, "params": {"activation_function": 0.5502731723657561, "amount_of_layers": 7.476175543600868, "batch_size": 95.67448522756487, "dropout_rate": 0.6016560264916779, "epochs": 35.33082073970033, "hidden_channels": 114.87638845527016, "learning_rate": 0.04638033999171502, "optimizer": 0.9561920489353262, "pooling_algorithm": 0.7890731500236532}, "datetime": {"datetime": "2023-11-28 05:56:24", "elapsed": 71.386667, "delta": 1.020013}}
{"target": 0.8999999999999999, "params": {"activation_function": 1.0235601783814297, "amount_of_layers": 8.384818771055057, "batch_size": 38.31417676479131, "dropout_rate": 0.5713011735365074, "epochs": 158.60720746071215, "hidden_channels": 30.208535620785693, "learning_rate": 0.034925050081172596, "optimizer": 0.048230960793130384, "pooling_algorithm": 0.6654827069440132}, "datetime": {"datetime": "2023-11-28 05:56:32", "elapsed": 78.916625, "delta": 7.529958}}
{"target": 0.9053571428571429, "params": {"activation_function": 1.1342860647959576, "amount_of_layers": 8.817445046105385, "batch_size": 39.699749909516584, "dropout_rate": 0.7296931517943651, "epochs": 159.89041294996184, "hidden_channels": 39.13093013792802, "learning_rate": 0.03926399491688224, "optimizer": 0.05690369592503158, "pooling_algorithm": 0.924194704908346}, "datetime": {"datetime": "2023-11-28 05:56:41", "elapsed": 87.517611, "delta": 8.600986}}
{"target": 0.8321428571428571, "params": {"activation_function": 2.0, "amount_of_layers": 1.3554369646436455, "batch_size": 41.94632979176489, "dropout_rate": 0.7117204176153471, "epochs": 153.32684097391584, "hidden_channels": 35.57863028484758, "learning_rate": 0.004719032557582858, "optimizer": 1.5195300793050484, "pooling_algorithm": 0.007049795872675072}, "datetime": {"datetime": "2023-11-28 05:56:44", "elapsed": 91.299476, "delta": 3.781865}}
{"target": 0.0, "params": {"activation_function": 1.719999383964868, "amount_of_layers": 4.82693380689114, "batch_size": 19.92648675528789, "dropout_rate": 0.6626710084888071, "epochs": 166.4469642392874, "hidden_channels": 41.99250565471577, "learning_rate": 0.09121873531048559, "optimizer": 1.7264538173648443, "pooling_algorithm": 0.7698098169403302}, "datetime": {"datetime": "2023-11-28 05:56:56", "elapsed": 102.476343, "delta": 11.176867}}
{"target": 0.7071428571428571, "params": {"activation_function": 2.0, "amount_of_layers": 9.0, "batch_size": 85.39044557944722, "dropout_rate": 0.75, "epochs": 25.586153855844096, "hidden_channels": 113.63580262762315, "learning_rate": 0.1, "optimizer": 2.0, "pooling_algorithm": 0.0}, "datetime": {"datetime": "2023-11-28 05:56:57", "elapsed": 103.604996, "delta": 1.128653}}
{"target": 0.5, "params": {"activation_function": 0.0, "amount_of_layers": 9.0, "batch_size": 150.0, "dropout_rate": 0.25, "epochs": 40.42719182470263, "hidden_channels": 18.964212285335307, "learning_rate": 0.010046556099130882, "optimizer": 2.0, "pooling_algorithm": 0.8846331309362361}, "datetime": {"datetime": "2023-11-28 05:56:58", "elapsed": 104.760352, "delta": 1.155356}}
{"target": 0.9142857142857144, "params": {"activation_function": 0.0, "amount_of_layers": 9.0, "batch_size": 48.50815446317053, "dropout_rate": 0.25, "epochs": 154.07953383403213, "hidden_channels": 37.51589558688957, "learning_rate": 0.001, "optimizer": 2.0, "pooling_algorithm": 1.0}, "datetime": {"datetime": "2023-11-28 05:57:06", "elapsed": 113.03713, "delta": 8.276778}}
{"target": 0.8321428571428572, "params": {"activation_function": 1.5634304995974748, "amount_of_layers": 4.059369714596213, "batch_size": 146.85544394275013, "dropout_rate": 0.46330221322302373, "epochs": 60.65419984885633, "hidden_channels": 101.44507186335254, "learning_rate": 0.010235685023855034, "optimizer": 1.0648437848275747, "pooling_algorithm": 0.24420480397131816}, "datetime": {"datetime": "2023-11-28 05:57:07", "elapsed": 114.346036, "delta": 1.308906}}
{"target": 0.0, "params": {"activation_function": 1.1936832905305543, "amount_of_layers": 5.082759537321492, "batch_size": 96.0912960958322, "dropout_rate": 0.6135267054739348, "epochs": 193.82365550288424, "hidden_channels": 83.13893914491214, "learning_rate": 0.06473111669600211, "optimizer": 1.5415523846268426, "pooling_algorithm": 0.2002065760465609}, "datetime": {"datetime": "2023-11-28 05:57:12", "elapsed": 118.773231, "delta": 4.427195}}
{"target": 0.7785714285714286, "params": {"activation_function": 1.5187460922980822, "amount_of_layers": 2.962748819151475, "batch_size": 52.223602681132526, "dropout_rate": 0.5236573980354224, "epochs": 159.890687586362, "hidden_channels": 47.19969757033974, "learning_rate": 0.008110103800383987, "optimizer": 0.11065394382834315, "pooling_algorithm": 0.4102839873269588}, "datetime": {"datetime": "2023-11-28 05:57:16", "elapsed": 123.029328, "delta": 4.256097}}
{"target": 0.26785714285714285, "params": {"activation_function": 1.468607088317787, "amount_of_layers": 5.352148197700798, "batch_size": 36.083068650646, "dropout_rate": 0.42589198771266634, "epochs": 14.723264317399124, "hidden_channels": 104.9608145357649, "learning_rate": 0.014326582688509375, "optimizer": 1.1966337111357264, "pooling_algorithm": 0.32664050063005057}, "datetime": {"datetime": "2023-11-28 05:57:17", "elapsed": 123.849542, "delta": 0.820214}}
{"target": 0.2642857142857143, "params": {"activation_function": 1.469695422849797, "amount_of_layers": 3.73800760747568, "batch_size": 23.72420985151442, "dropout_rate": 0.4293589055806448, "epochs": 153.61926158506114, "hidden_channels": 58.221818293281686, "learning_rate": 0.07483485827841731, "optimizer": 0.35627460274405154, "pooling_algorithm": 0.15276522533539016}, "datetime": {"datetime": "2023-11-28 05:57:25", "elapsed": 132.050511, "delta": 8.200969}}
{"target": 0.7285714285714286, "params": {"activation_function": 0.48573100363761457, "amount_of_layers": 3.265378122584793, "batch_size": 93.39478603459054, "dropout_rate": 0.5573686624152212, "epochs": 106.27925723733857, "hidden_channels": 47.567504347433406, "learning_rate": 0.02696524618682014, "optimizer": 0.8100518498674165, "pooling_algorithm": 0.42196871748959375}, "datetime": {"datetime": "2023-11-28 05:57:28", "elapsed": 134.510953, "delta": 2.460442}}
{"target": 0.5, "params": {"activation_function": 1.8232320655391072, "amount_of_layers": 2.7207528785373984, "batch_size": 76.55511266073394, "dropout_rate": 0.696853668954444, "epochs": 177.08811162805216, "hidden_channels": 53.786995667986844, "learning_rate": 0.07265691933426233, "optimizer": 1.2404232109477222, "pooling_algorithm": 0.6088525468334279}, "datetime": {"datetime": "2023-11-28 05:57:31", "elapsed": 137.807689, "delta": 3.296736}}
{"target": 0.9160714285714285, "params": {"activation_function": 2.0, "amount_of_layers": 1.0, "batch_size": 104.91223372833545, "dropout_rate": 0.4698838967893846, "epochs": 107.22648170060441, "hidden_channels": 36.941040089564744, "learning_rate": 0.0010685580537579688, "optimizer": 0.0, "pooling_algorithm": 1.0}, "datetime": {"datetime": "2023-11-28 05:57:33", "elapsed": 139.720349, "delta": 1.91266}}
{"target": 0.9035714285714285, "params": {"activation_function": 0.05115088056158723, "amount_of_layers": 8.741958892992102, "batch_size": 74.4638371380046, "dropout_rate": 0.3133458435069795, "epochs": 98.90398586213837, "hidden_channels": 50.09721159599056, "learning_rate": 0.04573254011201677, "optimizer": 0.4073882922190972, "pooling_algorithm": 0.8021690760526018}, "datetime": {"datetime": "2023-11-28 05:57:37", "elapsed": 143.791761, "delta": 4.071412}}
{"target": 0.9035714285714286, "params": {"activation_function": 1.8791574177206818, "amount_of_layers": 4.476663186785572, "batch_size": 135.60651211854156, "dropout_rate": 0.30957406368315443, "epochs": 108.68528398125491, "hidden_channels": 99.34582636481039, "learning_rate": 0.02490922551282284, "optimizer": 0.219280034083561, "pooling_algorithm": 0.9840955916747053}, "datetime": {"datetime": "2023-11-28 05:57:39", "elapsed": 146.00567, "delta": 2.213909}}
{"target": 0.9071428571428571, "params": {"activation_function": 0.5011122587079091, "amount_of_layers": 7.47684090637256, "batch_size": 138.70823594566724, "dropout_rate": 0.40806690390028694, "epochs": 128.97701833601252, "hidden_channels": 63.66765783965272, "learning_rate": 0.07200060971080277, "optimizer": 0.007510145438724303, "pooling_algorithm": 0.9802663898572502}, "datetime": {"datetime": "2023-11-28 05:57:42", "elapsed": 149.289591, "delta": 3.283921}}
{"target": 0.8714285714285714, "params": {"activation_function": 1.8941869466344505, "amount_of_layers": 3.289576784103944, "batch_size": 96.86013892098114, "dropout_rate": 0.42817929129682847, "epochs": 112.7084026174071, "hidden_channels": 27.27108620644298, "learning_rate": 0.011044094921544692, "optimizer": 1.2470268751040556, "pooling_algorithm": 0.6083331768127338}, "datetime": {"datetime": "2023-11-28 05:57:45", "elapsed": 151.807997, "delta": 2.518406}}
{"target": 0.9, "params": {"activation_function": 2.0, "amount_of_layers": 6.857159414319471, "batch_size": 82.21688638721791, "dropout_rate": 0.25, "epochs": 105.40214095426984, "hidden_channels": 35.35440263975559, "learning_rate": 0.022953180392909316, "optimizer": 0.0, "pooling_algorithm": 1.0}, "datetime": {"datetime": "2023-11-28 05:57:48", "elapsed": 154.922298, "delta": 3.114301}}
{"target": 0.5, "params": {"activation_function": 0.9373774759887075, "amount_of_layers": 8.232886454781049, "batch_size": 25.9201660826597, "dropout_rate": 0.2551631089660237, "epochs": 108.44435031381799, "hidden_channels": 46.607995436503266, "learning_rate": 0.07954941580233169, "optimizer": 1.822716416615734, "pooling_algorithm": 0.9597562929435532}, "datetime": {"datetime": "2023-11-28 05:57:56", "elapsed": 162.495335, "delta": 7.573037}}
{"target": 0.7321428571428571, "params": {"activation_function": 1.0868629044769895, "amount_of_layers": 6.639750285536107, "batch_size": 89.79812672438537, "dropout_rate": 0.46129248062328176, "epochs": 158.65344084891765, "hidden_channels": 114.87347858552532, "learning_rate": 0.06674325122096936, "optimizer": 0.24484699019865208, "pooling_algorithm": 0.17352600127001294}, "datetime": {"datetime": "2023-11-28 05:58:00", "elapsed": 166.616983, "delta": 4.121648}}
{"target": 0.9035714285714286, "params": {"activation_function": 1.8593302933356217, "amount_of_layers": 1.5079496369547583, "batch_size": 103.8712122826809, "dropout_rate": 0.516398058956876, "epochs": 181.1076109139622, "hidden_channels": 81.12179051949839, "learning_rate": 0.016431694301297265, "optimizer": 0.23876264911440037, "pooling_algorithm": 0.8516892141298614}, "datetime": {"datetime": "2023-11-28 05:58:03", "elapsed": 169.544521, "delta": 2.927538}}
{"target": 0.9, "params": {"activation_function": 0.6360387222352273, "amount_of_layers": 5.0893925103736946, "batch_size": 116.53622843496692, "dropout_rate": 0.3067861247405084, "epochs": 179.28117874680376, "hidden_channels": 115.4802840074313, "learning_rate": 0.023935122366565385, "optimizer": 0.489719132983629, "pooling_algorithm": 0.6408332160642258}, "datetime": {"datetime": "2023-11-28 05:58:06", "elapsed": 173.414851, "delta": 3.87033}}
{"target": 0.5, "params": {"activation_function": 0.2886503589073568, "amount_of_layers": 6.6017982450172115, "batch_size": 58.5412679981525, "dropout_rate": 0.5071182584588654, "epochs": 188.834660774339, "hidden_channels": 38.01861031617729, "learning_rate": 0.029621648138738615, "optimizer": 1.9327091428876, "pooling_algorithm": 0.9472226665410934}, "datetime": {"datetime": "2023-11-28 05:58:13", "elapsed": 180.087289, "delta": 6.672438}}
{"target": 0.7357142857142858, "params": {"activation_function": 1.9179754877106372, "amount_of_layers": 7.628217572846621, "batch_size": 122.66510645657297, "dropout_rate": 0.6128005249678121, "epochs": 151.9083645419347, "hidden_channels": 45.80901820441463, "learning_rate": 0.05627378948259244, "optimizer": 1.6021914044648098, "pooling_algorithm": 0.4388955443120306}, "datetime": {"datetime": "2023-11-28 05:58:17", "elapsed": 184.378696, "delta": 4.291407}}
