{"target": 0.7357142857142858, "params": {"activation_function": 1.7673929488807663, "amount_of_layers": 8.866821150891674, "batch_size": 19.34575465727551, "dropout_rate": 0.375342918649687, "epochs": 191.675934230265, "hidden_channels": 17.838782620204302, "learning_rate": 0.05394222130272943, "optimizer": 1.2869376713312184, "pooling_algorithm": 0.2539910836442856}, "datetime": {"datetime": "2023-11-18 19:31:35", "elapsed": 2122.670083, "delta": 15.644651}},
{"target": 0.9089285714285714, "params": {"activation_function": 1.35309780761484, "amount_of_layers": 2.896983230544544, "batch_size": 65.58870533410001, "dropout_rate": 0.5597667956773998, "epochs": 183.98681104973693, "hidden_channels": 34.034633488076366, "learning_rate": 0.08478686213035325, "optimizer": 0.6768127845629939, "pooling_algorithm": 0.7762975929265294}, "datetime": {"datetime": "2023-11-18 19:31:41", "elapsed": 2127.838758, "delta": 5.168675}},
{"target": 0.9142857142857143, "params": {"activation_function": 0.8376108348018056, "amount_of_layers": 5.905359785081627, "batch_size": 23.01248059881488, "dropout_rate": 0.5827874063664398, "epochs": 190.68574859972676, "hidden_channels": 12.502658581363352, "learning_rate": 0.06156645512806506, "optimizer": 1.1194230335440918, "pooling_algorithm": 0.6418310828106424}, "datetime": {"datetime": "2023-11-18 19:31:52", "elapsed": 2139.220939, "delta": 11.382181}},
{"target": 0.9017857142857144, "params": {"activation_function": 1.7803464159986164, "amount_of_layers": 4.322605621821061, "batch_size": 129.5738478263811, "dropout_rate": 0.6218108101353894, "epochs": 162.2323436093218, "hidden_channels": 76.6728924141751, "learning_rate": 0.09033573957314711, "optimizer": 0.5516950123649178, "pooling_algorithm": 0.8717155010594618}, "datetime": {"datetime": "2023-11-18 19:31:58", "elapsed": 2145.374311, "delta": 6.153372}},
{"target": 0.26785714285714285, "params": {"activation_function": 1.359510747014065, "amount_of_layers": 2.5702338848618025, "batch_size": 93.75451641649504, "dropout_rate": 0.3718279518190111, "epochs": 84.02969248039453, "hidden_channels": 64.82527793459965, "learning_rate": 0.03188484075221063, "optimizer": 1.3149085294268759, "pooling_algorithm": 0.4653909562186592}, "datetime": {"datetime": "2023-11-18 19:32:01", "elapsed": 2148.081439, "delta": 2.707128}},
{"target": 0.7535714285714286, "params": {"activation_function": 0.052355921353718804, "amount_of_layers": 4.448617641423554, "batch_size": 97.25566325040458, "dropout_rate": 0.3716189198001023, "epochs": 91.60873191193603, "hidden_channels": 70.09244978942542, "learning_rate": 0.005342052704798016, "optimizer": 0.9881583353213472, "pooling_algorithm": 0.6883024398578446}, "datetime": {"datetime": "2023-11-18 19:32:04", "elapsed": 2151.77794, "delta": 3.696501}},
{"target": 0.8464285714285714, "params": {"activation_function": 0.48706804857437436, "amount_of_layers": 1.6776972431178843, "batch_size": 37.6059936313132, "dropout_rate": 0.2641344399180379, "epochs": 82.94635840346771, "hidden_channels": 74.26722317245985, "learning_rate": 0.09519085924798174, "optimizer": 1.9866542088238748, "pooling_algorithm": 0.2863139837515749}, "datetime": {"datetime": "2023-11-18 19:32:07", "elapsed": 2154.687171, "delta": 2.909231}},
{"target": 0.9142857142857143, "params": {"activation_function": 0.13739855903534792, "amount_of_layers": 1.9824290179315573, "batch_size": 65.45247401508986, "dropout_rate": 0.5976655577109671, "epochs": 183.97149646290802, "hidden_channels": 38.2898748573915, "learning_rate": 0.061732950773640036, "optimizer": 0.2607598570193934, "pooling_algorithm": 0.5291977176792608}, "datetime": {"datetime": "2023-11-18 19:32:12", "elapsed": 2158.918374, "delta": 4.231203}},
{"target": 0.8071428571428572, "params": {"activation_function": 0.33596872552038715, "amount_of_layers": 1.0124175171013388, "batch_size": 129.14569563222926, "dropout_rate": 0.4692248300138525, "epochs": 164.10311542217204, "hidden_channels": 70.40242641543556, "learning_rate": 0.086380257201716, "optimizer": 0.9211830564740024, "pooling_algorithm": 0.3958918519942798}, "datetime": {"datetime": "2023-11-18 19:32:15", "elapsed": 2162.474015, "delta": 3.555641}},
{"target": 0.9, "params": {"activation_function": 1.5684004126276037, "amount_of_layers": 7.914121272725676, "batch_size": 17.09331512636458, "dropout_rate": 0.5630467006993645, "epochs": 190.7526299578559, "hidden_channels": 13.485912918596606, "learning_rate": 0.060334801454487934, "optimizer": 0.516142614347415, "pooling_algorithm": 0.7565555250137179}, "datetime": {"datetime": "2023-11-18 19:32:31", "elapsed": 2178.127945, "delta": 15.65393}},
{"target": 0.9089285714285714, "params": {"activation_function": 0.4008143401508042, "amount_of_layers": 2.355086230198241, "batch_size": 40.179421482191195, "dropout_rate": 0.6192596244959128, "epochs": 81.10125833385733, "hidden_channels": 75.54177247926015, "learning_rate": 0.051312438483447576, "optimizer": 1.435650828416454, "pooling_algorithm": 0.8266997751166699}, "datetime": {"datetime": "2023-11-18 19:32:34", "elapsed": 2180.972743, "delta": 2.844798}},
{"target": 0.9035714285714286, "params": {"activation_function": 0.8872749485631595, "amount_of_layers": 3.323739133157307, "batch_size": 127.7723403855328, "dropout_rate": 0.4382212337578887, "epochs": 165.13004088767335, "hidden_channels": 72.79864916534912, "learning_rate": 0.04733090845138135, "optimizer": 1.4070341444308234, "pooling_algorithm": 0.5234303085434356}, "datetime": {"datetime": "2023-11-18 19:32:39", "elapsed": 2185.997048, "delta": 5.024305}},
{"target": 0.8214285714285715, "params": {"activation_function": 1.0211727510907314, "amount_of_layers": 2.931939128362198, "batch_size": 125.0447047345163, "dropout_rate": 0.6980913245904734, "epochs": 165.71449927229673, "hidden_channels": 72.34256396693351, "learning_rate": 0.007005141154846946, "optimizer": 0.8001061312523916, "pooling_algorithm": 0.3092578443614722}, "datetime": {"datetime": "2023-11-18 19:32:44", "elapsed": 2191.201803, "delta": 5.204755}},
{"target": 0.9035714285714286, "params": {"activation_function": 1.872205734157131, "amount_of_layers": 2.831649036188983, "batch_size": 65.6888859552586, "dropout_rate": 0.6448537753545638, "epochs": 187.7059157895639, "hidden_channels": 34.3879451338378, "learning_rate": 0.07405192563103546, "optimizer": 1.342852179707351, "pooling_algorithm": 0.9335677985785756}, "datetime": {"datetime": "2023-11-18 19:32:49", "elapsed": 2196.820695, "delta": 5.618892}},
{"target": 0.2678571428571429, "params": {"activation_function": 1.729512019510588, "amount_of_layers": 7.645738575986464, "batch_size": 24.11624979299443, "dropout_rate": 0.5760562713177875, "epochs": 188.25813607591536, "hidden_channels": 14.469077305156167, "learning_rate": 0.07298608538848653, "optimizer": 0.8785448891991716, "pooling_algorithm": 0.2446450410472425}, "datetime": {"datetime": "2023-11-18 19:33:03", "elapsed": 2210.534384, "delta": 13.713689}},
{"target": 0.8214285714285714, "params": {"activation_function": 1.7712303296212415, "amount_of_layers": 6.517417272103546, "batch_size": 56.91939176690117, "dropout_rate": 0.38219174264200967, "epochs": 182.44948399932554, "hidden_channels": 100.00891926187579, "learning_rate": 0.052475803727509845, "optimizer": 0.17101333036226496, "pooling_algorithm": 0.22554723025815326}, "datetime": {"datetime": "2023-11-18 19:33:13", "elapsed": 2220.806769, "delta": 10.272385}},
{"target": 0.9089285714285714, "params": {"activation_function": 0.2151528737274928, "amount_of_layers": 6.59544876035735, "batch_size": 58.72122708389312, "dropout_rate": 0.4208000969298189, "epochs": 184.55589183552263, "hidden_channels": 101.66284185094129, "learning_rate": 0.022665316493038348, "optimizer": 0.8937625537776444, "pooling_algorithm": 0.9208137045554665}, "datetime": {"datetime": "2023-11-18 19:33:24", "elapsed": 2231.559875, "delta": 10.753106}},
{"target": 0.7428571428571429, "params": {"activation_function": 0.8524698498982397, "amount_of_layers": 4.8055289839678865, "batch_size": 94.5866753511375, "dropout_rate": 0.2573246072331395, "epochs": 86.84376711553404, "hidden_channels": 64.21745189017714, "learning_rate": 0.005633657846172979, "optimizer": 1.475129748147032, "pooling_algorithm": 0.30338983667221253}, "datetime": {"datetime": "2023-11-18 19:33:28", "elapsed": 2234.875795, "delta": 3.31592}},
{"target": 0.9035714285714286, "params": {"activation_function": 1.2738563029712826, "amount_of_layers": 5.985627091609227, "batch_size": 90.85503821353566, "dropout_rate": 0.3201746951440413, "epochs": 86.6571668488545, "hidden_channels": 64.72662038894961, "learning_rate": 0.05868780431004098, "optimizer": 1.8069338482008126, "pooling_algorithm": 0.688126008140373}, "datetime": {"datetime": "2023-11-18 19:33:34", "elapsed": 2241.312071, "delta": 6.436276}},
{"target": 0.9089285714285714, "params": {"activation_function": 0.2781004704265453, "amount_of_layers": 7.0114147413408645, "batch_size": 65.61920460269668, "dropout_rate": 0.587572347595449, "epochs": 186.57057594069406, "hidden_channels": 29.72536838338087, "learning_rate": 0.051459660384239034, "optimizer": 1.5934124330332795, "pooling_algorithm": 0.8987027220939704}, "datetime": {"datetime": "2023-11-18 19:33:41", "elapsed": 2248.653037, "delta": 7.340966}},
{"target": 0.8964285714285715, "params": {"activation_function": 1.2914799446020417, "amount_of_layers": 4.676955057377402, "batch_size": 93.36411661200475, "dropout_rate": 0.5511871297813867, "epochs": 86.62117099572515, "hidden_channels": 68.21480323843866, "learning_rate": 0.0397602788626693, "optimizer": 1.638996524237749, "pooling_algorithm": 0.7719106085628222}, "datetime": {"datetime": "2023-11-18 19:33:45", "elapsed": 2252.547116, "delta": 3.894079}},
{"target": 0.0, "params": {"activation_function": 1.6629844377732201, "amount_of_layers": 5.711573970634387, "batch_size": 64.87824593162884, "dropout_rate": 0.46971636533070954, "epochs": 188.00711249882474, "hidden_channels": 35.778652156399914, "learning_rate": 0.07909226549898446, "optimizer": 0.975965112479416, "pooling_algorithm": 0.5263136902149019}, "datetime": {"datetime": "2023-11-18 19:33:52", "elapsed": 2259.520438, "delta": 6.973322}},
{"target": 0.0, "params": {"activation_function": 0.9980922183251708, "amount_of_layers": 1.0696556181578618, "batch_size": 96.93594796438288, "dropout_rate": 0.4924456921202074, "epochs": 95.50393104148398, "hidden_channels": 69.12139755145678, "learning_rate": 0.09381905742027877, "optimizer": 0.44984615135885164, "pooling_algorithm": 0.951310733405037}, "datetime": {"datetime": "2023-11-18 19:33:55", "elapsed": 2261.960009, "delta": 2.439571}},
{"target": 0.7535714285714286, "params": {"activation_function": 0.9942553873631252, "amount_of_layers": 2.8047268060071566, "batch_size": 94.3217981943272, "dropout_rate": 0.46308461589817695, "epochs": 89.95832045424243, "hidden_channels": 74.03991017907306, "learning_rate": 0.025122716599051048, "optimizer": 0.06463476975063154, "pooling_algorithm": 0.17991726071731196}, "datetime": {"datetime": "2023-11-18 19:33:58", "elapsed": 2265.364348, "delta": 3.404339}},
{"target": 0.8178571428571428, "params": {"activation_function": 0.9673801449895028, "amount_of_layers": 2.13095362911268, "batch_size": 66.7527275709773, "dropout_rate": 0.3308787645544996, "epochs": 185.50758502469978, "hidden_channels": 34.06304163549929, "learning_rate": 0.0032278795563769227, "optimizer": 1.6417149618722158, "pooling_algorithm": 0.10362851463803324}, "datetime": {"datetime": "2023-11-18 19:34:02", "elapsed": 2269.744678, "delta": 4.38033}},
{"target": 0.9, "params": {"activation_function": 1.2304626876569407, "amount_of_layers": 5.7897308238902205, "batch_size": 60.34678215573829, "dropout_rate": 0.3155299713385486, "epochs": 181.71645361530497, "hidden_channels": 103.02629757795701, "learning_rate": 0.08086579987229402, "optimizer": 1.5404320810691268, "pooling_algorithm": 0.7643128942360302}, "datetime": {"datetime": "2023-11-18 19:34:20", "elapsed": 2287.477626, "delta": 17.732948}},
{"target": 0.9178571428571428, "params": {"activation_function": 0.6092877309929259, "amount_of_layers": 3.249388130631318, "batch_size": 94.3076099393089, "dropout_rate": 0.5256494029056289, "epochs": 87.18943334238017, "hidden_channels": 66.46987674498646, "learning_rate": 0.04564994354131768, "optimizer": 0.2145127685572985, "pooling_algorithm": 0.8210565729281187}, "datetime": {"datetime": "2023-11-18 19:34:23", "elapsed": 2290.257446, "delta": 2.77982}},
{"target": 0.26607142857142857, "params": {"activation_function": 1.3739290335776717, "amount_of_layers": 8.340741812507936, "batch_size": 68.1200643899582, "dropout_rate": 0.31144111171503674, "epochs": 186.67425243758416, "hidden_channels": 36.8895309722421, "learning_rate": 0.0313171186837571, "optimizer": 0.5410637530028317, "pooling_algorithm": 0.33128564496740653}, "datetime": {"datetime": "2023-11-18 19:34:32", "elapsed": 2298.853893, "delta": 8.596447}},
{"target": 0.7339285714285715, "params": {"activation_function": 0.5975982945756204, "amount_of_layers": 7.5324751698959735, "batch_size": 20.663460760572427, "dropout_rate": 0.3134584301351662, "epochs": 191.0421160107323, "hidden_channels": 11.030804569792611, "learning_rate": 0.015165380896629246, "optimizer": 1.2190354113501791, "pooling_algorithm": 0.22458056742099664}, "datetime": {"datetime": "2023-11-18 19:34:46", "elapsed": 2313.370862, "delta": 14.516969}},
{"target": 0.7535714285714286, "params": {"activation_function": 1.7648950728673103, "amount_of_layers": 5.305840099235853, "batch_size": 66.41447962817892, "dropout_rate": 0.6268858783345188, "epochs": 185.49586327981598, "hidden_channels": 33.8009180229796, "learning_rate": 0.04757883311952413, "optimizer": 1.385836569164903, "pooling_algorithm": 0.391414771526736}, "datetime": {"datetime": "2023-11-18 19:34:52", "elapsed": 2319.755798, "delta": 6.384936}},
{"target": 0.9125, "params": {"activation_function": 1.4994052899341686, "amount_of_layers": 6.948643567826982, "batch_size": 59.825927934484156, "dropout_rate": 0.5078933802764777, "epochs": 183.47160341847106, "hidden_channels": 100.92818047324171, "learning_rate": 0.05919138164127035, "optimizer": 0.8739646323704493, "pooling_algorithm": 0.681783458583361}, "datetime": {"datetime": "2023-11-18 19:35:03", "elapsed": 2330.752009, "delta": 10.996211}},
{"target": 0.7517857142857142, "params": {"activation_function": 1.5222442678138361, "amount_of_layers": 3.702862679469739, "batch_size": 130.6435021169347, "dropout_rate": 0.7248939398697609, "epochs": 161.9966922400891, "hidden_channels": 73.33394978880031, "learning_rate": 0.07166040479726347, "optimizer": 0.6420424864905054, "pooling_algorithm": 0.29046395603444664}, "datetime": {"datetime": "2023-11-18 19:35:09", "elapsed": 2336.347945, "delta": 5.595936}},
{"target": 0.9089285714285714, "params": {"activation_function": 0.3313544930018002, "amount_of_layers": 5.092649897561134, "batch_size": 95.99631823624642, "dropout_rate": 0.7314110461759994, "epochs": 87.04685860047103, "hidden_channels": 69.84607298308114, "learning_rate": 0.04237408280611299, "optimizer": 0.5759521605414721, "pooling_algorithm": 0.52534157521683}, "datetime": {"datetime": "2023-11-18 19:35:13", "elapsed": 2339.843966, "delta": 3.496021}},
{"target": 0.9107142857142857, "params": {"activation_function": 0.09779484921976887, "amount_of_layers": 8.14589155261806, "batch_size": 59.31482424668127, "dropout_rate": 0.5437695120660835, "epochs": 183.2941265340971, "hidden_channels": 101.42244257112257, "learning_rate": 0.0639795921701248, "optimizer": 0.0, "pooling_algorithm": 0.9167241368404679}, "datetime": {"datetime": "2023-11-18 19:35:24", "elapsed": 2350.977423, "delta": 11.133457}},
{"target": 0.9160714285714285, "params": {"activation_function": 1.0784409196466578, "amount_of_layers": 4.294231006042122, "batch_size": 128.53087688921926, "dropout_rate": 0.2502171699135793, "epochs": 163.66980710784063, "hidden_channels": 74.13974518817463, "learning_rate": 0.06382213575688003, "optimizer": 0.5437891875781199, "pooling_algorithm": 1.0}, "datetime": {"datetime": "2023-11-18 19:35:30", "elapsed": 2356.969417, "delta": 5.991994}},
{"target": 0.9, "params": {"activation_function": 0.9138135016299078, "amount_of_layers": 5.91432507358041, "batch_size": 95.6345075547142, "dropout_rate": 0.6327591044356501, "epochs": 89.55483289162362, "hidden_channels": 70.61813757640523, "learning_rate": 0.09663448469527502, "optimizer": 1.0947652129451717, "pooling_algorithm": 1.0}, "datetime": {"datetime": "2023-11-18 19:35:35", "elapsed": 2361.865287, "delta": 4.89587}},
{"target": 0.9125000000000001, "params": {"activation_function": 0.15160110529234538, "amount_of_layers": 4.652110274554067, "batch_size": 95.99139760302543, "dropout_rate": 0.2687669579216542, "epochs": 84.65077557457269, "hidden_channels": 69.28065033996309, "learning_rate": 0.0994589848151472, "optimizer": 1.1391464231842774, "pooling_algorithm": 0.618648484998676}, "datetime": {"datetime": "2023-11-18 19:35:38", "elapsed": 2365.248112, "delta": 3.382825}},
{"target": 0.26249999999999996, "params": {"activation_function": 1.8573317974676924, "amount_of_layers": 8.188463213631248, "batch_size": 93.24580621828699, "dropout_rate": 0.7354447468042561, "epochs": 90.8192280919269, "hidden_channels": 72.0194475552522, "learning_rate": 0.06626484479707515, "optimizer": 0.5699168216839836, "pooling_algorithm": 0.12395938250459493}, "datetime": {"datetime": "2023-11-18 19:35:43", "elapsed": 2369.97315, "delta": 4.725038}},
{"target": 0.9017857142857143, "params": {"activation_function": 0.6668180494792357, "amount_of_layers": 8.552448894659772, "batch_size": 120.32578673439761, "dropout_rate": 0.712378264390922, "epochs": 159.05396541489014, "hidden_channels": 62.12020462939854, "learning_rate": 0.08292131084606044, "optimizer": 0.8724884795620909, "pooling_algorithm": 0.6829962793642474}, "datetime": {"datetime": "2023-11-18 19:35:51", "elapsed": 2378.694944, "delta": 8.721794}},
{"target": 0.6571428571428571, "params": {"activation_function": 0.0756825351769399, "amount_of_layers": 1.9268365311520324, "batch_size": 64.37046229148241, "dropout_rate": 0.3721206598929877, "epochs": 186.23567652489396, "hidden_channels": 30.93032511247912, "learning_rate": 0.07183960403332884, "optimizer": 0.5947372155586348, "pooling_algorithm": 0.239727851249099}, "datetime": {"datetime": "2023-11-18 19:35:56", "elapsed": 2383.166504, "delta": 4.47156}},
{"target": 0.9089285714285714, "params": {"activation_function": 0.3527129351551399, "amount_of_layers": 4.213380064249691, "batch_size": 64.88021434764116, "dropout_rate": 0.6690528666524517, "epochs": 184.17801066223285, "hidden_channels": 36.60465826489683, "learning_rate": 0.028889166785422426, "optimizer": 0.8147846756367114, "pooling_algorithm": 0.5531308237993575}, "datetime": {"datetime": "2023-11-18 19:36:01", "elapsed": 2388.701187, "delta": 5.534683}},
{"target": 0.9142857142857143, "params": {"activation_function": 0.6034559481009611, "amount_of_layers": 8.795217135210821, "batch_size": 119.58092138734433, "dropout_rate": 0.7459101413790546, "epochs": 161.0917439695524, "hidden_channels": 61.110638394820185, "learning_rate": 0.04285385420457265, "optimizer": 1.6982547495631584, "pooling_algorithm": 0.9788644085566279}, "datetime": {"datetime": "2023-11-18 19:36:21", "elapsed": 2408.191994, "delta": 19.490807}},
{"target": 0.28750000000000003, "params": {"activation_function": 0.9933193520883872, "amount_of_layers": 6.558372261794338, "batch_size": 94.18057374356194, "dropout_rate": 0.5003563063431533, "epochs": 95.19436015848538, "hidden_channels": 69.4485426689706, "learning_rate": 0.009482722880726723, "optimizer": 0.7967938608462173, "pooling_algorithm": 0.2113342552879247}, "datetime": {"datetime": "2023-11-18 19:36:25", "elapsed": 2412.766616, "delta": 4.574622}},
{"target": 0.6392857142857142, "params": {"activation_function": 0.12971004030337352, "amount_of_layers": 4.079734307535046, "batch_size": 92.37666578380207, "dropout_rate": 0.27208841675302486, "epochs": 89.52267554315445, "hidden_channels": 65.23453742735495, "learning_rate": 0.057694285844198806, "optimizer": 1.5767607222396616, "pooling_algorithm": 0.493145688780278}, "datetime": {"datetime": "2023-11-18 19:36:29", "elapsed": 2416.239729, "delta": 3.473113}},
{"target": 0.9125, "params": {"activation_function": 1.0800000931903608, "amount_of_layers": 8.519119661390786, "batch_size": 123.50823277094318, "dropout_rate": 0.5486159277176101, "epochs": 153.71946017188705, "hidden_channels": 58.446752573053224, "learning_rate": 0.009838152198481581, "optimizer": 1.543489554172551, "pooling_algorithm": 0.5551387208527216}, "datetime": {"datetime": "2023-11-18 19:36:36", "elapsed": 2423.813552, "delta": 7.573823}},
{"target": 0.0, "params": {"activation_function": 1.8298521689879348, "amount_of_layers": 5.367858219855016, "batch_size": 16.397009274605907, "dropout_rate": 0.4361346566369311, "epochs": 186.72537928980714, "hidden_channels": 12.959409630363513, "learning_rate": 0.04799809214762571, "optimizer": 0.4657500008420865, "pooling_algorithm": 0.8139450261089095}, "datetime": {"datetime": "2023-11-18 19:36:48", "elapsed": 2435.434056, "delta": 11.620504}},
{"target": 0.9142857142857143, "params": {"activation_function": 0.7313716308386122, "amount_of_layers": 5.160682414993067, "batch_size": 95.39776728207916, "dropout_rate": 0.5492164652931819, "epochs": 91.5208014332277, "hidden_channels": 70.78996691179506, "learning_rate": 0.06945403795561518, "optimizer": 0.19375242568273476, "pooling_algorithm": 0.710624052108466}, "datetime": {"datetime": "2023-11-18 19:36:52", "elapsed": 2439.239086, "delta": 3.80503}},
