{"target": 0.9178571428571428, "params": {"activation_function": 1.0290553692983992, "amount_of_layers": 4.053945397517516, "batch_size": 42.106521616447075, "dropout_rate": 0.45259476894053063, "epochs": 108.67369416992827, "hidden_channels": 116.78933052841012, "learning_rate": 0.028215069865466274, "optimizer": 0.4153130189354004, "pooling_algorithm": 0.5514152525624514}, "datetime": {"datetime": "2023-11-18 22:17:48", "elapsed": 12095.201212, "delta": 9.458052}},
{"target": 0.7392857142857142, "params": {"activation_function": 0.722820384604625, "amount_of_layers": 6.356588135516444, "batch_size": 143.62340426078399, "dropout_rate": 0.6345758625862534, "epochs": 96.60433548893515, "hidden_channels": 18.88626136433697, "learning_rate": 0.09498023430375511, "optimizer": 0.4505258803354315, "pooling_algorithm": 0.2529180314883144}, "datetime": {"datetime": "2023-11-18 22:17:54", "elapsed": 12101.402981, "delta": 6.201769}},
{"target": 0.32857142857142857, "params": {"activation_function": 0.2615971344281909, "amount_of_layers": 3.5950419672582203, "batch_size": 92.2674193303432, "dropout_rate": 0.3340939797805147, "epochs": 37.63224696171325, "hidden_channels": 72.22003846757232, "learning_rate": 0.046511509350977996, "optimizer": 1.8644001179728933, "pooling_algorithm": 0.1617232885918909}, "datetime": {"datetime": "2023-11-18 22:17:59", "elapsed": 12106.616503, "delta": 5.213522}},
{"target": 0.9089285714285714, "params": {"activation_function": 0.041418701213350895, "amount_of_layers": 6.203805690903903, "batch_size": 132.17782151422352, "dropout_rate": 0.3966530279244929, "epochs": 162.444639551027, "hidden_channels": 76.98119374534319, "learning_rate": 0.08406689095203967, "optimizer": 0.7437475837552701, "pooling_algorithm": 0.6118305901970594}, "datetime": {"datetime": "2023-11-18 22:18:20", "elapsed": 12127.138278, "delta": 20.521775}},
{"target": 0.9, "params": {"activation_function": 0.6198788432611146, "amount_of_layers": 6.158160594226451, "batch_size": 93.01730855100732, "dropout_rate": 0.7120456263833013, "epochs": 87.05441534813319, "hidden_channels": 72.87615673048663, "learning_rate": 0.0289547389709893, "optimizer": 1.078987156924691, "pooling_algorithm": 0.5851076442970063}, "datetime": {"datetime": "2023-11-18 22:18:37", "elapsed": 12144.016732, "delta": 16.878454}},
{"target": 0.26785714285714285, "params": {"activation_function": 0.6413429981829122, "amount_of_layers": 6.302426044540982, "batch_size": 43.410232247913285, "dropout_rate": 0.4433884249503408, "epochs": 188.61453053405072, "hidden_channels": 69.83704199283713, "learning_rate": 0.0035216942297138796, "optimizer": 0.7930455709124407, "pooling_algorithm": 0.02282073100884252}, "datetime": {"datetime": "2023-11-18 22:18:51", "elapsed": 12157.957442, "delta": 13.94071}},
{"target": 0.26964285714285713, "params": {"activation_function": 0.8336269044675111, "amount_of_layers": 4.633273617721068, "batch_size": 128.6635814888092, "dropout_rate": 0.42838205361150644, "epochs": 160.22148528645752, "hidden_channels": 62.69993001254632, "learning_rate": 0.09626227239144045, "optimizer": 1.3509571818798107, "pooling_algorithm": 0.311475837448162}, "datetime": {"datetime": "2023-11-18 22:19:00", "elapsed": 12167.704125, "delta": 9.746683}},
{"target": 0.8964285714285715, "params": {"activation_function": 0.42676238358756446, "amount_of_layers": 2.4320297940205675, "batch_size": 79.47758162628426, "dropout_rate": 0.640897760969352, "epochs": 192.51681088260176, "hidden_channels": 57.59632621852654, "learning_rate": 0.04865795387376819, "optimizer": 1.765553980928222, "pooling_algorithm": 0.5401881562560912}, "datetime": {"datetime": "2023-11-18 22:19:08", "elapsed": 12175.607911, "delta": 7.903786}},
{"target": 0.9107142857142857, "params": {"activation_function": 0.655402702550038, "amount_of_layers": 2.5240940702584576, "batch_size": 45.720408428789185, "dropout_rate": 0.5756719697744368, "epochs": 139.15480788706807, "hidden_channels": 42.46338153339653, "learning_rate": 0.007247748120693882, "optimizer": 0.9266107974412352, "pooling_algorithm": 0.8555556260201028}, "datetime": {"datetime": "2023-11-18 22:19:26", "elapsed": 12193.805969, "delta": 18.198058}},
{"target": 0.9142857142857143, "params": {"activation_function": 1.1075804916948648, "amount_of_layers": 7.507395011334543, "batch_size": 134.7613337528467, "dropout_rate": 0.593599687709952, "epochs": 168.57293516731096, "hidden_channels": 58.47038985562651, "learning_rate": 0.038606778897277434, "optimizer": 1.2334259978106412, "pooling_algorithm": 0.8193914777654142}, "datetime": {"datetime": "2023-11-18 22:19:55", "elapsed": 12222.130728, "delta": 28.324759}},
{"target": 0.9089285714285714, "params": {"activation_function": 0.31822556627077025, "amount_of_layers": 4.753467405248853, "batch_size": 96.43616508238337, "dropout_rate": 0.47207480333998064, "epochs": 152.74250860402742, "hidden_channels": 56.473865771886366, "learning_rate": 0.09689186693650888, "optimizer": 1.3882828667212115, "pooling_algorithm": 0.5654386498826263}, "datetime": {"datetime": "2023-11-18 22:20:04", "elapsed": 12231.007369, "delta": 8.876641}},
{"target": 0.175, "params": {"activation_function": 1.3422340922017202, "amount_of_layers": 5.461718990188545, "batch_size": 146.95074852915482, "dropout_rate": 0.4842310653121147, "epochs": 187.6804274426624, "hidden_channels": 105.83191313993785, "learning_rate": 0.06783028417433966, "optimizer": 1.1961077195006746, "pooling_algorithm": 0.4691437282798113}, "datetime": {"datetime": "2023-11-18 22:20:17", "elapsed": 12244.299231, "delta": 13.291862}},
{"target": 0.8214285714285714, "params": {"activation_function": 1.6032120643112546, "amount_of_layers": 8.567630481011058, "batch_size": 41.94472662105161, "dropout_rate": 0.683417932699611, "epochs": 190.78304764694244, "hidden_channels": 58.23423079723662, "learning_rate": 0.0769838440655366, "optimizer": 0.01512278502035036, "pooling_algorithm": 0.4396964954661572}, "datetime": {"datetime": "2023-11-18 22:20:32", "elapsed": 12259.115865, "delta": 14.816634}},
{"target": 0.9089285714285714, "params": {"activation_function": 0.19150415620313588, "amount_of_layers": 7.1362452871858295, "batch_size": 38.40851973219656, "dropout_rate": 0.3918330771085283, "epochs": 103.16663218273938, "hidden_channels": 118.75963999158058, "learning_rate": 0.07792600782756474, "optimizer": 0.05519561850389354, "pooling_algorithm": 0.5769834774105637}, "datetime": {"datetime": "2023-11-18 22:20:42", "elapsed": 12269.33839, "delta": 10.222525}},
{"target": 0.44642857142857145, "params": {"activation_function": 0.39300466014318225, "amount_of_layers": 5.141152729059518, "batch_size": 20.284613777536975, "dropout_rate": 0.4354530974461867, "epochs": 136.956057147362, "hidden_channels": 20.02409604123649, "learning_rate": 0.0436904379970638, "optimizer": 1.3896984107743084, "pooling_algorithm": 0.20171395307285078}, "datetime": {"datetime": "2023-11-18 22:20:55", "elapsed": 12282.139895, "delta": 12.801505}},
{"target": 0.9017857142857143, "params": {"activation_function": 0.8263411005263233, "amount_of_layers": 3.6336287577081494, "batch_size": 95.32433174502468, "dropout_rate": 0.667239994684975, "epochs": 88.99746795300565, "hidden_channels": 69.07703097243699, "learning_rate": 0.09785768820768777, "optimizer": 0.6931270644103464, "pooling_algorithm": 0.732933356340647}, "datetime": {"datetime": "2023-11-18 22:21:11", "elapsed": 12298.737604, "delta": 16.597709}},
{"target": 0.9160714285714286, "params": {"activation_function": 1.1086586280627568, "amount_of_layers": 3.0077008938095293, "batch_size": 41.370717638340494, "dropout_rate": 0.4779314037428397, "epochs": 77.50549940521304, "hidden_channels": 74.14691405808317, "learning_rate": 0.07474561325483135, "optimizer": 0.5161027774198299, "pooling_algorithm": 0.8376930364861829}, "datetime": {"datetime": "2023-11-18 22:21:25", "elapsed": 12312.388103, "delta": 13.650499}},
{"target": 0.08928571428571429, "params": {"activation_function": 1.550535836692613, "amount_of_layers": 1.8749195992788197, "batch_size": 107.70677157658574, "dropout_rate": 0.4770388510337314, "epochs": 75.60372135511282, "hidden_channels": 94.8995009360604, "learning_rate": 0.09835309819767701, "optimizer": 1.0718497665113424, "pooling_algorithm": 0.5367019357569845}, "datetime": {"datetime": "2023-11-18 22:21:32", "elapsed": 12319.069903, "delta": 6.6818}},
{"target": 0.7357142857142858, "params": {"activation_function": 0.5127555756862217, "amount_of_layers": 3.773967423755205, "batch_size": 128.87749629465998, "dropout_rate": 0.6045795923332742, "epochs": 161.9484639230607, "hidden_channels": 76.72952222340403, "learning_rate": 0.03254752300452405, "optimizer": 0.8123614771164536, "pooling_algorithm": 0.12599078670557662}, "datetime": {"datetime": "2023-11-18 22:21:49", "elapsed": 12335.895734, "delta": 16.825831}},
{"target": 0.7107142857142856, "params": {"activation_function": 1.5481083267008993, "amount_of_layers": 2.0139474794575856, "batch_size": 66.56405577435197, "dropout_rate": 0.3467592807275176, "epochs": 185.06165628205667, "hidden_channels": 34.74655358193216, "learning_rate": 0.032786769946343296, "optimizer": 1.7636214798500143, "pooling_algorithm": 0.07312839140395067}, "datetime": {"datetime": "2023-11-18 22:21:57", "elapsed": 12344.767879, "delta": 8.872145}},
{"target": 0.7339285714285715, "params": {"activation_function": 0.8390357175853187, "amount_of_layers": 5.403653069614596, "batch_size": 139.16086565901753, "dropout_rate": 0.5360086145652809, "epochs": 167.71624757469468, "hidden_channels": 36.39301533878013, "learning_rate": 0.024765718355058187, "optimizer": 0.8258480324182103, "pooling_algorithm": 0.0055236587445270935}, "datetime": {"datetime": "2023-11-18 22:22:23", "elapsed": 12370.106871, "delta": 25.338992}},
{"target": 0.7392857142857143, "params": {"activation_function": 1.4088880353792725, "amount_of_layers": 8.423653483390652, "batch_size": 38.671967723066366, "dropout_rate": 0.4799543968864833, "epochs": 119.4951989960991, "hidden_channels": 105.79878674907796, "learning_rate": 0.09755706234376185, "optimizer": 0.06553963002677543, "pooling_algorithm": 0.34776127127999223}, "datetime": {"datetime": "2023-11-18 22:22:34", "elapsed": 12381.410192, "delta": 11.303321}},
{"target": 0.8857142857142857, "params": {"activation_function": 0.17528288737990017, "amount_of_layers": 4.546169695646436, "batch_size": 133.9676174673369, "dropout_rate": 0.6036184681401021, "epochs": 66.70285546663322, "hidden_channels": 33.67721363760349, "learning_rate": 0.011750255906361529, "optimizer": 0.3153149517426155, "pooling_algorithm": 0.83235247340738}, "datetime": {"datetime": "2023-11-18 22:22:40", "elapsed": 12387.760433, "delta": 6.350241}},
{"target": 0.9214285714285715, "params": {"activation_function": 0.4697747883970802, "amount_of_layers": 2.5461601291691194, "batch_size": 149.61166106610912, "dropout_rate": 0.45197379937562737, "epochs": 10.960248605825434, "hidden_channels": 111.68684126532102, "learning_rate": 0.06730403793466035, "optimizer": 0.2815172371409027, "pooling_algorithm": 0.9844462410926281}, "datetime": {"datetime": "2023-11-18 22:22:46", "elapsed": 12393.014339, "delta": 5.253906}},
{"target": 0.5, "params": {"activation_function": 0.4693788925784672, "amount_of_layers": 5.157757837850455, "batch_size": 133.62301511997254, "dropout_rate": 0.25601845731472783, "epochs": 72.3614836443374, "hidden_channels": 7.819680048829359, "learning_rate": 0.03646369725434704, "optimizer": 1.0262778569712674, "pooling_algorithm": 0.03090098721508794}, "datetime": {"datetime": "2023-11-18 22:22:52", "elapsed": 12399.074218, "delta": 6.059879}},
{"target": 0.7357142857142858, "params": {"activation_function": 1.0579376509692284, "amount_of_layers": 6.371307719719785, "batch_size": 67.88444755644812, "dropout_rate": 0.6493467592180835, "epochs": 184.95845502262173, "hidden_channels": 37.93632920594356, "learning_rate": 0.011195149917239269, "optimizer": 1.8862674489617974, "pooling_algorithm": 0.4151619258190343}, "datetime": {"datetime": "2023-11-18 22:23:03", "elapsed": 12410.239903, "delta": 11.165685}},
{"target": 0.0, "params": {"activation_function": 0.40048873370942006, "amount_of_layers": 7.360499423329459, "batch_size": 145.71190509996555, "dropout_rate": 0.7397064665852922, "epochs": 60.61956205021429, "hidden_channels": 54.343559900691844, "learning_rate": 0.07504777493645806, "optimizer": 1.5513576128004443, "pooling_algorithm": 0.5184480111527544}, "datetime": {"datetime": "2023-11-18 22:23:15", "elapsed": 12422.660474, "delta": 12.420571}},
{"target": 0.26249999999999996, "params": {"activation_function": 1.7532977895852362, "amount_of_layers": 6.073372282697405, "batch_size": 34.55985798388381, "dropout_rate": 0.43236421869341873, "epochs": 193.9778435900888, "hidden_channels": 89.86805883058977, "learning_rate": 0.056398428009439214, "optimizer": 1.7638093956281282, "pooling_algorithm": 0.2464501195707698}, "datetime": {"datetime": "2023-11-18 22:23:31", "elapsed": 12438.261178, "delta": 15.600704}},
{"target": 0.7321428571428572, "params": {"activation_function": 1.2412925108919979, "amount_of_layers": 4.257556146400283, "batch_size": 55.53392891091294, "dropout_rate": 0.38075353817809454, "epochs": 56.07513910538771, "hidden_channels": 77.23100215829403, "learning_rate": 0.035179870702045285, "optimizer": 1.0349756749421992, "pooling_algorithm": 0.37136815422517955}, "datetime": {"datetime": "2023-11-18 22:23:37", "elapsed": 12444.449399, "delta": 6.188221}},
{"target": 0.7321428571428572, "params": {"activation_function": 1.3332936131937727, "amount_of_layers": 3.8164141490610763, "batch_size": 34.013021722142696, "dropout_rate": 0.45032399728834754, "epochs": 40.3460594646353, "hidden_channels": 115.92859844679069, "learning_rate": 0.005561306209232961, "optimizer": 1.6571633817910796, "pooling_algorithm": 0.23914749188822515}, "datetime": {"datetime": "2023-11-18 22:23:44", "elapsed": 12451.41435, "delta": 6.964951}},
{"target": 0.9035714285714287, "params": {"activation_function": 1.0933308400605548, "amount_of_layers": 4.998086888964034, "batch_size": 66.50751045450154, "dropout_rate": 0.35329444746510313, "epochs": 184.918092342644, "hidden_channels": 37.8110671363226, "learning_rate": 0.052936767047841234, "optimizer": 0.32042742616330844, "pooling_algorithm": 0.8114385209581638}, "datetime": {"datetime": "2023-11-18 22:23:59", "elapsed": 12466.348037, "delta": 14.933687}},
{"target": 0.9, "params": {"activation_function": 1.554636114503271, "amount_of_layers": 5.27402619360736, "batch_size": 29.798752578730266, "dropout_rate": 0.4887878591250895, "epochs": 162.02909002069808, "hidden_channels": 122.23987276249704, "learning_rate": 0.05206862004392109, "optimizer": 1.5425418901058343, "pooling_algorithm": 0.7631270976885471}, "datetime": {"datetime": "2023-11-18 22:24:13", "elapsed": 12480.39074, "delta": 14.042703}},
{"target": 0.7142857142857143, "params": {"activation_function": 0.36844986787631995, "amount_of_layers": 3.163062641660619, "batch_size": 109.35722719844424, "dropout_rate": 0.6648233069854828, "epochs": 55.27035674635642, "hidden_channels": 16.37400971096883, "learning_rate": 0.059642000712888305, "optimizer": 1.7478844842306662, "pooling_algorithm": 0.04312542556153787}, "datetime": {"datetime": "2023-11-18 22:24:19", "elapsed": 12486.112635, "delta": 5.721895}},
{"target": 0.2732142857142857, "params": {"activation_function": 1.3463266632389093, "amount_of_layers": 4.978908003207261, "batch_size": 133.7162940342224, "dropout_rate": 0.7432183265860577, "epochs": 13.84795957127053, "hidden_channels": 81.18359251621791, "learning_rate": 0.03545113079329728, "optimizer": 0.5659548646687407, "pooling_algorithm": 0.18708654679931103}, "datetime": {"datetime": "2023-11-18 22:24:23", "elapsed": 12490.513934, "delta": 4.401299}},
{"target": 0.9107142857142857, "params": {"activation_function": 0.9786039007180738, "amount_of_layers": 4.407503227781758, "batch_size": 55.1291297835088, "dropout_rate": 0.6182434089341764, "epochs": 116.07113598322681, "hidden_channels": 36.0212467289088, "learning_rate": 0.017626113483268875, "optimizer": 1.031660525802825, "pooling_algorithm": 0.9796675891296791}, "datetime": {"datetime": "2023-11-18 22:24:38", "elapsed": 12505.117917, "delta": 14.603983}},
{"target": 0.7375, "params": {"activation_function": 1.433636117346107, "amount_of_layers": 5.596964731853197, "batch_size": 93.18937142221593, "dropout_rate": 0.672632725040371, "epochs": 88.35923413605018, "hidden_channels": 70.25556273892389, "learning_rate": 0.09344407480655237, "optimizer": 1.729534061262663, "pooling_algorithm": 0.11260554455722749}, "datetime": {"datetime": "2023-11-18 22:24:48", "elapsed": 12515.720893, "delta": 10.602976}},
{"target": 0.9, "params": {"activation_function": 1.861928187132901, "amount_of_layers": 1.6504387630359219, "batch_size": 113.29397163062832, "dropout_rate": 0.46398437436324974, "epochs": 35.49667084391437, "hidden_channels": 106.95123359227601, "learning_rate": 0.026322336961067293, "optimizer": 1.9145049157001774, "pooling_algorithm": 0.83871119434233}, "datetime": {"datetime": "2023-11-18 22:24:54", "elapsed": 12521.293834, "delta": 5.572941}},
{"target": 0.0, "params": {"activation_function": 1.92381830531231, "amount_of_layers": 1.6616363190453907, "batch_size": 112.5979916906689, "dropout_rate": 0.5600535783596428, "epochs": 133.18165511368215, "hidden_channels": 40.547178014709104, "learning_rate": 0.09177897152154416, "optimizer": 0.3140397769884018, "pooling_algorithm": 0.8901246509448185}, "datetime": {"datetime": "2023-11-18 22:25:01", "elapsed": 12528.003457, "delta": 6.709623}},
{"target": 0.7321428571428572, "params": {"activation_function": 0.9013126494933972, "amount_of_layers": 3.8162119815421782, "batch_size": 101.49199932912217, "dropout_rate": 0.7361709611071751, "epochs": 61.537732616706926, "hidden_channels": 12.101859258332517, "learning_rate": 0.07458695796582453, "optimizer": 0.8093622938212264, "pooling_algorithm": 0.19848326013308604}, "datetime": {"datetime": "2023-11-18 22:25:07", "elapsed": 12533.944669, "delta": 5.941212}},
{"target": 0.8214285714285714, "params": {"activation_function": 0.2507675877444382, "amount_of_layers": 4.508422484678925, "batch_size": 123.71475982876186, "dropout_rate": 0.2663270490987126, "epochs": 195.901945676359, "hidden_channels": 84.17030755069392, "learning_rate": 0.036524695588845156, "optimizer": 1.4850406621013728, "pooling_algorithm": 0.3561283915453112}, "datetime": {"datetime": "2023-11-18 22:25:27", "elapsed": 12553.8378, "delta": 19.893131}},
{"target": 0.9107142857142858, "params": {"activation_function": 0.24866912820293763, "amount_of_layers": 4.359624561805899, "batch_size": 42.760636218499776, "dropout_rate": 0.2811737973301484, "epochs": 105.31302735772574, "hidden_channels": 22.227739107901044, "learning_rate": 0.07871737801563526, "optimizer": 0.04273625837752926, "pooling_algorithm": 0.6482116413817076}, "datetime": {"datetime": "2023-11-18 22:25:34", "elapsed": 12561.571667, "delta": 7.733867}},
{"target": 0.9071428571428571, "params": {"activation_function": 0.08539144361259532, "amount_of_layers": 7.188553703121045, "batch_size": 105.64018059226453, "dropout_rate": 0.70268205890527, "epochs": 51.45795209969234, "hidden_channels": 56.00971329948612, "learning_rate": 0.05291002215574736, "optimizer": 0.2413177069944783, "pooling_algorithm": 0.5357050682560239}, "datetime": {"datetime": "2023-11-18 22:25:41", "elapsed": 12568.326012, "delta": 6.754345}},
{"target": 0.7392857142857143, "params": {"activation_function": 0.7586289046923187, "amount_of_layers": 2.2076220598588208, "batch_size": 103.52823509405069, "dropout_rate": 0.4345702672264773, "epochs": 49.63801069258482, "hidden_channels": 98.74345599613045, "learning_rate": 0.060570482023454664, "optimizer": 1.6695377184735571, "pooling_algorithm": 0.32151101153331463}, "datetime": {"datetime": "2023-11-18 22:25:47", "elapsed": 12574.298374, "delta": 5.972362}},
{"target": 0.9178571428571428, "params": {"activation_function": 1.2671296279239717, "amount_of_layers": 3.527059600513712, "batch_size": 54.211081267761124, "dropout_rate": 0.6748965697094329, "epochs": 164.31654004927537, "hidden_channels": 118.40098966887923, "learning_rate": 0.01495630619420451, "optimizer": 1.3482521393621658, "pooling_algorithm": 0.5333606201445058}, "datetime": {"datetime": "2023-11-18 22:26:07", "elapsed": 12594.284622, "delta": 19.986248}},
{"target": 0.09642857142857142, "params": {"activation_function": 0.5057579279744533, "amount_of_layers": 3.9697346314882944, "batch_size": 23.986766571918118, "dropout_rate": 0.39076322658353707, "epochs": 43.388532513371686, "hidden_channels": 13.974968700323357, "learning_rate": 0.0342098958439926, "optimizer": 0.6862599697968084, "pooling_algorithm": 0.6676901557496401}, "datetime": {"datetime": "2023-11-18 22:26:13", "elapsed": 12600.643955, "delta": 6.359333}},
{"target": 0.8035714285714286, "params": {"activation_function": 0.3453095382727809, "amount_of_layers": 2.8322700423937626, "batch_size": 93.04470913716835, "dropout_rate": 0.38583018521621615, "epochs": 31.093336328301966, "hidden_channels": 89.33984724027557, "learning_rate": 0.08252593993217995, "optimizer": 0.051157684936454784, "pooling_algorithm": 0.34388203405312334}, "datetime": {"datetime": "2023-11-18 22:26:18", "elapsed": 12605.83133, "delta": 5.187375}},
{"target": 0.9089285714285714, "params": {"activation_function": 0.3161832462227594, "amount_of_layers": 3.904494611479775, "batch_size": 109.91321053978983, "dropout_rate": 0.7070857027274579, "epochs": 156.01558143077824, "hidden_channels": 24.26946749563763, "learning_rate": 0.09822682756953915, "optimizer": 0.8540218263704562, "pooling_algorithm": 0.8880322967314863}, "datetime": {"datetime": "2023-11-18 22:26:26", "elapsed": 12613.508091, "delta": 7.676761}},
