{"target": 0.7607142857142857, "params": {"activation_function": 1.3343461225226882, "amount_of_layers": 5.201163799223287, "batch_size": 58.835463988216816, "dropout_rate": 0.34995870855138633, "epochs": 190.22188351047745, "hidden_channels": 19.463248258840338, "learning_rate": 0.003629264133592201, "optimizer": 1.06415449797146, "pooling_algorithm": 0.03335437054904211}, "datetime": {"datetime": "2023-11-18 23:10:11", "elapsed": 15238.092198, "delta": 11.294336}},
{"target": 0.4624999999999999, "params": {"activation_function": 1.0940204165719514, "amount_of_layers": 2.016670199128754, "batch_size": 104.84494360624124, "dropout_rate": 0.6657982984937811, "epochs": 64.66140736504394, "hidden_channels": 81.5882125303986, "learning_rate": 0.0703064985133647, "optimizer": 1.2856263890138138, "pooling_algorithm": 0.17561956881225782}, "datetime": {"datetime": "2023-11-18 23:10:50", "elapsed": 15276.98034, "delta": 38.888142}},
{"target": 0.7392857142857143, "params": {"activation_function": 1.7632018970225807, "amount_of_layers": 7.106652959920161, "batch_size": 80.35775426457201, "dropout_rate": 0.5168723759293699, "epochs": 167.36845340763622, "hidden_channels": 110.98973481861981, "learning_rate": 0.03209037492970426, "optimizer": 1.0900911440004397, "pooling_algorithm": 0.2253538571754119}, "datetime": {"datetime": "2023-11-18 23:11:05", "elapsed": 15292.023264, "delta": 15.042924}},
{"target": 0.08928571428571427, "params": {"activation_function": 0.7471357771986624, "amount_of_layers": 2.875859247009446, "batch_size": 108.87191268874508, "dropout_rate": 0.6263287696236528, "epochs": 170.58871263247474, "hidden_channels": 23.359885040100078, "learning_rate": 0.006488422298674707, "optimizer": 0.004979249362953242, "pooling_algorithm": 0.5417760070613928}, "datetime": {"datetime": "2023-11-18 23:11:13", "elapsed": 15300.738897, "delta": 8.715633}},
{"target": 0.7535714285714286, "params": {"activation_function": 1.8255445479216104, "amount_of_layers": 6.352970302583763, "batch_size": 140.02934333819522, "dropout_rate": 0.3725863417677478, "epochs": 38.99820645301686, "hidden_channels": 60.806413985384665, "learning_rate": 0.02722273488188916, "optimizer": 0.7973300774870511, "pooling_algorithm": 0.08820517147298235}, "datetime": {"datetime": "2023-11-18 23:11:21", "elapsed": 15308.071595, "delta": 7.332698}},
{"target": 0.0, "params": {"activation_function": 0.5854197511179255, "amount_of_layers": 3.036998695123959, "batch_size": 82.72463808382825, "dropout_rate": 0.657251844875697, "epochs": 17.325330754834084, "hidden_channels": 109.79025540711447, "learning_rate": 0.03374574399788517, "optimizer": 1.7220665522447485, "pooling_algorithm": 0.5144788316454126}, "datetime": {"datetime": "2023-11-18 23:11:27", "elapsed": 15314.612738, "delta": 6.541143}},
{"target": 0.9089285714285714, "params": {"activation_function": 0.021536934064188218, "amount_of_layers": 8.86909898745838, "batch_size": 116.46982222151856, "dropout_rate": 0.4983775203747643, "epochs": 124.20200243143867, "hidden_channels": 101.3416489255335, "learning_rate": 0.08311648345822255, "optimizer": 0.14970273882544904, "pooling_algorithm": 0.9049299884889218}, "datetime": {"datetime": "2023-11-18 23:11:40", "elapsed": 15327.24705, "delta": 12.634312}},
{"target": 0.7339285714285715, "params": {"activation_function": 1.498815956032638, "amount_of_layers": 7.740655772080913, "batch_size": 21.111055828549972, "dropout_rate": 0.5464795049268647, "epochs": 35.873980610182656, "hidden_channels": 11.730190761753605, "learning_rate": 0.015736052531905027, "optimizer": 1.8216274668874164, "pooling_algorithm": 0.04342050631860794}, "datetime": {"datetime": "2023-11-18 23:11:48", "elapsed": 15335.164772, "delta": 7.917722}},
{"target": 0.8142857142857143, "params": {"activation_function": 0.04735643003776091, "amount_of_layers": 8.76359695514957, "batch_size": 88.71737708269256, "dropout_rate": 0.47658494864559653, "epochs": 167.93774428738507, "hidden_channels": 53.18944170280281, "learning_rate": 0.03288302014115355, "optimizer": 0.06898767929012628, "pooling_algorithm": 0.4479653519120491}, "datetime": {"datetime": "2023-11-18 23:12:00", "elapsed": 15347.445295, "delta": 12.280523}},
{"target": 0.9071428571428573, "params": {"activation_function": 1.382669186656032, "amount_of_layers": 3.939316596095342, "batch_size": 138.10562873058453, "dropout_rate": 0.29186154114157586, "epochs": 65.69662334058893, "hidden_channels": 100.42333940248147, "learning_rate": 0.0021796622081074954, "optimizer": 0.8549018257393726, "pooling_algorithm": 0.6978860719720682}, "datetime": {"datetime": "2023-11-18 23:12:09", "elapsed": 15356.239369, "delta": 8.794074}},
{"target": 0.09821428571428571, "params": {"activation_function": 1.8677065181038548, "amount_of_layers": 7.063428073947991, "batch_size": 131.20552435618572, "dropout_rate": 0.3515781654156351, "epochs": 47.42828189079524, "hidden_channels": 58.652789372427826, "learning_rate": 0.07845108042307315, "optimizer": 1.880146578073419, "pooling_algorithm": 0.856621049375734}, "datetime": {"datetime": "2023-11-18 23:12:38", "elapsed": 15385.001154, "delta": 28.761785}},
{"target": 0.825, "params": {"activation_function": 0.32210848471815057, "amount_of_layers": 6.042077705507427, "batch_size": 78.2700251073775, "dropout_rate": 0.5305910418745505, "epochs": 152.21777288993195, "hidden_channels": 24.335379235438857, "learning_rate": 0.04642081417988855, "optimizer": 0.11963573321037702, "pooling_algorithm": 0.1619902064233445}, "datetime": {"datetime": "2023-11-18 23:12:47", "elapsed": 15394.451455, "delta": 9.450301}},
{"target": 0.0, "params": {"activation_function": 0.055669127697676846, "amount_of_layers": 8.381074557329267, "batch_size": 100.11096688926452, "dropout_rate": 0.6651847764596688, "epochs": 64.68802691003768, "hidden_channels": 95.56532842504922, "learning_rate": 0.09947675777456695, "optimizer": 1.1399169213330893, "pooling_algorithm": 0.8026028804865781}, "datetime": {"datetime": "2023-11-18 23:12:56", "elapsed": 15403.419168, "delta": 8.967713}},
{"target": 0.19999999999999996, "params": {"activation_function": 0.3925048121052819, "amount_of_layers": 8.337029529044731, "batch_size": 19.973235907136754, "dropout_rate": 0.5001448569188112, "epochs": 190.31143718932833, "hidden_channels": 12.301543243368943, "learning_rate": 0.07249124942139445, "optimizer": 1.1573203496207312, "pooling_algorithm": 0.424213390945825}, "datetime": {"datetime": "2023-11-18 23:13:37", "elapsed": 15444.303341, "delta": 40.884173}},
{"target": 0.9, "params": {"activation_function": 1.2645361173727476, "amount_of_layers": 2.134097404690455, "batch_size": 107.26356544427387, "dropout_rate": 0.5811054185358117, "epochs": 143.98300024975046, "hidden_channels": 108.31028824972128, "learning_rate": 0.07417475903724642, "optimizer": 1.4004175148301896, "pooling_algorithm": 0.8434609640123764}, "datetime": {"datetime": "2023-11-18 23:13:46", "elapsed": 15453.723368, "delta": 9.420027}},
{"target": 0.7982142857142858, "params": {"activation_function": 1.0158021386758866, "amount_of_layers": 1.349781732268755, "batch_size": 44.688080737509495, "dropout_rate": 0.4756982880588282, "epochs": 166.58214398650043, "hidden_channels": 66.89179316912032, "learning_rate": 0.07061621052781882, "optimizer": 0.09649767849682966, "pooling_algorithm": 0.3773046346838904}, "datetime": {"datetime": "2023-11-18 23:13:55", "elapsed": 15462.686914, "delta": 8.963546}},
{"target": 0.7785714285714286, "params": {"activation_function": 0.8630432839613884, "amount_of_layers": 2.8471881906941015, "batch_size": 140.17144044066674, "dropout_rate": 0.4293983406336029, "epochs": 187.51043617385554, "hidden_channels": 25.870727060655454, "learning_rate": 0.021633487961727534, "optimizer": 0.10829083709611709, "pooling_algorithm": 0.017294196408299767}, "datetime": {"datetime": "2023-11-18 23:14:30", "elapsed": 15496.929355, "delta": 34.242441}},
{"target": 0.9160714285714286, "params": {"activation_function": 0.10367179831681805, "amount_of_layers": 8.811670414096927, "batch_size": 102.06318020575223, "dropout_rate": 0.3350381740493013, "epochs": 61.342210235076536, "hidden_channels": 39.388356353518674, "learning_rate": 0.05643435789926585, "optimizer": 0.7830423582632373, "pooling_algorithm": 0.6337607830629209}, "datetime": {"datetime": "2023-11-18 23:14:38", "elapsed": 15505.795578, "delta": 8.866223}},
{"target": 0.9107142857142857, "params": {"activation_function": 1.2558292971625566, "amount_of_layers": 8.612702395313521, "batch_size": 62.142496835951974, "dropout_rate": 0.27321236873995125, "epochs": 30.15801296112373, "hidden_channels": 70.59363604610098, "learning_rate": 0.020862497792434955, "optimizer": 0.7899603605629488, "pooling_algorithm": 0.7744974126151535}, "datetime": {"datetime": "2023-11-18 23:14:47", "elapsed": 15514.184463, "delta": 8.388885}},
{"target": 0.7946428571428572, "params": {"activation_function": 1.274518750510392, "amount_of_layers": 6.151971066257288, "batch_size": 92.87216378622489, "dropout_rate": 0.7021389277993435, "epochs": 87.62570305736972, "hidden_channels": 72.6470635791169, "learning_rate": 0.08767165070681775, "optimizer": 0.6021151816470631, "pooling_algorithm": 0.09664480280834886}, "datetime": {"datetime": "2023-11-18 23:15:19", "elapsed": 15546.633445, "delta": 32.448982}},
{"target": 0.6285714285714286, "params": {"activation_function": 1.4870733713666067, "amount_of_layers": 1.6999110422324497, "batch_size": 96.87408853164506, "dropout_rate": 0.5585566210495729, "epochs": 94.74133959833941, "hidden_channels": 65.30978775850208, "learning_rate": 0.030525347341356427, "optimizer": 1.843027109842524, "pooling_algorithm": 0.23549842649373798}, "datetime": {"datetime": "2023-11-18 23:15:43", "elapsed": 15570.342682, "delta": 23.709237}},
{"target": 0.0, "params": {"activation_function": 1.7203634272237331, "amount_of_layers": 2.678646036583169, "batch_size": 18.57052655115242, "dropout_rate": 0.7049742370537722, "epochs": 15.74591113783411, "hidden_channels": 94.2492681202563, "learning_rate": 0.06415406123090292, "optimizer": 0.7750229996764677, "pooling_algorithm": 0.44095241340322944}, "datetime": {"datetime": "2023-11-18 23:15:50", "elapsed": 15577.728116, "delta": 7.385434}},
{"target": 0.7357142857142857, "params": {"activation_function": 0.6574624390728319, "amount_of_layers": 7.310546891161073, "batch_size": 77.91136734227028, "dropout_rate": 0.4373349164749058, "epochs": 191.94164358846092, "hidden_channels": 93.95711445663025, "learning_rate": 0.08342378162060615, "optimizer": 0.1894245729502928, "pooling_algorithm": 0.3284492198747472}, "datetime": {"datetime": "2023-11-18 23:16:05", "elapsed": 15592.315533, "delta": 14.587417}},
{"target": 0.9071428571428571, "params": {"activation_function": 0.9137099329931486, "amount_of_layers": 8.7721117766623, "batch_size": 146.3445764142424, "dropout_rate": 0.6415850542963033, "epochs": 180.74991688976107, "hidden_channels": 83.73257406685828, "learning_rate": 0.0757736296646007, "optimizer": 0.7129424816697112, "pooling_algorithm": 0.5899841396788494}, "datetime": {"datetime": "2023-11-18 23:16:30", "elapsed": 15617.142265, "delta": 24.826732}},
{"target": 0.7625, "params": {"activation_function": 0.41478428313128846, "amount_of_layers": 1.0021241603393047, "batch_size": 108.337086858444, "dropout_rate": 0.6191740901349567, "epochs": 56.977916901751165, "hidden_channels": 38.98434725960507, "learning_rate": 0.046650790612975904, "optimizer": 1.138068084410747, "pooling_algorithm": 0.2143731410526597}, "datetime": {"datetime": "2023-11-18 23:16:37", "elapsed": 15624.019821, "delta": 6.877556}},
{"target": 0.8285714285714285, "params": {"activation_function": 1.2743547272414129, "amount_of_layers": 1.7888625859580722, "batch_size": 125.23952768606618, "dropout_rate": 0.29192938476091634, "epochs": 133.1957095359108, "hidden_channels": 55.40070114653221, "learning_rate": 0.028050647813029492, "optimizer": 0.7973367681377415, "pooling_algorithm": 0.2694776335364373}, "datetime": {"datetime": "2023-11-18 23:16:46", "elapsed": 15632.918933, "delta": 8.899112}},
{"target": 0.7839285714285714, "params": {"activation_function": 1.3076103142190767, "amount_of_layers": 1.1064761340040299, "batch_size": 139.65573136053825, "dropout_rate": 0.4403010459382747, "epochs": 187.70383894157823, "hidden_channels": 25.790849607753916, "learning_rate": 0.08129955823098213, "optimizer": 1.7249670815537261, "pooling_algorithm": 0.5994760814680682}, "datetime": {"datetime": "2023-11-18 23:17:16", "elapsed": 15662.890271, "delta": 29.971338}},
{"target": 0.9, "params": {"activation_function": 1.226118190206798, "amount_of_layers": 7.945266311602586, "batch_size": 140.77735154837217, "dropout_rate": 0.4332595984596448, "epochs": 57.201892601437756, "hidden_channels": 121.67546109487466, "learning_rate": 0.05618989573339405, "optimizer": 0.934376644347992, "pooling_algorithm": 0.9946754015377728}, "datetime": {"datetime": "2023-11-18 23:17:30", "elapsed": 15676.847994, "delta": 13.957723}},
{"target": 0.7375, "params": {"activation_function": 1.9378776561742301, "amount_of_layers": 3.552175477630062, "batch_size": 127.7654953886147, "dropout_rate": 0.3428001981066158, "epochs": 145.73722209700955, "hidden_channels": 118.48736420405952, "learning_rate": 0.08928640338478389, "optimizer": 1.5588231467753972, "pooling_algorithm": 0.11387694302495288}, "datetime": {"datetime": "2023-11-18 23:17:42", "elapsed": 15688.913258, "delta": 12.065264}},
{"target": 0.8392857142857143, "params": {"activation_function": 0.8168238171348363, "amount_of_layers": 4.842877082805634, "batch_size": 26.0557571512744, "dropout_rate": 0.31823825147360724, "epochs": 54.96945363238854, "hidden_channels": 51.2545023892971, "learning_rate": 0.010243425128127936, "optimizer": 1.3473708921521663, "pooling_algorithm": 0.4308352654683206}, "datetime": {"datetime": "2023-11-18 23:17:51", "elapsed": 15698.099929, "delta": 9.186671}},
{"target": 0.8982142857142857, "params": {"activation_function": 1.1538162102591936, "amount_of_layers": 3.20567338030149, "batch_size": 99.58393708217388, "dropout_rate": 0.7404755047743767, "epochs": 91.4611133164571, "hidden_channels": 38.7206154054946, "learning_rate": 0.09023782740395066, "optimizer": 1.5157166703975367, "pooling_algorithm": 0.6905430142380962}, "datetime": {"datetime": "2023-11-18 23:17:58", "elapsed": 15705.694764, "delta": 7.594835}},
{"target": 0.2589285714285714, "params": {"activation_function": 1.8620834039584084, "amount_of_layers": 3.5578539114592393, "batch_size": 17.98112357246061, "dropout_rate": 0.4641682192323197, "epochs": 176.00423652525953, "hidden_channels": 6.861140508370992, "learning_rate": 0.03836642474295321, "optimizer": 1.6698989267543336, "pooling_algorithm": 0.2136372644487371}, "datetime": {"datetime": "2023-11-18 23:18:13", "elapsed": 15720.532905, "delta": 14.838141}},
{"target": 0.9214285714285714, "params": {"activation_function": 0.7961021649601132, "amount_of_layers": 3.762534912815047, "batch_size": 111.7878507309369, "dropout_rate": 0.388322912723662, "epochs": 186.87079087211248, "hidden_channels": 43.684297753148115, "learning_rate": 0.046672802365294294, "optimizer": 0.4185520729463126, "pooling_algorithm": 0.5360342296311971}, "datetime": {"datetime": "2023-11-18 23:18:24", "elapsed": 15731.46575, "delta": 10.932845}},
{"target": 0.7392857142857143, "params": {"activation_function": 1.376557225079454, "amount_of_layers": 8.011782051195919, "batch_size": 128.21391817303675, "dropout_rate": 0.595156950829415, "epochs": 171.04780245442353, "hidden_channels": 49.4931243884601, "learning_rate": 0.018583537415251896, "optimizer": 0.6382053205111107, "pooling_algorithm": 0.35196586863335355}, "datetime": {"datetime": "2023-11-18 23:18:37", "elapsed": 15744.13277, "delta": 12.66702}},
{"target": 0.9071428571428571, "params": {"activation_function": 0.8304166228656484, "amount_of_layers": 6.446194723111192, "batch_size": 131.16227516643409, "dropout_rate": 0.5039608017440002, "epochs": 154.66024639936344, "hidden_channels": 49.596627958817194, "learning_rate": 0.06524201951252769, "optimizer": 0.39186262324427457, "pooling_algorithm": 0.6500687848163135}, "datetime": {"datetime": "2023-11-18 23:19:01", "elapsed": 15768.451941, "delta": 24.319171}},
{"target": 0.9071428571428571, "params": {"activation_function": 1.1966904313270712, "amount_of_layers": 8.792469675695372, "batch_size": 97.33452327699361, "dropout_rate": 0.34132843646866345, "epochs": 185.20188916849634, "hidden_channels": 95.70904869252199, "learning_rate": 0.016836286665313317, "optimizer": 1.559317868778396, "pooling_algorithm": 0.5828278458896007}, "datetime": {"datetime": "2023-11-18 23:19:17", "elapsed": 15784.752107, "delta": 16.300166}},
{"target": 0.9053571428571429, "params": {"activation_function": 0.39244788945970477, "amount_of_layers": 5.070015294209262, "batch_size": 25.93057396267108, "dropout_rate": 0.5124524498664742, "epochs": 54.596822582186384, "hidden_channels": 51.66197530265578, "learning_rate": 0.02977763381433276, "optimizer": 1.7863636263945455, "pooling_algorithm": 0.5451798447965295}, "datetime": {"datetime": "2023-11-18 23:19:44", "elapsed": 15811.80307, "delta": 27.050963}},
{"target": 0.29464285714285715, "params": {"activation_function": 0.7503511022296836, "amount_of_layers": 3.7883776089324, "batch_size": 126.85817059020617, "dropout_rate": 0.5224987088016994, "epochs": 164.57773151695454, "hidden_channels": 72.90228239196934, "learning_rate": 0.07369396334195684, "optimizer": 1.1411752089588338, "pooling_algorithm": 0.00487628653497707}, "datetime": {"datetime": "2023-11-18 23:20:14", "elapsed": 15840.997307, "delta": 29.194237}},
{"target": 0.09999999999999999, "params": {"activation_function": 1.5385968911320071, "amount_of_layers": 8.794742827908081, "batch_size": 118.3315045435043, "dropout_rate": 0.5950868269692069, "epochs": 26.911022393695436, "hidden_channels": 11.803235087403518, "learning_rate": 0.022216444178353716, "optimizer": 1.5588293152156525, "pooling_algorithm": 0.8406724777254457}, "datetime": {"datetime": "2023-11-18 23:20:21", "elapsed": 15848.793378, "delta": 7.796071}},
{"target": 0.2357142857142857, "params": {"activation_function": 1.4800405148635736, "amount_of_layers": 5.3284219159522035, "batch_size": 94.41653111855587, "dropout_rate": 0.7284869791023119, "epochs": 64.05601195338525, "hidden_channels": 23.35040530561932, "learning_rate": 0.009490261333154844, "optimizer": 1.2967920038476364, "pooling_algorithm": 0.014060230147257768}, "datetime": {"datetime": "2023-11-18 23:20:29", "elapsed": 15856.516327, "delta": 7.722949}},
{"target": 0.9035714285714286, "params": {"activation_function": 1.475518366088329, "amount_of_layers": 4.967884453806256, "batch_size": 104.64090886344476, "dropout_rate": 0.6844934087972994, "epochs": 108.07397671032886, "hidden_channels": 15.44150940182176, "learning_rate": 0.06527788921760616, "optimizer": 1.0893308356379277, "pooling_algorithm": 0.9629097159174553}, "datetime": {"datetime": "2023-11-18 23:20:38", "elapsed": 15865.66372, "delta": 9.147393}},
{"target": 0.2571428571428572, "params": {"activation_function": 0.545595193633944, "amount_of_layers": 8.504539966022072, "batch_size": 97.73603782883741, "dropout_rate": 0.6692125210723303, "epochs": 79.10700570845091, "hidden_channels": 5.454449049154974, "learning_rate": 0.011791308073784687, "optimizer": 0.40627148685941905, "pooling_algorithm": 0.2858602378507349}, "datetime": {"datetime": "2023-11-18 23:20:47", "elapsed": 15874.737205, "delta": 9.073485}},
{"target": 0.7446428571428572, "params": {"activation_function": 1.2064519051246412, "amount_of_layers": 8.746210228827007, "batch_size": 55.28574284106695, "dropout_rate": 0.5414104521967331, "epochs": 29.49141707692547, "hidden_channels": 89.07086865260709, "learning_rate": 0.03832824160508587, "optimizer": 0.6259976927537534, "pooling_algorithm": 0.45251918581280426}, "datetime": {"datetime": "2023-11-18 23:20:56", "elapsed": 15882.949056, "delta": 8.211851}},
{"target": 0.9053571428571429, "params": {"activation_function": 0.8191419865480432, "amount_of_layers": 8.19635791312027, "batch_size": 138.50343688091561, "dropout_rate": 0.6689337349348967, "epochs": 185.29860860491735, "hidden_channels": 73.7263201321511, "learning_rate": 0.05933656356397859, "optimizer": 0.26227709617572903, "pooling_algorithm": 0.533874037060516}, "datetime": {"datetime": "2023-11-18 23:21:11", "elapsed": 15898.09865, "delta": 15.149594}},
{"target": 0.9142857142857143, "params": {"activation_function": 0.6088481817520424, "amount_of_layers": 7.282358692325277, "batch_size": 73.495299161464, "dropout_rate": 0.5992230960026734, "epochs": 57.50042136420977, "hidden_channels": 110.7409051246328, "learning_rate": 0.024911592297422236, "optimizer": 0.6793590291987539, "pooling_algorithm": 0.7698283389983331}, "datetime": {"datetime": "2023-11-18 23:21:37", "elapsed": 15924.087871, "delta": 25.989221}},
{"target": 0.875, "params": {"activation_function": 1.1120033126014617, "amount_of_layers": 1.3051702946884083, "batch_size": 129.99723761895098, "dropout_rate": 0.6749147994216329, "epochs": 38.78594621687046, "hidden_channels": 114.81770383571346, "learning_rate": 0.07727068259952023, "optimizer": 1.9692867954757094, "pooling_algorithm": 0.526751578332202}, "datetime": {"datetime": "2023-11-18 23:22:08", "elapsed": 15955.288633, "delta": 31.200762}},
{"target": 0.5214285714285715, "params": {"activation_function": 0.5956346359527183, "amount_of_layers": 1.1528828919297833, "batch_size": 121.16100313791476, "dropout_rate": 0.6972131239696516, "epochs": 146.18834367630166, "hidden_channels": 7.440909729988511, "learning_rate": 0.0595805308773003, "optimizer": 0.4344204630143176, "pooling_algorithm": 0.7624728017731002}, "datetime": {"datetime": "2023-11-18 23:22:16", "elapsed": 15963.637065, "delta": 8.348432}},
