{"target": 0.26785714285714285, "params": {"activation_function": 1.0639929416918825, "amount_of_layers": 4.665352418855762, "batch_size": 69.55782367300966, "dropout_rate": 0.6250079076358241, "epochs": 182.74616940574046, "hidden_channels": 34.61836126865521, "learning_rate": 0.09794005095133003, "optimizer": 1.6097803127388233, "pooling_algorithm": 0.029786272511078793}, "datetime": {"datetime": "2023-11-18 19:19:59", "elapsed": 1426.605351, "delta": 5.929546}},
{"target": 0.9035714285714286, "params": {"activation_function": 0.908398455311377, "amount_of_layers": 7.357195492636211, "batch_size": 44.76709858771624, "dropout_rate": 0.40005161325185185, "epochs": 184.53589571070097, "hidden_channels": 108.27508654297877, "learning_rate": 0.09080429867753338, "optimizer": 0.34479509896029237, "pooling_algorithm": 0.9760830439832505}, "datetime": {"datetime": "2023-11-18 19:20:11", "elapsed": 1438.73544, "delta": 12.130089}},
{"target": 0.7178571428571429, "params": {"activation_function": 1.2799511852572756, "amount_of_layers": 6.721463078620785, "batch_size": 120.81614718377433, "dropout_rate": 0.6829718100428113, "epochs": 151.21724773282787, "hidden_channels": 58.93716498063676, "learning_rate": 0.06287205998662423, "optimizer": 0.6802814730288851, "pooling_algorithm": 0.3169753938493468}, "datetime": {"datetime": "2023-11-18 19:20:18", "elapsed": 1445.29177, "delta": 6.55633}},
{"target": 0.9125, "params": {"activation_function": 1.0749090383048039, "amount_of_layers": 7.8909322626662135, "batch_size": 61.00633795954529, "dropout_rate": 0.3954220765142685, "epochs": 183.86046452710798, "hidden_channels": 102.51744698814211, "learning_rate": 0.06827480884751502, "optimizer": 0.446640786167779, "pooling_algorithm": 0.8834128655969815}, "datetime": {"datetime": "2023-11-18 19:20:29", "elapsed": 1456.705308, "delta": 11.413538}},
{"target": 0.0, "params": {"activation_function": 0.6862962342232111, "amount_of_layers": 6.772608754652064, "batch_size": 62.276122296453316, "dropout_rate": 0.2957100609674269, "epochs": 186.011900557043, "hidden_channels": 104.05912081958249, "learning_rate": 0.09704249791942354, "optimizer": 0.2986380419230308, "pooling_algorithm": 0.943493117779621}, "datetime": {"datetime": "2023-11-18 19:20:41", "elapsed": 1468.448337, "delta": 11.743029}},
{"target": 0.8071428571428572, "params": {"activation_function": 1.6096737676113742, "amount_of_layers": 2.301416310325833, "batch_size": 93.50271255856177, "dropout_rate": 0.41341700461631076, "epochs": 91.95068357602625, "hidden_channels": 73.37492054906525, "learning_rate": 0.0461640671785577, "optimizer": 0.4043688139529844, "pooling_algorithm": 0.3172968044284711}, "datetime": {"datetime": "2023-11-18 19:20:44", "elapsed": 1471.248633, "delta": 2.800296}},
{"target": 0.9125, "params": {"activation_function": 1.3468326982272572, "amount_of_layers": 8.938288217924164, "batch_size": 59.80254440221049, "dropout_rate": 0.3909993018880495, "epochs": 184.01787655240065, "hidden_channels": 100.07580858624195, "learning_rate": 0.05936119800922882, "optimizer": 0.22516113980676664, "pooling_algorithm": 0.8980898148184263}, "datetime": {"datetime": "2023-11-18 19:20:56", "elapsed": 1483.469649, "delta": 12.221016}},
{"target": 0.9178571428571428, "params": {"activation_function": 0.13790354889129475, "amount_of_layers": 7.182637985279332, "batch_size": 118.0886319350871, "dropout_rate": 0.5652653364356395, "epochs": 158.77347816324377, "hidden_channels": 62.122955121030856, "learning_rate": 0.05234252711597255, "optimizer": 1.5142117466170817, "pooling_algorithm": 0.5310922292678674}, "datetime": {"datetime": "2023-11-18 19:21:03", "elapsed": 1490.130447, "delta": 6.660798}},
{"target": 0.9053571428571429, "params": {"activation_function": 1.1234214903932844, "amount_of_layers": 6.912080586675986, "batch_size": 16.319090860725293, "dropout_rate": 0.4790605487640094, "epochs": 187.26250474000759, "hidden_channels": 14.699299361771237, "learning_rate": 0.0571358692534643, "optimizer": 0.5820107658577387, "pooling_algorithm": 0.9309632773193307}, "datetime": {"datetime": "2023-11-18 19:21:18", "elapsed": 1505.173758, "delta": 15.043311}},
{"target": 0.9089285714285714, "params": {"activation_function": 0.28231954432655715, "amount_of_layers": 4.6365208676457055, "batch_size": 91.79461577369356, "dropout_rate": 0.6522258774337832, "epochs": 88.56335954659876, "hidden_channels": 66.09048607066899, "learning_rate": 0.09427933245969429, "optimizer": 0.6310708821772053, "pooling_algorithm": 0.8804255687084865}, "datetime": {"datetime": "2023-11-18 19:21:21", "elapsed": 1508.450432, "delta": 3.276674}},
{"target": 0.7928571428571429, "params": {"activation_function": 0.44903704089220975, "amount_of_layers": 4.690274747495181, "batch_size": 20.176041709714475, "dropout_rate": 0.6770227742461741, "epochs": 187.09275743112212, "hidden_channels": 14.725568736141536, "learning_rate": 0.04947005698500322, "optimizer": 0.29913349259612554, "pooling_algorithm": 0.15158396201817992}, "datetime": {"datetime": "2023-11-18 19:21:31", "elapsed": 1518.018365, "delta": 9.567933}},
{"target": 0.7892857142857143, "params": {"activation_function": 0.8716552413781775, "amount_of_layers": 5.50025205955812, "batch_size": 18.803334764529655, "dropout_rate": 0.25658274536678827, "epochs": 189.29370452970127, "hidden_channels": 17.365173897881203, "learning_rate": 0.005611739196528656, "optimizer": 1.3089786730473725, "pooling_algorithm": 0.367577968325402}, "datetime": {"datetime": "2023-11-18 19:21:43", "elapsed": 1529.929058, "delta": 11.910693}},
{"target": 0.875, "params": {"activation_function": 2.0, "amount_of_layers": 5.418456553238786, "batch_size": 93.38470627101557, "dropout_rate": 0.25, "epochs": 89.34602389055438, "hidden_channels": 67.2686719209538, "learning_rate": 0.001, "optimizer": 2.0, "pooling_algorithm": 1.0}, "datetime": {"datetime": "2023-11-18 19:21:46", "elapsed": 1533.742066, "delta": 3.813008}},
{"target": 0.9, "params": {"activation_function": 1.9161279130969684, "amount_of_layers": 2.0517187427877124, "batch_size": 67.03282245217203, "dropout_rate": 0.3390327243324522, "epochs": 189.05198150231493, "hidden_channels": 30.032938070469445, "learning_rate": 0.07934636831215032, "optimizer": 1.727340208298989, "pooling_algorithm": 0.8215917250418706}, "datetime": {"datetime": "2023-11-18 19:21:51", "elapsed": 1537.999963, "delta": 4.257897}},
{"target": 0.5035714285714287, "params": {"activation_function": 0.5493622411463233, "amount_of_layers": 4.359925060952129, "batch_size": 125.57116770499299, "dropout_rate": 0.3440373794547599, "epochs": 153.58016348836156, "hidden_channels": 57.501692286589616, "learning_rate": 0.07385779358848064, "optimizer": 0.9293659646157706, "pooling_algorithm": 0.2723592697103453}, "datetime": {"datetime": "2023-11-18 19:21:55", "elapsed": 1542.666979, "delta": 4.667016}},
{"target": 0.9142857142857144, "params": {"activation_function": 0.23085056073299182, "amount_of_layers": 7.22526951342213, "batch_size": 90.89242795991812, "dropout_rate": 0.5930742498147197, "epochs": 90.4335688413641, "hidden_channels": 71.7719125275217, "learning_rate": 0.008152747700595195, "optimizer": 1.7653982370490344, "pooling_algorithm": 0.9538010764414369}, "datetime": {"datetime": "2023-11-18 19:21:59", "elapsed": 1546.532736, "delta": 3.865757}},
{"target": 0.8089285714285716, "params": {"activation_function": 0.704606489062501, "amount_of_layers": 1.40417574177218, "batch_size": 128.49108068801587, "dropout_rate": 0.5962253051593533, "epochs": 160.80480941231014, "hidden_channels": 66.6177507235439, "learning_rate": 0.006424831007135701, "optimizer": 1.7734431300746523, "pooling_algorithm": 0.41371393107273946}, "datetime": {"datetime": "2023-11-18 19:22:02", "elapsed": 1549.787209, "delta": 3.254473}},
{"target": 0.7321428571428572, "params": {"activation_function": 1.3443892959646755, "amount_of_layers": 6.997430952932631, "batch_size": 47.898663905347036, "dropout_rate": 0.2934328235841758, "epochs": 184.33626106070773, "hidden_channels": 107.02838071946944, "learning_rate": 0.051674723864621006, "optimizer": 0.64135303507872, "pooling_algorithm": 0.019483997125793073}, "datetime": {"datetime": "2023-11-18 19:22:15", "elapsed": 1562.379866, "delta": 12.592657}},
{"target": 0.8964285714285715, "params": {"activation_function": 0.7944155654190401, "amount_of_layers": 3.0930546422303538, "batch_size": 93.40558669530112, "dropout_rate": 0.30330794658922494, "epochs": 86.08815747197242, "hidden_channels": 64.23410058402122, "learning_rate": 0.05644715110788802, "optimizer": 1.8432528312596024, "pooling_algorithm": 0.6359784753781391}, "datetime": {"datetime": "2023-11-18 19:22:18", "elapsed": 1565.109237, "delta": 2.729371}},
{"target": 0.7321428571428571, "params": {"activation_function": 1.9305890030486803, "amount_of_layers": 8.543113678762698, "batch_size": 89.85591965275518, "dropout_rate": 0.4315353413648077, "epochs": 90.21596077578802, "hidden_channels": 69.57329385650196, "learning_rate": 0.020923007860393937, "optimizer": 1.1290886879651347, "pooling_algorithm": 0.1164854100221765}, "datetime": {"datetime": "2023-11-18 19:22:23", "elapsed": 1570.123531, "delta": 5.014294}},
{"target": 0.9142857142857143, "params": {"activation_function": 1.4882161586916993, "amount_of_layers": 6.044987667577428, "batch_size": 60.52283053410829, "dropout_rate": 0.6850560323507016, "epochs": 184.38087859421435, "hidden_channels": 99.08075774481242, "learning_rate": 0.01901960845796697, "optimizer": 0.979270863239005, "pooling_algorithm": 0.6178084631213637}, "datetime": {"datetime": "2023-11-18 19:22:33", "elapsed": 1580.278693, "delta": 10.155162}},
{"target": 0.7535714285714284, "params": {"activation_function": 1.5818500651908223, "amount_of_layers": 2.2629323847357767, "batch_size": 65.00167195489277, "dropout_rate": 0.3720500396866498, "epochs": 182.1858667768452, "hidden_channels": 36.26064940064843, "learning_rate": 0.09389354056164233, "optimizer": 1.4044915547995112, "pooling_algorithm": 0.517396191537498}, "datetime": {"datetime": "2023-11-18 19:22:37", "elapsed": 1584.772244, "delta": 4.493551}},
{"target": 0.9178571428571429, "params": {"activation_function": 0.0, "amount_of_layers": 1.7525000779385784, "batch_size": 121.90828997166288, "dropout_rate": 0.75, "epochs": 154.14459834329966, "hidden_channels": 58.93734355539435, "learning_rate": 0.001, "optimizer": 0.0, "pooling_algorithm": 1.0}, "datetime": {"datetime": "2023-11-18 19:22:41", "elapsed": 1588.334121, "delta": 3.561877}},
{"target": 0.9160714285714285, "params": {"activation_function": 0.76158821457246, "amount_of_layers": 8.610282810005435, "batch_size": 16.450042083890143, "dropout_rate": 0.3771682910553224, "epochs": 192.4836067435217, "hidden_channels": 18.848520199657543, "learning_rate": 0.08020092629934807, "optimizer": 1.7924488976270405, "pooling_algorithm": 0.8564562862867358}, "datetime": {"datetime": "2023-11-18 19:22:58", "elapsed": 1605.351218, "delta": 17.017097}},
{"target": 0.0, "params": {"activation_function": 0.19442192879688736, "amount_of_layers": 5.511514876074013, "batch_size": 66.08672168135021, "dropout_rate": 0.6193073299255497, "epochs": 75.78415797850643, "hidden_channels": 53.54203728679209, "learning_rate": 0.06013432256377655, "optimizer": 1.9967033948468293, "pooling_algorithm": 0.9631897073634929}, "datetime": {"datetime": "2023-11-18 19:23:01", "elapsed": 1608.68058, "delta": 3.329362}},
{"target": 0.8821428571428571, "params": {"activation_function": 0.6754926162493105, "amount_of_layers": 1.4276808985801663, "batch_size": 67.26708908873591, "dropout_rate": 0.47680786815768234, "epochs": 187.24174858315646, "hidden_channels": 32.74882741915492, "learning_rate": 0.04140640335369688, "optimizer": 1.4792218920876732, "pooling_algorithm": 0.5543326217108421}, "datetime": {"datetime": "2023-11-18 19:23:05", "elapsed": 1612.43301, "delta": 3.75243}},
{"target": 0.9089285714285714, "params": {"activation_function": 1.2206992865449078, "amount_of_layers": 1.0, "batch_size": 38.30620214010221, "dropout_rate": 0.41488803251032996, "epochs": 83.69515242443637, "hidden_channels": 75.5261747577014, "learning_rate": 0.1, "optimizer": 0.2920435393485264, "pooling_algorithm": 1.0}, "datetime": {"datetime": "2023-11-18 19:23:08", "elapsed": 1614.917875, "delta": 2.484865}},
{"target": 0.9214285714285715, "params": {"activation_function": 1.3207251099414212, "amount_of_layers": 3.6593148280267966, "batch_size": 123.52117684498283, "dropout_rate": 0.5454860984745837, "epochs": 151.58523942143347, "hidden_channels": 61.934218481090134, "learning_rate": 0.08093507308785491, "optimizer": 1.1103279847993863, "pooling_algorithm": 0.8557783081250493}, "datetime": {"datetime": "2023-11-18 19:23:13", "elapsed": 1619.908433, "delta": 4.990558}},
{"target": 0.7374999999999999, "params": {"activation_function": 1.8442118472386193, "amount_of_layers": 5.391949716625252, "batch_size": 95.7552006601455, "dropout_rate": 0.2993600273314239, "epochs": 93.78487441506735, "hidden_channels": 74.57425735202415, "learning_rate": 0.02747551419985595, "optimizer": 1.9016963300004461, "pooling_algorithm": 0.0031886729969287098}, "datetime": {"datetime": "2023-11-18 19:23:16", "elapsed": 1623.667992, "delta": 3.759559}},
{"target": 0.19285714285714284, "params": {"activation_function": 1.8650877926313523, "amount_of_layers": 7.4890738568291955, "batch_size": 124.01610443425827, "dropout_rate": 0.5955237041407287, "epochs": 151.67832549681304, "hidden_channels": 63.18210318982481, "learning_rate": 0.02561956499925242, "optimizer": 1.1636915640154888, "pooling_algorithm": 0.9518206406328743}, "datetime": {"datetime": "2023-11-18 19:23:23", "elapsed": 1630.455896, "delta": 6.787904}},
{"target": 0.9125, "params": {"activation_function": 0.0061172587408449, "amount_of_layers": 6.509398539823864, "batch_size": 22.933082198345726, "dropout_rate": 0.6969570247652608, "epochs": 187.73299933718542, "hidden_channels": 11.106267409104863, "learning_rate": 0.05073535036698351, "optimizer": 0.46189124503755363, "pooling_algorithm": 0.8194250092394064}, "datetime": {"datetime": "2023-11-18 19:23:34", "elapsed": 1640.899504, "delta": 10.443608}},
{"target": 0.9125, "params": {"activation_function": 1.2351164568649717, "amount_of_layers": 8.733112166881142, "batch_size": 121.86375913805041, "dropout_rate": 0.5407788808958762, "epochs": 155.75975983822048, "hidden_channels": 58.07728651889589, "learning_rate": 0.03646984025075056, "optimizer": 0.8835669295175734, "pooling_algorithm": 0.5401835648568556}, "datetime": {"datetime": "2023-11-18 19:23:41", "elapsed": 1648.603859, "delta": 7.704355}},
{"target": 0.9107142857142857, "params": {"activation_function": 0.8437211538085618, "amount_of_layers": 3.473830304310372, "batch_size": 91.24817713451237, "dropout_rate": 0.5783164243319651, "epochs": 83.70039839606665, "hidden_channels": 64.08732785107976, "learning_rate": 0.09812876225443133, "optimizer": 0.26980968670776706, "pooling_algorithm": 0.7411726989844704}, "datetime": {"datetime": "2023-11-18 19:23:44", "elapsed": 1651.049, "delta": 2.445141}},
{"target": 0.8357142857142857, "params": {"activation_function": 0.06875234341642056, "amount_of_layers": 8.135594136897868, "batch_size": 70.32359279259809, "dropout_rate": 0.3967193809598647, "epochs": 75.45715497081191, "hidden_channels": 56.049593361734864, "learning_rate": 0.009912007278852698, "optimizer": 0.5570088711075107, "pooling_algorithm": 0.3595850673694819}, "datetime": {"datetime": "2023-11-18 19:23:47", "elapsed": 1654.816389, "delta": 3.767389}},
{"target": 0.9089285714285714, "params": {"activation_function": 0.9083088446131287, "amount_of_layers": 6.310950061168332, "batch_size": 93.32430493057113, "dropout_rate": 0.7024795794299792, "epochs": 90.86542965460455, "hidden_channels": 70.95387272761268, "learning_rate": 0.09749824762481055, "optimizer": 0.266136170104909, "pooling_algorithm": 0.7903902490016605}, "datetime": {"datetime": "2023-11-18 19:23:52", "elapsed": 1659.007976, "delta": 4.191587}},
{"target": 0.5, "params": {"activation_function": 0.19582834211729172, "amount_of_layers": 7.38246993301555, "batch_size": 21.464855795485647, "dropout_rate": 0.7390082442419739, "epochs": 193.05516465787153, "hidden_channels": 14.226983020608937, "learning_rate": 0.014586131695356712, "optimizer": 0.5124811355838446, "pooling_algorithm": 7.038816676985249e-05}, "datetime": {"datetime": "2023-11-18 19:24:05", "elapsed": 1672.504691, "delta": 13.496715}},
{"target": 0.9125, "params": {"activation_function": 0.7436737125896278, "amount_of_layers": 8.443700186646778, "batch_size": 66.16369961472284, "dropout_rate": 0.6560811378197149, "epochs": 185.02086390806633, "hidden_channels": 38.27371917940943, "learning_rate": 0.01828158664935095, "optimizer": 1.1960329709228834, "pooling_algorithm": 0.5767253023136505}, "datetime": {"datetime": "2023-11-18 19:24:14", "elapsed": 1680.889126, "delta": 8.384435}},
{"target": 0.9107142857142857, "params": {"activation_function": 1.252514793168474, "amount_of_layers": 3.2519462104083745, "batch_size": 130.58610752078914, "dropout_rate": 0.3828057759459692, "epochs": 163.5874023035711, "hidden_channels": 72.51954123534169, "learning_rate": 0.010420175031331441, "optimizer": 0.5253809690106344, "pooling_algorithm": 0.6490956297316289}, "datetime": {"datetime": "2023-11-18 19:24:19", "elapsed": 1686.007377, "delta": 5.118251}},
{"target": 0.8142857142857143, "params": {"activation_function": 0.021206883582547187, "amount_of_layers": 4.3485920598979355, "batch_size": 94.03808478912647, "dropout_rate": 0.3603268644536383, "epochs": 91.84764764379112, "hidden_channels": 67.5495824440049, "learning_rate": 0.045032497050477974, "optimizer": 1.2058351549641453, "pooling_algorithm": 0.9460014951216801}, "datetime": {"datetime": "2023-11-18 19:24:22", "elapsed": 1689.466683, "delta": 3.459306}},
{"target": 0.9, "params": {"activation_function": 1.0450558485126271, "amount_of_layers": 8.59314544324872, "batch_size": 96.98176718913756, "dropout_rate": 0.5952171104041293, "epochs": 90.12995628595385, "hidden_channels": 70.91864988269121, "learning_rate": 0.08670278530202062, "optimizer": 1.7199849141827153, "pooling_algorithm": 0.8930040931393268}, "datetime": {"datetime": "2023-11-18 19:24:29", "elapsed": 1696.676541, "delta": 7.209858}},
{"target": 0.7428571428571429, "params": {"activation_function": 0.6790660758909772, "amount_of_layers": 8.57922709846487, "batch_size": 118.68925681697534, "dropout_rate": 0.6815543525071632, "epochs": 154.9614025627041, "hidden_channels": 68.4792887599259, "learning_rate": 0.0015695301897503365, "optimizer": 0.8092640832810238, "pooling_algorithm": 0.12870913573908183}, "datetime": {"datetime": "2023-11-18 19:24:37", "elapsed": 1704.620701, "delta": 7.94416}},
{"target": 0.2642857142857143, "params": {"activation_function": 0.5652781700381029, "amount_of_layers": 7.109678384418428, "batch_size": 66.23120560001445, "dropout_rate": 0.7399242850295507, "epochs": 183.9605362611025, "hidden_channels": 41.64102130031648, "learning_rate": 0.0060414426820720925, "optimizer": 0.7436242153112733, "pooling_algorithm": 0.0787192151910121}, "datetime": {"datetime": "2023-11-18 19:24:45", "elapsed": 1712.445942, "delta": 7.825241}},
{"target": 0.26607142857142857, "params": {"activation_function": 0.5197397454516126, "amount_of_layers": 8.798941796380369, "batch_size": 19.160189506449374, "dropout_rate": 0.5377712619604365, "epochs": 186.50993647784702, "hidden_channels": 20.80293526938832, "learning_rate": 0.06472843661608386, "optimizer": 1.3303080359606752, "pooling_algorithm": 0.4909840173151725}, "datetime": {"datetime": "2023-11-18 19:25:01", "elapsed": 1727.99666, "delta": 15.550718}},
{"target": 0.8946428571428571, "params": {"activation_function": 0.324111257456539, "amount_of_layers": 1.1619970377249595, "batch_size": 92.41119135875985, "dropout_rate": 0.35280819853515877, "epochs": 88.58079413150271, "hidden_channels": 66.5163795118884, "learning_rate": 0.028209381317740482, "optimizer": 0.22927258998326172, "pooling_algorithm": 0.7937079095460403}, "datetime": {"datetime": "2023-11-18 19:25:03", "elapsed": 1729.994801, "delta": 1.998141}},
{"target": 0.7375, "params": {"activation_function": 1.4834327326406356, "amount_of_layers": 4.84402954832149, "batch_size": 43.19603443850433, "dropout_rate": 0.5301753773354888, "epochs": 186.11647125801014, "hidden_channels": 110.13891597606295, "learning_rate": 0.09249046853542105, "optimizer": 0.6729773637232777, "pooling_algorithm": 0.1548496416184575}, "datetime": {"datetime": "2023-11-18 19:25:28", "elapsed": 1755.19557, "delta": 25.200769}},
{"target": 0.26607142857142857, "params": {"activation_function": 1.17047602329448, "amount_of_layers": 8.659755052672207, "batch_size": 20.73779332891602, "dropout_rate": 0.30155769045612835, "epochs": 186.74423753277983, "hidden_channels": 10.869975177606143, "learning_rate": 0.08842892919790768, "optimizer": 0.7617780889679664, "pooling_algorithm": 0.4763503336450289}, "datetime": {"datetime": "2023-11-18 19:25:43", "elapsed": 1770.175173, "delta": 14.979603}},
{"target": 0.8, "params": {"activation_function": 1.5525777980810198, "amount_of_layers": 3.933110118995912, "batch_size": 128.7644513794537, "dropout_rate": 0.663889771263996, "epochs": 160.84235318129583, "hidden_channels": 70.61205892220534, "learning_rate": 0.0174734097669329, "optimizer": 0.06316719838990159, "pooling_algorithm": 0.11191238508246815}, "datetime": {"datetime": "2023-11-18 19:25:48", "elapsed": 1775.744719, "delta": 5.569546}},
