[{"target": 0.7821428571428571, "params": {"activation_function": 1.2243403512352373, "amount_of_layers": 2.3525580347650914, "batch_size": 74.43190859573681, "dropout_rate": 0.6346312362615614, "epochs": 66.11180783654648, "hidden_channels": 23.347043728157246, "learning_rate": 0.0032253541298720148, "optimizer": 0.8404489845291154, "pooling_algorithm": 0.23868214124644604}, "datetime": {"datetime": "2023-11-18 18:56:13", "elapsed": 0.0, "delta": 0.0}},
{"target": 0.26785714285714285, "params": {"activation_function": 0.6753123837775847, "amount_of_layers": 8.92569971704703, "batch_size": 47.85534482260305, "dropout_rate": 0.2905963297256058, "epochs": 137.22404526685966, "hidden_channels": 81.41287908628573, "learning_rate": 0.02815109949044533, "optimizer": 0.9324428197899461, "pooling_algorithm": 0.11836775112328357}, "datetime": {"datetime": "2023-11-18 18:56:22", "elapsed": 9.06854, "delta": 9.06854}},
{"target": 0.7892857142857143, "params": {"activation_function": 0.1479151282864084, "amount_of_layers": 8.20619343328547, "batch_size": 122.3909831042702, "dropout_rate": 0.6702848243621407, "epochs": 164.88941691605874, "hidden_channels": 126.88744671364046, "learning_rate": 0.05815010913116026, "optimizer": 1.6275338340729755, "pooling_algorithm": 0.4213178773992188}, "datetime": {"datetime": "2023-11-18 18:56:34", "elapsed": 21.352813, "delta": 12.284273}},
{"target": 0.5589285714285714, "params": {"activation_function": 0.054895919626307466, "amount_of_layers": 4.633093145267759, "batch_size": 30.113695432222478, "dropout_rate": 0.6586100307774956, "epochs": 142.5682695731702, "hidden_channels": 74.53010436478635, "learning_rate": 0.02814850224940269, "optimizer": 1.9969474873792987, "pooling_algorithm": 0.13804205305593598}, "datetime": {"datetime": "2023-11-18 18:56:41", "elapsed": 27.913344, "delta": 6.560531}},
{"target": 0.9125, "params": {"activation_function": 1.2308313749362447, "amount_of_layers": 4.88029040670746, "batch_size": 70.27362280970311, "dropout_rate": 0.6139245482507617, "epochs": 71.33464584203406, "hidden_channels": 54.26710263976456, "learning_rate": 0.03257767396240974, "optimizer": 1.894443658785083, "pooling_algorithm": 0.9187083622644343}, "datetime": {"datetime": "2023-11-18 18:56:43", "elapsed": 30.369578, "delta": 2.456234}},
{"target": 0.8107142857142857, "params": {"activation_function": 1.6276887558405697, "amount_of_layers": 1.2726167321648143, "batch_size": 142.41196446542529, "dropout_rate": 0.7252195824577505, "epochs": 163.2522996184035, "hidden_channels": 64.1971991909703, "learning_rate": 0.09670916338356078, "optimizer": 0.8339581687939757, "pooling_algorithm": 0.3188401259211743}, "datetime": {"datetime": "2023-11-18 18:56:46", "elapsed": 33.2078, "delta": 2.838222}},
{"target": 0.8160714285714286, "params": {"activation_function": 0.03288563520883958, "amount_of_layers": 1.3054554054677903, "batch_size": 23.114013159628662, "dropout_rate": 0.3139804073187657, "epochs": 16.34280029687841, "hidden_channels": 32.849794365142806, "learning_rate": 0.05484698162621087, "optimizer": 0.35725161997440313, "pooling_algorithm": 0.17934478386603347}, "datetime": {"datetime": "2023-11-18 18:56:46", "elapsed": 33.64784, "delta": 0.44004}},
{"target": 0.9125, "params": {"activation_function": 0.2992264314718611, "amount_of_layers": 6.464105004544745, "batch_size": 78.84714578311673, "dropout_rate": 0.6341239654517146, "epochs": 137.07467112774646, "hidden_channels": 59.275985802560115, "learning_rate": 0.05992731959366577, "optimizer": 0.9233132375342572, "pooling_algorithm": 0.9632668729744531}, "datetime": {"datetime": "2023-11-18 18:56:51", "elapsed": 38.092319, "delta": 4.444479}},
{"target": 0.5, "params": {"activation_function": 0.29562275812691485, "amount_of_layers": 8.254505015732747, "batch_size": 82.7219280373843, "dropout_rate": 0.5462492335961684, "epochs": 140.08501770223253, "hidden_channels": 26.82643167345406, "learning_rate": 0.08660386321762943, "optimizer": 0.9641775536273633, "pooling_algorithm": 0.06934179411604258}, "datetime": {"datetime": "2023-11-18 18:56:55", "elapsed": 42.536759, "delta": 4.44444}},
{"target": 0.9178571428571428, "params": {"activation_function": 0.7294626720901487, "amount_of_layers": 3.8920335465783893, "batch_size": 79.25650893667355, "dropout_rate": 0.3397424238538435, "epochs": 43.303169673676194, "hidden_channels": 121.7429411049486, "learning_rate": 0.06591254916883137, "optimizer": 0.2699910630481164, "pooling_algorithm": 0.9277858261821542}, "datetime": {"datetime": "2023-11-18 18:56:58", "elapsed": 44.977786, "delta": 2.441027}},
{"target": 0.7285714285714286, "params": {"activation_function": 1.6835832348414272, "amount_of_layers": 1.4222082859899885, "batch_size": 43.29359132374907, "dropout_rate": 0.6862508192685857, "epochs": 138.03113215252512, "hidden_channels": 41.56451874502283, "learning_rate": 0.07370689479256334, "optimizer": 1.236680541634883, "pooling_algorithm": 0.21049924581368173}, "datetime": {"datetime": "2023-11-18 18:57:00", "elapsed": 47.788807, "delta": 2.811021}},
{"target": 0.0, "params": {"activation_function": 1.6041291543728708, "amount_of_layers": 1.4728566498236502, "batch_size": 57.30192285846985, "dropout_rate": 0.3536837468533428, "epochs": 194.7162574719539, "hidden_channels": 116.85848548685615, "learning_rate": 0.06796896508442804, "optimizer": 0.23037220780307766, "pooling_algorithm": 0.9579806795100961}, "datetime": {"datetime": "2023-11-18 18:57:05", "elapsed": 52.163891, "delta": 4.375084}},
{"target": 0.9107142857142857, "params": {"activation_function": 0.1834266477013986, "amount_of_layers": 6.0383717332820925, "batch_size": 136.9886729124374, "dropout_rate": 0.41989863883150313, "epochs": 134.03281545631768, "hidden_channels": 118.79449737431804, "learning_rate": 0.038024366740124244, "optimizer": 1.5427283520890556, "pooling_algorithm": 0.8961647257520929}, "datetime": {"datetime": "2023-11-18 18:57:13", "elapsed": 60.318888, "delta": 8.154997}},
{"target": 0.8, "params": {"activation_function": 1.2403561773034493, "amount_of_layers": 2.2084805926794084, "batch_size": 66.23924598009978, "dropout_rate": 0.567920277466496, "epochs": 97.22343896217687, "hidden_channels": 70.46529478855237, "learning_rate": 0.03587692601369957, "optimizer": 1.3197239231462672, "pooling_algorithm": 0.47652343083386706}, "datetime": {"datetime": "2023-11-18 18:57:15", "elapsed": 62.653324, "delta": 2.334436}},
{"target": 0.3857142857142857, "params": {"activation_function": 0.9091898874580666, "amount_of_layers": 1.9983802372612098, "batch_size": 71.27127969198374, "dropout_rate": 0.3865478611667722, "epochs": 75.88076701705747, "hidden_channels": 124.84803812113405, "learning_rate": 0.022342478309059152, "optimizer": 1.3656858195469141, "pooling_algorithm": 0.03180999373346571}, "datetime": {"datetime": "2023-11-18 18:57:18", "elapsed": 65.105271, "delta": 2.451947}},
{"target": 0.175, "params": {"activation_function": 1.670765876642616, "amount_of_layers": 6.613218751497165, "batch_size": 145.4364661321527, "dropout_rate": 0.5459081052557921, "epochs": 51.29563002664421, "hidden_channels": 93.46482694642276, "learning_rate": 0.004056128946327648, "optimizer": 0.8374159050325962, "pooling_algorithm": 0.2812251191568007}, "datetime": {"datetime": "2023-11-18 18:57:21", "elapsed": 68.038565, "delta": 2.933294}},
{"target": 0.0982142857142857, "params": {"activation_function": 0.21248871839021377, "amount_of_layers": 4.410769741627226, "batch_size": 128.6373857173434, "dropout_rate": 0.3052056710763, "epochs": 197.4639652721168, "hidden_channels": 33.69507894337058, "learning_rate": 0.07241974597375238, "optimizer": 1.321784054888042, "pooling_algorithm": 0.07775670746928676}, "datetime": {"datetime": "2023-11-18 18:57:25", "elapsed": 72.434696, "delta": 4.396131}},
{"target": 0.26964285714285713, "params": {"activation_function": 1.3945685906608931, "amount_of_layers": 3.12244994828578, "batch_size": 136.8463404368195, "dropout_rate": 0.6591319368110407, "epochs": 85.85430710252362, "hidden_channels": 105.89510715195861, "learning_rate": 0.020583693219122585, "optimizer": 1.045050140215233, "pooling_algorithm": 0.41247483206728897}, "datetime": {"datetime": "2023-11-18 18:57:28", "elapsed": 75.365144, "delta": 2.930448}},
{"target": 0.0, "params": {"activation_function": 1.8516677243774537, "amount_of_layers": 7.603043620097436, "batch_size": 83.13797600420284, "dropout_rate": 0.3083944596993481, "epochs": 12.20254083258667, "hidden_channels": 117.317503925766, "learning_rate": 0.0517273502877609, "optimizer": 1.6861642201781477, "pooling_algorithm": 0.09484669477914842}, "datetime": {"datetime": "2023-11-18 18:57:29", "elapsed": 76.257283, "delta": 0.892139}},
{"target": 0.8571428571428571, "params": {"activation_function": 1.6068532351198712, "amount_of_layers": 1.4978252184919505, "batch_size": 101.15625996162034, "dropout_rate": 0.7343905750909211, "epochs": 85.51212367474243, "hidden_channels": 86.12917358501794, "learning_rate": 0.02227180686853156, "optimizer": 1.7797312415900752, "pooling_algorithm": 0.9866316190262712}, "datetime": {"datetime": "2023-11-18 18:57:31", "elapsed": 77.906163, "delta": 1.64888}},
{"target": 0.9107142857142857, "params": {"activation_function": 1.234375735460785, "amount_of_layers": 4.0395641150625226, "batch_size": 69.07308459351017, "dropout_rate": 0.5996079536381621, "epochs": 79.38733671131045, "hidden_channels": 59.260256078656575, "learning_rate": 0.033557418453446855, "optimizer": 1.7129524184111125, "pooling_algorithm": 0.7796024817038262}, "datetime": {"datetime": "2023-11-18 18:57:33", "elapsed": 80.817091, "delta": 2.910928}},
{"target": 0.9071428571428571, "params": {"activation_function": 1.3608238337241152, "amount_of_layers": 2.507004375863951, "batch_size": 91.44864788870433, "dropout_rate": 0.742552004354274, "epochs": 81.88011347878967, "hidden_channels": 62.142482203466884, "learning_rate": 0.023055384522309125, "optimizer": 1.6373435066537287, "pooling_algorithm": 1.0}, "datetime": {"datetime": "2023-11-18 18:57:36", "elapsed": 83.476772, "delta": 2.659681}},
{"target": 0.5357142857142857, "params": {"activation_function": 0.35203752789324283, "amount_of_layers": 4.874697706724132, "batch_size": 68.0121439101878, "dropout_rate": 0.7200489669683192, "epochs": 81.98858021331698, "hidden_channels": 59.616529344499774, "learning_rate": 0.08504377535409029, "optimizer": 0.7276708952431716, "pooling_algorithm": 0.44756333548247795}, "datetime": {"datetime": "2023-11-18 18:57:39", "elapsed": 86.295314, "delta": 2.818542}},
{"target": 0.9196428571428571, "params": {"activation_function": 0.23415549700046978, "amount_of_layers": 4.585000434517749, "batch_size": 63.09614679085758, "dropout_rate": 0.615955204173456, "epochs": 172.04583767391364, "hidden_channels": 41.588222784346975, "learning_rate": 0.08502016884357848, "optimizer": 1.776535336186458, "pooling_algorithm": 0.9098125504072788}, "datetime": {"datetime": "2023-11-18 18:57:44", "elapsed": 91.537214, "delta": 5.2419}},
{"target": 0.8982142857142857, "params": {"activation_function": 0.9110360427883151, "amount_of_layers": 6.283168135248995, "batch_size": 59.87343216631485, "dropout_rate": 0.7380663514855266, "epochs": 105.22777347719013, "hidden_channels": 73.29548552750741, "learning_rate": 0.04210513449760214, "optimizer": 1.9743424681501982, "pooling_algorithm": 0.6245348431965261}, "datetime": {"datetime": "2023-11-18 18:57:50", "elapsed": 97.594164, "delta": 6.05695}},
{"target": 0.8160714285714286, "params": {"activation_function": 1.1852908215036408, "amount_of_layers": 1.2251345575522228, "batch_size": 59.371035035542185, "dropout_rate": 0.42838848409241204, "epochs": 157.96545303405819, "hidden_channels": 102.9002775668513, "learning_rate": 0.008643591397387355, "optimizer": 0.8964083996192269, "pooling_algorithm": 0.31350275010460926}, "datetime": {"datetime": "2023-11-18 18:57:54", "elapsed": 101.216376, "delta": 3.622212}},
{"target": 0.9125, "params": {"activation_function": 0.8782824830415228, "amount_of_layers": 5.199553085720274, "batch_size": 67.13039749304392, "dropout_rate": 0.3982472911999516, "epochs": 41.505746073587744, "hidden_channels": 96.94802269641475, "learning_rate": 0.014210021608990545, "optimizer": 1.0836464699843447, "pooling_algorithm": 0.9080062186533759}, "datetime": {"datetime": "2023-11-18 18:57:56", "elapsed": 103.212122, "delta": 1.995746}},
{"target": 0.9089285714285714, "params": {"activation_function": 0.2528438868645819, "amount_of_layers": 7.735019900574557, "batch_size": 19.394283635451504, "dropout_rate": 0.33251512670336913, "epochs": 67.02747210056268, "hidden_channels": 120.8678746363227, "learning_rate": 0.07205767914738717, "optimizer": 0.7456069078016958, "pooling_algorithm": 0.6040188822036314}, "datetime": {"datetime": "2023-11-18 18:58:03", "elapsed": 109.994375, "delta": 6.782253}},
{"target": 0.24821428571428572, "params": {"activation_function": 0.5608992268393422, "amount_of_layers": 6.962670739048084, "batch_size": 19.901735017129216, "dropout_rate": 0.4065680942160446, "epochs": 30.833938038768054, "hidden_channels": 50.24292824198586, "learning_rate": 0.015185802806715581, "optimizer": 0.6739717500122306, "pooling_algorithm": 0.04973741609020366}, "datetime": {"datetime": "2023-11-18 18:58:05", "elapsed": 112.420285, "delta": 2.42591}},
{"target": 0.0, "params": {"activation_function": 0.0459937280156153, "amount_of_layers": 4.740662046294614, "batch_size": 126.36504859528382, "dropout_rate": 0.27315800186769396, "epochs": 42.336899021046726, "hidden_channels": 82.35254037292957, "learning_rate": 0.07811307040068544, "optimizer": 1.7261452179650345, "pooling_algorithm": 0.5054988175040305}, "datetime": {"datetime": "2023-11-18 18:58:07", "elapsed": 114.284998, "delta": 1.864713}},
{"target": 0.6035714285714285, "params": {"activation_function": 0.6093987227632955, "amount_of_layers": 4.893065778963433, "batch_size": 80.30259894612644, "dropout_rate": 0.571606701269133, "epochs": 69.4761998712621, "hidden_channels": 82.63219470782099, "learning_rate": 0.006569192381726775, "optimizer": 0.7309351145438547, "pooling_algorithm": 0.02043395878389631}, "datetime": {"datetime": "2023-11-18 18:58:10", "elapsed": 116.972444, "delta": 2.687446}},
{"target": 0.7321428571428571, "params": {"activation_function": 1.4106311810565568, "amount_of_layers": 8.51980566102567, "batch_size": 57.03121078837732, "dropout_rate": 0.4340161343241141, "epochs": 28.950742717846737, "hidden_channels": 26.3943814756215, "learning_rate": 0.07013621823969024, "optimizer": 1.6730007835257645, "pooling_algorithm": 0.10327649193903299}, "datetime": {"datetime": "2023-11-18 18:58:11", "elapsed": 118.357696, "delta": 1.385252}},
{"target": 0.9017857142857143, "params": {"activation_function": 0.6686190780373689, "amount_of_layers": 5.461593206746443, "batch_size": 16.953518107103534, "dropout_rate": 0.28933720067310587, "epochs": 185.1532177534847, "hidden_channels": 9.64793158735476, "learning_rate": 0.07853346842962731, "optimizer": 1.2016953427199413, "pooling_algorithm": 0.969804273013083}, "datetime": {"datetime": "2023-11-18 18:58:22", "elapsed": 129.176133, "delta": 10.818437}},
{"target": 0.6285714285714287, "params": {"activation_function": 0.8717097875656663, "amount_of_layers": 3.3325993903260454, "batch_size": 73.18586389930292, "dropout_rate": 0.7038997307190411, "epochs": 64.17010019659679, "hidden_channels": 46.21274395804578, "learning_rate": 0.008456681504328233, "optimizer": 0.5066282004680005, "pooling_algorithm": 0.45353185454872313}, "datetime": {"datetime": "2023-11-18 18:58:24", "elapsed": 130.964827, "delta": 1.788694}},
{"target": 0.9107142857142857, "params": {"activation_function": 1.2686927828716819, "amount_of_layers": 5.429577404758817, "batch_size": 74.33316740287734, "dropout_rate": 0.4818991913562994, "epochs": 195.84992483836064, "hidden_channels": 46.60737411308112, "learning_rate": 0.06823412053352014, "optimizer": 0.0820795013842397, "pooling_algorithm": 0.5882145654252191}, "datetime": {"datetime": "2023-11-18 18:58:30", "elapsed": 137.161298, "delta": 6.196471}},
{"target": 0.6482142857142857, "params": {"activation_function": 1.1580341673316583, "amount_of_layers": 1.418756356626658, "batch_size": 103.24180460850332, "dropout_rate": 0.3171649980874509, "epochs": 94.42735864441124, "hidden_channels": 41.209268028947385, "learning_rate": 0.05178249303249703, "optimizer": 0.127264072787578, "pooling_algorithm": 0.43470491670545375}, "datetime": {"datetime": "2023-11-18 18:58:31", "elapsed": 138.644841, "delta": 1.483543}},
{"target": 0.905357142857143, "params": {"activation_function": 1.495075585990165, "amount_of_layers": 2.796647008775447, "batch_size": 48.1396276513105, "dropout_rate": 0.4250536751664713, "epochs": 70.85082687660599, "hidden_channels": 76.45723808005657, "learning_rate": 0.07664675013495076, "optimizer": 0.8582556196228124, "pooling_algorithm": 0.5259641856183723}, "datetime": {"datetime": "2023-11-18 18:58:34", "elapsed": 141.167881, "delta": 2.52304}},
{"target": 0.8142857142857143, "params": {"activation_function": 1.598893495819181, "amount_of_layers": 4.40957581578712, "batch_size": 71.90815585966479, "dropout_rate": 0.5064029824201486, "epochs": 34.82781533144011, "hidden_channels": 38.131171922896584, "learning_rate": 0.07946511749160579, "optimizer": 0.4058918149346673, "pooling_algorithm": 0.2708819463914982}, "datetime": {"datetime": "2023-11-18 18:58:35", "elapsed": 142.267448, "delta": 1.099567}},
{"target": 0.0, "params": {"activation_function": 1.7516368784576724, "amount_of_layers": 6.004014598346715, "batch_size": 56.199819312956954, "dropout_rate": 0.5120966067179886, "epochs": 30.54534639855546, "hidden_channels": 95.81995171292378, "learning_rate": 0.09532406623896696, "optimizer": 0.8498784929510044, "pooling_algorithm": 0.44024718082811176}, "datetime": {"datetime": "2023-11-18 18:58:37", "elapsed": 144.0037, "delta": 1.736252}},
{"target": 0.9089285714285715, "params": {"activation_function": 1.0621500634467713, "amount_of_layers": 3.353585987948426, "batch_size": 68.49275096169548, "dropout_rate": 0.5985221790411387, "epochs": 43.51658117151332, "hidden_channels": 59.27628352073718, "learning_rate": 0.08966186493464717, "optimizer": 0.6697884966782981, "pooling_algorithm": 0.7345439213575543}, "datetime": {"datetime": "2023-11-18 18:58:38", "elapsed": 145.41126, "delta": 1.40756}},
{"target": 0.9, "params": {"activation_function": 1.7859603344972217, "amount_of_layers": 6.452844110094069, "batch_size": 99.48566900581403, "dropout_rate": 0.2939222429600564, "epochs": 98.32262720261775, "hidden_channels": 67.80615059966254, "learning_rate": 0.09439476694874396, "optimizer": 1.954850561128743, "pooling_algorithm": 0.7060886489400234}, "datetime": {"datetime": "2023-11-18 18:58:42", "elapsed": 149.120175, "delta": 3.708915}},
{"target": 0.9035714285714286, "params": {"activation_function": 0.9778614828708521, "amount_of_layers": 8.24053363172915, "batch_size": 16.19017767334265, "dropout_rate": 0.4763012010184337, "epochs": 92.07035378836433, "hidden_channels": 87.74009387119989, "learning_rate": 0.011269423212760272, "optimizer": 0.21911924806319272, "pooling_algorithm": 0.6800680498413103}, "datetime": {"datetime": "2023-11-18 18:58:50", "elapsed": 157.522292, "delta": 8.402117}},
{"target": 0.2642857142857143, "params": {"activation_function": 1.4911858048558366, "amount_of_layers": 6.488645621848855, "batch_size": 63.860961570430966, "dropout_rate": 0.6223418732651256, "epochs": 73.72063853998873, "hidden_channels": 89.8052953501454, "learning_rate": 0.016189911716345543, "optimizer": 1.6614164557700237, "pooling_algorithm": 0.14381942847690654}, "datetime": {"datetime": "2023-11-18 18:58:54", "elapsed": 161.120162, "delta": 3.59787}},
{"target": 0.0, "params": {"activation_function": 1.7360909762576182, "amount_of_layers": 7.433926149525324, "batch_size": 73.33165621232399, "dropout_rate": 0.5306145057248841, "epochs": 16.235439603887574, "hidden_channels": 41.484377700003975, "learning_rate": 0.046137277387864266, "optimizer": 1.2287849113256935, "pooling_algorithm": 0.5030764483387878}, "datetime": {"datetime": "2023-11-18 18:58:55", "elapsed": 162.112399, "delta": 0.992237}},
{"target": 0.9107142857142857, "params": {"activation_function": 0.6373229716500497, "amount_of_layers": 3.777274836316039, "batch_size": 135.30077334856486, "dropout_rate": 0.7204065741404351, "epochs": 197.43022867695905, "hidden_channels": 7.942416653499806, "learning_rate": 0.007278206924922941, "optimizer": 1.2356322520019316, "pooling_algorithm": 0.9451306445102811}, "datetime": {"datetime": "2023-11-18 18:58:59", "elapsed": 166.582871, "delta": 4.470472}},
{"target": 0.0, "params": {"activation_function": 1.6155477673002365, "amount_of_layers": 3.82148451329971, "batch_size": 22.498230609456726, "dropout_rate": 0.36392507489031733, "epochs": 174.9842245003416, "hidden_channels": 117.91832689002675, "learning_rate": 0.0578973476053055, "optimizer": 1.5752884954181174, "pooling_algorithm": 0.08599743203295052}, "datetime": {"datetime": "2023-11-18 18:59:09", "elapsed": 176.460942, "delta": 9.878071}},
{"target": 0.7428571428571429, "params": {"activation_function": 0.09931153238219181, "amount_of_layers": 7.571881566759068, "batch_size": 111.52876221313426, "dropout_rate": 0.35694116091662803, "epochs": 39.25218862049121, "hidden_channels": 16.94959001700898, "learning_rate": 0.04153109705747924, "optimizer": 0.6007836130230828, "pooling_algorithm": 0.025069136513955592}, "datetime": {"datetime": "2023-11-18 18:59:11", "elapsed": 177.841122, "delta": 1.38018}},
