{"target": 0.7928571428571429, "params": {"activation_function": 0.865248484264689, "amount_of_layers": 2.3567460015190003, "batch_size": 93.23856897707908, "dropout_rate": 0.3862281638602407, "epochs": 86.73487727433077, "hidden_channels": 66.70982634228524, "learning_rate": 0.09073268746875224, "optimizer": 0.4034550179766563, "pooling_algorithm": 0.3459400337761942}, "datetime": {"datetime": "2023-11-18 19:42:08", "elapsed": 2755.104574, "delta": 2.396298}},
{"target": 0.375, "params": {"activation_function": 0.3666915396818635, "amount_of_layers": 5.368843496129742, "batch_size": 68.95638610209954, "dropout_rate": 0.48737510715838733, "epochs": 184.5800293339119, "hidden_channels": 38.57867517353365, "learning_rate": 0.0810046652883959, "optimizer": 1.1545569792128378, "pooling_algorithm": 0.4623149700467186}, "datetime": {"datetime": "2023-11-18 19:42:14", "elapsed": 2761.543025, "delta": 6.438451}},
{"target": 0.625, "params": {"activation_function": 1.6705175876431664, "amount_of_layers": 2.9888138450833983, "batch_size": 128.18875905342426, "dropout_rate": 0.7132596251312655, "epochs": 162.8956491065851, "hidden_channels": 76.76089781054152, "learning_rate": 0.04720836920616349, "optimizer": 0.6484277378492391, "pooling_algorithm": 0.010698141055391908}, "datetime": {"datetime": "2023-11-18 19:42:20", "elapsed": 2766.943136, "delta": 5.400111}},
{"target": 0.0, "params": {"activation_function": 1.5340373397232747, "amount_of_layers": 1.6585516310374446, "batch_size": 62.46368938578527, "dropout_rate": 0.7449413115010051, "epochs": 179.72354082895995, "hidden_channels": 41.013773639997204, "learning_rate": 0.0825608161539125, "optimizer": 1.7722784251445918, "pooling_algorithm": 0.757854434072449}, "datetime": {"datetime": "2023-11-18 19:42:24", "elapsed": 2771.349546, "delta": 4.40641}},
{"target": 0.9089285714285714, "params": {"activation_function": 0.02596255943424386, "amount_of_layers": 3.923921288633852, "batch_size": 68.02999988399024, "dropout_rate": 0.6600215920041763, "epochs": 187.5478300071582, "hidden_channels": 35.12639230634213, "learning_rate": 0.08527351010257625, "optimizer": 0.9955546290917454, "pooling_algorithm": 0.9267932242484596}, "datetime": {"datetime": "2023-11-18 19:42:30", "elapsed": 2777.49933, "delta": 6.149784}},
{"target": 0.9071428571428571, "params": {"activation_function": 1.1704593942742787, "amount_of_layers": 1.8088229080646796, "batch_size": 121.8544236064309, "dropout_rate": 0.5096338011043454, "epochs": 155.38139274454244, "hidden_channels": 60.963745654640405, "learning_rate": 0.016763068961149204, "optimizer": 0.8396204696040759, "pooling_algorithm": 0.6021665676893785}, "datetime": {"datetime": "2023-11-18 19:42:34", "elapsed": 2781.520026, "delta": 4.020696}},
{"target": 0.26607142857142857, "params": {"activation_function": 0.7563423252834911, "amount_of_layers": 8.665068147239738, "batch_size": 94.20980488658294, "dropout_rate": 0.5086189703184072, "epochs": 88.93238269125999, "hidden_channels": 69.09548946986085, "learning_rate": 0.02363509513873871, "optimizer": 1.4950180226187089, "pooling_algorithm": 0.4514766980485938}, "datetime": {"datetime": "2023-11-18 19:42:40", "elapsed": 2787.215004, "delta": 5.694978}},
{"target": 0.9142857142857143, "params": {"activation_function": 0.907098731653041, "amount_of_layers": 5.298794099756322, "batch_size": 29.34820436310371, "dropout_rate": 0.25880752970269827, "epochs": 143.5564366168452, "hidden_channels": 21.66637574283848, "learning_rate": 0.05563446903094035, "optimizer": 0.34410081283932037, "pooling_algorithm": 0.8621511148932899}, "datetime": {"datetime": "2023-11-18 19:42:47", "elapsed": 2793.837105, "delta": 6.622101}},
{"target": 0.7392857142857143, "params": {"activation_function": 0.8112238014475375, "amount_of_layers": 2.717781645353506, "batch_size": 54.93279419968246, "dropout_rate": 0.34961395626639513, "epochs": 167.35431710239644, "hidden_channels": 119.05147211178861, "learning_rate": 0.08724992472156681, "optimizer": 0.032336230351004636, "pooling_algorithm": 0.10002449471349917}, "datetime": {"datetime": "2023-11-18 19:42:53", "elapsed": 2800.338265, "delta": 6.50116}},
{"target": 0.9035714285714286, "params": {"activation_function": 0.12868725040386564, "amount_of_layers": 6.44744187825271, "batch_size": 37.598937991464226, "dropout_rate": 0.4415784894306046, "epochs": 83.44429961496998, "hidden_channels": 5.148109893484283, "learning_rate": 0.011269676443281168, "optimizer": 1.9980129257386, "pooling_algorithm": 0.684339842348561}, "datetime": {"datetime": "2023-11-18 19:42:56", "elapsed": 2803.765251, "delta": 3.426986}},
{"target": 0.23214285714285712, "params": {"activation_function": 0.10601964034900657, "amount_of_layers": 7.3446312109820076, "batch_size": 58.29852649014961, "dropout_rate": 0.5070370931862702, "epochs": 185.5028853324084, "hidden_channels": 99.42103398788748, "learning_rate": 0.07956433235654478, "optimizer": 0.9858717826905974, "pooling_algorithm": 0.07936109226330668}, "datetime": {"datetime": "2023-11-18 19:43:08", "elapsed": 2814.899181, "delta": 11.13393}},
{"target": 0.9053571428571429, "params": {"activation_function": 0.8414839914467251, "amount_of_layers": 7.873131911138778, "batch_size": 90.48004666638681, "dropout_rate": 0.3948696216886144, "epochs": 121.0963075185556, "hidden_channels": 26.654002246451178, "learning_rate": 0.0276799417811116, "optimizer": 1.894040355548295, "pooling_algorithm": 0.5226124099291233}, "datetime": {"datetime": "2023-11-18 19:43:13", "elapsed": 2820.005854, "delta": 5.106673}},
{"target": 0.9035714285714286, "params": {"activation_function": 0.5307464965121254, "amount_of_layers": 2.2072774086584213, "batch_size": 70.98819372641711, "dropout_rate": 0.6548616157027128, "epochs": 57.146083025067625, "hidden_channels": 32.519121803967636, "learning_rate": 0.05002772738374101, "optimizer": 0.7308759497758255, "pooling_algorithm": 0.9348577430526347}, "datetime": {"datetime": "2023-11-18 19:43:15", "elapsed": 2821.867609, "delta": 1.861755}},
{"target": 0.7357142857142857, "params": {"activation_function": 1.5778660341105093, "amount_of_layers": 4.879596282048976, "batch_size": 30.53713634327211, "dropout_rate": 0.627371003679613, "epochs": 77.70282118225062, "hidden_channels": 58.825369324690655, "learning_rate": 0.008217721530353137, "optimizer": 1.9832592580677748, "pooling_algorithm": 0.102172366510908}, "datetime": {"datetime": "2023-11-18 19:43:19", "elapsed": 2826.325461, "delta": 4.457852}},
{"target": 0.08571428571428572, "params": {"activation_function": 0.7627157982462849, "amount_of_layers": 8.638400069001936, "batch_size": 143.8610841168071, "dropout_rate": 0.641116434008751, "epochs": 154.12058009523412, "hidden_channels": 85.53153902445554, "learning_rate": 0.00424644760900131, "optimizer": 1.101793367011277, "pooling_algorithm": 0.6394634058297837}, "datetime": {"datetime": "2023-11-18 19:43:29", "elapsed": 2836.322166, "delta": 9.996705}},
{"target": 0.9017857142857143, "params": {"activation_function": 1.526403464318518, "amount_of_layers": 8.879936138662611, "batch_size": 130.35122708711583, "dropout_rate": 0.6726754284562735, "epochs": 178.38558883984751, "hidden_channels": 85.05088880277106, "learning_rate": 0.026102237780013703, "optimizer": 0.5767689329165426, "pooling_algorithm": 0.9736346899002383}, "datetime": {"datetime": "2023-11-18 19:43:43", "elapsed": 2849.963263, "delta": 13.641097}},
{"target": 0.25892857142857145, "params": {"activation_function": 0.7337131927915597, "amount_of_layers": 4.846711293213101, "batch_size": 81.62274020327332, "dropout_rate": 0.45900175659243103, "epochs": 15.91381279808423, "hidden_channels": 73.72175042987728, "learning_rate": 0.03692113164478377, "optimizer": 0.9367242597823484, "pooling_algorithm": 0.49067669068446995}, "datetime": {"datetime": "2023-11-18 19:43:44", "elapsed": 2851.213636, "delta": 1.250373}},
{"target": 0.8982142857142857, "params": {"activation_function": 1.5318859036484374, "amount_of_layers": 6.352195571100808, "batch_size": 38.14841377197544, "dropout_rate": 0.2849870560618463, "epochs": 166.14740324471043, "hidden_channels": 93.14810571242975, "learning_rate": 0.06093515834709406, "optimizer": 1.959105868302343, "pooling_algorithm": 0.5605219930564356}, "datetime": {"datetime": "2023-11-18 19:43:53", "elapsed": 2860.393529, "delta": 9.179893}},
{"target": 0.9160714285714285, "params": {"activation_function": 0.10281544850985558, "amount_of_layers": 6.899032300139449, "batch_size": 132.87685709799015, "dropout_rate": 0.4069152631591423, "epochs": 48.93806518747455, "hidden_channels": 57.75964834956145, "learning_rate": 0.06052046564944508, "optimizer": 1.0510439034224106, "pooling_algorithm": 0.80569712089276}, "datetime": {"datetime": "2023-11-18 19:43:56", "elapsed": 2862.997442, "delta": 2.603913}},
{"target": 0.9035714285714286, "params": {"activation_function": 1.350290569090292, "amount_of_layers": 1.0466570207462667, "batch_size": 84.85670664620523, "dropout_rate": 0.5413259445497813, "epochs": 108.50568350654554, "hidden_channels": 75.7087838328616, "learning_rate": 0.07540203351883017, "optimizer": 0.2564792207396902, "pooling_algorithm": 0.8772842876172835}, "datetime": {"datetime": "2023-11-18 19:43:58", "elapsed": 2865.698094, "delta": 2.700652}},
{"target": 0.0, "params": {"activation_function": 1.8305210751153935, "amount_of_layers": 3.0941328357979296, "batch_size": 63.057008206098565, "dropout_rate": 0.4087370677245707, "epochs": 120.5277565669593, "hidden_channels": 36.14227755221647, "learning_rate": 0.04399849924137796, "optimizer": 1.7627525589802737, "pooling_algorithm": 0.32457111283405604}, "datetime": {"datetime": "2023-11-18 19:44:02", "elapsed": 2869.083884, "delta": 3.38579}},
{"target": 0.7375, "params": {"activation_function": 0.5093941493187839, "amount_of_layers": 7.916760992558062, "batch_size": 99.86703855871428, "dropout_rate": 0.444073325078811, "epochs": 45.88108158508219, "hidden_channels": 53.224990923505786, "learning_rate": 0.007759611588606041, "optimizer": 1.0705964973360738, "pooling_algorithm": 0.3139878132092836}, "datetime": {"datetime": "2023-11-18 19:44:04", "elapsed": 2871.519047, "delta": 2.435163}},
{"target": 0.9107142857142857, "params": {"activation_function": 0.3310926917124499, "amount_of_layers": 6.979559075316593, "batch_size": 128.80046883385518, "dropout_rate": 0.47269017873108543, "epochs": 47.450220570331645, "hidden_channels": 32.77422425643176, "learning_rate": 0.02048694965670185, "optimizer": 0.09717969573128249, "pooling_algorithm": 0.6726005002838711}, "datetime": {"datetime": "2023-11-18 19:44:07", "elapsed": 2874.035331, "delta": 2.516284}},
{"target": 0.2607142857142857, "params": {"activation_function": 0.08615368200807882, "amount_of_layers": 8.962719823607037, "batch_size": 140.22945428065157, "dropout_rate": 0.3978295234567961, "epochs": 136.7224281278352, "hidden_channels": 24.96310755601229, "learning_rate": 0.011779262740193027, "optimizer": 1.7154036325046222, "pooling_algorithm": 0.21281926814983054}, "datetime": {"datetime": "2023-11-18 19:44:13", "elapsed": 2880.051203, "delta": 6.015872}},
{"target": 0.9035714285714285, "params": {"activation_function": 0.9526631043369167, "amount_of_layers": 4.587711711873553, "batch_size": 52.49881272679884, "dropout_rate": 0.2549710858602387, "epochs": 124.59752355185039, "hidden_channels": 87.67922039472876, "learning_rate": 0.00281878404436475, "optimizer": 0.5484144288729444, "pooling_algorithm": 0.5623522204352884}, "datetime": {"datetime": "2023-11-18 19:44:19", "elapsed": 2886.642415, "delta": 6.591212}},
{"target": 0.7410714285714286, "params": {"activation_function": 1.9996172807225359, "amount_of_layers": 8.552398580490909, "batch_size": 131.95053982602525, "dropout_rate": 0.39360229511495254, "epochs": 58.49882147547646, "hidden_channels": 51.03759888820065, "learning_rate": 0.0396080587708373, "optimizer": 1.298147319256341, "pooling_algorithm": 0.02176049061353824}, "datetime": {"datetime": "2023-11-18 19:44:22", "elapsed": 2889.754579, "delta": 3.112164}},
{"target": 0.9142857142857144, "params": {"activation_function": 1.8604014979179373, "amount_of_layers": 8.706564121667673, "batch_size": 112.21223103553272, "dropout_rate": 0.33649554478759386, "epochs": 63.475688195196305, "hidden_channels": 5.310640934550024, "learning_rate": 0.014636476358004115, "optimizer": 1.0313517333988598, "pooling_algorithm": 0.7193432037948282}, "datetime": {"datetime": "2023-11-18 19:44:25", "elapsed": 2892.717892, "delta": 2.963313}},
{"target": 0.7392857142857143, "params": {"activation_function": 0.7374087067263844, "amount_of_layers": 8.018076159695646, "batch_size": 51.24033733189887, "dropout_rate": 0.597032030520559, "epochs": 68.84078803626846, "hidden_channels": 105.17482715603322, "learning_rate": 0.03311056189459165, "optimizer": 0.009879361258120722, "pooling_algorithm": 0.3201029467738623}, "datetime": {"datetime": "2023-11-18 19:44:30", "elapsed": 2897.48819, "delta": 4.770298}},
{"target": 0.7428571428571429, "params": {"activation_function": 0.5389836579843648, "amount_of_layers": 8.093032158501362, "batch_size": 30.202442558096127, "dropout_rate": 0.6671764611239832, "epochs": 170.7570408014233, "hidden_channels": 48.63662989782699, "learning_rate": 0.023185504048537742, "optimizer": 0.21785346476188794, "pooling_algorithm": 0.3848310336151455}, "datetime": {"datetime": "2023-11-18 19:44:40", "elapsed": 2907.533926, "delta": 10.045736}},
{"target": 0.9035714285714286, "params": {"activation_function": 0.5399507226281064, "amount_of_layers": 7.475105874054663, "batch_size": 55.63625692960179, "dropout_rate": 0.2888479315996184, "epochs": 159.70256216080767, "hidden_channels": 120.26789902131259, "learning_rate": 0.09577870336092117, "optimizer": 0.32846887034098504, "pooling_algorithm": 0.6476426753090532}, "datetime": {"datetime": "2023-11-18 19:44:53", "elapsed": 2919.98501, "delta": 12.451084}},
{"target": 0.9053571428571429, "params": {"activation_function": 0.568945113133462, "amount_of_layers": 7.843332831322675, "batch_size": 85.55036023653041, "dropout_rate": 0.6657120644767105, "epochs": 113.66300604123349, "hidden_channels": 71.91091590738785, "learning_rate": 0.07786324665926914, "optimizer": 0.5877417168292853, "pooling_algorithm": 0.5944325434595432}, "datetime": {"datetime": "2023-11-18 19:44:59", "elapsed": 2925.943741, "delta": 5.958731}},
{"target": 0.8107142857142858, "params": {"activation_function": 1.1771676109290423, "amount_of_layers": 1.6819235380111204, "batch_size": 50.158258211885595, "dropout_rate": 0.4224758492161501, "epochs": 15.831982551802685, "hidden_channels": 11.821876019469586, "learning_rate": 0.036268497341007705, "optimizer": 1.2120198729931224, "pooling_algorithm": 0.16809726019225324}, "datetime": {"datetime": "2023-11-18 19:45:00", "elapsed": 2926.848339, "delta": 0.904598}},
{"target": 0.275, "params": {"activation_function": 0.9392543528652788, "amount_of_layers": 1.6966758601321459, "batch_size": 116.65164953487167, "dropout_rate": 0.5236507705122583, "epochs": 156.9931143123899, "hidden_channels": 32.61169519627093, "learning_rate": 0.06831302884335218, "optimizer": 1.5608503322845386, "pooling_algorithm": 0.08453298300322243}, "datetime": {"datetime": "2023-11-18 19:45:03", "elapsed": 2930.126304, "delta": 3.277965}},
{"target": 0.5, "params": {"activation_function": 0.07456399202107478, "amount_of_layers": 6.654321399820517, "batch_size": 41.934961356280354, "dropout_rate": 0.612398458730459, "epochs": 99.73766197503525, "hidden_channels": 63.44126790917838, "learning_rate": 0.05813928445034286, "optimizer": 0.6444638175159285, "pooling_algorithm": 0.2657860675770556}, "datetime": {"datetime": "2023-11-18 19:45:08", "elapsed": 2935.813884, "delta": 5.68758}},
{"target": 0.8250000000000001, "params": {"activation_function": 1.9115635366456716, "amount_of_layers": 6.179232658757608, "batch_size": 57.86901781795495, "dropout_rate": 0.6259440435051536, "epochs": 36.201772824425426, "hidden_channels": 17.56033233178029, "learning_rate": 0.03170846205896078, "optimizer": 0.8941666862748296, "pooling_algorithm": 0.3615103256756116}, "datetime": {"datetime": "2023-11-18 19:45:11", "elapsed": 2938.078076, "delta": 2.264192}},
{"target": 0.9089285714285714, "params": {"activation_function": 0.31422297606517446, "amount_of_layers": 7.66418062032603, "batch_size": 104.5618019982699, "dropout_rate": 0.28695792625965005, "epochs": 164.87868187986993, "hidden_channels": 23.533678587096798, "learning_rate": 0.06890044590875505, "optimizer": 1.448720927197383, "pooling_algorithm": 0.8867056402864517}, "datetime": {"datetime": "2023-11-18 19:45:16", "elapsed": 2943.792858, "delta": 5.714782}},
{"target": 0.8214285714285715, "params": {"activation_function": 0.25570015755180586, "amount_of_layers": 2.955477524593352, "batch_size": 118.11273439093847, "dropout_rate": 0.48827921714871425, "epochs": 92.80873489513424, "hidden_channels": 76.64960863369919, "learning_rate": 0.04390344323713884, "optimizer": 0.08074445088810966, "pooling_algorithm": 0.4118158564643607}, "datetime": {"datetime": "2023-11-18 19:45:20", "elapsed": 2947.00759, "delta": 3.214732}},
{"target": 0.9017857142857143, "params": {"activation_function": 0.9975570183346842, "amount_of_layers": 3.584446578023571, "batch_size": 30.861453510634973, "dropout_rate": 0.3135920486392299, "epochs": 126.76526454355411, "hidden_channels": 63.57962186958264, "learning_rate": 0.0349532329324017, "optimizer": 0.9045597829235767, "pooling_algorithm": 0.5699197782599972}, "datetime": {"datetime": "2023-11-18 19:45:25", "elapsed": 2952.550099, "delta": 5.542509}},
{"target": 0.8946428571428572, "params": {"activation_function": 1.6377288892359176, "amount_of_layers": 5.111851478771261, "batch_size": 39.05719782979202, "dropout_rate": 0.47673041589159126, "epochs": 126.87335506874349, "hidden_channels": 126.70488283025696, "learning_rate": 0.028259458641557926, "optimizer": 0.735993679771763, "pooling_algorithm": 0.6931006974475775}, "datetime": {"datetime": "2023-11-18 19:45:35", "elapsed": 2962.584605, "delta": 10.034506}},
{"target": 0.9, "params": {"activation_function": 1.600274267858888, "amount_of_layers": 8.448812099956431, "batch_size": 109.93628004792473, "dropout_rate": 0.25314399895105555, "epochs": 37.891712597430086, "hidden_channels": 37.73571172865829, "learning_rate": 0.0926262696287724, "optimizer": 1.2466321296058307, "pooling_algorithm": 0.5376451786410875}, "datetime": {"datetime": "2023-11-18 19:45:37", "elapsed": 2964.816109, "delta": 2.231504}},
{"target": 0.8035714285714286, "params": {"activation_function": 1.5227653589872832, "amount_of_layers": 4.468586236147802, "batch_size": 21.000245998952153, "dropout_rate": 0.39053760420127787, "epochs": 30.17714472256705, "hidden_channels": 106.37138295696953, "learning_rate": 0.05198584964255102, "optimizer": 0.21831607360656657, "pooling_algorithm": 0.47516977201594646}, "datetime": {"datetime": "2023-11-18 19:45:40", "elapsed": 2967.692058, "delta": 2.875949}},
{"target": 0.7964285714285715, "params": {"activation_function": 1.8030652792207074, "amount_of_layers": 3.013856624819957, "batch_size": 43.97751447027811, "dropout_rate": 0.46455713447892244, "epochs": 132.8502135975347, "hidden_channels": 115.41080942261644, "learning_rate": 0.053848048384701745, "optimizer": 1.4295098350369506, "pooling_algorithm": 0.4742483177490149}, "datetime": {"datetime": "2023-11-18 19:45:47", "elapsed": 2974.528981, "delta": 6.836923}},
{"target": 0.9071428571428571, "params": {"activation_function": 1.6883555675902475, "amount_of_layers": 2.694995603883462, "batch_size": 45.46775657501232, "dropout_rate": 0.7015544771405051, "epochs": 139.91906969620584, "hidden_channels": 29.748323454842375, "learning_rate": 0.036293544786891625, "optimizer": 1.380893620522555, "pooling_algorithm": 0.5515688373634406}, "datetime": {"datetime": "2023-11-18 19:45:52", "elapsed": 2979.24686, "delta": 4.717879}},
{"target": 0.0, "params": {"activation_function": 1.2178944883510303, "amount_of_layers": 3.2788710698843246, "batch_size": 143.9186793413552, "dropout_rate": 0.5278401365358086, "epochs": 30.79507212760209, "hidden_channels": 103.02674124566887, "learning_rate": 0.08685171674654124, "optimizer": 0.13945400076926018, "pooling_algorithm": 0.9486446190550054}, "datetime": {"datetime": "2023-11-18 19:45:54", "elapsed": 2981.076763, "delta": 1.829903}},
{"target": 0.9, "params": {"activation_function": 1.3538421444075774, "amount_of_layers": 6.785236197157519, "batch_size": 79.44502052203916, "dropout_rate": 0.6649677082081848, "epochs": 189.73143136778845, "hidden_channels": 106.28579559959961, "learning_rate": 0.01924965774152442, "optimizer": 0.17819880667973154, "pooling_algorithm": 0.8526325945941944}, "datetime": {"datetime": "2023-11-18 19:46:05", "elapsed": 2991.91225, "delta": 10.835487}},
{"target": 0.8107142857142857, "params": {"activation_function": 0.47602408744012803, "amount_of_layers": 2.5253719506632057, "batch_size": 44.43248823215777, "dropout_rate": 0.3193893475979205, "epochs": 80.79906142045417, "hidden_channels": 72.63342656426714, "learning_rate": 0.020898364498061473, "optimizer": 0.9318165561283522, "pooling_algorithm": 0.735083500967514}, "datetime": {"datetime": "2023-11-18 19:46:09", "elapsed": 2996.331483, "delta": 4.419233}},
{"target": 0.9035714285714286, "params": {"activation_function": 1.3268341278174995, "amount_of_layers": 3.5968479868167877, "batch_size": 19.085287928452406, "dropout_rate": 0.6325680811568302, "epochs": 30.973562790917917, "hidden_channels": 108.72158035202209, "learning_rate": 0.045574760054276256, "optimizer": 0.4344157805121289, "pooling_algorithm": 0.7216273639229424}, "datetime": {"datetime": "2023-11-18 19:46:11", "elapsed": 2998.792868, "delta": 2.461385}},
