{"target": 0.9142857142857143, "params": {"activation_function": 1.131049436585377, "amount_of_layers": 3.6620182658340745, "batch_size": 128.83582349202442, "dropout_rate": 0.6796421383749847, "epochs": 162.5674530687915, "hidden_channels": 72.0307308381393, "learning_rate": 0.040042196684212564, "optimizer": 0.8624045949320855, "pooling_algorithm": 0.7447783205011089}, "datetime": {"datetime": "2023-11-19 03:42:45", "elapsed": 31592.411173, "delta": 48.650768}},
{"target": 0.0, "params": {"activation_function": 0.7124277878399077, "amount_of_layers": 4.1591024805353864, "batch_size": 147.68310599780546, "dropout_rate": 0.2501885084944342, "epochs": 85.13351988254406, "hidden_channels": 84.22559002809835, "learning_rate": 0.05248436501611121, "optimizer": 1.645797242354031, "pooling_algorithm": 0.027764101182117695}, "datetime": {"datetime": "2023-11-19 03:42:59", "elapsed": 31606.190474, "delta": 13.779301}},
{"target": 0.8714285714285714, "params": {"activation_function": 1.71013497385011, "amount_of_layers": 1.0954237168362573, "batch_size": 90.51359069766151, "dropout_rate": 0.6330311777227093, "epochs": 19.80695356660842, "hidden_channels": 65.82195186094883, "learning_rate": 0.03055661863595291, "optimizer": 0.9892772429767562, "pooling_algorithm": 0.5024801669545886}, "datetime": {"datetime": "2023-11-19 03:43:13", "elapsed": 31619.935989, "delta": 13.745515}},
{"target": 0.8357142857142856, "params": {"activation_function": 0.5758767378900544, "amount_of_layers": 2.4305315497937805, "batch_size": 126.40588630348066, "dropout_rate": 0.29296592279861994, "epochs": 163.07564451954346, "hidden_channels": 74.47481301573627, "learning_rate": 0.026667976272093205, "optimizer": 1.2524366141638776, "pooling_algorithm": 0.36525062170250355}, "datetime": {"datetime": "2023-11-19 03:44:17", "elapsed": 31684.595554, "delta": 64.659565}},
{"target": 0.8107142857142857, "params": {"activation_function": 0.2505819696609737, "amount_of_layers": 2.347470786165923, "batch_size": 68.96346761560021, "dropout_rate": 0.36747421256084534, "epochs": 188.40339035554427, "hidden_channels": 28.97462848136114, "learning_rate": 0.027810799844381118, "optimizer": 1.0401291023069286, "pooling_algorithm": 0.638535985657934}, "datetime": {"datetime": "2023-11-19 03:45:05", "elapsed": 31732.115263, "delta": 47.519709}},
{"target": 0.7357142857142858, "params": {"activation_function": 1.0221775433845006, "amount_of_layers": 2.0980442283863034, "batch_size": 67.28383095965566, "dropout_rate": 0.6907161242600117, "epochs": 73.9754066259438, "hidden_channels": 54.277581747021976, "learning_rate": 0.04709582778819981, "optimizer": 1.6464334309549629, "pooling_algorithm": 0.3700562102616701}, "datetime": {"datetime": "2023-11-19 03:45:56", "elapsed": 31783.579083, "delta": 51.46382}},
{"target": 0.3857142857142857, "params": {"activation_function": 0.38463083784170826, "amount_of_layers": 2.113724815959234, "batch_size": 118.18064833911484, "dropout_rate": 0.7377619906380508, "epochs": 11.951002726020862, "hidden_channels": 88.7682511120376, "learning_rate": 0.0659058388696056, "optimizer": 1.690013150374961, "pooling_algorithm": 0.3685662649546453}, "datetime": {"datetime": "2023-11-19 03:46:08", "elapsed": 31794.991937, "delta": 11.412854}},
{"target": 0.825, "params": {"activation_function": 1.8909956413458828, "amount_of_layers": 7.056946547478922, "batch_size": 119.74341184040213, "dropout_rate": 0.47928792731112013, "epochs": 192.71257934182174, "hidden_channels": 121.68839059415451, "learning_rate": 0.09197644421011905, "optimizer": 0.14783554243674635, "pooling_algorithm": 0.40803113951973824}, "datetime": {"datetime": "2023-11-19 03:46:31", "elapsed": 31818.54153, "delta": 23.549593}},
{"target": 0.6392857142857142, "params": {"activation_function": 0.034324562243179146, "amount_of_layers": 6.667475607272851, "batch_size": 133.79946708509564, "dropout_rate": 0.6896262166541743, "epochs": 161.895226188497, "hidden_channels": 76.48327851909443, "learning_rate": 0.08236145021838664, "optimizer": 1.0801599625168847, "pooling_algorithm": 0.10528029947730955}, "datetime": {"datetime": "2023-11-19 03:47:21", "elapsed": 31868.072336, "delta": 49.530806}},
{"target": 0.6785714285714286, "params": {"activation_function": 0.09439294634020179, "amount_of_layers": 1.8862807688490015, "batch_size": 120.62816652146272, "dropout_rate": 0.34827677162609144, "epochs": 153.80194033087727, "hidden_channels": 59.75251169058135, "learning_rate": 0.018178845602986927, "optimizer": 0.6047108600618964, "pooling_algorithm": 0.37570508528523217}, "datetime": {"datetime": "2023-11-19 03:48:10", "elapsed": 31916.83846, "delta": 48.766124}},
{"target": 0.7375, "params": {"activation_function": 0.8626893100840836, "amount_of_layers": 1.333790662032313, "batch_size": 17.13577702949508, "dropout_rate": 0.5846345920381125, "epochs": 110.64055104798517, "hidden_channels": 49.62233013791353, "learning_rate": 0.05018481899753607, "optimizer": 1.9946148884921653, "pooling_algorithm": 0.2640284845518732}, "datetime": {"datetime": "2023-11-19 03:48:24", "elapsed": 31931.824621, "delta": 14.986161}},
{"target": 0.7392857142857143, "params": {"activation_function": 1.5681809631802037, "amount_of_layers": 2.5895452773542704, "batch_size": 144.83901402565834, "dropout_rate": 0.39148195524892443, "epochs": 137.43873511365635, "hidden_channels": 29.009118072292686, "learning_rate": 0.07033155203488048, "optimizer": 1.5049304089451467, "pooling_algorithm": 0.17903301297168317}, "datetime": {"datetime": "2023-11-19 03:48:40", "elapsed": 31947.75943, "delta": 15.934809}},
{"target": 0.9, "params": {"activation_function": 0.8794512093323359, "amount_of_layers": 6.258862176465983, "batch_size": 78.17217339415203, "dropout_rate": 0.5456260449349007, "epochs": 137.71510272210256, "hidden_channels": 58.606211115326545, "learning_rate": 0.08891470248041411, "optimizer": 1.5289664567004297, "pooling_algorithm": 0.8875680352211702}, "datetime": {"datetime": "2023-11-19 03:49:59", "elapsed": 32025.838568, "delta": 78.079138}},
{"target": 0.8285714285714285, "params": {"activation_function": 1.527244226907478, "amount_of_layers": 7.85552400755522, "batch_size": 16.957280074352013, "dropout_rate": 0.6594349839976287, "epochs": 91.66692604736043, "hidden_channels": 88.43369698301929, "learning_rate": 0.04465014112483949, "optimizer": 0.16531424168465803, "pooling_algorithm": 0.004318170981843283}, "datetime": {"datetime": "2023-11-19 03:50:47", "elapsed": 32073.947024, "delta": 48.108456}},
{"target": 0.9142857142857143, "params": {"activation_function": 0.5928883744461593, "amount_of_layers": 3.706438087032339, "batch_size": 129.31718072936053, "dropout_rate": 0.47725691122692215, "epochs": 161.51990098901496, "hidden_channels": 71.57546455388989, "learning_rate": 0.015765715750089813, "optimizer": 0.745280597625376, "pooling_algorithm": 0.9307951273547854}, "datetime": {"datetime": "2023-11-19 03:51:38", "elapsed": 32125.322727, "delta": 51.375703}},
{"target": 0.925, "params": {"activation_function": 0.31599168606121886, "amount_of_layers": 6.792728767406301, "batch_size": 113.72639510950485, "dropout_rate": 0.482912759416144, "epochs": 166.6967203944125, "hidden_channels": 121.34064035648062, "learning_rate": 0.06163890493133663, "optimizer": 0.2848633648273089, "pooling_algorithm": 0.7692372708663374}, "datetime": {"datetime": "2023-11-19 03:51:59", "elapsed": 32146.024753, "delta": 20.702026}},
{"target": 0.8, "params": {"activation_function": 0.13003465769152345, "amount_of_layers": 6.140570604208912, "batch_size": 95.01705453533259, "dropout_rate": 0.5361426582979634, "epochs": 89.8082677203047, "hidden_channels": 72.91701525300816, "learning_rate": 0.007665861463063747, "optimizer": 0.4036657750908408, "pooling_algorithm": 0.1422195419845732}, "datetime": {"datetime": "2023-11-19 03:52:44", "elapsed": 32191.125208, "delta": 45.100455}},
{"target": 0.8178571428571428, "params": {"activation_function": 0.8827446412097941, "amount_of_layers": 1.164257719275044, "batch_size": 100.55590943062055, "dropout_rate": 0.546944893759459, "epochs": 87.23503325455543, "hidden_channels": 58.38039674612352, "learning_rate": 0.016106223918156505, "optimizer": 0.22310913244356256, "pooling_algorithm": 0.726469995339205}, "datetime": {"datetime": "2023-11-19 03:53:30", "elapsed": 32237.563882, "delta": 46.438674}},
{"target": 0.10178571428571427, "params": {"activation_function": 0.9683752497907492, "amount_of_layers": 7.896617879933759, "batch_size": 75.87773893876137, "dropout_rate": 0.5664514022037586, "epochs": 93.2765240231079, "hidden_channels": 51.99431116342489, "learning_rate": 0.08149754633865174, "optimizer": 1.7721323270680491, "pooling_algorithm": 0.7983997038687478}, "datetime": {"datetime": "2023-11-19 03:54:18", "elapsed": 32285.340192, "delta": 47.77631}},
{"target": 0.8553571428571429, "params": {"activation_function": 0.16656596697728765, "amount_of_layers": 1.0755826425628658, "batch_size": 134.5557927849933, "dropout_rate": 0.2692590203876605, "epochs": 175.73266114313202, "hidden_channels": 24.82022488379478, "learning_rate": 0.035351356691725275, "optimizer": 1.3120098947277181, "pooling_algorithm": 0.9196834086782693}, "datetime": {"datetime": "2023-11-19 03:54:34", "elapsed": 32301.109353, "delta": 15.769161}},
{"target": 0.9107142857142857, "params": {"activation_function": 1.3469500573704851, "amount_of_layers": 6.600100381245124, "batch_size": 145.57098842997365, "dropout_rate": 0.7174284066199282, "epochs": 62.715449714609505, "hidden_channels": 55.15228056738645, "learning_rate": 0.00924310609395372, "optimizer": 0.8781528832091705, "pooling_algorithm": 0.9402631366560689}, "datetime": {"datetime": "2023-11-19 03:55:04", "elapsed": 32330.978272, "delta": 29.868919}},
{"target": 0.7410714285714286, "params": {"activation_function": 1.7442142995384744, "amount_of_layers": 4.521251313893661, "batch_size": 69.85166825256437, "dropout_rate": 0.41973702178424394, "epochs": 79.93405164315027, "hidden_channels": 60.08981642542937, "learning_rate": 0.07204016732479755, "optimizer": 1.4916599466999159, "pooling_algorithm": 0.2672964706881503}, "datetime": {"datetime": "2023-11-19 03:55:20", "elapsed": 32347.354864, "delta": 16.376592}},
{"target": 0.26785714285714285, "params": {"activation_function": 1.0819247133294738, "amount_of_layers": 7.176665936279726, "batch_size": 71.90317622666747, "dropout_rate": 0.5438249005966861, "epochs": 198.15503350167333, "hidden_channels": 60.30278340103797, "learning_rate": 0.0072206971570258575, "optimizer": 0.8802162704098562, "pooling_algorithm": 0.28193479091016194}, "datetime": {"datetime": "2023-11-19 03:55:42", "elapsed": 32369.224217, "delta": 21.869353}},
{"target": 0.9, "params": {"activation_function": 0.8410501236552244, "amount_of_layers": 7.5134315897632336, "batch_size": 88.4928309304098, "dropout_rate": 0.2872520945974143, "epochs": 133.71784890330727, "hidden_channels": 10.230502446882918, "learning_rate": 0.031637930914356495, "optimizer": 0.12373495549348146, "pooling_algorithm": 0.8757409932859923}, "datetime": {"datetime": "2023-11-19 03:55:59", "elapsed": 32386.330068, "delta": 17.105851}},
{"target": 0.8035714285714286, "params": {"activation_function": 1.5603113117298177, "amount_of_layers": 5.652569262529871, "batch_size": 130.2012469364837, "dropout_rate": 0.4242164320596178, "epochs": 165.22615013667286, "hidden_channels": 75.86798160469814, "learning_rate": 0.004864354681814261, "optimizer": 1.2265055294216574, "pooling_algorithm": 0.3853543908191601}, "datetime": {"datetime": "2023-11-19 03:56:48", "elapsed": 32434.988414, "delta": 48.658346}},
{"target": 0.2642857142857143, "params": {"activation_function": 1.1430247490736136, "amount_of_layers": 6.806606226787258, "batch_size": 145.73951118453616, "dropout_rate": 0.47153565782815043, "epochs": 83.71720843479017, "hidden_channels": 16.368151106348044, "learning_rate": 0.0377224603033656, "optimizer": 0.5077523435181184, "pooling_algorithm": 0.4033522344677819}, "datetime": {"datetime": "2023-11-19 03:57:02", "elapsed": 32449.40982, "delta": 14.421406}},
{"target": 0.9089285714285714, "params": {"activation_function": 0.25949378006862633, "amount_of_layers": 5.394087753456548, "batch_size": 64.11851951680114, "dropout_rate": 0.7184586517570427, "epochs": 36.56850271277447, "hidden_channels": 81.54158685687061, "learning_rate": 0.0890476116301712, "optimizer": 0.4963026813667173, "pooling_algorithm": 0.8198249630767446}, "datetime": {"datetime": "2023-11-19 03:57:48", "elapsed": 32495.219454, "delta": 45.809634}},
{"target": 0.9125, "params": {"activation_function": 1.3490920411087195, "amount_of_layers": 3.9513583853563796, "batch_size": 68.52400566927271, "dropout_rate": 0.43366668412150117, "epochs": 84.68900505731143, "hidden_channels": 121.98308985467882, "learning_rate": 0.055483068958118775, "optimizer": 0.27346722540733626, "pooling_algorithm": 0.7679765440635619}, "datetime": {"datetime": "2023-11-19 03:58:05", "elapsed": 32512.092337, "delta": 16.872883}},
{"target": 0.8142857142857143, "params": {"activation_function": 0.09169448434578054, "amount_of_layers": 1.042413910657869, "batch_size": 147.0446102076421, "dropout_rate": 0.43177788655685256, "epochs": 37.96195885829273, "hidden_channels": 70.6442430929072, "learning_rate": 0.06377148599725806, "optimizer": 0.7495905911861811, "pooling_algorithm": 0.42842835770442733}, "datetime": {"datetime": "2023-11-19 03:58:48", "elapsed": 32555.255304, "delta": 43.162967}},
{"target": 0.7339285714285715, "params": {"activation_function": 1.3822021568367964, "amount_of_layers": 6.824644261767189, "batch_size": 134.5394481804653, "dropout_rate": 0.5872191819377379, "epochs": 168.4619657259526, "hidden_channels": 58.82888182646014, "learning_rate": 0.02320820334741167, "optimizer": 0.9261196584576485, "pooling_algorithm": 0.41376965386536513}, "datetime": {"datetime": "2023-11-19 03:59:46", "elapsed": 32613.352035, "delta": 58.096731}},
{"target": 0.9053571428571429, "params": {"activation_function": 0.021024610216447526, "amount_of_layers": 2.2890957473020865, "batch_size": 16.919655148951563, "dropout_rate": 0.6654707111407627, "epochs": 108.28411425372137, "hidden_channels": 95.13713320994816, "learning_rate": 0.08135122031886183, "optimizer": 1.4958453103648202, "pooling_algorithm": 0.6027377273657921}, "datetime": {"datetime": "2023-11-19 04:00:05", "elapsed": 32632.04882, "delta": 18.696785}},
{"target": 0.7999999999999999, "params": {"activation_function": 0.2720960128452634, "amount_of_layers": 7.013156848900416, "batch_size": 20.805546551817347, "dropout_rate": 0.4680011372880995, "epochs": 21.360884876670085, "hidden_channels": 124.66584655851973, "learning_rate": 0.0923575457688277, "optimizer": 0.47217442431374046, "pooling_algorithm": 0.26806594715721377}, "datetime": {"datetime": "2023-11-19 04:00:20", "elapsed": 32646.977833, "delta": 14.929013}},
{"target": 0.24285714285714283, "params": {"activation_function": 1.7603951136893994, "amount_of_layers": 2.5847707387202226, "batch_size": 103.96528240651942, "dropout_rate": 0.5960321921617533, "epochs": 197.10165592173573, "hidden_channels": 93.57803947496501, "learning_rate": 0.049383351570684346, "optimizer": 1.3974776328382512, "pooling_algorithm": 0.224243047869502}, "datetime": {"datetime": "2023-11-19 04:00:37", "elapsed": 32664.28378, "delta": 17.305947}},
{"target": 0.9089285714285714, "params": {"activation_function": 0.47715343812741806, "amount_of_layers": 3.189623278446261, "batch_size": 147.09399268942516, "dropout_rate": 0.7454436762478124, "epochs": 86.36823734792995, "hidden_channels": 109.81346865992032, "learning_rate": 0.013582609655032087, "optimizer": 0.9779722052041568, "pooling_algorithm": 0.7450532132724424}, "datetime": {"datetime": "2023-11-19 04:00:52", "elapsed": 32679.701613, "delta": 15.417833}},
{"target": 0.9017857142857143, "params": {"activation_function": 1.5195492189851023, "amount_of_layers": 6.102827371514879, "batch_size": 120.58735761920657, "dropout_rate": 0.7171920112799275, "epochs": 179.5528470113963, "hidden_channels": 67.85721860660723, "learning_rate": 0.043043850320156785, "optimizer": 1.1876301577743107, "pooling_algorithm": 0.934358141936382}, "datetime": {"datetime": "2023-11-19 04:01:10", "elapsed": 32697.398897, "delta": 17.697284}},
{"target": 0.8071428571428572, "params": {"activation_function": 1.77694836604666, "amount_of_layers": 3.0515233312933896, "batch_size": 103.15687528953933, "dropout_rate": 0.6091269319018516, "epochs": 185.89027679227394, "hidden_channels": 67.31942632385301, "learning_rate": 0.03306277287355065, "optimizer": 0.22497432104561077, "pooling_algorithm": 0.32687774206511955}, "datetime": {"datetime": "2023-11-19 04:01:29", "elapsed": 32716.391075, "delta": 18.992178}},
{"target": 0.9107142857142857, "params": {"activation_function": 0.6545499175940598, "amount_of_layers": 6.7460832194708225, "batch_size": 61.151913445296636, "dropout_rate": 0.439551822432612, "epochs": 52.231582660329096, "hidden_channels": 27.972432956044806, "learning_rate": 0.03461086516597687, "optimizer": 0.7780863778814456, "pooling_algorithm": 0.9143930946982592}, "datetime": {"datetime": "2023-11-19 04:02:17", "elapsed": 32763.936749, "delta": 47.545674}},
{"target": 0.0, "params": {"activation_function": 0.9429888386151279, "amount_of_layers": 1.4274156156836924, "batch_size": 63.341051328448465, "dropout_rate": 0.610673771320472, "epochs": 186.13183069659408, "hidden_channels": 32.11198315670528, "learning_rate": 0.05796532813422179, "optimizer": 1.8896822755650855, "pooling_algorithm": 0.610306130601129}, "datetime": {"datetime": "2023-11-19 04:03:38", "elapsed": 32845.000033, "delta": 81.063284}},
{"target": 0.0, "params": {"activation_function": 1.2683886504297925, "amount_of_layers": 5.135254284375435, "batch_size": 23.166569186114522, "dropout_rate": 0.31185158770535215, "epochs": 137.9257824316454, "hidden_channels": 93.48763428905855, "learning_rate": 0.04399119797785051, "optimizer": 1.685292753371591, "pooling_algorithm": 0.3586448225806944}, "datetime": {"datetime": "2023-11-19 04:04:00", "elapsed": 32867.579899, "delta": 22.579866}},
{"target": 0.8999999999999999, "params": {"activation_function": 1.096743554451001, "amount_of_layers": 7.029418893706488, "batch_size": 146.37211259146974, "dropout_rate": 0.5959570244993617, "epochs": 17.910296597361313, "hidden_channels": 10.452618779054855, "learning_rate": 0.01846144211331695, "optimizer": 1.4487731410847413, "pooling_algorithm": 0.810004371305593}, "datetime": {"datetime": "2023-11-19 04:04:14", "elapsed": 32881.509843, "delta": 13.929944}},
{"target": 0.7928571428571428, "params": {"activation_function": 0.048487736097370115, "amount_of_layers": 1.233637121707023, "batch_size": 39.30920928771397, "dropout_rate": 0.6955947051078797, "epochs": 26.00758674001618, "hidden_channels": 55.51936409569015, "learning_rate": 0.07742559237004272, "optimizer": 0.4371124035192475, "pooling_algorithm": 0.1699382294804146}, "datetime": {"datetime": "2023-11-19 04:04:26", "elapsed": 32893.626965, "delta": 12.117122}},
{"target": 0.0, "params": {"activation_function": 1.8401856293788248, "amount_of_layers": 7.222758486444829, "batch_size": 87.8570016891108, "dropout_rate": 0.6171089534359786, "epochs": 81.71665857677574, "hidden_channels": 76.58203684111831, "learning_rate": 0.040129960883548844, "optimizer": 0.4213209692360542, "pooling_algorithm": 0.7129706746132992}, "datetime": {"datetime": "2023-11-19 04:05:12", "elapsed": 32939.543852, "delta": 45.916887}},
{"target": 0.7357142857142858, "params": {"activation_function": 1.4738700414779724, "amount_of_layers": 3.5631320436128293, "batch_size": 129.42354582430667, "dropout_rate": 0.6887331490919714, "epochs": 80.20161821348862, "hidden_channels": 66.45925402545932, "learning_rate": 0.07822582714097762, "optimizer": 0.11176928925088347, "pooling_algorithm": 0.31920945978668547}, "datetime": {"datetime": "2023-11-19 04:05:26", "elapsed": 32953.354847, "delta": 13.810995}},
{"target": 0.8428571428571429, "params": {"activation_function": 0.5319641562906685, "amount_of_layers": 2.0875629384601364, "batch_size": 26.258666999003808, "dropout_rate": 0.6565189758957015, "epochs": 191.85677841609336, "hidden_channels": 69.96367206140496, "learning_rate": 0.01432461252748539, "optimizer": 0.8990450004951593, "pooling_algorithm": 0.8766448686654036}, "datetime": {"datetime": "2023-11-19 04:05:45", "elapsed": 32972.424264, "delta": 19.069417}},
{"target": 0.9125, "params": {"activation_function": 0.827411126503337, "amount_of_layers": 4.226744397597945, "batch_size": 17.333340844793657, "dropout_rate": 0.6556682700376323, "epochs": 187.9889075808027, "hidden_channels": 14.830379805661876, "learning_rate": 0.021582352474342703, "optimizer": 1.9204763430122174, "pooling_algorithm": 0.6284679695653218}, "datetime": {"datetime": "2023-11-19 04:06:43", "elapsed": 33029.902651, "delta": 57.478387}},
{"target": 0.8946428571428572, "params": {"activation_function": 1.355827985844538, "amount_of_layers": 5.9679655914952106, "batch_size": 94.48461356359088, "dropout_rate": 0.682050379450674, "epochs": 73.68204421862785, "hidden_channels": 25.940117737392026, "learning_rate": 0.08871600652196926, "optimizer": 1.8109892441909412, "pooling_algorithm": 0.8060915407960879}, "datetime": {"datetime": "2023-11-19 04:06:57", "elapsed": 33044.053041, "delta": 14.15039}},
{"target": 0.8982142857142857, "params": {"activation_function": 0.715032594690552, "amount_of_layers": 2.39530795267667, "batch_size": 66.29670355917145, "dropout_rate": 0.5894105769854256, "epochs": 183.8022581677228, "hidden_channels": 39.64364442850544, "learning_rate": 0.0963038808081351, "optimizer": 1.6026417153805506, "pooling_algorithm": 0.9686044827442336}, "datetime": {"datetime": "2023-11-19 04:07:47", "elapsed": 33094.469855, "delta": 50.416814}},
