{"target": 0.9196428571428572, "params": {"activation_function": 1.1945457634654995, "amount_of_layers": 5.5903655341365655, "batch_size": 136.24742382373915, "dropout_rate": 0.7187404752023865, "epochs": 143.0541338912247, "hidden_channels": 62.98712529482436, "learning_rate": 0.08019403321760743, "optimizer": 1.0338323900869772, "pooling_algorithm": 0.5740791963379837}, "datetime": {"datetime": "2023-11-19 00:35:34", "elapsed": 20361.444866, "delta": 12.727014}},
{"target": 0.817857142857143, "params": {"activation_function": 1.747023536992004, "amount_of_layers": 4.1884985999541895, "batch_size": 43.971964488859584, "dropout_rate": 0.29081758473756963, "epochs": 34.144950491932015, "hidden_channels": 124.41041833151866, "learning_rate": 0.02125672210882977, "optimizer": 0.9561421293338344, "pooling_algorithm": 0.9074356662851172}, "datetime": {"datetime": "2023-11-19 00:35:45", "elapsed": 20372.097603, "delta": 10.652737}},
{"target": 0.9035714285714286, "params": {"activation_function": 1.167058316399805, "amount_of_layers": 7.585699618800743, "batch_size": 44.39503952629619, "dropout_rate": 0.6680398584364843, "epochs": 27.408059951874463, "hidden_channels": 31.497280198779137, "learning_rate": 0.032214680144910475, "optimizer": 0.012391359970528315, "pooling_algorithm": 0.6251268221002437}, "datetime": {"datetime": "2023-11-19 00:35:53", "elapsed": 20380.191438, "delta": 8.093835}},
{"target": 0.9053571428571429, "params": {"activation_function": 0.7604785582395388, "amount_of_layers": 3.2464098587799395, "batch_size": 73.32322445293408, "dropout_rate": 0.7053014838512975, "epochs": 148.89532681956192, "hidden_channels": 94.99490429381032, "learning_rate": 0.06298157604205107, "optimizer": 0.9022182410203825, "pooling_algorithm": 0.6959682737680871}, "datetime": {"datetime": "2023-11-19 00:36:06", "elapsed": 20393.325607, "delta": 13.134169}},
{"target": 0.7357142857142858, "params": {"activation_function": 1.6526329904105872, "amount_of_layers": 4.549912979503485, "batch_size": 25.03046949197425, "dropout_rate": 0.2598845814413277, "epochs": 177.0984762631304, "hidden_channels": 38.9798485968259, "learning_rate": 0.037150520524217134, "optimizer": 1.9519220265635524, "pooling_algorithm": 0.09134352855571326}, "datetime": {"datetime": "2023-11-19 00:36:21", "elapsed": 20408.79209, "delta": 15.466483}},
{"target": 0.9053571428571429, "params": {"activation_function": 0.6896280974148594, "amount_of_layers": 7.190734156195339, "batch_size": 55.09947214564515, "dropout_rate": 0.5741749140938308, "epochs": 79.278951288811, "hidden_channels": 94.41334419316254, "learning_rate": 0.08335046560109352, "optimizer": 0.16721941279042207, "pooling_algorithm": 0.7031307105274681}, "datetime": {"datetime": "2023-11-19 00:36:33", "elapsed": 20420.602104, "delta": 11.810014}},
{"target": 0.5785714285714286, "params": {"activation_function": 0.9798370765992763, "amount_of_layers": 1.6862303777068686, "batch_size": 23.92741104598941, "dropout_rate": 0.5819956190982715, "epochs": 147.16353485689947, "hidden_channels": 40.90265316910669, "learning_rate": 0.04349214875574485, "optimizer": 0.6942484569215546, "pooling_algorithm": 0.3107745400953378}, "datetime": {"datetime": "2023-11-19 00:36:46", "elapsed": 20433.38676, "delta": 12.784656}},
{"target": 0.9089285714285714, "params": {"activation_function": 0.349383499985505, "amount_of_layers": 3.5748593453931328, "batch_size": 146.0053518422214, "dropout_rate": 0.6672485367381322, "epochs": 85.10172764598182, "hidden_channels": 60.72896385796565, "learning_rate": 0.048383856050003574, "optimizer": 1.4342222710143313, "pooling_algorithm": 0.7766771704556414}, "datetime": {"datetime": "2023-11-19 00:36:56", "elapsed": 20443.764276, "delta": 10.377516}},
{"target": 0.9160714285714285, "params": {"activation_function": 0.6097154116505401, "amount_of_layers": 3.996444440051869, "batch_size": 37.72460585134513, "dropout_rate": 0.6186451025418045, "epochs": 99.82428520855063, "hidden_channels": 73.49616514245653, "learning_rate": 0.09367840394104943, "optimizer": 1.3084283418160598, "pooling_algorithm": 0.9039332712300402}, "datetime": {"datetime": "2023-11-19 00:37:08", "elapsed": 20455.695086, "delta": 11.93081}},
{"target": 0.9125, "params": {"activation_function": 0.6618014296529728, "amount_of_layers": 3.593141298562923, "batch_size": 24.51268274498892, "dropout_rate": 0.4133079138337948, "epochs": 45.42142129473191, "hidden_channels": 72.83327112518622, "learning_rate": 0.044282351432864624, "optimizer": 1.7784972652694409, "pooling_algorithm": 0.6997021867806494}, "datetime": {"datetime": "2023-11-19 00:37:20", "elapsed": 20466.876312, "delta": 11.181226}},
{"target": 0.9, "params": {"activation_function": 1.6895464990937343, "amount_of_layers": 3.4779174608929218, "batch_size": 81.13736442611543, "dropout_rate": 0.38571475606168454, "epochs": 145.1021228336245, "hidden_channels": 91.30293213798616, "learning_rate": 0.05725722956812874, "optimizer": 0.9210280324554827, "pooling_algorithm": 0.896048264252821}, "datetime": {"datetime": "2023-11-19 00:37:32", "elapsed": 20479.106288, "delta": 12.229976}},
{"target": 0.7428571428571428, "params": {"activation_function": 0.05825433849105299, "amount_of_layers": 4.847104678909334, "batch_size": 47.99836377039726, "dropout_rate": 0.5791426906764237, "epochs": 153.15985915709342, "hidden_channels": 47.59499503193967, "learning_rate": 0.06410692965061739, "optimizer": 1.9941251378174965, "pooling_algorithm": 0.06556399066716456}, "datetime": {"datetime": "2023-11-19 00:37:44", "elapsed": 20491.610169, "delta": 12.503881}},
{"target": 0.7982142857142858, "params": {"activation_function": 0.643494220779893, "amount_of_layers": 1.3680472700331938, "batch_size": 99.75500828202144, "dropout_rate": 0.7433880032239437, "epochs": 124.8628736591151, "hidden_channels": 103.61485076888644, "learning_rate": 0.05901783609470695, "optimizer": 1.3922192271213705, "pooling_algorithm": 0.025452510985169097}, "datetime": {"datetime": "2023-11-19 00:37:54", "elapsed": 20501.754881, "delta": 10.144712}},
{"target": 0.8, "params": {"activation_function": 1.54318811618399, "amount_of_layers": 2.9343032091462753, "batch_size": 102.22572796076697, "dropout_rate": 0.2830976257521653, "epochs": 43.495867983880196, "hidden_channels": 81.50437145537077, "learning_rate": 0.06214134978880358, "optimizer": 0.3690482735845506, "pooling_algorithm": 0.3297704220230476}, "datetime": {"datetime": "2023-11-19 00:38:30", "elapsed": 20537.356715, "delta": 35.601834}},
{"target": 0.8857142857142858, "params": {"activation_function": 1.7638980140857032, "amount_of_layers": 4.520391958489068, "batch_size": 66.17302687696525, "dropout_rate": 0.47987860838679447, "epochs": 184.07038905829967, "hidden_channels": 38.235061168204076, "learning_rate": 0.013627985345924559, "optimizer": 0.6189085324997325, "pooling_algorithm": 0.6936880040714467}, "datetime": {"datetime": "2023-11-19 00:39:08", "elapsed": 20575.629839, "delta": 38.273124}},
{"target": 0.8607142857142857, "params": {"activation_function": 1.849543877823866, "amount_of_layers": 4.361323145465963, "batch_size": 139.51926765601772, "dropout_rate": 0.6714679269848334, "epochs": 112.54485144990068, "hidden_channels": 55.16521763476367, "learning_rate": 0.03555596834024877, "optimizer": 1.1511629886003796, "pooling_algorithm": 0.7717702137472556}, "datetime": {"datetime": "2023-11-19 00:39:21", "elapsed": 20588.686102, "delta": 13.056263}},
{"target": 0.8982142857142857, "params": {"activation_function": 0.6017498911615202, "amount_of_layers": 7.522767955784453, "batch_size": 109.44529464103394, "dropout_rate": 0.5434250296060339, "epochs": 48.069778765823635, "hidden_channels": 123.49874518394111, "learning_rate": 0.07889877532305375, "optimizer": 1.4538813247858406, "pooling_algorithm": 0.9932334775626432}, "datetime": {"datetime": "2023-11-19 00:39:37", "elapsed": 20604.018738, "delta": 15.332636}},
{"target": 0.2589285714285714, "params": {"activation_function": 1.6566472690122884, "amount_of_layers": 2.502238918191237, "batch_size": 18.1986019280298, "dropout_rate": 0.2741380330493948, "epochs": 25.435811943869354, "hidden_channels": 56.36226827776179, "learning_rate": 0.043218223271702355, "optimizer": 1.7532879833108606, "pooling_algorithm": 0.06995988108930895}, "datetime": {"datetime": "2023-11-19 00:39:46", "elapsed": 20612.841994, "delta": 8.823256}},
{"target": 0.2767857142857143, "params": {"activation_function": 0.772657167842796, "amount_of_layers": 7.677398157923774, "batch_size": 134.73186287301922, "dropout_rate": 0.512933746865807, "epochs": 72.5975808215857, "hidden_channels": 9.218510895134214, "learning_rate": 0.07239689494241394, "optimizer": 1.2016342122538466, "pooling_algorithm": 0.41349561371985566}, "datetime": {"datetime": "2023-11-19 00:39:57", "elapsed": 20624.290577, "delta": 11.448583}},
{"target": 0.9, "params": {"activation_function": 0.04227014028047327, "amount_of_layers": 5.380718146776266, "batch_size": 35.31597120128112, "dropout_rate": 0.4135972896533783, "epochs": 178.3685214180084, "hidden_channels": 42.93271612488879, "learning_rate": 0.010617161618054836, "optimizer": 0.2565928909002835, "pooling_algorithm": 0.9871832852976329}, "datetime": {"datetime": "2023-11-19 00:40:11", "elapsed": 20638.43028, "delta": 14.139703}},
{"target": 0.7821428571428571, "params": {"activation_function": 1.5079273011945127, "amount_of_layers": 2.981373896476449, "batch_size": 125.76671901895834, "dropout_rate": 0.5273925786461089, "epochs": 163.84783751589987, "hidden_channels": 74.12984830642046, "learning_rate": 0.002963413189303863, "optimizer": 1.6054453309334678, "pooling_algorithm": 0.007742300455596207}, "datetime": {"datetime": "2023-11-19 00:40:55", "elapsed": 20681.921888, "delta": 43.491608}},
{"target": 0.30892857142857144, "params": {"activation_function": 1.1212858437507036, "amount_of_layers": 1.3828475702711769, "batch_size": 114.15852912317662, "dropout_rate": 0.4809877415045385, "epochs": 83.37615960871705, "hidden_channels": 59.01940549089913, "learning_rate": 0.0018203473903716611, "optimizer": 0.1778854191443966, "pooling_algorithm": 0.45154945638808963}, "datetime": {"datetime": "2023-11-19 00:41:05", "elapsed": 20692.248541, "delta": 10.326653}},
{"target": 0.6821428571428572, "params": {"activation_function": 0.42814534340049093, "amount_of_layers": 3.4100615831909176, "batch_size": 126.4220531371652, "dropout_rate": 0.3887767817301297, "epochs": 176.25218507869863, "hidden_channels": 41.72583650680762, "learning_rate": 0.022411594582134754, "optimizer": 0.9536496099876779, "pooling_algorithm": 0.2731427117617339}, "datetime": {"datetime": "2023-11-19 00:41:17", "elapsed": 20703.996542, "delta": 11.748001}},
{"target": 0.9053571428571429, "params": {"activation_function": 0.662280122556415, "amount_of_layers": 6.112988121559172, "batch_size": 17.82978793460196, "dropout_rate": 0.48353497990087985, "epochs": 190.56305928628584, "hidden_channels": 19.934970402564268, "learning_rate": 0.023591787476105134, "optimizer": 0.9006074155163875, "pooling_algorithm": 0.7252288675388865}, "datetime": {"datetime": "2023-11-19 00:42:10", "elapsed": 20757.321212, "delta": 53.32467}},
{"target": 0.0, "params": {"activation_function": 1.3272856503665558, "amount_of_layers": 3.8879560061551848, "batch_size": 49.23839874881234, "dropout_rate": 0.39372719534892375, "epochs": 129.46955691529075, "hidden_channels": 113.19790468944359, "learning_rate": 0.0915177231536348, "optimizer": 1.7014837822288804, "pooling_algorithm": 0.9239910853100586}, "datetime": {"datetime": "2023-11-19 00:42:32", "elapsed": 20779.415405, "delta": 22.094193}},
{"target": 0.7357142857142858, "params": {"activation_function": 0.8730105982122791, "amount_of_layers": 8.231176700283942, "batch_size": 36.34858906354747, "dropout_rate": 0.590116742523062, "epochs": 95.41874183756511, "hidden_channels": 121.59640865227489, "learning_rate": 0.052560714925038915, "optimizer": 0.993888932549867, "pooling_algorithm": 0.01540707951546405}, "datetime": {"datetime": "2023-11-19 00:42:49", "elapsed": 20796.376369, "delta": 16.960964}},
{"target": 0.0, "params": {"activation_function": 0.19925682347187434, "amount_of_layers": 8.780118632561301, "batch_size": 113.7385052348615, "dropout_rate": 0.5897849121869978, "epochs": 49.30983351471166, "hidden_channels": 127.70280782016094, "learning_rate": 0.032740298055459395, "optimizer": 1.843793242909234, "pooling_algorithm": 0.372740492054054}, "datetime": {"datetime": "2023-11-19 00:43:00", "elapsed": 20806.920543, "delta": 10.544174}},
{"target": 0.8196428571428571, "params": {"activation_function": 0.5833895788789063, "amount_of_layers": 1.3402214108265005, "batch_size": 122.65017156549872, "dropout_rate": 0.47466801880727566, "epochs": 152.61378731571725, "hidden_channels": 59.577307678012936, "learning_rate": 0.025841084849102754, "optimizer": 0.9031123512460388, "pooling_algorithm": 0.12831788551585388}, "datetime": {"datetime": "2023-11-19 00:44:00", "elapsed": 20867.156451, "delta": 60.235908}},
{"target": 0.2571428571428571, "params": {"activation_function": 1.5499737803418518, "amount_of_layers": 7.381630786116163, "batch_size": 114.98589289786864, "dropout_rate": 0.5081644612933462, "epochs": 11.478131709308183, "hidden_channels": 25.492717280524108, "learning_rate": 0.08741669343988684, "optimizer": 0.6126717921746396, "pooling_algorithm": 0.4411099284759121}, "datetime": {"datetime": "2023-11-19 00:44:08", "elapsed": 20875.139987, "delta": 7.983536}},
{"target": 0.8964285714285715, "params": {"activation_function": 1.6041698640381277, "amount_of_layers": 1.7471661513562884, "batch_size": 93.16949316164033, "dropout_rate": 0.6062379151425104, "epochs": 59.56309470536778, "hidden_channels": 89.05981291437489, "learning_rate": 0.0796326681845348, "optimizer": 1.224461056325047, "pooling_algorithm": 0.764577366392017}, "datetime": {"datetime": "2023-11-19 00:44:18", "elapsed": 20885.207064, "delta": 10.067077}},
{"target": 0.8035714285714286, "params": {"activation_function": 1.7415494391486386, "amount_of_layers": 8.48082893129218, "batch_size": 79.49513955550196, "dropout_rate": 0.6448157082270816, "epochs": 192.15907587677034, "hidden_channels": 57.97349343694811, "learning_rate": 0.018678867990047053, "optimizer": 0.1401402042123927, "pooling_algorithm": 0.09739649449865295}, "datetime": {"datetime": "2023-11-19 00:44:32", "elapsed": 20899.683248, "delta": 14.476184}},
{"target": 0.7392857142857143, "params": {"activation_function": 0.9481144887785957, "amount_of_layers": 5.635319989750738, "batch_size": 22.577995096484624, "dropout_rate": 0.321768771709957, "epochs": 23.94307374998355, "hidden_channels": 40.20408600733402, "learning_rate": 0.06413767248136155, "optimizer": 0.03462283275623057, "pooling_algorithm": 0.24866928641992647}, "datetime": {"datetime": "2023-11-19 00:45:05", "elapsed": 20932.770435, "delta": 33.087187}},
{"target": 0.8535714285714285, "params": {"activation_function": 1.8831637795707066, "amount_of_layers": 5.042269244541079, "batch_size": 30.961019844351384, "dropout_rate": 0.45305636588424114, "epochs": 34.01009288075129, "hidden_channels": 120.4118767408956, "learning_rate": 0.0607410027380844, "optimizer": 0.7754964856951416, "pooling_algorithm": 0.9247374590332301}, "datetime": {"datetime": "2023-11-19 00:45:17", "elapsed": 20944.431442, "delta": 11.661007}},
{"target": 0.23214285714285712, "params": {"activation_function": 0.17236680438677365, "amount_of_layers": 7.689767798923968, "batch_size": 57.87320790223708, "dropout_rate": 0.5435210084484919, "epochs": 135.6234332510953, "hidden_channels": 124.04944782729086, "learning_rate": 0.04518058085476571, "optimizer": 1.9920060280276801, "pooling_algorithm": 0.4195083581604253}, "datetime": {"datetime": "2023-11-19 00:45:35", "elapsed": 20961.910058, "delta": 17.478616}},
{"target": 0.26785714285714285, "params": {"activation_function": 1.463563409084476, "amount_of_layers": 5.22103077827261, "batch_size": 73.85819516403755, "dropout_rate": 0.7437342206749824, "epochs": 34.576335548118735, "hidden_channels": 84.58786028756269, "learning_rate": 0.03360002099941925, "optimizer": 1.1509738092614377, "pooling_algorithm": 0.13764579095843488}, "datetime": {"datetime": "2023-11-19 00:45:45", "elapsed": 20971.990478, "delta": 10.08042}},
{"target": 0.9142857142857143, "params": {"activation_function": 0.9939641977491958, "amount_of_layers": 4.51530099248242, "batch_size": 30.486098820719217, "dropout_rate": 0.5571895420754596, "epochs": 143.79925574923615, "hidden_channels": 20.287316661419062, "learning_rate": 0.043910193583277836, "optimizer": 0.8875518421335642, "pooling_algorithm": 0.9387941163818659}, "datetime": {"datetime": "2023-11-19 00:46:43", "elapsed": 21029.850377, "delta": 57.859899}},
{"target": 0.7375, "params": {"activation_function": 0.49613254217517166, "amount_of_layers": 7.477013884378749, "batch_size": 63.973966203145366, "dropout_rate": 0.7046759450212934, "epochs": 185.17860797882528, "hidden_channels": 37.15555700073886, "learning_rate": 0.047791936419023504, "optimizer": 1.2156965777551498, "pooling_algorithm": 0.13778740044814508}, "datetime": {"datetime": "2023-11-19 00:46:59", "elapsed": 21046.49956, "delta": 16.649183}},
{"target": 0.7660714285714285, "params": {"activation_function": 0.9292750270731707, "amount_of_layers": 3.3751112883159324, "batch_size": 90.85643739831727, "dropout_rate": 0.4163927947144241, "epochs": 47.46348070701215, "hidden_channels": 73.34098299307381, "learning_rate": 0.09650981205259544, "optimizer": 1.1978346754654126, "pooling_algorithm": 0.3526207963261222}, "datetime": {"datetime": "2023-11-19 00:47:09", "elapsed": 21056.327492, "delta": 9.827932}},
{"target": 0.7285714285714285, "params": {"activation_function": 0.867868163544723, "amount_of_layers": 1.6952828855935138, "batch_size": 126.60915800613488, "dropout_rate": 0.6760706755366235, "epochs": 167.08681102342726, "hidden_channels": 23.407102421920104, "learning_rate": 0.05750658836116956, "optimizer": 1.5469094277755198, "pooling_algorithm": 0.27933929123682955}, "datetime": {"datetime": "2023-11-19 00:47:20", "elapsed": 21067.527692, "delta": 11.2002}},
{"target": 0.9, "params": {"activation_function": 1.766991030286927, "amount_of_layers": 4.7418690222703095, "batch_size": 52.946417060040694, "dropout_rate": 0.6491071937260215, "epochs": 16.658078583621126, "hidden_channels": 39.63211552773337, "learning_rate": 0.0628683336682288, "optimizer": 1.4073384921003451, "pooling_algorithm": 0.7381288973234693}, "datetime": {"datetime": "2023-11-19 00:47:29", "elapsed": 21076.748247, "delta": 9.220555}},
{"target": 0.9125, "params": {"activation_function": 1.172054046227171, "amount_of_layers": 7.806152559437511, "batch_size": 131.29011018896054, "dropout_rate": 0.476751320943316, "epochs": 46.570873748382944, "hidden_channels": 57.51256983482588, "learning_rate": 0.025317343659512288, "optimizer": 0.7010551593318506, "pooling_algorithm": 0.6646092612502997}, "datetime": {"datetime": "2023-11-19 00:48:07", "elapsed": 21114.462236, "delta": 37.713989}},
{"target": 0.26785714285714285, "params": {"activation_function": 1.0984220121641588, "amount_of_layers": 5.6198758552611, "batch_size": 50.30140424223191, "dropout_rate": 0.6727089659851372, "epochs": 168.97535966165714, "hidden_channels": 33.44020877831784, "learning_rate": 0.054725306393999994, "optimizer": 1.1590535095269212, "pooling_algorithm": 0.2857269565822643}, "datetime": {"datetime": "2023-11-19 00:48:19", "elapsed": 21126.53135, "delta": 12.069114}},
{"target": 0.9071428571428571, "params": {"activation_function": 0.9597292959257535, "amount_of_layers": 3.090181260765661, "batch_size": 109.08325981481474, "dropout_rate": 0.43911265197276445, "epochs": 34.082123930317024, "hidden_channels": 77.22274514227055, "learning_rate": 0.016500727121623242, "optimizer": 0.017593893074202782, "pooling_algorithm": 0.5685448032357457}, "datetime": {"datetime": "2023-11-19 00:48:29", "elapsed": 21135.833778, "delta": 9.302428}},
{"target": 0.9035714285714287, "params": {"activation_function": 1.8015707671809802, "amount_of_layers": 1.5066616431892683, "batch_size": 128.21886317182347, "dropout_rate": 0.5139964514488078, "epochs": 179.9060643762509, "hidden_channels": 71.02183181881094, "learning_rate": 0.08633159455611293, "optimizer": 1.9699200281356837, "pooling_algorithm": 0.6586368703104735}, "datetime": {"datetime": "2023-11-19 00:48:41", "elapsed": 21148.104501, "delta": 12.270723}},
{"target": 0.9035714285714286, "params": {"activation_function": 1.03282425555056, "amount_of_layers": 3.8368745986323827, "batch_size": 52.91061846037429, "dropout_rate": 0.48633641160693797, "epochs": 87.8778702348266, "hidden_channels": 59.85714703218212, "learning_rate": 0.0316337839063058, "optimizer": 1.2740094174885555, "pooling_algorithm": 0.5700140979682937}, "datetime": {"datetime": "2023-11-19 00:48:51", "elapsed": 21158.567738, "delta": 10.463237}},
{"target": 0.7553571428571428, "params": {"activation_function": 0.8604860193581734, "amount_of_layers": 7.13336476874033, "batch_size": 128.0032721773175, "dropout_rate": 0.6777344707933395, "epochs": 197.24430161511933, "hidden_channels": 94.72662780517426, "learning_rate": 0.03399432609059196, "optimizer": 1.1188732825821324, "pooling_algorithm": 0.35231729932517264}, "datetime": {"datetime": "2023-11-19 00:49:10", "elapsed": 21177.578305, "delta": 19.010567}},
{"target": 0.5, "params": {"activation_function": 0.2714702374222129, "amount_of_layers": 4.233978530164011, "batch_size": 141.26692830559335, "dropout_rate": 0.7343282341800166, "epochs": 64.90412730940284, "hidden_channels": 62.17672776590372, "learning_rate": 0.06018631277090203, "optimizer": 1.9948560527144097, "pooling_algorithm": 0.3331434237922374}, "datetime": {"datetime": "2023-11-19 00:49:20", "elapsed": 21187.303313, "delta": 9.725008}},
