{"target": 0.9071428571428571, "params": {"activation_function": 0.7640491620740364, "amount_of_layers": 7.330610793170117, "batch_size": 72.9927001068663, "dropout_rate": 0.34454369086320563, "epochs": 57.59410810103049, "hidden_channels": 109.77732910561203, "learning_rate": 0.01413331790594461, "optimizer": 0.6549671500307308, "pooling_algorithm": 0.7608926130615555}, "datetime": {"datetime": "2023-11-18 22:47:02", "elapsed": 13848.993471, "delta": 8.497192}},
{"target": 0.7142857142857143, "params": {"activation_function": 0.9638156485244169, "amount_of_layers": 2.3417930827593745, "batch_size": 148.2525654390924, "dropout_rate": 0.4257734737540977, "epochs": 133.83595336100512, "hidden_channels": 108.56687336634559, "learning_rate": 0.048704047607827844, "optimizer": 0.7305600621293284, "pooling_algorithm": 0.3651333456718575}, "datetime": {"datetime": "2023-11-18 22:47:11", "elapsed": 13858.298481, "delta": 9.30501}},
{"target": 0.9107142857142857, "params": {"activation_function": 0.803924351855257, "amount_of_layers": 4.262763572529293, "batch_size": 75.51656372370063, "dropout_rate": 0.5857298782031908, "epochs": 19.517804262194776, "hidden_channels": 13.91697702009402, "learning_rate": 0.008720964945801062, "optimizer": 1.8286794833663305, "pooling_algorithm": 0.538936576345235}, "datetime": {"datetime": "2023-11-18 22:47:16", "elapsed": 13863.80394, "delta": 5.505459}},
{"target": 0.9089285714285714, "params": {"activation_function": 0.20943060672614489, "amount_of_layers": 5.546257815106623, "batch_size": 83.93212133737342, "dropout_rate": 0.4415073729799692, "epochs": 48.3189687155961, "hidden_channels": 58.401941819015924, "learning_rate": 0.047017740040091155, "optimizer": 1.595593537256118, "pooling_algorithm": 0.5258207377563164}, "datetime": {"datetime": "2023-11-18 22:47:23", "elapsed": 13870.182096, "delta": 6.378156}},
{"target": 0.8321428571428571, "params": {"activation_function": 1.7948877554759943, "amount_of_layers": 1.7675774395612232, "batch_size": 17.777645416200166, "dropout_rate": 0.5857031031061235, "epochs": 184.13136935572183, "hidden_channels": 67.56201658142331, "learning_rate": 0.019086285449104942, "optimizer": 0.9452780865057377, "pooling_algorithm": 0.8581873369263018}, "datetime": {"datetime": "2023-11-18 22:47:36", "elapsed": 13883.488078, "delta": 13.305982}},
{"target": 0.9089285714285714, "params": {"activation_function": 0.3917666121788519, "amount_of_layers": 6.82301530262107, "batch_size": 147.56665378165144, "dropout_rate": 0.7013871111590182, "epochs": 49.32785690491557, "hidden_channels": 47.65468226268015, "learning_rate": 0.03770517819827811, "optimizer": 1.2091484623988928, "pooling_algorithm": 0.9215817961289994}, "datetime": {"datetime": "2023-11-18 22:47:43", "elapsed": 13890.269773, "delta": 6.781695}},
{"target": 0.8214285714285714, "params": {"activation_function": 1.7019556894171908, "amount_of_layers": 5.697108731966707, "batch_size": 104.10133559262188, "dropout_rate": 0.6796633273391245, "epochs": 157.23114139797767, "hidden_channels": 37.00568539614611, "learning_rate": 0.09949048444562714, "optimizer": 0.4483626650867403, "pooling_algorithm": 0.1054867131193915}, "datetime": {"datetime": "2023-11-18 22:47:54", "elapsed": 13900.867216, "delta": 10.597443}},
{"target": 0.7267857142857143, "params": {"activation_function": 1.1024592336677423, "amount_of_layers": 8.768069379241947, "batch_size": 59.83604685425752, "dropout_rate": 0.6960551830296386, "epochs": 178.56955528839663, "hidden_channels": 22.849109642669596, "learning_rate": 0.032964412350744744, "optimizer": 1.1444273143647312, "pooling_algorithm": 0.13557559984002243}, "datetime": {"datetime": "2023-11-18 22:48:07", "elapsed": 13914.513306, "delta": 13.64609}},
{"target": 0.21428571428571427, "params": {"activation_function": 0.1789955625260211, "amount_of_layers": 6.498141013294212, "batch_size": 62.25252280774516, "dropout_rate": 0.5464876209565227, "epochs": 198.9368132857421, "hidden_channels": 84.12333275884319, "learning_rate": 0.06330944979396934, "optimizer": 1.0400057945890948, "pooling_algorithm": 0.15608763735488385}, "datetime": {"datetime": "2023-11-18 22:48:21", "elapsed": 13928.2081, "delta": 13.694794}},
{"target": 0.7357142857142857, "params": {"activation_function": 1.410749240133353, "amount_of_layers": 2.9708586342962295, "batch_size": 42.31406391560087, "dropout_rate": 0.7437737743764168, "epochs": 77.61649787117229, "hidden_channels": 74.72336613318328, "learning_rate": 0.02890101732908007, "optimizer": 0.009372843011832055, "pooling_algorithm": 0.13559197818533197}, "datetime": {"datetime": "2023-11-18 22:48:41", "elapsed": 13948.471659, "delta": 20.263559}},
{"target": 0.9035714285714286, "params": {"activation_function": 0.6082943644107994, "amount_of_layers": 6.032198116363118, "batch_size": 131.94120219747435, "dropout_rate": 0.2835791036453075, "epochs": 153.74641708572497, "hidden_channels": 50.02176318142415, "learning_rate": 0.05903491165326944, "optimizer": 0.5351428878516302, "pooling_algorithm": 0.6035348136982085}, "datetime": {"datetime": "2023-11-18 22:48:52", "elapsed": 13959.307929, "delta": 10.83627}},
{"target": 0.7357142857142858, "params": {"activation_function": 0.5395659473402965, "amount_of_layers": 8.77128139298859, "batch_size": 128.83409082936421, "dropout_rate": 0.6227492687693287, "epochs": 166.19539574204032, "hidden_channels": 107.00177768759345, "learning_rate": 0.018201000404995053, "optimizer": 0.15912817527112666, "pooling_algorithm": 0.18790724013627425}, "datetime": {"datetime": "2023-11-18 22:49:09", "elapsed": 13975.877891, "delta": 16.569962}},
{"target": 0.30714285714285716, "params": {"activation_function": 0.9890932039696763, "amount_of_layers": 3.195987408097041, "batch_size": 130.03113310526936, "dropout_rate": 0.5973444135349697, "epochs": 163.64338623478142, "hidden_channels": 70.57245424054939, "learning_rate": 0.00655832323801275, "optimizer": 1.5729450855562643, "pooling_algorithm": 0.1965241843242318}, "datetime": {"datetime": "2023-11-18 22:49:30", "elapsed": 13997.040447, "delta": 21.162556}},
{"target": 0.8214285714285715, "params": {"activation_function": 1.7249959071654604, "amount_of_layers": 7.684649279352867, "batch_size": 87.5154281400094, "dropout_rate": 0.4299455642595081, "epochs": 182.21719193347033, "hidden_channels": 82.92208933886725, "learning_rate": 0.09836891160903906, "optimizer": 0.31752713013831846, "pooling_algorithm": 0.014102947138374788}, "datetime": {"datetime": "2023-11-18 22:49:44", "elapsed": 14011.456549, "delta": 14.416102}},
{"target": 0.9214285714285714, "params": {"activation_function": 0.048581089828574786, "amount_of_layers": 5.280970103766142, "batch_size": 82.93265452003754, "dropout_rate": 0.3106945084295968, "epochs": 30.911389258899575, "hidden_channels": 92.17207584529427, "learning_rate": 0.009984771785823604, "optimizer": 1.8072482119041595, "pooling_algorithm": 0.5641052881070024}, "datetime": {"datetime": "2023-11-18 22:49:51", "elapsed": 14018.315642, "delta": 6.859093}},
{"target": 0.7178571428571429, "params": {"activation_function": 0.8134307415604991, "amount_of_layers": 5.072318032524064, "batch_size": 101.74509266508004, "dropout_rate": 0.6630164914354102, "epochs": 54.76080179330078, "hidden_channels": 121.51520872241905, "learning_rate": 0.020801739890486833, "optimizer": 0.062089031650572446, "pooling_algorithm": 0.4615466409075212}, "datetime": {"datetime": "2023-11-18 22:50:02", "elapsed": 14029.24374, "delta": 10.928098}},
{"target": 0.9017857142857143, "params": {"activation_function": 1.8234888211062341, "amount_of_layers": 3.6812410397147524, "batch_size": 86.47905577476668, "dropout_rate": 0.3683382175383987, "epochs": 173.88688799441422, "hidden_channels": 83.8037046604786, "learning_rate": 0.09060918341043964, "optimizer": 1.0301967162538337, "pooling_algorithm": 0.7225989345045143}, "datetime": {"datetime": "2023-11-18 22:50:16", "elapsed": 14042.991777, "delta": 13.748037}},
{"target": 0.10357142857142856, "params": {"activation_function": 1.1820319593823412, "amount_of_layers": 8.252721270382757, "batch_size": 49.42994400022147, "dropout_rate": 0.4372858161744833, "epochs": 61.689837679660634, "hidden_channels": 29.474515683676916, "learning_rate": 0.08369261719917234, "optimizer": 1.6904592520659671, "pooling_algorithm": 0.873070632158863}, "datetime": {"datetime": "2023-11-18 22:50:24", "elapsed": 14050.906948, "delta": 7.915171}},
{"target": 0.9160714285714285, "params": {"activation_function": 1.4634422856776814, "amount_of_layers": 3.564661997319904, "batch_size": 48.40093395501835, "dropout_rate": 0.3545884704343062, "epochs": 99.88780377004224, "hidden_channels": 126.59607489648546, "learning_rate": 0.04174439991195791, "optimizer": 0.5968229346296237, "pooling_algorithm": 0.8073379879978043}, "datetime": {"datetime": "2023-11-18 22:50:34", "elapsed": 14061.355454, "delta": 10.448506}},
{"target": 0.7339285714285715, "params": {"activation_function": 0.9952131760896143, "amount_of_layers": 6.59493178011646, "batch_size": 83.19430644342233, "dropout_rate": 0.41498275440649307, "epochs": 122.17355999154621, "hidden_channels": 63.54017940679189, "learning_rate": 0.03861800444871123, "optimizer": 1.4269634877470228, "pooling_algorithm": 0.3227451505207348}, "datetime": {"datetime": "2023-11-18 22:50:43", "elapsed": 14070.174245, "delta": 8.818791}},
{"target": 0.8892857142857142, "params": {"activation_function": 0.12235510320646603, "amount_of_layers": 4.4830555922567195, "batch_size": 93.39131821449516, "dropout_rate": 0.6732273684212551, "epochs": 182.66183720792708, "hidden_channels": 79.76835575947355, "learning_rate": 0.043833699641366485, "optimizer": 0.37422692225852616, "pooling_algorithm": 0.9108923608971591}, "datetime": {"datetime": "2023-11-18 22:50:53", "elapsed": 14080.361068, "delta": 10.186823}},
{"target": 0.9035714285714286, "params": {"activation_function": 0.10633548590304254, "amount_of_layers": 4.03349909640631, "batch_size": 29.92689970479192, "dropout_rate": 0.5680233630930754, "epochs": 36.39133129105888, "hidden_channels": 115.56413636809235, "learning_rate": 0.08201430899535248, "optimizer": 1.508928141062736, "pooling_algorithm": 0.7880860458825357}, "datetime": {"datetime": "2023-11-18 22:51:00", "elapsed": 14087.677367, "delta": 7.316299}},
{"target": 0.9089285714285714, "params": {"activation_function": 0.7499526143724375, "amount_of_layers": 8.261620742051676, "batch_size": 98.95363594980137, "dropout_rate": 0.5481761773763296, "epochs": 89.73071870468942, "hidden_channels": 69.00443640884099, "learning_rate": 0.06307701905430292, "optimizer": 1.112416826398135, "pooling_algorithm": 0.9504788183480863}, "datetime": {"datetime": "2023-11-18 22:51:26", "elapsed": 14113.307273, "delta": 25.629906}},
{"target": 0.8357142857142857, "params": {"activation_function": 1.921941822243212, "amount_of_layers": 4.204935735723098, "batch_size": 131.06469457672125, "dropout_rate": 0.3273312282475052, "epochs": 53.29175813607602, "hidden_channels": 44.316401368742895, "learning_rate": 0.04943872330799286, "optimizer": 0.5680998866997455, "pooling_algorithm": 0.24541190946967162}, "datetime": {"datetime": "2023-11-18 22:51:33", "elapsed": 14120.258003, "delta": 6.95073}},
{"target": 0.775, "params": {"activation_function": 0.7207206818492027, "amount_of_layers": 3.5238405073814807, "batch_size": 79.0233582329711, "dropout_rate": 0.31306929489662744, "epochs": 46.73423566570414, "hidden_channels": 40.82757836625212, "learning_rate": 0.023265842958559938, "optimizer": 1.1490549402387726, "pooling_algorithm": 0.06750162863780129}, "datetime": {"datetime": "2023-11-18 22:51:39", "elapsed": 14126.442546, "delta": 6.184543}},
{"target": 0.9035714285714286, "params": {"activation_function": 0.40004456038876945, "amount_of_layers": 5.938570602717207, "batch_size": 20.060413265780006, "dropout_rate": 0.3942539357133962, "epochs": 47.198506375824834, "hidden_channels": 91.54667891327921, "learning_rate": 0.027560914181812484, "optimizer": 0.5012579598670801, "pooling_algorithm": 0.9867043290960964}, "datetime": {"datetime": "2023-11-18 22:51:48", "elapsed": 14135.126711, "delta": 8.684165}},
{"target": 0.9107142857142857, "params": {"activation_function": 1.3576285097261938, "amount_of_layers": 2.9613106193478007, "batch_size": 80.93094563559097, "dropout_rate": 0.6972459075008071, "epochs": 182.91256186208057, "hidden_channels": 117.8969811401788, "learning_rate": 0.05734456169756455, "optimizer": 0.35098894426298655, "pooling_algorithm": 0.8743383777907852}, "datetime": {"datetime": "2023-11-18 22:52:00", "elapsed": 14147.475496, "delta": 12.348785}},
{"target": 0.9071428571428571, "params": {"activation_function": 0.7667827658758677, "amount_of_layers": 3.3236651022195396, "batch_size": 59.31152137151203, "dropout_rate": 0.6079181510873903, "epochs": 73.00313236251122, "hidden_channels": 103.133843068937, "learning_rate": 0.052330023312060145, "optimizer": 0.7318625484265395, "pooling_algorithm": 0.7953880071644681}, "datetime": {"datetime": "2023-11-18 22:52:08", "elapsed": 14155.101341, "delta": 7.625845}},
{"target": 0.7, "params": {"activation_function": 0.46363797643727644, "amount_of_layers": 3.1495937441335284, "batch_size": 31.809187660453667, "dropout_rate": 0.5576832434263282, "epochs": 184.65088367436633, "hidden_channels": 49.26282512563452, "learning_rate": 0.0971433019977195, "optimizer": 1.8206256332104476, "pooling_algorithm": 0.2948046071520817}, "datetime": {"datetime": "2023-11-18 22:52:19", "elapsed": 14166.493426, "delta": 11.392085}},
{"target": 0.0, "params": {"activation_function": 1.5107658558337318, "amount_of_layers": 4.658745749949551, "batch_size": 80.73314426961277, "dropout_rate": 0.5427867318669362, "epochs": 73.69694407793571, "hidden_channels": 16.860269180380314, "learning_rate": 0.07991622809985484, "optimizer": 0.07566413763114621, "pooling_algorithm": 0.9956232926470185}, "datetime": {"datetime": "2023-11-18 22:52:26", "elapsed": 14173.821009, "delta": 7.327583}},
{"target": 0.8, "params": {"activation_function": 1.8450121113588507, "amount_of_layers": 2.943036313474763, "batch_size": 76.8013991070673, "dropout_rate": 0.47419597029134697, "epochs": 43.9570474106879, "hidden_channels": 35.46855928358404, "learning_rate": 0.0912365430475119, "optimizer": 0.32139826492343304, "pooling_algorithm": 0.07842141920397072}, "datetime": {"datetime": "2023-11-18 22:52:32", "elapsed": 14179.40015, "delta": 5.579141}},
{"target": 0.9214285714285714, "params": {"activation_function": 0.21533588614774146, "amount_of_layers": 6.328336905890493, "batch_size": 63.49238901907617, "dropout_rate": 0.266283692643587, "epochs": 36.50172165066515, "hidden_channels": 81.22852556351604, "learning_rate": 0.061644102315054745, "optimizer": 0.39929818827677854, "pooling_algorithm": 0.9545523377300753}, "datetime": {"datetime": "2023-11-18 22:52:41", "elapsed": 14188.633533, "delta": 9.233383}},
{"target": 0.9017857142857143, "params": {"activation_function": 0.3726612156316369, "amount_of_layers": 7.218937196463364, "batch_size": 23.735714410359375, "dropout_rate": 0.271919904095465, "epochs": 186.93323192651786, "hidden_channels": 13.164828979398525, "learning_rate": 0.02877820378831107, "optimizer": 0.8842306456079234, "pooling_algorithm": 0.9108006861804862}, "datetime": {"datetime": "2023-11-18 22:53:15", "elapsed": 14222.800065, "delta": 34.166532}},
{"target": 0.8964285714285715, "params": {"activation_function": 1.5403888705645647, "amount_of_layers": 5.189189198274325, "batch_size": 76.93516082098665, "dropout_rate": 0.5806706682300293, "epochs": 193.5560582128996, "hidden_channels": 51.35630791339159, "learning_rate": 0.020356651921968446, "optimizer": 1.54614888288809, "pooling_algorithm": 0.5532868865556566}, "datetime": {"datetime": "2023-11-18 22:53:59", "elapsed": 14266.723279, "delta": 43.923214}},
{"target": 0.8964285714285715, "params": {"activation_function": 0.9872933672927993, "amount_of_layers": 5.842560486079725, "batch_size": 66.70141034977156, "dropout_rate": 0.42960256005643743, "epochs": 41.32051709586409, "hidden_channels": 97.60112008232365, "learning_rate": 0.06027417931414768, "optimizer": 0.8016983537807918, "pooling_algorithm": 0.6348023823709582}, "datetime": {"datetime": "2023-11-18 22:54:19", "elapsed": 14286.055722, "delta": 19.332443}},
{"target": 0.8892857142857143, "params": {"activation_function": 0.4498736066216078, "amount_of_layers": 4.45704185744146, "batch_size": 56.67316850294877, "dropout_rate": 0.7384180712671057, "epochs": 21.948171127322887, "hidden_channels": 53.06134911057686, "learning_rate": 0.02162694023023106, "optimizer": 1.2454575311439227, "pooling_algorithm": 0.7347325428958028}, "datetime": {"datetime": "2023-11-18 22:54:37", "elapsed": 14304.519795, "delta": 18.464073}},
{"target": 0.7428571428571429, "params": {"activation_function": 1.0862309843714872, "amount_of_layers": 6.548420090023842, "batch_size": 90.96334465187678, "dropout_rate": 0.3464912027658717, "epochs": 87.8184043960629, "hidden_channels": 66.17624632563249, "learning_rate": 0.0567099588626783, "optimizer": 0.48282846093444953, "pooling_algorithm": 0.43687910888008585}, "datetime": {"datetime": "2023-11-18 22:55:03", "elapsed": 14329.993837, "delta": 25.474042}},
{"target": 0.9, "params": {"activation_function": 0.11425010896417742, "amount_of_layers": 7.561627154306195, "batch_size": 33.356268956251256, "dropout_rate": 0.31356960344517953, "epochs": 54.218760716248674, "hidden_channels": 109.26307963344672, "learning_rate": 0.016143213974741295, "optimizer": 0.3550002706663413, "pooling_algorithm": 0.7437505830797163}, "datetime": {"datetime": "2023-11-18 22:55:11", "elapsed": 14338.710816, "delta": 8.716979}},
{"target": 0.2625, "params": {"activation_function": 1.4888624557490713, "amount_of_layers": 4.795233734926606, "batch_size": 123.9377277729664, "dropout_rate": 0.2617581100467465, "epochs": 107.15118607499474, "hidden_channels": 69.84946275490957, "learning_rate": 0.054399578672177255, "optimizer": 1.9140706991187328, "pooling_algorithm": 0.11303667395405426}, "datetime": {"datetime": "2023-11-18 22:55:21", "elapsed": 14347.958051, "delta": 9.247235}},
{"target": 0.9125, "params": {"activation_function": 0.5989515030180668, "amount_of_layers": 2.385131374340533, "batch_size": 24.44087554875735, "dropout_rate": 0.5369846157005411, "epochs": 178.99869052852537, "hidden_channels": 31.7146530526197, "learning_rate": 0.080234706400722, "optimizer": 0.8723158802436035, "pooling_algorithm": 0.8212916755668338}, "datetime": {"datetime": "2023-11-18 22:55:49", "elapsed": 14376.286098, "delta": 28.328047}},
{"target": 0.8035714285714286, "params": {"activation_function": 1.6707921245626334, "amount_of_layers": 5.334711961799244, "batch_size": 71.6845935533172, "dropout_rate": 0.25435683870658216, "epochs": 26.474385769687572, "hidden_channels": 93.41825581784283, "learning_rate": 0.07051738665323709, "optimizer": 0.33056379765688004, "pooling_algorithm": 0.04074881925403162}, "datetime": {"datetime": "2023-11-18 22:55:55", "elapsed": 14382.37587, "delta": 6.089772}},
{"target": 0.46785714285714286, "params": {"activation_function": 1.5134967170673042, "amount_of_layers": 2.365024018158282, "batch_size": 68.19502145561216, "dropout_rate": 0.40680692593526757, "epochs": 193.95303388139695, "hidden_channels": 30.055613233384257, "learning_rate": 0.05829765772663108, "optimizer": 0.9932994095058978, "pooling_algorithm": 0.9248503087546801}, "datetime": {"datetime": "2023-11-18 22:56:20", "elapsed": 14406.909702, "delta": 24.533832}},
{"target": 0.0, "params": {"activation_function": 1.9929873850032822, "amount_of_layers": 7.9527188941634845, "batch_size": 145.5233586142335, "dropout_rate": 0.30497438676183836, "epochs": 174.08479806722934, "hidden_channels": 103.38220212854581, "learning_rate": 0.0350840596622631, "optimizer": 0.8940412124223489, "pooling_algorithm": 0.5744246597013511}, "datetime": {"datetime": "2023-11-18 22:56:42", "elapsed": 14428.977925, "delta": 22.068223}},
{"target": 0.9107142857142858, "params": {"activation_function": 1.048673394345702, "amount_of_layers": 4.475549421187526, "batch_size": 81.56135543624575, "dropout_rate": 0.6944067948153367, "epochs": 162.49468244581414, "hidden_channels": 89.6241607502655, "learning_rate": 0.0704032745060521, "optimizer": 0.6676702520999989, "pooling_algorithm": 0.9830269210971643}, "datetime": {"datetime": "2023-11-18 22:56:52", "elapsed": 14439.149015, "delta": 10.17109}},
{"target": 0.7392857142857143, "params": {"activation_function": 1.2780244766276723, "amount_of_layers": 6.412863684647483, "batch_size": 77.67504220548958, "dropout_rate": 0.619659507545121, "epochs": 112.36856038655614, "hidden_channels": 84.68525322216782, "learning_rate": 0.07054215885992227, "optimizer": 0.4531498736472017, "pooling_algorithm": 0.4631105975222939}, "datetime": {"datetime": "2023-11-18 22:57:01", "elapsed": 14448.13309, "delta": 8.984075}},
{"target": 0.8553571428571429, "params": {"activation_function": 1.705525539567958, "amount_of_layers": 1.3173567062536824, "batch_size": 146.12771306511274, "dropout_rate": 0.7211323310826487, "epochs": 128.34593512494558, "hidden_channels": 30.069043954468526, "learning_rate": 0.035451287181057854, "optimizer": 0.850814310024224, "pooling_algorithm": 0.9694226189869645}, "datetime": {"datetime": "2023-11-18 22:57:08", "elapsed": 14455.1209, "delta": 6.98781}},
{"target": 0.9089285714285714, "params": {"activation_function": 0.09543020493843457, "amount_of_layers": 6.354541055538147, "batch_size": 118.30756822150687, "dropout_rate": 0.4282673949078603, "epochs": 63.86100203209972, "hidden_channels": 36.053493770989974, "learning_rate": 0.026232669170024273, "optimizer": 1.0356365040094562, "pooling_algorithm": 0.923766864940302}, "datetime": {"datetime": "2023-11-18 22:57:15", "elapsed": 14461.959878, "delta": 6.838978}},
