{"target": 0.26785714285714285, "params": {"activation_function": 1.2898167607262887, "amount_of_layers": 7.208645967457127, "batch_size": 110.18421638096399, "dropout_rate": 0.5714257557811923, "epochs": 91.89166127586675, "hidden_channels": 105.35175735129086, "learning_rate": 0.08426029477499021, "optimizer": 0.20803580558474755, "pooling_algorithm": 0.48007246670751946}, "datetime": {"datetime": "2023-11-18 22:57:25", "elapsed": 14472.023301, "delta": 10.063423}},
{"target": 0.0, "params": {"activation_function": 1.5048050815550413, "amount_of_layers": 6.354567341564247, "batch_size": 39.77820997598555, "dropout_rate": 0.25117630507553906, "epochs": 164.25884621819677, "hidden_channels": 50.13661945500193, "learning_rate": 0.06894252774346063, "optimizer": 0.6559201314223828, "pooling_algorithm": 0.725814832679631}, "datetime": {"datetime": "2023-11-18 22:57:38", "elapsed": 14485.142409, "delta": 13.119108}},
{"target": 0.7392857142857143, "params": {"activation_function": 1.6606764333956272, "amount_of_layers": 6.12992726308674, "batch_size": 100.52655316720642, "dropout_rate": 0.4990019848506849, "epochs": 89.57311434749758, "hidden_channels": 43.49467838523124, "learning_rate": 0.08651244251316412, "optimizer": 1.0619801085997072, "pooling_algorithm": 0.23213429197995716}, "datetime": {"datetime": "2023-11-18 22:57:46", "elapsed": 14493.728361, "delta": 8.585952}},
{"target": 0.8160714285714286, "params": {"activation_function": 0.23993755738519562, "amount_of_layers": 3.0718126024171717, "batch_size": 67.35751978552227, "dropout_rate": 0.40469711142378906, "epochs": 133.926704910936, "hidden_channels": 5.456001975056933, "learning_rate": 0.038686041360447156, "optimizer": 1.215395117517071, "pooling_algorithm": 0.2839231661945709}, "datetime": {"datetime": "2023-11-18 22:57:55", "elapsed": 14502.319044, "delta": 8.590683}},
{"target": 0.9107142857142857, "params": {"activation_function": 0.17420252034040762, "amount_of_layers": 5.961176710226141, "batch_size": 83.90821119544519, "dropout_rate": 0.6918928730174128, "epochs": 32.45337792084055, "hidden_channels": 105.59862415810859, "learning_rate": 0.09380641357992721, "optimizer": 0.46391031737027677, "pooling_algorithm": 0.6012174784894736}, "datetime": {"datetime": "2023-11-18 22:58:01", "elapsed": 14508.213486, "delta": 5.894442}},
{"target": 0.9142857142857144, "params": {"activation_function": 0.7023459133885446, "amount_of_layers": 2.556177168900909, "batch_size": 67.35785675411451, "dropout_rate": 0.5086892876240101, "epochs": 185.70241120527285, "hidden_channels": 30.999839082334, "learning_rate": 0.0647828994447578, "optimizer": 0.4526205900374425, "pooling_algorithm": 0.9302685284604106}, "datetime": {"datetime": "2023-11-18 22:58:26", "elapsed": 14533.087695, "delta": 24.874209}},
{"target": 0.32857142857142857, "params": {"activation_function": 0.02502018755335511, "amount_of_layers": 3.430251461458073, "batch_size": 23.239606987284283, "dropout_rate": 0.42771649484608476, "epochs": 58.17200540948557, "hidden_channels": 64.93450273266123, "learning_rate": 0.07068010638114869, "optimizer": 1.5019348614683574, "pooling_algorithm": 0.08495232217861115}, "datetime": {"datetime": "2023-11-18 22:58:34", "elapsed": 14540.917328, "delta": 7.829633}},
{"target": 0.8214285714285714, "params": {"activation_function": 0.4405947336466056, "amount_of_layers": 1.558517468672349, "batch_size": 146.2041593583514, "dropout_rate": 0.3741254845136942, "epochs": 170.74900688976246, "hidden_channels": 114.8944140997584, "learning_rate": 0.027313922754776804, "optimizer": 0.25776293546428186, "pooling_algorithm": 0.4208835728476654}, "datetime": {"datetime": "2023-11-18 22:58:45", "elapsed": 14552.226791, "delta": 11.309463}},
{"target": 0.0, "params": {"activation_function": 0.5358797587838802, "amount_of_layers": 6.555875449801016, "batch_size": 115.25379300326354, "dropout_rate": 0.2909695742585742, "epochs": 88.55630198142677, "hidden_channels": 88.01553583086962, "learning_rate": 0.08976353416696854, "optimizer": 0.2734673970749042, "pooling_algorithm": 0.9900361439212869}, "datetime": {"datetime": "2023-11-18 22:58:56", "elapsed": 14563.285037, "delta": 11.058246}},
{"target": 0.8892857142857142, "params": {"activation_function": 0.22225759682538904, "amount_of_layers": 4.87136300048669, "batch_size": 134.92647570808168, "dropout_rate": 0.3401398517056497, "epochs": 106.5670979141067, "hidden_channels": 111.33943112966463, "learning_rate": 0.00796191463474066, "optimizer": 1.2241302096645508, "pooling_algorithm": 0.5871403409531788}, "datetime": {"datetime": "2023-11-18 22:59:06", "elapsed": 14573.773624, "delta": 10.488587}},
{"target": 0.9, "params": {"activation_function": 1.7238082276219104, "amount_of_layers": 8.47867391760083, "batch_size": 127.26208971802163, "dropout_rate": 0.2964466737227886, "epochs": 47.409540309479794, "hidden_channels": 32.259037803808816, "learning_rate": 0.03805006739541361, "optimizer": 1.15006921176345, "pooling_algorithm": 0.6612036982282138}, "datetime": {"datetime": "2023-11-18 22:59:25", "elapsed": 14592.093106, "delta": 18.319482}},
{"target": 0.9142857142857143, "params": {"activation_function": 0.9289687811731224, "amount_of_layers": 4.153930811223376, "batch_size": 70.48178485394665, "dropout_rate": 0.27276660194762437, "epochs": 137.8768245480324, "hidden_channels": 39.17952329493692, "learning_rate": 0.045169580047329724, "optimizer": 0.8044951511376073, "pooling_algorithm": 0.8238152146832713}, "datetime": {"datetime": "2023-11-18 22:59:34", "elapsed": 14601.183526, "delta": 9.09042}},
{"target": 0.7535714285714286, "params": {"activation_function": 1.0365709558880207, "amount_of_layers": 3.9397459899907386, "batch_size": 128.07789258054083, "dropout_rate": 0.5913089452238307, "epochs": 132.97617025013597, "hidden_channels": 78.90036798262325, "learning_rate": 0.0032256632468085195, "optimizer": 1.9452490076754327, "pooling_algorithm": 0.36191077945850325}, "datetime": {"datetime": "2023-11-18 22:59:43", "elapsed": 14610.79218, "delta": 9.608654}},
{"target": 0.2571428571428571, "params": {"activation_function": 1.0731065410327918, "amount_of_layers": 7.346771726635833, "batch_size": 127.69247706599869, "dropout_rate": 0.5676514736251057, "epochs": 46.39622722483414, "hidden_channels": 32.84092450937061, "learning_rate": 0.06892282676324016, "optimizer": 0.13351508886758578, "pooling_algorithm": 0.46991030974656}, "datetime": {"datetime": "2023-11-18 23:00:09", "elapsed": 14636.249913, "delta": 25.457733}},
{"target": 0.9, "params": {"activation_function": 1.5457822842188096, "amount_of_layers": 6.8006632238854445, "batch_size": 36.55073150364906, "dropout_rate": 0.4201133567066231, "epochs": 11.730355516126316, "hidden_channels": 124.98794445512239, "learning_rate": 0.08018965636265618, "optimizer": 0.9957302204179088, "pooling_algorithm": 0.8567525497263686}, "datetime": {"datetime": "2023-11-18 23:00:17", "elapsed": 14644.039477, "delta": 7.789564}},
{"target": 0.9035714285714286, "params": {"activation_function": 1.1799642731196818, "amount_of_layers": 2.26445839482383, "batch_size": 40.41823549776448, "dropout_rate": 0.38651119406707635, "epochs": 27.54889097594017, "hidden_channels": 93.74374685859799, "learning_rate": 0.04783645456634464, "optimizer": 0.3275956520469372, "pooling_algorithm": 0.5451331153478682}, "datetime": {"datetime": "2023-11-18 23:00:23", "elapsed": 14650.725944, "delta": 6.686467}},
{"target": 0.7089285714285715, "params": {"activation_function": 1.117528704071692, "amount_of_layers": 1.969102893872794, "batch_size": 34.56968455875812, "dropout_rate": 0.701172905017754, "epochs": 146.01702027548154, "hidden_channels": 18.856949887035114, "learning_rate": 0.0522631397517615, "optimizer": 0.2512475157926044, "pooling_algorithm": 0.47152899897881606}, "datetime": {"datetime": "2023-11-18 23:00:32", "elapsed": 14659.747267, "delta": 9.021323}},
{"target": 0.9107142857142857, "params": {"activation_function": 0.33250336609866116, "amount_of_layers": 2.607706909110971, "batch_size": 17.63031451213133, "dropout_rate": 0.4028877930676422, "epochs": 15.088304817420962, "hidden_channels": 89.0049019757155, "learning_rate": 0.041066075878336765, "optimizer": 0.41981727317814244, "pooling_algorithm": 0.6452117967845448}, "datetime": {"datetime": "2023-11-18 23:00:39", "elapsed": 14666.417815, "delta": 6.670548}},
{"target": 0.8035714285714286, "params": {"activation_function": 1.5977457726052113, "amount_of_layers": 1.6025057255215014, "batch_size": 21.758770784820037, "dropout_rate": 0.4066906669701132, "epochs": 33.84687667417796, "hidden_channels": 12.925787704387805, "learning_rate": 0.08383240755844412, "optimizer": 0.4658684334812373, "pooling_algorithm": 0.32480555552339774}, "datetime": {"datetime": "2023-11-18 23:01:03", "elapsed": 14690.779213, "delta": 24.361398}},
{"target": 0.26607142857142857, "params": {"activation_function": 1.4617533963798752, "amount_of_layers": 8.007752429203675, "batch_size": 66.97861581066138, "dropout_rate": 0.6866590546907143, "epochs": 185.01196191815941, "hidden_channels": 37.54363389226328, "learning_rate": 0.027110242603228397, "optimizer": 1.006564911218747, "pooling_algorithm": 0.1753758378246466}, "datetime": {"datetime": "2023-11-18 23:01:33", "elapsed": 14720.220102, "delta": 29.440889}},
{"target": 0.8035714285714286, "params": {"activation_function": 0.2941250470173595, "amount_of_layers": 2.387577505551882, "batch_size": 144.5975727577649, "dropout_rate": 0.5561078470622238, "epochs": 132.0087879543475, "hidden_channels": 102.25882139136228, "learning_rate": 0.06499116771080748, "optimizer": 1.5530386866194523, "pooling_algorithm": 0.8297030859856921}, "datetime": {"datetime": "2023-11-18 23:01:58", "elapsed": 14745.382672, "delta": 25.16257}},
{"target": 0.9053571428571429, "params": {"activation_function": 0.21859438181499868, "amount_of_layers": 7.55884609782934, "batch_size": 137.73315796626997, "dropout_rate": 0.453350245344004, "epochs": 33.02584143691806, "hidden_channels": 76.55411615718442, "learning_rate": 0.05721990643462156, "optimizer": 1.2371454406261826, "pooling_algorithm": 0.5204885628558111}, "datetime": {"datetime": "2023-11-18 23:02:05", "elapsed": 14752.714131, "delta": 7.331459}},
{"target": 0.7375, "params": {"activation_function": 1.2739934374004263, "amount_of_layers": 2.338192530470308, "batch_size": 41.58090182894119, "dropout_rate": 0.47339660617656204, "epochs": 77.75841265415303, "hidden_channels": 74.56546732824789, "learning_rate": 0.0962272314796718, "optimizer": 0.9169714780060667, "pooling_algorithm": 0.11335650267797504}, "datetime": {"datetime": "2023-11-18 23:02:28", "elapsed": 14775.239645, "delta": 22.525514}},
{"target": 0.9035714285714286, "params": {"activation_function": 1.2645553113204109, "amount_of_layers": 3.324351644083136, "batch_size": 48.75210210502453, "dropout_rate": 0.7336936683454638, "epochs": 123.63139794275612, "hidden_channels": 54.134263123594465, "learning_rate": 0.013087842739099149, "optimizer": 0.32350742007459066, "pooling_algorithm": 0.7841106340004577}, "datetime": {"datetime": "2023-11-18 23:02:36", "elapsed": 14783.827588, "delta": 8.587943}},
{"target": 0.26607142857142857, "params": {"activation_function": 1.7112903724466944, "amount_of_layers": 7.155335079366953, "batch_size": 28.716511002410293, "dropout_rate": 0.27963575588508677, "epochs": 143.75797655409767, "hidden_channels": 20.879763459808537, "learning_rate": 0.038250834483800136, "optimizer": 1.050739148952228, "pooling_algorithm": 0.4496107282347679}, "datetime": {"datetime": "2023-11-18 23:03:08", "elapsed": 14815.252234, "delta": 31.424646}},
{"target": 0.0, "params": {"activation_function": 0.07683600798535672, "amount_of_layers": 6.4194122643259, "batch_size": 131.47680049368665, "dropout_rate": 0.47026266938062805, "epochs": 165.1345003897951, "hidden_channels": 76.1036552916856, "learning_rate": 0.029514699771298527, "optimizer": 1.5195983393101058, "pooling_algorithm": 0.9352503842651251}, "datetime": {"datetime": "2023-11-18 23:03:40", "elapsed": 14847.094458, "delta": 31.842224}},
{"target": 0.0, "params": {"activation_function": 0.4187220796764528, "amount_of_layers": 8.691539250510115, "batch_size": 67.08250986409386, "dropout_rate": 0.3558851399209839, "epochs": 175.02571514378852, "hidden_channels": 37.139346635989, "learning_rate": 0.049508702812883436, "optimizer": 1.9664201417383045, "pooling_algorithm": 0.835929108237016}, "datetime": {"datetime": "2023-11-18 23:03:53", "elapsed": 14860.541133, "delta": 13.446675}},
{"target": 0.7107142857142857, "params": {"activation_function": 0.5257932116867932, "amount_of_layers": 2.676559492242882, "batch_size": 101.0906273294319, "dropout_rate": 0.6515738679438523, "epochs": 147.73517343478298, "hidden_channels": 15.984431585992608, "learning_rate": 0.003431176303123863, "optimizer": 0.4845458373198468, "pooling_algorithm": 0.2760424808330513}, "datetime": {"datetime": "2023-11-18 23:04:02", "elapsed": 14869.406071, "delta": 8.864938}},
{"target": 0.2571428571428572, "params": {"activation_function": 1.3625687114360023, "amount_of_layers": 5.083217287540875, "batch_size": 72.05169876751256, "dropout_rate": 0.49890852177622724, "epochs": 95.77022925795215, "hidden_channels": 77.23290322780487, "learning_rate": 0.02440829201234257, "optimizer": 0.07291473733955889, "pooling_algorithm": 0.33748216754203275}, "datetime": {"datetime": "2023-11-18 23:04:11", "elapsed": 14878.59701, "delta": 9.190939}},
{"target": 0.8089285714285714, "params": {"activation_function": 0.024666417072462865, "amount_of_layers": 1.0243395823273458, "batch_size": 92.50408096294115, "dropout_rate": 0.4460002354623198, "epochs": 157.00023003839638, "hidden_channels": 85.69406321675531, "learning_rate": 0.05861155181901557, "optimizer": 0.1962022985178269, "pooling_algorithm": 0.3791523387767156}, "datetime": {"datetime": "2023-11-18 23:04:19", "elapsed": 14886.201732, "delta": 7.604722}},
{"target": 0.26607142857142857, "params": {"activation_function": 0.5534634158773621, "amount_of_layers": 3.884900732665905, "batch_size": 89.48732149787729, "dropout_rate": 0.54020082012691, "epochs": 87.87067116180198, "hidden_channels": 67.52370686284442, "learning_rate": 0.02851475360207043, "optimizer": 0.9457194984761135, "pooling_algorithm": 0.2963667082786765}, "datetime": {"datetime": "2023-11-18 23:04:45", "elapsed": 14912.403435, "delta": 26.201703}},
{"target": 0.9142857142857143, "params": {"activation_function": 1.2815167296332262, "amount_of_layers": 4.777282056884716, "batch_size": 17.645472474113188, "dropout_rate": 0.47954955877722333, "epochs": 193.0003134266474, "hidden_channels": 10.076995739156617, "learning_rate": 0.0554239802267258, "optimizer": 1.3614037891328536, "pooling_algorithm": 0.5335712771791487}, "datetime": {"datetime": "2023-11-18 23:05:29", "elapsed": 14955.884132, "delta": 43.480697}},
{"target": 0.8142857142857143, "params": {"activation_function": 0.28829257771664496, "amount_of_layers": 3.3777413562231384, "batch_size": 66.37318761040882, "dropout_rate": 0.495980562982488, "epochs": 182.81415849707574, "hidden_channels": 38.01431894615429, "learning_rate": 0.04595522195271982, "optimizer": 0.30084537927493793, "pooling_algorithm": 0.03948753064481558}, "datetime": {"datetime": "2023-11-18 23:05:59", "elapsed": 14986.152192, "delta": 30.26806}},
{"target": 0.9, "params": {"activation_function": 1.481916796348566, "amount_of_layers": 7.180258643205102, "batch_size": 64.76044856812231, "dropout_rate": 0.42425031593853774, "epochs": 33.60201096981585, "hidden_channels": 55.899239820273614, "learning_rate": 0.0021488054053276627, "optimizer": 1.524523761762988, "pooling_algorithm": 0.6435155335403816}, "datetime": {"datetime": "2023-11-18 23:06:06", "elapsed": 14993.157719, "delta": 7.005527}},
{"target": 0.8392857142857142, "params": {"activation_function": 1.9379498020374555, "amount_of_layers": 3.6700842625273973, "batch_size": 93.95525583209188, "dropout_rate": 0.40476616370350005, "epochs": 175.8221433548903, "hidden_channels": 13.413643611843835, "learning_rate": 0.060658499964744254, "optimizer": 1.183593406691529, "pooling_algorithm": 0.7164195563885971}, "datetime": {"datetime": "2023-11-18 23:06:15", "elapsed": 15002.180083, "delta": 9.022364}},
{"target": 0.9035714285714286, "params": {"activation_function": 1.9176130570109495, "amount_of_layers": 7.744608307476044, "batch_size": 136.33969868547604, "dropout_rate": 0.6169492371025944, "epochs": 13.698438091881547, "hidden_channels": 67.22359911259463, "learning_rate": 0.02437586273999888, "optimizer": 0.5754527304869366, "pooling_algorithm": 0.9850778072691454}, "datetime": {"datetime": "2023-11-18 23:06:21", "elapsed": 15008.807859, "delta": 6.627776}},
{"target": 0.7392857142857143, "params": {"activation_function": 0.5093451611406905, "amount_of_layers": 8.001938572793858, "batch_size": 117.27302734829883, "dropout_rate": 0.46921886233365573, "epochs": 160.64532002207406, "hidden_channels": 61.593231054731575, "learning_rate": 0.09412548011809271, "optimizer": 1.5894089324763585, "pooling_algorithm": 0.3007537412827638}, "datetime": {"datetime": "2023-11-18 23:06:55", "elapsed": 15042.391698, "delta": 33.583839}},
{"target": 0.7339285714285714, "params": {"activation_function": 1.659334399132769, "amount_of_layers": 7.374484443338873, "batch_size": 94.77251243083737, "dropout_rate": 0.4557621952595384, "epochs": 88.84047235063585, "hidden_channels": 69.76907435442762, "learning_rate": 0.006793421936748138, "optimizer": 1.9337104731713672, "pooling_algorithm": 0.30549481701350245}, "datetime": {"datetime": "2023-11-18 23:07:35", "elapsed": 15082.590606, "delta": 40.198908}},
{"target": 0.9071428571428573, "params": {"activation_function": 0.6106889801078981, "amount_of_layers": 6.207873441466199, "batch_size": 117.87280357212798, "dropout_rate": 0.5537099083917411, "epochs": 195.28503846747742, "hidden_channels": 42.17500140516097, "learning_rate": 0.06667344924487507, "optimizer": 1.9644699530296539, "pooling_algorithm": 0.6698334011534427}, "datetime": {"datetime": "2023-11-18 23:07:47", "elapsed": 15093.971393, "delta": 11.380787}},
{"target": 0.7857142857142857, "params": {"activation_function": 0.4181910688217365, "amount_of_layers": 7.697922871984798, "batch_size": 129.98859660721712, "dropout_rate": 0.7270762005118234, "epochs": 106.77710473731827, "hidden_channels": 68.70312306706849, "learning_rate": 0.051714174932891994, "optimizer": 1.384639320842368, "pooling_algorithm": 0.40109194760916056}, "datetime": {"datetime": "2023-11-18 23:07:57", "elapsed": 15104.805904, "delta": 10.834511}},
{"target": 0.2589285714285714, "params": {"activation_function": 1.2800062848899894, "amount_of_layers": 7.836935170634127, "batch_size": 118.28167484944352, "dropout_rate": 0.5039610664414587, "epochs": 31.967284654432788, "hidden_channels": 107.67809981301302, "learning_rate": 0.007561626102558176, "optimizer": 1.7864365305490568, "pooling_algorithm": 0.46047283159809804}, "datetime": {"datetime": "2023-11-18 23:08:06", "elapsed": 15112.959063, "delta": 8.153159}},
{"target": 0.9142857142857143, "params": {"activation_function": 0.5474083635402063, "amount_of_layers": 5.528552419282259, "batch_size": 19.9178564206402, "dropout_rate": 0.4070322181210798, "epochs": 168.21189715242622, "hidden_channels": 86.05737282893364, "learning_rate": 0.0346628143458259, "optimizer": 0.7791017657589867, "pooling_algorithm": 0.9657869216212495}, "datetime": {"datetime": "2023-11-18 23:08:24", "elapsed": 15131.434282, "delta": 18.475219}},
{"target": 0.9142857142857143, "params": {"activation_function": 1.2185197539521293, "amount_of_layers": 6.207152444872687, "batch_size": 124.32703724856945, "dropout_rate": 0.2784413086127546, "epochs": 123.93174787684548, "hidden_channels": 109.95370454614827, "learning_rate": 0.039795561732822705, "optimizer": 0.3347889106314059, "pooling_algorithm": 0.971027968507462}, "datetime": {"datetime": "2023-11-18 23:08:36", "elapsed": 15143.047214, "delta": 11.612932}},
{"target": 0.2714285714285714, "params": {"activation_function": 0.9785724251330781, "amount_of_layers": 8.376652801649747, "batch_size": 55.93732956520948, "dropout_rate": 0.551663434480608, "epochs": 194.9088135889221, "hidden_channels": 78.51516355534031, "learning_rate": 0.03771732828755189, "optimizer": 1.0536801755035712, "pooling_algorithm": 0.4453640851502031}, "datetime": {"datetime": "2023-11-18 23:08:52", "elapsed": 15158.880425, "delta": 15.833211}},
{"target": 0.45, "params": {"activation_function": 0.34272784679604595, "amount_of_layers": 7.178108890008792, "batch_size": 59.11051635921395, "dropout_rate": 0.345151491515293, "epochs": 178.47028724989838, "hidden_channels": 40.592921331183796, "learning_rate": 0.010559257441264382, "optimizer": 1.586172856936067, "pooling_algorithm": 0.09111814011658437}, "datetime": {"datetime": "2023-11-18 23:09:05", "elapsed": 15172.009773, "delta": 13.129348}},
{"target": 0.8178571428571428, "params": {"activation_function": 0.21027357136958824, "amount_of_layers": 5.65354475103941, "batch_size": 101.60777582702354, "dropout_rate": 0.49206508518027137, "epochs": 144.00934209350206, "hidden_channels": 117.07546719669104, "learning_rate": 0.033920396202948636, "optimizer": 0.026491429416750645, "pooling_algorithm": 0.16320314374081257}, "datetime": {"datetime": "2023-11-18 23:09:19", "elapsed": 15186.207657, "delta": 14.197884}},
{"target": 0.9053571428571429, "params": {"activation_function": 0.9197751363250908, "amount_of_layers": 1.9630521374402363, "batch_size": 126.5438092966062, "dropout_rate": 0.28212607763088626, "epochs": 163.46808785563618, "hidden_channels": 70.09837913980469, "learning_rate": 0.0519502539724016, "optimizer": 0.7156485735118558, "pooling_algorithm": 0.7877220594241923}, "datetime": {"datetime": "2023-11-18 23:09:59", "elapsed": 15226.797862, "delta": 40.590205}},
