{"target": 0.8857142857142857, "params": {"activation_function": 0.02294063978437988, "amount_of_layers": 7.649831530811888, "batch_size": 63.12099724917085, "dropout_rate": 0.2668066896807201, "epochs": 181.43531093416155, "hidden_channels": 105.80215270917425, "learning_rate": 0.02086035074026226, "optimizer": 0.4180128136881016, "pooling_algorithm": 0.8126529217141052}, "datetime": {"datetime": "2023-11-18 20:29:37", "elapsed": 5604.775247, "delta": 13.835125}},
{"target": 0.5, "params": {"activation_function": 0.08116198591093093, "amount_of_layers": 6.924711076348372, "batch_size": 98.13491766084837, "dropout_rate": 0.3263227923355706, "epochs": 193.3025342915927, "hidden_channels": 89.63209964548872, "learning_rate": 0.040897864021533455, "optimizer": 0.7641635742705288, "pooling_algorithm": 0.44498837447408834}, "datetime": {"datetime": "2023-11-18 20:29:48", "elapsed": 5615.76195, "delta": 10.986703}},
{"target": 0.09285714285714286, "params": {"activation_function": 0.5832233933721805, "amount_of_layers": 2.5291483355807127, "batch_size": 66.46965965566588, "dropout_rate": 0.4490818004139202, "epochs": 185.32291324524462, "hidden_channels": 35.470759194621245, "learning_rate": 0.001, "optimizer": 1.070472289525994, "pooling_algorithm": 0.7363798296015853}, "datetime": {"datetime": "2023-11-18 20:29:58", "elapsed": 5625.737845, "delta": 9.975895}},
{"target": 0.2553571428571429, "params": {"activation_function": 0.7919014073419453, "amount_of_layers": 5.998067664063156, "batch_size": 65.30342452533733, "dropout_rate": 0.30220523896073814, "epochs": 184.9787677559627, "hidden_channels": 31.971987903766518, "learning_rate": 0.0910386013483342, "optimizer": 1.009195775210222, "pooling_algorithm": 0.16011393289889475}, "datetime": {"datetime": "2023-11-18 20:30:08", "elapsed": 5635.53673, "delta": 9.798885}},
{"target": 0.7767857142857143, "params": {"activation_function": 0.11170380887849074, "amount_of_layers": 7.851549137638139, "batch_size": 65.71307564233513, "dropout_rate": 0.3527756363478165, "epochs": 65.93309778647696, "hidden_channels": 68.57090419398268, "learning_rate": 0.04146168098032621, "optimizer": 1.2910359414905404, "pooling_algorithm": 0.33416711414895184}, "datetime": {"datetime": "2023-11-18 20:30:13", "elapsed": 5640.545284, "delta": 5.008554}},
{"target": 0.8607142857142857, "params": {"activation_function": 0.2093090327334015, "amount_of_layers": 3.3610120817722375, "batch_size": 19.99664579898207, "dropout_rate": 0.6809797225777041, "epochs": 57.705968379036655, "hidden_channels": 25.98155867462976, "learning_rate": 0.09510348513057622, "optimizer": 0.2699685309070825, "pooling_algorithm": 0.8556353462919274}, "datetime": {"datetime": "2023-11-18 20:30:17", "elapsed": 5644.618334, "delta": 4.07305}},
{"target": 0.9089285714285714, "params": {"activation_function": 1.9898020352753196, "amount_of_layers": 4.872043859493396, "batch_size": 112.83467902444242, "dropout_rate": 0.27889369891247584, "epochs": 48.65760761980399, "hidden_channels": 123.04691586567452, "learning_rate": 0.026802574458707613, "optimizer": 1.6430502521436785, "pooling_algorithm": 0.9033703215803786}, "datetime": {"datetime": "2023-11-18 20:30:21", "elapsed": 5648.761881, "delta": 4.143547}},
{"target": 0.0, "params": {"activation_function": 1.9262648642197668, "amount_of_layers": 7.023738165290721, "batch_size": 92.59060028386415, "dropout_rate": 0.6880844083683323, "epochs": 95.45611351257772, "hidden_channels": 86.57342256092971, "learning_rate": 0.0402064540880251, "optimizer": 0.13320527760770529, "pooling_algorithm": 0.6829542952634653}, "datetime": {"datetime": "2023-11-18 20:30:28", "elapsed": 5654.998809, "delta": 6.236928}},
{"target": 0.8928571428571429, "params": {"activation_function": 0.12927057773581363, "amount_of_layers": 4.2778024426400565, "batch_size": 92.41660751408499, "dropout_rate": 0.38175238941003686, "epochs": 87.75783200572982, "hidden_channels": 66.5279581254317, "learning_rate": 0.010798992896781975, "optimizer": 0.28773262869823024, "pooling_algorithm": 0.6518960902489358}, "datetime": {"datetime": "2023-11-18 20:30:33", "elapsed": 5660.302803, "delta": 5.303994}},
{"target": 0.8428571428571429, "params": {"activation_function": 0.33155174106998864, "amount_of_layers": 4.749909194935737, "batch_size": 92.967860789707, "dropout_rate": 0.6684114126938168, "epochs": 87.45360026716698, "hidden_channels": 72.35272858175419, "learning_rate": 0.039708661540811735, "optimizer": 0.4911754771297805, "pooling_algorithm": 0.4677185045943232}, "datetime": {"datetime": "2023-11-18 20:30:39", "elapsed": 5666.041715, "delta": 5.738912}},
{"target": 0.8285714285714285, "params": {"activation_function": 1.6234929915930891, "amount_of_layers": 7.9681751144797195, "batch_size": 96.40325538451238, "dropout_rate": 0.6227841476089311, "epochs": 87.3745231748135, "hidden_channels": 72.09326549483167, "learning_rate": 0.005796261667712024, "optimizer": 1.2590888327011422, "pooling_algorithm": 0.13423574648090242}, "datetime": {"datetime": "2023-11-18 20:30:47", "elapsed": 5673.889541, "delta": 7.847826}},
{"target": 0.32142857142857145, "params": {"activation_function": 0.2595883228015281, "amount_of_layers": 7.525398708698466, "batch_size": 17.375118291250793, "dropout_rate": 0.33542003414752114, "epochs": 122.54680413938762, "hidden_channels": 56.57237005887564, "learning_rate": 0.036575442897474136, "optimizer": 1.3519285755193553, "pooling_algorithm": 0.08664294982396548}, "datetime": {"datetime": "2023-11-18 20:30:59", "elapsed": 5686.446077, "delta": 12.556536}},
{"target": 0.4910714285714286, "params": {"activation_function": 1.1118927650041224, "amount_of_layers": 1.718703265750067, "batch_size": 119.53782160288691, "dropout_rate": 0.4243221886569882, "epochs": 136.13337750899214, "hidden_channels": 56.034497176213826, "learning_rate": 0.08277222972204727, "optimizer": 0.899123518557863, "pooling_algorithm": 0.08557938739968307}, "datetime": {"datetime": "2023-11-18 20:31:04", "elapsed": 5690.993094, "delta": 4.547017}},
{"target": 0.9035714285714286, "params": {"activation_function": 0.9791072036698694, "amount_of_layers": 5.763241701921674, "batch_size": 133.06810047243778, "dropout_rate": 0.2588990348747632, "epochs": 161.58775747587092, "hidden_channels": 76.6733505820694, "learning_rate": 0.09350693037998596, "optimizer": 1.3519664549506714, "pooling_algorithm": 0.9321531525884345}, "datetime": {"datetime": "2023-11-18 20:31:15", "elapsed": 5702.246857, "delta": 11.253763}},
{"target": 0.5285714285714286, "params": {"activation_function": 1.163316077596866, "amount_of_layers": 2.011165532209226, "batch_size": 141.5243850467519, "dropout_rate": 0.4955698433946051, "epochs": 114.50669471582911, "hidden_channels": 126.37262706399062, "learning_rate": 0.015549295771229026, "optimizer": 0.9852085031057518, "pooling_algorithm": 0.0713954725888114}, "datetime": {"datetime": "2023-11-18 20:31:20", "elapsed": 5707.552361, "delta": 5.305504}},
{"target": 0.9142857142857143, "params": {"activation_function": 0.5202952332186357, "amount_of_layers": 4.751723329295137, "batch_size": 65.88621719687202, "dropout_rate": 0.33592645647439695, "epochs": 184.18003924694383, "hidden_channels": 36.727785431643085, "learning_rate": 0.05047111976228963, "optimizer": 1.2114156685060053, "pooling_algorithm": 0.5113696907729969}, "datetime": {"datetime": "2023-11-18 20:31:29", "elapsed": 5716.448197, "delta": 8.895836}},
{"target": 0.8964285714285714, "params": {"activation_function": 1.6761071601785185, "amount_of_layers": 4.331661601229665, "batch_size": 36.117346859718666, "dropout_rate": 0.4257628884946982, "epochs": 122.39711814828657, "hidden_channels": 57.57290953615512, "learning_rate": 0.03771509174746015, "optimizer": 1.845117248410929, "pooling_algorithm": 0.8233206526671857}, "datetime": {"datetime": "2023-11-18 20:31:36", "elapsed": 5723.638289, "delta": 7.190092}},
{"target": 0.7428571428571429, "params": {"activation_function": 0.7875149053431238, "amount_of_layers": 5.042925605921193, "batch_size": 94.01631368035099, "dropout_rate": 0.5326454182607021, "epochs": 88.03127117710181, "hidden_channels": 69.32219433318001, "learning_rate": 0.04496183161644405, "optimizer": 0.16141768361341313, "pooling_algorithm": 0.2466113820981669}, "datetime": {"datetime": "2023-11-18 20:31:42", "elapsed": 5729.592477, "delta": 5.954188}},
{"target": 0.2571428571428572, "params": {"activation_function": 1.9338696766875396, "amount_of_layers": 5.787968874821161, "batch_size": 113.79711344745134, "dropout_rate": 0.5551532268738884, "epochs": 110.85137648023634, "hidden_channels": 68.9269601109824, "learning_rate": 0.03126247093850694, "optimizer": 0.9334082659640066, "pooling_algorithm": 0.12845516539243962}, "datetime": {"datetime": "2023-11-18 20:31:48", "elapsed": 5735.598604, "delta": 6.006127}},
{"target": 0.9035714285714287, "params": {"activation_function": 0.6049131739041269, "amount_of_layers": 3.970428545732509, "batch_size": 114.30061964618776, "dropout_rate": 0.3581332088646277, "epochs": 25.49779617336044, "hidden_channels": 54.324007417042466, "learning_rate": 0.0017690053139316467, "optimizer": 1.0991520695370613, "pooling_algorithm": 0.7319283263939185}, "datetime": {"datetime": "2023-11-18 20:31:51", "elapsed": 5738.184064, "delta": 2.58546}},
{"target": 0.9214285714285714, "params": {"activation_function": 0.9718973020820236, "amount_of_layers": 6.2779236780656795, "batch_size": 145.02468075463509, "dropout_rate": 0.4673229873272216, "epochs": 63.25232707068383, "hidden_channels": 54.61049483239998, "learning_rate": 0.03459989299065458, "optimizer": 0.33715471035279543, "pooling_algorithm": 0.7247485329820982}, "datetime": {"datetime": "2023-11-18 20:31:57", "elapsed": 5744.043759, "delta": 5.859695}},
{"target": 0.9160714285714285, "params": {"activation_function": 1.3987297073806804, "amount_of_layers": 4.140710789400592, "batch_size": 126.14908481180821, "dropout_rate": 0.6372092529531754, "epochs": 160.2497147239577, "hidden_channels": 68.87560961153345, "learning_rate": 0.0825302509014547, "optimizer": 0.9293496423914069, "pooling_algorithm": 0.6613875867638495}, "datetime": {"datetime": "2023-11-18 20:32:05", "elapsed": 5752.225817, "delta": 8.182058}},
{"target": 0.6607142857142857, "params": {"activation_function": 0.04401728723512277, "amount_of_layers": 7.369526441170618, "batch_size": 119.5627095861234, "dropout_rate": 0.41660321082438095, "epochs": 159.08791546069196, "hidden_channels": 58.52641601890586, "learning_rate": 0.06675481481511629, "optimizer": 1.2014249981722283, "pooling_algorithm": 0.18741624181584482}, "datetime": {"datetime": "2023-11-18 20:32:16", "elapsed": 5763.685515, "delta": 11.459698}},
{"target": 0.9125, "params": {"activation_function": 0.6985709242812326, "amount_of_layers": 7.645268804947934, "batch_size": 45.87337216369527, "dropout_rate": 0.48010023880525726, "epochs": 129.33740224840386, "hidden_channels": 44.63586504709394, "learning_rate": 0.046854227991086114, "optimizer": 1.304521643319977, "pooling_algorithm": 0.9423224983141886}, "datetime": {"datetime": "2023-11-18 20:32:25", "elapsed": 5772.269046, "delta": 8.583531}},
{"target": 0.8392857142857142, "params": {"activation_function": 0.4261199473907116, "amount_of_layers": 3.0319873929464833, "batch_size": 122.41687145274754, "dropout_rate": 0.6713548574507375, "epochs": 88.88557202571415, "hidden_channels": 13.820857387358556, "learning_rate": 0.07177744584980683, "optimizer": 1.2882278353333063, "pooling_algorithm": 0.2854558099701274}, "datetime": {"datetime": "2023-11-18 20:32:30", "elapsed": 5777.213762, "delta": 4.944716}},
{"target": 0.9178571428571428, "params": {"activation_function": 0.8983876584110495, "amount_of_layers": 4.747509627800499, "batch_size": 46.72155160681024, "dropout_rate": 0.5969377919056829, "epochs": 185.27288738663253, "hidden_channels": 112.0877021268129, "learning_rate": 0.045761115265278124, "optimizer": 0.9684507204129407, "pooling_algorithm": 0.7053502361236791}, "datetime": {"datetime": "2023-11-18 20:32:44", "elapsed": 5791.111462, "delta": 13.8977}},
{"target": 0.7375, "params": {"activation_function": 0.7458190289684026, "amount_of_layers": 6.8330718876234595, "batch_size": 60.0853617559454, "dropout_rate": 0.4987770109159042, "epochs": 183.8051198389235, "hidden_channels": 101.10608921558195, "learning_rate": 0.03650952174592337, "optimizer": 1.9021618813353274, "pooling_algorithm": 0.3315447942441958}, "datetime": {"datetime": "2023-11-18 20:33:02", "elapsed": 5809.131539, "delta": 18.020077}},
{"target": 0.7375, "params": {"activation_function": 1.4448660653077638, "amount_of_layers": 5.07085618649275, "batch_size": 95.34217591641423, "dropout_rate": 0.7280870156736271, "epochs": 90.20897142739504, "hidden_channels": 66.23134270069768, "learning_rate": 0.07500910141100221, "optimizer": 1.0705584639046446, "pooling_algorithm": 0.21006112849578873}, "datetime": {"datetime": "2023-11-18 20:33:08", "elapsed": 5815.615793, "delta": 6.484254}},
{"target": 0.9160714285714285, "params": {"activation_function": 1.3162512787713854, "amount_of_layers": 5.057126245733188, "batch_size": 68.93909644024274, "dropout_rate": 0.5025469718799479, "epochs": 185.60490564339406, "hidden_channels": 41.26851140211265, "learning_rate": 0.07234064528682155, "optimizer": 0.6877277775526485, "pooling_algorithm": 0.7948050253680697}, "datetime": {"datetime": "2023-11-18 20:33:18", "elapsed": 5825.714842, "delta": 10.099049}},
{"target": 0.26607142857142857, "params": {"activation_function": 0.5084854219191004, "amount_of_layers": 4.909373075732469, "batch_size": 129.70560534144533, "dropout_rate": 0.4572500803567707, "epochs": 147.6620014507822, "hidden_channels": 9.148829380933556, "learning_rate": 0.08778569179058832, "optimizer": 0.5661100964688988, "pooling_algorithm": 0.25578600686940434}, "datetime": {"datetime": "2023-11-18 20:33:24", "elapsed": 5830.977916, "delta": 5.263074}},
{"target": 0.26428571428571435, "params": {"activation_function": 1.300356559814748, "amount_of_layers": 6.116326284943135, "batch_size": 118.94406347696732, "dropout_rate": 0.47389007762027274, "epochs": 137.91792765300985, "hidden_channels": 33.9406016536408, "learning_rate": 0.025406486031183586, "optimizer": 0.866745448622261, "pooling_algorithm": 0.19939983899625824}, "datetime": {"datetime": "2023-11-18 20:33:32", "elapsed": 5839.023338, "delta": 8.045422}},
{"target": 0.8357142857142857, "params": {"activation_function": 1.6192785929709077, "amount_of_layers": 5.3244651528742715, "batch_size": 101.76288832390645, "dropout_rate": 0.6919760995785247, "epochs": 113.60877332553036, "hidden_channels": 57.74066934650837, "learning_rate": 0.021592146427327916, "optimizer": 0.673043843911824, "pooling_algorithm": 0.3762488448776362}, "datetime": {"datetime": "2023-11-18 20:33:37", "elapsed": 5844.151512, "delta": 5.128174}},
{"target": 0.9214285714285715, "params": {"activation_function": 1.2226687336576318, "amount_of_layers": 5.460288250061143, "batch_size": 130.86970553893656, "dropout_rate": 0.5988500354540152, "epochs": 165.3228619187298, "hidden_channels": 75.42843044021079, "learning_rate": 0.05657255923143728, "optimizer": 0.5838048792675474, "pooling_algorithm": 0.8484491525489198}, "datetime": {"datetime": "2023-11-18 20:33:45", "elapsed": 5852.541484, "delta": 8.389972}},
{"target": 0.775, "params": {"activation_function": 0.034576953545139455, "amount_of_layers": 8.02465317416808, "batch_size": 51.49159650223939, "dropout_rate": 0.4182048764999952, "epochs": 94.88550479464989, "hidden_channels": 20.371386635457863, "learning_rate": 0.01852140996808303, "optimizer": 0.5585368506667192, "pooling_algorithm": 0.0008122899836719988}, "datetime": {"datetime": "2023-11-18 20:33:51", "elapsed": 5858.232444, "delta": 5.69096}},
{"target": 0.9017857142857143, "params": {"activation_function": 1.2231168960603582, "amount_of_layers": 7.454879914281991, "batch_size": 133.35158849222532, "dropout_rate": 0.2693312239006411, "epochs": 182.90293748726006, "hidden_channels": 78.23070892592625, "learning_rate": 0.09730440069559454, "optimizer": 0.22229516376311742, "pooling_algorithm": 0.654219481582172}, "datetime": {"datetime": "2023-11-18 20:34:02", "elapsed": 5869.467896, "delta": 11.235452}},
{"target": 0.7357142857142858, "params": {"activation_function": 1.4189332193537734, "amount_of_layers": 4.391478944937776, "batch_size": 37.87934401219597, "dropout_rate": 0.3146392693497344, "epochs": 165.19863410177777, "hidden_channels": 93.28778390458518, "learning_rate": 0.01563582802182413, "optimizer": 1.7027023677652802, "pooling_algorithm": 0.3572308755704269}, "datetime": {"datetime": "2023-11-18 20:34:11", "elapsed": 5877.868552, "delta": 8.400656}},
{"target": 0.8142857142857144, "params": {"activation_function": 0.924876591519517, "amount_of_layers": 2.2372353743396225, "batch_size": 34.848809097976996, "dropout_rate": 0.35752894233785437, "epochs": 31.98915002043464, "hidden_channels": 75.78379811738316, "learning_rate": 0.007061435749187697, "optimizer": 0.973297759446782, "pooling_algorithm": 0.22216296790581525}, "datetime": {"datetime": "2023-11-18 20:34:13", "elapsed": 5880.645987, "delta": 2.777435}},
{"target": 0.9125, "params": {"activation_function": 0.8238541110209865, "amount_of_layers": 4.089800174939619, "batch_size": 72.24837113477304, "dropout_rate": 0.34278485209753434, "epochs": 199.04364145393538, "hidden_channels": 58.523659355257536, "learning_rate": 0.06246057426218322, "optimizer": 1.307514275446332, "pooling_algorithm": 0.7653262387895432}, "datetime": {"datetime": "2023-11-18 20:34:21", "elapsed": 5888.770061, "delta": 8.124074}},
{"target": 0.26607142857142857, "params": {"activation_function": 1.4817836126921915, "amount_of_layers": 7.744647103385166, "batch_size": 68.88192605108651, "dropout_rate": 0.6624448676057955, "epochs": 185.47753548704839, "hidden_channels": 42.99686099194803, "learning_rate": 0.007681044409009559, "optimizer": 1.231803962180295, "pooling_algorithm": 0.24856268391577208}, "datetime": {"datetime": "2023-11-18 20:34:33", "elapsed": 5899.838936, "delta": 11.068875}},
{"target": 0.9089285714285714, "params": {"activation_function": 0.15308447936646896, "amount_of_layers": 7.897881842045883, "batch_size": 146.99846403309908, "dropout_rate": 0.6883365603566751, "epochs": 187.65846575207232, "hidden_channels": 79.81952530973678, "learning_rate": 0.002657875526578217, "optimizer": 1.355652521075399, "pooling_algorithm": 0.9756955850918416}, "datetime": {"datetime": "2023-11-18 20:34:44", "elapsed": 5911.322512, "delta": 11.483576}},
{"target": 0.8999999999999999, "params": {"activation_function": 1.4548767996865244, "amount_of_layers": 7.029396954729005, "batch_size": 133.7962290735411, "dropout_rate": 0.3135210579545808, "epochs": 48.69753408803134, "hidden_channels": 24.581389511548515, "learning_rate": 0.06046782896645157, "optimizer": 0.2906713087273718, "pooling_algorithm": 0.9584732512718822}, "datetime": {"datetime": "2023-11-18 20:34:47", "elapsed": 5914.422035, "delta": 3.099523}},
{"target": 0.27321428571428574, "params": {"activation_function": 1.4147846853212802, "amount_of_layers": 6.4605970113699005, "batch_size": 92.44445432075416, "dropout_rate": 0.7228238337859042, "epochs": 66.67950535089108, "hidden_channels": 56.429696191507716, "learning_rate": 0.08674182599986388, "optimizer": 1.179310494705592, "pooling_algorithm": 0.03910395371947939}, "datetime": {"datetime": "2023-11-18 20:34:51", "elapsed": 5918.537253, "delta": 4.115218}},
{"target": 0.325, "params": {"activation_function": 1.392626136968012, "amount_of_layers": 3.4408763014395456, "batch_size": 132.67897310711027, "dropout_rate": 0.3166341546844714, "epochs": 189.3806776952077, "hidden_channels": 56.25827693128894, "learning_rate": 0.08112524858671685, "optimizer": 1.4099529604897312, "pooling_algorithm": 0.490727923642694}, "datetime": {"datetime": "2023-11-18 20:34:58", "elapsed": 5924.891497, "delta": 6.354244}},
{"target": 0.9053571428571429, "params": {"activation_function": 1.3626479959159277, "amount_of_layers": 5.318565556538028, "batch_size": 131.9046082776475, "dropout_rate": 0.37550550010243705, "epochs": 163.43552806013295, "hidden_channels": 76.06298242201359, "learning_rate": 0.04333978580325295, "optimizer": 1.196587866463424, "pooling_algorithm": 0.9753970879406353}, "datetime": {"datetime": "2023-11-18 20:35:08", "elapsed": 5935.705458, "delta": 10.813961}},
{"target": 0.45357142857142857, "params": {"activation_function": 0.45788167077887687, "amount_of_layers": 5.082804106658332, "batch_size": 126.46467101550788, "dropout_rate": 0.5036819847122938, "epochs": 163.39942392774657, "hidden_channels": 72.25803606501593, "learning_rate": 0.08295808880637014, "optimizer": 1.0859201006663226, "pooling_algorithm": 0.18774995604283862}, "datetime": {"datetime": "2023-11-18 20:35:16", "elapsed": 5943.192689, "delta": 7.487231}},
{"target": 0.9142857142857143, "params": {"activation_function": 0.9117323032786109, "amount_of_layers": 7.5032024121264635, "batch_size": 128.19914457731446, "dropout_rate": 0.48890861828903986, "epochs": 46.95360894343768, "hidden_channels": 33.168227068108905, "learning_rate": 0.09425283803935793, "optimizer": 0.37527785641889566, "pooling_algorithm": 0.5508588000824284}, "datetime": {"datetime": "2023-11-18 20:35:21", "elapsed": 5948.719589, "delta": 5.5269}},
{"target": 0.9089285714285714, "params": {"activation_function": 0.36069351604886646, "amount_of_layers": 7.473459622231989, "batch_size": 133.17592508252562, "dropout_rate": 0.6142394546901887, "epochs": 47.502433769634415, "hidden_channels": 57.37614213838435, "learning_rate": 0.057377822417286097, "optimizer": 0.9303984973189823, "pooling_algorithm": 0.6220631688685283}, "datetime": {"datetime": "2023-11-18 20:35:26", "elapsed": 5953.780168, "delta": 5.060579}},
