{"target": 0.8107142857142857, "params": {"activation_function": 1.0984699723961078, "amount_of_layers": 2.054770513571169, "batch_size": 144.8083378781819, "dropout_rate": 0.2799403500381461, "epochs": 132.2105940472486, "hidden_channels": 102.41923965928864, "learning_rate": 0.0033785603804221288, "optimizer": 1.0657482602077435, "pooling_algorithm": 0.3092822719627687}, "datetime": {"datetime": "2023-11-18 23:22:26", "elapsed": 15973.687775, "delta": 10.05071}},
{"target": 0.9089285714285714, "params": {"activation_function": 1.4863278723124616, "amount_of_layers": 8.119579611051082, "batch_size": 137.5073036929873, "dropout_rate": 0.33274823614586985, "epochs": 101.8956915829076, "hidden_channels": 67.19987141326362, "learning_rate": 0.08914268309114304, "optimizer": 0.3884327370784706, "pooling_algorithm": 0.5390860153376521}, "datetime": {"datetime": "2023-11-18 23:22:37", "elapsed": 15984.212177, "delta": 10.524402}},
{"target": 0.15535714285714286, "params": {"activation_function": 1.3294070212034128, "amount_of_layers": 1.0711949717570608, "batch_size": 98.4953533898218, "dropout_rate": 0.5682879751416926, "epochs": 92.97887642074052, "hidden_channels": 22.874543497287085, "learning_rate": 0.0214563304692994, "optimizer": 0.4696197153585886, "pooling_algorithm": 0.7918203501830603}, "datetime": {"datetime": "2023-11-18 23:22:44", "elapsed": 15991.096589, "delta": 6.884412}},
{"target": 0.9000000000000001, "params": {"activation_function": 0.8623297113601507, "amount_of_layers": 8.396005829474127, "batch_size": 85.86000502117253, "dropout_rate": 0.6418738065549605, "epochs": 197.13987984790973, "hidden_channels": 103.47603378487351, "learning_rate": 0.0728635516509753, "optimizer": 1.5709756643409183, "pooling_algorithm": 0.5292171375811551}, "datetime": {"datetime": "2023-11-18 23:23:08", "elapsed": 16015.774741, "delta": 24.678152}},
{"target": 0.7392857142857143, "params": {"activation_function": 0.6581718130037673, "amount_of_layers": 4.493912721562084, "batch_size": 65.34627685921606, "dropout_rate": 0.5741719323413266, "epochs": 108.9790182487715, "hidden_channels": 103.3750358829174, "learning_rate": 0.06405558930714979, "optimizer": 0.3139810753635701, "pooling_algorithm": 0.36128906167714625}, "datetime": {"datetime": "2023-11-18 23:23:38", "elapsed": 16045.563499, "delta": 29.788758}},
{"target": 0.9125, "params": {"activation_function": 1.4612059599010472, "amount_of_layers": 5.290780900454621, "batch_size": 68.22334653893606, "dropout_rate": 0.3964666964051064, "epochs": 184.10473820085983, "hidden_channels": 38.04306145775973, "learning_rate": 0.03290317887065171, "optimizer": 1.4865386561549678, "pooling_algorithm": 0.7826249371267704}, "datetime": {"datetime": "2023-11-18 23:24:06", "elapsed": 16073.183424, "delta": 27.619925}},
{"target": 0.7357142857142858, "params": {"activation_function": 1.303868429613476, "amount_of_layers": 7.534136774602638, "batch_size": 135.1649950603409, "dropout_rate": 0.6155196470477946, "epochs": 17.291846811495184, "hidden_channels": 102.6601204320953, "learning_rate": 0.05875120932857497, "optimizer": 1.6790126402799261, "pooling_algorithm": 0.06048609475463096}, "datetime": {"datetime": "2023-11-18 23:24:13", "elapsed": 16080.337566, "delta": 7.154142}},
{"target": 0.9142857142857143, "params": {"activation_function": 0.5765014070113677, "amount_of_layers": 4.159840611598996, "batch_size": 137.79260261511416, "dropout_rate": 0.2656122881858043, "epochs": 98.98307421814755, "hidden_channels": 12.67080008962132, "learning_rate": 0.06037631585948986, "optimizer": 1.360778327898505, "pooling_algorithm": 0.8032890946556872}, "datetime": {"datetime": "2023-11-18 23:24:38", "elapsed": 16104.942925, "delta": 24.605359}},
{"target": 0.9160714285714285, "params": {"activation_function": 1.0653839942174086, "amount_of_layers": 4.8214127421444, "batch_size": 92.07058197842092, "dropout_rate": 0.5183297230251322, "epochs": 171.1041658520399, "hidden_channels": 23.51319876053739, "learning_rate": 0.0718341140722229, "optimizer": 0.9326728449490311, "pooling_algorithm": 0.6305861958131823}, "datetime": {"datetime": "2023-11-18 23:24:48", "elapsed": 16115.405386, "delta": 10.462461}},
{"target": 0.9, "params": {"activation_function": 0.6517262069302288, "amount_of_layers": 3.262479250803308, "batch_size": 49.32087473456729, "dropout_rate": 0.27450897482466863, "epochs": 138.4933411798486, "hidden_channels": 66.39255160292099, "learning_rate": 0.09527927409673795, "optimizer": 0.6987995814319043, "pooling_algorithm": 0.5124331028262276}, "datetime": {"datetime": "2023-11-18 23:24:59", "elapsed": 16126.591998, "delta": 11.186612}},
{"target": 0.7535714285714286, "params": {"activation_function": 0.24517137540275846, "amount_of_layers": 7.937712044587395, "batch_size": 76.39367171984341, "dropout_rate": 0.4327192298895251, "epochs": 137.61720973111164, "hidden_channels": 57.09098348881006, "learning_rate": 0.0021157316750180493, "optimizer": 0.6317825369665004, "pooling_algorithm": 0.005958796929643628}, "datetime": {"datetime": "2023-11-18 23:25:30", "elapsed": 16157.505023, "delta": 30.913025}},
{"target": 0.8035714285714286, "params": {"activation_function": 0.13713950627635407, "amount_of_layers": 3.613988081289948, "batch_size": 135.67980145638137, "dropout_rate": 0.35236512406030557, "epochs": 196.5694981721287, "hidden_channels": 7.961988372468908, "learning_rate": 0.0673549925943007, "optimizer": 1.3519661052731646, "pooling_algorithm": 0.4069882494281354}, "datetime": {"datetime": "2023-11-18 23:26:00", "elapsed": 16187.727783, "delta": 30.22276}},
{"target": 0.8392857142857143, "params": {"activation_function": 0.3220387040433199, "amount_of_layers": 3.63599839068927, "batch_size": 16.609042334449736, "dropout_rate": 0.4039081951952532, "epochs": 191.29994838957495, "hidden_channels": 16.132875261895975, "learning_rate": 0.03871683003335841, "optimizer": 0.022144497732142332, "pooling_algorithm": 0.37912838336477084}, "datetime": {"datetime": "2023-11-18 23:26:16", "elapsed": 16203.496691, "delta": 15.768908}},
{"target": 0.08214285714285714, "params": {"activation_function": 1.4101426636482002, "amount_of_layers": 8.007230778675673, "batch_size": 148.78160580866526, "dropout_rate": 0.7483021347027595, "epochs": 149.18101931636076, "hidden_channels": 6.811010908077556, "learning_rate": 0.06672600855043039, "optimizer": 1.91692333152114, "pooling_algorithm": 0.9392244268025934}, "datetime": {"datetime": "2023-11-18 23:26:27", "elapsed": 16214.532241, "delta": 11.03555}},
{"target": 0.8928571428571429, "params": {"activation_function": 0.8424129352542689, "amount_of_layers": 8.202672958893851, "batch_size": 142.87299630072067, "dropout_rate": 0.42801238393604135, "epochs": 11.39333684740908, "hidden_channels": 95.66230914413575, "learning_rate": 0.08879458662941349, "optimizer": 1.589247724827906, "pooling_algorithm": 0.6113524698301108}, "datetime": {"datetime": "2023-11-18 23:26:34", "elapsed": 16221.727991, "delta": 7.19575}},
{"target": 0.9017857142857143, "params": {"activation_function": 1.409926500690758, "amount_of_layers": 6.027848595477939, "batch_size": 83.78968801193562, "dropout_rate": 0.4029227279020782, "epochs": 100.94537102552778, "hidden_channels": 40.20471949651937, "learning_rate": 0.08234349958705407, "optimizer": 0.8116856129870971, "pooling_algorithm": 0.9523383330588512}, "datetime": {"datetime": "2023-11-18 23:26:43", "elapsed": 16230.746169, "delta": 9.018178}},
{"target": 0.7285714285714285, "params": {"activation_function": 1.4099488224066268, "amount_of_layers": 3.163739571229904, "batch_size": 42.074731518691436, "dropout_rate": 0.5806409157172556, "epochs": 125.81076303462939, "hidden_channels": 117.14436077091521, "learning_rate": 0.024656510219864952, "optimizer": 0.29520528681535185, "pooling_algorithm": 0.03257552099127903}, "datetime": {"datetime": "2023-11-18 23:26:55", "elapsed": 16241.851912, "delta": 11.105743}},
{"target": 0.0, "params": {"activation_function": 1.605810906925804, "amount_of_layers": 2.607169137314358, "batch_size": 58.87387497605809, "dropout_rate": 0.5411997996675455, "epochs": 114.57620015522456, "hidden_channels": 89.91608307947811, "learning_rate": 0.05968085517504141, "optimizer": 0.34265089887943323, "pooling_algorithm": 0.6746601688215818}, "datetime": {"datetime": "2023-11-18 23:27:04", "elapsed": 16251.139205, "delta": 9.287293}},
{"target": 0.7357142857142857, "params": {"activation_function": 0.6648824257986159, "amount_of_layers": 3.6401316912628348, "batch_size": 55.66871352997658, "dropout_rate": 0.6224357870321195, "epochs": 31.16452947447104, "hidden_channels": 91.07153190318334, "learning_rate": 0.07485598517890771, "optimizer": 0.42752199176331884, "pooling_algorithm": 0.0735470281955305}, "datetime": {"datetime": "2023-11-18 23:27:11", "elapsed": 16258.04113, "delta": 6.901925}},
{"target": 0.9035714285714287, "params": {"activation_function": 0.9891265161219844, "amount_of_layers": 8.877847379943773, "batch_size": 83.5453422000879, "dropout_rate": 0.49741350190016065, "epochs": 98.65360050093638, "hidden_channels": 7.612194549388308, "learning_rate": 0.007928635419189034, "optimizer": 1.9224727495905878, "pooling_algorithm": 0.8477190792946832}, "datetime": {"datetime": "2023-11-18 23:27:20", "elapsed": 16267.452774, "delta": 9.411644}},
{"target": 0.8982142857142857, "params": {"activation_function": 1.5540153223511477, "amount_of_layers": 3.696076289313056, "batch_size": 111.08912579420398, "dropout_rate": 0.5333471560681826, "epochs": 171.47866758527894, "hidden_channels": 92.39263152076576, "learning_rate": 0.037681627085275886, "optimizer": 1.9689222211548647, "pooling_algorithm": 0.9940588575832062}, "datetime": {"datetime": "2023-11-18 23:27:33", "elapsed": 16280.645494, "delta": 13.19272}},
{"target": 0.8892857142857142, "params": {"activation_function": 1.7188179994326105, "amount_of_layers": 8.599522838439386, "batch_size": 44.86483134687745, "dropout_rate": 0.4619584725194085, "epochs": 133.79743199068633, "hidden_channels": 16.418373974472885, "learning_rate": 0.014275798102324527, "optimizer": 0.3224129229003445, "pooling_algorithm": 0.8584556003800696}, "datetime": {"datetime": "2023-11-18 23:27:45", "elapsed": 16292.70349, "delta": 12.057996}},
{"target": 0.5892857142857143, "params": {"activation_function": 0.07009372125697655, "amount_of_layers": 7.74085799926021, "batch_size": 81.84274346560396, "dropout_rate": 0.2532629926251066, "epochs": 39.68099488798186, "hidden_channels": 47.419130615855174, "learning_rate": 0.06893282936491416, "optimizer": 1.700775645941326, "pooling_algorithm": 0.20319132405718354}, "datetime": {"datetime": "2023-11-18 23:27:53", "elapsed": 16299.838273, "delta": 7.134783}},
{"target": 0.9142857142857144, "params": {"activation_function": 0.1896204629793512, "amount_of_layers": 3.6434464267459328, "batch_size": 96.30510180073193, "dropout_rate": 0.6396245746180123, "epochs": 176.7608112730582, "hidden_channels": 17.301609927136006, "learning_rate": 0.0035119046223933055, "optimizer": 0.3903575027728212, "pooling_algorithm": 0.6048729606782953}, "datetime": {"datetime": "2023-11-18 23:28:02", "elapsed": 16309.612105, "delta": 9.773832}},
{"target": 0.9089285714285714, "params": {"activation_function": 1.4280884517134687, "amount_of_layers": 6.340363806703951, "batch_size": 145.75904440765046, "dropout_rate": 0.7261975287823421, "epochs": 62.74708162739842, "hidden_channels": 54.61689359211798, "learning_rate": 0.08803329680552406, "optimizer": 0.05425034819407193, "pooling_algorithm": 0.8598719474788746}, "datetime": {"datetime": "2023-11-18 23:28:34", "elapsed": 16341.47584, "delta": 31.863735}},
{"target": 0.8285714285714285, "params": {"activation_function": 1.4427057384242183, "amount_of_layers": 1.222519102666146, "batch_size": 149.75130943896633, "dropout_rate": 0.4060327375147239, "epochs": 41.82272997021559, "hidden_channels": 107.15845015821854, "learning_rate": 0.048472948431003755, "optimizer": 1.72181685792739, "pooling_algorithm": 0.609619724632382}, "datetime": {"datetime": "2023-11-18 23:28:41", "elapsed": 16348.209437, "delta": 6.733597}},
{"target": 0.8035714285714286, "params": {"activation_function": 0.9283088272945348, "amount_of_layers": 3.7009867315298566, "batch_size": 129.1656759352797, "dropout_rate": 0.3891672717806162, "epochs": 145.77674774108087, "hidden_channels": 43.392654046788444, "learning_rate": 0.016191932069762462, "optimizer": 1.5820606583940935, "pooling_algorithm": 0.49916684395060973}, "datetime": {"datetime": "2023-11-18 23:28:51", "elapsed": 16358.519223, "delta": 10.309786}},
{"target": 0.7714285714285715, "params": {"activation_function": 0.33845905703338564, "amount_of_layers": 4.603974141031328, "batch_size": 30.347059944987404, "dropout_rate": 0.4559409898978629, "epochs": 144.12466455565914, "hidden_channels": 21.632782534224273, "learning_rate": 0.015167468395535476, "optimizer": 0.49950915967878307, "pooling_algorithm": 0.15768191093457085}, "datetime": {"datetime": "2023-11-18 23:29:23", "elapsed": 16390.364621, "delta": 31.845398}},
{"target": 0.9142857142857143, "params": {"activation_function": 1.1896955858145355, "amount_of_layers": 3.1213815785224606, "batch_size": 91.14358860094818, "dropout_rate": 0.6027391262137322, "epochs": 82.13705374889618, "hidden_channels": 63.19540009441552, "learning_rate": 0.04715112612032442, "optimizer": 0.6858607700221078, "pooling_algorithm": 0.501158322719991}, "datetime": {"datetime": "2023-11-18 23:29:50", "elapsed": 16416.8813, "delta": 26.516679}},
{"target": 0.7410714285714286, "params": {"activation_function": 1.7164946027741388, "amount_of_layers": 7.9423020031249445, "batch_size": 139.33149018643155, "dropout_rate": 0.44922549075482826, "epochs": 31.572334268645882, "hidden_channels": 69.38178338514459, "learning_rate": 0.03295056812312016, "optimizer": 0.8501139404829481, "pooling_algorithm": 0.1980719313659327}, "datetime": {"datetime": "2023-11-18 23:29:57", "elapsed": 16424.754667, "delta": 7.873367}},
{"target": 0.9125, "params": {"activation_function": 0.6969742606142291, "amount_of_layers": 1.287171343683303, "batch_size": 138.36768275075937, "dropout_rate": 0.3737727896961151, "epochs": 47.19210496788616, "hidden_channels": 93.84620260765418, "learning_rate": 0.06458902919582077, "optimizer": 0.5150199031180633, "pooling_algorithm": 0.7285547544955822}, "datetime": {"datetime": "2023-11-18 23:30:04", "elapsed": 16431.58136, "delta": 6.826693}},
{"target": 0.2875, "params": {"activation_function": 0.05818052385061878, "amount_of_layers": 7.430055921116855, "batch_size": 62.68831668996085, "dropout_rate": 0.34363665934513293, "epochs": 181.63342348569685, "hidden_channels": 105.1605266490882, "learning_rate": 0.09143646247014442, "optimizer": 0.7597513333112087, "pooling_algorithm": 0.426364698244343}, "datetime": {"datetime": "2023-11-18 23:30:41", "elapsed": 16468.10537, "delta": 36.52401}},
{"target": 0.8374999999999999, "params": {"activation_function": 0.38673410864890734, "amount_of_layers": 1.3456545286465857, "batch_size": 146.6437289071802, "dropout_rate": 0.5931742634112158, "epochs": 37.26229261716884, "hidden_channels": 70.65069957474405, "learning_rate": 0.008714052251851716, "optimizer": 0.9178426899407104, "pooling_algorithm": 0.337520453410161}, "datetime": {"datetime": "2023-11-18 23:30:46", "elapsed": 16473.712739, "delta": 5.607369}},
{"target": 0.7339285714285715, "params": {"activation_function": 1.1368131460908137, "amount_of_layers": 8.729609547468858, "batch_size": 97.75084243902161, "dropout_rate": 0.3459095665043536, "epochs": 184.5508262139541, "hidden_channels": 95.62608775046368, "learning_rate": 0.01238874999185444, "optimizer": 1.6483613985582997, "pooling_algorithm": 0.4943829041464738}, "datetime": {"datetime": "2023-11-18 23:31:26", "elapsed": 16513.297607, "delta": 39.584868}},
{"target": 0.26785714285714285, "params": {"activation_function": 0.6998455501626781, "amount_of_layers": 3.269471717801663, "batch_size": 99.8030909054479, "dropout_rate": 0.5009617327364972, "epochs": 92.02446284586232, "hidden_channels": 38.38973995347035, "learning_rate": 0.04063200254607562, "optimizer": 1.015886068864384, "pooling_algorithm": 0.005744271485045638}, "datetime": {"datetime": "2023-11-18 23:31:52", "elapsed": 16539.802272, "delta": 26.504665}},
{"target": 0.0, "params": {"activation_function": 1.829516922295421, "amount_of_layers": 6.678016721431837, "batch_size": 88.63864686213233, "dropout_rate": 0.27591864112763365, "epochs": 107.66610503373441, "hidden_channels": 74.29128258094002, "learning_rate": 0.0933767151922909, "optimizer": 0.4776927049283377, "pooling_algorithm": 0.7737670256500977}, "datetime": {"datetime": "2023-11-18 23:32:03", "elapsed": 16550.268197, "delta": 10.465925}},
{"target": 0.0, "params": {"activation_function": 1.6929413140110177, "amount_of_layers": 3.675781849602755, "batch_size": 18.929528505058315, "dropout_rate": 0.5125327120735621, "epochs": 30.315722551657146, "hidden_channels": 108.67117389019295, "learning_rate": 0.036807870665529, "optimizer": 0.41952901467155423, "pooling_algorithm": 0.8044094501882941}, "datetime": {"datetime": "2023-11-18 23:32:33", "elapsed": 16580.215168, "delta": 29.946971}},
{"target": 0.9142857142857143, "params": {"activation_function": 0.392843278768217, "amount_of_layers": 8.364075430578335, "batch_size": 137.9541718057797, "dropout_rate": 0.254371324310083, "epochs": 152.3180856371174, "hidden_channels": 32.76740094836356, "learning_rate": 0.055351964744851406, "optimizer": 0.37137616499888626, "pooling_algorithm": 0.9275202559749841}, "datetime": {"datetime": "2023-11-18 23:32:44", "elapsed": 16591.234103, "delta": 11.018935}},
{"target": 0.7392857142857143, "params": {"activation_function": 0.46706668217831293, "amount_of_layers": 2.2586990082644416, "batch_size": 61.805617036730254, "dropout_rate": 0.4941559255257629, "epochs": 127.22298233950289, "hidden_channels": 57.3398130356167, "learning_rate": 0.016027291001522292, "optimizer": 1.6972365254854898, "pooling_algorithm": 0.036772584536199915}, "datetime": {"datetime": "2023-11-18 23:32:52", "elapsed": 16599.360156, "delta": 8.126053}},
{"target": 0.2714285714285714, "params": {"activation_function": 0.9755134835322772, "amount_of_layers": 3.4667192747883577, "batch_size": 89.3998068117642, "dropout_rate": 0.6210055567831447, "epochs": 30.14024202306254, "hidden_channels": 123.86546130582425, "learning_rate": 0.016563162102452605, "optimizer": 1.180829818234234, "pooling_algorithm": 0.10175003071318611}, "datetime": {"datetime": "2023-11-18 23:33:00", "elapsed": 16606.878888, "delta": 7.518732}},
{"target": 0.7392857142857143, "params": {"activation_function": 0.7526826355235903, "amount_of_layers": 7.415400249291649, "batch_size": 67.7754502266653, "dropout_rate": 0.5878581370272351, "epochs": 184.24096310256186, "hidden_channels": 38.58568791051418, "learning_rate": 0.0867872921684286, "optimizer": 1.5789704663219708, "pooling_algorithm": 0.19601391841105487}, "datetime": {"datetime": "2023-11-18 23:33:34", "elapsed": 16641.574483, "delta": 34.695595}},
{"target": 0.9, "params": {"activation_function": 1.0847544931199384, "amount_of_layers": 2.049983741000312, "batch_size": 69.57836172416128, "dropout_rate": 0.546202318339319, "epochs": 70.03830185945918, "hidden_channels": 75.9836999937289, "learning_rate": 0.020827533824388865, "optimizer": 0.4474640656863862, "pooling_algorithm": 0.5751923084543942}, "datetime": {"datetime": "2023-11-18 23:33:42", "elapsed": 16649.007105, "delta": 7.432622}},
{"target": 0.9089285714285714, "params": {"activation_function": 0.17902298405650163, "amount_of_layers": 4.806944798143443, "batch_size": 63.11389014443517, "dropout_rate": 0.5594921270685166, "epochs": 89.82185849514946, "hidden_channels": 48.9650709782172, "learning_rate": 0.05151802895545837, "optimizer": 1.1938326476091827, "pooling_algorithm": 0.7127509763098355}, "datetime": {"datetime": "2023-11-18 23:33:52", "elapsed": 16659.05057, "delta": 10.043465}},
{"target": 0.2607142857142857, "params": {"activation_function": 1.7780780119760395, "amount_of_layers": 6.6495798207405565, "batch_size": 94.43964542948292, "dropout_rate": 0.39839614866654277, "epochs": 88.4695475122538, "hidden_channels": 71.35626600457338, "learning_rate": 0.09549013716247257, "optimizer": 0.6259242923630639, "pooling_algorithm": 0.2309180510382135}, "datetime": {"datetime": "2023-11-18 23:34:25", "elapsed": 16692.629024, "delta": 33.578454}},
{"target": 0.7392857142857143, "params": {"activation_function": 1.229525467489932, "amount_of_layers": 7.303845246075627, "batch_size": 18.334272682276666, "dropout_rate": 0.2781639911614784, "epochs": 189.93459559588584, "hidden_channels": 12.46579118667218, "learning_rate": 0.010862127463018966, "optimizer": 0.48750325821380613, "pooling_algorithm": 0.24441551013769502}, "datetime": {"datetime": "2023-11-18 23:34:44", "elapsed": 16711.138767, "delta": 18.509743}},
{"target": 0.7321428571428572, "params": {"activation_function": 0.6989563358282254, "amount_of_layers": 7.942607848256923, "batch_size": 127.16111507887749, "dropout_rate": 0.43256220841338205, "epochs": 194.8717018937786, "hidden_channels": 57.158840414372605, "learning_rate": 0.06046440449693819, "optimizer": 0.6560885938737397, "pooling_algorithm": 0.14921034388652332}, "datetime": {"datetime": "2023-11-18 23:34:58", "elapsed": 16725.612289, "delta": 14.473522}},
{"target": 0.8857142857142857, "params": {"activation_function": 1.8019978734440507, "amount_of_layers": 8.041186239233662, "batch_size": 41.19507944036023, "dropout_rate": 0.5403916775555366, "epochs": 85.07612707909743, "hidden_channels": 102.4514103031857, "learning_rate": 0.009675198234626682, "optimizer": 0.3643932507898231, "pooling_algorithm": 0.5125835873783636}, "datetime": {"datetime": "2023-11-18 23:35:10", "elapsed": 16737.574119, "delta": 11.96183}},
