{"target": 0.7660714285714285, "params": {"activation_function": 1.547434089169605, "amount_of_layers": 1.4451854950591478, "batch_size": 76.76540797087807, "dropout_rate": 0.4137235476115095, "epochs": 134.08040240990857, "hidden_channels": 63.3579646528593, "learning_rate": 0.06552175012209438, "optimizer": 1.2885700361242247, "pooling_algorithm": 0.418672313918081}, "datetime": {"datetime": "2023-11-18 21:31:43", "elapsed": 9330.531397, "delta": 6.009886}},
{"target": 0.9035714285714286, "params": {"activation_function": 1.1294813302000013, "amount_of_layers": 1.0296885161389726, "batch_size": 133.50063728747193, "dropout_rate": 0.4451652295900263, "epochs": 159.07779422600652, "hidden_channels": 104.27428471318295, "learning_rate": 0.05261610735050362, "optimizer": 1.298792407457278, "pooling_algorithm": 0.579974563259653}, "datetime": {"datetime": "2023-11-18 21:31:50", "elapsed": 9337.020742, "delta": 6.489345}},
{"target": 0.7357142857142857, "params": {"activation_function": 1.5685095770146191, "amount_of_layers": 5.992115919069544, "batch_size": 85.92746386562898, "dropout_rate": 0.6536549933268163, "epochs": 44.66241745897486, "hidden_channels": 74.73998346755432, "learning_rate": 0.0733150386372791, "optimizer": 1.6533070598608235, "pooling_algorithm": 0.0053946114804113154}, "datetime": {"datetime": "2023-11-18 21:31:55", "elapsed": 9341.996548, "delta": 4.975806}},
{"target": 0.2625, "params": {"activation_function": 0.9171984024325057, "amount_of_layers": 5.301848398007032, "batch_size": 92.50310019281757, "dropout_rate": 0.48972483836774167, "epochs": 88.62588278005626, "hidden_channels": 67.72037401660515, "learning_rate": 0.029769947887938696, "optimizer": 1.9940795819420742, "pooling_algorithm": 0.32578959462972035}, "datetime": {"datetime": "2023-11-18 21:32:04", "elapsed": 9351.559398, "delta": 9.56285}},
{"target": 0.9053571428571429, "params": {"activation_function": 0.45442417815727465, "amount_of_layers": 8.413012031550071, "batch_size": 16.773515733233307, "dropout_rate": 0.4115676104837361, "epochs": 189.19341001807447, "hidden_channels": 7.438011543624038, "learning_rate": 0.005398480370308102, "optimizer": 1.5814154896342778, "pooling_algorithm": 0.9514876753465982}, "datetime": {"datetime": "2023-11-18 21:32:25", "elapsed": 9372.560249, "delta": 21.000851}},
{"target": 0.19999999999999998, "params": {"activation_function": 0.695581347487354, "amount_of_layers": 3.1809640404451667, "batch_size": 114.54044646451587, "dropout_rate": 0.2686958741219743, "epochs": 75.80864775499188, "hidden_channels": 6.534405170282609, "learning_rate": 0.014881438704771287, "optimizer": 1.683550705111168, "pooling_algorithm": 0.09330309605879439}, "datetime": {"datetime": "2023-11-18 21:32:30", "elapsed": 9376.834447, "delta": 4.274198}},
{"target": 0.875, "params": {"activation_function": 0.21342633059997262, "amount_of_layers": 6.8036871266777394, "batch_size": 108.37290566037633, "dropout_rate": 0.6118000492688609, "epochs": 196.40492587061317, "hidden_channels": 26.95232269840987, "learning_rate": 0.0037375190903384753, "optimizer": 0.5906195032222701, "pooling_algorithm": 0.9939217975312579}, "datetime": {"datetime": "2023-11-18 21:32:39", "elapsed": 9386.371046, "delta": 9.536599}},
{"target": 0.9071428571428571, "params": {"activation_function": 1.4089908082611313, "amount_of_layers": 5.230765042190092, "batch_size": 135.39787254018972, "dropout_rate": 0.36778165282359015, "epochs": 199.69948189918134, "hidden_channels": 40.03669001074196, "learning_rate": 0.04242911270178213, "optimizer": 1.0348910332891916, "pooling_algorithm": 0.9993995865767102}, "datetime": {"datetime": "2023-11-18 21:32:48", "elapsed": 9395.438115, "delta": 9.067069}},
{"target": 0.8357142857142856, "params": {"activation_function": 1.8361723314726226, "amount_of_layers": 3.6206382510101083, "batch_size": 105.18510056715469, "dropout_rate": 0.7311865427469064, "epochs": 24.9861012710764, "hidden_channels": 25.853667392961537, "learning_rate": 0.053877201548047, "optimizer": 0.8922184907262942, "pooling_algorithm": 0.13910257165312323}, "datetime": {"datetime": "2023-11-18 21:32:52", "elapsed": 9398.916832, "delta": 3.478717}},
{"target": 0.8964285714285715, "params": {"activation_function": 1.3065447007834818, "amount_of_layers": 4.100792973180553, "batch_size": 76.13596854586231, "dropout_rate": 0.5355674514929849, "epochs": 36.40093478734262, "hidden_channels": 18.60619059945428, "learning_rate": 0.06199527912072773, "optimizer": 1.8697969968424932, "pooling_algorithm": 0.8327737589915108}, "datetime": {"datetime": "2023-11-18 21:33:04", "elapsed": 9410.883216, "delta": 11.966384}},
{"target": 0.9071428571428573, "params": {"activation_function": 1.0152365942194348, "amount_of_layers": 2.6126532536758837, "batch_size": 73.41388413729622, "dropout_rate": 0.6582623846761636, "epochs": 83.89318122995168, "hidden_channels": 59.407255933713635, "learning_rate": 0.0856292942165482, "optimizer": 0.005567561043769098, "pooling_algorithm": 0.6340171500786486}, "datetime": {"datetime": "2023-11-18 21:33:09", "elapsed": 9416.154877, "delta": 5.271661}},
{"target": 0.0, "params": {"activation_function": 1.7801424559421988, "amount_of_layers": 4.462175594899138, "batch_size": 68.61654962808915, "dropout_rate": 0.34391232129149146, "epochs": 42.46211852793606, "hidden_channels": 58.57823716861069, "learning_rate": 0.03398935169171554, "optimizer": 0.15354446483702855, "pooling_algorithm": 0.5098975170636068}, "datetime": {"datetime": "2023-11-18 21:33:24", "elapsed": 9431.609817, "delta": 15.45494}},
{"target": 0.9, "params": {"activation_function": 0.5914379352522079, "amount_of_layers": 5.902758125683814, "batch_size": 49.14169840988439, "dropout_rate": 0.47095937359171053, "epochs": 140.83572562174288, "hidden_channels": 11.430581548409634, "learning_rate": 0.0744163750576722, "optimizer": 1.2113277786584569, "pooling_algorithm": 0.7233282925911901}, "datetime": {"datetime": "2023-11-18 21:33:34", "elapsed": 9440.855686, "delta": 9.245869}},
{"target": 0.9053571428571429, "params": {"activation_function": 1.2318525726695264, "amount_of_layers": 3.6164138840497264, "batch_size": 59.86719862456859, "dropout_rate": 0.38597367291588425, "epochs": 10.170394472738158, "hidden_channels": 26.27684077498847, "learning_rate": 0.07608630393793663, "optimizer": 0.629826749022302, "pooling_algorithm": 0.6990177041151278}, "datetime": {"datetime": "2023-11-18 21:33:37", "elapsed": 9443.916714, "delta": 3.061028}},
{"target": 0.9035714285714286, "params": {"activation_function": 0.6037906594297549, "amount_of_layers": 3.8761707977987943, "batch_size": 130.9634902108373, "dropout_rate": 0.6268691428625794, "epochs": 164.4559189266963, "hidden_channels": 76.11824782923175, "learning_rate": 0.07057701851651886, "optimizer": 0.3078092468677516, "pooling_algorithm": 0.6275616856400147}, "datetime": {"datetime": "2023-11-18 21:33:50", "elapsed": 9457.382867, "delta": 13.466153}},
{"target": 0.9035714285714286, "params": {"activation_function": 0.5932337777868213, "amount_of_layers": 5.229928916483285, "batch_size": 74.02551624592556, "dropout_rate": 0.2980254530181157, "epochs": 195.19739165864848, "hidden_channels": 47.04757395061004, "learning_rate": 0.04657379384014326, "optimizer": 0.17959220723036018, "pooling_algorithm": 0.9534696942933143}, "datetime": {"datetime": "2023-11-18 21:34:03", "elapsed": 9470.603519, "delta": 13.220652}},
{"target": 0.7464285714285714, "params": {"activation_function": 0.16293742383691434, "amount_of_layers": 3.265273719894375, "batch_size": 67.10051991355684, "dropout_rate": 0.4748797870704319, "epochs": 182.9191954453832, "hidden_channels": 39.14873799132723, "learning_rate": 0.014802461805150033, "optimizer": 0.6084587332656388, "pooling_algorithm": 0.9983161893841299}, "datetime": {"datetime": "2023-11-18 21:34:14", "elapsed": 9481.354021, "delta": 10.750502}},
{"target": 0.7321428571428572, "params": {"activation_function": 1.4785211073159363, "amount_of_layers": 8.459151924311405, "batch_size": 118.65973132369385, "dropout_rate": 0.6956931410284171, "epochs": 159.56151453683557, "hidden_channels": 60.61337763968602, "learning_rate": 0.01346370060501316, "optimizer": 0.8399780444996581, "pooling_algorithm": 0.29321212809474007}, "datetime": {"datetime": "2023-11-18 21:34:32", "elapsed": 9498.982879, "delta": 17.628858}},
{"target": 0.8946428571428572, "params": {"activation_function": 0.7457978189716801, "amount_of_layers": 5.128951197676574, "batch_size": 74.2704754472983, "dropout_rate": 0.6040346161665426, "epochs": 192.99515140430282, "hidden_channels": 90.80751952176077, "learning_rate": 0.06444881318370796, "optimizer": 1.6018539985235825, "pooling_algorithm": 0.6310352153609199}, "datetime": {"datetime": "2023-11-18 21:34:53", "elapsed": 9519.979094, "delta": 20.996215}},
{"target": 0.9035714285714287, "params": {"activation_function": 1.2573950972224004, "amount_of_layers": 3.873105494041572, "batch_size": 105.57280480342736, "dropout_rate": 0.7378659459168164, "epochs": 157.51890691134273, "hidden_channels": 105.81062548021956, "learning_rate": 0.011381361364414259, "optimizer": 0.14117916129204766, "pooling_algorithm": 0.5478886554807513}, "datetime": {"datetime": "2023-11-18 21:35:07", "elapsed": 9534.433378, "delta": 14.454284}},
{"target": 0.09642857142857142, "params": {"activation_function": 1.7958278939812389, "amount_of_layers": 5.139085914811592, "batch_size": 68.76196953607668, "dropout_rate": 0.28815047468513677, "epochs": 186.04929161938963, "hidden_channels": 41.71076018609429, "learning_rate": 0.053654362140537586, "optimizer": 1.560821199298224, "pooling_algorithm": 0.73818136103386}, "datetime": {"datetime": "2023-11-18 21:35:22", "elapsed": 9549.212428, "delta": 14.77905}},
{"target": 0.7178571428571429, "params": {"activation_function": 0.14891564908052102, "amount_of_layers": 4.668079549325194, "batch_size": 129.70677127912697, "dropout_rate": 0.5041005943521397, "epochs": 174.78165040532983, "hidden_channels": 112.61684695170676, "learning_rate": 0.011580175023309734, "optimizer": 1.8913462277383155, "pooling_algorithm": 0.35809958835843647}, "datetime": {"datetime": "2023-11-18 21:35:34", "elapsed": 9560.897057, "delta": 11.684629}},
{"target": 0.9035714285714286, "params": {"activation_function": 0.977111072819469, "amount_of_layers": 6.112795704645938, "batch_size": 124.874629321838, "dropout_rate": 0.48554559780290946, "epochs": 161.73828724147185, "hidden_channels": 57.517647191750626, "learning_rate": 0.06325124233777073, "optimizer": 1.5671508648163435, "pooling_algorithm": 0.7295493246598307}, "datetime": {"datetime": "2023-11-18 21:35:47", "elapsed": 9574.48559, "delta": 13.588533}},
{"target": 0.0, "params": {"activation_function": 1.9329341722245232, "amount_of_layers": 3.4902224059355893, "batch_size": 64.89424221911662, "dropout_rate": 0.7292988639634643, "epochs": 184.78664706143798, "hidden_channels": 32.42794485667044, "learning_rate": 0.07977010286168748, "optimizer": 0.45084885631493954, "pooling_algorithm": 0.9956525261657629}, "datetime": {"datetime": "2023-11-18 21:36:01", "elapsed": 9588.142412, "delta": 13.656822}},
{"target": 0.2571428571428572, "params": {"activation_function": 0.9097314857018632, "amount_of_layers": 6.136802667925047, "batch_size": 21.03678754328654, "dropout_rate": 0.6603748625089794, "epochs": 189.89657125245898, "hidden_channels": 8.372788642933326, "learning_rate": 0.0066520189317602445, "optimizer": 0.1624730331575457, "pooling_algorithm": 0.2662219935523442}, "datetime": {"datetime": "2023-11-18 21:36:20", "elapsed": 9607.266265, "delta": 19.123853}},
{"target": 0.9142857142857143, "params": {"activation_function": 0.6286359208249652, "amount_of_layers": 3.2262235795884484, "batch_size": 109.88621164619674, "dropout_rate": 0.2871782129242596, "epochs": 55.09316761306445, "hidden_channels": 15.84520798492895, "learning_rate": 0.06822026958679017, "optimizer": 1.4447572278690046, "pooling_algorithm": 0.8024732823720669}, "datetime": {"datetime": "2023-11-18 21:36:24", "elapsed": 9611.787628, "delta": 4.521363}},
{"target": 0.9035714285714287, "params": {"activation_function": 0.37049169174065866, "amount_of_layers": 5.872506537180134, "batch_size": 73.4700282170916, "dropout_rate": 0.37002574893343504, "epochs": 169.92666078971428, "hidden_channels": 126.65952832849767, "learning_rate": 0.08789793334440124, "optimizer": 1.5233019092715812, "pooling_algorithm": 0.6996290147124163}, "datetime": {"datetime": "2023-11-18 21:36:38", "elapsed": 9625.330017, "delta": 13.542389}},
{"target": 0.0, "params": {"activation_function": 0.6718099698626221, "amount_of_layers": 4.282006042989564, "batch_size": 31.004961043456888, "dropout_rate": 0.45762817398310773, "epochs": 184.08462615905052, "hidden_channels": 105.20702035603416, "learning_rate": 0.08521143050218086, "optimizer": 0.5427807120650274, "pooling_algorithm": 0.909389110530766}, "datetime": {"datetime": "2023-11-18 21:36:51", "elapsed": 9638.610492, "delta": 13.280475}},
{"target": 0.20714285714285713, "params": {"activation_function": 1.726553197946098, "amount_of_layers": 1.9038733478441898, "batch_size": 58.89997191872631, "dropout_rate": 0.5654322397966439, "epochs": 41.15958259707334, "hidden_channels": 117.96125891361997, "learning_rate": 0.06813405314864551, "optimizer": 1.096082464576889, "pooling_algorithm": 0.83724378617333}, "datetime": {"datetime": "2023-11-18 21:36:56", "elapsed": 9642.941653, "delta": 4.331161}},
{"target": 0.9071428571428571, "params": {"activation_function": 1.4074136252910432, "amount_of_layers": 1.947337537884919, "batch_size": 95.35650829786854, "dropout_rate": 0.6874837792795169, "epochs": 175.33219181924912, "hidden_channels": 86.96993759726998, "learning_rate": 0.0916461680798893, "optimizer": 0.798491476301429, "pooling_algorithm": 0.9641697631030056}, "datetime": {"datetime": "2023-11-18 21:37:03", "elapsed": 9650.761592, "delta": 7.819939}},
{"target": 0.26071428571428573, "params": {"activation_function": 1.9339487615527184, "amount_of_layers": 4.00169599353144, "batch_size": 72.88957431651679, "dropout_rate": 0.561372859101578, "epochs": 39.913252939080536, "hidden_channels": 56.287191600507356, "learning_rate": 0.02589921168510175, "optimizer": 1.7842950580414658, "pooling_algorithm": 0.34460331655946774}, "datetime": {"datetime": "2023-11-18 21:37:08", "elapsed": 9655.305485, "delta": 4.543893}},
{"target": 0.9, "params": {"activation_function": 0.7137551492505614, "amount_of_layers": 4.312151877262008, "batch_size": 147.39175763439255, "dropout_rate": 0.452455626211635, "epochs": 84.42476268315374, "hidden_channels": 84.02821790924723, "learning_rate": 0.05165347727027226, "optimizer": 1.7629459487358576, "pooling_algorithm": 0.7413201520485464}, "datetime": {"datetime": "2023-11-18 21:37:14", "elapsed": 9661.763178, "delta": 6.457693}},
{"target": 0.9035714285714287, "params": {"activation_function": 0.7884255204385227, "amount_of_layers": 3.3220698702143556, "batch_size": 87.4788704877224, "dropout_rate": 0.3752675608787649, "epochs": 31.258847354618513, "hidden_channels": 19.027900848297037, "learning_rate": 0.0956436375486563, "optimizer": 1.237912953725482, "pooling_algorithm": 0.6319584172663004}, "datetime": {"datetime": "2023-11-18 21:37:19", "elapsed": 9666.179991, "delta": 4.416813}},
{"target": 0.8999999999999999, "params": {"activation_function": 0.9679894303483612, "amount_of_layers": 3.0100798751976265, "batch_size": 65.37994737822444, "dropout_rate": 0.491622262250154, "epochs": 183.33111047187322, "hidden_channels": 35.53870056175964, "learning_rate": 0.0631125469105238, "optimizer": 0.001770595977356404, "pooling_algorithm": 0.6511506298087746}, "datetime": {"datetime": "2023-11-18 21:37:31", "elapsed": 9677.873425, "delta": 11.693434}},
{"target": 0.8357142857142856, "params": {"activation_function": 0.08045565162365542, "amount_of_layers": 7.0024939785735825, "batch_size": 131.75360799490102, "dropout_rate": 0.2750728993173921, "epochs": 160.90497651506092, "hidden_channels": 74.16677909542396, "learning_rate": 0.05919388101143102, "optimizer": 0.34901144412836316, "pooling_algorithm": 0.2471063708841882}, "datetime": {"datetime": "2023-11-18 21:37:47", "elapsed": 9694.750629, "delta": 16.877204}},
{"target": 0.28214285714285714, "params": {"activation_function": 0.9775947288316085, "amount_of_layers": 2.0034733050087663, "batch_size": 41.72059679825657, "dropout_rate": 0.6452272007819533, "epochs": 80.27439923248943, "hidden_channels": 76.24992295727137, "learning_rate": 0.05942255331407557, "optimizer": 1.3683572572990093, "pooling_algorithm": 0.1959898732133425}, "datetime": {"datetime": "2023-11-18 21:37:58", "elapsed": 9705.611801, "delta": 10.861172}},
{"target": 0.9, "params": {"activation_function": 1.3832168870833375, "amount_of_layers": 4.265894089739755, "batch_size": 56.26535938749253, "dropout_rate": 0.3984075962528162, "epochs": 99.97118595061585, "hidden_channels": 98.51566288028664, "learning_rate": 0.038784119025466156, "optimizer": 1.6902014899109394, "pooling_algorithm": 0.5730956532106795}, "datetime": {"datetime": "2023-11-18 21:38:06", "elapsed": 9713.459763, "delta": 7.847962}},
{"target": 0.2571428571428571, "params": {"activation_function": 1.5793768860382025, "amount_of_layers": 6.220039867529577, "batch_size": 124.0238730602413, "dropout_rate": 0.4346513638803089, "epochs": 155.2141421124715, "hidden_channels": 59.36343378455994, "learning_rate": 0.039686904744143124, "optimizer": 0.7311168766317728, "pooling_algorithm": 0.4943835470275524}, "datetime": {"datetime": "2023-11-18 21:38:21", "elapsed": 9728.222116, "delta": 14.762353}},
{"target": 0.09642857142857142, "params": {"activation_function": 1.5746256728890347, "amount_of_layers": 5.901245599560943, "batch_size": 133.32836770128608, "dropout_rate": 0.4000962684915559, "epochs": 161.29866834902205, "hidden_channels": 76.42660804907511, "learning_rate": 0.03212995454060507, "optimizer": 1.3209289950781489, "pooling_algorithm": 0.6238835019554352}, "datetime": {"datetime": "2023-11-18 21:38:38", "elapsed": 9745.029248, "delta": 16.807132}},
{"target": 0.8285714285714286, "params": {"activation_function": 0.353568602219672, "amount_of_layers": 6.94483719591904, "batch_size": 91.2435199153581, "dropout_rate": 0.641365901377215, "epochs": 87.58094554308275, "hidden_channels": 65.39546600273633, "learning_rate": 0.030463343459357282, "optimizer": 0.025557703792352893, "pooling_algorithm": 0.22159470662594938}, "datetime": {"datetime": "2023-11-18 21:38:50", "elapsed": 9757.388684, "delta": 12.359436}},
{"target": 0.9071428571428571, "params": {"activation_function": 1.4776207133317887, "amount_of_layers": 3.3486427523681224, "batch_size": 69.10194038868036, "dropout_rate": 0.29706305538675415, "epochs": 26.474985435515528, "hidden_channels": 11.576592578848615, "learning_rate": 0.07167991192643716, "optimizer": 1.7256712371936005, "pooling_algorithm": 0.5458194196763956}, "datetime": {"datetime": "2023-11-18 21:38:54", "elapsed": 9761.445155, "delta": 4.056471}},
{"target": 0.9035714285714286, "params": {"activation_function": 1.7557165579386182, "amount_of_layers": 7.378643292936507, "batch_size": 131.7897511625126, "dropout_rate": 0.5508358772402309, "epochs": 46.753265680736924, "hidden_channels": 58.515012515022406, "learning_rate": 0.0692322424517324, "optimizer": 1.370976298611699, "pooling_algorithm": 0.9059378720067718}, "datetime": {"datetime": "2023-11-18 21:39:05", "elapsed": 9772.453777, "delta": 11.008622}},
{"target": 0.2607142857142857, "params": {"activation_function": 1.6138540207531387, "amount_of_layers": 3.379415547246949, "batch_size": 110.1514001459645, "dropout_rate": 0.2667967075056886, "epochs": 40.72687649387484, "hidden_channels": 58.20715700855564, "learning_rate": 0.08287728238966943, "optimizer": 0.70484690209879, "pooling_algorithm": 0.41775754544796195}, "datetime": {"datetime": "2023-11-18 21:39:14", "elapsed": 9781.355455, "delta": 8.901678}},
{"target": 0.875, "params": {"activation_function": 0.05919847250517041, "amount_of_layers": 5.186347594514183, "batch_size": 65.52606553199496, "dropout_rate": 0.3194686540437873, "epochs": 109.38063348268382, "hidden_channels": 103.55983585340991, "learning_rate": 0.007322880744364065, "optimizer": 0.9865087840970901, "pooling_algorithm": 0.6146187545415307}, "datetime": {"datetime": "2023-11-18 21:39:22", "elapsed": 9789.509275, "delta": 8.15382}},
{"target": 0.775, "params": {"activation_function": 1.5660875056196923, "amount_of_layers": 5.444861037195762, "batch_size": 102.12587210831688, "dropout_rate": 0.5777507267348344, "epochs": 114.51069500980758, "hidden_channels": 57.30499739547967, "learning_rate": 0.01690945424393906, "optimizer": 0.4469390947779447, "pooling_algorithm": 0.26978919666385304}, "datetime": {"datetime": "2023-11-18 21:39:33", "elapsed": 9800.529102, "delta": 11.019827}},
{"target": 0.7321428571428571, "params": {"activation_function": 1.8468655627434873, "amount_of_layers": 4.981624378658963, "batch_size": 97.304436340339, "dropout_rate": 0.400753317435792, "epochs": 161.39529067778076, "hidden_channels": 83.75628304252461, "learning_rate": 0.07820180832737736, "optimizer": 1.3233508504887366, "pooling_algorithm": 0.4959468082845776}, "datetime": {"datetime": "2023-11-18 21:39:46", "elapsed": 9813.693045, "delta": 13.163943}},
{"target": 0.7321428571428572, "params": {"activation_function": 0.6494904643465442, "amount_of_layers": 8.070715420969051, "batch_size": 149.90078848995864, "dropout_rate": 0.496444657427973, "epochs": 62.96241587176097, "hidden_channels": 36.677448629938766, "learning_rate": 0.012954983694297185, "optimizer": 1.7691597392496057, "pooling_algorithm": 0.015310470416692312}, "datetime": {"datetime": "2023-11-18 21:39:52", "elapsed": 9818.883171, "delta": 5.190126}},
