{"target": 0.8999999999999999, "params": {"activation_function": 1.3942741102695224, "amount_of_layers": 4.787636267771784, "batch_size": 131.67033567814792, "dropout_rate": 0.3527676536289832, "epochs": 194.21028309265515, "hidden_channels": 8.212372887654839, "learning_rate": 0.00733005640146511, "optimizer": 1.2776685410429565, "pooling_algorithm": 0.7830638585768287}, "datetime": {"datetime": "2023-11-19 01:31:19", "elapsed": 23706.445097, "delta": 13.800395}},
{"target": 0.9160714285714285, "params": {"activation_function": 1.4563751306628114, "amount_of_layers": 4.128791177723576, "batch_size": 139.12945235146702, "dropout_rate": 0.4699570084960022, "epochs": 113.39512562837595, "hidden_channels": 55.701272821596426, "learning_rate": 0.06944957706019314, "optimizer": 0.7248491774559973, "pooling_algorithm": 0.5223431211316745}, "datetime": {"datetime": "2023-11-19 01:32:15", "elapsed": 23762.371545, "delta": 55.926448}},
{"target": 0.725, "params": {"activation_function": 0.037052990263692465, "amount_of_layers": 2.3297809591169933, "batch_size": 106.11572287719267, "dropout_rate": 0.5861368924081671, "epochs": 73.6553420262548, "hidden_channels": 113.38947356770854, "learning_rate": 0.07115815606372185, "optimizer": 1.5475386523807024, "pooling_algorithm": 0.1268764888184135}, "datetime": {"datetime": "2023-11-19 01:32:26", "elapsed": 23773.753494, "delta": 11.381949}},
{"target": 0.27499999999999997, "params": {"activation_function": 0.73951787813889, "amount_of_layers": 6.071291666999142, "batch_size": 146.52955078379583, "dropout_rate": 0.4103217029357819, "epochs": 75.9808630132272, "hidden_channels": 108.50412543881733, "learning_rate": 0.034926704731389216, "optimizer": 0.914162433959635, "pooling_algorithm": 0.45052970342300036}, "datetime": {"datetime": "2023-11-19 01:32:41", "elapsed": 23787.964116, "delta": 14.210622}},
{"target": 0.9142857142857143, "params": {"activation_function": 1.4659889121078293, "amount_of_layers": 2.35612964898601, "batch_size": 45.823808159647484, "dropout_rate": 0.5531196775257907, "epochs": 129.05844413967446, "hidden_channels": 107.18704690366788, "learning_rate": 0.0069103521576682715, "optimizer": 1.871224320761522, "pooling_algorithm": 0.9815440437980656}, "datetime": {"datetime": "2023-11-19 01:32:53", "elapsed": 23800.611521, "delta": 12.647405}},
{"target": 0.0, "params": {"activation_function": 1.716556180567877, "amount_of_layers": 4.543624369894332, "batch_size": 130.85203373145146, "dropout_rate": 0.7148175049014265, "epochs": 163.76695795410143, "hidden_channels": 126.86935743226128, "learning_rate": 0.031297202743837, "optimizer": 0.36907572204487726, "pooling_algorithm": 0.588550894782086}, "datetime": {"datetime": "2023-11-19 01:33:10", "elapsed": 23817.419291, "delta": 16.80777}},
{"target": 0.0, "params": {"activation_function": 0.8718782802344842, "amount_of_layers": 8.464525977038388, "batch_size": 71.07489316028465, "dropout_rate": 0.4088234330773776, "epochs": 25.532471537568057, "hidden_channels": 48.632183398010895, "learning_rate": 0.09179813304523758, "optimizer": 1.3915731663313922, "pooling_algorithm": 0.3870925710707568}, "datetime": {"datetime": "2023-11-19 01:33:20", "elapsed": 23827.258126, "delta": 9.838835}},
{"target": 0.5607142857142857, "params": {"activation_function": 1.3078405616051791, "amount_of_layers": 1.5094925437077338, "batch_size": 122.91778310356834, "dropout_rate": 0.5905361370211872, "epochs": 156.35719794018678, "hidden_channels": 59.72773272727388, "learning_rate": 0.009895169166995947, "optimizer": 0.31906045852712106, "pooling_algorithm": 0.40891216751974757}, "datetime": {"datetime": "2023-11-19 01:33:56", "elapsed": 23863.14186, "delta": 35.883734}},
{"target": 0.0, "params": {"activation_function": 1.775444191533548, "amount_of_layers": 8.703828653815897, "batch_size": 91.76048071858362, "dropout_rate": 0.7206041957525346, "epochs": 79.20884505565958, "hidden_channels": 116.44931328867379, "learning_rate": 0.0793837786699777, "optimizer": 0.9230678311197626, "pooling_algorithm": 0.6989173706830966}, "datetime": {"datetime": "2023-11-19 01:34:14", "elapsed": 23880.960762, "delta": 17.818902}},
{"target": 0.825, "params": {"activation_function": 0.04991336499764998, "amount_of_layers": 4.0879552640368, "batch_size": 127.16976793407781, "dropout_rate": 0.7402093517401223, "epochs": 165.87503933125353, "hidden_channels": 48.56056874980398, "learning_rate": 0.01426243930644535, "optimizer": 0.14468371960019843, "pooling_algorithm": 0.3246560887290033}, "datetime": {"datetime": "2023-11-19 01:34:56", "elapsed": 23923.16778, "delta": 42.207018}},
{"target": 0.9107142857142857, "params": {"activation_function": 0.27818636274222475, "amount_of_layers": 3.582532962112035, "batch_size": 27.02379699743299, "dropout_rate": 0.2726793740339159, "epochs": 141.86968327568596, "hidden_channels": 109.6222631832306, "learning_rate": 0.03616528352203658, "optimizer": 1.580067905326335, "pooling_algorithm": 0.7917952359530908}, "datetime": {"datetime": "2023-11-19 01:35:43", "elapsed": 23970.746622, "delta": 47.578842}},
{"target": 0.9142857142857143, "params": {"activation_function": 1.4535197363308312, "amount_of_layers": 3.8395013997022627, "batch_size": 90.85756566659347, "dropout_rate": 0.4562787590083528, "epochs": 39.09715382528776, "hidden_channels": 106.12299637698541, "learning_rate": 0.060592248695318096, "optimizer": 1.2770570287576644, "pooling_algorithm": 0.738071707078269}, "datetime": {"datetime": "2023-11-19 01:35:54", "elapsed": 23980.916387, "delta": 10.169765}},
{"target": 0.8392857142857143, "params": {"activation_function": 1.5782956593652082, "amount_of_layers": 7.0953103600200125, "batch_size": 98.70191341329532, "dropout_rate": 0.7039043265720051, "epochs": 167.05122975993856, "hidden_channels": 14.590716203528283, "learning_rate": 0.015418141960260878, "optimizer": 1.2325319659204335, "pooling_algorithm": 0.5963660725865371}, "datetime": {"datetime": "2023-11-19 01:36:44", "elapsed": 24031.3123, "delta": 50.395913}},
{"target": 0.9053571428571429, "params": {"activation_function": 0.5291706297737946, "amount_of_layers": 7.5832081214406015, "batch_size": 119.55627040729618, "dropout_rate": 0.4529547781781423, "epochs": 108.55814033035715, "hidden_channels": 44.35210140441088, "learning_rate": 0.06446630363350563, "optimizer": 0.9537386714846883, "pooling_algorithm": 0.9470772951655483}, "datetime": {"datetime": "2023-11-19 01:36:57", "elapsed": 24044.680217, "delta": 13.367917}},
{"target": 0.7321428571428572, "params": {"activation_function": 1.1021011265889553, "amount_of_layers": 4.925131214015772, "batch_size": 126.41406733451538, "dropout_rate": 0.6657011483593509, "epochs": 161.26068417102, "hidden_channels": 69.0909154515167, "learning_rate": 0.03078921497027736, "optimizer": 0.5233252769449608, "pooling_algorithm": 0.09721453972893312}, "datetime": {"datetime": "2023-11-19 01:37:44", "elapsed": 24091.515547, "delta": 46.83533}},
{"target": 0.3107142857142857, "params": {"activation_function": 1.7868370699457206, "amount_of_layers": 7.458200153791969, "batch_size": 132.0136616221587, "dropout_rate": 0.2637706041060611, "epochs": 118.8241644144148, "hidden_channels": 14.197972842232057, "learning_rate": 0.03764215061187189, "optimizer": 0.6145633499177952, "pooling_algorithm": 0.6269235771846543}, "datetime": {"datetime": "2023-11-19 01:37:58", "elapsed": 24105.158939, "delta": 13.643392}},
{"target": 0.9142857142857143, "params": {"activation_function": 1.435965335769749, "amount_of_layers": 6.142048237575113, "batch_size": 110.50150426335772, "dropout_rate": 0.5144320455355255, "epochs": 143.03096869412926, "hidden_channels": 55.35989294002067, "learning_rate": 0.005302562098029398, "optimizer": 1.9612759727889668, "pooling_algorithm": 0.9675714413868791}, "datetime": {"datetime": "2023-11-19 01:39:23", "elapsed": 24190.481927, "delta": 85.322988}},
{"target": 0.7, "params": {"activation_function": 0.9389899911129422, "amount_of_layers": 6.1945548008957685, "batch_size": 74.39286811546015, "dropout_rate": 0.3552294193764886, "epochs": 194.7796829748889, "hidden_channels": 46.45370275022772, "learning_rate": 0.019425389973660098, "optimizer": 0.4998568192798456, "pooling_algorithm": 0.2236172963158003}, "datetime": {"datetime": "2023-11-19 01:40:04", "elapsed": 24231.764684, "delta": 41.282757}},
{"target": 0.7392857142857143, "params": {"activation_function": 1.493310138776165, "amount_of_layers": 7.365874805074747, "batch_size": 96.8379751260592, "dropout_rate": 0.5430657211084355, "epochs": 87.0061686908499, "hidden_channels": 71.4151357862222, "learning_rate": 0.09536096218617288, "optimizer": 0.27107531716613886, "pooling_algorithm": 0.12896545514113322}, "datetime": {"datetime": "2023-11-19 01:40:47", "elapsed": 24274.251623, "delta": 42.486939}},
{"target": 0.5, "params": {"activation_function": 0.3507163266143636, "amount_of_layers": 2.9109635960481075, "batch_size": 29.251496089065213, "dropout_rate": 0.5215650991393377, "epochs": 94.8072321863824, "hidden_channels": 87.41901124356862, "learning_rate": 0.0793718809799029, "optimizer": 0.7152207493698532, "pooling_algorithm": 0.34737341620356044}, "datetime": {"datetime": "2023-11-19 01:41:00", "elapsed": 24286.9545, "delta": 12.702877}},
{"target": 0.9107142857142857, "params": {"activation_function": 0.30007480397903397, "amount_of_layers": 1.9208674986738838, "batch_size": 92.28095457028607, "dropout_rate": 0.34605825770577064, "epochs": 89.93139401299783, "hidden_channels": 70.21762785420195, "learning_rate": 0.07010255106403311, "optimizer": 0.3532214588323246, "pooling_algorithm": 0.9474254926233472}, "datetime": {"datetime": "2023-11-19 01:41:38", "elapsed": 24325.46024, "delta": 38.50574}},
{"target": 0.9053571428571429, "params": {"activation_function": 1.5057450908918906, "amount_of_layers": 7.713319125994248, "batch_size": 66.23190863907388, "dropout_rate": 0.4206491397703612, "epochs": 75.03074162664691, "hidden_channels": 85.82167571673376, "learning_rate": 0.052573201810267076, "optimizer": 1.665714611815298, "pooling_algorithm": 0.8565681547692912}, "datetime": {"datetime": "2023-11-19 01:41:53", "elapsed": 24340.025988, "delta": 14.565748}},
{"target": 0.0, "params": {"activation_function": 0.8814860576117687, "amount_of_layers": 6.104821521076923, "batch_size": 124.16251648418057, "dropout_rate": 0.693986064476234, "epochs": 160.59425409339855, "hidden_channels": 57.800689081804315, "learning_rate": 0.04064608711912195, "optimizer": 1.9374024575117803, "pooling_algorithm": 0.09142195257685215}, "datetime": {"datetime": "2023-11-19 01:43:32", "elapsed": 24439.560649, "delta": 99.534661}},
{"target": 0.7374999999999999, "params": {"activation_function": 0.8458490739869982, "amount_of_layers": 8.22353069366649, "batch_size": 48.067259079145714, "dropout_rate": 0.35386422763082626, "epochs": 144.19103929903233, "hidden_channels": 14.606008160462913, "learning_rate": 0.0312603290531829, "optimizer": 0.44229681532720844, "pooling_algorithm": 0.366081119960843}, "datetime": {"datetime": "2023-11-19 01:43:46", "elapsed": 24453.690755, "delta": 14.130106}},
{"target": 0.9071428571428571, "params": {"activation_function": 1.12694167273097, "amount_of_layers": 6.075866833297821, "batch_size": 131.58378455465328, "dropout_rate": 0.28776717627799414, "epochs": 119.11211940541551, "hidden_channels": 85.72794646772336, "learning_rate": 0.009868801442399315, "optimizer": 1.5353426861716128, "pooling_algorithm": 0.8559586486311908}, "datetime": {"datetime": "2023-11-19 01:44:02", "elapsed": 24469.471986, "delta": 15.781231}},
{"target": 0.7428571428571429, "params": {"activation_function": 1.6793888634638243, "amount_of_layers": 8.262090810733623, "batch_size": 123.91667794141846, "dropout_rate": 0.3842998114368723, "epochs": 174.10688163984736, "hidden_channels": 68.9279765017742, "learning_rate": 0.0704242731418617, "optimizer": 0.960936396092688, "pooling_algorithm": 0.28888452849006385}, "datetime": {"datetime": "2023-11-19 01:44:20", "elapsed": 24487.26548, "delta": 17.793494}},
{"target": 0.2625, "params": {"activation_function": 1.0031716872631615, "amount_of_layers": 8.00758723467323, "batch_size": 43.604219335215575, "dropout_rate": 0.5900891882894606, "epochs": 27.993456145922462, "hidden_channels": 90.40266016458085, "learning_rate": 0.00879650469912793, "optimizer": 1.2117279090445332, "pooling_algorithm": 0.4010683457361157}, "datetime": {"datetime": "2023-11-19 01:44:31", "elapsed": 24498.777867, "delta": 11.512387}},
{"target": 0.26785714285714285, "params": {"activation_function": 0.9583826357907566, "amount_of_layers": 3.6850244014198843, "batch_size": 59.33680469188585, "dropout_rate": 0.6867733483034651, "epochs": 10.919085024813533, "hidden_channels": 25.62617362317979, "learning_rate": 0.06489671478507303, "optimizer": 0.25944080703713124, "pooling_algorithm": 0.1222800856120898}, "datetime": {"datetime": "2023-11-19 01:45:09", "elapsed": 24536.145775, "delta": 37.367908}},
{"target": 0.9017857142857143, "params": {"activation_function": 1.2210127722560962, "amount_of_layers": 4.367177419555427, "batch_size": 34.05652354391705, "dropout_rate": 0.2522090051090276, "epochs": 141.07951200562135, "hidden_channels": 57.65354772937894, "learning_rate": 0.03724012611690538, "optimizer": 0.8922439917967173, "pooling_algorithm": 0.6147750057844298}, "datetime": {"datetime": "2023-11-19 01:45:22", "elapsed": 24549.208425, "delta": 13.06265}},
{"target": 0.26785714285714285, "params": {"activation_function": 0.6317184329167913, "amount_of_layers": 6.582265118865968, "batch_size": 66.79816509442837, "dropout_rate": 0.4225266036284407, "epochs": 77.87268085379607, "hidden_channels": 72.32265091891865, "learning_rate": 0.03282857247880219, "optimizer": 1.6578417822270517, "pooling_algorithm": 0.0322917835836507}, "datetime": {"datetime": "2023-11-19 01:45:34", "elapsed": 24561.42012, "delta": 12.211695}},
{"target": 0.7428571428571429, "params": {"activation_function": 0.4894141181991729, "amount_of_layers": 5.840085120583082, "batch_size": 131.39066059439466, "dropout_rate": 0.3654330594660352, "epochs": 119.40166585275884, "hidden_channels": 84.67111742745841, "learning_rate": 0.05468026558288631, "optimizer": 1.6809258109599918, "pooling_algorithm": 0.31139885616588814}, "datetime": {"datetime": "2023-11-19 01:46:16", "elapsed": 24603.728298, "delta": 42.308178}},
{"target": 0.9125, "params": {"activation_function": 1.0748636397956268, "amount_of_layers": 7.931239172495934, "batch_size": 54.37162760164123, "dropout_rate": 0.3929291228165199, "epochs": 79.07826314561794, "hidden_channels": 94.79908005973047, "learning_rate": 0.056037651906911824, "optimizer": 0.2710553452151041, "pooling_algorithm": 0.81310788105993}, "datetime": {"datetime": "2023-11-19 01:47:01", "elapsed": 24648.392609, "delta": 44.664311}},
{"target": 0.9142857142857143, "params": {"activation_function": 0.922272958632484, "amount_of_layers": 6.945492301234207, "batch_size": 64.17870493815533, "dropout_rate": 0.44694887019359564, "epochs": 178.08595250369268, "hidden_channels": 113.23832623229373, "learning_rate": 0.05347516095130119, "optimizer": 0.5985882220448873, "pooling_algorithm": 0.877604770725582}, "datetime": {"datetime": "2023-11-19 01:47:51", "elapsed": 24698.445322, "delta": 50.052713}},
{"target": 0.7928571428571429, "params": {"activation_function": 0.20972647093303243, "amount_of_layers": 4.501774291750988, "batch_size": 130.54170238909703, "dropout_rate": 0.4948946518883299, "epochs": 164.82164702380433, "hidden_channels": 76.17463040767343, "learning_rate": 0.0050550864534817525, "optimizer": 1.472197404273178, "pooling_algorithm": 0.561151631844776}, "datetime": {"datetime": "2023-11-19 01:48:36", "elapsed": 24743.012698, "delta": 44.567376}},
{"target": 0.725, "params": {"activation_function": 0.3358319833828334, "amount_of_layers": 3.7497087255845587, "batch_size": 125.48071850695248, "dropout_rate": 0.5255304436289796, "epochs": 161.9393152422833, "hidden_channels": 74.50431985394721, "learning_rate": 0.026519727483479406, "optimizer": 0.5666633757817534, "pooling_algorithm": 0.4697164803228603}, "datetime": {"datetime": "2023-11-19 01:49:21", "elapsed": 24788.260497, "delta": 45.247799}},
{"target": 0.7374999999999999, "params": {"activation_function": 1.3186068194899099, "amount_of_layers": 8.866245803588004, "batch_size": 87.00654488012555, "dropout_rate": 0.388786178486776, "epochs": 164.4132270503494, "hidden_channels": 41.34504669764972, "learning_rate": 0.0031972290789579623, "optimizer": 1.7746064627896296, "pooling_algorithm": 0.04555709161382315}, "datetime": {"datetime": "2023-11-19 01:49:38", "elapsed": 24804.938692, "delta": 16.678195}},
{"target": 0.9107142857142857, "params": {"activation_function": 1.2418863728392926, "amount_of_layers": 1.2315131866147038, "batch_size": 67.94906796729063, "dropout_rate": 0.6391037874590377, "epochs": 129.39822012591333, "hidden_channels": 83.85772630589432, "learning_rate": 0.01753985266969358, "optimizer": 0.8814513873738028, "pooling_algorithm": 0.7340343442250352}, "datetime": {"datetime": "2023-11-19 01:49:52", "elapsed": 24818.952252, "delta": 14.01356}},
{"target": 0.8214285714285714, "params": {"activation_function": 0.2406039495621819, "amount_of_layers": 7.192289307265135, "batch_size": 104.22342333715147, "dropout_rate": 0.40007550256098684, "epochs": 199.3596550476082, "hidden_channels": 48.29093725482182, "learning_rate": 0.06165269157522509, "optimizer": 0.11676397712431563, "pooling_algorithm": 0.1878710004585208}, "datetime": {"datetime": "2023-11-19 01:50:07", "elapsed": 24834.661059, "delta": 15.708807}},
{"target": 0.7357142857142858, "params": {"activation_function": 1.9105628984106284, "amount_of_layers": 8.351253305031971, "batch_size": 138.48305943432797, "dropout_rate": 0.6252241856575813, "epochs": 172.45202156151967, "hidden_channels": 96.54916010167092, "learning_rate": 0.047375128935197505, "optimizer": 1.6108240453821192, "pooling_algorithm": 0.387967028556494}, "datetime": {"datetime": "2023-11-19 01:50:27", "elapsed": 24854.830714, "delta": 20.169655}},
{"target": 0.9285714285714286, "params": {"activation_function": 0.4595584774747741, "amount_of_layers": 5.504231417853842, "batch_size": 74.58329344881136, "dropout_rate": 0.7109221095427947, "epochs": 49.82937575435317, "hidden_channels": 67.1468810243018, "learning_rate": 0.025202293934679505, "optimizer": 0.22626116418711262, "pooling_algorithm": 0.9842748045401033}, "datetime": {"datetime": "2023-11-19 01:50:38", "elapsed": 24865.43274, "delta": 10.602026}},
{"target": 0.9196428571428572, "params": {"activation_function": 0.7447300551060414, "amount_of_layers": 4.367623917445257, "batch_size": 52.8942048331172, "dropout_rate": 0.6701073203294975, "epochs": 123.34780439253025, "hidden_channels": 70.66035877909503, "learning_rate": 0.07444021944123096, "optimizer": 1.4710311316708813, "pooling_algorithm": 0.7139317833815564}, "datetime": {"datetime": "2023-11-19 01:50:52", "elapsed": 24879.586394, "delta": 14.153654}},
{"target": 0.0, "params": {"activation_function": 1.8193098831157513, "amount_of_layers": 7.526519072090005, "batch_size": 118.96732905090167, "dropout_rate": 0.42233746908267966, "epochs": 159.45767407264535, "hidden_channels": 61.90459020420671, "learning_rate": 0.08822693933075838, "optimizer": 1.155205212468839, "pooling_algorithm": 0.8437890392968743}, "datetime": {"datetime": "2023-11-19 01:51:38", "elapsed": 24924.951617, "delta": 45.365223}},
{"target": 0.6857142857142856, "params": {"activation_function": 1.6297368303770154, "amount_of_layers": 7.964891003370498, "batch_size": 67.95946892910197, "dropout_rate": 0.3056410310267019, "epochs": 106.92672920222005, "hidden_channels": 13.140853750029057, "learning_rate": 0.01175371110193086, "optimizer": 0.3345180851847205, "pooling_algorithm": 0.28919404491656053}, "datetime": {"datetime": "2023-11-19 01:51:51", "elapsed": 24938.740057, "delta": 13.78844}},
{"target": 0.9125, "params": {"activation_function": 1.1340197262783895, "amount_of_layers": 8.956190534691899, "batch_size": 45.35004713474464, "dropout_rate": 0.4949659351568257, "epochs": 114.18024302741993, "hidden_channels": 91.208219366801, "learning_rate": 0.058026615605368065, "optimizer": 0.335831291505726, "pooling_algorithm": 0.7917117040738357}, "datetime": {"datetime": "2023-11-19 01:52:45", "elapsed": 24992.425577, "delta": 53.68552}},
{"target": 0.9089285714285714, "params": {"activation_function": 0.10660524827034767, "amount_of_layers": 2.6042371519885794, "batch_size": 104.87100918117822, "dropout_rate": 0.3432472143448173, "epochs": 193.5810586060548, "hidden_channels": 89.0563753810022, "learning_rate": 0.06373154386944864, "optimizer": 1.0675484869949485, "pooling_algorithm": 0.6308259165882486}, "datetime": {"datetime": "2023-11-19 01:53:01", "elapsed": 25008.034184, "delta": 15.608607}},
{"target": 0.9089285714285714, "params": {"activation_function": 0.20442347139843364, "amount_of_layers": 3.990377584067028, "batch_size": 127.09515266760975, "dropout_rate": 0.6089589783087118, "epochs": 179.12400863506215, "hidden_channels": 102.87244773826285, "learning_rate": 0.022095508233058617, "optimizer": 1.400569369279342, "pooling_algorithm": 0.5203390240489506}, "datetime": {"datetime": "2023-11-19 01:54:07", "elapsed": 25073.963621, "delta": 65.929437}},
{"target": 0.9178571428571429, "params": {"activation_function": 1.8782401045744395, "amount_of_layers": 4.522293528893557, "batch_size": 122.34976931337384, "dropout_rate": 0.29622051708472563, "epochs": 101.91352599274353, "hidden_channels": 79.34535421867122, "learning_rate": 0.09815788158861832, "optimizer": 1.4956426772688682, "pooling_algorithm": 0.6982776643766686}, "datetime": {"datetime": "2023-11-19 01:54:20", "elapsed": 25087.177609, "delta": 13.213988}},
