{"target": 0.825, "params": {"activation_function": 2.0, "amount_of_layers": 5.259342795300774, "batch_size": 114.41119868726285, "dropout_rate": 0.75, "epochs": 155.11946251798483, "hidden_channels": 63.486784230306185, "learning_rate": 0.1, "optimizer": 0.0, "pooling_algorithm": 0.0}, "datetime": {"datetime": "2023-11-18 19:03:47", "elapsed": 454.516891, "delta": 5.61129}},
{"target": 0.8642857142857142, "params": {"activation_function": 2.0, "amount_of_layers": 9.0, "batch_size": 121.94570103301622, "dropout_rate": 0.75, "epochs": 162.0985783142858, "hidden_channels": 68.4371411175462, "learning_rate": 0.001, "optimizer": 0.0, "pooling_algorithm": 1.0}, "datetime": {"datetime": "2023-11-18 19:03:56", "elapsed": 462.954948, "delta": 8.438057}},
{"target": 0.9125, "params": {"activation_function": 1.577296191355995, "amount_of_layers": 4.554357560579129, "batch_size": 17.67511603361677, "dropout_rate": 0.480643141561656, "epochs": 193.30058059181647, "hidden_channels": 9.815063771424207, "learning_rate": 0.05750187956438545, "optimizer": 1.8699283259615682, "pooling_algorithm": 0.5600234755848172}, "datetime": {"datetime": "2023-11-18 19:04:07", "elapsed": 474.471082, "delta": 11.516134}},
{"target": 0.8875000000000001, "params": {"activation_function": 0.1326557007926279, "amount_of_layers": 3.7629699723358963, "batch_size": 96.021901133786, "dropout_rate": 0.7496783555151932, "epochs": 86.23131883476584, "hidden_channels": 72.57800268098279, "learning_rate": 0.031267373936250904, "optimizer": 0.6251063997595185, "pooling_algorithm": 0.15046910047888495}, "datetime": {"datetime": "2023-11-18 19:04:10", "elapsed": 477.808098, "delta": 3.337016}},
{"target": 0.8214285714285714, "params": {"activation_function": 2.0, "amount_of_layers": 1.0, "batch_size": 95.14070413926221, "dropout_rate": 0.25, "epochs": 94.75001095749406, "hidden_channels": 72.69749678817982, "learning_rate": 0.07239444294738277, "optimizer": 2.0, "pooling_algorithm": 1.0}, "datetime": {"datetime": "2023-11-18 19:04:13", "elapsed": 480.322707, "delta": 2.514609}},
{"target": 0.9053571428571429, "params": {"activation_function": 0.03974470896639373, "amount_of_layers": 8.916140984147724, "batch_size": 22.82500066874125, "dropout_rate": 0.3229498358211367, "epochs": 189.51028406049238, "hidden_channels": 14.069556923705223, "learning_rate": 0.09225378931246708, "optimizer": 0.8703234817294457, "pooling_algorithm": 1.0}, "datetime": {"datetime": "2023-11-18 19:04:27", "elapsed": 494.532036, "delta": 14.209329}},
{"target": 0.8107142857142857, "params": {"activation_function": 1.8815221620043039, "amount_of_layers": 8.646708842180562, "batch_size": 72.83566247496967, "dropout_rate": 0.75, "epochs": 199.63401966496994, "hidden_channels": 52.48908212156731, "learning_rate": 0.1, "optimizer": 0.0, "pooling_algorithm": 0.0}, "datetime": {"datetime": "2023-11-18 19:04:37", "elapsed": 503.904116, "delta": 9.37208}},
{"target": 0.9125, "params": {"activation_function": 0.0, "amount_of_layers": 1.0, "batch_size": 62.53770970330937, "dropout_rate": 0.75, "epochs": 180.62207231628594, "hidden_channels": 41.70400185098621, "learning_rate": 0.1, "optimizer": 2.0, "pooling_algorithm": 1.0}, "datetime": {"datetime": "2023-11-18 19:04:41", "elapsed": 507.84242, "delta": 3.938304}},
{"target": 0.9107142857142857, "params": {"activation_function": 0.29058959640151727, "amount_of_layers": 5.505727054883988, "batch_size": 118.75593785482306, "dropout_rate": 0.5870700809007894, "epochs": 153.46211600484105, "hidden_channels": 55.44759492156212, "learning_rate": 0.08413791634418648, "optimizer": 0.30576235421112274, "pooling_algorithm": 0.842239936903681}, "datetime": {"datetime": "2023-11-18 19:04:45", "elapsed": 512.825799, "delta": 4.983379}},
{"target": 0.8964285714285715, "params": {"activation_function": 0.8962152620030707, "amount_of_layers": 8.355472844030997, "batch_size": 51.94429590700586, "dropout_rate": 0.4583817277074429, "epochs": 180.20201055964355, "hidden_channels": 105.80023924003632, "learning_rate": 0.07783383961267498, "optimizer": 0.8903640521122679, "pooling_algorithm": 0.8394543975451734}, "datetime": {"datetime": "2023-11-18 19:05:12", "elapsed": 539.335719, "delta": 26.50992}},
{"target": 0.0, "params": {"activation_function": 0.0, "amount_of_layers": 4.572615887564524, "batch_size": 54.407239168729156, "dropout_rate": 0.2790113389005789, "epochs": 134.6620354697924, "hidden_channels": 33.99032851523884, "learning_rate": 0.0882931418269265, "optimizer": 2.0, "pooling_algorithm": 1.0}, "datetime": {"datetime": "2023-11-18 19:05:17", "elapsed": 544.113823, "delta": 4.778104}},
{"target": 0.8071428571428572, "params": {"activation_function": 1.626881187486339, "amount_of_layers": 9.0, "batch_size": 56.79439501381211, "dropout_rate": 0.75, "epochs": 121.22404576747469, "hidden_channels": 23.049312657599213, "learning_rate": 0.001, "optimizer": 1.5760324612714307, "pooling_algorithm": 0.3047071881807612}, "datetime": {"datetime": "2023-11-18 19:05:22", "elapsed": 549.558123, "delta": 5.4443}},
{"target": 0.6821428571428572, "params": {"activation_function": 2.0, "amount_of_layers": 1.0, "batch_size": 100.34635005400733, "dropout_rate": 0.25, "epochs": 82.77723026194411, "hidden_channels": 65.35674588200354, "learning_rate": 0.1, "optimizer": 2.0, "pooling_algorithm": 1.0}, "datetime": {"datetime": "2023-11-18 19:05:25", "elapsed": 551.884229, "delta": 2.326106}},
{"target": 0.9071428571428573, "params": {"activation_function": 0.9635677382099264, "amount_of_layers": 3.5140901952839574, "batch_size": 17.845962304596963, "dropout_rate": 0.6083176481104662, "epochs": 187.03702815349553, "hidden_channels": 16.42416433653441, "learning_rate": 0.08568464922314635, "optimizer": 1.147397041067973, "pooling_algorithm": 0.8778599648475758}, "datetime": {"datetime": "2023-11-18 19:05:35", "elapsed": 562.518694, "delta": 10.634465}},
{"target": 0.8321428571428571, "params": {"activation_function": 0.0, "amount_of_layers": 9.0, "batch_size": 92.8674563270884, "dropout_rate": 0.75, "epochs": 93.21213180770957, "hidden_channels": 71.12727968777985, "learning_rate": 0.1, "optimizer": 0.0, "pooling_algorithm": 0.0}, "datetime": {"datetime": "2023-11-18 19:05:40", "elapsed": 567.725769, "delta": 5.207075}},
{"target": 0.38392857142857145, "params": {"activation_function": 2.0, "amount_of_layers": 1.0, "batch_size": 24.747316918209272, "dropout_rate": 0.75, "epochs": 188.23246016701373, "hidden_channels": 10.36183148461197, "learning_rate": 0.001, "optimizer": 0.0, "pooling_algorithm": 0.0}, "datetime": {"datetime": "2023-11-18 19:05:46", "elapsed": 572.98339, "delta": 5.257621}},
{"target": 0.0, "params": {"activation_function": 0.0, "amount_of_layers": 1.0, "batch_size": 48.977568769630636, "dropout_rate": 0.75, "epochs": 133.8652641358447, "hidden_channels": 48.36105095989368, "learning_rate": 0.1, "optimizer": 0.0, "pooling_algorithm": 1.0}, "datetime": {"datetime": "2023-11-18 19:05:49", "elapsed": 576.171518, "delta": 3.188128}},
{"target": 0.9017857142857143, "params": {"activation_function": 0.7695560000781427, "amount_of_layers": 6.930334566392054, "batch_size": 46.418125705540376, "dropout_rate": 0.4279233827940611, "epochs": 140.50710610141758, "hidden_channels": 40.31510516039653, "learning_rate": 0.062226576340132546, "optimizer": 1.0064541185572204, "pooling_algorithm": 0.9910464218937401}, "datetime": {"datetime": "2023-11-18 19:05:56", "elapsed": 583.354025, "delta": 7.182507}},
{"target": 0.5892857142857143, "params": {"activation_function": 0.014788353499169071, "amount_of_layers": 7.513587865461369, "batch_size": 47.66805955513413, "dropout_rate": 0.36496945972069417, "epochs": 147.14877584558855, "hidden_channels": 46.356146578376396, "learning_rate": 0.0829892750364073, "optimizer": 0.6874152419697563, "pooling_algorithm": 0.389735243268989}, "datetime": {"datetime": "2023-11-18 19:06:04", "elapsed": 591.106859, "delta": 7.752834}},
{"target": 0.8571428571428572, "params": {"activation_function": 2.0, "amount_of_layers": 7.6828288592323775, "batch_size": 74.69484692662803, "dropout_rate": 0.75, "epochs": 77.32617763428657, "hidden_channels": 55.22093999114522, "learning_rate": 0.001, "optimizer": 2.0, "pooling_algorithm": 1.0}, "datetime": {"datetime": "2023-11-18 19:06:07", "elapsed": 594.631582, "delta": 3.524723}},
{"target": 0.9089285714285714, "params": {"activation_function": 0.0, "amount_of_layers": 1.7743403350613305, "batch_size": 69.1932985670141, "dropout_rate": 0.75, "epochs": 177.00709668063743, "hidden_channels": 43.681744697627465, "learning_rate": 0.07673857991484813, "optimizer": 1.2065371872720898, "pooling_algorithm": 1.0}, "datetime": {"datetime": "2023-11-18 19:06:12", "elapsed": 599.146015, "delta": 4.514433}},
{"target": 0.7464285714285714, "params": {"activation_function": 0.6707635097379084, "amount_of_layers": 3.2187778030059473, "batch_size": 44.93749766129368, "dropout_rate": 0.7262747879061745, "epochs": 84.18991585899816, "hidden_channels": 76.29411829578481, "learning_rate": 0.07724345931520621, "optimizer": 0.340975163562902, "pooling_algorithm": 0.32529031749833537}, "datetime": {"datetime": "2023-11-18 19:06:15", "elapsed": 602.374292, "delta": 3.228277}},
{"target": 0.9160714285714286, "params": {"activation_function": 0.9761988770885021, "amount_of_layers": 1.0, "batch_size": 63.65232038367652, "dropout_rate": 0.75, "epochs": 185.75339232739046, "hidden_channels": 33.41088830067159, "learning_rate": 0.07410068840238017, "optimizer": 2.0, "pooling_algorithm": 1.0}, "datetime": {"datetime": "2023-11-18 19:06:19", "elapsed": 606.070459, "delta": 3.696167}},
{"target": 0.7857142857142858, "params": {"activation_function": 1.926687783000832, "amount_of_layers": 5.627814605608925, "batch_size": 131.56883198888752, "dropout_rate": 0.559950319036185, "epochs": 155.63864222934842, "hidden_channels": 70.20559990371653, "learning_rate": 0.010519868654360113, "optimizer": 1.1666799000678996, "pooling_algorithm": 0.22726384355963347}, "datetime": {"datetime": "2023-11-18 19:06:26", "elapsed": 613.510537, "delta": 7.440078}},
{"target": 0.9089285714285714, "params": {"activation_function": 0.6281804399255219, "amount_of_layers": 9.0, "batch_size": 43.74280807234645, "dropout_rate": 0.40902962288849687, "epochs": 183.56858899928122, "hidden_channels": 104.67719057313832, "learning_rate": 0.1, "optimizer": 0.24658061307005183, "pooling_algorithm": 1.0}, "datetime": {"datetime": "2023-11-18 19:06:43", "elapsed": 630.471692, "delta": 16.961155}},
{"target": 0.08392857142857144, "params": {"activation_function": 0.7146587998920406, "amount_of_layers": 1.9936080105703269, "batch_size": 47.90302175211889, "dropout_rate": 0.40898427699357076, "epochs": 176.1671158728396, "hidden_channels": 108.53379491907556, "learning_rate": 0.05332455985310358, "optimizer": 1.9918302898273228, "pooling_algorithm": 0.7812695265246566}, "datetime": {"datetime": "2023-11-18 19:06:50", "elapsed": 637.511587, "delta": 7.039895}},
{"target": 0.9142857142857143, "params": {"activation_function": 1.173830651211011, "amount_of_layers": 8.19248553714849, "batch_size": 57.19826992012854, "dropout_rate": 0.2619689077162298, "epochs": 182.90534798699974, "hidden_channels": 97.82210032048464, "learning_rate": 0.06055367877000922, "optimizer": 0.01679814350627029, "pooling_algorithm": 0.8146169692961699}, "datetime": {"datetime": "2023-11-18 19:07:03", "elapsed": 650.799161, "delta": 13.287574}},
{"target": 0.0, "params": {"activation_function": 1.4164544297196486, "amount_of_layers": 8.463412857698453, "batch_size": 46.81731147791963, "dropout_rate": 0.2715929712004193, "epochs": 189.97143317024668, "hidden_channels": 99.99777138376315, "learning_rate": 0.08021792566483467, "optimizer": 0.4462639719523165, "pooling_algorithm": 0.8341465793949973}, "datetime": {"datetime": "2023-11-18 19:07:17", "elapsed": 664.516353, "delta": 13.717192}},
{"target": 0.26249999999999996, "params": {"activation_function": 0.839102741699304, "amount_of_layers": 7.466725169286268, "batch_size": 58.38260857422663, "dropout_rate": 0.41837181114557154, "epochs": 176.06936829282847, "hidden_channels": 101.93814595325102, "learning_rate": 0.04495360245108336, "optimizer": 1.8385169012414575, "pooling_algorithm": 0.22631761919924465}, "datetime": {"datetime": "2023-11-18 19:07:55", "elapsed": 702.38677, "delta": 37.870417}},
{"target": 0.9, "params": {"activation_function": 1.074432570718262, "amount_of_layers": 7.408749909261079, "batch_size": 123.53436121237108, "dropout_rate": 0.3594528594918163, "epochs": 157.65457166397783, "hidden_channels": 60.43473041576224, "learning_rate": 0.06764015444131787, "optimizer": 1.0725257528253829, "pooling_algorithm": 0.5457504390141255}, "datetime": {"datetime": "2023-11-18 19:08:02", "elapsed": 709.330676, "delta": 6.943906}},
{"target": 0.9125, "params": {"activation_function": 0.0, "amount_of_layers": 9.0, "batch_size": 16.0, "dropout_rate": 0.25, "epochs": 189.35177933727462, "hidden_channels": 13.360130410679995, "learning_rate": 0.1, "optimizer": 2.0, "pooling_algorithm": 1.0}, "datetime": {"datetime": "2023-11-18 19:08:19", "elapsed": 726.050991, "delta": 16.720315}},
{"target": 0.7857142857142857, "params": {"activation_function": 0.0, "amount_of_layers": 2.4338714803188477, "batch_size": 119.55473231658739, "dropout_rate": 0.25, "epochs": 159.0830332206653, "hidden_channels": 68.42356444866506, "learning_rate": 0.001, "optimizer": 0.0, "pooling_algorithm": 0.0}, "datetime": {"datetime": "2023-11-18 19:08:23", "elapsed": 730.082862, "delta": 4.031871}},
{"target": 0.8732142857142857, "params": {"activation_function": 2.0, "amount_of_layers": 1.0, "batch_size": 64.48759170826119, "dropout_rate": 0.75, "epochs": 74.33635590420955, "hidden_channels": 59.34260980373047, "learning_rate": 0.001, "optimizer": 2.0, "pooling_algorithm": 1.0}, "datetime": {"datetime": "2023-11-18 19:08:25", "elapsed": 732.164096, "delta": 2.081234}},
{"target": 0.0, "params": {"activation_function": 0.0, "amount_of_layers": 9.0, "batch_size": 130.86312450889417, "dropout_rate": 0.75, "epochs": 165.13534654760986, "hidden_channels": 67.93294231097268, "learning_rate": 0.1, "optimizer": 0.0, "pooling_algorithm": 1.0}, "datetime": {"datetime": "2023-11-18 19:08:34", "elapsed": 741.205304, "delta": 9.041208}},
{"target": 0.7482142857142856, "params": {"activation_function": 2.0, "amount_of_layers": 1.0, "batch_size": 64.97046845801944, "dropout_rate": 0.75, "epochs": 176.15553544126942, "hidden_channels": 38.45659477043268, "learning_rate": 0.001, "optimizer": 0.0, "pooling_algorithm": 1.0}, "datetime": {"datetime": "2023-11-18 19:08:38", "elapsed": 744.844005, "delta": 3.638701}},
{"target": 0.8571428571428572, "params": {"activation_function": 2.0, "amount_of_layers": 3.7183519850282143, "batch_size": 125.95156094261489, "dropout_rate": 0.3400311334649152, "epochs": 159.5775060500844, "hidden_channels": 75.49523464991375, "learning_rate": 0.001, "optimizer": 1.3659774595783545, "pooling_algorithm": 1.0}, "datetime": {"datetime": "2023-11-18 19:08:43", "elapsed": 750.64962, "delta": 5.805615}},
{"target": 0.9142857142857143, "params": {"activation_function": 1.4463043977596335, "amount_of_layers": 8.363882093295576, "batch_size": 99.7620418557, "dropout_rate": 0.34170415352290845, "epochs": 89.16281161070457, "hidden_channels": 69.24979230127472, "learning_rate": 0.07635297449321983, "optimizer": 0.21376317545666157, "pooling_algorithm": 0.9650888049794785}, "datetime": {"datetime": "2023-11-18 19:08:48", "elapsed": 755.337169, "delta": 4.687549}},
{"target": 0.8285714285714286, "params": {"activation_function": 0.0, "amount_of_layers": 2.991960712259594, "batch_size": 101.07075759663205, "dropout_rate": 0.75, "epochs": 92.44922080919486, "hidden_channels": 69.01774490008789, "learning_rate": 0.001, "optimizer": 2.0, "pooling_algorithm": 0.0}, "datetime": {"datetime": "2023-11-18 19:08:51", "elapsed": 758.208668, "delta": 2.871499}},
{"target": 0.7857142857142857, "params": {"activation_function": 1.7078317403506427, "amount_of_layers": 5.992202904867456, "batch_size": 64.80011552349913, "dropout_rate": 0.4034449284848706, "epochs": 178.38851069784863, "hidden_channels": 46.3096349744598, "learning_rate": 0.006548444141368733, "optimizer": 0.4674753413390198, "pooling_algorithm": 0.0925452115717269}, "datetime": {"datetime": "2023-11-18 19:08:57", "elapsed": 764.763358, "delta": 6.55469}},
{"target": 0.26785714285714285, "params": {"activation_function": 0.6644664168921373, "amount_of_layers": 8.494743426234592, "batch_size": 90.5990791100802, "dropout_rate": 0.5523964790048661, "epochs": 81.4219393132299, "hidden_channels": 68.98977091635663, "learning_rate": 0.02389596935411137, "optimizer": 1.1711920941888174, "pooling_algorithm": 0.3121845272882624}, "datetime": {"datetime": "2023-11-18 19:09:02", "elapsed": 769.246514, "delta": 4.483156}},
{"target": 0.9089285714285714, "params": {"activation_function": 0.09291719814564403, "amount_of_layers": 4.946911450603859, "batch_size": 63.149524715971616, "dropout_rate": 0.339148272465277, "epochs": 183.9594922989345, "hidden_channels": 39.33764765472515, "learning_rate": 0.09008461186145691, "optimizer": 0.6136263438082366, "pooling_algorithm": 0.5995342168794751}, "datetime": {"datetime": "2023-11-18 19:09:08", "elapsed": 775.323047, "delta": 6.076533}},
{"target": 0.7410714285714286, "params": {"activation_function": 1.6551434049842473, "amount_of_layers": 3.672889042739576, "batch_size": 100.34330710344524, "dropout_rate": 0.6986790394103025, "epochs": 88.39824342483416, "hidden_channels": 79.6681097151314, "learning_rate": 0.07368142743395055, "optimizer": 1.3244038973262606, "pooling_algorithm": 0.1049677434543721}, "datetime": {"datetime": "2023-11-18 19:09:11", "elapsed": 778.821511, "delta": 3.498464}},
{"target": 0.9, "params": {"activation_function": 2.0, "amount_of_layers": 9.0, "batch_size": 19.292479308581417, "dropout_rate": 0.25, "epochs": 189.975835984437, "hidden_channels": 19.982905298664463, "learning_rate": 0.0491049110678152, "optimizer": 2.0, "pooling_algorithm": 1.0}, "datetime": {"datetime": "2023-11-18 19:09:26", "elapsed": 793.454653, "delta": 14.633142}},
{"target": 0.9, "params": {"activation_function": 0.5572463273783537, "amount_of_layers": 6.273791660881643, "batch_size": 35.45153018133796, "dropout_rate": 0.7292410524863651, "epochs": 79.6800767428125, "hidden_channels": 73.4330368459643, "learning_rate": 0.002945477505881078, "optimizer": 0.2036455719150756, "pooling_algorithm": 0.5436900301389754}, "datetime": {"datetime": "2023-11-18 19:09:31", "elapsed": 797.96083, "delta": 4.506177}},
{"target": 0.0, "params": {"activation_function": 1.7106031424806742, "amount_of_layers": 7.081727231063602, "batch_size": 43.895063450910406, "dropout_rate": 0.5430779065466799, "epochs": 73.4121177049841, "hidden_channels": 73.07438850430783, "learning_rate": 0.05012672910662553, "optimizer": 0.652218467443511, "pooling_algorithm": 0.2838248987564087}, "datetime": {"datetime": "2023-11-18 19:09:35", "elapsed": 802.440915, "delta": 4.480085}},
{"target": 0.0, "params": {"activation_function": 0.0, "amount_of_layers": 6.471278366870838, "batch_size": 59.613590538232316, "dropout_rate": 0.75, "epochs": 177.60204298976652, "hidden_channels": 39.95234341097683, "learning_rate": 0.1, "optimizer": 2.0, "pooling_algorithm": 1.0}, "datetime": {"datetime": "2023-11-18 19:09:41", "elapsed": 808.581006, "delta": 6.140091}},
{"target": 0.9214285714285715, "params": {"activation_function": 0.0, "amount_of_layers": 1.8900727886253712, "batch_size": 92.9887169672914, "dropout_rate": 0.75, "epochs": 90.2419200076415, "hidden_channels": 69.39554751402166, "learning_rate": 0.1, "optimizer": 0.0, "pooling_algorithm": 1.0}, "datetime": {"datetime": "2023-11-18 19:09:44", "elapsed": 811.115234, "delta": 2.534228}},
{"target": 0.817857142857143, "params": {"activation_function": 0.4506052245771528, "amount_of_layers": 5.97459149336216, "batch_size": 18.037236712424473, "dropout_rate": 0.40796879138063696, "epochs": 191.193082084731, "hidden_channels": 14.722279385121332, "learning_rate": 0.05440449375858726, "optimizer": 0.47678760838822276, "pooling_algorithm": 0.09492188176388394}, "datetime": {"datetime": "2023-11-18 19:09:56", "elapsed": 822.860551, "delta": 11.745317}},
{"target": 0.9089285714285714, "params": {"activation_function": 0.0, "amount_of_layers": 9.0, "batch_size": 18.708712679628054, "dropout_rate": 0.75, "epochs": 190.1362764385306, "hidden_channels": 7.733827326356668, "learning_rate": 0.1, "optimizer": 2.0, "pooling_algorithm": 1.0}, "datetime": {"datetime": "2023-11-18 19:10:09", "elapsed": 836.732661, "delta": 13.87211}},
{"target": 0.8982142857142856, "params": {"activation_function": 0.8030902738248469, "amount_of_layers": 1.5482120098364005, "batch_size": 127.29337839034422, "dropout_rate": 0.48231831939596714, "epochs": 159.15492767163343, "hidden_channels": 63.31283227032233, "learning_rate": 0.09735049973416046, "optimizer": 0.8796297974433067, "pooling_algorithm": 0.5766521505263743}, "datetime": {"datetime": "2023-11-18 19:10:13", "elapsed": 840.769861, "delta": 4.0372}},
{"target": 0.8392857142857143, "params": {"activation_function": 1.159609405174831, "amount_of_layers": 1.1206018611486677, "batch_size": 65.01140854480414, "dropout_rate": 0.29106786242794674, "epochs": 183.11990781184917, "hidden_channels": 40.71307961166352, "learning_rate": 0.08264014492433261, "optimizer": 0.5349251297287239, "pooling_algorithm": 0.5303975464439337}, "datetime": {"datetime": "2023-11-18 19:10:17", "elapsed": 844.56758, "delta": 3.797719}},
