{"target": 0.9107142857142857, "params": {"activation_function": 0.011588220844018338, "amount_of_layers": 8.60339036594692, "batch_size": 63.567460336211184, "dropout_rate": 0.6881109240721596, "epochs": 183.20495707434418, "hidden_channels": 107.06850773921104, "learning_rate": 0.05301899399227686, "optimizer": 1.9050447525277734, "pooling_algorithm": 0.7689989210721648}, "datetime": {"datetime": "2023-11-18 20:18:29", "elapsed": 4936.180695, "delta": 16.67338}},
{"target": 0.8607142857142858, "params": {"activation_function": 0.7983280040978132, "amount_of_layers": 3.234054508787105, "batch_size": 143.07932628391967, "dropout_rate": 0.3826605681280087, "epochs": 49.189898885504824, "hidden_channels": 35.66689466849253, "learning_rate": 0.052571175181802515, "optimizer": 0.4891961817883748, "pooling_algorithm": 0.6272008430595988}, "datetime": {"datetime": "2023-11-18 20:18:33", "elapsed": 4940.391945, "delta": 4.21125}},
{"target": 0.26607142857142857, "params": {"activation_function": 1.0149431351474172, "amount_of_layers": 5.397260436108194, "batch_size": 95.84122401985343, "dropout_rate": 0.6666389466099429, "epochs": 92.59039439278601, "hidden_channels": 71.77591314247545, "learning_rate": 0.01936476378863304, "optimizer": 0.6813657728152058, "pooling_algorithm": 0.48937376541712085}, "datetime": {"datetime": "2023-11-18 20:18:39", "elapsed": 4946.359723, "delta": 5.967778}},
{"target": 0.0, "params": {"activation_function": 1.619816470705825, "amount_of_layers": 8.956959536762385, "batch_size": 70.5462095111328, "dropout_rate": 0.2910170222398921, "epochs": 26.932557169281033, "hidden_channels": 59.71508577549163, "learning_rate": 0.04230820259764373, "optimizer": 0.6090649772827805, "pooling_algorithm": 0.015280696442742214}, "datetime": {"datetime": "2023-11-18 20:18:42", "elapsed": 4949.360064, "delta": 3.000341}},
{"target": 0.9017857142857143, "params": {"activation_function": 0.5248488725161076, "amount_of_layers": 6.35071704302559, "batch_size": 66.49935678257205, "dropout_rate": 0.6362824778414407, "epochs": 185.23393512183077, "hidden_channels": 37.78541124740468, "learning_rate": 0.06364212662118152, "optimizer": 1.0164514867555503, "pooling_algorithm": 0.861787223486132}, "datetime": {"datetime": "2023-11-18 20:18:51", "elapsed": 4958.806832, "delta": 9.446768}},
{"target": 0.9107142857142858, "params": {"activation_function": 0.5614911730626202, "amount_of_layers": 2.79782655183475, "batch_size": 122.57581326938103, "dropout_rate": 0.6189662554049785, "epochs": 88.39231768405644, "hidden_channels": 12.390958730144895, "learning_rate": 0.045925157428344444, "optimizer": 1.3341388612704992, "pooling_algorithm": 0.6650081246730208}, "datetime": {"datetime": "2023-11-18 20:18:55", "elapsed": 4961.869537, "delta": 3.062705}},
{"target": 0.9017857142857142, "params": {"activation_function": 0.7949801899595563, "amount_of_layers": 8.772944111352105, "batch_size": 90.6599189001796, "dropout_rate": 0.5654306456159793, "epochs": 151.87131031358933, "hidden_channels": 101.37600082853517, "learning_rate": 0.05424309590043268, "optimizer": 1.4224452216642511, "pooling_algorithm": 0.8235780413787259}, "datetime": {"datetime": "2023-11-18 20:19:22", "elapsed": 4989.754383, "delta": 27.884846}},
{"target": 0.0, "params": {"activation_function": 0.2460973162976745, "amount_of_layers": 4.514815582537511, "batch_size": 111.81834620343481, "dropout_rate": 0.541266983454491, "epochs": 108.30834003549175, "hidden_channels": 76.43433370448008, "learning_rate": 0.08136475143343465, "optimizer": 1.7941891324631536, "pooling_algorithm": 0.05804174707138354}, "datetime": {"datetime": "2023-11-18 20:19:27", "elapsed": 4994.781644, "delta": 5.027261}},
{"target": 0.7071428571428571, "params": {"activation_function": 1.394534764628927, "amount_of_layers": 7.255581632692143, "batch_size": 59.33923284105815, "dropout_rate": 0.32581329588520164, "epochs": 184.30363196042788, "hidden_channels": 100.37211466601921, "learning_rate": 0.045326127419066366, "optimizer": 1.187511515351545, "pooling_algorithm": 0.33046742754829206}, "datetime": {"datetime": "2023-11-18 20:19:40", "elapsed": 5007.25903, "delta": 12.477386}},
{"target": 0.9142857142857143, "params": {"activation_function": 1.3475091886212158, "amount_of_layers": 3.7498195552786484, "batch_size": 86.79711618878189, "dropout_rate": 0.2969320020033029, "epochs": 30.429554550155217, "hidden_channels": 28.140651258655055, "learning_rate": 0.025642512054419468, "optimizer": 0.6694626086790874, "pooling_algorithm": 0.9960164683354896}, "datetime": {"datetime": "2023-11-18 20:19:42", "elapsed": 5009.357254, "delta": 2.098224}},
{"target": 0.8357142857142856, "params": {"activation_function": 0.8670717061557158, "amount_of_layers": 2.0955530624357728, "batch_size": 122.99702894114145, "dropout_rate": 0.5546019837242779, "epochs": 89.3654543646746, "hidden_channels": 13.09752683356083, "learning_rate": 0.05985341202396104, "optimizer": 1.801775849797151, "pooling_algorithm": 0.37509353824932967}, "datetime": {"datetime": "2023-11-18 20:19:46", "elapsed": 5013.339978, "delta": 3.982724}},
{"target": 0.7303571428571429, "params": {"activation_function": 0.5892485052644951, "amount_of_layers": 7.112437971812972, "batch_size": 96.69888595275935, "dropout_rate": 0.672043510340303, "epochs": 134.0021919873005, "hidden_channels": 49.57495176940779, "learning_rate": 0.040108184518291325, "optimizer": 0.5886988990473991, "pooling_algorithm": 0.03193438336029608}, "datetime": {"datetime": "2023-11-18 20:19:52", "elapsed": 5019.438115, "delta": 6.098137}},
{"target": 0.8571428571428571, "params": {"activation_function": 0.17987814238796163, "amount_of_layers": 4.2818248078462755, "batch_size": 45.71539747019146, "dropout_rate": 0.46311757927549346, "epochs": 137.02534375851138, "hidden_channels": 127.35209025869736, "learning_rate": 0.07847803099871069, "optimizer": 0.4313734742279851, "pooling_algorithm": 0.13810609501261606}, "datetime": {"datetime": "2023-11-18 20:20:00", "elapsed": 5027.111115, "delta": 7.673}},
{"target": 0.2714285714285714, "params": {"activation_function": 0.597280783060623, "amount_of_layers": 5.232452715884597, "batch_size": 38.9350184198324, "dropout_rate": 0.2623785630265808, "epochs": 129.9821269481546, "hidden_channels": 53.402626022311324, "learning_rate": 0.04912000392517655, "optimizer": 1.4955252007887931, "pooling_algorithm": 0.3001062624005274}, "datetime": {"datetime": "2023-11-18 20:20:06", "elapsed": 5033.82151, "delta": 6.710395}},
{"target": 0.2607142857142857, "params": {"activation_function": 1.5498527831146784, "amount_of_layers": 5.622173860038604, "batch_size": 59.979387121940476, "dropout_rate": 0.418562950294177, "epochs": 185.69532778346414, "hidden_channels": 100.97362756953427, "learning_rate": 0.05450257251388967, "optimizer": 0.5245360627650744, "pooling_algorithm": 0.1401856638925203}, "datetime": {"datetime": "2023-11-18 20:20:19", "elapsed": 5046.6911, "delta": 12.86959}},
{"target": 0.3857142857142857, "params": {"activation_function": 0.3934857035810986, "amount_of_layers": 1.8036639125480667, "batch_size": 19.60361503145515, "dropout_rate": 0.5811199660849166, "epochs": 191.9620677064327, "hidden_channels": 70.08832548812408, "learning_rate": 0.07959052860303528, "optimizer": 1.2558866756824787, "pooling_algorithm": 0.03923660305688892}, "datetime": {"datetime": "2023-11-18 20:20:29", "elapsed": 5056.094142, "delta": 9.403042}},
{"target": 0.9142857142857143, "params": {"activation_function": 0.3607420431248922, "amount_of_layers": 4.2589665110524955, "batch_size": 80.05256789047421, "dropout_rate": 0.5943171266173221, "epochs": 43.972290378671524, "hidden_channels": 122.2538216974546, "learning_rate": 0.04923858593605178, "optimizer": 0.3075320820302263, "pooling_algorithm": 0.5472415316218621}, "datetime": {"datetime": "2023-11-18 20:20:32", "elapsed": 5059.203261, "delta": 3.109119}},
{"target": 0.8982142857142857, "params": {"activation_function": 1.1198480173376921, "amount_of_layers": 5.364534193835332, "batch_size": 69.27485046155425, "dropout_rate": 0.6930078353800309, "epochs": 185.2479260394191, "hidden_channels": 41.89186719389466, "learning_rate": 0.09220018371601736, "optimizer": 1.4157206243947364, "pooling_algorithm": 0.5279917448468924}, "datetime": {"datetime": "2023-11-18 20:20:40", "elapsed": 5067.654653, "delta": 8.451392}},
{"target": 0.7839285714285714, "params": {"activation_function": 1.2305805233727798, "amount_of_layers": 1.3952827813177775, "batch_size": 130.70895722288967, "dropout_rate": 0.5451317870789276, "epochs": 151.69043751851004, "hidden_channels": 76.96251805329358, "learning_rate": 0.09847116190801312, "optimizer": 1.5006459920418338, "pooling_algorithm": 0.9197029955737416}, "datetime": {"datetime": "2023-11-18 20:20:45", "elapsed": 5072.210054, "delta": 4.555401}},
{"target": 0.9142857142857143, "params": {"activation_function": 1.1669854295592856, "amount_of_layers": 5.0118669175662465, "batch_size": 30.059812478026544, "dropout_rate": 0.6809146372634683, "epochs": 144.2136402745055, "hidden_channels": 21.646581969178165, "learning_rate": 0.07777949662298439, "optimizer": 0.5531819636991173, "pooling_algorithm": 0.5985420437407908}, "datetime": {"datetime": "2023-11-18 20:20:54", "elapsed": 5081.525585, "delta": 9.315531}},
{"target": 0.31607142857142856, "params": {"activation_function": 1.5053525994791102, "amount_of_layers": 1.4598666894927028, "batch_size": 66.17355195112113, "dropout_rate": 0.6776064332354557, "epochs": 72.41052159317707, "hidden_channels": 54.622115036358295, "learning_rate": 0.015039617525394892, "optimizer": 1.635184273984236, "pooling_algorithm": 0.6415804184983984}, "datetime": {"datetime": "2023-11-18 20:20:59", "elapsed": 5086.007719, "delta": 4.482134}},
{"target": 0.26249999999999996, "params": {"activation_function": 0.9999725523801908, "amount_of_layers": 3.7904955713594344, "batch_size": 124.75683841200718, "dropout_rate": 0.31204316350509287, "epochs": 161.43786464171865, "hidden_channels": 71.53603758465265, "learning_rate": 0.08755587876830243, "optimizer": 1.6204543622021583, "pooling_algorithm": 0.1850201993278675}, "datetime": {"datetime": "2023-11-18 20:21:10", "elapsed": 5097.685972, "delta": 11.678253}},
{"target": 0.375, "params": {"activation_function": 0.8392724407860201, "amount_of_layers": 2.1646440910102154, "batch_size": 121.60415195757044, "dropout_rate": 0.5094159993222672, "epochs": 24.682952449115028, "hidden_channels": 73.73904883843296, "learning_rate": 0.030901987271919607, "optimizer": 0.8795483839825224, "pooling_algorithm": 0.3489455348153505}, "datetime": {"datetime": "2023-11-18 20:21:13", "elapsed": 5099.83777, "delta": 2.151798}},
{"target": 0.26071428571428573, "params": {"activation_function": 0.3443057736463677, "amount_of_layers": 8.143241241648958, "batch_size": 55.02859708782553, "dropout_rate": 0.3310336932522569, "epochs": 90.25532124929437, "hidden_channels": 99.33748864515528, "learning_rate": 0.0732047592931223, "optimizer": 1.7502388005506986, "pooling_algorithm": 0.4576782774090876}, "datetime": {"datetime": "2023-11-18 20:21:19", "elapsed": 5106.628928, "delta": 6.791158}},
{"target": 0.8071428571428572, "params": {"activation_function": 1.8067831503585758, "amount_of_layers": 5.828390122983901, "batch_size": 91.77059208930685, "dropout_rate": 0.3385695887466254, "epochs": 88.82862533980749, "hidden_channels": 66.51467718300628, "learning_rate": 0.06368421450102281, "optimizer": 0.37851924296750283, "pooling_algorithm": 0.08407456189559781}, "datetime": {"datetime": "2023-11-18 20:21:26", "elapsed": 5112.960747, "delta": 6.331819}},
{"target": 0.8035714285714286, "params": {"activation_function": 1.7411298992732351, "amount_of_layers": 3.643332488418295, "batch_size": 27.78625141074126, "dropout_rate": 0.355604986966147, "epochs": 54.57542305246243, "hidden_channels": 65.4882144210668, "learning_rate": 0.011101622531119616, "optimizer": 0.433715868720133, "pooling_algorithm": 0.14174480816279889}, "datetime": {"datetime": "2023-11-18 20:21:30", "elapsed": 5117.302368, "delta": 4.341621}},
{"target": 0.9142857142857143, "params": {"activation_function": 0.5484132290093007, "amount_of_layers": 3.8020779608933797, "batch_size": 72.7519817530582, "dropout_rate": 0.5944968410753179, "epochs": 199.47724420734266, "hidden_channels": 58.87906157885362, "learning_rate": 0.0170365347689977, "optimizer": 1.0884457470282818, "pooling_algorithm": 0.7230018390562604}, "datetime": {"datetime": "2023-11-18 20:21:38", "elapsed": 5125.724679, "delta": 8.422311}},
{"target": 0.9053571428571429, "params": {"activation_function": 0.30636502792149556, "amount_of_layers": 2.821328617201469, "batch_size": 24.672873929255992, "dropout_rate": 0.6149751933726333, "epochs": 43.023231791326744, "hidden_channels": 101.40828732848391, "learning_rate": 0.05409228237618912, "optimizer": 0.7161169591627221, "pooling_algorithm": 0.6271006426127751}, "datetime": {"datetime": "2023-11-18 20:21:42", "elapsed": 5128.970427, "delta": 3.245748}},
{"target": 0.7321428571428572, "params": {"activation_function": 0.7104078381779897, "amount_of_layers": 3.9989034984423615, "batch_size": 135.2808969658313, "dropout_rate": 0.27321901169504187, "epochs": 196.82386160219858, "hidden_channels": 8.226555616275537, "learning_rate": 0.08040321550801893, "optimizer": 1.8944284247409797, "pooling_algorithm": 0.3888338132050143}, "datetime": {"datetime": "2023-11-18 20:21:48", "elapsed": 5135.088647, "delta": 6.11822}},
{"target": 0.9107142857142857, "params": {"activation_function": 1.5910053055474915, "amount_of_layers": 1.2888926617407215, "batch_size": 37.9731301595141, "dropout_rate": 0.3211812929588244, "epochs": 84.67112276580251, "hidden_channels": 75.92158120148947, "learning_rate": 0.04496649466995517, "optimizer": 0.900431546222644, "pooling_algorithm": 0.532291882417801}, "datetime": {"datetime": "2023-11-18 20:21:52", "elapsed": 5138.912948, "delta": 3.824301}},
{"target": 0.7714285714285714, "params": {"activation_function": 0.05258938834722704, "amount_of_layers": 8.55067467275736, "batch_size": 67.1793730314588, "dropout_rate": 0.5886761380513199, "epochs": 63.37638211653465, "hidden_channels": 12.501641840288652, "learning_rate": 0.08620568562071927, "optimizer": 0.380094300838574, "pooling_algorithm": 0.3406147117823315}, "datetime": {"datetime": "2023-11-18 20:21:56", "elapsed": 5142.887337, "delta": 3.974389}},
{"target": 0.26607142857142857, "params": {"activation_function": 0.573884262600032, "amount_of_layers": 3.941216164622025, "batch_size": 138.38223210643287, "dropout_rate": 0.7242233481429075, "epochs": 35.42908015763018, "hidden_channels": 48.3356652088451, "learning_rate": 0.03870115968384152, "optimizer": 1.198923597963464, "pooling_algorithm": 0.006867502444039553}, "datetime": {"datetime": "2023-11-18 20:21:59", "elapsed": 5146.738376, "delta": 3.851039}},
{"target": 0.9035714285714286, "params": {"activation_function": 0.24383440649123322, "amount_of_layers": 5.334419659732389, "batch_size": 90.31065786136826, "dropout_rate": 0.6795555715047851, "epochs": 92.83622060637043, "hidden_channels": 68.42581409666047, "learning_rate": 0.01315946181755408, "optimizer": 0.18055457498633576, "pooling_algorithm": 0.6044189729286236}, "datetime": {"datetime": "2023-11-18 20:22:05", "elapsed": 5151.851638, "delta": 5.113262}},
{"target": 0.8464285714285715, "params": {"activation_function": 1.546597428183218, "amount_of_layers": 2.940514719311297, "batch_size": 116.05990667111641, "dropout_rate": 0.6854025970060884, "epochs": 161.75085598777306, "hidden_channels": 31.06602057717006, "learning_rate": 0.010814964344147943, "optimizer": 0.6463300788790345, "pooling_algorithm": 0.783723562334212}, "datetime": {"datetime": "2023-11-18 20:22:09", "elapsed": 5156.820481, "delta": 4.968843}},
{"target": 0.7142857142857143, "params": {"activation_function": 1.7265176687423656, "amount_of_layers": 2.4985446424644566, "batch_size": 127.4705217530075, "dropout_rate": 0.7441067175057539, "epochs": 162.24027239697935, "hidden_channels": 70.50885947083874, "learning_rate": 0.049131847574199805, "optimizer": 1.4749936811510604, "pooling_algorithm": 0.37256065217834455}, "datetime": {"datetime": "2023-11-18 20:22:17", "elapsed": 5163.916672, "delta": 7.096191}},
{"target": 0.9142857142857143, "params": {"activation_function": 0.6268542425028277, "amount_of_layers": 3.0197308552631523, "batch_size": 65.574463346615, "dropout_rate": 0.588021001118362, "epochs": 183.60314931975196, "hidden_channels": 38.094861336270604, "learning_rate": 0.056175145833791136, "optimizer": 0.5965920235235201, "pooling_algorithm": 0.5976249941007727}, "datetime": {"datetime": "2023-11-18 20:22:24", "elapsed": 5171.687966, "delta": 7.771294}},
{"target": 0.825, "params": {"activation_function": 1.5577413207107158, "amount_of_layers": 2.995541816292845, "batch_size": 27.76925909965214, "dropout_rate": 0.32126117878631494, "epochs": 158.86689220613033, "hidden_channels": 27.09307177753097, "learning_rate": 0.0669624836864989, "optimizer": 0.08537647410839844, "pooling_algorithm": 0.007839451810494058}, "datetime": {"datetime": "2023-11-18 20:22:33", "elapsed": 5179.960213, "delta": 8.272247}},
{"target": 0.7035714285714286, "params": {"activation_function": 1.4972094039960322, "amount_of_layers": 7.964299037742709, "batch_size": 65.69764614461491, "dropout_rate": 0.5361369259611704, "epochs": 74.1559968413765, "hidden_channels": 62.23265531087342, "learning_rate": 0.07547763300728057, "optimizer": 0.8649100156516751, "pooling_algorithm": 0.286369195808989}, "datetime": {"datetime": "2023-11-18 20:22:37", "elapsed": 5184.812091, "delta": 4.851878}},
{"target": 0.7964285714285715, "params": {"activation_function": 1.5573342385579323, "amount_of_layers": 4.436209452174288, "batch_size": 148.8607056013135, "dropout_rate": 0.3261073114161431, "epochs": 18.190582898099535, "hidden_channels": 30.923943595716903, "learning_rate": 0.08802695561227332, "optimizer": 0.42552783120791426, "pooling_algorithm": 0.1840320590572434}, "datetime": {"datetime": "2023-11-18 20:22:39", "elapsed": 5186.631104, "delta": 1.819013}},
{"target": 0.9035714285714286, "params": {"activation_function": 1.0009775971464572, "amount_of_layers": 4.342084151467335, "batch_size": 93.30568307197989, "dropout_rate": 0.7045476936359125, "epochs": 91.83085011343964, "hidden_channels": 70.5209861359701, "learning_rate": 0.016849545388717614, "optimizer": 0.4028427495534883, "pooling_algorithm": 0.9132080973362999}, "datetime": {"datetime": "2023-11-18 20:22:45", "elapsed": 5192.738116, "delta": 6.107012}},
{"target": 0.26785714285714285, "params": {"activation_function": 0.936868425862738, "amount_of_layers": 3.768279853166063, "batch_size": 87.76748644850397, "dropout_rate": 0.449763190686894, "epochs": 183.84492901569342, "hidden_channels": 39.796628710382905, "learning_rate": 0.042649846431534785, "optimizer": 1.75422648729102, "pooling_algorithm": 0.48139695563020624}, "datetime": {"datetime": "2023-11-18 20:22:51", "elapsed": 5198.406299, "delta": 5.668183}},
{"target": 0.5, "params": {"activation_function": 0.07764819209620866, "amount_of_layers": 4.325179363059791, "batch_size": 91.6315468688758, "dropout_rate": 0.6748768850309144, "epochs": 81.95627534436827, "hidden_channels": 62.409531784318226, "learning_rate": 0.05168739777750453, "optimizer": 1.4378578581354162, "pooling_algorithm": 0.1198674143830949}, "datetime": {"datetime": "2023-11-18 20:22:56", "elapsed": 5203.455705, "delta": 5.049406}},
{"target": 0.9035714285714286, "params": {"activation_function": 1.1923432542360104, "amount_of_layers": 2.696533149225779, "batch_size": 139.65223641938394, "dropout_rate": 0.3278150574358014, "epochs": 187.02285274014196, "hidden_channels": 25.164047150677085, "learning_rate": 0.08835978437516637, "optimizer": 0.8207504728329709, "pooling_algorithm": 0.5628569770153304}, "datetime": {"datetime": "2023-11-18 20:23:02", "elapsed": 5208.877916, "delta": 5.422211}},
{"target": 0.8053571428571429, "params": {"activation_function": 1.1453709153079839, "amount_of_layers": 1.490792121002646, "batch_size": 42.29059418832121, "dropout_rate": 0.43025125185142576, "epochs": 77.78946004074844, "hidden_channels": 74.30929420659949, "learning_rate": 0.048192036607746194, "optimizer": 0.5107409056973367, "pooling_algorithm": 0.4740268018072592}, "datetime": {"datetime": "2023-11-18 20:23:06", "elapsed": 5213.68169, "delta": 4.803774}},
{"target": 0.09642857142857142, "params": {"activation_function": 1.5580030596372396, "amount_of_layers": 8.635860451769467, "batch_size": 65.14089000045647, "dropout_rate": 0.3026176528541363, "epochs": 186.85554122394205, "hidden_channels": 37.49445489692923, "learning_rate": 0.0884769311862349, "optimizer": 1.5671190092985356, "pooling_algorithm": 0.6315753534609783}, "datetime": {"datetime": "2023-11-18 20:23:17", "elapsed": 5224.124727, "delta": 10.443037}},
{"target": 0.8535714285714286, "params": {"activation_function": 1.56188270510058, "amount_of_layers": 2.45673114779426, "batch_size": 98.11711766849575, "dropout_rate": 0.30913027515255853, "epochs": 92.47733449357335, "hidden_channels": 71.09082538651919, "learning_rate": 0.04688937960123742, "optimizer": 1.447433236511179, "pooling_algorithm": 0.8163504490766246}, "datetime": {"datetime": "2023-11-18 20:23:22", "elapsed": 5229.058539, "delta": 4.933812}},
{"target": 0.9214285714285715, "params": {"activation_function": 0.9163648961763919, "amount_of_layers": 5.5203494914229685, "batch_size": 92.59237041485292, "dropout_rate": 0.3566870973908733, "epochs": 88.81380147991332, "hidden_channels": 69.40321972155994, "learning_rate": 0.0032380429037347923, "optimizer": 1.6916606367711426, "pooling_algorithm": 0.7236806611428971}, "datetime": {"datetime": "2023-11-18 20:23:29", "elapsed": 5235.917306, "delta": 6.858767}},
