{"target": 0.9089285714285714, "params": {"activation_function": 0.09604110927715226, "amount_of_layers": 2.9953555772809564, "batch_size": 77.94261671605244, "dropout_rate": 0.687316401942266, "epochs": 24.218065158757298, "hidden_channels": 45.17901403294108, "learning_rate": 0.0850798590165413, "optimizer": 1.0759535969801872, "pooling_algorithm": 0.8166564342932705}, "datetime": {"datetime": "2023-11-19 02:56:37", "elapsed": 28824.482336, "delta": 11.710702}},
{"target": 0.9053571428571429, "params": {"activation_function": 0.3003933344739307, "amount_of_layers": 2.3181702656976038, "batch_size": 49.934040895168074, "dropout_rate": 0.36450129916372803, "epochs": 75.71637286114239, "hidden_channels": 9.000529823625449, "learning_rate": 0.09813952691532668, "optimizer": 1.9205739146278864, "pooling_algorithm": 0.7844449914124876}, "datetime": {"datetime": "2023-11-19 02:56:50", "elapsed": 28837.007018, "delta": 12.524682}},
{"target": 0.9035714285714286, "params": {"activation_function": 0.9938830488772981, "amount_of_layers": 7.7967771804095785, "batch_size": 65.59590248954251, "dropout_rate": 0.37842489827003234, "epochs": 74.91769404913212, "hidden_channels": 85.17338519232514, "learning_rate": 0.0828799608221078, "optimizer": 1.2828956773303493, "pooling_algorithm": 0.751532908665513}, "datetime": {"datetime": "2023-11-19 02:57:34", "elapsed": 28881.192138, "delta": 44.18512}},
{"target": 0.26785714285714285, "params": {"activation_function": 1.1192555298856086, "amount_of_layers": 6.632626418066587, "batch_size": 107.7609745420052, "dropout_rate": 0.6581123059803218, "epochs": 79.84332620509991, "hidden_channels": 47.12229897134313, "learning_rate": 0.05169251181194134, "optimizer": 0.972506890380097, "pooling_algorithm": 0.44501787669445864}, "datetime": {"datetime": "2023-11-19 02:58:28", "elapsed": 28935.274949, "delta": 54.082811}},
{"target": 0.7107142857142856, "params": {"activation_function": 0.4565833187474415, "amount_of_layers": 3.7711098521640665, "batch_size": 127.2888780872463, "dropout_rate": 0.3169481324617481, "epochs": 161.85306256896632, "hidden_channels": 74.8875827673124, "learning_rate": 0.00499067144324407, "optimizer": 1.0407844913363191, "pooling_algorithm": 0.18400836286202682}, "datetime": {"datetime": "2023-11-19 02:59:32", "elapsed": 28999.438826, "delta": 64.163877}},
{"target": 0.26964285714285713, "params": {"activation_function": 0.7159814691998179, "amount_of_layers": 5.8589554805290245, "batch_size": 60.82025136469794, "dropout_rate": 0.7303366318854523, "epochs": 197.17436270116173, "hidden_channels": 80.29313267022621, "learning_rate": 0.0539116654363633, "optimizer": 1.1107794698164297, "pooling_algorithm": 0.43999734004735425}, "datetime": {"datetime": "2023-11-19 02:59:51", "elapsed": 29018.697842, "delta": 19.259016}},
{"target": 0.9142857142857143, "params": {"activation_function": 0.5488515902763378, "amount_of_layers": 6.825052103614997, "batch_size": 40.258402891406, "dropout_rate": 0.39152837559636305, "epochs": 116.06629251777218, "hidden_channels": 79.4566881753587, "learning_rate": 0.04355802195334598, "optimizer": 1.43841920051963, "pooling_algorithm": 0.7224689445869057}, "datetime": {"datetime": "2023-11-19 03:00:09", "elapsed": 29036.089459, "delta": 17.391617}},
{"target": 0.26785714285714285, "params": {"activation_function": 0.7467404249818976, "amount_of_layers": 8.764897213667872, "batch_size": 39.786032888311325, "dropout_rate": 0.4730243914071602, "epochs": 18.645171167318004, "hidden_channels": 120.09442242230573, "learning_rate": 0.015544921066087104, "optimizer": 0.5623683153056895, "pooling_algorithm": 0.20767595244242287}, "datetime": {"datetime": "2023-11-19 03:00:23", "elapsed": 29050.807022, "delta": 14.717563}},
{"target": 0.9089285714285714, "params": {"activation_function": 0.20553932520351714, "amount_of_layers": 3.7469433323074988, "batch_size": 134.40128345231568, "dropout_rate": 0.2784668335152524, "epochs": 196.78380990381868, "hidden_channels": 7.8525991850577554, "learning_rate": 0.06114318946458347, "optimizer": 0.6203140572269426, "pooling_algorithm": 0.9455945176491629}, "datetime": {"datetime": "2023-11-19 03:01:13", "elapsed": 29100.415051, "delta": 49.608029}},
{"target": 0.8964285714285715, "params": {"activation_function": 0.37353994303066607, "amount_of_layers": 4.473642002064894, "batch_size": 46.40032848126633, "dropout_rate": 0.2850840142068992, "epochs": 185.352982045928, "hidden_channels": 111.68440195066445, "learning_rate": 0.043306237949272734, "optimizer": 0.3346231411876306, "pooling_algorithm": 0.8984225786338352}, "datetime": {"datetime": "2023-11-19 03:01:32", "elapsed": 29119.805799, "delta": 19.390748}},
{"target": 0.9125, "params": {"activation_function": 0.7638162047600809, "amount_of_layers": 8.508683985548437, "batch_size": 100.41737151157153, "dropout_rate": 0.39516641511892425, "epochs": 163.74242010132514, "hidden_channels": 60.437309184981224, "learning_rate": 0.05179215641051921, "optimizer": 0.4393527847105376, "pooling_algorithm": 0.6943181449446063}, "datetime": {"datetime": "2023-11-19 03:02:17", "elapsed": 29164.476682, "delta": 44.670883}},
{"target": 0.8964285714285714, "params": {"activation_function": 0.1969066196726228, "amount_of_layers": 5.888667494773373, "batch_size": 101.33899877053594, "dropout_rate": 0.6936172481116449, "epochs": 10.562477616552284, "hidden_channels": 83.99947527632709, "learning_rate": 0.07747447041704583, "optimizer": 0.14206711084630408, "pooling_algorithm": 0.8817124098565111}, "datetime": {"datetime": "2023-11-19 03:02:27", "elapsed": 29174.071388, "delta": 9.594706}},
{"target": 0.9017857142857142, "params": {"activation_function": 1.4584729166340429, "amount_of_layers": 3.30558286223882, "batch_size": 127.23295822533743, "dropout_rate": 0.43149020688273776, "epochs": 164.02802773959002, "hidden_channels": 71.92322399726743, "learning_rate": 0.0881490676669857, "optimizer": 1.194030119742571, "pooling_algorithm": 0.5185123248651453}, "datetime": {"datetime": "2023-11-19 03:02:42", "elapsed": 29189.654859, "delta": 15.583471}},
{"target": 0.8982142857142857, "params": {"activation_function": 0.990358691425989, "amount_of_layers": 2.654791891051789, "batch_size": 51.659111845244176, "dropout_rate": 0.5508251192607931, "epochs": 41.25488519325647, "hidden_channels": 98.23683306016548, "learning_rate": 0.07305636145165573, "optimizer": 1.3856425006785953, "pooling_algorithm": 0.8465559902843945}, "datetime": {"datetime": "2023-11-19 03:03:22", "elapsed": 29228.951774, "delta": 39.296915}},
{"target": 0.7714285714285714, "params": {"activation_function": 0.22804917881710374, "amount_of_layers": 7.892134362593688, "batch_size": 76.66891646435988, "dropout_rate": 0.2531470974646858, "epochs": 138.45314629233465, "hidden_channels": 57.59673258268505, "learning_rate": 0.018439643624213846, "optimizer": 0.6905034347136372, "pooling_algorithm": 0.3659368214195595}, "datetime": {"datetime": "2023-11-19 03:04:07", "elapsed": 29274.703524, "delta": 45.75175}},
{"target": 0.8250000000000001, "params": {"activation_function": 1.6734305049668514, "amount_of_layers": 7.377306571850987, "batch_size": 111.3076289302179, "dropout_rate": 0.5514672511691492, "epochs": 37.969952497470814, "hidden_channels": 37.291389166130905, "learning_rate": 0.024715420632238607, "optimizer": 1.2893461517583458, "pooling_algorithm": 0.30497411633580507}, "datetime": {"datetime": "2023-11-19 03:04:19", "elapsed": 29286.503628, "delta": 11.800104}},
{"target": 0.9214285714285714, "params": {"activation_function": 1.7123667398694895, "amount_of_layers": 4.878584459250294, "batch_size": 113.37732038374789, "dropout_rate": 0.2940261107992835, "epochs": 48.146877129562995, "hidden_channels": 122.70042393526185, "learning_rate": 0.03254467108964482, "optimizer": 1.6261401779172413, "pooling_algorithm": 0.7997442694813746}, "datetime": {"datetime": "2023-11-19 03:05:02", "elapsed": 29329.575727, "delta": 43.072099}},
{"target": 0.7357142857142858, "params": {"activation_function": 0.9469500100646735, "amount_of_layers": 5.481037692524227, "batch_size": 77.51015581234526, "dropout_rate": 0.3751469497279556, "epochs": 15.463841938978799, "hidden_channels": 25.59570025580517, "learning_rate": 0.008520690063981725, "optimizer": 0.7774746591166279, "pooling_algorithm": 0.3437544693897533}, "datetime": {"datetime": "2023-11-19 03:05:15", "elapsed": 29342.228289, "delta": 12.652562}},
{"target": 0.8321428571428572, "params": {"activation_function": 1.7556304384451649, "amount_of_layers": 3.485992316328475, "batch_size": 43.278703686912465, "dropout_rate": 0.6497808038652081, "epochs": 28.424887614655052, "hidden_channels": 45.100254277035184, "learning_rate": 0.02557911882382797, "optimizer": 1.1845724555902721, "pooling_algorithm": 0.18671852956679413}, "datetime": {"datetime": "2023-11-19 03:05:29", "elapsed": 29356.22272, "delta": 13.994431}},
{"target": 0.0, "params": {"activation_function": 1.9506627959056089, "amount_of_layers": 6.122544586784583, "batch_size": 146.21125971751073, "dropout_rate": 0.7344637436597905, "epochs": 51.39821827604567, "hidden_channels": 59.87419756394005, "learning_rate": 0.09167824547118297, "optimizer": 0.32142253154476674, "pooling_algorithm": 0.5959639597026622}, "datetime": {"datetime": "2023-11-19 03:05:44", "elapsed": 29371.006396, "delta": 14.783676}},
{"target": 0.20714285714285713, "params": {"activation_function": 1.5810915462380184, "amount_of_layers": 4.474622750288964, "batch_size": 99.3341579249794, "dropout_rate": 0.5725366634103236, "epochs": 42.052311155144025, "hidden_channels": 97.92242785754993, "learning_rate": 0.007429644261194341, "optimizer": 1.8654869278239135, "pooling_algorithm": 0.6673421774186925}, "datetime": {"datetime": "2023-11-19 03:05:56", "elapsed": 29383.052356, "delta": 12.04596}},
{"target": 0.9125, "params": {"activation_function": 1.21918154166091, "amount_of_layers": 6.974052788610804, "batch_size": 122.63941091994431, "dropout_rate": 0.5836559201670165, "epochs": 152.90483263202665, "hidden_channels": 17.527473198312883, "learning_rate": 0.028847852549761, "optimizer": 0.9076830695226977, "pooling_algorithm": 0.85932211768937}, "datetime": {"datetime": "2023-11-19 03:06:42", "elapsed": 29429.202, "delta": 46.149644}},
{"target": 0.09107142857142857, "params": {"activation_function": 0.33456276106542937, "amount_of_layers": 5.763832525965958, "batch_size": 24.1106495061454, "dropout_rate": 0.7471839219178562, "epochs": 190.18525357721316, "hidden_channels": 13.088557436523766, "learning_rate": 0.04464081338392641, "optimizer": 1.2069623778094805, "pooling_algorithm": 0.790792383219843}, "datetime": {"datetime": "2023-11-19 03:07:33", "elapsed": 29480.641358, "delta": 51.439358}},
{"target": 0.7232142857142857, "params": {"activation_function": 0.7116646341983934, "amount_of_layers": 7.07071396413961, "batch_size": 32.111709479040144, "dropout_rate": 0.6104887099782825, "epochs": 190.76892610984189, "hidden_channels": 118.09698362957346, "learning_rate": 0.00819878509547396, "optimizer": 0.9099691659957216, "pooling_algorithm": 0.43202548587330347}, "datetime": {"datetime": "2023-11-19 03:07:58", "elapsed": 29505.610409, "delta": 24.969051}},
{"target": 0.7892857142857144, "params": {"activation_function": 1.6597532634831111, "amount_of_layers": 7.096274271467355, "batch_size": 142.26003237556523, "dropout_rate": 0.7481072605318568, "epochs": 109.01304812031516, "hidden_channels": 68.0724848325699, "learning_rate": 0.0019482020950551302, "optimizer": 1.5144227320121528, "pooling_algorithm": 0.11052402855431964}, "datetime": {"datetime": "2023-11-19 03:08:14", "elapsed": 29521.601272, "delta": 15.990863}},
{"target": 0.7964285714285715, "params": {"activation_function": 1.5288702472904268, "amount_of_layers": 4.389085211339386, "batch_size": 63.51807495895875, "dropout_rate": 0.5558780213266313, "epochs": 122.18246366783895, "hidden_channels": 14.395236894404533, "learning_rate": 0.05644186248453494, "optimizer": 0.03285836573953804, "pooling_algorithm": 0.02783395837294067}, "datetime": {"datetime": "2023-11-19 03:08:29", "elapsed": 29535.922587, "delta": 14.321315}},
{"target": 0.9160714285714285, "params": {"activation_function": 1.2162693497871133, "amount_of_layers": 5.149189992062141, "batch_size": 49.75535363519997, "dropout_rate": 0.7302589078346868, "epochs": 56.90294537732381, "hidden_channels": 82.6676718864619, "learning_rate": 0.024283305856575826, "optimizer": 0.6454033439029128, "pooling_algorithm": 0.6167342744371297}, "datetime": {"datetime": "2023-11-19 03:08:41", "elapsed": 29548.636109, "delta": 12.713522}},
{"target": 0.32142857142857145, "params": {"activation_function": 0.5005530542694114, "amount_of_layers": 2.1302387273462013, "batch_size": 62.776542464918215, "dropout_rate": 0.36339955751679975, "epochs": 75.4884636942207, "hidden_channels": 45.13346356497303, "learning_rate": 0.08623492129634029, "optimizer": 0.9066443140697129, "pooling_algorithm": 0.38442703215371066}, "datetime": {"datetime": "2023-11-19 03:08:55", "elapsed": 29562.760969, "delta": 14.12486}},
{"target": 0.9, "params": {"activation_function": 1.0115268258899008, "amount_of_layers": 2.2491347406640303, "batch_size": 134.1185609570525, "dropout_rate": 0.400472352491122, "epochs": 182.7881717847903, "hidden_channels": 57.476525350840866, "learning_rate": 0.07657962189461996, "optimizer": 1.8259056313457815, "pooling_algorithm": 0.6540752124392051}, "datetime": {"datetime": "2023-11-19 03:09:11", "elapsed": 29577.865635, "delta": 15.104666}},
{"target": 0.7267857142857144, "params": {"activation_function": 1.468727064608575, "amount_of_layers": 3.333875058820028, "batch_size": 34.019382239952805, "dropout_rate": 0.530063444753587, "epochs": 169.09579417655425, "hidden_channels": 65.17384366095803, "learning_rate": 0.018996875941891644, "optimizer": 0.9129974875642053, "pooling_algorithm": 0.25983137364943476}, "datetime": {"datetime": "2023-11-19 03:09:56", "elapsed": 29623.400636, "delta": 45.535001}},
{"target": 0.9125, "params": {"activation_function": 0.7753909908633232, "amount_of_layers": 6.197036957684071, "batch_size": 48.45861332369301, "dropout_rate": 0.4158616556967913, "epochs": 122.40900732163941, "hidden_channels": 21.95784745221004, "learning_rate": 0.030230644046114908, "optimizer": 1.5547768610030035, "pooling_algorithm": 0.8251090257532566}, "datetime": {"datetime": "2023-11-19 03:10:39", "elapsed": 29666.829124, "delta": 43.428488}},
{"target": 0.9035714285714286, "params": {"activation_function": 0.40326983852260523, "amount_of_layers": 8.982005109483723, "batch_size": 145.91309986360318, "dropout_rate": 0.2665490082649693, "epochs": 139.6726767224109, "hidden_channels": 94.57788444407099, "learning_rate": 0.02073733903709693, "optimizer": 0.22274591480732608, "pooling_algorithm": 0.8277903516269925}, "datetime": {"datetime": "2023-11-19 03:11:01", "elapsed": 29687.926105, "delta": 21.096981}},
{"target": 0.9142857142857143, "params": {"activation_function": 0.8379036999849854, "amount_of_layers": 4.877915907694842, "batch_size": 37.519939937588596, "dropout_rate": 0.3941457693259883, "epochs": 126.32018769630272, "hidden_channels": 31.316177326664445, "learning_rate": 0.011289962705406928, "optimizer": 1.7694204907742566, "pooling_algorithm": 0.8402136703014136}, "datetime": {"datetime": "2023-11-19 03:11:34", "elapsed": 29721.013416, "delta": 33.087311}},
{"target": 0.6428571428571429, "params": {"activation_function": 0.4241240407553193, "amount_of_layers": 7.177653666834237, "batch_size": 41.149826846608235, "dropout_rate": 0.6866984398995544, "epochs": 138.76723249528422, "hidden_channels": 8.998053356515042, "learning_rate": 0.07455263784069904, "optimizer": 0.4998682301775066, "pooling_algorithm": 0.3216007685584734}, "datetime": {"datetime": "2023-11-19 03:11:50", "elapsed": 29737.674819, "delta": 16.661403}},
{"target": 0.0, "params": {"activation_function": 1.67056605941218, "amount_of_layers": 7.605120059884161, "batch_size": 140.39810545845648, "dropout_rate": 0.5403538425933756, "epochs": 51.03937619509787, "hidden_channels": 84.64308504473397, "learning_rate": 0.0449889210737995, "optimizer": 0.17950024198347236, "pooling_algorithm": 0.9547773138575633}, "datetime": {"datetime": "2023-11-19 03:12:05", "elapsed": 29752.147975, "delta": 14.473156}},
{"target": 0.2589285714285714, "params": {"activation_function": 1.1225117558343085, "amount_of_layers": 8.545456036710174, "batch_size": 117.44601325809232, "dropout_rate": 0.6948869192828648, "epochs": 160.99265985590873, "hidden_channels": 61.398481271943155, "learning_rate": 0.005163441279400905, "optimizer": 0.617141976082664, "pooling_algorithm": 0.23343579046719454}, "datetime": {"datetime": "2023-11-19 03:12:23", "elapsed": 29770.249801, "delta": 18.101826}},
{"target": 0.7339285714285714, "params": {"activation_function": 0.23937445443805583, "amount_of_layers": 7.9313884698884305, "batch_size": 129.33154879949763, "dropout_rate": 0.6708544029594621, "epochs": 20.044145277314826, "hidden_channels": 6.930619312623712, "learning_rate": 0.09461250428776088, "optimizer": 0.006568839221835487, "pooling_algorithm": 0.0834395500144326}, "datetime": {"datetime": "2023-11-19 03:12:36", "elapsed": 29783.463575, "delta": 13.213774}},
{"target": 0.9035714285714286, "params": {"activation_function": 1.149841037150612, "amount_of_layers": 8.743200590894688, "batch_size": 74.07317358138283, "dropout_rate": 0.29441181949487377, "epochs": 142.43373763972585, "hidden_channels": 56.65233679158523, "learning_rate": 0.06537187672256632, "optimizer": 0.7479314582161121, "pooling_algorithm": 0.787101270327369}, "datetime": {"datetime": "2023-11-19 03:13:29", "elapsed": 29836.411726, "delta": 52.948151}},
{"target": 0.7250000000000001, "params": {"activation_function": 1.2529472651318674, "amount_of_layers": 8.444458410308615, "batch_size": 63.071468801482695, "dropout_rate": 0.5945298445639591, "epochs": 182.82996181326874, "hidden_channels": 107.16724680837615, "learning_rate": 0.04681443905443695, "optimizer": 0.9525607629630555, "pooling_algorithm": 0.01992540596976855}, "datetime": {"datetime": "2023-11-19 03:14:12", "elapsed": 29879.234899, "delta": 42.823173}},
{"target": 0.7285714285714286, "params": {"activation_function": 1.0586843943307778, "amount_of_layers": 4.447136545170694, "batch_size": 123.12412550505071, "dropout_rate": 0.6347794920429749, "epochs": 62.67907090811985, "hidden_channels": 53.18695779448323, "learning_rate": 0.046992851159567195, "optimizer": 1.1444859345084264, "pooling_algorithm": 0.4286889217951798}, "datetime": {"datetime": "2023-11-19 03:14:23", "elapsed": 29890.60266, "delta": 11.367761}},
{"target": 0.9035714285714285, "params": {"activation_function": 1.0898696599292619, "amount_of_layers": 1.8439188484019011, "batch_size": 37.54372340001941, "dropout_rate": 0.34077498810778045, "epochs": 84.34525181509156, "hidden_channels": 76.62162968076993, "learning_rate": 0.08032424234540894, "optimizer": 1.138028545883707, "pooling_algorithm": 0.7046763235897066}, "datetime": {"datetime": "2023-11-19 03:15:33", "elapsed": 29960.367844, "delta": 69.765184}},
{"target": 0.9142857142857143, "params": {"activation_function": 0.5201544985267643, "amount_of_layers": 6.2098352119138305, "batch_size": 131.39567687998158, "dropout_rate": 0.6657414811801137, "epochs": 161.21169004709884, "hidden_channels": 76.30818190211876, "learning_rate": 0.07093602453376666, "optimizer": 1.2715026118628474, "pooling_algorithm": 0.9723886192695054}, "datetime": {"datetime": "2023-11-19 03:16:28", "elapsed": 30015.607135, "delta": 55.239291}},
{"target": 0.2607142857142857, "params": {"activation_function": 0.5449696439379534, "amount_of_layers": 5.88269680025259, "batch_size": 134.24996723245658, "dropout_rate": 0.4732822163128666, "epochs": 107.30209820106082, "hidden_channels": 111.10417462324384, "learning_rate": 0.09238116669008443, "optimizer": 1.546526221617271, "pooling_algorithm": 0.033937284284654146}, "datetime": {"datetime": "2023-11-19 03:17:10", "elapsed": 30057.621595, "delta": 42.01446}},
{"target": 0.0, "params": {"activation_function": 0.6254506605008479, "amount_of_layers": 3.1539361569432094, "batch_size": 29.329462873736805, "dropout_rate": 0.450485114066204, "epochs": 195.25759537626922, "hidden_channels": 115.6185627388393, "learning_rate": 0.07546018183132694, "optimizer": 1.3890188589298467, "pooling_algorithm": 0.15020835110271602}, "datetime": {"datetime": "2023-11-19 03:17:34", "elapsed": 30081.227911, "delta": 23.606316}},
{"target": 0.9089285714285714, "params": {"activation_function": 0.49016954264533896, "amount_of_layers": 3.347137492025282, "batch_size": 55.43152342017869, "dropout_rate": 0.47092371411516115, "epochs": 133.75557348223273, "hidden_channels": 121.00662905760971, "learning_rate": 0.03578925281651421, "optimizer": 1.4763124562265222, "pooling_algorithm": 0.5150106913934787}, "datetime": {"datetime": "2023-11-19 03:17:51", "elapsed": 30098.771681, "delta": 17.54377}},
{"target": 0.8964285714285715, "params": {"activation_function": 0.5317775436800836, "amount_of_layers": 4.871642864139998, "batch_size": 53.97670673680332, "dropout_rate": 0.6750333990910578, "epochs": 30.35017934948478, "hidden_channels": 99.07922952649326, "learning_rate": 0.07729957573285337, "optimizer": 1.892043985961006, "pooling_algorithm": 0.7284544269102828}, "datetime": {"datetime": "2023-11-19 03:18:05", "elapsed": 30112.562433, "delta": 13.790752}},
{"target": 0.9142857142857144, "params": {"activation_function": 1.1799502094595857, "amount_of_layers": 7.756369371421276, "batch_size": 16.856044986235418, "dropout_rate": 0.5785839336381062, "epochs": 189.25308876818096, "hidden_channels": 6.883262058675117, "learning_rate": 0.01662065478340886, "optimizer": 1.421278333842849, "pooling_algorithm": 0.90201890309902}, "datetime": {"datetime": "2023-11-19 03:19:00", "elapsed": 30167.480755, "delta": 54.918322}},
