{"target": 0.0, "params": {"activation_function": 0.021039530836019837, "amount_of_layers": 4.171761156886905, "batch_size": 124.15221836084314, "dropout_rate": 0.7482708591955133, "epochs": 51.51537424086073, "hidden_channels": 48.10961116670838, "learning_rate": 0.09985844956147058, "optimizer": 1.9741521940023188, "pooling_algorithm": 0.16429197010554764}, "datetime": {"datetime": "2023-11-19 00:18:38", "elapsed": 19345.475123, "delta": 9.026346}},
{"target": 0.8214285714285715, "params": {"activation_function": 1.99834609723897, "amount_of_layers": 1.5933075734654922, "batch_size": 16.260991295839656, "dropout_rate": 0.48803133191264253, "epochs": 130.5308501913263, "hidden_channels": 66.0734103700787, "learning_rate": 0.03469628253971097, "optimizer": 0.00704192879600174, "pooling_algorithm": 0.4730142851473943}, "datetime": {"datetime": "2023-11-19 00:18:51", "elapsed": 19358.552995, "delta": 13.077872}},
{"target": 0.7071428571428572, "params": {"activation_function": 1.0097883659112155, "amount_of_layers": 2.765416902678415, "batch_size": 40.361266490274616, "dropout_rate": 0.5129595089215039, "epochs": 80.19829685982619, "hidden_channels": 76.65002601593382, "learning_rate": 0.07071494730850338, "optimizer": 0.5619763413429346, "pooling_algorithm": 0.4172218918136932}, "datetime": {"datetime": "2023-11-19 00:19:02", "elapsed": 19368.945543, "delta": 10.392548}},
{"target": 0.09999999999999999, "params": {"activation_function": 1.599935439604909, "amount_of_layers": 8.136718427842586, "batch_size": 89.94396248088277, "dropout_rate": 0.6831460646548315, "epochs": 67.31577411353797, "hidden_channels": 9.977268729664482, "learning_rate": 0.07224952949195006, "optimizer": 0.5518616230352706, "pooling_algorithm": 0.5199642941480225}, "datetime": {"datetime": "2023-11-19 00:19:11", "elapsed": 19378.733615, "delta": 9.788072}},
{"target": 0.8142857142857143, "params": {"activation_function": 1.561355534109168, "amount_of_layers": 1.8717908568573653, "batch_size": 116.01230113839114, "dropout_rate": 0.6403363477352955, "epochs": 46.13001662188229, "hidden_channels": 14.78733521987128, "learning_rate": 0.021123997467928805, "optimizer": 1.787583226260665, "pooling_algorithm": 0.3792059906245189}, "datetime": {"datetime": "2023-11-19 00:19:46", "elapsed": 19413.011135, "delta": 34.27752}},
{"target": 0.0, "params": {"activation_function": 1.117937882302499, "amount_of_layers": 7.1978102064483505, "batch_size": 57.44267905655486, "dropout_rate": 0.5341284031778613, "epochs": 85.0316982094727, "hidden_channels": 61.69596647590838, "learning_rate": 0.054326638489419043, "optimizer": 1.546940535237417, "pooling_algorithm": 0.9096745523577302}, "datetime": {"datetime": "2023-11-19 00:20:00", "elapsed": 19427.371114, "delta": 14.359979}},
{"target": 0.7321428571428572, "params": {"activation_function": 1.1969428260772155, "amount_of_layers": 6.601432979742036, "batch_size": 123.57361008135679, "dropout_rate": 0.6505042889885186, "epochs": 177.9965960697089, "hidden_channels": 74.75146471187092, "learning_rate": 0.03321348422160494, "optimizer": 0.6588732123697318, "pooling_algorithm": 0.45075182132456015}, "datetime": {"datetime": "2023-11-19 00:20:15", "elapsed": 19442.632085, "delta": 15.260971}},
{"target": 0.2875, "params": {"activation_function": 0.22898698186284958, "amount_of_layers": 5.147820712532814, "batch_size": 99.4333362443562, "dropout_rate": 0.5108971985025342, "epochs": 58.00456498531464, "hidden_channels": 74.57068471705408, "learning_rate": 0.0202284625292751, "optimizer": 1.550213113258213, "pooling_algorithm": 0.15826187922004462}, "datetime": {"datetime": "2023-11-19 00:21:17", "elapsed": 19504.06804, "delta": 61.435955}},
{"target": 0.8285714285714286, "params": {"activation_function": 0.44690447254016363, "amount_of_layers": 3.2443554938901693, "batch_size": 26.912793566163803, "dropout_rate": 0.4555155776147108, "epochs": 168.32719271711647, "hidden_channels": 94.19443126847034, "learning_rate": 0.0737307291014678, "optimizer": 0.43779058597824827, "pooling_algorithm": 0.265478467330987}, "datetime": {"datetime": "2023-11-19 00:21:31", "elapsed": 19518.070309, "delta": 14.002269}},
{"target": 0.0, "params": {"activation_function": 1.564841989338027, "amount_of_layers": 7.466906242228422, "batch_size": 78.89582909251763, "dropout_rate": 0.6557188534864142, "epochs": 177.45595038488483, "hidden_channels": 12.174075584715304, "learning_rate": 0.04930204028832035, "optimizer": 0.04210483978342494, "pooling_algorithm": 0.998065626983325}, "datetime": {"datetime": "2023-11-19 00:21:43", "elapsed": 19530.268119, "delta": 12.19781}},
{"target": 0.817857142857143, "params": {"activation_function": 0.19556453460009093, "amount_of_layers": 3.612488946174432, "batch_size": 17.552937921378447, "dropout_rate": 0.43298078463748785, "epochs": 16.275169606682766, "hidden_channels": 100.19793634651028, "learning_rate": 0.0614181298468285, "optimizer": 0.49919453942282943, "pooling_algorithm": 0.36594922699080334}, "datetime": {"datetime": "2023-11-19 00:21:51", "elapsed": 19538.081004, "delta": 7.812885}},
{"target": 0.9035714285714286, "params": {"activation_function": 0.9248899935372425, "amount_of_layers": 2.685272564829421, "batch_size": 127.62491268412526, "dropout_rate": 0.621416539807925, "epochs": 51.5488285038757, "hidden_channels": 92.0745575617289, "learning_rate": 0.09191429839970609, "optimizer": 0.3626953835569686, "pooling_algorithm": 0.7168871224281154}, "datetime": {"datetime": "2023-11-19 00:22:00", "elapsed": 19547.410749, "delta": 9.329745}},
{"target": 0.7392857142857143, "params": {"activation_function": 0.42590962240476005, "amount_of_layers": 4.196060040558391, "batch_size": 125.50644485157265, "dropout_rate": 0.3307360911785661, "epochs": 162.2683298134658, "hidden_channels": 68.07739898250011, "learning_rate": 0.019627357071375, "optimizer": 0.8866760193010266, "pooling_algorithm": 0.4143943338591378}, "datetime": {"datetime": "2023-11-19 00:22:37", "elapsed": 19584.552303, "delta": 37.141554}},
{"target": 0.2571428571428571, "params": {"activation_function": 1.8922309663358718, "amount_of_layers": 1.9996446256585099, "batch_size": 97.39350944230216, "dropout_rate": 0.5310457079916397, "epochs": 92.51645173677957, "hidden_channels": 70.59515439321474, "learning_rate": 0.07585118992180116, "optimizer": 1.2042834939580385, "pooling_algorithm": 0.3796914376254581}, "datetime": {"datetime": "2023-11-19 00:23:16", "elapsed": 19623.182753, "delta": 38.63045}},
{"target": 0.8142857142857143, "params": {"activation_function": 1.2173067179635857, "amount_of_layers": 3.6030672995914097, "batch_size": 43.368573932770914, "dropout_rate": 0.4858205136128831, "epochs": 48.06847326647339, "hidden_channels": 43.53841905682, "learning_rate": 0.006695200184871714, "optimizer": 0.626993276586947, "pooling_algorithm": 0.3043900639357857}, "datetime": {"datetime": "2023-11-19 00:23:26", "elapsed": 19632.95854, "delta": 9.775787}},
{"target": 0.7375, "params": {"activation_function": 0.8413899897430921, "amount_of_layers": 8.34779459392432, "batch_size": 87.64380083791491, "dropout_rate": 0.2716260329739096, "epochs": 138.1819355869608, "hidden_channels": 62.67067442727544, "learning_rate": 0.04368098050347834, "optimizer": 0.4162115929421992, "pooling_algorithm": 0.128928100534766}, "datetime": {"datetime": "2023-11-19 00:24:08", "elapsed": 19675.143484, "delta": 42.184944}},
{"target": 0.7357142857142858, "params": {"activation_function": 1.272266174593242, "amount_of_layers": 5.884861926572784, "batch_size": 57.01008457631554, "dropout_rate": 0.6493131971754413, "epochs": 32.630881638594666, "hidden_channels": 106.68036199167875, "learning_rate": 0.09425185986550126, "optimizer": 1.6038731545260045, "pooling_algorithm": 0.3165874985951823}, "datetime": {"datetime": "2023-11-19 00:24:19", "elapsed": 19686.272788, "delta": 11.129304}},
{"target": 0.0, "params": {"activation_function": 1.7332834119762595, "amount_of_layers": 3.575880462826288, "batch_size": 31.41524212671259, "dropout_rate": 0.6166507558642041, "epochs": 126.44638757122648, "hidden_channels": 63.11082212103189, "learning_rate": 0.07263815552027443, "optimizer": 0.22430271105280197, "pooling_algorithm": 0.5259903060645286}, "datetime": {"datetime": "2023-11-19 00:24:57", "elapsed": 19724.32913, "delta": 38.056342}},
{"target": 0.9071428571428571, "params": {"activation_function": 1.5158772442949398, "amount_of_layers": 3.406394969890348, "batch_size": 41.38326929712554, "dropout_rate": 0.4315854113306806, "epochs": 120.16927363509893, "hidden_channels": 102.9661258847043, "learning_rate": 0.01117178902183193, "optimizer": 1.2933016944563123, "pooling_algorithm": 0.9116617628465256}, "datetime": {"datetime": "2023-11-19 00:25:08", "elapsed": 19735.732253, "delta": 11.403123}},
{"target": 0.7303571428571429, "params": {"activation_function": 1.0015246622328933, "amount_of_layers": 4.092859533200097, "batch_size": 121.3403317770234, "dropout_rate": 0.2797399680016855, "epochs": 198.5208110825379, "hidden_channels": 43.66286641064945, "learning_rate": 0.047303387787572426, "optimizer": 1.1368588930295138, "pooling_algorithm": 0.2232200631663216}, "datetime": {"datetime": "2023-11-19 00:25:20", "elapsed": 19747.129026, "delta": 11.396773}},
{"target": 0.8964285714285715, "params": {"activation_function": 0.30172209372600367, "amount_of_layers": 4.419673318137984, "batch_size": 122.66371841123389, "dropout_rate": 0.29425506455816347, "epochs": 180.59569810411833, "hidden_channels": 20.21065337599556, "learning_rate": 0.054408578097403536, "optimizer": 1.422550664208727, "pooling_algorithm": 0.5919074201156576}, "datetime": {"datetime": "2023-11-19 00:25:30", "elapsed": 19757.40443, "delta": 10.275404}},
{"target": 0.7464285714285714, "params": {"activation_function": 0.5488960508689755, "amount_of_layers": 3.0408381632807853, "batch_size": 135.95253563079262, "dropout_rate": 0.6589410846906776, "epochs": 162.30457516626956, "hidden_channels": 115.94693419819704, "learning_rate": 0.046520707868232244, "optimizer": 0.36411131876399216, "pooling_algorithm": 0.19629614650169325}, "datetime": {"datetime": "2023-11-19 00:25:43", "elapsed": 19770.156314, "delta": 12.751884}},
{"target": 0.9125, "params": {"activation_function": 0.27493079510993845, "amount_of_layers": 7.770280378606058, "batch_size": 16.391996534126076, "dropout_rate": 0.434042438303047, "epochs": 196.13073602049903, "hidden_channels": 17.150962255986602, "learning_rate": 0.0911483526522449, "optimizer": 1.1700135575874375, "pooling_algorithm": 0.8896938472651329}, "datetime": {"datetime": "2023-11-19 00:26:36", "elapsed": 19823.809783, "delta": 53.653469}},
{"target": 0.9035714285714286, "params": {"activation_function": 1.2805594042883222, "amount_of_layers": 1.6314094344197683, "batch_size": 83.53804286879901, "dropout_rate": 0.25276190896865214, "epochs": 123.33032414541141, "hidden_channels": 101.1453181799906, "learning_rate": 0.0865650779778876, "optimizer": 0.2507394398752214, "pooling_algorithm": 0.7210068698060611}, "datetime": {"datetime": "2023-11-19 00:26:47", "elapsed": 19834.09196, "delta": 10.282177}},
{"target": 0.0, "params": {"activation_function": 1.8676191620504314, "amount_of_layers": 7.2595622754850515, "batch_size": 102.69644554100127, "dropout_rate": 0.3447679729461122, "epochs": 51.535939239996246, "hidden_channels": 82.45995290993959, "learning_rate": 0.09731212683962691, "optimizer": 0.3373174558860119, "pooling_algorithm": 0.8325980550603174}, "datetime": {"datetime": "2023-11-19 00:26:57", "elapsed": 19844.251515, "delta": 10.159555}},
{"target": 0.7357142857142857, "params": {"activation_function": 0.7679402610314929, "amount_of_layers": 8.753029143011426, "batch_size": 55.75880641306529, "dropout_rate": 0.5555165854622403, "epochs": 44.56775601774098, "hidden_channels": 10.000433435169423, "learning_rate": 0.05817919607536697, "optimizer": 0.12042523370999314, "pooling_algorithm": 0.20602174069408652}, "datetime": {"datetime": "2023-11-19 00:27:06", "elapsed": 19853.534393, "delta": 9.282878}},
{"target": 0.9125, "params": {"activation_function": 1.3773523972871724, "amount_of_layers": 5.957382229439397, "batch_size": 66.61713685285994, "dropout_rate": 0.5904178464890895, "epochs": 190.48081985604614, "hidden_channels": 31.046550724493606, "learning_rate": 0.061107456110011525, "optimizer": 1.237842436674768, "pooling_algorithm": 0.8382601048215441}, "datetime": {"datetime": "2023-11-19 00:27:49", "elapsed": 19896.07022, "delta": 42.535827}},
{"target": 0.9089285714285714, "params": {"activation_function": 0.12479044890766411, "amount_of_layers": 8.966813214802734, "batch_size": 115.2424235039366, "dropout_rate": 0.7492897984429282, "epochs": 68.4049420268473, "hidden_channels": 102.97445243279122, "learning_rate": 0.04506690223949651, "optimizer": 1.448415330598594, "pooling_algorithm": 0.7808142053062939}, "datetime": {"datetime": "2023-11-19 00:28:00", "elapsed": 19907.767945, "delta": 11.697725}},
{"target": 0.9, "params": {"activation_function": 0.9209274160602967, "amount_of_layers": 5.330384625110357, "batch_size": 39.81559224828262, "dropout_rate": 0.6177059980008641, "epochs": 166.02803822871576, "hidden_channels": 93.19967025730183, "learning_rate": 0.023798068307660583, "optimizer": 1.2274247419115472, "pooling_algorithm": 0.7556871251547137}, "datetime": {"datetime": "2023-11-19 00:28:43", "elapsed": 19950.398689, "delta": 42.630744}},
{"target": 0.23928571428571427, "params": {"activation_function": 0.4773566772149811, "amount_of_layers": 3.8970075086957703, "batch_size": 47.00356894810281, "dropout_rate": 0.4270898806796318, "epochs": 130.7818077699775, "hidden_channels": 9.076373549549531, "learning_rate": 0.008278930703842762, "optimizer": 0.06816971485327805, "pooling_algorithm": 0.4671195513967442}, "datetime": {"datetime": "2023-11-19 00:28:54", "elapsed": 19961.370964, "delta": 10.972275}},
{"target": 0.0, "params": {"activation_function": 0.16773994505114853, "amount_of_layers": 5.765337249272746, "batch_size": 121.31139103674742, "dropout_rate": 0.5897298185405118, "epochs": 142.47490671105638, "hidden_channels": 111.2431611414418, "learning_rate": 0.060591423028404055, "optimizer": 1.7810834394568233, "pooling_algorithm": 0.7171329218527955}, "datetime": {"datetime": "2023-11-19 00:29:09", "elapsed": 19975.920941, "delta": 14.549977}},
{"target": 0.775, "params": {"activation_function": 1.373774081696646, "amount_of_layers": 6.0927831399376124, "batch_size": 133.74745483335795, "dropout_rate": 0.5894726085128005, "epochs": 196.36221499237797, "hidden_channels": 20.72642622469798, "learning_rate": 0.02134238135895842, "optimizer": 0.20774066131636304, "pooling_algorithm": 0.050633106152653706}, "datetime": {"datetime": "2023-11-19 00:29:20", "elapsed": 19987.753661, "delta": 11.83272}},
{"target": 0.9142857142857143, "params": {"activation_function": 1.2905097298462975, "amount_of_layers": 6.569278653478772, "batch_size": 108.56204986516067, "dropout_rate": 0.7199177186564777, "epochs": 79.76905737947091, "hidden_channels": 46.8918573454951, "learning_rate": 0.04493801214575728, "optimizer": 1.0030961919979964, "pooling_algorithm": 0.5302336344028802}, "datetime": {"datetime": "2023-11-19 00:29:31", "elapsed": 19998.552539, "delta": 10.798878}},
{"target": 0.7375, "params": {"activation_function": 0.5324108761860102, "amount_of_layers": 4.423144645197335, "batch_size": 49.21396473608392, "dropout_rate": 0.39840143707339176, "epochs": 22.742034648974432, "hidden_channels": 119.37994844043433, "learning_rate": 0.05558293610112514, "optimizer": 1.236975422473885, "pooling_algorithm": 0.4332768404138304}, "datetime": {"datetime": "2023-11-19 00:29:40", "elapsed": 20007.64208, "delta": 9.089541}},
{"target": 0.08571428571428572, "params": {"activation_function": 1.1940475940294246, "amount_of_layers": 3.746066752708489, "batch_size": 65.3434922001456, "dropout_rate": 0.49975641127091863, "epochs": 183.97646279602642, "hidden_channels": 35.96714560233089, "learning_rate": 0.003470865139313377, "optimizer": 1.2582617410692818, "pooling_algorithm": 0.922492508030675}, "datetime": {"datetime": "2023-11-19 00:30:22", "elapsed": 20049.03084, "delta": 41.38876}},
{"target": 0.8964285714285714, "params": {"activation_function": 1.513228033390954, "amount_of_layers": 8.901166063980437, "batch_size": 30.991569907136824, "dropout_rate": 0.4069659691349606, "epochs": 172.62270254513749, "hidden_channels": 36.51581832543613, "learning_rate": 0.008292655901600221, "optimizer": 0.4925984989159362, "pooling_algorithm": 0.6246489928808578}, "datetime": {"datetime": "2023-11-19 00:31:07", "elapsed": 20094.49987, "delta": 45.46903}},
{"target": 0.9089285714285714, "params": {"activation_function": 0.10569292678414288, "amount_of_layers": 5.507455802065859, "batch_size": 90.61147330935674, "dropout_rate": 0.549606001195108, "epochs": 97.3492868757535, "hidden_channels": 114.18619267369839, "learning_rate": 0.09538912952991592, "optimizer": 1.3327762569769086, "pooling_algorithm": 0.5261982263070891}, "datetime": {"datetime": "2023-11-19 00:31:20", "elapsed": 20107.63624, "delta": 13.13637}},
{"target": 0.9125, "params": {"activation_function": 1.5358343208649712, "amount_of_layers": 8.183539863703498, "batch_size": 81.78103068599603, "dropout_rate": 0.3673791999439504, "epochs": 169.35285343404826, "hidden_channels": 40.43220107511679, "learning_rate": 0.07200455302229178, "optimizer": 1.8126465641913863, "pooling_algorithm": 0.7773024854496235}, "datetime": {"datetime": "2023-11-19 00:31:32", "elapsed": 20119.532797, "delta": 11.896557}},
{"target": 0.2625, "params": {"activation_function": 1.4164462588432027, "amount_of_layers": 3.234917332950462, "batch_size": 88.47892691658028, "dropout_rate": 0.6415311963192825, "epochs": 141.20858817737457, "hidden_channels": 70.23777012405006, "learning_rate": 0.09907959561595853, "optimizer": 1.6131123656680444, "pooling_algorithm": 0.20419001722038288}, "datetime": {"datetime": "2023-11-19 00:31:43", "elapsed": 20130.363621, "delta": 10.830824}},
{"target": 0.8982142857142857, "params": {"activation_function": 1.1088631031054539, "amount_of_layers": 1.7246810309103564, "batch_size": 139.80133593509026, "dropout_rate": 0.7198349569854583, "epochs": 191.21963861504918, "hidden_channels": 111.53351480308616, "learning_rate": 0.08293185282328955, "optimizer": 1.6143265970934262, "pooling_algorithm": 0.7591461980459104}, "datetime": {"datetime": "2023-11-19 00:31:56", "elapsed": 20143.517918, "delta": 13.154297}},
{"target": 0.2714285714285714, "params": {"activation_function": 1.4942687378604258, "amount_of_layers": 4.471510259978302, "batch_size": 60.72812890238196, "dropout_rate": 0.3304934966331954, "epochs": 181.96933030371142, "hidden_channels": 103.81469050790417, "learning_rate": 0.013981065669823614, "optimizer": 0.9759912326981501, "pooling_algorithm": 0.42011572617120796}, "datetime": {"datetime": "2023-11-19 00:32:47", "elapsed": 20194.677798, "delta": 51.15988}},
{"target": 0.9035714285714286, "params": {"activation_function": 0.7592388572200417, "amount_of_layers": 8.16965458576157, "batch_size": 58.207780116922784, "dropout_rate": 0.5835186440551609, "epochs": 184.6080839452654, "hidden_channels": 99.5511189570909, "learning_rate": 0.034528182800230386, "optimizer": 0.6827607621073839, "pooling_algorithm": 0.9555089419107128}, "datetime": {"datetime": "2023-11-19 00:34:06", "elapsed": 20273.557437, "delta": 78.879639}},
{"target": 0.4857142857142857, "params": {"activation_function": 0.03157341008216785, "amount_of_layers": 7.956043451257443, "batch_size": 89.45277893695784, "dropout_rate": 0.6552654564650567, "epochs": 43.1072488734374, "hidden_channels": 27.945638914892022, "learning_rate": 0.0635199670622701, "optimizer": 1.4347679845932768, "pooling_algorithm": 0.10213044549421335}, "datetime": {"datetime": "2023-11-19 00:34:16", "elapsed": 20283.106935, "delta": 9.549498}},
{"target": 0.7357142857142858, "params": {"activation_function": 1.8377583666977189, "amount_of_layers": 6.339337520057581, "batch_size": 35.457865586156565, "dropout_rate": 0.6963667769559119, "epochs": 11.611797585216138, "hidden_channels": 124.92625604187369, "learning_rate": 0.08852722401703822, "optimizer": 0.56740315076413, "pooling_algorithm": 0.43221909633032185}, "datetime": {"datetime": "2023-11-19 00:34:54", "elapsed": 20320.977952, "delta": 37.871017}},
{"target": 0.26785714285714285, "params": {"activation_function": 0.6877942338100829, "amount_of_layers": 7.358628777502582, "batch_size": 90.65001762096689, "dropout_rate": 0.2694564072302558, "epochs": 40.15187132927538, "hidden_channels": 26.358770795749855, "learning_rate": 0.06622168082603509, "optimizer": 1.8151496187879819, "pooling_algorithm": 0.4606151002074761}, "datetime": {"datetime": "2023-11-19 00:35:01", "elapsed": 20328.762268, "delta": 7.784316}},
{"target": 0.2928571428571428, "params": {"activation_function": 1.3218434600515898, "amount_of_layers": 3.8437865037113266, "batch_size": 73.95640134986292, "dropout_rate": 0.5227498358173754, "epochs": 16.777177965782943, "hidden_channels": 123.91549068532126, "learning_rate": 0.0011715445930919875, "optimizer": 0.6648005161864594, "pooling_algorithm": 0.4658196569368166}, "datetime": {"datetime": "2023-11-19 00:35:09", "elapsed": 20336.773907, "delta": 8.011639}},
{"target": 0.9071428571428573, "params": {"activation_function": 0.22759822248535633, "amount_of_layers": 6.6279458209736735, "batch_size": 53.63596423860177, "dropout_rate": 0.7485253529755389, "epochs": 96.62619861302228, "hidden_channels": 9.971670628395772, "learning_rate": 0.07519613820679152, "optimizer": 0.32594363157188266, "pooling_algorithm": 0.7910614245177521}, "datetime": {"datetime": "2023-11-19 00:35:21", "elapsed": 20348.717852, "delta": 11.943945}},
