{"target": 0.2642857142857143, "params": {"activation_function": 0.9284625107085558, "amount_of_layers": 6.2840440298853, "batch_size": 96.76721781963683, "dropout_rate": 0.47493483548528354, "epochs": 189.95927322170522, "hidden_channels": 85.80577568047181, "learning_rate": 0.028903403257919028, "optimizer": 1.933209893010357, "pooling_algorithm": 0.4144783019271764}, "datetime": {"datetime": "2023-11-18 19:46:20", "elapsed": 3007.779624, "delta": 8.986756}},
{"target": 0.7714285714285715, "params": {"activation_function": 0.155872617828253, "amount_of_layers": 4.924453397063497, "batch_size": 78.18775255324246, "dropout_rate": 0.4259005173976713, "epochs": 69.17035518749353, "hidden_channels": 60.34190576004818, "learning_rate": 0.004453642016623541, "optimizer": 0.5055499591909232, "pooling_algorithm": 0.8600889890693778}, "datetime": {"datetime": "2023-11-18 19:46:23", "elapsed": 3010.409152, "delta": 2.629528}},
{"target": 0.2714285714285714, "params": {"activation_function": 0.5733202710475394, "amount_of_layers": 7.003132144248728, "batch_size": 97.05493174605395, "dropout_rate": 0.31599178156808916, "epochs": 150.1017700811721, "hidden_channels": 9.352166426010932, "learning_rate": 0.09700492497310484, "optimizer": 0.9351834380662005, "pooling_algorithm": 0.25314457112694044}, "datetime": {"datetime": "2023-11-18 19:46:28", "elapsed": 3015.510883, "delta": 5.101731}},
{"target": 0.8392857142857143, "params": {"activation_function": 0.1661922562094975, "amount_of_layers": 7.362626086698822, "batch_size": 31.214183405380673, "dropout_rate": 0.7065453122580334, "epochs": 88.9231102393351, "hidden_channels": 85.10079159217425, "learning_rate": 0.07136544463144114, "optimizer": 0.3344307514448617, "pooling_algorithm": 0.36868546305748706}, "datetime": {"datetime": "2023-11-18 19:46:34", "elapsed": 3021.298773, "delta": 5.78789}},
{"target": 0.8821428571428571, "params": {"activation_function": 0.26055697182510484, "amount_of_layers": 4.052453514026177, "batch_size": 105.86951530293867, "dropout_rate": 0.4696974043498364, "epochs": 24.979797544762427, "hidden_channels": 26.119027973229876, "learning_rate": 0.02973911123820152, "optimizer": 0.6108147016950622, "pooling_algorithm": 0.5148374083229922}, "datetime": {"datetime": "2023-11-18 19:46:35", "elapsed": 3022.623423, "delta": 1.32465}},
{"target": 0.7392857142857143, "params": {"activation_function": 1.1144013269341362, "amount_of_layers": 6.4197382786318515, "batch_size": 128.00115058744672, "dropout_rate": 0.5490768107039323, "epochs": 193.00480751475686, "hidden_channels": 46.78340209027135, "learning_rate": 0.004635111355386907, "optimizer": 0.42646565145567195, "pooling_algorithm": 0.0674041617153539}, "datetime": {"datetime": "2023-11-18 19:46:42", "elapsed": 3029.350953, "delta": 6.72753}},
{"target": 0.7857142857142858, "params": {"activation_function": 1.6159458757798577, "amount_of_layers": 6.289859965739873, "batch_size": 39.20980199893373, "dropout_rate": 0.6435428518571451, "epochs": 197.00743324919043, "hidden_channels": 29.995707461908356, "learning_rate": 0.030412288541227652, "optimizer": 1.4372102404853146, "pooling_algorithm": 0.16292988958623844}, "datetime": {"datetime": "2023-11-18 19:46:51", "elapsed": 3037.891981, "delta": 8.541028}},
{"target": 0.09999999999999999, "params": {"activation_function": 0.7314450194756577, "amount_of_layers": 7.0481777093491775, "batch_size": 39.514623400734365, "dropout_rate": 0.547267121174148, "epochs": 40.945619585276496, "hidden_channels": 19.833988231898765, "learning_rate": 0.005432424129825554, "optimizer": 0.11979534976881268, "pooling_algorithm": 0.6166391623026836}, "datetime": {"datetime": "2023-11-18 19:46:53", "elapsed": 3040.177825, "delta": 2.285844}},
{"target": 0.8910714285714285, "params": {"activation_function": 0.8329718415169871, "amount_of_layers": 6.708114015555023, "batch_size": 83.24624557673815, "dropout_rate": 0.2982227710693085, "epochs": 43.992478036795966, "hidden_channels": 88.57160048153317, "learning_rate": 0.012545022872301904, "optimizer": 1.530215398351763, "pooling_algorithm": 0.917019030295131}, "datetime": {"datetime": "2023-11-18 19:46:56", "elapsed": 3043.001648, "delta": 2.823823}},
{"target": 0.8339285714285715, "params": {"activation_function": 1.6781861975122243, "amount_of_layers": 1.1466181179201218, "batch_size": 78.93801886694133, "dropout_rate": 0.38054878552793103, "epochs": 130.3340938004177, "hidden_channels": 56.07790804161869, "learning_rate": 0.07895366486773078, "optimizer": 0.5694792545304381, "pooling_algorithm": 0.8730172326363037}, "datetime": {"datetime": "2023-11-18 19:46:59", "elapsed": 3045.852264, "delta": 2.850616}},
{"target": 0.7464285714285714, "params": {"activation_function": 1.4322475300477544, "amount_of_layers": 8.312945674379735, "batch_size": 96.22529023627847, "dropout_rate": 0.3386426975553346, "epochs": 47.64892672602813, "hidden_channels": 58.380732004345006, "learning_rate": 0.07244772389175404, "optimizer": 0.1542427112706808, "pooling_algorithm": 0.3197350949668052}, "datetime": {"datetime": "2023-11-18 19:47:01", "elapsed": 3048.478914, "delta": 2.62665}},
{"target": 0.9017857142857143, "params": {"activation_function": 1.914132730647385, "amount_of_layers": 8.88482068651421, "batch_size": 125.93034394456144, "dropout_rate": 0.6915000812381866, "epochs": 84.43131304915536, "hidden_channels": 76.68610237365125, "learning_rate": 0.015134629130578777, "optimizer": 1.7891047078052187, "pooling_algorithm": 0.9671806710619486}, "datetime": {"datetime": "2023-11-18 19:47:07", "elapsed": 3054.738455, "delta": 6.259541}},
{"target": 0.817857142857143, "params": {"activation_function": 1.9433904119335572, "amount_of_layers": 7.346972861751767, "batch_size": 112.44067882934387, "dropout_rate": 0.4950226751883159, "epochs": 190.17815284232788, "hidden_channels": 53.80019603840081, "learning_rate": 0.05242004829868822, "optimizer": 0.45060254762684937, "pooling_algorithm": 0.48944579861628035}, "datetime": {"datetime": "2023-11-18 19:47:16", "elapsed": 3062.874098, "delta": 8.135643}},
{"target": 0.9142857142857143, "params": {"activation_function": 0.9269316880478984, "amount_of_layers": 5.4959665126681445, "batch_size": 75.29176477465265, "dropout_rate": 0.35850385150761127, "epochs": 94.04742530606089, "hidden_channels": 51.57839550896586, "learning_rate": 0.04963991493282837, "optimizer": 1.757212627493643, "pooling_algorithm": 0.6899585044116116}, "datetime": {"datetime": "2023-11-18 19:47:19", "elapsed": 3066.372121, "delta": 3.498023}},
{"target": 0.7607142857142857, "params": {"activation_function": 1.4787665341670244, "amount_of_layers": 2.580932042487027, "batch_size": 83.14469707641143, "dropout_rate": 0.7224366672229079, "epochs": 185.09007929362863, "hidden_channels": 34.22159700064759, "learning_rate": 0.05382051136155651, "optimizer": 0.19678062724460776, "pooling_algorithm": 0.24313344394326275}, "datetime": {"datetime": "2023-11-18 19:47:23", "elapsed": 3070.581499, "delta": 4.209378}},
{"target": 0.8678571428571429, "params": {"activation_function": 0.05707781637061249, "amount_of_layers": 2.151940444355117, "batch_size": 56.85040669323778, "dropout_rate": 0.5847844822945388, "epochs": 45.77347729990331, "hidden_channels": 32.07285254597245, "learning_rate": 0.09013762877637235, "optimizer": 0.9206493636091622, "pooling_algorithm": 0.9115996501816037}, "datetime": {"datetime": "2023-11-18 19:47:25", "elapsed": 3072.262997, "delta": 1.681498}},
{"target": 0.805357142857143, "params": {"activation_function": 1.186618361435371, "amount_of_layers": 1.1049849055449767, "batch_size": 128.92931770402643, "dropout_rate": 0.5805650334220653, "epochs": 183.36654696743636, "hidden_channels": 96.68891539494984, "learning_rate": 0.0021319977143572626, "optimizer": 1.3535883209166861, "pooling_algorithm": 0.12025011558054666}, "datetime": {"datetime": "2023-11-18 19:47:29", "elapsed": 3076.666394, "delta": 4.403397}},
{"target": 0.35, "params": {"activation_function": 0.41973322075977637, "amount_of_layers": 7.909888099135715, "batch_size": 32.05244633628359, "dropout_rate": 0.5440448941917222, "epochs": 156.69772986730197, "hidden_channels": 103.79562641592825, "learning_rate": 0.09411163307919558, "optimizer": 0.9007399330361439, "pooling_algorithm": 0.20586129682157994}, "datetime": {"datetime": "2023-11-18 19:47:41", "elapsed": 3088.595754, "delta": 11.92936}},
{"target": 0.8999999999999999, "params": {"activation_function": 1.2508770174241612, "amount_of_layers": 1.7356777307587006, "batch_size": 109.92542782636535, "dropout_rate": 0.6071420033133859, "epochs": 182.25642998528602, "hidden_channels": 22.374952813482864, "learning_rate": 0.014562732653169212, "optimizer": 0.5875581911095928, "pooling_algorithm": 0.9207795446783361}, "datetime": {"datetime": "2023-11-18 19:47:45", "elapsed": 3092.315741, "delta": 3.719987}},
{"target": 0.9214285714285715, "params": {"activation_function": 1.4257843840432154, "amount_of_layers": 2.5657659118023606, "batch_size": 27.938775444087426, "dropout_rate": 0.2589455118174233, "epochs": 158.33297010180345, "hidden_channels": 26.560677717757002, "learning_rate": 0.02220840299776923, "optimizer": 0.9490046008185351, "pooling_algorithm": 0.9183258495637823}, "datetime": {"datetime": "2023-11-18 19:47:52", "elapsed": 3099.473331, "delta": 7.15759}},
{"target": 0.9125, "params": {"activation_function": 0.7368327787097353, "amount_of_layers": 8.712901057594248, "batch_size": 53.68321146901516, "dropout_rate": 0.6505560363993661, "epochs": 148.0425191377294, "hidden_channels": 17.598280106797482, "learning_rate": 0.02625778843461958, "optimizer": 1.304366041723197, "pooling_algorithm": 0.8314726853675366}, "datetime": {"datetime": "2023-11-18 19:47:59", "elapsed": 3106.265335, "delta": 6.792004}},
{"target": 0.8535714285714285, "params": {"activation_function": 1.8055953303942085, "amount_of_layers": 2.309229225555531, "batch_size": 32.138733658983426, "dropout_rate": 0.5380734113437613, "epochs": 65.85821742679838, "hidden_channels": 33.805516777165266, "learning_rate": 0.07687711567479188, "optimizer": 0.817972125124756, "pooling_algorithm": 0.7228745130054014}, "datetime": {"datetime": "2023-11-18 19:48:02", "elapsed": 3108.87883, "delta": 2.613495}},
{"target": 0.9053571428571429, "params": {"activation_function": 0.38051925254681596, "amount_of_layers": 1.386533510423929, "batch_size": 141.91039970614804, "dropout_rate": 0.6152801646730655, "epochs": 199.39186228234996, "hidden_channels": 31.605293744345634, "learning_rate": 0.05409863709289383, "optimizer": 0.08121476266167083, "pooling_algorithm": 0.5746535892259445}, "datetime": {"datetime": "2023-11-18 19:48:05", "elapsed": 3112.454447, "delta": 3.575617}},
{"target": 0.5535714285714286, "params": {"activation_function": 1.1084981200419304, "amount_of_layers": 1.4230552335057762, "batch_size": 107.40202878772516, "dropout_rate": 0.36749400122804743, "epochs": 12.601910379205634, "hidden_channels": 85.0009544979368, "learning_rate": 0.02956480709060426, "optimizer": 0.5000818961656788, "pooling_algorithm": 0.2906916739054901}, "datetime": {"datetime": "2023-11-18 19:48:06", "elapsed": 3113.461226, "delta": 1.006779}},
{"target": 0.26607142857142857, "params": {"activation_function": 1.0029301618984077, "amount_of_layers": 6.557867321431325, "batch_size": 112.39715626367695, "dropout_rate": 0.3172233706394174, "epochs": 106.9103325368383, "hidden_channels": 23.973002261484858, "learning_rate": 0.03970135049411755, "optimizer": 0.5810834590800764, "pooling_algorithm": 0.383817249913605}, "datetime": {"datetime": "2023-11-18 19:48:10", "elapsed": 3117.418863, "delta": 3.957637}},
{"target": 0.7321428571428572, "params": {"activation_function": 0.6117749303827464, "amount_of_layers": 7.353897075897584, "batch_size": 73.12712399674268, "dropout_rate": 0.3117235475483529, "epochs": 173.99270848192683, "hidden_channels": 8.853682852974048, "learning_rate": 0.025912569843568257, "optimizer": 0.8620150398657385, "pooling_algorithm": 0.3124046507919672}, "datetime": {"datetime": "2023-11-18 19:48:17", "elapsed": 3123.979417, "delta": 6.560554}},
{"target": 0.0, "params": {"activation_function": 1.5590939894227558, "amount_of_layers": 1.574362005458891, "batch_size": 139.38738315760511, "dropout_rate": 0.5223230160410897, "epochs": 72.92098545417966, "hidden_channels": 122.0503210648606, "learning_rate": 0.07141405212714859, "optimizer": 0.6650669674276599, "pooling_algorithm": 0.03897435389969339}, "datetime": {"datetime": "2023-11-18 19:48:20", "elapsed": 3126.859081, "delta": 2.879664}},
{"target": 0.9035714285714286, "params": {"activation_function": 1.4807705229457249, "amount_of_layers": 6.487493244649393, "batch_size": 102.38693522739958, "dropout_rate": 0.7240984230353769, "epochs": 192.67439745040167, "hidden_channels": 119.0443632312755, "learning_rate": 0.0845421454513509, "optimizer": 0.42682892349885804, "pooling_algorithm": 0.68452316381168}, "datetime": {"datetime": "2023-11-18 19:48:32", "elapsed": 3138.871234, "delta": 12.012153}},
{"target": 0.0, "params": {"activation_function": 1.9932980012542745, "amount_of_layers": 1.5659322208446245, "batch_size": 89.8297096818494, "dropout_rate": 0.4637476443795729, "epochs": 159.918544244666, "hidden_channels": 97.05911381449631, "learning_rate": 0.05444889211223691, "optimizer": 1.654445333099447, "pooling_algorithm": 0.36796511247030217}, "datetime": {"datetime": "2023-11-18 19:48:37", "elapsed": 3144.167121, "delta": 5.295887}},
{"target": 0.7375, "params": {"activation_function": 1.0488388204863404, "amount_of_layers": 6.974086287335021, "batch_size": 55.24122988531754, "dropout_rate": 0.5966451346679529, "epochs": 153.3990449590508, "hidden_channels": 38.911318550668085, "learning_rate": 0.09943745329346317, "optimizer": 1.8539190129513812, "pooling_algorithm": 0.2120292817499052}, "datetime": {"datetime": "2023-11-18 19:48:48", "elapsed": 3154.877867, "delta": 10.710746}},
{"target": 0.9125, "params": {"activation_function": 0.998252293515622, "amount_of_layers": 6.76687508030195, "batch_size": 146.97593135399995, "dropout_rate": 0.2623144583468178, "epochs": 93.02283946848526, "hidden_channels": 62.2082686536832, "learning_rate": 0.030551205806707993, "optimizer": 0.6915337189958983, "pooling_algorithm": 0.929211357153799}, "datetime": {"datetime": "2023-11-18 19:48:52", "elapsed": 3159.551181, "delta": 4.673314}},
{"target": 0.9071428571428571, "params": {"activation_function": 1.6323575897332983, "amount_of_layers": 7.615062337004239, "batch_size": 86.32279201825244, "dropout_rate": 0.6796775278480094, "epochs": 13.925366826120257, "hidden_channels": 62.40213084283906, "learning_rate": 0.008351068983569264, "optimizer": 1.5825307361482426, "pooling_algorithm": 0.7876286994678925}, "datetime": {"datetime": "2023-11-18 19:48:54", "elapsed": 3160.96032, "delta": 1.409139}},
{"target": 0.7321428571428572, "params": {"activation_function": 0.765716677635935, "amount_of_layers": 5.258223439368831, "batch_size": 68.8565866593604, "dropout_rate": 0.6785184799042607, "epochs": 198.74944682895296, "hidden_channels": 93.43260319569404, "learning_rate": 0.003984595255879639, "optimizer": 1.56420439156675, "pooling_algorithm": 0.05714866972332178}, "datetime": {"datetime": "2023-11-18 19:49:03", "elapsed": 3170.452966, "delta": 9.492646}},
{"target": 0.9, "params": {"activation_function": 1.0235589659905604, "amount_of_layers": 2.461247075639741, "batch_size": 98.21664273666728, "dropout_rate": 0.4169573097170225, "epochs": 14.273883172843739, "hidden_channels": 22.390992006314143, "learning_rate": 0.010814443374178494, "optimizer": 0.1491231167192184, "pooling_algorithm": 0.9778142644239404}, "datetime": {"datetime": "2023-11-18 19:49:04", "elapsed": 3171.482243, "delta": 1.029277}},
{"target": 0.2589285714285714, "params": {"activation_function": 0.8702297536151664, "amount_of_layers": 6.815337153544218, "batch_size": 46.317467843039196, "dropout_rate": 0.44099351406994447, "epochs": 57.24264915379153, "hidden_channels": 57.11455007654978, "learning_rate": 0.08691478551218422, "optimizer": 0.678146884234226, "pooling_algorithm": 0.09136675611887568}, "datetime": {"datetime": "2023-11-18 19:49:08", "elapsed": 3175.210094, "delta": 3.727851}},
{"target": 0.9107142857142857, "params": {"activation_function": 0.28017395027866354, "amount_of_layers": 4.071640523611903, "batch_size": 139.26325601327665, "dropout_rate": 0.6145630952070436, "epochs": 133.90756945048406, "hidden_channels": 127.88771970457968, "learning_rate": 0.07156369583097755, "optimizer": 1.5951906814364885, "pooling_algorithm": 0.8968913674046455}, "datetime": {"datetime": "2023-11-18 19:49:15", "elapsed": 3182.027925, "delta": 6.817831}},
{"target": 0.0, "params": {"activation_function": 0.574444540453565, "amount_of_layers": 6.410469739694494, "batch_size": 145.4043382608592, "dropout_rate": 0.7379671957599723, "epochs": 181.98116857591523, "hidden_channels": 15.119971429870379, "learning_rate": 0.09398479197360497, "optimizer": 0.1608971084366988, "pooling_algorithm": 0.6561682654776957}, "datetime": {"datetime": "2023-11-18 19:49:21", "elapsed": 3188.126071, "delta": 6.098146}},
{"target": 0.0, "params": {"activation_function": 1.8514479701605306, "amount_of_layers": 2.73356928790791, "batch_size": 85.24146660834217, "dropout_rate": 0.5542164642100889, "epochs": 193.75039472747903, "hidden_channels": 29.845342263259436, "learning_rate": 0.07880719436768073, "optimizer": 0.013900871185907882, "pooling_algorithm": 0.548984021584026}, "datetime": {"datetime": "2023-11-18 19:49:25", "elapsed": 3192.635942, "delta": 4.509871}},
{"target": 0.7607142857142857, "params": {"activation_function": 1.963240705008197, "amount_of_layers": 2.447692976879453, "batch_size": 103.56615506098395, "dropout_rate": 0.5789840293082593, "epochs": 45.595109907623154, "hidden_channels": 77.73578104344229, "learning_rate": 0.006705765840337896, "optimizer": 0.14571241837246762, "pooling_algorithm": 0.22021883395080388}, "datetime": {"datetime": "2023-11-18 19:49:27", "elapsed": 3194.495826, "delta": 1.859884}},
{"target": 0.9053571428571429, "params": {"activation_function": 0.9575607879741708, "amount_of_layers": 6.1802623186478725, "batch_size": 93.08552549773266, "dropout_rate": 0.516967951708927, "epochs": 87.77466192298215, "hidden_channels": 70.55797616861058, "learning_rate": 0.01760077999303198, "optimizer": 0.945886319462107, "pooling_algorithm": 0.5997077764346803}, "datetime": {"datetime": "2023-11-18 19:49:31", "elapsed": 3198.578668, "delta": 4.082842}},
{"target": 0.8964285714285715, "params": {"activation_function": 1.37491050652425, "amount_of_layers": 5.386386563020525, "batch_size": 73.67454212627032, "dropout_rate": 0.6051997046293844, "epochs": 192.25707387294707, "hidden_channels": 90.6778870942449, "learning_rate": 0.09674130372215584, "optimizer": 1.3898327147371259, "pooling_algorithm": 0.8281607455581254}, "datetime": {"datetime": "2023-11-18 19:49:47", "elapsed": 3213.871224, "delta": 15.292556}},
{"target": 0.905357142857143, "params": {"activation_function": 0.7468380487827078, "amount_of_layers": 7.51615002477037, "batch_size": 104.44792406347075, "dropout_rate": 0.7464967770915605, "epochs": 191.34311638900525, "hidden_channels": 11.53219278090011, "learning_rate": 0.03949351857217043, "optimizer": 1.9531819831873067, "pooling_algorithm": 0.6065761547872468}, "datetime": {"datetime": "2023-11-18 19:49:53", "elapsed": 3220.437603, "delta": 6.566379}},
{"target": 0.9142857142857143, "params": {"activation_function": 1.2719638796553683, "amount_of_layers": 3.6913843214117774, "batch_size": 27.766756131941392, "dropout_rate": 0.47914542211189165, "epochs": 54.317042859470796, "hidden_channels": 66.79094940772507, "learning_rate": 0.0347174994106989, "optimizer": 0.9002706716119537, "pooling_algorithm": 0.6733559479292859}, "datetime": {"datetime": "2023-11-18 19:49:57", "elapsed": 3224.158427, "delta": 3.720824}},
{"target": 0.14285714285714285, "params": {"activation_function": 0.30490691397841463, "amount_of_layers": 4.473685370347487, "batch_size": 138.06846028101393, "dropout_rate": 0.3071073434957725, "epochs": 119.10095917286245, "hidden_channels": 15.591485180474244, "learning_rate": 0.05306832267433162, "optimizer": 1.0656632737971323, "pooling_algorithm": 0.411222489231428}, "datetime": {"datetime": "2023-11-18 19:50:01", "elapsed": 3227.960717, "delta": 3.80229}},
{"target": 0.8517857142857144, "params": {"activation_function": 1.4957761623203596, "amount_of_layers": 3.9447749517544546, "batch_size": 129.72512098597673, "dropout_rate": 0.44247459262867644, "epochs": 98.02344186973266, "hidden_channels": 92.74221014604466, "learning_rate": 0.07074589691583315, "optimizer": 1.182597758001287, "pooling_algorithm": 0.2592161768163763}, "datetime": {"datetime": "2023-11-18 19:50:05", "elapsed": 3232.337006, "delta": 4.376289}},
{"target": 0.9035714285714287, "params": {"activation_function": 1.343103876418783, "amount_of_layers": 8.392954957375409, "batch_size": 119.91157376307184, "dropout_rate": 0.5063358979825967, "epochs": 35.97428044797471, "hidden_channels": 33.25126020011932, "learning_rate": 0.03358727573301691, "optimizer": 0.030890711757761924, "pooling_algorithm": 0.8322838426654976}, "datetime": {"datetime": "2023-11-18 19:50:07", "elapsed": 3234.266509, "delta": 1.929503}},
{"target": 0.7535714285714286, "params": {"activation_function": 0.22307376702459036, "amount_of_layers": 2.1754353646133096, "batch_size": 80.54984224104454, "dropout_rate": 0.5853897262437735, "epochs": 115.27920120979302, "hidden_channels": 72.9400789027496, "learning_rate": 0.01684426716785578, "optimizer": 0.9264629510985718, "pooling_algorithm": 0.17537439852168257}, "datetime": {"datetime": "2023-11-18 19:50:10", "elapsed": 3237.635623, "delta": 3.369114}},
