{"target": 0.9017857142857143, "params": {"activation_function": 1.417378044556024, "amount_of_layers": 2.6452151383277114, "batch_size": 125.9031342792488, "dropout_rate": 0.6171295614478339, "epochs": 163.5584218161748, "hidden_channels": 74.69675346594639, "learning_rate": 0.08282184894245334, "optimizer": 1.4865185825951788, "pooling_algorithm": 0.8300854818917435}, "datetime": {"datetime": "2023-11-18 19:25:53", "elapsed": 1780.731583, "delta": 4.986864}},
{"target": 0.75, "params": {"activation_function": 0.15699005483033512, "amount_of_layers": 4.140343157152105, "batch_size": 69.44399670586293, "dropout_rate": 0.29920624335386126, "epochs": 74.09222274713137, "hidden_channels": 57.016837382950946, "learning_rate": 0.031089718191518838, "optimizer": 1.6161249219719134, "pooling_algorithm": 0.07763991947466153}, "datetime": {"datetime": "2023-11-18 19:25:56", "elapsed": 1783.376122, "delta": 2.644539}},
{"target": 0.9107142857142857, "params": {"activation_function": 0.8865735784898718, "amount_of_layers": 7.357101570712678, "batch_size": 63.43006214894824, "dropout_rate": 0.5479030061943738, "epochs": 187.0189816050903, "hidden_channels": 37.10222914800417, "learning_rate": 0.02762510623930081, "optimizer": 1.566642854858298, "pooling_algorithm": 0.5002561113141616}, "datetime": {"datetime": "2023-11-18 19:26:04", "elapsed": 1790.868735, "delta": 7.492613}},
{"target": 0.09642857142857142, "params": {"activation_function": 1.541703246087543, "amount_of_layers": 1.8367542475509566, "batch_size": 121.13964388323454, "dropout_rate": 0.26671903358692106, "epochs": 151.4045771672492, "hidden_channels": 59.483479379734504, "learning_rate": 0.08082031260322942, "optimizer": 1.7597340871525833, "pooling_algorithm": 0.5209433758934999}, "datetime": {"datetime": "2023-11-18 19:26:07", "elapsed": 1794.596086, "delta": 3.727351}},
{"target": 0.817857142857143, "params": {"activation_function": 1.1547962408131975, "amount_of_layers": 4.461008320794879, "batch_size": 124.2366873479435, "dropout_rate": 0.5317574178017693, "epochs": 160.38091792133676, "hidden_channels": 72.70140439459642, "learning_rate": 0.005758978774739188, "optimizer": 0.848861416422148, "pooling_algorithm": 0.0897606912736082}, "datetime": {"datetime": "2023-11-18 19:26:13", "elapsed": 1799.852634, "delta": 5.256548}},
{"target": 0.7642857142857142, "params": {"activation_function": 0.41848150709152576, "amount_of_layers": 4.322405024364716, "batch_size": 94.2136145699548, "dropout_rate": 0.32174241702350603, "epochs": 90.81169075613494, "hidden_channels": 72.49618055935771, "learning_rate": 0.05107137012337429, "optimizer": 1.959337947138045, "pooling_algorithm": 0.8601543166839205}, "datetime": {"datetime": "2023-11-18 19:26:16", "elapsed": 1803.312534, "delta": 3.4599}},
{"target": 0.9, "params": {"activation_function": 0.6274371231814619, "amount_of_layers": 1.638611175941473, "batch_size": 65.10037032078867, "dropout_rate": 0.6153365775193212, "epochs": 185.37935070092558, "hidden_channels": 28.787028902080603, "learning_rate": 0.06532966881256472, "optimizer": 0.10568008994770461, "pooling_algorithm": 0.8724788602244682}, "datetime": {"datetime": "2023-11-18 19:26:20", "elapsed": 1807.524524, "delta": 4.21199}},
{"target": 0.9053571428571429, "params": {"activation_function": 0.7511013090480951, "amount_of_layers": 7.348293151618965, "batch_size": 21.613177790909603, "dropout_rate": 0.6457768727182804, "epochs": 187.4960008134239, "hidden_channels": 14.625104827586553, "learning_rate": 0.03742789483325282, "optimizer": 0.9020535511040826, "pooling_algorithm": 0.5886023495635273}, "datetime": {"datetime": "2023-11-18 19:26:32", "elapsed": 1819.626069, "delta": 12.101545}},
{"target": 0.9142857142857143, "params": {"activation_function": 1.4561076890145834, "amount_of_layers": 2.829074826710218, "batch_size": 69.76611607285082, "dropout_rate": 0.5439916008722554, "epochs": 187.82835242473317, "hidden_channels": 30.004194675241898, "learning_rate": 0.0344231102357807, "optimizer": 0.4704185062637929, "pooling_algorithm": 0.9444353698376853}, "datetime": {"datetime": "2023-11-18 19:26:37", "elapsed": 1824.556156, "delta": 4.930087}},
{"target": 0.8, "params": {"activation_function": 0.5841845003259896, "amount_of_layers": 2.1974104831738597, "batch_size": 125.60291658996456, "dropout_rate": 0.452382418981378, "epochs": 160.9443484118952, "hidden_channels": 69.7052846684774, "learning_rate": 0.09594641759532893, "optimizer": 0.4338612460302964, "pooling_algorithm": 0.21001835995893392}, "datetime": {"datetime": "2023-11-18 19:26:41", "elapsed": 1828.800869, "delta": 4.244713}},
{"target": 0.9071428571428571, "params": {"activation_function": 0.7065740292820883, "amount_of_layers": 6.951194817137962, "batch_size": 59.55715439705798, "dropout_rate": 0.6626815402278605, "epochs": 182.00221181405203, "hidden_channels": 99.78397981403447, "learning_rate": 0.03314283335946158, "optimizer": 0.017510159971616757, "pooling_algorithm": 0.6917299018283185}, "datetime": {"datetime": "2023-11-18 19:26:51", "elapsed": 1838.65749, "delta": 9.856621}},
{"target": 0.7267857142857144, "params": {"activation_function": 1.3312477836046306, "amount_of_layers": 3.362339651631072, "batch_size": 93.39428007548196, "dropout_rate": 0.26057943389956434, "epochs": 88.76632935098792, "hidden_channels": 68.85303399284979, "learning_rate": 0.07174893963742915, "optimizer": 1.1711253538128412, "pooling_algorithm": 0.36732345137846467}, "datetime": {"datetime": "2023-11-18 19:26:54", "elapsed": 1841.645549, "delta": 2.988059}},
{"target": 0.8714285714285714, "params": {"activation_function": 2.0, "amount_of_layers": 2.487504576273239, "batch_size": 127.92031975374336, "dropout_rate": 0.25, "epochs": 162.8802630628702, "hidden_channels": 73.2614314635633, "learning_rate": 0.001, "optimizer": 0.001611306951740667, "pooling_algorithm": 1.0}, "datetime": {"datetime": "2023-11-18 19:26:59", "elapsed": 1846.014312, "delta": 4.368763}},
{"target": 0.8714285714285714, "params": {"activation_function": 0.0, "amount_of_layers": 2.628785787873925, "batch_size": 91.16196634371774, "dropout_rate": 0.75, "epochs": 85.90027444332785, "hidden_channels": 66.24086667863004, "learning_rate": 0.001, "optimizer": 1.0148491949413376, "pooling_algorithm": 1.0}, "datetime": {"datetime": "2023-11-18 19:27:01", "elapsed": 1848.82153, "delta": 2.807218}},
{"target": 0.7375, "params": {"activation_function": 1.5465284142146978, "amount_of_layers": 5.923131721206255, "batch_size": 38.245999945957806, "dropout_rate": 0.7331714228468589, "epochs": 79.46795936159523, "hidden_channels": 73.83023449464851, "learning_rate": 0.09799747020572462, "optimizer": 1.6144815949821778, "pooling_algorithm": 0.49299814947213094}, "datetime": {"datetime": "2023-11-18 19:27:06", "elapsed": 1853.101375, "delta": 4.279845}},
{"target": 0.9053571428571429, "params": {"activation_function": 1.2089838889209958, "amount_of_layers": 7.914511745867515, "batch_size": 67.2555695719782, "dropout_rate": 0.6288671502384164, "epochs": 188.1163818734089, "hidden_channels": 36.92359215234674, "learning_rate": 0.08775878792680253, "optimizer": 0.9176326306596698, "pooling_algorithm": 0.7253132869274019}, "datetime": {"datetime": "2023-11-18 19:27:14", "elapsed": 1861.607313, "delta": 8.505938}},
{"target": 0.9125, "params": {"activation_function": 0.9121473887601024, "amount_of_layers": 8.808654131141832, "batch_size": 64.49213177397556, "dropout_rate": 0.732087802389192, "epochs": 188.62745246017738, "hidden_channels": 35.7364793679897, "learning_rate": 0.07582102715160767, "optimizer": 0.12929540978805942, "pooling_algorithm": 0.8856830608544185}, "datetime": {"datetime": "2023-11-18 19:27:23", "elapsed": 1870.390621, "delta": 8.783308}},
{"target": 0.5035714285714287, "params": {"activation_function": 0.22523997096933557, "amount_of_layers": 6.424023940055659, "batch_size": 91.49472798101827, "dropout_rate": 0.4319933276520333, "epochs": 87.49534927617806, "hidden_channels": 70.54309399605272, "learning_rate": 0.0616547214427625, "optimizer": 1.319965800459263, "pooling_algorithm": 0.07951649463478982}, "datetime": {"datetime": "2023-11-18 19:27:27", "elapsed": 1874.297895, "delta": 3.907274}},
{"target": 0.9178571428571429, "params": {"activation_function": 0.6994284055832409, "amount_of_layers": 7.5604724615650705, "batch_size": 94.50140258374851, "dropout_rate": 0.6514743781449852, "epochs": 89.14147910274608, "hidden_channels": 71.83139129523315, "learning_rate": 0.043641077485779514, "optimizer": 0.49998502947542356, "pooling_algorithm": 0.9030552645420663}, "datetime": {"datetime": "2023-11-18 19:27:31", "elapsed": 1878.807542, "delta": 4.509647}},
{"target": 0.9160714285714285, "params": {"activation_function": 1.8023725505428259, "amount_of_layers": 8.399157854106136, "batch_size": 64.74191368101754, "dropout_rate": 0.5351977478226968, "epochs": 186.23655309039347, "hidden_channels": 35.59524532316733, "learning_rate": 0.0824933731326149, "optimizer": 1.6743874100834046, "pooling_algorithm": 0.7509008371334902}, "datetime": {"datetime": "2023-11-18 19:27:39", "elapsed": 1886.746023, "delta": 7.938481}},
{"target": 0.9035714285714286, "params": {"activation_function": 1.3286760879172264, "amount_of_layers": 6.991711454930618, "batch_size": 66.89444627966162, "dropout_rate": 0.6755546174849733, "epochs": 186.25941817700598, "hidden_channels": 36.52329611214968, "learning_rate": 0.08552180668306167, "optimizer": 1.740098225699408, "pooling_algorithm": 0.5878233184154047}, "datetime": {"datetime": "2023-11-18 19:27:49", "elapsed": 1896.253966, "delta": 9.507943}},
{"target": 0.9142857142857143, "params": {"activation_function": 0.553538225145676, "amount_of_layers": 5.0727557261617475, "batch_size": 66.05949788644726, "dropout_rate": 0.5557775276205281, "epochs": 189.30918461918077, "hidden_channels": 30.815276082851337, "learning_rate": 0.05926538248918505, "optimizer": 0.8445724315633873, "pooling_algorithm": 0.5270230820018758}, "datetime": {"datetime": "2023-11-18 19:27:55", "elapsed": 1902.713553, "delta": 6.459587}},
{"target": 0.7464285714285714, "params": {"activation_function": 0.6866563936622545, "amount_of_layers": 2.8481760093361723, "batch_size": 69.63518273996351, "dropout_rate": 0.5289894042712298, "epochs": 188.95196327989024, "hidden_channels": 32.50306279292335, "learning_rate": 0.07447614126278077, "optimizer": 0.4489289341276259, "pooling_algorithm": 0.25973854113253736}, "datetime": {"datetime": "2023-11-18 19:28:00", "elapsed": 1907.609014, "delta": 4.895461}},
{"target": 0.9053571428571429, "params": {"activation_function": 0.257766072604553, "amount_of_layers": 6.8592607689004215, "batch_size": 63.49264108298048, "dropout_rate": 0.4909178395636414, "epochs": 188.3857813855541, "hidden_channels": 30.618050928444124, "learning_rate": 0.04760165786354696, "optimizer": 0.5153812335404151, "pooling_algorithm": 0.9172350654723823}, "datetime": {"datetime": "2023-11-18 19:28:08", "elapsed": 1915.292014, "delta": 7.683}},
{"target": 0.9071428571428571, "params": {"activation_function": 0.6239612662621166, "amount_of_layers": 5.424531080780261, "batch_size": 24.260529904758158, "dropout_rate": 0.7143531665675442, "epochs": 187.2184219383018, "hidden_channels": 13.766562581090987, "learning_rate": 0.09398057499717154, "optimizer": 0.587743338263496, "pooling_algorithm": 0.8751300620734698}, "datetime": {"datetime": "2023-11-18 19:28:18", "elapsed": 1925.57074, "delta": 10.278726}},
{"target": 0.27142857142857146, "params": {"activation_function": 0.6282622818662031, "amount_of_layers": 5.735483307273882, "batch_size": 61.739920297259474, "dropout_rate": 0.5956065241488813, "epochs": 185.40218283300672, "hidden_channels": 36.56259988428516, "learning_rate": 0.08631727084005977, "optimizer": 1.463474609876221, "pooling_algorithm": 0.06743388802748507}, "datetime": {"datetime": "2023-11-18 19:28:25", "elapsed": 1932.697195, "delta": 7.126455}},
{"target": 0.7374999999999999, "params": {"activation_function": 0.13817747632400912, "amount_of_layers": 1.2097618704289177, "batch_size": 123.24111175607392, "dropout_rate": 0.7455277084211189, "epochs": 154.06160417914788, "hidden_channels": 63.2254687674087, "learning_rate": 0.028894674087278947, "optimizer": 0.7880299307774186, "pooling_algorithm": 0.3617295382532746}, "datetime": {"datetime": "2023-11-18 19:28:29", "elapsed": 1936.219641, "delta": 3.522446}},
{"target": 0.9017857142857143, "params": {"activation_function": 1.2799434708767232, "amount_of_layers": 4.845402761464964, "batch_size": 93.56275363688613, "dropout_rate": 0.44052308606153673, "epochs": 85.38278719727782, "hidden_channels": 65.31661841111095, "learning_rate": 0.08368713283243498, "optimizer": 1.5035057320650276, "pooling_algorithm": 0.9813902390259878}, "datetime": {"datetime": "2023-11-18 19:28:34", "elapsed": 1941.544176, "delta": 5.324535}},
{"target": 0.9089285714285714, "params": {"activation_function": 0.3880184702116005, "amount_of_layers": 2.5736581799863174, "batch_size": 63.96662791501808, "dropout_rate": 0.6971973729736272, "epochs": 187.078448663234, "hidden_channels": 30.8371764007869, "learning_rate": 0.09680782902187449, "optimizer": 1.4839836036209832, "pooling_algorithm": 0.6974856621407255}, "datetime": {"datetime": "2023-11-18 19:28:39", "elapsed": 1946.76267, "delta": 5.218494}},
{"target": 0.9089285714285714, "params": {"activation_function": 0.016826792004703165, "amount_of_layers": 6.771802814971893, "batch_size": 76.78620669691358, "dropout_rate": 0.6245937850711437, "epochs": 138.20439138507234, "hidden_channels": 57.17743772537399, "learning_rate": 0.05437805823331102, "optimizer": 0.9403538460137034, "pooling_algorithm": 0.5901917205489561}, "datetime": {"datetime": "2023-11-18 19:28:45", "elapsed": 1952.431195, "delta": 5.668525}},
{"target": 0.9035714285714287, "params": {"activation_function": 0.22730826776962987, "amount_of_layers": 4.488578307132513, "batch_size": 66.66263668726236, "dropout_rate": 0.36749406318833716, "epochs": 187.18734937422838, "hidden_channels": 35.33434517705638, "learning_rate": 0.031243251935954786, "optimizer": 0.3608260916827446, "pooling_algorithm": 0.5075928817075714}, "datetime": {"datetime": "2023-11-18 19:28:50", "elapsed": 1957.718733, "delta": 5.287538}},
{"target": 0.9160714285714286, "params": {"activation_function": 2.0, "amount_of_layers": 2.155999373567813, "batch_size": 97.59004096589491, "dropout_rate": 0.75, "epochs": 95.29920046707961, "hidden_channels": 68.1966512107695, "learning_rate": 0.1, "optimizer": 2.0, "pooling_algorithm": 1.0}, "datetime": {"datetime": "2023-11-18 19:28:53", "elapsed": 1960.486389, "delta": 2.767656}},
{"target": 0.7392857142857143, "params": {"activation_function": 0.9261990853784816, "amount_of_layers": 1.6908324514638036, "batch_size": 94.52742372178585, "dropout_rate": 0.680734109686568, "epochs": 86.44182589481777, "hidden_channels": 72.1152896424837, "learning_rate": 0.05274176820739267, "optimizer": 1.7211136880595364, "pooling_algorithm": 0.24462630033813038}, "datetime": {"datetime": "2023-11-18 19:28:56", "elapsed": 1963.361434, "delta": 2.875045}},
{"target": 0.5821428571428571, "params": {"activation_function": 1.5565108397502487, "amount_of_layers": 2.936966513965526, "batch_size": 66.84339244491412, "dropout_rate": 0.6594827325133359, "epochs": 186.80095783149886, "hidden_channels": 29.23055635207957, "learning_rate": 0.041386836802353666, "optimizer": 0.9145301987734125, "pooling_algorithm": 0.7287892707501832}, "datetime": {"datetime": "2023-11-18 19:29:01", "elapsed": 1968.287569, "delta": 4.926135}},
{"target": 0.9142857142857143, "params": {"activation_function": 0.869632866083232, "amount_of_layers": 7.8335610302555985, "batch_size": 24.17597062077973, "dropout_rate": 0.6451363134010426, "epochs": 189.52854836565734, "hidden_channels": 12.56194945543474, "learning_rate": 0.0828542102814175, "optimizer": 0.28906433416398447, "pooling_algorithm": 0.5893500938824168}, "datetime": {"datetime": "2023-11-18 19:29:13", "elapsed": 1980.180017, "delta": 11.892448}},
{"target": 0.0, "params": {"activation_function": 1.8165710763761735, "amount_of_layers": 7.901879193074729, "batch_size": 62.1545671833615, "dropout_rate": 0.48639334348219293, "epochs": 185.59295627357952, "hidden_channels": 98.02124428859445, "learning_rate": 0.031839157402384896, "optimizer": 0.8562978150978635, "pooling_algorithm": 0.8798872497222275}, "datetime": {"datetime": "2023-11-18 19:29:26", "elapsed": 1993.120995, "delta": 12.940978}},
{"target": 0.9232142857142858, "params": {"activation_function": 0.17105789607756022, "amount_of_layers": 2.6751590324625254, "batch_size": 128.20530372015753, "dropout_rate": 0.3003520158735339, "epochs": 163.34035913169893, "hidden_channels": 71.15209186463157, "learning_rate": 0.1, "optimizer": 2.0, "pooling_algorithm": 1.0}, "datetime": {"datetime": "2023-11-18 19:29:31", "elapsed": 1998.060509, "delta": 4.939514}},
{"target": 0.44642857142857145, "params": {"activation_function": 0.0, "amount_of_layers": 1.7130910611073717, "batch_size": 127.61395972726913, "dropout_rate": 0.75, "epochs": 162.17917910505983, "hidden_channels": 73.57697620490941, "learning_rate": 0.1, "optimizer": 2.0, "pooling_algorithm": 0.0}, "datetime": {"datetime": "2023-11-18 19:29:35", "elapsed": 2002.681854, "delta": 4.621345}},
{"target": 0.9035714285714286, "params": {"activation_function": 1.1047661827920492, "amount_of_layers": 7.852726509532708, "batch_size": 17.738273409696994, "dropout_rate": 0.6451884202077249, "epochs": 192.17168642100313, "hidden_channels": 16.40503287039522, "learning_rate": 0.061881825167058604, "optimizer": 1.7905575574146444, "pooling_algorithm": 0.5190375842801201}, "datetime": {"datetime": "2023-11-18 19:29:49", "elapsed": 2016.822636, "delta": 14.140782}},
{"target": 0.0, "params": {"activation_function": 1.547875820966982, "amount_of_layers": 2.473225159188325, "batch_size": 89.15941295995249, "dropout_rate": 0.6753795895186441, "epochs": 83.97415377485015, "hidden_channels": 61.651548276919684, "learning_rate": 0.09032554995010172, "optimizer": 1.9879446588284995, "pooling_algorithm": 0.3436552566779876}, "datetime": {"datetime": "2023-11-18 19:29:53", "elapsed": 2019.911241, "delta": 3.088605}},
{"target": 0.8357142857142857, "params": {"activation_function": 2.0, "amount_of_layers": 7.191270577765152, "batch_size": 95.1484050455862, "dropout_rate": 0.347804916607965, "epochs": 90.81902447757071, "hidden_channels": 69.30967711147731, "learning_rate": 0.001, "optimizer": 1.9845071632423381, "pooling_algorithm": 1.0}, "datetime": {"datetime": "2023-11-18 19:29:57", "elapsed": 2024.124952, "delta": 4.213711}},
{"target": 0.9089285714285714, "params": {"activation_function": 0.5358327561334639, "amount_of_layers": 5.35944135038931, "batch_size": 92.70110926215621, "dropout_rate": 0.7270085128394334, "epochs": 92.8437546539412, "hidden_channels": 69.05728354212263, "learning_rate": 0.09374238033200577, "optimizer": 1.2057104466539397, "pooling_algorithm": 0.6049329716410774}, "datetime": {"datetime": "2023-11-18 19:30:01", "elapsed": 2027.888974, "delta": 3.764022}},
{"target": 0.9053571428571429, "params": {"activation_function": 0.3428454067408648, "amount_of_layers": 8.72431456550597, "batch_size": 16.54556901487402, "dropout_rate": 0.267874618482047, "epochs": 190.06482342340166, "hidden_channels": 16.344914498387865, "learning_rate": 0.08629740027757353, "optimizer": 0.6924955584353161, "pooling_algorithm": 1.0}, "datetime": {"datetime": "2023-11-18 19:30:17", "elapsed": 2044.291402, "delta": 16.402428}},
{"target": 0.9, "params": {"activation_function": 1.1638027507488415, "amount_of_layers": 7.67962714791795, "batch_size": 57.93586828548962, "dropout_rate": 0.677386922677864, "epochs": 184.59428683770565, "hidden_channels": 100.04766070064173, "learning_rate": 0.07564975569330613, "optimizer": 0.8473983331119286, "pooling_algorithm": 0.7069313372471027}, "datetime": {"datetime": "2023-11-18 19:30:45", "elapsed": 2072.221562, "delta": 27.93016}},
{"target": 0.7339285714285715, "params": {"activation_function": 1.433288454073308, "amount_of_layers": 7.364546785465183, "batch_size": 63.906538697773925, "dropout_rate": 0.7476920119228816, "epochs": 181.2246148165717, "hidden_channels": 103.93011873445097, "learning_rate": 0.00916764721294594, "optimizer": 1.6534190194542313, "pooling_algorithm": 0.19977714648521094}, "datetime": {"datetime": "2023-11-18 19:30:55", "elapsed": 2082.652789, "delta": 10.431227}},
{"target": 0.8999999999999999, "params": {"activation_function": 1.433373246442377, "amount_of_layers": 7.052770320231025, "batch_size": 66.1220050714748, "dropout_rate": 0.3530242766371973, "epochs": 189.17833887312858, "hidden_channels": 31.97285005323848, "learning_rate": 0.012752327075794764, "optimizer": 0.28543997337185223, "pooling_algorithm": 0.9080857384043978}, "datetime": {"datetime": "2023-11-18 19:31:02", "elapsed": 2089.313378, "delta": 6.660589}},
{"target": 0.0, "params": {"activation_function": 1.5439185904657435, "amount_of_layers": 6.448540369446521, "batch_size": 68.21370400014325, "dropout_rate": 0.4480221242410934, "epochs": 75.91821913160665, "hidden_channels": 58.354874133000834, "learning_rate": 0.1, "optimizer": 0.4631457109761986, "pooling_algorithm": 0.673153100583414}, "datetime": {"datetime": "2023-11-18 19:31:05", "elapsed": 2092.773669, "delta": 3.460291}},
{"target": 0.9053571428571429, "params": {"activation_function": 1.4035252221309396, "amount_of_layers": 7.755085361059061, "batch_size": 67.4771457672336, "dropout_rate": 0.37424604218299484, "epochs": 187.7193635010353, "hidden_channels": 31.35337976971724, "learning_rate": 0.08208906411117971, "optimizer": 1.7790403153958176, "pooling_algorithm": 0.6696885062116547}, "datetime": {"datetime": "2023-11-18 19:31:20", "elapsed": 2107.025432, "delta": 14.251763}},
