{"target": 0.9035714285714286, "params": {"activation_function": 1.8800541536483089, "amount_of_layers": 6.371995098251272, "batch_size": 128.37629033128815, "dropout_rate": 0.5654906001834421, "epochs": 49.983137495782294, "hidden_channels": 51.84443680916391, "learning_rate": 0.04581652776833467, "optimizer": 0.960038754295164, "pooling_algorithm": 0.6567762607626351}, "datetime": {"datetime": "2023-11-18 23:48:07", "elapsed": 17514.229865, "delta": 7.97478}},
{"target": 0.1357142857142857, "params": {"activation_function": 1.9078091081804818, "amount_of_layers": 6.2422444380914035, "batch_size": 142.859085127141, "dropout_rate": 0.60271217301674, "epochs": 36.83365671552164, "hidden_channels": 20.391592303651862, "learning_rate": 0.03775309431455942, "optimizer": 0.7740066419651261, "pooling_algorithm": 0.6988472372012104}, "datetime": {"datetime": "2023-11-18 23:48:14", "elapsed": 17521.524183, "delta": 7.294318}},
{"target": 0.7928571428571429, "params": {"activation_function": 0.7514355092616729, "amount_of_layers": 2.8686641009089078, "batch_size": 57.55206575187218, "dropout_rate": 0.462765331175223, "epochs": 56.88948000036861, "hidden_channels": 12.695991736236845, "learning_rate": 0.00881189570619955, "optimizer": 0.8171204402501617, "pooling_algorithm": 0.48261165276997486}, "datetime": {"datetime": "2023-11-18 23:48:22", "elapsed": 17529.588254, "delta": 8.064071}},
{"target": 0.9035714285714286, "params": {"activation_function": 1.0144996460156668, "amount_of_layers": 4.7916786859052385, "batch_size": 126.28956854901597, "dropout_rate": 0.6241682307597516, "epochs": 159.5406178280072, "hidden_channels": 68.89437368554059, "learning_rate": 0.03450633797802113, "optimizer": 1.2199362951026522, "pooling_algorithm": 0.8484603256200001}, "datetime": {"datetime": "2023-11-18 23:49:15", "elapsed": 17582.494712, "delta": 52.906458}},
{"target": 0.9071428571428571, "params": {"activation_function": 0.04246089287078836, "amount_of_layers": 6.859901624481744, "batch_size": 27.083963508419554, "dropout_rate": 0.5656801643919586, "epochs": 153.2044464141144, "hidden_channels": 29.11211852808965, "learning_rate": 0.016093926852984497, "optimizer": 0.803866950366598, "pooling_algorithm": 0.9450885969557435}, "datetime": {"datetime": "2023-11-18 23:49:31", "elapsed": 17598.133502, "delta": 15.63879}},
{"target": 0.7321428571428571, "params": {"activation_function": 1.4985559184817485, "amount_of_layers": 5.241184985331812, "batch_size": 95.80442779579603, "dropout_rate": 0.6058232516072356, "epochs": 99.78005319401889, "hidden_channels": 72.0912878996304, "learning_rate": 0.04104417049108642, "optimizer": 0.21137533646672813, "pooling_algorithm": 0.333578707870411}, "datetime": {"datetime": "2023-11-18 23:50:02", "elapsed": 17629.241918, "delta": 31.108416}},
{"target": 0.9017857142857143, "params": {"activation_function": 0.8884330572663113, "amount_of_layers": 5.291548880774557, "batch_size": 57.79689249565545, "dropout_rate": 0.3187220287933967, "epochs": 40.145062671572056, "hidden_channels": 63.528880715225114, "learning_rate": 0.02745931893990413, "optimizer": 0.5577985729653632, "pooling_algorithm": 0.8214059125934909}, "datetime": {"datetime": "2023-11-18 23:50:10", "elapsed": 17637.044572, "delta": 7.802654}},
{"target": 0.5, "params": {"activation_function": 0.13748859548574188, "amount_of_layers": 7.954611892845232, "batch_size": 26.745031812904227, "dropout_rate": 0.6462870376111725, "epochs": 154.02600313993128, "hidden_channels": 28.78756541178601, "learning_rate": 0.061216617407785674, "optimizer": 1.4671324586464656, "pooling_algorithm": 0.3117339826060773}, "datetime": {"datetime": "2023-11-18 23:50:48", "elapsed": 17675.558954, "delta": 38.514382}},
{"target": 0.0, "params": {"activation_function": 1.9357038672717002, "amount_of_layers": 2.562943389704553, "batch_size": 121.33521578574046, "dropout_rate": 0.5990321274428131, "epochs": 45.312899988686546, "hidden_channels": 122.83399740123322, "learning_rate": 0.05967760419842083, "optimizer": 0.5844766556352547, "pooling_algorithm": 0.1240030698389788}, "datetime": {"datetime": "2023-11-18 23:50:56", "elapsed": 17683.200666, "delta": 7.641712}},
{"target": 0.2571428571428571, "params": {"activation_function": 1.5936612835113835, "amount_of_layers": 6.220651754315347, "batch_size": 23.444890563877326, "dropout_rate": 0.3488627454799892, "epochs": 119.04758271932451, "hidden_channels": 58.62275314637548, "learning_rate": 0.08845948758862714, "optimizer": 1.1419690094752069, "pooling_algorithm": 0.4032349469332994}, "datetime": {"datetime": "2023-11-18 23:51:10", "elapsed": 17697.427592, "delta": 14.226926}},
{"target": 0.7428571428571429, "params": {"activation_function": 1.2300640809282368, "amount_of_layers": 5.90579056416138, "batch_size": 64.97502094703874, "dropout_rate": 0.29925650425926303, "epochs": 170.15594230992707, "hidden_channels": 44.104951203538036, "learning_rate": 0.058253926440791415, "optimizer": 0.15901274519289577, "pooling_algorithm": 0.001518513297832702}, "datetime": {"datetime": "2023-11-18 23:51:23", "elapsed": 17709.996882, "delta": 12.56929}},
{"target": 0.75, "params": {"activation_function": 0.23269918647362497, "amount_of_layers": 2.0390483728413074, "batch_size": 112.88674986905079, "dropout_rate": 0.3780654227228202, "epochs": 72.72370641292608, "hidden_channels": 102.61370157917737, "learning_rate": 0.02199711361786046, "optimizer": 1.6599457907695858, "pooling_algorithm": 0.276703568230906}, "datetime": {"datetime": "2023-11-18 23:51:31", "elapsed": 17718.73043, "delta": 8.733548}},
{"target": 0.09107142857142857, "params": {"activation_function": 0.17697327703528853, "amount_of_layers": 2.434825917677995, "batch_size": 34.41982277847782, "dropout_rate": 0.5589628032448385, "epochs": 78.87138891253645, "hidden_channels": 6.159749645798428, "learning_rate": 0.0420011984348023, "optimizer": 1.7278985524078838, "pooling_algorithm": 0.7823538616429098}, "datetime": {"datetime": "2023-11-18 23:51:40", "elapsed": 17727.746741, "delta": 9.016311}},
{"target": 0.9107142857142857, "params": {"activation_function": 0.5608807221537306, "amount_of_layers": 4.470945523008482, "batch_size": 81.07167389369404, "dropout_rate": 0.6243283352955606, "epochs": 182.4126022598775, "hidden_channels": 20.826312109199822, "learning_rate": 0.08171718533572742, "optimizer": 0.3167984195412119, "pooling_algorithm": 0.7252218377403767}, "datetime": {"datetime": "2023-11-18 23:51:50", "elapsed": 17737.794454, "delta": 10.047713}},
{"target": 0.9053571428571429, "params": {"activation_function": 0.45723158149254006, "amount_of_layers": 1.618345132789102, "batch_size": 145.6158988105376, "dropout_rate": 0.30053417350917105, "epochs": 36.54676107642306, "hidden_channels": 70.24928675536277, "learning_rate": 0.04327372909181344, "optimizer": 0.5798393386714755, "pooling_algorithm": 0.7316901757995469}, "datetime": {"datetime": "2023-11-18 23:52:41", "elapsed": 17788.064264, "delta": 50.26981}},
{"target": 0.7357142857142857, "params": {"activation_function": 1.8411876251863586, "amount_of_layers": 8.922104784353316, "batch_size": 43.433341579550586, "dropout_rate": 0.28831681537752324, "epochs": 159.511656811934, "hidden_channels": 40.99139138437501, "learning_rate": 0.03476609942113306, "optimizer": 1.5524446991064194, "pooling_algorithm": 0.46686419286497893}, "datetime": {"datetime": "2023-11-18 23:52:56", "elapsed": 17803.809561, "delta": 15.745297}},
{"target": 0.2839285714285714, "params": {"activation_function": 1.8357694883565512, "amount_of_layers": 2.641681726591491, "batch_size": 39.770692753299656, "dropout_rate": 0.4443585549117485, "epochs": 48.60553097886871, "hidden_channels": 46.66086746601282, "learning_rate": 0.06939925675815793, "optimizer": 1.891341460857817, "pooling_algorithm": 0.2755050047602895}, "datetime": {"datetime": "2023-11-18 23:53:06", "elapsed": 17813.51775, "delta": 9.708189}},
{"target": 0.9214285714285715, "params": {"activation_function": 0.36750426623339405, "amount_of_layers": 6.468620444209211, "batch_size": 60.49164123698827, "dropout_rate": 0.29929287085622414, "epochs": 15.73228272938496, "hidden_channels": 75.43683579450867, "learning_rate": 0.025163715399200728, "optimizer": 1.4817323014210018, "pooling_algorithm": 0.7222764224126418}, "datetime": {"datetime": "2023-11-18 23:53:13", "elapsed": 17820.518045, "delta": 7.000295}},
{"target": 0.23928571428571427, "params": {"activation_function": 0.30542643257288526, "amount_of_layers": 2.5952865315515083, "batch_size": 48.93731634653074, "dropout_rate": 0.7357495949496977, "epochs": 139.01059903589243, "hidden_channels": 66.26121979378595, "learning_rate": 0.06844330536956955, "optimizer": 0.807648805264543, "pooling_algorithm": 0.09505153038718805}, "datetime": {"datetime": "2023-11-18 23:53:48", "elapsed": 17855.169041, "delta": 34.650996}},
{"target": 0.0, "params": {"activation_function": 1.5099276201372056, "amount_of_layers": 4.582487965013616, "batch_size": 42.70321834263388, "dropout_rate": 0.5672183731201201, "epochs": 11.153734946904772, "hidden_channels": 76.63307406577526, "learning_rate": 0.047154207542680876, "optimizer": 1.9303149133442563, "pooling_algorithm": 0.7066282700853953}, "datetime": {"datetime": "2023-11-18 23:53:54", "elapsed": 17861.64176, "delta": 6.472719}},
{"target": 0.26785714285714285, "params": {"activation_function": 1.2208582627603635, "amount_of_layers": 2.8667965580658823, "batch_size": 48.73044503300047, "dropout_rate": 0.6099748566604084, "epochs": 12.14690294276435, "hidden_channels": 45.375193564852594, "learning_rate": 0.03587935829621293, "optimizer": 1.399066437383629, "pooling_algorithm": 0.22341703216897468}, "datetime": {"datetime": "2023-11-18 23:54:02", "elapsed": 17868.994493, "delta": 7.352733}},
{"target": 0.8214285714285714, "params": {"activation_function": 1.6154979641106193, "amount_of_layers": 5.961537675692263, "batch_size": 99.42430852327237, "dropout_rate": 0.31632855272430815, "epochs": 45.154428060113645, "hidden_channels": 31.146998820220087, "learning_rate": 0.017120258720423154, "optimizer": 1.2443808507598972, "pooling_algorithm": 0.9297727202189962}, "datetime": {"datetime": "2023-11-18 23:54:09", "elapsed": 17876.094347, "delta": 7.099854}},
{"target": 0.9142857142857143, "params": {"activation_function": 0.485838486174891, "amount_of_layers": 2.3035602143577094, "batch_size": 36.42817771168585, "dropout_rate": 0.41657362747308635, "epochs": 78.50270826589609, "hidden_channels": 103.69402314940493, "learning_rate": 0.05876354945245207, "optimizer": 0.28371318177170224, "pooling_algorithm": 0.6842571811565784}, "datetime": {"datetime": "2023-11-18 23:54:19", "elapsed": 17886.823695, "delta": 10.729348}},
{"target": 0.9035714285714285, "params": {"activation_function": 1.2246617196698228, "amount_of_layers": 3.5582967360385984, "batch_size": 98.41243480008556, "dropout_rate": 0.31461284068649065, "epochs": 127.86470572594685, "hidden_channels": 41.758757578272565, "learning_rate": 0.036372672191658385, "optimizer": 0.2201610875981428, "pooling_algorithm": 0.936458850475915}, "datetime": {"datetime": "2023-11-18 23:54:28", "elapsed": 17895.663336, "delta": 8.839641}},
{"target": 0.5, "params": {"activation_function": 0.2850468539739561, "amount_of_layers": 8.925325121115755, "batch_size": 120.99205207707149, "dropout_rate": 0.7382592713421201, "epochs": 199.4066490472004, "hidden_channels": 78.04703201259298, "learning_rate": 0.039988231873595556, "optimizer": 0.970499484653796, "pooling_algorithm": 0.33939450879464217}, "datetime": {"datetime": "2023-11-18 23:54:48", "elapsed": 17915.259265, "delta": 19.595929}},
{"target": 0.8964285714285714, "params": {"activation_function": 1.0710863657853127, "amount_of_layers": 7.353653255342806, "batch_size": 16.155374858984807, "dropout_rate": 0.27085588520296594, "epochs": 48.89746868826177, "hidden_channels": 9.742967857365636, "learning_rate": 0.028945150414430274, "optimizer": 0.1088150598927431, "pooling_algorithm": 0.6456008404155054}, "datetime": {"datetime": "2023-11-18 23:54:59", "elapsed": 17925.87507, "delta": 10.615805}},
{"target": 0.9017857142857143, "params": {"activation_function": 0.673632368508245, "amount_of_layers": 8.933428334210578, "batch_size": 113.99779650993477, "dropout_rate": 0.41422478861099205, "epochs": 178.98966718833714, "hidden_channels": 57.997989587453546, "learning_rate": 0.09383039428259499, "optimizer": 1.807291493659378, "pooling_algorithm": 0.9073886359416501}, "datetime": {"datetime": "2023-11-18 23:55:17", "elapsed": 17944.745577, "delta": 18.870507}},
{"target": 0.7357142857142857, "params": {"activation_function": 1.4819019435585625, "amount_of_layers": 3.5700914581352876, "batch_size": 70.7503565301808, "dropout_rate": 0.369647162285882, "epochs": 18.906711177818796, "hidden_channels": 71.32390536229572, "learning_rate": 0.03367795060310867, "optimizer": 1.8362448862670577, "pooling_algorithm": 0.20555919990724292}, "datetime": {"datetime": "2023-11-18 23:55:25", "elapsed": 17952.06009, "delta": 7.314513}},
{"target": 0.8214285714285715, "params": {"activation_function": 1.733177128659337, "amount_of_layers": 6.428037759379402, "batch_size": 79.80391457044078, "dropout_rate": 0.32130780249115465, "epochs": 50.36792072716353, "hidden_channels": 54.84455604527761, "learning_rate": 0.01817241821272493, "optimizer": 0.8635952342500293, "pooling_algorithm": 0.14308569779758828}, "datetime": {"datetime": "2023-11-18 23:55:33", "elapsed": 17959.859522, "delta": 7.799432}},
{"target": 0.9089285714285714, "params": {"activation_function": 0.8842188890058906, "amount_of_layers": 3.4174405923049918, "batch_size": 128.30025111805747, "dropout_rate": 0.4338282977522923, "epochs": 162.6552577249655, "hidden_channels": 71.72680020589983, "learning_rate": 0.09834572443556297, "optimizer": 0.1113985558846835, "pooling_algorithm": 0.8416669719808709}, "datetime": {"datetime": "2023-11-18 23:56:09", "elapsed": 17996.534886, "delta": 36.675364}},
{"target": 0.675, "params": {"activation_function": 1.907647848064763, "amount_of_layers": 3.0177121197177907, "batch_size": 80.30561082934346, "dropout_rate": 0.35094984142988356, "epochs": 158.97649963652356, "hidden_channels": 65.69178384642619, "learning_rate": 0.06964513671964376, "optimizer": 0.5366601016116535, "pooling_algorithm": 0.49245768222397046}, "datetime": {"datetime": "2023-11-18 23:56:20", "elapsed": 18007.463158, "delta": 10.928272}},
{"target": 0.8946428571428572, "params": {"activation_function": 1.4042513579210194, "amount_of_layers": 1.2904796282494377, "batch_size": 134.62465262713187, "dropout_rate": 0.4942478089492611, "epochs": 152.97633003068867, "hidden_channels": 91.19504377063252, "learning_rate": 0.053311640278622584, "optimizer": 1.815270216829665, "pooling_algorithm": 0.7508934885443036}, "datetime": {"datetime": "2023-11-18 23:56:30", "elapsed": 18017.822694, "delta": 10.359536}},
{"target": 0.0, "params": {"activation_function": 1.1387595704627114, "amount_of_layers": 4.085531290662449, "batch_size": 27.681716686912072, "dropout_rate": 0.6834711678465337, "epochs": 198.8755163599341, "hidden_channels": 116.9625218801092, "learning_rate": 0.09405340144961329, "optimizer": 1.050244467713963, "pooling_algorithm": 0.21659769306370846}, "datetime": {"datetime": "2023-11-18 23:57:04", "elapsed": 18051.805314, "delta": 33.98262}},
{"target": 0.2571428571428571, "params": {"activation_function": 1.903178629056903, "amount_of_layers": 6.483356970716694, "batch_size": 73.50399391914144, "dropout_rate": 0.533026321847363, "epochs": 102.78579610311809, "hidden_channels": 73.37003326176807, "learning_rate": 0.029508292688278866, "optimizer": 1.5111953907544264, "pooling_algorithm": 0.11069810565588789}, "datetime": {"datetime": "2023-11-18 23:57:15", "elapsed": 18061.905714, "delta": 10.1004}},
{"target": 0.825, "params": {"activation_function": 0.014388540867920074, "amount_of_layers": 4.9080717558757945, "batch_size": 99.59483867895854, "dropout_rate": 0.5797258206793212, "epochs": 58.661983109867954, "hidden_channels": 75.07193320884761, "learning_rate": 0.00952850120591298, "optimizer": 1.8503003621656118, "pooling_algorithm": 0.003820710882049827}, "datetime": {"datetime": "2023-11-18 23:57:24", "elapsed": 18071.666871, "delta": 9.761157}},
{"target": 0.7357142857142857, "params": {"activation_function": 0.8004338546544361, "amount_of_layers": 4.687415752830252, "batch_size": 146.03910336676884, "dropout_rate": 0.7084545991559554, "epochs": 35.073440251442655, "hidden_channels": 119.94992452985322, "learning_rate": 0.09127806223502428, "optimizer": 0.970688863770935, "pooling_algorithm": 0.4952635647014625}, "datetime": {"datetime": "2023-11-18 23:57:35", "elapsed": 18082.820245, "delta": 11.153374}},
{"target": 0.7339285714285715, "params": {"activation_function": 1.4950235086206087, "amount_of_layers": 4.385620914205061, "batch_size": 127.9406662134051, "dropout_rate": 0.6595253076673158, "epochs": 92.39477996173657, "hidden_channels": 101.23385715065784, "learning_rate": 0.0841736185356061, "optimizer": 0.5687597964452633, "pooling_algorithm": 0.2385910419751215}, "datetime": {"datetime": "2023-11-18 23:57:45", "elapsed": 18092.804742, "delta": 9.984497}},
{"target": 0.7803571428571429, "params": {"activation_function": 0.6644908585713376, "amount_of_layers": 1.353354981796068, "batch_size": 83.61772323797123, "dropout_rate": 0.29777259561925956, "epochs": 40.13839281288806, "hidden_channels": 111.70998336956823, "learning_rate": 0.08283957008638741, "optimizer": 1.721589409206404, "pooling_algorithm": 0.17499660177542387}, "datetime": {"datetime": "2023-11-18 23:57:54", "elapsed": 18101.374905, "delta": 8.570163}},
{"target": 0.28214285714285714, "params": {"activation_function": 0.3636563294713073, "amount_of_layers": 6.629474261708386, "batch_size": 65.66749165126376, "dropout_rate": 0.7476792243748652, "epochs": 160.76420635781855, "hidden_channels": 43.756354269724135, "learning_rate": 0.019783926046982574, "optimizer": 1.4571893783765606, "pooling_algorithm": 0.4285998623309928}, "datetime": {"datetime": "2023-11-18 23:58:08", "elapsed": 18115.54819, "delta": 14.173285}},
{"target": 0.5892857142857143, "params": {"activation_function": 0.14542269165539512, "amount_of_layers": 6.066365557564329, "batch_size": 132.72716319954242, "dropout_rate": 0.2731896933476191, "epochs": 153.41780437899067, "hidden_channels": 49.769718500439275, "learning_rate": 0.07771107147320794, "optimizer": 1.3134195224142438, "pooling_algorithm": 0.42929971626351904}, "datetime": {"datetime": "2023-11-18 23:58:56", "elapsed": 18162.862334, "delta": 47.314144}},
{"target": 0.5178571428571429, "params": {"activation_function": 0.43667107152702656, "amount_of_layers": 4.150917957243364, "batch_size": 55.692257300906405, "dropout_rate": 0.4881756408234426, "epochs": 115.27954208917728, "hidden_channels": 35.73533413237076, "learning_rate": 0.06219143175282972, "optimizer": 0.7852860478751647, "pooling_algorithm": 0.4133432502608705}, "datetime": {"datetime": "2023-11-18 23:59:31", "elapsed": 18198.663, "delta": 35.800666}},
{"target": 0.9089285714285713, "params": {"activation_function": 1.2361872080477359, "amount_of_layers": 8.957178088603943, "batch_size": 115.9355061167188, "dropout_rate": 0.3429329179131739, "epochs": 179.2777084521075, "hidden_channels": 103.9855539811385, "learning_rate": 0.07134336778543215, "optimizer": 0.7549105653621169, "pooling_algorithm": 0.8121554817763239}, "datetime": {"datetime": "2023-11-19 00:00:14", "elapsed": 18241.230048, "delta": 42.567048}},
{"target": 0.7321428571428572, "params": {"activation_function": 1.273518327783787, "amount_of_layers": 8.321026216647674, "batch_size": 106.74763147355641, "dropout_rate": 0.6146748998477113, "epochs": 21.039679937912673, "hidden_channels": 15.021505285843793, "learning_rate": 0.06929993263129633, "optimizer": 0.7597231704923502, "pooling_algorithm": 0.4228215282304405}, "datetime": {"datetime": "2023-11-19 00:00:21", "elapsed": 18248.588252, "delta": 7.358204}},
{"target": 0.9142857142857143, "params": {"activation_function": 1.121279267348212, "amount_of_layers": 4.479446307010428, "batch_size": 128.55109654376122, "dropout_rate": 0.3002186793052293, "epochs": 160.85352997041736, "hidden_channels": 62.877719521385686, "learning_rate": 0.08557005432428585, "optimizer": 0.06418549338904223, "pooling_algorithm": 0.572412059569222}, "datetime": {"datetime": "2023-11-19 00:00:58", "elapsed": 18285.185124, "delta": 36.596872}},
{"target": 0.9035714285714286, "params": {"activation_function": 1.536453859425526, "amount_of_layers": 3.7411711408129396, "batch_size": 46.931784858582624, "dropout_rate": 0.2941882907060507, "epochs": 47.25501152441671, "hidden_channels": 83.7493026019655, "learning_rate": 0.0519106503261005, "optimizer": 0.5484614666892613, "pooling_algorithm": 0.8633680388068632}, "datetime": {"datetime": "2023-11-19 00:01:06", "elapsed": 18293.261039, "delta": 8.075915}},
{"target": 0.8964285714285715, "params": {"activation_function": 0.792657712589212, "amount_of_layers": 7.13807104415147, "batch_size": 46.76707851374674, "dropout_rate": 0.27557400883927485, "epochs": 186.54704720004196, "hidden_channels": 112.27181033721037, "learning_rate": 0.05703404452514808, "optimizer": 0.9083984580552378, "pooling_algorithm": 0.6758047380504987}, "datetime": {"datetime": "2023-11-19 00:01:55", "elapsed": 18341.990877, "delta": 48.729838}},
{"target": 0.26785714285714285, "params": {"activation_function": 0.7559501646888103, "amount_of_layers": 4.0100786006514175, "batch_size": 30.554392685510656, "dropout_rate": 0.3849293459718633, "epochs": 51.38084424695594, "hidden_channels": 42.618878684750015, "learning_rate": 0.08068193249065715, "optimizer": 1.2208847154910465, "pooling_algorithm": 0.2209238136074776}, "datetime": {"datetime": "2023-11-19 00:02:03", "elapsed": 18350.056808, "delta": 8.065931}},
