{"target": 0.9089285714285714, "params": {"activation_function": 0.3165713282761269, "amount_of_layers": 4.580005943422308, "batch_size": 46.58408310423817, "dropout_rate": 0.3890376926208485, "epochs": 130.0628620606105, "hidden_channels": 41.995680589060775, "learning_rate": 0.047081201981264774, "optimizer": 0.9349571546853692, "pooling_algorithm": 0.643032790392785}, "datetime": {"datetime": "2023-11-19 03:19:16", "elapsed": 30183.741358, "delta": 16.260603}},
{"target": 0.7410714285714286, "params": {"activation_function": 0.6214971873940036, "amount_of_layers": 8.709384801596515, "batch_size": 137.58999283776222, "dropout_rate": 0.5799826919320882, "epochs": 66.2290851785848, "hidden_channels": 28.725514693403255, "learning_rate": 0.07377608296134738, "optimizer": 0.30484057242657325, "pooling_algorithm": 0.15731670775047513}, "datetime": {"datetime": "2023-11-19 03:19:30", "elapsed": 30197.538249, "delta": 13.796891}},
{"target": 0.9125000000000001, "params": {"activation_function": 0.4952800694383004, "amount_of_layers": 4.620956206625581, "batch_size": 66.85792855649433, "dropout_rate": 0.5656428006376166, "epochs": 108.55857672427464, "hidden_channels": 58.47478994267742, "learning_rate": 0.06487536935708572, "optimizer": 0.678275988183269, "pooling_algorithm": 0.8745810386982383}, "datetime": {"datetime": "2023-11-19 03:19:46", "elapsed": 30213.501466, "delta": 15.963217}},
{"target": 0.9142857142857143, "params": {"activation_function": 0.5561184553753462, "amount_of_layers": 3.941356057620477, "batch_size": 135.0844546498143, "dropout_rate": 0.6249509955850053, "epochs": 197.3292999597797, "hidden_channels": 7.869781507709922, "learning_rate": 0.053077337403258665, "optimizer": 1.2481897083994375, "pooling_algorithm": 0.8528832747695843}, "datetime": {"datetime": "2023-11-19 03:20:03", "elapsed": 30230.470364, "delta": 16.968898}},
{"target": 0.7464285714285714, "params": {"activation_function": 0.20441334619417018, "amount_of_layers": 1.5377062382229223, "batch_size": 134.68874604231763, "dropout_rate": 0.3619636679457578, "epochs": 86.43794453107112, "hidden_channels": 91.91433120865544, "learning_rate": 0.07731650927230009, "optimizer": 0.9528714734954247, "pooling_algorithm": 0.36322383633731636}, "datetime": {"datetime": "2023-11-19 03:20:46", "elapsed": 30273.373585, "delta": 42.903221}},
{"target": 0.9071428571428573, "params": {"activation_function": 0.7335213192170047, "amount_of_layers": 5.320495192822651, "batch_size": 128.86093470918195, "dropout_rate": 0.34078269018298457, "epochs": 161.37461003913916, "hidden_channels": 61.06908185024226, "learning_rate": 0.08379806696183098, "optimizer": 0.3368512097345766, "pooling_algorithm": 0.9313835916771506}, "datetime": {"datetime": "2023-11-19 03:21:27", "elapsed": 30313.881854, "delta": 40.508269}},
{"target": 0.7714285714285715, "params": {"activation_function": 1.6068360661986085, "amount_of_layers": 4.010733201179312, "batch_size": 98.0364898969838, "dropout_rate": 0.38261934047576707, "epochs": 18.032389871352937, "hidden_channels": 66.05826889537758, "learning_rate": 0.039836948681060864, "optimizer": 1.3645130655937319, "pooling_algorithm": 0.11205196043342647}, "datetime": {"datetime": "2023-11-19 03:21:37", "elapsed": 30324.112619, "delta": 10.230765}},
{"target": 0.8785714285714286, "params": {"activation_function": 1.8420342202577373, "amount_of_layers": 6.9991156769178104, "batch_size": 111.03491724659186, "dropout_rate": 0.553654375398885, "epochs": 131.5759492845349, "hidden_channels": 14.404539536758424, "learning_rate": 0.053659877300969626, "optimizer": 0.6084469212946673, "pooling_algorithm": 0.5426385373552435}, "datetime": {"datetime": "2023-11-19 03:21:53", "elapsed": 30340.68525, "delta": 16.572631}},
{"target": 0.8035714285714286, "params": {"activation_function": 0.4187169460574922, "amount_of_layers": 3.42806017980962, "batch_size": 32.674134128034545, "dropout_rate": 0.3366976301742348, "epochs": 142.2148683547662, "hidden_channels": 18.089521093108424, "learning_rate": 0.05285009625013485, "optimizer": 0.43132911552360986, "pooling_algorithm": 0.09930084149729934}, "datetime": {"datetime": "2023-11-19 03:22:09", "elapsed": 30356.081241, "delta": 15.395991}},
{"target": 0.8142857142857143, "params": {"activation_function": 0.32071276497445633, "amount_of_layers": 3.973099396556126, "batch_size": 127.73050317095941, "dropout_rate": 0.36808117931787665, "epochs": 162.92526823921344, "hidden_channels": 71.25768894131059, "learning_rate": 0.04028163872217123, "optimizer": 0.7643492946522497, "pooling_algorithm": 0.2839863881979935}, "datetime": {"datetime": "2023-11-19 03:22:51", "elapsed": 30398.467449, "delta": 42.386208}},
{"target": 0.9, "params": {"activation_function": 1.0029919332599968, "amount_of_layers": 5.5269211493537345, "batch_size": 67.00004363339491, "dropout_rate": 0.3681743567336154, "epochs": 182.60859152429168, "hidden_channels": 37.69975206503626, "learning_rate": 0.04732731256057027, "optimizer": 1.3999056850865708, "pooling_algorithm": 0.7790939871681302}, "datetime": {"datetime": "2023-11-19 03:23:28", "elapsed": 30435.142452, "delta": 36.675003}},
{"target": 0.3410714285714286, "params": {"activation_function": 1.2035594729586745, "amount_of_layers": 7.566334719956044, "batch_size": 102.65360216753197, "dropout_rate": 0.7075479670734273, "epochs": 56.8500079993161, "hidden_channels": 95.96429235126722, "learning_rate": 0.022300361783902267, "optimizer": 1.5324411758492107, "pooling_algorithm": 0.4659100919551268}, "datetime": {"datetime": "2023-11-19 03:23:44", "elapsed": 30451.223396, "delta": 16.080944}},
{"target": 0.9089285714285714, "params": {"activation_function": 0.2145174114347339, "amount_of_layers": 6.4660908696750745, "batch_size": 131.81700637121588, "dropout_rate": 0.30653114886152516, "epochs": 161.51076307676675, "hidden_channels": 77.95536188002691, "learning_rate": 0.05730379490610461, "optimizer": 0.8645720387445197, "pooling_algorithm": 0.7387854534785845}, "datetime": {"datetime": "2023-11-19 03:24:29", "elapsed": 30496.228207, "delta": 45.004811}},
{"target": 0.9107142857142857, "params": {"activation_function": 0.6760891925348196, "amount_of_layers": 4.200391805851054, "batch_size": 130.46149265443225, "dropout_rate": 0.49096460720838153, "epochs": 163.75034135840184, "hidden_channels": 76.099218750221, "learning_rate": 0.0810130059155686, "optimizer": 0.9290449098693224, "pooling_algorithm": 0.948306572164696}, "datetime": {"datetime": "2023-11-19 03:25:19", "elapsed": 30546.740986, "delta": 50.512779}},
{"target": 0.9089285714285714, "params": {"activation_function": 0.36919512148882516, "amount_of_layers": 3.0341960227032967, "batch_size": 66.55815584527936, "dropout_rate": 0.7363607966373631, "epochs": 182.78808603539878, "hidden_channels": 39.16189291694524, "learning_rate": 0.06392528409162991, "optimizer": 1.2181382952912814, "pooling_algorithm": 0.9102679101069167}, "datetime": {"datetime": "2023-11-19 03:26:17", "elapsed": 30604.828539, "delta": 58.087553}},
{"target": 0.2642857142857143, "params": {"activation_function": 0.9391466335046752, "amount_of_layers": 6.204527796992614, "batch_size": 93.69801166712212, "dropout_rate": 0.6020513801613849, "epochs": 135.30003663842797, "hidden_channels": 91.29505923630096, "learning_rate": 0.03203183041544844, "optimizer": 1.0817081412037697, "pooling_algorithm": 0.088718234241978}, "datetime": {"datetime": "2023-11-19 03:26:34", "elapsed": 30621.444328, "delta": 16.615789}},
{"target": 0.9053571428571429, "params": {"activation_function": 0.5743063992793691, "amount_of_layers": 6.06034014234793, "batch_size": 90.86558974149493, "dropout_rate": 0.5934681814141619, "epochs": 86.95960670040738, "hidden_channels": 64.3998240104667, "learning_rate": 0.0813412977190919, "optimizer": 0.8778447786207255, "pooling_algorithm": 0.6571051451660489}, "datetime": {"datetime": "2023-11-19 03:27:14", "elapsed": 30661.422942, "delta": 39.978614}},
{"target": 0.26607142857142857, "params": {"activation_function": 0.9696917421425371, "amount_of_layers": 7.261947123497798, "batch_size": 131.42237706968274, "dropout_rate": 0.5522902501788524, "epochs": 135.6182923547703, "hidden_channels": 42.61951112682531, "learning_rate": 0.023278827664126322, "optimizer": 1.3583500381458438, "pooling_algorithm": 0.2468738061512491}, "datetime": {"datetime": "2023-11-19 03:27:31", "elapsed": 30677.835367, "delta": 16.412425}},
{"target": 0.9071428571428571, "params": {"activation_function": 0.8534474253095852, "amount_of_layers": 2.2246921967273554, "batch_size": 113.25039128098591, "dropout_rate": 0.6487307117316137, "epochs": 20.199727317973306, "hidden_channels": 13.023967696251818, "learning_rate": 0.047625393888063076, "optimizer": 0.1917413365133358, "pooling_algorithm": 0.8659316152315861}, "datetime": {"datetime": "2023-11-19 03:27:43", "elapsed": 30690.708694, "delta": 12.873327}},
{"target": 0.09107142857142857, "params": {"activation_function": 0.39096108814684993, "amount_of_layers": 5.682319575387403, "batch_size": 37.61345405910835, "dropout_rate": 0.487025447155262, "epochs": 83.64006259813196, "hidden_channels": 5.270294946709139, "learning_rate": 0.010332541689081737, "optimizer": 1.6239523564576888, "pooling_algorithm": 0.718019226485924}, "datetime": {"datetime": "2023-11-19 03:28:28", "elapsed": 30735.447982, "delta": 44.739288}},
{"target": 0.9214285714285714, "params": {"activation_function": 1.2425643014868681, "amount_of_layers": 7.875010697737016, "batch_size": 65.25148398708932, "dropout_rate": 0.7433705553834147, "epochs": 184.31001203717608, "hidden_channels": 37.764025553100225, "learning_rate": 0.07205534603239262, "optimizer": 1.0317280664364339, "pooling_algorithm": 0.6663579852090477}, "datetime": {"datetime": "2023-11-19 03:29:29", "elapsed": 30796.572309, "delta": 61.124327}},
{"target": 0.7321428571428572, "params": {"activation_function": 0.8716531854175742, "amount_of_layers": 2.554450890653972, "batch_size": 37.731231311324734, "dropout_rate": 0.6973111270264487, "epochs": 84.1458511389932, "hidden_channels": 75.20680696247167, "learning_rate": 0.03267981253469758, "optimizer": 0.9803781652702375, "pooling_algorithm": 0.40046978766410024}, "datetime": {"datetime": "2023-11-19 03:30:29", "elapsed": 30856.099454, "delta": 59.527145}},
{"target": 0.9089285714285714, "params": {"activation_function": 0.3251388301581697, "amount_of_layers": 2.411413208914418, "batch_size": 22.059438808876113, "dropout_rate": 0.4441130624973436, "epochs": 171.38139568698938, "hidden_channels": 36.27404289284141, "learning_rate": 0.055118252518758154, "optimizer": 1.3080324427075096, "pooling_algorithm": 0.8340614823355182}, "datetime": {"datetime": "2023-11-19 03:30:46", "elapsed": 30873.741368, "delta": 17.641914}},
{"target": 0.9125, "params": {"activation_function": 0.7846690381707111, "amount_of_layers": 1.252374179643418, "batch_size": 100.45932830392628, "dropout_rate": 0.5672484923165193, "epochs": 184.53256958922734, "hidden_channels": 30.508484411078403, "learning_rate": 0.03578127259128405, "optimizer": 0.41174429812606794, "pooling_algorithm": 0.5931784469171731}, "datetime": {"datetime": "2023-11-19 03:31:03", "elapsed": 30890.25073, "delta": 16.509362}},
{"target": 0.2642857142857143, "params": {"activation_function": 0.9381070104081264, "amount_of_layers": 7.496989495443343, "batch_size": 79.81441375182584, "dropout_rate": 0.4105779489411113, "epochs": 138.33549721620568, "hidden_channels": 59.25141082471848, "learning_rate": 0.08572253911660932, "optimizer": 0.39384083061544817, "pooling_algorithm": 0.4175911162324698}, "datetime": {"datetime": "2023-11-19 03:31:50", "elapsed": 30937.590188, "delta": 47.339458}},
{"target": 0.7321428571428572, "params": {"activation_function": 1.2908782404521066, "amount_of_layers": 5.384101828544215, "batch_size": 122.9044002549791, "dropout_rate": 0.4163828634306037, "epochs": 163.44218703158066, "hidden_channels": 116.79994473823334, "learning_rate": 0.03798038244574523, "optimizer": 0.9909731571626861, "pooling_algorithm": 0.48074066216183875}, "datetime": {"datetime": "2023-11-19 03:32:10", "elapsed": 30957.408695, "delta": 19.818507}},
{"target": 0.7339285714285715, "params": {"activation_function": 1.2705514028293334, "amount_of_layers": 4.6675822356205705, "batch_size": 149.6881601097069, "dropout_rate": 0.5249188069299962, "epochs": 94.25502284156396, "hidden_channels": 79.64895356082027, "learning_rate": 0.011717436649154998, "optimizer": 1.525935159730187, "pooling_algorithm": 0.45875022132005694}, "datetime": {"datetime": "2023-11-19 03:32:23", "elapsed": 30970.400596, "delta": 12.991901}},
{"target": 0.8214285714285714, "params": {"activation_function": 0.12443941576293249, "amount_of_layers": 2.4491221198440405, "batch_size": 40.62161860875431, "dropout_rate": 0.49649905083326473, "epochs": 193.75098885592155, "hidden_channels": 112.3447005626733, "learning_rate": 0.02443376054348077, "optimizer": 1.5216958945220178, "pooling_algorithm": 0.8331862426418537}, "datetime": {"datetime": "2023-11-19 03:32:39", "elapsed": 30986.075784, "delta": 15.675188}},
{"target": 0.26607142857142857, "params": {"activation_function": 0.7708848347718558, "amount_of_layers": 7.356323111552971, "batch_size": 16.140244054748777, "dropout_rate": 0.584337288627093, "epochs": 192.82437989290852, "hidden_channels": 18.248478133508613, "learning_rate": 0.01728263674065857, "optimizer": 1.130606713407231, "pooling_algorithm": 0.12203810335983001}, "datetime": {"datetime": "2023-11-19 03:33:36", "elapsed": 31043.808643, "delta": 57.732859}},
{"target": 0.8982142857142857, "params": {"activation_function": 1.866486446180528, "amount_of_layers": 5.7380342410858205, "batch_size": 59.27579167874962, "dropout_rate": 0.39173253078946585, "epochs": 77.58980941848006, "hidden_channels": 73.70368853654102, "learning_rate": 0.07919329650041898, "optimizer": 1.7563058357300683, "pooling_algorithm": 0.9517161261506896}, "datetime": {"datetime": "2023-11-19 03:33:51", "elapsed": 31058.169992, "delta": 14.361349}},
{"target": 0.08214285714285714, "params": {"activation_function": 0.6780705290936639, "amount_of_layers": 2.2054458858321073, "batch_size": 139.70118758732985, "dropout_rate": 0.5297561645489965, "epochs": 122.20268782313826, "hidden_channels": 38.993105772771386, "learning_rate": 0.013907459928627033, "optimizer": 0.0004382604595356554, "pooling_algorithm": 0.7788991283329016}, "datetime": {"datetime": "2023-11-19 03:34:07", "elapsed": 31073.85648, "delta": 15.686488}},
{"target": 0.9089285714285714, "params": {"activation_function": 0.2294677364573494, "amount_of_layers": 8.770069791336216, "batch_size": 138.99621490658484, "dropout_rate": 0.6518320081290212, "epochs": 175.37086782688266, "hidden_channels": 67.48947670594075, "learning_rate": 0.05341874577605659, "optimizer": 0.0008128908245701449, "pooling_algorithm": 0.8750761126348042}, "datetime": {"datetime": "2023-11-19 03:34:26", "elapsed": 31093.134553, "delta": 19.278073}},
{"target": 0.8964285714285715, "params": {"activation_function": 1.707088118529247, "amount_of_layers": 4.448010270278352, "batch_size": 72.2499913619784, "dropout_rate": 0.38139547967968007, "epochs": 20.101997123109285, "hidden_channels": 69.2784795864781, "learning_rate": 0.07095341477901608, "optimizer": 1.8895222403030016, "pooling_algorithm": 0.5970051889328835}, "datetime": {"datetime": "2023-11-19 03:34:38", "elapsed": 31105.626882, "delta": 12.492329}},
{"target": 0.3678571428571428, "params": {"activation_function": 0.05580828890718381, "amount_of_layers": 5.818960297618967, "batch_size": 102.67469411905817, "dropout_rate": 0.47361979157530815, "epochs": 28.409390422988924, "hidden_channels": 61.34022868684905, "learning_rate": 0.0738475390278889, "optimizer": 0.9357839481358263, "pooling_algorithm": 0.4635398130900267}, "datetime": {"datetime": "2023-11-19 03:34:51", "elapsed": 31118.549071, "delta": 12.922189}},
{"target": 0.10535714285714284, "params": {"activation_function": 1.602845592735282, "amount_of_layers": 4.703182252609061, "batch_size": 66.66257088616284, "dropout_rate": 0.5899359381402061, "epochs": 185.97411290391398, "hidden_channels": 38.02724227079318, "learning_rate": 0.029885595447090237, "optimizer": 1.7739082005142996, "pooling_algorithm": 0.5967759134804256}, "datetime": {"datetime": "2023-11-19 03:35:37", "elapsed": 31164.575245, "delta": 46.026174}},
{"target": 0.0, "params": {"activation_function": 1.9679350206866235, "amount_of_layers": 3.894729591663652, "batch_size": 65.62747365621857, "dropout_rate": 0.6781770051159997, "epochs": 184.5866612765694, "hidden_channels": 38.1342376023544, "learning_rate": 0.06907426805821727, "optimizer": 0.38928791974005006, "pooling_algorithm": 0.8826374577981483}, "datetime": {"datetime": "2023-11-19 03:36:45", "elapsed": 31232.441902, "delta": 67.866657}},
{"target": 0.9071428571428571, "params": {"activation_function": 1.3655991188897092, "amount_of_layers": 7.782878617695832, "batch_size": 18.13926347777289, "dropout_rate": 0.4378739541638705, "epochs": 192.51106123343646, "hidden_channels": 15.77359329811068, "learning_rate": 0.00152690976634162, "optimizer": 1.5673348128686686, "pooling_algorithm": 0.7584060784613262}, "datetime": {"datetime": "2023-11-19 03:37:53", "elapsed": 31300.558372, "delta": 68.11647}},
{"target": 0.9035714285714286, "params": {"activation_function": 1.8934359550718034, "amount_of_layers": 6.139374922872391, "batch_size": 95.92489489992077, "dropout_rate": 0.5841433132778072, "epochs": 37.16393133563816, "hidden_channels": 28.23839094674248, "learning_rate": 0.07279776797752899, "optimizer": 0.929749799634676, "pooling_algorithm": 0.9283055506173973}, "datetime": {"datetime": "2023-11-19 03:38:06", "elapsed": 31313.540371, "delta": 12.981999}},
{"target": 0.0, "params": {"activation_function": 1.5337715414416417, "amount_of_layers": 3.8191972188757903, "batch_size": 59.79894950002517, "dropout_rate": 0.5469370315162225, "epochs": 70.35627112783251, "hidden_channels": 13.331068961431393, "learning_rate": 0.09496642918749952, "optimizer": 0.1611872405785948, "pooling_algorithm": 0.8009875630990901}, "datetime": {"datetime": "2023-11-19 03:38:22", "elapsed": 31329.016777, "delta": 15.476406}},
{"target": 0.9160714285714285, "params": {"activation_function": 1.5689534528940459, "amount_of_layers": 5.237930152923601, "batch_size": 29.355559317985115, "dropout_rate": 0.420649965759195, "epochs": 96.61362212072564, "hidden_channels": 41.77830571835217, "learning_rate": 0.06179028237187341, "optimizer": 1.0290755165112893, "pooling_algorithm": 0.7938364281333319}, "datetime": {"datetime": "2023-11-19 03:38:39", "elapsed": 31346.597486, "delta": 17.580709}},
{"target": 0.0, "params": {"activation_function": 1.027994829391895, "amount_of_layers": 7.386552525709631, "batch_size": 67.06803246037104, "dropout_rate": 0.42938220742887445, "epochs": 110.74764082307041, "hidden_channels": 127.36705599284792, "learning_rate": 0.03746216180595255, "optimizer": 1.8436049521558868, "pooling_algorithm": 0.7034523196211302}, "datetime": {"datetime": "2023-11-19 03:39:30", "elapsed": 31397.186192, "delta": 50.588706}},
{"target": 0.9017857142857143, "params": {"activation_function": 0.9119803610472117, "amount_of_layers": 4.5526298466749004, "batch_size": 80.75746809757611, "dropout_rate": 0.3667159023020886, "epochs": 60.080309834571054, "hidden_channels": 87.54193259368358, "learning_rate": 0.0463893423327002, "optimizer": 0.5663183453610132, "pooling_algorithm": 0.7731841912729182}, "datetime": {"datetime": "2023-11-19 03:39:44", "elapsed": 31411.704115, "delta": 14.517923}},
{"target": 0.0, "params": {"activation_function": 0.1657650554774246, "amount_of_layers": 3.4044600506512817, "batch_size": 95.25343184652087, "dropout_rate": 0.6450063396018231, "epochs": 17.628482012208877, "hidden_channels": 99.16821896778546, "learning_rate": 0.07435117763728555, "optimizer": 1.5964800897887637, "pooling_algorithm": 0.25141087726348044}, "datetime": {"datetime": "2023-11-19 03:39:57", "elapsed": 31424.106167, "delta": 12.402052}},
{"target": 0.26249999999999996, "params": {"activation_function": 0.760861924362684, "amount_of_layers": 8.09735064448765, "batch_size": 122.18913751211635, "dropout_rate": 0.25298721864439544, "epochs": 141.30835502882894, "hidden_channels": 65.86257713446486, "learning_rate": 0.07531609494677106, "optimizer": 1.989841348580533, "pooling_algorithm": 0.4027216711615984}, "datetime": {"datetime": "2023-11-19 03:40:21", "elapsed": 31448.824491, "delta": 24.718324}},
{"target": 0.8857142857142857, "params": {"activation_function": 0.1372921027287326, "amount_of_layers": 4.37606383527037, "batch_size": 21.57541269970174, "dropout_rate": 0.5922594312579117, "epochs": 186.5406361398504, "hidden_channels": 113.19106009302361, "learning_rate": 0.045422082290224104, "optimizer": 0.4831781721335411, "pooling_algorithm": 0.8990486384919488}, "datetime": {"datetime": "2023-11-19 03:40:42", "elapsed": 31469.439299, "delta": 20.614808}},
{"target": 0.7535714285714286, "params": {"activation_function": 1.2182412536410145, "amount_of_layers": 3.717765798432352, "batch_size": 133.17672962029675, "dropout_rate": 0.572816737135484, "epochs": 163.401947191156, "hidden_channels": 75.83888442471515, "learning_rate": 0.005909642091652798, "optimizer": 1.4848881386661714, "pooling_algorithm": 0.4355651564179299}, "datetime": {"datetime": "2023-11-19 03:41:36", "elapsed": 31523.075766, "delta": 53.636467}},
{"target": 0.8071428571428572, "params": {"activation_function": 1.7418665642783568, "amount_of_layers": 8.987428968855406, "batch_size": 77.45879421352953, "dropout_rate": 0.6072019502957204, "epochs": 129.8968745354711, "hidden_channels": 109.87513826203252, "learning_rate": 0.08959160648783551, "optimizer": 0.21082230802220203, "pooling_algorithm": 0.4691297501916756}, "datetime": {"datetime": "2023-11-19 03:41:56", "elapsed": 31543.760405, "delta": 20.684639}},
