{"target": 0.7392857142857143, "params": {"activation_function": 1.3343695975197707, "amount_of_layers": 6.786938507072871, "batch_size": 69.05591594342363, "dropout_rate": 0.5281611636044491, "epochs": 73.66011842402203, "hidden_channels": 55.079417909910724, "learning_rate": 0.0935426380395467, "optimizer": 0.38903083726142884, "pooling_algorithm": 0.3493467329016191}, "datetime": {"datetime": "2023-11-18 19:50:14", "elapsed": 3241.605864, "delta": 3.970241}},
{"target": 0.7392857142857142, "params": {"activation_function": 0.5053005269251007, "amount_of_layers": 5.605475015935506, "batch_size": 143.408234162355, "dropout_rate": 0.5805075049390485, "epochs": 192.76767612091462, "hidden_channels": 32.929906828964526, "learning_rate": 0.07413321537156237, "optimizer": 0.25935121204434397, "pooling_algorithm": 0.07059830717339877}, "datetime": {"datetime": "2023-11-18 19:50:20", "elapsed": 3247.539082, "delta": 5.933218}},
{"target": 0.75, "params": {"activation_function": 0.27458887225968587, "amount_of_layers": 2.6915147682137057, "batch_size": 55.27613601235962, "dropout_rate": 0.5633433755699998, "epochs": 145.15663376605, "hidden_channels": 105.14618912630944, "learning_rate": 0.019876889204296744, "optimizer": 1.104412012040525, "pooling_algorithm": 0.1584454802501375}, "datetime": {"datetime": "2023-11-18 19:50:26", "elapsed": 3253.167306, "delta": 5.628224}},
{"target": 0.7321428571428572, "params": {"activation_function": 1.2544209526797248, "amount_of_layers": 5.265749457578334, "batch_size": 110.2196557562726, "dropout_rate": 0.3494967304506836, "epochs": 79.60969541712937, "hidden_channels": 20.28574791353656, "learning_rate": 0.09444130541762259, "optimizer": 1.6640213953968919, "pooling_algorithm": 0.24583675414022954}, "datetime": {"datetime": "2023-11-18 19:50:29", "elapsed": 3255.870406, "delta": 2.7031}},
{"target": 0.9107142857142857, "params": {"activation_function": 0.7375374070806058, "amount_of_layers": 2.219745058948848, "batch_size": 83.7278961712502, "dropout_rate": 0.5030933078909205, "epochs": 174.83390951827104, "hidden_channels": 72.24365710244817, "learning_rate": 0.03464229750304968, "optimizer": 1.138260456787348, "pooling_algorithm": 0.6605825170457823}, "datetime": {"datetime": "2023-11-18 19:50:33", "elapsed": 3260.671946, "delta": 4.80154}},
{"target": 0.7392857142857143, "params": {"activation_function": 1.8779740663632083, "amount_of_layers": 1.6966783462694952, "batch_size": 80.45968386076606, "dropout_rate": 0.30568752595283477, "epochs": 111.08394898736506, "hidden_channels": 84.52966522177593, "learning_rate": 0.07505325826745793, "optimizer": 1.6981968007969557, "pooling_algorithm": 0.12301916897368725}, "datetime": {"datetime": "2023-11-18 19:50:37", "elapsed": 3263.945314, "delta": 3.273368}},
{"target": 0.9035714285714286, "params": {"activation_function": 0.6642667125770236, "amount_of_layers": 8.105699406453462, "batch_size": 119.35567649868827, "dropout_rate": 0.41465391099713644, "epochs": 172.62740999721024, "hidden_channels": 107.94190862117314, "learning_rate": 0.07385966150545316, "optimizer": 0.6662620324764712, "pooling_algorithm": 0.6312110128960954}, "datetime": {"datetime": "2023-11-18 19:50:58", "elapsed": 3285.086668, "delta": 21.141354}},
{"target": 0.8982142857142857, "params": {"activation_function": 1.1463718350774514, "amount_of_layers": 6.510110559002902, "batch_size": 38.38287519710746, "dropout_rate": 0.4557110117673967, "epochs": 37.95832620508246, "hidden_channels": 67.9938204456941, "learning_rate": 0.09743875698184487, "optimizer": 1.4866354456099418, "pooling_algorithm": 0.5717616353931182}, "datetime": {"datetime": "2023-11-18 19:51:01", "elapsed": 3288.079643, "delta": 2.992975}},
{"target": 0.7339285714285715, "params": {"activation_function": 0.6533650893310172, "amount_of_layers": 5.2214719594424635, "batch_size": 103.71016430087643, "dropout_rate": 0.26644512015613875, "epochs": 169.6371312355401, "hidden_channels": 39.487984750729275, "learning_rate": 0.04618124189907068, "optimizer": 1.0111116715666122, "pooling_algorithm": 0.2569970103992034}, "datetime": {"datetime": "2023-11-18 19:51:06", "elapsed": 3293.419736, "delta": 5.340093}},
{"target": 0.9142857142857143, "params": {"activation_function": 1.1608854911450266, "amount_of_layers": 4.752858401490386, "batch_size": 27.8620972507758, "dropout_rate": 0.3581019377669664, "epochs": 43.13137358734613, "hidden_channels": 69.66799139681167, "learning_rate": 0.06319300683264563, "optimizer": 0.03650217898002417, "pooling_algorithm": 0.8558324214267683}, "datetime": {"datetime": "2023-11-18 19:51:09", "elapsed": 3296.334595, "delta": 2.914859}},
{"target": 0.9017857142857143, "params": {"activation_function": 0.6489677149656101, "amount_of_layers": 6.148769813942249, "batch_size": 23.83039655704203, "dropout_rate": 0.2837516473075002, "epochs": 17.507865738524497, "hidden_channels": 72.1117722130226, "learning_rate": 0.0465161462811596, "optimizer": 1.5898090695848597, "pooling_algorithm": 0.6992662984316169}, "datetime": {"datetime": "2023-11-18 19:51:11", "elapsed": 3298.751343, "delta": 2.416748}},
{"target": 0.0, "params": {"activation_function": 1.652919871709629, "amount_of_layers": 5.451215550408971, "batch_size": 94.85207672819644, "dropout_rate": 0.6463983842030234, "epochs": 140.13900772998926, "hidden_channels": 82.11496476523055, "learning_rate": 0.03255919606614391, "optimizer": 0.3358469640803601, "pooling_algorithm": 0.5165277025093019}, "datetime": {"datetime": "2023-11-18 19:51:18", "elapsed": 3305.351295, "delta": 6.599952}},
{"target": 0.9089285714285714, "params": {"activation_function": 0.2587329617900489, "amount_of_layers": 3.4479226123746374, "batch_size": 72.5987081174531, "dropout_rate": 0.2879168321267457, "epochs": 199.40251220357092, "hidden_channels": 58.326245014560364, "learning_rate": 0.07791127707424461, "optimizer": 1.5190443526235504, "pooling_algorithm": 0.5333568628400673}, "datetime": {"datetime": "2023-11-18 19:51:24", "elapsed": 3311.611896, "delta": 6.260601}},
{"target": 0.8178571428571428, "params": {"activation_function": 1.7251409674648914, "amount_of_layers": 5.325823295151629, "batch_size": 66.92323033590809, "dropout_rate": 0.6010570856857977, "epochs": 184.6286006376918, "hidden_channels": 35.9745337626663, "learning_rate": 0.0060589953743794165, "optimizer": 1.537150192396108, "pooling_algorithm": 0.0916674711132337}, "datetime": {"datetime": "2023-11-18 19:51:31", "elapsed": 3318.412562, "delta": 6.800666}},
{"target": 0.8964285714285714, "params": {"activation_function": 1.7431081560474222, "amount_of_layers": 3.0562942934466237, "batch_size": 116.00588024361026, "dropout_rate": 0.7139092078944104, "epochs": 45.953376726740444, "hidden_channels": 14.812462253660009, "learning_rate": 0.01900904013816476, "optimizer": 1.1374806093873837, "pooling_algorithm": 0.9833434225257565}, "datetime": {"datetime": "2023-11-18 19:51:33", "elapsed": 3320.205262, "delta": 1.7927}},
{"target": 0.0, "params": {"activation_function": 0.13135893142126998, "amount_of_layers": 7.4866234729929015, "batch_size": 102.65908956349536, "dropout_rate": 0.6689258668899282, "epochs": 12.781205532449654, "hidden_channels": 78.08129662664408, "learning_rate": 0.08647634677202146, "optimizer": 1.1371149225697936, "pooling_algorithm": 0.9377720134054053}, "datetime": {"datetime": "2023-11-18 19:51:34", "elapsed": 3321.64212, "delta": 1.436858}},
{"target": 0.9071428571428573, "params": {"activation_function": 0.8331809645027157, "amount_of_layers": 1.7851941079449984, "batch_size": 143.83444211210394, "dropout_rate": 0.594670890954046, "epochs": 147.85893671426996, "hidden_channels": 35.627274486708714, "learning_rate": 0.06609498914649087, "optimizer": 0.9214014127561883, "pooling_algorithm": 0.9878775616152108}, "datetime": {"datetime": "2023-11-18 19:51:38", "elapsed": 3325.744587, "delta": 4.102467}},
{"target": 0.9089285714285715, "params": {"activation_function": 1.1220006128424937, "amount_of_layers": 2.7762635532623596, "batch_size": 128.62402756488615, "dropout_rate": 0.3587034483566874, "epochs": 164.34252330154223, "hidden_channels": 70.70513272108576, "learning_rate": 0.09077755240054357, "optimizer": 1.0968566044874517, "pooling_algorithm": 0.738999194308863}, "datetime": {"datetime": "2023-11-18 19:51:44", "elapsed": 3331.559263, "delta": 5.814676}},
{"target": 0.7321428571428572, "params": {"activation_function": 0.8022129227634471, "amount_of_layers": 3.7185743507204663, "batch_size": 96.27622544726346, "dropout_rate": 0.6442125928364449, "epochs": 87.3897811275923, "hidden_channels": 69.9762378585274, "learning_rate": 0.01758692747958374, "optimizer": 1.5616947207679357, "pooling_algorithm": 0.4757564592772091}, "datetime": {"datetime": "2023-11-18 19:51:48", "elapsed": 3335.316435, "delta": 3.757172}},
{"target": 0.7642857142857143, "params": {"activation_function": 1.3231426370996182, "amount_of_layers": 1.9112214879546068, "batch_size": 129.84472549065944, "dropout_rate": 0.33193134989943585, "epochs": 163.4664184804698, "hidden_channels": 73.59851023182136, "learning_rate": 0.01842848052225317, "optimizer": 1.8859826762237661, "pooling_algorithm": 0.1504817217302813}, "datetime": {"datetime": "2023-11-18 19:51:53", "elapsed": 3340.312909, "delta": 4.996474}},
{"target": 0.9017857142857143, "params": {"activation_function": 0.5942211180326378, "amount_of_layers": 4.839240271539642, "batch_size": 24.076717301711554, "dropout_rate": 0.43770377728735627, "epochs": 18.39625734516622, "hidden_channels": 71.99159877356189, "learning_rate": 0.0907461132227744, "optimizer": 1.440252038147916, "pooling_algorithm": 0.9012443014149468}, "datetime": {"datetime": "2023-11-18 19:51:56", "elapsed": 3342.963858, "delta": 2.650949}},
{"target": 0.9053571428571427, "params": {"activation_function": 1.2958011309309654, "amount_of_layers": 5.787761442388905, "batch_size": 37.283304891864915, "dropout_rate": 0.6617836013898166, "epochs": 165.17544769010829, "hidden_channels": 92.92153597341353, "learning_rate": 0.06987495658786674, "optimizer": 1.1676277386935983, "pooling_algorithm": 0.6382603773580056}, "datetime": {"datetime": "2023-11-18 19:52:07", "elapsed": 3354.088679, "delta": 11.124821}},
{"target": 0.6964285714285714, "params": {"activation_function": 0.40924411721259046, "amount_of_layers": 3.0813090721902068, "batch_size": 96.5941428129119, "dropout_rate": 0.7447327220795819, "epochs": 89.83191879159568, "hidden_channels": 73.27459793870993, "learning_rate": 0.08052167518642317, "optimizer": 0.5105068117547729, "pooling_algorithm": 0.2842769632989359}, "datetime": {"datetime": "2023-11-18 19:52:11", "elapsed": 3357.945357, "delta": 3.856678}},
{"target": 0.9089285714285714, "params": {"activation_function": 0.23826448320773408, "amount_of_layers": 4.387558402479097, "batch_size": 91.24379955797109, "dropout_rate": 0.40499253202642543, "epochs": 88.70678726508208, "hidden_channels": 67.65885423485229, "learning_rate": 0.05820837744935374, "optimizer": 1.368086026813075, "pooling_algorithm": 0.8556800047390083}, "datetime": {"datetime": "2023-11-18 19:52:15", "elapsed": 3362.185531, "delta": 4.240174}},
{"target": 0.9053571428571429, "params": {"activation_function": 0.8955545152038522, "amount_of_layers": 5.243428965147095, "batch_size": 95.26651179386236, "dropout_rate": 0.6418996026281083, "epochs": 87.5677450938191, "hidden_channels": 71.4469177105425, "learning_rate": 0.01970086131353066, "optimizer": 1.9229371088663247, "pooling_algorithm": 0.5382265350597177}, "datetime": {"datetime": "2023-11-18 19:52:19", "elapsed": 3366.35136, "delta": 4.165829}},
{"target": 0.7392857142857143, "params": {"activation_function": 0.7377773505455545, "amount_of_layers": 6.629012576291663, "batch_size": 58.88365699628297, "dropout_rate": 0.5651814025590305, "epochs": 182.2160377795874, "hidden_channels": 98.79503736889211, "learning_rate": 0.06529837744585801, "optimizer": 0.9976844770753897, "pooling_algorithm": 0.08592797526115137}, "datetime": {"datetime": "2023-11-18 19:52:31", "elapsed": 3378.107615, "delta": 11.756255}},
{"target": 0.8982142857142857, "params": {"activation_function": 0.6697424092936951, "amount_of_layers": 5.479449446538236, "batch_size": 24.34442284903917, "dropout_rate": 0.38526826202666675, "epochs": 18.00848291759221, "hidden_channels": 73.29485483465632, "learning_rate": 0.04995312386603828, "optimizer": 1.5150327645505723, "pooling_algorithm": 0.7192847247124418}, "datetime": {"datetime": "2023-11-18 19:52:34", "elapsed": 3381.26507, "delta": 3.157455}},
{"target": 0.7267857142857143, "params": {"activation_function": 0.5463542902330769, "amount_of_layers": 8.871902271462014, "batch_size": 119.43824966341766, "dropout_rate": 0.2625943391868741, "epochs": 161.61791370711128, "hidden_channels": 59.38321791157772, "learning_rate": 0.07881923608356736, "optimizer": 1.1152723695155948, "pooling_algorithm": 0.12674341096229846}, "datetime": {"datetime": "2023-11-18 19:52:42", "elapsed": 3389.793682, "delta": 8.528612}},
{"target": 0.8928571428571429, "params": {"activation_function": 1.8182903095117535, "amount_of_layers": 4.847841302851831, "batch_size": 67.08745612151654, "dropout_rate": 0.48366985221859454, "epochs": 183.67359646130626, "hidden_channels": 36.72340396784014, "learning_rate": 0.073392559733134, "optimizer": 1.7220130616498863, "pooling_algorithm": 0.5192384859510226}, "datetime": {"datetime": "2023-11-18 19:52:49", "elapsed": 3396.342149, "delta": 6.548467}},
{"target": 0.7303571428571429, "params": {"activation_function": 1.3321529174402087, "amount_of_layers": 5.011646463386995, "batch_size": 96.76399816757831, "dropout_rate": 0.6069366422628555, "epochs": 92.6846708506009, "hidden_channels": 68.52791535635443, "learning_rate": 0.07467164293814822, "optimizer": 0.658820350780638, "pooling_algorithm": 0.1945503539154989}, "datetime": {"datetime": "2023-11-18 19:52:53", "elapsed": 3400.492429, "delta": 4.15028}},
{"target": 0.9071428571428571, "params": {"activation_function": 0.8760340672658994, "amount_of_layers": 6.420447631377999, "batch_size": 66.24887808625368, "dropout_rate": 0.4803863815829405, "epochs": 188.0295694437786, "hidden_channels": 31.140224176208484, "learning_rate": 0.05598099140552312, "optimizer": 1.0903427313003708, "pooling_algorithm": 0.7932837685331173}, "datetime": {"datetime": "2023-11-18 19:53:01", "elapsed": 3407.936914, "delta": 7.444485}},
{"target": 0.9089285714285714, "params": {"activation_function": 0.9765250924738861, "amount_of_layers": 3.9471112214176287, "batch_size": 129.58865094450678, "dropout_rate": 0.25, "epochs": 163.316267135855, "hidden_channels": 75.31113895649325, "learning_rate": 0.08653545490679049, "optimizer": 1.1247556828797118, "pooling_algorithm": 1.0}, "datetime": {"datetime": "2023-11-18 19:53:07", "elapsed": 3414.405881, "delta": 6.468967}},
{"target": 0.9053571428571429, "params": {"activation_function": 0.9490644309432777, "amount_of_layers": 4.423346220823584, "batch_size": 92.23552524762238, "dropout_rate": 0.5123116315845077, "epochs": 86.50329924991657, "hidden_channels": 65.33426838801026, "learning_rate": 0.06469123186869782, "optimizer": 1.1963077987744484, "pooling_algorithm": 0.8983551837545379}, "datetime": {"datetime": "2023-11-18 19:53:11", "elapsed": 3417.981901, "delta": 3.57602}},
{"target": 0.9053571428571429, "params": {"activation_function": 1.2410570057026116, "amount_of_layers": 8.46570754236914, "batch_size": 63.813546700399485, "dropout_rate": 0.4359437220062829, "epochs": 182.22150520021805, "hidden_channels": 106.45377788907764, "learning_rate": 0.07030268970681906, "optimizer": 0.8856659482842523, "pooling_algorithm": 0.9207357409165018}, "datetime": {"datetime": "2023-11-18 19:53:42", "elapsed": 3449.276418, "delta": 31.294517}},
{"target": 0.2357142857142857, "params": {"activation_function": 1.348473400862707, "amount_of_layers": 3.7552757629842723, "batch_size": 122.69320226899507, "dropout_rate": 0.25108989052317776, "epochs": 152.5026738085402, "hidden_channels": 60.42522203244873, "learning_rate": 0.02282093336301112, "optimizer": 0.34997009972971793, "pooling_algorithm": 0.03823367744966433}, "datetime": {"datetime": "2023-11-18 19:53:47", "elapsed": 3454.256343, "delta": 4.979925}},
{"target": 0.9089285714285714, "params": {"activation_function": 0.39405759990956457, "amount_of_layers": 2.745441863378094, "batch_size": 127.57537399154324, "dropout_rate": 0.39043797427159227, "epochs": 163.94659177063306, "hidden_channels": 69.30439189212909, "learning_rate": 0.06582411049403553, "optimizer": 0.5947607576484415, "pooling_algorithm": 0.5605856340443425}, "datetime": {"datetime": "2023-11-18 19:53:52", "elapsed": 3459.526858, "delta": 5.270515}},
{"target": 0.8285714285714286, "params": {"activation_function": 1.5694199136305478, "amount_of_layers": 2.094304378036111, "batch_size": 65.92425699331672, "dropout_rate": 0.7433053604255564, "epochs": 186.42866215121794, "hidden_channels": 33.045529248602605, "learning_rate": 0.0837786593016414, "optimizer": 1.0941699772469824, "pooling_algorithm": 0.9635907948768249}, "datetime": {"datetime": "2023-11-18 19:53:57", "elapsed": 3464.587203, "delta": 5.060345}},
{"target": 0.31607142857142856, "params": {"activation_function": 0.6603876069719083, "amount_of_layers": 1.5919568348261635, "batch_size": 127.95867003227275, "dropout_rate": 0.625289354257347, "epochs": 163.10678182250382, "hidden_channels": 69.61794469269606, "learning_rate": 0.04598697535482773, "optimizer": 0.6087486723945585, "pooling_algorithm": 0.4383318513118206}, "datetime": {"datetime": "2023-11-18 19:54:02", "elapsed": 3469.232315, "delta": 4.645112}},
{"target": 0.9035714285714286, "params": {"activation_function": 0.42695034138208343, "amount_of_layers": 4.310722156661152, "batch_size": 68.20856601906704, "dropout_rate": 0.42883426245598616, "epochs": 43.459596765667634, "hidden_channels": 59.536430977957394, "learning_rate": 0.035464388231957716, "optimizer": 0.26579565500080227, "pooling_algorithm": 0.8138390593641782}, "datetime": {"datetime": "2023-11-18 19:54:05", "elapsed": 3472.76144, "delta": 3.529125}},
{"target": 0.7392857142857143, "params": {"activation_function": 1.4955344230048595, "amount_of_layers": 6.655242583449687, "batch_size": 37.93987717468676, "dropout_rate": 0.6630946538551894, "epochs": 166.41830093224422, "hidden_channels": 93.11938833890896, "learning_rate": 0.09939773915490276, "optimizer": 0.28616336725630864, "pooling_algorithm": 0.41623298641367057}, "datetime": {"datetime": "2023-11-18 19:54:16", "elapsed": 3483.079706, "delta": 10.318266}},
{"target": 0.9178571428571428, "params": {"activation_function": 0.4506935157515193, "amount_of_layers": 3.33868360270697, "batch_size": 65.96747854894193, "dropout_rate": 0.6261302498988677, "epochs": 183.16983973497997, "hidden_channels": 39.2533671542603, "learning_rate": 0.06692611244861829, "optimizer": 0.28545020286867007, "pooling_algorithm": 0.6298467689437961}, "datetime": {"datetime": "2023-11-18 19:54:21", "elapsed": 3488.177885, "delta": 5.098179}},
{"target": 0.26249999999999996, "params": {"activation_function": 1.3111916647856992, "amount_of_layers": 1.6478804768403892, "batch_size": 124.87075470111364, "dropout_rate": 0.488232711704112, "epochs": 164.25111523372925, "hidden_channels": 69.31941996571669, "learning_rate": 0.051250688789014856, "optimizer": 1.8257168009037212, "pooling_algorithm": 0.02335520817837311}, "datetime": {"datetime": "2023-11-18 19:54:26", "elapsed": 3492.891248, "delta": 4.713363}},
{"target": 0.7321428571428572, "params": {"activation_function": 1.2375127160893284, "amount_of_layers": 7.251163708978336, "batch_size": 17.647277851909724, "dropout_rate": 0.4033169835801654, "epochs": 189.84857366964658, "hidden_channels": 12.984629059500447, "learning_rate": 0.007105727493064955, "optimizer": 0.7228342030148167, "pooling_algorithm": 0.4731406773409693}, "datetime": {"datetime": "2023-11-18 19:54:41", "elapsed": 3507.922811, "delta": 15.031563}},
{"target": 0.26607142857142857, "params": {"activation_function": 1.40887970382595, "amount_of_layers": 6.846390579739455, "batch_size": 16.47486098602472, "dropout_rate": 0.6817657008738859, "epochs": 190.3954252383639, "hidden_channels": 17.464955673397462, "learning_rate": 0.02898186099372407, "optimizer": 0.764234118112703, "pooling_algorithm": 0.4843909825454401}, "datetime": {"datetime": "2023-11-18 19:54:57", "elapsed": 3523.832104, "delta": 15.909293}},
{"target": 0.7357142857142857, "params": {"activation_function": 1.561032941614843, "amount_of_layers": 3.8425779563457736, "batch_size": 92.68573022555493, "dropout_rate": 0.6460007927370452, "epochs": 86.69785112044273, "hidden_channels": 67.70980058246757, "learning_rate": 0.08104993556896614, "optimizer": 0.9297516930400578, "pooling_algorithm": 0.20069188094394508}, "datetime": {"datetime": "2023-11-18 19:55:01", "elapsed": 3528.67179, "delta": 4.839686}},
{"target": 0.9053571428571429, "params": {"activation_function": 0.7008851117191658, "amount_of_layers": 5.944627820580737, "batch_size": 65.46510971117259, "dropout_rate": 0.5772452063347563, "epochs": 189.00325209013886, "hidden_channels": 31.698523852223637, "learning_rate": 0.04938503355525215, "optimizer": 0.5108429332308716, "pooling_algorithm": 0.9225519292874994}, "datetime": {"datetime": "2023-11-18 19:55:09", "elapsed": 3535.921844, "delta": 7.250054}},
{"target": 0.9178571428571428, "params": {"activation_function": 1.4829900117200485, "amount_of_layers": 2.8404615860447597, "batch_size": 90.80959233836963, "dropout_rate": 0.600876894179226, "epochs": 82.01607304925633, "hidden_channels": 63.372602628110236, "learning_rate": 0.04329434125567558, "optimizer": 1.3008223093603408, "pooling_algorithm": 0.5070208357934566}, "datetime": {"datetime": "2023-11-18 19:55:12", "elapsed": 3539.06276, "delta": 3.140916}},
