{"target": 0.9125000000000001, "params": {"activation_function": 0.02103782743807181, "amount_of_layers": 6.361288188235363, "batch_size": 131.99955883113094, "dropout_rate": 0.3996456256722642, "epochs": 160.83811401442625, "hidden_channels": 76.46131548554675, "learning_rate": 0.08825646393320576, "optimizer": 0.5494660237762388, "pooling_algorithm": 0.9362612684524455}, "datetime": {"datetime": "2023-11-18 21:09:11", "elapsed": 7978.461792, "delta": 14.197302}},
{"target": 0.75, "params": {"activation_function": 1.2624121952965277, "amount_of_layers": 1.6657049677396758, "batch_size": 77.85394904095995, "dropout_rate": 0.689481404553527, "epochs": 161.8572299398485, "hidden_channels": 121.17011392242625, "learning_rate": 0.03308079238994044, "optimizer": 0.08414286560835293, "pooling_algorithm": 0.20055303160432203}, "datetime": {"datetime": "2023-11-18 21:09:18", "elapsed": 7985.45742, "delta": 6.995628}},
{"target": 0.9160714285714285, "params": {"activation_function": 1.3204716210158036, "amount_of_layers": 5.603929657308972, "batch_size": 146.90237196407418, "dropout_rate": 0.5469985439463766, "epochs": 92.3856096331218, "hidden_channels": 62.585186216302255, "learning_rate": 0.035538158173111616, "optimizer": 0.7156092141911765, "pooling_algorithm": 0.5050623986011682}, "datetime": {"datetime": "2023-11-18 21:09:25", "elapsed": 7992.095756, "delta": 6.638336}},
{"target": 0.0, "params": {"activation_function": 1.347230416120975, "amount_of_layers": 7.2520411187377825, "batch_size": 40.377790046076086, "dropout_rate": 0.6889085603779341, "epochs": 34.10490631503016, "hidden_channels": 119.70452656962607, "learning_rate": 0.09515148935988953, "optimizer": 1.50175409473702, "pooling_algorithm": 0.8459371350273717}, "datetime": {"datetime": "2023-11-18 21:09:31", "elapsed": 7998.470233, "delta": 6.374477}},
{"target": 0.7714285714285714, "params": {"activation_function": 1.8758305616829078, "amount_of_layers": 4.296975183488405, "batch_size": 130.57593834033554, "dropout_rate": 0.4737659693051082, "epochs": 193.49438883681734, "hidden_channels": 23.16932931878514, "learning_rate": 0.023991009159388094, "optimizer": 1.2875821300357748, "pooling_algorithm": 0.4134190769440863}, "datetime": {"datetime": "2023-11-18 21:09:38", "elapsed": 8005.691149, "delta": 7.220916}},
{"target": 0.7321428571428572, "params": {"activation_function": 1.4934622322167017, "amount_of_layers": 3.5464615490919584, "batch_size": 127.02206352224906, "dropout_rate": 0.6752937070235756, "epochs": 162.6878130999116, "hidden_channels": 68.63231969790456, "learning_rate": 0.03322018830471059, "optimizer": 0.5067594444293109, "pooling_algorithm": 0.18212567626574283}, "datetime": {"datetime": "2023-11-18 21:09:48", "elapsed": 8015.662334, "delta": 9.971185}},
{"target": 0.49642857142857144, "params": {"activation_function": 0.6029200740120317, "amount_of_layers": 3.4688972089387367, "batch_size": 129.04438334608284, "dropout_rate": 0.2949338394831254, "epochs": 162.76182071766388, "hidden_channels": 75.02110511708642, "learning_rate": 0.09817145827088743, "optimizer": 1.2943587494674296, "pooling_algorithm": 0.0896022038741835}, "datetime": {"datetime": "2023-11-18 21:09:58", "elapsed": 8025.703745, "delta": 10.041411}},
{"target": 0.7339285714285715, "params": {"activation_function": 0.7136793362994165, "amount_of_layers": 6.841050780563254, "batch_size": 119.14800482956605, "dropout_rate": 0.49449958174152253, "epochs": 159.37612183683183, "hidden_channels": 62.10600769795976, "learning_rate": 0.038917570894157774, "optimizer": 1.353203570260201, "pooling_algorithm": 0.4410253735499916}, "datetime": {"datetime": "2023-11-18 21:10:10", "elapsed": 8037.359646, "delta": 11.655901}},
{"target": 0.9035714285714286, "params": {"activation_function": 1.0889216630187024, "amount_of_layers": 7.911162495023202, "batch_size": 98.50226086751255, "dropout_rate": 0.5992010948095581, "epochs": 167.20146753805992, "hidden_channels": 15.140374804951074, "learning_rate": 0.018321553306297023, "optimizer": 0.8012457966885882, "pooling_algorithm": 0.6601440179939262}, "datetime": {"datetime": "2023-11-18 21:10:19", "elapsed": 8046.103996, "delta": 8.74435}},
{"target": 0.9089285714285714, "params": {"activation_function": 0.46065460016849635, "amount_of_layers": 8.16193328704555, "batch_size": 16.36625950040328, "dropout_rate": 0.6663172401414734, "epochs": 179.45844289150773, "hidden_channels": 67.98923020112088, "learning_rate": 0.040728013334809236, "optimizer": 1.3138922057572495, "pooling_algorithm": 0.9335565193280521}, "datetime": {"datetime": "2023-11-18 21:10:40", "elapsed": 8066.968409, "delta": 20.864413}},
{"target": 0.26785714285714285, "params": {"activation_function": 1.4235362658717872, "amount_of_layers": 7.427954477394561, "batch_size": 38.918105615613484, "dropout_rate": 0.5306233121103392, "epochs": 127.23424768743968, "hidden_channels": 105.4801338252821, "learning_rate": 0.047467019793567974, "optimizer": 0.05227377323946292, "pooling_algorithm": 0.29237851703235873}, "datetime": {"datetime": "2023-11-18 21:10:50", "elapsed": 8077.048468, "delta": 10.080059}},
{"target": 0.8142857142857143, "params": {"activation_function": 1.142021731203712, "amount_of_layers": 2.6235640928560358, "batch_size": 87.5726194704439, "dropout_rate": 0.5115602991305928, "epochs": 80.09960804530438, "hidden_channels": 35.89544390180225, "learning_rate": 0.02211896414692076, "optimizer": 0.8273367272231154, "pooling_algorithm": 0.38006756657264984}, "datetime": {"datetime": "2023-11-18 21:10:54", "elapsed": 8081.729044, "delta": 4.680576}},
{"target": 0.7946428571428571, "params": {"activation_function": 0.19347933815793183, "amount_of_layers": 5.135446640911674, "batch_size": 68.84362001995598, "dropout_rate": 0.5395972782971463, "epochs": 73.0693367397252, "hidden_channels": 56.665559670613206, "learning_rate": 0.09689573786695801, "optimizer": 1.5873868957798873, "pooling_algorithm": 0.8197092493122662}, "datetime": {"datetime": "2023-11-18 21:11:02", "elapsed": 8089.72621, "delta": 7.997166}},
{"target": 0.9035714285714286, "params": {"activation_function": 0.9413655026253279, "amount_of_layers": 4.149318423837466, "batch_size": 127.98668218497666, "dropout_rate": 0.5458579957797226, "epochs": 160.8557397328775, "hidden_channels": 62.48739688609698, "learning_rate": 0.06819755844431935, "optimizer": 0.5896712348925541, "pooling_algorithm": 0.6727330560014138}, "datetime": {"datetime": "2023-11-18 21:11:16", "elapsed": 8103.40858, "delta": 13.68237}},
{"target": 0.8285714285714285, "params": {"activation_function": 0.259202818290889, "amount_of_layers": 7.325064429263189, "batch_size": 133.0999798826463, "dropout_rate": 0.5044061599543828, "epochs": 161.16084190884558, "hidden_channels": 75.3026210117151, "learning_rate": 0.002289753786250068, "optimizer": 0.9576744774205679, "pooling_algorithm": 0.5954572854064837}, "datetime": {"datetime": "2023-11-18 21:11:28", "elapsed": 8115.429962, "delta": 12.021382}},
{"target": 0.7392857142857143, "params": {"activation_function": 1.1355710011499285, "amount_of_layers": 4.419037606321291, "batch_size": 93.39375715544634, "dropout_rate": 0.5458011299370285, "epochs": 91.88541104934808, "hidden_channels": 68.71672718727208, "learning_rate": 0.015896954619567454, "optimizer": 0.27378363677570183, "pooling_algorithm": 0.006084476183973564}, "datetime": {"datetime": "2023-11-18 21:11:36", "elapsed": 8122.948186, "delta": 7.518224}},
{"target": 0.0, "params": {"activation_function": 1.865702364779203, "amount_of_layers": 5.98182825677929, "batch_size": 93.68777104526231, "dropout_rate": 0.4172035542304891, "epochs": 91.23993315133873, "hidden_channels": 70.48177846829786, "learning_rate": 0.08354176119880523, "optimizer": 0.36920656258221407, "pooling_algorithm": 0.7180570337222005}, "datetime": {"datetime": "2023-11-18 21:11:44", "elapsed": 8131.190812, "delta": 8.242626}},
{"target": 0.7375, "params": {"activation_function": 1.947487250889684, "amount_of_layers": 5.3797173995573635, "batch_size": 138.2468887465709, "dropout_rate": 0.29921804014460096, "epochs": 34.93212350894056, "hidden_channels": 91.42180802665727, "learning_rate": 0.09992526689498417, "optimizer": 0.5825707457743012, "pooling_algorithm": 0.3369928912152219}, "datetime": {"datetime": "2023-11-18 21:11:48", "elapsed": 8135.535944, "delta": 4.345132}},
{"target": 0.6821428571428572, "params": {"activation_function": 0.3728529524072035, "amount_of_layers": 4.436746137807695, "batch_size": 121.20590727298506, "dropout_rate": 0.6191548810377853, "epochs": 19.11116048741033, "hidden_channels": 103.49715204465464, "learning_rate": 0.09547157102006214, "optimizer": 0.963855162854304, "pooling_algorithm": 0.32774279861577404}, "datetime": {"datetime": "2023-11-18 21:11:52", "elapsed": 8139.155543, "delta": 3.619599}},
{"target": 0.7392857142857143, "params": {"activation_function": 1.9008441825637827, "amount_of_layers": 3.174772839714173, "batch_size": 57.992077951279185, "dropout_rate": 0.7064274173338569, "epochs": 60.231557383402745, "hidden_channels": 61.787209480565345, "learning_rate": 0.09412966582715768, "optimizer": 1.1165587401390091, "pooling_algorithm": 0.46325969571602355}, "datetime": {"datetime": "2023-11-18 21:11:57", "elapsed": 8143.849711, "delta": 4.694168}},
{"target": 0.9125, "params": {"activation_function": 1.1962674364717836, "amount_of_layers": 7.529192906289364, "batch_size": 16.191491351474422, "dropout_rate": 0.6517776711495724, "epochs": 91.58481593291359, "hidden_channels": 87.21594789096373, "learning_rate": 0.00924080387251841, "optimizer": 0.5686429842930498, "pooling_algorithm": 0.8705277867960293}, "datetime": {"datetime": "2023-11-18 21:12:13", "elapsed": 8160.540186, "delta": 16.690475}},
{"target": 0.8946428571428572, "params": {"activation_function": 1.7804781215567795, "amount_of_layers": 8.659609653558963, "batch_size": 93.3310458533915, "dropout_rate": 0.3815965069193091, "epochs": 92.25588640065213, "hidden_channels": 66.40658323227494, "learning_rate": 0.09856015536698619, "optimizer": 1.3609353612369275, "pooling_algorithm": 0.7509815258002193}, "datetime": {"datetime": "2023-11-18 21:12:24", "elapsed": 8170.945521, "delta": 10.405335}},
{"target": 0.7392857142857143, "params": {"activation_function": 1.1012521387628083, "amount_of_layers": 1.869323293361294, "batch_size": 48.55872365017175, "dropout_rate": 0.26796452823797684, "epochs": 44.749253867161116, "hidden_channels": 114.29945479340591, "learning_rate": 0.09674530088596464, "optimizer": 0.5813240658245362, "pooling_algorithm": 0.41977936581226316}, "datetime": {"datetime": "2023-11-18 21:12:32", "elapsed": 8179.395243, "delta": 8.449722}},
{"target": 0.7357142857142857, "params": {"activation_function": 1.8784198654363604, "amount_of_layers": 7.0347751182940845, "batch_size": 77.28202027405008, "dropout_rate": 0.607856918912788, "epochs": 59.90060717122194, "hidden_channels": 37.31789917991233, "learning_rate": 0.031147435625125102, "optimizer": 1.4721984636860017, "pooling_algorithm": 0.21580410375406223}, "datetime": {"datetime": "2023-11-18 21:12:39", "elapsed": 8186.154604, "delta": 6.759361}},
{"target": 0.7410714285714286, "params": {"activation_function": 1.787704435155648, "amount_of_layers": 6.9294019422886395, "batch_size": 35.760660622242845, "dropout_rate": 0.7302691056827529, "epochs": 19.735835341768368, "hidden_channels": 108.65985727520243, "learning_rate": 0.0234178535201995, "optimizer": 1.3663001141115123, "pooling_algorithm": 0.12864944188000405}, "datetime": {"datetime": "2023-11-18 21:12:43", "elapsed": 8190.377763, "delta": 4.223159}},
{"target": 0.26964285714285713, "params": {"activation_function": 1.116915226552276, "amount_of_layers": 8.574027664088323, "batch_size": 17.42293542480457, "dropout_rate": 0.7063178000932635, "epochs": 193.58955825239084, "hidden_channels": 18.030451259169713, "learning_rate": 0.05217344036565242, "optimizer": 1.7703488916529304, "pooling_algorithm": 0.23314753438266034}, "datetime": {"datetime": "2023-11-18 21:13:04", "elapsed": 8211.126049, "delta": 20.748286}},
{"target": 0.9071428571428571, "params": {"activation_function": 1.1720406004209698, "amount_of_layers": 5.894631635285658, "batch_size": 35.36018399562615, "dropout_rate": 0.6358262765601437, "epochs": 174.40950146298297, "hidden_channels": 75.7653672301959, "learning_rate": 0.015569566844329766, "optimizer": 0.03998058344556599, "pooling_algorithm": 0.537786155585711}, "datetime": {"datetime": "2023-11-18 21:13:15", "elapsed": 8222.627126, "delta": 11.501077}},
{"target": 0.9089285714285714, "params": {"activation_function": 0.3501903891259712, "amount_of_layers": 8.589074506692, "batch_size": 117.33380221750386, "dropout_rate": 0.5822114053115088, "epochs": 159.75944869572686, "hidden_channels": 61.70412671903672, "learning_rate": 0.0802169129083315, "optimizer": 1.0204615055548127, "pooling_algorithm": 0.711404586155085}, "datetime": {"datetime": "2023-11-18 21:13:27", "elapsed": 8234.716581, "delta": 12.089455}},
{"target": 0.9089285714285714, "params": {"activation_function": 0.0005698834278424769, "amount_of_layers": 3.9946493740192937, "batch_size": 72.53170748094485, "dropout_rate": 0.5632802850813394, "epochs": 198.4822903493899, "hidden_channels": 59.22544593863029, "learning_rate": 0.07612466262744988, "optimizer": 0.5031164444558298, "pooling_algorithm": 0.8893560197673824}, "datetime": {"datetime": "2023-11-18 21:13:39", "elapsed": 8246.748909, "delta": 12.032328}},
{"target": 0.7892857142857143, "params": {"activation_function": 1.734885343467533, "amount_of_layers": 1.6988491276703215, "batch_size": 41.43041496757661, "dropout_rate": 0.6424279684680705, "epochs": 84.2994156815575, "hidden_channels": 87.49769119283845, "learning_rate": 0.05201513993461244, "optimizer": 1.1754932104675921, "pooling_algorithm": 0.28520184410015303}, "datetime": {"datetime": "2023-11-18 21:13:45", "elapsed": 8251.984859, "delta": 5.23595}},
{"target": 0.0, "params": {"activation_function": 0.07716341376134261, "amount_of_layers": 8.746520107867081, "batch_size": 145.47922367253554, "dropout_rate": 0.5180686529526202, "epochs": 166.31710332498415, "hidden_channels": 71.7999936876129, "learning_rate": 0.03281695239886705, "optimizer": 1.9796237446198162, "pooling_algorithm": 0.7992886296457206}, "datetime": {"datetime": "2023-11-18 21:13:56", "elapsed": 8263.626804, "delta": 11.641945}},
{"target": 0.8714285714285714, "params": {"activation_function": 0.3604083367833615, "amount_of_layers": 3.842540792110399, "batch_size": 90.46994653960361, "dropout_rate": 0.5054080102965365, "epochs": 83.33670045953173, "hidden_channels": 64.69858182513744, "learning_rate": 0.02976401907230523, "optimizer": 0.9378982057523915, "pooling_algorithm": 0.8828970888326607}, "datetime": {"datetime": "2023-11-18 21:14:05", "elapsed": 8272.739496, "delta": 9.112692}},
{"target": 0.5, "params": {"activation_function": 0.1847736073633539, "amount_of_layers": 2.244259510136221, "batch_size": 127.51665648140984, "dropout_rate": 0.705828852792286, "epochs": 161.04217403839803, "hidden_channels": 7.9558632924186306, "learning_rate": 0.0433659809591514, "optimizer": 1.609477684891033, "pooling_algorithm": 0.33855265665135936}, "datetime": {"datetime": "2023-11-18 21:14:11", "elapsed": 8278.057464, "delta": 5.317968}},
{"target": 0.8196428571428571, "params": {"activation_function": 0.3862679170337364, "amount_of_layers": 5.1578934937623595, "batch_size": 37.16786814395843, "dropout_rate": 0.6985136974153389, "epochs": 57.94174614164754, "hidden_channels": 123.2823969726558, "learning_rate": 0.07123036982508033, "optimizer": 1.941914419667985, "pooling_algorithm": 0.9135738562322342}, "datetime": {"datetime": "2023-11-18 21:14:17", "elapsed": 8284.526796, "delta": 6.469332}},
{"target": 0.9142857142857144, "params": {"activation_function": 1.1152949323904082, "amount_of_layers": 7.4455430468257475, "batch_size": 89.55621606852269, "dropout_rate": 0.6816799998413433, "epochs": 194.3178546278338, "hidden_channels": 71.87475906236963, "learning_rate": 0.006978617041658898, "optimizer": 1.1089784808235719, "pooling_algorithm": 0.823837177957421}, "datetime": {"datetime": "2023-11-18 21:14:28", "elapsed": 8295.112622, "delta": 10.585826}},
{"target": 0.8964285714285715, "params": {"activation_function": 1.6509290427560679, "amount_of_layers": 4.348335697083638, "batch_size": 127.36463648916207, "dropout_rate": 0.6039740480754224, "epochs": 163.32112226423504, "hidden_channels": 72.01604483594288, "learning_rate": 0.07837123775984643, "optimizer": 0.5307085648970262, "pooling_algorithm": 0.9803167088291186}, "datetime": {"datetime": "2023-11-18 21:14:39", "elapsed": 8306.636574, "delta": 11.523952}},
{"target": 0.9089285714285714, "params": {"activation_function": 0.04579263715308479, "amount_of_layers": 5.405074804944391, "batch_size": 122.78156082952003, "dropout_rate": 0.4979188905666093, "epochs": 195.46843592889536, "hidden_channels": 83.56294185658182, "learning_rate": 0.0911798571405615, "optimizer": 1.3269867924893723, "pooling_algorithm": 0.8142225682159699}, "datetime": {"datetime": "2023-11-18 21:14:50", "elapsed": 8317.468722, "delta": 10.832148}},
{"target": 0.9142857142857143, "params": {"activation_function": 1.396000311060006, "amount_of_layers": 2.7878517641322773, "batch_size": 109.85082627931583, "dropout_rate": 0.36437040747159993, "epochs": 41.82704060044817, "hidden_channels": 58.334501407495004, "learning_rate": 0.056385310567491735, "optimizer": 0.7672071487403478, "pooling_algorithm": 0.9146589747262018}, "datetime": {"datetime": "2023-11-18 21:14:54", "elapsed": 8321.346991, "delta": 3.878269}},
{"target": 0.8214285714285715, "params": {"activation_function": 1.580264842510129, "amount_of_layers": 1.49394838033927, "batch_size": 140.90980209775415, "dropout_rate": 0.7234443944856658, "epochs": 78.39087874024726, "hidden_channels": 72.59881618213286, "learning_rate": 0.0046186190597572, "optimizer": 0.899137914488926, "pooling_algorithm": 0.13183177464265994}, "datetime": {"datetime": "2023-11-18 21:14:58", "elapsed": 8325.362445, "delta": 4.015454}},
{"target": 0.9125, "params": {"activation_function": 0.5765257293048074, "amount_of_layers": 8.170119601437365, "batch_size": 53.561881285878954, "dropout_rate": 0.5183359405879129, "epochs": 70.93014961272883, "hidden_channels": 67.42129824794159, "learning_rate": 0.08104631170496589, "optimizer": 0.2686537193416656, "pooling_algorithm": 0.9679901769694258}, "datetime": {"datetime": "2023-11-18 21:15:04", "elapsed": 8331.594416, "delta": 6.231971}},
{"target": 0.9, "params": {"activation_function": 0.990255394839519, "amount_of_layers": 6.726376153821703, "batch_size": 75.01180347636853, "dropout_rate": 0.6887467486147822, "epochs": 29.198426638658077, "hidden_channels": 92.66337131181868, "learning_rate": 0.029552335153664455, "optimizer": 1.7236241819085751, "pooling_algorithm": 0.9197624241648136}, "datetime": {"datetime": "2023-11-18 21:15:10", "elapsed": 8337.385132, "delta": 5.790716}},
{"target": 0.8321428571428571, "params": {"activation_function": 0.441364854072253, "amount_of_layers": 4.850655708227387, "batch_size": 66.55789065962826, "dropout_rate": 0.5235140631646782, "epochs": 184.9673794843402, "hidden_channels": 37.56483103634633, "learning_rate": 0.0748757973439378, "optimizer": 0.03621212566378951, "pooling_algorithm": 0.31444632362100455}, "datetime": {"datetime": "2023-11-18 21:15:22", "elapsed": 8349.047819, "delta": 11.662687}},
{"target": 0.7303571428571429, "params": {"activation_function": 0.6719952442210317, "amount_of_layers": 2.589730412162714, "batch_size": 95.41935221325721, "dropout_rate": 0.46886890872896897, "epochs": 88.4108636565826, "hidden_channels": 69.88422278984237, "learning_rate": 0.06820020393336315, "optimizer": 1.4927493063479629, "pooling_algorithm": 0.08403009217227475}, "datetime": {"datetime": "2023-11-18 21:15:33", "elapsed": 8360.334025, "delta": 11.286206}},
{"target": 0.8053571428571429, "params": {"activation_function": 0.9045889679263843, "amount_of_layers": 1.4844545954240749, "batch_size": 122.50654744926707, "dropout_rate": 0.3179148464335706, "epochs": 154.9529136239769, "hidden_channels": 60.033532486377844, "learning_rate": 0.08775442789694687, "optimizer": 1.3926379780232276, "pooling_algorithm": 0.2783957233836938}, "datetime": {"datetime": "2023-11-18 21:15:39", "elapsed": 8366.705105, "delta": 6.37108}},
{"target": 0.825, "params": {"activation_function": 1.6326946181150097, "amount_of_layers": 6.550701778603865, "batch_size": 29.19869633418728, "dropout_rate": 0.509240947049546, "epochs": 143.42080300876344, "hidden_channels": 21.17797613610625, "learning_rate": 0.041706431369104374, "optimizer": 0.39831888876130717, "pooling_algorithm": 0.21007640041892262}, "datetime": {"datetime": "2023-11-18 21:15:56", "elapsed": 8383.345681, "delta": 16.640576}},
{"target": 0.9053571428571429, "params": {"activation_function": 1.9111043048934062, "amount_of_layers": 3.836298687013614, "batch_size": 25.344840505797436, "dropout_rate": 0.3303304263623485, "epochs": 62.246229653379004, "hidden_channels": 86.53127165020207, "learning_rate": 0.041471954002632636, "optimizer": 0.7445041096655625, "pooling_algorithm": 0.9994539750854968}, "datetime": {"datetime": "2023-11-18 21:16:02", "elapsed": 8389.403635, "delta": 6.057954}},
{"target": 0.9142857142857143, "params": {"activation_function": 0.8282339537495373, "amount_of_layers": 7.32643932004226, "batch_size": 145.02852920979598, "dropout_rate": 0.2610932055731413, "epochs": 61.77548862266625, "hidden_channels": 55.01724734281103, "learning_rate": 0.0746913589371454, "optimizer": 0.7424972028239323, "pooling_algorithm": 0.592513276544276}, "datetime": {"datetime": "2023-11-18 21:16:14", "elapsed": 8401.236578, "delta": 11.832943}},
