{"target": 0.8678571428571428, "params": {"activation_function": 1.9602577218844455, "amount_of_layers": 2.333102135356353, "batch_size": 128.3812006509205, "dropout_rate": 0.6953233515492891, "epochs": 161.8313738087156, "hidden_channels": 69.29595686511324, "learning_rate": 0.006074265312170017, "optimizer": 1.0749838851861948, "pooling_algorithm": 0.7207533710210384}, "datetime": {"datetime": "2023-11-18 19:36:56", "elapsed": 2443.361702, "delta": 4.122616}},
{"target": 0.9071428571428571, "params": {"activation_function": 0.6288846457765433, "amount_of_layers": 6.1578620885278035, "batch_size": 60.28867270694177, "dropout_rate": 0.5502532738528811, "epochs": 185.5016538913405, "hidden_channels": 100.88654548032507, "learning_rate": 0.008981732616823602, "optimizer": 0.2693574680569131, "pooling_algorithm": 0.5654542286409074}, "datetime": {"datetime": "2023-11-18 19:37:06", "elapsed": 2453.045738, "delta": 9.684036}},
{"target": 0.8196428571428571, "params": {"activation_function": 0.1553314010720641, "amount_of_layers": 3.825137033319698, "batch_size": 94.15865307653938, "dropout_rate": 0.5519166222808638, "epochs": 86.65134053810783, "hidden_channels": 70.07030259496162, "learning_rate": 0.027364354401825653, "optimizer": 1.0240230938832937, "pooling_algorithm": 0.6078026452065147}, "datetime": {"datetime": "2023-11-18 19:37:09", "elapsed": 2456.302429, "delta": 3.256691}},
{"target": 0.9321428571428572, "params": {"activation_function": 0.4036541376217698, "amount_of_layers": 5.348490986409905, "batch_size": 94.4334600276976, "dropout_rate": 0.5865695100179293, "epochs": 89.41914349303781, "hidden_channels": 71.98177558041554, "learning_rate": 0.0029829507559532317, "optimizer": 0.013004791820581578, "pooling_algorithm": 1.0}, "datetime": {"datetime": "2023-11-18 19:37:12", "elapsed": 2459.777296, "delta": 3.474867}},
{"target": 0.0, "params": {"activation_function": 1.7168788557908576, "amount_of_layers": 6.864109896666484, "batch_size": 120.4717427393926, "dropout_rate": 0.5463759321358683, "epochs": 158.36506102902166, "hidden_channels": 61.035461215936415, "learning_rate": 0.08168539029413581, "optimizer": 1.1925834309140952, "pooling_algorithm": 0.0966724868072647}, "datetime": {"datetime": "2023-11-18 19:37:20", "elapsed": 2466.950161, "delta": 7.172865}},
{"target": 0.8571428571428571, "params": {"activation_function": 0.24098608518546705, "amount_of_layers": 6.385548572415407, "batch_size": 64.59581515002836, "dropout_rate": 0.5035881832260285, "epochs": 189.07210962931376, "hidden_channels": 30.935390267870314, "learning_rate": 0.003663416705532636, "optimizer": 1.671457681645255, "pooling_algorithm": 0.8817380313062422}, "datetime": {"datetime": "2023-11-18 19:37:27", "elapsed": 2474.306662, "delta": 7.356501}},
{"target": 0.7375, "params": {"activation_function": 1.5239093310698308, "amount_of_layers": 7.254828204382311, "batch_size": 17.688947784498684, "dropout_rate": 0.4762436517372857, "epochs": 189.87123832703418, "hidden_channels": 15.66863428995833, "learning_rate": 0.03769313911785885, "optimizer": 0.8047127735896737, "pooling_algorithm": 0.0020486177296756836}, "datetime": {"datetime": "2023-11-18 19:37:41", "elapsed": 2488.55275, "delta": 14.246088}},
{"target": 0.9125000000000001, "params": {"activation_function": 0.31596015959284274, "amount_of_layers": 3.4219796257754087, "batch_size": 95.32482841074442, "dropout_rate": 0.5118087718334927, "epochs": 87.77096868691939, "hidden_channels": 70.47591729027438, "learning_rate": 0.09395813897716564, "optimizer": 1.118871233028202, "pooling_algorithm": 0.6720464294436245}, "datetime": {"datetime": "2023-11-18 19:37:44", "elapsed": 2491.526512, "delta": 2.973762}},
{"target": 0.26785714285714285, "params": {"activation_function": 0.6602059589128548, "amount_of_layers": 4.736755135448634, "batch_size": 95.4404633003304, "dropout_rate": 0.4200518273452322, "epochs": 86.59707992901788, "hidden_channels": 66.58897233260018, "learning_rate": 0.005187378586578836, "optimizer": 1.54968348175236, "pooling_algorithm": 0.404242424430317}, "datetime": {"datetime": "2023-11-18 19:37:48", "elapsed": 2494.997755, "delta": 3.471243}},
{"target": 0.7357142857142858, "params": {"activation_function": 0.6732934565168951, "amount_of_layers": 4.11107432025262, "batch_size": 130.5800646142431, "dropout_rate": 0.6984525329809503, "epochs": 165.28444787327132, "hidden_channels": 72.12659734347648, "learning_rate": 0.040800181678165896, "optimizer": 0.17043557281719046, "pooling_algorithm": 0.27696269666318096}, "datetime": {"datetime": "2023-11-18 19:37:53", "elapsed": 2500.440114, "delta": 5.442359}},
{"target": 0.9178571428571428, "params": {"activation_function": 1.7681824994808382, "amount_of_layers": 3.794362907132632, "batch_size": 126.83581592183545, "dropout_rate": 0.37198754354264846, "epochs": 163.88279473395758, "hidden_channels": 73.42585449522451, "learning_rate": 0.03954375352953427, "optimizer": 1.023916931561556, "pooling_algorithm": 1.0}, "datetime": {"datetime": "2023-11-18 19:37:59", "elapsed": 2506.555171, "delta": 6.115057}},
{"target": 0.16428571428571428, "params": {"activation_function": 1.0337263075513532, "amount_of_layers": 1.495015365338416, "batch_size": 38.83683466286486, "dropout_rate": 0.7325666147511285, "epochs": 81.58620873480558, "hidden_channels": 74.76281776344359, "learning_rate": 0.001112455171839404, "optimizer": 0.1609851572351877, "pooling_algorithm": 0.7470080373767393}, "datetime": {"datetime": "2023-11-18 19:38:02", "elapsed": 2509.001235, "delta": 2.446064}},
{"target": 0.2642857142857143, "params": {"activation_function": 1.394440984394014, "amount_of_layers": 7.763101494588455, "batch_size": 17.472542769547566, "dropout_rate": 0.4724611845956366, "epochs": 186.29599219664522, "hidden_channels": 15.670809364616487, "learning_rate": 0.0953426630245288, "optimizer": 1.137554220575753, "pooling_algorithm": 0.48996175760949334}, "datetime": {"datetime": "2023-11-18 19:38:16", "elapsed": 2523.829688, "delta": 14.828453}},
{"target": 0.7303571428571428, "params": {"activation_function": 0.5201677103391216, "amount_of_layers": 6.218746780055508, "batch_size": 117.67366307958848, "dropout_rate": 0.6486831148326186, "epochs": 153.3778993093408, "hidden_channels": 55.23477410207863, "learning_rate": 0.09517036789487146, "optimizer": 0.0061786916765023125, "pooling_algorithm": 0.446188333262994}, "datetime": {"datetime": "2023-11-18 19:38:22", "elapsed": 2529.135727, "delta": 5.306039}},
{"target": 0.6071428571428572, "params": {"activation_function": 0.6075091996092983, "amount_of_layers": 5.403574595058346, "batch_size": 127.72831298970755, "dropout_rate": 0.29233582894634313, "epochs": 162.64442967525326, "hidden_channels": 73.70678253847889, "learning_rate": 0.08057738082494748, "optimizer": 0.7930284102148077, "pooling_algorithm": 0.28520471306621187}, "datetime": {"datetime": "2023-11-18 19:38:28", "elapsed": 2535.50366, "delta": 6.367933}},
{"target": 0.9071428571428571, "params": {"activation_function": 1.0031976433529926, "amount_of_layers": 3.3103606232975826, "batch_size": 92.86863476485505, "dropout_rate": 0.6781118753532017, "epochs": 87.50201664264013, "hidden_channels": 66.11007101426023, "learning_rate": 0.01043762865051864, "optimizer": 0.21961903123387283, "pooling_algorithm": 0.9956921545656126}, "datetime": {"datetime": "2023-11-18 19:38:31", "elapsed": 2538.250468, "delta": 2.746808}},
{"target": 0.9178571428571429, "params": {"activation_function": 1.1049500207889325, "amount_of_layers": 6.378039988806058, "batch_size": 46.92769194875376, "dropout_rate": 0.2902828883528279, "epochs": 186.36014160318047, "hidden_channels": 112.58320333599227, "learning_rate": 0.0035840366665854167, "optimizer": 0.6312930769288505, "pooling_algorithm": 0.6010231258155383}, "datetime": {"datetime": "2023-11-18 19:38:43", "elapsed": 2550.06749, "delta": 11.817022}},
{"target": 0.6928571428571428, "params": {"activation_function": 0.4991917702278932, "amount_of_layers": 2.5610107440008614, "batch_size": 66.10436824843254, "dropout_rate": 0.3809817749537891, "epochs": 185.89354861434333, "hidden_channels": 37.37695933184323, "learning_rate": 0.0015472193587254444, "optimizer": 0.5495346746825549, "pooling_algorithm": 0.698723993002131}, "datetime": {"datetime": "2023-11-18 19:38:48", "elapsed": 2555.124715, "delta": 5.057225}},
{"target": 0.9089285714285714, "params": {"activation_function": 0.2679826217765754, "amount_of_layers": 6.704852421087085, "batch_size": 77.93563682296183, "dropout_rate": 0.6055602729967322, "epochs": 138.20736210613356, "hidden_channels": 58.424630616149095, "learning_rate": 0.05315541662381697, "optimizer": 0.8588696417083025, "pooling_algorithm": 0.7803885284288963}, "datetime": {"datetime": "2023-11-18 19:38:53", "elapsed": 2560.751815, "delta": 5.6271}},
{"target": 0.8, "params": {"activation_function": 0.049508384879561884, "amount_of_layers": 4.0090556941331865, "batch_size": 93.4755060366367, "dropout_rate": 0.3521822530716866, "epochs": 87.77194370146718, "hidden_channels": 66.91862452904303, "learning_rate": 0.0025594540520807066, "optimizer": 0.7693158044251363, "pooling_algorithm": 0.286977775308239}, "datetime": {"datetime": "2023-11-18 19:38:57", "elapsed": 2564.175274, "delta": 3.423459}},
{"target": 0.9142857142857143, "params": {"activation_function": 0.9796491669820881, "amount_of_layers": 6.04613387829217, "batch_size": 66.31374173818018, "dropout_rate": 0.5811407012632499, "epochs": 190.03541447215142, "hidden_channels": 32.19739112740997, "learning_rate": 0.01955990510391028, "optimizer": 1.2095378930362333, "pooling_algorithm": 0.8562914360813567}, "datetime": {"datetime": "2023-11-18 19:39:04", "elapsed": 2571.397645, "delta": 7.222371}},
{"target": 0.9089285714285714, "params": {"activation_function": 0.1637207159399665, "amount_of_layers": 2.661984841685845, "batch_size": 130.68259184887313, "dropout_rate": 0.3411721361188996, "epochs": 163.60192077719253, "hidden_channels": 71.77624791944955, "learning_rate": 0.09989806117288388, "optimizer": 1.4672114155500497, "pooling_algorithm": 0.6351508499083487}, "datetime": {"datetime": "2023-11-18 19:39:09", "elapsed": 2576.558018, "delta": 5.160373}},
{"target": 0.27142857142857146, "params": {"activation_function": 1.4644907567029357, "amount_of_layers": 2.5994481378891168, "batch_size": 122.20880274451072, "dropout_rate": 0.41319350564691953, "epochs": 154.8725948105591, "hidden_channels": 56.863779885957854, "learning_rate": 0.025452763897332507, "optimizer": 1.3841548995437862, "pooling_algorithm": 0.4799994229958744}, "datetime": {"datetime": "2023-11-18 19:39:13", "elapsed": 2580.824452, "delta": 4.266434}},
{"target": 0.7535714285714286, "params": {"activation_function": 1.2977862554095156, "amount_of_layers": 3.1449247053889353, "batch_size": 129.27253706521358, "dropout_rate": 0.6050433265134652, "epochs": 161.8985684555172, "hidden_channels": 74.78480707664491, "learning_rate": 0.041229772876587634, "optimizer": 0.17641697240707277, "pooling_algorithm": 0.4493821327775467}, "datetime": {"datetime": "2023-11-18 19:39:18", "elapsed": 2585.629635, "delta": 4.805183}},
{"target": 0.7303571428571429, "params": {"activation_function": 1.0990471094134557, "amount_of_layers": 2.826444454125789, "batch_size": 92.83804042024758, "dropout_rate": 0.2932937973074659, "epochs": 90.8537679219296, "hidden_channels": 71.55789676518822, "learning_rate": 0.03279097197551448, "optimizer": 1.3615758601031174, "pooling_algorithm": 0.08511317952117059}, "datetime": {"datetime": "2023-11-18 19:39:21", "elapsed": 2588.667225, "delta": 3.03759}},
{"target": 0.825, "params": {"activation_function": 0.1105901558002591, "amount_of_layers": 2.88113491536273, "batch_size": 62.34734170628775, "dropout_rate": 0.586530933501507, "epochs": 184.1769065786933, "hidden_channels": 39.37757284666659, "learning_rate": 0.03266603825322231, "optimizer": 0.3272153524770687, "pooling_algorithm": 0.48258613390243843}, "datetime": {"datetime": "2023-11-18 19:39:26", "elapsed": 2593.399458, "delta": 4.732233}},
{"target": 0.9089285714285714, "params": {"activation_function": 0.5948229857935723, "amount_of_layers": 7.947527373354228, "batch_size": 59.76886125637093, "dropout_rate": 0.44185193202242573, "epochs": 185.7800405863197, "hidden_channels": 100.54314297905391, "learning_rate": 0.04089976688874418, "optimizer": 1.4529445387405655, "pooling_algorithm": 0.6407827494369208}, "datetime": {"datetime": "2023-11-18 19:39:38", "elapsed": 2605.592006, "delta": 12.192548}},
{"target": 0.7892857142857144, "params": {"activation_function": 1.5167378196906198, "amount_of_layers": 4.091622770717772, "batch_size": 94.45243226799974, "dropout_rate": 0.585278674823215, "epochs": 89.55209952108449, "hidden_channels": 67.46184371620886, "learning_rate": 0.026031420276167824, "optimizer": 0.2445532425181367, "pooling_algorithm": 0.449236721106983}, "datetime": {"datetime": "2023-11-18 19:39:41", "elapsed": 2608.788532, "delta": 3.196526}},
{"target": 0.9017857142857143, "params": {"activation_function": 0.7153678646388568, "amount_of_layers": 3.782608318289274, "batch_size": 127.22303545880531, "dropout_rate": 0.3717012440973032, "epochs": 161.94374475924982, "hidden_channels": 71.64320430334757, "learning_rate": 0.0387180111200441, "optimizer": 0.7792784036075506, "pooling_algorithm": 0.7717716211074859}, "datetime": {"datetime": "2023-11-18 19:39:47", "elapsed": 2614.291487, "delta": 5.502955}},
{"target": 0.9035714285714286, "params": {"activation_function": 0.8645100561335763, "amount_of_layers": 8.296505746111242, "batch_size": 17.10479451388932, "dropout_rate": 0.5850163641737015, "epochs": 190.37490721934282, "hidden_channels": 15.828802340193453, "learning_rate": 0.015870809487811992, "optimizer": 1.8145170272799107, "pooling_algorithm": 0.8905835531251906}, "datetime": {"datetime": "2023-11-18 19:40:01", "elapsed": 2628.664801, "delta": 14.373314}},
{"target": 0.9214285714285714, "params": {"activation_function": 0.9637432739977976, "amount_of_layers": 5.876917744220877, "batch_size": 66.75056144516897, "dropout_rate": 0.41865228538419097, "epochs": 186.77417763449478, "hidden_channels": 31.22061150461912, "learning_rate": 0.0832180364424878, "optimizer": 0.08399005190269859, "pooling_algorithm": 0.967369624243438}, "datetime": {"datetime": "2023-11-18 19:40:08", "elapsed": 2635.321649, "delta": 6.656848}},
{"target": 0.9017857142857143, "params": {"activation_function": 0.8658750182689992, "amount_of_layers": 5.973292706543287, "batch_size": 68.82121236814241, "dropout_rate": 0.533998629904545, "epochs": 73.43383957178104, "hidden_channels": 55.44651037018371, "learning_rate": 0.056395581481154984, "optimizer": 1.4221163302107835, "pooling_algorithm": 0.6547717745442371}, "datetime": {"datetime": "2023-11-18 19:40:11", "elapsed": 2638.777966, "delta": 3.456317}},
{"target": 0.27142857142857146, "params": {"activation_function": 0.8052414787448501, "amount_of_layers": 8.19058168514735, "batch_size": 22.903472527779087, "dropout_rate": 0.36673984195621706, "epochs": 190.10789599215818, "hidden_channels": 10.778436478036518, "learning_rate": 0.03605391328343278, "optimizer": 0.0710189563911563, "pooling_algorithm": 0.28867851120772303}, "datetime": {"datetime": "2023-11-18 19:40:24", "elapsed": 2651.198349, "delta": 12.420383}},
{"target": 0.9071428571428571, "params": {"activation_function": 1.727790887366777, "amount_of_layers": 2.040057195462693, "batch_size": 127.61581241297417, "dropout_rate": 0.2761022867391655, "epochs": 163.2285728586641, "hidden_channels": 69.91585754825262, "learning_rate": 0.04243341537370018, "optimizer": 0.5153713104217568, "pooling_algorithm": 0.5562820790997831}, "datetime": {"datetime": "2023-11-18 19:40:28", "elapsed": 2655.484798, "delta": 4.286449}},
{"target": 0.8928571428571428, "params": {"activation_function": 0.26416132755130683, "amount_of_layers": 3.3442268568687625, "batch_size": 128.3611308707927, "dropout_rate": 0.39666898788884275, "epochs": 163.0581695257075, "hidden_channels": 75.85669545072159, "learning_rate": 0.06950406649057501, "optimizer": 1.6166111354957116, "pooling_algorithm": 0.7086410399428844}, "datetime": {"datetime": "2023-11-18 19:40:33", "elapsed": 2660.556325, "delta": 5.071527}},
{"target": 0.0, "params": {"activation_function": 0.05145571842580643, "amount_of_layers": 6.060301542422173, "batch_size": 59.79581985262342, "dropout_rate": 0.631184099231272, "epochs": 181.53386295573574, "hidden_channels": 104.56603840365102, "learning_rate": 0.08182185126408424, "optimizer": 1.982993793510379, "pooling_algorithm": 0.7389786037330587}, "datetime": {"datetime": "2023-11-18 19:40:43", "elapsed": 2670.367379, "delta": 9.811054}},
{"target": 0.7392857142857143, "params": {"activation_function": 1.003462606427535, "amount_of_layers": 8.50223745906871, "batch_size": 59.49317078223709, "dropout_rate": 0.3057649097719483, "epochs": 182.23052809396722, "hidden_channels": 99.84310870142333, "learning_rate": 0.010396753360653922, "optimizer": 0.16956649714911176, "pooling_algorithm": 0.3507184335881651}, "datetime": {"datetime": "2023-11-18 19:40:55", "elapsed": 2682.588289, "delta": 12.22091}},
{"target": 0.8714285714285713, "params": {"activation_function": 1.9755083089969068, "amount_of_layers": 5.813346162010722, "batch_size": 92.69147065349947, "dropout_rate": 0.656631412919834, "epochs": 85.15450806251387, "hidden_channels": 64.3901915808029, "learning_rate": 0.04404106877589059, "optimizer": 0.8011048176900828, "pooling_algorithm": 0.6621597067630517}, "datetime": {"datetime": "2023-11-18 19:40:59", "elapsed": 2686.310516, "delta": 3.722227}},
{"target": 0.26071428571428573, "params": {"activation_function": 1.6010929681262294, "amount_of_layers": 7.533387021189717, "batch_size": 93.09063533799448, "dropout_rate": 0.5199447443897891, "epochs": 91.96764642284933, "hidden_channels": 69.40985219519396, "learning_rate": 0.03938111263573604, "optimizer": 1.9082867703892072, "pooling_algorithm": 0.010183591652187962}, "datetime": {"datetime": "2023-11-18 19:41:04", "elapsed": 2691.276678, "delta": 4.966162}},
{"target": 0.9125000000000001, "params": {"activation_function": 0.18494038629402376, "amount_of_layers": 7.330665596919528, "batch_size": 123.52553975165151, "dropout_rate": 0.32986321590204365, "epochs": 155.69689986444592, "hidden_channels": 57.72018709411881, "learning_rate": 0.08873893460972776, "optimizer": 1.4938376474338884, "pooling_algorithm": 0.758097576867011}, "datetime": {"datetime": "2023-11-18 19:41:11", "elapsed": 2697.971708, "delta": 6.69503}},
{"target": 0.9071428571428571, "params": {"activation_function": 1.1956474726372401, "amount_of_layers": 6.262387305231126, "batch_size": 66.64668735442788, "dropout_rate": 0.32807288134994467, "epochs": 185.46776576413353, "hidden_channels": 30.475852403581197, "learning_rate": 0.07491464737700536, "optimizer": 1.9600317017460775, "pooling_algorithm": 0.8223254797099367}, "datetime": {"datetime": "2023-11-18 19:41:18", "elapsed": 2705.163556, "delta": 7.191848}},
{"target": 0.9017857142857142, "params": {"activation_function": 1.1320748932285443, "amount_of_layers": 3.151459371977927, "batch_size": 128.61887606733072, "dropout_rate": 0.3116713541165259, "epochs": 163.55478347943532, "hidden_channels": 72.08766090766129, "learning_rate": 0.05041528292854376, "optimizer": 0.8798647872820193, "pooling_algorithm": 1.0}, "datetime": {"datetime": "2023-11-18 19:41:23", "elapsed": 2710.559912, "delta": 5.396356}},
{"target": 0.09107142857142857, "params": {"activation_function": 0.7650040416288916, "amount_of_layers": 8.191927613718102, "batch_size": 44.23967950327792, "dropout_rate": 0.40482185804289855, "epochs": 184.04581569361852, "hidden_channels": 106.45283290799979, "learning_rate": 0.09555928204062561, "optimizer": 0.2943527894079935, "pooling_algorithm": 0.9902444354243916}, "datetime": {"datetime": "2023-11-18 19:41:39", "elapsed": 2726.714721, "delta": 16.154809}},
{"target": 0.26785714285714285, "params": {"activation_function": 1.468402420639188, "amount_of_layers": 3.0420476984682896, "batch_size": 127.68994624095473, "dropout_rate": 0.5894924991702898, "epochs": 164.4346305479633, "hidden_channels": 73.69570695138422, "learning_rate": 0.0357001378555997, "optimizer": 0.5103943495321561, "pooling_algorithm": 0.11434883331704238}, "datetime": {"datetime": "2023-11-18 19:41:45", "elapsed": 2732.013576, "delta": 5.298855}},
{"target": 0.8999999999999999, "params": {"activation_function": 0.8534044233784863, "amount_of_layers": 6.607384629061556, "batch_size": 45.438018273372606, "dropout_rate": 0.4640873934896637, "epochs": 186.52244337348267, "hidden_channels": 108.48401073568542, "learning_rate": 0.023972607029203105, "optimizer": 0.3001351939231409, "pooling_algorithm": 0.7557608804207783}, "datetime": {"datetime": "2023-11-18 19:41:57", "elapsed": 2743.962383, "delta": 11.948807}},
{"target": 0.9053571428571429, "params": {"activation_function": 0.0, "amount_of_layers": 1.0, "batch_size": 44.68801642088568, "dropout_rate": 0.25073562500155205, "epochs": 138.9245038156836, "hidden_channels": 43.54334914412451, "learning_rate": 0.09064568550461308, "optimizer": 1.1002525639694196, "pooling_algorithm": 1.0}, "datetime": {"datetime": "2023-11-18 19:42:01", "elapsed": 2747.952734, "delta": 3.990351}},
{"target": 0.9053571428571429, "params": {"activation_function": 1.1366296482262603, "amount_of_layers": 8.12974123063072, "batch_size": 94.31545713092562, "dropout_rate": 0.37118623392589656, "epochs": 88.74768197401455, "hidden_channels": 69.91788822301214, "learning_rate": 0.019735100018840553, "optimizer": 0.8489614221519326, "pooling_algorithm": 0.5739012963825305}, "datetime": {"datetime": "2023-11-18 19:42:05", "elapsed": 2752.708276, "delta": 4.755542}},
