{"target": 0.7107142857142857, "params": {"activation_function": 0.8352080803416766, "amount_of_layers": 3.4379822966019606, "batch_size": 74.1067780685739, "dropout_rate": 0.6177240885924207, "epochs": 177.78557387108853, "hidden_channels": 23.646659335783152, "learning_rate": 0.0212398347837365, "optimizer": 1.1401483271891903, "pooling_algorithm": 0.4812488965211831}, "datetime": {"datetime": "2023-11-19 04:08:04", "elapsed": 33111.669167, "delta": 17.199312}},
{"target": 0.9035714285714286, "params": {"activation_function": 1.3884983969792748, "amount_of_layers": 1.5097464504214342, "batch_size": 101.81436164113862, "dropout_rate": 0.4686260726667661, "epochs": 87.18334351378562, "hidden_channels": 7.866913718892101, "learning_rate": 0.008464553944958386, "optimizer": 1.256566133492706, "pooling_algorithm": 0.9353838177971805}, "datetime": {"datetime": "2023-11-19 04:08:17", "elapsed": 33124.416997, "delta": 12.74783}},
{"target": 0.9071428571428571, "params": {"activation_function": 1.2560116129325267, "amount_of_layers": 6.966986964130999, "batch_size": 25.31441549143176, "dropout_rate": 0.725761001035802, "epochs": 176.8055908291081, "hidden_channels": 49.33420750302916, "learning_rate": 0.03708713864410723, "optimizer": 0.9503156100061052, "pooling_algorithm": 0.9358026737349497}, "datetime": {"datetime": "2023-11-19 04:08:41", "elapsed": 33148.518575, "delta": 24.101578}},
{"target": 0.9053571428571429, "params": {"activation_function": 1.0818512917305385, "amount_of_layers": 4.19122841131941, "batch_size": 128.1462717086966, "dropout_rate": 0.27746469080247965, "epochs": 163.78797264068885, "hidden_channels": 67.92695580777698, "learning_rate": 0.09625098581495889, "optimizer": 0.07023490448079506, "pooling_algorithm": 0.6109473148076512}, "datetime": {"datetime": "2023-11-19 04:09:52", "elapsed": 33219.445199, "delta": 70.926624}},
{"target": 0.7392857142857143, "params": {"activation_function": 1.4415787244879912, "amount_of_layers": 6.7460886975518894, "batch_size": 91.20642101721839, "dropout_rate": 0.28397051108756055, "epochs": 154.9798921308455, "hidden_channels": 95.54533172600507, "learning_rate": 0.05389763725638724, "optimizer": 0.03867040773193797, "pooling_algorithm": 0.2722503428902824}, "datetime": {"datetime": "2023-11-19 04:10:11", "elapsed": 33237.854207, "delta": 18.409008}},
{"target": 0.7464285714285714, "params": {"activation_function": 0.6526199565648547, "amount_of_layers": 8.982610344271816, "batch_size": 110.26917853708711, "dropout_rate": 0.4183098500779889, "epochs": 48.62378174610167, "hidden_channels": 102.61286956727939, "learning_rate": 0.04583863426128573, "optimizer": 1.0407117949689213, "pooling_algorithm": 0.1522416654730322}, "datetime": {"datetime": "2023-11-19 04:10:25", "elapsed": 33252.794759, "delta": 14.940552}},
{"target": 0.9178571428571428, "params": {"activation_function": 0.35556025407899416, "amount_of_layers": 8.505153960352756, "batch_size": 125.08259244539543, "dropout_rate": 0.294110119526415, "epochs": 189.15529366426907, "hidden_channels": 59.69327684289126, "learning_rate": 0.012503785176875878, "optimizer": 0.4644960603745707, "pooling_algorithm": 0.6777652725463356}, "datetime": {"datetime": "2023-11-19 04:10:48", "elapsed": 33275.379234, "delta": 22.584475}},
{"target": 0.7357142857142858, "params": {"activation_function": 1.4261463734640316, "amount_of_layers": 5.659235491457165, "batch_size": 116.43504913406164, "dropout_rate": 0.7257166763891787, "epochs": 198.49730534333884, "hidden_channels": 67.45056930281841, "learning_rate": 0.08743386298523088, "optimizer": 0.2640525018152309, "pooling_algorithm": 0.08857286415441046}, "datetime": {"datetime": "2023-11-19 04:11:10", "elapsed": 33297.016655, "delta": 21.637421}},
{"target": 0.9142857142857143, "params": {"activation_function": 0.5475740978812793, "amount_of_layers": 4.907206253794233, "batch_size": 73.10104335214575, "dropout_rate": 0.6880929737258925, "epochs": 82.2121192557296, "hidden_channels": 5.881065529609358, "learning_rate": 0.08064723781080438, "optimizer": 0.9619542456763512, "pooling_algorithm": 0.9710217408109484}, "datetime": {"datetime": "2023-11-19 04:11:25", "elapsed": 33312.024654, "delta": 15.007999}},
{"target": 0.9035714285714286, "params": {"activation_function": 0.625871416036758, "amount_of_layers": 3.6686304274868355, "batch_size": 26.773907642483074, "dropout_rate": 0.3467160417450706, "epochs": 142.1816012473878, "hidden_channels": 108.56891042711318, "learning_rate": 0.05602126257549219, "optimizer": 0.44600810815628855, "pooling_algorithm": 0.7306841465265304}, "datetime": {"datetime": "2023-11-19 04:12:55", "elapsed": 33402.100301, "delta": 90.075647}},
{"target": 0.0, "params": {"activation_function": 0.8722069800763019, "amount_of_layers": 7.568207254053496, "batch_size": 116.27040473392817, "dropout_rate": 0.36238684465891186, "epochs": 93.1129878822525, "hidden_channels": 105.76949151268363, "learning_rate": 0.06371519256095537, "optimizer": 1.4532381094158022, "pooling_algorithm": 0.9211325822487738}, "datetime": {"datetime": "2023-11-19 04:13:16", "elapsed": 33423.185449, "delta": 21.085148}},
{"target": 0.9142857142857143, "params": {"activation_function": 0.9415139372998871, "amount_of_layers": 5.203536673593868, "batch_size": 131.27866986879064, "dropout_rate": 0.5055387018298966, "epochs": 165.48416803395799, "hidden_channels": 75.21431244578498, "learning_rate": 0.08894729453930461, "optimizer": 0.24244091037789994, "pooling_algorithm": 0.7369684862371478}, "datetime": {"datetime": "2023-11-19 04:14:17", "elapsed": 33483.938812, "delta": 60.753363}},
{"target": 0.26607142857142857, "params": {"activation_function": 1.838778450649912, "amount_of_layers": 7.757349906906072, "batch_size": 67.45100784467459, "dropout_rate": 0.3723983772606846, "epochs": 176.49773702310668, "hidden_channels": 76.68768933300294, "learning_rate": 0.06788713015154724, "optimizer": 0.5511827887390388, "pooling_algorithm": 0.49270066601957274}, "datetime": {"datetime": "2023-11-19 04:14:38", "elapsed": 33505.26444, "delta": 21.325628}},
{"target": 0.9035714285714286, "params": {"activation_function": 1.0258668359350378, "amount_of_layers": 6.625049158416757, "batch_size": 66.20321565692512, "dropout_rate": 0.6177809844164892, "epochs": 190.33959247435848, "hidden_channels": 31.98293422915463, "learning_rate": 0.09820757028631087, "optimizer": 1.5930203751195335, "pooling_algorithm": 0.9284518787094423}, "datetime": {"datetime": "2023-11-19 04:15:31", "elapsed": 33558.045618, "delta": 52.781178}},
{"target": 0.9035714285714287, "params": {"activation_function": 1.3405969784232155, "amount_of_layers": 6.064252105671926, "batch_size": 85.30637993769834, "dropout_rate": 0.6742679596239831, "epochs": 144.91560082338196, "hidden_channels": 38.65240367961259, "learning_rate": 0.012853574999031791, "optimizer": 0.6860662198179197, "pooling_algorithm": 0.7935370795599629}, "datetime": {"datetime": "2023-11-19 04:15:47", "elapsed": 33574.825237, "delta": 16.779619}},
{"target": 0.9071428571428571, "params": {"activation_function": 1.3491695765732008, "amount_of_layers": 7.597449236903396, "batch_size": 95.9978685176778, "dropout_rate": 0.75, "epochs": 87.69949512117307, "hidden_channels": 71.16914818030824, "learning_rate": 0.001, "optimizer": 0.8160902766441563, "pooling_algorithm": 0.5285599049270574}, "datetime": {"datetime": "2023-11-19 04:16:39", "elapsed": 33626.32097, "delta": 51.495733}},
{"target": 0.0, "params": {"activation_function": 1.2088473673499438, "amount_of_layers": 2.6269597518316443, "batch_size": 60.25552316707801, "dropout_rate": 0.720641990338917, "epochs": 10.06841080841078, "hidden_channels": 27.526953994021547, "learning_rate": 0.0011530261459124372, "optimizer": 0.2933290947571956, "pooling_algorithm": 0.44011660462999824}, "datetime": {"datetime": "2023-11-19 04:17:32", "elapsed": 33679.104318, "delta": 52.783348}},
{"target": 0.9000000000000001, "params": {"activation_function": 0.6088918376352832, "amount_of_layers": 4.4452960129547385, "batch_size": 64.93142705927292, "dropout_rate": 0.5840587408750157, "epochs": 183.3435366581089, "hidden_channels": 39.399619196445045, "learning_rate": 0.09630635998772555, "optimizer": 0.6576495882721116, "pooling_algorithm": 0.6003724765897198}, "datetime": {"datetime": "2023-11-19 04:18:15", "elapsed": 33722.775897, "delta": 43.671579}},
{"target": 0.5, "params": {"activation_function": 0.09300208437423074, "amount_of_layers": 3.7566586218205, "batch_size": 135.93068189394324, "dropout_rate": 0.2725401845546854, "epochs": 88.02136883902674, "hidden_channels": 99.52219458384015, "learning_rate": 0.07757577418074298, "optimizer": 1.0633609558060215, "pooling_algorithm": 0.3617145622753585}, "datetime": {"datetime": "2023-11-19 04:19:01", "elapsed": 33768.191819, "delta": 45.415922}},
{"target": 0.7749999999999999, "params": {"activation_function": 1.944076990348509, "amount_of_layers": 1.7474416083765023, "batch_size": 64.73348658402291, "dropout_rate": 0.38261128509443204, "epochs": 187.29908141401472, "hidden_channels": 30.991778269787826, "learning_rate": 0.08156955798518307, "optimizer": 1.217695013363682, "pooling_algorithm": 0.36365484110099067}, "datetime": {"datetime": "2023-11-19 04:19:47", "elapsed": 33814.38398, "delta": 46.192161}}
]