{"target": 0.9035714285714286, "params": {"activation_function": 0.8868700137008554, "amount_of_layers": 7.434602992448505, "batch_size": 132.37960680741492, "dropout_rate": 0.5175010686430589, "epochs": 46.547779540353936, "hidden_channels": 58.55983539485041, "learning_rate": 0.006801176296950118, "optimizer": 0.9408953057425642, "pooling_algorithm": 0.935067827537053}, "datetime": {"datetime": "2023-11-18 20:42:29", "elapsed": 6376.272881, "delta": 6.953771}},
{"target": 0.8214285714285714, "params": {"activation_function": 1.2044685667165878, "amount_of_layers": 1.7248743471908696, "batch_size": 67.09358734797698, "dropout_rate": 0.38350424296684177, "epochs": 184.30817500276646, "hidden_channels": 32.43600850407843, "learning_rate": 0.004692689769300476, "optimizer": 1.0866057136953737, "pooling_algorithm": 0.18882659503645993}, "datetime": {"datetime": "2023-11-18 20:42:36", "elapsed": 6383.583748, "delta": 7.310867}},
{"target": 0.9017857142857143, "params": {"activation_function": 0.6923275388313155, "amount_of_layers": 6.596655686384936, "batch_size": 91.29991139624275, "dropout_rate": 0.6708162880318366, "epochs": 88.15647242765156, "hidden_channels": 64.59252320153598, "learning_rate": 0.012082554339141297, "optimizer": 1.3610405195838156, "pooling_algorithm": 0.9953008619434939}, "datetime": {"datetime": "2023-11-18 20:42:44", "elapsed": 6391.397569, "delta": 7.813821}},
{"target": 0.0, "params": {"activation_function": 0.6095108019745854, "amount_of_layers": 1.3750261397149712, "batch_size": 66.71995627389336, "dropout_rate": 0.29625222810960095, "epochs": 181.86873360055162, "hidden_channels": 37.11740942581888, "learning_rate": 0.05060332734563536, "optimizer": 1.684613138819382, "pooling_algorithm": 0.09275296630683771}, "datetime": {"datetime": "2023-11-18 20:42:53", "elapsed": 6400.405468, "delta": 9.007899}},
{"target": 0.9142857142857144, "params": {"activation_function": 1.1294361345405515, "amount_of_layers": 2.6012227801969656, "batch_size": 139.45771418083828, "dropout_rate": 0.31915425164757827, "epochs": 187.00292109150382, "hidden_channels": 26.349490817245815, "learning_rate": 0.0028066515255213576, "optimizer": 0.5237657836052714, "pooling_algorithm": 0.8130626244206154}, "datetime": {"datetime": "2023-11-18 20:43:02", "elapsed": 6409.209391, "delta": 8.803923}},
{"target": 0.0, "params": {"activation_function": 1.7019453176543817, "amount_of_layers": 3.560220123903739, "batch_size": 127.64661474601223, "dropout_rate": 0.35804962325082096, "epochs": 159.64758689092486, "hidden_channels": 69.36557215123766, "learning_rate": 0.03786764893588227, "optimizer": 0.2189976175047943, "pooling_algorithm": 0.9867664168630549}, "datetime": {"datetime": "2023-11-18 20:43:10", "elapsed": 6417.565819, "delta": 8.356428}},
{"target": 0.9017857142857143, "params": {"activation_function": 0.5182443725872927, "amount_of_layers": 3.588897417104806, "batch_size": 142.63259963884047, "dropout_rate": 0.6803438720956354, "epochs": 50.2054137652489, "hidden_channels": 35.51259566724785, "learning_rate": 0.048904369261295794, "optimizer": 0.6650343941481642, "pooling_algorithm": 0.874640228185896}, "datetime": {"datetime": "2023-11-18 20:43:16", "elapsed": 6423.434092, "delta": 5.868273}},
{"target": 0.25892857142857145, "params": {"activation_function": 1.7429449342478092, "amount_of_layers": 3.702554313086501, "batch_size": 128.32482764826193, "dropout_rate": 0.26779320305071963, "epochs": 161.35048837181418, "hidden_channels": 69.0906048616255, "learning_rate": 0.06788863287423025, "optimizer": 1.5954207130351405, "pooling_algorithm": 0.4202093321568403}, "datetime": {"datetime": "2023-11-18 20:43:25", "elapsed": 6432.470418, "delta": 9.036326}},
{"target": 0.8285714285714285, "params": {"activation_function": 0.11163106124764899, "amount_of_layers": 5.1386641610604435, "batch_size": 137.0094672008965, "dropout_rate": 0.5550053883214936, "epochs": 132.53293522846312, "hidden_channels": 118.20689396647703, "learning_rate": 0.08203419766343666, "optimizer": 0.4315693298430201, "pooling_algorithm": 0.14193039984537692}, "datetime": {"datetime": "2023-11-18 20:43:35", "elapsed": 6441.958839, "delta": 9.488421}},
{"target": 0.8392857142857142, "params": {"activation_function": 0.7075479507837561, "amount_of_layers": 1.5106934624502752, "batch_size": 68.5826509943829, "dropout_rate": 0.5029519161667128, "epochs": 177.4688807127653, "hidden_channels": 42.73388973658884, "learning_rate": 0.017242960088770017, "optimizer": 1.801903897757155, "pooling_algorithm": 0.3397666522228294}, "datetime": {"datetime": "2023-11-18 20:43:44", "elapsed": 6451.509757, "delta": 9.550918}},
{"target": 0.7375, "params": {"activation_function": 0.8783025187261047, "amount_of_layers": 3.9193523094682376, "batch_size": 95.20619788709872, "dropout_rate": 0.6779563932912696, "epochs": 85.69616223213222, "hidden_channels": 69.87731461315407, "learning_rate": 0.05939535073680198, "optimizer": 1.555378877021934, "pooling_algorithm": 0.3358459844201196}, "datetime": {"datetime": "2023-11-18 20:43:50", "elapsed": 6457.663188, "delta": 6.153431}},
{"target": 0.9178571428571428, "params": {"activation_function": 0.6292255244151148, "amount_of_layers": 4.615549825281075, "batch_size": 92.90346253906343, "dropout_rate": 0.35307617343380254, "epochs": 88.2662936042303, "hidden_channels": 67.06888673461924, "learning_rate": 0.08689025481409736, "optimizer": 1.4104008840805535, "pooling_algorithm": 0.7641027311191879}, "datetime": {"datetime": "2023-11-18 20:44:00", "elapsed": 6466.969185, "delta": 9.305997}},
{"target": 0.7339285714285715, "params": {"activation_function": 0.8427584574674336, "amount_of_layers": 8.645204908695284, "batch_size": 21.063957932380475, "dropout_rate": 0.4701424338999823, "epochs": 190.8394760115225, "hidden_channels": 12.58552576130613, "learning_rate": 0.05070540892791678, "optimizer": 0.5308780395880215, "pooling_algorithm": 0.42716451311870174}, "datetime": {"datetime": "2023-11-18 20:44:20", "elapsed": 6487.754642, "delta": 20.785457}},
{"target": 0.8428571428571429, "params": {"activation_function": 1.6706608294223342, "amount_of_layers": 1.7898393521845586, "batch_size": 66.21634669253675, "dropout_rate": 0.6118722885135004, "epochs": 185.42628175102237, "hidden_channels": 29.978528008107514, "learning_rate": 0.004023792758089123, "optimizer": 0.5997430170502092, "pooling_algorithm": 0.5962581530546847}, "datetime": {"datetime": "2023-11-18 20:44:28", "elapsed": 6494.922945, "delta": 7.168303}},
{"target": 0.9125, "params": {"activation_function": 0.6928155101829399, "amount_of_layers": 7.575938991705895, "batch_size": 79.12107790732662, "dropout_rate": 0.43152613661868405, "epochs": 138.09905340811824, "hidden_channels": 59.03026783543942, "learning_rate": 0.0905136060454452, "optimizer": 0.6726748718373288, "pooling_algorithm": 0.5255413634394189}, "datetime": {"datetime": "2023-11-18 20:44:39", "elapsed": 6506.297362, "delta": 11.374417}},
{"target": 0.18214285714285716, "params": {"activation_function": 1.6499425519205628, "amount_of_layers": 8.379937404911264, "batch_size": 101.2398136106808, "dropout_rate": 0.591436298693357, "epochs": 88.32969708327305, "hidden_channels": 66.07582655619026, "learning_rate": 0.03270956852029678, "optimizer": 0.6949987987378328, "pooling_algorithm": 0.96666670911035}, "datetime": {"datetime": "2023-11-18 20:44:46", "elapsed": 6513.811235, "delta": 7.513873}},
{"target": 0.2571428571428571, "params": {"activation_function": 0.12296113417270815, "amount_of_layers": 3.6437644818381854, "batch_size": 129.27328195150437, "dropout_rate": 0.4677405742894926, "epochs": 165.0613840482754, "hidden_channels": 70.54929451872584, "learning_rate": 0.08109996927754354, "optimizer": 1.5616088416966565, "pooling_algorithm": 0.4151019698506313}, "datetime": {"datetime": "2023-11-18 20:44:55", "elapsed": 6522.70216, "delta": 8.890925}},
{"target": 0.8892857142857142, "params": {"activation_function": 1.5884348869909757, "amount_of_layers": 4.586573663081699, "batch_size": 94.28986172090949, "dropout_rate": 0.7182005382965095, "epochs": 87.040892844359, "hidden_channels": 68.96017133893588, "learning_rate": 0.03592766849027467, "optimizer": 0.7344518627146808, "pooling_algorithm": 0.550627405863454}, "datetime": {"datetime": "2023-11-18 20:45:02", "elapsed": 6529.215384, "delta": 6.513224}},
{"target": 0.9053571428571429, "params": {"activation_function": 0.8953523127020464, "amount_of_layers": 5.227201952870255, "batch_size": 92.51362167822683, "dropout_rate": 0.35195689385261497, "epochs": 84.40313068330136, "hidden_channels": 65.48726054547822, "learning_rate": 0.030668744107683596, "optimizer": 1.003992349567669, "pooling_algorithm": 0.5856371091208634}, "datetime": {"datetime": "2023-11-18 20:45:08", "elapsed": 6535.345965, "delta": 6.130581}},
{"target": 0.0, "params": {"activation_function": 0.6500294514256537, "amount_of_layers": 5.730301193651634, "batch_size": 65.37345067758793, "dropout_rate": 0.48207865988607657, "epochs": 189.34257976581827, "hidden_channels": 32.35717255431726, "learning_rate": 0.09261250834006736, "optimizer": 1.5398809829948348, "pooling_algorithm": 0.6698203974165913}, "datetime": {"datetime": "2023-11-18 20:45:18", "elapsed": 6545.10038, "delta": 9.754415}},
{"target": 0.9017857142857143, "params": {"activation_function": 0.7759943568582905, "amount_of_layers": 2.085118903109748, "batch_size": 40.817695737660095, "dropout_rate": 0.49181174922271287, "epochs": 80.58181884683971, "hidden_channels": 76.22569924729808, "learning_rate": 0.06949073491406539, "optimizer": 1.3662968003183615, "pooling_algorithm": 0.5754140187720649}, "datetime": {"datetime": "2023-11-18 20:45:27", "elapsed": 6554.177962, "delta": 9.077582}},
{"target": 0.9071428571428571, "params": {"activation_function": 1.5982002417363677, "amount_of_layers": 4.253945760489422, "batch_size": 37.70705422255577, "dropout_rate": 0.6407966744167987, "epochs": 165.3167890698315, "hidden_channels": 92.28258516630318, "learning_rate": 0.012545315813234783, "optimizer": 1.3464692597452423, "pooling_algorithm": 0.92451905973019}, "datetime": {"datetime": "2023-11-18 20:45:38", "elapsed": 6565.573122, "delta": 11.39516}},
{"target": 0.9089285714285714, "params": {"activation_function": 0.008944344816274707, "amount_of_layers": 3.2993590675885276, "batch_size": 130.021447493382, "dropout_rate": 0.45237029788353655, "epochs": 163.165796503646, "hidden_channels": 75.66146746681466, "learning_rate": 0.05571315266460196, "optimizer": 1.7173126636079008, "pooling_algorithm": 0.5334046212359876}, "datetime": {"datetime": "2023-11-18 20:45:51", "elapsed": 6578.287171, "delta": 12.714049}},
{"target": 0.7339285714285715, "params": {"activation_function": 1.195511276374757, "amount_of_layers": 5.450686119802644, "batch_size": 85.73928528031512, "dropout_rate": 0.7434068291366314, "epochs": 195.80396798883467, "hidden_channels": 64.6650252056761, "learning_rate": 0.020073780464458846, "optimizer": 1.4025701452572195, "pooling_algorithm": 0.0332746217913239}, "datetime": {"datetime": "2023-11-18 20:45:59", "elapsed": 6586.671529, "delta": 8.384358}},
{"target": 0.8982142857142857, "params": {"activation_function": 1.4817536755207696, "amount_of_layers": 2.0056796526653686, "batch_size": 123.20459798986914, "dropout_rate": 0.6611508885372117, "epochs": 64.49634939120514, "hidden_channels": 102.77483093103899, "learning_rate": 0.09667477017972478, "optimizer": 0.7507346327258773, "pooling_algorithm": 0.691879605744276}, "datetime": {"datetime": "2023-11-18 20:46:04", "elapsed": 6591.397494, "delta": 4.725965}},
{"target": 0.7357142857142857, "params": {"activation_function": 1.0859989345016736, "amount_of_layers": 6.5637978659391765, "batch_size": 95.80820733498079, "dropout_rate": 0.2967028835833882, "epochs": 87.97487355643501, "hidden_channels": 71.32422492374609, "learning_rate": 0.0019337834731464657, "optimizer": 0.09910338031854926, "pooling_algorithm": 0.1756935085354563}, "datetime": {"datetime": "2023-11-18 20:46:11", "elapsed": 6598.164286, "delta": 6.766792}},
{"target": 0.7339285714285715, "params": {"activation_function": 1.306213072215732, "amount_of_layers": 8.811453389503699, "batch_size": 57.74560248998463, "dropout_rate": 0.6657880765919815, "epochs": 111.5569800895331, "hidden_channels": 87.20784591555542, "learning_rate": 0.012359988898281382, "optimizer": 1.8719869968463696, "pooling_algorithm": 0.3624638112423789}, "datetime": {"datetime": "2023-11-18 20:46:20", "elapsed": 6606.842519, "delta": 8.678233}},
{"target": 0.9142857142857143, "params": {"activation_function": 0.9854376651420043, "amount_of_layers": 6.068180578686804, "batch_size": 124.74523366078374, "dropout_rate": 0.4857086528279517, "epochs": 131.14413268121473, "hidden_channels": 34.14117090468817, "learning_rate": 0.05329856628347523, "optimizer": 1.602923283929838, "pooling_algorithm": 0.6230626127116642}, "datetime": {"datetime": "2023-11-18 20:46:25", "elapsed": 6612.549818, "delta": 5.707299}},
{"target": 0.8714285714285714, "params": {"activation_function": 1.5719210770421599, "amount_of_layers": 7.349056339197579, "batch_size": 109.49748308126361, "dropout_rate": 0.6746451635320551, "epochs": 10.668592477667872, "hidden_channels": 96.30125923316844, "learning_rate": 0.0077958315380338, "optimizer": 1.14356340759379, "pooling_algorithm": 0.7608133572898754}, "datetime": {"datetime": "2023-11-18 20:46:28", "elapsed": 6615.179552, "delta": 2.629734}},
{"target": 0.5, "params": {"activation_function": 1.0630554292478838, "amount_of_layers": 5.311835441668392, "batch_size": 45.76114834967406, "dropout_rate": 0.5622185759495055, "epochs": 186.78818799354775, "hidden_channels": 112.40597571510537, "learning_rate": 0.08318651367567292, "optimizer": 0.9743088096648431, "pooling_algorithm": 0.42935235311874764}, "datetime": {"datetime": "2023-11-18 20:46:49", "elapsed": 6635.93577, "delta": 20.756218}},
{"target": 0.2660714285714285, "params": {"activation_function": 0.527614636459447, "amount_of_layers": 4.278179242569117, "batch_size": 122.72682354521349, "dropout_rate": 0.5803443633832182, "epochs": 148.83522996904736, "hidden_channels": 123.29900056308833, "learning_rate": 0.06239091291103269, "optimizer": 1.8641900916433296, "pooling_algorithm": 0.042835520850829756}, "datetime": {"datetime": "2023-11-18 20:47:02", "elapsed": 6648.897316, "delta": 12.961546}},
{"target": 0.26964285714285713, "params": {"activation_function": 0.9255208703057931, "amount_of_layers": 6.2516367225452685, "batch_size": 125.48848906279422, "dropout_rate": 0.6230465261679208, "epochs": 131.57098738173434, "hidden_channels": 33.637626491927236, "learning_rate": 0.06550447312305444, "optimizer": 1.8939150676083105, "pooling_algorithm": 0.002192394852507773}, "datetime": {"datetime": "2023-11-18 20:47:07", "elapsed": 6654.737978, "delta": 5.840662}},
{"target": 0.7321428571428572, "params": {"activation_function": 1.8431770767443694, "amount_of_layers": 2.3824244525177942, "batch_size": 84.49079832675874, "dropout_rate": 0.6263072994444667, "epochs": 69.05953264913222, "hidden_channels": 47.006649515111405, "learning_rate": 0.07763220327351449, "optimizer": 1.6996369475258324, "pooling_algorithm": 0.23497323525920621}, "datetime": {"datetime": "2023-11-18 20:47:11", "elapsed": 6658.134254, "delta": 3.396276}},
{"target": 0.8, "params": {"activation_function": 1.709842264800773, "amount_of_layers": 4.2476121336770145, "batch_size": 69.48068583975692, "dropout_rate": 0.590273759930027, "epochs": 80.14844712994369, "hidden_channels": 59.57321215171444, "learning_rate": 0.005244468840821513, "optimizer": 1.3591935153591106, "pooling_algorithm": 0.07406823406184815}, "datetime": {"datetime": "2023-11-18 20:47:16", "elapsed": 6663.065515, "delta": 4.931261}},
{"target": 0.9035714285714286, "params": {"activation_function": 0.13845041040530393, "amount_of_layers": 4.63161145950974, "batch_size": 94.05578601463331, "dropout_rate": 0.4385462893873443, "epochs": 92.05557766447745, "hidden_channels": 67.36883669737043, "learning_rate": 0.01312440695945347, "optimizer": 1.7194161633178235, "pooling_algorithm": 0.5797650893520189}, "datetime": {"datetime": "2023-11-18 20:47:21", "elapsed": 6668.229541, "delta": 5.164026}},
{"target": 0.869642857142857, "params": {"activation_function": 1.4241176874178412, "amount_of_layers": 1.1827741022661602, "batch_size": 21.51440434717998, "dropout_rate": 0.579050909684798, "epochs": 33.3134012792642, "hidden_channels": 13.660849779363591, "learning_rate": 0.024375262119402847, "optimizer": 0.7694299216934437, "pooling_algorithm": 0.7263345711161648}, "datetime": {"datetime": "2023-11-18 20:47:24", "elapsed": 6671.360242, "delta": 3.130701}},
{"target": 0.8839285714285714, "params": {"activation_function": 0.8451803624720851, "amount_of_layers": 1.3074848325904842, "batch_size": 122.62955605092061, "dropout_rate": 0.371957378747464, "epochs": 156.00575962291106, "hidden_channels": 59.76257106781242, "learning_rate": 0.03289461541017928, "optimizer": 0.4713791845016915, "pooling_algorithm": 0.7569838845329033}, "datetime": {"datetime": "2023-11-18 20:47:31", "elapsed": 6678.588274, "delta": 7.228032}},
{"target": 0.5214285714285715, "params": {"activation_function": 0.5463342620798091, "amount_of_layers": 1.602680407866055, "batch_size": 62.79423180336849, "dropout_rate": 0.6191818383860799, "epochs": 15.104300404090317, "hidden_channels": 96.71753999530611, "learning_rate": 0.08903482458296597, "optimizer": 0.24850741214209893, "pooling_algorithm": 0.13250039906767008}, "datetime": {"datetime": "2023-11-18 20:47:34", "elapsed": 6681.044537, "delta": 2.456263}},
{"target": 0.7357142857142858, "params": {"activation_function": 1.8253585541120618, "amount_of_layers": 7.346533104330545, "batch_size": 98.69284604054549, "dropout_rate": 0.2501938860244204, "epochs": 91.97088649732036, "hidden_channels": 63.13552066648187, "learning_rate": 0.04200860828702027, "optimizer": 1.5622496603407816, "pooling_algorithm": 0.47373189888586176}, "datetime": {"datetime": "2023-11-18 20:47:41", "elapsed": 6688.17554, "delta": 7.131003}},
{"target": 0.9071428571428571, "params": {"activation_function": 0.8507023646261225, "amount_of_layers": 7.9787663688467, "batch_size": 17.05182972450555, "dropout_rate": 0.4628571861737338, "epochs": 187.90205873824817, "hidden_channels": 14.34730371060834, "learning_rate": 0.006267613560900615, "optimizer": 0.5357081252925375, "pooling_algorithm": 0.8836981846609947}, "datetime": {"datetime": "2023-11-18 20:48:02", "elapsed": 6709.068341, "delta": 20.892801}},
{"target": 0.7607142857142857, "params": {"activation_function": 1.1149533922217638, "amount_of_layers": 5.08674003288724, "batch_size": 91.30046889032117, "dropout_rate": 0.29583347121231673, "epochs": 88.30328188295483, "hidden_channels": 65.90038560561798, "learning_rate": 0.0077154002835148365, "optimizer": 1.3437465448328303, "pooling_algorithm": 0.24218921094762746}, "datetime": {"datetime": "2023-11-18 20:48:07", "elapsed": 6714.281204, "delta": 5.212863}},
{"target": 0.9142857142857143, "params": {"activation_function": 0.6852439753369415, "amount_of_layers": 5.594284392402709, "batch_size": 75.95623565868667, "dropout_rate": 0.314052422803321, "epochs": 94.46956137946377, "hidden_channels": 52.07669402420061, "learning_rate": 0.008915602745293915, "optimizer": 1.8826399666226006, "pooling_algorithm": 0.6970425465434917}, "datetime": {"datetime": "2023-11-18 20:48:12", "elapsed": 6718.935541, "delta": 4.654337}},
{"target": 0.0, "params": {"activation_function": 1.3885254571607781, "amount_of_layers": 1.8119599971199394, "batch_size": 148.22945468602234, "dropout_rate": 0.7094563088790905, "epochs": 66.01179560663587, "hidden_channels": 79.74348550367657, "learning_rate": 0.04067841456908191, "optimizer": 1.825223749945684, "pooling_algorithm": 0.37307970923492606}, "datetime": {"datetime": "2023-11-18 20:48:15", "elapsed": 6722.778676, "delta": 3.843135}},
{"target": 0.9142857142857143, "params": {"activation_function": 1.1801475751494508, "amount_of_layers": 3.2491418438895154, "batch_size": 142.31200959615308, "dropout_rate": 0.38266276623195744, "epochs": 50.178014867660906, "hidden_channels": 34.62828673334912, "learning_rate": 0.01022155257219175, "optimizer": 1.5551118250277418, "pooling_algorithm": 0.5773242036679613}, "datetime": {"datetime": "2023-11-18 20:48:20", "elapsed": 6727.165355, "delta": 4.386679}},
{"target": 0.9089285714285714, "params": {"activation_function": 0.0, "amount_of_layers": 7.927508509530328, "batch_size": 118.52535930348365, "dropout_rate": 0.4706804185261959, "epochs": 159.45021963726566, "hidden_channels": 61.51043267578134, "learning_rate": 0.05627482834075903, "optimizer": 0.9588201055289844, "pooling_algorithm": 0.6631048342827862}, "datetime": {"datetime": "2023-11-18 20:48:33", "elapsed": 6740.643978, "delta": 13.478623}},
{"target": 0.2642857142857143, "params": {"activation_function": 0.9757461937934888, "amount_of_layers": 6.359221018333295, "batch_size": 89.73484515278199, "dropout_rate": 0.5116989258183056, "epochs": 86.88002182443356, "hidden_channels": 64.01574733495244, "learning_rate": 0.009155483280526892, "optimizer": 1.8643328649064774, "pooling_algorithm": 0.20892784735781278}, "datetime": {"datetime": "2023-11-18 20:48:42", "elapsed": 6749.209574, "delta": 8.565596}},
{"target": 0.23214285714285715, "params": {"activation_function": 0.2731670669877273, "amount_of_layers": 3.0961332153535146, "batch_size": 68.35486356138773, "dropout_rate": 0.4788066881026723, "epochs": 188.06085542577446, "hidden_channels": 36.261234544559436, "learning_rate": 0.07583738597670248, "optimizer": 0.5487790807607056, "pooling_algorithm": 0.1643391906079722}, "datetime": {"datetime": "2023-11-18 20:48:53", "elapsed": 6759.939951, "delta": 10.730377}},
