{"target": 0.8125, "params": {"activation_function": 0.49189369487431434, "amount_of_layers": 1.3185739234416034, "batch_size": 49.673154880456, "dropout_rate": 0.4346996960436545, "epochs": 44.65205418198139, "hidden_channels": 113.73022492930575, "learning_rate": 0.06916663882386027, "optimizer": 0.4277615584180635, "pooling_algorithm": 0.48794316149748873}, "datetime": {"datetime": "2023-11-18 22:35:30", "elapsed": 13157.692428, "delta": 33.485713}},
{"target": 0.9053571428571429, "params": {"activation_function": 0.06531955114238341, "amount_of_layers": 7.465198955665728, "batch_size": 67.22821764620672, "dropout_rate": 0.3831448504068125, "epochs": 111.1052431705196, "hidden_channels": 127.9733872604307, "learning_rate": 0.01907271811996912, "optimizer": 1.4948885662719045, "pooling_algorithm": 0.9055172720779101}, "datetime": {"datetime": "2023-11-18 22:35:45", "elapsed": 13172.031947, "delta": 14.339519}},
{"target": 0.26249999999999996, "params": {"activation_function": 1.4884988025401777, "amount_of_layers": 7.891126770684894, "batch_size": 38.41717096645468, "dropout_rate": 0.7045136782940602, "epochs": 127.26077208272643, "hidden_channels": 89.66642838126948, "learning_rate": 0.04319057794552628, "optimizer": 1.9157127317537703, "pooling_algorithm": 0.02222590560915927}, "datetime": {"datetime": "2023-11-18 22:36:10", "elapsed": 13197.401184, "delta": 25.369237}},
{"target": 0.26785714285714285, "params": {"activation_function": 0.7670953531489759, "amount_of_layers": 8.726767597621023, "batch_size": 98.22058381231263, "dropout_rate": 0.4340881525010831, "epochs": 51.35064501870988, "hidden_channels": 13.90187576753689, "learning_rate": 0.07079222389134948, "optimizer": 0.5007270079019699, "pooling_algorithm": 0.4319574732786181}, "datetime": {"datetime": "2023-11-18 22:36:17", "elapsed": 13204.161909, "delta": 6.760725}},
{"target": 0.9142857142857143, "params": {"activation_function": 0.09186172541301696, "amount_of_layers": 7.487450278880512, "batch_size": 85.99377544808003, "dropout_rate": 0.6176062486950986, "epochs": 113.55694673567895, "hidden_channels": 72.38528093332604, "learning_rate": 0.03571384405456504, "optimizer": 0.08926197159135141, "pooling_algorithm": 0.89782899338281}, "datetime": {"datetime": "2023-11-18 22:36:40", "elapsed": 13227.490118, "delta": 23.328209}},
{"target": 0.7392857142857142, "params": {"activation_function": 0.9331435759288582, "amount_of_layers": 8.067714779452912, "batch_size": 138.49583933454392, "dropout_rate": 0.45275134523651966, "epochs": 146.23745240862576, "hidden_channels": 115.80238898466129, "learning_rate": 0.04472596383766943, "optimizer": 0.41757773268606857, "pooling_algorithm": 0.13843987253169465}, "datetime": {"datetime": "2023-11-18 22:36:54", "elapsed": 13241.827088, "delta": 14.33697}},
{"target": 0.9089285714285714, "params": {"activation_function": 0.088633332036401, "amount_of_layers": 1.5721849418419254, "batch_size": 134.92274477458426, "dropout_rate": 0.3276032155104633, "epochs": 87.60574279280738, "hidden_channels": 92.18973424566552, "learning_rate": 0.06037959804356523, "optimizer": 0.9547425497295832, "pooling_algorithm": 0.8550452410285512}, "datetime": {"datetime": "2023-11-18 22:37:01", "elapsed": 13247.86792, "delta": 6.040832}},
{"target": 0.7375, "params": {"activation_function": 0.7291941446434831, "amount_of_layers": 3.3359303291757705, "batch_size": 147.09338550214312, "dropout_rate": 0.254339864674553, "epochs": 112.7427769192828, "hidden_channels": 90.17302088954203, "learning_rate": 0.0800230266523203, "optimizer": 1.5881258220055186, "pooling_algorithm": 0.3990164670469978}, "datetime": {"datetime": "2023-11-18 22:37:10", "elapsed": 13257.257244, "delta": 9.389324}},
{"target": 0.9089285714285714, "params": {"activation_function": 0.153134358415282, "amount_of_layers": 7.657406601742014, "batch_size": 125.08669685477903, "dropout_rate": 0.6767088632489698, "epochs": 197.68443003397843, "hidden_channels": 85.30046698185225, "learning_rate": 0.009166026107215893, "optimizer": 1.2908808805989422, "pooling_algorithm": 0.7092159792388095}, "datetime": {"datetime": "2023-11-18 22:37:25", "elapsed": 13272.768053, "delta": 15.510809}},
{"target": 0.9089285714285714, "params": {"activation_function": 0.3405452194798224, "amount_of_layers": 6.2457171076064615, "batch_size": 61.481369962277505, "dropout_rate": 0.3236808138147176, "epochs": 52.563560415236715, "hidden_channels": 27.68181691986109, "learning_rate": 0.03531403546483087, "optimizer": 1.0921881468874086, "pooling_algorithm": 0.902691603869321}, "datetime": {"datetime": "2023-11-18 22:37:32", "elapsed": 13279.534014, "delta": 6.765961}},
{"target": 0.8142857142857143, "params": {"activation_function": 1.8551280198391737, "amount_of_layers": 4.629378244313422, "batch_size": 79.47615081169873, "dropout_rate": 0.2523858757545963, "epochs": 170.22960682246315, "hidden_channels": 33.6420455248514, "learning_rate": 0.07327144629503314, "optimizer": 0.14453461292504288, "pooling_algorithm": 0.2705352449253873}, "datetime": {"datetime": "2023-11-18 22:37:41", "elapsed": 13288.315986, "delta": 8.781972}},
{"target": 0.5, "params": {"activation_function": 0.39948196286845605, "amount_of_layers": 2.649473620833244, "batch_size": 143.1444170749504, "dropout_rate": 0.6584204942749365, "epochs": 49.862881756995776, "hidden_channels": 35.7130498824539, "learning_rate": 0.079899609094114, "optimizer": 1.0014424353650444, "pooling_algorithm": 0.3805656535333065}, "datetime": {"datetime": "2023-11-18 22:38:05", "elapsed": 13312.716961, "delta": 24.400975}},
{"target": 0.0, "params": {"activation_function": 0.3668279511339039, "amount_of_layers": 4.626464637290367, "batch_size": 82.24405475445829, "dropout_rate": 0.28643199087464105, "epochs": 94.32999336939268, "hidden_channels": 124.46502015041307, "learning_rate": 0.08413612261162007, "optimizer": 1.841421315450815, "pooling_algorithm": 0.6571631844224379}, "datetime": {"datetime": "2023-11-18 22:38:15", "elapsed": 13322.627648, "delta": 9.910687}},
{"target": 0.7410714285714286, "params": {"activation_function": 1.4420182097492755, "amount_of_layers": 8.65565238489195, "batch_size": 60.95963080567343, "dropout_rate": 0.5325957600210867, "epochs": 51.65621019911214, "hidden_channels": 83.34675690336645, "learning_rate": 0.041810008157785135, "optimizer": 0.014224796562283926, "pooling_algorithm": 0.31539137631620806}, "datetime": {"datetime": "2023-11-18 22:38:23", "elapsed": 13330.603053, "delta": 7.975405}},
{"target": 0.9142857142857143, "params": {"activation_function": 0.9968257024508693, "amount_of_layers": 8.600160129745282, "batch_size": 17.594353676656603, "dropout_rate": 0.5897564915402811, "epochs": 184.70560787290586, "hidden_channels": 65.10677533381951, "learning_rate": 0.07592675461335217, "optimizer": 1.46310829306066, "pooling_algorithm": 0.9645783873328952}, "datetime": {"datetime": "2023-11-18 22:38:47", "elapsed": 13354.734864, "delta": 24.131811}},
{"target": 0.9178571428571428, "params": {"activation_function": 0.7353520426427893, "amount_of_layers": 3.3779867788357825, "batch_size": 93.8017516775477, "dropout_rate": 0.5882983829758679, "epochs": 90.72024687270735, "hidden_channels": 68.40790085699571, "learning_rate": 0.04236173175859534, "optimizer": 0.9811677632970797, "pooling_algorithm": 0.9864616055051092}, "datetime": {"datetime": "2023-11-18 22:39:10", "elapsed": 13377.690594, "delta": 22.95573}},
{"target": 0.8285714285714286, "params": {"activation_function": 1.8971327235084792, "amount_of_layers": 3.6453440085990128, "batch_size": 74.83785822756553, "dropout_rate": 0.36388253256180264, "epochs": 70.53842090616523, "hidden_channels": 8.441696844871608, "learning_rate": 0.030939566344454692, "optimizer": 1.5119934702599864, "pooling_algorithm": 0.271672581916665}, "datetime": {"datetime": "2023-11-18 22:39:17", "elapsed": 13383.936302, "delta": 6.245708}},
{"target": 0.7374999999999999, "params": {"activation_function": 0.5270997329277836, "amount_of_layers": 5.993166997939549, "batch_size": 44.1881807081228, "dropout_rate": 0.6452878203153182, "epochs": 98.05609082005395, "hidden_channels": 87.11204283036261, "learning_rate": 0.09630747146951311, "optimizer": 1.7743012055626595, "pooling_algorithm": 0.08054704615847896}, "datetime": {"datetime": "2023-11-18 22:39:29", "elapsed": 13396.19269, "delta": 12.256388}},
{"target": 0.7375, "params": {"activation_function": 1.7682582039275676, "amount_of_layers": 2.9982729252933, "batch_size": 128.15788074860967, "dropout_rate": 0.39578358181272, "epochs": 142.02099450839253, "hidden_channels": 114.45058982763695, "learning_rate": 0.0675863080219166, "optimizer": 0.6396703997122408, "pooling_algorithm": 0.006644707080854517}, "datetime": {"datetime": "2023-11-18 22:39:43", "elapsed": 13410.579408, "delta": 14.386718}},
{"target": 0.7107142857142856, "params": {"activation_function": 0.2565073547468695, "amount_of_layers": 7.459940155589305, "batch_size": 149.85635732111015, "dropout_rate": 0.6366134783671722, "epochs": 103.1048710571861, "hidden_channels": 108.75302812854406, "learning_rate": 0.014434177916924848, "optimizer": 0.639898674730226, "pooling_algorithm": 0.4738679554962967}, "datetime": {"datetime": "2023-11-18 22:39:54", "elapsed": 13421.240057, "delta": 10.660649}},
{"target": 0.7714285714285714, "params": {"activation_function": 1.8939415231175691, "amount_of_layers": 3.8402413684058603, "batch_size": 122.29554937204325, "dropout_rate": 0.2974465440290905, "epochs": 18.531622941417197, "hidden_channels": 110.4810691757689, "learning_rate": 0.04970535238737, "optimizer": 0.18630925984974378, "pooling_algorithm": 0.16117917346584876}, "datetime": {"datetime": "2023-11-18 22:40:00", "elapsed": 13427.494578, "delta": 6.254521}},
{"target": 0.2625, "params": {"activation_function": 0.7039069494059371, "amount_of_layers": 3.2450550586531106, "batch_size": 120.39410285868307, "dropout_rate": 0.3473642664116241, "epochs": 138.2321700498794, "hidden_channels": 53.89714928119144, "learning_rate": 0.05919271684947736, "optimizer": 1.694626545625045, "pooling_algorithm": 0.4970407268471525}, "datetime": {"datetime": "2023-11-18 22:40:08", "elapsed": 13435.815926, "delta": 8.321348}},
{"target": 0.9017857142857144, "params": {"activation_function": 0.5909839271908969, "amount_of_layers": 4.270404743233636, "batch_size": 27.59690900218522, "dropout_rate": 0.5802130872661495, "epochs": 142.47460773025122, "hidden_channels": 109.19238121952958, "learning_rate": 0.04566070607142009, "optimizer": 1.201016596475005, "pooling_algorithm": 0.7352198400420964}, "datetime": {"datetime": "2023-11-18 22:40:40", "elapsed": 13467.057222, "delta": 31.241296}},
{"target": 0.29642857142857143, "params": {"activation_function": 1.1618881329748247, "amount_of_layers": 2.485564667806843, "batch_size": 17.308885982219337, "dropout_rate": 0.304663534962106, "epochs": 21.89050690447094, "hidden_channels": 19.81729363221585, "learning_rate": 0.09807573117158859, "optimizer": 1.9814815209540357, "pooling_algorithm": 0.25769846161315424}, "datetime": {"datetime": "2023-11-18 22:40:46", "elapsed": 13473.36918, "delta": 6.311958}},
{"target": 0.0, "params": {"activation_function": 1.9225661352974168, "amount_of_layers": 3.1968349035586083, "batch_size": 111.34020431124958, "dropout_rate": 0.6908993319584188, "epochs": 47.5684822713215, "hidden_channels": 115.28014118460115, "learning_rate": 0.038815296880609675, "optimizer": 0.2326888312645652, "pooling_algorithm": 0.7835124626171219}, "datetime": {"datetime": "2023-11-18 22:40:53", "elapsed": 13480.54172, "delta": 7.17254}},
{"target": 0.09285714285714285, "params": {"activation_function": 1.1799375552478943, "amount_of_layers": 4.609536880728459, "batch_size": 94.68724558200255, "dropout_rate": 0.49767481793689156, "epochs": 87.10367772833644, "hidden_channels": 69.46378545087472, "learning_rate": 0.0024032234032770054, "optimizer": 0.8846574816316344, "pooling_algorithm": 0.9960997416277595}, "datetime": {"datetime": "2023-11-18 22:41:17", "elapsed": 13504.276346, "delta": 23.734626}},
{"target": 0.8571428571428572, "params": {"activation_function": 1.6332313583865363, "amount_of_layers": 5.992028640169865, "batch_size": 114.92221179201634, "dropout_rate": 0.7323174050567458, "epochs": 37.857969733122424, "hidden_channels": 57.05062506698631, "learning_rate": 0.009294652530749046, "optimizer": 0.9781873863226556, "pooling_algorithm": 0.9023350237124491}, "datetime": {"datetime": "2023-11-18 22:41:23", "elapsed": 13510.725322, "delta": 6.448976}},
{"target": 0.7678571428571429, "params": {"activation_function": 1.9143533481391255, "amount_of_layers": 1.019556714365967, "batch_size": 80.63166762418422, "dropout_rate": 0.461815462007619, "epochs": 19.622682548638295, "hidden_channels": 76.54197106260058, "learning_rate": 0.027598115850115994, "optimizer": 1.5319469347775347, "pooling_algorithm": 0.41839954506808985}, "datetime": {"datetime": "2023-11-18 22:41:33", "elapsed": 13520.551653, "delta": 9.826331}},
{"target": 0.7392857142857143, "params": {"activation_function": 1.356926550875885, "amount_of_layers": 5.783149999309876, "batch_size": 95.7193944956979, "dropout_rate": 0.631176031896039, "epochs": 118.13986111332078, "hidden_channels": 16.52574326674854, "learning_rate": 0.0017066164513293877, "optimizer": 1.1534332114262007, "pooling_algorithm": 0.020019130519891237}, "datetime": {"datetime": "2023-11-18 22:41:42", "elapsed": 13529.147078, "delta": 8.595425}},
{"target": 0.6642857142857143, "params": {"activation_function": 0.7535239437619767, "amount_of_layers": 2.066511955350582, "batch_size": 79.19638520954501, "dropout_rate": 0.5301747938377219, "epochs": 35.02587432276804, "hidden_channels": 113.61729555998737, "learning_rate": 0.02736057815620579, "optimizer": 0.034623425095140936, "pooling_algorithm": 0.764801188670402}, "datetime": {"datetime": "2023-11-18 22:41:48", "elapsed": 13535.528884, "delta": 6.381806}},
{"target": 0.9178571428571428, "params": {"activation_function": 0.6904588778571783, "amount_of_layers": 3.527920830112355, "batch_size": 34.20346746096703, "dropout_rate": 0.4720041805050708, "epochs": 26.791697997096026, "hidden_channels": 97.49421606013662, "learning_rate": 0.049718050383414404, "optimizer": 0.22559039821919225, "pooling_algorithm": 0.7969513332391461}, "datetime": {"datetime": "2023-11-18 22:41:54", "elapsed": 13541.766242, "delta": 6.237358}},
{"target": 0.0, "params": {"activation_function": 1.659954683052515, "amount_of_layers": 7.863451223375313, "batch_size": 22.953996178349115, "dropout_rate": 0.42813348408134466, "epochs": 60.15007489667033, "hidden_channels": 61.31404706466471, "learning_rate": 0.09924292794683263, "optimizer": 0.08119655768508638, "pooling_algorithm": 0.7227856455942341}, "datetime": {"datetime": "2023-11-18 22:42:06", "elapsed": 13553.793235, "delta": 12.026993}},
{"target": 0.7321428571428571, "params": {"activation_function": 0.543377261610194, "amount_of_layers": 6.859130810759301, "batch_size": 120.11441385447215, "dropout_rate": 0.4252032549306638, "epochs": 135.2555711179448, "hidden_channels": 37.6267076291339, "learning_rate": 0.015361682929901602, "optimizer": 0.3074678546587539, "pooling_algorithm": 0.48165965980420455}, "datetime": {"datetime": "2023-11-18 22:42:16", "elapsed": 13563.664314, "delta": 9.871079}},
{"target": 0.9017857142857143, "params": {"activation_function": 0.7708310379254875, "amount_of_layers": 7.912986172367275, "batch_size": 45.29932971126513, "dropout_rate": 0.3298615007101897, "epochs": 40.8929767757851, "hidden_channels": 127.481806998805, "learning_rate": 0.007423267003365083, "optimizer": 0.9705796044687596, "pooling_algorithm": 0.6977124317842801}, "datetime": {"datetime": "2023-11-18 22:42:26", "elapsed": 13572.852913, "delta": 9.188599}},
{"target": 0.7321428571428572, "params": {"activation_function": 0.5252529645630195, "amount_of_layers": 6.294389214536933, "batch_size": 132.39210756151112, "dropout_rate": 0.32921290320136065, "epochs": 162.02151031578984, "hidden_channels": 74.69489876147321, "learning_rate": 0.05440851010216067, "optimizer": 0.6958657202135687, "pooling_algorithm": 0.17342468811279743}, "datetime": {"datetime": "2023-11-18 22:42:50", "elapsed": 13596.965254, "delta": 24.112341}},
{"target": 0.9142857142857143, "params": {"activation_function": 1.372366447979845, "amount_of_layers": 3.198094685264884, "batch_size": 145.56047719185264, "dropout_rate": 0.6697656253300063, "epochs": 93.89865285050571, "hidden_channels": 11.100513203228687, "learning_rate": 0.01856912040974807, "optimizer": 0.9356695448189467, "pooling_algorithm": 0.5581922903548882}, "datetime": {"datetime": "2023-11-18 22:42:57", "elapsed": 13604.650595, "delta": 7.685341}},
{"target": 0.9125, "params": {"activation_function": 1.4579431066791206, "amount_of_layers": 8.078802898009158, "batch_size": 72.97980722167094, "dropout_rate": 0.7201267427149516, "epochs": 78.91367661058234, "hidden_channels": 44.555569788028365, "learning_rate": 0.07190051404567875, "optimizer": 0.9351777155816439, "pooling_algorithm": 0.8463525790641936}, "datetime": {"datetime": "2023-11-18 22:43:06", "elapsed": 13613.055235, "delta": 8.40464}},
{"target": 0.7303571428571429, "params": {"activation_function": 1.461270161660696, "amount_of_layers": 8.01286847175372, "batch_size": 67.12831701101277, "dropout_rate": 0.6162806581613032, "epochs": 188.27604761940836, "hidden_channels": 31.106586472839144, "learning_rate": 0.05943737029159772, "optimizer": 1.379386972375802, "pooling_algorithm": 0.17229133267747598}, "datetime": {"datetime": "2023-11-18 22:43:33", "elapsed": 13640.0135, "delta": 26.958265}},
{"target": 0.5, "params": {"activation_function": 1.1909913697911088, "amount_of_layers": 8.01677325568711, "batch_size": 71.95516922948184, "dropout_rate": 0.2504084893576049, "epochs": 151.76137684753337, "hidden_channels": 96.28564758058997, "learning_rate": 0.08271881608286193, "optimizer": 1.429572391433949, "pooling_algorithm": 0.1479708464956493}, "datetime": {"datetime": "2023-11-18 22:43:50", "elapsed": 13657.522458, "delta": 17.508958}},
{"target": 0.9, "params": {"activation_function": 1.2658138036687303, "amount_of_layers": 2.76535808456273, "batch_size": 71.34387275322257, "dropout_rate": 0.47189262646249114, "epochs": 167.80781526353425, "hidden_channels": 46.33704905193389, "learning_rate": 0.04959599437159396, "optimizer": 0.6994562441330443, "pooling_algorithm": 0.8965523611062669}, "datetime": {"datetime": "2023-11-18 22:44:13", "elapsed": 13680.217824, "delta": 22.695366}},
{"target": 0.26785714285714285, "params": {"activation_function": 1.660697375903041, "amount_of_layers": 2.4235061444863994, "batch_size": 79.64045569641019, "dropout_rate": 0.5873401552816324, "epochs": 129.96366949072456, "hidden_channels": 74.47336555911355, "learning_rate": 0.09646811479767142, "optimizer": 1.5499382929085788, "pooling_algorithm": 0.25883519306989033}, "datetime": {"datetime": "2023-11-18 22:44:21", "elapsed": 13688.405673, "delta": 8.187849}},
{"target": 0.8964285714285715, "params": {"activation_function": 1.594525811619844, "amount_of_layers": 8.275630893638299, "batch_size": 67.51720998039286, "dropout_rate": 0.4420970021346754, "epochs": 184.60770411716544, "hidden_channels": 38.044394991341896, "learning_rate": 0.010362851348257755, "optimizer": 1.1975851174165806, "pooling_algorithm": 0.6828195838435461}, "datetime": {"datetime": "2023-11-18 22:44:47", "elapsed": 13714.695957, "delta": 26.290284}},
{"target": 0.2839285714285714, "params": {"activation_function": 1.9476673793475934, "amount_of_layers": 8.794658740042902, "batch_size": 115.47931726409166, "dropout_rate": 0.3495891061196337, "epochs": 147.53033207311108, "hidden_channels": 95.70325556953273, "learning_rate": 0.03952677955898248, "optimizer": 0.9981990813301092, "pooling_algorithm": 0.4999746807528609}, "datetime": {"datetime": "2023-11-18 22:45:02", "elapsed": 13728.976567, "delta": 14.28061}},
{"target": 0.9035714285714287, "params": {"activation_function": 1.2311440450471152, "amount_of_layers": 7.905935859767101, "batch_size": 79.36823849602632, "dropout_rate": 0.37098199479001914, "epochs": 185.64922813869774, "hidden_channels": 109.87055360035153, "learning_rate": 0.04555906046523182, "optimizer": 0.5202389332699289, "pooling_algorithm": 0.6020814297412891}, "datetime": {"datetime": "2023-11-18 22:45:19", "elapsed": 13745.91123, "delta": 16.934663}},
{"target": 0.9125000000000001, "params": {"activation_function": 0.5811102862089694, "amount_of_layers": 6.693627095938248, "batch_size": 60.43788826898218, "dropout_rate": 0.4846501343843625, "epochs": 183.1414340095293, "hidden_channels": 101.89800972486418, "learning_rate": 0.08694008246204205, "optimizer": 0.7608615939410652, "pooling_algorithm": 0.6374594596415771}, "datetime": {"datetime": "2023-11-18 22:46:15", "elapsed": 13802.397223, "delta": 56.485993}},
{"target": 0.9, "params": {"activation_function": 0.5618647374066332, "amount_of_layers": 7.330355019258656, "batch_size": 94.24820604976013, "dropout_rate": 0.45394980803838575, "epochs": 88.53572243998704, "hidden_channels": 72.52627307801392, "learning_rate": 0.09677196493228979, "optimizer": 0.7603016954899879, "pooling_algorithm": 0.5247200938522828}, "datetime": {"datetime": "2023-11-18 22:46:44", "elapsed": 13830.928117, "delta": 28.530894}},
{"target": 0.8964285714285714, "params": {"activation_function": 1.435763525279654, "amount_of_layers": 2.0049799475310373, "batch_size": 66.74497537788753, "dropout_rate": 0.6711795460079082, "epochs": 170.15412392704005, "hidden_channels": 26.475678138180285, "learning_rate": 0.0675744721676941, "optimizer": 1.8583437544380634, "pooling_algorithm": 0.5012995873557717}, "datetime": {"datetime": "2023-11-18 22:46:53", "elapsed": 13840.496279, "delta": 9.568162}},
