{"target": 0.4, "params": {"activation_function": 0.39974073312253466, "amount_of_layers": 4.080064048706516, "batch_size": 93.26369003825548, "dropout_rate": 0.7260325286267195, "epochs": 89.69676112195769, "hidden_channels": 66.53032037174307, "learning_rate": 0.07808039447156877, "optimizer": 0.7766421332068187, "pooling_algorithm": 0.16352044568514434}, "datetime": {"datetime": "2023-11-18 22:07:45", "elapsed": 11492.470089, "delta": 16.305455}},
{"target": 0.9071428571428573, "params": {"activation_function": 0.8649325328948585, "amount_of_layers": 6.42216505329527, "batch_size": 17.213719837072787, "dropout_rate": 0.5945828201588018, "epochs": 195.90554471593484, "hidden_channels": 15.469651447402654, "learning_rate": 0.06634322662578035, "optimizer": 0.49509291518260135, "pooling_algorithm": 0.8876581741359041}, "datetime": {"datetime": "2023-11-18 22:08:08", "elapsed": 11515.455342, "delta": 22.985253}},
{"target": 0.8178571428571428, "params": {"activation_function": 1.5538739050677892, "amount_of_layers": 6.780179291475529, "batch_size": 134.79725208615966, "dropout_rate": 0.576405803806628, "epochs": 121.05129281760742, "hidden_channels": 82.02689135343337, "learning_rate": 0.08227439907048725, "optimizer": 0.29628898050625296, "pooling_algorithm": 0.2453505650706569}, "datetime": {"datetime": "2023-11-18 22:08:17", "elapsed": 11524.391451, "delta": 8.936109}},
{"target": 0.9035714285714287, "params": {"activation_function": 0.990212243515475, "amount_of_layers": 1.246776582128767, "batch_size": 32.090186824397755, "dropout_rate": 0.45359069360827403, "epochs": 78.13128498384692, "hidden_channels": 41.83415545182448, "learning_rate": 0.06283523083817412, "optimizer": 1.5584373322570146, "pooling_algorithm": 0.9559930730087981}, "datetime": {"datetime": "2023-11-18 22:08:23", "elapsed": 11530.172481, "delta": 5.78103}},
{"target": 0.18571428571428572, "params": {"activation_function": 1.9795097822724395, "amount_of_layers": 4.771469900223405, "batch_size": 131.3891693831311, "dropout_rate": 0.5539319424887308, "epochs": 163.37705938774036, "hidden_channels": 75.47378670246965, "learning_rate": 0.019460416717468298, "optimizer": 0.9805099562235551, "pooling_algorithm": 0.5908525548542399}, "datetime": {"datetime": "2023-11-18 22:08:47", "elapsed": 11554.011425, "delta": 23.838944}},
{"target": 0.5607142857142857, "params": {"activation_function": 0.6251979110040398, "amount_of_layers": 1.600332820383196, "batch_size": 84.38143440471579, "dropout_rate": 0.5392573219292056, "epochs": 40.05386897299868, "hidden_channels": 74.65591664621672, "learning_rate": 0.042507346172681745, "optimizer": 0.4693428147141845, "pooling_algorithm": 0.2456937033141855}, "datetime": {"datetime": "2023-11-18 22:08:51", "elapsed": 11558.384742, "delta": 4.373317}},
{"target": 0.7357142857142858, "params": {"activation_function": 1.2163176477849724, "amount_of_layers": 3.4351717729540265, "batch_size": 99.24849342314526, "dropout_rate": 0.37620482495714286, "epochs": 36.538543676216065, "hidden_channels": 95.32544312836352, "learning_rate": 0.08489372846663604, "optimizer": 1.183081913858846, "pooling_algorithm": 0.14564831197190076}, "datetime": {"datetime": "2023-11-18 22:08:56", "elapsed": 11563.809515, "delta": 5.424773}},
{"target": 0.7357142857142858, "params": {"activation_function": 1.5706324035198278, "amount_of_layers": 4.484597884487662, "batch_size": 130.10607956596633, "dropout_rate": 0.29028872359105273, "epochs": 146.29960743771244, "hidden_channels": 38.65487656056731, "learning_rate": 0.0942212529205861, "optimizer": 0.5976007904555622, "pooling_algorithm": 0.4565867549693966}, "datetime": {"datetime": "2023-11-18 22:09:05", "elapsed": 11572.184787, "delta": 8.375272}},
{"target": 0.9, "params": {"activation_function": 0.7242862333029965, "amount_of_layers": 8.096111759149347, "batch_size": 64.51430664954262, "dropout_rate": 0.6825239360056317, "epochs": 181.99637733959554, "hidden_channels": 106.20987770928944, "learning_rate": 0.09588622223546044, "optimizer": 0.6213667905892473, "pooling_algorithm": 0.9968300398263229}, "datetime": {"datetime": "2023-11-18 22:09:43", "elapsed": 11609.865511, "delta": 37.680724}},
{"target": 0.35714285714285715, "params": {"activation_function": 0.2555240870719486, "amount_of_layers": 3.0629543348260997, "batch_size": 51.07854006002519, "dropout_rate": 0.6077523693981643, "epochs": 190.81077868514612, "hidden_channels": 111.07234385923678, "learning_rate": 0.0974125356475541, "optimizer": 1.3246225908813398, "pooling_algorithm": 0.32979952204295204}, "datetime": {"datetime": "2023-11-18 22:09:53", "elapsed": 11620.54337, "delta": 10.677859}},
{"target": 0.775, "params": {"activation_function": 0.05769312647427638, "amount_of_layers": 5.912903618248722, "batch_size": 81.6648270010427, "dropout_rate": 0.5822063149835883, "epochs": 153.29148559549316, "hidden_channels": 112.26295740806628, "learning_rate": 0.010819238041605724, "optimizer": 1.094324607677096, "pooling_algorithm": 0.5819331710983023}, "datetime": {"datetime": "2023-11-18 22:10:05", "elapsed": 11632.286768, "delta": 11.743398}},
{"target": 0.9, "params": {"activation_function": 0.7498769614293708, "amount_of_layers": 8.757678241114474, "batch_size": 74.37939518367578, "dropout_rate": 0.611897857515068, "epochs": 45.19519947752897, "hidden_channels": 19.146016368682528, "learning_rate": 0.0019347746148714968, "optimizer": 0.20908188072198852, "pooling_algorithm": 0.854238498417319}, "datetime": {"datetime": "2023-11-18 22:10:11", "elapsed": 11638.249668, "delta": 5.9629}},
{"target": 0.8892857142857143, "params": {"activation_function": 1.5316451113805631, "amount_of_layers": 7.83866809462362, "batch_size": 63.782122615978615, "dropout_rate": 0.7002183662093753, "epochs": 183.24642963155296, "hidden_channels": 105.81613686188277, "learning_rate": 0.00493988996423958, "optimizer": 0.9652454262301147, "pooling_algorithm": 0.9881484034491921}, "datetime": {"datetime": "2023-11-18 22:10:38", "elapsed": 11665.009016, "delta": 26.759348}},
{"target": 0.9178571428571428, "params": {"activation_function": 1.266276958989985, "amount_of_layers": 4.95058048152785, "batch_size": 35.72654812262661, "dropout_rate": 0.2988957636951656, "epochs": 122.01819066905163, "hidden_channels": 90.19874554062724, "learning_rate": 0.040383066109580895, "optimizer": 1.4818144735938352, "pooling_algorithm": 0.5768819844513658}, "datetime": {"datetime": "2023-11-18 22:10:48", "elapsed": 11675.610433, "delta": 10.601417}},
{"target": 0.7767857142857143, "params": {"activation_function": 1.1860326031199302, "amount_of_layers": 2.6274144021100776, "batch_size": 82.2201018508917, "dropout_rate": 0.5048716037643551, "epochs": 21.16641824460546, "hidden_channels": 98.62515554962818, "learning_rate": 0.09240359250912122, "optimizer": 1.1605062298096191, "pooling_algorithm": 0.36269184783740627}, "datetime": {"datetime": "2023-11-18 22:10:54", "elapsed": 11681.094435, "delta": 5.484002}},
{"target": 0.8964285714285715, "params": {"activation_function": 1.6908094093312203, "amount_of_layers": 3.78352313641924, "batch_size": 66.73704596786447, "dropout_rate": 0.684050469683283, "epochs": 185.7511694667138, "hidden_channels": 37.164467090935716, "learning_rate": 0.0775297331746372, "optimizer": 1.8629990048553735, "pooling_algorithm": 0.5065502563702907}, "datetime": {"datetime": "2023-11-18 22:11:15", "elapsed": 11702.103106, "delta": 21.008671}},
{"target": 0.41785714285714287, "params": {"activation_function": 1.4085424570616831, "amount_of_layers": 2.449664662821399, "batch_size": 71.4787186887745, "dropout_rate": 0.4848700968087958, "epochs": 12.219901493891118, "hidden_channels": 120.33345173437988, "learning_rate": 0.05001111521513144, "optimizer": 1.0233687630384338, "pooling_algorithm": 0.20646489877168062}, "datetime": {"datetime": "2023-11-18 22:11:19", "elapsed": 11706.055385, "delta": 3.952279}},
{"target": 0.8142857142857144, "params": {"activation_function": 1.800037266103158, "amount_of_layers": 4.161715035231146, "batch_size": 115.11344389107028, "dropout_rate": 0.39719484314713904, "epochs": 12.84770030804097, "hidden_channels": 41.431054107686755, "learning_rate": 0.006947408496319745, "optimizer": 0.7883739648126631, "pooling_algorithm": 0.22589341938766472}, "datetime": {"datetime": "2023-11-18 22:11:23", "elapsed": 11710.644169, "delta": 4.588784}},
{"target": 0.9142857142857143, "params": {"activation_function": 0.8570141459870084, "amount_of_layers": 2.769337730403275, "batch_size": 54.29796314978968, "dropout_rate": 0.7002800223993597, "epochs": 164.81763217630842, "hidden_channels": 117.72933657344731, "learning_rate": 0.07413069093555234, "optimizer": 0.3508837847880111, "pooling_algorithm": 0.8220126024709652}, "datetime": {"datetime": "2023-11-18 22:11:35", "elapsed": 11722.102953, "delta": 11.458784}},
{"target": 0.9142857142857143, "params": {"activation_function": 1.2175853490305744, "amount_of_layers": 4.250429642258768, "batch_size": 101.43367723504299, "dropout_rate": 0.4083327344713137, "epochs": 195.1790502739753, "hidden_channels": 36.996998325490736, "learning_rate": 0.06569361683843117, "optimizer": 1.1289331159539837, "pooling_algorithm": 0.9940707206862138}, "datetime": {"datetime": "2023-11-18 22:11:44", "elapsed": 11731.104239, "delta": 9.001286}},
{"target": 0.9, "params": {"activation_function": 1.6405706243750438, "amount_of_layers": 4.279303269206435, "batch_size": 127.16283355884536, "dropout_rate": 0.5717604104455889, "epochs": 10.08761512176184, "hidden_channels": 31.634785562052368, "learning_rate": 0.0958236423084431, "optimizer": 1.767519100008213, "pooling_algorithm": 0.657626515134212}, "datetime": {"datetime": "2023-11-18 22:11:48", "elapsed": 11734.963751, "delta": 3.859512}},
{"target": 0.9160714285714285, "params": {"activation_function": 1.3187269348534512, "amount_of_layers": 6.290930046222186, "batch_size": 93.65416354177518, "dropout_rate": 0.6923214921990606, "epochs": 90.26407774470078, "hidden_channels": 69.0882909292963, "learning_rate": 0.08229954919539928, "optimizer": 0.8286288565557396, "pooling_algorithm": 0.7787964957739855}, "datetime": {"datetime": "2023-11-18 22:12:06", "elapsed": 11753.80692, "delta": 18.843169}},
{"target": 0.7357142857142857, "params": {"activation_function": 1.4458461582898534, "amount_of_layers": 7.881085977180542, "batch_size": 110.67733345989114, "dropout_rate": 0.26938554861721625, "epochs": 38.00529155574158, "hidden_channels": 37.57707810291906, "learning_rate": 0.0033331528649303862, "optimizer": 1.133514554928683, "pooling_algorithm": 0.2863971520344276}, "datetime": {"datetime": "2023-11-18 22:12:20", "elapsed": 11767.827577, "delta": 14.020657}},
{"target": 0.7642857142857142, "params": {"activation_function": 0.22868841924088534, "amount_of_layers": 3.1389834009044284, "batch_size": 94.05011955596558, "dropout_rate": 0.5996948481845958, "epochs": 90.69942719223886, "hidden_channels": 69.32594612742591, "learning_rate": 0.0064080009517931, "optimizer": 1.2711726956175713, "pooling_algorithm": 0.8895489283937302}, "datetime": {"datetime": "2023-11-18 22:12:43", "elapsed": 11790.180004, "delta": 22.352427}},
{"target": 0.7339285714285715, "params": {"activation_function": 0.7399420128426111, "amount_of_layers": 4.7642212233142605, "batch_size": 66.55337625114458, "dropout_rate": 0.40307895169511787, "epochs": 183.4108281269603, "hidden_channels": 36.40183197600692, "learning_rate": 0.02861454121883159, "optimizer": 1.2934184762776086, "pooling_algorithm": 0.47278364540058015}, "datetime": {"datetime": "2023-11-18 22:13:01", "elapsed": 11808.707707, "delta": 18.527703}},
{"target": 0.9089285714285714, "params": {"activation_function": 0.13154888304646772, "amount_of_layers": 7.654098136270692, "batch_size": 146.77518768791836, "dropout_rate": 0.5275709825923784, "epochs": 82.95112581125892, "hidden_channels": 30.145896478265747, "learning_rate": 0.04610999449464461, "optimizer": 1.744996410959747, "pooling_algorithm": 0.8389325179009925}, "datetime": {"datetime": "2023-11-18 22:13:09", "elapsed": 11816.28356, "delta": 7.575853}},
{"target": 0.8107142857142858, "params": {"activation_function": 1.700298606069358, "amount_of_layers": 8.536721605393204, "batch_size": 22.871851486371597, "dropout_rate": 0.4906195300820902, "epochs": 180.4737725215651, "hidden_channels": 108.84792599829592, "learning_rate": 0.06370653921739598, "optimizer": 0.02304794803699295, "pooling_algorithm": 0.20015962488166117}, "datetime": {"datetime": "2023-11-18 22:13:29", "elapsed": 11836.257459, "delta": 19.973899}},
{"target": 0.40714285714285714, "params": {"activation_function": 1.745689751353208, "amount_of_layers": 2.8793915229917078, "batch_size": 121.39303392540127, "dropout_rate": 0.32955697028816033, "epochs": 16.974937443333268, "hidden_channels": 122.091349016237, "learning_rate": 0.02011627021864659, "optimizer": 1.2267552021967105, "pooling_algorithm": 0.12810990263028688}, "datetime": {"datetime": "2023-11-18 22:13:34", "elapsed": 11841.29179, "delta": 5.034331}},
{"target": 0.9053571428571429, "params": {"activation_function": 1.3536561335039146, "amount_of_layers": 1.4891297758143267, "batch_size": 121.34596715958024, "dropout_rate": 0.36685369115950367, "epochs": 11.006398158883098, "hidden_channels": 47.665615163509564, "learning_rate": 0.03930395650590461, "optimizer": 1.7628189276870927, "pooling_algorithm": 0.8042387204217768}, "datetime": {"datetime": "2023-11-18 22:13:38", "elapsed": 11845.516945, "delta": 4.225155}},
{"target": 0.9053571428571429, "params": {"activation_function": 1.41985604697109, "amount_of_layers": 6.105521329681386, "batch_size": 93.66209434434161, "dropout_rate": 0.4951111180146964, "epochs": 89.3230997022431, "hidden_channels": 66.52819099485521, "learning_rate": 0.03940923782352525, "optimizer": 0.7263957952921698, "pooling_algorithm": 0.6588263258366285}, "datetime": {"datetime": "2023-11-18 22:14:03", "elapsed": 11870.038094, "delta": 24.521149}},
{"target": 0.7375, "params": {"activation_function": 0.986359114208657, "amount_of_layers": 2.8518578901784926, "batch_size": 128.5501413829788, "dropout_rate": 0.317021306071121, "epochs": 165.70700184940833, "hidden_channels": 72.67787547874991, "learning_rate": 0.048350617409221315, "optimizer": 1.8540833852590992, "pooling_algorithm": 0.36864822600101244}, "datetime": {"datetime": "2023-11-18 22:14:24", "elapsed": 11891.181635, "delta": 21.143541}},
{"target": 0.9035714285714286, "params": {"activation_function": 0.2390220497644686, "amount_of_layers": 8.923573351872173, "batch_size": 50.042475628700785, "dropout_rate": 0.38521457922580565, "epochs": 25.25688792358337, "hidden_channels": 102.13895586763691, "learning_rate": 0.03172017867416961, "optimizer": 1.9760220878587977, "pooling_algorithm": 0.512803841217862}, "datetime": {"datetime": "2023-11-18 22:14:30", "elapsed": 11897.471077, "delta": 6.289442}},
{"target": 0.9089285714285714, "params": {"activation_function": 0.3546041641105204, "amount_of_layers": 5.654967214780159, "batch_size": 123.31555384524088, "dropout_rate": 0.7260703917261948, "epochs": 194.44312132931503, "hidden_channels": 82.99061797300655, "learning_rate": 0.06703641516992596, "optimizer": 1.4547132938994287, "pooling_algorithm": 0.6372074694690765}, "datetime": {"datetime": "2023-11-18 22:14:53", "elapsed": 11919.942648, "delta": 22.471571}},
{"target": 0.2642857142857143, "params": {"activation_function": 0.6779747708049404, "amount_of_layers": 2.757854126550817, "batch_size": 45.089349791733696, "dropout_rate": 0.5016918820387022, "epochs": 43.49340492649601, "hidden_channels": 125.3253036300281, "learning_rate": 0.0685072753335976, "optimizer": 1.935977323388157, "pooling_algorithm": 0.42051360957624007}, "datetime": {"datetime": "2023-11-18 22:15:01", "elapsed": 11928.560721, "delta": 8.618073}},
{"target": 0.13214285714285712, "params": {"activation_function": 1.22199800639311, "amount_of_layers": 1.2447905581812995, "batch_size": 23.197392376645137, "dropout_rate": 0.27728499910020526, "epochs": 40.11732242710116, "hidden_channels": 72.04096573500944, "learning_rate": 0.008987558825280642, "optimizer": 1.1667996865752766, "pooling_algorithm": 0.8303003445984334}, "datetime": {"datetime": "2023-11-18 22:15:06", "elapsed": 11933.636583, "delta": 5.075862}},
{"target": 0.9071428571428571, "params": {"activation_function": 1.2280700951518284, "amount_of_layers": 2.1872603643692763, "batch_size": 63.393598663957164, "dropout_rate": 0.3072130415904389, "epochs": 137.76616706246278, "hidden_channels": 97.77392304366282, "learning_rate": 0.007024708186389979, "optimizer": 0.2294319010056891, "pooling_algorithm": 0.6996202277087245}, "datetime": {"datetime": "2023-11-18 22:15:14", "elapsed": 11941.642045, "delta": 8.005462}},
{"target": 0.26607142857142857, "params": {"activation_function": 0.6957470880693042, "amount_of_layers": 4.906031949879781, "batch_size": 70.94533719774431, "dropout_rate": 0.5203814618341963, "epochs": 190.50445751887406, "hidden_channels": 99.27098103667623, "learning_rate": 0.01645273490940185, "optimizer": 0.5641773526666003, "pooling_algorithm": 0.4892420557327821}, "datetime": {"datetime": "2023-11-18 22:15:28", "elapsed": 11954.857138, "delta": 13.215093}},
{"target": 0.9071428571428571, "params": {"activation_function": 0.7566313152235771, "amount_of_layers": 1.1318522455091662, "batch_size": 52.834337051794634, "dropout_rate": 0.26136845164101524, "epochs": 139.53036424062452, "hidden_channels": 73.86744061546598, "learning_rate": 0.06324640563597643, "optimizer": 0.09104518896352887, "pooling_algorithm": 0.8662120111726457}, "datetime": {"datetime": "2023-11-18 22:15:35", "elapsed": 11962.503384, "delta": 7.646246}},
{"target": 0.0982142857142857, "params": {"activation_function": 1.5648688312273324, "amount_of_layers": 7.997998513244442, "batch_size": 95.7821197443287, "dropout_rate": 0.3444338567897081, "epochs": 86.40415482038841, "hidden_channels": 72.37172379425957, "learning_rate": 0.08219261612170685, "optimizer": 1.5550344290994937, "pooling_algorithm": 0.6410483720089526}, "datetime": {"datetime": "2023-11-18 22:15:54", "elapsed": 11980.913487, "delta": 18.410103}},
{"target": 0.8678571428571429, "params": {"activation_function": 1.9172887584940683, "amount_of_layers": 1.2148923976045074, "batch_size": 112.03502859091438, "dropout_rate": 0.42911971310047714, "epochs": 110.43657668548376, "hidden_channels": 113.0399116771326, "learning_rate": 0.011451960658179439, "optimizer": 0.5440240203482254, "pooling_algorithm": 0.5537319046629443}, "datetime": {"datetime": "2023-11-18 22:16:00", "elapsed": 11987.319639, "delta": 6.406152}},
{"target": 0.75, "params": {"activation_function": 0.5195405521507543, "amount_of_layers": 4.274986071932111, "batch_size": 105.86621107805941, "dropout_rate": 0.5200091442758783, "epochs": 121.31580102216878, "hidden_channels": 99.07717984233412, "learning_rate": 0.02718471079770055, "optimizer": 0.049068826229111684, "pooling_algorithm": 0.3229387003168994}, "datetime": {"datetime": "2023-11-18 22:16:25", "elapsed": 12012.813127, "delta": 25.493488}},
{"target": 0.7375, "params": {"activation_function": 1.364735645097465, "amount_of_layers": 7.264936631196997, "batch_size": 124.24911053160929, "dropout_rate": 0.6896823405697026, "epochs": 79.19954424783211, "hidden_channels": 120.05405381885663, "learning_rate": 0.06269958694336758, "optimizer": 0.25972803524814614, "pooling_algorithm": 0.00040716052194600394}, "datetime": {"datetime": "2023-11-18 22:16:35", "elapsed": 12022.492333, "delta": 9.679206}},
{"target": 0.9053571428571429, "params": {"activation_function": 0.15407929765999873, "amount_of_layers": 8.334376247054617, "batch_size": 36.15553623275131, "dropout_rate": 0.5944230004907556, "epochs": 170.11487887172015, "hidden_channels": 15.924449054377703, "learning_rate": 0.07066195846340995, "optimizer": 0.6920480139793992, "pooling_algorithm": 0.7538525812480192}, "datetime": {"datetime": "2023-11-18 22:16:48", "elapsed": 12035.484383, "delta": 12.99205}},
{"target": 0.9017857142857143, "params": {"activation_function": 1.049585351945301, "amount_of_layers": 5.9692435840890194, "batch_size": 60.47478290320434, "dropout_rate": 0.39612712402510125, "epochs": 181.2008883440395, "hidden_channels": 103.25013394454088, "learning_rate": 0.06664214581260233, "optimizer": 1.1374967945362866, "pooling_algorithm": 0.6105512322978126}, "datetime": {"datetime": "2023-11-18 22:17:03", "elapsed": 12050.251328, "delta": 14.766945}},
{"target": 0.7392857142857143, "params": {"activation_function": 0.8854682038409647, "amount_of_layers": 5.078180781684198, "batch_size": 147.35033639879873, "dropout_rate": 0.32494967490397886, "epochs": 84.2527346707139, "hidden_channels": 84.71019842277398, "learning_rate": 0.003958910700401884, "optimizer": 1.2532788607063916, "pooling_algorithm": 0.15351003568031607}, "datetime": {"datetime": "2023-11-18 22:17:21", "elapsed": 12068.71209, "delta": 18.460762}},
{"target": 0.9, "params": {"activation_function": 1.0810102048029435, "amount_of_layers": 6.797720848546245, "batch_size": 94.14462226373139, "dropout_rate": 0.4072905229185005, "epochs": 90.96439745264257, "hidden_channels": 73.69001853547319, "learning_rate": 0.055600733968006036, "optimizer": 1.3634565152558464, "pooling_algorithm": 0.5817779045708354}, "datetime": {"datetime": "2023-11-18 22:17:30", "elapsed": 12077.465239, "delta": 8.753149}},
{"target": 0.8107142857142857, "params": {"activation_function": 1.8306433949646272, "amount_of_layers": 2.7223863914709217, "batch_size": 18.00470887783583, "dropout_rate": 0.402999674781109, "epochs": 70.26273559407392, "hidden_channels": 111.51522894839873, "learning_rate": 0.02705859857839976, "optimizer": 0.046227186400051634, "pooling_algorithm": 0.39455593050408244}, "datetime": {"datetime": "2023-11-18 22:17:38", "elapsed": 12085.74316, "delta": 8.277921}},
