{"target": 0.32499999999999996, "params": {"activation_function": 1.6331800623568171, "amount_of_layers": 6.107824894014304, "batch_size": 44.76001955032803, "dropout_rate": 0.6279990862532527, "epochs": 185.38795223679992, "hidden_channels": 109.39621569309467, "learning_rate": 0.01899415693177803, "optimizer": 0.8209409167245978, "pooling_algorithm": 0.812384140316853}, "datetime": {"datetime": "2023-11-18 20:49:10", "elapsed": 6777.45469, "delta": 17.514739}},
{"target": 0.7357142857142858, "params": {"activation_function": 0.33246853874331483, "amount_of_layers": 3.634331167882821, "batch_size": 82.78399747842835, "dropout_rate": 0.2546815911611141, "epochs": 63.43890186109237, "hidden_channels": 18.18500147011847, "learning_rate": 0.029730126209660295, "optimizer": 1.4635347899836697, "pooling_algorithm": 0.3738190594110524}, "datetime": {"datetime": "2023-11-18 20:49:14", "elapsed": 6780.996705, "delta": 3.542015}},
{"target": 0.09285714285714286, "params": {"activation_function": 1.4634517293245128, "amount_of_layers": 8.617801886868829, "batch_size": 16.550304080730452, "dropout_rate": 0.6792690892350451, "epochs": 189.94322539119509, "hidden_channels": 15.491102238965835, "learning_rate": 0.047643120716179606, "optimizer": 1.9028172076226721, "pooling_algorithm": 0.6019410357459086}, "datetime": {"datetime": "2023-11-18 20:49:36", "elapsed": 6803.188493, "delta": 22.191788}},
{"target": 0.8357142857142857, "params": {"activation_function": 0.191985648490671, "amount_of_layers": 3.181773128060775, "batch_size": 83.4293238013467, "dropout_rate": 0.7162979975347321, "epochs": 85.02409228001201, "hidden_channels": 14.437348687924272, "learning_rate": 0.0744127629697203, "optimizer": 0.23289909045441193, "pooling_algorithm": 0.3080196707615047}, "datetime": {"datetime": "2023-11-18 20:49:40", "elapsed": 6806.925919, "delta": 3.737426}},
{"target": 0.9089285714285714, "params": {"activation_function": 0.4607317783090874, "amount_of_layers": 7.323874921974325, "batch_size": 145.480320630191, "dropout_rate": 0.4345252107965618, "epochs": 159.59571940558192, "hidden_channels": 117.62604367877604, "learning_rate": 0.048519290839489616, "optimizer": 0.9654960591196575, "pooling_algorithm": 0.8195579262207392}, "datetime": {"datetime": "2023-11-18 20:49:52", "elapsed": 6819.143363, "delta": 12.217444}},
{"target": 0.9178571428571429, "params": {"activation_function": 0.6743670209771794, "amount_of_layers": 5.83779883665206, "batch_size": 94.67046457989605, "dropout_rate": 0.5132030174574128, "epochs": 88.9695186306504, "hidden_channels": 71.38630434090219, "learning_rate": 0.04672058248594522, "optimizer": 1.0247443663779963, "pooling_algorithm": 0.8910780928060672}, "datetime": {"datetime": "2023-11-18 20:49:59", "elapsed": 6826.266278, "delta": 7.122915}},
{"target": 0.26607142857142857, "params": {"activation_function": 1.1839706947736222, "amount_of_layers": 7.344592071177599, "batch_size": 59.17436132229454, "dropout_rate": 0.25494274893601326, "epochs": 174.36403688145407, "hidden_channels": 93.77868719842886, "learning_rate": 0.036846515087660264, "optimizer": 0.8417151896016686, "pooling_algorithm": 0.1920856275208711}, "datetime": {"datetime": "2023-11-18 20:50:11", "elapsed": 6838.048299, "delta": 11.782021}},
{"target": 0.9089285714285714, "params": {"activation_function": 0.1211154399382861, "amount_of_layers": 7.107808584638292, "batch_size": 103.43571023737644, "dropout_rate": 0.34117596077379936, "epochs": 165.11858155293862, "hidden_channels": 23.048471583916058, "learning_rate": 0.026351739796782455, "optimizer": 1.6471911156441168, "pooling_algorithm": 0.5161293443056069}, "datetime": {"datetime": "2023-11-18 20:50:19", "elapsed": 6846.532629, "delta": 8.48433}},
{"target": 0.9, "params": {"activation_function": 0.7015226161564341, "amount_of_layers": 8.323499932772187, "batch_size": 128.09012963760952, "dropout_rate": 0.5496923660897255, "epochs": 25.380506513953407, "hidden_channels": 63.65933462808428, "learning_rate": 0.013941246078705113, "optimizer": 0.20666336874709557, "pooling_algorithm": 0.5760159387747673}, "datetime": {"datetime": "2023-11-18 20:50:23", "elapsed": 6849.852037, "delta": 3.319408}},
{"target": 0.8, "params": {"activation_function": 1.5195847063397228, "amount_of_layers": 7.729986746597044, "batch_size": 137.68835028238246, "dropout_rate": 0.6598376476743948, "epochs": 169.68135359403655, "hidden_channels": 67.6957651416954, "learning_rate": 0.010770440681215136, "optimizer": 0.03151687662888647, "pooling_algorithm": 0.24330135175785983}, "datetime": {"datetime": "2023-11-18 20:50:32", "elapsed": 6859.493137, "delta": 9.6411}},
{"target": 0.9017857142857143, "params": {"activation_function": 1.2733719639309258, "amount_of_layers": 4.098861480025594, "batch_size": 30.280392635926706, "dropout_rate": 0.47121730677303525, "epochs": 142.87220066162, "hidden_channels": 21.92591597394686, "learning_rate": 0.07998150562188944, "optimizer": 0.7734977971471042, "pooling_algorithm": 0.7696133752176092}, "datetime": {"datetime": "2023-11-18 20:50:40", "elapsed": 6866.993284, "delta": 7.500147}},
{"target": 0.6214285714285714, "params": {"activation_function": 0.36098282402285053, "amount_of_layers": 2.3710960625041455, "batch_size": 96.90212961264928, "dropout_rate": 0.586821541453376, "epochs": 180.69159495174165, "hidden_channels": 94.32793835323305, "learning_rate": 0.01378700315588674, "optimizer": 1.1794537966314533, "pooling_algorithm": 0.008971174315563157}, "datetime": {"datetime": "2023-11-18 20:50:46", "elapsed": 6873.71577, "delta": 6.722486}},
{"target": 0.8107142857142857, "params": {"activation_function": 0.17438849962248226, "amount_of_layers": 6.0660211173023715, "batch_size": 141.72497202205528, "dropout_rate": 0.4991173782636183, "epochs": 57.153619284704625, "hidden_channels": 55.88881940799391, "learning_rate": 0.027696441829768475, "optimizer": 0.2746700537096187, "pooling_algorithm": 0.008118042865583042}, "datetime": {"datetime": "2023-11-18 20:50:50", "elapsed": 6877.432274, "delta": 3.716504}},
{"target": 0.7321428571428571, "params": {"activation_function": 1.0525752518278118, "amount_of_layers": 8.239115221378588, "batch_size": 122.83326885535483, "dropout_rate": 0.2568632904806579, "epochs": 154.83705344191742, "hidden_channels": 122.02766375262675, "learning_rate": 0.021014962397059404, "optimizer": 0.2646383715326186, "pooling_algorithm": 0.08566597604771276}, "datetime": {"datetime": "2023-11-18 20:51:02", "elapsed": 6889.800954, "delta": 12.36868}},
{"target": 0.8178571428571428, "params": {"activation_function": 0.3109102961037531, "amount_of_layers": 6.0370863425683465, "batch_size": 131.60634073604126, "dropout_rate": 0.28785295764665975, "epochs": 165.61511070927435, "hidden_channels": 75.72066015993563, "learning_rate": 0.09477224704888929, "optimizer": 1.7095136535038242, "pooling_algorithm": 0.5621284914877538}, "datetime": {"datetime": "2023-11-18 20:51:13", "elapsed": 6900.667961, "delta": 10.867007}},
{"target": 0.8, "params": {"activation_function": 0.06468334973229473, "amount_of_layers": 3.5372063090712222, "batch_size": 35.33476414265972, "dropout_rate": 0.642791254712179, "epochs": 68.01367318453423, "hidden_channels": 54.45430669252547, "learning_rate": 0.018425114983774287, "optimizer": 0.6132265227784868, "pooling_algorithm": 0.20120434380444352}, "datetime": {"datetime": "2023-11-18 20:51:18", "elapsed": 6905.829452, "delta": 5.161491}},
{"target": 0.9089285714285714, "params": {"activation_function": 1.0539958895511332, "amount_of_layers": 3.347807673840186, "batch_size": 128.4379167401879, "dropout_rate": 0.40814016049816904, "epochs": 166.32837614699784, "hidden_channels": 72.67826735170308, "learning_rate": 0.08845086160236931, "optimizer": 0.7468880825972799, "pooling_algorithm": 0.9959807390838291}, "datetime": {"datetime": "2023-11-18 20:51:26", "elapsed": 6912.854858, "delta": 7.025406}},
{"target": 0.825, "params": {"activation_function": 0.05108285907335208, "amount_of_layers": 5.3367407822150765, "batch_size": 107.88149517201337, "dropout_rate": 0.3172202562517744, "epochs": 100.60895451387896, "hidden_channels": 78.27514347955594, "learning_rate": 0.0575041816116934, "optimizer": 1.812896832249286, "pooling_algorithm": 0.94391564388912}, "datetime": {"datetime": "2023-11-18 20:51:32", "elapsed": 6918.960896, "delta": 6.106038}},
{"target": 0.8571428571428572, "params": {"activation_function": 1.907665229729756, "amount_of_layers": 2.503369521013722, "batch_size": 57.52848036968948, "dropout_rate": 0.4598394604162277, "epochs": 40.97628666153969, "hidden_channels": 20.726022756080972, "learning_rate": 0.028766764015228517, "optimizer": 0.9657431685685298, "pooling_algorithm": 0.9275138164263986}, "datetime": {"datetime": "2023-11-18 20:51:35", "elapsed": 6922.291192, "delta": 3.330296}},
{"target": 0.7785714285714286, "params": {"activation_function": 0.13965847343384552, "amount_of_layers": 3.413055415257138, "batch_size": 109.84647349658606, "dropout_rate": 0.4183003957702765, "epochs": 155.4281927322344, "hidden_channels": 93.00214480399296, "learning_rate": 0.0034429003025206006, "optimizer": 1.282926205185595, "pooling_algorithm": 0.9926182785423993}, "datetime": {"datetime": "2023-11-18 20:51:42", "elapsed": 6929.355203, "delta": 7.064011}},
{"target": 0.8321428571428572, "params": {"activation_function": 0.10998212675518904, "amount_of_layers": 4.288560677196734, "batch_size": 136.03759056976185, "dropout_rate": 0.37115048905865683, "epochs": 198.15470857131876, "hidden_channels": 9.478785160559962, "learning_rate": 0.05540341080291504, "optimizer": 1.4461172057070024, "pooling_algorithm": 0.15598082258835433}, "datetime": {"datetime": "2023-11-18 20:51:51", "elapsed": 6937.974065, "delta": 8.618862}},
{"target": 0.3964285714285714, "params": {"activation_function": 1.598331152205664, "amount_of_layers": 3.435941742115827, "batch_size": 90.7354942851836, "dropout_rate": 0.41235492069631324, "epochs": 88.18956035380124, "hidden_channels": 66.87495399762358, "learning_rate": 0.07061034473439641, "optimizer": 1.0084119745747215, "pooling_algorithm": 0.5332021061598964}, "datetime": {"datetime": "2023-11-18 20:51:59", "elapsed": 6946.698027, "delta": 8.723962}},
{"target": 0.9178571428571428, "params": {"activation_function": 0.8558854980402875, "amount_of_layers": 8.974192470172085, "batch_size": 125.47476498209704, "dropout_rate": 0.5906176685802883, "epochs": 138.08037920126785, "hidden_channels": 13.474423919213896, "learning_rate": 0.07052674870934243, "optimizer": 0.12868981292494386, "pooling_algorithm": 0.5634556850536512}, "datetime": {"datetime": "2023-11-18 20:52:06", "elapsed": 6953.331079, "delta": 6.633052}},
{"target": 0.8857142857142857, "params": {"activation_function": 0.17033966610043016, "amount_of_layers": 2.144616866947402, "batch_size": 69.69592617101543, "dropout_rate": 0.3426246894741945, "epochs": 188.69010228368083, "hidden_channels": 29.633339535810293, "learning_rate": 0.0038535469855561196, "optimizer": 0.7100085484019731, "pooling_algorithm": 0.571355471848144}, "datetime": {"datetime": "2023-11-18 20:52:13", "elapsed": 6960.801142, "delta": 7.470063}},
{"target": 0.8214285714285714, "params": {"activation_function": 0.2998452186738221, "amount_of_layers": 6.276208452332462, "batch_size": 16.210168060725167, "dropout_rate": 0.6461917931404073, "epochs": 194.44613440744305, "hidden_channels": 15.112076522688996, "learning_rate": 0.0037492414106924804, "optimizer": 0.6271344703148167, "pooling_algorithm": 0.6528582513018613}, "datetime": {"datetime": "2023-11-18 20:52:32", "elapsed": 6979.700099, "delta": 18.898957}},
{"target": 0.3642857142857143, "params": {"activation_function": 0.8373418587449295, "amount_of_layers": 1.9357420100177327, "batch_size": 109.85559323379897, "dropout_rate": 0.49901493765432137, "epochs": 182.08425784450432, "hidden_channels": 23.1179579459933, "learning_rate": 0.09497636924534918, "optimizer": 0.4268282842763331, "pooling_algorithm": 0.40977009573635903}, "datetime": {"datetime": "2023-11-18 20:52:41", "elapsed": 6988.160319, "delta": 8.46022}},
{"target": 0.29464285714285715, "params": {"activation_function": 1.4578428859859611, "amount_of_layers": 8.515516661212157, "batch_size": 115.64196286531188, "dropout_rate": 0.5558801264262301, "epochs": 19.89502479679364, "hidden_channels": 59.21855413565495, "learning_rate": 0.054651784251195545, "optimizer": 0.6524055206965991, "pooling_algorithm": 0.0008761993644186283}, "datetime": {"datetime": "2023-11-18 20:52:44", "elapsed": 6991.170864, "delta": 3.010545}},
{"target": 0.9, "params": {"activation_function": 0.08871101040493867, "amount_of_layers": 6.709682070037031, "batch_size": 95.20375483360424, "dropout_rate": 0.5538724744835204, "epochs": 88.07076244549076, "hidden_channels": 73.03689703614229, "learning_rate": 0.017836994563704498, "optimizer": 0.2878499464748081, "pooling_algorithm": 0.648903981906222}, "datetime": {"datetime": "2023-11-18 20:52:52", "elapsed": 6999.699276, "delta": 8.528412}},
{"target": 0.5892857142857143, "params": {"activation_function": 0.0797085894139391, "amount_of_layers": 7.742656794148488, "batch_size": 119.39982190800258, "dropout_rate": 0.6283118010956832, "epochs": 115.6939721431332, "hidden_channels": 19.4484104102807, "learning_rate": 0.0960502385814883, "optimizer": 1.069233053168923, "pooling_algorithm": 0.3332313461751488}, "datetime": {"datetime": "2023-11-18 20:52:58", "elapsed": 7005.727148, "delta": 6.027872}},
{"target": 0.7321428571428572, "params": {"activation_function": 0.6583385685250625, "amount_of_layers": 6.195634366545916, "batch_size": 131.36766907712826, "dropout_rate": 0.3183994076285172, "epochs": 163.0259882874032, "hidden_channels": 77.08116336226315, "learning_rate": 0.04542839535083533, "optimizer": 1.4432800280279103, "pooling_algorithm": 0.4500246189133019}, "datetime": {"datetime": "2023-11-18 20:53:09", "elapsed": 7016.002652, "delta": 10.275504}},
{"target": 0.8714285714285714, "params": {"activation_function": 0.09366303968356204, "amount_of_layers": 1.8097856819042066, "batch_size": 30.986577039012708, "dropout_rate": 0.7036033450303258, "epochs": 25.29814157816366, "hidden_channels": 27.525286220766638, "learning_rate": 0.02583015128507546, "optimizer": 1.2191000851569689, "pooling_algorithm": 0.8948289418589163}, "datetime": {"datetime": "2023-11-18 20:53:11", "elapsed": 7018.647926, "delta": 2.645274}},
{"target": 0.0, "params": {"activation_function": 1.8421117402555727, "amount_of_layers": 6.181488681656835, "batch_size": 96.39095199407927, "dropout_rate": 0.7192717905619459, "epochs": 86.4390954278917, "hidden_channels": 70.3983117251862, "learning_rate": 0.09992264305750824, "optimizer": 1.0814712977496461, "pooling_algorithm": 0.9745926578202269}, "datetime": {"datetime": "2023-11-18 20:53:18", "elapsed": 7025.185078, "delta": 6.537152}},
{"target": 0.7321428571428572, "params": {"activation_function": 0.5448517369803616, "amount_of_layers": 6.960384379501062, "batch_size": 46.847318843380904, "dropout_rate": 0.4437541244663346, "epochs": 148.23148407211562, "hidden_channels": 16.101538607505454, "learning_rate": 0.09580531249415365, "optimizer": 1.6159031387740408, "pooling_algorithm": 0.4382907799039556}, "datetime": {"datetime": "2023-11-18 20:53:26", "elapsed": 7032.93891, "delta": 7.753832}},
{"target": 0.7196428571428571, "params": {"activation_function": 1.295714744103725, "amount_of_layers": 8.167784290749783, "batch_size": 68.49739739821601, "dropout_rate": 0.35784741033869316, "epochs": 118.78053783874257, "hidden_channels": 38.820012105817064, "learning_rate": 0.07545260400623544, "optimizer": 1.5399833810180386, "pooling_algorithm": 0.2926458794994333}, "datetime": {"datetime": "2023-11-18 20:53:33", "elapsed": 7039.898597, "delta": 6.959687}},
{"target": 0.0, "params": {"activation_function": 0.37375394873203316, "amount_of_layers": 8.9173829334243, "batch_size": 124.21978494929084, "dropout_rate": 0.47416062447282276, "epochs": 155.4884819103541, "hidden_channels": 59.190627546550346, "learning_rate": 0.035113135640968435, "optimizer": 1.8826994539460251, "pooling_algorithm": 0.5353631834728957}, "datetime": {"datetime": "2023-11-18 20:53:43", "elapsed": 7049.898692, "delta": 10.000095}},
{"target": 0.9089285714285714, "params": {"activation_function": 0.19493280684754888, "amount_of_layers": 4.3270877876614895, "batch_size": 136.11123149616293, "dropout_rate": 0.5658222976539965, "epochs": 197.48093248920193, "hidden_channels": 8.836249312304153, "learning_rate": 0.06969819024836892, "optimizer": 1.2179102337167549, "pooling_algorithm": 0.870743821505198}, "datetime": {"datetime": "2023-11-18 20:53:49", "elapsed": 7056.290641, "delta": 6.391949}},
{"target": 0.0, "params": {"activation_function": 1.795761075690071, "amount_of_layers": 6.860202503090618, "batch_size": 57.98836433198199, "dropout_rate": 0.25910552226608896, "epochs": 50.39564744441144, "hidden_channels": 107.4870333785749, "learning_rate": 0.033106063608610764, "optimizer": 0.030503406962122392, "pooling_algorithm": 0.6284720846659785}, "datetime": {"datetime": "2023-11-18 20:53:54", "elapsed": 7061.341669, "delta": 5.051028}},
{"target": 0.26249999999999996, "params": {"activation_function": 1.8627846086226607, "amount_of_layers": 5.333149958392547, "batch_size": 136.0162546826063, "dropout_rate": 0.5090177382562736, "epochs": 133.50180424872303, "hidden_channels": 119.1677760636724, "learning_rate": 0.046201234588916076, "optimizer": 1.8929619313223944, "pooling_algorithm": 0.2512087767559107}, "datetime": {"datetime": "2023-11-18 20:54:06", "elapsed": 7073.681078, "delta": 12.339409}},
{"target": 0.9107142857142857, "params": {"activation_function": 0.9544732726082434, "amount_of_layers": 4.85197879753156, "batch_size": 63.92754650952419, "dropout_rate": 0.6474717358139674, "epochs": 184.06969442013232, "hidden_channels": 39.024609189235505, "learning_rate": 0.056428135528319406, "optimizer": 0.373316199142, "pooling_algorithm": 0.946045326788465}, "datetime": {"datetime": "2023-11-18 20:54:17", "elapsed": 7084.79069, "delta": 11.109612}},
{"target": 0.26785714285714285, "params": {"activation_function": 1.1447950038098873, "amount_of_layers": 2.755607596267952, "batch_size": 83.14424388842549, "dropout_rate": 0.6451340550886859, "epochs": 84.48498204914165, "hidden_channels": 14.192005301985201, "learning_rate": 0.08031019684448505, "optimizer": 0.6858958526516954, "pooling_algorithm": 0.41600498297401367}, "datetime": {"datetime": "2023-11-18 20:54:22", "elapsed": 7088.867526, "delta": 4.076836}},
{"target": 0.9035714285714286, "params": {"activation_function": 1.104329292690767, "amount_of_layers": 4.198278258826137, "batch_size": 104.77529423336804, "dropout_rate": 0.36593952083174225, "epochs": 156.59484432951942, "hidden_channels": 106.33989220350358, "learning_rate": 0.01273663280916671, "optimizer": 0.1429071566699367, "pooling_algorithm": 0.7232699007667458}, "datetime": {"datetime": "2023-11-18 20:54:30", "elapsed": 7097.121798, "delta": 8.254272}},
{"target": 0.7392857142857143, "params": {"activation_function": 1.8043888184452421, "amount_of_layers": 6.513842158148933, "batch_size": 94.64358758996212, "dropout_rate": 0.5687614167708667, "epochs": 88.80327890211548, "hidden_channels": 68.0527534437868, "learning_rate": 0.041527279985805285, "optimizer": 1.943699787450512, "pooling_algorithm": 0.2296689063500028}, "datetime": {"datetime": "2023-11-18 20:54:36", "elapsed": 7103.41647, "delta": 6.294672}},
{"target": 0.9142857142857143, "params": {"activation_function": 0.9045188869017551, "amount_of_layers": 2.5953218594233016, "batch_size": 91.81359570082394, "dropout_rate": 0.42595738411084827, "epochs": 11.225162623210402, "hidden_channels": 15.718380135507203, "learning_rate": 0.09901358472573256, "optimizer": 0.884102564829859, "pooling_algorithm": 0.9219129767453172}, "datetime": {"datetime": "2023-11-18 20:54:38", "elapsed": 7105.738469, "delta": 2.321999}},
{"target": 0.7428571428571429, "params": {"activation_function": 0.2594614971974032, "amount_of_layers": 1.3580214080248414, "batch_size": 79.49601964399274, "dropout_rate": 0.45579078900354314, "epochs": 74.51070256113788, "hidden_channels": 100.25593635034095, "learning_rate": 0.09335537984563094, "optimizer": 1.9059280268402068, "pooling_algorithm": 0.006396170010931401}, "datetime": {"datetime": "2023-11-18 20:54:42", "elapsed": 7109.572392, "delta": 3.833923}},
{"target": 0.7339285714285715, "params": {"activation_function": 0.9121159670814056, "amount_of_layers": 5.182160913026186, "batch_size": 63.78234121269626, "dropout_rate": 0.5869946814750407, "epochs": 189.90667784156832, "hidden_channels": 30.736944694476556, "learning_rate": 0.031709040292383216, "optimizer": 0.8336606286439385, "pooling_algorithm": 0.22504705559027183}, "datetime": {"datetime": "2023-11-18 20:54:52", "elapsed": 7119.361771, "delta": 9.789379}},
{"target": 0.7821428571428571, "params": {"activation_function": 1.6165631812559753, "amount_of_layers": 8.119300254358176, "batch_size": 33.13971093760122, "dropout_rate": 0.37080760550845543, "epochs": 190.86255889631764, "hidden_channels": 27.605087485929616, "learning_rate": 0.0026741411248677226, "optimizer": 0.7348914642117179, "pooling_algorithm": 0.12192514462168436}, "datetime": {"datetime": "2023-11-18 20:55:05", "elapsed": 7132.085776, "delta": 12.724005}},
{"target": 0.9142857142857143, "params": {"activation_function": 0.06070527655370217, "amount_of_layers": 4.324286984187599, "batch_size": 94.80317865041327, "dropout_rate": 0.7338622478867757, "epochs": 89.6613784909548, "hidden_channels": 73.25270355152423, "learning_rate": 0.05697708208080479, "optimizer": 0.037316376729687795, "pooling_algorithm": 0.8175517809811635}, "datetime": {"datetime": "2023-11-18 20:55:13", "elapsed": 7140.290348, "delta": 8.204572}},
