{"target": 0.9035714285714286, "params": {"activation_function": 0.6299261948791477, "amount_of_layers": 4.384070504511361, "batch_size": 127.3011262563834, "dropout_rate": 0.5357168929961882, "epochs": 166.23955549306132, "hidden_channels": 48.27657481390907, "learning_rate": 0.06193455159206109, "optimizer": 0.7627535310198514, "pooling_algorithm": 0.7339111828827589}, "datetime": {"datetime": "2023-11-18 18:59:15", "elapsed": 182.285968, "delta": 4.444846}},
{"target": 0.9071428571428571, "params": {"activation_function": 1.9202593142217754, "amount_of_layers": 6.8935050606384785, "batch_size": 77.54060461501442, "dropout_rate": 0.26530487694189353, "epochs": 60.06607701649267, "hidden_channels": 36.456903510298304, "learning_rate": 0.029803862354120338, "optimizer": 1.7430296090453135, "pooling_algorithm": 0.6530256765365041}, "datetime": {"datetime": "2023-11-18 18:59:17", "elapsed": 184.476321, "delta": 2.190353}},
{"target": 0.9035714285714286, "params": {"activation_function": 0.8838840494290758, "amount_of_layers": 1.5957341326655472, "batch_size": 36.929135419751276, "dropout_rate": 0.6930313211592662, "epochs": 85.93634872963187, "hidden_channels": 72.86915759649101, "learning_rate": 0.07558236825780207, "optimizer": 0.2608573504318088, "pooling_algorithm": 0.5629201997582841}, "datetime": {"datetime": "2023-11-18 18:59:20", "elapsed": 187.086198, "delta": 2.609877}},
{"target": 0.26607142857142857, "params": {"activation_function": 0.975810698539578, "amount_of_layers": 5.6796158051228955, "batch_size": 96.97678092649029, "dropout_rate": 0.5033850667916855, "epochs": 163.32809471649844, "hidden_channels": 106.16866153151254, "learning_rate": 0.014074183350746478, "optimizer": 0.6427301128963161, "pooling_algorithm": 0.027456531218309932}, "datetime": {"datetime": "2023-11-18 18:59:28", "elapsed": 195.179352, "delta": 8.093154}},
{"target": 0.8785714285714286, "params": {"activation_function": 1.5532409295413927, "amount_of_layers": 6.60800599265206, "batch_size": 131.0554540603827, "dropout_rate": 0.542547149348266, "epochs": 163.57390984193637, "hidden_channels": 75.45626956901121, "learning_rate": 0.0185304948423558, "optimizer": 0.1753987621398727, "pooling_algorithm": 0.8542210742797249}, "datetime": {"datetime": "2023-11-18 18:59:35", "elapsed": 202.81086, "delta": 7.631508}},
{"target": 0.8642857142857142, "params": {"activation_function": 1.728360416223192, "amount_of_layers": 1.9976203974283768, "batch_size": 68.84244919386317, "dropout_rate": 0.5690116385821651, "epochs": 193.22814780970208, "hidden_channels": 30.064257467229098, "learning_rate": 0.02391180888422553, "optimizer": 1.0162417420044094, "pooling_algorithm": 0.6242829950053668}, "datetime": {"datetime": "2023-11-18 18:59:40", "elapsed": 207.151052, "delta": 4.340192}},
{"target": 0.0, "params": {"activation_function": 0.7624028864563619, "amount_of_layers": 2.544500570884942, "batch_size": 109.17829261027195, "dropout_rate": 0.6365683174300215, "epochs": 27.764930935066285, "hidden_channels": 108.53808818549263, "learning_rate": 0.054635413338502116, "optimizer": 1.997567561504197, "pooling_algorithm": 0.21985406205492497}, "datetime": {"datetime": "2023-11-18 18:59:42", "elapsed": 208.913388, "delta": 1.762336}},
{"target": 0.8571428571428572, "params": {"activation_function": 1.8803240429121801, "amount_of_layers": 3.7847092011874786, "batch_size": 136.9551446748145, "dropout_rate": 0.37131182856617545, "epochs": 98.45184626467191, "hidden_channels": 12.748552167279867, "learning_rate": 0.04541607078238065, "optimizer": 0.5847324448037416, "pooling_algorithm": 0.5104228495279525}, "datetime": {"datetime": "2023-11-18 18:59:44", "elapsed": 211.647934, "delta": 2.734546}},
{"target": 0.7428571428571429, "params": {"activation_function": 1.884988523792544, "amount_of_layers": 7.143896233241464, "batch_size": 115.3849807190988, "dropout_rate": 0.5176238921069708, "epochs": 12.287370448538413, "hidden_channels": 122.47948019632999, "learning_rate": 0.07309811885866127, "optimizer": 1.6957782037640925, "pooling_algorithm": 0.4033060526697949}, "datetime": {"datetime": "2023-11-18 18:59:46", "elapsed": 212.871848, "delta": 1.223914}},
{"target": 0.9160714285714285, "params": {"activation_function": 0.8991286649430055, "amount_of_layers": 8.884951090105115, "batch_size": 55.77208310101887, "dropout_rate": 0.7232229912774447, "epochs": 127.315137666178, "hidden_channels": 27.895059543274588, "learning_rate": 0.020286297007665637, "optimizer": 1.7667449648577294, "pooling_algorithm": 0.6169686277968502}, "datetime": {"datetime": "2023-11-18 18:59:52", "elapsed": 219.391491, "delta": 6.519643}},
{"target": 0.26071428571428573, "params": {"activation_function": 1.311034781562984, "amount_of_layers": 5.824598652487511, "batch_size": 128.00466655248908, "dropout_rate": 0.4282135401169281, "epochs": 86.71284642087036, "hidden_channels": 41.8410768525712, "learning_rate": 0.07941119172577502, "optimizer": 1.95374106171774, "pooling_algorithm": 0.27706350523739676}, "datetime": {"datetime": "2023-11-18 18:59:56", "elapsed": 223.145697, "delta": 3.754206}},
{"target": 0.7875000000000001, "params": {"activation_function": 0.9599789457154753, "amount_of_layers": 1.0228895177476378, "batch_size": 117.1827982218767, "dropout_rate": 0.47026428096185696, "epochs": 38.47505363813909, "hidden_channels": 71.75467328691212, "learning_rate": 0.06893121558908083, "optimizer": 0.18984275023164066, "pooling_algorithm": 0.47355702075175865}, "datetime": {"datetime": "2023-11-18 18:59:57", "elapsed": 224.010522, "delta": 0.864825}},
{"target": 0.9017857142857143, "params": {"activation_function": 0.9590493130818081, "amount_of_layers": 7.599583201334667, "batch_size": 63.08149134031239, "dropout_rate": 0.48865739804106423, "epochs": 182.81695188318324, "hidden_channels": 105.45554878660367, "learning_rate": 0.06818312269313184, "optimizer": 1.039855821437991, "pooling_algorithm": 0.7812612194092858}, "datetime": {"datetime": "2023-11-18 19:00:27", "elapsed": 254.281716, "delta": 30.271194}},
{"target": 0.0, "params": {"activation_function": 1.9395391240552886, "amount_of_layers": 8.962594064317406, "batch_size": 50.123016638736864, "dropout_rate": 0.28631909342639533, "epochs": 130.1747070442048, "hidden_channels": 101.54593209045609, "learning_rate": 0.02377057438161499, "optimizer": 0.37673032238781756, "pooling_algorithm": 0.882911081149405}, "datetime": {"datetime": "2023-11-18 19:00:36", "elapsed": 262.865719, "delta": 8.584003}},
{"target": 0.9089285714285714, "params": {"activation_function": 0.0692161491712111, "amount_of_layers": 8.41945318480544, "batch_size": 144.6510831398816, "dropout_rate": 0.5373524954367899, "epochs": 122.63927065735972, "hidden_channels": 31.30548760078971, "learning_rate": 0.015529882512183645, "optimizer": 0.5500600907419406, "pooling_algorithm": 0.7011280139145302}, "datetime": {"datetime": "2023-11-18 19:00:40", "elapsed": 267.283347, "delta": 4.417628}},
{"target": 0.8178571428571428, "params": {"activation_function": 0.3482786578987509, "amount_of_layers": 3.1175223012150557, "batch_size": 76.28321505200836, "dropout_rate": 0.3256136864830336, "epochs": 84.18818403994393, "hidden_channels": 68.93407540479647, "learning_rate": 0.023777108083803112, "optimizer": 0.28937823229328163, "pooling_algorithm": 0.48933411814603145}, "datetime": {"datetime": "2023-11-18 19:00:42", "elapsed": 269.667817, "delta": 2.38447}},
{"target": 0.9160714285714285, "params": {"activation_function": 1.197207801244604, "amount_of_layers": 5.636003791922561, "batch_size": 45.68576228609857, "dropout_rate": 0.3851330508519514, "epochs": 185.6325530245979, "hidden_channels": 111.60368235939214, "learning_rate": 0.0810056098228291, "optimizer": 0.4631075769132018, "pooling_algorithm": 0.9477785580310851}, "datetime": {"datetime": "2023-11-18 19:00:53", "elapsed": 280.150778, "delta": 10.482961}},
{"target": 0.9089285714285715, "params": {"activation_function": 0.2714439243531974, "amount_of_layers": 7.770154853045137, "batch_size": 16.27959820532542, "dropout_rate": 0.6881090505620696, "epochs": 195.1761488640473, "hidden_channels": 16.532164834097895, "learning_rate": 0.04059347665089024, "optimizer": 0.48516002316535056, "pooling_algorithm": 0.5464347607305831}, "datetime": {"datetime": "2023-11-18 19:01:07", "elapsed": 294.820585, "delta": 14.669807}},
{"target": 0.9089285714285714, "params": {"activation_function": 0.04917139443148977, "amount_of_layers": 4.496517382141244, "batch_size": 140.22047922538212, "dropout_rate": 0.5911875200183783, "epochs": 35.56588903225442, "hidden_channels": 48.48306808562897, "learning_rate": 0.0804497611892084, "optimizer": 0.7346101643223233, "pooling_algorithm": 0.5740454127242531}, "datetime": {"datetime": "2023-11-18 19:01:09", "elapsed": 295.913528, "delta": 1.092943}},
{"target": 0.4642857142857143, "params": {"activation_function": 0.4537078398641239, "amount_of_layers": 6.824023529962996, "batch_size": 54.732818636521266, "dropout_rate": 0.4387504090845371, "epochs": 172.6173364041642, "hidden_channels": 53.89487692942152, "learning_rate": 0.09853876897815203, "optimizer": 1.1777270443653842, "pooling_algorithm": 0.4217082030623739}, "datetime": {"datetime": "2023-11-18 19:01:16", "elapsed": 303.024815, "delta": 7.111287}},
{"target": 0.8232142857142857, "params": {"activation_function": 0.5666981143228562, "amount_of_layers": 1.0582488558929564, "batch_size": 28.924371448111174, "dropout_rate": 0.2740041109024273, "epochs": 164.07557632923297, "hidden_channels": 48.524552485299346, "learning_rate": 0.003734207115393614, "optimizer": 1.0621077617605283, "pooling_algorithm": 0.40448514355851983}, "datetime": {"datetime": "2023-11-18 19:01:20", "elapsed": 307.587892, "delta": 4.563077}},
{"target": 0.7464285714285714, "params": {"activation_function": 1.9730737123517408, "amount_of_layers": 7.544297009799103, "batch_size": 115.87704785060694, "dropout_rate": 0.42849409897585417, "epochs": 97.89043259309696, "hidden_channels": 127.0737349162076, "learning_rate": 0.016646971880827848, "optimizer": 1.1641777822315333, "pooling_algorithm": 0.39688083143709707}, "datetime": {"datetime": "2023-11-18 19:01:28", "elapsed": 315.152747, "delta": 7.564855}},
{"target": 0.9089285714285714, "params": {"activation_function": 0.24449510492771998, "amount_of_layers": 5.489554433917446, "batch_size": 117.77354842767168, "dropout_rate": 0.5677164668131416, "epochs": 152.50963295269318, "hidden_channels": 56.270708778813564, "learning_rate": 0.08602259503149119, "optimizer": 0.5513622830322227, "pooling_algorithm": 0.6389764352716671}, "datetime": {"datetime": "2023-11-18 19:01:33", "elapsed": 319.997115, "delta": 4.844368}},
{"target": 0.9089285714285714, "params": {"activation_function": 0.3179176810296551, "amount_of_layers": 1.878687348930371, "batch_size": 44.649584167485855, "dropout_rate": 0.5813791641843051, "epochs": 138.6974733862491, "hidden_channels": 42.508010874068844, "learning_rate": 0.08396518226864211, "optimizer": 1.391193540175596, "pooling_algorithm": 0.5643322006278799}, "datetime": {"datetime": "2023-11-18 19:01:36", "elapsed": 323.742946, "delta": 3.745831}},
{"target": 0.9107142857142857, "params": {"activation_function": 0.7490339438397748, "amount_of_layers": 6.02406840254666, "batch_size": 67.82096133410248, "dropout_rate": 0.48598694542496107, "epochs": 74.89006261920983, "hidden_channels": 56.149864124157595, "learning_rate": 0.07589426913457183, "optimizer": 1.2406669223565503, "pooling_algorithm": 0.5958881264994543}, "datetime": {"datetime": "2023-11-18 19:01:40", "elapsed": 326.950977, "delta": 3.208031}},
{"target": 0.8607142857142858, "params": {"activation_function": 2.0, "amount_of_layers": 2.177335110982472, "batch_size": 72.07737061140303, "dropout_rate": 0.35186171555059137, "epochs": 74.7102731538808, "hidden_channels": 59.451322574398354, "learning_rate": 0.001, "optimizer": 2.0, "pooling_algorithm": 1.0}, "datetime": {"datetime": "2023-11-18 19:01:42", "elapsed": 329.369317, "delta": 2.41834}},
{"target": 0.8839285714285714, "params": {"activation_function": 2.0, "amount_of_layers": 1.0, "batch_size": 69.97897950410167, "dropout_rate": 0.75, "epochs": 77.5738438323196, "hidden_channels": 53.33082197034975, "learning_rate": 0.001, "optimizer": 2.0, "pooling_algorithm": 1.0}, "datetime": {"datetime": "2023-11-18 19:01:44", "elapsed": 331.742067, "delta": 2.37275}},
{"target": 0.9107142857142857, "params": {"activation_function": 1.5538849239725805, "amount_of_layers": 4.418502212358223, "batch_size": 95.16515472079067, "dropout_rate": 0.5173855289787103, "epochs": 89.92732739466584, "hidden_channels": 65.24389287904765, "learning_rate": 0.05754509088897073, "optimizer": 1.771893308573021, "pooling_algorithm": 0.8491413438065195}, "datetime": {"datetime": "2023-11-18 19:01:48", "elapsed": 335.132515, "delta": 3.390448}},
{"target": 0.9125000000000001, "params": {"activation_function": 0.480526597621501, "amount_of_layers": 4.918225961890783, "batch_size": 122.82398377240057, "dropout_rate": 0.5619045458840713, "epochs": 159.37710512018344, "hidden_channels": 52.77217120929358, "learning_rate": 0.06718651022028672, "optimizer": 0.6676180449074148, "pooling_algorithm": 0.6841536171505331}, "datetime": {"datetime": "2023-11-18 19:01:53", "elapsed": 340.278382, "delta": 5.145867}},
{"target": 0.8089285714285714, "params": {"activation_function": 1.577715144080109, "amount_of_layers": 1.4369907859086997, "batch_size": 51.57085791971965, "dropout_rate": 0.6251919808497229, "epochs": 143.27385445282192, "hidden_channels": 45.01893570534008, "learning_rate": 0.08777771200506813, "optimizer": 0.2616421005604064, "pooling_algorithm": 0.032686907966852696}, "datetime": {"datetime": "2023-11-18 19:01:56", "elapsed": 343.212413, "delta": 2.934031}},
{"target": 0.8428571428571429, "params": {"activation_function": 1.5963499088746318, "amount_of_layers": 2.6699829092687835, "batch_size": 87.524084430106, "dropout_rate": 0.43376222719147267, "epochs": 86.48398620694182, "hidden_channels": 69.64546213418926, "learning_rate": 0.001, "optimizer": 1.8298655789340752, "pooling_algorithm": 0.9835032175367213}, "datetime": {"datetime": "2023-11-18 19:01:59", "elapsed": 345.965366, "delta": 2.752953}},
{"target": 0.9035714285714286, "params": {"activation_function": 1.3423580336631016, "amount_of_layers": 1.8167455978434455, "batch_size": 41.33344682102851, "dropout_rate": 0.508869906510804, "epochs": 77.2342139275736, "hidden_channels": 73.90030043053868, "learning_rate": 0.07537623256106922, "optimizer": 0.6264137307900498, "pooling_algorithm": 0.6214932465366947}, "datetime": {"datetime": "2023-11-18 19:02:02", "elapsed": 348.837679, "delta": 2.872313}},
{"target": 0.8964285714285714, "params": {"activation_function": 0.9809485103454704, "amount_of_layers": 5.061492050948797, "batch_size": 128.18990484963874, "dropout_rate": 0.5672966822949903, "epochs": 161.39745813430886, "hidden_channels": 62.15303947109301, "learning_rate": 0.05886752067617395, "optimizer": 0.49776848139643265, "pooling_algorithm": 0.7048921015063677}, "datetime": {"datetime": "2023-11-18 19:02:07", "elapsed": 354.602333, "delta": 5.764654}},
{"target": 0.9053571428571429, "params": {"activation_function": 0.49266213555442623, "amount_of_layers": 8.28656656220686, "batch_size": 117.86725309731374, "dropout_rate": 0.3838580034424149, "epochs": 161.62277769310188, "hidden_channels": 61.32970613081768, "learning_rate": 0.0727878714582574, "optimizer": 0.11211284755303942, "pooling_algorithm": 0.9910369425151051}, "datetime": {"datetime": "2023-11-18 19:02:15", "elapsed": 362.015247, "delta": 7.412914}},
{"target": 0.8964285714285715, "params": {"activation_function": 0.0, "amount_of_layers": 8.375944749506228, "batch_size": 50.45352563610217, "dropout_rate": 0.25, "epochs": 135.322587759132, "hidden_channels": 43.462690528849116, "learning_rate": 0.1, "optimizer": 2.0, "pooling_algorithm": 1.0}, "datetime": {"datetime": "2023-11-18 19:02:21", "elapsed": 368.3916, "delta": 6.376353}},
{"target": 0.9035714285714286, "params": {"activation_function": 0.8949470897800196, "amount_of_layers": 4.2803511614231535, "batch_size": 69.09528057878249, "dropout_rate": 0.566796015653302, "epochs": 185.1231869355871, "hidden_channels": 40.57933760765646, "learning_rate": 0.06625174656954896, "optimizer": 1.0229169506745945, "pooling_algorithm": 0.7665386512692018}, "datetime": {"datetime": "2023-11-18 19:02:27", "elapsed": 374.561198, "delta": 6.169598}},
{"target": 0.4, "params": {"activation_function": 0.0, "amount_of_layers": 1.0, "batch_size": 121.82886743158754, "dropout_rate": 0.75, "epochs": 168.9388634598902, "hidden_channels": 57.591295855321974, "learning_rate": 0.1, "optimizer": 2.0, "pooling_algorithm": 0.0}, "datetime": {"datetime": "2023-11-18 19:02:31", "elapsed": 378.212612, "delta": 3.651414}},
{"target": 0.0, "params": {"activation_function": 1.8529443944007147, "amount_of_layers": 9.0, "batch_size": 131.95759818066827, "dropout_rate": 0.25, "epochs": 158.58990391257132, "hidden_channels": 52.925439743978906, "learning_rate": 0.026237433308316658, "optimizer": 0.0, "pooling_algorithm": 1.0}, "datetime": {"datetime": "2023-11-18 19:02:39", "elapsed": 386.22334, "delta": 8.010728}},
{"target": 0.9, "params": {"activation_function": 0.6767183348560999, "amount_of_layers": 7.784281604791717, "batch_size": 121.47635715259389, "dropout_rate": 0.35648950562324583, "epochs": 154.18160466584058, "hidden_channels": 66.3709621493127, "learning_rate": 0.060912921041047584, "optimizer": 1.6388585526637902, "pooling_algorithm": 0.8508510981555726}, "datetime": {"datetime": "2023-11-18 19:02:51", "elapsed": 398.802791, "delta": 12.579451}},
{"target": 0.9107142857142857, "params": {"activation_function": 0.0, "amount_of_layers": 1.596112458457835, "batch_size": 121.60615319573219, "dropout_rate": 0.75, "epochs": 156.6080368304824, "hidden_channels": 61.35537334477335, "learning_rate": 0.001, "optimizer": 0.0, "pooling_algorithm": 1.0}, "datetime": {"datetime": "2023-11-18 19:02:56", "elapsed": 403.2606, "delta": 4.457809}},
{"target": 0.09642857142857142, "params": {"activation_function": 1.1216197070790113, "amount_of_layers": 3.895174248084844, "batch_size": 72.29014733486927, "dropout_rate": 0.5370081192773957, "epochs": 196.1646899602913, "hidden_channels": 39.08815436385885, "learning_rate": 0.010457297248539176, "optimizer": 0.3303299925828287, "pooling_algorithm": 0.8168705282882959}, "datetime": {"datetime": "2023-11-18 19:03:02", "elapsed": 409.199201, "delta": 5.938601}},
{"target": 0.9089285714285714, "params": {"activation_function": 0.33572457047996895, "amount_of_layers": 3.8586088230956435, "batch_size": 126.8191991830724, "dropout_rate": 0.4151413588081169, "epochs": 161.33960305519116, "hidden_channels": 68.74568822849733, "learning_rate": 0.06503094812783959, "optimizer": 1.3192351266863553, "pooling_algorithm": 0.768812420136711}, "datetime": {"datetime": "2023-11-18 19:03:07", "elapsed": 414.698215, "delta": 5.499014}},
{"target": 0.9071428571428571, "params": {"activation_function": 1.112962773023163, "amount_of_layers": 5.564402404980954, "batch_size": 77.27782888292302, "dropout_rate": 0.251687812843711, "epochs": 193.9386481010387, "hidden_channels": 51.33126325689177, "learning_rate": 0.004311716050238715, "optimizer": 1.970684471554566, "pooling_algorithm": 0.9715899984022722}, "datetime": {"datetime": "2023-11-18 19:03:14", "elapsed": 421.111196, "delta": 6.412981}},
{"target": 0.9053571428571429, "params": {"activation_function": 0.0, "amount_of_layers": 5.730623524056282, "batch_size": 46.10172717723893, "dropout_rate": 0.25, "epochs": 139.35602473247238, "hidden_channels": 48.40660203309965, "learning_rate": 0.1, "optimizer": 2.0, "pooling_algorithm": 1.0}, "datetime": {"datetime": "2023-11-18 19:03:20", "elapsed": 426.929493, "delta": 5.818297}},
{"target": 0.7285714285714286, "params": {"activation_function": 1.2883221538001097, "amount_of_layers": 7.295170869359969, "batch_size": 68.239223022538, "dropout_rate": 0.3981148216979346, "epochs": 178.84527077005734, "hidden_channels": 35.26526103437525, "learning_rate": 0.07784302828757665, "optimizer": 0.8353981313158974, "pooling_algorithm": 0.18715947476735983}, "datetime": {"datetime": "2023-11-18 19:03:27", "elapsed": 434.375203, "delta": 7.44571}},
{"target": 0.7464285714285714, "params": {"activation_function": 0.8064943816782844, "amount_of_layers": 4.759357221447192, "batch_size": 87.8588613527172, "dropout_rate": 0.5420788824589162, "epochs": 88.32213665500252, "hidden_channels": 61.051235754882896, "learning_rate": 0.0033506487630005233, "optimizer": 1.8131279508186948, "pooling_algorithm": 0.49866867455634545}, "datetime": {"datetime": "2023-11-18 19:03:30", "elapsed": 437.56426, "delta": 3.189057}},
{"target": 0.7303571428571429, "params": {"activation_function": 0.6810984305092167, "amount_of_layers": 4.79600883029131, "batch_size": 115.20831264305642, "dropout_rate": 0.3216374431467302, "epochs": 158.0169376381758, "hidden_channels": 51.553002421288596, "learning_rate": 0.05854096501689486, "optimizer": 1.0322222894171134, "pooling_algorithm": 0.196144566050525}, "datetime": {"datetime": "2023-11-18 19:03:36", "elapsed": 443.065241, "delta": 5.500981}},
{"target": 0.7321428571428572, "params": {"activation_function": 1.1931851507585736, "amount_of_layers": 4.36391308176951, "batch_size": 72.26554652520204, "dropout_rate": 0.27323387269011556, "epochs": 187.54599521144632, "hidden_channels": 47.94261797664377, "learning_rate": 0.034018914061784124, "optimizer": 1.2892575548084046, "pooling_algorithm": 0.14816047755590855}, "datetime": {"datetime": "2023-11-18 19:03:42", "elapsed": 448.905601, "delta": 5.84036}},
