{"target": 0.5607142857142857, "params": {"activation_function": 0.9007774017950867, "amount_of_layers": 2.989299659793489, "batch_size": 92.93546277740553, "dropout_rate": 0.6558365757730995, "epochs": 89.87952918458816, "hidden_channels": 67.26701810512102, "learning_rate": 0.017867677255510486, "optimizer": 0.6413025989691223, "pooling_algorithm": 0.25897921729025}, "datetime": {"datetime": "2023-11-18 19:55:15", "elapsed": 3542.381984, "delta": 3.319224}},
{"target": 0.775, "params": {"activation_function": 0.2864217647447407, "amount_of_layers": 5.300988281133879, "batch_size": 67.77729558367045, "dropout_rate": 0.5846689240086167, "epochs": 41.093548473758204, "hidden_channels": 97.23288719682607, "learning_rate": 0.00804292149428214, "optimizer": 0.10881877912235605, "pooling_algorithm": 0.46893931250487575}, "datetime": {"datetime": "2023-11-18 19:55:18", "elapsed": 3545.476033, "delta": 3.094049}},
{"target": 0.8982142857142857, "params": {"activation_function": 0.7023457139044218, "amount_of_layers": 4.210633860084439, "batch_size": 93.97125181198155, "dropout_rate": 0.6915483442188144, "epochs": 90.64913544449102, "hidden_channels": 70.61216024350435, "learning_rate": 0.02792344269599771, "optimizer": 1.720603025316649, "pooling_algorithm": 0.959679735634265}, "datetime": {"datetime": "2023-11-18 19:55:22", "elapsed": 3549.39584, "delta": 3.919807}},
{"target": 0.9142857142857143, "params": {"activation_function": 1.0111616053648023, "amount_of_layers": 4.151291010863756, "batch_size": 66.07110566050217, "dropout_rate": 0.5263774296116275, "epochs": 183.85585896908722, "hidden_channels": 37.61709568445943, "learning_rate": 0.06887444335146849, "optimizer": 0.8300792250423145, "pooling_algorithm": 0.5742647128486014}, "datetime": {"datetime": "2023-11-18 19:55:28", "elapsed": 3555.568146, "delta": 6.172306}},
{"target": 0.9142857142857144, "params": {"activation_function": 0.3864101713186956, "amount_of_layers": 8.324543598340277, "batch_size": 17.118127221127864, "dropout_rate": 0.36431831056036, "epochs": 191.3117119143803, "hidden_channels": 14.924260709819098, "learning_rate": 0.015643823467668374, "optimizer": 0.4778922968647594, "pooling_algorithm": 0.9889865426018808}, "datetime": {"datetime": "2023-11-18 19:55:44", "elapsed": 3571.338648, "delta": 15.770502}},
{"target": 0.9160714285714285, "params": {"activation_function": 1.2450100993893352, "amount_of_layers": 3.1880444423214205, "batch_size": 127.18989725998888, "dropout_rate": 0.25, "epochs": 163.51165511654074, "hidden_channels": 70.83600011779129, "learning_rate": 0.062062286136753894, "optimizer": 0.9646442618313334, "pooling_algorithm": 0.9314653418076351}, "datetime": {"datetime": "2023-11-18 19:55:50", "elapsed": 3576.885857, "delta": 5.547209}},
{"target": 0.26964285714285713, "params": {"activation_function": 0.994959453015013, "amount_of_layers": 5.238187240925449, "batch_size": 97.07923872755612, "dropout_rate": 0.5887587931921721, "epochs": 88.00972170370615, "hidden_channels": 72.324514505147, "learning_rate": 0.027857656169513124, "optimizer": 1.2232362891151252, "pooling_algorithm": 0.2784989610690569}, "datetime": {"datetime": "2023-11-18 19:55:54", "elapsed": 3580.982186, "delta": 4.096329}},
{"target": 0.9089285714285714, "params": {"activation_function": 0.4053674191574161, "amount_of_layers": 6.890762471439231, "batch_size": 104.08129422862427, "dropout_rate": 0.30582747793208226, "epochs": 165.67688319672723, "hidden_channels": 22.60572690493304, "learning_rate": 0.05755576883326491, "optimizer": 1.2144165526889685, "pooling_algorithm": 0.7167376800172154}, "datetime": {"datetime": "2023-11-18 19:56:00", "elapsed": 3587.29534, "delta": 6.313154}},
{"target": 0.9196428571428572, "params": {"activation_function": 1.3264412650533761, "amount_of_layers": 8.35915893971371, "batch_size": 66.76884808566476, "dropout_rate": 0.39431572298323564, "epochs": 188.52416264093958, "hidden_channels": 30.15550576885585, "learning_rate": 0.08841983011376489, "optimizer": 1.280641649210942, "pooling_algorithm": 0.7644270715853152}, "datetime": {"datetime": "2023-11-18 19:56:10", "elapsed": 3596.908269, "delta": 9.612929}},
{"target": 0.7142857142857143, "params": {"activation_function": 1.7927831909117744, "amount_of_layers": 4.2654355484442625, "batch_size": 18.898499987417676, "dropout_rate": 0.4367536008930886, "epochs": 188.04669853211666, "hidden_channels": 16.673119883123263, "learning_rate": 0.02089321028609556, "optimizer": 1.060556033587391, "pooling_algorithm": 0.28605296767618316}, "datetime": {"datetime": "2023-11-18 19:56:20", "elapsed": 3607.031533, "delta": 10.123264}},
{"target": 0.9142857142857143, "params": {"activation_function": 1.0386678926707233, "amount_of_layers": 6.7955740648635805, "batch_size": 16.087940012888055, "dropout_rate": 0.6501203481735427, "epochs": 92.08405719578542, "hidden_channels": 86.84006137862418, "learning_rate": 0.03355713162486525, "optimizer": 1.0854605577170668, "pooling_algorithm": 0.8883250291927461}, "datetime": {"datetime": "2023-11-18 19:56:30", "elapsed": 3616.987881, "delta": 9.956348}},
{"target": 0.8964285714285715, "params": {"activation_function": 0.9782742530828457, "amount_of_layers": 1.2786795461864295, "batch_size": 37.56245070602937, "dropout_rate": 0.4320367137933574, "epochs": 84.72384793528713, "hidden_channels": 74.42350915652733, "learning_rate": 0.1, "optimizer": 0.6468901700659442, "pooling_algorithm": 0.739394732166047}, "datetime": {"datetime": "2023-11-18 19:56:33", "elapsed": 3620.420656, "delta": 3.432775}},
{"target": 0.7464285714285714, "params": {"activation_function": 1.5178343468133502, "amount_of_layers": 6.951436411558342, "batch_size": 66.64023940447625, "dropout_rate": 0.4478328253582093, "epochs": 188.97461800668353, "hidden_channels": 32.330810095842594, "learning_rate": 0.024347455821080898, "optimizer": 1.7331274315980612, "pooling_algorithm": 0.40151795162068205}, "datetime": {"datetime": "2023-11-18 19:56:41", "elapsed": 3628.352405, "delta": 7.931749}},
{"target": 0.9160714285714285, "params": {"activation_function": 0.9644570878213805, "amount_of_layers": 8.218847460909704, "batch_size": 118.91945945099812, "dropout_rate": 0.5132432284903155, "epochs": 159.98254287881787, "hidden_channels": 61.495659194120776, "learning_rate": 0.02285074187737446, "optimizer": 0.7579553218452666, "pooling_algorithm": 0.6601736713940178}, "datetime": {"datetime": "2023-11-18 19:56:49", "elapsed": 3636.127222, "delta": 7.774817}},
{"target": 0.725, "params": {"activation_function": 0.003208978509130711, "amount_of_layers": 4.448443106109295, "batch_size": 66.17621600586844, "dropout_rate": 0.31133048861823664, "epochs": 187.09366744055274, "hidden_channels": 31.434858129375897, "learning_rate": 0.038267771387799375, "optimizer": 0.5306126987265012, "pooling_algorithm": 0.1615398868587692}, "datetime": {"datetime": "2023-11-18 19:56:56", "elapsed": 3642.947013, "delta": 6.819791}},
{"target": 0.9125000000000001, "params": {"activation_function": 0.7072817882327933, "amount_of_layers": 6.217930675786384, "batch_size": 93.81254336144214, "dropout_rate": 0.6437087214023507, "epochs": 89.75698424561237, "hidden_channels": 69.09755221035215, "learning_rate": 0.05840829410927318, "optimizer": 1.327365704193277, "pooling_algorithm": 0.5440060637309411}, "datetime": {"datetime": "2023-11-18 19:57:00", "elapsed": 3647.494408, "delta": 4.547395}},
{"target": 0.8910714285714285, "params": {"activation_function": 1.9395324324059415, "amount_of_layers": 2.407218969938987, "batch_size": 84.8459499002928, "dropout_rate": 0.3670707018690233, "epochs": 175.80417987120987, "hidden_channels": 72.04796544254971, "learning_rate": 0.08857610534897692, "optimizer": 0.8933341733483999, "pooling_algorithm": 0.9392839954150589}, "datetime": {"datetime": "2023-11-18 19:57:06", "elapsed": 3652.920786, "delta": 5.426378}},
{"target": 0.8267857142857142, "params": {"activation_function": 0.02353261482240887, "amount_of_layers": 4.173224229992271, "batch_size": 52.645145326153525, "dropout_rate": 0.6753994582284777, "epochs": 124.76760166578717, "hidden_channels": 87.21924124627408, "learning_rate": 0.06157704189605385, "optimizer": 1.5740777552646708, "pooling_algorithm": 0.9149823254296706}, "datetime": {"datetime": "2023-11-18 19:57:12", "elapsed": 3658.840438, "delta": 5.919652}},
{"target": 0.9142857142857144, "params": {"activation_function": 1.1435450315451767, "amount_of_layers": 4.398940783832743, "batch_size": 127.66645260523005, "dropout_rate": 0.6221354409668971, "epochs": 164.0002367397243, "hidden_channels": 72.8162825224333, "learning_rate": 0.0557037186902706, "optimizer": 1.0791994434882621, "pooling_algorithm": 0.9319515077782358}, "datetime": {"datetime": "2023-11-18 19:57:18", "elapsed": 3665.143377, "delta": 6.302939}},
{"target": 0.9178571428571428, "params": {"activation_function": 1.2368041268562793, "amount_of_layers": 4.378655101836482, "batch_size": 128.49990992435949, "dropout_rate": 0.7228056654214008, "epochs": 162.90893658761522, "hidden_channels": 68.39681527145711, "learning_rate": 0.05935842041668211, "optimizer": 0.6497243530454122, "pooling_algorithm": 0.6559717183891647}, "datetime": {"datetime": "2023-11-18 19:57:24", "elapsed": 3671.001394, "delta": 5.858017}},
{"target": 0.08214285714285714, "params": {"activation_function": 1.9348787894035144, "amount_of_layers": 5.449323315453721, "batch_size": 66.06621360501035, "dropout_rate": 0.7029881949442782, "epochs": 188.77962315988944, "hidden_channels": 30.044992790599277, "learning_rate": 0.09752202091207587, "optimizer": 1.703033478617495, "pooling_algorithm": 0.8284610374334025}, "datetime": {"datetime": "2023-11-18 19:57:30", "elapsed": 3677.734204, "delta": 6.73281}},
{"target": 0.9125, "params": {"activation_function": 1.0817444539655365, "amount_of_layers": 6.561470129507578, "batch_size": 94.36515417467528, "dropout_rate": 0.3917449962480208, "epochs": 88.89280342264988, "hidden_channels": 72.28239132884718, "learning_rate": 0.03155350882966538, "optimizer": 0.693277391038128, "pooling_algorithm": 0.6699559278277506}, "datetime": {"datetime": "2023-11-18 19:57:35", "elapsed": 3682.325727, "delta": 4.591523}},
{"target": 0.9017857142857143, "params": {"activation_function": 1.436508346895541, "amount_of_layers": 7.766683989914275, "batch_size": 93.09757339758904, "dropout_rate": 0.6272751368021724, "epochs": 87.90019683161981, "hidden_channels": 71.40880342661107, "learning_rate": 0.06351358143583222, "optimizer": 1.4036988644025326, "pooling_algorithm": 0.5753504046324281}, "datetime": {"datetime": "2023-11-18 19:57:40", "elapsed": 3687.489156, "delta": 5.163429}},
{"target": 0.9071428571428571, "params": {"activation_function": 0.49517112221960335, "amount_of_layers": 6.471928278696126, "batch_size": 94.23445462189943, "dropout_rate": 0.6867488382528064, "epochs": 92.9669645874166, "hidden_channels": 66.45937078381802, "learning_rate": 0.007088396349441079, "optimizer": 1.8117476920521074, "pooling_algorithm": 0.9915517405702433}, "datetime": {"datetime": "2023-11-18 19:57:44", "elapsed": 3691.753689, "delta": 4.264533}},
{"target": 0.9071428571428573, "params": {"activation_function": 1.378053984491652, "amount_of_layers": 4.764963174242026, "batch_size": 92.0441908668759, "dropout_rate": 0.42828571715055735, "epochs": 88.46241317203427, "hidden_channels": 66.07957204987694, "learning_rate": 0.015366256663814724, "optimizer": 0.00787806608416175, "pooling_algorithm": 0.8217871483252247}, "datetime": {"datetime": "2023-11-18 19:57:48", "elapsed": 3695.615846, "delta": 3.862157}},
{"target": 0.9142857142857143, "params": {"activation_function": 1.4865864266729858, "amount_of_layers": 4.282917042567422, "batch_size": 95.31077643564481, "dropout_rate": 0.4460079206344954, "epochs": 88.5089622935472, "hidden_channels": 69.27485721543694, "learning_rate": 0.010848268062562338, "optimizer": 0.6304848510229089, "pooling_algorithm": 0.5299211678783587}, "datetime": {"datetime": "2023-11-18 19:57:52", "elapsed": 3699.394498, "delta": 3.778652}},
{"target": 0.9125, "params": {"activation_function": 0.7971939278448716, "amount_of_layers": 7.342273213191236, "batch_size": 17.317816043788763, "dropout_rate": 0.43602882032564705, "epochs": 195.70864528743292, "hidden_channels": 15.50894514570635, "learning_rate": 0.08109368421300757, "optimizer": 1.081181972804988, "pooling_algorithm": 0.942726361916653}, "datetime": {"datetime": "2023-11-18 19:58:08", "elapsed": 3715.0398, "delta": 15.645302}},
{"target": 0.7339285714285715, "params": {"activation_function": 0.845787693539577, "amount_of_layers": 6.0189163768898775, "batch_size": 66.60489179545087, "dropout_rate": 0.5497368824191422, "epochs": 190.61516691282296, "hidden_channels": 30.406460590510168, "learning_rate": 0.05761828195642519, "optimizer": 0.7151350357452169, "pooling_algorithm": 0.08708090331574259}, "datetime": {"datetime": "2023-11-18 19:58:15", "elapsed": 3722.50156, "delta": 7.46176}},
{"target": 0.9196428571428572, "params": {"activation_function": 1.9379881377413826, "amount_of_layers": 1.2132415975841457, "batch_size": 68.15948490466836, "dropout_rate": 0.6322879869735593, "epochs": 185.4745293160328, "hidden_channels": 32.566640895035846, "learning_rate": 0.09755203865423613, "optimizer": 0.5512859907952801, "pooling_algorithm": 0.518046282296698}, "datetime": {"datetime": "2023-11-18 19:58:20", "elapsed": 3726.862211, "delta": 4.360651}},
{"target": 0.8285714285714285, "params": {"activation_function": 1.5544113009370013, "amount_of_layers": 7.435369089331293, "batch_size": 68.48662095423845, "dropout_rate": 0.3166695981847159, "epochs": 186.99981566540822, "hidden_channels": 32.16400736022868, "learning_rate": 0.007107402866323362, "optimizer": 1.068829990522922, "pooling_algorithm": 0.2654353988528716}, "datetime": {"datetime": "2023-11-18 19:58:28", "elapsed": 3734.98778, "delta": 8.125569}},
{"target": 0.9071428571428573, "params": {"activation_function": 1.6554516534762236, "amount_of_layers": 4.607298035246778, "batch_size": 38.843179492290076, "dropout_rate": 0.707302166553961, "epochs": 165.344861559374, "hidden_channels": 93.24881357338327, "learning_rate": 0.07919300242145458, "optimizer": 1.3520481384395673, "pooling_algorithm": 0.7420430007085729}, "datetime": {"datetime": "2023-11-18 19:58:37", "elapsed": 3744.743253, "delta": 9.755473}},
{"target": 0.9, "params": {"activation_function": 1.4194350055148663, "amount_of_layers": 6.081614481408387, "batch_size": 64.72359483057312, "dropout_rate": 0.7280070011219725, "epochs": 186.06582177533377, "hidden_channels": 31.656040129052396, "learning_rate": 0.05019406182280916, "optimizer": 0.3180021450969772, "pooling_algorithm": 0.9069446798816748}, "datetime": {"datetime": "2023-11-18 19:58:45", "elapsed": 3751.878819, "delta": 7.135566}},
{"target": 0.9089285714285714, "params": {"activation_function": 0.0, "amount_of_layers": 6.469891484512718, "batch_size": 77.63461597159252, "dropout_rate": 0.6693843173249683, "epochs": 136.67589683565055, "hidden_channels": 57.91145039882919, "learning_rate": 0.06391024316582909, "optimizer": 1.0543502886077378, "pooling_algorithm": 0.7736403098512331}, "datetime": {"datetime": "2023-11-18 19:58:50", "elapsed": 3757.653654, "delta": 5.774835}},
{"target": 0.8785714285714286, "params": {"activation_function": 0.32740040083033595, "amount_of_layers": 4.781361509915789, "batch_size": 93.7858491509926, "dropout_rate": 0.6771314491626368, "epochs": 90.74444624595581, "hidden_channels": 69.9844707012433, "learning_rate": 0.029961945837803993, "optimizer": 0.31784888096796604, "pooling_algorithm": 0.5842474541750208}, "datetime": {"datetime": "2023-11-18 19:58:55", "elapsed": 3762.109356, "delta": 4.455702}},
{"target": 0.8946428571428571, "params": {"activation_function": 0.7894972959986744, "amount_of_layers": 8.640312161819054, "batch_size": 65.27592649973744, "dropout_rate": 0.6226976509840263, "epochs": 185.09782629840979, "hidden_channels": 36.3600265231203, "learning_rate": 0.0016000229960548523, "optimizer": 1.720294050702293, "pooling_algorithm": 0.7885239498604736}, "datetime": {"datetime": "2023-11-18 19:59:04", "elapsed": 3771.19697, "delta": 9.087614}},
{"target": 0.19999999999999998, "params": {"activation_function": 0.9831900807690175, "amount_of_layers": 5.180372763766262, "batch_size": 128.5044647213467, "dropout_rate": 0.6913586025053277, "epochs": 162.65807335009006, "hidden_channels": 69.67108423595053, "learning_rate": 0.0011362604488859428, "optimizer": 1.0958660982010162, "pooling_algorithm": 0.3893694448858127}, "datetime": {"datetime": "2023-11-18 19:59:11", "elapsed": 3778.311169, "delta": 7.114199}},
{"target": 0.9196428571428571, "params": {"activation_function": 1.130572942123831, "amount_of_layers": 5.019204386276084, "batch_size": 47.504386265104216, "dropout_rate": 0.6719584729748311, "epochs": 186.6994205328127, "hidden_channels": 111.93303769801368, "learning_rate": 0.0334350881001296, "optimizer": 0.7846896199984004, "pooling_algorithm": 0.8569570480775199}, "datetime": {"datetime": "2023-11-18 19:59:22", "elapsed": 3788.875438, "delta": 10.564269}},
{"target": 0.9142857142857143, "params": {"activation_function": 1.270785122142653, "amount_of_layers": 4.544581482845147, "batch_size": 91.8141123324379, "dropout_rate": 0.6055019108087953, "epochs": 87.25197484390507, "hidden_channels": 66.24510133816699, "learning_rate": 0.05468458633859559, "optimizer": 0.4618791566345468, "pooling_algorithm": 0.5372445384011868}, "datetime": {"datetime": "2023-11-18 19:59:25", "elapsed": 3792.789476, "delta": 3.914038}},
{"target": 0.26249999999999996, "params": {"activation_function": 1.1468729914925608, "amount_of_layers": 6.40190026036012, "batch_size": 123.34041211495344, "dropout_rate": 0.2819427416463712, "epochs": 153.5296582871737, "hidden_channels": 57.12399837306882, "learning_rate": 0.08410601771156512, "optimizer": 1.8646502898867565, "pooling_algorithm": 0.194432965454028}, "datetime": {"datetime": "2023-11-18 19:59:39", "elapsed": 3806.801151, "delta": 14.011675}},
{"target": 0.8999999999999999, "params": {"activation_function": 1.0573370279253222, "amount_of_layers": 8.348187076972398, "batch_size": 17.36946147952653, "dropout_rate": 0.33276109041592367, "epochs": 187.65230855446964, "hidden_channels": 13.241691775547634, "learning_rate": 0.0038385696936162517, "optimizer": 1.1507181784828768, "pooling_algorithm": 0.8338789597207463}, "datetime": {"datetime": "2023-11-18 19:59:56", "elapsed": 3822.864566, "delta": 16.063415}},
{"target": 0.7392857142857143, "params": {"activation_function": 0.7152027024998042, "amount_of_layers": 2.8324087206366553, "batch_size": 96.32734915477837, "dropout_rate": 0.33489864426359434, "epochs": 93.06215782442679, "hidden_channels": 72.73561994393604, "learning_rate": 0.037414723822251646, "optimizer": 0.3799557103282978, "pooling_algorithm": 0.2691067967065425}, "datetime": {"datetime": "2023-11-18 20:00:00", "elapsed": 3826.84318, "delta": 3.978614}},
{"target": 0.9125, "params": {"activation_function": 0.5059206823433406, "amount_of_layers": 5.761295293422045, "batch_size": 95.51371818979496, "dropout_rate": 0.32421442235333653, "epochs": 89.48717219058341, "hidden_channels": 72.62588444366651, "learning_rate": 0.09264872260175401, "optimizer": 0.1999110164739173, "pooling_algorithm": 0.6758261994779121}, "datetime": {"datetime": "2023-11-18 20:00:05", "elapsed": 3832.01394, "delta": 5.17076}},
{"target": 0.8857142857142858, "params": {"activation_function": 0.3488586611206743, "amount_of_layers": 6.71610228223665, "batch_size": 91.52204248773302, "dropout_rate": 0.5903998365552272, "epochs": 87.2805576449426, "hidden_channels": 65.41626107916667, "learning_rate": 0.012562462977983756, "optimizer": 1.254951019266232, "pooling_algorithm": 0.772093583830504}, "datetime": {"datetime": "2023-11-18 20:00:09", "elapsed": 3836.498879, "delta": 4.484939}},
{"target": 0.8303571428571429, "params": {"activation_function": 0.0, "amount_of_layers": 1.0, "batch_size": 44.643641420335896, "dropout_rate": 0.6553172584017181, "epochs": 139.80332120595247, "hidden_channels": 42.97907140085871, "learning_rate": 0.013371586743655394, "optimizer": 2.0, "pooling_algorithm": 0.00795191117354471}, "datetime": {"datetime": "2023-11-18 20:00:15", "elapsed": 3842.359161, "delta": 5.860282}},
{"target": 0.9035714285714286, "params": {"activation_function": 0.7458443975956284, "amount_of_layers": 3.0883527253273915, "batch_size": 129.55908309982735, "dropout_rate": 0.4098576725602557, "epochs": 164.6680926820721, "hidden_channels": 75.24471555151172, "learning_rate": 0.019461196662326475, "optimizer": 0.2967379816640665, "pooling_algorithm": 0.8684547436755863}, "datetime": {"datetime": "2023-11-18 20:00:21", "elapsed": 3848.069082, "delta": 5.709921}},
{"target": 0.8982142857142857, "params": {"activation_function": 0.7019265240773529, "amount_of_layers": 4.621080329257636, "batch_size": 93.44341002039009, "dropout_rate": 0.6617392648866203, "epochs": 87.9243890923025, "hidden_channels": 72.86735735094734, "learning_rate": 0.09187198065446331, "optimizer": 1.5075646082010377, "pooling_algorithm": 0.8390870815933276}, "datetime": {"datetime": "2023-11-18 20:00:27", "elapsed": 3853.882049, "delta": 5.812967}},
{"target": 0.8250000000000001, "params": {"activation_function": 0.29211578973824937, "amount_of_layers": 7.762766655015943, "batch_size": 96.03253624480595, "dropout_rate": 0.5497995689571753, "epochs": 89.37512049140962, "hidden_channels": 70.55605344884415, "learning_rate": 0.003961726116901763, "optimizer": 1.2531509679787274, "pooling_algorithm": 0.8652931384205572}, "datetime": {"datetime": "2023-11-18 20:00:32", "elapsed": 3859.190653, "delta": 5.308604}},
