{"target": 0.0, "params": {"activation_function": 1.6335847991981414, "amount_of_layers": 4.19343193536727, "batch_size": 94.75117558040291, "dropout_rate": 0.5321106393700847, "epochs": 149.00381036839002, "hidden_channels": 46.27558899365796, "learning_rate": 0.04051036906265107, "optimizer": 1.8112522709451826, "pooling_algorithm": 0.6856567211765912}, "datetime": {"datetime": "2023-11-19 01:54:33", "elapsed": 25100.092571, "delta": 12.914962}},
{"target": 0.9017857142857143, "params": {"activation_function": 1.2324427090956185, "amount_of_layers": 1.9798981627543144, "batch_size": 32.54407273651391, "dropout_rate": 0.2599675291341681, "epochs": 18.978099517027538, "hidden_channels": 73.21753432413644, "learning_rate": 0.08544136576739966, "optimizer": 0.9706098653589179, "pooling_algorithm": 0.894776533788993}, "datetime": {"datetime": "2023-11-19 01:54:43", "elapsed": 25109.834272, "delta": 9.741701}},
{"target": 0.0, "params": {"activation_function": 1.7067539887488756, "amount_of_layers": 5.833660674015659, "batch_size": 61.609753664649354, "dropout_rate": 0.3754549079532776, "epochs": 71.85833893797357, "hidden_channels": 111.7101659377012, "learning_rate": 0.09456020250704182, "optimizer": 0.12164038089437867, "pooling_algorithm": 0.6297638553656841}, "datetime": {"datetime": "2023-11-19 01:54:56", "elapsed": 25123.394447, "delta": 13.560175}},
{"target": 0.0, "params": {"activation_function": 1.6275545666156943, "amount_of_layers": 7.3827794775916855, "batch_size": 81.46036605363228, "dropout_rate": 0.5193927413368042, "epochs": 177.99875846286506, "hidden_channels": 81.3492492011082, "learning_rate": 0.02340100354234707, "optimizer": 0.05386958185733781, "pooling_algorithm": 0.7518847004839794}, "datetime": {"datetime": "2023-11-19 01:55:13", "elapsed": 25140.728012, "delta": 17.333565}},
{"target": 0.0, "params": {"activation_function": 1.6054511084672818, "amount_of_layers": 2.5093969985440108, "batch_size": 126.8317203265351, "dropout_rate": 0.5214762241414732, "epochs": 27.77236760670049, "hidden_channels": 96.54341120808624, "learning_rate": 0.0792975016165439, "optimizer": 0.8393169459977363, "pooling_algorithm": 0.17839155379785498}, "datetime": {"datetime": "2023-11-19 01:55:23", "elapsed": 25150.673313, "delta": 9.945301}},
{"target": 0.9089285714285714, "params": {"activation_function": 0.2602380177553627, "amount_of_layers": 5.960919944119577, "batch_size": 53.73363465264628, "dropout_rate": 0.42314801896629195, "epochs": 104.46915562698234, "hidden_channels": 5.494167013790166, "learning_rate": 0.020576736059367034, "optimizer": 0.6839206194300897, "pooling_algorithm": 0.894689231054856}, "datetime": {"datetime": "2023-11-19 01:55:38", "elapsed": 25164.876223, "delta": 14.20291}},
{"target": 0.7428571428571429, "params": {"activation_function": 0.5143427541342922, "amount_of_layers": 8.24567618919171, "batch_size": 101.03703157840431, "dropout_rate": 0.5237976488343797, "epochs": 41.5324866484479, "hidden_channels": 102.9223447905031, "learning_rate": 0.041631108171598714, "optimizer": 0.7113822838244244, "pooling_algorithm": 0.31279504154339743}, "datetime": {"datetime": "2023-11-19 01:56:43", "elapsed": 25230.085946, "delta": 65.209723}},
{"target": 0.8285714285714286, "params": {"activation_function": 0.1906605406298607, "amount_of_layers": 7.878127637066954, "batch_size": 119.44523363119131, "dropout_rate": 0.6705496733105774, "epochs": 173.70771783031762, "hidden_channels": 108.14384277271408, "learning_rate": 0.0934773501427828, "optimizer": 0.08290741585587957, "pooling_algorithm": 0.04997857574314313}, "datetime": {"datetime": "2023-11-19 01:57:03", "elapsed": 25250.620804, "delta": 20.534858}},
{"target": 0.9107142857142857, "params": {"activation_function": 1.6245590392605238, "amount_of_layers": 2.6851141980759294, "batch_size": 116.26679282417922, "dropout_rate": 0.6208379080181899, "epochs": 45.83836186462449, "hidden_channels": 15.248942803934767, "learning_rate": 0.027099074168442153, "optimizer": 1.5150340498085766, "pooling_algorithm": 0.5817042848197377}, "datetime": {"datetime": "2023-11-19 01:58:09", "elapsed": 25316.295207, "delta": 65.674403}},
{"target": 0.9071428571428571, "params": {"activation_function": 0.9496077516963726, "amount_of_layers": 2.4898093207124052, "batch_size": 109.69498050297628, "dropout_rate": 0.27282589930907447, "epochs": 41.90828134212287, "hidden_channels": 58.482286468656504, "learning_rate": 0.08731336310390715, "optimizer": 1.4629393375424096, "pooling_algorithm": 0.5460380828738272}, "datetime": {"datetime": "2023-11-19 01:58:21", "elapsed": 25327.956102, "delta": 11.660895}},
{"target": 0.8232142857142858, "params": {"activation_function": 1.3063273776682498, "amount_of_layers": 1.397198205566716, "batch_size": 123.27336835500216, "dropout_rate": 0.6746706013198565, "epochs": 153.9101990263817, "hidden_channels": 58.90386109604809, "learning_rate": 0.058651307044363374, "optimizer": 1.1747161171878335, "pooling_algorithm": 0.3814273545359588}, "datetime": {"datetime": "2023-11-19 01:58:59", "elapsed": 25366.15682, "delta": 38.200718}},
{"target": 0.7375, "params": {"activation_function": 1.720177781659354, "amount_of_layers": 4.557468132831573, "batch_size": 94.11136297605785, "dropout_rate": 0.29174184585992446, "epochs": 174.90077037337747, "hidden_channels": 41.240601946936316, "learning_rate": 0.061785019337561316, "optimizer": 1.916241650921354, "pooling_algorithm": 0.15422393074126495}, "datetime": {"datetime": "2023-11-19 01:59:14", "elapsed": 25380.859852, "delta": 14.703032}},
{"target": 0.0, "params": {"activation_function": 1.3632148353653741, "amount_of_layers": 8.70934828337837, "batch_size": 27.007668909043126, "dropout_rate": 0.46775981393653665, "epochs": 58.05165171015203, "hidden_channels": 65.60087489277518, "learning_rate": 0.08816751167662348, "optimizer": 1.9365386996075176, "pooling_algorithm": 0.9098185226350779}, "datetime": {"datetime": "2023-11-19 01:59:28", "elapsed": 25395.188634, "delta": 14.328782}},
{"target": 0.8214285714285715, "params": {"activation_function": 0.9215680717436745, "amount_of_layers": 1.1494328612948914, "batch_size": 54.2231813988395, "dropout_rate": 0.6334530616584768, "epochs": 79.40852115684967, "hidden_channels": 46.65451469445012, "learning_rate": 0.04910939492024645, "optimizer": 0.9044416977592169, "pooling_algorithm": 0.19750900562553075}, "datetime": {"datetime": "2023-11-19 01:59:39", "elapsed": 25406.648809, "delta": 11.460175}},
{"target": 0.9017857142857143, "params": {"activation_function": 1.97740145784527, "amount_of_layers": 6.168461403627407, "batch_size": 66.71892387128825, "dropout_rate": 0.4057506224604619, "epochs": 198.5106671264345, "hidden_channels": 102.78545533333303, "learning_rate": 0.07169766176758878, "optimizer": 0.7813034971521109, "pooling_algorithm": 0.9523646401792536}, "datetime": {"datetime": "2023-11-19 02:00:00", "elapsed": 25427.518828, "delta": 20.870019}},
{"target": 0.875, "params": {"activation_function": 0.24085013274857903, "amount_of_layers": 1.8703427480358226, "batch_size": 109.5017748234555, "dropout_rate": 0.7164201085377055, "epochs": 41.26782952350281, "hidden_channels": 58.51932364762661, "learning_rate": 0.006117430882349781, "optimizer": 0.611681205778821, "pooling_algorithm": 0.7642610623193908}, "datetime": {"datetime": "2023-11-19 02:00:39", "elapsed": 25466.589749, "delta": 39.070921}},
{"target": 0.0, "params": {"activation_function": 1.133206644072026, "amount_of_layers": 4.449982653367494, "batch_size": 139.00825202887023, "dropout_rate": 0.2923674555703559, "epochs": 176.79451350222993, "hidden_channels": 96.52338167924339, "learning_rate": 0.08033578581741747, "optimizer": 0.4761202838809644, "pooling_algorithm": 0.932220992300952}, "datetime": {"datetime": "2023-11-19 02:00:57", "elapsed": 25484.225924, "delta": 17.636175}},
{"target": 0.7357142857142858, "params": {"activation_function": 0.9789005831661899, "amount_of_layers": 6.377634832876422, "batch_size": 46.729606433441155, "dropout_rate": 0.6641387893845101, "epochs": 69.25471832042771, "hidden_channels": 75.32948775809038, "learning_rate": 0.028451462789595823, "optimizer": 0.30900098971652223, "pooling_algorithm": 0.367555544789992}, "datetime": {"datetime": "2023-11-19 02:01:11", "elapsed": 25498.245246, "delta": 14.019322}},
{"target": 0.0, "params": {"activation_function": 1.9626666796712122, "amount_of_layers": 3.3050668818212277, "batch_size": 72.9216372635709, "dropout_rate": 0.5578727028427113, "epochs": 16.22450586587238, "hidden_channels": 74.69929212751771, "learning_rate": 0.07741140154807438, "optimizer": 1.1029753834075877, "pooling_algorithm": 0.23427407534318034}, "datetime": {"datetime": "2023-11-19 02:01:21", "elapsed": 25508.664716, "delta": 10.41947}},
{"target": 0.725, "params": {"activation_function": 1.6371608807243632, "amount_of_layers": 2.7780301018985067, "batch_size": 46.23166423838919, "dropout_rate": 0.4579409315206738, "epochs": 139.04556121263792, "hidden_channels": 29.646334281533164, "learning_rate": 0.04702663627493971, "optimizer": 1.1239806634023448, "pooling_algorithm": 0.10610113802115362}, "datetime": {"datetime": "2023-11-19 02:02:07", "elapsed": 25553.964717, "delta": 45.300001}},
{"target": 0.9071428571428571, "params": {"activation_function": 1.2122823240218403, "amount_of_layers": 3.087477580973724, "batch_size": 18.14832963958365, "dropout_rate": 0.2500860701902774, "epochs": 161.5591915830964, "hidden_channels": 21.258423300806985, "learning_rate": 0.021961078827865733, "optimizer": 1.9179310761088697, "pooling_algorithm": 0.5517870376174301}, "datetime": {"datetime": "2023-11-19 02:02:51", "elapsed": 25598.454086, "delta": 44.489369}},
{"target": 0.9035714285714286, "params": {"activation_function": 1.2708285215751436, "amount_of_layers": 3.3384967342973315, "batch_size": 33.86123031422139, "dropout_rate": 0.26560889255302245, "epochs": 169.51588089726695, "hidden_channels": 64.08312806172425, "learning_rate": 0.01795033942810038, "optimizer": 0.9341641711899358, "pooling_algorithm": 0.6353003181584512}, "datetime": {"datetime": "2023-11-19 02:03:08", "elapsed": 25614.945791, "delta": 16.491705}},
{"target": 0.9178571428571428, "params": {"activation_function": 0.4690506915827901, "amount_of_layers": 3.6065331941388084, "batch_size": 136.4425173085943, "dropout_rate": 0.5629060764676765, "epochs": 88.05306610171564, "hidden_channels": 99.57751245827515, "learning_rate": 0.03512104581988392, "optimizer": 0.11547656679582971, "pooling_algorithm": 0.8802984649085164}, "datetime": {"datetime": "2023-11-19 02:03:50", "elapsed": 25657.068419, "delta": 42.122628}},
{"target": 0.0, "params": {"activation_function": 0.8150887054789424, "amount_of_layers": 4.707891470418099, "batch_size": 130.19541197610846, "dropout_rate": 0.31731767721677984, "epochs": 16.285452584299314, "hidden_channels": 84.8091038940241, "learning_rate": 0.04672117069754615, "optimizer": 1.8679903784748846, "pooling_algorithm": 0.49064879639682357}, "datetime": {"datetime": "2023-11-19 02:04:00", "elapsed": 25667.14817, "delta": 10.079751}},
{"target": 0.9035714285714286, "params": {"activation_function": 1.43908956153992, "amount_of_layers": 4.768758127850526, "batch_size": 127.4154793106859, "dropout_rate": 0.43562847509136493, "epochs": 125.89305603950397, "hidden_channels": 50.34506252354047, "learning_rate": 0.03173892092688362, "optimizer": 0.9287798747803742, "pooling_algorithm": 0.7486593385020341}, "datetime": {"datetime": "2023-11-19 02:04:13", "elapsed": 25680.58218, "delta": 13.43401}},
{"target": 0.27321428571428563, "params": {"activation_function": 0.5148995439907982, "amount_of_layers": 7.499507172431036, "batch_size": 43.84304385267054, "dropout_rate": 0.29233697992208674, "epochs": 140.05397020488905, "hidden_channels": 55.57987998608013, "learning_rate": 0.05799338569906222, "optimizer": 0.6863229251911294, "pooling_algorithm": 0.1582163774854336}, "datetime": {"datetime": "2023-11-19 02:04:29", "elapsed": 25696.35106, "delta": 15.76888}},
{"target": 0.8982142857142856, "params": {"activation_function": 0.8090261079975574, "amount_of_layers": 1.286704678660704, "batch_size": 36.18973665130756, "dropout_rate": 0.3177110859879108, "epochs": 30.25445681804881, "hidden_channels": 80.33726812388076, "learning_rate": 0.09463130420867086, "optimizer": 0.794986482019006, "pooling_algorithm": 0.7971019437390245}, "datetime": {"datetime": "2023-11-19 02:04:40", "elapsed": 25707.127272, "delta": 10.776212}},
{"target": 0.0, "params": {"activation_function": 1.930407167262867, "amount_of_layers": 4.353634426937048, "batch_size": 89.2410664548375, "dropout_rate": 0.38501323055920794, "epochs": 127.74929140461546, "hidden_channels": 104.90814201922788, "learning_rate": 0.04676454872732951, "optimizer": 0.10731460982203211, "pooling_algorithm": 0.6730173106401146}, "datetime": {"datetime": "2023-11-19 02:04:55", "elapsed": 25721.846704, "delta": 14.719432}},
{"target": 0.9107142857142858, "params": {"activation_function": 0.3225356691483108, "amount_of_layers": 8.624450144452615, "batch_size": 118.67921219220584, "dropout_rate": 0.6768017480288373, "epochs": 13.285969787105817, "hidden_channels": 28.329615889540644, "learning_rate": 0.010897157105527248, "optimizer": 1.0243380611266437, "pooling_algorithm": 0.6254575742853955}, "datetime": {"datetime": "2023-11-19 02:05:06", "elapsed": 25733.180774, "delta": 11.33407}},
{"target": 0.7392857142857143, "params": {"activation_function": 0.5097708866206812, "amount_of_layers": 2.802174847580381, "batch_size": 48.63338102059301, "dropout_rate": 0.4037589152183935, "epochs": 22.047162358622955, "hidden_channels": 61.4320267959435, "learning_rate": 0.06146370306315525, "optimizer": 0.009989404226651288, "pooling_algorithm": 0.0994663978511261}, "datetime": {"datetime": "2023-11-19 02:05:17", "elapsed": 25743.932763, "delta": 10.751989}},
{"target": 0.7339285714285715, "params": {"activation_function": 1.1929357959499725, "amount_of_layers": 3.485535193408772, "batch_size": 23.776598641606846, "dropout_rate": 0.2733600306162058, "epochs": 167.03011858192187, "hidden_channels": 103.37503712162062, "learning_rate": 0.096230330788845, "optimizer": 0.5336100718080674, "pooling_algorithm": 0.2552537492348478}, "datetime": {"datetime": "2023-11-19 02:05:39", "elapsed": 25766.071954, "delta": 22.139191}},
{"target": 0.8303571428571429, "params": {"activation_function": 0.32273063949505, "amount_of_layers": 2.90032750575517, "batch_size": 99.03203416136677, "dropout_rate": 0.5550891159332915, "epochs": 118.66652936430039, "hidden_channels": 34.1050590908588, "learning_rate": 0.0567169222403444, "optimizer": 1.3745719320571514, "pooling_algorithm": 0.9185250368546035}, "datetime": {"datetime": "2023-11-19 02:05:51", "elapsed": 25778.723509, "delta": 12.651555}},
{"target": 0.9178571428571428, "params": {"activation_function": 0.9108885864073335, "amount_of_layers": 5.227064411082561, "batch_size": 30.027052834763957, "dropout_rate": 0.4204642181610639, "epochs": 143.91360268902207, "hidden_channels": 23.07519217834536, "learning_rate": 0.0628225461013835, "optimizer": 0.7800050486608869, "pooling_algorithm": 0.9299281170870874}, "datetime": {"datetime": "2023-11-19 02:06:34", "elapsed": 25820.846052, "delta": 42.122543}},
{"target": 0.8178571428571428, "params": {"activation_function": 0.1864087174836917, "amount_of_layers": 5.731702457373887, "batch_size": 92.94721567222827, "dropout_rate": 0.5412167079337173, "epochs": 87.97434182503011, "hidden_channels": 73.49729591020785, "learning_rate": 0.06431683796149028, "optimizer": 0.27678422537642144, "pooling_algorithm": 0.29655811166758295}, "datetime": {"datetime": "2023-11-19 02:07:34", "elapsed": 25881.640556, "delta": 60.794504}},
{"target": 0.8607142857142858, "params": {"activation_function": 1.9057456694875476, "amount_of_layers": 1.0463232147480435, "batch_size": 133.12753892059743, "dropout_rate": 0.500975584180684, "epochs": 42.926071171701956, "hidden_channels": 35.70586539712899, "learning_rate": 0.0888526853846317, "optimizer": 1.4980854530649612, "pooling_algorithm": 0.9282923190974258}, "datetime": {"datetime": "2023-11-19 02:07:45", "elapsed": 25892.259121, "delta": 10.618565}},
{"target": 0.8857142857142858, "params": {"activation_function": 1.8555003069925506, "amount_of_layers": 5.625159399336066, "batch_size": 107.05599000733142, "dropout_rate": 0.42485854499006565, "epochs": 160.16777660004195, "hidden_channels": 103.81287790812695, "learning_rate": 0.013177523378846735, "optimizer": 0.051057023162170756, "pooling_algorithm": 0.5856373220929547}, "datetime": {"datetime": "2023-11-19 02:08:27", "elapsed": 25934.732137, "delta": 42.473016}},
{"target": 0.9035714285714286, "params": {"activation_function": 1.4640682916041716, "amount_of_layers": 5.411452063835815, "batch_size": 60.59143127218657, "dropout_rate": 0.6372485049527827, "epochs": 184.92940914863019, "hidden_channels": 99.39033090051959, "learning_rate": 0.04530458892349822, "optimizer": 0.7628452873561422, "pooling_algorithm": 0.7112415613008379}, "datetime": {"datetime": "2023-11-19 02:09:14", "elapsed": 25981.808172, "delta": 47.076035}},
{"target": 0.7857142857142857, "params": {"activation_function": 1.0160909325269973, "amount_of_layers": 3.3643419916730313, "batch_size": 17.09042404600624, "dropout_rate": 0.5645810749530668, "epochs": 186.70768008259566, "hidden_channels": 16.557037744039114, "learning_rate": 0.08348057039722179, "optimizer": 0.12591817829826768, "pooling_algorithm": 0.4336082756789159}, "datetime": {"datetime": "2023-11-19 02:10:02", "elapsed": 26029.404325, "delta": 47.596153}},
{"target": 0.75, "params": {"activation_function": 1.6430457526266475, "amount_of_layers": 3.4185774698822673, "batch_size": 56.16204288270103, "dropout_rate": 0.39799267313846626, "epochs": 99.9176611764111, "hidden_channels": 99.05879583085407, "learning_rate": 0.04091701409074249, "optimizer": 1.4502179386971423, "pooling_algorithm": 0.4660599564391187}, "datetime": {"datetime": "2023-11-19 02:10:47", "elapsed": 26074.219863, "delta": 44.815538}},
{"target": 0.21428571428571427, "params": {"activation_function": 0.3956607472593956, "amount_of_layers": 4.351575636833208, "batch_size": 66.05727219819124, "dropout_rate": 0.29772591195554976, "epochs": 194.8689810689212, "hidden_channels": 63.288853105034526, "learning_rate": 0.05560111380553858, "optimizer": 0.9964094687844312, "pooling_algorithm": 0.4765169932594352}, "datetime": {"datetime": "2023-11-19 02:11:04", "elapsed": 26091.416182, "delta": 17.196319}},
{"target": 0.8071428571428572, "params": {"activation_function": 1.5197519902518808, "amount_of_layers": 1.64818153382949, "batch_size": 145.65407996829381, "dropout_rate": 0.580411415546447, "epochs": 93.5044570149341, "hidden_channels": 120.54304112061502, "learning_rate": 0.04528818742867971, "optimizer": 0.45490499223081504, "pooling_algorithm": 0.3753134407096962}, "datetime": {"datetime": "2023-11-19 02:11:16", "elapsed": 26103.483887, "delta": 12.067705}},
{"target": 0.8500000000000001, "params": {"activation_function": 1.68616097566611, "amount_of_layers": 4.182266177916794, "batch_size": 57.52323034250078, "dropout_rate": 0.3604068213388688, "epochs": 87.07203918370271, "hidden_channels": 91.0460974469564, "learning_rate": 0.09960546860751303, "optimizer": 1.3869962067070722, "pooling_algorithm": 0.5918659851371707}, "datetime": {"datetime": "2023-11-19 02:11:29", "elapsed": 26116.36114, "delta": 12.877253}},
{"target": 0.8035714285714285, "params": {"activation_function": 0.36878294918554544, "amount_of_layers": 7.620080379748218, "batch_size": 133.18940119825456, "dropout_rate": 0.28393802277656705, "epochs": 47.03655114438743, "hidden_channels": 58.54812562146625, "learning_rate": 0.03800144894450776, "optimizer": 0.3976034788666756, "pooling_algorithm": 0.27072141994874477}, "datetime": {"datetime": "2023-11-19 02:12:27", "elapsed": 26174.358415, "delta": 57.997275}},
{"target": 0.9160714285714285, "params": {"activation_function": 0.6351705083061525, "amount_of_layers": 7.813691093927007, "batch_size": 41.2788207392612, "dropout_rate": 0.3848046475572095, "epochs": 128.9876016271258, "hidden_channels": 54.542245029947686, "learning_rate": 0.04342443309174643, "optimizer": 1.0693988432949864, "pooling_algorithm": 0.5308065775935199}, "datetime": {"datetime": "2023-11-19 02:12:43", "elapsed": 26190.808412, "delta": 16.449997}},
{"target": 0.7357142857142858, "params": {"activation_function": 1.154006114535205, "amount_of_layers": 5.51406085676757, "batch_size": 33.584988329155706, "dropout_rate": 0.38327507206059447, "epochs": 112.76824158138818, "hidden_channels": 37.339294960275524, "learning_rate": 0.011116476073622348, "optimizer": 0.5038617342398868, "pooling_algorithm": 0.44444496337899353}, "datetime": {"datetime": "2023-11-19 02:12:58", "elapsed": 26205.48106, "delta": 14.672648}},
{"target": 0.0, "params": {"activation_function": 1.458093376172081, "amount_of_layers": 2.117762547994543, "batch_size": 65.4957905838686, "dropout_rate": 0.5264027137622964, "epochs": 186.2220230262271, "hidden_channels": 35.3030456473387, "learning_rate": 0.08204895991392892, "optimizer": 1.7091251811778811, "pooling_algorithm": 0.7295194142523346}, "datetime": {"datetime": "2023-11-19 02:13:13", "elapsed": 26220.279016, "delta": 14.797956}},
{"target": 0.9125000000000001, "params": {"activation_function": 0.22957333629001542, "amount_of_layers": 8.242567997993042, "batch_size": 133.2393710217782, "dropout_rate": 0.4523961011227314, "epochs": 86.43339757414545, "hidden_channels": 44.70214929546497, "learning_rate": 0.058345549686664715, "optimizer": 0.9277715442555696, "pooling_algorithm": 0.8794647359817572}, "datetime": {"datetime": "2023-11-19 02:13:47", "elapsed": 26254.431714, "delta": 34.152698}},
