{"target": 0.9125, "params": {"activation_function": 0.9662015925863507, "amount_of_layers": 5.547228718885111, "batch_size": 94.83313905029058, "dropout_rate": 0.3997052028461981, "epochs": 88.96268892636863, "hidden_channels": 72.5526512836737, "learning_rate": 0.0618123330601309, "optimizer": 0.4393259001661769, "pooling_algorithm": 0.6292634086509675}, "datetime": {"datetime": "2023-11-18 20:35:33", "elapsed": 5960.309613, "delta": 6.529445}},
{"target": 0.8982142857142857, "params": {"activation_function": 0.36163841850234224, "amount_of_layers": 7.195798511857953, "batch_size": 125.15035014945117, "dropout_rate": 0.4562031647920889, "epochs": 155.6108457561431, "hidden_channels": 58.25088969426479, "learning_rate": 0.06922649377521832, "optimizer": 0.8272805456175159, "pooling_algorithm": 0.5570310970818269}, "datetime": {"datetime": "2023-11-18 20:35:42", "elapsed": 5969.527705, "delta": 9.218092}},
{"target": 0.7375, "params": {"activation_function": 1.0637195324990532, "amount_of_layers": 8.01791220335273, "batch_size": 37.14100001688271, "dropout_rate": 0.3311357165415951, "epochs": 84.4592398854874, "hidden_channels": 28.25577971204043, "learning_rate": 0.07092028735211217, "optimizer": 0.2644519197841477, "pooling_algorithm": 0.27314835673050786}, "datetime": {"datetime": "2023-11-18 20:35:48", "elapsed": 5975.684452, "delta": 6.156747}},
{"target": 0.7357142857142857, "params": {"activation_function": 1.1016772344228887, "amount_of_layers": 3.9646339147136223, "batch_size": 130.2385173550311, "dropout_rate": 0.3275501070262148, "epochs": 162.72267271847153, "hidden_channels": 72.18721273081195, "learning_rate": 0.0076428194579892085, "optimizer": 0.2443253917010897, "pooling_algorithm": 0.2505181963948462}, "datetime": {"datetime": "2023-11-18 20:35:57", "elapsed": 5984.096496, "delta": 8.412044}},
{"target": 0.9035714285714287, "params": {"activation_function": 0.7552865156044428, "amount_of_layers": 6.6400312402514725, "batch_size": 132.0464805694765, "dropout_rate": 0.3219766091571514, "epochs": 162.2290453092233, "hidden_channels": 75.12869364592467, "learning_rate": 0.022266407227814426, "optimizer": 0.4047749873566464, "pooling_algorithm": 0.6605797529817947}, "datetime": {"datetime": "2023-11-18 20:36:08", "elapsed": 5995.610861, "delta": 11.514365}},
{"target": 0.9089285714285714, "params": {"activation_function": 0.04172031920628738, "amount_of_layers": 8.764383681822881, "batch_size": 118.27789103467613, "dropout_rate": 0.26054414937594117, "epochs": 158.9859852261572, "hidden_channels": 62.21827520861453, "learning_rate": 0.02698936615834704, "optimizer": 1.202090960360407, "pooling_algorithm": 0.902409045543906}, "datetime": {"datetime": "2023-11-18 20:36:20", "elapsed": 6007.467596, "delta": 11.856735}},
{"target": 0.9089285714285714, "params": {"activation_function": 0.3159730114924113, "amount_of_layers": 8.45896279244095, "batch_size": 63.66197674698935, "dropout_rate": 0.6046054562696096, "epochs": 182.54819656198907, "hidden_channels": 106.42044770180605, "learning_rate": 0.048321833280611376, "optimizer": 0.6389564395226193, "pooling_algorithm": 0.7517781736928257}, "datetime": {"datetime": "2023-11-18 20:36:35", "elapsed": 6022.440066, "delta": 14.97247}},
{"target": 0.9125, "params": {"activation_function": 0.5550936346530173, "amount_of_layers": 8.827878730814975, "batch_size": 124.6656833571857, "dropout_rate": 0.3116543340954245, "epochs": 153.41111659768373, "hidden_channels": 57.52201394421403, "learning_rate": 0.05474314007589003, "optimizer": 0.6140709606824242, "pooling_algorithm": 0.8060557221739671}, "datetime": {"datetime": "2023-11-18 20:36:45", "elapsed": 6032.539051, "delta": 10.098985}},
{"target": 0.8624999999999999, "params": {"activation_function": 1.875418214766324, "amount_of_layers": 7.659222634610247, "batch_size": 94.62675329703575, "dropout_rate": 0.7274280380180226, "epochs": 89.79341867415336, "hidden_channels": 69.90023578530365, "learning_rate": 0.09290111882510307, "optimizer": 1.214622400137449, "pooling_algorithm": 0.6026205582292797}, "datetime": {"datetime": "2023-11-18 20:36:54", "elapsed": 6041.033891, "delta": 8.49484}},
{"target": 0.9035714285714287, "params": {"activation_function": 0.9513563889311389, "amount_of_layers": 5.280691750136551, "batch_size": 23.52093881670387, "dropout_rate": 0.2629258648216606, "epochs": 190.06566428932587, "hidden_channels": 12.572269748645706, "learning_rate": 0.044121671986073786, "optimizer": 0.8624556704135782, "pooling_algorithm": 0.5839824360624754}, "datetime": {"datetime": "2023-11-18 20:37:07", "elapsed": 6053.882611, "delta": 12.84872}},
{"target": 0.9125, "params": {"activation_function": 0.19614997766774978, "amount_of_layers": 6.7057324528434314, "batch_size": 133.33672783111257, "dropout_rate": 0.4305998267057186, "epochs": 48.2947466493685, "hidden_channels": 56.90954016339841, "learning_rate": 0.05869261978219485, "optimizer": 0.810049811764715, "pooling_algorithm": 0.6299663929780244}, "datetime": {"datetime": "2023-11-18 20:37:11", "elapsed": 6058.80045, "delta": 4.917839}},
{"target": 0.0, "params": {"activation_function": 0.4011596276031901, "amount_of_layers": 7.472290567360101, "batch_size": 23.421039114877434, "dropout_rate": 0.4909061130582686, "epochs": 117.12680591773481, "hidden_channels": 72.84518623884865, "learning_rate": 0.06323621893106499, "optimizer": 1.5751421307136046, "pooling_algorithm": 0.9705886331055708}, "datetime": {"datetime": "2023-11-18 20:37:23", "elapsed": 6070.015619, "delta": 11.215169}},
{"target": 0.8178571428571428, "params": {"activation_function": 1.8336086464205277, "amount_of_layers": 2.0712524075314276, "batch_size": 144.2368361169712, "dropout_rate": 0.3908679957367426, "epochs": 147.89191355359355, "hidden_channels": 35.898945186580214, "learning_rate": 0.09342284759367218, "optimizer": 0.711596893340702, "pooling_algorithm": 0.331675434173029}, "datetime": {"datetime": "2023-11-18 20:37:31", "elapsed": 6078.117933, "delta": 8.102314}},
{"target": 0.7375, "params": {"activation_function": 1.785413275922291, "amount_of_layers": 6.837669403488294, "batch_size": 131.29695529419178, "dropout_rate": 0.4831854841042256, "epochs": 165.78441117162626, "hidden_channels": 76.38735014541972, "learning_rate": 0.04691337208145265, "optimizer": 1.1648973505169087, "pooling_algorithm": 0.4799027284884948}, "datetime": {"datetime": "2023-11-18 20:37:42", "elapsed": 6088.958656, "delta": 10.840723}},
{"target": 0.8196428571428571, "params": {"activation_function": 0.09705916157489036, "amount_of_layers": 1.0728033848986254, "batch_size": 43.7360897273827, "dropout_rate": 0.28430742651897417, "epochs": 137.98481296979583, "hidden_channels": 42.83599748197727, "learning_rate": 0.029919933676821206, "optimizer": 1.846727790335814, "pooling_algorithm": 0.4957359164912104}, "datetime": {"datetime": "2023-11-18 20:37:47", "elapsed": 6094.815678, "delta": 5.857022}},
{"target": 0.6660714285714284, "params": {"activation_function": 0.06306646159635476, "amount_of_layers": 5.117693450779371, "batch_size": 118.8826922731087, "dropout_rate": 0.6025998137264384, "epochs": 153.40482212361937, "hidden_channels": 56.522627509565396, "learning_rate": 0.09614903383215888, "optimizer": 0.9443239436905897, "pooling_algorithm": 0.023329803084466305}, "datetime": {"datetime": "2023-11-18 20:37:57", "elapsed": 6104.173655, "delta": 9.357977}},
{"target": 0.8178571428571428, "params": {"activation_function": 1.9248146537375337, "amount_of_layers": 4.049231335023418, "batch_size": 65.82435103455364, "dropout_rate": 0.7103022535873491, "epochs": 182.80580516402944, "hidden_channels": 37.352478771832686, "learning_rate": 0.068065201993965, "optimizer": 0.4077558146751745, "pooling_algorithm": 0.1373690517498969}, "datetime": {"datetime": "2023-11-18 20:38:05", "elapsed": 6111.866182, "delta": 7.692527}},
{"target": 0.8357142857142857, "params": {"activation_function": 1.631204587269699, "amount_of_layers": 3.716198994441312, "batch_size": 29.01792331012373, "dropout_rate": 0.4849299442332254, "epochs": 54.15074370032511, "hidden_channels": 65.45995739912814, "learning_rate": 0.07791017546807935, "optimizer": 0.5705759372212564, "pooling_algorithm": 0.9797199697235557}, "datetime": {"datetime": "2023-11-18 20:38:11", "elapsed": 6118.182355, "delta": 6.316173}},
{"target": 0.9089285714285714, "params": {"activation_function": 0.40896821899111435, "amount_of_layers": 4.859054835888717, "batch_size": 93.10436696617606, "dropout_rate": 0.4423089228340893, "epochs": 91.30851268739193, "hidden_channels": 69.97732946512048, "learning_rate": 0.06693899049339683, "optimizer": 0.9975087446958222, "pooling_algorithm": 0.8958288650573456}, "datetime": {"datetime": "2023-11-18 20:38:17", "elapsed": 6124.36218, "delta": 6.179825}},
{"target": 0.725, "params": {"activation_function": 0.3959880709016901, "amount_of_layers": 1.4749979452416966, "batch_size": 64.1801307516839, "dropout_rate": 0.6860407248565764, "epochs": 185.91959834656672, "hidden_channels": 28.07738605526913, "learning_rate": 0.09473484824627229, "optimizer": 0.6587256150031318, "pooling_algorithm": 0.019963193903157928}, "datetime": {"datetime": "2023-11-18 20:38:24", "elapsed": 6131.113399, "delta": 6.751219}},
{"target": 0.9160714285714285, "params": {"activation_function": 1.25793531816766, "amount_of_layers": 6.510770143142999, "batch_size": 91.32959963727696, "dropout_rate": 0.6831713035296896, "epochs": 88.57921379958675, "hidden_channels": 65.80992779909167, "learning_rate": 0.07938440306530284, "optimizer": 1.1690529802158802, "pooling_algorithm": 0.8998830501744404}, "datetime": {"datetime": "2023-11-18 20:38:32", "elapsed": 6139.57906, "delta": 8.465661}},
{"target": 0.9107142857142857, "params": {"activation_function": 0.6930273788296528, "amount_of_layers": 4.811605373721381, "batch_size": 92.66349495952302, "dropout_rate": 0.5586035253253365, "epochs": 89.23331543944293, "hidden_channels": 67.2120334181092, "learning_rate": 0.07467988965106864, "optimizer": 0.19611641026374604, "pooling_algorithm": 0.6502761884319067}, "datetime": {"datetime": "2023-11-18 20:38:39", "elapsed": 6146.047179, "delta": 6.468119}},
{"target": 0.9035714285714285, "params": {"activation_function": 1.8140054147718314, "amount_of_layers": 7.288131402214469, "batch_size": 128.1300682834395, "dropout_rate": 0.28642790730321843, "epochs": 47.56491806647077, "hidden_channels": 33.284333494615495, "learning_rate": 0.04626648060539435, "optimizer": 0.9507232925624738, "pooling_algorithm": 0.6771140333139627}, "datetime": {"datetime": "2023-11-18 20:38:43", "elapsed": 6150.714415, "delta": 4.667236}},
{"target": 0.23214285714285715, "params": {"activation_function": 1.9987332399274282, "amount_of_layers": 6.661510535751972, "batch_size": 37.66482727501396, "dropout_rate": 0.4777360578952176, "epochs": 164.95952304220555, "hidden_channels": 93.8382978181195, "learning_rate": 0.012806051927003577, "optimizer": 1.182649641297929, "pooling_algorithm": 0.0022381406350954203}, "datetime": {"datetime": "2023-11-18 20:38:57", "elapsed": 6164.049065, "delta": 13.33465}},
{"target": 0.7339285714285715, "params": {"activation_function": 0.5433879738929221, "amount_of_layers": 7.336006522238881, "batch_size": 90.96894835310269, "dropout_rate": 0.6193136269931514, "epochs": 86.97861985879402, "hidden_channels": 65.30050685691319, "learning_rate": 0.017894051072303532, "optimizer": 1.2518930773362058, "pooling_algorithm": 0.11625867621333608}, "datetime": {"datetime": "2023-11-18 20:39:05", "elapsed": 6171.838634, "delta": 7.789569}},
{"target": 0.9142857142857143, "params": {"activation_function": 0.7229626155029301, "amount_of_layers": 6.7284236360081815, "batch_size": 66.88961352742238, "dropout_rate": 0.740490678943842, "epochs": 185.19481280018096, "hidden_channels": 36.26297882308678, "learning_rate": 0.03216381392412877, "optimizer": 0.855431337943144, "pooling_algorithm": 0.7152875669833816}, "datetime": {"datetime": "2023-11-18 20:39:17", "elapsed": 6184.800674, "delta": 12.96204}},
{"target": 0.9071428571428571, "params": {"activation_function": 1.0201469261386453, "amount_of_layers": 7.235248211048007, "batch_size": 132.16976569804302, "dropout_rate": 0.6141893199303181, "epochs": 46.62429200578117, "hidden_channels": 57.58303490621145, "learning_rate": 0.006577121995133867, "optimizer": 0.5516818113313018, "pooling_algorithm": 0.56371629588284}, "datetime": {"datetime": "2023-11-18 20:39:24", "elapsed": 6191.35116, "delta": 6.550486}},
{"target": 0.9089285714285714, "params": {"activation_function": 1.0602925698607328, "amount_of_layers": 5.137800680088846, "batch_size": 130.8093389368985, "dropout_rate": 0.5095563056731756, "epochs": 163.8824558178613, "hidden_channels": 76.07046965769517, "learning_rate": 0.09244330822930918, "optimizer": 0.5841555780932378, "pooling_algorithm": 1.0}, "datetime": {"datetime": "2023-11-18 20:39:34", "elapsed": 6201.274504, "delta": 9.923344}},
{"target": 0.9, "params": {"activation_function": 0.5514461178992673, "amount_of_layers": 3.4666281578266513, "batch_size": 125.72142806245583, "dropout_rate": 0.47224579903718206, "epochs": 163.06906888528258, "hidden_channels": 74.78786226457431, "learning_rate": 0.01376954796685835, "optimizer": 1.0128885128519363, "pooling_algorithm": 0.6429885950181082}, "datetime": {"datetime": "2023-11-18 20:39:42", "elapsed": 6209.336419, "delta": 8.061915}},
{"target": 0.7464285714285714, "params": {"activation_function": 1.4309459743563029, "amount_of_layers": 4.525205591929759, "batch_size": 69.34907648841717, "dropout_rate": 0.3019210811751791, "epochs": 184.42674375414362, "hidden_channels": 41.70863996795892, "learning_rate": 0.0915427647106034, "optimizer": 0.3859378827128108, "pooling_algorithm": 0.3751942324385117}, "datetime": {"datetime": "2023-11-18 20:39:51", "elapsed": 6218.308144, "delta": 8.971725}},
{"target": 0.7357142857142858, "params": {"activation_function": 0.8998427178273787, "amount_of_layers": 5.537560329196228, "batch_size": 94.29567369046411, "dropout_rate": 0.5064658786990708, "epochs": 92.05224610288282, "hidden_channels": 70.27004618242866, "learning_rate": 0.03657949021474545, "optimizer": 0.4500456674783322, "pooling_algorithm": 0.14223813283574227}, "datetime": {"datetime": "2023-11-18 20:39:59", "elapsed": 6226.563234, "delta": 8.25509}},
{"target": 0.0, "params": {"activation_function": 0.27238277040584213, "amount_of_layers": 2.5550335074858364, "batch_size": 83.07385579326045, "dropout_rate": 0.6159199752638194, "epochs": 174.3661027696578, "hidden_channels": 72.14005061172875, "learning_rate": 0.09886381079367723, "optimizer": 1.566225310242339, "pooling_algorithm": 0.8551158552417786}, "datetime": {"datetime": "2023-11-18 20:40:08", "elapsed": 6235.457575, "delta": 8.894341}},
{"target": 0.8785714285714286, "params": {"activation_function": 1.5913715361024028, "amount_of_layers": 2.1124255854198157, "batch_size": 140.19741531711847, "dropout_rate": 0.38337172871278186, "epochs": 187.2744235523212, "hidden_channels": 25.816788560962976, "learning_rate": 0.00753829927137496, "optimizer": 0.34320981203424816, "pooling_algorithm": 0.9816533004010648}, "datetime": {"datetime": "2023-11-18 20:40:15", "elapsed": 6242.084695, "delta": 6.62712}},
{"target": 0.9160714285714286, "params": {"activation_function": 0.8443228550229911, "amount_of_layers": 1.8713197645132045, "batch_size": 140.3226281867462, "dropout_rate": 0.6399307340923011, "epochs": 187.65714421120168, "hidden_channels": 25.26805937815407, "learning_rate": 0.05968463354455291, "optimizer": 1.4423797111705523, "pooling_algorithm": 0.7931282217310435}, "datetime": {"datetime": "2023-11-18 20:40:22", "elapsed": 6249.126334, "delta": 7.041639}},
{"target": 0.9107142857142857, "params": {"activation_function": 0.22288904980019186, "amount_of_layers": 6.99081932437484, "batch_size": 65.34599469307432, "dropout_rate": 0.46844958855590024, "epochs": 189.76047429052224, "hidden_channels": 30.776001027155818, "learning_rate": 0.026786888661386288, "optimizer": 0.37644397322088685, "pooling_algorithm": 0.5298193317029368}, "datetime": {"datetime": "2023-11-18 20:40:32", "elapsed": 6259.185883, "delta": 10.059549}},
{"target": 0.7267857142857143, "params": {"activation_function": 1.1275128181860339, "amount_of_layers": 4.451835127097314, "batch_size": 128.83313185964465, "dropout_rate": 0.44956015566623, "epochs": 162.99154231686552, "hidden_channels": 71.93360827284613, "learning_rate": 0.06386030780221866, "optimizer": 0.7996314226031154, "pooling_algorithm": 0.20810650666099917}, "datetime": {"datetime": "2023-11-18 20:40:40", "elapsed": 6267.447741, "delta": 8.261858}},
{"target": 0.7410714285714286, "params": {"activation_function": 1.846713796950623, "amount_of_layers": 7.147017243503107, "batch_size": 125.26473209253172, "dropout_rate": 0.43969176140966876, "epochs": 155.58470421700653, "hidden_channels": 58.88656004821341, "learning_rate": 0.04882109554512531, "optimizer": 0.6589045353277454, "pooling_algorithm": 0.005180113252802876}, "datetime": {"datetime": "2023-11-18 20:40:51", "elapsed": 6278.352741, "delta": 10.905}},
{"target": 0.9089285714285714, "params": {"activation_function": 0.31428464298678827, "amount_of_layers": 5.993883957362705, "batch_size": 133.1311720464755, "dropout_rate": 0.38114282197824867, "epochs": 162.5470435002061, "hidden_channels": 76.07019230580941, "learning_rate": 0.014278223624244347, "optimizer": 1.4628092355756617, "pooling_algorithm": 0.8402324398631719}, "datetime": {"datetime": "2023-11-18 20:41:01", "elapsed": 6288.720743, "delta": 10.368002}},
{"target": 0.7982142857142858, "params": {"activation_function": 0.8190166039150446, "amount_of_layers": 1.4758986935489418, "batch_size": 66.17670305001229, "dropout_rate": 0.5479938936061344, "epochs": 185.15277961365183, "hidden_channels": 31.53146563600919, "learning_rate": 0.09154550076882063, "optimizer": 0.8468332903990319, "pooling_algorithm": 0.16194893595063076}, "datetime": {"datetime": "2023-11-18 20:41:08", "elapsed": 6295.420292, "delta": 6.699549}},
{"target": 0.7285714285714286, "params": {"activation_function": 0.7656340578231939, "amount_of_layers": 2.980449886851938, "batch_size": 58.755214590183925, "dropout_rate": 0.6342835086139171, "epochs": 70.56007785682664, "hidden_channels": 118.8119956904917, "learning_rate": 0.022206325478195454, "optimizer": 0.8036147880214963, "pooling_algorithm": 0.3192393190795816}, "datetime": {"datetime": "2023-11-18 20:41:14", "elapsed": 6301.415547, "delta": 5.995255}},
{"target": 0.7303571428571429, "params": {"activation_function": 0.6198571597457596, "amount_of_layers": 6.77797545127098, "batch_size": 90.40490511070702, "dropout_rate": 0.3995442656716322, "epochs": 88.31573637504458, "hidden_channels": 65.16134204958894, "learning_rate": 0.07583038860457847, "optimizer": 1.3226604581145982, "pooling_algorithm": 0.20686126619553968}, "datetime": {"datetime": "2023-11-18 20:41:21", "elapsed": 6308.057005, "delta": 6.641458}},
{"target": 0.7321428571428572, "params": {"activation_function": 1.7802446760741955, "amount_of_layers": 6.073213104316077, "batch_size": 44.92813239841926, "dropout_rate": 0.3557236059162688, "epochs": 186.90440083644472, "hidden_channels": 108.59955107864003, "learning_rate": 0.07586337071853058, "optimizer": 0.5817558263436993, "pooling_algorithm": 0.16107514656110689}, "datetime": {"datetime": "2023-11-18 20:41:37", "elapsed": 6324.200662, "delta": 16.143657}},
{"target": 0.27678571428571425, "params": {"activation_function": 1.4842734264896524, "amount_of_layers": 6.86767639455664, "batch_size": 24.035096051461707, "dropout_rate": 0.7332637382348486, "epochs": 18.213840456198966, "hidden_channels": 72.07619865647321, "learning_rate": 0.05652190260655169, "optimizer": 1.3192512700609478, "pooling_algorithm": 0.1996723938288565}, "datetime": {"datetime": "2023-11-18 20:41:42", "elapsed": 6329.046959, "delta": 4.846297}},
{"target": 0.9035714285714286, "params": {"activation_function": 0.9097902293566793, "amount_of_layers": 3.523185151656608, "batch_size": 128.06454393672442, "dropout_rate": 0.2602896840176035, "epochs": 161.6285952350395, "hidden_channels": 69.7608182659882, "learning_rate": 0.0965655608510502, "optimizer": 1.1845307598946802, "pooling_algorithm": 0.6338267668200857}, "datetime": {"datetime": "2023-11-18 20:41:50", "elapsed": 6337.747092, "delta": 8.700133}},
{"target": 0.9035714285714286, "params": {"activation_function": 0.5189857334134818, "amount_of_layers": 2.6756504629529267, "batch_size": 126.03653698182315, "dropout_rate": 0.3718656792020443, "epochs": 164.85976987747733, "hidden_channels": 70.89757617477008, "learning_rate": 0.06044864127129479, "optimizer": 0.07299743580018325, "pooling_algorithm": 0.8738672510929051}, "datetime": {"datetime": "2023-11-18 20:41:58", "elapsed": 6345.775136, "delta": 8.028044}},
{"target": 0.7571428571428571, "params": {"activation_function": 0.3146737283196135, "amount_of_layers": 5.9259295114267685, "batch_size": 45.803918143227484, "dropout_rate": 0.2642365119347224, "epochs": 185.45347683755003, "hidden_channels": 111.4857249886534, "learning_rate": 0.00824451374811249, "optimizer": 1.147340129110726, "pooling_algorithm": 0.36539749949791367}, "datetime": {"datetime": "2023-11-18 20:42:13", "elapsed": 6360.367295, "delta": 14.592159}},
{"target": 0.9035714285714287, "params": {"activation_function": 0.5335199080118005, "amount_of_layers": 4.567039214285692, "batch_size": 94.90629191608727, "dropout_rate": 0.26414377553978846, "epochs": 89.55507156232596, "hidden_channels": 71.24393828439449, "learning_rate": 0.004614669980170506, "optimizer": 1.7299511821810944, "pooling_algorithm": 0.992738681302569}, "datetime": {"datetime": "2023-11-18 20:42:22", "elapsed": 6369.31911, "delta": 8.951815}},
