{"target": 0.7321428571428572, "params": {"activation_function": 0.9047187091050064, "amount_of_layers": 3.795443373148487, "batch_size": 27.170171534501826, "dropout_rate": 0.5713417522930436, "epochs": 105.81629150686291, "hidden_channels": 63.060736588058525, "learning_rate": 0.02719811374223807, "optimizer": 0.8970017943191708, "pooling_algorithm": 0.44929853227359073}, "datetime": {"datetime": "2023-11-19 01:10:22", "elapsed": 22448.986687, "delta": 12.847811}},
{"target": 0.0, "params": {"activation_function": 1.640347081215548, "amount_of_layers": 3.47923530860713, "batch_size": 54.70799733986549, "dropout_rate": 0.6936589110723057, "epochs": 165.15867156929485, "hidden_channels": 117.53071694702115, "learning_rate": 0.06591751410026657, "optimizer": 0.05160734647859355, "pooling_algorithm": 0.6284536041691476}, "datetime": {"datetime": "2023-11-19 01:11:06", "elapsed": 22493.286431, "delta": 44.299744}},
{"target": 0.7339285714285715, "params": {"activation_function": 1.3874800333657953, "amount_of_layers": 6.752966910757849, "batch_size": 115.64388733033584, "dropout_rate": 0.42668644933537625, "epochs": 182.01982243948217, "hidden_channels": 59.38711579306934, "learning_rate": 0.008703388407106483, "optimizer": 1.8825246428716234, "pooling_algorithm": 0.4576419752997333}, "datetime": {"datetime": "2023-11-19 01:11:22", "elapsed": 22509.54399, "delta": 16.257559}},
{"target": 0.8946428571428572, "params": {"activation_function": 1.0129638027229748, "amount_of_layers": 1.4430716610130618, "batch_size": 84.0071287904003, "dropout_rate": 0.5109043809051028, "epochs": 108.88608962448222, "hidden_channels": 75.32949947241602, "learning_rate": 0.058250128855983706, "optimizer": 0.10039746366262037, "pooling_algorithm": 0.7697841397421257}, "datetime": {"datetime": "2023-11-19 01:11:58", "elapsed": 22545.108335, "delta": 35.564345}},
{"target": 0.9089285714285714, "params": {"activation_function": 0.45677229563157384, "amount_of_layers": 6.541675393275223, "batch_size": 125.19161828106745, "dropout_rate": 0.3431610381273747, "epochs": 130.6852977463999, "hidden_channels": 33.79105540518617, "learning_rate": 0.020609147859017626, "optimizer": 1.1709565547095975, "pooling_algorithm": 0.9405649548530266}, "datetime": {"datetime": "2023-11-19 01:12:39", "elapsed": 22585.918012, "delta": 40.809677}},
{"target": 0.8071428571428572, "params": {"activation_function": 1.150892850918436, "amount_of_layers": 1.6151033902933332, "batch_size": 106.32345891197613, "dropout_rate": 0.6658909996833804, "epochs": 166.07903216816462, "hidden_channels": 24.317708956154913, "learning_rate": 0.05513373939047202, "optimizer": 1.818695695469803, "pooling_algorithm": 0.6056776775033866}, "datetime": {"datetime": "2023-11-19 01:13:18", "elapsed": 22624.963169, "delta": 39.045157}},
{"target": 0.08571428571428572, "params": {"activation_function": 1.2414849080431747, "amount_of_layers": 8.855897299307081, "batch_size": 63.353555782004, "dropout_rate": 0.6106940469899627, "epochs": 37.105194501417, "hidden_channels": 8.343157191172196, "learning_rate": 0.09762696778101695, "optimizer": 1.0192210843297973, "pooling_algorithm": 0.5765360007095292}, "datetime": {"datetime": "2023-11-19 01:13:28", "elapsed": 22635.429469, "delta": 10.4663}},
{"target": 0.09642857142857142, "params": {"activation_function": 1.8266997763995028, "amount_of_layers": 4.815943455774331, "batch_size": 73.88616905888098, "dropout_rate": 0.44540193193798394, "epochs": 52.377072841527436, "hidden_channels": 30.44410606529356, "learning_rate": 0.06962797849202598, "optimizer": 0.8195140627930715, "pooling_algorithm": 0.6128380285458348}, "datetime": {"datetime": "2023-11-19 01:13:40", "elapsed": 22647.054342, "delta": 11.624873}},
{"target": 0.9125, "params": {"activation_function": 0.8302097557266563, "amount_of_layers": 5.892506238755849, "batch_size": 92.9868745787072, "dropout_rate": 0.7181326229926129, "epochs": 90.59901777759916, "hidden_channels": 70.98170010534666, "learning_rate": 0.04186174145471356, "optimizer": 0.7822329659189067, "pooling_algorithm": 0.8407493162220778}, "datetime": {"datetime": "2023-11-19 01:13:52", "elapsed": 22659.587673, "delta": 12.533331}},
{"target": 0.2714285714285714, "params": {"activation_function": 0.8809248408691959, "amount_of_layers": 6.286131290351866, "batch_size": 145.8865594868875, "dropout_rate": 0.3079651933381357, "epochs": 62.21854391625466, "hidden_channels": 54.474026541915286, "learning_rate": 0.04419221193218123, "optimizer": 0.6221034885778056, "pooling_algorithm": 0.16621179579767287}, "datetime": {"datetime": "2023-11-19 01:14:33", "elapsed": 22700.709314, "delta": 41.121641}},
{"target": 0.8964285714285715, "params": {"activation_function": 1.717887307260405, "amount_of_layers": 5.492838293366045, "batch_size": 70.3335777873391, "dropout_rate": 0.3251391635230494, "epochs": 138.17512503830565, "hidden_channels": 66.06919106012464, "learning_rate": 0.09568316115815663, "optimizer": 0.9790669924275943, "pooling_algorithm": 0.7730309466027854}, "datetime": {"datetime": "2023-11-19 01:14:48", "elapsed": 22715.273379, "delta": 14.564065}},
{"target": 0.7857142857142857, "params": {"activation_function": 1.0562131512760318, "amount_of_layers": 2.0192407447421035, "batch_size": 39.25690353033561, "dropout_rate": 0.46535130962573795, "epochs": 75.67070052518237, "hidden_channels": 59.28296190356612, "learning_rate": 0.0454483075821205, "optimizer": 0.047607338547551725, "pooling_algorithm": 0.447682944535832}, "datetime": {"datetime": "2023-11-19 01:15:00", "elapsed": 22727.796731, "delta": 12.523352}},
{"target": 0.9035714285714286, "params": {"activation_function": 0.7175124852349146, "amount_of_layers": 8.368983893798706, "batch_size": 31.32922970116229, "dropout_rate": 0.2870326324223625, "epochs": 173.25231044014316, "hidden_channels": 36.432445589692264, "learning_rate": 0.04376050291488769, "optimizer": 0.9054096808337637, "pooling_algorithm": 0.5203857824728606}, "datetime": {"datetime": "2023-11-19 01:15:51", "elapsed": 22778.154613, "delta": 50.357882}},
{"target": 0.09464285714285713, "params": {"activation_function": 1.8372648925737858, "amount_of_layers": 2.9935295579573955, "batch_size": 56.19045822816839, "dropout_rate": 0.470625087144925, "epochs": 123.91554085055864, "hidden_channels": 65.90948593509623, "learning_rate": 0.08043700053819737, "optimizer": 1.9910906233308083, "pooling_algorithm": 0.5391204329781274}, "datetime": {"datetime": "2023-11-19 01:16:04", "elapsed": 22791.475239, "delta": 13.320626}},
{"target": 0.9178571428571428, "params": {"activation_function": 1.389839321774838, "amount_of_layers": 2.517229517744256, "batch_size": 105.5965340019058, "dropout_rate": 0.38805550650572534, "epochs": 156.9891753481635, "hidden_channels": 28.564181494248526, "learning_rate": 0.02089418193118181, "optimizer": 0.028360819985613128, "pooling_algorithm": 0.7780159775358091}, "datetime": {"datetime": "2023-11-19 01:16:16", "elapsed": 22803.571771, "delta": 12.096532}},
{"target": 0.8696428571428572, "params": {"activation_function": 0.4218612934094441, "amount_of_layers": 4.9726348750579685, "batch_size": 68.29589166511182, "dropout_rate": 0.35126705529274826, "epochs": 185.526745571426, "hidden_channels": 40.67129048639612, "learning_rate": 0.01597020278631447, "optimizer": 0.8854668034907112, "pooling_algorithm": 0.9894596457728098}, "datetime": {"datetime": "2023-11-19 01:16:57", "elapsed": 22844.532729, "delta": 40.960958}},
{"target": 0.2589285714285714, "params": {"activation_function": 1.8127729829076358, "amount_of_layers": 2.1423161378367706, "batch_size": 56.910462876858425, "dropout_rate": 0.5956302753774615, "epochs": 41.41932597398747, "hidden_channels": 21.480258043003875, "learning_rate": 0.07145927384819369, "optimizer": 1.9095787006992184, "pooling_algorithm": 0.4363976461844431}, "datetime": {"datetime": "2023-11-19 01:17:44", "elapsed": 22891.575229, "delta": 47.0425}},
{"target": 0.9089285714285714, "params": {"activation_function": 0.13520658097063287, "amount_of_layers": 8.897563012803674, "batch_size": 45.28655605611485, "dropout_rate": 0.5449528108528546, "epochs": 129.80079499198627, "hidden_channels": 28.27526150936412, "learning_rate": 0.041312145570755715, "optimizer": 1.5868242570558784, "pooling_algorithm": 0.981970912299977}, "datetime": {"datetime": "2023-11-19 01:17:58", "elapsed": 22905.501292, "delta": 13.926063}},
{"target": 0.7142857142857143, "params": {"activation_function": 0.3223482198206302, "amount_of_layers": 2.960354831278014, "batch_size": 95.64517655828125, "dropout_rate": 0.44977178300892273, "epochs": 88.87869913186935, "hidden_channels": 68.90419992718307, "learning_rate": 0.04537084445961255, "optimizer": 1.1882467893420712, "pooling_algorithm": 0.3359094257437205}, "datetime": {"datetime": "2023-11-19 01:18:44", "elapsed": 22951.018062, "delta": 45.51677}},
{"target": 0.9035714285714286, "params": {"activation_function": 0.707607683506049, "amount_of_layers": 3.751949199646531, "batch_size": 122.52839682757528, "dropout_rate": 0.3654894412561093, "epochs": 159.59215953870557, "hidden_channels": 52.62892047808208, "learning_rate": 0.03899411439869268, "optimizer": 0.7196468352987742, "pooling_algorithm": 0.9218415662971415}, "datetime": {"datetime": "2023-11-19 01:19:30", "elapsed": 22997.482187, "delta": 46.464125}},
{"target": 0.9089285714285714, "params": {"activation_function": 0.40738530584949495, "amount_of_layers": 6.451506943926251, "batch_size": 64.40181254342446, "dropout_rate": 0.4020468779133606, "epochs": 178.1296355806139, "hidden_channels": 113.24627368652098, "learning_rate": 0.05941820909877925, "optimizer": 0.8774871747044124, "pooling_algorithm": 0.5070050593691111}, "datetime": {"datetime": "2023-11-19 01:19:48", "elapsed": 23015.613069, "delta": 18.130882}},
{"target": 0.9142857142857143, "params": {"activation_function": 0.6809473898116292, "amount_of_layers": 4.602154540696012, "batch_size": 24.6667211880485, "dropout_rate": 0.5884738277563442, "epochs": 42.07616298794912, "hidden_channels": 49.94491559379777, "learning_rate": 0.07339980976741681, "optimizer": 0.02743633519452149, "pooling_algorithm": 0.7045606968274305}, "datetime": {"datetime": "2023-11-19 01:19:58", "elapsed": 23025.204047, "delta": 9.590978}},
{"target": 0.9035714285714286, "params": {"activation_function": 0.987990362926535, "amount_of_layers": 5.673161394853458, "batch_size": 95.25468876063113, "dropout_rate": 0.3571864489856091, "epochs": 88.85543550333993, "hidden_channels": 71.26992160068491, "learning_rate": 0.08295875713524054, "optimizer": 0.7524896119254241, "pooling_algorithm": 0.587687660495985}, "datetime": {"datetime": "2023-11-19 01:20:46", "elapsed": 23073.596265, "delta": 48.392218}},
{"target": 0.0, "params": {"activation_function": 1.7792438491756353, "amount_of_layers": 8.373703857739436, "batch_size": 60.041361860876584, "dropout_rate": 0.699328610293509, "epochs": 166.51838958281377, "hidden_channels": 36.36267789734367, "learning_rate": 0.08338309272633525, "optimizer": 0.7033901442980914, "pooling_algorithm": 0.3315588161297035}, "datetime": {"datetime": "2023-11-19 01:21:03", "elapsed": 23089.857816, "delta": 16.261551}},
{"target": 0.9035714285714286, "params": {"activation_function": 1.7812413700410437, "amount_of_layers": 8.433360948836409, "batch_size": 40.90756271183823, "dropout_rate": 0.6087791244069243, "epochs": 125.15119305438733, "hidden_channels": 81.64874369111189, "learning_rate": 0.0674416369475733, "optimizer": 1.5117649690307362, "pooling_algorithm": 0.8526267491615224}, "datetime": {"datetime": "2023-11-19 01:21:18", "elapsed": 23105.276555, "delta": 15.418739}},
{"target": 0.9125, "params": {"activation_function": 1.2800340238010532, "amount_of_layers": 3.2714994959981976, "batch_size": 93.61563255904699, "dropout_rate": 0.45799342545423494, "epochs": 84.9115875084979, "hidden_channels": 68.05108436242838, "learning_rate": 0.06426519066133878, "optimizer": 0.7226922563740967, "pooling_algorithm": 0.8670352684045696}, "datetime": {"datetime": "2023-11-19 01:22:02", "elapsed": 23149.152022, "delta": 43.875467}},
{"target": 0.9160714285714285, "params": {"activation_function": 1.062100088335117, "amount_of_layers": 5.13786981177891, "batch_size": 47.77104323242418, "dropout_rate": 0.584410273634432, "epochs": 122.33530854038142, "hidden_channels": 22.405413347984734, "learning_rate": 0.06608088303703324, "optimizer": 1.8041778363235388, "pooling_algorithm": 0.5238175147699881}, "datetime": {"datetime": "2023-11-19 01:22:14", "elapsed": 23161.586051, "delta": 12.434029}},
{"target": 0.9160714285714285, "params": {"activation_function": 1.563300518934675, "amount_of_layers": 4.378007548698547, "batch_size": 38.74104886776429, "dropout_rate": 0.5987792744738526, "epochs": 178.90485530970727, "hidden_channels": 76.37275700447152, "learning_rate": 0.09813390193470413, "optimizer": 1.5248151146771716, "pooling_algorithm": 0.8959931169817011}, "datetime": {"datetime": "2023-11-19 01:22:31", "elapsed": 23178.201025, "delta": 16.614974}},
{"target": 0.2571428571428571, "params": {"activation_function": 1.6401417006262, "amount_of_layers": 6.8320463918775864, "batch_size": 38.163363232163874, "dropout_rate": 0.3804648965701651, "epochs": 14.42875567731344, "hidden_channels": 69.81283709518073, "learning_rate": 0.009425881530665974, "optimizer": 0.1978565433265298, "pooling_algorithm": 0.03707651074788976}, "datetime": {"datetime": "2023-11-19 01:22:40", "elapsed": 23187.182587, "delta": 8.981562}},
{"target": 0.9035714285714286, "params": {"activation_function": 1.2771695879351588, "amount_of_layers": 7.453163739034135, "batch_size": 63.99249372401516, "dropout_rate": 0.664477613125404, "epochs": 186.80351063872862, "hidden_channels": 37.28604509496294, "learning_rate": 0.005866630796523818, "optimizer": 1.7900747151348722, "pooling_algorithm": 0.8919186863381943}, "datetime": {"datetime": "2023-11-19 01:23:51", "elapsed": 23258.152483, "delta": 70.969896}},
{"target": 0.8321428571428571, "params": {"activation_function": 0.32034591449471916, "amount_of_layers": 2.1640068610140997, "batch_size": 111.6510029579583, "dropout_rate": 0.4382092773409301, "epochs": 146.24500765794622, "hidden_channels": 59.89693028935946, "learning_rate": 0.025815179340823086, "optimizer": 0.35342266765652264, "pooling_algorithm": 0.38254575266776614}, "datetime": {"datetime": "2023-11-19 01:24:03", "elapsed": 23270.164995, "delta": 12.012512}},
{"target": 0.26964285714285713, "params": {"activation_function": 1.2026439941816351, "amount_of_layers": 6.77534233155354, "batch_size": 78.10828414213174, "dropout_rate": 0.3895379726740847, "epochs": 46.04970999406161, "hidden_channels": 42.11154544142806, "learning_rate": 0.03879274126563468, "optimizer": 1.6175662647010516, "pooling_algorithm": 0.4297902386510155}, "datetime": {"datetime": "2023-11-19 01:24:12", "elapsed": 23279.520151, "delta": 9.355156}},
{"target": 0.7357142857142857, "params": {"activation_function": 1.8128722208824053, "amount_of_layers": 8.723097185699492, "batch_size": 117.2042686575724, "dropout_rate": 0.5205315531962414, "epochs": 100.63849978272962, "hidden_channels": 43.90345106561867, "learning_rate": 0.030460975776843233, "optimizer": 1.3659507998171658, "pooling_algorithm": 0.4672919442805529}, "datetime": {"datetime": "2023-11-19 01:24:25", "elapsed": 23291.934494, "delta": 12.414343}},
{"target": 0.7428571428571429, "params": {"activation_function": 0.1433926876649163, "amount_of_layers": 4.142914316440629, "batch_size": 135.97160129219935, "dropout_rate": 0.5745373192157368, "epochs": 49.45446833913401, "hidden_channels": 45.024738159826754, "learning_rate": 0.026930149976940883, "optimizer": 1.7995638085379615, "pooling_algorithm": 0.44502757287587047}, "datetime": {"datetime": "2023-11-19 01:24:36", "elapsed": 23303.149861, "delta": 11.215367}},
{"target": 0.9089285714285714, "params": {"activation_function": 0.4203420434336156, "amount_of_layers": 2.7332415215791626, "batch_size": 128.1274350663569, "dropout_rate": 0.6975295540507029, "epochs": 51.097432811057146, "hidden_channels": 92.83290427038978, "learning_rate": 0.07773760638515907, "optimizer": 1.1447070866385742, "pooling_algorithm": 0.9442576226918382}, "datetime": {"datetime": "2023-11-19 01:25:10", "elapsed": 23336.849137, "delta": 33.699276}},
{"target": 0.14285714285714285, "params": {"activation_function": 1.8864534190523086, "amount_of_layers": 2.5464387950827225, "batch_size": 58.33164915569352, "dropout_rate": 0.7292805461431551, "epochs": 38.89155473833779, "hidden_channels": 15.496076058365993, "learning_rate": 0.06226501929677429, "optimizer": 1.2599664121208858, "pooling_algorithm": 0.9728969925108032}, "datetime": {"datetime": "2023-11-19 01:25:20", "elapsed": 23347.755231, "delta": 10.906094}},
{"target": 0.8964285714285715, "params": {"activation_function": 1.5396285189782013, "amount_of_layers": 6.620739104532832, "batch_size": 32.77758677462744, "dropout_rate": 0.27778572669210483, "epochs": 82.47274846537962, "hidden_channels": 91.18255187648472, "learning_rate": 0.02587868875675616, "optimizer": 1.6628265205664206, "pooling_algorithm": 0.7961185118264367}, "datetime": {"datetime": "2023-11-19 01:25:35", "elapsed": 23362.596631, "delta": 14.8414}},
{"target": 0.8107142857142857, "params": {"activation_function": 0.1862962331915492, "amount_of_layers": 3.1627642923542423, "batch_size": 92.39142648480507, "dropout_rate": 0.5207090272987668, "epochs": 86.7640191022585, "hidden_channels": 122.03483441525523, "learning_rate": 0.09555237499207096, "optimizer": 1.8231746031993505, "pooling_algorithm": 0.5465711715548696}, "datetime": {"datetime": "2023-11-19 01:25:47", "elapsed": 23374.301008, "delta": 11.704377}},
{"target": 0.26607142857142857, "params": {"activation_function": 0.520843486639105, "amount_of_layers": 7.698046403342301, "batch_size": 93.53970583408177, "dropout_rate": 0.6669401064026234, "epochs": 152.67481646631302, "hidden_channels": 91.66593771509984, "learning_rate": 0.007286640926871326, "optimizer": 1.3650544046970172, "pooling_algorithm": 0.16992127353415554}, "datetime": {"datetime": "2023-11-19 01:26:06", "elapsed": 23393.467457, "delta": 19.166449}},
{"target": 0.7392857142857143, "params": {"activation_function": 1.8629702269193789, "amount_of_layers": 7.908896170087366, "batch_size": 74.86974206375014, "dropout_rate": 0.5561945411256091, "epochs": 76.29973016434026, "hidden_channels": 56.06839185996751, "learning_rate": 0.008244022498881521, "optimizer": 1.9683726490508133, "pooling_algorithm": 0.47504651370191076}, "datetime": {"datetime": "2023-11-19 01:26:53", "elapsed": 23440.552354, "delta": 47.084897}},
{"target": 0.9053571428571429, "params": {"activation_function": 0.9167476335031419, "amount_of_layers": 4.7181017065282775, "batch_size": 149.73740178620838, "dropout_rate": 0.5244485016537643, "epochs": 149.65817541218053, "hidden_channels": 123.99612282519064, "learning_rate": 0.03762156775767048, "optimizer": 0.9397064452475019, "pooling_algorithm": 0.8609862918192001}, "datetime": {"datetime": "2023-11-19 01:27:10", "elapsed": 23456.877599, "delta": 16.325245}},
{"target": 0.7428571428571429, "params": {"activation_function": 1.2183570248471136, "amount_of_layers": 3.857201934924669, "batch_size": 106.17782973766217, "dropout_rate": 0.49469424404446694, "epochs": 121.54175825796149, "hidden_channels": 100.01363396225257, "learning_rate": 0.0756685229168359, "optimizer": 0.24586202594420525, "pooling_algorithm": 0.39821327568922305}, "datetime": {"datetime": "2023-11-19 01:27:46", "elapsed": 23492.986256, "delta": 36.108657}},
{"target": 0.8107142857142857, "params": {"activation_function": 1.6277701324973166, "amount_of_layers": 3.049141251469151, "batch_size": 139.02014670239726, "dropout_rate": 0.7153849450017065, "epochs": 81.17940792259668, "hidden_channels": 120.12925666633836, "learning_rate": 0.08444077678189103, "optimizer": 0.3196253323108029, "pooling_algorithm": 0.3738649589980524}, "datetime": {"datetime": "2023-11-19 01:27:56", "elapsed": 23503.472097, "delta": 10.485841}},
{"target": 0.275, "params": {"activation_function": 0.6612835044573135, "amount_of_layers": 4.523201274946602, "batch_size": 129.0774494505024, "dropout_rate": 0.6947372140821911, "epochs": 164.31038142922569, "hidden_channels": 74.52836107691756, "learning_rate": 0.07763777577114882, "optimizer": 0.763538450221505, "pooling_algorithm": 0.23810823133099424}, "datetime": {"datetime": "2023-11-19 01:28:39", "elapsed": 23546.452455, "delta": 42.980358}},
{"target": 0.7928571428571429, "params": {"activation_function": 1.8432195663329585, "amount_of_layers": 8.973175967435836, "batch_size": 95.54943811312774, "dropout_rate": 0.4525643245608981, "epochs": 60.091014142620416, "hidden_channels": 7.09265341583707, "learning_rate": 0.057330833074240806, "optimizer": 0.2774783320894074, "pooling_algorithm": 0.15040810884576095}, "datetime": {"datetime": "2023-11-19 01:28:50", "elapsed": 23557.608141, "delta": 11.155686}},
{"target": 0.9142857142857144, "params": {"activation_function": 0.730989902092446, "amount_of_layers": 2.1252590559275024, "batch_size": 52.90995910905188, "dropout_rate": 0.38438053942151806, "epochs": 139.50343972482415, "hidden_channels": 73.87662636831983, "learning_rate": 0.0525517828364282, "optimizer": 0.014796092202185696, "pooling_algorithm": 0.7615543562231303}, "datetime": {"datetime": "2023-11-19 01:29:56", "elapsed": 23623.362567, "delta": 65.754426}},
{"target": 0.7250000000000001, "params": {"activation_function": 0.3191926297133656, "amount_of_layers": 4.474058832197488, "batch_size": 96.23324150287722, "dropout_rate": 0.2910234733211636, "epochs": 152.8599616820321, "hidden_channels": 55.22508625936332, "learning_rate": 0.023974460407682353, "optimizer": 1.4714742301503014, "pooling_algorithm": 0.33554461152590453}, "datetime": {"datetime": "2023-11-19 01:31:05", "elapsed": 23692.644702, "delta": 69.282135}},
