{"target": 0.9089285714285714, "params": {"activation_function": 0.027218449313972715, "amount_of_layers": 8.10626639074644, "batch_size": 17.023640894984695, "dropout_rate": 0.7417116701135554, "epochs": 189.74140714125303, "hidden_channels": 8.294159100397524, "learning_rate": 0.03676211039085108, "optimizer": 0.6998082182364386, "pooling_algorithm": 0.7944337660264345}, "datetime": {"datetime": "2023-11-18 21:16:39", "elapsed": 8426.229033, "delta": 24.992455}},
{"target": 0.6321428571428571, "params": {"activation_function": 0.362182124469447, "amount_of_layers": 6.314864467960192, "batch_size": 65.64125137643828, "dropout_rate": 0.5171364346081865, "epochs": 188.9197749258266, "hidden_channels": 31.656603330879765, "learning_rate": 0.00993711727728365, "optimizer": 0.8877211112256531, "pooling_algorithm": 0.3929447571376442}, "datetime": {"datetime": "2023-11-18 21:16:48", "elapsed": 8435.072436, "delta": 8.843403}},
{"target": 0.9142857142857143, "params": {"activation_function": 1.0693395669850287, "amount_of_layers": 5.834085930554871, "batch_size": 84.2323568039912, "dropout_rate": 0.6245202318693515, "epochs": 122.8172943008564, "hidden_channels": 81.27177388719771, "learning_rate": 0.011858537701630652, "optimizer": 1.1972946434192748, "pooling_algorithm": 0.9087243969457693}, "datetime": {"datetime": "2023-11-18 21:16:55", "elapsed": 8442.346955, "delta": 7.274519}},
{"target": 0.9, "params": {"activation_function": 1.235406062703774, "amount_of_layers": 6.389937710185745, "batch_size": 22.715788662081277, "dropout_rate": 0.42763739698310876, "epochs": 188.22935947273058, "hidden_channels": 12.028280416949478, "learning_rate": 0.0470012646041943, "optimizer": 0.22032345711952028, "pooling_algorithm": 0.960074400970912}, "datetime": {"datetime": "2023-11-18 21:17:10", "elapsed": 8457.57563, "delta": 15.228675}},
{"target": 0.7303571428571428, "params": {"activation_function": 0.43125086564127324, "amount_of_layers": 8.8489832226058, "batch_size": 114.36208690778844, "dropout_rate": 0.678030176075388, "epochs": 15.936745331809963, "hidden_channels": 99.98223277933647, "learning_rate": 0.06517684963427699, "optimizer": 0.7852123387433214, "pooling_algorithm": 0.24199925518220833}, "datetime": {"datetime": "2023-11-18 21:17:14", "elapsed": 8461.106092, "delta": 3.530462}},
{"target": 0.9, "params": {"activation_function": 1.0156157902582477, "amount_of_layers": 2.1591051227231217, "batch_size": 129.2836559858706, "dropout_rate": 0.5134763537270057, "epochs": 163.06317392998415, "hidden_channels": 71.09186217081627, "learning_rate": 0.05267721402797607, "optimizer": 1.3320070113970248, "pooling_algorithm": 0.6507695550151913}, "datetime": {"datetime": "2023-11-18 21:17:24", "elapsed": 8471.355591, "delta": 10.249499}},
{"target": 0.8071428571428572, "params": {"activation_function": 1.6835159436673317, "amount_of_layers": 4.313362661039898, "batch_size": 78.93238705562041, "dropout_rate": 0.49916283940713874, "epochs": 171.8749514024321, "hidden_channels": 64.0623172443654, "learning_rate": 0.0026746434958796143, "optimizer": 1.7125460125102647, "pooling_algorithm": 0.41878944711295807}, "datetime": {"datetime": "2023-11-18 21:17:31", "elapsed": 8478.446058, "delta": 7.090467}},
{"target": 0.9107142857142857, "params": {"activation_function": 1.0291209818924019, "amount_of_layers": 3.576877160412515, "batch_size": 55.4456213252894, "dropout_rate": 0.6166973140086085, "epochs": 116.03374735058296, "hidden_channels": 35.98886182391621, "learning_rate": 0.02506595799416166, "optimizer": 0.8013861733301717, "pooling_algorithm": 0.9774778262100589}, "datetime": {"datetime": "2023-11-18 21:17:37", "elapsed": 8484.623853, "delta": 6.177795}},
{"target": 0.0, "params": {"activation_function": 1.6844283898092252, "amount_of_layers": 7.352177250863196, "batch_size": 121.4791304223501, "dropout_rate": 0.5777226862942282, "epochs": 199.84245674519394, "hidden_channels": 56.11184835031922, "learning_rate": 0.045864323148012386, "optimizer": 0.28581572036992675, "pooling_algorithm": 0.7109564183149049}, "datetime": {"datetime": "2023-11-18 21:17:47", "elapsed": 8494.798271, "delta": 10.174418}},
{"target": 0.9, "params": {"activation_function": 0.8240875073633995, "amount_of_layers": 4.309396670916061, "batch_size": 17.296530258835187, "dropout_rate": 0.5925784687474659, "epochs": 187.7447025631701, "hidden_channels": 16.038559788634238, "learning_rate": 0.09163520494161784, "optimizer": 1.5210716690906636, "pooling_algorithm": 0.7282076952494627}, "datetime": {"datetime": "2023-11-18 21:18:05", "elapsed": 8512.590064, "delta": 17.791793}},
{"target": 0.08035714285714285, "params": {"activation_function": 1.9046258809457, "amount_of_layers": 6.60040424390094, "batch_size": 19.637602418109704, "dropout_rate": 0.6046112380202469, "epochs": 186.3894302433414, "hidden_channels": 14.169812399890308, "learning_rate": 0.06178494036760176, "optimizer": 0.8680435238050259, "pooling_algorithm": 0.9954292571151131}, "datetime": {"datetime": "2023-11-18 21:18:25", "elapsed": 8531.978529, "delta": 19.388465}},
{"target": 0.7357142857142857, "params": {"activation_function": 1.0623651294783105, "amount_of_layers": 3.6299062520021943, "batch_size": 40.61784135950334, "dropout_rate": 0.6972150866028917, "epochs": 157.503265696332, "hidden_channels": 67.99530795901663, "learning_rate": 0.05016087468210822, "optimizer": 0.27513743334772633, "pooling_algorithm": 0.029397420377947125}, "datetime": {"datetime": "2023-11-18 21:18:33", "elapsed": 8540.518111, "delta": 8.539582}},
{"target": 0.9035714285714286, "params": {"activation_function": 0.7627404358538511, "amount_of_layers": 2.043472487172703, "batch_size": 123.54618327409511, "dropout_rate": 0.6520403762756484, "epochs": 153.66688283106663, "hidden_channels": 59.12278016169389, "learning_rate": 0.0046994586564897325, "optimizer": 0.7057619769146115, "pooling_algorithm": 0.9533150335759035}, "datetime": {"datetime": "2023-11-18 21:18:48", "elapsed": 8555.250436, "delta": 14.732325}},
{"target": 0.8, "params": {"activation_function": 1.1924606006495229, "amount_of_layers": 1.523036149376912, "batch_size": 68.2899751257393, "dropout_rate": 0.42393740602607705, "epochs": 184.6427128699665, "hidden_channels": 31.357350383828386, "learning_rate": 0.051256588315024575, "optimizer": 1.8241238623531144, "pooling_algorithm": 0.4714519156158369}, "datetime": {"datetime": "2023-11-18 21:18:57", "elapsed": 8564.729462, "delta": 9.479026}},
{"target": 0.9035714285714286, "params": {"activation_function": 0.9921544837538119, "amount_of_layers": 1.606979416947559, "batch_size": 64.0871127590325, "dropout_rate": 0.7353284077835998, "epochs": 187.53914349326087, "hidden_channels": 31.138083276823107, "learning_rate": 0.02126224686647943, "optimizer": 1.713300209268335, "pooling_algorithm": 0.5024007659532223}, "datetime": {"datetime": "2023-11-18 21:19:11", "elapsed": 8578.200167, "delta": 13.470705}},
{"target": 0.9053571428571429, "params": {"activation_function": 0.0629536425183097, "amount_of_layers": 7.420873419148565, "batch_size": 16.236271845622042, "dropout_rate": 0.6515588007294578, "epochs": 188.24037007518353, "hidden_channels": 13.755610316914437, "learning_rate": 0.07121163067983732, "optimizer": 0.44496850166120794, "pooling_algorithm": 0.7263504521116361}, "datetime": {"datetime": "2023-11-18 21:19:31", "elapsed": 8598.522823, "delta": 20.322656}},
{"target": 0.26428571428571423, "params": {"activation_function": 1.0565995003298099, "amount_of_layers": 3.477681521745068, "batch_size": 68.8666343080052, "dropout_rate": 0.46005506039238675, "epochs": 79.02768827810037, "hidden_channels": 59.53095933146303, "learning_rate": 0.06573655671032032, "optimizer": 1.854681716744824, "pooling_algorithm": 0.28711063727139663}, "datetime": {"datetime": "2023-11-18 21:19:41", "elapsed": 8607.931224, "delta": 9.408401}},
{"target": 0.9053571428571429, "params": {"activation_function": 1.2483390125790843, "amount_of_layers": 5.420080373095291, "batch_size": 32.7655452630749, "dropout_rate": 0.34872496083337906, "epochs": 195.9083572250547, "hidden_channels": 84.31053478009972, "learning_rate": 0.0908445852675738, "optimizer": 1.0953376820437934, "pooling_algorithm": 0.5846036071100967}, "datetime": {"datetime": "2023-11-18 21:19:53", "elapsed": 8620.814586, "delta": 12.883362}},
{"target": 0.0, "params": {"activation_function": 1.8191566273678812, "amount_of_layers": 5.125580717886504, "batch_size": 36.045881664123684, "dropout_rate": 0.584368921270146, "epochs": 121.60670190356583, "hidden_channels": 57.240429737631004, "learning_rate": 0.07108956124283536, "optimizer": 1.8231945581485263, "pooling_algorithm": 0.6547758150410418}, "datetime": {"datetime": "2023-11-18 21:20:02", "elapsed": 8629.255587, "delta": 8.441001}},
{"target": 0.9, "params": {"activation_function": 1.1606377472597091, "amount_of_layers": 8.34597452721848, "batch_size": 127.05269921145255, "dropout_rate": 0.4354620060953905, "epochs": 47.44761187233044, "hidden_channels": 33.3825724596839, "learning_rate": 0.054147987409133916, "optimizer": 0.8074613710499403, "pooling_algorithm": 0.6086538469583694}, "datetime": {"datetime": "2023-11-18 21:20:10", "elapsed": 8637.005075, "delta": 7.749488}},
{"target": 0.2642857142857143, "params": {"activation_function": 1.808508010526251, "amount_of_layers": 5.509449335515184, "batch_size": 69.04045644978359, "dropout_rate": 0.252457001245598, "epochs": 74.16490013046679, "hidden_channels": 56.456523777725415, "learning_rate": 0.057530414527863304, "optimizer": 1.4249618669571795, "pooling_algorithm": 0.1359924379952927}, "datetime": {"datetime": "2023-11-18 21:20:19", "elapsed": 8645.923017, "delta": 8.917942}},
{"target": 0.6785714285714286, "params": {"activation_function": 0.345921160531113, "amount_of_layers": 2.850261458570869, "batch_size": 23.622869920263827, "dropout_rate": 0.3302374616228032, "epochs": 170.15078629314917, "hidden_channels": 14.340929124844994, "learning_rate": 0.028651830283880856, "optimizer": 1.3045030834911524, "pooling_algorithm": 0.45334311806666183}, "datetime": {"datetime": "2023-11-18 21:20:29", "elapsed": 8656.476099, "delta": 10.553082}},
{"target": 0.9125, "params": {"activation_function": 1.4730492992133877, "amount_of_layers": 5.338781711943869, "batch_size": 29.781390723095058, "dropout_rate": 0.7000020227457289, "epochs": 144.06493883581044, "hidden_channels": 20.813607564334845, "learning_rate": 0.060889509922910014, "optimizer": 0.7731508028966005, "pooling_algorithm": 0.981741908358098}, "datetime": {"datetime": "2023-11-18 21:20:41", "elapsed": 8668.186045, "delta": 11.709946}},
{"target": 0.9035714285714287, "params": {"activation_function": 1.5603050144276178, "amount_of_layers": 3.564499896329022, "batch_size": 87.5569262046888, "dropout_rate": 0.7221327089595486, "epochs": 167.34019154293057, "hidden_channels": 55.255543214426744, "learning_rate": 0.05615736117553025, "optimizer": 1.2188474254703539, "pooling_algorithm": 0.9561630664609128}, "datetime": {"datetime": "2023-11-18 21:20:48", "elapsed": 8675.738314, "delta": 7.552269}},
{"target": 0.8089285714285714, "params": {"activation_function": 0.7952840394610394, "amount_of_layers": 1.0830839323064447, "batch_size": 49.73389437429001, "dropout_rate": 0.43850295861841415, "epochs": 44.71683204231741, "hidden_channels": 112.83679121773442, "learning_rate": 0.0236546876602003, "optimizer": 0.3702404703941571, "pooling_algorithm": 0.026537371937234155}, "datetime": {"datetime": "2023-11-18 21:20:59", "elapsed": 8685.900379, "delta": 10.162065}},
{"target": 0.2642857142857143, "params": {"activation_function": 0.9923918629745809, "amount_of_layers": 6.406238403942524, "batch_size": 125.60065254310948, "dropout_rate": 0.673918317523552, "epochs": 13.030754491119094, "hidden_channels": 5.835090236701269, "learning_rate": 0.02805994916642771, "optimizer": 1.925751260330636, "pooling_algorithm": 0.20857033026269967}, "datetime": {"datetime": "2023-11-18 21:21:02", "elapsed": 8689.294374, "delta": 3.393995}},
{"target": 0.9142857142857143, "params": {"activation_function": 0.6965345619158865, "amount_of_layers": 6.19937542334778, "batch_size": 22.907826735729003, "dropout_rate": 0.2887095539016771, "epochs": 187.89418276168868, "hidden_channels": 11.129520293270549, "learning_rate": 0.04526957431543061, "optimizer": 1.5691960173613002, "pooling_algorithm": 0.8798060752582629}, "datetime": {"datetime": "2023-11-18 21:21:19", "elapsed": 8706.566787, "delta": 17.272413}},
{"target": 0.9, "params": {"activation_function": 0.62341070830857, "amount_of_layers": 4.014201969804677, "batch_size": 27.20093062957268, "dropout_rate": 0.6978674679671797, "epochs": 142.0597285171434, "hidden_channels": 109.05232090037963, "learning_rate": 0.028034173437499435, "optimizer": 1.7189719603761227, "pooling_algorithm": 0.8882079195158786}, "datetime": {"datetime": "2023-11-18 21:21:35", "elapsed": 8722.196302, "delta": 15.629515}},
{"target": 0.8196428571428571, "params": {"activation_function": 0.40152666897389233, "amount_of_layers": 5.427407753892794, "batch_size": 56.19346969098538, "dropout_rate": 0.422976493538619, "epochs": 135.48104225579957, "hidden_channels": 102.32484800775347, "learning_rate": 0.022093859691112355, "optimizer": 0.6166790581666832, "pooling_algorithm": 0.9847346398502262}, "datetime": {"datetime": "2023-11-18 21:21:43", "elapsed": 8730.716819, "delta": 8.520517}},
{"target": 0.9017857142857143, "params": {"activation_function": 0.6567539799506485, "amount_of_layers": 3.831825590263584, "batch_size": 127.42935587873572, "dropout_rate": 0.3952684004715412, "epochs": 179.28075826220652, "hidden_channels": 102.34027557523116, "learning_rate": 0.02423001318953174, "optimizer": 1.023274284302066, "pooling_algorithm": 0.6391016037082637}, "datetime": {"datetime": "2023-11-18 21:21:53", "elapsed": 8740.718712, "delta": 10.001893}},
{"target": 0.7375, "params": {"activation_function": 1.1796159648249358, "amount_of_layers": 3.189913315552066, "batch_size": 142.04781980418477, "dropout_rate": 0.6511851781836537, "epochs": 187.80482079739187, "hidden_channels": 111.32542702987502, "learning_rate": 0.024495362125688442, "optimizer": 1.946333410797481, "pooling_algorithm": 0.1867260030930552}, "datetime": {"datetime": "2023-11-18 21:22:03", "elapsed": 8750.77301, "delta": 10.054298}},
{"target": 0.9089285714285714, "params": {"activation_function": 0.6324429520770771, "amount_of_layers": 8.471368926216726, "batch_size": 87.67784640143734, "dropout_rate": 0.6447118584108209, "epochs": 138.34914672616017, "hidden_channels": 62.72465626729589, "learning_rate": 0.053086919276123225, "optimizer": 1.3222796600951758, "pooling_algorithm": 0.5070122408721472}, "datetime": {"datetime": "2023-11-18 21:22:12", "elapsed": 8758.946444, "delta": 8.173434}},
{"target": 0.26607142857142857, "params": {"activation_function": 0.6284954548763688, "amount_of_layers": 6.770432468041488, "batch_size": 85.75346223697309, "dropout_rate": 0.5283921863529303, "epochs": 46.02845374576434, "hidden_channels": 19.592197228008605, "learning_rate": 0.07357287631270994, "optimizer": 0.9647653730758097, "pooling_algorithm": 0.18424966226878292}, "datetime": {"datetime": "2023-11-18 21:22:16", "elapsed": 8763.208041, "delta": 4.261597}},
{"target": 0.9125000000000001, "params": {"activation_function": 0.3865220015620954, "amount_of_layers": 3.9816867721700095, "batch_size": 95.90997575165714, "dropout_rate": 0.3733332217768526, "epochs": 88.05928365307024, "hidden_channels": 69.36608118519653, "learning_rate": 0.09766249491902071, "optimizer": 1.3631409550064406, "pooling_algorithm": 0.8874880668502448}, "datetime": {"datetime": "2023-11-18 21:22:22", "elapsed": 8769.034679, "delta": 5.826638}},
{"target": 0.9035714285714286, "params": {"activation_function": 1.2744320807034213, "amount_of_layers": 1.849985781557498, "batch_size": 113.32004518229286, "dropout_rate": 0.3854178744506128, "epochs": 74.22194348212416, "hidden_channels": 61.71988549104062, "learning_rate": 0.06772459120043543, "optimizer": 0.07476792555038747, "pooling_algorithm": 0.9265556761002394}, "datetime": {"datetime": "2023-11-18 21:22:26", "elapsed": 8773.542525, "delta": 4.507846}},
{"target": 0.907142857142857, "params": {"activation_function": 1.3331058722521416, "amount_of_layers": 1.4635078704125428, "batch_size": 17.55838608883497, "dropout_rate": 0.4377290882015831, "epochs": 11.541229107695601, "hidden_channels": 75.19011346364339, "learning_rate": 0.08488978343013279, "optimizer": 1.123798868242931, "pooling_algorithm": 0.9623318724451194}, "datetime": {"datetime": "2023-11-18 21:22:30", "elapsed": 8777.148325, "delta": 3.6058}},
{"target": 0.9125, "params": {"activation_function": 0.6477730699333311, "amount_of_layers": 3.728019187675785, "batch_size": 126.91257069435271, "dropout_rate": 0.7081765766340504, "epochs": 178.77748179734806, "hidden_channels": 101.1292427696194, "learning_rate": 0.07322122586679276, "optimizer": 0.7304730283011078, "pooling_algorithm": 0.693913189173005}, "datetime": {"datetime": "2023-11-18 21:22:44", "elapsed": 8791.474492, "delta": 14.326167}},
{"target": 0.9107142857142857, "params": {"activation_function": 1.6506963075054568, "amount_of_layers": 2.3005195305760395, "batch_size": 134.96594740516267, "dropout_rate": 0.40023648766948605, "epochs": 41.98620556749573, "hidden_channels": 48.3046237042534, "learning_rate": 0.061876543897360824, "optimizer": 0.765711755943606, "pooling_algorithm": 0.8027931535725092}, "datetime": {"datetime": "2023-11-18 21:22:48", "elapsed": 8795.20532, "delta": 3.730828}},
{"target": 0.8196428571428571, "params": {"activation_function": 0.01562568732030578, "amount_of_layers": 1.2970026788779379, "batch_size": 38.42080131125226, "dropout_rate": 0.4279894334402404, "epochs": 84.20294333771108, "hidden_channels": 75.27141537815767, "learning_rate": 0.0476198864537994, "optimizer": 0.21931244663099303, "pooling_algorithm": 0.48621858370192783}, "datetime": {"datetime": "2023-11-18 21:22:57", "elapsed": 8803.902853, "delta": 8.697533}},
{"target": 0.7767857142857144, "params": {"activation_function": 1.1258225901835597, "amount_of_layers": 3.081673449186395, "batch_size": 94.52671802550157, "dropout_rate": 0.4662184925152756, "epochs": 91.54143650925353, "hidden_channels": 69.98629403024457, "learning_rate": 0.09821240096715782, "optimizer": 0.6409164112989689, "pooling_algorithm": 0.3241043455680802}, "datetime": {"datetime": "2023-11-18 21:23:03", "elapsed": 8810.598638, "delta": 6.695785}},
{"target": 0.7321428571428572, "params": {"activation_function": 0.7468193473889189, "amount_of_layers": 5.179400546935399, "batch_size": 47.4464252723995, "dropout_rate": 0.3323286495750748, "epochs": 186.73459508777293, "hidden_channels": 111.06322642066385, "learning_rate": 0.00865103598116533, "optimizer": 1.1194476395066681, "pooling_algorithm": 0.0877879649166392}, "datetime": {"datetime": "2023-11-18 21:23:19", "elapsed": 8826.481129, "delta": 15.882491}},
{"target": 0.8357142857142857, "params": {"activation_function": 0.3846052852289892, "amount_of_layers": 4.603382297142536, "batch_size": 76.63195902931486, "dropout_rate": 0.6425739044812636, "epochs": 158.8535158066414, "hidden_channels": 47.729757713094294, "learning_rate": 0.022206410927020578, "optimizer": 0.08708517719361497, "pooling_algorithm": 0.11130903702286543}, "datetime": {"datetime": "2023-11-18 21:23:26", "elapsed": 8833.282211, "delta": 6.801082}},
{"target": 0.6964285714285714, "params": {"activation_function": 1.1081930880223942, "amount_of_layers": 1.7396341847951424, "batch_size": 34.32970974737431, "dropout_rate": 0.4973085327804922, "epochs": 38.0113010614802, "hidden_channels": 108.76284938321346, "learning_rate": 0.03812327467416725, "optimizer": 0.0107493098605147, "pooling_algorithm": 0.4023258014117559}, "datetime": {"datetime": "2023-11-18 21:23:30", "elapsed": 8837.044955, "delta": 3.762744}},
{"target": 0.8107142857142857, "params": {"activation_function": 1.7951061508741646, "amount_of_layers": 4.462533034534221, "batch_size": 98.55596505880783, "dropout_rate": 0.2760423898884194, "epochs": 184.00859421569487, "hidden_channels": 8.047987200951324, "learning_rate": 0.028293573404590378, "optimizer": 0.14430057311022915, "pooling_algorithm": 0.005287848985312982}, "datetime": {"datetime": "2023-11-18 21:23:36", "elapsed": 8843.65367, "delta": 6.608715}},
{"target": 0.9089285714285714, "params": {"activation_function": 0.009977713515441966, "amount_of_layers": 2.7731947305786866, "batch_size": 127.02236623496098, "dropout_rate": 0.4053507501251525, "epochs": 179.70523782274384, "hidden_channels": 102.59531526162012, "learning_rate": 0.054547786497349246, "optimizer": 0.8700837290005967, "pooling_algorithm": 0.7930256430564334}, "datetime": {"datetime": "2023-11-18 21:23:49", "elapsed": 8855.955168, "delta": 12.301498}},
{"target": 0.9017857142857143, "params": {"activation_function": 0.12362034569494007, "amount_of_layers": 1.1119764822725031, "batch_size": 138.40312238434487, "dropout_rate": 0.31766800347356633, "epochs": 132.99616289560362, "hidden_channels": 72.65586188229362, "learning_rate": 0.03579310501084443, "optimizer": 0.4688538139044711, "pooling_algorithm": 0.8977473751272148}, "datetime": {"datetime": "2023-11-18 21:23:54", "elapsed": 8861.736662, "delta": 5.781494}},
{"target": 0.9214285714285715, "params": {"activation_function": 0.8425110997794878, "amount_of_layers": 7.571290536049263, "batch_size": 98.95581614908, "dropout_rate": 0.6455575305531618, "epochs": 190.32064936142044, "hidden_channels": 99.56137427587066, "learning_rate": 0.030762630433315324, "optimizer": 0.362760290107794, "pooling_algorithm": 0.8062795302381549}, "datetime": {"datetime": "2023-11-18 21:24:08", "elapsed": 8875.35457, "delta": 13.617908}},
