{"target": 0.9125, "params": {"activation_function": 0.48850312993568545, "amount_of_layers": 8.392307930463366, "batch_size": 23.82939736559102, "dropout_rate": 0.4216459540001501, "epochs": 76.06085755180526, "hidden_channels": 65.3761524930768, "learning_rate": 0.03029501387042843, "optimizer": 1.6650523480901351, "pooling_algorithm": 0.6392723134039471}, "datetime": {"datetime": "2023-11-18 20:55:21", "elapsed": 7148.059124, "delta": 7.768776}},
{"target": 0.9142857142857143, "params": {"activation_function": 1.4762679466591226, "amount_of_layers": 2.9417826770080966, "batch_size": 42.43888560604445, "dropout_rate": 0.44302615456700084, "epochs": 102.20788103298057, "hidden_channels": 48.50121239353368, "learning_rate": 0.05087979104559385, "optimizer": 1.0507844589020374, "pooling_algorithm": 0.7522008152061981}, "datetime": {"datetime": "2023-11-18 20:55:26", "elapsed": 7153.371938, "delta": 5.312814}},
{"target": 0.9125, "params": {"activation_function": 0.49121444070127684, "amount_of_layers": 8.262429278315677, "batch_size": 61.27526980247777, "dropout_rate": 0.7177239606333885, "epochs": 177.29416982499788, "hidden_channels": 98.11646330980255, "learning_rate": 0.02468630075113146, "optimizer": 1.0476594529863839, "pooling_algorithm": 0.7259002539781498}, "datetime": {"datetime": "2023-11-18 20:55:39", "elapsed": 7166.016347, "delta": 12.644409}},
{"target": 0.8071428571428572, "params": {"activation_function": 1.6085667665744823, "amount_of_layers": 3.95196588405973, "batch_size": 129.266670655499, "dropout_rate": 0.4612694331998241, "epochs": 169.56835414860097, "hidden_channels": 64.61173892541296, "learning_rate": 0.03990545772631619, "optimizer": 0.3319395669752354, "pooling_algorithm": 0.1882021749804007}, "datetime": {"datetime": "2023-11-18 20:55:46", "elapsed": 7173.025809, "delta": 7.009462}},
{"target": 0.0, "params": {"activation_function": 1.5735966242657489, "amount_of_layers": 8.229995719589574, "batch_size": 73.4846228842309, "dropout_rate": 0.4254195958880605, "epochs": 165.33731185235416, "hidden_channels": 84.8540795142377, "learning_rate": 0.03368510978398108, "optimizer": 1.6431068373372806, "pooling_algorithm": 0.18552129985888022}, "datetime": {"datetime": "2023-11-18 20:55:57", "elapsed": 7184.763264, "delta": 11.737455}},
{"target": 0.7267857142857143, "params": {"activation_function": 0.6296713159881473, "amount_of_layers": 1.043369961038243, "batch_size": 128.76556504257832, "dropout_rate": 0.5909903387438211, "epochs": 160.36493443582185, "hidden_channels": 66.50357560245038, "learning_rate": 0.06120381696926178, "optimizer": 1.8148888401489136, "pooling_algorithm": 0.1413209474582363}, "datetime": {"datetime": "2023-11-18 20:56:03", "elapsed": 7189.936939, "delta": 5.173675}},
{"target": 0.9178571428571429, "params": {"activation_function": 1.3070755206440847, "amount_of_layers": 2.767223224839296, "batch_size": 111.94479906369448, "dropout_rate": 0.714257766492985, "epochs": 155.81527908352444, "hidden_channels": 32.39019951351819, "learning_rate": 0.05791149558870441, "optimizer": 0.11548960481787485, "pooling_algorithm": 0.6094307910406047}, "datetime": {"datetime": "2023-11-18 20:56:08", "elapsed": 7194.927457, "delta": 4.990518}},
{"target": 0.9, "params": {"activation_function": 0.9444508609566065, "amount_of_layers": 4.814238224956872, "batch_size": 122.42315542706021, "dropout_rate": 0.29401491358948595, "epochs": 165.73836986067846, "hidden_channels": 124.09084612675652, "learning_rate": 0.097166910029269, "optimizer": 0.9169548106080576, "pooling_algorithm": 0.746937952223883}, "datetime": {"datetime": "2023-11-18 20:56:31", "elapsed": 7218.078779, "delta": 23.151322}},
{"target": 0.9071428571428573, "params": {"activation_function": 0.9262458905127062, "amount_of_layers": 6.929177440033646, "batch_size": 123.22743361599416, "dropout_rate": 0.32658620926313287, "epochs": 153.80914075349406, "hidden_channels": 58.84519448827432, "learning_rate": 0.033445460313870856, "optimizer": 0.05751498423035817, "pooling_algorithm": 0.5144566579515633}, "datetime": {"datetime": "2023-11-18 20:56:41", "elapsed": 7228.773329, "delta": 10.69455}},
{"target": 0.8571428571428571, "params": {"activation_function": 0.13809587258537315, "amount_of_layers": 3.781210584887253, "batch_size": 17.27227333150725, "dropout_rate": 0.7211953962348339, "epochs": 96.1334712665258, "hidden_channels": 114.47991064351461, "learning_rate": 0.06530905927024194, "optimizer": 0.019178150851076214, "pooling_algorithm": 0.40196223366236794}, "datetime": {"datetime": "2023-11-18 20:56:50", "elapsed": 7237.191712, "delta": 8.418383}},
{"target": 0.2625, "params": {"activation_function": 1.1033598319932731, "amount_of_layers": 4.00986585872054, "batch_size": 135.15751484888074, "dropout_rate": 0.4602582221138404, "epochs": 152.17311921542532, "hidden_channels": 79.26412364099818, "learning_rate": 0.09345334766997654, "optimizer": 1.8161076155853915, "pooling_algorithm": 0.33984754062772515}, "datetime": {"datetime": "2023-11-18 20:57:03", "elapsed": 7250.412738, "delta": 13.221026}},
{"target": 0.26964285714285713, "params": {"activation_function": 0.8371426150054133, "amount_of_layers": 5.457711952023603, "batch_size": 43.49956354405482, "dropout_rate": 0.27188969663847745, "epochs": 185.8783541025662, "hidden_channels": 108.05846431010431, "learning_rate": 0.022395228602695362, "optimizer": 1.2060288158289763, "pooling_algorithm": 0.2705338834671557}, "datetime": {"datetime": "2023-11-18 20:57:17", "elapsed": 7263.88851, "delta": 13.475772}},
{"target": 0.9035714285714286, "params": {"activation_function": 1.7713141250970368, "amount_of_layers": 5.476361138459814, "batch_size": 67.77545604637794, "dropout_rate": 0.319205135992402, "epochs": 185.05440640494362, "hidden_channels": 37.75035515380462, "learning_rate": 0.09590790661921363, "optimizer": 1.3337546428921154, "pooling_algorithm": 0.8657573501152349}, "datetime": {"datetime": "2023-11-18 20:57:29", "elapsed": 7276.211839, "delta": 12.323329}},
{"target": 0.7339285714285715, "params": {"activation_function": 1.7066213245477837, "amount_of_layers": 4.240641100797881, "batch_size": 110.14546212070024, "dropout_rate": 0.3359310567228054, "epochs": 80.05309510541335, "hidden_channels": 19.51366366324453, "learning_rate": 0.07350304580147475, "optimizer": 1.6018520030517196, "pooling_algorithm": 0.4955106848832178}, "datetime": {"datetime": "2023-11-18 20:57:33", "elapsed": 7280.494164, "delta": 4.282325}},
{"target": 0.0, "params": {"activation_function": 1.7535620550108808, "amount_of_layers": 5.90153287726482, "batch_size": 59.18820691346535, "dropout_rate": 0.6216327532966524, "epochs": 184.10973312528523, "hidden_channels": 99.5699629226489, "learning_rate": 0.06757170508364302, "optimizer": 1.5790561616266154, "pooling_algorithm": 0.3295199511216821}, "datetime": {"datetime": "2023-11-18 20:57:45", "elapsed": 7292.775018, "delta": 12.280854}},
{"target": 0.8910714285714286, "params": {"activation_function": 0.35490893459607675, "amount_of_layers": 3.7078935705814233, "batch_size": 126.7843895149311, "dropout_rate": 0.5547950121587, "epochs": 163.85358531956646, "hidden_channels": 70.3281802834832, "learning_rate": 0.04868829587910412, "optimizer": 0.6151756399803632, "pooling_algorithm": 0.5419886259485238}, "datetime": {"datetime": "2023-11-18 20:57:55", "elapsed": 7302.207235, "delta": 9.432217}},
{"target": 0.8285714285714286, "params": {"activation_function": 0.46673836339745556, "amount_of_layers": 8.082552487381154, "batch_size": 118.28475539887502, "dropout_rate": 0.49987608566279107, "epochs": 159.3153225486662, "hidden_channels": 62.37768652509637, "learning_rate": 0.09846522977766849, "optimizer": 0.4643419295467883, "pooling_algorithm": 0.4066475483794124}, "datetime": {"datetime": "2023-11-18 20:58:07", "elapsed": 7314.038032, "delta": 11.830797}},
{"target": 0.26785714285714285, "params": {"activation_function": 0.5469408710645547, "amount_of_layers": 5.030051849289115, "batch_size": 74.74347601133377, "dropout_rate": 0.6851623754624394, "epochs": 94.24829782256813, "hidden_channels": 52.295549262984515, "learning_rate": 0.02553737518535813, "optimizer": 1.9063933037364467, "pooling_algorithm": 0.45030736379898206}, "datetime": {"datetime": "2023-11-18 20:58:19", "elapsed": 7325.904929, "delta": 11.866897}},
{"target": 0.8178571428571428, "params": {"activation_function": 1.5295239191389312, "amount_of_layers": 4.7740703572100855, "batch_size": 106.38415908956163, "dropout_rate": 0.2511356909148511, "epochs": 160.26834169169297, "hidden_channels": 103.61621392523746, "learning_rate": 0.08868076789880183, "optimizer": 0.23295141220686255, "pooling_algorithm": 0.32780972261601937}, "datetime": {"datetime": "2023-11-18 20:58:28", "elapsed": 7334.837763, "delta": 8.932834}},
{"target": 0.8321428571428572, "params": {"activation_function": 1.649291179359651, "amount_of_layers": 7.902303210100734, "batch_size": 62.2369127887546, "dropout_rate": 0.4743995386374126, "epochs": 183.55892891880046, "hidden_channels": 105.67924551753701, "learning_rate": 0.026412088603303362, "optimizer": 0.5625263138765726, "pooling_algorithm": 0.6434569809122339}, "datetime": {"datetime": "2023-11-18 20:58:43", "elapsed": 7350.174138, "delta": 15.336375}},
{"target": 0.6732142857142857, "params": {"activation_function": 1.208216534170292, "amount_of_layers": 5.088693730017808, "batch_size": 23.19468283692224, "dropout_rate": 0.48731985789388416, "epochs": 18.037565166328612, "hidden_channels": 72.40448675586883, "learning_rate": 0.0816067931638183, "optimizer": 1.3682040203301593, "pooling_algorithm": 0.4355555410498586}, "datetime": {"datetime": "2023-11-18 20:58:47", "elapsed": 7354.667093, "delta": 4.492955}},
{"target": 0.26785714285714285, "params": {"activation_function": 1.2453025656244183, "amount_of_layers": 5.90625839251272, "batch_size": 16.689393490418713, "dropout_rate": 0.5427444354879618, "epochs": 196.90725000755094, "hidden_channels": 15.337436206462566, "learning_rate": 0.04208460911225016, "optimizer": 1.5380741319129037, "pooling_algorithm": 0.44230775454866356}, "datetime": {"datetime": "2023-11-18 20:59:02", "elapsed": 7369.629049, "delta": 14.961956}},
{"target": 0.9071428571428571, "params": {"activation_function": 0.17877253371216661, "amount_of_layers": 4.9927051806077625, "batch_size": 92.87741100760954, "dropout_rate": 0.4308309651545107, "epochs": 90.79574987570966, "hidden_channels": 68.88422670251197, "learning_rate": 0.06271833703091778, "optimizer": 0.012676635635972211, "pooling_algorithm": 0.5660654604638206}, "datetime": {"datetime": "2023-11-18 20:59:09", "elapsed": 7376.345557, "delta": 6.716508}},
{"target": 0.8107142857142857, "params": {"activation_function": 1.7118640179166227, "amount_of_layers": 3.9473924306498507, "batch_size": 127.14128227527638, "dropout_rate": 0.3564654012728588, "epochs": 163.5234010357178, "hidden_channels": 70.42539911480264, "learning_rate": 0.05686644293191088, "optimizer": 0.43130972176486115, "pooling_algorithm": 0.11483209205109368}, "datetime": {"datetime": "2023-11-18 20:59:19", "elapsed": 7386.792782, "delta": 10.447225}},
{"target": 0.7607142857142858, "params": {"activation_function": 0.8598617128638029, "amount_of_layers": 5.262975041646335, "batch_size": 67.61663305809924, "dropout_rate": 0.37897744451441795, "epochs": 185.29209517809366, "hidden_channels": 35.510119989875534, "learning_rate": 0.0077875788150448405, "optimizer": 1.0852105161641172, "pooling_algorithm": 0.46726346336105185}, "datetime": {"datetime": "2023-11-18 20:59:28", "elapsed": 7395.394739, "delta": 8.601957}},
{"target": 0.0, "params": {"activation_function": 1.8331174284014966, "amount_of_layers": 4.923449394576813, "batch_size": 43.502454582902715, "dropout_rate": 0.695017933786989, "epochs": 159.6645542752984, "hidden_channels": 96.88564434273478, "learning_rate": 0.04808164578626567, "optimizer": 0.7195571767295226, "pooling_algorithm": 0.24746296175883575}, "datetime": {"datetime": "2023-11-18 20:59:38", "elapsed": 7405.808198, "delta": 10.413459}},
{"target": 0.8285714285714286, "params": {"activation_function": 0.1707672319222, "amount_of_layers": 4.973069515802834, "batch_size": 123.68474793051881, "dropout_rate": 0.5029553307053896, "epochs": 44.669858081690606, "hidden_channels": 73.12091847148781, "learning_rate": 0.014273388417439952, "optimizer": 0.6488536289321947, "pooling_algorithm": 0.20241783554789405}, "datetime": {"datetime": "2023-11-18 20:59:43", "elapsed": 7410.055314, "delta": 4.247116}},
{"target": 0.9178571428571428, "params": {"activation_function": 0.6314980927260769, "amount_of_layers": 1.1072083667252262, "batch_size": 22.55337185576577, "dropout_rate": 0.45467472803301456, "epochs": 15.6243976212592, "hidden_channels": 32.28652229064319, "learning_rate": 0.009784300114178222, "optimizer": 1.277533032805633, "pooling_algorithm": 0.5862186023746413}, "datetime": {"datetime": "2023-11-18 20:59:46", "elapsed": 7413.380996, "delta": 3.325682}},
{"target": 0.9035714285714286, "params": {"activation_function": 0.8157997690825316, "amount_of_layers": 2.960779734141399, "batch_size": 24.9473659363232, "dropout_rate": 0.32251023732172146, "epochs": 177.99274889946258, "hidden_channels": 32.412086807137996, "learning_rate": 0.0320679740634987, "optimizer": 0.38706426606556965, "pooling_algorithm": 0.6306731383060477}, "datetime": {"datetime": "2023-11-18 20:59:56", "elapsed": 7423.282638, "delta": 9.901642}},
{"target": 0.8178571428571428, "params": {"activation_function": 1.153615183013296, "amount_of_layers": 7.83820374007442, "batch_size": 118.24402371433585, "dropout_rate": 0.37982718467948806, "epochs": 159.78734366121364, "hidden_channels": 63.39471289575028, "learning_rate": 0.062165085122222546, "optimizer": 1.1935340894166733, "pooling_algorithm": 0.39814824396194004}, "datetime": {"datetime": "2023-11-18 21:00:07", "elapsed": 7434.717801, "delta": 11.435163}},
{"target": 0.9035714285714286, "params": {"activation_function": 1.1472199326640655, "amount_of_layers": 7.733037555282198, "batch_size": 69.0851132960082, "dropout_rate": 0.7011843031269371, "epochs": 138.63868449516258, "hidden_channels": 80.79598846352073, "learning_rate": 0.08156488302196307, "optimizer": 1.4452873629683325, "pooling_algorithm": 0.5490259442899044}, "datetime": {"datetime": "2023-11-18 21:00:26", "elapsed": 7453.31251, "delta": 18.594709}},
{"target": 0.7446428571428572, "params": {"activation_function": 1.4231033775255582, "amount_of_layers": 7.875663532936919, "batch_size": 19.20398476126343, "dropout_rate": 0.6371682369203293, "epochs": 186.64813741211415, "hidden_channels": 13.069685561187384, "learning_rate": 0.012581187854521822, "optimizer": 0.9208783376763507, "pooling_algorithm": 0.4897088615128178}, "datetime": {"datetime": "2023-11-18 21:00:44", "elapsed": 7471.573705, "delta": 18.261195}},
{"target": 0.7857142857142857, "params": {"activation_function": 1.9652806490705266, "amount_of_layers": 5.808981078868998, "batch_size": 140.80716390047604, "dropout_rate": 0.6618804916377701, "epochs": 25.51164016011861, "hidden_channels": 90.13643188446771, "learning_rate": 0.015296159730604532, "optimizer": 1.3580268252365073, "pooling_algorithm": 0.6582082455383349}, "datetime": {"datetime": "2023-11-18 21:00:48", "elapsed": 7475.520434, "delta": 3.946729}},
{"target": 0.9178571428571428, "params": {"activation_function": 0.43468205938411564, "amount_of_layers": 2.0293931841611954, "batch_size": 144.30713701168594, "dropout_rate": 0.36119635660459004, "epochs": 148.48476366003064, "hidden_channels": 34.37483401960046, "learning_rate": 0.0021500079480267537, "optimizer": 0.29814746577469564, "pooling_algorithm": 0.8667592479325544}, "datetime": {"datetime": "2023-11-18 21:00:55", "elapsed": 7482.053315, "delta": 6.532881}},
{"target": 0.9142857142857143, "params": {"activation_function": 0.9779436884925448, "amount_of_layers": 3.670393701089612, "batch_size": 93.46110331917342, "dropout_rate": 0.4586082316714278, "epochs": 90.2921700750196, "hidden_channels": 69.95169676436383, "learning_rate": 0.04849980563349572, "optimizer": 1.4763690298987966, "pooling_algorithm": 0.9507276353506741}, "datetime": {"datetime": "2023-11-18 21:01:02", "elapsed": 7489.808702, "delta": 7.755387}},
{"target": 0.7321428571428571, "params": {"activation_function": 0.8602568857188486, "amount_of_layers": 6.758578947977987, "batch_size": 70.49419909996473, "dropout_rate": 0.301218547693637, "epochs": 190.96352211223012, "hidden_channels": 53.81318274549979, "learning_rate": 0.08634306126664257, "optimizer": 0.2112977583217519, "pooling_algorithm": 0.23103757204201314}, "datetime": {"datetime": "2023-11-18 21:01:12", "elapsed": 7499.566216, "delta": 9.757514}},
{"target": 0.26607142857142857, "params": {"activation_function": 1.3808873055056683, "amount_of_layers": 4.757340923103254, "batch_size": 92.40379174075596, "dropout_rate": 0.4812883947223388, "epochs": 84.96550884742135, "hidden_channels": 65.56533600778864, "learning_rate": 0.04297392843716595, "optimizer": 1.0255937670605093, "pooling_algorithm": 0.23180649563574196}, "datetime": {"datetime": "2023-11-18 21:01:22", "elapsed": 7509.508874, "delta": 9.942658}},
{"target": 0.9, "params": {"activation_function": 1.743123593592443, "amount_of_layers": 4.238388166902518, "batch_size": 67.0148893021774, "dropout_rate": 0.5932162794928101, "epochs": 185.02430609245908, "hidden_channels": 37.26698213264531, "learning_rate": 0.09439910610674093, "optimizer": 1.042957028869274, "pooling_algorithm": 0.9284990734939704}, "datetime": {"datetime": "2023-11-18 21:01:33", "elapsed": 7520.111558, "delta": 10.602684}},
{"target": 0.7392857142857142, "params": {"activation_function": 1.8998778248882895, "amount_of_layers": 4.7565141904434585, "batch_size": 105.55795894005324, "dropout_rate": 0.29651011574509206, "epochs": 15.45220952138813, "hidden_channels": 86.11406386771361, "learning_rate": 0.09675280139862188, "optimizer": 0.7122265019359317, "pooling_algorithm": 0.4272044906755287}, "datetime": {"datetime": "2023-11-18 21:01:36", "elapsed": 7523.530276, "delta": 3.418718}},
{"target": 0.26785714285714285, "params": {"activation_function": 1.1078066018670092, "amount_of_layers": 3.1685523065573307, "batch_size": 124.23047996493933, "dropout_rate": 0.7275703020150388, "epochs": 64.58240171465226, "hidden_channels": 23.277392325539548, "learning_rate": 0.043009171742348994, "optimizer": 1.9118883717601352, "pooling_algorithm": 0.32644799224961285}, "datetime": {"datetime": "2023-11-18 21:01:40", "elapsed": 7527.290746, "delta": 3.76047}},
{"target": 0.9125, "params": {"activation_function": 1.184615748216951, "amount_of_layers": 7.2350145910346875, "batch_size": 64.11149532760692, "dropout_rate": 0.6108285326838105, "epochs": 185.5471036747298, "hidden_channels": 34.49739106185482, "learning_rate": 0.0353809715926196, "optimizer": 1.2394108988700487, "pooling_algorithm": 0.7659944426322779}, "datetime": {"datetime": "2023-11-18 21:01:52", "elapsed": 7539.704746, "delta": 12.414}},
{"target": 0.26785714285714285, "params": {"activation_function": 1.9428311626037356, "amount_of_layers": 6.232538140835422, "batch_size": 69.25017252613044, "dropout_rate": 0.6706590885836197, "epochs": 185.81372983935395, "hidden_channels": 41.577601128577705, "learning_rate": 0.0878116006441628, "optimizer": 0.9057813582750358, "pooling_algorithm": 0.29849329458149665}, "datetime": {"datetime": "2023-11-18 21:02:04", "elapsed": 7550.883263, "delta": 11.178517}},
{"target": 0.9071428571428573, "params": {"activation_function": 1.2543775888002429, "amount_of_layers": 7.4917960186077845, "batch_size": 61.67614348997972, "dropout_rate": 0.729317609043459, "epochs": 184.87564414751523, "hidden_channels": 101.1324263282158, "learning_rate": 0.026873566735179058, "optimizer": 0.6554354933606974, "pooling_algorithm": 0.561264937680602}, "datetime": {"datetime": "2023-11-18 21:02:19", "elapsed": 7566.545676, "delta": 15.662413}},
{"target": 0.9035714285714286, "params": {"activation_function": 0.5342654375464062, "amount_of_layers": 3.442278579503724, "batch_size": 76.52381187784977, "dropout_rate": 0.411752532178437, "epochs": 36.86122262112374, "hidden_channels": 18.929679671561324, "learning_rate": 0.09844455956261487, "optimizer": 1.4706202604887426, "pooling_algorithm": 0.7545752535202261}, "datetime": {"datetime": "2023-11-18 21:02:23", "elapsed": 7569.95064, "delta": 3.404964}},
{"target": 0.9107142857142857, "params": {"activation_function": 0.6728181482663094, "amount_of_layers": 4.590281315390833, "batch_size": 99.45411743488503, "dropout_rate": 0.5419854145040139, "epochs": 180.98692094639804, "hidden_channels": 36.61559573435305, "learning_rate": 0.061059615750378826, "optimizer": 0.24039356783456922, "pooling_algorithm": 0.9643782185605181}, "datetime": {"datetime": "2023-11-18 21:02:30", "elapsed": 7577.310297, "delta": 7.359657}},
{"target": 0.9053571428571429, "params": {"activation_function": 1.7534996797197089, "amount_of_layers": 8.234131084732248, "batch_size": 87.52851200190695, "dropout_rate": 0.7444197738244973, "epochs": 138.46577135500044, "hidden_channels": 62.977162179965525, "learning_rate": 0.060000117263275594, "optimizer": 1.5353518619558564, "pooling_algorithm": 0.5447994077421827}, "datetime": {"datetime": "2023-11-18 21:02:39", "elapsed": 7586.186408, "delta": 8.876111}},
{"target": 0.9053571428571429, "params": {"activation_function": 1.3498334322843262, "amount_of_layers": 7.234406865715478, "batch_size": 54.486808433054314, "dropout_rate": 0.25231164110879517, "epochs": 75.04037939988234, "hidden_channels": 44.48989991050003, "learning_rate": 0.02048823790469027, "optimizer": 1.6977894587890665, "pooling_algorithm": 0.8147113994553676}, "datetime": {"datetime": "2023-11-18 21:02:44", "elapsed": 7591.208896, "delta": 5.022488}},
