{"target": 0.9142857142857144, "params": {"activation_function": 0.8425760039996808, "amount_of_layers": 1.1651276611145454, "batch_size": 117.60387632485492, "dropout_rate": 0.3177111782313187, "epochs": 38.57162501881756, "hidden_channels": 72.65685867767974, "learning_rate": 0.07328983572919479, "optimizer": 0.8598397208841675, "pooling_algorithm": 0.9511848565526616}, "datetime": {"datetime": "2023-11-18 21:39:56", "elapsed": 9823.807276, "delta": 4.924105}},
{"target": 0.9142857142857143, "params": {"activation_function": 0.6169206230707971, "amount_of_layers": 3.362013636014672, "batch_size": 47.77006986239532, "dropout_rate": 0.47848050300386347, "epochs": 59.202423868594714, "hidden_channels": 9.488572857621882, "learning_rate": 0.07605591957096623, "optimizer": 0.8225489150678698, "pooling_algorithm": 0.5082385715516246}, "datetime": {"datetime": "2023-11-18 21:40:01", "elapsed": 9828.619129, "delta": 4.811853}},
{"target": 0.26785714285714285, "params": {"activation_function": 1.3754629144598647, "amount_of_layers": 3.5084101694675676, "batch_size": 76.08040717967788, "dropout_rate": 0.5973679110791615, "epochs": 37.22224701325372, "hidden_channels": 18.865359983035777, "learning_rate": 0.08284660433492194, "optimizer": 1.4182219302331527, "pooling_algorithm": 0.11966802104800511}, "datetime": {"datetime": "2023-11-18 21:40:14", "elapsed": 9840.846588, "delta": 12.227459}},
{"target": 0.5071428571428571, "params": {"activation_function": 1.9527131992908333, "amount_of_layers": 8.80557221187036, "batch_size": 141.6595189255402, "dropout_rate": 0.6921674826460709, "epochs": 194.55685649706624, "hidden_channels": 18.623093785387308, "learning_rate": 0.029409324540079464, "optimizer": 0.10227474525009939, "pooling_algorithm": 0.9915050752412826}, "datetime": {"datetime": "2023-11-18 21:40:23", "elapsed": 9850.587099, "delta": 9.740511}},
{"target": 0.26785714285714285, "params": {"activation_function": 0.639284975448849, "amount_of_layers": 3.1522157047305353, "batch_size": 114.12966508251911, "dropout_rate": 0.4087617136542354, "epochs": 25.693780211013795, "hidden_channels": 54.90766109896211, "learning_rate": 0.036729949452386196, "optimizer": 1.4653754096288416, "pooling_algorithm": 0.173226777670486}, "datetime": {"datetime": "2023-11-18 21:40:43", "elapsed": 9870.385124, "delta": 19.798025}},
{"target": 0.9071428571428571, "params": {"activation_function": 0.5737171608431311, "amount_of_layers": 6.433521529298324, "batch_size": 44.09628459841146, "dropout_rate": 0.27446634204403453, "epochs": 21.694021327276236, "hidden_channels": 83.03963681312023, "learning_rate": 0.0031437240227607578, "optimizer": 1.1666614702911473, "pooling_algorithm": 0.6153275234301999}, "datetime": {"datetime": "2023-11-18 21:40:48", "elapsed": 9875.576379, "delta": 5.191255}},
{"target": 0.7339285714285715, "params": {"activation_function": 0.783543530479994, "amount_of_layers": 7.06376065144415, "batch_size": 90.74299053971743, "dropout_rate": 0.6299934791050716, "epochs": 90.48169510265801, "hidden_channels": 73.01714145757495, "learning_rate": 0.009029964043126542, "optimizer": 1.6261903898185555, "pooling_algorithm": 0.2016607435582506}, "datetime": {"datetime": "2023-11-18 21:41:01", "elapsed": 9887.893405, "delta": 12.317026}},
{"target": 0.9214285714285715, "params": {"activation_function": 0.16546508777142166, "amount_of_layers": 4.052966817516106, "batch_size": 135.82402763691664, "dropout_rate": 0.6033659472505285, "epochs": 88.15470231078173, "hidden_channels": 99.63461402808873, "learning_rate": 0.030176748749259918, "optimizer": 0.09809876212899216, "pooling_algorithm": 0.9122405720234698}, "datetime": {"datetime": "2023-11-18 21:41:07", "elapsed": 9894.258105, "delta": 6.3647}},
{"target": 0.7321428571428572, "params": {"activation_function": 1.4077415708317944, "amount_of_layers": 8.900151618735338, "batch_size": 18.15919646336033, "dropout_rate": 0.7361989560730962, "epochs": 158.67587493761278, "hidden_channels": 120.74867209357025, "learning_rate": 0.017249693343909456, "optimizer": 1.3792791653043464, "pooling_algorithm": 0.2638295748915578}, "datetime": {"datetime": "2023-11-18 21:41:30", "elapsed": 9917.581493, "delta": 23.323388}},
{"target": 0.8964285714285714, "params": {"activation_function": 0.9522117543987685, "amount_of_layers": 3.461672934873648, "batch_size": 127.54685540494079, "dropout_rate": 0.3668347633328711, "epochs": 163.81071044701807, "hidden_channels": 74.90729105315717, "learning_rate": 0.0428652347315918, "optimizer": 0.16676059183144631, "pooling_algorithm": 0.981232158434814}, "datetime": {"datetime": "2023-11-18 21:41:45", "elapsed": 9932.104904, "delta": 14.523411}},
{"target": 0.9071428571428573, "params": {"activation_function": 0.02414504266211326, "amount_of_layers": 4.278765508775804, "batch_size": 126.46629441092846, "dropout_rate": 0.36694215692056215, "epochs": 161.85592495923763, "hidden_channels": 67.84159953737752, "learning_rate": 0.08582620901278558, "optimizer": 0.227682173053124, "pooling_algorithm": 0.782943572542322}, "datetime": {"datetime": "2023-11-18 21:41:58", "elapsed": 9945.484993, "delta": 13.380089}},
{"target": 0.9035714285714286, "params": {"activation_function": 0.9320279538100593, "amount_of_layers": 8.752214273543178, "batch_size": 45.14471164939617, "dropout_rate": 0.351258914792328, "epochs": 114.20196795888621, "hidden_channels": 91.58956888245716, "learning_rate": 0.0507670961631002, "optimizer": 0.8485219820689618, "pooling_algorithm": 0.8161293427301324}, "datetime": {"datetime": "2023-11-18 21:42:10", "elapsed": 9957.441194, "delta": 11.956201}},
{"target": 0.7339285714285715, "params": {"activation_function": 1.383673793034321, "amount_of_layers": 8.278099257254489, "batch_size": 67.87942373220272, "dropout_rate": 0.3305478147214734, "epochs": 63.11801370217649, "hidden_channels": 55.267919321626295, "learning_rate": 0.08974795885989897, "optimizer": 1.5860987274247043, "pooling_algorithm": 0.2444292231644689}, "datetime": {"datetime": "2023-11-18 21:42:18", "elapsed": 9965.3363, "delta": 7.895106}},
{"target": 0.9053571428571427, "params": {"activation_function": 0.9407384436516943, "amount_of_layers": 2.292540483588959, "batch_size": 144.6731702808365, "dropout_rate": 0.525268947381988, "epochs": 131.98496764840974, "hidden_channels": 102.04655321966348, "learning_rate": 0.04853655074199765, "optimizer": 1.2536736966499988, "pooling_algorithm": 0.556811984730804}, "datetime": {"datetime": "2023-11-18 21:42:26", "elapsed": 9972.919667, "delta": 7.583367}},
{"target": 0.7357142857142857, "params": {"activation_function": 0.8318002088935965, "amount_of_layers": 6.050182734905755, "batch_size": 90.7202652238778, "dropout_rate": 0.6127066746417449, "epochs": 122.07318771831262, "hidden_channels": 30.25776944585816, "learning_rate": 0.022302298832879906, "optimizer": 0.3834961776725234, "pooling_algorithm": 0.05114847817713997}, "datetime": {"datetime": "2023-11-18 21:42:33", "elapsed": 9979.943319, "delta": 7.023652}},
{"target": 0.8857142857142857, "params": {"activation_function": 1.7407091204602763, "amount_of_layers": 1.5984625058714714, "batch_size": 44.87294634567397, "dropout_rate": 0.46546131284276643, "epochs": 57.70028982747878, "hidden_channels": 105.21685094604025, "learning_rate": 0.054325946019852266, "optimizer": 1.2129910957009702, "pooling_algorithm": 0.7741429955689579}, "datetime": {"datetime": "2023-11-18 21:42:38", "elapsed": 9985.102985, "delta": 5.159666}},
{"target": 0.7392857142857142, "params": {"activation_function": 1.2717931683534551, "amount_of_layers": 7.886886123423609, "batch_size": 81.1486254832558, "dropout_rate": 0.7192412291132482, "epochs": 138.22950897706605, "hidden_channels": 42.0134627500903, "learning_rate": 0.07845455784840849, "optimizer": 0.3156170339505262, "pooling_algorithm": 0.4420621914800348}, "datetime": {"datetime": "2023-11-18 21:42:46", "elapsed": 9993.303228, "delta": 8.200243}},
{"target": 0.8035714285714286, "params": {"activation_function": 1.791503791942475, "amount_of_layers": 5.641648692313513, "batch_size": 128.40750154863997, "dropout_rate": 0.3359271264800401, "epochs": 160.83914887775697, "hidden_channels": 62.297527321984404, "learning_rate": 0.01049445951907357, "optimizer": 0.23605647713401678, "pooling_algorithm": 0.6203193730691542}, "datetime": {"datetime": "2023-11-18 21:43:03", "elapsed": 10009.880346, "delta": 16.577118}},
{"target": 0.9035714285714287, "params": {"activation_function": 1.287446724518977, "amount_of_layers": 5.435473995180018, "batch_size": 139.8750129143981, "dropout_rate": 0.5281231193359077, "epochs": 167.4540882133799, "hidden_channels": 35.50322050598831, "learning_rate": 0.018030222156250105, "optimizer": 0.9630683961079591, "pooling_algorithm": 0.5786414667810096}, "datetime": {"datetime": "2023-11-18 21:43:10", "elapsed": 10017.621982, "delta": 7.741636}},
{"target": 0.8142857142857143, "params": {"activation_function": 0.2598427686094966, "amount_of_layers": 7.614755677002186, "batch_size": 91.25657709237387, "dropout_rate": 0.40057689476439584, "epochs": 88.58918233340857, "hidden_channels": 66.7246987177985, "learning_rate": 0.0785624895873749, "optimizer": 0.4498769871245636, "pooling_algorithm": 0.46809257439930163}, "datetime": {"datetime": "2023-11-18 21:43:28", "elapsed": 10034.85493, "delta": 17.232948}},
{"target": 0.9000000000000001, "params": {"activation_function": 0.9766693153247628, "amount_of_layers": 8.135076669635872, "batch_size": 91.47877411783732, "dropout_rate": 0.6471094828226769, "epochs": 150.69076228301623, "hidden_channels": 101.49051985604451, "learning_rate": 0.016581385820034357, "optimizer": 0.931883167075243, "pooling_algorithm": 0.6643274714943302}, "datetime": {"datetime": "2023-11-18 21:43:47", "elapsed": 10053.836628, "delta": 18.981698}},
{"target": 0.7339285714285715, "params": {"activation_function": 0.8555074380737906, "amount_of_layers": 7.158276533636921, "batch_size": 105.43681924891108, "dropout_rate": 0.4049846124456048, "epochs": 138.6253140434613, "hidden_channels": 40.353876632855346, "learning_rate": 0.027675140597954388, "optimizer": 1.159158174312994, "pooling_algorithm": 0.07551338637118166}, "datetime": {"datetime": "2023-11-18 21:43:55", "elapsed": 10062.106366, "delta": 8.269738}},
{"target": 0.7375, "params": {"activation_function": 1.874822302202847, "amount_of_layers": 3.94430720001107, "batch_size": 99.14422769199308, "dropout_rate": 0.30289228792448025, "epochs": 101.04192485950414, "hidden_channels": 75.70726404926786, "learning_rate": 0.08895208232357202, "optimizer": 1.8069569057648913, "pooling_algorithm": 0.3197845372426368}, "datetime": {"datetime": "2023-11-18 21:44:01", "elapsed": 10068.486592, "delta": 6.380226}},
{"target": 0.8178571428571428, "params": {"activation_function": 1.6296040686276727, "amount_of_layers": 7.5578350259932385, "batch_size": 124.6742116174851, "dropout_rate": 0.48218348312147696, "epochs": 154.91514826400342, "hidden_channels": 59.75502629416119, "learning_rate": 0.0953128110121535, "optimizer": 0.05552441155448484, "pooling_algorithm": 0.29743471247538544}, "datetime": {"datetime": "2023-11-18 21:44:17", "elapsed": 10084.031677, "delta": 15.545085}},
{"target": 0.21428571428571427, "params": {"activation_function": 0.2381336115217758, "amount_of_layers": 4.71478223765553, "batch_size": 94.32709353395806, "dropout_rate": 0.6856354017341987, "epochs": 88.2790098428324, "hidden_channels": 70.46704716745218, "learning_rate": 0.07543766728449294, "optimizer": 1.2612460913008288, "pooling_algorithm": 0.004305080612969969}, "datetime": {"datetime": "2023-11-18 21:44:31", "elapsed": 10097.886561, "delta": 13.854884}},
{"target": 0.9089285714285714, "params": {"activation_function": 0.1092589369940391, "amount_of_layers": 4.352706902619077, "batch_size": 128.64940493816306, "dropout_rate": 0.6284051894970053, "epochs": 162.3752857364152, "hidden_channels": 76.19878890273091, "learning_rate": 0.055550412584614725, "optimizer": 0.687608557568592, "pooling_algorithm": 0.600654653652965}, "datetime": {"datetime": "2023-11-18 21:44:46", "elapsed": 10113.47957, "delta": 15.593009}},
{"target": 0.8982142857142857, "params": {"activation_function": 1.650169547826438, "amount_of_layers": 4.267261471828392, "batch_size": 132.26890868682364, "dropout_rate": 0.7305990203738031, "epochs": 163.76703483231097, "hidden_channels": 76.44569506401638, "learning_rate": 0.09465549354076636, "optimizer": 1.8595607392797575, "pooling_algorithm": 0.5954101715615665}, "datetime": {"datetime": "2023-11-18 21:45:05", "elapsed": 10132.730996, "delta": 19.251426}},
{"target": 0.9089285714285714, "params": {"activation_function": 0.4793797579349792, "amount_of_layers": 8.507975265300626, "batch_size": 16.352861879312446, "dropout_rate": 0.6078117125078553, "epochs": 194.62997264784408, "hidden_channels": 15.788450682334972, "learning_rate": 0.035930817443451085, "optimizer": 1.3343676793654948, "pooling_algorithm": 0.6236390422813679}, "datetime": {"datetime": "2023-11-18 21:45:36", "elapsed": 10163.051669, "delta": 30.320673}},
{"target": 0.3160714285714286, "params": {"activation_function": 0.7015849725109145, "amount_of_layers": 3.8135723019881533, "batch_size": 52.42404157449793, "dropout_rate": 0.5923605103101044, "epochs": 126.07603501309016, "hidden_channels": 14.478757169030613, "learning_rate": 0.031791750421494416, "optimizer": 1.2864915993031187, "pooling_algorithm": 0.16461855274616444}, "datetime": {"datetime": "2023-11-18 21:45:43", "elapsed": 10170.544157, "delta": 7.492488}},
{"target": 0.9071428571428571, "params": {"activation_function": 0.7112964570552203, "amount_of_layers": 2.1573019747207853, "batch_size": 106.01936088834611, "dropout_rate": 0.33059612417493023, "epochs": 166.30661869524485, "hidden_channels": 23.593529313434583, "learning_rate": 0.0748466953364625, "optimizer": 1.314975858487685, "pooling_algorithm": 0.6555713151596788}, "datetime": {"datetime": "2023-11-18 21:45:50", "elapsed": 10177.543754, "delta": 6.999597}},
{"target": 0.9071428571428571, "params": {"activation_function": 1.7046293287468717, "amount_of_layers": 2.091697194689673, "batch_size": 38.49324381242003, "dropout_rate": 0.3382024253250516, "epochs": 84.23465379311796, "hidden_channels": 76.22328260164839, "learning_rate": 0.018921684117156147, "optimizer": 0.33807611094399537, "pooling_algorithm": 0.5829450850172079}, "datetime": {"datetime": "2023-11-18 21:46:03", "elapsed": 10190.768063, "delta": 13.224309}},
{"target": 0.9, "params": {"activation_function": 1.2610106245872215, "amount_of_layers": 7.813632209000846, "batch_size": 38.044709910818185, "dropout_rate": 0.7073068063855157, "epochs": 84.2934259929315, "hidden_channels": 89.5840458561079, "learning_rate": 0.09865543382984643, "optimizer": 1.616859913020155, "pooling_algorithm": 0.5507084705961828}, "datetime": {"datetime": "2023-11-18 21:46:13", "elapsed": 10200.803281, "delta": 10.035218}},
{"target": 0.9035714285714287, "params": {"activation_function": 1.3266354698342286, "amount_of_layers": 4.586557518504331, "batch_size": 89.44562717513384, "dropout_rate": 0.6372254623423159, "epochs": 87.46786117618588, "hidden_channels": 68.23021607410084, "learning_rate": 0.04202808845259019, "optimizer": 0.37962711818914374, "pooling_algorithm": 0.6209104675834277}, "datetime": {"datetime": "2023-11-18 21:46:28", "elapsed": 10215.442886, "delta": 14.639605}},
{"target": 0.8125, "params": {"activation_function": 1.6758081329833665, "amount_of_layers": 1.34587635580319, "batch_size": 66.57809471874359, "dropout_rate": 0.711125216204662, "epochs": 186.60818621849933, "hidden_channels": 35.790425544244044, "learning_rate": 0.09550252276751471, "optimizer": 1.0451869561159688, "pooling_algorithm": 0.3042423085102919}, "datetime": {"datetime": "2023-11-18 21:46:36", "elapsed": 10222.928112, "delta": 7.485226}},
{"target": 0.21428571428571427, "params": {"activation_function": 0.48232558566260164, "amount_of_layers": 6.79849967291637, "batch_size": 16.481089871965917, "dropout_rate": 0.5606198406874837, "epochs": 92.07139748297304, "hidden_channels": 86.20094024652897, "learning_rate": 0.025796525862149134, "optimizer": 1.127778327818196, "pooling_algorithm": 0.042305336943588845}, "datetime": {"datetime": "2023-11-18 21:46:56", "elapsed": 10243.745666, "delta": 20.817554}},
{"target": 0.2732142857142857, "params": {"activation_function": 0.2578068559038935, "amount_of_layers": 8.113720190437768, "batch_size": 75.56619619141759, "dropout_rate": 0.5611269422658386, "epochs": 33.63893912891643, "hidden_channels": 67.10436812120335, "learning_rate": 0.049669737431437704, "optimizer": 1.788569297946977, "pooling_algorithm": 0.24084406538446068}, "datetime": {"datetime": "2023-11-18 21:47:01", "elapsed": 10248.4199, "delta": 4.674234}},
{"target": 0.9178571428571428, "params": {"activation_function": 1.3782533947908222, "amount_of_layers": 4.813900323952009, "batch_size": 149.95138626873631, "dropout_rate": 0.3743670139083409, "epochs": 150.89540327998964, "hidden_channels": 105.89382339705496, "learning_rate": 0.021160579971669542, "optimizer": 0.23168262986817512, "pooling_algorithm": 0.9358988609410449}, "datetime": {"datetime": "2023-11-18 21:47:12", "elapsed": 10258.878145, "delta": 10.458245}},
{"target": 0.7428571428571429, "params": {"activation_function": 1.3625972024191313, "amount_of_layers": 8.097044471828802, "batch_size": 65.70269383600524, "dropout_rate": 0.6266408037439144, "epochs": 185.0340836325157, "hidden_channels": 35.54808791946384, "learning_rate": 0.06342535635948084, "optimizer": 1.75738081632801, "pooling_algorithm": 0.22912835231257334}, "datetime": {"datetime": "2023-11-18 21:47:29", "elapsed": 10276.50111, "delta": 17.622965}},
{"target": 0.7357142857142857, "params": {"activation_function": 0.9753504103834698, "amount_of_layers": 4.021935030148503, "batch_size": 140.83251921253134, "dropout_rate": 0.47932747244813473, "epochs": 35.68090018514851, "hidden_channels": 48.29345571163062, "learning_rate": 0.007558685174826129, "optimizer": 0.25895528387848343, "pooling_algorithm": 0.32229436008967893}, "datetime": {"datetime": "2023-11-18 21:47:43", "elapsed": 10290.591117, "delta": 14.090007}},
{"target": 0.7303571428571429, "params": {"activation_function": 1.4736173396682375, "amount_of_layers": 6.782954853981014, "batch_size": 19.402856471487873, "dropout_rate": 0.7119737675706281, "epochs": 60.471797887381854, "hidden_channels": 23.99574753297603, "learning_rate": 0.07811439971237613, "optimizer": 0.8275107346060715, "pooling_algorithm": 0.05630307689022418}, "datetime": {"datetime": "2023-11-18 21:47:51", "elapsed": 10298.301179, "delta": 7.710062}},
{"target": 0.9196428571428571, "params": {"activation_function": 1.5095872506822263, "amount_of_layers": 3.3289368361575997, "batch_size": 109.60010161574674, "dropout_rate": 0.41830475343607926, "epochs": 116.42033786156722, "hidden_channels": 66.30492967629016, "learning_rate": 0.07510619145362606, "optimizer": 1.596030716572381, "pooling_algorithm": 0.9928380370138489}, "datetime": {"datetime": "2023-11-18 21:47:58", "elapsed": 10305.104683, "delta": 6.803504}},
{"target": 0.7392857142857143, "params": {"activation_function": 0.8634172795304935, "amount_of_layers": 1.9896064988137763, "batch_size": 75.28560555033047, "dropout_rate": 0.3640107978535818, "epochs": 80.23298582722465, "hidden_channels": 97.29908008541945, "learning_rate": 0.05105131799266503, "optimizer": 1.9422151577423061, "pooling_algorithm": 0.2045355011614538}, "datetime": {"datetime": "2023-11-18 21:48:03", "elapsed": 10310.732494, "delta": 5.627811}},
{"target": 0.9107142857142857, "params": {"activation_function": 0.5415209444899449, "amount_of_layers": 4.121842974570243, "batch_size": 109.03983691539828, "dropout_rate": 0.4523857690562582, "epochs": 125.26349510863203, "hidden_channels": 107.74049870871195, "learning_rate": 0.00817376677584787, "optimizer": 1.4969651871089598, "pooling_algorithm": 0.9912987835438837}, "datetime": {"datetime": "2023-11-18 21:48:11", "elapsed": 10318.756007, "delta": 8.023513}},
{"target": 0.9089285714285714, "params": {"activation_function": 0.3522373190793926, "amount_of_layers": 5.483820716133391, "batch_size": 22.70980682400048, "dropout_rate": 0.6258847312709983, "epochs": 23.335786435735226, "hidden_channels": 39.13859559542459, "learning_rate": 0.052194920837586666, "optimizer": 1.069069212134597, "pooling_algorithm": 0.8830718704227732}, "datetime": {"datetime": "2023-11-18 21:48:16", "elapsed": 10323.122385, "delta": 4.366378}},
{"target": 0.9035714285714286, "params": {"activation_function": 1.0457511760952696, "amount_of_layers": 3.297344739542517, "batch_size": 109.73512157681253, "dropout_rate": 0.6167049106624589, "epochs": 116.02225417780276, "hidden_channels": 66.00518953100833, "learning_rate": 0.030675226656088093, "optimizer": 0.8235164412599834, "pooling_algorithm": 0.6136847616023079}, "datetime": {"datetime": "2023-11-18 21:48:32", "elapsed": 10339.516605, "delta": 16.39422}},
{"target": 0.9178571428571429, "params": {"activation_function": 0.8918637751167899, "amount_of_layers": 4.493924170312209, "batch_size": 137.57357782546575, "dropout_rate": 0.4386159580123898, "epochs": 98.3121943891551, "hidden_channels": 12.851132936448334, "learning_rate": 0.0954517716305095, "optimizer": 0.5214777068721541, "pooling_algorithm": 0.5874400503800142}, "datetime": {"datetime": "2023-11-18 21:48:38", "elapsed": 10345.505963, "delta": 5.989358}},
{"target": 0.5, "params": {"activation_function": 0.029464395036908453, "amount_of_layers": 7.53234963828823, "batch_size": 67.74104790548603, "dropout_rate": 0.49557273878552055, "epochs": 171.2567513992233, "hidden_channels": 7.159506684941962, "learning_rate": 0.04339368209043304, "optimizer": 1.1215955894054717, "pooling_algorithm": 0.03323006748852064}, "datetime": {"datetime": "2023-11-18 21:48:55", "elapsed": 10362.045668, "delta": 16.539705}},
