{"target": 0.8910714285714286, "params": {"activation_function": 1.682118967544438, "amount_of_layers": 2.0007546536030514, "batch_size": 96.20546244845039, "dropout_rate": 0.5918544089255093, "epochs": 175.63755787866955, "hidden_channels": 87.205457821848, "learning_rate": 0.06774764427503516, "optimizer": 1.6923643974948928, "pooling_algorithm": 0.6336448917692034}, "datetime": {"datetime": "2023-11-18 21:49:03", "elapsed": 10370.023577, "delta": 7.977909}},
{"target": 0.37142857142857144, "params": {"activation_function": 1.5411388687878735, "amount_of_layers": 2.200080061027876, "batch_size": 142.542132346851, "dropout_rate": 0.34064062598593525, "epochs": 131.97905048815886, "hidden_channels": 62.133737448008155, "learning_rate": 0.0327579763201761, "optimizer": 0.6538414345578758, "pooling_algorithm": 0.3478548931751211}, "datetime": {"datetime": "2023-11-18 21:49:10", "elapsed": 10376.94641, "delta": 6.922833}},
{"target": 0.7678571428571429, "params": {"activation_function": 0.6263541194048008, "amount_of_layers": 2.355707220892824, "batch_size": 146.90127475622762, "dropout_rate": 0.705499615980972, "epochs": 77.49306576054661, "hidden_channels": 56.19323844977957, "learning_rate": 0.05459261623241747, "optimizer": 0.349572732438147, "pooling_algorithm": 0.2717316867267311}, "datetime": {"datetime": "2023-11-18 21:49:14", "elapsed": 10381.645867, "delta": 4.699457}},
{"target": 0.8107142857142857, "params": {"activation_function": 0.24889412315256143, "amount_of_layers": 8.509553389484484, "batch_size": 36.93898774522939, "dropout_rate": 0.6477832642712351, "epochs": 95.33276268026881, "hidden_channels": 121.10998237333112, "learning_rate": 0.0022422672969113168, "optimizer": 1.5033462774962842, "pooling_algorithm": 0.32860355967182875}, "datetime": {"datetime": "2023-11-18 21:49:26", "elapsed": 10393.346097, "delta": 11.70023}},
{"target": 0.8875000000000001, "params": {"activation_function": 0.19490581692129164, "amount_of_layers": 1.1793611364423766, "batch_size": 44.65923615504165, "dropout_rate": 0.3749851692989604, "epochs": 138.9133702040791, "hidden_channels": 42.94518368411019, "learning_rate": 0.05258291197783803, "optimizer": 1.6145998736080691, "pooling_algorithm": 0.6024994312267863}, "datetime": {"datetime": "2023-11-18 21:49:39", "elapsed": 10406.018993, "delta": 12.672896}},
{"target": 0.8142857142857143, "params": {"activation_function": 1.565148738980544, "amount_of_layers": 8.234465638761417, "batch_size": 123.13899008839557, "dropout_rate": 0.6366321030881581, "epochs": 174.2256176689706, "hidden_channels": 68.17538150433883, "learning_rate": 0.047051777788008176, "optimizer": 0.30173407113465345, "pooling_algorithm": 0.43594169989815423}, "datetime": {"datetime": "2023-11-18 21:49:50", "elapsed": 10417.234455, "delta": 11.215462}},
{"target": 0.6499999999999999, "params": {"activation_function": 0.13117781728967493, "amount_of_layers": 3.156706815113748, "batch_size": 109.07928436423202, "dropout_rate": 0.4658663357329046, "epochs": 115.95170154762515, "hidden_channels": 65.72918246257115, "learning_rate": 0.03569528731827456, "optimizer": 1.1862545247690255, "pooling_algorithm": 0.3730927236032964}, "datetime": {"datetime": "2023-11-18 21:49:57", "elapsed": 10424.458888, "delta": 7.224433}},
{"target": 0.8071428571428572, "params": {"activation_function": 1.1774550474231062, "amount_of_layers": 1.6876501528263486, "batch_size": 122.3094014851068, "dropout_rate": 0.4699613055907485, "epochs": 154.35119386826895, "hidden_channels": 59.43959382703248, "learning_rate": 0.0029296470316831627, "optimizer": 0.6608179632890359, "pooling_algorithm": 0.24139585432845057}, "datetime": {"datetime": "2023-11-18 21:50:04", "elapsed": 10431.424035, "delta": 6.965147}},
{"target": 0.26607142857142857, "params": {"activation_function": 0.6419388639928825, "amount_of_layers": 6.361395488060059, "batch_size": 104.95642873677079, "dropout_rate": 0.6818225032537906, "epochs": 138.36588799971443, "hidden_channels": 40.460890674067045, "learning_rate": 0.03527602995899452, "optimizer": 1.454352483465817, "pooling_algorithm": 0.35570629022522005}, "datetime": {"datetime": "2023-11-18 21:50:12", "elapsed": 10439.404766, "delta": 7.980731}},
{"target": 0.5, "params": {"activation_function": 0.1516785940524601, "amount_of_layers": 7.286173494706566, "batch_size": 86.42492448977744, "dropout_rate": 0.48846792937950684, "epochs": 34.33796222853769, "hidden_channels": 5.2284162760737605, "learning_rate": 0.09652490811315513, "optimizer": 1.1503047338506855, "pooling_algorithm": 0.033599270003225046}, "datetime": {"datetime": "2023-11-18 21:50:17", "elapsed": 10443.871077, "delta": 4.466311}},
{"target": 0.9053571428571429, "params": {"activation_function": 0.45701443105356465, "amount_of_layers": 6.63679258607141, "batch_size": 131.2507569449373, "dropout_rate": 0.6354942172684127, "epochs": 160.94558195469946, "hidden_channels": 76.42257750638768, "learning_rate": 0.05747119702402281, "optimizer": 1.3903973661525477, "pooling_algorithm": 0.8057375381338083}, "datetime": {"datetime": "2023-11-18 21:50:36", "elapsed": 10463.402402, "delta": 19.531325}},
{"target": 0.9160714285714285, "params": {"activation_function": 0.6136726218797577, "amount_of_layers": 5.514001062688837, "batch_size": 25.03477201873573, "dropout_rate": 0.5607664634425977, "epochs": 184.25258549985983, "hidden_channels": 50.89998035407472, "learning_rate": 0.05131233327674982, "optimizer": 1.926353938060199, "pooling_algorithm": 0.8189902554655882}, "datetime": {"datetime": "2023-11-18 21:50:50", "elapsed": 10477.157572, "delta": 13.75517}},
{"target": 0.9053571428571429, "params": {"activation_function": 1.7866980550707146, "amount_of_layers": 5.343509158738347, "batch_size": 93.21776853271207, "dropout_rate": 0.6229331589887019, "epochs": 85.93026589151621, "hidden_channels": 68.00478910059437, "learning_rate": 0.0474721747334468, "optimizer": 1.715669813285821, "pooling_algorithm": 0.5067504035964335}, "datetime": {"datetime": "2023-11-18 21:51:02", "elapsed": 10489.241018, "delta": 12.083446}},
{"target": 0.8357142857142856, "params": {"activation_function": 0.4618392175695467, "amount_of_layers": 4.240850485792613, "batch_size": 71.7102127606156, "dropout_rate": 0.38260985375203616, "epochs": 131.70070627710115, "hidden_channels": 40.56418419745673, "learning_rate": 0.03177428805489049, "optimizer": 0.5302809576522598, "pooling_algorithm": 0.43137458057441536}, "datetime": {"datetime": "2023-11-18 21:51:09", "elapsed": 10496.522615, "delta": 7.281597}},
{"target": 0.7267857142857144, "params": {"activation_function": 1.4553107487109564, "amount_of_layers": 6.056780735185418, "batch_size": 129.84550851085874, "dropout_rate": 0.25978787049722274, "epochs": 164.44967774005934, "hidden_channels": 74.76024400931495, "learning_rate": 0.0676156345967575, "optimizer": 1.0453712279342495, "pooling_algorithm": 0.3288481322512933}, "datetime": {"datetime": "2023-11-18 21:51:26", "elapsed": 10513.391494, "delta": 16.868879}},
{"target": 0.0, "params": {"activation_function": 0.8632659661567263, "amount_of_layers": 4.684093342279384, "batch_size": 125.79381759396612, "dropout_rate": 0.694291216396647, "epochs": 115.02743550508183, "hidden_channels": 120.0235691957284, "learning_rate": 0.056028818271772265, "optimizer": 1.8891731252039095, "pooling_algorithm": 0.8697796863588949}, "datetime": {"datetime": "2023-11-18 21:51:45", "elapsed": 10532.690956, "delta": 19.299462}},
{"target": 0.7375, "params": {"activation_function": 1.6889383611493227, "amount_of_layers": 6.572666508007966, "batch_size": 102.35552927981257, "dropout_rate": 0.5436202004808153, "epochs": 193.71163298233688, "hidden_channels": 118.82567957896802, "learning_rate": 0.057151367510661376, "optimizer": 0.833375241264384, "pooling_algorithm": 0.48097183608453187}, "datetime": {"datetime": "2023-11-18 21:52:07", "elapsed": 10554.818681, "delta": 22.127725}},
{"target": 0.9125, "params": {"activation_function": 0.1458117741019127, "amount_of_layers": 7.477518517869808, "batch_size": 146.17933678767895, "dropout_rate": 0.6020007917558554, "epochs": 108.58754773220717, "hidden_channels": 96.24259815280328, "learning_rate": 0.07681316201974253, "optimizer": 0.5341016728711689, "pooling_algorithm": 0.6840655356594403}, "datetime": {"datetime": "2023-11-18 21:52:17", "elapsed": 10564.624569, "delta": 9.805888}},
{"target": 0.8142857142857143, "params": {"activation_function": 0.7532024254644969, "amount_of_layers": 1.841504612012126, "batch_size": 71.53017031769494, "dropout_rate": 0.3060761814131756, "epochs": 140.14053758469768, "hidden_channels": 99.42551241376697, "learning_rate": 0.001920040530176483, "optimizer": 1.8183608486713037, "pooling_algorithm": 0.15280959762443092}, "datetime": {"datetime": "2023-11-18 21:52:25", "elapsed": 10572.806026, "delta": 8.181457}},
{"target": 0.9142857142857143, "params": {"activation_function": 1.218542019506668, "amount_of_layers": 1.5794368556714053, "batch_size": 38.11997436527494, "dropout_rate": 0.3895804990957585, "epochs": 84.3550630591573, "hidden_channels": 75.36659567337543, "learning_rate": 0.06349396578326025, "optimizer": 0.43694044939564675, "pooling_algorithm": 0.6970257211221249}, "datetime": {"datetime": "2023-11-18 21:52:49", "elapsed": 10596.401769, "delta": 23.595743}},
{"target": 0.09999999999999999, "params": {"activation_function": 0.9164104975254759, "amount_of_layers": 6.367723667620584, "batch_size": 65.7681621203923, "dropout_rate": 0.4542104661741926, "epochs": 187.85388929217712, "hidden_channels": 31.84417570932065, "learning_rate": 0.002059332666924378, "optimizer": 1.4204743491467096, "pooling_algorithm": 0.5828613700404955}, "datetime": {"datetime": "2023-11-18 21:52:59", "elapsed": 10606.513341, "delta": 10.111572}},
{"target": 0.9107142857142857, "params": {"activation_function": 1.9542868015708637, "amount_of_layers": 4.923143716528056, "batch_size": 142.7040387111469, "dropout_rate": 0.2806003733856984, "epochs": 132.76971400731455, "hidden_channels": 8.435613327447365, "learning_rate": 0.08747373429343917, "optimizer": 1.1020363411684502, "pooling_algorithm": 0.7355370955526253}, "datetime": {"datetime": "2023-11-18 21:53:06", "elapsed": 10613.110717, "delta": 6.597376}},
{"target": 0.8982142857142856, "params": {"activation_function": 1.7787200259595686, "amount_of_layers": 3.6559077785230842, "batch_size": 130.4927912656443, "dropout_rate": 0.29486107755017293, "epochs": 162.73620189128607, "hidden_channels": 76.68352206322783, "learning_rate": 0.07048286366617057, "optimizer": 0.990584205970418, "pooling_algorithm": 0.8229433440823961}, "datetime": {"datetime": "2023-11-18 21:53:21", "elapsed": 10628.505663, "delta": 15.394946}},
{"target": 0.2142857142857143, "params": {"activation_function": 0.9951809599003001, "amount_of_layers": 6.355759484901256, "batch_size": 143.10015295267306, "dropout_rate": 0.6385071280896214, "epochs": 90.90769093754403, "hidden_channels": 89.0475013989801, "learning_rate": 0.06597549005667523, "optimizer": 0.5966614111696, "pooling_algorithm": 0.22807576605500446}, "datetime": {"datetime": "2023-11-18 21:53:29", "elapsed": 10636.22465, "delta": 7.718987}},
{"target": 0.0, "params": {"activation_function": 0.5007365881120012, "amount_of_layers": 7.0847258952716965, "batch_size": 96.88352295944671, "dropout_rate": 0.28208131444259105, "epochs": 161.08596704338132, "hidden_channels": 13.186824777420364, "learning_rate": 0.09927514577724962, "optimizer": 0.20992886182560078, "pooling_algorithm": 0.6888149371888236}, "datetime": {"datetime": "2023-11-18 21:53:37", "elapsed": 10644.656849, "delta": 8.432199}},
{"target": 0.0, "params": {"activation_function": 1.2734197149962692, "amount_of_layers": 8.275990562517379, "batch_size": 60.99040331992605, "dropout_rate": 0.699001904101489, "epochs": 184.86860224762904, "hidden_channels": 101.80999876698489, "learning_rate": 0.07079861358848673, "optimizer": 1.6335090718051037, "pooling_algorithm": 0.8849102906092258}, "datetime": {"datetime": "2023-11-18 21:54:08", "elapsed": 10675.355257, "delta": 30.698408}},
{"target": 0.9017857142857143, "params": {"activation_function": 1.4319948372831248, "amount_of_layers": 8.675705372972423, "batch_size": 95.58030310316049, "dropout_rate": 0.6996771979456322, "epochs": 41.89234729201628, "hidden_channels": 91.10091152486926, "learning_rate": 0.07908158340186566, "optimizer": 1.9891824749778557, "pooling_algorithm": 0.6171601112665066}, "datetime": {"datetime": "2023-11-18 21:54:16", "elapsed": 10683.504047, "delta": 8.14879}},
{"target": 0.7928571428571429, "params": {"activation_function": 1.7529016874529046, "amount_of_layers": 7.238231230375565, "batch_size": 44.62147993865551, "dropout_rate": 0.38918925299658763, "epochs": 55.06885439697575, "hidden_channels": 117.1723128563461, "learning_rate": 0.0023849712666806243, "optimizer": 1.1350206454392389, "pooling_algorithm": 0.29392032080447383}, "datetime": {"datetime": "2023-11-18 21:54:23", "elapsed": 10690.753701, "delta": 7.249654}},
{"target": 0.0, "params": {"activation_function": 0.12704609374797782, "amount_of_layers": 4.764958391027862, "batch_size": 92.34452686609191, "dropout_rate": 0.3868647924600833, "epochs": 88.38937996391891, "hidden_channels": 69.60879576720531, "learning_rate": 0.0597324623634631, "optimizer": 1.6965663417524857, "pooling_algorithm": 0.18492997648267873}, "datetime": {"datetime": "2023-11-18 21:54:37", "elapsed": 10704.154094, "delta": 13.400393}},
{"target": 0.7392857142857143, "params": {"activation_function": 0.6953584045402958, "amount_of_layers": 5.228406267358801, "batch_size": 91.4343976419504, "dropout_rate": 0.5765809509981206, "epochs": 83.83622018960034, "hidden_channels": 65.72647119389, "learning_rate": 0.011507590331708662, "optimizer": 1.10332541291343, "pooling_algorithm": 0.18142006922573628}, "datetime": {"datetime": "2023-11-18 21:54:44", "elapsed": 10710.851985, "delta": 6.697891}},
{"target": 0.8, "params": {"activation_function": 1.0347178663097552, "amount_of_layers": 1.4607181095930342, "batch_size": 26.23360307506966, "dropout_rate": 0.5023466390231874, "epochs": 21.146130169591583, "hidden_channels": 77.64761838585729, "learning_rate": 0.09083402715787796, "optimizer": 1.7946861146814843, "pooling_algorithm": 0.015362421754743893}, "datetime": {"datetime": "2023-11-18 21:54:48", "elapsed": 10715.372282, "delta": 4.520297}},
{"target": 0.2714285714285714, "params": {"activation_function": 0.3248716281849118, "amount_of_layers": 5.091553600759397, "batch_size": 102.14522652307154, "dropout_rate": 0.4030469919945655, "epochs": 38.33111475120419, "hidden_channels": 121.17618365804825, "learning_rate": 0.05707898125834159, "optimizer": 1.7557631394383157, "pooling_algorithm": 0.3507682190343685}, "datetime": {"datetime": "2023-11-18 21:54:54", "elapsed": 10721.459132, "delta": 6.08685}},
{"target": 0.9035714285714286, "params": {"activation_function": 1.0325581458168027, "amount_of_layers": 3.7456710457254783, "batch_size": 127.30948180599096, "dropout_rate": 0.538043467740002, "epochs": 180.1393651398622, "hidden_channels": 102.51574258846735, "learning_rate": 0.005027757047281667, "optimizer": 0.08730677306750834, "pooling_algorithm": 0.5396720423547356}, "datetime": {"datetime": "2023-11-18 21:55:12", "elapsed": 10739.485828, "delta": 18.026696}},
{"target": 0.0, "params": {"activation_function": 1.515650666692378, "amount_of_layers": 3.324352203759765, "batch_size": 27.381176918474978, "dropout_rate": 0.5431448021468572, "epochs": 54.16204848332312, "hidden_channels": 66.43779476824147, "learning_rate": 0.06801154143607661, "optimizer": 0.25796457561002417, "pooling_algorithm": 0.8734976518008895}, "datetime": {"datetime": "2023-11-18 21:55:26", "elapsed": 10752.972236, "delta": 13.486408}},
{"target": 0.7678571428571429, "params": {"activation_function": 0.4062578490862996, "amount_of_layers": 2.0619553139695457, "batch_size": 45.01462051957979, "dropout_rate": 0.32103784430152216, "epochs": 138.62434515421361, "hidden_channels": 42.488272233013355, "learning_rate": 0.048443378644390474, "optimizer": 1.16954844356967, "pooling_algorithm": 0.09386910752253863}, "datetime": {"datetime": "2023-11-18 21:55:33", "elapsed": 10759.989855, "delta": 7.017619}},
{"target": 0.7339285714285715, "params": {"activation_function": 1.8505696620158478, "amount_of_layers": 7.8045344809479715, "batch_size": 63.42415448538661, "dropout_rate": 0.34662815921393414, "epochs": 182.45412025253637, "hidden_channels": 105.3533441673198, "learning_rate": 0.059845787294227126, "optimizer": 1.862918414203784, "pooling_algorithm": 0.47795485479961086}, "datetime": {"datetime": "2023-11-18 21:56:04", "elapsed": 10791.617028, "delta": 31.627173}},
{"target": 0.905357142857143, "params": {"activation_function": 0.7156765360288295, "amount_of_layers": 6.64620540928577, "batch_size": 127.72838958219464, "dropout_rate": 0.42087665870365726, "epochs": 121.91508407910439, "hidden_channels": 62.14099790188291, "learning_rate": 0.0721579507330869, "optimizer": 1.6740595609237727, "pooling_algorithm": 0.5282189829310044}, "datetime": {"datetime": "2023-11-18 21:56:17", "elapsed": 10804.314435, "delta": 12.697407}},
{"target": 0.7321428571428572, "params": {"activation_function": 1.2275771989737427, "amount_of_layers": 3.8801133745683325, "batch_size": 81.63405351174318, "dropout_rate": 0.5256223540920749, "epochs": 144.79940024597352, "hidden_channels": 91.64800659021226, "learning_rate": 0.041143134502778754, "optimizer": 0.7729219328593124, "pooling_algorithm": 0.46810243053864375}, "datetime": {"datetime": "2023-11-18 21:56:25", "elapsed": 10812.803689, "delta": 8.489254}},
{"target": 0.7392857142857143, "params": {"activation_function": 0.6911608242187928, "amount_of_layers": 3.0425728882870127, "batch_size": 126.1501353271422, "dropout_rate": 0.6775566047821067, "epochs": 163.2964698405445, "hidden_channels": 72.33702082845875, "learning_rate": 0.0742929925815768, "optimizer": 0.3501060253626471, "pooling_algorithm": 0.3806966609306486}, "datetime": {"datetime": "2023-11-18 21:56:41", "elapsed": 10828.119757, "delta": 15.316068}},
{"target": 0.9142857142857143, "params": {"activation_function": 1.151285412362403, "amount_of_layers": 4.5789337642907295, "batch_size": 39.84111115250363, "dropout_rate": 0.4472420318861522, "epochs": 166.91250876336989, "hidden_channels": 74.17326485629508, "learning_rate": 0.05941029708311273, "optimizer": 0.854597987219238, "pooling_algorithm": 0.954252790287176}, "datetime": {"datetime": "2023-11-18 21:56:52", "elapsed": 10839.415766, "delta": 11.296009}},
{"target": 0.9, "params": {"activation_function": 1.8461426125509077, "amount_of_layers": 6.954471287721263, "batch_size": 118.86241491707446, "dropout_rate": 0.4503451528819555, "epochs": 130.85462774029088, "hidden_channels": 75.88644025293551, "learning_rate": 0.04097514053639385, "optimizer": 1.6777361223116176, "pooling_algorithm": 0.7427907437380045}, "datetime": {"datetime": "2023-11-18 21:57:02", "elapsed": 10849.58526, "delta": 10.169494}},
{"target": 0.26249999999999996, "params": {"activation_function": 1.2560792013397661, "amount_of_layers": 3.777792428544781, "batch_size": 90.95203918955313, "dropout_rate": 0.2995194559712649, "epochs": 74.82186947974891, "hidden_channels": 113.90177156167188, "learning_rate": 0.08957818977662972, "optimizer": 1.3934919889955395, "pooling_algorithm": 0.04087675844864436}, "datetime": {"datetime": "2023-11-18 21:57:10", "elapsed": 10856.973942, "delta": 7.388682}},
{"target": 0.0, "params": {"activation_function": 1.7379824214274702, "amount_of_layers": 3.205893102385244, "batch_size": 61.950647362860295, "dropout_rate": 0.2681256611938037, "epochs": 168.18423865212964, "hidden_channels": 12.259459513583733, "learning_rate": 0.07751527089440838, "optimizer": 0.26067802743139223, "pooling_algorithm": 0.9224353823901489}, "datetime": {"datetime": "2023-11-18 21:57:18", "elapsed": 10864.904788, "delta": 7.930846}},
{"target": 0.9089285714285714, "params": {"activation_function": 0.3028189047589658, "amount_of_layers": 5.010569415402776, "batch_size": 93.95433660386205, "dropout_rate": 0.38624884692244904, "epochs": 111.25889736572381, "hidden_channels": 21.502439938025894, "learning_rate": 0.04600020712774125, "optimizer": 1.2786305587646467, "pooling_algorithm": 0.7808420286921725}, "datetime": {"datetime": "2023-11-18 21:57:24", "elapsed": 10871.379628, "delta": 6.47484}},
{"target": 0.8946428571428572, "params": {"activation_function": 1.6115681968642177, "amount_of_layers": 4.928758104584029, "batch_size": 37.19579825147327, "dropout_rate": 0.6668508953677196, "epochs": 165.0061976534897, "hidden_channels": 92.59968929762951, "learning_rate": 0.07450702241959585, "optimizer": 1.497833010263261, "pooling_algorithm": 0.7945323722406518}, "datetime": {"datetime": "2023-11-18 21:57:54", "elapsed": 10901.303001, "delta": 29.923373}},
{"target": 0.7339285714285715, "params": {"activation_function": 1.7370659644461213, "amount_of_layers": 3.937818151208643, "batch_size": 110.61268621427553, "dropout_rate": 0.6396908468658395, "epochs": 127.24478273196178, "hidden_channels": 114.07331220141211, "learning_rate": 0.035479327176063266, "optimizer": 0.618822650628865, "pooling_algorithm": 0.003789044666169583}, "datetime": {"datetime": "2023-11-18 21:58:03", "elapsed": 10910.010029, "delta": 8.707028}},
{"target": 0.8982142857142857, "params": {"activation_function": 0.7598651169321124, "amount_of_layers": 8.423332680260462, "batch_size": 71.48283981573337, "dropout_rate": 0.2984363337697779, "epochs": 89.98792325758444, "hidden_channels": 79.45956435031034, "learning_rate": 0.0772676901261602, "optimizer": 1.8376064836890982, "pooling_algorithm": 0.7971776896652465}, "datetime": {"datetime": "2023-11-18 21:58:15", "elapsed": 10922.258905, "delta": 12.248876}},
