{"target": 0.5, "params": {"activation_function": 0.00687235374647388, "amount_of_layers": 7.014983935725614, "batch_size": 21.526069772832063, "dropout_rate": 0.710685936117607, "epochs": 186.80137651905451, "hidden_channels": 15.352669484791393, "learning_rate": 0.03785861884011891, "optimizer": 0.5440448601885954, "pooling_algorithm": 0.4302324562020151}, "datetime": {"datetime": "2023-11-18 21:24:24", "elapsed": 8891.629931, "delta": 16.275361}},
{"target": 0.7375, "params": {"activation_function": 1.8045754240211866, "amount_of_layers": 6.787616058604305, "batch_size": 75.98939556774505, "dropout_rate": 0.45558722606304436, "epochs": 185.56664191650907, "hidden_channels": 121.22381103785766, "learning_rate": 0.043118540975649024, "optimizer": 1.8139108088397775, "pooling_algorithm": 0.32787564457211327}, "datetime": {"datetime": "2023-11-18 21:24:38", "elapsed": 8905.665943, "delta": 14.036012}},
{"target": 0.7982142857142858, "params": {"activation_function": 0.24954060328333028, "amount_of_layers": 2.099093931920814, "batch_size": 142.6785612555451, "dropout_rate": 0.4346252571618942, "epochs": 127.19546162419108, "hidden_channels": 84.30817648537378, "learning_rate": 0.02709897513412684, "optimizer": 1.9245757067527456, "pooling_algorithm": 0.9379098983494849}, "datetime": {"datetime": "2023-11-18 21:24:44", "elapsed": 8911.700147, "delta": 6.034204}},
{"target": 0.7857142857142857, "params": {"activation_function": 0.3902765653862641, "amount_of_layers": 6.908021978527205, "batch_size": 16.609323274354423, "dropout_rate": 0.42248878466471923, "epochs": 194.8369663149857, "hidden_channels": 15.587017650791354, "learning_rate": 0.0996405700871452, "optimizer": 1.1448671384109503, "pooling_algorithm": 0.44536566877922357}, "datetime": {"datetime": "2023-11-18 21:25:10", "elapsed": 8937.69567, "delta": 25.995523}},
{"target": 0.9089285714285714, "params": {"activation_function": 1.061151379879471, "amount_of_layers": 1.4863976409705764, "batch_size": 40.601640389930516, "dropout_rate": 0.4853258819821028, "epochs": 80.31041364466978, "hidden_channels": 75.77948805017942, "learning_rate": 0.040728775485043556, "optimizer": 1.1848058707328646, "pooling_algorithm": 0.6523794343645785}, "datetime": {"datetime": "2023-11-18 21:25:20", "elapsed": 8947.173544, "delta": 9.477874}},
{"target": 0.09107142857142858, "params": {"activation_function": 0.1456059225820696, "amount_of_layers": 5.894633649833083, "batch_size": 17.423756122570552, "dropout_rate": 0.7210259279381968, "epochs": 185.63487516996722, "hidden_channels": 8.985751053668766, "learning_rate": 0.06108722117709492, "optimizer": 0.8233307511788539, "pooling_algorithm": 0.8580186772957556}, "datetime": {"datetime": "2023-11-18 21:25:35", "elapsed": 8962.439042, "delta": 15.265498}},
{"target": 0.7375, "params": {"activation_function": 1.503770351298565, "amount_of_layers": 7.211654038532879, "batch_size": 76.10601352022718, "dropout_rate": 0.4001656778056565, "epochs": 26.98405787887263, "hidden_channels": 79.07985991262859, "learning_rate": 0.06725791063677877, "optimizer": 1.8144028241388201, "pooling_algorithm": 0.453193242684543}, "datetime": {"datetime": "2023-11-18 21:25:39", "elapsed": 8966.542159, "delta": 4.103117}},
{"target": 0.9089285714285714, "params": {"activation_function": 0.4773790380510199, "amount_of_layers": 3.93909746526601, "batch_size": 142.4798425483476, "dropout_rate": 0.34518834205055526, "epochs": 119.12327357594432, "hidden_channels": 20.185967665521652, "learning_rate": 0.0961256998701432, "optimizer": 0.5716966009868354, "pooling_algorithm": 0.6516856018653355}, "datetime": {"datetime": "2023-11-18 21:25:45", "elapsed": 8972.232282, "delta": 5.690123}},
{"target": 0.7410714285714286, "params": {"activation_function": 1.9966445496236134, "amount_of_layers": 7.600759321262485, "batch_size": 30.372815242869446, "dropout_rate": 0.2586709026483955, "epochs": 80.69961517898416, "hidden_channels": 127.69062522075775, "learning_rate": 0.03189470401636145, "optimizer": 0.5055975765459071, "pooling_algorithm": 0.34870480697783746}, "datetime": {"datetime": "2023-11-18 21:25:57", "elapsed": 8983.956073, "delta": 11.723791}},
{"target": 0.9089285714285714, "params": {"activation_function": 0.2409732744488564, "amount_of_layers": 5.666980012970302, "batch_size": 57.92122519142817, "dropout_rate": 0.39574321895097053, "epochs": 53.78376608947585, "hidden_channels": 14.07050000852662, "learning_rate": 0.09421701708862501, "optimizer": 0.695859473741619, "pooling_algorithm": 0.7152588288782482}, "datetime": {"datetime": "2023-11-18 21:26:02", "elapsed": 8988.929071, "delta": 4.972998}},
{"target": 0.9160714285714285, "params": {"activation_function": 1.693102749323118, "amount_of_layers": 4.863947381333712, "batch_size": 91.53138365913676, "dropout_rate": 0.276120411184153, "epochs": 80.80335864597838, "hidden_channels": 62.67624569026589, "learning_rate": 0.025520010829819813, "optimizer": 1.7509497743574125, "pooling_algorithm": 0.6565415132616649}, "datetime": {"datetime": "2023-11-18 21:26:07", "elapsed": 8994.286516, "delta": 5.357445}},
{"target": 0.7410714285714286, "params": {"activation_function": 1.7243979029792014, "amount_of_layers": 4.835106598395188, "batch_size": 143.57385417498892, "dropout_rate": 0.3130357322438397, "epochs": 185.44546514012703, "hidden_channels": 114.26343950716445, "learning_rate": 0.018522668797676098, "optimizer": 1.7712874577996893, "pooling_algorithm": 0.13131524011934526}, "datetime": {"datetime": "2023-11-18 21:26:19", "elapsed": 9006.348531, "delta": 12.062015}},
{"target": 0.2642857142857143, "params": {"activation_function": 0.9188443061071663, "amount_of_layers": 5.061860808196412, "batch_size": 86.5168556353599, "dropout_rate": 0.6835456140361429, "epochs": 191.93896010427838, "hidden_channels": 23.5151275835473, "learning_rate": 0.08417036930018387, "optimizer": 0.06433785688927607, "pooling_algorithm": 0.22410549038444283}, "datetime": {"datetime": "2023-11-18 21:26:26", "elapsed": 9013.784227, "delta": 7.435696}},
{"target": 0.8071428571428572, "params": {"activation_function": 0.40999126717883816, "amount_of_layers": 3.053991591178188, "batch_size": 77.75664197435049, "dropout_rate": 0.34473523364067954, "epochs": 126.659372443542, "hidden_channels": 118.58689501345056, "learning_rate": 0.0928884424067778, "optimizer": 0.8938225573841965, "pooling_algorithm": 0.39059224954606486}, "datetime": {"datetime": "2023-11-18 21:26:34", "elapsed": 9021.302761, "delta": 7.518534}},
{"target": 0.7285714285714286, "params": {"activation_function": 1.847637782481693, "amount_of_layers": 6.478251650382707, "batch_size": 93.3887582479072, "dropout_rate": 0.6282513632550812, "epochs": 89.17171993422185, "hidden_channels": 71.95276061873237, "learning_rate": 0.07440710102786766, "optimizer": 1.4144106818970013, "pooling_algorithm": 0.2536077235973382}, "datetime": {"datetime": "2023-11-18 21:26:43", "elapsed": 9030.522041, "delta": 9.21928}},
{"target": 0.8107142857142857, "params": {"activation_function": 1.5636856535875372, "amount_of_layers": 6.0823729329835485, "batch_size": 55.95323299127508, "dropout_rate": 0.6236870539826773, "epochs": 124.43245918758019, "hidden_channels": 94.55193358547108, "learning_rate": 0.049183993414108104, "optimizer": 0.20852169452177116, "pooling_algorithm": 0.1125180934184582}, "datetime": {"datetime": "2023-11-18 21:26:52", "elapsed": 9038.874681, "delta": 8.35264}},
{"target": 0.2732142857142857, "params": {"activation_function": 0.7150677201041322, "amount_of_layers": 5.463251792147301, "batch_size": 121.47347171816918, "dropout_rate": 0.47710574236402103, "epochs": 25.706711542362186, "hidden_channels": 54.26717049295018, "learning_rate": 0.04405881124129587, "optimizer": 0.8741379915286567, "pooling_algorithm": 0.3274539672673755}, "datetime": {"datetime": "2023-11-18 21:26:56", "elapsed": 9042.962451, "delta": 4.08777}},
{"target": 0.0, "params": {"activation_function": 1.5086692194220617, "amount_of_layers": 4.4215071431745825, "batch_size": 95.84245597921577, "dropout_rate": 0.37851907783793687, "epochs": 159.93309536179615, "hidden_channels": 85.00314009453659, "learning_rate": 0.05428115158930523, "optimizer": 1.5512354075459722, "pooling_algorithm": 0.9658491371846417}, "datetime": {"datetime": "2023-11-18 21:27:07", "elapsed": 9054.047259, "delta": 11.084808}},
{"target": 0.30357142857142855, "params": {"activation_function": 0.543531889757634, "amount_of_layers": 1.7178100719198364, "batch_size": 127.70114643802137, "dropout_rate": 0.4406331282833051, "epochs": 165.1985383481621, "hidden_channels": 72.05441799735218, "learning_rate": 0.035597563900064286, "optimizer": 1.4354073080320005, "pooling_algorithm": 0.4963257830080803}, "datetime": {"datetime": "2023-11-18 21:27:17", "elapsed": 9063.948395, "delta": 9.901136}},
{"target": 0.8642857142857144, "params": {"activation_function": 1.9966838093255659, "amount_of_layers": 2.3054690406401734, "batch_size": 68.89133982355924, "dropout_rate": 0.439206802305858, "epochs": 76.30591156607701, "hidden_channels": 60.534053075008764, "learning_rate": 0.032554874592584965, "optimizer": 0.013308930366941807, "pooling_algorithm": 0.922032419027847}, "datetime": {"datetime": "2023-11-18 21:27:22", "elapsed": 9068.919599, "delta": 4.971204}},
{"target": 0.9125000000000001, "params": {"activation_function": 0.12557461151214744, "amount_of_layers": 4.562568485296235, "batch_size": 128.20602684503584, "dropout_rate": 0.646510614334135, "epochs": 163.20787011187556, "hidden_channels": 66.76832421937117, "learning_rate": 0.052254218650334756, "optimizer": 0.6380766530539608, "pooling_algorithm": 0.8985348649772021}, "datetime": {"datetime": "2023-11-18 21:27:34", "elapsed": 9081.502352, "delta": 12.582753}},
{"target": 0.7678571428571429, "params": {"activation_function": 0.6967050086749089, "amount_of_layers": 5.880853059623033, "batch_size": 25.996375654679376, "dropout_rate": 0.46424529690379984, "epochs": 139.32633345358548, "hidden_channels": 27.396280901392398, "learning_rate": 0.08797487767746126, "optimizer": 0.18329596230285738, "pooling_algorithm": 0.06365207367287418}, "datetime": {"datetime": "2023-11-18 21:27:44", "elapsed": 9091.128267, "delta": 9.625915}},
{"target": 0.9125000000000001, "params": {"activation_function": 0.4657781503241851, "amount_of_layers": 1.5285512759692894, "batch_size": 45.32931470911748, "dropout_rate": 0.33152032125988545, "epochs": 138.98744762165012, "hidden_channels": 42.75629573316235, "learning_rate": 0.08645189355695229, "optimizer": 1.3302246473784578, "pooling_algorithm": 0.9277720807090553}, "datetime": {"datetime": "2023-11-18 21:27:55", "elapsed": 9102.535103, "delta": 11.406836}},
{"target": 0.8285714285714285, "params": {"activation_function": 0.2445267387078578, "amount_of_layers": 3.0874648375968103, "batch_size": 25.927758675831278, "dropout_rate": 0.47346368729057786, "epochs": 178.68173014597699, "hidden_channels": 31.90307603310571, "learning_rate": 0.04064573353914564, "optimizer": 1.093715101247248, "pooling_algorithm": 0.7385197094157416}, "datetime": {"datetime": "2023-11-18 21:28:08", "elapsed": 9115.162192, "delta": 12.627089}},
{"target": 0.0, "params": {"activation_function": 0.3846129798961633, "amount_of_layers": 7.040524039415906, "batch_size": 22.77606046855207, "dropout_rate": 0.259393988327863, "epochs": 66.50047479197377, "hidden_channels": 77.36861410024382, "learning_rate": 0.08171690130244212, "optimizer": 0.11592298570714843, "pooling_algorithm": 0.4896035996015137}, "datetime": {"datetime": "2023-11-18 21:28:15", "elapsed": 9122.426437, "delta": 7.264245}},
{"target": 0.7339285714285715, "params": {"activation_function": 1.1647833954784026, "amount_of_layers": 4.5731282131009054, "batch_size": 95.13729016256747, "dropout_rate": 0.7363094431375813, "epochs": 94.60751406391535, "hidden_channels": 67.73263560180783, "learning_rate": 0.015963764108232935, "optimizer": 1.7908257184274665, "pooling_algorithm": 0.3379962098658328}, "datetime": {"datetime": "2023-11-18 21:28:21", "elapsed": 9128.793485, "delta": 6.367048}},
{"target": 0.27142857142857146, "params": {"activation_function": 0.9933646146005872, "amount_of_layers": 5.367362641643302, "batch_size": 123.43006521585244, "dropout_rate": 0.48598512857028225, "epochs": 166.39004761296115, "hidden_channels": 123.9033830702722, "learning_rate": 0.03479212867899276, "optimizer": 0.7204846291804754, "pooling_algorithm": 0.31935988645722335}, "datetime": {"datetime": "2023-11-18 21:28:41", "elapsed": 9148.547127, "delta": 19.753642}},
{"target": 0.7714285714285715, "params": {"activation_function": 0.31403481287539625, "amount_of_layers": 7.376167567496602, "batch_size": 73.14896482258646, "dropout_rate": 0.26365147354257074, "epochs": 160.89593644483904, "hidden_channels": 35.22394261251607, "learning_rate": 0.00798087863162335, "optimizer": 1.7897813508953453, "pooling_algorithm": 0.16819532736044818}, "datetime": {"datetime": "2023-11-18 21:28:51", "elapsed": 9158.168506, "delta": 9.621379}},
{"target": 0.9017857142857144, "params": {"activation_function": 1.789732379009698, "amount_of_layers": 2.364174639992611, "batch_size": 44.56615838357389, "dropout_rate": 0.5069996961601314, "epochs": 143.00352812164215, "hidden_channels": 113.26985899540095, "learning_rate": 0.08468001714675615, "optimizer": 0.6463382094756962, "pooling_algorithm": 0.7419310858592211}, "datetime": {"datetime": "2023-11-18 21:28:59", "elapsed": 9166.5148, "delta": 8.346294}},
{"target": 0.2607142857142857, "params": {"activation_function": 1.1725748202550281, "amount_of_layers": 8.309945314790813, "batch_size": 125.76182353058711, "dropout_rate": 0.41087523372689316, "epochs": 35.87876711989939, "hidden_channels": 103.22139389765887, "learning_rate": 0.08563136317540943, "optimizer": 0.8676564627550165, "pooling_algorithm": 0.4308184022974697}, "datetime": {"datetime": "2023-11-18 21:29:09", "elapsed": 9176.63286, "delta": 10.11806}},
{"target": 0.8142857142857143, "params": {"activation_function": 0.4793938147168686, "amount_of_layers": 8.54961817838863, "batch_size": 18.925520424822558, "dropout_rate": 0.4851300937954967, "epochs": 25.529936417099904, "hidden_channels": 108.8906161313576, "learning_rate": 0.0562993946328381, "optimizer": 0.2388609212898991, "pooling_algorithm": 0.023870229886555294}, "datetime": {"datetime": "2023-11-18 21:29:15", "elapsed": 9182.277562, "delta": 5.644702}},
{"target": 0.2732142857142857, "params": {"activation_function": 1.2555094830332378, "amount_of_layers": 3.6700405794856445, "batch_size": 63.6379791274005, "dropout_rate": 0.7161570718605964, "epochs": 184.05819480683584, "hidden_channels": 37.590521558398414, "learning_rate": 0.06753754030063797, "optimizer": 1.0252763795860247, "pooling_algorithm": 0.3269253969254249}, "datetime": {"datetime": "2023-11-18 21:29:30", "elapsed": 9196.935358, "delta": 14.657796}},
{"target": 0.6642857142857141, "params": {"activation_function": 0.4033998723397807, "amount_of_layers": 6.704651812647726, "batch_size": 94.49289887729388, "dropout_rate": 0.3981470246576582, "epochs": 79.5399987418955, "hidden_channels": 102.70397486166107, "learning_rate": 0.0563905671096516, "optimizer": 1.9127504512038143, "pooling_algorithm": 0.4264501478343026}, "datetime": {"datetime": "2023-11-18 21:29:37", "elapsed": 9203.990185, "delta": 7.054827}},
{"target": 0.9142857142857143, "params": {"activation_function": 0.9272808113420972, "amount_of_layers": 3.884372118605995, "batch_size": 93.8193120913217, "dropout_rate": 0.2887447242374681, "epochs": 88.58628657984735, "hidden_channels": 67.44786722845112, "learning_rate": 0.013348798153998385, "optimizer": 0.8873695959784096, "pooling_algorithm": 0.5156594308404806}, "datetime": {"datetime": "2023-11-18 21:29:45", "elapsed": 9212.700978, "delta": 8.710793}},
{"target": 0.2660714285714285, "params": {"activation_function": 0.04452835084835538, "amount_of_layers": 7.9169518827606185, "batch_size": 27.775167373970206, "dropout_rate": 0.474681105621236, "epochs": 119.31527713368662, "hidden_channels": 52.78668909198604, "learning_rate": 0.013595590073586152, "optimizer": 1.9074290654922215, "pooling_algorithm": 0.11776791597513936}, "datetime": {"datetime": "2023-11-18 21:29:56", "elapsed": 9223.410214, "delta": 10.709236}},
{"target": 0.0, "params": {"activation_function": 1.256696346529934, "amount_of_layers": 2.292716609412749, "batch_size": 106.23107685633512, "dropout_rate": 0.5171792072524417, "epochs": 22.121402037936747, "hidden_channels": 118.87996078889554, "learning_rate": 0.08545224321243372, "optimizer": 1.0160551830508058, "pooling_algorithm": 0.5626976304891327}, "datetime": {"datetime": "2023-11-18 21:30:00", "elapsed": 9227.209179, "delta": 3.798965}},
{"target": 0.2642857142857143, "params": {"activation_function": 0.669739314428563, "amount_of_layers": 8.647591242818082, "batch_size": 146.0618222144289, "dropout_rate": 0.2593013480026161, "epochs": 185.35213048970923, "hidden_channels": 34.856072019442635, "learning_rate": 0.054729050429848554, "optimizer": 1.818620456117351, "pooling_algorithm": 0.45811321861011467}, "datetime": {"datetime": "2023-11-18 21:30:10", "elapsed": 9237.688622, "delta": 10.479443}},
{"target": 0.7428571428571429, "params": {"activation_function": 0.742388924400859, "amount_of_layers": 4.706409747420452, "batch_size": 93.37834523967729, "dropout_rate": 0.5379888516116361, "epochs": 90.09742991635235, "hidden_channels": 68.7536760073587, "learning_rate": 0.027093991162317203, "optimizer": 0.47174060315334443, "pooling_algorithm": 0.07978480123901133}, "datetime": {"datetime": "2023-11-18 21:30:20", "elapsed": 9247.010127, "delta": 9.321505}},
{"target": 0.23214285714285712, "params": {"activation_function": 0.2696769714689795, "amount_of_layers": 5.773664372008428, "batch_size": 26.35596463823426, "dropout_rate": 0.6154464063984901, "epochs": 160.02036268569242, "hidden_channels": 49.75793311852107, "learning_rate": 0.06203301306831018, "optimizer": 1.4450511936017556, "pooling_algorithm": 0.4259683409492314}, "datetime": {"datetime": "2023-11-18 21:30:32", "elapsed": 9259.103631, "delta": 12.093504}},
{"target": 0.0, "params": {"activation_function": 1.383558853177217, "amount_of_layers": 3.033488662434392, "batch_size": 98.18819423673871, "dropout_rate": 0.44048096702427836, "epochs": 92.4518524038667, "hidden_channels": 71.76802041557609, "learning_rate": 0.09108213747897549, "optimizer": 1.5626666692432536, "pooling_algorithm": 0.8881674176646378}, "datetime": {"datetime": "2023-11-18 21:30:37", "elapsed": 9264.293211, "delta": 5.18958}},
{"target": 0.18571428571428572, "params": {"activation_function": 0.1546976582824675, "amount_of_layers": 7.717020057109835, "batch_size": 66.54093640479573, "dropout_rate": 0.41957661283929654, "epochs": 184.7687447744894, "hidden_channels": 35.08406567134105, "learning_rate": 0.09774809477493107, "optimizer": 0.7524729044847511, "pooling_algorithm": 0.4061712383170528}, "datetime": {"datetime": "2023-11-18 21:30:52", "elapsed": 9278.969241, "delta": 14.67603}},
{"target": 0.3107142857142857, "params": {"activation_function": 0.8040771439264742, "amount_of_layers": 1.8690904382736493, "batch_size": 42.03470930167107, "dropout_rate": 0.6075003865511535, "epochs": 197.1102678225772, "hidden_channels": 42.32496804035132, "learning_rate": 0.006593742532173897, "optimizer": 0.03026219352743298, "pooling_algorithm": 0.11309260038305002}, "datetime": {"datetime": "2023-11-18 21:30:59", "elapsed": 9286.732735, "delta": 7.763494}},
{"target": 0.7178571428571429, "params": {"activation_function": 1.9612295298412081, "amount_of_layers": 4.335487592162708, "batch_size": 91.20676717573573, "dropout_rate": 0.4763693967701297, "epochs": 51.00422147034758, "hidden_channels": 73.62152726808965, "learning_rate": 0.007400009996329225, "optimizer": 0.4111696298883132, "pooling_algorithm": 0.38458617827969366}, "datetime": {"datetime": "2023-11-18 21:31:04", "elapsed": 9291.61976, "delta": 4.887025}},
{"target": 0.817857142857143, "params": {"activation_function": 1.5304158748761536, "amount_of_layers": 2.0832110406380693, "batch_size": 68.77442320315463, "dropout_rate": 0.4770752886916565, "epochs": 75.25687810043003, "hidden_channels": 59.14878752072033, "learning_rate": 0.024324328774575996, "optimizer": 0.8756760371199905, "pooling_algorithm": 0.2406725520593066}, "datetime": {"datetime": "2023-11-18 21:31:09", "elapsed": 9296.148804, "delta": 4.529044}},
{"target": 0.9125000000000001, "params": {"activation_function": 0.2219113336021834, "amount_of_layers": 6.818630400517264, "batch_size": 121.36183826302181, "dropout_rate": 0.46099309947989886, "epochs": 156.14326396927146, "hidden_channels": 55.860290371944956, "learning_rate": 0.08149516123142497, "optimizer": 1.1342806109132304, "pooling_algorithm": 0.8571253872136453}, "datetime": {"datetime": "2023-11-18 21:31:22", "elapsed": 9309.645933, "delta": 13.497129}},
{"target": 0.9, "params": {"activation_function": 0.941074528514148, "amount_of_layers": 6.7885049638269255, "batch_size": 86.81516824103574, "dropout_rate": 0.74564008567598, "epochs": 82.19650622912924, "hidden_channels": 76.61729339848165, "learning_rate": 0.07692084532858728, "optimizer": 0.8110756163873063, "pooling_algorithm": 0.6195777274475099}, "datetime": {"datetime": "2023-11-18 21:31:30", "elapsed": 9317.742821, "delta": 8.096888}},
{"target": 0.775, "params": {"activation_function": 1.550463735290827, "amount_of_layers": 1.1124445669405594, "batch_size": 43.284947632217104, "dropout_rate": 0.5948548932484417, "epochs": 119.3636758959633, "hidden_channels": 82.69927302102685, "learning_rate": 0.08703590228203233, "optimizer": 0.5065855198323443, "pooling_algorithm": 0.4793647169332541}, "datetime": {"datetime": "2023-11-18 21:31:37", "elapsed": 9324.521511, "delta": 6.77869}},
