{"target": 0.0, "params": {"activation_function": 2.0, "amount_of_layers": 5.452297579875932, "batch_size": 99.2365530623631, "dropout_rate": 0.75, "epochs": 88.46530235469353, "hidden_channels": 66.20887090196207, "learning_rate": 0.1, "optimizer": 0.0, "pooling_algorithm": 1.0}, "datetime": {"datetime": "2023-11-18 19:14:53", "elapsed": 1120.660614, "delta": 3.508116}},
{"target": 0.9142857142857143, "params": {"activation_function": 0.8449988516192596, "amount_of_layers": 8.76258772943129, "batch_size": 19.309823529679466, "dropout_rate": 0.376087739115006, "epochs": 188.94435510161964, "hidden_channels": 15.91498816746693, "learning_rate": 0.0899544645125274, "optimizer": 2.0, "pooling_algorithm": 1.0}, "datetime": {"datetime": "2023-11-18 19:15:07", "elapsed": 1134.612942, "delta": 13.952328}},
{"target": 0.5821428571428571, "params": {"activation_function": 0.38808505207324195, "amount_of_layers": 7.644103267960021, "batch_size": 103.36443225981915, "dropout_rate": 0.4800302034209722, "epochs": 86.36064688549061, "hidden_channels": 68.43765136250303, "learning_rate": 0.05307911356298348, "optimizer": 1.0278478735104386, "pooling_algorithm": 0.13152741986197325}, "datetime": {"datetime": "2023-11-18 19:15:11", "elapsed": 1138.816357, "delta": 4.203415}},
{"target": 0.8642857142857143, "params": {"activation_function": 0.4869710243693073, "amount_of_layers": 6.031725483173708, "batch_size": 90.28276795747543, "dropout_rate": 0.5541734650493285, "epochs": 93.3588653895438, "hidden_channels": 69.58962681475548, "learning_rate": 0.023865377570046867, "optimizer": 1.1374696076437438, "pooling_algorithm": 0.9631101548257163}, "datetime": {"datetime": "2023-11-18 19:15:15", "elapsed": 1142.657539, "delta": 3.841182}},
{"target": 0.9053571428571429, "params": {"activation_function": 0.7010087681689698, "amount_of_layers": 3.385111233943681, "batch_size": 64.37149319508772, "dropout_rate": 0.726150994404963, "epochs": 185.55254762317125, "hidden_channels": 36.39192737800062, "learning_rate": 0.07959470465954942, "optimizer": 1.0759027038308, "pooling_algorithm": 0.8914154246194114}, "datetime": {"datetime": "2023-11-18 19:15:20", "elapsed": 1147.656909, "delta": 4.99937}},
{"target": 0.9071428571428571, "params": {"activation_function": 1.4359075407618078, "amount_of_layers": 7.142589372197316, "batch_size": 16.297421024795064, "dropout_rate": 0.32231286383669777, "epochs": 187.79241147034594, "hidden_channels": 16.832775640232423, "learning_rate": 0.03672441217919766, "optimizer": 1.280127674793773, "pooling_algorithm": 1.0}, "datetime": {"datetime": "2023-11-18 19:15:35", "elapsed": 1162.673865, "delta": 15.016956}},
{"target": 0.7357142857142858, "params": {"activation_function": 1.888079908284175, "amount_of_layers": 2.981584240650994, "batch_size": 90.60394475186577, "dropout_rate": 0.6350396044984976, "epochs": 89.8373715387569, "hidden_channels": 69.10628886771447, "learning_rate": 0.0801681107712165, "optimizer": 1.011174255855008, "pooling_algorithm": 0.1778100874031835}, "datetime": {"datetime": "2023-11-18 19:15:38", "elapsed": 1165.391949, "delta": 2.718084}},
{"target": 0.9107142857142857, "params": {"activation_function": 0.8616362933718518, "amount_of_layers": 6.276928431852947, "batch_size": 94.0150312543654, "dropout_rate": 0.46355259543837124, "epochs": 90.58033347161339, "hidden_channels": 73.6703381490995, "learning_rate": 0.011751236153698837, "optimizer": 0.7714882464149508, "pooling_algorithm": 0.957936374057754}, "datetime": {"datetime": "2023-11-18 19:15:42", "elapsed": 1169.41806, "delta": 4.026111}},
{"target": 0.7785714285714286, "params": {"activation_function": 1.6764908119291952, "amount_of_layers": 4.466543888432111, "batch_size": 18.98043242964089, "dropout_rate": 0.36377886226642614, "epochs": 187.44196445947526, "hidden_channels": 10.209728018152518, "learning_rate": 0.06719876945760354, "optimizer": 1.4832503008104791, "pooling_algorithm": 0.07295997066293713}, "datetime": {"datetime": "2023-11-18 19:15:51", "elapsed": 1178.779953, "delta": 9.361893}},
{"target": 0.9107142857142857, "params": {"activation_function": 0.7340051066527886, "amount_of_layers": 5.901465414546838, "batch_size": 119.89822928274184, "dropout_rate": 0.25, "epochs": 158.8121809569937, "hidden_channels": 59.5158079212319, "learning_rate": 0.07525157656988887, "optimizer": 0.0, "pooling_algorithm": 1.0}, "datetime": {"datetime": "2023-11-18 19:15:57", "elapsed": 1184.634287, "delta": 5.854334}},
{"target": 0.9, "params": {"activation_function": 1.274360262158225, "amount_of_layers": 9.0, "batch_size": 120.52594825288385, "dropout_rate": 0.7367763902165961, "epochs": 159.62972101304408, "hidden_channels": 58.646977685640735, "learning_rate": 0.07374113571554278, "optimizer": 1.7264978273959832, "pooling_algorithm": 1.0}, "datetime": {"datetime": "2023-11-18 19:16:09", "elapsed": 1196.78923, "delta": 12.154943}},
{"target": 0.7321428571428572, "params": {"activation_function": 1.0826484586259, "amount_of_layers": 3.940973546522547, "batch_size": 73.26047570086456, "dropout_rate": 0.6485481999976006, "epochs": 78.89907532900963, "hidden_channels": 57.98635987699492, "learning_rate": 0.017960061918294676, "optimizer": 0.9193836557282087, "pooling_algorithm": 0.28427666686908115}, "datetime": {"datetime": "2023-11-18 19:16:12", "elapsed": 1199.563225, "delta": 2.773995}},
{"target": 0.8232142857142858, "params": {"activation_function": 1.8487031356756944, "amount_of_layers": 1.0468106441745517, "batch_size": 41.07872565424444, "dropout_rate": 0.3302246719444832, "epochs": 79.98125299734276, "hidden_channels": 76.84801767835881, "learning_rate": 0.07517185694512231, "optimizer": 0.5438154549231642, "pooling_algorithm": 0.020565770336497535}, "datetime": {"datetime": "2023-11-18 19:16:15", "elapsed": 1201.889299, "delta": 2.326074}},
{"target": 0.9107142857142858, "params": {"activation_function": 0.0, "amount_of_layers": 2.71137256130331, "batch_size": 95.28846192930476, "dropout_rate": 0.25, "epochs": 91.29709675269555, "hidden_channels": 72.73927803943552, "learning_rate": 0.1, "optimizer": 0.0, "pooling_algorithm": 1.0}, "datetime": {"datetime": "2023-11-18 19:16:17", "elapsed": 1204.720649, "delta": 2.83135}},
{"target": 0.8696428571428572, "params": {"activation_function": 1.1348479953512616, "amount_of_layers": 1.4163873563871539, "batch_size": 126.030957277704, "dropout_rate": 0.47909225943327893, "epochs": 164.02996821702948, "hidden_channels": 69.52112855477745, "learning_rate": 0.05448533028473059, "optimizer": 0.848245907383069, "pooling_algorithm": 0.5904630268753435}, "datetime": {"datetime": "2023-11-18 19:16:20", "elapsed": 1207.803851, "delta": 3.083202}},
{"target": 0.7446428571428572, "params": {"activation_function": 0.4720735991787548, "amount_of_layers": 3.365753421892361, "batch_size": 34.36729610145116, "dropout_rate": 0.3649723966658974, "epochs": 83.52982530612097, "hidden_channels": 75.07119592860056, "learning_rate": 0.04706792514971147, "optimizer": 1.3305697648153463, "pooling_algorithm": 0.3410815804720765}, "datetime": {"datetime": "2023-11-18 19:16:24", "elapsed": 1211.471403, "delta": 3.667552}},
{"target": 0.9, "params": {"activation_function": 0.859090137711392, "amount_of_layers": 2.1286584046016586, "batch_size": 129.1224289371683, "dropout_rate": 0.3003312615455549, "epochs": 162.29534474764745, "hidden_channels": 75.86921393030183, "learning_rate": 0.08387626253621051, "optimizer": 0.7474469975871338, "pooling_algorithm": 0.8379748686097741}, "datetime": {"datetime": "2023-11-18 19:16:28", "elapsed": 1215.57655, "delta": 4.105147}},
{"target": 0.9071428571428571, "params": {"activation_function": 1.2305438128603179, "amount_of_layers": 2.5576364617820397, "batch_size": 124.35387751019677, "dropout_rate": 0.5915152791113388, "epochs": 153.10465726055702, "hidden_channels": 59.07438280971738, "learning_rate": 0.004841462810727591, "optimizer": 0.9939493944661588, "pooling_algorithm": 0.8827323145283384}, "datetime": {"datetime": "2023-11-18 19:16:32", "elapsed": 1219.782724, "delta": 4.206174}},
{"target": 0.0, "params": {"activation_function": 2.0, "amount_of_layers": 5.998178599195318, "batch_size": 116.69306020827244, "dropout_rate": 0.25, "epochs": 155.8959082130317, "hidden_channels": 58.25647424800533, "learning_rate": 0.1, "optimizer": 0.0, "pooling_algorithm": 1.0}, "datetime": {"datetime": "2023-11-18 19:16:38", "elapsed": 1225.533466, "delta": 5.750742}},
{"target": 0.8892857142857142, "params": {"activation_function": 0.45839483189728725, "amount_of_layers": 6.800015325145081, "batch_size": 16.80127384527189, "dropout_rate": 0.4558818635451281, "epochs": 190.03828378326426, "hidden_channels": 20.49561181543703, "learning_rate": 0.006818548613797797, "optimizer": 0.0505048469919569, "pooling_algorithm": 0.6413029918282291}, "datetime": {"datetime": "2023-11-18 19:16:51", "elapsed": 1238.202829, "delta": 12.669363}},
{"target": 0.8571428571428572, "params": {"activation_function": 2.0, "amount_of_layers": 3.650520035938828, "batch_size": 96.26732002677655, "dropout_rate": 0.75, "epochs": 89.25510184121666, "hidden_channels": 72.19893337699898, "learning_rate": 0.001, "optimizer": 2.0, "pooling_algorithm": 1.0}, "datetime": {"datetime": "2023-11-18 19:16:54", "elapsed": 1241.423697, "delta": 3.220868}},
{"target": 0.7357142857142858, "params": {"activation_function": 1.1770530941979356, "amount_of_layers": 6.137028648912986, "batch_size": 18.56635969001058, "dropout_rate": 0.4139851507072714, "epochs": 183.86697128168132, "hidden_channels": 16.046855038969188, "learning_rate": 0.060519346122366764, "optimizer": 0.9980274587335158, "pooling_algorithm": 0.19554761381803165}, "datetime": {"datetime": "2023-11-18 19:17:05", "elapsed": 1252.666958, "delta": 11.243261}},
{"target": 0.7678571428571429, "params": {"activation_function": 2.0, "amount_of_layers": 4.188875473800721, "batch_size": 68.32840664322069, "dropout_rate": 0.75, "epochs": 71.969536188058, "hidden_channels": 57.624437824016645, "learning_rate": 0.001, "optimizer": 2.0, "pooling_algorithm": 1.0}, "datetime": {"datetime": "2023-11-18 19:17:08", "elapsed": 1255.209522, "delta": 2.542564}},
{"target": 0.9053571428571429, "params": {"activation_function": 0.48579247469378317, "amount_of_layers": 5.983618884056512, "batch_size": 122.38491291767374, "dropout_rate": 0.39651506948473975, "epochs": 151.98003131545806, "hidden_channels": 55.80677399564902, "learning_rate": 0.013079125282018142, "optimizer": 1.898517562268708, "pooling_algorithm": 0.5439937307694362}, "datetime": {"datetime": "2023-11-18 19:17:13", "elapsed": 1260.518614, "delta": 5.309092}},
{"target": 0.9285714285714286, "params": {"activation_function": 0.0, "amount_of_layers": 6.692998352456565, "batch_size": 94.2996382550953, "dropout_rate": 0.25, "epochs": 89.48159005311584, "hidden_channels": 68.6427184170169, "learning_rate": 0.1, "optimizer": 2.0, "pooling_algorithm": 1.0}, "datetime": {"datetime": "2023-11-18 19:17:18", "elapsed": 1264.990247, "delta": 4.471633}},
{"target": 0.7357142857142857, "params": {"activation_function": 1.7054643273966628, "amount_of_layers": 5.951688250689634, "batch_size": 21.148574997552462, "dropout_rate": 0.7097943624162288, "epochs": 191.55417872374073, "hidden_channels": 19.274007189474382, "learning_rate": 0.061043148696982526, "optimizer": 1.434623257071318, "pooling_algorithm": 0.03724022041423691}, "datetime": {"datetime": "2023-11-18 19:17:30", "elapsed": 1277.046231, "delta": 12.055984}},
{"target": 0.8178571428571428, "params": {"activation_function": 2.0, "amount_of_layers": 5.124875176170733, "batch_size": 126.96865890741158, "dropout_rate": 0.25, "epochs": 163.73050530102898, "hidden_channels": 76.05974830050803, "learning_rate": 0.001, "optimizer": 0.0, "pooling_algorithm": 1.0}, "datetime": {"datetime": "2023-11-18 19:17:36", "elapsed": 1283.558298, "delta": 6.512067}},
{"target": 0.0, "params": {"activation_function": 0.5474491766445424, "amount_of_layers": 6.0484332822447975, "batch_size": 18.776503352666516, "dropout_rate": 0.6703794241935673, "epochs": 193.1109241839961, "hidden_channels": 6.45063406380727, "learning_rate": 0.09848473809944945, "optimizer": 0.8847535391783548, "pooling_algorithm": 0.8917061229074624}, "datetime": {"datetime": "2023-11-18 19:17:48", "elapsed": 1295.121658, "delta": 11.56336}},
{"target": 0.2571428571428572, "params": {"activation_function": 1.7402238685434572, "amount_of_layers": 6.538264634995839, "batch_size": 76.97459872545974, "dropout_rate": 0.7201925341345531, "epochs": 193.97774556138526, "hidden_channels": 47.39768540870319, "learning_rate": 0.06069173284956074, "optimizer": 1.7098758883544873, "pooling_algorithm": 0.42699267546761266}, "datetime": {"datetime": "2023-11-18 19:17:55", "elapsed": 1301.84643, "delta": 6.724772}},
{"target": 0.9214285714285714, "params": {"activation_function": 1.8831277560294264, "amount_of_layers": 1.7947399704183287, "batch_size": 66.59113596870185, "dropout_rate": 0.7229154920345882, "epochs": 185.4276681773411, "hidden_channels": 31.645111742513453, "learning_rate": 0.06646250791427351, "optimizer": 0.7562054586354929, "pooling_algorithm": 0.5398114318591513}, "datetime": {"datetime": "2023-11-18 19:17:59", "elapsed": 1305.846565, "delta": 4.000135}},
{"target": 0.9107142857142858, "params": {"activation_function": 0.9850685925814415, "amount_of_layers": 3.2103501198194966, "batch_size": 122.8323173670752, "dropout_rate": 0.31332793257121, "epochs": 154.95793464092424, "hidden_channels": 56.08099754256066, "learning_rate": 0.030139900386409693, "optimizer": 0.03828145392784976, "pooling_algorithm": 0.5151569794267031}, "datetime": {"datetime": "2023-11-18 19:18:03", "elapsed": 1309.853522, "delta": 4.006957}},
{"target": 0.5, "params": {"activation_function": 0.34732572425000385, "amount_of_layers": 3.362203927228344, "batch_size": 64.94890514530395, "dropout_rate": 0.7383966245521622, "epochs": 187.13799074916497, "hidden_channels": 39.82316851743061, "learning_rate": 0.04381269605356569, "optimizer": 1.0884400324772203, "pooling_algorithm": 0.29647282732638813}, "datetime": {"datetime": "2023-11-18 19:18:07", "elapsed": 1314.698838, "delta": 4.845316}},
{"target": 0.8, "params": {"activation_function": 1.865735679260026, "amount_of_layers": 2.5908220126198387, "batch_size": 94.37183519292853, "dropout_rate": 0.28634662710738684, "epochs": 93.73409655641811, "hidden_channels": 68.92918192343336, "learning_rate": 0.013164240957031729, "optimizer": 0.3077001218948552, "pooling_algorithm": 0.05371348067180193}, "datetime": {"datetime": "2023-11-18 19:18:11", "elapsed": 1317.875637, "delta": 3.176799}},
{"target": 0.7321428571428572, "params": {"activation_function": 0.9918541837874368, "amount_of_layers": 3.6193135062792843, "batch_size": 67.25359845746078, "dropout_rate": 0.5487537557573496, "epochs": 178.54040664263582, "hidden_channels": 43.397994722172086, "learning_rate": 0.03564008996181939, "optimizer": 1.2767284258808749, "pooling_algorithm": 0.42324069438198}, "datetime": {"datetime": "2023-11-18 19:18:16", "elapsed": 1323.53068, "delta": 5.655043}},
{"target": 0.9125, "params": {"activation_function": 1.3176720799418493, "amount_of_layers": 8.513108627527377, "batch_size": 20.904925031508547, "dropout_rate": 0.5967305351075545, "epochs": 190.4350432507627, "hidden_channels": 12.084120150017226, "learning_rate": 0.037514753882506705, "optimizer": 1.2894511472299526, "pooling_algorithm": 0.7383183385900954}, "datetime": {"datetime": "2023-11-18 19:18:31", "elapsed": 1338.479103, "delta": 14.948423}},
{"target": 0.9125, "params": {"activation_function": 1.4277826960036162, "amount_of_layers": 5.803294445764819, "batch_size": 94.21903831233307, "dropout_rate": 0.37881754513467064, "epochs": 87.89185085964627, "hidden_channels": 70.9465838949453, "learning_rate": 0.055846618615925034, "optimizer": 1.4525106171663598, "pooling_algorithm": 0.7350560833497581}, "datetime": {"datetime": "2023-11-18 19:18:35", "elapsed": 1342.405674, "delta": 3.926571}},
{"target": 0.2571428571428572, "params": {"activation_function": 1.0298077171179227, "amount_of_layers": 3.626641468125814, "batch_size": 122.99803874087326, "dropout_rate": 0.7319533526945528, "epochs": 159.84025834140684, "hidden_channels": 60.103687164370214, "learning_rate": 0.06184696042950943, "optimizer": 0.47048532612482385, "pooling_algorithm": 0.3297986779148512}, "datetime": {"datetime": "2023-11-18 19:18:40", "elapsed": 1346.922845, "delta": 4.517171}},
{"target": 0.7374999999999999, "params": {"activation_function": 1.5614107441694733, "amount_of_layers": 8.715597115004813, "batch_size": 18.5622362688894, "dropout_rate": 0.2536392117700063, "epochs": 186.03069351772103, "hidden_channels": 8.254347349912125, "learning_rate": 0.09862125709927977, "optimizer": 1.2231855131657465, "pooling_algorithm": 0.35338790153254307}, "datetime": {"datetime": "2023-11-18 19:18:54", "elapsed": 1361.3211, "delta": 14.398255}},
{"target": 0.8107142857142857, "params": {"activation_function": 1.748253830597357, "amount_of_layers": 8.551665150153973, "batch_size": 93.73226769324384, "dropout_rate": 0.38205489577231777, "epochs": 88.65518825076273, "hidden_channels": 67.69339426417311, "learning_rate": 0.07529424415177553, "optimizer": 0.1466416191642117, "pooling_algorithm": 0.2740106083717764}, "datetime": {"datetime": "2023-11-18 19:18:59", "elapsed": 1365.849705, "delta": 4.528605}},
{"target": 0.7392857142857142, "params": {"activation_function": 1.4184136163886292, "amount_of_layers": 8.165998417957788, "batch_size": 123.3320922032724, "dropout_rate": 0.6705353652351307, "epochs": 158.6509400552296, "hidden_channels": 54.931409733092366, "learning_rate": 0.06234723220836367, "optimizer": 0.03959664018069686, "pooling_algorithm": 0.026802270734693878}, "datetime": {"datetime": "2023-11-18 19:19:05", "elapsed": 1372.471573, "delta": 6.621868}},
{"target": 0.8892857142857143, "params": {"activation_function": 0.3494511832034659, "amount_of_layers": 3.118560984315149, "batch_size": 93.74378513139624, "dropout_rate": 0.3167277678265622, "epochs": 84.92529798791264, "hidden_channels": 68.43260059722076, "learning_rate": 0.031172069653891705, "optimizer": 1.1137185842188448, "pooling_algorithm": 0.847103196593236}, "datetime": {"datetime": "2023-11-18 19:19:08", "elapsed": 1375.048727, "delta": 2.577154}},
{"target": 0.7142857142857143, "params": {"activation_function": 1.8317001920710938, "amount_of_layers": 3.346142808016128, "batch_size": 63.56208250562854, "dropout_rate": 0.461161227613583, "epochs": 186.67631498281446, "hidden_channels": 33.67950089266921, "learning_rate": 0.08433725788066501, "optimizer": 1.3692359435827124, "pooling_algorithm": 0.06018238987859825}, "datetime": {"datetime": "2023-11-18 19:19:13", "elapsed": 1380.00669, "delta": 4.957963}},
{"target": 0.9142857142857143, "params": {"activation_function": 0.7929253648899826, "amount_of_layers": 6.777933264311863, "batch_size": 123.2700492850236, "dropout_rate": 0.6972324429380798, "epochs": 154.29258985743473, "hidden_channels": 58.496033004762985, "learning_rate": 0.010753254186514724, "optimizer": 1.0676796470850662, "pooling_algorithm": 0.8551936333089327}, "datetime": {"datetime": "2023-11-18 19:19:19", "elapsed": 1386.446738, "delta": 6.440048}},
{"target": 0.2642857142857143, "params": {"activation_function": 1.2539735238786256, "amount_of_layers": 3.774267438670557, "batch_size": 119.56128339334938, "dropout_rate": 0.498611196231358, "epochs": 152.6931216407022, "hidden_channels": 52.88750847668832, "learning_rate": 0.07818113132865338, "optimizer": 0.4792356002429816, "pooling_algorithm": 0.13167998735047026}, "datetime": {"datetime": "2023-11-18 19:19:24", "elapsed": 1390.891981, "delta": 4.445243}},
{"target": 0.9035714285714286, "params": {"activation_function": 0.8966070672372946, "amount_of_layers": 2.9958267374075804, "batch_size": 129.65371361438287, "dropout_rate": 0.4668278967576224, "epochs": 164.26545786305812, "hidden_channels": 74.49005981115322, "learning_rate": 0.05997929982425989, "optimizer": 1.7646646094473706, "pooling_algorithm": 0.5705255227103411}, "datetime": {"datetime": "2023-11-18 19:19:29", "elapsed": 1396.556108, "delta": 5.664127}},
{"target": 0.7339285714285715, "params": {"activation_function": 0.9582528036271265, "amount_of_layers": 6.732863747623862, "batch_size": 17.02113644269465, "dropout_rate": 0.43638849328778145, "epochs": 189.45773403606407, "hidden_channels": 10.10185698634956, "learning_rate": 0.08409553626976302, "optimizer": 1.394956088185378, "pooling_algorithm": 0.034265984438985764}, "datetime": {"datetime": "2023-11-18 19:19:43", "elapsed": 1410.072857, "delta": 13.516749}},
{"target": 0.9, "params": {"activation_function": 1.8052205657868028, "amount_of_layers": 8.561759931240543, "batch_size": 122.28597152692282, "dropout_rate": 0.7056297893474783, "epochs": 152.38811928502432, "hidden_channels": 59.383885236672455, "learning_rate": 0.02541415640816528, "optimizer": 1.3828651130891485, "pooling_algorithm": 0.701080090009976}, "datetime": {"datetime": "2023-11-18 19:19:50", "elapsed": 1417.781094, "delta": 7.708237}},
{"target": 0.8946428571428572, "params": {"activation_function": 1.7076272715627445, "amount_of_layers": 3.0169427199541206, "batch_size": 97.85688053541418, "dropout_rate": 0.30501852003940577, "epochs": 93.4262653600676, "hidden_channels": 70.86001392525672, "learning_rate": 0.02974406365670613, "optimizer": 1.8364799161848484, "pooling_algorithm": 0.9782973578267262}, "datetime": {"datetime": "2023-11-18 19:19:53", "elapsed": 1420.675805, "delta": 2.894711}},
