{"target": 0.8214285714285715, "params": {"activation_function": 1.7980318651506497, "amount_of_layers": 3.2473778520769523, "batch_size": 50.442046844862496, "dropout_rate": 0.6489995771534165, "epochs": 80.962034836383, "hidden_channels": 57.24980119108066, "learning_rate": 0.029690825688743327, "optimizer": 0.5195594934683676, "pooling_algorithm": 0.17624835650384185}, "datetime": {"datetime": "2023-11-19 02:14:01", "elapsed": 26267.845081, "delta": 13.413367}},
{"target": 0.8571428571428572, "params": {"activation_function": 1.591627575818553, "amount_of_layers": 5.7282265361869, "batch_size": 127.20848963014355, "dropout_rate": 0.430587982749291, "epochs": 47.07267573416825, "hidden_channels": 76.64858538153509, "learning_rate": 0.025493695654399382, "optimizer": 1.3420855019013986, "pooling_algorithm": 0.5445854264197226}, "datetime": {"datetime": "2023-11-19 02:14:12", "elapsed": 26279.294744, "delta": 11.449663}},
{"target": 0.26964285714285713, "params": {"activation_function": 0.7747085468268793, "amount_of_layers": 3.8257776176761666, "batch_size": 70.46630466371663, "dropout_rate": 0.7016872229557156, "epochs": 138.3394118346822, "hidden_channels": 39.01776500319784, "learning_rate": 0.0751043561462804, "optimizer": 0.8293079916209551, "pooling_algorithm": 0.20219785085966635}, "datetime": {"datetime": "2023-11-19 02:14:56", "elapsed": 26322.835333, "delta": 43.540589}},
{"target": 0.28214285714285714, "params": {"activation_function": 1.0757600262818392, "amount_of_layers": 2.2976043351084625, "batch_size": 127.55911556447838, "dropout_rate": 0.7044236134704683, "epochs": 54.99869791014424, "hidden_channels": 125.99936984094948, "learning_rate": 0.023899193007671536, "optimizer": 0.7323678454876053, "pooling_algorithm": 0.12372220172042481}, "datetime": {"datetime": "2023-11-19 02:15:07", "elapsed": 26333.864288, "delta": 11.028955}},
{"target": 0.5357142857142857, "params": {"activation_function": 0.16779437044361267, "amount_of_layers": 1.8081397842662517, "batch_size": 63.65421395208995, "dropout_rate": 0.644294300048864, "epochs": 86.24961169009104, "hidden_channels": 35.227986377582766, "learning_rate": 0.07246243106667231, "optimizer": 1.4753305027300094, "pooling_algorithm": 0.03309256133210681}, "datetime": {"datetime": "2023-11-19 02:15:20", "elapsed": 26346.865984, "delta": 13.001696}},
{"target": 0.9125, "params": {"activation_function": 0.6509658899120603, "amount_of_layers": 7.12306443246797, "batch_size": 52.53926942474526, "dropout_rate": 0.5530816943251639, "epochs": 151.08697180974082, "hidden_channels": 46.9602082529914, "learning_rate": 0.040973558582785986, "optimizer": 0.8224980446235126, "pooling_algorithm": 0.6289621148853997}, "datetime": {"datetime": "2023-11-19 02:15:36", "elapsed": 26362.989925, "delta": 16.123941}},
{"target": 0.9017857142857144, "params": {"activation_function": 0.44781429618967006, "amount_of_layers": 7.886618209146044, "batch_size": 64.83226817382862, "dropout_rate": 0.5438755379861057, "epochs": 184.8253315366038, "hidden_channels": 35.51076742658294, "learning_rate": 0.02668513433012026, "optimizer": 1.6890953632093029, "pooling_algorithm": 0.885755698466942}, "datetime": {"datetime": "2023-11-19 02:16:26", "elapsed": 26412.960079, "delta": 49.970154}},
{"target": 0.9178571428571428, "params": {"activation_function": 0.054142966417680904, "amount_of_layers": 5.959855367027137, "batch_size": 24.395046355960716, "dropout_rate": 0.48180051165513565, "epochs": 187.33917780758293, "hidden_channels": 13.78450065171328, "learning_rate": 0.005677178480377637, "optimizer": 0.20821144401602942, "pooling_algorithm": 0.821733176793331}, "datetime": {"datetime": "2023-11-19 02:17:14", "elapsed": 26461.734798, "delta": 48.774719}},
{"target": 0.6607142857142858, "params": {"activation_function": 0.4596647647913048, "amount_of_layers": 1.4295583514577581, "batch_size": 146.10514508757612, "dropout_rate": 0.49680940738621754, "epochs": 36.433540113863884, "hidden_channels": 70.14102511705279, "learning_rate": 0.09001031801821613, "optimizer": 1.0246174278239886, "pooling_algorithm": 0.2239548103573874}, "datetime": {"datetime": "2023-11-19 02:17:52", "elapsed": 26498.834864, "delta": 37.100066}},
{"target": 0.9053571428571429, "params": {"activation_function": 1.1205382885154234, "amount_of_layers": 6.5934488175319155, "batch_size": 90.25525631469684, "dropout_rate": 0.6190507553878982, "epochs": 194.64687458325807, "hidden_channels": 72.2558250133775, "learning_rate": 0.08731994476431051, "optimizer": 0.7095872988844862, "pooling_algorithm": 0.8516364906176523}, "datetime": {"datetime": "2023-11-19 02:18:48", "elapsed": 26555.23627, "delta": 56.401406}},
{"target": 0.0, "params": {"activation_function": 1.781572711452873, "amount_of_layers": 6.114835517117764, "batch_size": 51.571867169772844, "dropout_rate": 0.40388580063897, "epochs": 147.35712314909466, "hidden_channels": 71.77211369927181, "learning_rate": 0.031621301975434016, "optimizer": 0.41357506961101986, "pooling_algorithm": 0.9822447487739187}, "datetime": {"datetime": "2023-11-19 02:19:03", "elapsed": 26570.598208, "delta": 15.361938}},
{"target": 0.8232142857142857, "params": {"activation_function": 1.3942731844813532, "amount_of_layers": 1.0506683395519572, "batch_size": 89.33134352081194, "dropout_rate": 0.3310243001779998, "epochs": 111.6843636150323, "hidden_channels": 93.812688685322, "learning_rate": 0.09937869494822002, "optimizer": 1.4406959352623392, "pooling_algorithm": 0.4613513760509952}, "datetime": {"datetime": "2023-11-19 02:19:16", "elapsed": 26583.193861, "delta": 12.595653}},
{"target": 0.9125000000000001, "params": {"activation_function": 0.16616264303762662, "amount_of_layers": 3.4976919484051923, "batch_size": 87.62287219044421, "dropout_rate": 0.609240213102404, "epochs": 172.86888524958803, "hidden_channels": 69.20165682663213, "learning_rate": 0.07138156006407352, "optimizer": 1.6970769786266784, "pooling_algorithm": 0.5290088253297043}, "datetime": {"datetime": "2023-11-19 02:19:28", "elapsed": 26595.418553, "delta": 12.224692}},
{"target": 0.9035714285714286, "params": {"activation_function": 1.509226457238229, "amount_of_layers": 6.030476865801951, "batch_size": 100.1488064858498, "dropout_rate": 0.3987031005551688, "epochs": 98.40177189809734, "hidden_channels": 67.538229892304, "learning_rate": 0.08183519106028661, "optimizer": 1.938189799430254, "pooling_algorithm": 0.7809898474068329}, "datetime": {"datetime": "2023-11-19 02:19:57", "elapsed": 26624.049827, "delta": 28.631274}},
{"target": 0.8535714285714286, "params": {"activation_function": 0.3121335864044754, "amount_of_layers": 2.075446868496715, "batch_size": 101.24566397500423, "dropout_rate": 0.6562661549572858, "epochs": 89.94756425556386, "hidden_channels": 18.83258553166708, "learning_rate": 0.030022933067564112, "optimizer": 0.7523852595789118, "pooling_algorithm": 0.7574510962728298}, "datetime": {"datetime": "2023-11-19 02:20:10", "elapsed": 26637.64833, "delta": 13.598503}},
{"target": 0.9017857142857143, "params": {"activation_function": 0.68832892494692, "amount_of_layers": 6.733867173893444, "batch_size": 76.78250367091016, "dropout_rate": 0.32754700763298494, "epochs": 137.98546056290655, "hidden_channels": 56.89437211748875, "learning_rate": 0.09571314773690602, "optimizer": 0.6045731507978225, "pooling_algorithm": 0.5686398819443617}, "datetime": {"datetime": "2023-11-19 02:20:49", "elapsed": 26675.993273, "delta": 38.344943}},
{"target": 0.9178571428571428, "params": {"activation_function": 0.8284401306426059, "amount_of_layers": 5.423818511171243, "batch_size": 54.07797081748816, "dropout_rate": 0.34305039415745564, "epochs": 20.44153402697647, "hidden_channels": 8.925679682009573, "learning_rate": 0.024813581168885383, "optimizer": 1.9043188369893294, "pooling_algorithm": 0.7908878009833837}, "datetime": {"datetime": "2023-11-19 02:21:00", "elapsed": 26687.023521, "delta": 11.030248}},
{"target": 0.9107142857142857, "params": {"activation_function": 0.19389801628442838, "amount_of_layers": 4.7162100231706425, "batch_size": 149.6484232771699, "dropout_rate": 0.5157255255555904, "epochs": 54.27675399547077, "hidden_channels": 86.2220301152132, "learning_rate": 0.039504586015667295, "optimizer": 0.4213768166512559, "pooling_algorithm": 0.8282948598653472}, "datetime": {"datetime": "2023-11-19 02:21:13", "elapsed": 26699.832358, "delta": 12.808837}},
{"target": 0.7392857142857143, "params": {"activation_function": 1.497909839752498, "amount_of_layers": 3.6478383276286364, "batch_size": 68.23750002794813, "dropout_rate": 0.3735849001713034, "epochs": 115.3106968782549, "hidden_channels": 65.22197608759599, "learning_rate": 0.004632255933168206, "optimizer": 0.168285526416736, "pooling_algorithm": 0.19337136929399446}, "datetime": {"datetime": "2023-11-19 02:21:27", "elapsed": 26714.72421, "delta": 14.891852}},
{"target": 0.9035714285714285, "params": {"activation_function": 1.1319221328685132, "amount_of_layers": 2.626716090074889, "batch_size": 67.93260112557707, "dropout_rate": 0.31520755098912623, "epochs": 43.398724890562676, "hidden_channels": 59.804023655173694, "learning_rate": 0.0036919249344006485, "optimizer": 0.6569808359969234, "pooling_algorithm": 0.557890081717847}, "datetime": {"datetime": "2023-11-19 02:21:39", "elapsed": 26726.394812, "delta": 11.670602}},
{"target": 0.8214285714285714, "params": {"activation_function": 1.55763042485017, "amount_of_layers": 5.459536785183933, "batch_size": 80.0240815833878, "dropout_rate": 0.5085542927273909, "epochs": 139.46520903759867, "hidden_channels": 85.22792645411859, "learning_rate": 0.023021146789030018, "optimizer": 1.20740462093405, "pooling_algorithm": 0.620605674526408}, "datetime": {"datetime": "2023-11-19 02:21:56", "elapsed": 26742.962883, "delta": 16.568071}},
{"target": 0.9, "params": {"activation_function": 1.8760715953363276, "amount_of_layers": 4.902772580978315, "batch_size": 59.80308812514061, "dropout_rate": 0.5427464188280146, "epochs": 73.9951437799453, "hidden_channels": 64.39740932598471, "learning_rate": 0.09516058964599322, "optimizer": 1.4668215232388815, "pooling_algorithm": 0.5527451115309405}, "datetime": {"datetime": "2023-11-19 02:22:09", "elapsed": 26756.090146, "delta": 13.127263}},
{"target": 0.7374999999999999, "params": {"activation_function": 1.464728801448078, "amount_of_layers": 7.930905329077241, "batch_size": 87.8216365475632, "dropout_rate": 0.638183907411845, "epochs": 123.00955684165893, "hidden_channels": 70.86631395776354, "learning_rate": 0.03189187631232336, "optimizer": 1.7592846046606456, "pooling_algorithm": 0.12455521277962833}, "datetime": {"datetime": "2023-11-19 02:22:25", "elapsed": 26772.200206, "delta": 16.11006}},
{"target": 0.3678571428571428, "params": {"activation_function": 0.23804282386812892, "amount_of_layers": 6.647608249727291, "batch_size": 132.30144410877173, "dropout_rate": 0.7478143325753308, "epochs": 162.90505709703334, "hidden_channels": 75.3283763731108, "learning_rate": 0.023471543352752925, "optimizer": 1.7111038569124826, "pooling_algorithm": 0.16534076996643754}, "datetime": {"datetime": "2023-11-19 02:23:10", "elapsed": 26817.610118, "delta": 45.409912}},
{"target": 0.9071428571428571, "params": {"activation_function": 1.3548540142208498, "amount_of_layers": 3.481443321770601, "batch_size": 51.536772690621255, "dropout_rate": 0.5996069393505293, "epochs": 42.35997419898341, "hidden_channels": 58.88144073220298, "learning_rate": 0.07613515578935504, "optimizer": 0.32494937389226686, "pooling_algorithm": 0.8082696625675163}, "datetime": {"datetime": "2023-11-19 02:23:21", "elapsed": 26828.362258, "delta": 10.75214}},
{"target": 0.9071428571428571, "params": {"activation_function": 1.0468654531158168, "amount_of_layers": 7.241142282738246, "batch_size": 88.82287163997177, "dropout_rate": 0.5376978765481206, "epochs": 194.1164972215739, "hidden_channels": 72.15027519442368, "learning_rate": 0.026528215858612238, "optimizer": 1.3661281617116967, "pooling_algorithm": 0.5053394985103314}, "datetime": {"datetime": "2023-11-19 02:24:24", "elapsed": 26890.841832, "delta": 62.479574}},
{"target": 0.10357142857142856, "params": {"activation_function": 0.02268052343621907, "amount_of_layers": 8.08784728984092, "batch_size": 118.43962086773797, "dropout_rate": 0.6808704909360797, "epochs": 160.6011716986615, "hidden_channels": 62.439132580952425, "learning_rate": 0.04152092821732715, "optimizer": 0.9069102167674425, "pooling_algorithm": 0.09693743551697209}, "datetime": {"datetime": "2023-11-19 02:25:11", "elapsed": 26938.422675, "delta": 47.580843}},
{"target": 0.9, "params": {"activation_function": 0.47632216789307114, "amount_of_layers": 3.4975433647774734, "batch_size": 66.29729199741283, "dropout_rate": 0.5632049353004267, "epochs": 182.2098679835694, "hidden_channels": 37.16045787374138, "learning_rate": 0.01381243787475283, "optimizer": 0.16468928363565216, "pooling_algorithm": 0.5873585520139882}, "datetime": {"datetime": "2023-11-19 02:25:50", "elapsed": 26977.803107, "delta": 39.380432}},
{"target": 0.7107142857142857, "params": {"activation_function": 0.7647732984716837, "amount_of_layers": 4.971516016162653, "batch_size": 41.56175311836152, "dropout_rate": 0.6750793166130378, "epochs": 28.651606667173805, "hidden_channels": 123.2465089457839, "learning_rate": 0.04759595788428602, "optimizer": 0.9996227902053076, "pooling_algorithm": 0.08809174408478049}, "datetime": {"datetime": "2023-11-19 02:26:01", "elapsed": 26988.306039, "delta": 10.502932}},
{"target": 0.8982142857142857, "params": {"activation_function": 1.488189719620325, "amount_of_layers": 8.922451099732559, "batch_size": 53.08162934271603, "dropout_rate": 0.2509270802203997, "epochs": 75.11136767529223, "hidden_channels": 96.30931545385484, "learning_rate": 0.0671950016187793, "optimizer": 1.5985778712230667, "pooling_algorithm": 0.5582569692501433}, "datetime": {"datetime": "2023-11-19 02:26:17", "elapsed": 27003.905571, "delta": 15.599532}},
{"target": 0.7821428571428571, "params": {"activation_function": 1.957325274285361, "amount_of_layers": 3.404441728710334, "batch_size": 131.63792414481537, "dropout_rate": 0.43802246123165267, "epochs": 198.86192000499707, "hidden_channels": 74.1303407782054, "learning_rate": 0.08330886382266528, "optimizer": 0.980748953840094, "pooling_algorithm": 0.027252402443744272}, "datetime": {"datetime": "2023-11-19 02:26:33", "elapsed": 27020.213542, "delta": 16.307971}},
{"target": 0.9035714285714286, "params": {"activation_function": 1.966727924303806, "amount_of_layers": 3.4558211554580813, "batch_size": 72.72136302373583, "dropout_rate": 0.6452586483477178, "epochs": 172.5896199179915, "hidden_channels": 38.67778860344674, "learning_rate": 0.07365009127031438, "optimizer": 1.1717563314536725, "pooling_algorithm": 0.5932561660128824}, "datetime": {"datetime": "2023-11-19 02:26:47", "elapsed": 27034.644133, "delta": 14.430591}},
{"target": 0.925, "params": {"activation_function": 0.12287081017448576, "amount_of_layers": 1.541868380949511, "batch_size": 44.62432358707959, "dropout_rate": 0.30306155217669034, "epochs": 138.8123330546763, "hidden_channels": 41.2939372214829, "learning_rate": 0.03301708695574835, "optimizer": 0.9006769211711647, "pooling_algorithm": 0.7138703807742457}, "datetime": {"datetime": "2023-11-19 02:27:25", "elapsed": 27072.618703, "delta": 37.97457}},
{"target": 0.26249999999999996, "params": {"activation_function": 1.1775836548081937, "amount_of_layers": 7.175704002443059, "batch_size": 93.19847232176073, "dropout_rate": 0.3252457190978002, "epochs": 171.8249336369066, "hidden_channels": 14.898808266576852, "learning_rate": 0.04865852728526439, "optimizer": 1.0557627090565982, "pooling_algorithm": 0.4689455187292362}, "datetime": {"datetime": "2023-11-19 02:27:39", "elapsed": 27086.513338, "delta": 13.894635}},
{"target": 0.9142857142857143, "params": {"activation_function": 0.24520449708884073, "amount_of_layers": 5.159864429109717, "batch_size": 94.08822849665384, "dropout_rate": 0.5212313797677329, "epochs": 88.50506122551373, "hidden_channels": 71.8674186769735, "learning_rate": 0.04271821065005573, "optimizer": 0.02602644347799643, "pooling_algorithm": 0.9921791112127687}, "datetime": {"datetime": "2023-11-19 02:28:20", "elapsed": 27127.694677, "delta": 41.181339}},
{"target": 0.8642857142857143, "params": {"activation_function": 0.4613329980719114, "amount_of_layers": 5.1366669885633724, "batch_size": 132.833359862164, "dropout_rate": 0.41257017311963173, "epochs": 161.90009793339846, "hidden_channels": 76.97335937349756, "learning_rate": 0.011015279602801801, "optimizer": 0.8532784175134971, "pooling_algorithm": 0.7076077182925576}, "datetime": {"datetime": "2023-11-19 02:29:02", "elapsed": 27169.521546, "delta": 41.826869}},
{"target": 0.2642857142857143, "params": {"activation_function": 1.169534365028339, "amount_of_layers": 5.533462762491125, "batch_size": 37.1927956850968, "dropout_rate": 0.4138568878402086, "epochs": 166.03232238341457, "hidden_channels": 92.47097291914227, "learning_rate": 0.008963947756455683, "optimizer": 1.338489054234572, "pooling_algorithm": 0.08671603108713144}, "datetime": {"datetime": "2023-11-19 02:29:51", "elapsed": 27217.977594, "delta": 48.456048}},
{"target": 0.9035714285714286, "params": {"activation_function": 1.6744003958931497, "amount_of_layers": 6.590881149120726, "batch_size": 98.44868763121981, "dropout_rate": 0.6217267185178796, "epochs": 90.85770979310189, "hidden_channels": 63.01736482781789, "learning_rate": 0.09040984266288545, "optimizer": 1.6778581543278874, "pooling_algorithm": 0.7170285548477802}, "datetime": {"datetime": "2023-11-19 02:30:22", "elapsed": 27249.302853, "delta": 31.325259}},
{"target": 0.9035714285714286, "params": {"activation_function": 0.965083682080395, "amount_of_layers": 2.402716425210496, "batch_size": 41.13884361230194, "dropout_rate": 0.37048392864269114, "epochs": 76.96692353141084, "hidden_channels": 74.17226655500028, "learning_rate": 0.030189157149172703, "optimizer": 0.7579108467270875, "pooling_algorithm": 0.9473232185512404}, "datetime": {"datetime": "2023-11-19 02:31:06", "elapsed": 27293.525905, "delta": 44.223052}},
{"target": 0.9142857142857143, "params": {"activation_function": 1.4884121737814135, "amount_of_layers": 4.085081824975922, "batch_size": 67.92346753260732, "dropout_rate": 0.376378082464479, "epochs": 184.43824082441543, "hidden_channels": 37.81371252477548, "learning_rate": 0.027880275225028287, "optimizer": 1.5645969773447557, "pooling_algorithm": 0.6827055830031795}, "datetime": {"datetime": "2023-11-19 02:31:36", "elapsed": 27323.439185, "delta": 29.91328}},
{"target": 0.7357142857142858, "params": {"activation_function": 1.495118931955987, "amount_of_layers": 6.74058281987892, "batch_size": 68.08085971253561, "dropout_rate": 0.2957449118961924, "epochs": 179.30434590918043, "hidden_channels": 95.31738150436718, "learning_rate": 0.04292006683899062, "optimizer": 0.09804511962565687, "pooling_algorithm": 0.34001981553258864}, "datetime": {"datetime": "2023-11-19 02:31:55", "elapsed": 27341.856645, "delta": 18.41746}},
{"target": 0.8410714285714286, "params": {"activation_function": 0.12165804089869248, "amount_of_layers": 1.0515314193571115, "batch_size": 138.59536828515007, "dropout_rate": 0.555435256687385, "epochs": 132.12479128378305, "hidden_channels": 72.94530549373474, "learning_rate": 0.01469778907127119, "optimizer": 0.5428929207966391, "pooling_algorithm": 0.9141872935054641}, "datetime": {"datetime": "2023-11-19 02:32:33", "elapsed": 27380.018519, "delta": 38.161874}},
{"target": 0.9107142857142858, "params": {"activation_function": 1.0641521135487195, "amount_of_layers": 1.6909018424344557, "batch_size": 67.97523304652825, "dropout_rate": 0.4219770626834613, "epochs": 129.31350662160798, "hidden_channels": 84.22298647652815, "learning_rate": 0.025677283883380083, "optimizer": 0.015985478746008308, "pooling_algorithm": 0.606729478970316}, "datetime": {"datetime": "2023-11-19 02:33:07", "elapsed": 27414.690268, "delta": 34.671749}},
{"target": 0.0, "params": {"activation_function": 1.8009816226770188, "amount_of_layers": 4.791470074520686, "batch_size": 84.19279614578153, "dropout_rate": 0.5310793473860325, "epochs": 136.51838861972556, "hidden_channels": 105.72097893837046, "learning_rate": 0.03235452672769182, "optimizer": 0.37569314055051506, "pooling_algorithm": 0.9908568969847608}, "datetime": {"datetime": "2023-11-19 02:33:24", "elapsed": 27431.005596, "delta": 16.315328}},
{"target": 0.2714285714285714, "params": {"activation_function": 1.4629972612714033, "amount_of_layers": 8.901088921193434, "batch_size": 118.63233303906489, "dropout_rate": 0.5662717117174635, "epochs": 183.87727286321373, "hidden_channels": 19.9844138075595, "learning_rate": 0.08680829320487979, "optimizer": 1.0152071274030088, "pooling_algorithm": 0.16792153580204827}, "datetime": {"datetime": "2023-11-19 02:33:41", "elapsed": 27447.971047, "delta": 16.965451}},
{"target": 0.0, "params": {"activation_function": 1.702998261766762, "amount_of_layers": 8.937872366864658, "batch_size": 146.31710228659935, "dropout_rate": 0.3536468829032734, "epochs": 180.2466656686218, "hidden_channels": 83.6625241452734, "learning_rate": 0.06830114496395592, "optimizer": 0.8440847347563829, "pooling_algorithm": 0.830850027119547}, "datetime": {"datetime": "2023-11-19 02:34:57", "elapsed": 27524.679503, "delta": 76.708456}},
{"target": 0.9, "params": {"activation_function": 0.24157209616450026, "amount_of_layers": 2.1131091444691696, "batch_size": 52.62703449292658, "dropout_rate": 0.38040082466077685, "epochs": 138.98864017366148, "hidden_channels": 74.86780812883177, "learning_rate": 0.07304294781950008, "optimizer": 0.21146372952532544, "pooling_algorithm": 0.9408030230182138}, "datetime": {"datetime": "2023-11-19 02:35:42", "elapsed": 27569.761629, "delta": 45.082126}},
