{"target": 0.7392857142857143, "params": {"activation_function": 0.7564453329974326, "amount_of_layers": 6.483951809426241, "batch_size": 147.76087012437515, "dropout_rate": 0.35180945507533584, "epochs": 93.25165217466386, "hidden_channels": 63.02073836664297, "learning_rate": 0.06064057489320857, "optimizer": 1.6233491449515765, "pooling_algorithm": 0.03576968662032487}, "datetime": {"datetime": "2023-11-18 20:06:52", "elapsed": 4239.403557, "delta": 9.840917}},
{"target": 0.0, "params": {"activation_function": 1.6193883962422606, "amount_of_layers": 4.7158545417186994, "batch_size": 40.11525167471632, "dropout_rate": 0.4872130767546514, "epochs": 126.96417157491611, "hidden_channels": 125.09989837212768, "learning_rate": 0.07594558271795866, "optimizer": 0.754329296941936, "pooling_algorithm": 0.7519104166409958}, "datetime": {"datetime": "2023-11-18 20:07:02", "elapsed": 4249.329156, "delta": 9.925599}},
{"target": 0.75, "params": {"activation_function": 0.42803351631014963, "amount_of_layers": 4.13251696221812, "batch_size": 127.03715517048074, "dropout_rate": 0.36431486359339776, "epochs": 163.87933533133247, "hidden_channels": 67.87797180591461, "learning_rate": 0.005893847507982764, "optimizer": 1.5826668822957888, "pooling_algorithm": 0.14192549997949622}, "datetime": {"datetime": "2023-11-18 20:07:08", "elapsed": 4255.275602, "delta": 5.946446}},
{"target": 0.9035714285714287, "params": {"activation_function": 1.1842133349230115, "amount_of_layers": 5.761317672601512, "batch_size": 93.24798878332082, "dropout_rate": 0.6316515544609147, "epochs": 88.45732721537148, "hidden_channels": 67.62024391350272, "learning_rate": 0.01751408724663946, "optimizer": 0.09886615201424287, "pooling_algorithm": 0.7683309000898715}, "datetime": {"datetime": "2023-11-18 20:07:12", "elapsed": 4259.810685, "delta": 4.535083}},
{"target": 0.7339285714285715, "params": {"activation_function": 0.6267212270469029, "amount_of_layers": 7.005269477724655, "batch_size": 64.59704633001235, "dropout_rate": 0.6883128891720571, "epochs": 185.0576007183234, "hidden_channels": 37.877088857854176, "learning_rate": 0.0273311872124299, "optimizer": 1.1136916320226604, "pooling_algorithm": 0.030743910816194764}, "datetime": {"datetime": "2023-11-18 20:07:22", "elapsed": 4268.928085, "delta": 9.1174}},
{"target": 0.28928571428571426, "params": {"activation_function": 0.07257675536549013, "amount_of_layers": 5.9844312693614325, "batch_size": 104.14526339081318, "dropout_rate": 0.4926159140586459, "epochs": 166.48878679439645, "hidden_channels": 23.184997066490844, "learning_rate": 0.009185167635813316, "optimizer": 0.3169847450772594, "pooling_algorithm": 0.49845944906233786}, "datetime": {"datetime": "2023-11-18 20:07:28", "elapsed": 4274.926937, "delta": 5.998852}},
{"target": 0.0, "params": {"activation_function": 0.08040533513316817, "amount_of_layers": 7.9925130719797695, "batch_size": 66.98470166145259, "dropout_rate": 0.6785717199000108, "epochs": 186.3631275423237, "hidden_channels": 30.050139502782002, "learning_rate": 0.07211895267802272, "optimizer": 1.9749960165611866, "pooling_algorithm": 0.35626613413688235}, "datetime": {"datetime": "2023-11-18 20:07:36", "elapsed": 4283.411312, "delta": 8.484375}},
{"target": 0.9214285714285715, "params": {"activation_function": 0.730876695472302, "amount_of_layers": 4.484479669479032, "batch_size": 131.0000036489016, "dropout_rate": 0.6694512622974071, "epochs": 163.13688442835192, "hidden_channels": 75.90405771785522, "learning_rate": 0.06478264639486743, "optimizer": 1.2931040027575453, "pooling_algorithm": 0.9179627214332318}, "datetime": {"datetime": "2023-11-18 20:07:43", "elapsed": 4290.552672, "delta": 7.14136}},
{"target": 0.9089285714285714, "params": {"activation_function": 0.2161199946699619, "amount_of_layers": 4.136135020665292, "batch_size": 127.86679687093128, "dropout_rate": 0.3659060656790858, "epochs": 161.82358464098377, "hidden_channels": 67.10483483473391, "learning_rate": 0.05262515131308784, "optimizer": 1.2878408747172776, "pooling_algorithm": 0.8396139555671053}, "datetime": {"datetime": "2023-11-18 20:07:51", "elapsed": 4298.004227, "delta": 7.451555}},
{"target": 0.26249999999999996, "params": {"activation_function": 1.461486485085228, "amount_of_layers": 6.56919779885774, "batch_size": 78.07858164631595, "dropout_rate": 0.6783296127756067, "epochs": 136.21669575673013, "hidden_channels": 59.34692110478247, "learning_rate": 0.07044781129696441, "optimizer": 1.9409271467769802, "pooling_algorithm": 0.2985035876959321}, "datetime": {"datetime": "2023-11-18 20:08:07", "elapsed": 4314.488507, "delta": 16.48428}},
{"target": 0.2642857142857143, "params": {"activation_function": 1.7637809815235026, "amount_of_layers": 6.417323027051925, "batch_size": 124.68360577913687, "dropout_rate": 0.6697786118366228, "epochs": 157.37690502015244, "hidden_channels": 60.71336235007967, "learning_rate": 0.06649813279968193, "optimizer": 0.713100254132726, "pooling_algorithm": 0.3581378443897467}, "datetime": {"datetime": "2023-11-18 20:08:14", "elapsed": 4321.505159, "delta": 7.016652}},
{"target": 0.7357142857142857, "params": {"activation_function": 0.7047117936397154, "amount_of_layers": 4.866169432616686, "batch_size": 92.88972236285034, "dropout_rate": 0.43840451860131746, "epochs": 90.07224748446039, "hidden_channels": 71.37353525564454, "learning_rate": 0.024465656842723536, "optimizer": 0.38882159237209324, "pooling_algorithm": 0.3791835509229041}, "datetime": {"datetime": "2023-11-18 20:08:19", "elapsed": 4326.044086, "delta": 4.538927}},
{"target": 0.9017857142857143, "params": {"activation_function": 0.7463500972540833, "amount_of_layers": 5.508854706813055, "batch_size": 90.91343670243658, "dropout_rate": 0.7106048374458902, "epochs": 86.59696021790263, "hidden_channels": 68.05315870587054, "learning_rate": 0.06229659427282456, "optimizer": 0.6071940898245598, "pooling_algorithm": 0.9672599518776819}, "datetime": {"datetime": "2023-11-18 20:08:24", "elapsed": 4330.965592, "delta": 4.921506}},
{"target": 0.9214285714285715, "params": {"activation_function": 1.2252728333394232, "amount_of_layers": 7.719758775857183, "batch_size": 121.40345483913659, "dropout_rate": 0.6205714571120418, "epochs": 153.1801894305047, "hidden_channels": 58.617198997907224, "learning_rate": 0.046115606943014, "optimizer": 0.9114152122832866, "pooling_algorithm": 0.7145124739632693}, "datetime": {"datetime": "2023-11-18 20:08:32", "elapsed": 4338.890409, "delta": 7.924817}},
{"target": 0.7392857142857143, "params": {"activation_function": 1.6720604006125015, "amount_of_layers": 6.205560393347881, "batch_size": 93.0509152640611, "dropout_rate": 0.4913224370507907, "epochs": 86.37418040827066, "hidden_channels": 63.93130314539492, "learning_rate": 0.0760382404074295, "optimizer": 1.0655584549672035, "pooling_algorithm": 0.31002296166233523}, "datetime": {"datetime": "2023-11-18 20:08:36", "elapsed": 4343.091705, "delta": 4.201296}},
{"target": 0.7321428571428572, "params": {"activation_function": 1.3971059668143586, "amount_of_layers": 5.946470690428402, "batch_size": 95.38721995253685, "dropout_rate": 0.28005312154742207, "epochs": 89.70288741728228, "hidden_channels": 69.68641213662976, "learning_rate": 0.036941206468791975, "optimizer": 1.997728402438522, "pooling_algorithm": 0.4805951196435092}, "datetime": {"datetime": "2023-11-18 20:08:42", "elapsed": 4349.364987, "delta": 6.273282}},
{"target": 0.7357142857142857, "params": {"activation_function": 1.5088700373619799, "amount_of_layers": 5.5110673815971545, "batch_size": 20.04430075047337, "dropout_rate": 0.32468072025541167, "epochs": 191.22187037696327, "hidden_channels": 8.830600306538958, "learning_rate": 0.016949215526530403, "optimizer": 1.9098344559364597, "pooling_algorithm": 0.4992863423858589}, "datetime": {"datetime": "2023-11-18 20:08:55", "elapsed": 4362.561859, "delta": 13.196872}},
{"target": 0.9178571428571428, "params": {"activation_function": 1.5205600084581663, "amount_of_layers": 4.269870312938363, "batch_size": 91.25908801424902, "dropout_rate": 0.7097371051188636, "epochs": 81.52318524717295, "hidden_channels": 62.910681760721715, "learning_rate": 0.07720279335965759, "optimizer": 1.9995221828249004, "pooling_algorithm": 0.6245668191692203}, "datetime": {"datetime": "2023-11-18 20:08:59", "elapsed": 4366.179034, "delta": 3.617175}},
{"target": 0.7589285714285715, "params": {"activation_function": 1.0089565590313352, "amount_of_layers": 1.7202453704649336, "batch_size": 36.95071067508903, "dropout_rate": 0.35584648559908544, "epochs": 83.82027927682563, "hidden_channels": 75.44076174906043, "learning_rate": 0.060614305671359295, "optimizer": 0.19534859034167829, "pooling_algorithm": 0.016066517261470126}, "datetime": {"datetime": "2023-11-18 20:09:03", "elapsed": 4370.261136, "delta": 4.082102}},
{"target": 0.9178571428571428, "params": {"activation_function": 0.07895006354847034, "amount_of_layers": 4.016868941798231, "batch_size": 125.87013270557433, "dropout_rate": 0.6761663268165164, "epochs": 163.96177525987522, "hidden_channels": 72.3593565080657, "learning_rate": 0.07727803207863924, "optimizer": 0.13752520767844367, "pooling_algorithm": 0.7017412791127262}, "datetime": {"datetime": "2023-11-18 20:09:09", "elapsed": 4376.604043, "delta": 6.342907}},
{"target": 0.26785714285714285, "params": {"activation_function": 1.1433339790945989, "amount_of_layers": 4.236524705316318, "batch_size": 130.60367066655988, "dropout_rate": 0.576174781882359, "epochs": 162.70332045307555, "hidden_channels": 74.73770979467633, "learning_rate": 0.014164502645154797, "optimizer": 1.3583590393169795, "pooling_algorithm": 0.22098839364439837}, "datetime": {"datetime": "2023-11-18 20:09:16", "elapsed": 4383.342873, "delta": 6.73883}},
{"target": 0.8642857142857143, "params": {"activation_function": 0.2978991499912873, "amount_of_layers": 5.980512613524186, "batch_size": 91.76484680000759, "dropout_rate": 0.39967889392694445, "epochs": 89.46747299843703, "hidden_channels": 68.1568476981156, "learning_rate": 0.02474065220691418, "optimizer": 1.4899389208649538, "pooling_algorithm": 0.6348577148052187}, "datetime": {"datetime": "2023-11-18 20:09:21", "elapsed": 4388.789814, "delta": 5.446941}},
{"target": 0.6464285714285715, "params": {"activation_function": 1.5810078355678756, "amount_of_layers": 7.676520037148939, "batch_size": 128.45816559815952, "dropout_rate": 0.6406743128251402, "epochs": 48.949246596289385, "hidden_channels": 33.90824467099941, "learning_rate": 0.02131216344673658, "optimizer": 0.9724869950635409, "pooling_algorithm": 0.018087297006532443}, "datetime": {"datetime": "2023-11-18 20:09:25", "elapsed": 4392.207014, "delta": 3.4172}},
{"target": 0.7357142857142857, "params": {"activation_function": 1.4457265231536272, "amount_of_layers": 5.680455514647852, "batch_size": 92.79997271406542, "dropout_rate": 0.7339715143817029, "epochs": 91.15601947338885, "hidden_channels": 68.6500679294892, "learning_rate": 0.04197192910517176, "optimizer": 0.3643213691136298, "pooling_algorithm": 0.48144291162688313}, "datetime": {"datetime": "2023-11-18 20:09:30", "elapsed": 4397.233086, "delta": 5.026072}},
{"target": 0.7392857142857143, "params": {"activation_function": 1.1637865454689056, "amount_of_layers": 8.208670269352035, "batch_size": 63.88708586469378, "dropout_rate": 0.6551190396262992, "epochs": 187.441862338714, "hidden_channels": 38.86083993866516, "learning_rate": 0.06820061471642544, "optimizer": 0.04296329408162114, "pooling_algorithm": 0.38684045166753356}, "datetime": {"datetime": "2023-11-18 20:09:39", "elapsed": 4406.314963, "delta": 9.081877}},
{"target": 0.9125, "params": {"activation_function": 1.4274578924046775, "amount_of_layers": 6.953758090443121, "batch_size": 95.86871947941664, "dropout_rate": 0.6880147484039582, "epochs": 87.21585169635253, "hidden_channels": 70.91973180544663, "learning_rate": 0.011692654364008015, "optimizer": 0.7655415269718735, "pooling_algorithm": 0.7526988613138093}, "datetime": {"datetime": "2023-11-18 20:09:45", "elapsed": 4411.977674, "delta": 5.662711}},
{"target": 0.48214285714285715, "params": {"activation_function": 0.6231344177686259, "amount_of_layers": 1.7232704383444957, "batch_size": 37.12985160513318, "dropout_rate": 0.5175440532765395, "epochs": 84.68098603539877, "hidden_channels": 73.13715505450322, "learning_rate": 0.08843183107517086, "optimizer": 1.1801576469853887, "pooling_algorithm": 0.3908825966857034}, "datetime": {"datetime": "2023-11-18 20:09:49", "elapsed": 4416.51923, "delta": 4.541556}},
{"target": 0.9035714285714286, "params": {"activation_function": 0.92749913480787, "amount_of_layers": 5.351871472557582, "batch_size": 132.23789382151443, "dropout_rate": 0.29567970230589785, "epochs": 162.74225439067865, "hidden_channels": 76.86857809262244, "learning_rate": 0.09828918368607012, "optimizer": 1.1410224109162252, "pooling_algorithm": 0.9954439970099477}, "datetime": {"datetime": "2023-11-18 20:10:02", "elapsed": 4429.313845, "delta": 12.794615}},
{"target": 0.8982142857142857, "params": {"activation_function": 1.1551390307158755, "amount_of_layers": 7.566203727271589, "batch_size": 90.35635929963395, "dropout_rate": 0.28094825866707807, "epochs": 86.78463127191857, "hidden_channels": 65.38728844135501, "learning_rate": 0.05981474517328485, "optimizer": 1.8355771443289313, "pooling_algorithm": 0.5985639888314673}, "datetime": {"datetime": "2023-11-18 20:10:12", "elapsed": 4438.940411, "delta": 9.626566}},
{"target": 0.9071428571428571, "params": {"activation_function": 0.024418343338031834, "amount_of_layers": 8.054555990524886, "batch_size": 119.04075879154912, "dropout_rate": 0.32949129377957426, "epochs": 159.84219431136074, "hidden_channels": 60.07637483452171, "learning_rate": 0.03358060108415524, "optimizer": 0.33274513413763906, "pooling_algorithm": 0.5544762095204833}, "datetime": {"datetime": "2023-11-18 20:10:20", "elapsed": 4446.996825, "delta": 8.056414}},
{"target": 0.9214285714285715, "params": {"activation_function": 1.8781184322879136, "amount_of_layers": 4.393088836405966, "batch_size": 36.77536413996144, "dropout_rate": 0.5480769900047933, "epochs": 164.61024321869562, "hidden_channels": 92.70170183312135, "learning_rate": 0.09225232700608978, "optimizer": 1.992563812018493, "pooling_algorithm": 0.666094756300587}, "datetime": {"datetime": "2023-11-18 20:10:31", "elapsed": 4458.043709, "delta": 11.046884}},
{"target": 0.3392857142857143, "params": {"activation_function": 0.21229216020609698, "amount_of_layers": 7.682997922638146, "batch_size": 58.445349277068225, "dropout_rate": 0.46720771618686113, "epochs": 183.91957321185185, "hidden_channels": 100.60199891518585, "learning_rate": 0.02283381847381909, "optimizer": 0.9390561851685408, "pooling_algorithm": 0.3298102706384126}, "datetime": {"datetime": "2023-11-18 20:10:44", "elapsed": 4471.375669, "delta": 13.33196}},
{"target": 0.85, "params": {"activation_function": 1.5864298666520746, "amount_of_layers": 2.5445690779502907, "batch_size": 66.06828554665947, "dropout_rate": 0.36074795667261184, "epochs": 185.82886406729736, "hidden_channels": 35.68598571013776, "learning_rate": 0.05396951849713862, "optimizer": 0.8624135699438376, "pooling_algorithm": 0.6722299328702646}, "datetime": {"datetime": "2023-11-18 20:10:50", "elapsed": 4477.617385, "delta": 6.241716}},
{"target": 0.26964285714285713, "params": {"activation_function": 1.0499814041560345, "amount_of_layers": 5.859246259964745, "batch_size": 64.48633492368923, "dropout_rate": 0.3694445974462152, "epochs": 187.36907197409812, "hidden_channels": 30.68419468843113, "learning_rate": 0.09313896824567489, "optimizer": 0.8330087742720733, "pooling_algorithm": 0.34874943206508613}, "datetime": {"datetime": "2023-11-18 20:11:00", "elapsed": 4486.894158, "delta": 9.276773}},
{"target": 0.9035714285714286, "params": {"activation_function": 1.6274968709560387, "amount_of_layers": 5.045193814275258, "batch_size": 60.03567954972154, "dropout_rate": 0.5469198902750623, "epochs": 185.19069033317572, "hidden_channels": 99.94259153857499, "learning_rate": 0.0805717725662475, "optimizer": 0.8736120088282417, "pooling_algorithm": 0.5378317287462173}, "datetime": {"datetime": "2023-11-18 20:11:12", "elapsed": 4498.963859, "delta": 12.069701}},
{"target": 0.9089285714285714, "params": {"activation_function": 0.324865583022504, "amount_of_layers": 3.53827944828254, "batch_size": 136.47641846082905, "dropout_rate": 0.6467368820902764, "epochs": 197.2540961342664, "hidden_channels": 9.10666435146772, "learning_rate": 0.04580673001503944, "optimizer": 1.4165014775944267, "pooling_algorithm": 0.562847479372524}, "datetime": {"datetime": "2023-11-18 20:11:19", "elapsed": 4506.103901, "delta": 7.140042}},
{"target": 0.9035714285714286, "params": {"activation_function": 0.29155313991778686, "amount_of_layers": 4.525408250362892, "batch_size": 92.60654746015487, "dropout_rate": 0.40818330657271884, "epochs": 87.8416652065713, "hidden_channels": 65.72587900133308, "learning_rate": 0.04885912967680612, "optimizer": 0.13093644756901202, "pooling_algorithm": 0.691835257134402}, "datetime": {"datetime": "2023-11-18 20:11:23", "elapsed": 4510.435604, "delta": 4.331703}},
{"target": 0.8821428571428571, "params": {"activation_function": 1.6742800157648778, "amount_of_layers": 1.578183474456556, "batch_size": 67.03909823612543, "dropout_rate": 0.7417918306977687, "epochs": 185.5536329314002, "hidden_channels": 30.471845448617376, "learning_rate": 0.03740660978860202, "optimizer": 0.678622991860304, "pooling_algorithm": 0.9629375500349759}, "datetime": {"datetime": "2023-11-18 20:11:29", "elapsed": 4516.177407, "delta": 5.741803}},
{"target": 0.0, "params": {"activation_function": 1.5092285529246185, "amount_of_layers": 8.554712263310876, "batch_size": 122.43646114707518, "dropout_rate": 0.26572344025675343, "epochs": 153.86615226439326, "hidden_channels": 58.70829724286315, "learning_rate": 0.050117112992461695, "optimizer": 1.8031598372399888, "pooling_algorithm": 0.9191792220973083}, "datetime": {"datetime": "2023-11-18 20:11:37", "elapsed": 4524.548339, "delta": 8.370932}},
{"target": 0.8964285714285715, "params": {"activation_function": 1.8008293538637812, "amount_of_layers": 3.085716639919175, "batch_size": 128.86358591940393, "dropout_rate": 0.45868039074943606, "epochs": 160.7457363773366, "hidden_channels": 70.32981419355843, "learning_rate": 0.09804412268488696, "optimizer": 1.5994526236275162, "pooling_algorithm": 0.9812502878427675}, "datetime": {"datetime": "2023-11-18 20:11:43", "elapsed": 4530.785947, "delta": 6.237608}},
{"target": 0.9125000000000001, "params": {"activation_function": 0.3807735096684628, "amount_of_layers": 6.768477645000091, "batch_size": 16.121039984299678, "dropout_rate": 0.4068018598299254, "epochs": 194.5098059398622, "hidden_channels": 16.121872820729067, "learning_rate": 0.051348939368279396, "optimizer": 0.09324372126309166, "pooling_algorithm": 0.7709595420073574}, "datetime": {"datetime": "2023-11-18 20:11:59", "elapsed": 4545.834168, "delta": 15.048221}},
{"target": 0.9107142857142857, "params": {"activation_function": 1.0033138881960728, "amount_of_layers": 5.711996960490682, "batch_size": 124.83317693769301, "dropout_rate": 0.32661179893317194, "epochs": 160.75588760333278, "hidden_channels": 57.247624634148025, "learning_rate": 0.08907741305762516, "optimizer": 1.3963253039036645, "pooling_algorithm": 0.9924673978203482}, "datetime": {"datetime": "2023-11-18 20:12:06", "elapsed": 4553.73621, "delta": 7.902042}},
{"target": 0.26071428571428573, "params": {"activation_function": 1.6921012129750417, "amount_of_layers": 6.206435998944744, "batch_size": 24.637561686297808, "dropout_rate": 0.3977479452915586, "epochs": 190.9021880566689, "hidden_channels": 12.651523932124515, "learning_rate": 0.051224786423590116, "optimizer": 1.2331051159290094, "pooling_algorithm": 0.1715122940843915}, "datetime": {"datetime": "2023-11-18 20:12:19", "elapsed": 4566.718253, "delta": 12.982043}},
{"target": 0.9178571428571429, "params": {"activation_function": 1.5089217711977554, "amount_of_layers": 8.406469379215562, "batch_size": 66.18029417539276, "dropout_rate": 0.7172068578123888, "epochs": 189.43289276701992, "hidden_channels": 30.5918135592414, "learning_rate": 0.05957456274965834, "optimizer": 1.995938405602311, "pooling_algorithm": 0.7794389516531208}, "datetime": {"datetime": "2023-11-18 20:12:29", "elapsed": 4576.000457, "delta": 9.282204}},
{"target": 0.26249999999999996, "params": {"activation_function": 1.7950779965931367, "amount_of_layers": 5.975859686182071, "batch_size": 67.25338163226283, "dropout_rate": 0.2510037421612082, "epochs": 188.7472501658309, "hidden_channels": 32.4116588462892, "learning_rate": 0.07437662520398979, "optimizer": 0.6547988768391049, "pooling_algorithm": 0.3500341004418184}, "datetime": {"datetime": "2023-11-18 20:12:37", "elapsed": 4584.259704, "delta": 8.259247}},
{"target": 0.9017857142857143, "params": {"activation_function": 1.0230560094295233, "amount_of_layers": 3.740137327715253, "batch_size": 126.26095164720572, "dropout_rate": 0.4373344367541225, "epochs": 161.38101262938147, "hidden_channels": 69.52345894467175, "learning_rate": 0.04990384976027819, "optimizer": 0.7172298523749143, "pooling_algorithm": 0.7503536633549756}, "datetime": {"datetime": "2023-11-18 20:12:44", "elapsed": 4591.219589, "delta": 6.959885}},
{"target": 0.9053571428571427, "params": {"activation_function": 0.3741129191439485, "amount_of_layers": 2.638911700140266, "batch_size": 41.367695346106615, "dropout_rate": 0.5715451214790274, "epochs": 80.6659914001401, "hidden_channels": 76.89857355282722, "learning_rate": 0.04464393896015277, "optimizer": 1.2443479676470082, "pooling_algorithm": 0.993003794182151}, "datetime": {"datetime": "2023-11-18 20:12:49", "elapsed": 4595.849913, "delta": 4.630324}},
