{"target": 0.0, "params": {"activation_function": 1.9057754167235053, "amount_of_layers": 5.348923939553023, "batch_size": 35.82590719008661, "dropout_rate": 0.4631547341832225, "epochs": 149.4592928260571, "hidden_channels": 103.61900539531266, "learning_rate": 0.09772897006779985, "optimizer": 1.997680273271096, "pooling_algorithm": 0.39619251621222396}, "datetime": {"datetime": "2023-11-18 21:58:27", "elapsed": 10934.473276, "delta": 12.214371}},
{"target": 0.9125, "params": {"activation_function": 0.38207732949161866, "amount_of_layers": 5.018556064672359, "batch_size": 73.17623655050318, "dropout_rate": 0.684241345328104, "epochs": 188.13263045123267, "hidden_channels": 117.04939499796151, "learning_rate": 0.0956964267968878, "optimizer": 1.2726771306408295, "pooling_algorithm": 0.9961227598804927}, "datetime": {"datetime": "2023-11-18 21:58:41", "elapsed": 10948.300002, "delta": 13.826726}},
{"target": 0.7375, "params": {"activation_function": 1.1296453813786835, "amount_of_layers": 4.675040914534706, "batch_size": 33.82499416270494, "dropout_rate": 0.6499186154573391, "epochs": 29.151103295069586, "hidden_channels": 73.41428064034044, "learning_rate": 0.08079967795822904, "optimizer": 1.6235735400540605, "pooling_algorithm": 0.3585110344694902}, "datetime": {"datetime": "2023-11-18 21:58:47", "elapsed": 10954.442167, "delta": 6.142165}},
{"target": 0.875, "params": {"activation_function": 1.8636708068351369, "amount_of_layers": 6.112904596130904, "batch_size": 71.82314183989781, "dropout_rate": 0.732262015435436, "epochs": 77.08512076720227, "hidden_channels": 58.54818300036788, "learning_rate": 0.001, "optimizer": 1.8961811169219098, "pooling_algorithm": 0.9556111704822832}, "datetime": {"datetime": "2023-11-18 21:59:03", "elapsed": 10970.680653, "delta": 16.238486}},
{"target": 0.9089285714285714, "params": {"activation_function": 0.25009708991321067, "amount_of_layers": 5.6637118104587, "batch_size": 118.24600026171406, "dropout_rate": 0.7288186255937613, "epochs": 137.84502361144985, "hidden_channels": 32.3230769534681, "learning_rate": 0.1, "optimizer": 1.058233432910809, "pooling_algorithm": 1.0}, "datetime": {"datetime": "2023-11-18 21:59:20", "elapsed": 10987.18139, "delta": 16.500737}},
{"target": 0.8267857142857142, "params": {"activation_function": 0.9817726514603604, "amount_of_layers": 1.401980557867402, "batch_size": 40.59963728024883, "dropout_rate": 0.25737430357998947, "epochs": 76.34932134882364, "hidden_channels": 74.39926831976207, "learning_rate": 0.010746083059819327, "optimizer": 1.4549037210850562, "pooling_algorithm": 0.5635860711747583}, "datetime": {"datetime": "2023-11-18 21:59:36", "elapsed": 11003.030603, "delta": 15.849213}},
{"target": 0.8071428571428572, "params": {"activation_function": 0.03140569396216475, "amount_of_layers": 5.756299062399368, "batch_size": 63.13966788839995, "dropout_rate": 0.30496914811950004, "epochs": 59.15961542041855, "hidden_channels": 86.4696601413522, "learning_rate": 0.085168391202772, "optimizer": 0.38138760171374897, "pooling_algorithm": 0.25986607477928136}, "datetime": {"datetime": "2023-11-18 21:59:43", "elapsed": 11009.99569, "delta": 6.965087}},
{"target": 0.8071428571428572, "params": {"activation_function": 1.9465022383782022, "amount_of_layers": 8.475854866582338, "batch_size": 95.62707404959187, "dropout_rate": 0.6866073789416114, "epochs": 87.44339236012733, "hidden_channels": 71.45706371693015, "learning_rate": 0.02745480504677824, "optimizer": 0.3228443925409412, "pooling_algorithm": 0.11349682236352765}, "datetime": {"datetime": "2023-11-18 21:59:59", "elapsed": 11026.676582, "delta": 16.680892}},
{"target": 0.9053571428571429, "params": {"activation_function": 0.4032714581599861, "amount_of_layers": 8.732852074675987, "batch_size": 65.25069790053786, "dropout_rate": 0.547084710513474, "epochs": 47.577099470828024, "hidden_channels": 67.39412879852532, "learning_rate": 0.04209757180033676, "optimizer": 1.8454064502629295, "pooling_algorithm": 0.6165914263492606}, "datetime": {"datetime": "2023-11-18 22:00:06", "elapsed": 11033.261615, "delta": 6.585033}},
{"target": 0.7321428571428571, "params": {"activation_function": 1.516312710503295, "amount_of_layers": 6.377826066741121, "batch_size": 131.3764356107137, "dropout_rate": 0.26948390045455206, "epochs": 78.56322797428935, "hidden_channels": 122.45985526214518, "learning_rate": 0.06546018019427054, "optimizer": 1.8161756284535007, "pooling_algorithm": 0.4296654992604365}, "datetime": {"datetime": "2023-11-18 22:00:14", "elapsed": 11041.541365, "delta": 8.27975}},
{"target": 0.8071428571428572, "params": {"activation_function": 1.289555246097158, "amount_of_layers": 1.4966514177954062, "batch_size": 37.592437195015435, "dropout_rate": 0.5394720956349128, "epochs": 84.70177295955948, "hidden_channels": 76.10448858372362, "learning_rate": 0.048649085054669645, "optimizer": 1.397445332812692, "pooling_algorithm": 0.3211191747389964}, "datetime": {"datetime": "2023-11-18 22:00:21", "elapsed": 11047.878934, "delta": 6.337569}},
{"target": 0.7321428571428572, "params": {"activation_function": 0.9938637203258991, "amount_of_layers": 7.003233649686971, "batch_size": 16.35556211500595, "dropout_rate": 0.4497477738290307, "epochs": 194.9207993656349, "hidden_channels": 16.288042372310738, "learning_rate": 0.05834699372944723, "optimizer": 0.5578222450470638, "pooling_algorithm": 0.06368010447948047}, "datetime": {"datetime": "2023-11-18 22:00:48", "elapsed": 11075.259129, "delta": 27.380195}},
{"target": 0.7428571428571429, "params": {"activation_function": 1.594956167497258, "amount_of_layers": 3.252271684204495, "batch_size": 65.86471561495608, "dropout_rate": 0.41499436396411005, "epochs": 183.6253405131384, "hidden_channels": 37.56822326235162, "learning_rate": 0.04990520508693379, "optimizer": 1.886962690034097, "pooling_algorithm": 0.21762092641263953}, "datetime": {"datetime": "2023-11-18 22:01:09", "elapsed": 11096.122479, "delta": 20.86335}},
{"target": 0.9035714285714286, "params": {"activation_function": 1.7257715116330272, "amount_of_layers": 5.950192428067581, "batch_size": 59.85079014229093, "dropout_rate": 0.2849267506665013, "epochs": 182.04167548007365, "hidden_channels": 102.66137458871798, "learning_rate": 0.0708739831742815, "optimizer": 0.9144286457199635, "pooling_algorithm": 0.9370092977573778}, "datetime": {"datetime": "2023-11-18 22:01:28", "elapsed": 11115.282271, "delta": 19.159792}},
{"target": 0.9017857142857143, "params": {"activation_function": 0.9722524985960415, "amount_of_layers": 7.887084083672488, "batch_size": 90.20791127576977, "dropout_rate": 0.44086640125453147, "epochs": 90.42334022358008, "hidden_channels": 71.81859608312767, "learning_rate": 0.03403253893536327, "optimizer": 1.3509847992229134, "pooling_algorithm": 0.7080054106787005}, "datetime": {"datetime": "2023-11-18 22:01:45", "elapsed": 11132.090397, "delta": 16.808126}},
{"target": 0.7107142857142856, "params": {"activation_function": 0.4505599439391361, "amount_of_layers": 3.5456040683194177, "batch_size": 110.04517646591137, "dropout_rate": 0.4165005235308353, "epochs": 191.94799755205312, "hidden_channels": 22.711925526816554, "learning_rate": 0.040812276625543306, "optimizer": 1.1834832467431615, "pooling_algorithm": 0.2276651745873921}, "datetime": {"datetime": "2023-11-18 22:01:53", "elapsed": 11139.837332, "delta": 7.746935}},
{"target": 0.8285714285714285, "params": {"activation_function": 0.8562606928829148, "amount_of_layers": 2.61154383932715, "batch_size": 83.71680472929609, "dropout_rate": 0.518217712298763, "epochs": 93.46790102720674, "hidden_channels": 5.268469886099256, "learning_rate": 0.0761458000560376, "optimizer": 0.9697723748015157, "pooling_algorithm": 0.25916274669549866}, "datetime": {"datetime": "2023-11-18 22:01:58", "elapsed": 11145.660586, "delta": 5.823254}},
{"target": 0.31785714285714284, "params": {"activation_function": 1.8471465519346486, "amount_of_layers": 5.651668473668102, "batch_size": 69.67409561374294, "dropout_rate": 0.6663658938206842, "epochs": 17.778398946524316, "hidden_channels": 7.164101103619327, "learning_rate": 0.08205840298623548, "optimizer": 0.22895139216992466, "pooling_algorithm": 0.04602455518027804}, "datetime": {"datetime": "2023-11-18 22:02:03", "elapsed": 11150.246257, "delta": 4.585671}},
{"target": 0.8750000000000001, "params": {"activation_function": 1.5350393429853209, "amount_of_layers": 3.5151246299086063, "batch_size": 68.74367076917204, "dropout_rate": 0.38607428860870235, "epochs": 115.60404883019274, "hidden_channels": 65.70888958885644, "learning_rate": 0.041057996484069, "optimizer": 0.6570498654326167, "pooling_algorithm": 0.7963324328874025}, "datetime": {"datetime": "2023-11-18 22:02:11", "elapsed": 11158.215167, "delta": 7.96891}},
{"target": 0.9035714285714286, "params": {"activation_function": 0.14755544906711404, "amount_of_layers": 7.048838512801142, "batch_size": 44.11917711457832, "dropout_rate": 0.4438733749879938, "epochs": 21.373504089331544, "hidden_channels": 82.91028090434126, "learning_rate": 0.0522705394842668, "optimizer": 1.6165875798374287, "pooling_algorithm": 0.9214069217289662}, "datetime": {"datetime": "2023-11-18 22:02:16", "elapsed": 11163.469705, "delta": 5.254538}},
{"target": 0.8125, "params": {"activation_function": 0.09318169180082858, "amount_of_layers": 1.4176506926422814, "batch_size": 93.24684148432978, "dropout_rate": 0.5060765185615733, "epochs": 88.82659545897536, "hidden_channels": 66.91186074080778, "learning_rate": 0.05984564295909948, "optimizer": 0.4978450023467218, "pooling_algorithm": 0.317821265053304}, "datetime": {"datetime": "2023-11-18 22:02:26", "elapsed": 11173.198505, "delta": 9.7288}},
{"target": 0.5535714285714286, "params": {"activation_function": 0.09653395055851144, "amount_of_layers": 3.4822258126551002, "batch_size": 88.24455847966563, "dropout_rate": 0.6830966625417032, "epochs": 120.22084025352936, "hidden_channels": 69.41560012255738, "learning_rate": 0.05718313560672156, "optimizer": 0.5984191634139884, "pooling_algorithm": 0.3827256194096579}, "datetime": {"datetime": "2023-11-18 22:02:32", "elapsed": 11179.566086, "delta": 6.367581}},
{"target": 0.9089285714285714, "params": {"activation_function": 0.1322107231233034, "amount_of_layers": 2.1528879461486117, "batch_size": 131.13743739638147, "dropout_rate": 0.36045628611404734, "epochs": 57.18889641333933, "hidden_channels": 112.87287065317005, "learning_rate": 0.05490471724109978, "optimizer": 0.9845973710161877, "pooling_algorithm": 0.8731410691249094}, "datetime": {"datetime": "2023-11-18 22:02:37", "elapsed": 11184.514638, "delta": 4.948552}},
{"target": 0.6428571428571428, "params": {"activation_function": 0.33284920288522923, "amount_of_layers": 7.393250796482159, "batch_size": 133.9457242421616, "dropout_rate": 0.5272936533485806, "epochs": 77.5869579406216, "hidden_channels": 60.34036458109558, "learning_rate": 0.0696516151254731, "optimizer": 1.0537411140416937, "pooling_algorithm": 0.39215965526323915}, "datetime": {"datetime": "2023-11-18 22:02:44", "elapsed": 11191.416453, "delta": 6.901815}},
{"target": 0.7321428571428572, "params": {"activation_function": 1.2209288903475402, "amount_of_layers": 8.34133922040266, "batch_size": 75.97460235865962, "dropout_rate": 0.4359719735296523, "epochs": 181.9301590625579, "hidden_channels": 104.20337012132862, "learning_rate": 0.09371061824856072, "optimizer": 0.41629922957621557, "pooling_algorithm": 0.2638557199972299}, "datetime": {"datetime": "2023-11-18 22:02:59", "elapsed": 11205.861094, "delta": 14.444641}},
{"target": 0.7303571428571429, "params": {"activation_function": 0.6598385164639529, "amount_of_layers": 2.8729519101833816, "batch_size": 55.368490347772244, "dropout_rate": 0.28759471525776265, "epochs": 115.79726552380515, "hidden_channels": 35.94812787259466, "learning_rate": 0.09889467137500745, "optimizer": 0.759569720836194, "pooling_algorithm": 0.1354825517369438}, "datetime": {"datetime": "2023-11-18 22:03:12", "elapsed": 11219.531816, "delta": 13.670722}},
{"target": 0.9035714285714286, "params": {"activation_function": 0.8883732164584222, "amount_of_layers": 4.960415678299601, "batch_size": 18.672922247126255, "dropout_rate": 0.6659884656697069, "epochs": 30.59582241031074, "hidden_channels": 108.56252680433253, "learning_rate": 0.03261133520360834, "optimizer": 0.21777505284769916, "pooling_algorithm": 0.8657363871241138}, "datetime": {"datetime": "2023-11-18 22:03:30", "elapsed": 11237.585021, "delta": 18.053205}},
{"target": 0.7321428571428572, "params": {"activation_function": 0.2868285246222897, "amount_of_layers": 4.630380933372634, "batch_size": 65.5662351320006, "dropout_rate": 0.6712623045060777, "epochs": 110.0516793859644, "hidden_channels": 103.11142992284276, "learning_rate": 0.07703242386285537, "optimizer": 1.5198745816973787, "pooling_algorithm": 0.2368449016323696}, "datetime": {"datetime": "2023-11-18 22:03:40", "elapsed": 11246.976161, "delta": 9.39114}},
{"target": 0.9053571428571429, "params": {"activation_function": 1.3545788240990329, "amount_of_layers": 7.69140359825454, "batch_size": 114.99650609727502, "dropout_rate": 0.4666473310832492, "epochs": 196.12750119587335, "hidden_channels": 28.58933209174895, "learning_rate": 0.0824054992692773, "optimizer": 0.43041774293288815, "pooling_algorithm": 0.8935104879052771}, "datetime": {"datetime": "2023-11-18 22:03:50", "elapsed": 11257.56756, "delta": 10.591399}},
{"target": 0.26785714285714285, "params": {"activation_function": 0.6403155305952173, "amount_of_layers": 6.178910689313223, "batch_size": 65.54909616405207, "dropout_rate": 0.33090361181786965, "epochs": 186.596323980999, "hidden_channels": 34.11598926100704, "learning_rate": 0.08372717405755012, "optimizer": 0.9392854256767924, "pooling_algorithm": 0.19194012160401452}, "datetime": {"datetime": "2023-11-18 22:04:02", "elapsed": 11268.857273, "delta": 11.289713}},
{"target": 0.905357142857143, "params": {"activation_function": 1.4538185128881782, "amount_of_layers": 8.66284822310614, "batch_size": 52.540486765531085, "dropout_rate": 0.7318121056915443, "epochs": 180.30599830340296, "hidden_channels": 106.15492570989228, "learning_rate": 0.09431250757508004, "optimizer": 0.7368620363667879, "pooling_algorithm": 0.798027756223354}, "datetime": {"datetime": "2023-11-18 22:04:29", "elapsed": 11295.925399, "delta": 27.068126}},
{"target": 0.09285714285714286, "params": {"activation_function": 1.4297574384529108, "amount_of_layers": 3.357853340630496, "batch_size": 106.22987806378272, "dropout_rate": 0.4634086218535978, "epochs": 26.26216152162239, "hidden_channels": 26.324092588702104, "learning_rate": 0.005124691584782732, "optimizer": 0.37434983252150866, "pooling_algorithm": 0.8565206664940777}, "datetime": {"datetime": "2023-11-18 22:04:40", "elapsed": 11306.940476, "delta": 11.015077}},
{"target": 0.9071428571428571, "params": {"activation_function": 1.4325318300475667, "amount_of_layers": 8.050685672061494, "batch_size": 52.34357273052919, "dropout_rate": 0.6634571315443629, "epochs": 136.3024420811559, "hidden_channels": 101.14536324154044, "learning_rate": 0.0823008177849222, "optimizer": 0.3415574033677824, "pooling_algorithm": 0.5102399901054177}, "datetime": {"datetime": "2023-11-18 22:04:52", "elapsed": 11319.585818, "delta": 12.645342}},
{"target": 0.9142857142857143, "params": {"activation_function": 1.1899092650955625, "amount_of_layers": 6.540503931396008, "batch_size": 133.25876043067262, "dropout_rate": 0.42965196575861664, "epochs": 163.0517298598018, "hidden_channels": 75.60745055139316, "learning_rate": 0.016281848061295675, "optimizer": 1.4406276144086643, "pooling_algorithm": 0.5869323375782881}, "datetime": {"datetime": "2023-11-18 22:05:18", "elapsed": 11345.107228, "delta": 25.52141}},
{"target": 0.9142857142857144, "params": {"activation_function": 0.7665349170655489, "amount_of_layers": 4.072783566057816, "batch_size": 106.47095880505024, "dropout_rate": 0.33268948774640095, "epochs": 121.0540702542898, "hidden_channels": 99.40172615986702, "learning_rate": 0.06646970294390912, "optimizer": 0.7752291329892589, "pooling_algorithm": 0.8974970195791216}, "datetime": {"datetime": "2023-11-18 22:05:26", "elapsed": 11353.678494, "delta": 8.571266}},
{"target": 0.7714285714285714, "params": {"activation_function": 0.08680026682411546, "amount_of_layers": 4.701974605223716, "batch_size": 91.40756447243874, "dropout_rate": 0.2501668958921142, "epochs": 88.78618931933718, "hidden_channels": 68.24734169750454, "learning_rate": 0.0019386468644449746, "optimizer": 0.8854911616552794, "pooling_algorithm": 0.6446014707308031}, "datetime": {"datetime": "2023-11-18 22:05:41", "elapsed": 11367.936913, "delta": 14.258419}},
{"target": 0.8321428571428572, "params": {"activation_function": 0.050756663302668814, "amount_of_layers": 5.099773398927107, "batch_size": 49.96418763184856, "dropout_rate": 0.7134811684889687, "epochs": 95.37986370962633, "hidden_channels": 95.06904040495826, "learning_rate": 0.08091019126845722, "optimizer": 0.1208867204442936, "pooling_algorithm": 0.38916024909428704}, "datetime": {"datetime": "2023-11-18 22:05:49", "elapsed": 11376.205398, "delta": 8.268485}},
{"target": 0.0857142857142857, "params": {"activation_function": 1.916047849503663, "amount_of_layers": 6.185918957050274, "batch_size": 128.56449020471803, "dropout_rate": 0.5288855488990074, "epochs": 41.34850429027062, "hidden_channels": 43.9783409324864, "learning_rate": 0.06931475018030439, "optimizer": 0.9174187366009117, "pooling_algorithm": 0.9788323814589163}, "datetime": {"datetime": "2023-11-18 22:05:54", "elapsed": 11381.755997, "delta": 5.550599}},
{"target": 0.8071428571428572, "params": {"activation_function": 1.7195382054988764, "amount_of_layers": 1.7262225062955254, "batch_size": 31.748055168732783, "dropout_rate": 0.504884520764836, "epochs": 43.78529835337039, "hidden_channels": 47.66797519813854, "learning_rate": 0.05916528701005147, "optimizer": 0.224725354767493, "pooling_algorithm": 0.16105883605904692}, "datetime": {"datetime": "2023-11-18 22:06:01", "elapsed": 11387.89078, "delta": 6.134783}},
{"target": 0.9053571428571429, "params": {"activation_function": 0.27960074320479866, "amount_of_layers": 5.848182776396988, "batch_size": 73.28539137709896, "dropout_rate": 0.6439585866645106, "epochs": 25.677493284126164, "hidden_channels": 47.854164337792454, "learning_rate": 0.06346824207977438, "optimizer": 0.5745221166412307, "pooling_algorithm": 0.6353062974952873}, "datetime": {"datetime": "2023-11-18 22:06:05", "elapsed": 11392.715602, "delta": 4.824822}},
{"target": 0.9035714285714286, "params": {"activation_function": 1.8892242038308034, "amount_of_layers": 5.888292004824456, "batch_size": 78.7940717716912, "dropout_rate": 0.7101232457801878, "epochs": 130.8610739116483, "hidden_channels": 45.58092324223771, "learning_rate": 0.02985169125593822, "optimizer": 1.9990169136669946, "pooling_algorithm": 0.7372969347157401}, "datetime": {"datetime": "2023-11-18 22:06:14", "elapsed": 11401.257077, "delta": 8.541475}},
{"target": 0.9035714285714286, "params": {"activation_function": 1.4507881671257927, "amount_of_layers": 1.1231349354769895, "batch_size": 111.01787027354675, "dropout_rate": 0.7022509005821013, "epochs": 11.673202395419773, "hidden_channels": 76.37385923997223, "learning_rate": 0.0026135352800884873, "optimizer": 1.1258006529932036, "pooling_algorithm": 0.6032909493906048}, "datetime": {"datetime": "2023-11-18 22:06:18", "elapsed": 11405.773647, "delta": 4.51657}},
{"target": 0.9035714285714286, "params": {"activation_function": 0.9854651636390777, "amount_of_layers": 3.980787175954158, "batch_size": 73.61723052296756, "dropout_rate": 0.35203921261197446, "epochs": 79.4888979299251, "hidden_channels": 57.815864471871166, "learning_rate": 0.03585964710599853, "optimizer": 0.9102764677815505, "pooling_algorithm": 0.7984002566655829}, "datetime": {"datetime": "2023-11-18 22:06:26", "elapsed": 11413.231339, "delta": 7.457692}},
{"target": 0.7339285714285715, "params": {"activation_function": 0.9732959611780985, "amount_of_layers": 7.362063834460932, "batch_size": 133.08783700763735, "dropout_rate": 0.36344875613580974, "epochs": 46.183364759571006, "hidden_channels": 58.210392030627695, "learning_rate": 0.06527957659758238, "optimizer": 1.0977143646312244, "pooling_algorithm": 0.0926509039228447}, "datetime": {"datetime": "2023-11-18 22:06:41", "elapsed": 11428.068735, "delta": 14.837396}},
{"target": 0.13214285714285712, "params": {"activation_function": 0.4619843835162383, "amount_of_layers": 8.139028285006578, "batch_size": 85.10459200648708, "dropout_rate": 0.43879199431303245, "epochs": 113.46037971291747, "hidden_channels": 71.24496987576383, "learning_rate": 0.06552290713470683, "optimizer": 0.536104076390604, "pooling_algorithm": 0.14734731784882604}, "datetime": {"datetime": "2023-11-18 22:06:58", "elapsed": 11445.077465, "delta": 17.00873}},
{"target": 0.2714285714285714, "params": {"activation_function": 1.3203604410251133, "amount_of_layers": 7.828167228163594, "batch_size": 16.950929554294415, "dropout_rate": 0.35967023695448325, "epochs": 126.03359372059543, "hidden_channels": 34.39021059704224, "learning_rate": 0.06283355238790073, "optimizer": 0.9180675062585735, "pooling_algorithm": 0.16658032263171185}, "datetime": {"datetime": "2023-11-18 22:07:19", "elapsed": 11466.165414, "delta": 21.087949}},
{"target": 0.7392857142857143, "params": {"activation_function": 0.9809169918615228, "amount_of_layers": 6.562285373443819, "batch_size": 45.968482484679996, "dropout_rate": 0.6862108462689461, "epochs": 131.4488631913785, "hidden_channels": 63.545640567896875, "learning_rate": 0.0929708236956817, "optimizer": 0.2413185782642766, "pooling_algorithm": 0.04549237998603761}, "datetime": {"datetime": "2023-11-18 22:07:29", "elapsed": 11476.164634, "delta": 9.99922}},
