{"target": 0.8982142857142857, "params": {"activation_function": 1.018862218993904, "amount_of_layers": 6.108570443582795, "batch_size": 43.980500119427134, "dropout_rate": 0.5197236634020161, "epochs": 185.42864014180725, "hidden_channels": 108.73991104382392, "learning_rate": 0.09859324615773883, "optimizer": 1.0076506825100182, "pooling_algorithm": 0.9518874517087921}, "datetime": {"datetime": "2023-11-18 20:01:01", "elapsed": 3887.857437, "delta": 28.666784}},
{"target": 0.8035714285714286, "params": {"activation_function": 1.6318081124016552, "amount_of_layers": 6.669501022195842, "batch_size": 96.24223677388679, "dropout_rate": 0.5720840924975776, "epochs": 90.04545959557498, "hidden_channels": 69.14423858839176, "learning_rate": 0.08477715174840765, "optimizer": 0.09214144939418523, "pooling_algorithm": 0.07409566484465857}, "datetime": {"datetime": "2023-11-18 20:01:05", "elapsed": 3892.76821, "delta": 4.910773}},
{"target": 0.8375000000000001, "params": {"activation_function": 1.4614798130376099, "amount_of_layers": 1.2523959156660522, "batch_size": 67.80371460318615, "dropout_rate": 0.3112616354327348, "epochs": 184.8091231902818, "hidden_channels": 34.498788835395004, "learning_rate": 0.09751608401300217, "optimizer": 1.180485270550493, "pooling_algorithm": 0.2043615319454054}, "datetime": {"datetime": "2023-11-18 20:01:10", "elapsed": 3897.202496, "delta": 4.434286}},
{"target": 0.7357142857142857, "params": {"activation_function": 1.0615193111853254, "amount_of_layers": 4.2078257101987795, "batch_size": 95.99226059822432, "dropout_rate": 0.34547792388131715, "epochs": 84.42258181583914, "hidden_channels": 71.73705312482927, "learning_rate": 0.09154777328837711, "optimizer": 0.1537225515862779, "pooling_algorithm": 0.260298664364609}, "datetime": {"datetime": "2023-11-18 20:01:14", "elapsed": 3900.986371, "delta": 3.783875}},
{"target": 0.9, "params": {"activation_function": 1.2568369956068683, "amount_of_layers": 7.6763437566459025, "batch_size": 66.70835536316628, "dropout_rate": 0.7356411879879953, "epochs": 184.71722005786455, "hidden_channels": 36.18963583174761, "learning_rate": 0.06926474405118321, "optimizer": 1.0171931875118956, "pooling_algorithm": 0.5961280352393852}, "datetime": {"datetime": "2023-11-18 20:01:22", "elapsed": 3909.691286, "delta": 8.704915}},
{"target": 0.7303571428571429, "params": {"activation_function": 0.7678256427184782, "amount_of_layers": 7.912161993010636, "batch_size": 77.7334493632075, "dropout_rate": 0.6375410052036687, "epochs": 136.8572481444977, "hidden_channels": 57.04670290817273, "learning_rate": 0.09394756318253515, "optimizer": 1.3632769263735494, "pooling_algorithm": 0.12076874787260872}, "datetime": {"datetime": "2023-11-18 20:01:29", "elapsed": 3916.509467, "delta": 6.818181}},
{"target": 0.7339285714285715, "params": {"activation_function": 0.950533529008575, "amount_of_layers": 2.918986454149848, "batch_size": 67.22973630024114, "dropout_rate": 0.3950494922218525, "epochs": 186.7593040199848, "hidden_channels": 32.57730109000626, "learning_rate": 0.053853272886361915, "optimizer": 0.772930158897166, "pooling_algorithm": 0.09231170056095006}, "datetime": {"datetime": "2023-11-18 20:01:35", "elapsed": 3922.320754, "delta": 5.811287}},
{"target": 0.9035714285714286, "params": {"activation_function": 0.1295845260769981, "amount_of_layers": 5.426734918755332, "batch_size": 64.17823193972374, "dropout_rate": 0.7497186905770594, "epochs": 190.04718332033124, "hidden_channels": 31.342687256903407, "learning_rate": 0.0033579636418287575, "optimizer": 0.021101152775878873, "pooling_algorithm": 0.6317375146410341}, "datetime": {"datetime": "2023-11-18 20:01:42", "elapsed": 3929.451556, "delta": 7.130802}},
{"target": 0.0, "params": {"activation_function": 1.942069505149538, "amount_of_layers": 3.6920446239461633, "batch_size": 93.88090213033931, "dropout_rate": 0.5750056146028699, "epochs": 86.86376416185892, "hidden_channels": 71.27974298477459, "learning_rate": 0.0674885102111248, "optimizer": 0.36199446880316355, "pooling_algorithm": 0.5166144050085956}, "datetime": {"datetime": "2023-11-18 20:01:46", "elapsed": 3933.447028, "delta": 3.995472}},
{"target": 0.9071428571428571, "params": {"activation_function": 1.067432922749965, "amount_of_layers": 3.3553631743917816, "batch_size": 66.81540827574861, "dropout_rate": 0.44510341540128096, "epochs": 185.76588872007756, "hidden_channels": 36.14632437071322, "learning_rate": 0.013226197792513328, "optimizer": 0.5699286347105283, "pooling_algorithm": 0.8252366929752415}, "datetime": {"datetime": "2023-11-18 20:01:53", "elapsed": 3940.247102, "delta": 6.800074}},
{"target": 0.26071428571428573, "params": {"activation_function": 0.8122265047127635, "amount_of_layers": 8.217213948293647, "batch_size": 65.064342104595, "dropout_rate": 0.48839436383063667, "epochs": 187.884202840577, "hidden_channels": 31.753444679409327, "learning_rate": 0.007035656758114526, "optimizer": 0.029736437811919814, "pooling_algorithm": 0.49319052947204267}, "datetime": {"datetime": "2023-11-18 20:02:02", "elapsed": 3949.53113, "delta": 9.284028}},
{"target": 0.7339285714285715, "params": {"activation_function": 0.6876003633477705, "amount_of_layers": 3.2150263241986465, "batch_size": 127.81474579257463, "dropout_rate": 0.32169349649383366, "epochs": 166.4004823178152, "hidden_channels": 72.49910192176145, "learning_rate": 0.037227723993280934, "optimizer": 1.7501280574793574, "pooling_algorithm": 0.02856649837264258}, "datetime": {"datetime": "2023-11-18 20:02:08", "elapsed": 3955.082685, "delta": 5.551555}},
{"target": 0.6607142857142857, "params": {"activation_function": 0.02800898207156388, "amount_of_layers": 8.81438294385236, "batch_size": 16.538291842609702, "dropout_rate": 0.6412000403766099, "epochs": 188.70079795725405, "hidden_channels": 15.553952834278975, "learning_rate": 0.04511456098356967, "optimizer": 1.2423829426293895, "pooling_algorithm": 0.35461135291206314}, "datetime": {"datetime": "2023-11-18 20:02:24", "elapsed": 3971.77277, "delta": 16.690085}},
{"target": 0.26428571428571435, "params": {"activation_function": 1.8595388181981478, "amount_of_layers": 6.66708391183635, "batch_size": 60.03575193380004, "dropout_rate": 0.5549368625937698, "epochs": 180.840854867394, "hidden_channels": 101.3729564751179, "learning_rate": 0.03366919589525195, "optimizer": 0.8292490940667239, "pooling_algorithm": 0.22489680668058554}, "datetime": {"datetime": "2023-11-18 20:02:36", "elapsed": 3983.61258, "delta": 11.83981}},
{"target": 0.7321428571428572, "params": {"activation_function": 0.9377126714099615, "amount_of_layers": 5.800316583992005, "batch_size": 68.77195313000797, "dropout_rate": 0.3976815093933881, "epochs": 186.35417746467843, "hidden_channels": 30.421161352656, "learning_rate": 0.06746851278215835, "optimizer": 1.6228887511888939, "pooling_algorithm": 0.051709791348312995}, "datetime": {"datetime": "2023-11-18 20:02:44", "elapsed": 3990.831967, "delta": 7.219387}},
{"target": 0.8964285714285715, "params": {"activation_function": 1.8164457158636709, "amount_of_layers": 5.31752246623512, "batch_size": 96.10932204229162, "dropout_rate": 0.35773561837528706, "epochs": 90.71948409481566, "hidden_channels": 67.71188092579882, "learning_rate": 0.006966468336378762, "optimizer": 0.03191353128355079, "pooling_algorithm": 0.8278962039144991}, "datetime": {"datetime": "2023-11-18 20:02:47", "elapsed": 3994.813264, "delta": 3.981297}},
{"target": 0.7464285714285714, "params": {"activation_function": 0.6875738117902981, "amount_of_layers": 3.1684328192948126, "batch_size": 67.52967624988304, "dropout_rate": 0.44617559804677354, "epochs": 187.36594652550588, "hidden_channels": 34.69054067545008, "learning_rate": 0.010679151185504693, "optimizer": 1.8213155739283735, "pooling_algorithm": 0.06215112080983398}, "datetime": {"datetime": "2023-11-18 20:02:53", "elapsed": 4000.183329, "delta": 5.370065}},
{"target": 0.9071428571428573, "params": {"activation_function": 0.9355130622680894, "amount_of_layers": 7.118955484709628, "batch_size": 64.81738790731032, "dropout_rate": 0.729236341882027, "epochs": 186.06517418464313, "hidden_channels": 38.31310171282921, "learning_rate": 0.005361846262961665, "optimizer": 1.3316881628540913, "pooling_algorithm": 0.5099745805342861}, "datetime": {"datetime": "2023-11-18 20:03:02", "elapsed": 4009.048491, "delta": 8.865162}},
{"target": 0.9089285714285714, "params": {"activation_function": 1.3732846992056371, "amount_of_layers": 7.750501924645815, "batch_size": 124.68364620472737, "dropout_rate": 0.29856659753928627, "epochs": 155.4193600829785, "hidden_channels": 60.20564811886351, "learning_rate": 0.0893321764997095, "optimizer": 0.9082138499985228, "pooling_algorithm": 0.6155579910603138}, "datetime": {"datetime": "2023-11-18 20:03:10", "elapsed": 4017.279745, "delta": 8.231254}},
{"target": 0.9142857142857143, "params": {"activation_function": 0.9669207574431863, "amount_of_layers": 8.95678258015148, "batch_size": 16.69759054898842, "dropout_rate": 0.25, "epochs": 190.38140952055434, "hidden_channels": 14.266121453656021, "learning_rate": 0.1, "optimizer": 1.394504840411745, "pooling_algorithm": 1.0}, "datetime": {"datetime": "2023-11-18 20:03:28", "elapsed": 4035.241254, "delta": 17.961509}},
{"target": 0.9071428571428571, "params": {"activation_function": 1.3053460271769675, "amount_of_layers": 6.686699553530484, "batch_size": 91.6343327518143, "dropout_rate": 0.2729473473708721, "epochs": 87.01443761692518, "hidden_channels": 67.31980807261547, "learning_rate": 0.009011252187107022, "optimizer": 1.1341334641875662, "pooling_algorithm": 0.8451550915453324}, "datetime": {"datetime": "2023-11-18 20:03:33", "elapsed": 4039.954449, "delta": 4.713195}},
{"target": 0.905357142857143, "params": {"activation_function": 0.20601547876871723, "amount_of_layers": 6.131244351320435, "batch_size": 23.536395112856507, "dropout_rate": 0.7371416747672679, "epochs": 188.8408027860119, "hidden_channels": 12.507153606430078, "learning_rate": 0.08208881452233002, "optimizer": 0.6389312608010422, "pooling_algorithm": 0.9820596556584625}, "datetime": {"datetime": "2023-11-18 20:03:45", "elapsed": 4052.070692, "delta": 12.116243}},
{"target": 0.8250000000000001, "params": {"activation_function": 1.9843490563333295, "amount_of_layers": 6.317056264209085, "batch_size": 92.22987265206997, "dropout_rate": 0.5418631363923048, "epochs": 85.24418547323343, "hidden_channels": 65.39636044099731, "learning_rate": 0.08066467133140826, "optimizer": 1.3173392145773712, "pooling_algorithm": 0.7897628307956848}, "datetime": {"datetime": "2023-11-18 20:03:49", "elapsed": 4056.766637, "delta": 4.695945}},
{"target": 0.7107142857142856, "params": {"activation_function": 1.4812972498836978, "amount_of_layers": 2.083035584454948, "batch_size": 96.15902750270325, "dropout_rate": 0.5370008071106995, "epochs": 93.02442517512132, "hidden_channels": 67.04914586046573, "learning_rate": 0.03349584677301547, "optimizer": 1.8850968471027565, "pooling_algorithm": 0.059675824979781855}, "datetime": {"datetime": "2023-11-18 20:03:53", "elapsed": 4060.014898, "delta": 3.248261}},
{"target": 0.0, "params": {"activation_function": 0.45797388331963784, "amount_of_layers": 7.89349798597916, "batch_size": 45.99083574250149, "dropout_rate": 0.31582948701998514, "epochs": 186.05276235841023, "hidden_channels": 108.64230210959381, "learning_rate": 0.07386266821598302, "optimizer": 1.905532990076319, "pooling_algorithm": 0.44293148931921233}, "datetime": {"datetime": "2023-11-18 20:04:07", "elapsed": 4073.888001, "delta": 13.873103}},
{"target": 0.9071428571428571, "params": {"activation_function": 0.5169228744004966, "amount_of_layers": 7.469330385628539, "batch_size": 92.43286940917088, "dropout_rate": 0.42136983564898317, "epochs": 88.00842318808955, "hidden_channels": 66.68257331748507, "learning_rate": 0.0807170404075552, "optimizer": 0.5253371850411679, "pooling_algorithm": 0.6753544528606785}, "datetime": {"datetime": "2023-11-18 20:04:12", "elapsed": 4079.001018, "delta": 5.113017}},
{"target": 0.9089285714285715, "params": {"activation_function": 1.0647010671758517, "amount_of_layers": 4.306976373560812, "batch_size": 90.37358627291471, "dropout_rate": 0.3875645847735414, "epochs": 87.7644667723341, "hidden_channels": 67.65460407774964, "learning_rate": 0.0890978037643305, "optimizer": 0.9786185114235397, "pooling_algorithm": 0.6169008999288255}, "datetime": {"datetime": "2023-11-18 20:04:16", "elapsed": 4082.950373, "delta": 3.949355}},
{"target": 0.26964285714285713, "params": {"activation_function": 0.7031990278847582, "amount_of_layers": 8.678861905911699, "batch_size": 59.657850567455604, "dropout_rate": 0.39788661305173534, "epochs": 187.17661188465465, "hidden_channels": 101.36424534440208, "learning_rate": 0.024601134049627264, "optimizer": 1.3629949295349946, "pooling_algorithm": 0.18520840718387044}, "datetime": {"datetime": "2023-11-18 20:04:30", "elapsed": 4096.866944, "delta": 13.916571}},
{"target": 0.75, "params": {"activation_function": 1.5821343691083827, "amount_of_layers": 6.21154061752627, "batch_size": 95.8676971627301, "dropout_rate": 0.4807447893383192, "epochs": 90.02180675746023, "hidden_channels": 67.9728514878071, "learning_rate": 0.010418735096210625, "optimizer": 1.265274032391395, "pooling_algorithm": 0.10633978307743952}, "datetime": {"datetime": "2023-11-18 20:04:35", "elapsed": 4102.64007, "delta": 5.773126}},
{"target": 0.9071428571428571, "params": {"activation_function": 0.9717532629155246, "amount_of_layers": 5.425496011197275, "batch_size": 94.9026924591915, "dropout_rate": 0.4292638512134352, "epochs": 90.33042328904364, "hidden_channels": 69.07827432452605, "learning_rate": 0.0626685321768818, "optimizer": 1.7594834371106254, "pooling_algorithm": 0.67603683785444}, "datetime": {"datetime": "2023-11-18 20:04:40", "elapsed": 4107.269203, "delta": 4.629133}},
{"target": 0.2785714285714286, "params": {"activation_function": 1.204725837541758, "amount_of_layers": 3.514848965121404, "batch_size": 93.01129989781644, "dropout_rate": 0.7181416821514299, "epochs": 88.02700015398985, "hidden_channels": 64.48175084310213, "learning_rate": 0.08514055994367048, "optimizer": 0.45410086295867624, "pooling_algorithm": 0.21173009328808812}, "datetime": {"datetime": "2023-11-18 20:04:44", "elapsed": 4111.050513, "delta": 3.78131}},
{"target": 0.7571428571428571, "params": {"activation_function": 0.3471671300432262, "amount_of_layers": 6.858053413758604, "batch_size": 16.66385610869243, "dropout_rate": 0.706653586535807, "epochs": 196.8600853893487, "hidden_channels": 15.277190304773328, "learning_rate": 0.016081727160160545, "optimizer": 1.9977025514107518, "pooling_algorithm": 0.07988767023047039}, "datetime": {"datetime": "2023-11-18 20:04:59", "elapsed": 4126.717616, "delta": 15.667103}},
{"target": 0.7321428571428572, "params": {"activation_function": 1.486845549826198, "amount_of_layers": 7.952973645300636, "batch_size": 122.57672822676192, "dropout_rate": 0.38007083971369926, "epochs": 154.56209219964, "hidden_channels": 60.419846045533255, "learning_rate": 0.0723169753705462, "optimizer": 0.6202998671629951, "pooling_algorithm": 0.1548774883379509}, "datetime": {"datetime": "2023-11-18 20:05:07", "elapsed": 4134.537246, "delta": 7.81963}},
{"target": 0.7071428571428572, "params": {"activation_function": 0.009885362389677521, "amount_of_layers": 3.4844017356812618, "batch_size": 63.86964304703981, "dropout_rate": 0.5784975012917731, "epochs": 183.73694755928912, "hidden_channels": 37.134409327615394, "learning_rate": 0.07675649022514733, "optimizer": 1.9256681077461935, "pooling_algorithm": 0.36457015962297434}, "datetime": {"datetime": "2023-11-18 20:05:13", "elapsed": 4140.000097, "delta": 5.462851}},
{"target": 0.8232142857142858, "params": {"activation_function": 0.07304079807994546, "amount_of_layers": 1.2023761485942943, "batch_size": 68.28425341995828, "dropout_rate": 0.579365989181299, "epochs": 185.00217563400273, "hidden_channels": 32.25151351664684, "learning_rate": 0.027727093933523524, "optimizer": 0.666543037321893, "pooling_algorithm": 0.6904438993684668}, "datetime": {"datetime": "2023-11-18 20:05:17", "elapsed": 4144.442797, "delta": 4.4427}},
{"target": 0.7392857142857143, "params": {"activation_function": 1.9521289039787917, "amount_of_layers": 5.829858945245369, "batch_size": 94.37093928146948, "dropout_rate": 0.27038176679923276, "epochs": 89.33465964626417, "hidden_channels": 74.00148106181683, "learning_rate": 0.03668637264648651, "optimizer": 1.223510021911426, "pooling_algorithm": 0.28111300567513353}, "datetime": {"datetime": "2023-11-18 20:05:22", "elapsed": 4149.241049, "delta": 4.798252}},
{"target": 0.8392857142857142, "params": {"activation_function": 0.8807769306449251, "amount_of_layers": 1.7650584639994664, "batch_size": 64.1671078084763, "dropout_rate": 0.75, "epochs": 187.05847008485864, "hidden_channels": 32.38919500173986, "learning_rate": 0.09008119081511536, "optimizer": 2.0, "pooling_algorithm": 1.0}, "datetime": {"datetime": "2023-11-18 20:05:27", "elapsed": 4154.058095, "delta": 4.817046}},
{"target": 0.9142857142857143, "params": {"activation_function": 1.0179319410643732, "amount_of_layers": 6.845888725182512, "batch_size": 58.166887548595604, "dropout_rate": 0.31329006580313873, "epochs": 183.5886811592023, "hidden_channels": 100.78934730501052, "learning_rate": 0.01156216288229625, "optimizer": 1.950618147483121, "pooling_algorithm": 0.5755864745415072}, "datetime": {"datetime": "2023-11-18 20:05:38", "elapsed": 4165.195205, "delta": 11.13711}},
{"target": 0.9125, "params": {"activation_function": 0.8990490742829031, "amount_of_layers": 8.452827922983364, "batch_size": 60.97527787316333, "dropout_rate": 0.3572928191972786, "epochs": 183.97968351120284, "hidden_channels": 101.3775012086155, "learning_rate": 0.006926648765506188, "optimizer": 0.9009260968095889, "pooling_algorithm": 0.5940641664675478}, "datetime": {"datetime": "2023-11-18 20:05:51", "elapsed": 4178.262388, "delta": 13.067183}},
{"target": 0.20714285714285713, "params": {"activation_function": 0.9496230904503979, "amount_of_layers": 5.643990153867204, "batch_size": 95.43905953485547, "dropout_rate": 0.644832044630663, "epochs": 90.48399226356526, "hidden_channels": 69.51536956112797, "learning_rate": 0.07365737442520026, "optimizer": 0.021989040411642957, "pooling_algorithm": 0.29447537230443444}, "datetime": {"datetime": "2023-11-18 20:05:56", "elapsed": 4182.857298, "delta": 4.59491}},
{"target": 0.9053571428571429, "params": {"activation_function": 0.2586276744711946, "amount_of_layers": 8.7196347671058, "batch_size": 16.532134361174823, "dropout_rate": 0.6280112015045523, "epochs": 191.6703225407254, "hidden_channels": 16.260960551697906, "learning_rate": 0.03141632806827122, "optimizer": 1.9729224408180523, "pooling_algorithm": 0.784467417972867}, "datetime": {"datetime": "2023-11-18 20:06:12", "elapsed": 4198.841676, "delta": 15.984378}},
{"target": 0.9125, "params": {"activation_function": 1.1201588867814891, "amount_of_layers": 7.233690600321299, "batch_size": 127.63865409462906, "dropout_rate": 0.6929331074123227, "epochs": 47.99786440473696, "hidden_channels": 32.98364552957962, "learning_rate": 0.07128829477030847, "optimizer": 0.8256883265273316, "pooling_algorithm": 0.6206328928488646}, "datetime": {"datetime": "2023-11-18 20:06:14", "elapsed": 4201.695931, "delta": 2.854255}},
{"target": 0.7410714285714286, "params": {"activation_function": 1.0856002070597992, "amount_of_layers": 1.7536924991468243, "batch_size": 129.15368373409922, "dropout_rate": 0.3080786622830526, "epochs": 160.51146499103305, "hidden_channels": 71.10776346340148, "learning_rate": 0.055705427946417155, "optimizer": 1.715344925203417, "pooling_algorithm": 0.4662462067542372}, "datetime": {"datetime": "2023-11-18 20:06:19", "elapsed": 4206.673102, "delta": 4.977171}},
{"target": 0.7321428571428572, "params": {"activation_function": 0.8092174219863713, "amount_of_layers": 1.5441473196038915, "batch_size": 120.7559052316453, "dropout_rate": 0.4468844623151622, "epochs": 157.41223930423988, "hidden_channels": 60.815905014854586, "learning_rate": 0.05812331211417003, "optimizer": 0.25651492003533605, "pooling_algorithm": 0.17156399932629096}, "datetime": {"datetime": "2023-11-18 20:06:24", "elapsed": 4211.391427, "delta": 4.718325}},
{"target": 0.8982142857142857, "params": {"activation_function": 0.22241872233698579, "amount_of_layers": 6.818253538475015, "batch_size": 94.74842970894673, "dropout_rate": 0.532050273880483, "epochs": 88.59720421512517, "hidden_channels": 69.85203951635206, "learning_rate": 0.0843715511636817, "optimizer": 1.871226937079217, "pooling_algorithm": 0.8806972423648272}, "datetime": {"datetime": "2023-11-18 20:06:29", "elapsed": 4216.373805, "delta": 4.982378}},
{"target": 0.26607142857142857, "params": {"activation_function": 0.9404827453457059, "amount_of_layers": 8.787829114367678, "batch_size": 123.79052381725509, "dropout_rate": 0.6824397471624323, "epochs": 152.62344841171713, "hidden_channels": 60.020059620548516, "learning_rate": 0.013176672554901316, "optimizer": 1.1509759580878964, "pooling_algorithm": 0.3272334498066042}, "datetime": {"datetime": "2023-11-18 20:06:37", "elapsed": 4224.746393, "delta": 8.372588}},
{"target": 0.8357142857142857, "params": {"activation_function": 1.0222969956499168, "amount_of_layers": 3.1574732672924837, "batch_size": 135.95093709916063, "dropout_rate": 0.26602003054705237, "epochs": 196.4495507687685, "hidden_channels": 9.387838158376766, "learning_rate": 0.03446570665427762, "optimizer": 1.1628238556978825, "pooling_algorithm": 0.49158333381869623}, "datetime": {"datetime": "2023-11-18 20:06:42", "elapsed": 4229.56264, "delta": 4.816247}},
