{"target": 0.9160714285714285, "params": {"activation_function": 0.6534980451784125, "amount_of_layers": 4.365340025876783, "batch_size": 69.15618384852289, "dropout_rate": 0.6532428630403041, "epochs": 71.44711240317395, "hidden_channels": 54.203853009722884, "learning_rate": 0.04164370164839992, "optimizer": 1.252004624932156, "pooling_algorithm": 0.9832595666421697}, "datetime": {"datetime": "2023-11-19 02:36:17", "elapsed": 27604.613246, "delta": 34.851617}},
{"target": 0.7678571428571428, "params": {"activation_function": 1.549187236223218, "amount_of_layers": 7.343805495148502, "batch_size": 65.45559606586285, "dropout_rate": 0.3042326091158201, "epochs": 18.83747699244504, "hidden_channels": 16.94426150747805, "learning_rate": 0.0470579103680863, "optimizer": 0.15814306631550124, "pooling_algorithm": 0.2619053395130273}, "datetime": {"datetime": "2023-11-19 02:36:28", "elapsed": 27615.017665, "delta": 10.404419}},
{"target": 0.6392857142857142, "params": {"activation_function": 0.2538720262763883, "amount_of_layers": 3.915087414627104, "batch_size": 103.77281959632784, "dropout_rate": 0.4081056442440494, "epochs": 164.9880168855248, "hidden_channels": 40.02872056459198, "learning_rate": 0.08368618859406729, "optimizer": 0.7088631938755952, "pooling_algorithm": 0.3070965872819651}, "datetime": {"datetime": "2023-11-19 02:36:43", "elapsed": 27630.43361, "delta": 15.415945}},
{"target": 0.9035714285714286, "params": {"activation_function": 1.227446478085295, "amount_of_layers": 1.5173786825412847, "batch_size": 113.93393492762452, "dropout_rate": 0.41167788678458156, "epochs": 73.76080414586906, "hidden_channels": 61.20323604412813, "learning_rate": 0.05197345346966978, "optimizer": 0.6047187756618531, "pooling_algorithm": 0.7443251699535144}, "datetime": {"datetime": "2023-11-19 02:37:22", "elapsed": 27669.478026, "delta": 39.044416}},
{"target": 0.8821428571428572, "params": {"activation_function": 0.4517055677238755, "amount_of_layers": 4.396601573165327, "batch_size": 109.82584025347778, "dropout_rate": 0.5740890208325863, "epochs": 129.9615721170208, "hidden_channels": 113.01575354730512, "learning_rate": 0.004752703471008224, "optimizer": 1.9119615161352201, "pooling_algorithm": 0.6145104681257224}, "datetime": {"datetime": "2023-11-19 02:37:37", "elapsed": 27684.757424, "delta": 15.279398}},
{"target": 0.7339285714285715, "params": {"activation_function": 0.8480853639039665, "amount_of_layers": 7.171712098911354, "batch_size": 68.3694510483713, "dropout_rate": 0.359488827013719, "epochs": 187.2454717987088, "hidden_channels": 31.669882568470513, "learning_rate": 0.0516781279035215, "optimizer": 1.4687246077425335, "pooling_algorithm": 0.33816585956872136}, "datetime": {"datetime": "2023-11-19 02:38:24", "elapsed": 27731.377019, "delta": 46.619595}},
{"target": 0.9053571428571429, "params": {"activation_function": 0.38798477432089284, "amount_of_layers": 8.830615624960153, "batch_size": 63.72455422373084, "dropout_rate": 0.4043846690314399, "epochs": 183.4671082099057, "hidden_channels": 105.67785819903033, "learning_rate": 0.060050090429569554, "optimizer": 1.4897809397529114, "pooling_algorithm": 0.562811058846932}, "datetime": {"datetime": "2023-11-19 02:39:32", "elapsed": 27798.866944, "delta": 67.489925}},
{"target": 0.7375, "params": {"activation_function": 0.39470782986854314, "amount_of_layers": 7.322734937878732, "batch_size": 43.3872579490026, "dropout_rate": 0.32211693761543414, "epochs": 175.68653723542823, "hidden_channels": 17.5677243688129, "learning_rate": 0.027849928252755868, "optimizer": 1.7032614005484734, "pooling_algorithm": 0.1861268659728722}, "datetime": {"datetime": "2023-11-19 02:39:47", "elapsed": 27814.05356, "delta": 15.186616}},
{"target": 0.6535714285714286, "params": {"activation_function": 1.9582554700318204, "amount_of_layers": 3.3815508450081895, "batch_size": 86.06871485688939, "dropout_rate": 0.6326272426309599, "epochs": 174.53562036964564, "hidden_channels": 83.20633590357578, "learning_rate": 0.02915563206504475, "optimizer": 1.796940975318787, "pooling_algorithm": 0.6494206397288599}, "datetime": {"datetime": "2023-11-19 02:40:24", "elapsed": 27851.207777, "delta": 37.154217}},
{"target": 0.23928571428571427, "params": {"activation_function": 0.32187467685605253, "amount_of_layers": 3.843297889960593, "batch_size": 63.6627419771278, "dropout_rate": 0.7120754731689647, "epochs": 185.1761991284263, "hidden_channels": 35.71023577422204, "learning_rate": 0.09541816595465342, "optimizer": 0.6344350802787011, "pooling_algorithm": 0.43768235512753473}, "datetime": {"datetime": "2023-11-19 02:41:16", "elapsed": 27903.514894, "delta": 52.307117}},
{"target": 0.7392857142857143, "params": {"activation_function": 1.334377667499321, "amount_of_layers": 5.49969699210584, "batch_size": 85.27544971594583, "dropout_rate": 0.7354615042939843, "epochs": 140.57447439505071, "hidden_channels": 40.34605453448619, "learning_rate": 0.0023115108863133544, "optimizer": 0.2519193701992746, "pooling_algorithm": 0.05013552025432488}, "datetime": {"datetime": "2023-11-19 02:41:32", "elapsed": 27919.48742, "delta": 15.972526}},
{"target": 0.7392857142857143, "params": {"activation_function": 0.8492170164990487, "amount_of_layers": 7.06427284256357, "batch_size": 25.512986026891127, "dropout_rate": 0.492491335535618, "epochs": 138.22259605183257, "hidden_channels": 117.69504663237839, "learning_rate": 0.053134437359091916, "optimizer": 0.09871170313274891, "pooling_algorithm": 0.2919073693634203}, "datetime": {"datetime": "2023-11-19 02:41:52", "elapsed": 27939.359993, "delta": 19.872573}},
{"target": 0.725, "params": {"activation_function": 0.8415130494685665, "amount_of_layers": 3.986980103464459, "batch_size": 19.000282217616448, "dropout_rate": 0.32966349824024566, "epochs": 95.6107653842953, "hidden_channels": 126.14232717322011, "learning_rate": 0.04577073909743497, "optimizer": 1.031130271667857, "pooling_algorithm": 0.14160524171579092}, "datetime": {"datetime": "2023-11-19 02:42:10", "elapsed": 27957.339349, "delta": 17.979356}},
{"target": 0.9053571428571429, "params": {"activation_function": 1.4328320748453627, "amount_of_layers": 6.38701217325785, "batch_size": 75.47453212957569, "dropout_rate": 0.7411241697808084, "epochs": 92.61113148678153, "hidden_channels": 51.81359570533617, "learning_rate": 0.06643494099183421, "optimizer": 1.4237149174119912, "pooling_algorithm": 0.9505562634998044}, "datetime": {"datetime": "2023-11-19 02:42:56", "elapsed": 28003.174742, "delta": 45.835393}},
{"target": 0.7964285714285715, "params": {"activation_function": 0.09926640482120597, "amount_of_layers": 8.707895578365722, "batch_size": 59.28528324604882, "dropout_rate": 0.3102325813341364, "epochs": 163.23714764791802, "hidden_channels": 66.35964544853715, "learning_rate": 0.09167323550752902, "optimizer": 0.05344358311993891, "pooling_algorithm": 0.3191815885280176}, "datetime": {"datetime": "2023-11-19 02:43:16", "elapsed": 28023.380265, "delta": 20.205523}},
{"target": 0.9107142857142858, "params": {"activation_function": 1.6027712798087421, "amount_of_layers": 2.45836861651555, "batch_size": 142.43535174294848, "dropout_rate": 0.6475225546070325, "epochs": 50.012897383197654, "hidden_channels": 34.40953379229466, "learning_rate": 0.022409385762150652, "optimizer": 0.7078179793818149, "pooling_algorithm": 0.5596132649933412}, "datetime": {"datetime": "2023-11-19 02:43:48", "elapsed": 28055.329193, "delta": 31.948928}},
{"target": 0.7160714285714286, "params": {"activation_function": 0.39543344292765026, "amount_of_layers": 1.5378952123694534, "batch_size": 117.23010746772978, "dropout_rate": 0.5144149444994472, "epochs": 161.8886793509091, "hidden_channels": 110.74002224484467, "learning_rate": 0.06358797259212456, "optimizer": 0.917298037038959, "pooling_algorithm": 0.05507644684945534}, "datetime": {"datetime": "2023-11-19 02:44:03", "elapsed": 28069.888808, "delta": 14.559615}},
{"target": 0.7321428571428572, "params": {"activation_function": 0.7876977611000522, "amount_of_layers": 5.005370256253384, "batch_size": 83.04233495182224, "dropout_rate": 0.44256117525540206, "epochs": 31.342020106655735, "hidden_channels": 92.67009379655958, "learning_rate": 0.040958518191436886, "optimizer": 1.349277908500657, "pooling_algorithm": 0.20202088228312365}, "datetime": {"datetime": "2023-11-19 02:44:40", "elapsed": 28106.94741, "delta": 37.058602}},
{"target": 0.9, "params": {"activation_function": 1.033765031291936, "amount_of_layers": 4.271554449002833, "batch_size": 113.20767905585451, "dropout_rate": 0.7465364670310652, "epochs": 107.27806804076337, "hidden_channels": 115.83057191744406, "learning_rate": 0.09467222250117514, "optimizer": 0.04626086581105793, "pooling_algorithm": 0.887022734736502}, "datetime": {"datetime": "2023-11-19 02:44:57", "elapsed": 28124.683631, "delta": 17.736221}},
{"target": 0.0, "params": {"activation_function": 0.4199666294827731, "amount_of_layers": 3.3867283528500423, "batch_size": 94.11379626705275, "dropout_rate": 0.5589923926253724, "epochs": 90.99860232433443, "hidden_channels": 71.42883486768396, "learning_rate": 0.08661844570920675, "optimizer": 1.8583597592986871, "pooling_algorithm": 0.7428696354254276}, "datetime": {"datetime": "2023-11-19 02:45:36", "elapsed": 28163.497769, "delta": 38.814138}},
{"target": 0.9071428571428571, "params": {"activation_function": 1.3256285254910605, "amount_of_layers": 7.212638579060262, "batch_size": 70.85523287717658, "dropout_rate": 0.5024156789191512, "epochs": 27.986250842532694, "hidden_channels": 55.90201028850529, "learning_rate": 0.049325052818335206, "optimizer": 1.1297661187321826, "pooling_algorithm": 0.7980336562694222}, "datetime": {"datetime": "2023-11-19 02:45:48", "elapsed": 28175.50267, "delta": 12.004901}},
{"target": 0.9142857142857143, "params": {"activation_function": 0.9344323200586788, "amount_of_layers": 5.942832103726683, "batch_size": 41.0625969222475, "dropout_rate": 0.4156920418796184, "epochs": 29.137310943735958, "hidden_channels": 104.76454678227367, "learning_rate": 0.011754963269798965, "optimizer": 0.6080382147769168, "pooling_algorithm": 0.8885255126488106}, "datetime": {"datetime": "2023-11-19 02:46:01", "elapsed": 28188.175008, "delta": 12.672338}},
{"target": 0.9035714285714287, "params": {"activation_function": 0.9210819327698994, "amount_of_layers": 6.763820169249623, "batch_size": 132.55082890785826, "dropout_rate": 0.331360809767485, "epochs": 194.14392291066963, "hidden_channels": 113.58495722961752, "learning_rate": 0.037453124060402646, "optimizer": 0.2576255215159975, "pooling_algorithm": 0.8691472243300626}, "datetime": {"datetime": "2023-11-19 02:46:22", "elapsed": 28209.724255, "delta": 21.549247}},
{"target": 0.26785714285714285, "params": {"activation_function": 0.5414642781751013, "amount_of_layers": 4.0727314725228485, "batch_size": 16.21547539738882, "dropout_rate": 0.6278232227853652, "epochs": 191.345723357397, "hidden_channels": 16.416521283312637, "learning_rate": 0.08362809204664026, "optimizer": 0.7397443324047681, "pooling_algorithm": 0.1713284681809667}, "datetime": {"datetime": "2023-11-19 02:47:14", "elapsed": 28260.848582, "delta": 51.124327}},
{"target": 0.9089285714285714, "params": {"activation_function": 0.2386532175127356, "amount_of_layers": 6.926104813461719, "batch_size": 90.21284810862095, "dropout_rate": 0.7076418422891515, "epochs": 194.95757287805836, "hidden_channels": 71.99494167524901, "learning_rate": 0.05072759120905398, "optimizer": 0.9444791805602006, "pooling_algorithm": 0.7950219125314033}, "datetime": {"datetime": "2023-11-19 02:47:32", "elapsed": 28279.700834, "delta": 18.852252}},
{"target": 0.9125, "params": {"activation_function": 1.2276078870773015, "amount_of_layers": 8.927955208761333, "batch_size": 92.37318453782245, "dropout_rate": 0.5907369622073916, "epochs": 99.53377059674973, "hidden_channels": 50.620202239406595, "learning_rate": 0.01990050574570722, "optimizer": 1.1733421753600932, "pooling_algorithm": 0.6041072481319439}, "datetime": {"datetime": "2023-11-19 02:47:46", "elapsed": 28293.734218, "delta": 14.033384}},
{"target": 0.9053571428571429, "params": {"activation_function": 1.1569916614919606, "amount_of_layers": 3.054204570643784, "batch_size": 57.853432655074435, "dropout_rate": 0.2506535635018697, "epochs": 189.79972960497784, "hidden_channels": 24.62009936750373, "learning_rate": 0.08663285282306477, "optimizer": 0.9861897440609579, "pooling_algorithm": 0.635828104877837}, "datetime": {"datetime": "2023-11-19 02:48:02", "elapsed": 28309.113087, "delta": 15.378869}},
{"target": 0.7357142857142858, "params": {"activation_function": 1.9293694494697762, "amount_of_layers": 7.698130092303061, "batch_size": 89.4365526969656, "dropout_rate": 0.5261630476296083, "epochs": 78.42547816376837, "hidden_channels": 85.10909818061428, "learning_rate": 0.0334535410902012, "optimizer": 1.196313252747773, "pooling_algorithm": 0.37140177713352507}, "datetime": {"datetime": "2023-11-19 02:48:17", "elapsed": 28324.047109, "delta": 14.934022}},
{"target": 0.9089285714285714, "params": {"activation_function": 0.12677812319649462, "amount_of_layers": 2.98842789217764, "batch_size": 146.77198773396236, "dropout_rate": 0.49026814215610465, "epochs": 142.8287310082301, "hidden_channels": 59.53354804835863, "learning_rate": 0.08666151319220829, "optimizer": 0.3518890533046011, "pooling_algorithm": 0.5009975023236175}, "datetime": {"datetime": "2023-11-19 02:48:31", "elapsed": 28338.269902, "delta": 14.222793}},
{"target": 0.9035714285714285, "params": {"activation_function": 0.3306812103581376, "amount_of_layers": 8.524835372440801, "batch_size": 118.31102732556907, "dropout_rate": 0.46118857152245385, "epochs": 159.45628780639183, "hidden_channels": 61.91218091005639, "learning_rate": 0.057055643686885774, "optimizer": 0.45605530704394104, "pooling_algorithm": 0.8141260549058722}, "datetime": {"datetime": "2023-11-19 02:49:41", "elapsed": 28408.329706, "delta": 70.059804}},
{"target": 0.9, "params": {"activation_function": 1.7508202441151788, "amount_of_layers": 6.556956424812739, "batch_size": 148.2367272092178, "dropout_rate": 0.3066629275883927, "epochs": 42.71718902785843, "hidden_channels": 116.14524945599935, "learning_rate": 0.054933863422137685, "optimizer": 1.5905458332533255, "pooling_algorithm": 0.8319001234181655}, "datetime": {"datetime": "2023-11-19 02:49:56", "elapsed": 28423.026083, "delta": 14.696377}},
{"target": 0.9089285714285714, "params": {"activation_function": 0.001941743018372133, "amount_of_layers": 4.253104994460098, "batch_size": 94.28777489059078, "dropout_rate": 0.6618995877892019, "epochs": 89.41627854573167, "hidden_channels": 73.67923069862769, "learning_rate": 0.056104308227788884, "optimizer": 1.2687147520807167, "pooling_algorithm": 0.6109259547956234}, "datetime": {"datetime": "2023-11-19 02:50:38", "elapsed": 28464.908815, "delta": 41.882732}},
{"target": 0.9089285714285713, "params": {"activation_function": 0.45221254001904176, "amount_of_layers": 1.0844584021550823, "batch_size": 101.55172820589708, "dropout_rate": 0.7163012632162258, "epochs": 87.37588209524029, "hidden_channels": 57.8672752652531, "learning_rate": 0.09891691940800006, "optimizer": 0.7424187866308654, "pooling_algorithm": 0.758102995193078}, "datetime": {"datetime": "2023-11-19 02:50:50", "elapsed": 28477.190469, "delta": 12.281654}},
{"target": 0.8982142857142857, "params": {"activation_function": 0.5249938740845501, "amount_of_layers": 8.51830235927524, "batch_size": 62.52517953293004, "dropout_rate": 0.4911682763361597, "epochs": 29.397405510518634, "hidden_channels": 69.63221155613199, "learning_rate": 0.0532014991842964, "optimizer": 1.0314912570991004, "pooling_algorithm": 0.6534854054815592}, "datetime": {"datetime": "2023-11-19 02:51:28", "elapsed": 28515.337773, "delta": 38.147304}},
{"target": 0.9089285714285714, "params": {"activation_function": 0.3617241930542421, "amount_of_layers": 6.5846641916692255, "batch_size": 81.12034399432031, "dropout_rate": 0.32618798899943585, "epochs": 54.21134315176679, "hidden_channels": 42.789448820161425, "learning_rate": 0.08968229766528923, "optimizer": 0.3342315769195403, "pooling_algorithm": 0.6595504482278277}, "datetime": {"datetime": "2023-11-19 02:51:39", "elapsed": 28526.149983, "delta": 10.81221}},
{"target": 0.25892857142857145, "params": {"activation_function": 1.6903108089895065, "amount_of_layers": 7.765035242744824, "batch_size": 36.46598942593582, "dropout_rate": 0.6539413328607486, "epochs": 188.53471650793514, "hidden_channels": 55.53265931657621, "learning_rate": 0.07564172767629475, "optimizer": 1.0459925295589312, "pooling_algorithm": 0.14592107707667157}, "datetime": {"datetime": "2023-11-19 02:52:01", "elapsed": 28548.312983, "delta": 22.163}},
{"target": 0.7392857142857143, "params": {"activation_function": 1.717643007855317, "amount_of_layers": 7.239107986254147, "batch_size": 134.75473214713443, "dropout_rate": 0.4310538084287111, "epochs": 91.8202513889836, "hidden_channels": 95.77148120518375, "learning_rate": 0.07589507778759987, "optimizer": 0.5437007686337354, "pooling_algorithm": 0.2733598444164881}, "datetime": {"datetime": "2023-11-19 02:52:17", "elapsed": 28564.367636, "delta": 16.054653}},
{"target": 0.7964285714285715, "params": {"activation_function": 1.999583116521769, "amount_of_layers": 7.080905595978983, "batch_size": 86.05067269951884, "dropout_rate": 0.27343110596432946, "epochs": 107.89733664324511, "hidden_channels": 52.90904111273216, "learning_rate": 0.017372190008358386, "optimizer": 0.003312277747320014, "pooling_algorithm": 0.006917447432767121}, "datetime": {"datetime": "2023-11-19 02:52:32", "elapsed": 28579.042284, "delta": 14.674648}},
{"target": 0.9053571428571429, "params": {"activation_function": 0.6368566313249836, "amount_of_layers": 7.081003156852289, "batch_size": 108.21354734298633, "dropout_rate": 0.5020463294197368, "epochs": 196.9526995855849, "hidden_channels": 27.43679618420242, "learning_rate": 0.022236537110067126, "optimizer": 0.7567796980512408, "pooling_algorithm": 0.8326321586329457}, "datetime": {"datetime": "2023-11-19 02:53:37", "elapsed": 28644.041612, "delta": 64.999328}},
{"target": 0.7535714285714286, "params": {"activation_function": 0.10776564199338456, "amount_of_layers": 2.8524088421783524, "batch_size": 113.20585931296682, "dropout_rate": 0.334587529475608, "epochs": 80.91660524253409, "hidden_channels": 43.44190005619782, "learning_rate": 0.011755226084661067, "optimizer": 0.5631683624324417, "pooling_algorithm": 0.4076314785231554}, "datetime": {"datetime": "2023-11-19 02:53:50", "elapsed": 28656.862681, "delta": 12.821069}},
{"target": 0.9053571428571429, "params": {"activation_function": 0.28025225642921536, "amount_of_layers": 5.003212181292706, "batch_size": 18.13662311092683, "dropout_rate": 0.38454087057729525, "epochs": 182.42700551108194, "hidden_channels": 73.03067263838999, "learning_rate": 0.04769752981102975, "optimizer": 1.5047403550304, "pooling_algorithm": 0.5043222925462634}, "datetime": {"datetime": "2023-11-19 02:54:14", "elapsed": 28681.096985, "delta": 24.234304}},
{"target": 0.8107142857142858, "params": {"activation_function": 1.7482495291769262, "amount_of_layers": 1.0285962755579403, "batch_size": 69.42753279244253, "dropout_rate": 0.5816108911038169, "epochs": 92.57510140927111, "hidden_channels": 87.53604885027933, "learning_rate": 0.0928598565308766, "optimizer": 1.9054424002970467, "pooling_algorithm": 0.38946452026516554}, "datetime": {"datetime": "2023-11-19 02:54:25", "elapsed": 28692.306721, "delta": 11.209736}},
{"target": 0.9107142857142857, "params": {"activation_function": 0.5071990115872493, "amount_of_layers": 3.318344560813834, "batch_size": 126.46633328471445, "dropout_rate": 0.5192876463243429, "epochs": 162.48736663627204, "hidden_channels": 74.21949713414509, "learning_rate": 0.09442506881215322, "optimizer": 0.7040604973053772, "pooling_algorithm": 0.5888938182003861}, "datetime": {"datetime": "2023-11-19 02:55:08", "elapsed": 28735.461007, "delta": 43.154286}},
{"target": 0.7946428571428572, "params": {"activation_function": 1.9915325403889186, "amount_of_layers": 1.138142563141507, "batch_size": 90.54351918690585, "dropout_rate": 0.6633241527068421, "epochs": 129.09472972407184, "hidden_channels": 62.3652282227905, "learning_rate": 0.06177133127797318, "optimizer": 1.7007591255619838, "pooling_algorithm": 0.23519404347778117}, "datetime": {"datetime": "2023-11-19 02:55:23", "elapsed": 28750.372433, "delta": 14.911426}},
{"target": 0.7339285714285715, "params": {"activation_function": 1.4990050297283302, "amount_of_layers": 4.784199241389413, "batch_size": 109.53068650418668, "dropout_rate": 0.48459584285270907, "epochs": 70.4998075601467, "hidden_channels": 101.54295745070328, "learning_rate": 0.021774758361941492, "optimizer": 0.8320086199044763, "pooling_algorithm": 0.4965392446634477}, "datetime": {"datetime": "2023-11-19 02:55:37", "elapsed": 28764.300558, "delta": 13.928125}},
{"target": 0.8178571428571428, "params": {"activation_function": 1.7177171465468246, "amount_of_layers": 2.517777255564699, "batch_size": 131.04632981649723, "dropout_rate": 0.3727499389366996, "epochs": 26.949314619282454, "hidden_channels": 28.306508222030743, "learning_rate": 0.05178456842372551, "optimizer": 1.392381459976125, "pooling_algorithm": 0.43476755149976265}, "datetime": {"datetime": "2023-11-19 02:55:49", "elapsed": 28775.963974, "delta": 11.663416}},
{"target": 0.9142857142857143, "params": {"activation_function": 0.8857827331971799, "amount_of_layers": 6.797198048972176, "batch_size": 87.23121400607992, "dropout_rate": 0.5136698101270374, "epochs": 83.24562939656394, "hidden_channels": 76.73222199745616, "learning_rate": 0.0340826750076734, "optimizer": 1.3564338402808984, "pooling_algorithm": 0.5093812842092394}, "datetime": {"datetime": "2023-11-19 02:56:25", "elapsed": 28812.771634, "delta": 36.80766}},
