{"target": 0.26249999999999996, "params": {"activation_function": 1.4786916696533798, "amount_of_layers": 5.879001499894175, "batch_size": 67.22077109216778, "dropout_rate": 0.4111880992923916, "epochs": 167.38990108679283, "hidden_channels": 44.37589083215777, "learning_rate": 0.09679690443165596, "optimizer": 1.8254493309205062, "pooling_algorithm": 0.3086524596480996}, "datetime": {"datetime": "2023-11-18 19:10:28", "elapsed": 855.405792, "delta": 10.838212}},
{"target": 0.7964285714285714, "params": {"activation_function": 0.0, "amount_of_layers": 9.0, "batch_size": 44.40326431419832, "dropout_rate": 0.25, "epochs": 137.60111477379493, "hidden_channels": 44.25233480129889, "learning_rate": 0.1, "optimizer": 2.0, "pooling_algorithm": 1.0}, "datetime": {"datetime": "2023-11-18 19:10:36", "elapsed": 863.20967, "delta": 7.803878}},
{"target": 0.8392857142857143, "params": {"activation_function": 1.6271639484173632, "amount_of_layers": 5.435186480091715, "batch_size": 121.18444074884988, "dropout_rate": 0.3185564128744168, "epochs": 148.68909446246053, "hidden_channels": 60.95909862613172, "learning_rate": 0.004096098218318205, "optimizer": 1.8776576630357809, "pooling_algorithm": 0.8937064319124539}, "datetime": {"datetime": "2023-11-18 19:10:41", "elapsed": 868.452798, "delta": 5.243128}},
{"target": 0.8464285714285714, "params": {"activation_function": 0.0, "amount_of_layers": 8.666933483325508, "batch_size": 118.25447474924518, "dropout_rate": 0.75, "epochs": 155.45489797245034, "hidden_channels": 60.43940956902102, "learning_rate": 0.001, "optimizer": 2.0, "pooling_algorithm": 1.0}, "datetime": {"datetime": "2023-11-18 19:10:48", "elapsed": 875.587397, "delta": 7.134599}},
{"target": 0.9142857142857143, "params": {"activation_function": 1.1837378501848248, "amount_of_layers": 8.726494748095464, "batch_size": 61.24507514356415, "dropout_rate": 0.3306734554335199, "epochs": 186.7379745763361, "hidden_channels": 100.87593365385389, "learning_rate": 0.08282537084764434, "optimizer": 0.0, "pooling_algorithm": 1.0}, "datetime": {"datetime": "2023-11-18 19:11:03", "elapsed": 890.582056, "delta": 14.994659}},
{"target": 0.9178571428571429, "params": {"activation_function": 2.0, "amount_of_layers": 9.0, "batch_size": 97.3312761709157, "dropout_rate": 0.25, "epochs": 93.6412250718177, "hidden_channels": 65.71804846946414, "learning_rate": 0.1, "optimizer": 2.0, "pooling_algorithm": 1.0}, "datetime": {"datetime": "2023-11-18 19:11:08", "elapsed": 895.608613, "delta": 5.026557}},
{"target": 0.9089285714285714, "params": {"activation_function": 0.8722151296698285, "amount_of_layers": 1.0, "batch_size": 37.049565570981834, "dropout_rate": 0.25, "epochs": 80.3598849957643, "hidden_channels": 76.33883822428184, "learning_rate": 0.1, "optimizer": 0.8865781071125595, "pooling_algorithm": 1.0}, "datetime": {"datetime": "2023-11-18 19:11:11", "elapsed": 898.459896, "delta": 2.851283}},
{"target": 0.0, "params": {"activation_function": 0.5571472287955033, "amount_of_layers": 5.589214086616267, "batch_size": 123.9421609259156, "dropout_rate": 0.5331043682846961, "epochs": 159.26530794364274, "hidden_channels": 65.69510925393504, "learning_rate": 0.05446452840297717, "optimizer": 1.7739189095783623, "pooling_algorithm": 0.527162019155824}, "datetime": {"datetime": "2023-11-18 19:11:23", "elapsed": 910.786822, "delta": 12.326926}},
{"target": 0.7464285714285714, "params": {"activation_function": 1.8514918073674276, "amount_of_layers": 1.3224688808308729, "batch_size": 119.84993978582536, "dropout_rate": 0.45597360563245326, "epochs": 156.9661104490298, "hidden_channels": 56.276618157768254, "learning_rate": 0.08679327786140445, "optimizer": 0.8122613734847299, "pooling_algorithm": 0.13211670443553092}, "datetime": {"datetime": "2023-11-18 19:11:27", "elapsed": 913.861355, "delta": 3.074533}},
{"target": 0.7928571428571429, "params": {"activation_function": 0.9326371199133955, "amount_of_layers": 2.482035638867214, "batch_size": 38.626288400093905, "dropout_rate": 0.75, "epochs": 81.14509984946261, "hidden_channels": 72.398320719665, "learning_rate": 0.03763641752294412, "optimizer": 0.15407040056389262, "pooling_algorithm": 0.4716066896860601}, "datetime": {"datetime": "2023-11-18 19:11:29", "elapsed": 916.435503, "delta": 2.574148}},
{"target": 0.9125, "params": {"activation_function": 1.0394201801448897, "amount_of_layers": 6.01470594423821, "batch_size": 96.80744438166433, "dropout_rate": 0.507753199744982, "epochs": 91.71372973798599, "hidden_channels": 72.89181413552551, "learning_rate": 0.012029456023161408, "optimizer": 0.9737591435242998, "pooling_algorithm": 0.8255425490274149}, "datetime": {"datetime": "2023-11-18 19:11:33", "elapsed": 920.450844, "delta": 4.015341}},
{"target": 0.8767857142857143, "params": {"activation_function": 1.320607949668317, "amount_of_layers": 1.321341553206345, "batch_size": 98.62272454575186, "dropout_rate": 0.3245441146881979, "epochs": 90.75739502681151, "hidden_channels": 71.53646276635897, "learning_rate": 0.08119276636075332, "optimizer": 0.675434966928462, "pooling_algorithm": 0.5016320569791621}, "datetime": {"datetime": "2023-11-18 19:11:35", "elapsed": 922.522619, "delta": 2.071775}},
{"target": 0.9178571428571428, "params": {"activation_function": 0.402523532478752, "amount_of_layers": 5.49216057498199, "batch_size": 121.8214643401008, "dropout_rate": 0.25, "epochs": 153.7851550122463, "hidden_channels": 59.503254511619964, "learning_rate": 0.1, "optimizer": 0.0, "pooling_algorithm": 1.0}, "datetime": {"datetime": "2023-11-18 19:11:40", "elapsed": 927.544803, "delta": 5.022184}},
{"target": 0.9071428571428571, "params": {"activation_function": 0.970221340182884, "amount_of_layers": 1.1631302505280026, "batch_size": 128.65521981424055, "dropout_rate": 0.27297139339737075, "epochs": 161.2375772595121, "hidden_channels": 71.41810614922304, "learning_rate": 0.04199692429542855, "optimizer": 0.6890449482616814, "pooling_algorithm": 0.7981091266232951}, "datetime": {"datetime": "2023-11-18 19:11:44", "elapsed": 931.178169, "delta": 3.633366}},
{"target": 0.9142857142857143, "params": {"activation_function": 0.8251411526049945, "amount_of_layers": 6.325565485892439, "batch_size": 123.00579365516288, "dropout_rate": 0.3049169299757157, "epochs": 160.94666364847234, "hidden_channels": 57.23916349760175, "learning_rate": 0.07144584516855325, "optimizer": 1.1100875183521808, "pooling_algorithm": 0.8306331568328754}, "datetime": {"datetime": "2023-11-18 19:11:50", "elapsed": 937.179628, "delta": 6.001459}},
{"target": 0.9178571428571429, "params": {"activation_function": 1.1904777015237096, "amount_of_layers": 5.034935242370481, "batch_size": 94.91659662819295, "dropout_rate": 0.4953963576994267, "epochs": 94.393960105641, "hidden_channels": 68.20280711630113, "learning_rate": 0.06194219429755795, "optimizer": 1.4550488436187339, "pooling_algorithm": 0.7823769916287329}, "datetime": {"datetime": "2023-11-18 19:11:54", "elapsed": 941.040826, "delta": 3.861198}},
{"target": 0.7589285714285714, "params": {"activation_function": 0.27169018334191963, "amount_of_layers": 1.485486407914725, "batch_size": 124.94472996541099, "dropout_rate": 0.5840520823628697, "epochs": 158.3590672988322, "hidden_channels": 56.29408764020623, "learning_rate": 0.05262693558659276, "optimizer": 0.6562199284541079, "pooling_algorithm": 0.4916127820866596}, "datetime": {"datetime": "2023-11-18 19:11:57", "elapsed": 944.153646, "delta": 3.11282}},
{"target": 0.0, "params": {"activation_function": 0.0, "amount_of_layers": 4.987566518676421, "batch_size": 48.4560090376454, "dropout_rate": 0.75, "epochs": 140.21451094077065, "hidden_channels": 43.838062387041866, "learning_rate": 0.1, "optimizer": 2.0, "pooling_algorithm": 1.0}, "datetime": {"datetime": "2023-11-18 19:12:02", "elapsed": 949.533538, "delta": 5.379892}},
{"target": 0.8142857142857144, "params": {"activation_function": 1.585920587297741, "amount_of_layers": 7.55953586684875, "batch_size": 17.008198091607078, "dropout_rate": 0.4244487906281061, "epochs": 193.97547146126055, "hidden_channels": 12.367436005264935, "learning_rate": 0.043753229514700204, "optimizer": 0.30158241517222506, "pooling_algorithm": 0.4453127849044436}, "datetime": {"datetime": "2023-11-18 19:12:16", "elapsed": 963.271123, "delta": 13.737585}},
{"target": 0.9107142857142857, "params": {"activation_function": 1.6837337872846652, "amount_of_layers": 3.9073847941806914, "batch_size": 95.68182411961513, "dropout_rate": 0.31686977646186393, "epochs": 87.64690669310518, "hidden_channels": 67.81472544845765, "learning_rate": 0.01429709775323132, "optimizer": 1.7403791528632384, "pooling_algorithm": 0.7977033504803679}, "datetime": {"datetime": "2023-11-18 19:12:19", "elapsed": 966.150883, "delta": 2.87976}},
{"target": 0.8250000000000001, "params": {"activation_function": 0.13757076563588244, "amount_of_layers": 6.250369676708154, "batch_size": 121.20885744193926, "dropout_rate": 0.5196549022092811, "epochs": 156.07127053705537, "hidden_channels": 56.528399122174534, "learning_rate": 0.05723604930514273, "optimizer": 0.39494839482050614, "pooling_algorithm": 0.09461943674624052}, "datetime": {"datetime": "2023-11-18 19:12:24", "elapsed": 971.429128, "delta": 5.278245}},
{"target": 0.7892857142857144, "params": {"activation_function": 1.8995216361065628, "amount_of_layers": 2.2070971198095455, "batch_size": 68.77301030613475, "dropout_rate": 0.4126111006541816, "epochs": 75.83185940115087, "hidden_channels": 59.5924521206667, "learning_rate": 0.06255995509113138, "optimizer": 0.7835650849882669, "pooling_algorithm": 0.59121844691943}, "datetime": {"datetime": "2023-11-18 19:12:26", "elapsed": 973.569978, "delta": 2.14085}},
{"target": 0.7357142857142857, "params": {"activation_function": 1.208242015012763, "amount_of_layers": 4.57029924939248, "batch_size": 71.72598123769187, "dropout_rate": 0.30091227814822014, "epochs": 75.01463360207278, "hidden_channels": 54.40510907293703, "learning_rate": 0.05641099992231851, "optimizer": 0.28190911793857154, "pooling_algorithm": 0.20501661475659183}, "datetime": {"datetime": "2023-11-18 19:12:29", "elapsed": 976.503011, "delta": 2.933033}},
{"target": 0.9142857142857143, "params": {"activation_function": 1.678686724157995, "amount_of_layers": 7.069233564314259, "batch_size": 18.663719633101348, "dropout_rate": 0.46584359764361405, "epochs": 186.55113610768726, "hidden_channels": 13.490701700390202, "learning_rate": 0.09751006257634053, "optimizer": 1.326602852578544, "pooling_algorithm": 0.8292065555977681}, "datetime": {"datetime": "2023-11-18 19:12:42", "elapsed": 989.278245, "delta": 12.775234}},
{"target": 0.9178571428571428, "params": {"activation_function": 2.0, "amount_of_layers": 5.839305959028121, "batch_size": 97.58395321849615, "dropout_rate": 0.25, "epochs": 91.32211003555824, "hidden_channels": 68.6779793512243, "learning_rate": 0.1, "optimizer": 2.0, "pooling_algorithm": 1.0}, "datetime": {"datetime": "2023-11-18 19:12:46", "elapsed": 993.309848, "delta": 4.031603}},
{"target": 0.8928571428571428, "params": {"activation_function": 1.9941427628133974, "amount_of_layers": 2.1558957719603744, "batch_size": 66.64845311456516, "dropout_rate": 0.75, "epochs": 73.39609787521212, "hidden_channels": 54.54881623982978, "learning_rate": 0.001, "optimizer": 2.0, "pooling_algorithm": 1.0}, "datetime": {"datetime": "2023-11-18 19:12:48", "elapsed": 995.40627, "delta": 2.096422}},
{"target": 0.0, "params": {"activation_function": 0.0, "amount_of_layers": 7.871345145650458, "batch_size": 98.53319460273138, "dropout_rate": 0.75, "epochs": 94.2105892263953, "hidden_channels": 69.22755107022728, "learning_rate": 0.001, "optimizer": 0.0, "pooling_algorithm": 0.0}, "datetime": {"datetime": "2023-11-18 19:12:53", "elapsed": 1000.146827, "delta": 4.740557}},
{"target": 0.8285714285714285, "params": {"activation_function": 0.8551164774805409, "amount_of_layers": 1.8356202610207735, "batch_size": 118.94633598442472, "dropout_rate": 0.3776750857011232, "epochs": 152.91192450157527, "hidden_channels": 59.82037131417262, "learning_rate": 0.01653997202831162, "optimizer": 1.316225703652364, "pooling_algorithm": 0.3451817205704937}, "datetime": {"datetime": "2023-11-18 19:12:56", "elapsed": 1003.707262, "delta": 3.560435}},
{"target": 0.9160714285714285, "params": {"activation_function": 1.3226434028055503, "amount_of_layers": 5.322365996981094, "batch_size": 67.22464009682588, "dropout_rate": 0.32695875213369674, "epochs": 184.36844700420502, "hidden_channels": 37.486141486219736, "learning_rate": 0.06571175110828564, "optimizer": 0.8866869606610464, "pooling_algorithm": 0.5076666711918855}, "datetime": {"datetime": "2023-11-18 19:13:02", "elapsed": 1009.738669, "delta": 6.031407}},
{"target": 0.8964285714285715, "params": {"activation_function": 1.7188471460820147, "amount_of_layers": 7.659329109483851, "batch_size": 93.20863448086084, "dropout_rate": 0.43183419270966245, "epochs": 92.84834574124747, "hidden_channels": 67.30957736044472, "learning_rate": 0.04753388678745419, "optimizer": 1.4833485372445325, "pooling_algorithm": 0.9568145541428883}, "datetime": {"datetime": "2023-11-18 19:13:08", "elapsed": 1014.836182, "delta": 5.097513}},
{"target": 0.9053571428571429, "params": {"activation_function": 0.7523724482909486, "amount_of_layers": 5.972499747070489, "batch_size": 20.53056103608246, "dropout_rate": 0.4499611395636615, "epochs": 190.5151224783518, "hidden_channels": 9.128115912976636, "learning_rate": 0.07909673629900246, "optimizer": 1.0067539871368096, "pooling_algorithm": 0.8359492726752561}, "datetime": {"datetime": "2023-11-18 19:13:19", "elapsed": 1026.614883, "delta": 11.778701}},
{"target": 0.9, "params": {"activation_function": 1.9851483114512467, "amount_of_layers": 6.97113335777289, "batch_size": 98.84395840879489, "dropout_rate": 0.5685499194996548, "epochs": 91.44534253253022, "hidden_channels": 63.55271366232903, "learning_rate": 0.05842164054469421, "optimizer": 1.3131610240785372, "pooling_algorithm": 0.887340005249322}, "datetime": {"datetime": "2023-11-18 19:13:23", "elapsed": 1030.594537, "delta": 3.979654}},
{"target": 0.8821428571428571, "params": {"activation_function": 1.851351483106387, "amount_of_layers": 1.8769391799257757, "batch_size": 96.58786348043955, "dropout_rate": 0.6446443683809513, "epochs": 93.90800841725805, "hidden_channels": 65.41872762124028, "learning_rate": 0.03423675902591085, "optimizer": 1.1631406008025298, "pooling_algorithm": 0.519590028796523}, "datetime": {"datetime": "2023-11-18 19:13:26", "elapsed": 1033.032502, "delta": 2.437965}},
{"target": 0.7321428571428572, "params": {"activation_function": 0.592472665619322, "amount_of_layers": 6.45085481478433, "batch_size": 98.58578849495902, "dropout_rate": 0.41098105695314396, "epochs": 87.33336759220319, "hidden_channels": 72.4237486735475, "learning_rate": 0.00863272628174111, "optimizer": 0.8457135313975981, "pooling_algorithm": 0.3390274357581323}, "datetime": {"datetime": "2023-11-18 19:13:30", "elapsed": 1036.989043, "delta": 3.956541}},
{"target": 0.9, "params": {"activation_function": 0.0733381123609671, "amount_of_layers": 3.2101922930378226, "batch_size": 92.97495562299164, "dropout_rate": 0.5728978824231575, "epochs": 88.96031806636614, "hidden_channels": 72.43921185883184, "learning_rate": 0.0202013546973474, "optimizer": 1.7817100473159067, "pooling_algorithm": 0.7902900696102912}, "datetime": {"datetime": "2023-11-18 19:13:32", "elapsed": 1039.780626, "delta": 2.791583}},
{"target": 0.9035714285714286, "params": {"activation_function": 1.431617465729481, "amount_of_layers": 1.3745393527397152, "batch_size": 67.490989766007, "dropout_rate": 0.4768408417794344, "epochs": 186.27424093648236, "hidden_channels": 35.87313980031618, "learning_rate": 0.031896223168754886, "optimizer": 1.157197156872686, "pooling_algorithm": 0.5956824156272348}, "datetime": {"datetime": "2023-11-18 19:13:36", "elapsed": 1043.346095, "delta": 3.565469}},
{"target": 0.9107142857142857, "params": {"activation_function": 1.3755544082541704, "amount_of_layers": 6.379085971939129, "batch_size": 65.35043127232136, "dropout_rate": 0.6069873950341984, "epochs": 186.30605223163255, "hidden_channels": 34.053108528040866, "learning_rate": 0.06061376842016675, "optimizer": 0.3426626382611362, "pooling_algorithm": 0.6261247169734278}, "datetime": {"datetime": "2023-11-18 19:13:42", "elapsed": 1049.683561, "delta": 6.337466}},
{"target": 0.0982142857142857, "params": {"activation_function": 2.0, "amount_of_layers": 6.088003463431998, "batch_size": 95.3649510960459, "dropout_rate": 0.25, "epochs": 94.94485472872263, "hidden_channels": 63.616975908014446, "learning_rate": 0.1, "optimizer": 2.0, "pooling_algorithm": 1.0}, "datetime": {"datetime": "2023-11-18 19:13:46", "elapsed": 1053.215659, "delta": 3.532098}},
{"target": 0.9035714285714286, "params": {"activation_function": 2.0, "amount_of_layers": 4.3759459046447065, "batch_size": 94.14798548662993, "dropout_rate": 0.49006311081458587, "epochs": 91.28251884076577, "hidden_channels": 69.87052819968117, "learning_rate": 0.04672129025051118, "optimizer": 1.8325547532428954, "pooling_algorithm": 1.0}, "datetime": {"datetime": "2023-11-18 19:13:49", "elapsed": 1056.627444, "delta": 3.411785}},
{"target": 0.9089285714285714, "params": {"activation_function": 0.4504554861142416, "amount_of_layers": 3.6323655533610175, "batch_size": 125.80194759738598, "dropout_rate": 0.715101468608462, "epochs": 163.1718186005781, "hidden_channels": 72.5421197984114, "learning_rate": 0.09623386719600129, "optimizer": 0.95358425698991, "pooling_algorithm": 0.9015833844218608}, "datetime": {"datetime": "2023-11-18 19:13:55", "elapsed": 1062.128368, "delta": 5.500924}},
{"target": 0.6821428571428572, "params": {"activation_function": 0.0727776345200748, "amount_of_layers": 1.6665153435834128, "batch_size": 96.47596822926658, "dropout_rate": 0.3173147757412539, "epochs": 89.32977395879183, "hidden_channels": 67.24598989668458, "learning_rate": 0.023022384541566195, "optimizer": 1.1961935933293928, "pooling_algorithm": 0.018691242708636646}, "datetime": {"datetime": "2023-11-18 19:13:57", "elapsed": 1064.74238, "delta": 2.614012}},
{"target": 0.9160714285714285, "params": {"activation_function": 2.0, "amount_of_layers": 8.42350311732268, "batch_size": 96.91019238312201, "dropout_rate": 0.25, "epochs": 89.330031356718, "hidden_channels": 66.32447958355819, "learning_rate": 0.1, "optimizer": 2.0, "pooling_algorithm": 1.0}, "datetime": {"datetime": "2023-11-18 19:14:02", "elapsed": 1069.082504, "delta": 4.340124}},
{"target": 0.8642857142857144, "params": {"activation_function": 2.0, "amount_of_layers": 6.312164337157828, "batch_size": 70.91300685102753, "dropout_rate": 0.75, "epochs": 76.8592105632919, "hidden_channels": 58.48256547223468, "learning_rate": 0.001, "optimizer": 2.0, "pooling_algorithm": 1.0}, "datetime": {"datetime": "2023-11-18 19:14:05", "elapsed": 1072.395177, "delta": 3.312673}},
{"target": 0.7303571428571429, "params": {"activation_function": 1.1463840438645172, "amount_of_layers": 5.811153282016077, "batch_size": 120.57493635758033, "dropout_rate": 0.6776029593080182, "epochs": 153.77940130923264, "hidden_channels": 62.605143444300886, "learning_rate": 0.04911397933873406, "optimizer": 0.7578931988824607, "pooling_algorithm": 0.31143281244514176}, "datetime": {"datetime": "2023-11-18 19:14:11", "elapsed": 1078.475532, "delta": 6.080355}},
{"target": 0.8964285714285715, "params": {"activation_function": 0.16258171169996993, "amount_of_layers": 6.232235736975387, "batch_size": 19.898155653551125, "dropout_rate": 0.3882522185682642, "epochs": 187.25791988653958, "hidden_channels": 17.83203220676081, "learning_rate": 0.003185963548457482, "optimizer": 0.2477056388301282, "pooling_algorithm": 0.6051034401212826}, "datetime": {"datetime": "2023-11-18 19:14:22", "elapsed": 1088.941496, "delta": 10.465964}},
{"target": 0.8071428571428572, "params": {"activation_function": 0.09894015776663352, "amount_of_layers": 4.677788369754992, "batch_size": 128.67555881116385, "dropout_rate": 0.25, "epochs": 160.47116277123743, "hidden_channels": 72.58978459145764, "learning_rate": 0.001, "optimizer": 2.0, "pooling_algorithm": 0.3226339525262772}, "datetime": {"datetime": "2023-11-18 19:14:28", "elapsed": 1094.946317, "delta": 6.004821}},
{"target": 0.9232142857142858, "params": {"activation_function": 0.9689069561570991, "amount_of_layers": 8.387818986862303, "batch_size": 101.40208374276095, "dropout_rate": 0.6174226806042058, "epochs": 86.99863931932542, "hidden_channels": 65.77697902652164, "learning_rate": 0.0885254920152597, "optimizer": 0.530258218305204, "pooling_algorithm": 0.9304818014139533}, "datetime": {"datetime": "2023-11-18 19:14:32", "elapsed": 1099.557936, "delta": 4.611619}},
{"target": 0.8642857142857143, "params": {"activation_function": 1.5990861770287366, "amount_of_layers": 1.2971166317074667, "batch_size": 129.05157676545988, "dropout_rate": 0.574096788315779, "epochs": 162.32909341231152, "hidden_channels": 65.04354179693496, "learning_rate": 0.04233037723269358, "optimizer": 0.1381224142445614, "pooling_algorithm": 0.6065538833847132}, "datetime": {"datetime": "2023-11-18 19:14:35", "elapsed": 1102.778635, "delta": 3.220699}},
{"target": 0.9089285714285714, "params": {"activation_function": 0.02998110014446209, "amount_of_layers": 7.700160303027449, "batch_size": 16.229954079576025, "dropout_rate": 0.7414223377958277, "epochs": 189.5649078767247, "hidden_channels": 8.532678041149454, "learning_rate": 0.006630672695418523, "optimizer": 0.08165241966017622, "pooling_algorithm": 0.7058490604242083}, "datetime": {"datetime": "2023-11-18 19:14:50", "elapsed": 1117.152498, "delta": 14.373863}},
