{"target": 0.8857142857142858, "params": {"activation_function": 1.7635307509996672, "amount_of_layers": 5.420802816413221, "batch_size": 65.7411189931644, "dropout_rate": 0.46087320256245523, "epochs": 183.14738578065445, "hidden_channels": 36.60639359166144, "learning_rate": 0.012382971918345087, "optimizer": 1.0948381800191065, "pooling_algorithm": 0.5565129517153683}, "datetime": {"datetime": "2023-11-18 21:02:57", "elapsed": 7604.564259, "delta": 13.355363}},
{"target": 0.6785714285714286, "params": {"activation_function": 0.7090421578794452, "amount_of_layers": 1.9726889840557025, "batch_size": 27.340908704454023, "dropout_rate": 0.40543703115504587, "epochs": 27.686111055513315, "hidden_channels": 63.570203956665, "learning_rate": 0.09898769298393419, "optimizer": 1.294473905569742, "pooling_algorithm": 0.18363501175454033}, "datetime": {"datetime": "2023-11-18 21:03:01", "elapsed": 7608.233444, "delta": 3.669185}},
{"target": 0.7714285714285715, "params": {"activation_function": 1.8900598467884837, "amount_of_layers": 2.5817686687212857, "batch_size": 142.0024162765338, "dropout_rate": 0.5944865763793232, "epochs": 93.90417003563894, "hidden_channels": 53.10038040220166, "learning_rate": 0.0435323172936017, "optimizer": 1.1065239782026766, "pooling_algorithm": 0.45811746109982054}, "datetime": {"datetime": "2023-11-18 21:03:06", "elapsed": 7612.877162, "delta": 4.643718}},
{"target": 0.9035714285714286, "params": {"activation_function": 0.9585530206304267, "amount_of_layers": 5.0426169678184465, "batch_size": 67.72692145474235, "dropout_rate": 0.6328351092547229, "epochs": 40.17202434897165, "hidden_channels": 96.6957943969189, "learning_rate": 0.02386604808579346, "optimizer": 1.1645140561466176, "pooling_algorithm": 0.6188682213001725}, "datetime": {"datetime": "2023-11-18 21:03:10", "elapsed": 7617.160675, "delta": 4.283513}},
{"target": 0.26071428571428573, "params": {"activation_function": 0.561731104261378, "amount_of_layers": 6.8562649503908855, "batch_size": 144.68326516022506, "dropout_rate": 0.466701711855015, "epochs": 90.54716465343284, "hidden_channels": 65.70679097241926, "learning_rate": 0.05645449083786605, "optimizer": 0.52461893070104, "pooling_algorithm": 0.03385101333609619}, "datetime": {"datetime": "2023-11-18 21:03:16", "elapsed": 7623.686173, "delta": 6.525498}},
{"target": 0.9017857142857143, "params": {"activation_function": 1.7671540549506313, "amount_of_layers": 5.625366405738376, "batch_size": 141.55468256456538, "dropout_rate": 0.7366985113790461, "epochs": 25.536577433647487, "hidden_channels": 90.77171728987976, "learning_rate": 0.04065911756884775, "optimizer": 1.572715766186472, "pooling_algorithm": 0.8537883156540529}, "datetime": {"datetime": "2023-11-18 21:03:20", "elapsed": 7627.408249, "delta": 3.722076}},
{"target": 0.9035714285714286, "params": {"activation_function": 1.7827861792844535, "amount_of_layers": 7.383106868652759, "batch_size": 16.420251467298147, "dropout_rate": 0.253339044666801, "epochs": 187.69105314849222, "hidden_channels": 17.410478158583558, "learning_rate": 0.036004917789054174, "optimizer": 1.4581175966469742, "pooling_algorithm": 0.651134266378684}, "datetime": {"datetime": "2023-11-18 21:03:39", "elapsed": 7646.828453, "delta": 19.420204}},
{"target": 0.8321428571428572, "params": {"activation_function": 1.9636989047477933, "amount_of_layers": 3.9504702873747144, "batch_size": 68.21292866897424, "dropout_rate": 0.5749336498484434, "epochs": 36.040755732838214, "hidden_channels": 38.8981872849381, "learning_rate": 0.01745799659629736, "optimizer": 1.3612963624894912, "pooling_algorithm": 0.2869868740712165}, "datetime": {"datetime": "2023-11-18 21:03:43", "elapsed": 7650.278967, "delta": 3.450514}},
{"target": 0.12142857142857141, "params": {"activation_function": 0.15307942282745612, "amount_of_layers": 2.17068590739287, "batch_size": 57.856179905926325, "dropout_rate": 0.6607059095613078, "epochs": 91.8719706185349, "hidden_channels": 34.50952497928665, "learning_rate": 0.09816116172676478, "optimizer": 0.8220231047540125, "pooling_algorithm": 0.05552355294435607}, "datetime": {"datetime": "2023-11-18 21:03:47", "elapsed": 7654.718805, "delta": 4.439838}},
{"target": 0.7321428571428572, "params": {"activation_function": 0.5613292889569632, "amount_of_layers": 7.484260103747227, "batch_size": 67.21199115160863, "dropout_rate": 0.5020877179055243, "epochs": 188.2781223182728, "hidden_channels": 31.74260721969585, "learning_rate": 0.09742416013109081, "optimizer": 1.7622573323622914, "pooling_algorithm": 0.26926069022357235}, "datetime": {"datetime": "2023-11-18 21:03:58", "elapsed": 7665.615864, "delta": 10.897059}},
{"target": 0.26607142857142857, "params": {"activation_function": 1.7016788257416529, "amount_of_layers": 7.01210834937928, "batch_size": 124.20677150790324, "dropout_rate": 0.25270194305305793, "epochs": 169.7609703257212, "hidden_channels": 29.96150879214047, "learning_rate": 0.042273613321609047, "optimizer": 1.3572128960107315, "pooling_algorithm": 0.4556535850207185}, "datetime": {"datetime": "2023-11-18 21:04:06", "elapsed": 7673.578743, "delta": 7.962879}},
{"target": 0.9142857142857143, "params": {"activation_function": 0.5128441558562942, "amount_of_layers": 7.098320757226072, "batch_size": 94.11525824206349, "dropout_rate": 0.5587298264779427, "epochs": 88.86858386570276, "hidden_channels": 70.77598716085194, "learning_rate": 0.03897101943625267, "optimizer": 1.3279667672821658, "pooling_algorithm": 0.9262534540899522}, "datetime": {"datetime": "2023-11-18 21:04:15", "elapsed": 7682.324249, "delta": 8.745506}},
{"target": 0.2642857142857143, "params": {"activation_function": 1.5621643142978987, "amount_of_layers": 6.0769954476944354, "batch_size": 115.74281315302184, "dropout_rate": 0.6200403538525254, "epochs": 43.63504341457665, "hidden_channels": 87.62609850697461, "learning_rate": 0.07223846006376367, "optimizer": 1.1100585152648876, "pooling_algorithm": 0.46782666786815197}, "datetime": {"datetime": "2023-11-18 21:04:20", "elapsed": 7686.991258, "delta": 4.667009}},
{"target": 0.4303571428571429, "params": {"activation_function": 1.12728135167678, "amount_of_layers": 6.428780231453977, "batch_size": 74.58535684502195, "dropout_rate": 0.29176978530571257, "epochs": 55.457156223405484, "hidden_channels": 113.85650327298892, "learning_rate": 0.07318144501886194, "optimizer": 1.4700715287968478, "pooling_algorithm": 0.3150849158739827}, "datetime": {"datetime": "2023-11-18 21:04:25", "elapsed": 7692.681902, "delta": 5.690644}},
{"target": 0.9035714285714286, "params": {"activation_function": 1.1963638059172075, "amount_of_layers": 3.2160263881769646, "batch_size": 37.2142245845952, "dropout_rate": 0.3000880694318651, "epochs": 195.10318564549266, "hidden_channels": 31.658205478968732, "learning_rate": 0.0670018117071593, "optimizer": 1.0061596833147044, "pooling_algorithm": 0.8626362111043349}, "datetime": {"datetime": "2023-11-18 21:04:34", "elapsed": 7701.271624, "delta": 8.589722}},
{"target": 0.9089285714285714, "params": {"activation_function": 0.3118803923670641, "amount_of_layers": 6.609058495574812, "batch_size": 60.78111609597603, "dropout_rate": 0.5258446021096771, "epochs": 183.6535928006472, "hidden_channels": 101.57508307874836, "learning_rate": 0.03610073375836158, "optimizer": 0.6580911628652844, "pooling_algorithm": 0.6900785024433614}, "datetime": {"datetime": "2023-11-18 21:04:50", "elapsed": 7717.368596, "delta": 16.096972}},
{"target": 0.9035714285714286, "params": {"activation_function": 0.6108459014530618, "amount_of_layers": 8.246767830287304, "batch_size": 66.18225315542878, "dropout_rate": 0.6004766382662065, "epochs": 184.5006920112841, "hidden_channels": 36.07061470923824, "learning_rate": 0.003984463532810501, "optimizer": 0.05855624844823182, "pooling_algorithm": 0.5434112830572942}, "datetime": {"datetime": "2023-11-18 21:05:03", "elapsed": 7730.377166, "delta": 13.00857}},
{"target": 0.6107142857142857, "params": {"activation_function": 0.9272736746546919, "amount_of_layers": 3.336157025661808, "batch_size": 87.35435158014236, "dropout_rate": 0.6505919676547967, "epochs": 52.96366225490623, "hidden_channels": 48.82057001742004, "learning_rate": 0.020472846497675487, "optimizer": 1.0654542294584575, "pooling_algorithm": 0.2979127402186176}, "datetime": {"datetime": "2023-11-18 21:05:07", "elapsed": 7733.918921, "delta": 3.541755}},
{"target": 0.0, "params": {"activation_function": 0.5616981918561677, "amount_of_layers": 4.072743336547331, "batch_size": 58.139892246539226, "dropout_rate": 0.5485491087828979, "epochs": 90.24985419573693, "hidden_channels": 62.32467698448738, "learning_rate": 0.03840381872717487, "optimizer": 1.8305494709423948, "pooling_algorithm": 0.7048084890757912}, "datetime": {"datetime": "2023-11-18 21:05:12", "elapsed": 7738.913505, "delta": 4.994584}},
{"target": 0.0, "params": {"activation_function": 0.42443602660496804, "amount_of_layers": 6.392641107219823, "batch_size": 90.97616062947316, "dropout_rate": 0.7307267934011541, "epochs": 92.66650349047214, "hidden_channels": 70.01078352811086, "learning_rate": 0.0415206892669549, "optimizer": 1.7626834881419433, "pooling_algorithm": 0.5366277517693893}, "datetime": {"datetime": "2023-11-18 21:05:18", "elapsed": 7745.105789, "delta": 6.192284}},
{"target": 0.0, "params": {"activation_function": 1.7944899178415898, "amount_of_layers": 8.517575039145491, "batch_size": 20.11117065582233, "dropout_rate": 0.36713415450008785, "epochs": 65.6331272683285, "hidden_channels": 54.395022158007386, "learning_rate": 0.05589223524483475, "optimizer": 1.5921664240652875, "pooling_algorithm": 0.6096938751029695}, "datetime": {"datetime": "2023-11-18 21:05:26", "elapsed": 7753.116058, "delta": 8.010269}},
{"target": 0.7303571428571429, "params": {"activation_function": 0.5522022999276417, "amount_of_layers": 6.0787729202548535, "batch_size": 93.08175665266198, "dropout_rate": 0.5883974445236884, "epochs": 93.09883598229068, "hidden_channels": 68.81336244304825, "learning_rate": 0.050210016353084426, "optimizer": 0.9668383622343777, "pooling_algorithm": 0.2076058143885715}, "datetime": {"datetime": "2023-11-18 21:05:36", "elapsed": 7762.876437, "delta": 9.760379}},
{"target": 0.9053571428571429, "params": {"activation_function": 0.8134893487658512, "amount_of_layers": 6.322611676190115, "batch_size": 85.29966021046381, "dropout_rate": 0.42064480487948064, "epochs": 81.65821831955817, "hidden_channels": 92.16180210173269, "learning_rate": 0.05103370994161471, "optimizer": 1.14157923217952, "pooling_algorithm": 0.604528364168429}, "datetime": {"datetime": "2023-11-18 21:05:42", "elapsed": 7769.088882, "delta": 6.212445}},
{"target": 0.9035714285714285, "params": {"activation_function": 0.2990093324792673, "amount_of_layers": 8.243599147274603, "batch_size": 58.12667592519127, "dropout_rate": 0.33735024306539707, "epochs": 44.386769628410285, "hidden_channels": 101.88224590747825, "learning_rate": 0.09680373843243843, "optimizer": 0.04096053934703314, "pooling_algorithm": 0.6794920291047607}, "datetime": {"datetime": "2023-11-18 21:05:47", "elapsed": 7774.314438, "delta": 5.225556}},
{"target": 0.9142857142857143, "params": {"activation_function": 0.32633646097526037, "amount_of_layers": 1.98354058963388, "batch_size": 49.43778136540859, "dropout_rate": 0.3966897939052631, "epochs": 44.40154951821797, "hidden_channels": 113.89219300674166, "learning_rate": 0.08757915613551216, "optimizer": 0.33149641332067503, "pooling_algorithm": 0.6649317693119848}, "datetime": {"datetime": "2023-11-18 21:05:51", "elapsed": 7778.28218, "delta": 3.967742}},
{"target": 0.7285714285714286, "params": {"activation_function": 0.738276829818858, "amount_of_layers": 8.227719302175693, "batch_size": 65.56610327435166, "dropout_rate": 0.27466636645571857, "epochs": 185.34534952791424, "hidden_channels": 38.758000427391835, "learning_rate": 0.0676877928844817, "optimizer": 0.6463039259463375, "pooling_algorithm": 0.03515700554455581}, "datetime": {"datetime": "2023-11-18 21:06:04", "elapsed": 7791.569696, "delta": 13.287516}},
{"target": 0.9142857142857143, "params": {"activation_function": 0.38627776958450344, "amount_of_layers": 8.507327148117831, "batch_size": 134.77808584081458, "dropout_rate": 0.5492366472266978, "epochs": 14.205631816733934, "hidden_channels": 119.74554537494481, "learning_rate": 0.07771422527871912, "optimizer": 0.8927155882636644, "pooling_algorithm": 0.7840088758901146}, "datetime": {"datetime": "2023-11-18 21:06:08", "elapsed": 7795.180315, "delta": 3.610619}},
{"target": 0.9089285714285714, "params": {"activation_function": 0.22692931788050208, "amount_of_layers": 1.904909280093813, "batch_size": 66.88441010878574, "dropout_rate": 0.2904010731237704, "epochs": 183.99725480971512, "hidden_channels": 38.81464651991071, "learning_rate": 0.09170858551693739, "optimizer": 0.651768901230926, "pooling_algorithm": 0.6452433179332532}, "datetime": {"datetime": "2023-11-18 21:06:16", "elapsed": 7802.956954, "delta": 7.776639}},
{"target": 0.9142857142857143, "params": {"activation_function": 1.4940755116145836, "amount_of_layers": 6.61671767688281, "batch_size": 57.63775098208429, "dropout_rate": 0.6597227221664965, "epochs": 119.86412597333768, "hidden_channels": 13.368443814773023, "learning_rate": 0.020025308935393168, "optimizer": 1.5006014130918652, "pooling_algorithm": 0.9431823054095374}, "datetime": {"datetime": "2023-11-18 21:06:22", "elapsed": 7809.672133, "delta": 6.715179}},
{"target": 0.725, "params": {"activation_function": 1.979111460330066, "amount_of_layers": 6.378999290183333, "batch_size": 74.42380691862137, "dropout_rate": 0.7084104902031253, "epochs": 23.492375493257043, "hidden_channels": 12.106403472985782, "learning_rate": 0.05694661601567729, "optimizer": 1.2858545809766833, "pooling_algorithm": 0.033588007612221915}, "datetime": {"datetime": "2023-11-18 21:06:26", "elapsed": 7813.182486, "delta": 3.510353}},
{"target": 0.825, "params": {"activation_function": 0.09995179696479295, "amount_of_layers": 6.175758762401475, "batch_size": 93.38666819379887, "dropout_rate": 0.27610150861056704, "epochs": 88.33611492254362, "hidden_channels": 72.46085477546134, "learning_rate": 0.09819274278615288, "optimizer": 0.12767165862870455, "pooling_algorithm": 0.0760960662310286}, "datetime": {"datetime": "2023-11-18 21:06:36", "elapsed": 7823.142386, "delta": 9.9599}},
{"target": 0.9142857142857143, "params": {"activation_function": 1.4228237579719134, "amount_of_layers": 3.6117370952384595, "batch_size": 126.53066776894038, "dropout_rate": 0.28134744568493797, "epochs": 163.64545971967334, "hidden_channels": 74.75260210583156, "learning_rate": 0.0699731000577385, "optimizer": 0.615855585460007, "pooling_algorithm": 0.8197338330095746}, "datetime": {"datetime": "2023-11-18 21:06:45", "elapsed": 7832.266573, "delta": 9.124187}},
{"target": 0.2589285714285714, "params": {"activation_function": 1.5081589786568315, "amount_of_layers": 6.601468027746148, "batch_size": 28.791323481822765, "dropout_rate": 0.37790784138223205, "epochs": 112.59856540406903, "hidden_channels": 74.80346201199542, "learning_rate": 0.04024999406461753, "optimizer": 1.7055527603531162, "pooling_algorithm": 0.3392685895950234}, "datetime": {"datetime": "2023-11-18 21:06:55", "elapsed": 7841.950108, "delta": 9.683535}},
{"target": 0.0, "params": {"activation_function": 0.7206154163325629, "amount_of_layers": 7.396660314254419, "batch_size": 94.25349943050678, "dropout_rate": 0.44188048837488014, "epochs": 146.23941382407705, "hidden_channels": 81.73692367668268, "learning_rate": 0.09655967873505428, "optimizer": 0.39822608904525447, "pooling_algorithm": 0.5518328498086769}, "datetime": {"datetime": "2023-11-18 21:07:04", "elapsed": 7851.418309, "delta": 9.468201}},
{"target": 0.7339285714285715, "params": {"activation_function": 1.4051623729179255, "amount_of_layers": 8.524017540260084, "batch_size": 68.36513194648592, "dropout_rate": 0.47364413885937506, "epochs": 118.72309676110675, "hidden_channels": 38.8605451245001, "learning_rate": 0.008020850078551738, "optimizer": 0.6600764129168617, "pooling_algorithm": 0.16785999127514184}, "datetime": {"datetime": "2023-11-18 21:07:12", "elapsed": 7859.77797, "delta": 8.359661}},
{"target": 0.7392857142857143, "params": {"activation_function": 0.5717242376714553, "amount_of_layers": 7.564472463924681, "batch_size": 119.03726228611445, "dropout_rate": 0.6749279804404793, "epochs": 81.37534839862477, "hidden_channels": 45.063357571843866, "learning_rate": 0.03309874130950025, "optimizer": 0.4414877944439741, "pooling_algorithm": 0.20569476115705299}, "datetime": {"datetime": "2023-11-18 21:07:18", "elapsed": 7865.056813, "delta": 5.278843}},
{"target": 0.7321428571428572, "params": {"activation_function": 0.9112108804391166, "amount_of_layers": 8.91032822828426, "batch_size": 58.96164776682722, "dropout_rate": 0.6747343930246004, "epochs": 92.30265665289383, "hidden_channels": 38.88341674971523, "learning_rate": 0.02435935739970557, "optimizer": 0.9303643953774678, "pooling_algorithm": 0.3650316148588859}, "datetime": {"datetime": "2023-11-18 21:07:25", "elapsed": 7872.002123, "delta": 6.94531}},
{"target": 0.85, "params": {"activation_function": 1.329038014959884, "amount_of_layers": 3.230672094384742, "batch_size": 64.47904208160352, "dropout_rate": 0.31036503418588385, "epochs": 183.1601290978108, "hidden_channels": 34.09470819461763, "learning_rate": 0.024752549819947494, "optimizer": 0.9760982026590299, "pooling_algorithm": 0.3787940584394719}, "datetime": {"datetime": "2023-11-18 21:07:34", "elapsed": 7880.955551, "delta": 8.953428}},
{"target": 0.7392857142857143, "params": {"activation_function": 1.4921848593183848, "amount_of_layers": 5.8344075927519645, "batch_size": 141.62499636006598, "dropout_rate": 0.5432882483684021, "epochs": 73.0666299099025, "hidden_channels": 89.29561774837474, "learning_rate": 0.08481726743266861, "optimizer": 0.2598667535260437, "pooling_algorithm": 0.3921932991448073}, "datetime": {"datetime": "2023-11-18 21:07:39", "elapsed": 7886.705884, "delta": 5.750333}},
{"target": 0.9035714285714286, "params": {"activation_function": 0.8807629914659505, "amount_of_layers": 8.54753595999114, "batch_size": 136.68186108858964, "dropout_rate": 0.4256370667648577, "epochs": 195.38567772550869, "hidden_channels": 82.69146404859892, "learning_rate": 0.038447063934002115, "optimizer": 0.9621543629448059, "pooling_algorithm": 0.9756169527829712}, "datetime": {"datetime": "2023-11-18 21:07:54", "elapsed": 7901.308074, "delta": 14.60219}},
{"target": 0.8071428571428572, "params": {"activation_function": 0.27880221855113296, "amount_of_layers": 3.9076132690714696, "batch_size": 93.74304953233316, "dropout_rate": 0.5624540405067062, "epochs": 105.02768261878883, "hidden_channels": 8.3411881584823, "learning_rate": 0.01606016715997482, "optimizer": 0.5840653932265336, "pooling_algorithm": 0.015584270070433837}, "datetime": {"datetime": "2023-11-18 21:07:59", "elapsed": 7906.308376, "delta": 5.000302}},
{"target": 0.8267857142857142, "params": {"activation_function": 0.5455197500441897, "amount_of_layers": 1.332872478550784, "batch_size": 122.3480669884938, "dropout_rate": 0.465020338291999, "epochs": 153.60314461981184, "hidden_channels": 59.4767483238822, "learning_rate": 0.013539026813631394, "optimizer": 0.8969485323049933, "pooling_algorithm": 0.4911431344091114}, "datetime": {"datetime": "2023-11-18 21:08:06", "elapsed": 7913.323983, "delta": 7.015607}},
{"target": 0.7071428571428571, "params": {"activation_function": 0.7542379849905065, "amount_of_layers": 4.864498228403788, "batch_size": 64.57727349559471, "dropout_rate": 0.35436664795767064, "epochs": 117.04963337438907, "hidden_channels": 45.39181387006651, "learning_rate": 0.01772378727492611, "optimizer": 0.8694487691329214, "pooling_algorithm": 0.412604035056652}, "datetime": {"datetime": "2023-11-18 21:08:13", "elapsed": 7920.044657, "delta": 6.720674}},
{"target": 0.9035714285714286, "params": {"activation_function": 1.4664153919322358, "amount_of_layers": 7.727188512405346, "batch_size": 31.10290623976929, "dropout_rate": 0.26838736144278896, "epochs": 80.44179937958549, "hidden_channels": 127.60079341324722, "learning_rate": 0.026188366907477136, "optimizer": 1.2693319423105314, "pooling_algorithm": 0.7862320568015448}, "datetime": {"datetime": "2023-11-18 21:08:22", "elapsed": 7928.985395, "delta": 8.940738}},
{"target": 0.7410714285714286, "params": {"activation_function": 1.0595003423238998, "amount_of_layers": 8.777322378386586, "batch_size": 65.78745083009213, "dropout_rate": 0.6846034718649165, "epochs": 184.10353537924897, "hidden_channels": 37.33681830681518, "learning_rate": 0.06283980815019417, "optimizer": 0.0447308611944941, "pooling_algorithm": 0.04063431805225437}, "datetime": {"datetime": "2023-11-18 21:08:37", "elapsed": 7943.898028, "delta": 14.912633}},
{"target": 0.7892857142857144, "params": {"activation_function": 0.8969524343794633, "amount_of_layers": 1.5854532108709547, "batch_size": 117.33729358124444, "dropout_rate": 0.3549220637918597, "epochs": 39.16874474603917, "hidden_channels": 71.22269057374226, "learning_rate": 0.006101747605209713, "optimizer": 1.0941588657392034, "pooling_algorithm": 0.39130747646826713}, "datetime": {"datetime": "2023-11-18 21:08:40", "elapsed": 7947.333918, "delta": 3.43589}},
{"target": 0.6767857142857143, "params": {"activation_function": 1.3580689355988884, "amount_of_layers": 6.267778277148585, "batch_size": 16.444343482124335, "dropout_rate": 0.54237787978009, "epochs": 188.17816831606464, "hidden_channels": 16.731907198552214, "learning_rate": 0.059031519546249, "optimizer": 1.9625730972100883, "pooling_algorithm": 0.14313988089756657}, "datetime": {"datetime": "2023-11-18 21:08:57", "elapsed": 7964.26449, "delta": 16.930572}},
