{"target": 0.85, "params": {"activation_function": 1.7670685910906268, "amount_of_layers": 2.0237767284350348, "batch_size": 129.78386256960783, "dropout_rate": 0.2560815219071463, "epochs": 39.104634874165214, "hidden_channels": 114.78537632246655, "learning_rate": 0.03270137899722969, "optimizer": 1.085187822727059, "pooling_algorithm": 0.5341718889789335}, "datetime": {"datetime": "2023-11-19 00:50:24", "elapsed": 21251.707025, "delta": 64.403712}},
{"target": 0.9142857142857143, "params": {"activation_function": 0.7225955282532088, "amount_of_layers": 2.543064442387309, "batch_size": 142.7075999772942, "dropout_rate": 0.7018950166384637, "epochs": 88.09845501791735, "hidden_channels": 25.535582985893672, "learning_rate": 0.029624508777113805, "optimizer": 0.9869969701156225, "pooling_algorithm": 0.9598011830132079}, "datetime": {"datetime": "2023-11-19 00:50:35", "elapsed": 21262.002392, "delta": 10.295367}},
{"target": 0.8214285714285715, "params": {"activation_function": 1.8271417079394014, "amount_of_layers": 4.488461223633159, "batch_size": 97.28092473019699, "dropout_rate": 0.7167413996223714, "epochs": 195.71422785482508, "hidden_channels": 108.73216048855558, "learning_rate": 0.055116580593520155, "optimizer": 0.2507956745253286, "pooling_algorithm": 0.23529957682701264}, "datetime": {"datetime": "2023-11-19 00:50:51", "elapsed": 21278.347729, "delta": 16.345337}},
{"target": 0.4, "params": {"activation_function": 1.9413650479987499, "amount_of_layers": 4.419140794358928, "batch_size": 61.047683225181814, "dropout_rate": 0.6261848288164751, "epochs": 154.30248759139036, "hidden_channels": 30.112023591821146, "learning_rate": 0.0755610392776718, "optimizer": 0.6840803308083501, "pooling_algorithm": 0.7650408604242701}, "datetime": {"datetime": "2023-11-19 00:51:04", "elapsed": 21291.791305, "delta": 13.443576}},
{"target": 0.0, "params": {"activation_function": 1.9401800700335619, "amount_of_layers": 4.694104406785959, "batch_size": 86.3449420455972, "dropout_rate": 0.2943082240168575, "epochs": 105.39051123329816, "hidden_channels": 10.434802964409652, "learning_rate": 0.05048495082812963, "optimizer": 0.3045887956653517, "pooling_algorithm": 0.886364718929413}, "datetime": {"datetime": "2023-11-19 00:51:15", "elapsed": 21301.997861, "delta": 10.206556}},
{"target": 0.7500000000000001, "params": {"activation_function": 1.2978947349001084, "amount_of_layers": 2.914547536542682, "batch_size": 77.04768244428374, "dropout_rate": 0.5309198334246552, "epochs": 15.835801138185605, "hidden_channels": 118.07928277422448, "learning_rate": 0.007170322352180357, "optimizer": 0.6741213665187191, "pooling_algorithm": 0.4197584077581886}, "datetime": {"datetime": "2023-11-19 00:51:24", "elapsed": 21311.181378, "delta": 9.183517}},
{"target": 0.9035714285714287, "params": {"activation_function": 1.3584338360330201, "amount_of_layers": 4.623674833119242, "batch_size": 120.88201361554735, "dropout_rate": 0.27377081738780656, "epochs": 10.137913534725577, "hidden_channels": 10.783902533473888, "learning_rate": 0.011980938070925023, "optimizer": 1.806674093426408, "pooling_algorithm": 0.8836506684378931}, "datetime": {"datetime": "2023-11-19 00:51:33", "elapsed": 21320.791041, "delta": 9.609663}},
{"target": 0.9178571428571429, "params": {"activation_function": 0.6493191557588558, "amount_of_layers": 1.6056797727834944, "batch_size": 39.812602561592364, "dropout_rate": 0.6909748281392619, "epochs": 103.60072692261782, "hidden_channels": 55.36030843811819, "learning_rate": 0.04575270715924144, "optimizer": 1.0302358082064782, "pooling_algorithm": 0.9078880346752002}, "datetime": {"datetime": "2023-11-19 00:51:45", "elapsed": 21332.503743, "delta": 11.712702}},
{"target": 0.5, "params": {"activation_function": 0.2518142563255297, "amount_of_layers": 8.653141297123563, "batch_size": 37.695170264563515, "dropout_rate": 0.5808826647995297, "epochs": 178.13482016245553, "hidden_channels": 54.387653832757984, "learning_rate": 0.010713198765440086, "optimizer": 0.7043124608290365, "pooling_algorithm": 0.3657861323588594}, "datetime": {"datetime": "2023-11-19 00:52:02", "elapsed": 21349.398867, "delta": 16.895124}},
{"target": 0.7428571428571429, "params": {"activation_function": 1.19571310737192, "amount_of_layers": 8.69562246948621, "batch_size": 80.63611459691077, "dropout_rate": 0.43866974099680917, "epochs": 40.780098349592485, "hidden_channels": 103.62532254275857, "learning_rate": 0.08374278874217171, "optimizer": 0.2463260879452258, "pooling_algorithm": 0.06094129015123362}, "datetime": {"datetime": "2023-11-19 00:52:12", "elapsed": 21359.039876, "delta": 9.641009}},
{"target": 0.0982142857142857, "params": {"activation_function": 1.594841326524959, "amount_of_layers": 2.649475207439629, "batch_size": 125.98221938564079, "dropout_rate": 0.3818302277665893, "epochs": 163.86001218409334, "hidden_channels": 75.98504336154602, "learning_rate": 0.07314695140863245, "optimizer": 1.2375238691568171, "pooling_algorithm": 0.9926246182547472}, "datetime": {"datetime": "2023-11-19 00:52:55", "elapsed": 21402.169215, "delta": 43.129339}},
{"target": 0.9107142857142857, "params": {"activation_function": 0.9982398580862353, "amount_of_layers": 2.972740266435249, "batch_size": 128.17904556230857, "dropout_rate": 0.4918804732926936, "epochs": 164.16390898899965, "hidden_channels": 75.16809230075303, "learning_rate": 0.019057019551627745, "optimizer": 1.7983098976217613, "pooling_algorithm": 0.8166035268065974}, "datetime": {"datetime": "2023-11-19 00:53:32", "elapsed": 21439.746061, "delta": 37.576846}},
{"target": 0.9053571428571429, "params": {"activation_function": 1.1120503561187367, "amount_of_layers": 3.4561107902461163, "batch_size": 129.35202066046202, "dropout_rate": 0.25886151454788753, "epochs": 163.733271754791, "hidden_channels": 75.27314715657928, "learning_rate": 0.05316601935090353, "optimizer": 1.843905107946377, "pooling_algorithm": 0.8816272636488787}, "datetime": {"datetime": "2023-11-19 00:54:35", "elapsed": 21501.958792, "delta": 62.212731}},
{"target": 0.0, "params": {"activation_function": 0.03433634058307655, "amount_of_layers": 5.944342101744499, "batch_size": 137.62223809731387, "dropout_rate": 0.2985722803499644, "epochs": 133.9781384747572, "hidden_channels": 118.40959713123306, "learning_rate": 0.08929825360345428, "optimizer": 1.854638517441073, "pooling_algorithm": 0.11898345565337276}, "datetime": {"datetime": "2023-11-19 00:55:12", "elapsed": 21538.943324, "delta": 36.984532}},
{"target": 0.7428571428571429, "params": {"activation_function": 1.3124883325142147, "amount_of_layers": 5.320278468924167, "batch_size": 29.05770835037236, "dropout_rate": 0.5487699417988406, "epochs": 189.03604519724604, "hidden_channels": 95.77331503057187, "learning_rate": 0.001466943693534328, "optimizer": 1.6781461834189817, "pooling_algorithm": 0.10323035048971929}, "datetime": {"datetime": "2023-11-19 00:55:30", "elapsed": 21557.738779, "delta": 18.795455}},
{"target": 0.9196428571428572, "params": {"activation_function": 0.09355817581673875, "amount_of_layers": 5.5054579838464255, "batch_size": 114.83709973605505, "dropout_rate": 0.45270908586951675, "epochs": 157.88593190768896, "hidden_channels": 21.517972607660262, "learning_rate": 0.09531304811439069, "optimizer": 1.5295519668716475, "pooling_algorithm": 0.8557145357214658}, "datetime": {"datetime": "2023-11-19 00:55:44", "elapsed": 21571.052659, "delta": 13.31388}},
{"target": 0.5, "params": {"activation_function": 0.339743658355379, "amount_of_layers": 5.487936711877261, "batch_size": 47.13372188190631, "dropout_rate": 0.654726651568137, "epochs": 184.84428440179792, "hidden_channels": 111.89851619140565, "learning_rate": 0.018203108098053915, "optimizer": 1.1581766897217431, "pooling_algorithm": 0.4452151895856449}, "datetime": {"datetime": "2023-11-19 00:56:30", "elapsed": 21616.862715, "delta": 45.810056}},
{"target": 0.0, "params": {"activation_function": 1.516797487600732, "amount_of_layers": 8.487886073503871, "batch_size": 23.02826930058096, "dropout_rate": 0.3831130569451978, "epochs": 164.2167331644262, "hidden_channels": 79.96165178234429, "learning_rate": 0.06012172667428844, "optimizer": 1.1817957951888485, "pooling_algorithm": 0.2318726868526234}, "datetime": {"datetime": "2023-11-19 00:56:51", "elapsed": 21638.01965, "delta": 21.156935}},
{"target": 0.9, "params": {"activation_function": 0.3147095408162266, "amount_of_layers": 5.861398006885988, "batch_size": 77.97696943599418, "dropout_rate": 0.484506931173326, "epochs": 138.286491373618, "hidden_channels": 56.998224961436776, "learning_rate": 0.03718097563963254, "optimizer": 0.41750273960662354, "pooling_algorithm": 0.7210184681927121}, "datetime": {"datetime": "2023-11-19 00:57:26", "elapsed": 21673.551342, "delta": 35.531692}},
{"target": 0.26785714285714285, "params": {"activation_function": 0.5776553111470393, "amount_of_layers": 8.687523601632819, "batch_size": 127.90914840143267, "dropout_rate": 0.29048983272353945, "epochs": 47.544754732766584, "hidden_channels": 32.719286719828744, "learning_rate": 0.041144474914197086, "optimizer": 0.7353062922263793, "pooling_algorithm": 0.4308681148983575}, "datetime": {"datetime": "2023-11-19 00:58:13", "elapsed": 21720.207094, "delta": 46.655752}},
{"target": 0.9017857142857143, "params": {"activation_function": 0.5210483117898244, "amount_of_layers": 4.470758759282394, "batch_size": 63.110499053448095, "dropout_rate": 0.5601460851054167, "epochs": 90.28138351966669, "hidden_channels": 48.62990348191863, "learning_rate": 0.05763111124263946, "optimizer": 1.1020834607419054, "pooling_algorithm": 0.6515815337112533}, "datetime": {"datetime": "2023-11-19 00:58:57", "elapsed": 21764.087731, "delta": 43.880637}},
{"target": 0.9089285714285714, "params": {"activation_function": 0.4812413185804154, "amount_of_layers": 2.176033755705796, "batch_size": 137.4984042417636, "dropout_rate": 0.5215015881311065, "epochs": 79.83805545869751, "hidden_channels": 127.73550629519833, "learning_rate": 0.0667405050155955, "optimizer": 1.1790390112351659, "pooling_algorithm": 0.9006927761551906}, "datetime": {"datetime": "2023-11-19 00:59:08", "elapsed": 21775.055452, "delta": 10.967721}},
{"target": 0.9107142857142857, "params": {"activation_function": 0.5835301776110062, "amount_of_layers": 4.23803990921968, "batch_size": 16.831787617585633, "dropout_rate": 0.4835836709782383, "epochs": 187.64168646194483, "hidden_channels": 15.272526446017121, "learning_rate": 0.024023694686025773, "optimizer": 1.4476947878230944, "pooling_algorithm": 0.6886272642573359}, "datetime": {"datetime": "2023-11-19 00:59:52", "elapsed": 21819.169061, "delta": 44.113609}},
{"target": 0.8178571428571428, "params": {"activation_function": 1.6943524496555447, "amount_of_layers": 1.719095974695338, "batch_size": 142.28443068090837, "dropout_rate": 0.6113197328954378, "epochs": 79.78209764750923, "hidden_channels": 91.61735940100591, "learning_rate": 0.024203836505109964, "optimizer": 1.1911332705461022, "pooling_algorithm": 0.24467904941768526}, "datetime": {"datetime": "2023-11-19 01:00:03", "elapsed": 21830.33992, "delta": 11.170859}},
{"target": 0.9035714285714286, "params": {"activation_function": 0.9293520217103868, "amount_of_layers": 3.0772222772087954, "batch_size": 21.247348032615378, "dropout_rate": 0.7311048910037498, "epochs": 165.64205600514052, "hidden_channels": 108.157455796511, "learning_rate": 0.07324405808922758, "optimizer": 1.6828120506918658, "pooling_algorithm": 0.83973215675172}, "datetime": {"datetime": "2023-11-19 01:00:23", "elapsed": 21850.378415, "delta": 20.038495}},
{"target": 0.9178571428571429, "params": {"activation_function": 0.8096131874973549, "amount_of_layers": 3.4475304605801336, "batch_size": 47.920694461030756, "dropout_rate": 0.6291505125311638, "epochs": 122.68384751510565, "hidden_channels": 53.74772560051441, "learning_rate": 0.028911527299904854, "optimizer": 0.4715163419398738, "pooling_algorithm": 0.8880044103828476}, "datetime": {"datetime": "2023-11-19 01:01:11", "elapsed": 21897.937635, "delta": 47.55922}},
{"target": 0.9089285714285714, "params": {"activation_function": 0.015857421124679045, "amount_of_layers": 8.536784472059328, "batch_size": 50.048426219884924, "dropout_rate": 0.3838112919058121, "epochs": 135.1444117439991, "hidden_channels": 43.792244912969736, "learning_rate": 0.08641596500769842, "optimizer": 1.48556699287231, "pooling_algorithm": 0.9561121366435792}, "datetime": {"datetime": "2023-11-19 01:01:56", "elapsed": 21943.263982, "delta": 45.326347}},
{"target": 0.5089285714285714, "params": {"activation_function": 0.0732495110670135, "amount_of_layers": 4.714533860444508, "batch_size": 136.00484342980872, "dropout_rate": 0.5821584806743711, "epochs": 153.87631486808897, "hidden_channels": 63.20781409462224, "learning_rate": 0.08029399928960171, "optimizer": 0.7047079044389422, "pooling_algorithm": 0.36175867903610226}, "datetime": {"datetime": "2023-11-19 01:02:09", "elapsed": 21956.641397, "delta": 13.377415}},
{"target": 0.9107142857142857, "params": {"activation_function": 0.3570949727746182, "amount_of_layers": 7.82780300231776, "batch_size": 111.62829094687336, "dropout_rate": 0.4232931610324006, "epochs": 13.35468751403316, "hidden_channels": 92.77574621885796, "learning_rate": 0.06904795761431186, "optimizer": 1.8857522308058088, "pooling_algorithm": 0.8480939885127152}, "datetime": {"datetime": "2023-11-19 01:02:18", "elapsed": 21965.481823, "delta": 8.840426}},
{"target": 0.9142857142857143, "params": {"activation_function": 0.712744467486671, "amount_of_layers": 3.94405751540981, "batch_size": 108.78499029049453, "dropout_rate": 0.45199732819295596, "epochs": 84.48533271398554, "hidden_channels": 115.02052348428684, "learning_rate": 0.005286070020431491, "optimizer": 1.8770326507445505, "pooling_algorithm": 0.6092360677970576}, "datetime": {"datetime": "2023-11-19 01:02:58", "elapsed": 22004.969513, "delta": 39.48769}},
{"target": 0.9178571428571429, "params": {"activation_function": 0.22637985849990638, "amount_of_layers": 5.598436806803263, "batch_size": 49.84651193749599, "dropout_rate": 0.44914121833248466, "epochs": 140.15640631724312, "hidden_channels": 11.543981153701592, "learning_rate": 0.0886107008808996, "optimizer": 1.6029150397884981, "pooling_algorithm": 0.7712421507523678}, "datetime": {"datetime": "2023-11-19 01:03:45", "elapsed": 22052.367937, "delta": 47.398424}},
{"target": 0.26785714285714285, "params": {"activation_function": 1.280108354382675, "amount_of_layers": 5.265650277637171, "batch_size": 33.72253895821053, "dropout_rate": 0.45630574221073594, "epochs": 150.25924413932634, "hidden_channels": 92.61075831474561, "learning_rate": 0.03137579534331365, "optimizer": 0.589217279834545, "pooling_algorithm": 0.27152152453168665}, "datetime": {"datetime": "2023-11-19 01:04:01", "elapsed": 22068.173217, "delta": 15.80528}},
{"target": 0.7321428571428572, "params": {"activation_function": 0.9169714920878, "amount_of_layers": 4.004211024500377, "batch_size": 48.69589893342431, "dropout_rate": 0.31060826934081714, "epochs": 138.32412727588894, "hidden_channels": 66.23201284876963, "learning_rate": 0.03892493050963552, "optimizer": 1.1913608132941949, "pooling_algorithm": 0.43924420353463867}, "datetime": {"datetime": "2023-11-19 01:04:16", "elapsed": 22083.566781, "delta": 15.393564}},
{"target": 0.26607142857142857, "params": {"activation_function": 0.5316215232903296, "amount_of_layers": 3.630572343620032, "batch_size": 105.79300215156061, "dropout_rate": 0.3593697803696859, "epochs": 24.248826921932498, "hidden_channels": 25.241203140898467, "learning_rate": 0.06558141874677953, "optimizer": 1.1144791676823227, "pooling_algorithm": 0.23745986034742217}, "datetime": {"datetime": "2023-11-19 01:04:56", "elapsed": 22123.194034, "delta": 39.627253}},
{"target": 0.9142857142857143, "params": {"activation_function": 0.7915813978063027, "amount_of_layers": 4.01623740729636, "batch_size": 29.178963757859766, "dropout_rate": 0.3945103452967778, "epochs": 98.8510703819161, "hidden_channels": 13.22424531638416, "learning_rate": 0.08115297695961655, "optimizer": 0.20519284930052173, "pooling_algorithm": 0.5533486424413507}, "datetime": {"datetime": "2023-11-19 01:05:09", "elapsed": 22136.161736, "delta": 12.967702}},
{"target": 0.6071428571428571, "params": {"activation_function": 0.9432884220003397, "amount_of_layers": 1.6673754937101508, "batch_size": 64.30510899548251, "dropout_rate": 0.400265483333683, "epochs": 183.33039076924717, "hidden_channels": 37.39958353336903, "learning_rate": 0.0691259081599152, "optimizer": 0.09291309308120321, "pooling_algorithm": 0.1588251552540325}, "datetime": {"datetime": "2023-11-19 01:05:49", "elapsed": 22175.877886, "delta": 39.71615}},
{"target": 0.7357142857142857, "params": {"activation_function": 1.0179194872086528, "amount_of_layers": 4.9581646673725785, "batch_size": 28.584378345275418, "dropout_rate": 0.4445444361077462, "epochs": 98.86964495878503, "hidden_channels": 13.332445848846268, "learning_rate": 0.07994448477908221, "optimizer": 0.22590682180086508, "pooling_algorithm": 0.33659864494784053}, "datetime": {"datetime": "2023-11-19 01:06:29", "elapsed": 22216.640643, "delta": 40.762757}},
{"target": 0.8, "params": {"activation_function": 1.9632446461794246, "amount_of_layers": 7.718656238085624, "batch_size": 72.14581206130941, "dropout_rate": 0.3229124835423516, "epochs": 109.7813902656954, "hidden_channels": 31.103288713601376, "learning_rate": 0.06265803620287809, "optimizer": 0.33639053860180845, "pooling_algorithm": 0.4431618108159536}, "datetime": {"datetime": "2023-11-19 01:06:43", "elapsed": 22230.177006, "delta": 13.536363}},
{"target": 0.9035714285714286, "params": {"activation_function": 0.8209815787267545, "amount_of_layers": 6.905596597161389, "batch_size": 59.14416505031034, "dropout_rate": 0.37983570311059267, "epochs": 183.02150243128935, "hidden_channels": 101.93362824680626, "learning_rate": 0.058387161047867765, "optimizer": 0.058426895277144286, "pooling_algorithm": 0.6450258390666518}, "datetime": {"datetime": "2023-11-19 01:07:25", "elapsed": 22271.946831, "delta": 41.769825}},
{"target": 0.9089285714285714, "params": {"activation_function": 0.4102789844121364, "amount_of_layers": 5.033208404022671, "batch_size": 20.609683058136284, "dropout_rate": 0.32439100480378974, "epochs": 168.02032516391006, "hidden_channels": 86.0220880155033, "learning_rate": 0.033352549777452695, "optimizer": 1.3097599927182682, "pooling_algorithm": 0.5868626329239977}, "datetime": {"datetime": "2023-11-19 01:08:18", "elapsed": 22324.899331, "delta": 52.9525}},
{"target": 0.7125, "params": {"activation_function": 0.9558486028078945, "amount_of_layers": 4.014795287895979, "batch_size": 56.092425986908154, "dropout_rate": 0.48122157173919017, "epochs": 23.233425361017872, "hidden_channels": 53.565520514947096, "learning_rate": 0.06829725362130956, "optimizer": 0.7971323185953676, "pooling_algorithm": 0.049635968599721636}, "datetime": {"datetime": "2023-11-19 01:08:58", "elapsed": 22365.663778, "delta": 40.764447}},
{"target": 0.8964285714285715, "params": {"activation_function": 1.4712545249672946, "amount_of_layers": 4.620799430695307, "batch_size": 78.94038281464103, "dropout_rate": 0.40348862120760176, "epochs": 53.42173052586244, "hidden_channels": 61.92392976279892, "learning_rate": 0.09688432133922235, "optimizer": 1.6093919866009225, "pooling_algorithm": 0.9040406337890331}, "datetime": {"datetime": "2023-11-19 01:09:09", "elapsed": 22376.145119, "delta": 10.481341}},
{"target": 0.7321428571428571, "params": {"activation_function": 1.0137607730258313, "amount_of_layers": 4.192406252559623, "batch_size": 85.56669931203264, "dropout_rate": 0.32601084561489685, "epochs": 139.63469726964541, "hidden_channels": 41.13269017045768, "learning_rate": 0.01096101632220143, "optimizer": 1.9665877245157293, "pooling_algorithm": 0.2764927813983289}, "datetime": {"datetime": "2023-11-19 01:09:20", "elapsed": 22386.918562, "delta": 10.773443}},
{"target": 0.8892857142857142, "params": {"activation_function": 1.957625717433494, "amount_of_layers": 6.791858064438872, "batch_size": 104.37186660231994, "dropout_rate": 0.5806377154726898, "epochs": 57.17670370912399, "hidden_channels": 88.59996308127229, "learning_rate": 0.011434805671306902, "optimizer": 0.47056408266348226, "pooling_algorithm": 0.6446127195047109}, "datetime": {"datetime": "2023-11-19 01:09:31", "elapsed": 22398.393096, "delta": 11.474534}},
{"target": 0.0, "params": {"activation_function": 1.9680322898344675, "amount_of_layers": 1.9675152345325575, "batch_size": 76.63301513108638, "dropout_rate": 0.25337356072237505, "epochs": 86.99894954560361, "hidden_channels": 50.09308865962152, "learning_rate": 0.0835484024091764, "optimizer": 0.30179837715346225, "pooling_algorithm": 0.780312699770472}, "datetime": {"datetime": "2023-11-19 01:09:41", "elapsed": 22408.288541, "delta": 9.895445}},
{"target": 0.9, "params": {"activation_function": 0.8283316876132207, "amount_of_layers": 2.784546230473693, "batch_size": 18.2552081522813, "dropout_rate": 0.6898818085628975, "epochs": 161.7798211570479, "hidden_channels": 20.937900224747533, "learning_rate": 0.010983585881988552, "optimizer": 1.4870110182043836, "pooling_algorithm": 0.6701517514695987}, "datetime": {"datetime": "2023-11-19 01:09:57", "elapsed": 22424.15562, "delta": 15.867079}},
{"target": 0.7446428571428572, "params": {"activation_function": 1.8293371397033533, "amount_of_layers": 1.1277544637884418, "batch_size": 75.73607336074505, "dropout_rate": 0.4758701705247978, "epochs": 123.58028716012554, "hidden_channels": 95.72964417775333, "learning_rate": 0.09906164460650228, "optimizer": 1.3788970190645804, "pooling_algorithm": 0.46288386249947233}, "datetime": {"datetime": "2023-11-19 01:10:09", "elapsed": 22436.138876, "delta": 11.983256}},
