{"target": 0.817857142857143, "params": {"activation_function": 1.6896921732156418, "amount_of_layers": 4.225242826233496, "batch_size": 122.11376879980146, "dropout_rate": 0.4091996972964154, "epochs": 11.270678126235925, "hidden_channels": 121.47893454336186, "learning_rate": 0.00845292783535607, "optimizer": 0.8701653723570424, "pooling_algorithm": 0.2413088758285773}, "datetime": {"datetime": "2023-11-18 22:26:31", "elapsed": 12618.634743, "delta": 5.126652}},
{"target": 0.9035714285714286, "params": {"activation_function": 0.6470674597877066, "amount_of_layers": 7.291836123362476, "batch_size": 28.812442959297094, "dropout_rate": 0.6988218826030946, "epochs": 179.28925754949356, "hidden_channels": 65.99794093036395, "learning_rate": 0.019563259056144318, "optimizer": 1.6728884699538908, "pooling_algorithm": 0.8933721501791436}, "datetime": {"datetime": "2023-11-18 22:26:47", "elapsed": 12634.540522, "delta": 15.905779}},
{"target": 0.7339285714285715, "params": {"activation_function": 1.4674701184117882, "amount_of_layers": 7.49020213181253, "batch_size": 100.1248269737987, "dropout_rate": 0.300052180299178, "epochs": 63.886773994971335, "hidden_channels": 126.62418629527066, "learning_rate": 0.047378590437263196, "optimizer": 1.5947670791539847, "pooling_algorithm": 0.3546309704420362}, "datetime": {"datetime": "2023-11-18 22:27:03", "elapsed": 12650.391182, "delta": 15.85066}},
{"target": 0.7357142857142858, "params": {"activation_function": 1.1928627128173974, "amount_of_layers": 4.75200848510546, "batch_size": 142.78425403387334, "dropout_rate": 0.27719037049002687, "epochs": 133.5385534045331, "hidden_channels": 8.75803554781121, "learning_rate": 0.012606750616242304, "optimizer": 1.1466951858351542, "pooling_algorithm": 0.42333316339017335}, "datetime": {"datetime": "2023-11-18 22:27:10", "elapsed": 12657.764419, "delta": 7.373237}},
{"target": 0.7321428571428572, "params": {"activation_function": 1.418468943934137, "amount_of_layers": 3.6961364766319385, "batch_size": 60.308750998882395, "dropout_rate": 0.5427473496040347, "epochs": 10.935022546327458, "hidden_channels": 26.201319850570442, "learning_rate": 0.07331058044125184, "optimizer": 0.884672896816193, "pooling_algorithm": 0.42249868835731597}, "datetime": {"datetime": "2023-11-18 22:27:21", "elapsed": 12668.084362, "delta": 10.319943}},
{"target": 0.9035714285714286, "params": {"activation_function": 0.8318931720330518, "amount_of_layers": 8.2619714340846, "batch_size": 127.88581991742723, "dropout_rate": 0.7398661463671954, "epochs": 105.75777232520507, "hidden_channels": 62.489044716248245, "learning_rate": 0.05223765069268157, "optimizer": 0.3684529675180266, "pooling_algorithm": 0.6071900891160853}, "datetime": {"datetime": "2023-11-18 22:27:31", "elapsed": 12677.955064, "delta": 9.870702}},
{"target": 0.0, "params": {"activation_function": 1.8886767738688117, "amount_of_layers": 5.752737465583872, "batch_size": 93.59267905748733, "dropout_rate": 0.31784604292020924, "epochs": 90.10342819377477, "hidden_channels": 68.24444245556222, "learning_rate": 0.05880387340272342, "optimizer": 0.07887308499786361, "pooling_algorithm": 0.6266751872568277}, "datetime": {"datetime": "2023-11-18 22:27:44", "elapsed": 12690.915336, "delta": 12.960272}},
{"target": 0.0875, "params": {"activation_function": 1.5836672492214945, "amount_of_layers": 4.523620303705071, "batch_size": 92.61707148465447, "dropout_rate": 0.40204300074334903, "epochs": 92.25982000384948, "hidden_channels": 70.14311745628963, "learning_rate": 0.09656021039043397, "optimizer": 1.793953454141, "pooling_algorithm": 0.9851864113710302}, "datetime": {"datetime": "2023-11-18 22:27:58", "elapsed": 12705.181433, "delta": 14.266097}},
{"target": 0.9053571428571427, "params": {"activation_function": 0.8220610405264941, "amount_of_layers": 8.747416155534674, "batch_size": 100.50163320786332, "dropout_rate": 0.3547739276517446, "epochs": 41.892915775194446, "hidden_channels": 103.15454465209662, "learning_rate": 0.07848075775962995, "optimizer": 0.593806065187295, "pooling_algorithm": 0.9063880711884363}, "datetime": {"datetime": "2023-11-18 22:28:11", "elapsed": 12718.292335, "delta": 13.110902}},
{"target": 0.9142857142857143, "params": {"activation_function": 0.7402629163653378, "amount_of_layers": 6.481460516359216, "batch_size": 142.57594466297797, "dropout_rate": 0.6683326823158449, "epochs": 185.0511422102274, "hidden_channels": 14.813101350760178, "learning_rate": 0.08533346502466009, "optimizer": 1.5908710418169394, "pooling_algorithm": 0.6333907038638961}, "datetime": {"datetime": "2023-11-18 22:28:21", "elapsed": 12728.063015, "delta": 9.77068}},
{"target": 0.8982142857142857, "params": {"activation_function": 1.4300395299015027, "amount_of_layers": 3.288432896245439, "batch_size": 50.1574626467635, "dropout_rate": 0.4913717921421254, "epochs": 147.86862973102703, "hidden_channels": 98.30199105711732, "learning_rate": 0.03286997696676112, "optimizer": 1.6740907355775125, "pooling_algorithm": 0.6720398749814064}, "datetime": {"datetime": "2023-11-18 22:28:30", "elapsed": 12737.0842, "delta": 9.021185}},
{"target": 0.9053571428571429, "params": {"activation_function": 1.0858261712308417, "amount_of_layers": 2.6690286485475916, "batch_size": 118.33520232124945, "dropout_rate": 0.4863331194194596, "epochs": 137.99921506001414, "hidden_channels": 123.23510229646273, "learning_rate": 0.06376755120777186, "optimizer": 0.5528603347229959, "pooling_algorithm": 0.7611422717083308}, "datetime": {"datetime": "2023-11-18 22:28:40", "elapsed": 12747.214888, "delta": 10.130688}},
{"target": 0.7321428571428572, "params": {"activation_function": 0.8841435802855429, "amount_of_layers": 3.853355485476216, "batch_size": 109.4374862855873, "dropout_rate": 0.6528305035090403, "epochs": 125.90383396635859, "hidden_channels": 108.28024031166682, "learning_rate": 0.03885149529808552, "optimizer": 0.7313345313603046, "pooling_algorithm": 0.44906355087744043}, "datetime": {"datetime": "2023-11-18 22:28:50", "elapsed": 12757.019299, "delta": 9.804411}},
{"target": 0.5928571428571427, "params": {"activation_function": 0.2561967435336949, "amount_of_layers": 7.845817759400652, "batch_size": 72.17790767223869, "dropout_rate": 0.7274274153024537, "epochs": 104.89421453128102, "hidden_channels": 65.48850146662056, "learning_rate": 0.021007628506520954, "optimizer": 1.5874410132389367, "pooling_algorithm": 0.046737200752518304}, "datetime": {"datetime": "2023-11-18 22:29:00", "elapsed": 12767.395808, "delta": 10.376509}},
{"target": 0.7357142857142857, "params": {"activation_function": 1.7482310922454396, "amount_of_layers": 8.236470403700269, "batch_size": 100.84811050160408, "dropout_rate": 0.5135233707352558, "epochs": 156.52669045557198, "hidden_channels": 92.0299229781901, "learning_rate": 0.026627394538672494, "optimizer": 1.9568259128017458, "pooling_algorithm": 0.49187664339667025}, "datetime": {"datetime": "2023-11-18 22:29:13", "elapsed": 12780.554414, "delta": 13.158606}},
{"target": 0.2625, "params": {"activation_function": 1.152033946997885, "amount_of_layers": 6.602039822481399, "batch_size": 59.879397390905, "dropout_rate": 0.4198099004962441, "epochs": 183.61558148956135, "hidden_channels": 100.99035099704822, "learning_rate": 0.05025315572858259, "optimizer": 1.1085616672777323, "pooling_algorithm": 0.43510258672859314}, "datetime": {"datetime": "2023-11-18 22:29:29", "elapsed": 12796.074973, "delta": 15.520559}},
{"target": 0.6821428571428572, "params": {"activation_function": 1.6548624275197963, "amount_of_layers": 6.780511512627629, "batch_size": 111.07276815467053, "dropout_rate": 0.3332116550057089, "epochs": 88.38174855553376, "hidden_channels": 117.60424566952496, "learning_rate": 0.001818650734465294, "optimizer": 0.4834470384590641, "pooling_algorithm": 0.11850901425049187}, "datetime": {"datetime": "2023-11-18 22:29:39", "elapsed": 12806.184066, "delta": 10.109093}},
{"target": 0.9089285714285714, "params": {"activation_function": 0.13863417701923075, "amount_of_layers": 1.6840167127815526, "batch_size": 60.81516298127179, "dropout_rate": 0.4067358081085448, "epochs": 169.96068550025095, "hidden_channels": 108.89587402350585, "learning_rate": 0.05019781776721871, "optimizer": 0.9049350494341415, "pooling_algorithm": 0.8186526943756156}, "datetime": {"datetime": "2023-11-18 22:29:53", "elapsed": 12819.962109, "delta": 13.778043}},
{"target": 0.5892857142857143, "params": {"activation_function": 0.3025767993635393, "amount_of_layers": 3.5497024808246236, "batch_size": 23.18028440939983, "dropout_rate": 0.4654356000658383, "epochs": 121.85462871985776, "hidden_channels": 21.051749518966698, "learning_rate": 0.09305170577354172, "optimizer": 0.8198612244649472, "pooling_algorithm": 0.34905938283850513}, "datetime": {"datetime": "2023-11-18 22:30:03", "elapsed": 12829.85419, "delta": 9.892081}},
{"target": 0.7303571428571429, "params": {"activation_function": 0.5079086382386775, "amount_of_layers": 5.7951891430776685, "batch_size": 109.17779479488865, "dropout_rate": 0.2970165883106813, "epochs": 118.69124848300726, "hidden_channels": 110.27852318424624, "learning_rate": 0.02234698160173292, "optimizer": 1.127568392482489, "pooling_algorithm": 0.07319842775598018}, "datetime": {"datetime": "2023-11-18 22:30:13", "elapsed": 12840.099116, "delta": 10.244926}},
{"target": 0.8964285714285715, "params": {"activation_function": 0.9697778235646453, "amount_of_layers": 7.78357323950993, "batch_size": 100.2087275405776, "dropout_rate": 0.5746916941441371, "epochs": 163.22468002563573, "hidden_channels": 60.247563430025004, "learning_rate": 0.04669916254868444, "optimizer": 0.2710160780239601, "pooling_algorithm": 0.511369321447216}, "datetime": {"datetime": "2023-11-18 22:30:24", "elapsed": 12851.262598, "delta": 11.163482}},
{"target": 0.9142857142857143, "params": {"activation_function": 1.1847009593319267, "amount_of_layers": 3.938895377125541, "batch_size": 101.70598829171955, "dropout_rate": 0.29419669113675573, "epochs": 43.80135111500058, "hidden_channels": 81.53051721722585, "learning_rate": 0.05807861830484829, "optimizer": 0.15941904290415643, "pooling_algorithm": 0.6059341784893459}, "datetime": {"datetime": "2023-11-18 22:30:30", "elapsed": 12857.102542, "delta": 5.839944}},
{"target": 0.26071428571428573, "params": {"activation_function": 0.5536265657364356, "amount_of_layers": 4.480313235384817, "batch_size": 17.936911122388942, "dropout_rate": 0.55432068624842, "epochs": 147.39562326107279, "hidden_channels": 98.69788397754824, "learning_rate": 0.06106906847175793, "optimizer": 0.9855672810391769, "pooling_algorithm": 0.17149016315499077}, "datetime": {"datetime": "2023-11-18 22:30:45", "elapsed": 12872.407599, "delta": 15.305057}},
{"target": 0.0, "params": {"activation_function": 1.6081208557245057, "amount_of_layers": 7.134880851897193, "batch_size": 148.2433016926969, "dropout_rate": 0.31671969086172735, "epochs": 149.84474565934218, "hidden_channels": 85.95270295880132, "learning_rate": 0.021909193215876695, "optimizer": 0.4629354639250216, "pooling_algorithm": 0.6250046266490298}, "datetime": {"datetime": "2023-11-18 22:30:58", "elapsed": 12885.097839, "delta": 12.69024}},
{"target": 0.6642857142857143, "params": {"activation_function": 0.34590805755420684, "amount_of_layers": 7.328245029348573, "batch_size": 39.03940796765695, "dropout_rate": 0.5880841810866089, "epochs": 103.33610128515814, "hidden_channels": 119.82722499765306, "learning_rate": 0.08635212016154274, "optimizer": 1.6163292449121358, "pooling_algorithm": 0.3480122536426875}, "datetime": {"datetime": "2023-11-18 22:31:10", "elapsed": 12896.923194, "delta": 11.825355}},
{"target": 0.9017857142857143, "params": {"activation_function": 1.4119972090386033, "amount_of_layers": 5.350395681158806, "batch_size": 49.868939663544445, "dropout_rate": 0.7466830402864338, "epochs": 14.101964831633076, "hidden_channels": 72.32277273520411, "learning_rate": 0.03926043661550843, "optimizer": 0.7511820682924066, "pooling_algorithm": 0.657573323265137}, "datetime": {"datetime": "2023-11-18 22:31:15", "elapsed": 12902.024254, "delta": 5.10106}},
{"target": 0.8821428571428571, "params": {"activation_function": 0.11677198869591376, "amount_of_layers": 3.6786865522029952, "batch_size": 113.31786793842336, "dropout_rate": 0.6601134691931008, "epochs": 29.96646773580322, "hidden_channels": 42.2708437424353, "learning_rate": 0.051856181924007996, "optimizer": 1.5422446769460634, "pooling_algorithm": 0.6783250243319392}, "datetime": {"datetime": "2023-11-18 22:31:20", "elapsed": 12907.586306, "delta": 5.562052}},
{"target": 0.8339285714285714, "params": {"activation_function": 0.31445598632183747, "amount_of_layers": 8.535418978604167, "batch_size": 117.13652816025368, "dropout_rate": 0.690592250777381, "epochs": 159.60267747544546, "hidden_channels": 61.191953948388964, "learning_rate": 0.0656046956924234, "optimizer": 1.4122147202333062, "pooling_algorithm": 0.4726180014784984}, "datetime": {"datetime": "2023-11-18 22:31:43", "elapsed": 12930.564043, "delta": 22.977737}},
{"target": 0.7446428571428572, "params": {"activation_function": 0.4393972502761401, "amount_of_layers": 1.2507203470776238, "batch_size": 65.4446452801794, "dropout_rate": 0.5839801671298377, "epochs": 141.56964032404218, "hidden_channels": 71.30696393784665, "learning_rate": 0.09030020251926896, "optimizer": 1.8628192418841165, "pooling_algorithm": 0.043041169087967734}, "datetime": {"datetime": "2023-11-18 22:31:50", "elapsed": 12937.681621, "delta": 7.117578}},
{"target": 0.8142857142857143, "params": {"activation_function": 1.205977841823882, "amount_of_layers": 2.1447271665316814, "batch_size": 105.22099533145895, "dropout_rate": 0.5484777249690082, "epochs": 65.1647420838423, "hidden_channels": 82.20516933379965, "learning_rate": 0.0066397433485557295, "optimizer": 0.966505635604541, "pooling_algorithm": 0.06726663378602815}, "datetime": {"datetime": "2023-11-18 22:31:57", "elapsed": 12944.112498, "delta": 6.430877}},
{"target": 0.10357142857142856, "params": {"activation_function": 0.307805648097623, "amount_of_layers": 4.346435387908807, "batch_size": 60.5007962074963, "dropout_rate": 0.3082523441031007, "epochs": 34.39164255056534, "hidden_channels": 31.749301496855445, "learning_rate": 0.06247173452860448, "optimizer": 1.2754488100693664, "pooling_algorithm": 0.3122132532570113}, "datetime": {"datetime": "2023-11-18 22:32:03", "elapsed": 12950.537224, "delta": 6.424726}},
{"target": 0.7303571428571429, "params": {"activation_function": 1.3590216620126034, "amount_of_layers": 2.6687901443578816, "batch_size": 114.96585903853742, "dropout_rate": 0.7261278915116838, "epochs": 114.81916489764822, "hidden_channels": 31.892575040817214, "learning_rate": 0.07589329548116037, "optimizer": 1.3743885742221098, "pooling_algorithm": 0.26223587218226374}, "datetime": {"datetime": "2023-11-18 22:32:10", "elapsed": 12957.375769, "delta": 6.838545}},
{"target": 0.7339285714285715, "params": {"activation_function": 1.9863009666179825, "amount_of_layers": 7.8504522798664915, "batch_size": 143.47266621422781, "dropout_rate": 0.6537745093885825, "epochs": 116.77576318620751, "hidden_channels": 101.78914055084164, "learning_rate": 0.05221400268029906, "optimizer": 1.4792575117303897, "pooling_algorithm": 0.2152497239717237}, "datetime": {"datetime": "2023-11-18 22:32:25", "elapsed": 12972.262602, "delta": 14.886833}},
{"target": 0.825, "params": {"activation_function": 0.47534564533847945, "amount_of_layers": 3.5815893738139053, "batch_size": 16.560450408444524, "dropout_rate": 0.6529421883694195, "epochs": 160.6484992530316, "hidden_channels": 15.594600068675863, "learning_rate": 0.09165178637368172, "optimizer": 0.3734325332220423, "pooling_algorithm": 0.2791255432129468}, "datetime": {"datetime": "2023-11-18 22:32:40", "elapsed": 12987.76793, "delta": 15.505328}},
{"target": 0.9071428571428571, "params": {"activation_function": 0.9209263217495178, "amount_of_layers": 8.016201425006098, "batch_size": 31.850332808229, "dropout_rate": 0.3938136383783414, "epochs": 41.71740077097593, "hidden_channels": 13.389102138060984, "learning_rate": 0.018462333991547914, "optimizer": 1.00501213116501, "pooling_algorithm": 0.7633221345596932}, "datetime": {"datetime": "2023-11-18 22:32:48", "elapsed": 12995.01575, "delta": 7.24782}},
{"target": 0.9089285714285714, "params": {"activation_function": 0.19532924709392763, "amount_of_layers": 4.9200583788371945, "batch_size": 90.83067031789477, "dropout_rate": 0.29451218811642293, "epochs": 152.00143705634923, "hidden_channels": 27.006590820655692, "learning_rate": 0.060562225164782574, "optimizer": 1.1353491734953831, "pooling_algorithm": 0.9348569040898843}, "datetime": {"datetime": "2023-11-18 22:32:56", "elapsed": 13003.266088, "delta": 8.250338}},
{"target": 0.7357142857142857, "params": {"activation_function": 0.5591284303272379, "amount_of_layers": 5.682334697895939, "batch_size": 141.1441452957244, "dropout_rate": 0.7134662492240765, "epochs": 120.78232141952068, "hidden_channels": 20.96952813724405, "learning_rate": 0.005496562512168164, "optimizer": 1.4077463274495, "pooling_algorithm": 0.25616213722686454}, "datetime": {"datetime": "2023-11-18 22:33:04", "elapsed": 13011.173341, "delta": 7.907253}},
{"target": 0.7392857142857143, "params": {"activation_function": 1.6418079547036135, "amount_of_layers": 6.777422998902296, "batch_size": 23.06315459912522, "dropout_rate": 0.5675772538306807, "epochs": 178.1895581260436, "hidden_channels": 100.15219706916733, "learning_rate": 0.05170530045279998, "optimizer": 1.0375679088212448, "pooling_algorithm": 0.01992012358212214}, "datetime": {"datetime": "2023-11-18 22:33:22", "elapsed": 13029.461749, "delta": 18.288408}},
{"target": 0.7928571428571429, "params": {"activation_function": 1.9846659311945065, "amount_of_layers": 4.304549622997928, "batch_size": 92.1450255740682, "dropout_rate": 0.656373827123135, "epochs": 87.82692459926653, "hidden_channels": 66.02885764858976, "learning_rate": 0.007394418740005245, "optimizer": 0.04402046791824277, "pooling_algorithm": 0.09572939828509397}, "datetime": {"datetime": "2023-11-18 22:33:37", "elapsed": 13044.776019, "delta": 15.31427}},
{"target": 0.8321428571428572, "params": {"activation_function": 0.33660236366474106, "amount_of_layers": 8.048777260131473, "batch_size": 113.95873995084966, "dropout_rate": 0.7121974320205743, "epochs": 54.46093641283932, "hidden_channels": 60.76588089713476, "learning_rate": 0.013616659009481908, "optimizer": 0.5702284793189896, "pooling_algorithm": 0.34093816950226086}, "datetime": {"datetime": "2023-11-18 22:33:45", "elapsed": 13051.983497, "delta": 7.207478}},
{"target": 0.9178571428571428, "params": {"activation_function": 0.5094625000848163, "amount_of_layers": 5.903960607793612, "batch_size": 121.96102577511053, "dropout_rate": 0.3177310938008296, "epochs": 176.14395032998914, "hidden_channels": 74.92027586866936, "learning_rate": 0.07092241805858306, "optimizer": 0.5883656759917373, "pooling_algorithm": 0.9333087893409254}, "datetime": {"datetime": "2023-11-18 22:33:57", "elapsed": 13064.101109, "delta": 12.117612}},
{"target": 0.9142857142857143, "params": {"activation_function": 0.6144320602472861, "amount_of_layers": 4.247725387176694, "batch_size": 132.96815708149836, "dropout_rate": 0.5643422227044435, "epochs": 193.80436876725804, "hidden_channels": 124.03259078693212, "learning_rate": 0.03757406869030166, "optimizer": 0.3575846125350546, "pooling_algorithm": 0.6260399513478876}, "datetime": {"datetime": "2023-11-18 22:34:10", "elapsed": 13077.627491, "delta": 13.526382}},
{"target": 0.9035714285714286, "params": {"activation_function": 0.6153849373291338, "amount_of_layers": 2.012643176404543, "batch_size": 71.150522964288, "dropout_rate": 0.5476571939446611, "epochs": 167.01764092300712, "hidden_channels": 45.80833800687256, "learning_rate": 0.02078186327166934, "optimizer": 0.827840011131173, "pooling_algorithm": 0.8502880370958034}, "datetime": {"datetime": "2023-11-18 22:34:19", "elapsed": 13086.64605, "delta": 9.018559}},
{"target": 0.7357142857142857, "params": {"activation_function": 0.2147667133433988, "amount_of_layers": 2.696397551332968, "batch_size": 61.05164208664662, "dropout_rate": 0.7203448978473923, "epochs": 124.49063284799061, "hidden_channels": 37.66983107810974, "learning_rate": 0.05126827328151386, "optimizer": 0.6603856775329087, "pooling_algorithm": 0.19367681932382297}, "datetime": {"datetime": "2023-11-18 22:34:27", "elapsed": 13094.19401, "delta": 7.54796}},
{"target": 0.26607142857142857, "params": {"activation_function": 1.0924824399465083, "amount_of_layers": 7.6416666289281885, "batch_size": 93.9603390800051, "dropout_rate": 0.6341897586309522, "epochs": 89.37491137556052, "hidden_channels": 70.96864000044411, "learning_rate": 0.007520809357998808, "optimizer": 0.6706913629981242, "pooling_algorithm": 0.49982203916588885}, "datetime": {"datetime": "2023-11-18 22:34:45", "elapsed": 13112.742943, "delta": 18.548933}},
{"target": 0.9178571428571428, "params": {"activation_function": 0.24744539945494948, "amount_of_layers": 3.6547976914533082, "batch_size": 113.17396693200591, "dropout_rate": 0.55154518191625, "epochs": 19.2500995757242, "hidden_channels": 58.95546877152386, "learning_rate": 0.0570070405472683, "optimizer": 1.4949717544430843, "pooling_algorithm": 0.6116978456372483}, "datetime": {"datetime": "2023-11-18 22:34:50", "elapsed": 13117.807182, "delta": 5.064239}},
{"target": 0.892857142857143, "params": {"activation_function": 1.3353801182710094, "amount_of_layers": 1.730832647474542, "batch_size": 140.5380202141413, "dropout_rate": 0.722306354968747, "epochs": 59.64033321666738, "hidden_channels": 124.75694920506592, "learning_rate": 0.019715426918255976, "optimizer": 0.2523340447314877, "pooling_algorithm": 0.5416917869067455}, "datetime": {"datetime": "2023-11-18 22:34:57", "elapsed": 13124.206715, "delta": 6.399533}},
