{"target": 0.8321428571428571, "params": {"activation_function": 0.21936265103365393, "amount_of_layers": 6.17337474875419, "batch_size": 18.319438876397353, "dropout_rate": 0.6000610282655523, "epochs": 187.84256379478418, "hidden_channels": 92.50557222946297, "learning_rate": 0.08386919995453576, "optimizer": 0.31008484274673487, "pooling_algorithm": 0.1296248651150338}, "datetime": {"datetime": "2023-11-18 20:23:44", "elapsed": 5251.136395, "delta": 15.219089}},
{"target": 0.8964285714285715, "params": {"activation_function": 1.3246506745791224, "amount_of_layers": 1.8062844392745951, "batch_size": 129.94366208996865, "dropout_rate": 0.25108027858974874, "epochs": 39.61448524449273, "hidden_channels": 114.5518353726183, "learning_rate": 0.004047585919315828, "optimizer": 1.6210854435824924, "pooling_algorithm": 0.6430558377115593}, "datetime": {"datetime": "2023-11-18 20:23:46", "elapsed": 5253.759982, "delta": 2.623587}},
{"target": 0.26071428571428573, "params": {"activation_function": 1.893045614856201, "amount_of_layers": 6.340091448540361, "batch_size": 126.61421553815592, "dropout_rate": 0.42318506055956684, "epochs": 193.49008193291945, "hidden_channels": 69.73069288687489, "learning_rate": 0.008208946845525665, "optimizer": 1.6052510227867256, "pooling_algorithm": 0.3986333561760316}, "datetime": {"datetime": "2023-11-18 20:23:55", "elapsed": 5262.672719, "delta": 8.912737}},
{"target": 0.9035714285714286, "params": {"activation_function": 0.5711391436488251, "amount_of_layers": 6.592937054440337, "batch_size": 23.753236693106558, "dropout_rate": 0.581499074382188, "epochs": 187.22414867949237, "hidden_channels": 13.226759454193612, "learning_rate": 0.059543376673273925, "optimizer": 0.13828822200206514, "pooling_algorithm": 0.7034715461004075}, "datetime": {"datetime": "2023-11-18 20:24:08", "elapsed": 5275.425066, "delta": 12.752347}},
{"target": 0.8964285714285714, "params": {"activation_function": 0.9203867078230663, "amount_of_layers": 6.182142901176514, "batch_size": 93.94694687025016, "dropout_rate": 0.3303786433041097, "epochs": 88.31682252174235, "hidden_channels": 73.37118537567208, "learning_rate": 0.029464831290583825, "optimizer": 0.4427728608442867, "pooling_algorithm": 0.9805718297095287}, "datetime": {"datetime": "2023-11-18 20:24:14", "elapsed": 5281.236736, "delta": 5.81167}},
{"target": 0.2892857142857143, "params": {"activation_function": 1.7088873980761659, "amount_of_layers": 5.424839653382965, "batch_size": 24.162068480924148, "dropout_rate": 0.5506933749588463, "epochs": 169.13485582343395, "hidden_channels": 90.88275149625677, "learning_rate": 0.07886372086882945, "optimizer": 1.16673029146888, "pooling_algorithm": 0.33920110884883947}, "datetime": {"datetime": "2023-11-18 20:24:26", "elapsed": 5293.290735, "delta": 12.053999}},
{"target": 0.8982142857142857, "params": {"activation_function": 0.7257097800046173, "amount_of_layers": 7.7430715171341165, "batch_size": 90.74788534143529, "dropout_rate": 0.6703690418170469, "epochs": 90.52849226807503, "hidden_channels": 72.64333213545808, "learning_rate": 0.045308243672403464, "optimizer": 1.840737726528359, "pooling_algorithm": 0.8234373203555834}, "datetime": {"datetime": "2023-11-18 20:24:42", "elapsed": 5309.166099, "delta": 15.875364}},
{"target": 0.7357142857142858, "params": {"activation_function": 0.8615607916559009, "amount_of_layers": 6.90837159955882, "batch_size": 91.60400221574416, "dropout_rate": 0.5460761943514384, "epochs": 86.03315836162645, "hidden_channels": 66.51079441880678, "learning_rate": 0.05400984301179143, "optimizer": 0.9333177901150476, "pooling_algorithm": 0.16602403216143913}, "datetime": {"datetime": "2023-11-18 20:24:48", "elapsed": 5315.227169, "delta": 6.06107}},
{"target": 0.9160714285714285, "params": {"activation_function": 0.4207935745390874, "amount_of_layers": 8.22037706732064, "batch_size": 23.513563245207934, "dropout_rate": 0.46705331132743855, "epochs": 116.91400174658725, "hidden_channels": 72.3208551024823, "learning_rate": 0.02640454224674213, "optimizer": 0.6577847981268325, "pooling_algorithm": 0.6787031887412451}, "datetime": {"datetime": "2023-11-18 20:24:58", "elapsed": 5325.80397, "delta": 10.576801}},
{"target": 0.7428571428571429, "params": {"activation_function": 0.4982565730144204, "amount_of_layers": 3.2638285694751206, "batch_size": 114.5085733374961, "dropout_rate": 0.2697309188415542, "epochs": 107.40489572040599, "hidden_channels": 28.453370069495836, "learning_rate": 0.047661396924196894, "optimizer": 0.9826343769047388, "pooling_algorithm": 0.28318573765305244}, "datetime": {"datetime": "2023-11-18 20:25:02", "elapsed": 5329.288517, "delta": 3.484547}},
{"target": 0.9142857142857143, "params": {"activation_function": 0.7272988769365645, "amount_of_layers": 8.615246267701531, "batch_size": 16.761643270698375, "dropout_rate": 0.633653400844793, "epochs": 126.29891061284968, "hidden_channels": 34.430224047069686, "learning_rate": 0.06661871552140858, "optimizer": 1.3217590497010008, "pooling_algorithm": 0.5041842068495639}, "datetime": {"datetime": "2023-11-18 20:25:15", "elapsed": 5341.884757, "delta": 12.59624}},
{"target": 0.9107142857142857, "params": {"activation_function": 1.2198539060384632, "amount_of_layers": 2.4864530412785646, "batch_size": 51.1286797151718, "dropout_rate": 0.7370832765861706, "epochs": 40.077726888047536, "hidden_channels": 98.94897532611022, "learning_rate": 0.015645654878495466, "optimizer": 0.9121569474935523, "pooling_algorithm": 0.8328613258227248}, "datetime": {"datetime": "2023-11-18 20:25:17", "elapsed": 5344.62248, "delta": 2.737723}},
{"target": 0.7375, "params": {"activation_function": 1.6919784269632434, "amount_of_layers": 3.6859082327655734, "batch_size": 126.88471324646129, "dropout_rate": 0.28068135851377446, "epochs": 162.94437432976605, "hidden_channels": 74.18168125148941, "learning_rate": 0.059166622716197076, "optimizer": 1.8701237174354637, "pooling_algorithm": 0.28549449915545233}, "datetime": {"datetime": "2023-11-18 20:25:27", "elapsed": 5354.161987, "delta": 9.539507}},
{"target": 0.9053571428571429, "params": {"activation_function": 0.23177373279279934, "amount_of_layers": 4.453612448199256, "batch_size": 60.724290749160254, "dropout_rate": 0.3945816660254264, "epochs": 39.104888605562806, "hidden_channels": 25.736246332886527, "learning_rate": 0.09451941682517594, "optimizer": 1.1125738037890176, "pooling_algorithm": 0.5641117738525216}, "datetime": {"datetime": "2023-11-18 20:25:30", "elapsed": 5356.925199, "delta": 2.763212}},
{"target": 0.9089285714285714, "params": {"activation_function": 0.41358196709425465, "amount_of_layers": 7.2585001937256814, "batch_size": 67.42788915689539, "dropout_rate": 0.5398539795878905, "epochs": 171.67202375567268, "hidden_channels": 6.730051209560051, "learning_rate": 0.06962157069362118, "optimizer": 0.9111901524180863, "pooling_algorithm": 0.9463781641961128}, "datetime": {"datetime": "2023-11-18 20:25:38", "elapsed": 5364.875654, "delta": 7.950455}},
{"target": 0.0, "params": {"activation_function": 1.7632551579452058, "amount_of_layers": 3.831681139248074, "batch_size": 95.405682845791, "dropout_rate": 0.5329365985827135, "epochs": 90.03122623040856, "hidden_channels": 71.2365822447345, "learning_rate": 0.0396077777114919, "optimizer": 0.12515955167382353, "pooling_algorithm": 0.8213751177068276}, "datetime": {"datetime": "2023-11-18 20:25:43", "elapsed": 5370.446544, "delta": 5.57089}},
{"target": 0.7392857142857143, "params": {"activation_function": 1.721241738959342, "amount_of_layers": 7.679879066368635, "batch_size": 16.583388769717775, "dropout_rate": 0.6011753549047401, "epochs": 188.1536972316336, "hidden_channels": 13.235439530184735, "learning_rate": 0.09212977253077033, "optimizer": 1.303786216824044, "pooling_algorithm": 0.3721389635105923}, "datetime": {"datetime": "2023-11-18 20:26:01", "elapsed": 5388.051989, "delta": 17.605445}},
{"target": 0.325, "params": {"activation_function": 1.8743644055001942, "amount_of_layers": 5.203114771827167, "batch_size": 87.381217693585, "dropout_rate": 0.7204181956857417, "epochs": 60.33266593367018, "hidden_channels": 42.29229327407234, "learning_rate": 0.015789997391397633, "optimizer": 1.325336679241194, "pooling_algorithm": 0.8196732907133072}, "datetime": {"datetime": "2023-11-18 20:26:04", "elapsed": 5391.23846, "delta": 3.186471}},
{"target": 0.8357142857142857, "params": {"activation_function": 0.49863543662733956, "amount_of_layers": 8.039007420047584, "batch_size": 117.49575562010745, "dropout_rate": 0.3374893004165793, "epochs": 159.77997343951955, "hidden_channels": 62.544264200685014, "learning_rate": 0.06457006781050079, "optimizer": 0.3825032284446095, "pooling_algorithm": 0.48183802752442606}, "datetime": {"datetime": "2023-11-18 20:26:13", "elapsed": 5400.611465, "delta": 9.373005}},
{"target": 0.9142857142857143, "params": {"activation_function": 1.3121386260315653, "amount_of_layers": 3.7945734788261944, "batch_size": 68.23840730734383, "dropout_rate": 0.549070159596641, "epochs": 41.96979457351384, "hidden_channels": 59.82597720966369, "learning_rate": 0.09675325021442996, "optimizer": 0.22561460851769088, "pooling_algorithm": 0.7254334279411151}, "datetime": {"datetime": "2023-11-18 20:26:18", "elapsed": 5405.180665, "delta": 4.5692}},
{"target": 0.9178571428571429, "params": {"activation_function": 1.0409132958493936, "amount_of_layers": 3.2239196653048783, "batch_size": 129.20090691817958, "dropout_rate": 0.6357569506504136, "epochs": 162.3184965156271, "hidden_channels": 76.2176501542794, "learning_rate": 0.019899152479202178, "optimizer": 1.8662070196976637, "pooling_algorithm": 0.5628012213429312}, "datetime": {"datetime": "2023-11-18 20:26:25", "elapsed": 5412.006276, "delta": 6.825611}},
{"target": 0.9035714285714286, "params": {"activation_function": 1.7508998929646997, "amount_of_layers": 6.508899902101351, "batch_size": 68.8592951216871, "dropout_rate": 0.5128681301795688, "epochs": 186.0261425472692, "hidden_channels": 42.42938792575251, "learning_rate": 0.09329682534985577, "optimizer": 0.6322641567978822, "pooling_algorithm": 0.6412508715194764}, "datetime": {"datetime": "2023-11-18 20:26:34", "elapsed": 5421.330849, "delta": 9.324573}},
{"target": 0.9017857142857143, "params": {"activation_function": 0.7949378336409265, "amount_of_layers": 7.273909926804544, "batch_size": 20.556277860130987, "dropout_rate": 0.591527342336547, "epochs": 67.26559311123569, "hidden_channels": 121.11776060886343, "learning_rate": 0.08868250598791691, "optimizer": 1.057917663252033, "pooling_algorithm": 0.5879338542061917}, "datetime": {"datetime": "2023-11-18 20:26:52", "elapsed": 5439.752396, "delta": 18.421547}},
{"target": 0.9, "params": {"activation_function": 1.3253435564699623, "amount_of_layers": 4.875200774766316, "batch_size": 109.22499577066965, "dropout_rate": 0.39273593505711807, "epochs": 68.34792826931981, "hidden_channels": 46.58586341477961, "learning_rate": 0.01732280584379885, "optimizer": 0.21155611162677612, "pooling_algorithm": 0.5730727343932175}, "datetime": {"datetime": "2023-11-18 20:26:56", "elapsed": 5442.976131, "delta": 3.223735}},
{"target": 0.9142857142857143, "params": {"activation_function": 0.717953020285607, "amount_of_layers": 4.287146526961016, "batch_size": 56.72048236421276, "dropout_rate": 0.327508125521975, "epochs": 22.20531093152404, "hidden_channels": 53.22849944316804, "learning_rate": 0.02403259823567435, "optimizer": 1.2000843221102258, "pooling_algorithm": 0.8385496590502239}, "datetime": {"datetime": "2023-11-18 20:26:58", "elapsed": 5445.202516, "delta": 2.226385}},
{"target": 0.7392857142857142, "params": {"activation_function": 0.5638179701520416, "amount_of_layers": 7.832743280701687, "batch_size": 119.75514012182815, "dropout_rate": 0.5383198545692545, "epochs": 173.17149155951182, "hidden_channels": 108.06155568124142, "learning_rate": 0.09669401966757984, "optimizer": 0.20772514774759765, "pooling_algorithm": 0.4620931992900529}, "datetime": {"datetime": "2023-11-18 20:27:10", "elapsed": 5457.084204, "delta": 11.881688}},
{"target": 0.9035714285714287, "params": {"activation_function": 0.21011267370585496, "amount_of_layers": 8.24240367469249, "batch_size": 51.452224117590546, "dropout_rate": 0.6875339783194235, "epochs": 132.14622252663003, "hidden_channels": 85.88366953266807, "learning_rate": 0.06089661918734421, "optimizer": 0.321925516731169, "pooling_algorithm": 0.6337866916424241}, "datetime": {"datetime": "2023-11-18 20:27:18", "elapsed": 5465.434773, "delta": 8.350569}},
{"target": 0.9, "params": {"activation_function": 1.6353768380292966, "amount_of_layers": 1.0309732874708226, "batch_size": 56.33474587987073, "dropout_rate": 0.2925113296569183, "epochs": 93.93498563007081, "hidden_channels": 111.83234630630396, "learning_rate": 0.049459471587163066, "optimizer": 1.4508625784690625, "pooling_algorithm": 0.853650818302603}, "datetime": {"datetime": "2023-11-18 20:27:22", "elapsed": 5468.974821, "delta": 3.540048}},
{"target": 0.9107142857142857, "params": {"activation_function": 0.623438159452326, "amount_of_layers": 1.5249674864781735, "batch_size": 65.66300541147652, "dropout_rate": 0.27950278007861445, "epochs": 182.12114496449735, "hidden_channels": 38.15075274798754, "learning_rate": 0.015636700958888465, "optimizer": 1.4255388952159773, "pooling_algorithm": 0.8172635047425431}, "datetime": {"datetime": "2023-11-18 20:27:29", "elapsed": 5476.139996, "delta": 7.165175}},
{"target": 0.7321428571428572, "params": {"activation_function": 0.870926030134378, "amount_of_layers": 7.337123260336656, "batch_size": 16.95537169732541, "dropout_rate": 0.5351867053466551, "epochs": 196.74974855815117, "hidden_channels": 15.309956244988822, "learning_rate": 0.040027097371491134, "optimizer": 0.3125810603446557, "pooling_algorithm": 0.2570841263613567}, "datetime": {"datetime": "2023-11-18 20:27:45", "elapsed": 5492.716339, "delta": 16.576343}},
{"target": 0.0, "params": {"activation_function": 0.21492958474102952, "amount_of_layers": 4.37618159513094, "batch_size": 63.71080483108769, "dropout_rate": 0.7040120814288182, "epochs": 173.1312517387442, "hidden_channels": 42.24074075196628, "learning_rate": 0.07060817832997324, "optimizer": 1.5067773065971348, "pooling_algorithm": 0.1441511577959187}, "datetime": {"datetime": "2023-11-18 20:27:53", "elapsed": 5500.062935, "delta": 7.346596}},
{"target": 0.9, "params": {"activation_function": 1.7867418530316972, "amount_of_layers": 6.687375604357326, "batch_size": 145.2307001993827, "dropout_rate": 0.527137358966443, "epochs": 62.808303346066076, "hidden_channels": 55.6915882163952, "learning_rate": 0.09432901599225631, "optimizer": 0.5874004059071014, "pooling_algorithm": 0.7152908972368459}, "datetime": {"datetime": "2023-11-18 20:27:57", "elapsed": 5504.222989, "delta": 4.160054}},
{"target": 0.7339285714285714, "params": {"activation_function": 1.6873705350848625, "amount_of_layers": 3.146400394744009, "batch_size": 108.20796936744115, "dropout_rate": 0.36772954426021065, "epochs": 185.25115936406323, "hidden_channels": 45.74457718573548, "learning_rate": 0.09265562706530343, "optimizer": 1.1662175842604505, "pooling_algorithm": 0.49645295599194583}, "datetime": {"datetime": "2023-11-18 20:28:02", "elapsed": 5509.819164, "delta": 5.596175}},
{"target": 0.9089285714285714, "params": {"activation_function": 0.44067553720998665, "amount_of_layers": 4.6105031801777505, "batch_size": 67.49287785470545, "dropout_rate": 0.3934760556032595, "epochs": 186.70178652976972, "hidden_channels": 35.888682055517094, "learning_rate": 0.06908041101481274, "optimizer": 0.7747262981340637, "pooling_algorithm": 0.9952078584587319}, "datetime": {"datetime": "2023-11-18 20:28:11", "elapsed": 5518.233105, "delta": 8.413941}},
{"target": 0.875, "params": {"activation_function": 1.582511567777691, "amount_of_layers": 1.666420641413489, "batch_size": 33.80954082530265, "dropout_rate": 0.7233756611354389, "epochs": 146.46650838088487, "hidden_channels": 22.685354245552677, "learning_rate": 0.027768997230086894, "optimizer": 0.4956947850850346, "pooling_algorithm": 0.948671467360447}, "datetime": {"datetime": "2023-11-18 20:28:16", "elapsed": 5523.652282, "delta": 5.419177}},
{"target": 0.26607142857142857, "params": {"activation_function": 1.441307017492094, "amount_of_layers": 7.609889846432458, "batch_size": 42.803216036667116, "dropout_rate": 0.702138624248402, "epochs": 126.77085605428215, "hidden_channels": 54.02224426952046, "learning_rate": 0.011335579661922595, "optimizer": 1.1729950508502622, "pooling_algorithm": 0.1525219696111434}, "datetime": {"datetime": "2023-11-18 20:28:25", "elapsed": 5532.049761, "delta": 8.397479}},
{"target": 0.2642857142857143, "params": {"activation_function": 1.2134224284825461, "amount_of_layers": 6.365661547579452, "batch_size": 46.94937200179617, "dropout_rate": 0.43329724278193943, "epochs": 50.68587677590264, "hidden_channels": 125.45860259740823, "learning_rate": 0.019614130346479648, "optimizer": 1.5389984580343208, "pooling_algorithm": 0.43879775069523563}, "datetime": {"datetime": "2023-11-18 20:28:30", "elapsed": 5536.905498, "delta": 4.855737}},
{"target": 0.9089285714285714, "params": {"activation_function": 0.43291083814098963, "amount_of_layers": 1.3747649308290013, "batch_size": 20.193979440454235, "dropout_rate": 0.6386352528551967, "epochs": 161.50729408896134, "hidden_channels": 34.25434276880734, "learning_rate": 0.04860930248649877, "optimizer": 1.9457664543507813, "pooling_algorithm": 0.6150115987771781}, "datetime": {"datetime": "2023-11-18 20:28:36", "elapsed": 5543.247964, "delta": 6.342466}},
{"target": 0.27499999999999997, "params": {"activation_function": 1.1771773845536158, "amount_of_layers": 4.629450134051581, "batch_size": 20.540794305658657, "dropout_rate": 0.6456658283351843, "epochs": 24.801791812682474, "hidden_channels": 6.284209231665645, "learning_rate": 0.01589191389232044, "optimizer": 1.3116776653585287, "pooling_algorithm": 0.30989560531833227}, "datetime": {"datetime": "2023-11-18 20:28:39", "elapsed": 5546.231827, "delta": 2.983863}},
{"target": 0.9017857142857144, "params": {"activation_function": 1.8982927921130137, "amount_of_layers": 4.829651209920236, "batch_size": 96.28541542592052, "dropout_rate": 0.48491092084893156, "epochs": 159.9781557777334, "hidden_channels": 84.27210516741889, "learning_rate": 0.07668455697534414, "optimizer": 1.5470474589446845, "pooling_algorithm": 0.6763142832397108}, "datetime": {"datetime": "2023-11-18 20:28:46", "elapsed": 5553.735865, "delta": 7.504038}},
{"target": 0.9, "params": {"activation_function": 0.9171534174461868, "amount_of_layers": 5.3494943408482465, "batch_size": 68.27935385726576, "dropout_rate": 0.4245839692168194, "epochs": 73.8885768868227, "hidden_channels": 55.882182208642966, "learning_rate": 0.02493733372225662, "optimizer": 0.7838835215919984, "pooling_algorithm": 0.5800968047387464}, "datetime": {"datetime": "2023-11-18 20:28:52", "elapsed": 5559.00003, "delta": 5.264165}},
{"target": 0.7321428571428572, "params": {"activation_function": 1.9181932833977184, "amount_of_layers": 7.014973689295115, "batch_size": 70.648848108332, "dropout_rate": 0.34667645780680656, "epochs": 59.46877078878107, "hidden_channels": 71.88155377357081, "learning_rate": 0.043462830643182654, "optimizer": 1.3291306621556054, "pooling_algorithm": 0.23203257148326795}, "datetime": {"datetime": "2023-11-18 20:28:56", "elapsed": 5563.411924, "delta": 4.411894}},
{"target": 0.8, "params": {"activation_function": 0.39508132994761747, "amount_of_layers": 2.8389378100858718, "batch_size": 76.52925526216788, "dropout_rate": 0.714738481317202, "epochs": 40.75015381010616, "hidden_channels": 51.27646399849044, "learning_rate": 0.04780790584683006, "optimizer": 1.415443600713519, "pooling_algorithm": 0.456129109247128}, "datetime": {"datetime": "2023-11-18 20:28:59", "elapsed": 5566.094152, "delta": 2.682228}},
{"target": 0.6857142857142857, "params": {"activation_function": 0.05817269859032881, "amount_of_layers": 5.766794296041442, "batch_size": 142.8738591329891, "dropout_rate": 0.6970939289749112, "epochs": 94.1193325548094, "hidden_channels": 83.1866829928854, "learning_rate": 0.04711653734857374, "optimizer": 1.4401936915219686, "pooling_algorithm": 0.36400627952160414}, "datetime": {"datetime": "2023-11-18 20:29:05", "elapsed": 5571.978186, "delta": 5.884034}},
{"target": 0.8892857142857143, "params": {"activation_function": 1.629645867417107, "amount_of_layers": 4.488911310893448, "batch_size": 35.38721856438808, "dropout_rate": 0.299435940526756, "epochs": 122.21415531681798, "hidden_channels": 58.062522002711184, "learning_rate": 0.01644143319215876, "optimizer": 1.0000273392286978, "pooling_algorithm": 0.9197997747015757}, "datetime": {"datetime": "2023-11-18 20:29:11", "elapsed": 5578.625341, "delta": 6.647155}},
{"target": 0.7410714285714286, "params": {"activation_function": 1.852785972604256, "amount_of_layers": 3.415408878950686, "batch_size": 130.33921045313002, "dropout_rate": 0.548976315969359, "epochs": 164.5540129721657, "hidden_channels": 72.55629933705255, "learning_rate": 0.09411892389477078, "optimizer": 1.7532772615116465, "pooling_algorithm": 0.4688495008441589}, "datetime": {"datetime": "2023-11-18 20:29:18", "elapsed": 5585.12046, "delta": 6.495119}},
{"target": 0.9035714285714286, "params": {"activation_function": 0.6637334058750151, "amount_of_layers": 5.842030133686724, "batch_size": 118.5209171485428, "dropout_rate": 0.6284185628196326, "epochs": 137.87376123116007, "hidden_channels": 32.96015993739863, "learning_rate": 0.07374372129904923, "optimizer": 0.9828171031810558, "pooling_algorithm": 0.8118709652824359}, "datetime": {"datetime": "2023-11-18 20:29:24", "elapsed": 5590.940122, "delta": 5.819662}},
