{"target": 0.8928571428571428, "params": {"activation_function": 1.6101016667615045, "amount_of_layers": 1.4600399547519585, "batch_size": 67.47647192152651, "dropout_rate": 0.47975083046984934, "epochs": 143.25380529312486, "hidden_channels": 113.46459955753117, "learning_rate": 0.08279256648836734, "optimizer": 0.5320564170257029, "pooling_algorithm": 0.7036993842179523}, "datetime": {"datetime": "2023-11-19 00:02:13", "elapsed": 18360.549284, "delta": 10.492476}},
{"target": 0.9053571428571429, "params": {"activation_function": 0.8088826214365019, "amount_of_layers": 2.2219240293049385, "batch_size": 67.7272202105855, "dropout_rate": 0.32018145823224514, "epochs": 183.00981406900996, "hidden_channels": 38.796135571215984, "learning_rate": 0.058923461066290414, "optimizer": 0.5307941508134746, "pooling_algorithm": 0.5292293975210992}, "datetime": {"datetime": "2023-11-19 00:02:44", "elapsed": 18391.546044, "delta": 30.99676}},
{"target": 0.7392857142857142, "params": {"activation_function": 1.2283199974702614, "amount_of_layers": 4.873779709272933, "batch_size": 94.57711120217672, "dropout_rate": 0.5551178782773878, "epochs": 89.28081486392429, "hidden_channels": 71.93662373107018, "learning_rate": 0.0032059046047097986, "optimizer": 1.615882648541923, "pooling_algorithm": 0.43556388474159236}, "datetime": {"datetime": "2023-11-19 00:03:36", "elapsed": 18443.641505, "delta": 52.095461}},
{"target": 0.7321428571428572, "params": {"activation_function": 0.7160727025689386, "amount_of_layers": 5.83399799570206, "batch_size": 125.13843507242346, "dropout_rate": 0.6047158937273831, "epochs": 63.154079673024924, "hidden_channels": 38.58143639754217, "learning_rate": 0.037120250043622974, "optimizer": 0.948606470435122, "pooling_algorithm": 0.3317730160933967}, "datetime": {"datetime": "2023-11-19 00:03:47", "elapsed": 18453.853791, "delta": 10.212286}},
{"target": 0.9107142857142857, "params": {"activation_function": 1.3748309043528915, "amount_of_layers": 2.074846085556098, "batch_size": 56.77646828267062, "dropout_rate": 0.5654789648186804, "epochs": 41.12587769128092, "hidden_channels": 20.78443987840538, "learning_rate": 0.0666842218137896, "optimizer": 1.3529004444998234, "pooling_algorithm": 0.6177395690612378}, "datetime": {"datetime": "2023-11-19 00:04:23", "elapsed": 18490.767874, "delta": 36.914083}},
{"target": 0.8964285714285715, "params": {"activation_function": 1.295886216597737, "amount_of_layers": 8.123176273490783, "batch_size": 116.5556429210551, "dropout_rate": 0.7348446346623101, "epochs": 179.55427317367383, "hidden_channels": 104.32240002321842, "learning_rate": 0.06755525615441207, "optimizer": 0.8639794359588988, "pooling_algorithm": 0.6584204235634082}, "datetime": {"datetime": "2023-11-19 00:05:21", "elapsed": 18548.527899, "delta": 57.760025}},
{"target": 0.26964285714285713, "params": {"activation_function": 1.7262601744877952, "amount_of_layers": 6.547175421568615, "batch_size": 47.99251782402866, "dropout_rate": 0.3659189615052595, "epochs": 199.24019365329153, "hidden_channels": 43.924328621540845, "learning_rate": 0.09084637044663367, "optimizer": 1.9897774520873301, "pooling_algorithm": 0.0517204629155219}, "datetime": {"datetime": "2023-11-19 00:05:37", "elapsed": 18564.726556, "delta": 16.198657}},
{"target": 0.8357142857142856, "params": {"activation_function": 1.9288103880992704, "amount_of_layers": 8.335016194204586, "batch_size": 93.72150723739551, "dropout_rate": 0.37215485862433845, "epochs": 159.78988933450017, "hidden_channels": 34.17993680105282, "learning_rate": 0.008963984339110467, "optimizer": 0.08541841270001904, "pooling_algorithm": 0.5772701484897509}, "datetime": {"datetime": "2023-11-19 00:05:51", "elapsed": 18578.246469, "delta": 13.519913}},
{"target": 0.7124999999999999, "params": {"activation_function": 0.2725824788174869, "amount_of_layers": 5.135639811286592, "batch_size": 45.64539481968612, "dropout_rate": 0.42793901948861685, "epochs": 60.024341304589576, "hidden_channels": 124.4185067838553, "learning_rate": 0.06486853788281292, "optimizer": 1.6555650777088116, "pooling_algorithm": 0.2742530952169574}, "datetime": {"datetime": "2023-11-19 00:06:00", "elapsed": 18587.804153, "delta": 9.557684}},
{"target": 0.7857142857142858, "params": {"activation_function": 1.7083716148768249, "amount_of_layers": 2.1686195944305267, "batch_size": 143.1425932844235, "dropout_rate": 0.4780179808516584, "epochs": 153.84254478519787, "hidden_channels": 43.561126947987, "learning_rate": 0.09044361232958366, "optimizer": 1.0806125413769856, "pooling_algorithm": 0.09783469012427437}, "datetime": {"datetime": "2023-11-19 00:06:11", "elapsed": 18598.76935, "delta": 10.965197}},
{"target": 0.9125, "params": {"activation_function": 1.4216388659431811, "amount_of_layers": 8.877131279234828, "batch_size": 112.30897516119619, "dropout_rate": 0.35982825735652624, "epochs": 139.016509582977, "hidden_channels": 7.599698585350079, "learning_rate": 0.07862230063621055, "optimizer": 1.6190593756470761, "pooling_algorithm": 0.7216429533063317}, "datetime": {"datetime": "2023-11-19 00:06:22", "elapsed": 18609.230065, "delta": 10.460715}},
{"target": 0.26071428571428573, "params": {"activation_function": 0.7447328711512522, "amount_of_layers": 5.233280520709076, "batch_size": 144.01682875183238, "dropout_rate": 0.6792417612596726, "epochs": 103.88988846560383, "hidden_channels": 23.54792723178304, "learning_rate": 0.052069226768837566, "optimizer": 1.5061911328889854, "pooling_algorithm": 0.22351333012487518}, "datetime": {"datetime": "2023-11-19 00:06:31", "elapsed": 18618.375784, "delta": 9.145719}},
{"target": 0.9142857142857143, "params": {"activation_function": 0.7450506064397644, "amount_of_layers": 5.756951642393441, "batch_size": 129.92989614236348, "dropout_rate": 0.5900109799185083, "epochs": 15.588650985938692, "hidden_channels": 74.83652527982049, "learning_rate": 0.05451673303601178, "optimizer": 1.3399634310513475, "pooling_algorithm": 0.7542030025810476}, "datetime": {"datetime": "2023-11-19 00:06:40", "elapsed": 18627.120054, "delta": 8.74427}},
{"target": 0.9125, "params": {"activation_function": 0.04135588294702219, "amount_of_layers": 5.877865066858246, "batch_size": 28.43235243086686, "dropout_rate": 0.598653988193627, "epochs": 190.40429251269614, "hidden_channels": 98.63369066685273, "learning_rate": 0.08833006285027414, "optimizer": 0.2717644496363181, "pooling_algorithm": 0.70349815523092}, "datetime": {"datetime": "2023-11-19 00:06:57", "elapsed": 18644.39796, "delta": 17.277906}},
{"target": 0.9053571428571429, "params": {"activation_function": 0.9252234234036216, "amount_of_layers": 8.400734182758619, "batch_size": 31.417373423579903, "dropout_rate": 0.472473055025406, "epochs": 173.2732001904351, "hidden_channels": 36.08105158722631, "learning_rate": 0.0873889903408521, "optimizer": 0.3586657430106661, "pooling_algorithm": 0.7159347276512807}, "datetime": {"datetime": "2023-11-19 00:07:14", "elapsed": 18660.903651, "delta": 16.505691}},
{"target": 0.9142857142857143, "params": {"activation_function": 1.1984796677445975, "amount_of_layers": 2.245906585591169, "batch_size": 84.8819988667113, "dropout_rate": 0.5905848164086342, "epochs": 45.24093513620595, "hidden_channels": 27.778959179363547, "learning_rate": 0.06916503653392658, "optimizer": 0.21095041151066862, "pooling_algorithm": 0.6339740188032426}, "datetime": {"datetime": "2023-11-19 00:07:22", "elapsed": 18668.941322, "delta": 8.037671}},
{"target": 0.9160714285714285, "params": {"activation_function": 0.9845108959644528, "amount_of_layers": 8.574591817015452, "batch_size": 73.9448157089743, "dropout_rate": 0.30157516633843423, "epochs": 143.46103872925286, "hidden_channels": 57.487929482314584, "learning_rate": 0.029373421345782646, "optimizer": 1.7224477017268127, "pooling_algorithm": 0.7279450264407511}, "datetime": {"datetime": "2023-11-19 00:07:35", "elapsed": 18682.369162, "delta": 13.42784}},
{"target": 0.8357142857142857, "params": {"activation_function": 0.41525341890824574, "amount_of_layers": 4.991838303480441, "batch_size": 25.355798641147782, "dropout_rate": 0.25148291435967807, "epochs": 165.34440773110893, "hidden_channels": 79.04494838898401, "learning_rate": 0.06889732759084972, "optimizer": 0.4046561799123183, "pooling_algorithm": 0.2401113153983494}, "datetime": {"datetime": "2023-11-19 00:07:51", "elapsed": 18698.502074, "delta": 16.132912}},
{"target": 0.7142857142857143, "params": {"activation_function": 1.5232987004569412, "amount_of_layers": 4.818774375984717, "batch_size": 105.72328848773213, "dropout_rate": 0.5454879338118226, "epochs": 107.9196515431265, "hidden_channels": 16.190313161961452, "learning_rate": 0.032642394565162616, "optimizer": 1.3870696325782554, "pooling_algorithm": 0.6469271550877006}, "datetime": {"datetime": "2023-11-19 00:08:22", "elapsed": 18729.541783, "delta": 31.039709}},
{"target": 0.9089285714285714, "params": {"activation_function": 0.36218827887250304, "amount_of_layers": 4.863824596426899, "batch_size": 137.29454275273523, "dropout_rate": 0.6313557798842202, "epochs": 98.76911477467428, "hidden_channels": 12.452776727468223, "learning_rate": 0.09490609501832548, "optimizer": 0.9700596879253431, "pooling_algorithm": 0.9961481345147201}, "datetime": {"datetime": "2023-11-19 00:09:23", "elapsed": 18790.685838, "delta": 61.144055}},
{"target": 0.8035714285714286, "params": {"activation_function": 1.5527345644074084, "amount_of_layers": 6.418918039782017, "batch_size": 142.77907348785791, "dropout_rate": 0.3139414186737364, "epochs": 30.996311854533626, "hidden_channels": 126.61909637666962, "learning_rate": 0.09614343677820827, "optimizer": 0.4743486331477753, "pooling_algorithm": 0.02448846778976599}, "datetime": {"datetime": "2023-11-19 00:09:32", "elapsed": 18798.924354, "delta": 8.238516}},
{"target": 0.5, "params": {"activation_function": 0.4783402533535517, "amount_of_layers": 6.389369481862719, "batch_size": 39.957012813774796, "dropout_rate": 0.7425332488586962, "epochs": 197.71609480797724, "hidden_channels": 104.3454599187111, "learning_rate": 0.037692789309910345, "optimizer": 0.979656401149626, "pooling_algorithm": 0.06478205026906414}, "datetime": {"datetime": "2023-11-19 00:09:50", "elapsed": 18817.043039, "delta": 18.118685}},
{"target": 0.9017857142857143, "params": {"activation_function": 1.281071973967214, "amount_of_layers": 6.74916471208881, "batch_size": 122.6292771685349, "dropout_rate": 0.7364025589600327, "epochs": 152.1853789208002, "hidden_channels": 17.971727266719807, "learning_rate": 0.036562488335514835, "optimizer": 0.8695113984061087, "pooling_algorithm": 0.9426803200381597}, "datetime": {"datetime": "2023-11-19 00:10:01", "elapsed": 18828.258232, "delta": 11.215193}},
{"target": 0.4625, "params": {"activation_function": 0.023130395635762246, "amount_of_layers": 2.435385563275686, "batch_size": 145.4717746269114, "dropout_rate": 0.4663918164486271, "epochs": 62.38471051820029, "hidden_channels": 117.15536833868416, "learning_rate": 0.08615533445096657, "optimizer": 1.7545354647412277, "pooling_algorithm": 0.3962245339359812}, "datetime": {"datetime": "2023-11-19 00:10:10", "elapsed": 18837.533881, "delta": 9.275649}},
{"target": 0.7928571428571429, "params": {"activation_function": 1.44805467700169, "amount_of_layers": 2.772773253107774, "batch_size": 108.24023258503846, "dropout_rate": 0.3461871129857116, "epochs": 112.78660414372777, "hidden_channels": 5.779208627275282, "learning_rate": 0.0982700671813541, "optimizer": 0.5672862877698652, "pooling_algorithm": 0.6328508238914271}, "datetime": {"datetime": "2023-11-19 00:10:19", "elapsed": 18846.218663, "delta": 8.684782}},
{"target": 0.9, "params": {"activation_function": 0.632224032609825, "amount_of_layers": 6.390239026185738, "batch_size": 61.97602131560225, "dropout_rate": 0.6007353010001173, "epochs": 83.09300699964972, "hidden_channels": 41.4731014702134, "learning_rate": 0.07931140061556227, "optimizer": 0.7730617467812604, "pooling_algorithm": 0.6870412040097906}, "datetime": {"datetime": "2023-11-19 00:10:28", "elapsed": 18855.40026, "delta": 9.181597}},
{"target": 0.8946428571428572, "params": {"activation_function": 1.7355758092784832, "amount_of_layers": 5.378303887964244, "batch_size": 92.91593946834541, "dropout_rate": 0.4401910085494289, "epochs": 84.72165851322681, "hidden_channels": 63.208058292916206, "learning_rate": 0.08430220985844794, "optimizer": 1.0543837517851204, "pooling_algorithm": 0.7630407204052072}, "datetime": {"datetime": "2023-11-19 00:10:57", "elapsed": 18884.102075, "delta": 28.701815}},
{"target": 0.8321428571428571, "params": {"activation_function": 1.6653416105935839, "amount_of_layers": 4.316381716041841, "batch_size": 30.929730327785464, "dropout_rate": 0.5308671633430269, "epochs": 126.45869353786797, "hidden_channels": 63.278566467515546, "learning_rate": 0.09283645951005823, "optimizer": 0.0592462548743522, "pooling_algorithm": 0.018099635240046874}, "datetime": {"datetime": "2023-11-19 00:11:28", "elapsed": 18915.615253, "delta": 31.513178}},
{"target": 0.5, "params": {"activation_function": 0.3075602878812169, "amount_of_layers": 6.818804216174028, "batch_size": 65.17501692995867, "dropout_rate": 0.3382929658126471, "epochs": 189.49388071657705, "hidden_channels": 30.144485813611976, "learning_rate": 0.06431331075324986, "optimizer": 0.7770587920084153, "pooling_algorithm": 0.21135322548924873}, "datetime": {"datetime": "2023-11-19 00:12:08", "elapsed": 18955.805737, "delta": 40.190484}},
{"target": 0.09999999999999999, "params": {"activation_function": 0.995352371120827, "amount_of_layers": 8.094615883676228, "batch_size": 145.1894210936434, "dropout_rate": 0.6176863811393767, "epochs": 52.29242942673183, "hidden_channels": 7.4221937207672966, "learning_rate": 0.012391489305975438, "optimizer": 1.1547269848671837, "pooling_algorithm": 0.5169744606473862}, "datetime": {"datetime": "2023-11-19 00:12:17", "elapsed": 18964.719773, "delta": 8.914036}},
{"target": 0.9, "params": {"activation_function": 0.843145217993361, "amount_of_layers": 3.6165852522136452, "batch_size": 59.8622361772166, "dropout_rate": 0.5314598364988714, "epochs": 172.13782219105255, "hidden_channels": 44.94192601021544, "learning_rate": 0.08274319103537733, "optimizer": 1.6872013754499726, "pooling_algorithm": 0.9501213917176576}, "datetime": {"datetime": "2023-11-19 00:12:29", "elapsed": 18976.370523, "delta": 11.65075}},
{"target": 0.9142857142857143, "params": {"activation_function": 0.012827843581867615, "amount_of_layers": 8.897724553735465, "batch_size": 98.67132528474036, "dropout_rate": 0.5854355942416323, "epochs": 129.58853005976357, "hidden_channels": 73.70593910163419, "learning_rate": 0.013456597539005778, "optimizer": 1.5778151264617013, "pooling_algorithm": 0.9762476293759047}, "datetime": {"datetime": "2023-11-19 00:12:43", "elapsed": 18990.649948, "delta": 14.279425}},
{"target": 0.75, "params": {"activation_function": 0.32479089513399906, "amount_of_layers": 3.0388208577578313, "batch_size": 43.37290502343724, "dropout_rate": 0.3146025132534598, "epochs": 94.65282486470406, "hidden_channels": 118.37141186297058, "learning_rate": 0.001509484259281521, "optimizer": 1.3286537911568108, "pooling_algorithm": 0.5006711061284178}, "datetime": {"datetime": "2023-11-19 00:12:54", "elapsed": 19001.070131, "delta": 10.420183}},
{"target": 0.26785714285714285, "params": {"activation_function": 1.0948876332011686, "amount_of_layers": 4.228815679425344, "batch_size": 17.543056009637144, "dropout_rate": 0.3240025160815978, "epochs": 148.97832855366443, "hidden_channels": 57.955245906244535, "learning_rate": 0.01758097335609603, "optimizer": 0.8523720017491048, "pooling_algorithm": 0.4161057938869944}, "datetime": {"datetime": "2023-11-19 00:13:10", "elapsed": 19017.022461, "delta": 15.95233}},
{"target": 0.9053571428571429, "params": {"activation_function": 0.460328387472249, "amount_of_layers": 6.285385148650559, "batch_size": 17.579129772237405, "dropout_rate": 0.711365673177128, "epochs": 189.31814442150463, "hidden_channels": 20.608565418415026, "learning_rate": 0.09742253319316158, "optimizer": 0.48350924181668775, "pooling_algorithm": 0.7217762627168686}, "datetime": {"datetime": "2023-11-19 00:14:10", "elapsed": 19077.641635, "delta": 60.619174}},
{"target": 0.7428571428571429, "params": {"activation_function": 1.636558259665591, "amount_of_layers": 6.551060361347256, "batch_size": 101.39745682650437, "dropout_rate": 0.6665596039589242, "epochs": 192.45496742274946, "hidden_channels": 118.81294001406401, "learning_rate": 0.07605994506472062, "optimizer": 1.0376533964852714, "pooling_algorithm": 0.31236386736154054}, "datetime": {"datetime": "2023-11-19 00:14:56", "elapsed": 19123.651665, "delta": 46.01003}},
{"target": 0.7339285714285715, "params": {"activation_function": 0.7800270757851806, "amount_of_layers": 5.664506313209862, "batch_size": 108.6064475966411, "dropout_rate": 0.5787311790111573, "epochs": 135.49954742781074, "hidden_channels": 17.12596879497786, "learning_rate": 0.018472798037423736, "optimizer": 1.6480802397779544, "pooling_algorithm": 0.473325993358517}, "datetime": {"datetime": "2023-11-19 00:15:07", "elapsed": 19134.314366, "delta": 10.662701}},
{"target": 0.9089285714285714, "params": {"activation_function": 0.1292565300690418, "amount_of_layers": 5.370725397862356, "batch_size": 49.78996696571246, "dropout_rate": 0.6088362389400417, "epochs": 140.4134239411621, "hidden_channels": 10.767570116673639, "learning_rate": 0.0602306377106788, "optimizer": 1.5598018347712226, "pooling_algorithm": 0.670347805349169}, "datetime": {"datetime": "2023-11-19 00:15:43", "elapsed": 19170.646739, "delta": 36.332373}},
{"target": 0.0, "params": {"activation_function": 0.16871663099356482, "amount_of_layers": 7.405017507105231, "batch_size": 137.43380827324665, "dropout_rate": 0.6048119339655855, "epochs": 69.49371530162395, "hidden_channels": 126.69778441918592, "learning_rate": 0.01877970861841762, "optimizer": 1.6358971485523706, "pooling_algorithm": 0.6089483891685324}, "datetime": {"datetime": "2023-11-19 00:15:56", "elapsed": 19183.446076, "delta": 12.799337}},
{"target": 0.8607142857142857, "params": {"activation_function": 0.29449685717535123, "amount_of_layers": 6.967744373889064, "batch_size": 107.82287706100435, "dropout_rate": 0.2552832728701174, "epochs": 60.25540219868905, "hidden_channels": 30.80904128459876, "learning_rate": 0.00962044004495367, "optimizer": 0.725375535042154, "pooling_algorithm": 0.5449549922693395}, "datetime": {"datetime": "2023-11-19 00:16:07", "elapsed": 19193.995594, "delta": 10.549518}},
{"target": 0.7321428571428572, "params": {"activation_function": 1.4782116707840707, "amount_of_layers": 7.011521187697209, "batch_size": 118.16972862302602, "dropout_rate": 0.5795743087051715, "epochs": 192.99017390935913, "hidden_channels": 31.795525090404826, "learning_rate": 0.007926360756375329, "optimizer": 0.9621722038885105, "pooling_algorithm": 0.07238585306021217}, "datetime": {"datetime": "2023-11-19 00:16:19", "elapsed": 19206.376301, "delta": 12.380707}},
{"target": 0.7321428571428571, "params": {"activation_function": 0.7985857530259857, "amount_of_layers": 8.523295247937067, "batch_size": 45.12446121686452, "dropout_rate": 0.37524938255315415, "epochs": 113.91286842113684, "hidden_channels": 92.37126343152215, "learning_rate": 0.0029523226222637334, "optimizer": 1.2427428134866867, "pooling_algorithm": 0.38627813348223217}, "datetime": {"datetime": "2023-11-19 00:16:55", "elapsed": 19241.920949, "delta": 35.544648}},
{"target": 0.7892857142857143, "params": {"activation_function": 1.8352594220606058, "amount_of_layers": 1.6050055507401817, "batch_size": 63.07172690265914, "dropout_rate": 0.33916133556039796, "epochs": 90.84548336830184, "hidden_channels": 82.08463821282592, "learning_rate": 0.004708108879366286, "optimizer": 0.9555764644025804, "pooling_algorithm": 0.34470061442231215}, "datetime": {"datetime": "2023-11-19 00:17:04", "elapsed": 19251.666419, "delta": 9.74547}},
{"target": 0.9089285714285714, "params": {"activation_function": 0.20441433126602404, "amount_of_layers": 8.23512731042417, "batch_size": 133.31548524775044, "dropout_rate": 0.4325269208002357, "epochs": 86.98412886338427, "hidden_channels": 44.31720312889014, "learning_rate": 0.06751145746214186, "optimizer": 0.6096629625478838, "pooling_algorithm": 0.6791060497311592}, "datetime": {"datetime": "2023-11-19 00:17:14", "elapsed": 19261.560336, "delta": 9.893917}},
{"target": 0.8964285714285715, "params": {"activation_function": 1.0797265375012317, "amount_of_layers": 8.68534315318873, "batch_size": 17.328847922002687, "dropout_rate": 0.3129647233969215, "epochs": 112.60630308220657, "hidden_channels": 113.1987056494518, "learning_rate": 0.07774017004949041, "optimizer": 1.3934831864778714, "pooling_algorithm": 0.8708692723726319}, "datetime": {"datetime": "2023-11-19 00:17:45", "elapsed": 19292.726827, "delta": 31.166491}},
{"target": 0.26071428571428573, "params": {"activation_function": 0.9614143644681641, "amount_of_layers": 2.4451600945925254, "batch_size": 50.83640576915655, "dropout_rate": 0.7432389017174795, "epochs": 39.680544468652386, "hidden_channels": 99.467742909857, "learning_rate": 0.09446829402736673, "optimizer": 1.5209989092868632, "pooling_algorithm": 0.3709383675809148}, "datetime": {"datetime": "2023-11-19 00:18:21", "elapsed": 19328.477322, "delta": 35.750495}},
{"target": 0.0, "params": {"activation_function": 1.6242660300240066, "amount_of_layers": 2.838682870805469, "batch_size": 112.46026929835675, "dropout_rate": 0.6992529462409383, "epochs": 84.261819463052, "hidden_channels": 14.26029393736364, "learning_rate": 0.08632417296865581, "optimizer": 0.3301007676997847, "pooling_algorithm": 0.90250265387541}, "datetime": {"datetime": "2023-11-19 00:18:29", "elapsed": 19336.448777, "delta": 7.971455}},
