{"target": 0.7428571428571429, "params": {"activation_function": 1.1711079161553004, "amount_of_layers": 4.756095544301733, "batch_size": 92.4635290864784, "dropout_rate": 0.6146550946989628, "epochs": 86.33278628623385, "hidden_channels": 68.52410730274809, "learning_rate": 0.041248698756213155, "optimizer": 0.23213581626778668, "pooling_algorithm": 0.1710767428521469}, "datetime": {"datetime": "2023-11-18 20:12:53", "elapsed": 4600.708385, "delta": 4.858472}},
{"target": 0.9178571428571428, "params": {"activation_function": 0.19810906434839104, "amount_of_layers": 1.6809202460621975, "batch_size": 121.77433774025671, "dropout_rate": 0.7133795114264883, "epochs": 155.48401597919658, "hidden_channels": 60.4325147169441, "learning_rate": 0.0027582296582466547, "optimizer": 0.15141210253709667, "pooling_algorithm": 0.947928366450648}, "datetime": {"datetime": "2023-11-18 20:12:59", "elapsed": 4606.002863, "delta": 5.294478}},
{"target": 0.9071428571428571, "params": {"activation_function": 0.9265216740734425, "amount_of_layers": 1.9046738523284574, "batch_size": 65.04886259204355, "dropout_rate": 0.5539090018269437, "epochs": 183.54712728604596, "hidden_channels": 37.517390387033394, "learning_rate": 0.039692618211787115, "optimizer": 0.8809106007492244, "pooling_algorithm": 0.623539554295041}, "datetime": {"datetime": "2023-11-18 20:13:04", "elapsed": 4611.817256, "delta": 5.814393}},
{"target": 0.7339285714285715, "params": {"activation_function": 0.9877967884766432, "amount_of_layers": 8.641675123234716, "batch_size": 67.28893042446323, "dropout_rate": 0.33946201950011967, "epochs": 184.66530323007905, "hidden_channels": 36.44939896257014, "learning_rate": 0.0370758635470833, "optimizer": 1.6246492977685578, "pooling_algorithm": 0.2692386236769303}, "datetime": {"datetime": "2023-11-18 20:13:16", "elapsed": 4623.515295, "delta": 11.698039}},
{"target": 0.7357142857142858, "params": {"activation_function": 0.6953048678160054, "amount_of_layers": 7.408854015351079, "batch_size": 93.15568665741411, "dropout_rate": 0.32354238637608657, "epochs": 87.90207602982785, "hidden_channels": 67.01776197053128, "learning_rate": 0.0063073511392791794, "optimizer": 0.9325259850594512, "pooling_algorithm": 0.11526352825739172}, "datetime": {"datetime": "2023-11-18 20:13:22", "elapsed": 4629.195267, "delta": 5.679972}},
{"target": 0.7357142857142858, "params": {"activation_function": 1.1257586434913103, "amount_of_layers": 5.783955572503784, "batch_size": 95.60737800627471, "dropout_rate": 0.3412563678807873, "epochs": 91.272344247554, "hidden_channels": 72.25160253110793, "learning_rate": 0.04329409506656178, "optimizer": 1.4691072484344938, "pooling_algorithm": 0.17724713308470097}, "datetime": {"datetime": "2023-11-18 20:13:27", "elapsed": 4634.73372, "delta": 5.538453}},
{"target": 0.9017857142857143, "params": {"activation_function": 0.5466297818029853, "amount_of_layers": 3.338432419811407, "batch_size": 126.0499901355321, "dropout_rate": 0.6532987786655091, "epochs": 161.25391518699226, "hidden_channels": 72.55061182792917, "learning_rate": 0.04926499627973263, "optimizer": 0.5817987110600511, "pooling_algorithm": 0.7327068945474885}, "datetime": {"datetime": "2023-11-18 20:13:34", "elapsed": 4641.039729, "delta": 6.306009}},
{"target": 0.9142857142857143, "params": {"activation_function": 0.7103458507328366, "amount_of_layers": 5.530393320956251, "batch_size": 130.67732452477506, "dropout_rate": 0.6277607281791178, "epochs": 164.83409964092732, "hidden_channels": 76.00734003357685, "learning_rate": 0.024046514059078993, "optimizer": 1.1079511850150825, "pooling_algorithm": 0.5868114050890039}, "datetime": {"datetime": "2023-11-18 20:13:43", "elapsed": 4650.572612, "delta": 9.532883}},
{"target": 0.9, "params": {"activation_function": 1.5756490596005568, "amount_of_layers": 8.33653066664659, "batch_size": 121.87483651296444, "dropout_rate": 0.5885143353513531, "epochs": 157.76632173630927, "hidden_channels": 57.24296030348464, "learning_rate": 0.05780054824661079, "optimizer": 1.410435728119969, "pooling_algorithm": 0.9601812958327175}, "datetime": {"datetime": "2023-11-18 20:13:53", "elapsed": 4659.965727, "delta": 9.393115}},
{"target": 0.7428571428571429, "params": {"activation_function": 0.9125642092451842, "amount_of_layers": 2.7740273157902022, "batch_size": 128.19562079431427, "dropout_rate": 0.514098458431515, "epochs": 161.40210851692805, "hidden_channels": 68.07309376476007, "learning_rate": 0.09774199305708106, "optimizer": 0.4293107393840261, "pooling_algorithm": 0.08340598379021269}, "datetime": {"datetime": "2023-11-18 20:13:59", "elapsed": 4666.26629, "delta": 6.300563}},
{"target": 0.0, "params": {"activation_function": 1.7136782469527319, "amount_of_layers": 3.4883347106032154, "batch_size": 65.33414954048527, "dropout_rate": 0.4272596184748404, "epochs": 186.18594566971572, "hidden_channels": 36.29590214812116, "learning_rate": 0.09666348006960637, "optimizer": 0.485007114447189, "pooling_algorithm": 0.9529616020034911}, "datetime": {"datetime": "2023-11-18 20:14:05", "elapsed": 4672.542944, "delta": 6.276654}},
{"target": 0.9125, "params": {"activation_function": 0.18156264265363684, "amount_of_layers": 5.015307504249177, "batch_size": 136.46849137372774, "dropout_rate": 0.49481639496093155, "epochs": 133.5700798258483, "hidden_channels": 118.93550037385148, "learning_rate": 0.035322331293646016, "optimizer": 1.4378304720693487, "pooling_algorithm": 0.8317391876158036}, "datetime": {"datetime": "2023-11-18 20:14:15", "elapsed": 4682.086262, "delta": 9.543318}},
{"target": 0.8178571428571428, "params": {"activation_function": 1.867421561753812, "amount_of_layers": 7.0560635826801255, "batch_size": 58.61805605326211, "dropout_rate": 0.30134512211208764, "epochs": 183.77393726787756, "hidden_channels": 99.3007222198611, "learning_rate": 0.0215926911827257, "optimizer": 0.08507439218477963, "pooling_algorithm": 0.2253440552906376}, "datetime": {"datetime": "2023-11-18 20:14:27", "elapsed": 4694.063052, "delta": 11.97679}},
{"target": 0.7107142857142857, "params": {"activation_function": 1.8042478895443812, "amount_of_layers": 2.4798739265205274, "batch_size": 67.41340582830217, "dropout_rate": 0.4825065314452116, "epochs": 186.37854003303633, "hidden_channels": 34.87968399962186, "learning_rate": 0.06060068012637683, "optimizer": 1.4998946185229973, "pooling_algorithm": 0.5953237253921878}, "datetime": {"datetime": "2023-11-18 20:14:33", "elapsed": 4700.187961, "delta": 6.124909}},
{"target": 0.9125, "params": {"activation_function": 0.1868297039216551, "amount_of_layers": 4.151966620339533, "batch_size": 139.2958596124293, "dropout_rate": 0.7133013217808528, "epochs": 36.634459372606166, "hidden_channels": 47.865311525912254, "learning_rate": 0.08182823132868139, "optimizer": 0.4819888080899408, "pooling_algorithm": 0.7418957614012724}, "datetime": {"datetime": "2023-11-18 20:14:36", "elapsed": 4703.42684, "delta": 3.238879}},
{"target": 0.0, "params": {"activation_function": 1.5228666675362619, "amount_of_layers": 5.016602414940655, "batch_size": 91.33767806004562, "dropout_rate": 0.6816544458742426, "epochs": 86.33818824200682, "hidden_channels": 67.19679885508104, "learning_rate": 0.09931875108796918, "optimizer": 1.1102281809656247, "pooling_algorithm": 0.82569064232245}, "datetime": {"datetime": "2023-11-18 20:14:41", "elapsed": 4708.661329, "delta": 5.234489}},
{"target": 0.775, "params": {"activation_function": 1.4996856822215683, "amount_of_layers": 1.890876579689639, "batch_size": 144.13065680368376, "dropout_rate": 0.4019734333559726, "epochs": 158.89655593117354, "hidden_channels": 41.451664930475786, "learning_rate": 0.0012028708295537948, "optimizer": 1.1082419992411634, "pooling_algorithm": 0.30673225262445125}, "datetime": {"datetime": "2023-11-18 20:14:46", "elapsed": 4713.02163, "delta": 4.360301}},
{"target": 0.7357142857142857, "params": {"activation_function": 0.9313258857115894, "amount_of_layers": 5.361113747155311, "batch_size": 24.77858862108505, "dropout_rate": 0.5842761423902382, "epochs": 188.69332588550247, "hidden_channels": 14.30248619038602, "learning_rate": 0.003237144829029731, "optimizer": 0.12096783753208218, "pooling_algorithm": 0.4450686983297789}, "datetime": {"datetime": "2023-11-18 20:14:57", "elapsed": 4724.072945, "delta": 11.051315}},
{"target": 0.9071428571428571, "params": {"activation_function": 0.6449518327671373, "amount_of_layers": 2.254860335187465, "batch_size": 65.1880386588891, "dropout_rate": 0.511305606162445, "epochs": 184.75161834805516, "hidden_channels": 35.25231342202383, "learning_rate": 0.035037606867775406, "optimizer": 1.463304451548009, "pooling_algorithm": 0.8583332973439441}, "datetime": {"datetime": "2023-11-18 20:15:03", "elapsed": 4730.458679, "delta": 6.385734}},
{"target": 0.7321428571428571, "params": {"activation_function": 0.5212363885260838, "amount_of_layers": 5.393459668706852, "batch_size": 99.04115296064232, "dropout_rate": 0.32295904715242735, "epochs": 36.92274221551584, "hidden_channels": 83.28301287416802, "learning_rate": 0.03685859133019705, "optimizer": 0.21435453390739356, "pooling_algorithm": 0.24666856517994118}, "datetime": {"datetime": "2023-11-18 20:15:06", "elapsed": 4733.111684, "delta": 2.653005}},
{"target": 0.9142857142857144, "params": {"activation_function": 0.04456988726853428, "amount_of_layers": 8.604825930995794, "batch_size": 42.48964046013463, "dropout_rate": 0.6069023245632665, "epochs": 157.55731877540734, "hidden_channels": 121.53528553269526, "learning_rate": 0.055851998376087265, "optimizer": 0.28106907827414074, "pooling_algorithm": 0.6331149208348823}, "datetime": {"datetime": "2023-11-18 20:15:19", "elapsed": 4746.075831, "delta": 12.964147}},
{"target": 0.9035714285714286, "params": {"activation_function": 1.1171875718502395, "amount_of_layers": 7.757000579856143, "batch_size": 16.17469479436552, "dropout_rate": 0.35493297978643124, "epochs": 193.62228058203743, "hidden_channels": 18.44970936426443, "learning_rate": 0.02453845317376108, "optimizer": 1.7975476976411462, "pooling_algorithm": 0.6781909722553131}, "datetime": {"datetime": "2023-11-18 20:15:36", "elapsed": 4763.649403, "delta": 17.573572}},
{"target": 0.5035714285714287, "params": {"activation_function": 0.44673984464980787, "amount_of_layers": 7.963869840129498, "batch_size": 16.021496100930083, "dropout_rate": 0.250649527052474, "epochs": 93.49064363494483, "hidden_channels": 87.80114067812643, "learning_rate": 0.05300591005930631, "optimizer": 0.6069789844695699, "pooling_algorithm": 0.4667720693555727}, "datetime": {"datetime": "2023-11-18 20:15:48", "elapsed": 4775.168169, "delta": 11.518766}},
{"target": 0.9107142857142857, "params": {"activation_function": 1.3515910951723342, "amount_of_layers": 7.786852517006229, "batch_size": 134.70919225660964, "dropout_rate": 0.6818171095960394, "epochs": 169.01749794444595, "hidden_channels": 59.1110880579847, "learning_rate": 0.01986454069509715, "optimizer": 1.240908050924496, "pooling_algorithm": 0.9961390453546356}, "datetime": {"datetime": "2023-11-18 20:15:56", "elapsed": 4783.593371, "delta": 8.425202}},
{"target": 0.8607142857142857, "params": {"activation_function": 0.2469178038081692, "amount_of_layers": 8.10325913700833, "batch_size": 91.68811578492492, "dropout_rate": 0.6175318734277759, "epochs": 150.1486803632974, "hidden_channels": 69.20248608245764, "learning_rate": 0.004446992395004137, "optimizer": 1.094173629716177, "pooling_algorithm": 0.9175277678546484}, "datetime": {"datetime": "2023-11-18 20:16:04", "elapsed": 4791.465057, "delta": 7.871686}},
{"target": 0.9071428571428571, "params": {"activation_function": 0.07937470610871533, "amount_of_layers": 3.6590676217730325, "batch_size": 57.97401671229583, "dropout_rate": 0.41320768550472453, "epochs": 69.97304819151108, "hidden_channels": 118.9504922435068, "learning_rate": 0.047237330529871585, "optimizer": 0.16431073838705146, "pooling_algorithm": 0.7043026481467424}, "datetime": {"datetime": "2023-11-18 20:16:08", "elapsed": 4795.646322, "delta": 4.181265}},
{"target": 0.4785714285714286, "params": {"activation_function": 1.0453618391829784, "amount_of_layers": 1.845839270903773, "batch_size": 39.73632092006675, "dropout_rate": 0.6364947539617982, "epochs": 109.91284827009017, "hidden_channels": 44.05591824664949, "learning_rate": 0.07470761474462266, "optimizer": 1.9626248706728517, "pooling_algorithm": 0.21305742090068258}, "datetime": {"datetime": "2023-11-18 20:16:12", "elapsed": 4799.81274, "delta": 4.166418}},
{"target": 0.7714285714285714, "params": {"activation_function": 0.30726532925334493, "amount_of_layers": 6.085107613309365, "batch_size": 95.09352972705216, "dropout_rate": 0.31314637796123246, "epochs": 90.55111364068104, "hidden_channels": 73.64497408643233, "learning_rate": 0.004915694268852423, "optimizer": 0.959192975996805, "pooling_algorithm": 0.35435588831399567}, "datetime": {"datetime": "2023-11-18 20:16:19", "elapsed": 4806.274, "delta": 6.46126}},
{"target": 0.9071428571428571, "params": {"activation_function": 1.20382412352435, "amount_of_layers": 3.8483236843641366, "batch_size": 105.48981936793751, "dropout_rate": 0.4918185862649963, "epochs": 24.952981191133944, "hidden_channels": 26.647062015890185, "learning_rate": 0.027169347782510116, "optimizer": 0.436247827943933, "pooling_algorithm": 0.7954912800989669}, "datetime": {"datetime": "2023-11-18 20:16:21", "elapsed": 4808.158353, "delta": 1.884353}},
{"target": 0.7357142857142858, "params": {"activation_function": 1.0521242249352785, "amount_of_layers": 6.172166778050527, "batch_size": 66.49801125509227, "dropout_rate": 0.7462659788856726, "epochs": 73.0832503807683, "hidden_channels": 103.76082651319787, "learning_rate": 0.002429975692026222, "optimizer": 0.6169835803275736, "pooling_algorithm": 0.035955033556213434}, "datetime": {"datetime": "2023-11-18 20:16:26", "elapsed": 4813.224211, "delta": 5.065858}},
{"target": 0.8964285714285714, "params": {"activation_function": 1.4358594366547983, "amount_of_layers": 4.160528176149081, "batch_size": 17.26252465273819, "dropout_rate": 0.6847732664781796, "epochs": 92.66510258757279, "hidden_channels": 107.89421460880675, "learning_rate": 0.023001608664221716, "optimizer": 0.11231225513769716, "pooling_algorithm": 0.8310109447258075}, "datetime": {"datetime": "2023-11-18 20:16:33", "elapsed": 4820.158318, "delta": 6.934107}},
{"target": 0.9160714285714285, "params": {"activation_function": 1.3319291424752315, "amount_of_layers": 5.901045530721033, "batch_size": 29.36131051969723, "dropout_rate": 0.32196552316632693, "epochs": 144.05042481841133, "hidden_channels": 21.8843080984076, "learning_rate": 0.055213984313864324, "optimizer": 1.805293090162617, "pooling_algorithm": 0.8830694741923293}, "datetime": {"datetime": "2023-11-18 20:16:42", "elapsed": 4829.108711, "delta": 8.950393}},
{"target": 0.9125, "params": {"activation_function": 0.4971037733157293, "amount_of_layers": 4.537374215093724, "batch_size": 27.710169588338587, "dropout_rate": 0.5676396278042883, "epochs": 142.53830671054246, "hidden_channels": 108.58108033466867, "learning_rate": 0.06994201144292958, "optimizer": 0.765050588909217, "pooling_algorithm": 0.6018226134970918}, "datetime": {"datetime": "2023-11-18 20:16:52", "elapsed": 4839.302355, "delta": 10.193644}},
{"target": 0.9142857142857143, "params": {"activation_function": 1.310417171315149, "amount_of_layers": 7.226973832738887, "batch_size": 67.27177286685084, "dropout_rate": 0.6093110057700786, "epochs": 185.82520562090346, "hidden_channels": 36.77596564047163, "learning_rate": 0.035864125700303576, "optimizer": 1.7616895523257576, "pooling_algorithm": 0.5296072324071056}, "datetime": {"datetime": "2023-11-18 20:17:00", "elapsed": 4847.464711, "delta": 8.162356}},
{"target": 0.26428571428571423, "params": {"activation_function": 1.9603852695298989, "amount_of_layers": 8.035405161941169, "batch_size": 111.41256303069842, "dropout_rate": 0.5466858999860271, "epochs": 196.71100289658213, "hidden_channels": 55.42851889707843, "learning_rate": 0.05450285208209087, "optimizer": 0.9845012095416048, "pooling_algorithm": 0.09657818784675787}, "datetime": {"datetime": "2023-11-18 20:17:10", "elapsed": 4856.832282, "delta": 9.367571}},
{"target": 0.08928571428571429, "params": {"activation_function": 1.4180922334020578, "amount_of_layers": 4.7478539362598875, "batch_size": 145.91370258351904, "dropout_rate": 0.5312609840002792, "epochs": 94.76252741798494, "hidden_channels": 70.68026036094153, "learning_rate": 0.004337682146393424, "optimizer": 0.35793042117679463, "pooling_algorithm": 0.7595318568975856}, "datetime": {"datetime": "2023-11-18 20:17:14", "elapsed": 4861.318266, "delta": 4.485984}},
{"target": 0.9125, "params": {"activation_function": 1.280295353540557, "amount_of_layers": 7.100205295281613, "batch_size": 75.35682827976768, "dropout_rate": 0.7472774084400139, "epochs": 93.43675782680685, "hidden_channels": 51.00597390843273, "learning_rate": 0.008810210086456355, "optimizer": 1.6634229986598912, "pooling_algorithm": 0.762421844069471}, "datetime": {"datetime": "2023-11-18 20:17:19", "elapsed": 4866.430797, "delta": 5.112531}},
{"target": 0.26607142857142857, "params": {"activation_function": 0.7189769117398139, "amount_of_layers": 7.631497228909142, "batch_size": 109.06666112937259, "dropout_rate": 0.6925919993718412, "epochs": 45.451845903471835, "hidden_channels": 63.86339208551755, "learning_rate": 0.009956232493245749, "optimizer": 1.3373287411732333, "pooling_algorithm": 0.2257247436481925}, "datetime": {"datetime": "2023-11-18 20:17:22", "elapsed": 4869.511539, "delta": 3.080742}},
{"target": 0.8571428571428571, "params": {"activation_function": 0.18309696705837886, "amount_of_layers": 5.687780982817427, "batch_size": 126.04950205310448, "dropout_rate": 0.5301980660065091, "epochs": 104.70555815664231, "hidden_channels": 122.5903574085117, "learning_rate": 0.017263545713143275, "optimizer": 0.5561817673621494, "pooling_algorithm": 0.7753429813357345}, "datetime": {"datetime": "2023-11-18 20:17:30", "elapsed": 4876.880983, "delta": 7.369444}},
{"target": 0.9142857142857141, "params": {"activation_function": 0.8466192319245935, "amount_of_layers": 5.956681198600301, "batch_size": 121.29978809550866, "dropout_rate": 0.41391410082765057, "epochs": 132.87142386093677, "hidden_channels": 51.695922394831406, "learning_rate": 0.07773744648481357, "optimizer": 0.5737089973998242, "pooling_algorithm": 0.9076442851434909}, "datetime": {"datetime": "2023-11-18 20:17:35", "elapsed": 4882.83001, "delta": 5.949027}},
{"target": 0.725, "params": {"activation_function": 0.07065295335340216, "amount_of_layers": 5.336688997797081, "batch_size": 95.47525865073045, "dropout_rate": 0.3070623722032881, "epochs": 89.15373776961209, "hidden_channels": 68.29790840086045, "learning_rate": 0.014119428640615102, "optimizer": 1.0569531758373072, "pooling_algorithm": 0.8916409268088394}, "datetime": {"datetime": "2023-11-18 20:17:41", "elapsed": 4888.795034, "delta": 5.965024}},
{"target": 0.5, "params": {"activation_function": 0.3661901543307118, "amount_of_layers": 6.187039121502587, "batch_size": 41.30624100737779, "dropout_rate": 0.40161822654132173, "epochs": 45.646041155016704, "hidden_channels": 39.048057384460385, "learning_rate": 0.043418025788270254, "optimizer": 0.5429110531659105, "pooling_algorithm": 0.18876929570414558}, "datetime": {"datetime": "2023-11-18 20:17:45", "elapsed": 4891.949261, "delta": 3.154227}},
{"target": 0.9089285714285714, "params": {"activation_function": 0.41819156421343173, "amount_of_layers": 2.4217560477470785, "batch_size": 143.31298339987495, "dropout_rate": 0.5015887970226702, "epochs": 49.62277247050149, "hidden_channels": 36.13828736923645, "learning_rate": 0.05487830329846305, "optimizer": 0.5573229891445624, "pooling_algorithm": 0.9406825756322289}, "datetime": {"datetime": "2023-11-18 20:17:47", "elapsed": 4893.953965, "delta": 2.004704}},
{"target": 0.9071428571428571, "params": {"activation_function": 0.04500139759172428, "amount_of_layers": 7.6734641473381995, "batch_size": 89.48820413624144, "dropout_rate": 0.3026095985945734, "epochs": 90.06631881803983, "hidden_channels": 72.30065012663701, "learning_rate": 0.07241477583958818, "optimizer": 1.6089065292660816, "pooling_algorithm": 0.7922133180667797}, "datetime": {"datetime": "2023-11-18 20:17:52", "elapsed": 4899.745093, "delta": 5.791128}},
{"target": 0.0, "params": {"activation_function": 1.9892013492712513, "amount_of_layers": 3.5443897855221342, "batch_size": 68.12087997859217, "dropout_rate": 0.6815495759893996, "epochs": 184.95311300718024, "hidden_channels": 36.06864386373209, "learning_rate": 0.05362886043552641, "optimizer": 0.36149582480790854, "pooling_algorithm": 0.5404941738325926}, "datetime": {"datetime": "2023-11-18 20:18:00", "elapsed": 4907.50924, "delta": 7.764147}},
{"target": 0.7250000000000001, "params": {"activation_function": 0.29127691684781265, "amount_of_layers": 5.5625178950918714, "batch_size": 90.72579118963347, "dropout_rate": 0.5759862242977494, "epochs": 130.9266972104848, "hidden_channels": 82.99508339650498, "learning_rate": 0.0069852224630235354, "optimizer": 0.5252822501323224, "pooling_algorithm": 0.08266338038472076}, "datetime": {"datetime": "2023-11-18 20:18:07", "elapsed": 4914.413591, "delta": 6.904351}},
{"target": 0.8357142857142856, "params": {"activation_function": 1.7284366553380188, "amount_of_layers": 7.378334065707566, "batch_size": 75.9191017953087, "dropout_rate": 0.6629862721147084, "epochs": 122.58133062131823, "hidden_channels": 25.121559814864547, "learning_rate": 0.020669558775309016, "optimizer": 0.5919198199671136, "pooling_algorithm": 0.7031505965579982}, "datetime": {"datetime": "2023-11-18 20:18:12", "elapsed": 4919.507315, "delta": 5.093724}},
