{"target": 0.9142857142857143, "params": {"activation_function": 1.4819023933838282, "amount_of_layers": 2.9096888308614455, "batch_size": 82.10457811202136, "dropout_rate": 0.6647355530794481, "epochs": 178.629257331707, "hidden_channels": 43.71117946606118, "learning_rate": 0.060105683399253346, "optimizer": 1.2545744039805522, "pooling_algorithm": 0.9937658401203153}, "datetime": {"datetime": "2023-11-18 23:35:20", "elapsed": 16747.102005, "delta": 9.527886}},
{"target": 0.9, "params": {"activation_function": 0.5147860837400717, "amount_of_layers": 1.6545413973441407, "batch_size": 16.331437758100716, "dropout_rate": 0.27890798471734124, "epochs": 147.8221212599246, "hidden_channels": 127.38468393316546, "learning_rate": 0.06080052110183228, "optimizer": 0.7954723834668247, "pooling_algorithm": 0.8599331797694167}, "datetime": {"datetime": "2023-11-18 23:35:35", "elapsed": 16762.257913, "delta": 15.155908}},
{"target": 0.9035714285714286, "params": {"activation_function": 0.7379489076145007, "amount_of_layers": 1.5178676796101334, "batch_size": 20.04048680080885, "dropout_rate": 0.637760813666482, "epochs": 18.10766618302349, "hidden_channels": 33.78415262964167, "learning_rate": 0.016192424297591056, "optimizer": 1.9877398765460779, "pooling_algorithm": 0.8445593561862336}, "datetime": {"datetime": "2023-11-18 23:35:42", "elapsed": 16769.229561, "delta": 6.971648}},
{"target": 0.8732142857142857, "params": {"activation_function": 1.0933363265740668, "amount_of_layers": 1.0177029082910698, "batch_size": 19.09245653430249, "dropout_rate": 0.4536088921350519, "epochs": 18.0528116889641, "hidden_channels": 33.75802210214106, "learning_rate": 0.09477403198396792, "optimizer": 1.5333451943757397, "pooling_algorithm": 0.5375427410470883}, "datetime": {"datetime": "2023-11-18 23:36:11", "elapsed": 16797.978729, "delta": 28.749168}},
{"target": 0.9053571428571429, "params": {"activation_function": 0.10805613366642236, "amount_of_layers": 4.332236039412379, "batch_size": 139.8014313058312, "dropout_rate": 0.6501833137518973, "epochs": 36.132991165047265, "hidden_channels": 48.16249902376816, "learning_rate": 0.08225030061119795, "optimizer": 0.5832170614245143, "pooling_algorithm": 0.6806980352457266}, "datetime": {"datetime": "2023-11-18 23:36:44", "elapsed": 16831.14719, "delta": 33.168461}},
{"target": 0.9160714285714286, "params": {"activation_function": 2.0, "amount_of_layers": 5.426709533031898, "batch_size": 142.41648235947878, "dropout_rate": 0.403331333037986, "epochs": 133.11724415671182, "hidden_channels": 8.223460666938172, "learning_rate": 0.083264486525199, "optimizer": 1.1335964492037944, "pooling_algorithm": 0.7797272320091785}, "datetime": {"datetime": "2023-11-18 23:37:10", "elapsed": 16857.471964, "delta": 26.324774}},
{"target": 0.26964285714285713, "params": {"activation_function": 0.5564958406610632, "amount_of_layers": 5.841708647880934, "batch_size": 136.0598763321783, "dropout_rate": 0.3679229504139955, "epochs": 150.70477826165583, "hidden_channels": 126.07134988288377, "learning_rate": 0.05219443897779114, "optimizer": 1.6453779280218819, "pooling_algorithm": 0.3528437139040217}, "datetime": {"datetime": "2023-11-18 23:37:39", "elapsed": 16886.120278, "delta": 28.648314}},
{"target": 0.8982142857142857, "params": {"activation_function": 0.7559165467843574, "amount_of_layers": 6.962701350698274, "batch_size": 125.90275050495269, "dropout_rate": 0.39295833712424055, "epochs": 78.20987043108809, "hidden_channels": 96.72438175013727, "learning_rate": 0.056798770485680536, "optimizer": 1.8343616883035068, "pooling_algorithm": 0.6275721571129215}, "datetime": {"datetime": "2023-11-18 23:37:53", "elapsed": 16900.256109, "delta": 14.135831}},
{"target": 0.7428571428571429, "params": {"activation_function": 0.12982984175622825, "amount_of_layers": 8.171155804405267, "batch_size": 99.72499003821926, "dropout_rate": 0.27248896531597305, "epochs": 108.79181523665986, "hidden_channels": 71.32692529371565, "learning_rate": 0.012923538486187623, "optimizer": 1.4329350200174549, "pooling_algorithm": 0.2519695854408701}, "datetime": {"datetime": "2023-11-18 23:38:04", "elapsed": 16911.235793, "delta": 10.979684}},
{"target": 0.7875000000000001, "params": {"activation_function": 0.603532389039884, "amount_of_layers": 1.4401251455357587, "batch_size": 40.21793760162505, "dropout_rate": 0.26076349878687366, "epochs": 34.43116710229566, "hidden_channels": 71.6232978876361, "learning_rate": 0.05235279886524896, "optimizer": 0.11193434810362435, "pooling_algorithm": 0.3890130561658137}, "datetime": {"datetime": "2023-11-18 23:38:11", "elapsed": 16917.982115, "delta": 6.746322}},
{"target": 0.3857142857142857, "params": {"activation_function": 1.8799398458403573, "amount_of_layers": 2.619108985687993, "batch_size": 53.9690132366588, "dropout_rate": 0.6655336687285514, "epochs": 165.26296063056574, "hidden_channels": 118.74265040162844, "learning_rate": 0.025814604298310576, "optimizer": 1.2397966576987345, "pooling_algorithm": 0.17033624663649105}, "datetime": {"datetime": "2023-11-18 23:38:50", "elapsed": 16956.855128, "delta": 38.873013}},
{"target": 0.8107142857142857, "params": {"activation_function": 0.2675392736394038, "amount_of_layers": 2.7116195555493707, "batch_size": 68.48055130000395, "dropout_rate": 0.3029336611701281, "epochs": 69.39847069037278, "hidden_channels": 26.29042432785671, "learning_rate": 0.07978857183030591, "optimizer": 0.40563675831307044, "pooling_algorithm": 0.07887157260086775}, "datetime": {"datetime": "2023-11-18 23:38:57", "elapsed": 16964.42112, "delta": 7.565992}},
{"target": 0.6410714285714286, "params": {"activation_function": 0.0008484872392839904, "amount_of_layers": 4.2305397819262796, "batch_size": 112.6148244397073, "dropout_rate": 0.2548429904432023, "epochs": 195.2750375297703, "hidden_channels": 46.811282791803386, "learning_rate": 0.06109593081030923, "optimizer": 1.9329161056796185, "pooling_algorithm": 0.007866421896361553}, "datetime": {"datetime": "2023-11-18 23:39:08", "elapsed": 16975.339345, "delta": 10.918225}},
{"target": 0.9142857142857143, "params": {"activation_function": 1.2033345933810322, "amount_of_layers": 3.26647746194298, "batch_size": 86.86495462895063, "dropout_rate": 0.6594698907607325, "epochs": 166.4132245164481, "hidden_channels": 55.478210871972436, "learning_rate": 0.032991540596167365, "optimizer": 1.849757915986715, "pooling_algorithm": 0.9211117062931252}, "datetime": {"datetime": "2023-11-18 23:39:41", "elapsed": 17008.185073, "delta": 32.845728}},
{"target": 0.9053571428571429, "params": {"activation_function": 0.024727845741800092, "amount_of_layers": 5.129703521011627, "batch_size": 111.58796805710311, "dropout_rate": 0.625153657890886, "epochs": 157.69037426183505, "hidden_channels": 50.9453858973932, "learning_rate": 0.02925479235402077, "optimizer": 0.8346792224820756, "pooling_algorithm": 0.7525470401251927}, "datetime": {"datetime": "2023-11-18 23:39:53", "elapsed": 17020.316998, "delta": 12.131925}},
{"target": 0.8357142857142857, "params": {"activation_function": 0.05446211930832723, "amount_of_layers": 6.212050456513679, "batch_size": 37.74860083039526, "dropout_rate": 0.6959817211634165, "epochs": 45.59098259915002, "hidden_channels": 92.35549619014957, "learning_rate": 0.004275892856755793, "optimizer": 1.7605526468006187, "pooling_algorithm": 0.07939061459124919}, "datetime": {"datetime": "2023-11-18 23:40:02", "elapsed": 17029.319441, "delta": 9.002443}},
{"target": 0.8071428571428572, "params": {"activation_function": 1.5629092687311203, "amount_of_layers": 2.301115340764089, "batch_size": 23.451096520555915, "dropout_rate": 0.704490798134739, "epochs": 111.05543853733502, "hidden_channels": 65.05339675998607, "learning_rate": 0.019155864597076275, "optimizer": 1.5717073753167645, "pooling_algorithm": 0.2982950972148317}, "datetime": {"datetime": "2023-11-18 23:40:11", "elapsed": 17038.67556, "delta": 9.356119}},
{"target": 0.09642857142857142, "params": {"activation_function": 0.6485791014001598, "amount_of_layers": 3.537061626288623, "batch_size": 109.2291887954163, "dropout_rate": 0.7222134138423855, "epochs": 156.7685840321634, "hidden_channels": 24.388592783963908, "learning_rate": 0.03313056270815445, "optimizer": 0.37422910448245217, "pooling_algorithm": 0.7882740503195975}, "datetime": {"datetime": "2023-11-18 23:41:03", "elapsed": 17090.127048, "delta": 51.451488}},
{"target": 0.8892857142857143, "params": {"activation_function": 1.8444281702586778, "amount_of_layers": 2.868946078027549, "batch_size": 28.739895051279575, "dropout_rate": 0.6911795935430578, "epochs": 88.85565605352153, "hidden_channels": 34.68217579650978, "learning_rate": 0.02588407338053347, "optimizer": 0.8576498039435938, "pooling_algorithm": 0.928052441410708}, "datetime": {"datetime": "2023-11-18 23:41:12", "elapsed": 17099.793052, "delta": 9.666004}},
{"target": 0.7321428571428571, "params": {"activation_function": 0.30532748476152416, "amount_of_layers": 8.231053946075253, "batch_size": 42.78893995976368, "dropout_rate": 0.6895330121343378, "epochs": 167.57864267088823, "hidden_channels": 110.4721025820028, "learning_rate": 0.0844422536142924, "optimizer": 0.7918677461316785, "pooling_algorithm": 0.4264460783506413}, "datetime": {"datetime": "2023-11-18 23:41:31", "elapsed": 17118.331412, "delta": 18.53836}},
{"target": 0.9053571428571429, "params": {"activation_function": 1.794587923243542, "amount_of_layers": 7.068093954385795, "batch_size": 110.42628283742205, "dropout_rate": 0.66349806360465, "epochs": 143.12829240193216, "hidden_channels": 54.98290672095267, "learning_rate": 0.08221809236698284, "optimizer": 1.6119521534063308, "pooling_algorithm": 0.9966453944587627}, "datetime": {"datetime": "2023-11-18 23:41:42", "elapsed": 17129.662276, "delta": 11.330864}},
{"target": 0.7357142857142858, "params": {"activation_function": 1.386551369598882, "amount_of_layers": 5.561541320986802, "batch_size": 107.80847794491679, "dropout_rate": 0.3832288312934474, "epochs": 178.15889672565092, "hidden_channels": 99.24128672777022, "learning_rate": 0.09531263290072627, "optimizer": 0.8696029458035832, "pooling_algorithm": 0.4172174890890039}, "datetime": {"datetime": "2023-11-18 23:42:02", "elapsed": 17148.91029, "delta": 19.248014}},
{"target": 0.8214285714285714, "params": {"activation_function": 0.20602174315387867, "amount_of_layers": 2.9665859144701283, "batch_size": 100.90112259467799, "dropout_rate": 0.38394926601306634, "epochs": 112.17352733162727, "hidden_channels": 39.199050268974474, "learning_rate": 0.027987756993342806, "optimizer": 0.1934335399657785, "pooling_algorithm": 0.23684063895338658}, "datetime": {"datetime": "2023-11-18 23:42:10", "elapsed": 17157.606434, "delta": 8.696144}},
{"target": 0.7946428571428572, "params": {"activation_function": 1.7793681400287007, "amount_of_layers": 1.4334273121380772, "batch_size": 79.79538136565922, "dropout_rate": 0.5885217737708079, "epochs": 65.90020186437367, "hidden_channels": 67.64289004106442, "learning_rate": 0.04195317747461918, "optimizer": 0.25626250325010336, "pooling_algorithm": 0.20072311132887277}, "datetime": {"datetime": "2023-11-18 23:42:17", "elapsed": 17164.678777, "delta": 7.072343}},
{"target": 0.8035714285714286, "params": {"activation_function": 0.35013491602961344, "amount_of_layers": 1.6419752700807084, "batch_size": 126.36059407393766, "dropout_rate": 0.5645462974051343, "epochs": 48.9688509334735, "hidden_channels": 75.7954964490936, "learning_rate": 0.05824521818152171, "optimizer": 0.6400518351143447, "pooling_algorithm": 0.2663353526774075}, "datetime": {"datetime": "2023-11-18 23:42:25", "elapsed": 17172.432199, "delta": 7.753422}},
{"target": 0.7410714285714286, "params": {"activation_function": 0.9260809747897134, "amount_of_layers": 2.4752947980157014, "batch_size": 58.508266923576215, "dropout_rate": 0.2955065355607663, "epochs": 51.23074705071162, "hidden_channels": 48.16273472210079, "learning_rate": 0.08739355092552858, "optimizer": 1.591502287968186, "pooling_algorithm": 0.42062991780469083}, "datetime": {"datetime": "2023-11-18 23:42:33", "elapsed": 17180.171439, "delta": 7.73924}},
{"target": 0.9035714285714286, "params": {"activation_function": 0.6501769005081808, "amount_of_layers": 4.425897599519376, "batch_size": 123.54887030116763, "dropout_rate": 0.41294159073026276, "epochs": 107.95478076692568, "hidden_channels": 5.323051287690155, "learning_rate": 0.08169942413608042, "optimizer": 0.23646017773868655, "pooling_algorithm": 0.6570740808374063}, "datetime": {"datetime": "2023-11-18 23:42:41", "elapsed": 17188.807271, "delta": 8.635832}},
{"target": 0.7107142857142857, "params": {"activation_function": 0.6822197469089399, "amount_of_layers": 3.0436186156198453, "batch_size": 74.26177326492899, "dropout_rate": 0.7218876811554108, "epochs": 55.78737163923246, "hidden_channels": 61.76031298185286, "learning_rate": 0.04344587174399309, "optimizer": 0.11401157458497058, "pooling_algorithm": 0.26212733334433}, "datetime": {"datetime": "2023-11-18 23:42:49", "elapsed": 17196.813039, "delta": 8.005768}},
{"target": 0.9160714285714285, "params": {"activation_function": 1.3502551590269054, "amount_of_layers": 4.760288478456342, "batch_size": 127.77852761766566, "dropout_rate": 0.5154472055231474, "epochs": 161.71588628455936, "hidden_channels": 61.99358772473773, "learning_rate": 0.044157677432504115, "optimizer": 0.8553505655803482, "pooling_algorithm": 0.8416035041630214}, "datetime": {"datetime": "2023-11-18 23:43:24", "elapsed": 17231.726628, "delta": 34.913589}},
{"target": 0.9, "params": {"activation_function": 1.1016568607731312, "amount_of_layers": 7.886907499288366, "batch_size": 54.29420291162437, "dropout_rate": 0.6101364279413801, "epochs": 111.30293182400716, "hidden_channels": 17.591042885825242, "learning_rate": 0.034178529835932316, "optimizer": 0.275356009324246, "pooling_algorithm": 0.5625645856035493}, "datetime": {"datetime": "2023-11-18 23:43:35", "elapsed": 17242.388698, "delta": 10.66207}},
{"target": 0.9089285714285714, "params": {"activation_function": 0.21424723269486345, "amount_of_layers": 4.824079673702397, "batch_size": 37.551208679466754, "dropout_rate": 0.3855771319332581, "epochs": 126.20439107240577, "hidden_channels": 32.22537965111498, "learning_rate": 0.08166212576973902, "optimizer": 1.5385709395120184, "pooling_algorithm": 0.6894991496665631}, "datetime": {"datetime": "2023-11-18 23:43:45", "elapsed": 17252.33044, "delta": 9.941742}},
{"target": 0.8857142857142858, "params": {"activation_function": 1.8194196959219262, "amount_of_layers": 3.507506575039594, "batch_size": 123.62472618464538, "dropout_rate": 0.7259754136275622, "epochs": 114.85444798715567, "hidden_channels": 53.79785325729072, "learning_rate": 0.008914817134569118, "optimizer": 0.913720261242539, "pooling_algorithm": 0.7935789733060413}, "datetime": {"datetime": "2023-11-18 23:43:55", "elapsed": 17262.682757, "delta": 10.352317}},
{"target": 0.9017857142857143, "params": {"activation_function": 1.7515502428215723, "amount_of_layers": 6.737597970385938, "batch_size": 98.17918312671064, "dropout_rate": 0.2965557471496842, "epochs": 91.60862465113867, "hidden_channels": 63.60148031823194, "learning_rate": 0.05043337239393216, "optimizer": 0.5746606310153901, "pooling_algorithm": 0.8630291581385682}, "datetime": {"datetime": "2023-11-18 23:44:31", "elapsed": 17298.252947, "delta": 35.57019}},
{"target": 0.26249999999999996, "params": {"activation_function": 0.7386493573096367, "amount_of_layers": 4.010617277767347, "batch_size": 116.64168771224283, "dropout_rate": 0.7107007426888612, "epochs": 153.2048570843519, "hidden_channels": 55.7373423845565, "learning_rate": 0.07416842091875764, "optimizer": 1.5304091675926095, "pooling_algorithm": 0.3918593225418263}, "datetime": {"datetime": "2023-11-18 23:44:42", "elapsed": 17309.029474, "delta": 10.776527}},
{"target": 0.742857142857143, "params": {"activation_function": 1.0972278965951459, "amount_of_layers": 6.017614535007136, "batch_size": 110.84088200120031, "dropout_rate": 0.5055631464432229, "epochs": 135.71929955435593, "hidden_channels": 54.885426418880805, "learning_rate": 0.0901605708864826, "optimizer": 1.2040114800808708, "pooling_algorithm": 0.006721058493085574}, "datetime": {"datetime": "2023-11-18 23:44:52", "elapsed": 17319.135129, "delta": 10.105655}},
{"target": 0.8232142857142857, "params": {"activation_function": 0.16720293373105277, "amount_of_layers": 4.729116014697814, "batch_size": 95.17779386030348, "dropout_rate": 0.4685293224086908, "epochs": 184.18027924996377, "hidden_channels": 119.39412410857443, "learning_rate": 0.05446144874200164, "optimizer": 0.7559905928245878, "pooling_algorithm": 0.5309413912881674}, "datetime": {"datetime": "2023-11-18 23:45:07", "elapsed": 17333.888189, "delta": 14.75306}},
{"target": 0.8446428571428573, "params": {"activation_function": 1.921231958373063, "amount_of_layers": 1.316271920204378, "batch_size": 33.94233497526418, "dropout_rate": 0.5203721592738781, "epochs": 75.82032721857706, "hidden_channels": 26.411517263101963, "learning_rate": 0.07161930036493956, "optimizer": 1.0373120655301764, "pooling_algorithm": 0.5845136920947127}, "datetime": {"datetime": "2023-11-18 23:45:15", "elapsed": 17342.373967, "delta": 8.485778}},
{"target": 0.9089285714285714, "params": {"activation_function": 0.18820595193851195, "amount_of_layers": 6.0436949697806135, "batch_size": 73.14790808814381, "dropout_rate": 0.2739878950210768, "epochs": 169.39541969814726, "hidden_channels": 126.68523587428867, "learning_rate": 0.09518271932526427, "optimizer": 1.7601941654203446, "pooling_algorithm": 0.863015432358563}, "datetime": {"datetime": "2023-11-18 23:45:56", "elapsed": 17383.678071, "delta": 41.304104}},
{"target": 0.9178571428571428, "params": {"activation_function": 1.3463136901840345, "amount_of_layers": 7.862453709585732, "batch_size": 78.48896328684462, "dropout_rate": 0.36767943366226163, "epochs": 113.44091778443381, "hidden_channels": 123.062934485971, "learning_rate": 0.030068085319253406, "optimizer": 1.042748013981401, "pooling_algorithm": 0.8713831047762071}, "datetime": {"datetime": "2023-11-18 23:46:11", "elapsed": 17397.926452, "delta": 14.248381}},
{"target": 0.9035714285714286, "params": {"activation_function": 0.18809496130842418, "amount_of_layers": 3.955319442064253, "batch_size": 108.82039352366098, "dropout_rate": 0.5563753882125291, "epochs": 84.17755316209399, "hidden_channels": 114.3610498811394, "learning_rate": 0.026065232548862602, "optimizer": 1.9518275052023968, "pooling_algorithm": 0.7061100802594411}, "datetime": {"datetime": "2023-11-18 23:46:21", "elapsed": 17407.879013, "delta": 9.952561}},
{"target": 0.8214285714285714, "params": {"activation_function": 0.2439489062181639, "amount_of_layers": 6.15279320288393, "batch_size": 63.12239832693781, "dropout_rate": 0.6835710457011086, "epochs": 189.086028905496, "hidden_channels": 30.360153266180944, "learning_rate": 0.01490292778567057, "optimizer": 0.10455279181538502, "pooling_algorithm": 0.45521267803395327}, "datetime": {"datetime": "2023-11-18 23:46:55", "elapsed": 17442.710492, "delta": 34.831479}},
{"target": 0.35714285714285715, "params": {"activation_function": 0.378154916446505, "amount_of_layers": 6.488719505645795, "batch_size": 120.84288217631429, "dropout_rate": 0.6654052436902065, "epochs": 139.07544164605983, "hidden_channels": 125.96745241822913, "learning_rate": 0.08610743547450991, "optimizer": 1.9907684448901695, "pooling_algorithm": 0.27283296988997896}, "datetime": {"datetime": "2023-11-18 23:47:10", "elapsed": 17457.621355, "delta": 14.910863}},
{"target": 0.8517857142857143, "params": {"activation_function": 1.9626935233325868, "amount_of_layers": 3.057207637026414, "batch_size": 91.21700982563885, "dropout_rate": 0.39807057368445964, "epochs": 178.6401667210767, "hidden_channels": 39.19554353885128, "learning_rate": 0.09388544023381427, "optimizer": 1.841156135718737, "pooling_algorithm": 0.9788021629803801}, "datetime": {"datetime": "2023-11-18 23:47:21", "elapsed": 17468.060751, "delta": 10.439396}},
{"target": 0.9035714285714287, "params": {"activation_function": 0.7729984052848162, "amount_of_layers": 5.146115812006744, "batch_size": 96.00065407474882, "dropout_rate": 0.6408004388735284, "epochs": 99.9741557397896, "hidden_channels": 71.75657306188154, "learning_rate": 0.09572422079064725, "optimizer": 0.15095558281781063, "pooling_algorithm": 0.5990752363641726}, "datetime": {"datetime": "2023-11-18 23:47:30", "elapsed": 17476.980945, "delta": 8.920194}},
{"target": 0.8999999999999999, "params": {"activation_function": 0.4106380625531394, "amount_of_layers": 7.110436714181795, "batch_size": 143.43720121449115, "dropout_rate": 0.4803731891103742, "epochs": 50.450730191203654, "hidden_channels": 22.02435486587008, "learning_rate": 0.010399269008667375, "optimizer": 0.3762618556603823, "pooling_algorithm": 0.8636314965030571}, "datetime": {"datetime": "2023-11-18 23:47:37", "elapsed": 17484.792204, "delta": 7.811259}},
{"target": 0.9125, "params": {"activation_function": 1.8474786947463708, "amount_of_layers": 1.0910004514765124, "batch_size": 71.05713973804899, "dropout_rate": 0.5160819552353271, "epochs": 85.42765360625178, "hidden_channels": 52.62603008515371, "learning_rate": 0.044526101404724884, "optimizer": 0.13562396521699527, "pooling_algorithm": 0.654320215780968}, "datetime": {"datetime": "2023-11-18 23:47:45", "elapsed": 17492.164234, "delta": 7.37203}},
{"target": 0.0, "params": {"activation_function": 0.5458690312775101, "amount_of_layers": 2.1227635668771683, "batch_size": 25.902046827380396, "dropout_rate": 0.43166269192952794, "epochs": 172.1320952106298, "hidden_channels": 125.4664469277552, "learning_rate": 0.06135199511011633, "optimizer": 1.9007848656489248, "pooling_algorithm": 0.8521913227506495}, "datetime": {"datetime": "2023-11-18 23:47:59", "elapsed": 17506.255085, "delta": 14.090851}},
