{"target": 0.8535714285714286, "params": {"activation_function": 1.6755006172513713, "amount_of_layers": 5.014539476552589, "batch_size": 86.39330407765668, "dropout_rate": 0.29298285075344827, "epochs": 86.67367941143459, "hidden_channels": 128.0, "learning_rate": 0.01, "optimizer": 0.6846988678448562, "pooling_algorithm": 0.09007799348845846}, "datetime": {"datetime": "2023-11-29 13:26:47", "elapsed": 334.386196, "delta": 2.241602}}
{"target": 0.9035714285714287, "params": {"activation_function": 1.0907683682876042, "amount_of_layers": 4.051253484751822, "batch_size": 107.29792906216713, "dropout_rate": 0.2559133510037927, "epochs": 183.06625273460847, "hidden_channels": 128.0, "learning_rate": 0.01, "optimizer": 0.4430673523896729, "pooling_algorithm": 0.7269481690389977}, "datetime": {"datetime": "2023-11-29 13:26:51", "elapsed": 338.352582, "delta": 3.966386}}
{"target": 0.5, "params": {"activation_function": 1.1414475757988163, "amount_of_layers": 1.1551695587267679, "batch_size": 37.094491390768475, "dropout_rate": 0.5372079371902807, "epochs": 49.981639855444016, "hidden_channels": 128.0, "learning_rate": 0.01, "optimizer": 0.5065726815291083, "pooling_algorithm": 0.9670945335482435}, "datetime": {"datetime": "2023-11-29 13:26:52", "elapsed": 339.79528, "delta": 1.442698}}
{"target": 0.5, "params": {"activation_function": 0.7460791786102889, "amount_of_layers": 8.492743716969022, "batch_size": 32.17491085854798, "dropout_rate": 0.3468993060455472, "epochs": 55.47045447028408, "hidden_channels": 128.0, "learning_rate": 0.01, "optimizer": 0.7090028566329007, "pooling_algorithm": 0.9467770861159198}, "datetime": {"datetime": "2023-11-29 13:26:55", "elapsed": 342.939013, "delta": 3.143733}}
{"target": 0.7410714285714286, "params": {"activation_function": 1.995549856967385, "amount_of_layers": 8.617559332220711, "batch_size": 128.2484033413008, "dropout_rate": 0.38717020044449973, "epochs": 41.856884138308516, "hidden_channels": 128.0, "learning_rate": 0.01, "optimizer": 0.5381321255715341, "pooling_algorithm": 0.44015360547885884}, "datetime": {"datetime": "2023-11-29 13:26:57", "elapsed": 344.560696, "delta": 1.621683}}
{"target": 0.26785714285714285, "params": {"activation_function": 0.7063053907271439, "amount_of_layers": 4.585125585853389, "batch_size": 99.3262478822721, "dropout_rate": 0.5369151827696075, "epochs": 20.434079578644756, "hidden_channels": 128.0, "learning_rate": 0.01, "optimizer": 1.4747561855612636, "pooling_algorithm": 0.03311462156562062}, "datetime": {"datetime": "2023-11-29 13:26:57", "elapsed": 345.172493, "delta": 0.611797}}
{"target": 0.5, "params": {"activation_function": 0.04308120006366045, "amount_of_layers": 8.023948365315915, "batch_size": 90.56087714039637, "dropout_rate": 0.7493643885246015, "epochs": 113.47431119780117, "hidden_channels": 128.0, "learning_rate": 0.01, "optimizer": 1.801949068057064, "pooling_algorithm": 0.9242152948697685}, "datetime": {"datetime": "2023-11-29 13:27:01", "elapsed": 348.651583, "delta": 3.47909}}
{"target": 0.9071428571428571, "params": {"activation_function": 0.20339445031010106, "amount_of_layers": 5.527460163784635, "batch_size": 26.034714026644345, "dropout_rate": 0.30693121202176776, "epochs": 64.04599428180066, "hidden_channels": 128.0, "learning_rate": 0.01, "optimizer": 0.4170366564351806, "pooling_algorithm": 0.8162774391773711}, "datetime": {"datetime": "2023-11-29 13:27:04", "elapsed": 352.00834, "delta": 3.356757}}
{"target": 0.5, "params": {"activation_function": 0.546458982903476, "amount_of_layers": 3.5311513136941732, "batch_size": 147.97236128107224, "dropout_rate": 0.7044943816728161, "epochs": 99.9746148743201, "hidden_channels": 128.0, "learning_rate": 0.01, "optimizer": 0.7682060523128442, "pooling_algorithm": 0.7483371601546316}, "datetime": {"datetime": "2023-11-29 13:27:07", "elapsed": 354.568504, "delta": 2.560164}}
{"target": 0.65, "params": {"activation_function": 1.551211346544511, "amount_of_layers": 5.8961730920471505, "batch_size": 73.95826273089732, "dropout_rate": 0.25649973171516494, "epochs": 115.41250926443945, "hidden_channels": 128.0, "learning_rate": 0.01, "optimizer": 1.4819007751321032, "pooling_algorithm": 0.8887745019337467}, "datetime": {"datetime": "2023-11-29 13:27:11", "elapsed": 358.439421, "delta": 3.870917}}
{"target": 0.8178571428571428, "params": {"activation_function": 0.14649480064358755, "amount_of_layers": 3.620534406255187, "batch_size": 102.68428880175601, "dropout_rate": 0.5806640348569476, "epochs": 181.26889666228038, "hidden_channels": 128.0, "learning_rate": 0.01, "optimizer": 0.9492034535095886, "pooling_algorithm": 0.6322784719722594}, "datetime": {"datetime": "2023-11-29 13:27:15", "elapsed": 362.377668, "delta": 3.938247}}
{"target": 0.75, "params": {"activation_function": 1.0550183313165133, "amount_of_layers": 4.1042464914225265, "batch_size": 108.08699390544957, "dropout_rate": 0.3805402193292255, "epochs": 183.01329654165622, "hidden_channels": 128.0, "learning_rate": 0.01, "optimizer": 1.315975230528984, "pooling_algorithm": 0.899494465983143}, "datetime": {"datetime": "2023-11-29 13:27:19", "elapsed": 366.461904, "delta": 4.084236}}
{"target": 0.46071428571428574, "params": {"activation_function": 0.425857693318177, "amount_of_layers": 7.446547597111203, "batch_size": 31.830892663395332, "dropout_rate": 0.7097965703550175, "epochs": 61.620087215879295, "hidden_channels": 128.0, "learning_rate": 0.01, "optimizer": 1.6632082250180453, "pooling_algorithm": 0.3888360939056389}, "datetime": {"datetime": "2023-11-29 13:27:22", "elapsed": 369.574336, "delta": 3.112432}}
{"target": 0.3, "params": {"activation_function": 1.6709620072924405, "amount_of_layers": 4.377697591151284, "batch_size": 108.65985952310277, "dropout_rate": 0.5249767127464844, "epochs": 182.9888606265787, "hidden_channels": 128.0, "learning_rate": 0.01, "optimizer": 1.2226692028399955, "pooling_algorithm": 0.7172199912271275}, "datetime": {"datetime": "2023-11-29 13:27:26", "elapsed": 373.729319, "delta": 4.154983}}
{"target": 0.2678571428571429, "params": {"activation_function": 1.3194737069732576, "amount_of_layers": 3.6613367095828995, "batch_size": 18.607501571798178, "dropout_rate": 0.7356955758053604, "epochs": 164.7106119544475, "hidden_channels": 128.0, "learning_rate": 0.01, "optimizer": 0.3867713886911168, "pooling_algorithm": 0.31031608585869985}, "datetime": {"datetime": "2023-11-29 13:27:35", "elapsed": 382.758529, "delta": 9.02921}}
{"target": 0.7357142857142858, "params": {"activation_function": 0.3397002414467334, "amount_of_layers": 3.4880376196159784, "batch_size": 102.72266820046178, "dropout_rate": 0.4711381039191396, "epochs": 180.70405249435183, "hidden_channels": 128.0, "learning_rate": 0.01, "optimizer": 0.589418065473623, "pooling_algorithm": 0.3478617485627793}, "datetime": {"datetime": "2023-11-29 13:27:39", "elapsed": 386.51196, "delta": 3.753431}}
{"target": 0.2642857142857143, "params": {"activation_function": 0.5920327436443549, "amount_of_layers": 4.849757768240732, "batch_size": 127.42653057487288, "dropout_rate": 0.5900552334854153, "epochs": 118.83127423505438, "hidden_channels": 128.0, "learning_rate": 0.01, "optimizer": 0.2801660315383969, "pooling_algorithm": 0.0051616550585626975}, "datetime": {"datetime": "2023-11-29 13:27:42", "elapsed": 389.517581, "delta": 3.005621}}
{"target": 0.5, "params": {"activation_function": 1.182736320180697, "amount_of_layers": 7.75498474315075, "batch_size": 34.454617462262284, "dropout_rate": 0.5571537641737503, "epochs": 171.64791606433116, "hidden_channels": 128.0, "learning_rate": 0.01, "optimizer": 0.7206119983234556, "pooling_algorithm": 0.8945450668675465}, "datetime": {"datetime": "2023-11-29 13:27:51", "elapsed": 398.851409, "delta": 9.333828}}
{"target": 0.8267857142857143, "params": {"activation_function": 0.5419856680255177, "amount_of_layers": 1.1321975032911071, "batch_size": 125.85830800134549, "dropout_rate": 0.31626735996629135, "epochs": 31.857668132483717, "hidden_channels": 128.0, "learning_rate": 0.01, "optimizer": 0.8144086034926241, "pooling_algorithm": 0.27591693925494376}, "datetime": {"datetime": "2023-11-29 13:27:52", "elapsed": 399.487961, "delta": 0.636552}}
