{"target": 0.825, "params": {"activation_function": 0.43020719572316746, "amount_of_layers": 4.965760152566622, "batch_size": 144.69149720224158, "dropout_rate": 0.3090236900848313, "epochs": 195.1907523747531, "hidden_channels": 26.0686408329043, "learning_rate": 0.025494261857992393, "optimizer": 0.49695886668825207, "pooling_algorithm": 0.35410108231151693}, "datetime": {"datetime": "2023-11-30 11:10:18", "elapsed": 125.743301, "delta": 3.17478}}
{"target": 0.9, "params": {"activation_function": 0.7088906592388349, "amount_of_layers": 5.865407318093041, "batch_size": 114.72608744125164, "dropout_rate": 0.48743413407276454, "epochs": 145.59006762734094, "hidden_channels": 124.42645669434563, "learning_rate": 0.06143194876933974, "optimizer": 0.30987518185987173, "pooling_algorithm": 0.5159415168591598}, "datetime": {"datetime": "2023-11-30 11:10:23", "elapsed": 131.295135, "delta": 5.551834}}
{"target": 0.09107142857142857, "params": {"activation_function": 1.9555282295054133, "amount_of_layers": 5.009360290944114, "batch_size": 91.32432155349342, "dropout_rate": 0.732872333506844, "epochs": 155.85211859906445, "hidden_channels": 39.339809771734316, "learning_rate": 0.011323252397232295, "optimizer": 1.8161967351806791, "pooling_algorithm": 0.7152783864280573}, "datetime": {"datetime": "2023-11-30 11:10:27", "elapsed": 134.745049, "delta": 3.449914}}
{"target": 0.5, "params": {"activation_function": 0.39534682450204817, "amount_of_layers": 7.138170275976511, "batch_size": 72.60707999432768, "dropout_rate": 0.4816491030831162, "epochs": 16.649806825789202, "hidden_channels": 85.4025158642226, "learning_rate": 0.08383416216795517, "optimizer": 0.5109209884926602, "pooling_algorithm": 0.5834409020319201}, "datetime": {"datetime": "2023-11-30 11:10:27", "elapsed": 135.558736, "delta": 0.813687}}
{"target": 0.9071428571428571, "params": {"activation_function": 0.43540571175236414, "amount_of_layers": 7.653991696094604, "batch_size": 117.26203957651346, "dropout_rate": 0.5090222604372436, "epochs": 137.85611044741435, "hidden_channels": 91.84562917000052, "learning_rate": 0.022956351247048527, "optimizer": 0.17642208670065135, "pooling_algorithm": 0.5995266665990895}, "datetime": {"datetime": "2023-11-30 11:10:32", "elapsed": 140.394946, "delta": 4.83621}}
{"target": 0.45, "params": {"activation_function": 1.987676863533919, "amount_of_layers": 7.74070084035965, "batch_size": 106.55025610535063, "dropout_rate": 0.5130307997312373, "epochs": 196.981734859864, "hidden_channels": 24.33026267876955, "learning_rate": 0.06637400005352266, "optimizer": 1.3797497475331146, "pooling_algorithm": 0.7587846204280945}, "datetime": {"datetime": "2023-11-30 11:10:37", "elapsed": 145.00709, "delta": 4.612144}}
{"target": 0.7482142857142857, "params": {"activation_function": 0.3985695324563645, "amount_of_layers": 6.727692525835298, "batch_size": 106.16117801615624, "dropout_rate": 0.32833349796073, "epochs": 194.92443345556967, "hidden_channels": 19.78748097191674, "learning_rate": 0.05532560512847227, "optimizer": 1.1016201307456848, "pooling_algorithm": 0.2815747386978833}, "datetime": {"datetime": "2023-11-30 11:10:41", "elapsed": 148.959688, "delta": 3.952598}}
{"target": 0.9, "params": {"activation_function": 1.3510078005009767, "amount_of_layers": 6.7173632520436675, "batch_size": 118.63586657375103, "dropout_rate": 0.43098152755343866, "epochs": 136.2192184309995, "hidden_channels": 89.32678370511691, "learning_rate": 0.03182258656387927, "optimizer": 0.4071883655655142, "pooling_algorithm": 0.7545473012500631}, "datetime": {"datetime": "2023-11-30 11:10:45", "elapsed": 153.084812, "delta": 4.125124}}
{"target": 0.9, "params": {"activation_function": 0.7882193054982076, "amount_of_layers": 8.916122832981346, "batch_size": 105.28068331125931, "dropout_rate": 0.262182481978939, "epochs": 193.13029010450612, "hidden_channels": 20.432203222823993, "learning_rate": 0.02640604775529476, "optimizer": 0.9696494083564458, "pooling_algorithm": 0.5142521266900262}, "datetime": {"datetime": "2023-11-30 11:10:50", "elapsed": 157.863671, "delta": 4.778859}}
{"target": 0.5, "params": {"activation_function": 0.47925428350818233, "amount_of_layers": 7.211288307782412, "batch_size": 120.46198692500967, "dropout_rate": 0.6461590860851527, "epochs": 135.56423838757576, "hidden_channels": 88.35827667351941, "learning_rate": 0.09622503041539665, "optimizer": 1.4748645048508258, "pooling_algorithm": 0.9382119116473107}, "datetime": {"datetime": "2023-11-30 11:10:54", "elapsed": 162.208094, "delta": 4.344423}}
{"target": 0.25535714285714284, "params": {"activation_function": 1.958600842924391, "amount_of_layers": 6.408026848408703, "batch_size": 105.24792996068176, "dropout_rate": 0.29697304743564734, "epochs": 196.65402936933685, "hidden_channels": 18.417625920759544, "learning_rate": 0.03943066242064662, "optimizer": 1.1623274455600467, "pooling_algorithm": 0.541265272460482}, "datetime": {"datetime": "2023-11-30 11:10:58", "elapsed": 165.719121, "delta": 3.511027}}
{"target": 0.3642857142857143, "params": {"activation_function": 0.46199424526157906, "amount_of_layers": 8.549609160026137, "batch_size": 116.45196048866501, "dropout_rate": 0.5533041068178832, "epochs": 136.98192873339173, "hidden_channels": 93.95709098290575, "learning_rate": 0.09264654868207223, "optimizer": 1.1413371361014286, "pooling_algorithm": 0.0954845305597436}, "datetime": {"datetime": "2023-11-30 11:11:03", "elapsed": 171.496398, "delta": 5.777277}}
{"target": 0.2678571428571429, "params": {"activation_function": 1.7663118647780234, "amount_of_layers": 7.955071913914848, "batch_size": 135.04070789666136, "dropout_rate": 0.4674068432454602, "epochs": 42.624862102291594, "hidden_channels": 78.29989235813522, "learning_rate": 0.09661439265243862, "optimizer": 0.5383655500356721, "pooling_algorithm": 0.02165753912258339}, "datetime": {"datetime": "2023-11-30 11:11:05", "elapsed": 173.088735, "delta": 1.592337}}
{"target": 0.7357142857142857, "params": {"activation_function": 1.3237075054231908, "amount_of_layers": 6.0901439740638565, "batch_size": 90.50924834112479, "dropout_rate": 0.2664921078778322, "epochs": 154.29739133122695, "hidden_channels": 41.386462557094795, "learning_rate": 0.0015184056661411871, "optimizer": 1.0576862348128901, "pooling_algorithm": 0.49321409792650583}, "datetime": {"datetime": "2023-11-30 11:11:08", "elapsed": 176.529156, "delta": 3.440421}}
{"target": 0.26249999999999996, "params": {"activation_function": 1.7818191389372096, "amount_of_layers": 8.680233103430044, "batch_size": 106.30409868550132, "dropout_rate": 0.6226081399053416, "epochs": 192.57751885166834, "hidden_channels": 18.09050847609692, "learning_rate": 0.07899989094683663, "optimizer": 1.529959111809859, "pooling_algorithm": 0.3256089434680405}, "datetime": {"datetime": "2023-11-30 11:11:13", "elapsed": 181.303175, "delta": 4.774019}}
{"target": 0.5, "params": {"activation_function": 1.8986495491558122, "amount_of_layers": 2.193519801374496, "batch_size": 32.10001558861619, "dropout_rate": 0.6294789160218381, "epochs": 194.29831601837193, "hidden_channels": 77.87363458928361, "learning_rate": 0.04886170496666079, "optimizer": 1.621315530064436, "pooling_algorithm": 0.9256537296356677}, "datetime": {"datetime": "2023-11-30 11:11:18", "elapsed": 186.270227, "delta": 4.967052}}
{"target": 0.4142857142857143, "params": {"activation_function": 1.3111727818864412, "amount_of_layers": 8.665255636666625, "batch_size": 67.64045066303446, "dropout_rate": 0.5659924122308531, "epochs": 14.699215699890402, "hidden_channels": 85.03490439434076, "learning_rate": 0.06517300358401423, "optimizer": 1.3805920707389752, "pooling_algorithm": 0.660330916755851}, "datetime": {"datetime": "2023-11-30 11:11:19", "elapsed": 187.130396, "delta": 0.860169}}
{"target": 0.7392857142857143, "params": {"activation_function": 0.9929886025966137, "amount_of_layers": 4.603899397210947, "batch_size": 90.84634680331862, "dropout_rate": 0.47919832253611594, "epochs": 153.59869433234914, "hidden_channels": 40.432271610283486, "learning_rate": 0.08355953436117969, "optimizer": 0.2548098587565635, "pooling_algorithm": 0.3602342342661934}, "datetime": {"datetime": "2023-11-30 11:11:22", "elapsed": 190.172774, "delta": 3.042378}}
{"target": 0.8999999999999999, "params": {"activation_function": 1.091108281651915, "amount_of_layers": 4.246420719586286, "batch_size": 95.95343738749548, "dropout_rate": 0.49682467959932997, "epochs": 32.21975415215434, "hidden_channels": 125.8831069763067, "learning_rate": 0.09708080982312921, "optimizer": 0.11033360988059071, "pooling_algorithm": 0.6635061486506976}, "datetime": {"datetime": "2023-11-30 11:11:23", "elapsed": 191.052009, "delta": 0.879235}}
{"target": 0.5, "params": {"activation_function": 0.456821434534775, "amount_of_layers": 6.527849945033503, "batch_size": 118.2570363047383, "dropout_rate": 0.4140685050796869, "epochs": 140.0242845434987, "hidden_channels": 91.82865366501198, "learning_rate": 0.010124181648362356, "optimizer": 1.5721114051880372, "pooling_algorithm": 0.5359359207280895}, "datetime": {"datetime": "2023-11-30 11:11:28", "elapsed": 195.575214, "delta": 4.523205}}
{"target": 0.23749999999999993, "params": {"activation_function": 0.1589663763678748, "amount_of_layers": 7.02459044003451, "batch_size": 119.11529896373051, "dropout_rate": 0.5252078343527101, "epochs": 139.0907136096535, "hidden_channels": 88.75377662186844, "learning_rate": 0.03189684871368555, "optimizer": 1.0229738575028318, "pooling_algorithm": 0.13575815144553083}, "datetime": {"datetime": "2023-11-30 11:11:32", "elapsed": 200.160794, "delta": 4.58558}}
{"target": 0.6357142857142857, "params": {"activation_function": 0.8059099823448224, "amount_of_layers": 8.698365038280274, "batch_size": 111.57644468935075, "dropout_rate": 0.5911726248533185, "epochs": 192.70378265946172, "hidden_channels": 20.64149794872221, "learning_rate": 0.0553433132329861, "optimizer": 1.3787174384280612, "pooling_algorithm": 0.6341922554915613}, "datetime": {"datetime": "2023-11-30 11:11:37", "elapsed": 205.038556, "delta": 4.877762}}
{"target": 0.7964285714285715, "params": {"activation_function": 1.6345538831893347, "amount_of_layers": 4.523808671314425, "batch_size": 117.44970719900613, "dropout_rate": 0.39002219428159146, "epochs": 136.35543383716058, "hidden_channels": 90.34446690897158, "learning_rate": 0.04077559467489014, "optimizer": 0.12062442894163561, "pooling_algorithm": 0.36367915710954013}, "datetime": {"datetime": "2023-11-30 11:11:40", "elapsed": 208.336624, "delta": 3.298068}}
{"target": 0.6071428571428572, "params": {"activation_function": 1.5196994564016202, "amount_of_layers": 4.001363011034667, "batch_size": 89.91900590636821, "dropout_rate": 0.6836322362191897, "epochs": 150.61976870405215, "hidden_channels": 38.66497433619204, "learning_rate": 0.011156038987526994, "optimizer": 0.9681362079278271, "pooling_algorithm": 0.944532361974549}, "datetime": {"datetime": "2023-11-30 11:11:43", "elapsed": 211.174847, "delta": 2.838223}}
{"target": 0.9107142857142857, "params": {"activation_function": 0.214077350381771, "amount_of_layers": 5.550701329451445, "batch_size": 120.36373773428001, "dropout_rate": 0.4971540859908435, "epochs": 136.7221417799392, "hidden_channels": 92.68478944986718, "learning_rate": 0.007005721466469133, "optimizer": 0.36233593531783415, "pooling_algorithm": 0.6095412130646157}, "datetime": {"datetime": "2023-11-30 11:11:47", "elapsed": 215.069968, "delta": 3.895121}}
{"target": 0.5, "params": {"activation_function": 0.9297455511101811, "amount_of_layers": 6.2974506080142465, "batch_size": 93.94917095380073, "dropout_rate": 0.4852462268946501, "epochs": 34.02792031323408, "hidden_channels": 126.58040147812991, "learning_rate": 0.09367848726971797, "optimizer": 1.51019083666136, "pooling_algorithm": 0.4127129299425911}, "datetime": {"datetime": "2023-11-30 11:11:48", "elapsed": 216.360053, "delta": 1.290085}}
{"target": 0.5, "params": {"activation_function": 0.8418385477993187, "amount_of_layers": 5.439654784253286, "batch_size": 114.23841632708071, "dropout_rate": 0.38260043948357864, "epochs": 142.58344032520253, "hidden_channels": 123.28169774984093, "learning_rate": 0.08464164315477268, "optimizer": 0.7145936323303599, "pooling_algorithm": 0.8192994296972101}, "datetime": {"datetime": "2023-11-30 11:11:53", "elapsed": 220.865661, "delta": 4.505608}}
{"target": 0.26249999999999996, "params": {"activation_function": 1.0340719733170722, "amount_of_layers": 6.546949613985443, "batch_size": 91.58530918657736, "dropout_rate": 0.358607318277275, "epochs": 153.33576107574189, "hidden_channels": 39.466267720919355, "learning_rate": 0.021231258838827698, "optimizer": 1.6198619715738234, "pooling_algorithm": 0.14016354886752602}, "datetime": {"datetime": "2023-11-30 11:11:56", "elapsed": 224.513364, "delta": 3.647703}}
{"target": 0.7375, "params": {"activation_function": 1.8788244565580574, "amount_of_layers": 7.04845874227387, "batch_size": 109.4293890415694, "dropout_rate": 0.6092511839488888, "epochs": 196.728607941791, "hidden_channels": 22.286964079552376, "learning_rate": 0.09314765700611108, "optimizer": 1.4783737935199481, "pooling_algorithm": 0.38713583730504786}, "datetime": {"datetime": "2023-11-30 11:12:00", "elapsed": 228.483436, "delta": 3.970072}}
{"target": 0.7142857142857143, "params": {"activation_function": 1.1117250551651834, "amount_of_layers": 7.529829251663765, "batch_size": 135.46298816586057, "dropout_rate": 0.442418585262378, "epochs": 39.36128340985019, "hidden_channels": 77.14748399066363, "learning_rate": 0.09329191843279558, "optimizer": 0.6829361705098325, "pooling_algorithm": 0.34838755424303125}, "datetime": {"datetime": "2023-11-30 11:12:02", "elapsed": 229.833421, "delta": 1.349985}}
{"target": 0.26607142857142857, "params": {"activation_function": 1.691636472616863, "amount_of_layers": 6.379355106300812, "batch_size": 117.21752194656864, "dropout_rate": 0.297084214256191, "epochs": 137.01503651411554, "hidden_channels": 89.46751089212738, "learning_rate": 0.029571540967203144, "optimizer": 1.7504732026837377, "pooling_algorithm": 0.03646360297153106}, "datetime": {"datetime": "2023-11-30 11:12:05", "elapsed": 233.553101, "delta": 3.71968}}
{"target": 0.9035714285714286, "params": {"activation_function": 0.3168895930459461, "amount_of_layers": 6.705624179872159, "batch_size": 110.97296101202015, "dropout_rate": 0.5978818310773171, "epochs": 194.04156698652463, "hidden_channels": 21.146353135859712, "learning_rate": 0.006729884812272884, "optimizer": 0.3568748934640231, "pooling_algorithm": 0.9002190544570507}, "datetime": {"datetime": "2023-11-30 11:12:09", "elapsed": 237.229328, "delta": 3.676227}}
{"target": 0.5, "params": {"activation_function": 0.6925026219091603, "amount_of_layers": 7.8337606556523625, "batch_size": 136.72273861108562, "dropout_rate": 0.3428473773970511, "epochs": 38.35058670657439, "hidden_channels": 78.65664275430085, "learning_rate": 0.012989864011041807, "optimizer": 1.6558216712606333, "pooling_algorithm": 0.8794882969609368}, "datetime": {"datetime": "2023-11-30 11:12:10", "elapsed": 238.543878, "delta": 1.31455}}
{"target": 0.8178571428571428, "params": {"activation_function": 1.989665446030366, "amount_of_layers": 5.783650623452449, "batch_size": 115.04755967005953, "dropout_rate": 0.6527652983222435, "epochs": 147.21052645069472, "hidden_channels": 123.76557854346596, "learning_rate": 0.08345279967331666, "optimizer": 0.09509658980799407, "pooling_algorithm": 0.3243806410251655}, "datetime": {"datetime": "2023-11-30 11:12:15", "elapsed": 243.121245, "delta": 4.577367}}
{"target": 0.2625, "params": {"activation_function": 0.7527555830883121, "amount_of_layers": 6.83900888577854, "batch_size": 114.50147969188437, "dropout_rate": 0.5680524480946378, "epochs": 144.24163303573172, "hidden_channels": 126.09674372397699, "learning_rate": 0.03192356798641091, "optimizer": 0.5912128996980992, "pooling_algorithm": 0.00043329707532391293}, "datetime": {"datetime": "2023-11-30 11:12:21", "elapsed": 248.97218, "delta": 5.850935}}
{"target": 0.8964285714285714, "params": {"activation_function": 0.7868076723231214, "amount_of_layers": 4.723647693509558, "batch_size": 96.28111710378838, "dropout_rate": 0.47465701212055916, "epochs": 30.11987151928131, "hidden_channels": 126.92725888339743, "learning_rate": 0.04931127394666502, "optimizer": 0.1604243639619125, "pooling_algorithm": 0.7220965086219243}, "datetime": {"datetime": "2023-11-30 11:12:22", "elapsed": 249.926287, "delta": 0.954107}}
{"target": 0.8285714285714285, "params": {"activation_function": 1.789652616664342, "amount_of_layers": 3.487847065644578, "batch_size": 144.6148929585424, "dropout_rate": 0.5055116828363937, "epochs": 192.8792974246488, "hidden_channels": 26.29894039825484, "learning_rate": 0.03163728920642348, "optimizer": 1.441336655066718, "pooling_algorithm": 0.2112962802071381}, "datetime": {"datetime": "2023-11-30 11:12:24", "elapsed": 252.300508, "delta": 2.374221}}
{"target": 0.6357142857142857, "params": {"activation_function": 0.44703650442586484, "amount_of_layers": 5.638764232332547, "batch_size": 118.4055022588603, "dropout_rate": 0.6478438440583449, "epochs": 134.8060097087361, "hidden_channels": 89.08815572428007, "learning_rate": 0.0926554350353236, "optimizer": 0.5622104101830587, "pooling_algorithm": 0.8883859442748827}, "datetime": {"datetime": "2023-11-30 11:12:28", "elapsed": 256.207494, "delta": 3.906986}}
{"target": 0.26607142857142857, "params": {"activation_function": 0.9755447915313415, "amount_of_layers": 1.9670749699425318, "batch_size": 145.72326794264777, "dropout_rate": 0.27154693659036955, "epochs": 191.52627716530387, "hidden_channels": 26.318225550626014, "learning_rate": 0.07103471496931084, "optimizer": 1.1967717003036074, "pooling_algorithm": 0.07684439408530253}, "datetime": {"datetime": "2023-11-30 11:12:30", "elapsed": 258.397917, "delta": 2.190423}}
{"target": 0.21071428571428572, "params": {"activation_function": 0.36995328351900936, "amount_of_layers": 3.4113636554666362, "batch_size": 98.12528762430114, "dropout_rate": 0.4577872084930216, "epochs": 29.636432105628074, "hidden_channels": 125.33272769017427, "learning_rate": 0.07220777155443375, "optimizer": 0.24187178271235377, "pooling_algorithm": 0.4763694195658478}, "datetime": {"datetime": "2023-11-30 11:12:31", "elapsed": 259.126285, "delta": 0.728368}}
{"target": 0.4142857142857143, "params": {"activation_function": 0.8360720183954069, "amount_of_layers": 7.8462876410085425, "batch_size": 110.32067696857523, "dropout_rate": 0.26474523649240583, "epochs": 197.71056580475212, "hidden_channels": 22.871703286784495, "learning_rate": 0.049672148237556064, "optimizer": 1.771839424400873, "pooling_algorithm": 0.576297322090155}, "datetime": {"datetime": "2023-11-30 11:12:36", "elapsed": 263.705217, "delta": 4.578932}}
{"target": 0.9071428571428573, "params": {"activation_function": 1.1108708813823962, "amount_of_layers": 4.8737590255628485, "batch_size": 142.8943457806127, "dropout_rate": 0.3630319880809279, "epochs": 189.82437834130727, "hidden_channels": 22.807372794503593, "learning_rate": 0.0032370917050256, "optimizer": 1.1980217211846305, "pooling_algorithm": 0.918369138543888}, "datetime": {"datetime": "2023-11-30 11:12:39", "elapsed": 266.981027, "delta": 3.27581}}
{"target": 0.9, "params": {"activation_function": 0.9616788655586093, "amount_of_layers": 8.535175199233997, "batch_size": 116.97202484861171, "dropout_rate": 0.5019867023317934, "epochs": 139.009593252586, "hidden_channels": 90.16310289594783, "learning_rate": 0.05883177177697675, "optimizer": 0.009271152051048004, "pooling_algorithm": 0.757807551458297}, "datetime": {"datetime": "2023-11-30 11:12:44", "elapsed": 271.975305, "delta": 4.994278}}
{"target": 0.5, "params": {"activation_function": 0.1125253072750565, "amount_of_layers": 7.91785886308472, "batch_size": 104.962234840137, "dropout_rate": 0.5851805565570632, "epochs": 193.00940086713496, "hidden_channels": 20.80380255354536, "learning_rate": 0.09903902817246825, "optimizer": 1.4171969388834535, "pooling_algorithm": 0.019191853567785966}, "datetime": {"datetime": "2023-11-30 11:12:49", "elapsed": 276.767647, "delta": 4.792342}}
{"target": 0.6785714285714286, "params": {"activation_function": 1.4911383581014512, "amount_of_layers": 5.8971233885780885, "batch_size": 118.80942300433598, "dropout_rate": 0.4053609835300969, "epochs": 135.767934647935, "hidden_channels": 93.3444938596667, "learning_rate": 0.06589369793422872, "optimizer": 1.6940573598477646, "pooling_algorithm": 0.10552707072947631}, "datetime": {"datetime": "2023-11-30 11:12:53", "elapsed": 280.869383, "delta": 4.101736}}
{"target": 0.10357142857142856, "params": {"activation_function": 1.5178487163453573, "amount_of_layers": 8.006628691044773, "batch_size": 90.23564070568085, "dropout_rate": 0.6780515825657569, "epochs": 155.27192705626285, "hidden_channels": 43.42249604601405, "learning_rate": 0.014397779077823539, "optimizer": 1.0081332263008662, "pooling_algorithm": 0.9904637177856743}, "datetime": {"datetime": "2023-11-30 11:12:57", "elapsed": 284.882809, "delta": 4.013426}}
{"target": 0.7785714285714286, "params": {"activation_function": 0.02560978695909344, "amount_of_layers": 6.747953852705515, "batch_size": 122.07492562870654, "dropout_rate": 0.6378671836911733, "epochs": 137.01024990880364, "hidden_channels": 95.12136611563942, "learning_rate": 0.07197150031732492, "optimizer": 0.06503609362670826, "pooling_algorithm": 0.06018332456209663}, "datetime": {"datetime": "2023-11-30 11:13:01", "elapsed": 289.22816, "delta": 4.345351}}
