{"target": 0.6946428571428571, "params": {"activation_function": 0.7934490175292819, "amount_of_layers": 7.346760456316825, "batch_size": 67.79844824709144, "dropout_rate": 0.7197167549411478, "epochs": 82.48937749379809, "hidden_channels": 82.49111927161971, "learning_rate": 0.09461669791989549, "optimizer": 0.9328235928795876, "pooling_algorithm": 0.3770598209979754}, "datetime": {"datetime": "2023-11-30 10:54:37", "elapsed": 341.557055, "delta": 3.557931}}
{"target": 0.5, "params": {"activation_function": 1.298007189420528, "amount_of_layers": 1.899327151863318, "batch_size": 62.80373141371088, "dropout_rate": 0.4474475699163502, "epochs": 26.509490937392137, "hidden_channels": 7.954006611719852, "learning_rate": 0.0890079817607346, "optimizer": 0.5722589097557476, "pooling_algorithm": 0.727357540456942}, "datetime": {"datetime": "2023-11-30 10:54:37", "elapsed": 342.093584, "delta": 0.536529}}
{"target": 0.925, "params": {"activation_function": 1.8171668404811758, "amount_of_layers": 1.378091990468393, "batch_size": 63.322669457113676, "dropout_rate": 0.35865423455981227, "epochs": 121.56488946380351, "hidden_channels": 122.19463933910274, "learning_rate": 0.025589884339515378, "optimizer": 0.34213814453835956, "pooling_algorithm": 0.9950166884302372}, "datetime": {"datetime": "2023-11-30 10:54:39", "elapsed": 344.153539, "delta": 2.059955}}
{"target": 0.4571428571428572, "params": {"activation_function": 0.41361248742996337, "amount_of_layers": 6.3037311643315315, "batch_size": 149.52059023306296, "dropout_rate": 0.4475971186653662, "epochs": 191.02959858423148, "hidden_channels": 76.9526495121348, "learning_rate": 0.048540967067938805, "optimizer": 1.167252667283209, "pooling_algorithm": 0.7492230116972004}, "datetime": {"datetime": "2023-11-30 10:54:44", "elapsed": 348.633156, "delta": 4.479617}}
{"target": 0.5, "params": {"activation_function": 1.5464316548701245, "amount_of_layers": 6.451400601141664, "batch_size": 74.8044066687641, "dropout_rate": 0.2973746830373426, "epochs": 135.14148299172086, "hidden_channels": 96.22604383503574, "learning_rate": 0.07968009052304958, "optimizer": 1.4592660091902077, "pooling_algorithm": 0.7640009133020967}, "datetime": {"datetime": "2023-11-30 10:54:48", "elapsed": 352.854978, "delta": 4.221822}}
{"target": 0.2589285714285714, "params": {"activation_function": 1.296185869087801, "amount_of_layers": 2.1978624253140415, "batch_size": 126.35833880686052, "dropout_rate": 0.6283398149646291, "epochs": 135.73343945187028, "hidden_channels": 89.23686510779659, "learning_rate": 0.047386419509020096, "optimizer": 0.7587092827816979, "pooling_algorithm": 0.26446959470572806}, "datetime": {"datetime": "2023-11-30 10:54:50", "elapsed": 355.434919, "delta": 2.579941}}
{"target": 0.5, "params": {"activation_function": 0.1593389072073752, "amount_of_layers": 5.608323225028553, "batch_size": 113.66862527475912, "dropout_rate": 0.7349205241913789, "epochs": 47.41084601478207, "hidden_channels": 116.33924916536633, "learning_rate": 0.048411590770686234, "optimizer": 1.7620245598290847, "pooling_algorithm": 0.5783811704989048}, "datetime": {"datetime": "2023-11-30 10:54:52", "elapsed": 357.427156, "delta": 1.992237}}
{"target": 0.5, "params": {"activation_function": 1.7993244515609945, "amount_of_layers": 2.3046647821593123, "batch_size": 44.817832472908606, "dropout_rate": 0.40522472652613667, "epochs": 18.123962778804476, "hidden_channels": 103.095475273171, "learning_rate": 0.06066648796607119, "optimizer": 0.5210355811069145, "pooling_algorithm": 0.6990099804827563}, "datetime": {"datetime": "2023-11-30 10:54:53", "elapsed": 358.031924, "delta": 0.604768}}
{"target": 0.5, "params": {"activation_function": 0.9664125628321858, "amount_of_layers": 3.943112051447468, "batch_size": 71.13954763548395, "dropout_rate": 0.2537487432323779, "epochs": 119.31675393111006, "hidden_channels": 33.86602381381982, "learning_rate": 0.07791169373448677, "optimizer": 1.0499163100126576, "pooling_algorithm": 0.9741013106561605}, "datetime": {"datetime": "2023-11-30 10:54:56", "elapsed": 360.707122, "delta": 2.675198}}
{"target": 0.5, "params": {"activation_function": 0.4140921215547799, "amount_of_layers": 7.150116129332201, "batch_size": 106.50435005197205, "dropout_rate": 0.2923982637465442, "epochs": 193.92873328113905, "hidden_channels": 68.28344872688896, "learning_rate": 0.04463182320591971, "optimizer": 1.372597187676314, "pooling_algorithm": 0.5322835066084347}, "datetime": {"datetime": "2023-11-30 10:55:02", "elapsed": 366.559507, "delta": 5.852385}}
{"target": 0.7392857142857142, "params": {"activation_function": 1.3010757135823514, "amount_of_layers": 6.404261203500317, "batch_size": 95.0751406148157, "dropout_rate": 0.7430006063463315, "epochs": 48.75078750163126, "hidden_channels": 38.12551900014191, "learning_rate": 0.04649523657726652, "optimizer": 0.2612809255129902, "pooling_algorithm": 0.33374832931333487}, "datetime": {"datetime": "2023-11-30 10:55:03", "elapsed": 367.801914, "delta": 1.242407}}
{"target": 0.5, "params": {"activation_function": 1.301778660420719, "amount_of_layers": 7.918189638114828, "batch_size": 127.97681113007262, "dropout_rate": 0.7001492146121839, "epochs": 131.0827704911212, "hidden_channels": 51.74884651376925, "learning_rate": 0.08612220659495173, "optimizer": 0.7309787821478588, "pooling_algorithm": 0.7859887406688699}, "datetime": {"datetime": "2023-11-30 10:55:07", "elapsed": 371.964435, "delta": 4.162521}}
{"target": 0.3214285714285714, "params": {"activation_function": 1.7847308726040123, "amount_of_layers": 5.616183804402377, "batch_size": 51.00248022867479, "dropout_rate": 0.6174475585628716, "epochs": 42.629534631693446, "hidden_channels": 121.45083672580358, "learning_rate": 0.05095006197442476, "optimizer": 1.9377392362334904, "pooling_algorithm": 0.3900067983126364}, "datetime": {"datetime": "2023-11-30 10:55:09", "elapsed": 373.894243, "delta": 1.929808}}
{"target": 0.825, "params": {"activation_function": 0.21960451918445067, "amount_of_layers": 4.012727345622515, "batch_size": 38.22457083838263, "dropout_rate": 0.5079089987804853, "epochs": 76.3640297868745, "hidden_channels": 37.02947463998615, "learning_rate": 0.042119711221112584, "optimizer": 0.9685006420267506, "pooling_algorithm": 0.2696618556662457}, "datetime": {"datetime": "2023-11-30 10:55:11", "elapsed": 376.066151, "delta": 2.171908}}
{"target": 0.2571428571428571, "params": {"activation_function": 0.7177034334327628, "amount_of_layers": 6.2540936002957634, "batch_size": 92.52394067966594, "dropout_rate": 0.5822383794167851, "epochs": 80.86582669596037, "hidden_channels": 24.811146588112244, "learning_rate": 0.0015178904849231052, "optimizer": 0.007977599825424786, "pooling_algorithm": 0.22014711785453978}, "datetime": {"datetime": "2023-11-30 10:55:13", "elapsed": 378.013681, "delta": 1.94753}}
{"target": 0.5, "params": {"activation_function": 1.016411162531775, "amount_of_layers": 1.5734615913028085, "batch_size": 37.55127113639366, "dropout_rate": 0.26244582660746946, "epochs": 89.69956543641698, "hidden_channels": 44.26433241154739, "learning_rate": 0.03708700406765116, "optimizer": 1.9219069619711469, "pooling_algorithm": 0.9627931117018895}, "datetime": {"datetime": "2023-11-30 10:55:15", "elapsed": 379.960284, "delta": 1.946603}}
{"target": 0.9107142857142858, "params": {"activation_function": 1.9206063104454008, "amount_of_layers": 2.396744747773252, "batch_size": 55.965752272759154, "dropout_rate": 0.46711708303007526, "epochs": 177.8964367121771, "hidden_channels": 90.33056055217175, "learning_rate": 0.012149306225255133, "optimizer": 0.23205801168945883, "pooling_algorithm": 0.7222492365790069}, "datetime": {"datetime": "2023-11-30 10:55:18", "elapsed": 383.302201, "delta": 3.341917}}
{"target": 0.5857142857142857, "params": {"activation_function": 1.7847202633195267, "amount_of_layers": 8.106725445092554, "batch_size": 64.14114019254295, "dropout_rate": 0.3177085277321114, "epochs": 159.97357614104857, "hidden_channels": 9.258434346522503, "learning_rate": 0.06291801339822778, "optimizer": 0.35805558936008985, "pooling_algorithm": 0.10506973043471479}, "datetime": {"datetime": "2023-11-30 10:55:23", "elapsed": 387.567081, "delta": 4.26488}}
{"target": 0.9035714285714286, "params": {"activation_function": 0.821636606012438, "amount_of_layers": 1.1413780051079936, "batch_size": 30.77712285483526, "dropout_rate": 0.6500588325919145, "epochs": 133.935486756992, "hidden_channels": 61.53525594237066, "learning_rate": 0.07595450838712342, "optimizer": 0.35148512874309823, "pooling_algorithm": 0.779791131881308}, "datetime": {"datetime": "2023-11-30 10:55:25", "elapsed": 390.044352, "delta": 2.477271}}
{"target": 0.5, "params": {"activation_function": 1.5518806177152409, "amount_of_layers": 1.081022466388438, "batch_size": 89.74383994127675, "dropout_rate": 0.5774895353849867, "epochs": 166.95647545302145, "hidden_channels": 90.52628558864178, "learning_rate": 0.09238362458374777, "optimizer": 0.5722198339241482, "pooling_algorithm": 0.9058284456133628}, "datetime": {"datetime": "2023-11-30 10:55:28", "elapsed": 392.560603, "delta": 2.516251}}
{"target": 0.5, "params": {"activation_function": 0.8648591301256434, "amount_of_layers": 8.991799731963997, "batch_size": 112.597356823126, "dropout_rate": 0.6956562430289419, "epochs": 131.0089327085752, "hidden_channels": 17.569143475444992, "learning_rate": 0.03134822642730306, "optimizer": 1.8240117883254987, "pooling_algorithm": 0.7074949543263468}, "datetime": {"datetime": "2023-11-30 10:55:31", "elapsed": 396.09779, "delta": 3.537187}}
{"target": 0.7375, "params": {"activation_function": 1.8614129629783418, "amount_of_layers": 7.676119283182548, "batch_size": 76.29084665499566, "dropout_rate": 0.2685507924298227, "epochs": 67.65699715309466, "hidden_channels": 28.83087034987905, "learning_rate": 0.08951862556373312, "optimizer": 1.2864324035855346, "pooling_algorithm": 0.41891120246409697}, "datetime": {"datetime": "2023-11-30 10:55:33", "elapsed": 397.989134, "delta": 1.891344}}
{"target": 0.5, "params": {"activation_function": 1.7219399035426959, "amount_of_layers": 3.4194687223368296, "batch_size": 106.2727027211977, "dropout_rate": 0.5143708566139469, "epochs": 106.90786249886185, "hidden_channels": 47.88799037977465, "learning_rate": 0.08922111606473442, "optimizer": 1.7349021683660175, "pooling_algorithm": 0.5690522291797898}, "datetime": {"datetime": "2023-11-30 10:55:35", "elapsed": 399.933302, "delta": 1.944168}}
{"target": 0.5, "params": {"activation_function": 0.36232079162442465, "amount_of_layers": 6.682594454374886, "batch_size": 30.123443567959114, "dropout_rate": 0.6125989640040976, "epochs": 46.11839822173152, "hidden_channels": 120.03161101570882, "learning_rate": 0.07460842490463783, "optimizer": 1.0220190836502399, "pooling_algorithm": 0.4384828082997858}, "datetime": {"datetime": "2023-11-30 10:55:38", "elapsed": 403.041262, "delta": 3.10796}}
{"target": 0.9214285714285714, "params": {"activation_function": 0.4858283886470003, "amount_of_layers": 6.467974035260393, "batch_size": 81.26174566662597, "dropout_rate": 0.5438999866891912, "epochs": 156.07445830415708, "hidden_channels": 97.1048175878984, "learning_rate": 0.022104677563874433, "optimizer": 0.4836609814370074, "pooling_algorithm": 0.8544959917511972}, "datetime": {"datetime": "2023-11-30 10:55:43", "elapsed": 407.840344, "delta": 4.799082}}
{"target": 0.4, "params": {"activation_function": 0.7264152576260425, "amount_of_layers": 5.723759125363616, "batch_size": 50.01700917156589, "dropout_rate": 0.6096872838860936, "epochs": 93.02160595544339, "hidden_channels": 53.058928979701236, "learning_rate": 0.08026343921505431, "optimizer": 1.9611007332689674, "pooling_algorithm": 0.023921861873640093}, "datetime": {"datetime": "2023-11-30 10:55:46", "elapsed": 410.861763, "delta": 3.021419}}
