{"target": 0.26071428571428573, "params": {"activation_function": 0.6803119565643616, "amount_of_layers": 6.577887146787316, "batch_size": 100.03537727148391, "dropout_rate": 0.32679489591795197, "epochs": 191.52380425712983, "hidden_channels": 28.446245922707487, "learning_rate": 0.08459024742611398, "optimizer": 0.2245570535005561, "pooling_algorithm": 0.3184544329193869}, "datetime": {"datetime": "2023-11-30 09:48:54", "elapsed": 449.29338, "delta": 5.921279}}
{"target": 0.6142857142857143, "params": {"activation_function": 0.3738115013712897, "amount_of_layers": 2.603905396617151, "batch_size": 91.86843165784845, "dropout_rate": 0.6774144883035162, "epochs": 38.190459428457785, "hidden_channels": 40.327790718416075, "learning_rate": 0.09446744733888364, "optimizer": 0.03890911568914879, "pooling_algorithm": 0.2879501044774778}, "datetime": {"datetime": "2023-11-30 09:48:55", "elapsed": 450.221225, "delta": 0.927845}}
{"target": 0.5, "params": {"activation_function": 0.6370789229334479, "amount_of_layers": 5.924086406438106, "batch_size": 25.833896913398227, "dropout_rate": 0.6916241350831323, "epochs": 171.57336474700043, "hidden_channels": 35.85471102201524, "learning_rate": 0.038254315683052854, "optimizer": 1.9758456415839583, "pooling_algorithm": 0.7894803268260242}, "datetime": {"datetime": "2023-11-30 09:49:05", "elapsed": 460.846659, "delta": 10.625434}}
{"target": 0.21964285714285714, "params": {"activation_function": 1.6342033841227317, "amount_of_layers": 2.455463605579581, "batch_size": 20.03490123398199, "dropout_rate": 0.3910291373491612, "epochs": 110.31893058924867, "hidden_channels": 65.14828140067712, "learning_rate": 0.05444611605798836, "optimizer": 0.8385900364119854, "pooling_algorithm": 0.32216219293517634}, "datetime": {"datetime": "2023-11-30 09:49:10", "elapsed": 465.619508, "delta": 4.772849}}
{"target": 0.5, "params": {"activation_function": 0.7752635305448341, "amount_of_layers": 3.5118101184845516, "batch_size": 145.5400504901434, "dropout_rate": 0.3235111141222348, "epochs": 134.8480141805777, "hidden_channels": 66.4681933001036, "learning_rate": 0.06302255238968305, "optimizer": 1.8797584120468367, "pooling_algorithm": 0.45354228766566196}, "datetime": {"datetime": "2023-11-30 09:49:14", "elapsed": 470.044166, "delta": 4.424658}}
{"target": 0.4178571428571428, "params": {"activation_function": 0.481754821956359, "amount_of_layers": 2.3409747038318587, "batch_size": 72.28584872175523, "dropout_rate": 0.45651827117575605, "epochs": 160.50936842514278, "hidden_channels": 6.030553375136651, "learning_rate": 0.02743931521186174, "optimizer": 0.3274913085907487, "pooling_algorithm": 0.09124359663818749}, "datetime": {"datetime": "2023-11-30 09:49:18", "elapsed": 473.109125, "delta": 3.064959}}
{"target": 0.7410714285714286, "params": {"activation_function": 1.672509270061237, "amount_of_layers": 5.552640927204464, "batch_size": 94.37035571964643, "dropout_rate": 0.6260211833019128, "epochs": 88.74575886340857, "hidden_channels": 27.378583351297824, "learning_rate": 0.02725222225444574, "optimizer": 1.6913111909653435, "pooling_algorithm": 0.1975299119412549}, "datetime": {"datetime": "2023-11-30 09:49:20", "elapsed": 475.805202, "delta": 2.696077}}
{"target": 0.9071428571428571, "params": {"activation_function": 0.12076622472344778, "amount_of_layers": 5.963785597554014, "batch_size": 143.75490516049123, "dropout_rate": 0.6757332449455009, "epochs": 136.06487656083303, "hidden_channels": 66.85496202156554, "learning_rate": 0.08953122030870578, "optimizer": 0.4533398580798702, "pooling_algorithm": 0.9297938471671265}, "datetime": {"datetime": "2023-11-30 09:49:25", "elapsed": 481.053983, "delta": 5.248781}}
{"target": 0.9125000000000001, "params": {"activation_function": 0.45280539434594513, "amount_of_layers": 8.78684370401506, "batch_size": 125.17469532150989, "dropout_rate": 0.40061084008337305, "epochs": 130.95401617395038, "hidden_channels": 34.04896190247329, "learning_rate": 0.025815804865593157, "optimizer": 0.8876817851495733, "pooling_algorithm": 0.6897961865415784}, "datetime": {"datetime": "2023-11-30 09:49:30", "elapsed": 485.977451, "delta": 4.923468}}
{"target": 0.9, "params": {"activation_function": 0.7900276212705817, "amount_of_layers": 7.1907573770082776, "batch_size": 40.5874583473643, "dropout_rate": 0.37388868794148405, "epochs": 26.34336479710301, "hidden_channels": 91.81538076413004, "learning_rate": 0.03378904427820991, "optimizer": 0.3909316776396534, "pooling_algorithm": 0.7910848314772386}, "datetime": {"datetime": "2023-11-30 09:49:32", "elapsed": 487.578731, "delta": 1.60128}}
{"target": 0.5625, "params": {"activation_function": 0.1973000070394324, "amount_of_layers": 3.385318661186975, "batch_size": 16.341950551491095, "dropout_rate": 0.4864118311921858, "epochs": 110.951953330162, "hidden_channels": 67.21091062524079, "learning_rate": 0.06544863530461768, "optimizer": 1.251927089041901, "pooling_algorithm": 0.869106170518459}, "datetime": {"datetime": "2023-11-30 09:49:39", "elapsed": 494.322109, "delta": 6.743378}}
{"target": 0.9035714285714287, "params": {"activation_function": 1.0574830330004572, "amount_of_layers": 4.2348055740755735, "batch_size": 65.0108876294546, "dropout_rate": 0.4519947804070335, "epochs": 186.1968186951109, "hidden_channels": 88.57345627644031, "learning_rate": 0.07468466186224383, "optimizer": 0.04323892358838721, "pooling_algorithm": 0.5408376958960318}, "datetime": {"datetime": "2023-11-30 09:49:45", "elapsed": 500.809431, "delta": 6.487322}}
{"target": 0.5, "params": {"activation_function": 1.0372464429765573, "amount_of_layers": 4.620228067512162, "batch_size": 66.99612038740824, "dropout_rate": 0.41597695817339353, "epochs": 163.78066044696695, "hidden_channels": 6.303121425245048, "learning_rate": 0.07649649681657418, "optimizer": 1.6406335300021013, "pooling_algorithm": 0.5061189757478884}, "datetime": {"datetime": "2023-11-30 09:49:50", "elapsed": 506.063796, "delta": 5.254365}}
{"target": 0.5, "params": {"activation_function": 1.419446575374451, "amount_of_layers": 2.9594324944810078, "batch_size": 99.94357858137582, "dropout_rate": 0.3558918165550363, "epochs": 193.56141435536557, "hidden_channels": 31.277330667193798, "learning_rate": 0.0359942583494879, "optimizer": 1.2655192567268712, "pooling_algorithm": 0.5990428275137865}, "datetime": {"datetime": "2023-11-30 09:49:56", "elapsed": 511.18375, "delta": 5.119954}}
{"target": 0.35, "params": {"activation_function": 1.485057251214891, "amount_of_layers": 4.708962243023674, "batch_size": 67.6885565303093, "dropout_rate": 0.7479989079467126, "epochs": 160.5056697352656, "hidden_channels": 7.173699016218327, "learning_rate": 0.07465470514936522, "optimizer": 0.6136071949841828, "pooling_algorithm": 0.9343122611526254}, "datetime": {"datetime": "2023-11-30 09:50:00", "elapsed": 516.011428, "delta": 4.827678}}
{"target": 0.5, "params": {"activation_function": 1.112381037197429, "amount_of_layers": 1.3983215986025703, "batch_size": 77.09182324961104, "dropout_rate": 0.6554859927501477, "epochs": 191.9195920373669, "hidden_channels": 97.78904754936961, "learning_rate": 0.06525671922627091, "optimizer": 1.8648152908174667, "pooling_algorithm": 0.6628027291694819}, "datetime": {"datetime": "2023-11-30 09:50:05", "elapsed": 520.099794, "delta": 4.088366}}
{"target": 0.5, "params": {"activation_function": 1.0041797103462256, "amount_of_layers": 5.475558234551946, "batch_size": 144.58242761676615, "dropout_rate": 0.6726958178505116, "epochs": 138.16500100547364, "hidden_channels": 68.79490309915477, "learning_rate": 0.04508122224050072, "optimizer": 1.5900607345099231, "pooling_algorithm": 0.7809088514961542}, "datetime": {"datetime": "2023-11-30 09:50:14", "elapsed": 529.593668, "delta": 9.493874}}
{"target": 0.7357142857142857, "params": {"activation_function": 0.21195900708243554, "amount_of_layers": 3.2365734115750557, "batch_size": 137.5514014578156, "dropout_rate": 0.6628482270852023, "epochs": 63.56351512903748, "hidden_channels": 97.07813763456898, "learning_rate": 0.06419988039282919, "optimizer": 1.0393917001355617, "pooling_algorithm": 0.3581943274205964}, "datetime": {"datetime": "2023-11-30 09:50:16", "elapsed": 531.861387, "delta": 2.267719}}
{"target": 0.5, "params": {"activation_function": 1.2232625498252057, "amount_of_layers": 7.992297485463261, "batch_size": 126.0616212722053, "dropout_rate": 0.566069097626356, "epochs": 133.8401387413681, "hidden_channels": 34.74871473233876, "learning_rate": 0.05623171087046971, "optimizer": 1.6175370355385277, "pooling_algorithm": 0.7774381989857599}, "datetime": {"datetime": "2023-11-30 09:50:21", "elapsed": 536.995283, "delta": 5.133896}}
{"target": 0.825, "params": {"activation_function": 1.5765258980113566, "amount_of_layers": 2.1274662223241956, "batch_size": 93.4408134907259, "dropout_rate": 0.5218692869938257, "epochs": 38.31930484100978, "hidden_channels": 42.24616111182606, "learning_rate": 0.028598422300707197, "optimizer": 0.7627043886428908, "pooling_algorithm": 0.28940737055291343}, "datetime": {"datetime": "2023-11-30 09:50:22", "elapsed": 537.968006, "delta": 0.972723}}
{"target": 0.5, "params": {"activation_function": 0.23044318782687667, "amount_of_layers": 8.249365550925543, "batch_size": 123.46156471272602, "dropout_rate": 0.33593716385741734, "epochs": 130.48066564394202, "hidden_channels": 34.28310673838495, "learning_rate": 0.03726198607415816, "optimizer": 1.62580043149693, "pooling_algorithm": 0.8475441860751275}, "datetime": {"datetime": "2023-11-30 09:50:27", "elapsed": 542.358738, "delta": 4.390732}}
{"target": 0.7607142857142857, "params": {"activation_function": 1.2430524403254044, "amount_of_layers": 7.246513934216124, "batch_size": 145.17359532223747, "dropout_rate": 0.5100505496518606, "epochs": 136.5322763142564, "hidden_channels": 64.59512458592677, "learning_rate": 0.07237047105144834, "optimizer": 0.3736272925866426, "pooling_algorithm": 0.12623768261976265}, "datetime": {"datetime": "2023-11-30 09:50:32", "elapsed": 548.059206, "delta": 5.700468}}
{"target": 0.2678571428571429, "params": {"activation_function": 1.1253910041576878, "amount_of_layers": 6.371822559804265, "batch_size": 39.162427333020744, "dropout_rate": 0.2547216421991402, "epochs": 25.489978276901354, "hidden_channels": 91.56144849095419, "learning_rate": 0.019668453292792383, "optimizer": 0.5461670173065989, "pooling_algorithm": 0.017954365523458193}, "datetime": {"datetime": "2023-11-30 09:50:34", "elapsed": 549.660278, "delta": 1.601072}}
{"target": 0.7964285714285715, "params": {"activation_function": 1.8140529688336022, "amount_of_layers": 3.108842091352998, "batch_size": 69.34539665766624, "dropout_rate": 0.28676406692639717, "epochs": 160.63664907614145, "hidden_channels": 5.36790784505204, "learning_rate": 0.07143498357204937, "optimizer": 0.10857728196703831, "pooling_algorithm": 0.45125225843806804}, "datetime": {"datetime": "2023-11-30 09:50:38", "elapsed": 553.109681, "delta": 3.449403}}
{"target": 0.7589285714285715, "params": {"activation_function": 0.4082506544903084, "amount_of_layers": 6.843844433363644, "batch_size": 145.16026363414056, "dropout_rate": 0.3265013326658919, "epochs": 136.41417727556853, "hidden_channels": 64.87382100057346, "learning_rate": 0.03451692586217474, "optimizer": 1.4919464210153572, "pooling_algorithm": 0.3017853471335352}, "datetime": {"datetime": "2023-11-30 09:50:43", "elapsed": 558.778894, "delta": 5.669213}}
