{"target": 0.5, "params": {"activation_function": 0.9200774673759837, "amount_of_layers": 8.170523816497923, "batch_size": 41.477233027361535, "dropout_rate": 0.3531023274518449, "epochs": 108.19984893532158, "hidden_channels": 13.517922847000383, "learning_rate": 0.07607371126262788, "optimizer": 1.608893260563734, "pooling_algorithm": 0.8921489366402521}, "datetime": {"datetime": "2023-11-30 09:54:08", "elapsed": 0.0, "delta": 0.0}}
{"target": 0.8142857142857143, "params": {"activation_function": 0.10228999189937893, "amount_of_layers": 3.7707227319424623, "batch_size": 100.44040192462458, "dropout_rate": 0.7472212231174886, "epochs": 26.878365460713802, "hidden_channels": 28.494622893269803, "learning_rate": 0.05266030635823921, "optimizer": 1.4492813426180338, "pooling_algorithm": 0.050081559470888326}, "datetime": {"datetime": "2023-11-30 09:54:09", "elapsed": 0.682977, "delta": 0.682977}}
{"target": 0.8999999999999999, "params": {"activation_function": 1.2171684753848173, "amount_of_layers": 8.409954508697037, "batch_size": 142.94143154197639, "dropout_rate": 0.6757128484334622, "epochs": 41.25849965214668, "hidden_channels": 52.854833751392164, "learning_rate": 0.00761236104218691, "optimizer": 0.10991301928123032, "pooling_algorithm": 0.9334877832573434}, "datetime": {"datetime": "2023-11-30 09:54:10", "elapsed": 2.030896, "delta": 1.347919}}
{"target": 0.3767857142857143, "params": {"activation_function": 1.3834786901405325, "amount_of_layers": 5.8585550394959, "batch_size": 37.442123134868766, "dropout_rate": 0.2704227930546419, "epochs": 150.93127484736888, "hidden_channels": 124.50701117491747, "learning_rate": 0.09671224465995593, "optimizer": 1.8865409602911032, "pooling_algorithm": 0.061101987490073006}, "datetime": {"datetime": "2023-11-30 09:54:19", "elapsed": 11.285982, "delta": 9.255086}}
{"target": 0.2910714285714286, "params": {"activation_function": 0.6207949108374395, "amount_of_layers": 1.0631747489669499, "batch_size": 24.237109976551114, "dropout_rate": 0.4617957756149606, "epochs": 48.41955854759262, "hidden_channels": 75.33706934512276, "learning_rate": 0.02498306569750498, "optimizer": 0.029121472370879475, "pooling_algorithm": 0.10132219518484031}, "datetime": {"datetime": "2023-11-30 09:54:21", "elapsed": 12.667693, "delta": 1.381711}}
{"target": 0.5, "params": {"activation_function": 0.2655020493428084, "amount_of_layers": 8.747637217044005, "batch_size": 75.35347002313513, "dropout_rate": 0.4645952943145169, "epochs": 25.079536577207524, "hidden_channels": 62.332883164599146, "learning_rate": 0.016220487277419062, "optimizer": 1.7201567274566762, "pooling_algorithm": 0.1376918619873796}, "datetime": {"datetime": "2023-11-30 09:54:22", "elapsed": 13.730817, "delta": 1.063124}}
{"target": 0.8357142857142856, "params": {"activation_function": 0.602872805297985, "amount_of_layers": 1.9863242405856916, "batch_size": 125.12672506495244, "dropout_rate": 0.3204252517564851, "epochs": 160.8642372930286, "hidden_channels": 34.37337412118934, "learning_rate": 0.015258621013651896, "optimizer": 0.5842684365472415, "pooling_algorithm": 0.2237957344360627}, "datetime": {"datetime": "2023-11-30 09:54:24", "elapsed": 16.244317, "delta": 2.5135}}
{"target": 0.7357142857142857, "params": {"activation_function": 0.707138179790306, "amount_of_layers": 5.3489767716553684, "batch_size": 123.10726071412752, "dropout_rate": 0.6195624055811889, "epochs": 130.44508966788982, "hidden_channels": 32.76652152910721, "learning_rate": 0.0513697576531099, "optimizer": 1.2439644783465498, "pooling_algorithm": 0.1583664165525157}, "datetime": {"datetime": "2023-11-30 09:54:27", "elapsed": 19.211137, "delta": 2.96682}}
{"target": 0.7339285714285714, "params": {"activation_function": 0.658161060972249, "amount_of_layers": 3.355107597593064, "batch_size": 142.41586954333224, "dropout_rate": 0.7002442277944599, "epochs": 66.78814381156471, "hidden_channels": 57.29757211293682, "learning_rate": 0.0796262518650187, "optimizer": 1.1073100357831414, "pooling_algorithm": 0.18252662534201602}, "datetime": {"datetime": "2023-11-30 09:54:29", "elapsed": 20.569615, "delta": 1.358478}}
{"target": 0.9, "params": {"activation_function": 0.941240308176541, "amount_of_layers": 6.761680810675488, "batch_size": 135.57067796160624, "dropout_rate": 0.5508822667918705, "epochs": 22.599493937054664, "hidden_channels": 87.85389376164025, "learning_rate": 0.005975816972679895, "optimizer": 0.3866213404355989, "pooling_algorithm": 0.7261335632114302}, "datetime": {"datetime": "2023-11-30 09:54:30", "elapsed": 21.437449, "delta": 0.867834}}
{"target": 0.9071428571428571, "params": {"activation_function": 1.1876519642928856, "amount_of_layers": 3.6956655802466667, "batch_size": 67.48016702948226, "dropout_rate": 0.5919766930183702, "epochs": 123.93331505007326, "hidden_channels": 55.36587042620579, "learning_rate": 0.061340304681205896, "optimizer": 0.18808495052049246, "pooling_algorithm": 0.5889478171821656}, "datetime": {"datetime": "2023-11-30 09:54:33", "elapsed": 24.657656, "delta": 3.220207}}
{"target": 0.7357142857142858, "params": {"activation_function": 1.7508168322637776, "amount_of_layers": 8.359534470228663, "batch_size": 54.8912239879745, "dropout_rate": 0.7337356893840643, "epochs": 148.45016672718654, "hidden_channels": 22.766573184238034, "learning_rate": 0.057790667325208794, "optimizer": 0.11511961080168254, "pooling_algorithm": 0.3466769666056799}, "datetime": {"datetime": "2023-11-30 09:54:38", "elapsed": 29.490329, "delta": 4.832673}}
{"target": 0.7357142857142858, "params": {"activation_function": 1.5795684630209923, "amount_of_layers": 6.831385546992035, "batch_size": 112.98307806127737, "dropout_rate": 0.7182731758724661, "epochs": 33.41784176789165, "hidden_channels": 58.9669648925401, "learning_rate": 0.031282721304514885, "optimizer": 1.6003622775591075, "pooling_algorithm": 0.27643564688736944}, "datetime": {"datetime": "2023-11-30 09:54:39", "elapsed": 30.506933, "delta": 1.016604}}
{"target": 0.9107142857142858, "params": {"activation_function": 1.9673112148611593, "amount_of_layers": 6.09921224698687, "batch_size": 42.107651873786054, "dropout_rate": 0.7086632567544654, "epochs": 153.32070334123276, "hidden_channels": 87.47333932259272, "learning_rate": 0.08137782468149724, "optimizer": 0.039918257184596184, "pooling_algorithm": 0.7731894259402237}, "datetime": {"datetime": "2023-11-30 09:54:45", "elapsed": 37.058858, "delta": 6.551925}}
{"target": 0.9, "params": {"activation_function": 1.6005754994836197, "amount_of_layers": 1.9378386893338488, "batch_size": 70.59412725431542, "dropout_rate": 0.601996705732402, "epochs": 189.9633152417542, "hidden_channels": 25.05778749827895, "learning_rate": 0.013933616685426635, "optimizer": 0.2487157578174204, "pooling_algorithm": 0.8618976263678819}, "datetime": {"datetime": "2023-11-30 09:54:49", "elapsed": 40.479552, "delta": 3.420694}}
{"target": 0.19464285714285712, "params": {"activation_function": 0.44332298948256543, "amount_of_layers": 3.520922089049221, "batch_size": 64.41157283798026, "dropout_rate": 0.26668087469640295, "epochs": 11.122576147578528, "hidden_channels": 74.51240333335049, "learning_rate": 0.032611762351085, "optimizer": 0.6552905963100393, "pooling_algorithm": 0.22968701756239596}, "datetime": {"datetime": "2023-11-30 09:54:49", "elapsed": 40.844536, "delta": 0.364984}}
{"target": 0.9017857142857143, "params": {"activation_function": 1.3832780793392514, "amount_of_layers": 8.517394163916354, "batch_size": 48.12649438196809, "dropout_rate": 0.34644869699848707, "epochs": 193.83510716852754, "hidden_channels": 46.28740710203338, "learning_rate": 0.009614371145571187, "optimizer": 0.2840219860632385, "pooling_algorithm": 0.8764992182702956}, "datetime": {"datetime": "2023-11-30 09:54:58", "elapsed": 50.008951, "delta": 9.164415}}
{"target": 0.26607142857142857, "params": {"activation_function": 0.7578554596126124, "amount_of_layers": 7.657957311419423, "batch_size": 135.45808397365477, "dropout_rate": 0.739903777717122, "epochs": 149.1706198093865, "hidden_channels": 66.69894224780793, "learning_rate": 0.01776364395321156, "optimizer": 1.1048880483594572, "pooling_algorithm": 0.2212209737884795}, "datetime": {"datetime": "2023-11-30 09:55:04", "elapsed": 55.609455, "delta": 5.600504}}
{"target": 0.4571428571428572, "params": {"activation_function": 0.3623335198185722, "amount_of_layers": 4.771795016613299, "batch_size": 117.33652691525529, "dropout_rate": 0.3300343845613109, "epochs": 156.16318105003117, "hidden_channels": 53.27792351572871, "learning_rate": 0.09848277367770454, "optimizer": 1.5817845025102228, "pooling_algorithm": 0.06424593820003222}, "datetime": {"datetime": "2023-11-30 09:55:08", "elapsed": 59.552274, "delta": 3.942819}}
{"target": 0.5, "params": {"activation_function": 1.3327362590368002, "amount_of_layers": 4.519119387320911, "batch_size": 90.10610828600927, "dropout_rate": 0.5641588740079804, "epochs": 143.32561838790977, "hidden_channels": 105.90833146321287, "learning_rate": 0.03168357552330018, "optimizer": 1.1736240746661348, "pooling_algorithm": 0.7131004418267849}, "datetime": {"datetime": "2023-11-30 09:55:13", "elapsed": 64.967286, "delta": 5.415012}}
{"target": 0.8999999999999999, "params": {"activation_function": 1.4754974554517932, "amount_of_layers": 3.7667803539658413, "batch_size": 68.96425820630827, "dropout_rate": 0.6630681029851309, "epochs": 122.1283794976124, "hidden_channels": 56.54785360913987, "learning_rate": 0.05525678872535173, "optimizer": 0.08351137559436528, "pooling_algorithm": 0.7323172362941892}, "datetime": {"datetime": "2023-11-30 09:55:16", "elapsed": 68.237144, "delta": 3.269858}}
{"target": 0.26250000000000007, "params": {"activation_function": 0.6911533355900314, "amount_of_layers": 7.866617918114233, "batch_size": 115.71608906215067, "dropout_rate": 0.7203483464027816, "epochs": 181.91292213823672, "hidden_channels": 6.598388627833215, "learning_rate": 0.06087650076170684, "optimizer": 0.431039227133875, "pooling_algorithm": 0.18812976465254327}, "datetime": {"datetime": "2023-11-30 09:55:21", "elapsed": 72.956724, "delta": 4.71958}}
{"target": 0.9107142857142857, "params": {"activation_function": 2.0, "amount_of_layers": 1.5924039491359323, "batch_size": 51.55978324147987, "dropout_rate": 0.75, "epochs": 162.20826447305825, "hidden_channels": 60.587666463884865, "learning_rate": 0.020063383838998285, "optimizer": 0.0, "pooling_algorithm": 1.0}, "datetime": {"datetime": "2023-11-30 09:55:25", "elapsed": 76.556173, "delta": 3.599449}}
{"target": 0.8392857142857143, "params": {"activation_function": 2.0, "amount_of_layers": 9.0, "batch_size": 35.494784781073854, "dropout_rate": 0.75, "epochs": 134.56759258319562, "hidden_channels": 66.6999179936529, "learning_rate": 0.001, "optimizer": 0.0, "pooling_algorithm": 1.0}, "datetime": {"datetime": "2023-11-30 09:55:33", "elapsed": 84.592192, "delta": 8.036019}}
{"target": 0.9321428571428572, "params": {"activation_function": 0.0, "amount_of_layers": 1.0, "batch_size": 150.0, "dropout_rate": 0.25, "epochs": 10.0, "hidden_channels": 60.05695582831673, "learning_rate": 0.1, "optimizer": 0.0, "pooling_algorithm": 1.0}, "datetime": {"datetime": "2023-11-30 09:55:33", "elapsed": 84.953519, "delta": 0.361327}}
{"target": 0.9071428571428571, "params": {"activation_function": 0.0, "amount_of_layers": 9.0, "batch_size": 146.66705670819363, "dropout_rate": 0.75, "epochs": 16.38729218551253, "hidden_channels": 23.603700443806773, "learning_rate": 0.001, "optimizer": 0.0, "pooling_algorithm": 1.0}, "datetime": {"datetime": "2023-11-30 09:55:34", "elapsed": 85.610272, "delta": 0.656753}}
{"target": 0.7571428571428571, "params": {"activation_function": 0.0, "amount_of_layers": 1.0, "batch_size": 17.63735796108438, "dropout_rate": 0.75, "epochs": 176.10656588950624, "hidden_channels": 69.69800343975352, "learning_rate": 0.1, "optimizer": 0.0, "pooling_algorithm": 0.0}, "datetime": {"datetime": "2023-11-30 09:55:40", "elapsed": 91.409586, "delta": 5.799314}}
{"target": 0.7428571428571429, "params": {"activation_function": 1.105710824054644, "amount_of_layers": 5.4070272398159105, "batch_size": 39.034447315548974, "dropout_rate": 0.3091355675141056, "epochs": 199.60707325061838, "hidden_channels": 13.906444937837517, "learning_rate": 0.07882312808473627, "optimizer": 0.3459912589895118, "pooling_algorithm": 0.08069402713783091}, "datetime": {"datetime": "2023-11-30 09:55:46", "elapsed": 97.967881, "delta": 6.558295}}
{"target": 0.18749999999999997, "params": {"activation_function": 2.0, "amount_of_layers": 1.0, "batch_size": 136.41594731939608, "dropout_rate": 0.25, "epochs": 48.384754143067944, "hidden_channels": 7.505881283524621, "learning_rate": 0.001, "optimizer": 0.0, "pooling_algorithm": 1.0}, "datetime": {"datetime": "2023-11-30 09:55:47", "elapsed": 98.766295, "delta": 0.798414}}
{"target": 0.8714285714285716, "params": {"activation_function": 2.0, "amount_of_layers": 1.0, "batch_size": 73.93749882471361, "dropout_rate": 0.75, "epochs": 200.0, "hidden_channels": 59.0772705980943, "learning_rate": 0.001, "optimizer": 0.0, "pooling_algorithm": 1.0}, "datetime": {"datetime": "2023-11-30 09:55:50", "elapsed": 102.096433, "delta": 3.330138}}
{"target": 0.8964285714285715, "params": {"activation_function": 1.2149955772677687, "amount_of_layers": 7.144476377161446, "batch_size": 127.54021344807856, "dropout_rate": 0.26155417649750756, "epochs": 10.406088930399255, "hidden_channels": 37.633613261533924, "learning_rate": 0.07151078484237175, "optimizer": 0.40215823414561447, "pooling_algorithm": 0.5687129134315064}, "datetime": {"datetime": "2023-11-30 09:55:51", "elapsed": 102.608921, "delta": 0.512488}}
{"target": 0.9071428571428571, "params": {"activation_function": 0.0, "amount_of_layers": 9.0, "batch_size": 150.0, "dropout_rate": 0.25, "epochs": 50.69131705153339, "hidden_channels": 96.6773119017213, "learning_rate": 0.1, "optimizer": 0.0, "pooling_algorithm": 1.0}, "datetime": {"datetime": "2023-11-30 09:55:53", "elapsed": 104.655985, "delta": 2.047064}}
{"target": 0.5, "params": {"activation_function": 0.0, "amount_of_layers": 9.0, "batch_size": 150.0, "dropout_rate": 0.25, "epochs": 23.218216744327833, "hidden_channels": 125.09107366025334, "learning_rate": 0.012079897771879594, "optimizer": 2.0, "pooling_algorithm": 1.0}, "datetime": {"datetime": "2023-11-30 09:55:54", "elapsed": 105.989897, "delta": 1.333912}}
{"target": 0.9035714285714286, "params": {"activation_function": 0.7186821829040708, "amount_of_layers": 7.38099979398671, "batch_size": 54.69499616422103, "dropout_rate": 0.7118814766808801, "epochs": 187.45672183894143, "hidden_channels": 83.84029751147196, "learning_rate": 0.0016413795025218695, "optimizer": 0.2707444236083776, "pooling_algorithm": 0.8916869948061553}, "datetime": {"datetime": "2023-11-30 09:56:02", "elapsed": 114.260773, "delta": 8.270876}}
{"target": 0.9267857142857143, "params": {"activation_function": 2.0, "amount_of_layers": 1.0, "batch_size": 120.39712581121559, "dropout_rate": 0.25, "epochs": 66.06794826824944, "hidden_channels": 100.70706278552376, "learning_rate": 0.1, "optimizer": 0.0, "pooling_algorithm": 1.0}, "datetime": {"datetime": "2023-11-30 09:56:04", "elapsed": 115.491994, "delta": 1.231221}}
{"target": 0.9178571428571428, "params": {"activation_function": 2.0, "amount_of_layers": 1.0, "batch_size": 148.36445041885827, "dropout_rate": 0.25, "epochs": 84.36203638598846, "hidden_channels": 114.1637336266384, "learning_rate": 0.1, "optimizer": 0.0, "pooling_algorithm": 1.0}, "datetime": {"datetime": "2023-11-30 09:56:05", "elapsed": 117.076838, "delta": 1.584844}}
{"target": 0.9142857142857144, "params": {"activation_function": 0.0, "amount_of_layers": 9.0, "batch_size": 116.9474580773589, "dropout_rate": 0.75, "epochs": 83.0163930970646, "hidden_channels": 128.0, "learning_rate": 0.001, "optimizer": 0.0, "pooling_algorithm": 1.0}, "datetime": {"datetime": "2023-11-30 09:56:10", "elapsed": 121.646114, "delta": 4.569276}}
{"target": 0.5, "params": {"activation_function": 2.0, "amount_of_layers": 1.0, "batch_size": 89.82210041323178, "dropout_rate": 0.25, "epochs": 62.07057555850534, "hidden_channels": 128.0, "learning_rate": 0.1, "optimizer": 2.0, "pooling_algorithm": 0.0}, "datetime": {"datetime": "2023-11-30 09:56:11", "elapsed": 123.058967, "delta": 1.412853}}
{"target": 0.8071428571428573, "params": {"activation_function": 0.0, "amount_of_layers": 9.0, "batch_size": 125.48801514821152, "dropout_rate": 0.75, "epochs": 92.35214781916424, "hidden_channels": 98.80936826381672, "learning_rate": 0.001, "optimizer": 0.0, "pooling_algorithm": 0.0}, "datetime": {"datetime": "2023-11-30 09:56:16", "elapsed": 127.534716, "delta": 4.475749}}
{"target": 0.5, "params": {"activation_function": 0.0, "amount_of_layers": 1.0, "batch_size": 150.0, "dropout_rate": 0.25, "epochs": 36.55635893941821, "hidden_channels": 74.27493034137565, "learning_rate": 0.1, "optimizer": 2.0, "pooling_algorithm": 1.0}, "datetime": {"datetime": "2023-11-30 09:56:16", "elapsed": 128.192077, "delta": 0.657361}}
{"target": 0.5, "params": {"activation_function": 1.7024681517510842, "amount_of_layers": 6.935923778467353, "batch_size": 142.6467469783163, "dropout_rate": 0.2680856355109404, "epochs": 64.3034524117503, "hidden_channels": 116.79780518726747, "learning_rate": 0.03731793308210817, "optimizer": 1.3768648827097534, "pooling_algorithm": 0.5062542776333322}, "datetime": {"datetime": "2023-11-30 09:56:20", "elapsed": 131.513884, "delta": 3.321807}}
{"target": 0.9142857142857144, "params": {"activation_function": 0.38422425669730864, "amount_of_layers": 7.365531668183383, "batch_size": 141.9379949547751, "dropout_rate": 0.4732482994154993, "epochs": 20.19304051142035, "hidden_channels": 48.98322026265901, "learning_rate": 0.0030785756445816993, "optimizer": 0.3506558139865745, "pooling_algorithm": 0.6847480531149245}, "datetime": {"datetime": "2023-11-30 09:56:21", "elapsed": 132.404385, "delta": 0.890501}}
{"target": 0.9107142857142857, "params": {"activation_function": 0.0, "amount_of_layers": 1.129637926200702, "batch_size": 65.10486267200676, "dropout_rate": 0.75, "epochs": 179.063461761501, "hidden_channels": 47.66265498530062, "learning_rate": 0.001, "optimizer": 2.0, "pooling_algorithm": 0.9826962552637435}, "datetime": {"datetime": "2023-11-30 09:56:24", "elapsed": 135.562508, "delta": 3.158123}}
{"target": 0.9178571428571429, "params": {"activation_function": 1.6453261213072334, "amount_of_layers": 1.0, "batch_size": 134.87857687681284, "dropout_rate": 0.38084268658805975, "epochs": 99.80213161314023, "hidden_channels": 125.65682282766912, "learning_rate": 0.1, "optimizer": 0.0, "pooling_algorithm": 1.0}, "datetime": {"datetime": "2023-11-30 09:56:26", "elapsed": 137.527985, "delta": 1.965477}}
{"target": 0.40714285714285714, "params": {"activation_function": 0.3633548564589646, "amount_of_layers": 8.709082211570124, "batch_size": 60.29453559709682, "dropout_rate": 0.3866771848223967, "epochs": 142.56508551670396, "hidden_channels": 74.57274537265975, "learning_rate": 0.07538312151838873, "optimizer": 1.5578781694366486, "pooling_algorithm": 0.2168885753266666}, "datetime": {"datetime": "2023-11-30 09:56:33", "elapsed": 144.736559, "delta": 7.208574}}
{"target": 0.6785714285714286, "params": {"activation_function": 1.1315049677010631, "amount_of_layers": 5.416735484623667, "batch_size": 50.39265867092121, "dropout_rate": 0.6591629536997897, "epochs": 183.3092829502548, "hidden_channels": 65.04518079174824, "learning_rate": 0.029428090440521068, "optimizer": 1.163634808339412, "pooling_algorithm": 0.738672641277672}, "datetime": {"datetime": "2023-11-30 09:56:40", "elapsed": 151.468828, "delta": 6.732269}}
{"target": 0.9035714285714286, "params": {"activation_function": 0.0, "amount_of_layers": 1.0, "batch_size": 63.68086637199684, "dropout_rate": 0.75, "epochs": 199.71832684092078, "hidden_channels": 40.08803813405585, "learning_rate": 0.001, "optimizer": 2.0, "pooling_algorithm": 1.0}, "datetime": {"datetime": "2023-11-30 09:56:43", "elapsed": 155.040888, "delta": 3.57206}}
{"target": 0.8910714285714285, "params": {"activation_function": 2.0, "amount_of_layers": 1.0, "batch_size": 52.08959659992647, "dropout_rate": 0.25, "epochs": 179.86130050666628, "hidden_channels": 32.642752590296126, "learning_rate": 0.001, "optimizer": 0.0, "pooling_algorithm": 1.0}, "datetime": {"datetime": "2023-11-30 09:56:46", "elapsed": 158.182293, "delta": 3.141405}}
{"target": 0.8892857142857142, "params": {"activation_function": 2.0, "amount_of_layers": 9.0, "batch_size": 131.91633532626403, "dropout_rate": 0.75, "epochs": 10.0, "hidden_channels": 67.590509433267, "learning_rate": 0.001, "optimizer": 0.0, "pooling_algorithm": 1.0}, "datetime": {"datetime": "2023-11-30 09:56:47", "elapsed": 158.868744, "delta": 0.686451}}
{"target": 0.5, "params": {"activation_function": 1.5966452744059676, "amount_of_layers": 5.230177092322064, "batch_size": 149.30911929040656, "dropout_rate": 0.5365291042047509, "epochs": 104.24824673208305, "hidden_channels": 111.25002838575789, "learning_rate": 0.06785353232118706, "optimizer": 0.7355907406208573, "pooling_algorithm": 0.6230921140676571}, "datetime": {"datetime": "2023-11-30 09:56:51", "elapsed": 162.862722, "delta": 3.993978}}
{"target": 0.3642857142857143, "params": {"activation_function": 0.06521586626766429, "amount_of_layers": 1.9806165062749672, "batch_size": 123.3277080656216, "dropout_rate": 0.7053145581426611, "epochs": 84.35862685565617, "hidden_channels": 116.54126201213535, "learning_rate": 0.04750855585858224, "optimizer": 1.6064027825476601, "pooling_algorithm": 0.8180498438754874}, "datetime": {"datetime": "2023-11-30 09:56:53", "elapsed": 165.208041, "delta": 2.345319}}
