{"target": 0.7339285714285715, "params": {"activation_function": 1.9426082556418196, "amount_of_layers": 6.804315971290494, "batch_size": 130.918202997989, "dropout_rate": 0.4398820549492562, "epochs": 110.47885047978143, "hidden_channels": 40.673225366046275, "learning_rate": 0.054794390757983445, "optimizer": 1.5519465686304628, "pooling_algorithm": 0.12351811706660898}, "datetime": {"datetime": "2023-11-30 10:31:02", "elapsed": 104.823141, "delta": 2.696716}}
{"target": 0.8035714285714286, "params": {"activation_function": 1.5844447245776054, "amount_of_layers": 8.992938368057988, "batch_size": 96.72797986009574, "dropout_rate": 0.4186120732041657, "epochs": 82.60440455998753, "hidden_channels": 66.02142949404575, "learning_rate": 0.09433836392211652, "optimizer": 0.46082448696082356, "pooling_algorithm": 0.2128271683808758}, "datetime": {"datetime": "2023-11-30 10:31:04", "elapsed": 107.208855, "delta": 2.385714}}
{"target": 0.26071428571428573, "params": {"activation_function": 0.7895040119183601, "amount_of_layers": 3.0041480449082645, "batch_size": 99.10235209456022, "dropout_rate": 0.41269512363329963, "epochs": 142.89199151620866, "hidden_channels": 65.35604112066474, "learning_rate": 0.046596208986832977, "optimizer": 0.5037236937864071, "pooling_algorithm": 0.09759660592117969}, "datetime": {"datetime": "2023-11-30 10:31:07", "elapsed": 109.859744, "delta": 2.650889}}
{"target": 0.9, "params": {"activation_function": 1.4730611975657466, "amount_of_layers": 2.419764999871173, "batch_size": 92.90877395589467, "dropout_rate": 0.2785347667966448, "epochs": 173.07231690125388, "hidden_channels": 37.05547674254511, "learning_rate": 0.059471603613241726, "optimizer": 0.3127344237881313, "pooling_algorithm": 0.7769592978672654}, "datetime": {"datetime": "2023-11-30 10:31:09", "elapsed": 112.528549, "delta": 2.668805}}
{"target": 0.7446428571428572, "params": {"activation_function": 0.6633188795498639, "amount_of_layers": 6.285114533353088, "batch_size": 102.880659671246, "dropout_rate": 0.6913195084703072, "epochs": 135.98838636443259, "hidden_channels": 91.78789469389612, "learning_rate": 0.0639640310083797, "optimizer": 0.16039719381266515, "pooling_algorithm": 0.38071944089459886}, "datetime": {"datetime": "2023-11-30 10:31:13", "elapsed": 115.768781, "delta": 3.240232}}
{"target": 0.5, "params": {"activation_function": 0.21223740752180742, "amount_of_layers": 3.8548779846293257, "batch_size": 124.05592722968625, "dropout_rate": 0.5062015988787598, "epochs": 101.05173672990203, "hidden_channels": 12.407879987189968, "learning_rate": 0.07339105753782653, "optimizer": 1.2895763083612908, "pooling_algorithm": 0.3971752781378223}, "datetime": {"datetime": "2023-11-30 10:31:15", "elapsed": 117.802138, "delta": 2.033357}}
{"target": 0.5, "params": {"activation_function": 0.7306509090006255, "amount_of_layers": 8.972708695249075, "batch_size": 81.86324453857112, "dropout_rate": 0.574236346010853, "epochs": 107.63162921143869, "hidden_channels": 119.86548867235855, "learning_rate": 0.07916402746487722, "optimizer": 1.3255634624564263, "pooling_algorithm": 0.5629413328330755}, "datetime": {"datetime": "2023-11-30 10:31:18", "elapsed": 121.250165, "delta": 3.448027}}
{"target": 0.5, "params": {"activation_function": 1.0780897693341436, "amount_of_layers": 3.675460210503502, "batch_size": 62.65212522938081, "dropout_rate": 0.31255175377043143, "epochs": 75.0107827977233, "hidden_channels": 6.014219755924096, "learning_rate": 0.06407322377085412, "optimizer": 1.797505638401914, "pooling_algorithm": 0.9112379208111984}, "datetime": {"datetime": "2023-11-30 10:31:20", "elapsed": 123.147454, "delta": 1.897289}}
{"target": 0.5, "params": {"activation_function": 0.20295294322603086, "amount_of_layers": 2.914086289169174, "batch_size": 97.45972894858576, "dropout_rate": 0.6270606534558191, "epochs": 180.14611352257026, "hidden_channels": 66.16038683987998, "learning_rate": 0.0210556078156121, "optimizer": 1.7959726796226716, "pooling_algorithm": 0.9475687657213235}, "datetime": {"datetime": "2023-11-30 10:31:23", "elapsed": 126.299499, "delta": 3.152045}}
{"target": 0.7964285714285715, "params": {"activation_function": 1.3252643051966202, "amount_of_layers": 1.617030031563667, "batch_size": 26.100266524579105, "dropout_rate": 0.37873844310019783, "epochs": 19.87853513992343, "hidden_channels": 98.38204338167091, "learning_rate": 0.007132878544979054, "optimizer": 0.6569333825504826, "pooling_algorithm": 0.43099347090363727}, "datetime": {"datetime": "2023-11-30 10:31:24", "elapsed": 127.17436, "delta": 0.874861}}
{"target": 0.8714285714285714, "params": {"activation_function": 1.5815051112137006, "amount_of_layers": 7.701563242611742, "batch_size": 124.48213821263555, "dropout_rate": 0.6912061272321602, "epochs": 40.06881145062471, "hidden_channels": 66.73729223720434, "learning_rate": 0.0499913259230638, "optimizer": 0.46183934492020495, "pooling_algorithm": 0.9024730414020579}, "datetime": {"datetime": "2023-11-30 10:31:25", "elapsed": 128.370496, "delta": 1.196136}}
{"target": 0.5, "params": {"activation_function": 0.4788252021998667, "amount_of_layers": 8.561047074189009, "batch_size": 147.82043855566798, "dropout_rate": 0.6520213395246787, "epochs": 151.49530137906356, "hidden_channels": 77.71735995470861, "learning_rate": 0.023674204869566458, "optimizer": 1.5410800223968506, "pooling_algorithm": 0.09073779415509486}, "datetime": {"datetime": "2023-11-30 10:31:30", "elapsed": 133.120403, "delta": 4.749907}}
{"target": 0.9160714285714285, "params": {"activation_function": 0.1997577636672636, "amount_of_layers": 8.798362935207809, "batch_size": 71.93309061606668, "dropout_rate": 0.6699631685175159, "epochs": 163.20075353459075, "hidden_channels": 89.95496235629453, "learning_rate": 0.00942154126739135, "optimizer": 1.0453344475764716, "pooling_algorithm": 0.7701863036746435}, "datetime": {"datetime": "2023-11-30 10:31:36", "elapsed": 139.365277, "delta": 6.244874}}
{"target": 0.8696428571428572, "params": {"activation_function": 0.08482264744423529, "amount_of_layers": 1.1944093418691581, "batch_size": 108.62960325175166, "dropout_rate": 0.4582639035576176, "epochs": 15.374044519872186, "hidden_channels": 50.0724643968313, "learning_rate": 0.0743848566936774, "optimizer": 1.2114334385915677, "pooling_algorithm": 0.7935819649833218}, "datetime": {"datetime": "2023-11-30 10:31:37", "elapsed": 139.702956, "delta": 0.337679}}
{"target": 0.5, "params": {"activation_function": 0.477446844412571, "amount_of_layers": 5.094731139914115, "batch_size": 85.61603263803921, "dropout_rate": 0.5017083476248608, "epochs": 33.2395762924059, "hidden_channels": 71.44245864867229, "learning_rate": 0.06146925208886813, "optimizer": 1.8932459631717267, "pooling_algorithm": 0.9359010342225943}, "datetime": {"datetime": "2023-11-30 10:31:37", "elapsed": 140.531786, "delta": 0.82883}}
{"target": 0.9071428571428571, "params": {"activation_function": 1.0489297169943212, "amount_of_layers": 7.861573307686688, "batch_size": 35.91147719791107, "dropout_rate": 0.2555565670896151, "epochs": 53.99517149998366, "hidden_channels": 62.349017840300995, "learning_rate": 0.0026036828201895365, "optimizer": 0.9615180402956407, "pooling_algorithm": 0.533854055657738}, "datetime": {"datetime": "2023-11-30 10:31:40", "elapsed": 143.519151, "delta": 2.987365}}
{"target": 0.5, "params": {"activation_function": 0.14341336406451943, "amount_of_layers": 8.685007519902678, "batch_size": 74.79892522034524, "dropout_rate": 0.466959720410479, "epochs": 186.66259398470174, "hidden_channels": 77.92929105120103, "learning_rate": 0.09076842067886955, "optimizer": 1.591256605609305, "pooling_algorithm": 0.055957314274388326}, "datetime": {"datetime": "2023-11-30 10:31:46", "elapsed": 148.771953, "delta": 5.252802}}
{"target": 0.7357142857142857, "params": {"activation_function": 1.2925278983088435, "amount_of_layers": 4.108871301680235, "batch_size": 77.11337238231242, "dropout_rate": 0.6834256606804616, "epochs": 33.08309778702915, "hidden_channels": 5.482396020244409, "learning_rate": 0.03613669911242112, "optimizer": 0.778958995072744, "pooling_algorithm": 0.14712431173640284}, "datetime": {"datetime": "2023-11-30 10:31:47", "elapsed": 149.533159, "delta": 0.761206}}
{"target": 0.6160714285714285, "params": {"activation_function": 1.6194858330916864, "amount_of_layers": 6.946569227764575, "batch_size": 43.37475610659202, "dropout_rate": 0.5219578561364184, "epochs": 185.28679332704417, "hidden_channels": 65.95448216889736, "learning_rate": 0.017655398482061886, "optimizer": 0.9539321416242426, "pooling_algorithm": 0.005629095358544167}, "datetime": {"datetime": "2023-11-30 10:31:54", "elapsed": 157.046575, "delta": 7.513416}}
{"target": 0.7392857142857143, "params": {"activation_function": 1.171320493351803, "amount_of_layers": 1.8393903744932842, "batch_size": 83.05530991115475, "dropout_rate": 0.5390388464769742, "epochs": 23.05956605834961, "hidden_channels": 35.36154301326701, "learning_rate": 0.08243329567335438, "optimizer": 1.0063261358839333, "pooling_algorithm": 0.3317560059485628}, "datetime": {"datetime": "2023-11-30 10:31:55", "elapsed": 157.55907, "delta": 0.512495}}
{"target": 0.5, "params": {"activation_function": 1.0447830200273298, "amount_of_layers": 3.399170735857565, "batch_size": 16.337594596930163, "dropout_rate": 0.3798321152952599, "epochs": 10.974904640348798, "hidden_channels": 65.3942342637795, "learning_rate": 0.040058766533532346, "optimizer": 1.5634551635686318, "pooling_algorithm": 0.8226835526742717}, "datetime": {"datetime": "2023-11-30 10:31:55", "elapsed": 158.373906, "delta": 0.814836}}
{"target": 0.5, "params": {"activation_function": 1.400471879425582, "amount_of_layers": 4.292054359027287, "batch_size": 89.28877950255048, "dropout_rate": 0.5529546143187503, "epochs": 187.60101757695966, "hidden_channels": 102.97313392646824, "learning_rate": 0.054398836142600125, "optimizer": 0.6928316543240653, "pooling_algorithm": 0.7706050482588537}, "datetime": {"datetime": "2023-11-30 10:31:59", "elapsed": 162.231805, "delta": 3.857899}}
{"target": 0.8250000000000001, "params": {"activation_function": 0.23795280485181536, "amount_of_layers": 3.6109187464963535, "batch_size": 122.49639406665433, "dropout_rate": 0.5793724702400489, "epochs": 99.92068342953421, "hidden_channels": 76.02584134645126, "learning_rate": 0.07134395317944014, "optimizer": 0.0019038363993433283, "pooling_algorithm": 0.4323676442917672}, "datetime": {"datetime": "2023-11-30 10:32:01", "elapsed": 164.267497, "delta": 2.035692}}
{"target": 0.5, "params": {"activation_function": 0.4839783084245557, "amount_of_layers": 1.2327370796948403, "batch_size": 68.5107019725299, "dropout_rate": 0.4934403530912913, "epochs": 129.1710021892328, "hidden_channels": 111.53084594817065, "learning_rate": 0.06858171347716922, "optimizer": 0.5702682536454267, "pooling_algorithm": 0.7008265288032526}, "datetime": {"datetime": "2023-11-30 10:32:04", "elapsed": 166.681306, "delta": 2.413809}}
{"target": 0.5, "params": {"activation_function": 0.9861217494647732, "amount_of_layers": 5.837743623568458, "batch_size": 57.69599067185523, "dropout_rate": 0.63975483678551, "epochs": 140.26825789390938, "hidden_channels": 16.69010398919029, "learning_rate": 0.04824170151037106, "optimizer": 1.9805011033606175, "pooling_algorithm": 0.9527237206757135}, "datetime": {"datetime": "2023-11-30 10:32:08", "elapsed": 170.775201, "delta": 4.093895}}
{"target": 0.5, "params": {"activation_function": 1.1301577258999482, "amount_of_layers": 6.628560143144749, "batch_size": 47.00688196337014, "dropout_rate": 0.458211546219437, "epochs": 174.41408469369873, "hidden_channels": 47.297532346134794, "learning_rate": 0.08397380791278947, "optimizer": 1.7912696948716764, "pooling_algorithm": 0.7454836247631083}, "datetime": {"datetime": "2023-11-30 10:32:15", "elapsed": 177.687871, "delta": 6.91267}}
{"target": 0.6714285714285715, "params": {"activation_function": 0.5764017204734702, "amount_of_layers": 6.522367605111472, "batch_size": 53.96263553969263, "dropout_rate": 0.4548815812729052, "epochs": 83.91167475429529, "hidden_channels": 97.86240618257301, "learning_rate": 0.04934580225890525, "optimizer": 1.3534723221116587, "pooling_algorithm": 0.4859108659969801}, "datetime": {"datetime": "2023-11-30 10:32:18", "elapsed": 180.570945, "delta": 2.883074}}
{"target": 0.8, "params": {"activation_function": 1.7768409038069402, "amount_of_layers": 6.621776365121423, "batch_size": 109.81130005682206, "dropout_rate": 0.5050245564882084, "epochs": 22.78794676420326, "hidden_channels": 44.14862094310553, "learning_rate": 0.009927020807234996, "optimizer": 0.29317555859013567, "pooling_algorithm": 0.3123698356737663}, "datetime": {"datetime": "2023-11-30 10:32:18", "elapsed": 181.23944, "delta": 0.668495}}
{"target": 0.8357142857142857, "params": {"activation_function": 0.2719404100609182, "amount_of_layers": 1.3946942434249507, "batch_size": 112.40422334069318, "dropout_rate": 0.6541061688024881, "epochs": 118.25121318597554, "hidden_channels": 103.45701616156697, "learning_rate": 0.023800303432672268, "optimizer": 1.3560474214885176, "pooling_algorithm": 0.7104613767334561}, "datetime": {"datetime": "2023-11-30 10:32:20", "elapsed": 183.027109, "delta": 1.787669}}
{"target": 0.7375, "params": {"activation_function": 1.6683626224952222, "amount_of_layers": 8.58136254707764, "batch_size": 51.0400644616927, "dropout_rate": 0.266525857826906, "epochs": 46.82206153177446, "hidden_channels": 25.305576514034772, "learning_rate": 0.0859172455768225, "optimizer": 1.139120120228963, "pooling_algorithm": 0.443318625165127}, "datetime": {"datetime": "2023-11-30 10:32:22", "elapsed": 184.927267, "delta": 1.900158}}
{"target": 0.2625, "params": {"activation_function": 1.1721655728373612, "amount_of_layers": 2.3108618468924664, "batch_size": 21.957746271742934, "dropout_rate": 0.7309208549155283, "epochs": 18.81807169497428, "hidden_channels": 54.40791820737158, "learning_rate": 0.07881064990713975, "optimizer": 0.6107117035168919, "pooling_algorithm": 0.02184545355980172}, "datetime": {"datetime": "2023-11-30 10:32:23", "elapsed": 185.842548, "delta": 0.915281}}
{"target": 0.5, "params": {"activation_function": 0.7847943340231822, "amount_of_layers": 2.3049692414994514, "batch_size": 19.074090331511485, "dropout_rate": 0.5990826756899819, "epochs": 51.93114991290651, "hidden_channels": 20.10066736059577, "learning_rate": 0.08126244600399836, "optimizer": 0.5357740500610344, "pooling_algorithm": 0.6113807307855041}, "datetime": {"datetime": "2023-11-30 10:32:25", "elapsed": 188.190904, "delta": 2.348356}}
{"target": 0.7392857142857142, "params": {"activation_function": 0.9323658851545513, "amount_of_layers": 5.263070976338525, "batch_size": 106.28109406207658, "dropout_rate": 0.6183404869119591, "epochs": 99.9297525217265, "hidden_channels": 77.40533162860159, "learning_rate": 0.0321399419399151, "optimizer": 1.2767437768329817, "pooling_algorithm": 0.44302650540794064}, "datetime": {"datetime": "2023-11-30 10:32:27", "elapsed": 190.444048, "delta": 2.253144}}
{"target": 0.2642857142857143, "params": {"activation_function": 0.756406536144119, "amount_of_layers": 2.3053493731851376, "batch_size": 105.76523451732436, "dropout_rate": 0.7262147521917726, "epochs": 69.30056278990969, "hidden_channels": 56.974843923190896, "learning_rate": 0.05962705147087875, "optimizer": 1.1271042394020054, "pooling_algorithm": 0.4445859861964868}, "datetime": {"datetime": "2023-11-30 10:32:29", "elapsed": 191.673995, "delta": 1.229947}}
{"target": 0.475, "params": {"activation_function": 1.4550463210255886, "amount_of_layers": 1.9298723551693824, "batch_size": 115.48439932214583, "dropout_rate": 0.4462252108444375, "epochs": 105.35143449746748, "hidden_channels": 5.285261306279202, "learning_rate": 0.04413067228302778, "optimizer": 0.15929856000184484, "pooling_algorithm": 0.24475104204005893}, "datetime": {"datetime": "2023-11-30 10:32:30", "elapsed": 193.481307, "delta": 1.807312}}
{"target": 0.7392857142857142, "params": {"activation_function": 0.8709030502240813, "amount_of_layers": 5.982815297267961, "batch_size": 109.82194368006934, "dropout_rate": 0.39224314355135065, "epochs": 80.06439662174141, "hidden_channels": 122.05389516267061, "learning_rate": 0.016854860356048735, "optimizer": 0.30183161146267423, "pooling_algorithm": 0.4555751373910919}, "datetime": {"datetime": "2023-11-30 10:32:33", "elapsed": 195.686208, "delta": 2.204901}}
{"target": 0.5, "params": {"activation_function": 0.6581224584099261, "amount_of_layers": 4.867970628334148, "batch_size": 110.31926939424582, "dropout_rate": 0.3522516838088819, "epochs": 158.6088885262249, "hidden_channels": 101.12347110810711, "learning_rate": 0.06957101566819153, "optimizer": 1.427941499725267, "pooling_algorithm": 0.827472142469002}, "datetime": {"datetime": "2023-11-30 10:32:36", "elapsed": 199.334352, "delta": 3.648144}}
{"target": 0.5, "params": {"activation_function": 1.7371604101759113, "amount_of_layers": 4.177228074139462, "batch_size": 55.793359394169244, "dropout_rate": 0.5990963540852525, "epochs": 71.60930169440742, "hidden_channels": 61.271964056532816, "learning_rate": 0.07457258612291259, "optimizer": 1.3839312050358896, "pooling_algorithm": 0.7038236179718491}, "datetime": {"datetime": "2023-11-30 10:32:38", "elapsed": 201.224602, "delta": 1.89025}}
{"target": 0.8321428571428572, "params": {"activation_function": 0.075786794156391, "amount_of_layers": 3.3549344232589213, "batch_size": 72.5944289650817, "dropout_rate": 0.2865574120814398, "epochs": 180.6737210083436, "hidden_channels": 51.300546059564454, "learning_rate": 0.0032546356913537586, "optimizer": 0.9366009033704596, "pooling_algorithm": 0.3312412972536136}, "datetime": {"datetime": "2023-11-30 10:32:42", "elapsed": 205.461033, "delta": 4.236431}}
{"target": 0.5, "params": {"activation_function": 0.6884814187283943, "amount_of_layers": 7.6003048684658046, "batch_size": 53.88964609027883, "dropout_rate": 0.2659570303956819, "epochs": 139.2056223125189, "hidden_channels": 66.74227675042047, "learning_rate": 0.08499789249599929, "optimizer": 1.5736229694885584, "pooling_algorithm": 0.7407318614169797}, "datetime": {"datetime": "2023-11-30 10:32:47", "elapsed": 210.204591, "delta": 4.743558}}
{"target": 0.26249999999999996, "params": {"activation_function": 1.5562949516311348, "amount_of_layers": 7.310511434626634, "batch_size": 22.885211628105758, "dropout_rate": 0.5974158641570098, "epochs": 41.37107152340981, "hidden_channels": 20.425174206380735, "learning_rate": 0.0552558490193014, "optimizer": 0.6309473610712293, "pooling_algorithm": 0.1275686839150928}, "datetime": {"datetime": "2023-11-30 10:32:50", "elapsed": 213.133828, "delta": 2.929237}}
{"target": 0.8660714285714286, "params": {"activation_function": 1.990714670987879, "amount_of_layers": 8.509326620675804, "batch_size": 137.73595966176663, "dropout_rate": 0.31130464884196074, "epochs": 144.35586835763738, "hidden_channels": 122.59758946944233, "learning_rate": 0.019325371025134007, "optimizer": 1.164187996951489, "pooling_algorithm": 0.6937831757999934}, "datetime": {"datetime": "2023-11-30 10:32:55", "elapsed": 218.24178, "delta": 5.107952}}
{"target": 0.5, "params": {"activation_function": 1.6120207801238478, "amount_of_layers": 2.5628251414641445, "batch_size": 66.84292965030481, "dropout_rate": 0.6770194128361302, "epochs": 33.41087573037584, "hidden_channels": 123.9446344673165, "learning_rate": 0.04423656766997874, "optimizer": 0.8671251456094853, "pooling_algorithm": 0.6930767805728347}, "datetime": {"datetime": "2023-11-30 10:32:56", "elapsed": 219.16438, "delta": 0.9226}}
{"target": 0.8285714285714285, "params": {"activation_function": 0.33332579278786945, "amount_of_layers": 7.882599011787536, "batch_size": 120.47751071319674, "dropout_rate": 0.5242303628236629, "epochs": 144.85532305889978, "hidden_channels": 75.30023224530615, "learning_rate": 0.019183305499855422, "optimizer": 0.9092203236401164, "pooling_algorithm": 0.5809181969235597}, "datetime": {"datetime": "2023-11-30 10:33:00", "elapsed": 223.18383, "delta": 4.01945}}
{"target": 0.5, "params": {"activation_function": 1.8008633056886207, "amount_of_layers": 1.6725658453741916, "batch_size": 90.85004455744722, "dropout_rate": 0.3165392869983599, "epochs": 79.12553489915253, "hidden_channels": 121.58555642785404, "learning_rate": 0.06823303009913821, "optimizer": 0.6751234005458548, "pooling_algorithm": 0.6042559998294587}, "datetime": {"datetime": "2023-11-30 10:33:02", "elapsed": 224.623477, "delta": 1.439647}}
{"target": 0.2678571428571429, "params": {"activation_function": 1.2310671604796382, "amount_of_layers": 3.238465642835199, "batch_size": 68.95374565027873, "dropout_rate": 0.6659610039446671, "epochs": 61.35449615401105, "hidden_channels": 61.89448842616646, "learning_rate": 0.06798107881842755, "optimizer": 1.2844501870022864, "pooling_algorithm": 0.44672857451578063}, "datetime": {"datetime": "2023-11-30 10:33:03", "elapsed": 226.194361, "delta": 1.570884}}
{"target": 0.30714285714285716, "params": {"activation_function": 0.9750307919116392, "amount_of_layers": 4.161171263369354, "batch_size": 52.264385834503805, "dropout_rate": 0.4192851870895686, "epochs": 154.72934413813644, "hidden_channels": 60.8999292927944, "learning_rate": 0.0029558268094167636, "optimizer": 0.5140595723315895, "pooling_algorithm": 0.1377292455721798}, "datetime": {"datetime": "2023-11-30 10:33:07", "elapsed": 230.209582, "delta": 4.015221}}
{"target": 0.5, "params": {"activation_function": 0.101011894445864, "amount_of_layers": 8.11325059681731, "batch_size": 120.2851190942692, "dropout_rate": 0.6717920633401822, "epochs": 121.00756731850487, "hidden_channels": 40.15721810887899, "learning_rate": 0.0904305331023767, "optimizer": 1.149170074641757, "pooling_algorithm": 0.2703573518652418}, "datetime": {"datetime": "2023-11-30 10:33:10", "elapsed": 233.439635, "delta": 3.230053}}
