{"target": 0.2642857142857143, "params": {"activation_function": 1.7496451030888005, "amount_of_layers": 5.107954331066358, "batch_size": 147.565648104016, "dropout_rate": 0.6522619821594398, "epochs": 101.15738188229479, "hidden_channels": 128.0, "learning_rate": 0.01, "optimizer": 1.1948413030918887, "pooling_algorithm": 0.4445978943574348}, "datetime": {"datetime": "2023-11-29 13:24:07", "elapsed": 175.07694, "delta": 2.774079}}
{"target": 0.7321428571428571, "params": {"activation_function": 1.205016133729179, "amount_of_layers": 8.265766682729968, "batch_size": 30.551591952131268, "dropout_rate": 0.6912811684517931, "epochs": 57.578991292655296, "hidden_channels": 128.0, "learning_rate": 0.01, "optimizer": 0.27633700201536104, "pooling_algorithm": 0.24506696328003474}, "datetime": {"datetime": "2023-11-29 13:24:10", "elapsed": 178.216455, "delta": 3.139515}}
{"target": 0.8178571428571428, "params": {"activation_function": 1.5296253206534298, "amount_of_layers": 5.794091528338101, "batch_size": 33.228458240717885, "dropout_rate": 0.44651093723505025, "epochs": 58.45109491553261, "hidden_channels": 128.0, "learning_rate": 0.01, "optimizer": 0.6764469954657504, "pooling_algorithm": 0.2861132936512475}, "datetime": {"datetime": "2023-11-29 13:24:13", "elapsed": 180.957598, "delta": 2.741143}}
{"target": 0.5392857142857143, "params": {"activation_function": 0.9336197301852784, "amount_of_layers": 6.670569737843423, "batch_size": 31.574036470784076, "dropout_rate": 0.3421609461239874, "epochs": 57.95430263822351, "hidden_channels": 128.0, "learning_rate": 0.01, "optimizer": 1.8078872114812208, "pooling_algorithm": 0.9104079589691972}, "datetime": {"datetime": "2023-11-29 13:24:16", "elapsed": 183.841787, "delta": 2.884189}}
{"target": 0.9071428571428571, "params": {"activation_function": 0.3426308085460459, "amount_of_layers": 8.665835689678325, "batch_size": 32.14540704459495, "dropout_rate": 0.3620876894938276, "epochs": 60.584607850129125, "hidden_channels": 128.0, "learning_rate": 0.01, "optimizer": 0.12297187762901829, "pooling_algorithm": 0.5505530011907711}, "datetime": {"datetime": "2023-11-29 13:24:20", "elapsed": 187.358394, "delta": 3.516607}}
{"target": 0.817857142857143, "params": {"activation_function": 0.0, "amount_of_layers": 9.0, "batch_size": 19.983612093608023, "dropout_rate": 0.6003012238176229, "epochs": 77.05857200320303, "hidden_channels": 128.0, "learning_rate": 0.01, "optimizer": 0.0, "pooling_algorithm": 0.08659738628644931}, "datetime": {"datetime": "2023-11-29 13:24:26", "elapsed": 193.939359, "delta": 6.580965}}
{"target": 0.9071428571428571, "params": {"activation_function": 1.66258314447308, "amount_of_layers": 6.642123519060371, "batch_size": 36.26089169612804, "dropout_rate": 0.6567641661416628, "epochs": 58.63421326703564, "hidden_channels": 128.0, "learning_rate": 0.01, "optimizer": 0.42157178386878513, "pooling_algorithm": 0.5318654041095552}, "datetime": {"datetime": "2023-11-29 13:24:29", "elapsed": 196.809129, "delta": 2.86977}}
{"target": 0.5732142857142857, "params": {"activation_function": 1.5260411519799546, "amount_of_layers": 7.425460746308543, "batch_size": 25.758860202378926, "dropout_rate": 0.38262696072524677, "epochs": 57.88610509857577, "hidden_channels": 128.0, "learning_rate": 0.01, "optimizer": 0.5604339737029309, "pooling_algorithm": 0.7605313366097428}, "datetime": {"datetime": "2023-11-29 13:24:33", "elapsed": 200.292097, "delta": 3.482968}}
{"target": 0.8071428571428572, "params": {"activation_function": 0.48615000487604565, "amount_of_layers": 6.734970012399244, "batch_size": 29.870102211158333, "dropout_rate": 0.3680596033674165, "epochs": 59.18476803004127, "hidden_channels": 128.0, "learning_rate": 0.01, "optimizer": 0.2747352961600067, "pooling_algorithm": 0.3577021625283485}, "datetime": {"datetime": "2023-11-29 13:24:35", "elapsed": 203.195734, "delta": 2.903637}}
{"target": 0.26071428571428573, "params": {"activation_function": 0.698718084139595, "amount_of_layers": 6.423669936034467, "batch_size": 148.94947518462612, "dropout_rate": 0.2597882205578327, "epochs": 100.0604932849498, "hidden_channels": 128.0, "learning_rate": 0.01, "optimizer": 0.0619576321180626, "pooling_algorithm": 0.2730241630703054}, "datetime": {"datetime": "2023-11-29 13:24:38", "elapsed": 206.118814, "delta": 2.92308}}
{"target": 0.9071428571428571, "params": {"activation_function": 0.15931796304085033, "amount_of_layers": 7.992948945183391, "batch_size": 31.023193434509317, "dropout_rate": 0.6771229131322318, "epochs": 61.247798407435795, "hidden_channels": 128.0, "learning_rate": 0.01, "optimizer": 0.08399690120367187, "pooling_algorithm": 0.8289878904997182}, "datetime": {"datetime": "2023-11-29 13:24:42", "elapsed": 209.366279, "delta": 3.247465}}
{"target": 0.8, "params": {"activation_function": 1.581893898016443, "amount_of_layers": 5.068264725204744, "batch_size": 31.536289690656872, "dropout_rate": 0.6477941344521146, "epochs": 57.57417642993788, "hidden_channels": 128.0, "learning_rate": 0.01, "optimizer": 0.07713140014510222, "pooling_algorithm": 0.026418871918423736}, "datetime": {"datetime": "2023-11-29 13:24:44", "elapsed": 211.882424, "delta": 2.516145}}
{"target": 0.8321428571428572, "params": {"activation_function": 0.4487285969228396, "amount_of_layers": 8.91580089894716, "batch_size": 32.64012926736437, "dropout_rate": 0.6231298325373258, "epochs": 59.866397360713314, "hidden_channels": 128.0, "learning_rate": 0.01, "optimizer": 1.446140523499458, "pooling_algorithm": 0.2774958126085678}, "datetime": {"datetime": "2023-11-29 13:24:48", "elapsed": 215.489428, "delta": 3.607004}}
{"target": 0.7339285714285714, "params": {"activation_function": 1.0975939622317297, "amount_of_layers": 7.700607806757334, "batch_size": 32.203313663544655, "dropout_rate": 0.75, "epochs": 59.70639989962321, "hidden_channels": 128.0, "learning_rate": 0.01, "optimizer": 0.0, "pooling_algorithm": 0.006222235417312682}, "datetime": {"datetime": "2023-11-29 13:24:51", "elapsed": 218.913279, "delta": 3.423851}}
{"target": 0.5, "params": {"activation_function": 0.4764232836178852, "amount_of_layers": 8.285331483697703, "batch_size": 18.96171866183612, "dropout_rate": 0.31965374265060975, "epochs": 75.3879933222542, "hidden_channels": 128.0, "learning_rate": 0.01, "optimizer": 0.9127600691818956, "pooling_algorithm": 0.326165675415631}, "datetime": {"datetime": "2023-11-29 13:24:57", "elapsed": 224.993388, "delta": 6.080109}}
{"target": 0.7446428571428572, "params": {"activation_function": 0.05732437514789002, "amount_of_layers": 7.628133033862181, "batch_size": 147.96272938635337, "dropout_rate": 0.7432104192195468, "epochs": 102.14806875376573, "hidden_channels": 128.0, "learning_rate": 0.01, "optimizer": 1.016047730941199, "pooling_algorithm": 0.4096554463030273}, "datetime": {"datetime": "2023-11-29 13:25:01", "elapsed": 228.391132, "delta": 3.397744}}
{"target": 0.35, "params": {"activation_function": 1.3038214086239317, "amount_of_layers": 8.555312587020975, "batch_size": 20.97730973896567, "dropout_rate": 0.3496552267364495, "epochs": 76.81996280418201, "hidden_channels": 128.0, "learning_rate": 0.01, "optimizer": 1.3074844040615816, "pooling_algorithm": 0.594153616774096}, "datetime": {"datetime": "2023-11-29 13:25:07", "elapsed": 235.063252, "delta": 6.67212}}
{"target": 0.7392857142857142, "params": {"activation_function": 1.4602337644701537, "amount_of_layers": 8.3826920281236, "batch_size": 29.92866298046091, "dropout_rate": 0.602324607826544, "epochs": 61.72342748705007, "hidden_channels": 128.0, "learning_rate": 0.01, "optimizer": 0.09847905166441095, "pooling_algorithm": 0.04530740941129674}, "datetime": {"datetime": "2023-11-29 13:25:11", "elapsed": 238.374161, "delta": 3.310909}}
{"target": 0.9035714285714285, "params": {"activation_function": 0.39421868956849077, "amount_of_layers": 8.72697015258708, "batch_size": 30.72175167525716, "dropout_rate": 0.25, "epochs": 62.1675219373279, "hidden_channels": 128.0, "learning_rate": 0.01, "optimizer": 0.0833329175090958, "pooling_algorithm": 0.9499510737681199}, "datetime": {"datetime": "2023-11-29 13:25:14", "elapsed": 241.956429, "delta": 3.582268}}
{"target": 0.9142857142857144, "params": {"activation_function": 0.3441574434779022, "amount_of_layers": 7.16177065699789, "batch_size": 31.431470286719943, "dropout_rate": 0.5784436110767948, "epochs": 60.894118981924656, "hidden_channels": 128.0, "learning_rate": 0.01, "optimizer": 1.298827297273933, "pooling_algorithm": 0.7653052922024635}, "datetime": {"datetime": "2023-11-29 13:25:17", "elapsed": 244.999544, "delta": 3.043115}}
{"target": 0.3142857142857143, "params": {"activation_function": 1.2376623677843686, "amount_of_layers": 8.801112148203762, "batch_size": 31.164681552220806, "dropout_rate": 0.32864420520743115, "epochs": 61.862154132371614, "hidden_channels": 128.0, "learning_rate": 0.01, "optimizer": 1.0962001473892051, "pooling_algorithm": 0.5609603120531529}, "datetime": {"datetime": "2023-11-29 13:25:21", "elapsed": 248.614485, "delta": 3.614941}}
{"target": 0.7339285714285714, "params": {"activation_function": 0.5392656671787484, "amount_of_layers": 8.911227359087455, "batch_size": 33.34014695541947, "dropout_rate": 0.5721266269104682, "epochs": 60.71616821870065, "hidden_channels": 128.0, "learning_rate": 0.01, "optimizer": 0.0845562854864057, "pooling_algorithm": 0.35805197947771694}, "datetime": {"datetime": "2023-11-29 13:25:24", "elapsed": 252.159586, "delta": 3.545101}}
{"target": 0.26071428571428573, "params": {"activation_function": 1.2675231902942943, "amount_of_layers": 5.617483408215845, "batch_size": 35.72055909887426, "dropout_rate": 0.49326051960379896, "epochs": 56.869267929596255, "hidden_channels": 128.0, "learning_rate": 0.01, "optimizer": 0.19913915998956688, "pooling_algorithm": 0.37426249188403915}, "datetime": {"datetime": "2023-11-29 13:25:27", "elapsed": 254.844531, "delta": 2.684945}}
{"target": 0.5392857142857143, "params": {"activation_function": 0.9305286851417227, "amount_of_layers": 7.350857356389361, "batch_size": 32.34692080348273, "dropout_rate": 0.4980919261683138, "epochs": 54.41052916203387, "hidden_channels": 128.0, "learning_rate": 0.01, "optimizer": 0.5709499934467517, "pooling_algorithm": 0.9624940509453865}, "datetime": {"datetime": "2023-11-29 13:25:30", "elapsed": 257.604273, "delta": 2.759742}}
{"target": 0.775, "params": {"activation_function": 0.44967834257192396, "amount_of_layers": 8.966330787718565, "batch_size": 31.41047652552345, "dropout_rate": 0.48544535894531377, "epochs": 59.5467655471309, "hidden_channels": 128.0, "learning_rate": 0.01, "optimizer": 0.9321435160206257, "pooling_algorithm": 0.2865248915846532}, "datetime": {"datetime": "2023-11-29 13:25:33", "elapsed": 261.251815, "delta": 3.647542}}
{"target": 0.7928571428571428, "params": {"activation_function": 1.7747747160263534, "amount_of_layers": 7.193594761412837, "batch_size": 36.041364721212844, "dropout_rate": 0.3441093235582732, "epochs": 57.627977406433466, "hidden_channels": 128.0, "learning_rate": 0.01, "optimizer": 0.24713041377003342, "pooling_algorithm": 0.3679383826578705}, "datetime": {"datetime": "2023-11-29 13:25:36", "elapsed": 264.112671, "delta": 2.860856}}
{"target": 0.2589285714285714, "params": {"activation_function": 0.8792535046207255, "amount_of_layers": 6.314624975282028, "batch_size": 31.557485878903375, "dropout_rate": 0.7400164987352255, "epochs": 60.683315657080726, "hidden_channels": 128.0, "learning_rate": 0.01, "optimizer": 1.2416375137824487, "pooling_algorithm": 0.11081137880949643}, "datetime": {"datetime": "2023-11-29 13:25:39", "elapsed": 267.043424, "delta": 2.930753}}
{"target": 0.25535714285714284, "params": {"activation_function": 0.6234123315403219, "amount_of_layers": 6.307242514612457, "batch_size": 148.33437173605554, "dropout_rate": 0.6715762488044235, "epochs": 104.00785666104548, "hidden_channels": 128.0, "learning_rate": 0.01, "optimizer": 0.9790621376520019, "pooling_algorithm": 0.23514194912833275}, "datetime": {"datetime": "2023-11-29 13:25:42", "elapsed": 270.10063, "delta": 3.057206}}
{"target": 0.7339285714285714, "params": {"activation_function": 1.2394353384678616, "amount_of_layers": 7.747430404070027, "batch_size": 33.856051969802465, "dropout_rate": 0.25671652942169015, "epochs": 58.06267674451542, "hidden_channels": 128.0, "learning_rate": 0.01, "optimizer": 0.41839609896595875, "pooling_algorithm": 0.2164017562946755}, "datetime": {"datetime": "2023-11-29 13:25:46", "elapsed": 273.324926, "delta": 3.224296}}
{"target": 0.36071428571428577, "params": {"activation_function": 1.826382527335497, "amount_of_layers": 1.4051685935200053, "batch_size": 21.943960889031842, "dropout_rate": 0.6929902595362396, "epochs": 10.35831249308461, "hidden_channels": 128.0, "learning_rate": 0.01, "optimizer": 0.015524861836800907, "pooling_algorithm": 0.14000985063330396}, "datetime": {"datetime": "2023-11-29 13:25:46", "elapsed": 273.777306, "delta": 0.45238}}
{"target": 0.125, "params": {"activation_function": 1.899358760460621, "amount_of_layers": 7.310097297462334, "batch_size": 102.96081212508216, "dropout_rate": 0.37485820815930476, "epochs": 171.90838654397174, "hidden_channels": 128.0, "learning_rate": 0.01, "optimizer": 0.8084437046532713, "pooling_algorithm": 0.8464720784992265}, "datetime": {"datetime": "2023-11-29 13:25:51", "elapsed": 278.754145, "delta": 4.976839}}
{"target": 0.8892857142857142, "params": {"activation_function": 1.6734777412397335, "amount_of_layers": 6.304644050466181, "batch_size": 32.47223801855243, "dropout_rate": 0.5576197961550395, "epochs": 58.11341614552756, "hidden_channels": 128.0, "learning_rate": 0.01, "optimizer": 0.6152688452082662, "pooling_algorithm": 0.6516928123451865}, "datetime": {"datetime": "2023-11-29 13:25:54", "elapsed": 281.518068, "delta": 2.763923}}
{"target": 0.8785714285714286, "params": {"activation_function": 0.24726795729286075, "amount_of_layers": 6.143483461290367, "batch_size": 149.50290328431979, "dropout_rate": 0.42283444109612434, "epochs": 102.34481478881328, "hidden_channels": 128.0, "learning_rate": 0.01, "optimizer": 1.0651630341490537, "pooling_algorithm": 0.8546250055541357}, "datetime": {"datetime": "2023-11-29 13:25:56", "elapsed": 283.808027, "delta": 2.289959}}
{"target": 0.682142857142857, "params": {"activation_function": 1.627365984057083, "amount_of_layers": 7.500932506379844, "batch_size": 32.06768016884928, "dropout_rate": 0.6818036526181795, "epochs": 58.266061709853126, "hidden_channels": 128.0, "learning_rate": 0.01, "optimizer": 0.391174038724583, "pooling_algorithm": 0.44224862921920105}, "datetime": {"datetime": "2023-11-29 13:25:59", "elapsed": 286.984027, "delta": 3.176}}
{"target": 0.425, "params": {"activation_function": 0.011571733378594296, "amount_of_layers": 7.533516300657391, "batch_size": 30.175626227606706, "dropout_rate": 0.6113110592854516, "epochs": 60.456191235948886, "hidden_channels": 128.0, "learning_rate": 0.01, "optimizer": 1.9004098179203297, "pooling_algorithm": 0.6503415263913059}, "datetime": {"datetime": "2023-11-29 13:26:03", "elapsed": 290.297041, "delta": 3.313014}}
{"target": 0.7357142857142857, "params": {"activation_function": 0.42412203655541325, "amount_of_layers": 8.464641245528384, "batch_size": 19.93599669831655, "dropout_rate": 0.2933706478938338, "epochs": 75.7191564257137, "hidden_channels": 128.0, "learning_rate": 0.01, "optimizer": 0.10498516933708979, "pooling_algorithm": 0.21867429683690287}, "datetime": {"datetime": "2023-11-29 13:26:08", "elapsed": 296.224508, "delta": 5.927467}}
{"target": 0.6178571428571429, "params": {"activation_function": 0.6418354195368348, "amount_of_layers": 6.1619864086207965, "batch_size": 32.38079036694802, "dropout_rate": 0.5078977573345999, "epochs": 59.10680900612192, "hidden_channels": 128.0, "learning_rate": 0.01, "optimizer": 0.8166291033513209, "pooling_algorithm": 0.902543853844286}, "datetime": {"datetime": "2023-11-29 13:26:11", "elapsed": 298.957519, "delta": 2.733011}}
{"target": 0.26071428571428573, "params": {"activation_function": 0.5011774245053393, "amount_of_layers": 6.827113859346924, "batch_size": 34.57758140545113, "dropout_rate": 0.49620071176413666, "epochs": 59.908904076810614, "hidden_channels": 128.0, "learning_rate": 0.01, "optimizer": 0.3936137809136051, "pooling_algorithm": 0.08013928165083495}, "datetime": {"datetime": "2023-11-29 13:26:14", "elapsed": 301.959869, "delta": 3.00235}}
{"target": 0.9, "params": {"activation_function": 0.7473149468895344, "amount_of_layers": 8.548857711143068, "batch_size": 149.9602771111117, "dropout_rate": 0.7458913234672405, "epochs": 99.22524625537616, "hidden_channels": 128.0, "learning_rate": 0.01, "optimizer": 0.1471698525874372, "pooling_algorithm": 0.5389015953615698}, "datetime": {"datetime": "2023-11-29 13:26:17", "elapsed": 304.671394, "delta": 2.711525}}
{"target": 0.5, "params": {"activation_function": 0.3078069373090262, "amount_of_layers": 7.590017365163118, "batch_size": 83.81844407902562, "dropout_rate": 0.6293252254240091, "epochs": 49.851459252951855, "hidden_channels": 128.0, "learning_rate": 0.01, "optimizer": 1.9786032810861558, "pooling_algorithm": 0.267336497974618}, "datetime": {"datetime": "2023-11-29 13:26:19", "elapsed": 306.293199, "delta": 1.621805}}
{"target": 0.2607142857142857, "params": {"activation_function": 1.0092760943467574, "amount_of_layers": 7.987429276101939, "batch_size": 33.12962915289814, "dropout_rate": 0.44607700424222774, "epochs": 59.161099483741936, "hidden_channels": 128.0, "learning_rate": 0.01, "optimizer": 1.5893015899391043, "pooling_algorithm": 0.23286593589936266}, "datetime": {"datetime": "2023-11-29 13:26:22", "elapsed": 309.574889, "delta": 3.28169}}
{"target": 0.5, "params": {"activation_function": 0.7576934042834822, "amount_of_layers": 8.246241311270389, "batch_size": 147.32665686760416, "dropout_rate": 0.5523166241661894, "epochs": 36.19391318564655, "hidden_channels": 128.0, "learning_rate": 0.01, "optimizer": 1.7453042055283448, "pooling_algorithm": 0.6734507623656435}, "datetime": {"datetime": "2023-11-29 13:26:23", "elapsed": 310.876304, "delta": 1.301415}}
{"target": 0.7464285714285714, "params": {"activation_function": 1.64337939931559, "amount_of_layers": 5.328974915543121, "batch_size": 32.32060862942336, "dropout_rate": 0.4910948711693607, "epochs": 57.943467294413566, "hidden_channels": 128.0, "learning_rate": 0.01, "optimizer": 0.5872826481146911, "pooling_algorithm": 0.8299982490708973}, "datetime": {"datetime": "2023-11-29 13:26:26", "elapsed": 313.425548, "delta": 2.549244}}
{"target": 0.2642857142857143, "params": {"activation_function": 0.6522640568718596, "amount_of_layers": 5.791791373587806, "batch_size": 49.079222753165496, "dropout_rate": 0.49370915935836085, "epochs": 68.56536430290399, "hidden_channels": 128.0, "learning_rate": 0.01, "optimizer": 0.5626672103784862, "pooling_algorithm": 0.07385599126161724}, "datetime": {"datetime": "2023-11-29 13:26:28", "elapsed": 316.264354, "delta": 2.838806}}
{"target": 0.9035714285714286, "params": {"activation_function": 1.2025685180882537, "amount_of_layers": 8.414882735351991, "batch_size": 127.97199307000483, "dropout_rate": 0.6128206509399308, "epochs": 41.709605762064896, "hidden_channels": 128.0, "learning_rate": 0.01, "optimizer": 0.4302727473263841, "pooling_algorithm": 0.5925833570221918}, "datetime": {"datetime": "2023-11-29 13:26:30", "elapsed": 317.751466, "delta": 1.487112}}
{"target": 0.9071428571428571, "params": {"activation_function": 0.013559608413964197, "amount_of_layers": 6.156917011587431, "batch_size": 26.81748575848613, "dropout_rate": 0.5244742191995599, "epochs": 64.0908265966157, "hidden_channels": 128.0, "learning_rate": 0.01, "optimizer": 0.011843250001382088, "pooling_algorithm": 0.5905033780322341}, "datetime": {"datetime": "2023-11-29 13:26:33", "elapsed": 321.102745, "delta": 3.351279}}
{"target": 0.2642857142857143, "params": {"activation_function": 1.3445465833204662, "amount_of_layers": 5.418686621508394, "batch_size": 31.542908718237953, "dropout_rate": 0.5198897395479937, "epochs": 56.40084509251717, "hidden_channels": 128.0, "learning_rate": 0.01, "optimizer": 0.4138419299135183, "pooling_algorithm": 0.2623926192767112}, "datetime": {"datetime": "2023-11-29 13:26:36", "elapsed": 323.465069, "delta": 2.362324}}
{"target": 0.9035714285714286, "params": {"activation_function": 0.949076699239443, "amount_of_layers": 7.281414695240385, "batch_size": 31.130788522169535, "dropout_rate": 0.5678651558784862, "epochs": 57.84146604996407, "hidden_channels": 128.0, "learning_rate": 0.01, "optimizer": 0.388045116337006, "pooling_algorithm": 0.9530586624796966}, "datetime": {"datetime": "2023-11-29 13:26:39", "elapsed": 326.304003, "delta": 2.838934}}
{"target": 0.26071428571428573, "params": {"activation_function": 1.3316984249294976, "amount_of_layers": 6.037220452788635, "batch_size": 31.958853403187256, "dropout_rate": 0.733351343645843, "epochs": 58.031980715371546, "hidden_channels": 128.0, "learning_rate": 0.01, "optimizer": 0.35565608809541516, "pooling_algorithm": 0.3103280457876887}, "datetime": {"datetime": "2023-11-29 13:26:41", "elapsed": 328.99329, "delta": 2.689287}}
{"target": 0.2642857142857143, "params": {"activation_function": 0.6388382041465879, "amount_of_layers": 7.176906230644273, "batch_size": 31.29847662373035, "dropout_rate": 0.6377904561408034, "epochs": 61.23297403564417, "hidden_channels": 128.0, "learning_rate": 0.01, "optimizer": 0.651909293050617, "pooling_algorithm": 0.43687242560096995}, "datetime": {"datetime": "2023-11-29 13:26:44", "elapsed": 332.144594, "delta": 3.151304}}
