{"target": 0.26249999999999996, "params": {"activation_function": 1.4669958769441758, "amount_of_layers": 3.5230791800980077, "batch_size": 117.59707703113112, "dropout_rate": 0.29741485888160896, "epochs": 164.47863955186813, "hidden_channels": 15.874008782612957, "learning_rate": 0.07680480797272542, "optimizer": 1.6623654331915891, "pooling_algorithm": 0.26951113307410424}, "datetime": {"datetime": "2023-11-30 09:47:20", "elapsed": 141.150723, "delta": 3.131693}}
{"target": 0.9, "params": {"activation_function": 0.1579428784417778, "amount_of_layers": 6.278353275473374, "batch_size": 88.37413907102201, "dropout_rate": 0.5110632806685624, "epochs": 76.66919470555223, "hidden_channels": 9.601842685909439, "learning_rate": 0.02606348919554898, "optimizer": 0.016176191343772572, "pooling_algorithm": 0.7958206524023758}, "datetime": {"datetime": "2023-11-30 09:47:22", "elapsed": 142.915194, "delta": 1.764471}}
{"target": 0.9107142857142858, "params": {"activation_function": 1.5057017899207676, "amount_of_layers": 2.659971180374302, "batch_size": 50.33842414415488, "dropout_rate": 0.536068444825847, "epochs": 178.72759013763977, "hidden_channels": 61.076137939375606, "learning_rate": 0.041575285776374406, "optimizer": 0.1982380199279472, "pooling_algorithm": 0.9061138990112289}, "datetime": {"datetime": "2023-11-30 09:47:25", "elapsed": 146.862501, "delta": 3.947307}}
{"target": 0.7714285714285715, "params": {"activation_function": 1.0094701519971134, "amount_of_layers": 2.4746975737137404, "batch_size": 29.49517462379211, "dropout_rate": 0.337464890359526, "epochs": 51.92665012380452, "hidden_channels": 14.120609675798674, "learning_rate": 0.08543707660871186, "optimizer": 0.34844541820977404, "pooling_algorithm": 0.481852980487386}, "datetime": {"datetime": "2023-11-30 09:47:27", "elapsed": 148.687048, "delta": 1.824547}}
{"target": 0.425, "params": {"activation_function": 0.09503488864708998, "amount_of_layers": 6.932812813881644, "batch_size": 30.315465138921002, "dropout_rate": 0.4944825517578411, "epochs": 65.7779977565373, "hidden_channels": 47.90172332712457, "learning_rate": 0.06963344025836128, "optimizer": 0.7106444789833175, "pooling_algorithm": 0.6257134745440446}, "datetime": {"datetime": "2023-11-30 09:47:31", "elapsed": 151.971845, "delta": 3.284797}}
{"target": 0.3607142857142857, "params": {"activation_function": 0.2119703174687595, "amount_of_layers": 5.977652544853138, "batch_size": 68.5021448031577, "dropout_rate": 0.470394703845677, "epochs": 187.91412711413395, "hidden_channels": 110.70542620206635, "learning_rate": 0.03482904607893042, "optimizer": 0.8115903717759481, "pooling_algorithm": 0.067102890096986}, "datetime": {"datetime": "2023-11-30 09:47:37", "elapsed": 157.947966, "delta": 5.976121}}
{"target": 0.26964285714285713, "params": {"activation_function": 1.1376741860853727, "amount_of_layers": 4.808782797542302, "batch_size": 54.62016402445374, "dropout_rate": 0.27418085231691913, "epochs": 43.64014841860802, "hidden_channels": 109.32652813281575, "learning_rate": 0.06773548462829558, "optimizer": 1.1756244226565624, "pooling_algorithm": 0.21703992863139854}, "datetime": {"datetime": "2023-11-30 09:47:38", "elapsed": 159.314351, "delta": 1.366385}}
{"target": 0.9285714285714286, "params": {"activation_function": 1.8705993626831887, "amount_of_layers": 8.551186879390675, "batch_size": 146.7165655744866, "dropout_rate": 0.5609740937940813, "epochs": 137.86689679049113, "hidden_channels": 92.25347243382538, "learning_rate": 0.042762712921727446, "optimizer": 0.4097127611185354, "pooling_algorithm": 0.8206008512537514}, "datetime": {"datetime": "2023-11-30 09:47:42", "elapsed": 163.57498, "delta": 4.260629}}
{"target": 0.5, "params": {"activation_function": 1.674340025881571, "amount_of_layers": 8.750259449989976, "batch_size": 72.83396313568554, "dropout_rate": 0.7271767902506642, "epochs": 112.19246242497869, "hidden_channels": 57.95379976029697, "learning_rate": 0.06265176579043426, "optimizer": 1.8603743811113924, "pooling_algorithm": 0.5560551308434978}, "datetime": {"datetime": "2023-11-30 09:47:46", "elapsed": 167.699363, "delta": 4.124383}}
{"target": 0.5, "params": {"activation_function": 0.4997782494933596, "amount_of_layers": 6.066688511664734, "batch_size": 71.09913043880553, "dropout_rate": 0.7134148006504383, "epochs": 31.843134575744305, "hidden_channels": 43.1695970315942, "learning_rate": 0.06276371622809741, "optimizer": 0.5021488884405203, "pooling_algorithm": 0.7922098391898613}, "datetime": {"datetime": "2023-11-30 09:47:47", "elapsed": 168.75118, "delta": 1.051817}}
{"target": 0.5, "params": {"activation_function": 1.5957460965067882, "amount_of_layers": 1.9828300036268862, "batch_size": 55.75254599629519, "dropout_rate": 0.6619915812581785, "epochs": 88.55625407776004, "hidden_channels": 77.20904153926136, "learning_rate": 0.044494942345032644, "optimizer": 1.2404189727776833, "pooling_algorithm": 0.6334624893049307}, "datetime": {"datetime": "2023-11-30 09:47:49", "elapsed": 170.701871, "delta": 1.950691}}
{"target": 0.4214285714285714, "params": {"activation_function": 0.3370906222615948, "amount_of_layers": 4.79097671033383, "batch_size": 26.059663161999335, "dropout_rate": 0.45483119440101577, "epochs": 137.7059264245692, "hidden_channels": 32.81787646720615, "learning_rate": 0.09758827483807468, "optimizer": 0.6844250694420093, "pooling_algorithm": 0.6674048980614468}, "datetime": {"datetime": "2023-11-30 09:47:56", "elapsed": 177.290783, "delta": 6.588912}}
{"target": 0.5142857142857142, "params": {"activation_function": 1.4429080549097237, "amount_of_layers": 7.814164432518506, "batch_size": 21.603302965519468, "dropout_rate": 0.2691209725470899, "epochs": 172.47347252065464, "hidden_channels": 121.69811869911975, "learning_rate": 0.09612406524836552, "optimizer": 1.6906992570724932, "pooling_algorithm": 0.7149641292986573}, "datetime": {"datetime": "2023-11-30 09:48:08", "elapsed": 188.978608, "delta": 11.687825}}
{"target": 0.8250000000000001, "params": {"activation_function": 0.47298136206867025, "amount_of_layers": 3.5194404214992874, "batch_size": 26.16804212616291, "dropout_rate": 0.6280094646089496, "epochs": 128.42961255849661, "hidden_channels": 29.34266725068174, "learning_rate": 0.010809475849859768, "optimizer": 0.869518222411366, "pooling_algorithm": 0.6844177443045592}, "datetime": {"datetime": "2023-11-30 09:48:13", "elapsed": 194.579773, "delta": 5.601165}}
{"target": 0.7357142857142857, "params": {"activation_function": 1.7279912979704428, "amount_of_layers": 7.0346821773609, "batch_size": 117.03714652034081, "dropout_rate": 0.27872526749058274, "epochs": 52.18086116735609, "hidden_channels": 84.7356309883887, "learning_rate": 0.004440094960023986, "optimizer": 1.624768080707423, "pooling_algorithm": 0.40609925417871895}, "datetime": {"datetime": "2023-11-30 09:48:15", "elapsed": 196.064816, "delta": 1.485043}}
{"target": 0.5, "params": {"activation_function": 1.5840186186887957, "amount_of_layers": 1.031605386180627, "batch_size": 92.83889813676632, "dropout_rate": 0.40652009325441524, "epochs": 193.3804164420385, "hidden_channels": 125.52745026869978, "learning_rate": 0.08281127043587844, "optimizer": 0.6333054118997923, "pooling_algorithm": 0.41078148484877086}, "datetime": {"datetime": "2023-11-30 09:48:18", "elapsed": 198.990735, "delta": 2.925919}}
{"target": 0.5, "params": {"activation_function": 1.1497611182766865, "amount_of_layers": 1.6176715932345624, "batch_size": 84.53692477025436, "dropout_rate": 0.3676877800067417, "epochs": 50.49794867165805, "hidden_channels": 38.65363418614989, "learning_rate": 0.016020893425154552, "optimizer": 1.8662217831081331, "pooling_algorithm": 0.6625798939634265}, "datetime": {"datetime": "2023-11-30 09:48:19", "elapsed": 199.896977, "delta": 0.906242}}
{"target": 0.5, "params": {"activation_function": 0.12744207628924542, "amount_of_layers": 6.3523544313397675, "batch_size": 141.46757817492343, "dropout_rate": 0.26407808196898214, "epochs": 82.79992797222509, "hidden_channels": 13.02407101502037, "learning_rate": 0.08920329119698388, "optimizer": 1.5064670057568077, "pooling_algorithm": 0.978417777702826}, "datetime": {"datetime": "2023-11-30 09:48:20", "elapsed": 201.862774, "delta": 1.965797}}
{"target": 0.9107142857142857, "params": {"activation_function": 1.7912135156800515, "amount_of_layers": 7.8672116488124475, "batch_size": 22.43477463999301, "dropout_rate": 0.5457951162090227, "epochs": 55.68138631898511, "hidden_channels": 35.269951989298136, "learning_rate": 0.02631311367584413, "optimizer": 0.003237629240386175, "pooling_algorithm": 0.8843361724654314}, "datetime": {"datetime": "2023-11-30 09:48:24", "elapsed": 205.691872, "delta": 3.829098}}
{"target": 0.5, "params": {"activation_function": 0.9957925167036479, "amount_of_layers": 1.2342054661929085, "batch_size": 73.7110466611333, "dropout_rate": 0.7385163903685961, "epochs": 57.813237378984816, "hidden_channels": 38.57475805042262, "learning_rate": 0.032011100396655945, "optimizer": 1.3242943660524822, "pooling_algorithm": 0.8396841031633389}, "datetime": {"datetime": "2023-11-30 09:48:26", "elapsed": 206.871817, "delta": 1.179945}}
{"target": 0.2714285714285714, "params": {"activation_function": 1.3697454361415697, "amount_of_layers": 6.020338482366258, "batch_size": 37.08848605840612, "dropout_rate": 0.5083678136180144, "epochs": 120.39684061864871, "hidden_channels": 105.23979600447917, "learning_rate": 0.0858981740659015, "optimizer": 0.972616022420778, "pooling_algorithm": 0.0007432770277064904}, "datetime": {"datetime": "2023-11-30 09:48:31", "elapsed": 212.376514, "delta": 5.504697}}
{"target": 0.5, "params": {"activation_function": 0.0032292885659765957, "amount_of_layers": 8.896260129882466, "batch_size": 106.88176034245933, "dropout_rate": 0.4769195469995499, "epochs": 196.6480868216482, "hidden_channels": 75.6094105065944, "learning_rate": 0.08761783166116716, "optimizer": 0.5431401969856664, "pooling_algorithm": 0.2888614339493981}, "datetime": {"datetime": "2023-11-30 09:48:37", "elapsed": 218.043795, "delta": 5.667281}}
{"target": 0.09464285714285714, "params": {"activation_function": 1.15487889945932, "amount_of_layers": 4.765126230605986, "batch_size": 122.52586686564291, "dropout_rate": 0.41295770783838703, "epochs": 20.9871818398564, "hidden_channels": 124.93633598625706, "learning_rate": 0.009768457955141703, "optimizer": 0.55279933647011, "pooling_algorithm": 0.9248508056919039}, "datetime": {"datetime": "2023-11-30 09:48:37", "elapsed": 218.657311, "delta": 0.613516}}
{"target": 0.6571428571428573, "params": {"activation_function": 1.5028796548043422, "amount_of_layers": 7.522063739464128, "batch_size": 89.9119158281606, "dropout_rate": 0.600237998496018, "epochs": 144.44137292941957, "hidden_channels": 8.521235863368892, "learning_rate": 0.08690631449557835, "optimizer": 0.048115860729341486, "pooling_algorithm": 0.12362654798104111}, "datetime": {"datetime": "2023-11-30 09:48:41", "elapsed": 222.212061, "delta": 3.55475}}
{"target": 0.26249999999999996, "params": {"activation_function": 1.4003314439470365, "amount_of_layers": 7.58515786619124, "batch_size": 70.86431769589328, "dropout_rate": 0.599766055307138, "epochs": 139.19298075131206, "hidden_channels": 79.36485242393125, "learning_rate": 0.06513093124773185, "optimizer": 1.1020185523861015, "pooling_algorithm": 0.17006188998193172}, "datetime": {"datetime": "2023-11-30 09:48:46", "elapsed": 227.304705, "delta": 5.092644}}
{"target": 0.9089285714285714, "params": {"activation_function": 0.07077966106753175, "amount_of_layers": 2.881791609265874, "batch_size": 137.68130091321456, "dropout_rate": 0.25620827575975447, "epochs": 15.750434279717732, "hidden_channels": 8.491744537825875, "learning_rate": 0.08533197362223253, "optimizer": 0.6972580587647805, "pooling_algorithm": 0.9174673126814649}, "datetime": {"datetime": "2023-11-30 09:48:46", "elapsed": 227.732383, "delta": 0.427678}}
{"target": 0.5, "params": {"activation_function": 0.19694712230616895, "amount_of_layers": 5.416138969242713, "batch_size": 147.7666928441587, "dropout_rate": 0.311311825662183, "epochs": 68.85874454815257, "hidden_channels": 39.88451641529213, "learning_rate": 0.04255537457447958, "optimizer": 0.9351435819922556, "pooling_algorithm": 0.9643035063862934}, "datetime": {"datetime": "2023-11-30 09:48:48", "elapsed": 229.314197, "delta": 1.581814}}
{"target": 0.27321428571428574, "params": {"activation_function": 1.1322641937943312, "amount_of_layers": 3.7286106708805606, "batch_size": 36.352097490666175, "dropout_rate": 0.6963918063572668, "epochs": 196.51282299104363, "hidden_channels": 86.26661625731234, "learning_rate": 0.09261625056685432, "optimizer": 1.3006093817963165, "pooling_algorithm": 0.21676863530349855}, "datetime": {"datetime": "2023-11-30 09:48:56", "elapsed": 236.890975, "delta": 7.576778}}
{"target": 0.8303571428571428, "params": {"activation_function": 1.5449901877365007, "amount_of_layers": 1.3876977505020909, "batch_size": 115.34022644417593, "dropout_rate": 0.28976165551335764, "epochs": 128.202562780462, "hidden_channels": 11.618358240949195, "learning_rate": 0.07868331022141994, "optimizer": 0.5532840909654637, "pooling_algorithm": 0.11325263016891685}, "datetime": {"datetime": "2023-11-30 09:48:57", "elapsed": 238.844367, "delta": 1.953392}}
{"target": 0.7214285714285715, "params": {"activation_function": 1.0016772014244237, "amount_of_layers": 6.705007783063735, "batch_size": 69.89506522128015, "dropout_rate": 0.5996755228374305, "epochs": 92.29102712493439, "hidden_channels": 86.24399394915865, "learning_rate": 0.09332740140539161, "optimizer": 0.7996753093530271, "pooling_algorithm": 0.45260961614995443}, "datetime": {"datetime": "2023-11-30 09:49:01", "elapsed": 242.020658, "delta": 3.176291}}
{"target": 0.825, "params": {"activation_function": 0.6326354071289753, "amount_of_layers": 2.852001512042408, "batch_size": 19.96377086908756, "dropout_rate": 0.6614930494480921, "epochs": 165.6474801173914, "hidden_channels": 55.53244671042061, "learning_rate": 0.025874110795068343, "optimizer": 1.0849719062728076, "pooling_algorithm": 0.18529618338474363}, "datetime": {"datetime": "2023-11-30 09:49:09", "elapsed": 250.382563, "delta": 8.361905}}
{"target": 0.5, "params": {"activation_function": 1.769176142378669, "amount_of_layers": 5.430668777540364, "batch_size": 115.60102448252724, "dropout_rate": 0.415403371975014, "epochs": 47.76164805864351, "hidden_channels": 87.139447806374, "learning_rate": 0.04312566502783967, "optimizer": 1.375841494555878, "pooling_algorithm": 0.5065748886677771}, "datetime": {"datetime": "2023-11-30 09:49:10", "elapsed": 251.604628, "delta": 1.222065}}
{"target": 0.8214285714285714, "params": {"activation_function": 0.7432218566958675, "amount_of_layers": 1.7607493868491124, "batch_size": 136.30601667932552, "dropout_rate": 0.32867268096151375, "epochs": 157.35626491359497, "hidden_channels": 99.2718253294704, "learning_rate": 0.02743189435997885, "optimizer": 1.2196126592873948, "pooling_algorithm": 0.3047535909282594}, "datetime": {"datetime": "2023-11-30 09:49:13", "elapsed": 254.47915, "delta": 2.874522}}
{"target": 0.5, "params": {"activation_function": 0.45117139253035354, "amount_of_layers": 4.811523960163403, "batch_size": 63.49944439097002, "dropout_rate": 0.7149586387643845, "epochs": 184.87349183913815, "hidden_channels": 48.73721439957966, "learning_rate": 0.0784422209720487, "optimizer": 1.6803232732633138, "pooling_algorithm": 0.4064972916627819}, "datetime": {"datetime": "2023-11-30 09:49:18", "elapsed": 259.54972, "delta": 5.07057}}
{"target": 0.6678571428571428, "params": {"activation_function": 1.5511325869705865, "amount_of_layers": 6.0473546938751115, "batch_size": 87.55512695594504, "dropout_rate": 0.32137092951748186, "epochs": 74.91464765278754, "hidden_channels": 70.70739377505885, "learning_rate": 0.09896545821744272, "optimizer": 0.6079676661190225, "pooling_algorithm": 0.6433335875795149}, "datetime": {"datetime": "2023-11-30 09:49:20", "elapsed": 261.425006, "delta": 1.875286}}
{"target": 0.5, "params": {"activation_function": 1.412035603396095, "amount_of_layers": 7.112118282949188, "batch_size": 73.23663283281914, "dropout_rate": 0.678618041382339, "epochs": 14.272721000676212, "hidden_channels": 29.54121512756239, "learning_rate": 0.07692265667384454, "optimizer": 0.8841621635600043, "pooling_algorithm": 0.7642019975057132}, "datetime": {"datetime": "2023-11-30 09:49:21", "elapsed": 262.002244, "delta": 0.577238}}
{"target": 0.5, "params": {"activation_function": 1.9028231009171104, "amount_of_layers": 5.332459942221209, "batch_size": 118.54254662193354, "dropout_rate": 0.4827299647890242, "epochs": 43.27088639141402, "hidden_channels": 50.82815259096651, "learning_rate": 0.0669346476173385, "optimizer": 1.8448444418346004, "pooling_algorithm": 0.7691540360991621}, "datetime": {"datetime": "2023-11-30 09:49:22", "elapsed": 262.995636, "delta": 0.993392}}
{"target": 0.8035714285714286, "params": {"activation_function": 1.5000253520277307, "amount_of_layers": 6.015816531811309, "batch_size": 47.765096364687636, "dropout_rate": 0.36056364420988735, "epochs": 49.63223334922236, "hidden_channels": 72.08080566445338, "learning_rate": 0.014439795547217818, "optimizer": 1.1504287007577185, "pooling_algorithm": 0.28401435430202515}, "datetime": {"datetime": "2023-11-30 09:49:24", "elapsed": 265.039239, "delta": 2.043603}}
{"target": 0.9035714285714286, "params": {"activation_function": 1.1399018800052947, "amount_of_layers": 1.9435138652602033, "batch_size": 73.06529958361503, "dropout_rate": 0.37690087159624225, "epochs": 38.64165312995782, "hidden_channels": 32.5568936241495, "learning_rate": 0.05335777301038965, "optimizer": 0.21463474763629087, "pooling_algorithm": 0.5718386263618832}, "datetime": {"datetime": "2023-11-30 09:49:25", "elapsed": 265.948339, "delta": 0.9091}}
{"target": 0.7339285714285715, "params": {"activation_function": 1.583375823496985, "amount_of_layers": 7.354303771309364, "batch_size": 70.22412491229346, "dropout_rate": 0.4479446598031809, "epochs": 73.165983280776, "hidden_channels": 63.87361968203557, "learning_rate": 0.05864122062912026, "optimizer": 1.154678583990983, "pooling_algorithm": 0.37654942118567214}, "datetime": {"datetime": "2023-11-30 09:49:27", "elapsed": 268.413559, "delta": 2.46522}}
{"target": 0.35357142857142854, "params": {"activation_function": 1.8549529470951327, "amount_of_layers": 1.393408455868724, "batch_size": 145.61434738106664, "dropout_rate": 0.5329554463741146, "epochs": 109.82928259352263, "hidden_channels": 89.01671450725543, "learning_rate": 0.0957642675450557, "optimizer": 0.9613504023334922, "pooling_algorithm": 0.3317090925823265}, "datetime": {"datetime": "2023-11-30 09:49:29", "elapsed": 270.216, "delta": 1.802441}}
{"target": 0.9178571428571429, "params": {"activation_function": 1.7342713559143335, "amount_of_layers": 6.632190178773214, "batch_size": 100.48164671732512, "dropout_rate": 0.6552221759009056, "epochs": 141.57240948951986, "hidden_channels": 102.39001264073572, "learning_rate": 0.035656735370749225, "optimizer": 0.23139457253380002, "pooling_algorithm": 0.6603015430371227}, "datetime": {"datetime": "2023-11-30 09:49:33", "elapsed": 274.04584, "delta": 3.82984}}
{"target": 0.45, "params": {"activation_function": 1.5519219565573399, "amount_of_layers": 2.5905284340779744, "batch_size": 27.89160001873634, "dropout_rate": 0.6102770349374291, "epochs": 99.0839620566956, "hidden_channels": 22.217612357043144, "learning_rate": 0.04500045994312042, "optimizer": 0.7942140185946274, "pooling_algorithm": 0.9455316217856953}, "datetime": {"datetime": "2023-11-30 09:49:37", "elapsed": 278.0026, "delta": 3.95676}}
{"target": 0.7928571428571428, "params": {"activation_function": 0.23454328578466943, "amount_of_layers": 1.8861036778170934, "batch_size": 79.18470937977027, "dropout_rate": 0.7282130773293745, "epochs": 199.79717154936043, "hidden_channels": 103.8796147918794, "learning_rate": 0.04119706000866554, "optimizer": 1.4039843551517655, "pooling_algorithm": 0.44738022408243927}, "datetime": {"datetime": "2023-11-30 09:49:40", "elapsed": 281.382873, "delta": 3.380273}}
{"target": 0.5, "params": {"activation_function": 1.6230753852642967, "amount_of_layers": 6.287909443811574, "batch_size": 32.26742395996085, "dropout_rate": 0.7042199063842745, "epochs": 65.04146520732817, "hidden_channels": 116.97140258240735, "learning_rate": 0.09830885471436324, "optimizer": 1.0744877032646223, "pooling_algorithm": 0.6471698647331344}, "datetime": {"datetime": "2023-11-30 09:49:43", "elapsed": 284.436587, "delta": 3.053714}}
{"target": 0.9, "params": {"activation_function": 0.9243882349899413, "amount_of_layers": 3.3881094016191957, "batch_size": 59.33155016901674, "dropout_rate": 0.7380542074621075, "epochs": 160.125384825807, "hidden_channels": 119.8179538845095, "learning_rate": 0.019751191591395965, "optimizer": 0.3075045740415383, "pooling_algorithm": 0.5738636137768601}, "datetime": {"datetime": "2023-11-30 09:49:47", "elapsed": 288.117594, "delta": 3.681007}}
{"target": 0.5392857142857143, "params": {"activation_function": 0.023774967870379804, "amount_of_layers": 4.260658803954926, "batch_size": 32.157444721267765, "dropout_rate": 0.3522166493396138, "epochs": 95.99540807409, "hidden_channels": 72.5399810843954, "learning_rate": 0.08319812302640894, "optimizer": 1.0304185083938144, "pooling_algorithm": 0.9933180132524835}, "datetime": {"datetime": "2023-11-30 09:49:50", "elapsed": 291.822532, "delta": 3.704938}}
