{"target": 0.9, "params": {"activation_function": 1.465515948007314, "amount_of_layers": 7.4431707016773965, "batch_size": 31.20938724879458, "dropout_rate": 0.5693910654304815, "epochs": 59.66061064274285, "hidden_channels": 83.2738950555953, "learning_rate": 0.061992129563053056, "optimizer": 0.37385652279202186, "pooling_algorithm": 0.6772632651765551}, "datetime": {"datetime": "2023-11-30 10:33:33", "elapsed": 189.883546, "delta": 5.094428}}
{"target": 0.5, "params": {"activation_function": 0.10412584005138337, "amount_of_layers": 3.341524891480934, "batch_size": 43.61130510931878, "dropout_rate": 0.6841854700535251, "epochs": 45.610801852016486, "hidden_channels": 30.601552541275826, "learning_rate": 0.01656801104886633, "optimizer": 1.6330497631134824, "pooling_algorithm": 0.7471116056809365}, "datetime": {"datetime": "2023-11-30 10:33:34", "elapsed": 191.521089, "delta": 1.637543}}
{"target": 0.5, "params": {"activation_function": 0.2250819327742577, "amount_of_layers": 3.114954587686263, "batch_size": 82.04898374178893, "dropout_rate": 0.592033726792863, "epochs": 20.123590552345558, "hidden_channels": 71.04015303708712, "learning_rate": 0.0969813692595679, "optimizer": 1.0845192133111505, "pooling_algorithm": 0.4074865141179562}, "datetime": {"datetime": "2023-11-30 10:33:35", "elapsed": 192.086786, "delta": 0.565697}}
{"target": 0.5, "params": {"activation_function": 0.8533643046661437, "amount_of_layers": 4.760467856869799, "batch_size": 141.60292626696472, "dropout_rate": 0.25987787886798774, "epochs": 166.02152416997137, "hidden_channels": 82.75123822188586, "learning_rate": 0.038137593286685326, "optimizer": 0.8637683137920442, "pooling_algorithm": 0.523528935446953}, "datetime": {"datetime": "2023-11-30 10:33:51", "elapsed": 207.916446, "delta": 15.82966}}
{"target": 0.5, "params": {"activation_function": 0.9473473825401364, "amount_of_layers": 6.1469379821978825, "batch_size": 146.6312837126951, "dropout_rate": 0.6061983704541314, "epochs": 94.21723210736386, "hidden_channels": 112.43499458029594, "learning_rate": 0.07881847710066399, "optimizer": 1.117715884006767, "pooling_algorithm": 0.8028535350434085}, "datetime": {"datetime": "2023-11-30 10:33:55", "elapsed": 211.702311, "delta": 3.785865}}
{"target": 0.5, "params": {"activation_function": 1.9707125814256239, "amount_of_layers": 6.093210535529503, "batch_size": 120.717975428967, "dropout_rate": 0.4416845539254238, "epochs": 170.87745225286167, "hidden_channels": 49.480443629247254, "learning_rate": 0.0977776507624828, "optimizer": 1.5542707560229547, "pooling_algorithm": 0.6090010950023718}, "datetime": {"datetime": "2023-11-30 10:34:02", "elapsed": 218.702536, "delta": 7.000225}}
{"target": 0.7410714285714285, "params": {"activation_function": 0.9612305037411404, "amount_of_layers": 8.678447147097152, "batch_size": 72.10442223583505, "dropout_rate": 0.5361678445483253, "epochs": 84.30694471801604, "hidden_channels": 49.23991928283974, "learning_rate": 0.05276787509583071, "optimizer": 0.22926900650143134, "pooling_algorithm": 0.106413857094518}, "datetime": {"datetime": "2023-11-30 10:34:07", "elapsed": 223.96276, "delta": 5.260224}}
{"target": 0.2642857142857143, "params": {"activation_function": 0.6474508284538918, "amount_of_layers": 4.5393091347377705, "batch_size": 92.79118318190183, "dropout_rate": 0.5154985115146646, "epochs": 11.496481082570217, "hidden_channels": 89.98958744450412, "learning_rate": 0.013064059813615459, "optimizer": 1.3889148374805096, "pooling_algorithm": 0.13559418759566766}, "datetime": {"datetime": "2023-11-30 10:34:07", "elapsed": 224.447026, "delta": 0.484266}}
{"target": 0.8035714285714286, "params": {"activation_function": 0.05217818396976681, "amount_of_layers": 1.8373667090587027, "batch_size": 103.63964389774576, "dropout_rate": 0.5589828968250994, "epochs": 192.50431728750942, "hidden_channels": 19.31340989281415, "learning_rate": 0.07465266785986159, "optimizer": 1.2635917633656655, "pooling_algorithm": 0.4319084400988552}, "datetime": {"datetime": "2023-11-30 10:34:11", "elapsed": 227.840076, "delta": 3.39305}}
{"target": 0.5, "params": {"activation_function": 0.21255925306124301, "amount_of_layers": 5.157722527741438, "batch_size": 59.18453798446267, "dropout_rate": 0.2536279686052483, "epochs": 135.15883737800542, "hidden_channels": 118.57903185813711, "learning_rate": 0.05747537578627957, "optimizer": 1.789846183961377, "pooling_algorithm": 0.7960263907268461}, "datetime": {"datetime": "2023-11-30 10:34:18", "elapsed": 234.670801, "delta": 6.830725}}
{"target": 0.2696428571428572, "params": {"activation_function": 1.5357539555944963, "amount_of_layers": 6.186832815701021, "batch_size": 23.722295736835065, "dropout_rate": 0.7406413949321826, "epochs": 69.72169882109, "hidden_channels": 118.4025184034231, "learning_rate": 0.03609485583116576, "optimizer": 1.235323978869208, "pooling_algorithm": 0.023459813569007393}, "datetime": {"datetime": "2023-11-30 10:34:25", "elapsed": 242.140465, "delta": 7.469664}}
{"target": 0.5, "params": {"activation_function": 1.0296174882073115, "amount_of_layers": 7.670825132281531, "batch_size": 137.0213137117933, "dropout_rate": 0.5418816653521463, "epochs": 10.659051134511259, "hidden_channels": 51.83103463997555, "learning_rate": 0.03443124660653555, "optimizer": 1.7840511741217653, "pooling_algorithm": 0.5980703981652918}, "datetime": {"datetime": "2023-11-30 10:34:26", "elapsed": 242.814243, "delta": 0.673778}}
{"target": 0.26071428571428573, "params": {"activation_function": 1.57626767449764, "amount_of_layers": 3.6909741911025984, "batch_size": 79.51007480095953, "dropout_rate": 0.4364173295361065, "epochs": 94.38412317683695, "hidden_channels": 40.68732353377448, "learning_rate": 0.03450692138163133, "optimizer": 1.4956526896858475, "pooling_algorithm": 0.1376346298804586}, "datetime": {"datetime": "2023-11-30 10:34:28", "elapsed": 245.334029, "delta": 2.519786}}
{"target": 0.8214285714285715, "params": {"activation_function": 1.5527080390210857, "amount_of_layers": 4.547005957881259, "batch_size": 113.66108704362573, "dropout_rate": 0.5640514848008633, "epochs": 78.4171004766067, "hidden_channels": 53.5217253629871, "learning_rate": 0.0016382064496797796, "optimizer": 1.3309750549282686, "pooling_algorithm": 0.44710925053690376}, "datetime": {"datetime": "2023-11-30 10:34:31", "elapsed": 247.960874, "delta": 2.626845}}
{"target": 0.7339285714285714, "params": {"activation_function": 1.8776187060439624, "amount_of_layers": 5.472961179996661, "batch_size": 56.11087002208274, "dropout_rate": 0.39268879667520495, "epochs": 76.044576529765, "hidden_channels": 103.68593104965065, "learning_rate": 0.03353631212864555, "optimizer": 0.8262850692514114, "pooling_algorithm": 0.16790479702431105}, "datetime": {"datetime": "2023-11-30 10:34:35", "elapsed": 251.598338, "delta": 3.637464}}
{"target": 0.9, "params": {"activation_function": 0.5474230331522629, "amount_of_layers": 5.706039536408881, "batch_size": 110.03093649622637, "dropout_rate": 0.6946462331332643, "epochs": 151.24998863992528, "hidden_channels": 70.89089304088066, "learning_rate": 0.011173731611509356, "optimizer": 0.17675095343414093, "pooling_algorithm": 0.5703905355489456}, "datetime": {"datetime": "2023-11-30 10:34:40", "elapsed": 257.436469, "delta": 5.838131}}
{"target": 0.8178571428571427, "params": {"activation_function": 1.3650975938869179, "amount_of_layers": 2.3920032401741667, "batch_size": 80.22786294863181, "dropout_rate": 0.3073239387292674, "epochs": 191.66024879514134, "hidden_channels": 42.51162202219332, "learning_rate": 0.03507014645103486, "optimizer": 0.8363554609988382, "pooling_algorithm": 0.3688704367704413}, "datetime": {"datetime": "2023-11-30 10:34:44", "elapsed": 261.15743, "delta": 3.720961}}
{"target": 0.2642857142857143, "params": {"activation_function": 0.6791366952382734, "amount_of_layers": 5.646222538653925, "batch_size": 39.10539307444803, "dropout_rate": 0.6238395848293992, "epochs": 84.03850939675813, "hidden_channels": 5.664234639768943, "learning_rate": 0.06721111629010752, "optimizer": 0.24485283952696202, "pooling_algorithm": 0.24971868992028046}, "datetime": {"datetime": "2023-11-30 10:34:46", "elapsed": 262.896114, "delta": 1.738684}}
{"target": 0.7375, "params": {"activation_function": 1.0350840424669698, "amount_of_layers": 8.648930929528186, "batch_size": 112.9417257414931, "dropout_rate": 0.7395403611773389, "epochs": 27.630266472695293, "hidden_channels": 108.34395254323579, "learning_rate": 0.09228443810823851, "optimizer": 0.5811160685869889, "pooling_algorithm": 0.14199044534658678}, "datetime": {"datetime": "2023-11-30 10:34:49", "elapsed": 266.079913, "delta": 3.183799}}
{"target": 0.48214285714285715, "params": {"activation_function": 0.50190311538861, "amount_of_layers": 6.486614517141085, "batch_size": 18.102632361925867, "dropout_rate": 0.6491784212758307, "epochs": 27.414014262767445, "hidden_channels": 106.69064351309967, "learning_rate": 0.01814138125920643, "optimizer": 1.2821661771901025, "pooling_algorithm": 0.7929693525128365}, "datetime": {"datetime": "2023-11-30 10:34:55", "elapsed": 272.456981, "delta": 6.377068}}
{"target": 0.49285714285714277, "params": {"activation_function": 0.9590756067296982, "amount_of_layers": 6.439447204208303, "batch_size": 22.613202926247503, "dropout_rate": 0.5171466204335229, "epochs": 27.922726229756886, "hidden_channels": 123.57433733626151, "learning_rate": 0.04610276148948218, "optimizer": 1.914802007379764, "pooling_algorithm": 0.6270814436174557}, "datetime": {"datetime": "2023-11-30 10:34:59", "elapsed": 275.627213, "delta": 3.170232}}
{"target": 0.9071428571428571, "params": {"activation_function": 0.12816255050880954, "amount_of_layers": 1.896712452603401, "batch_size": 135.6174853995892, "dropout_rate": 0.6964691072334492, "epochs": 55.324109846046795, "hidden_channels": 49.267409606135494, "learning_rate": 0.015518209144635382, "optimizer": 0.9266638940766638, "pooling_algorithm": 0.7230717970002982}, "datetime": {"datetime": "2023-11-30 10:35:00", "elapsed": 276.716612, "delta": 1.089399}}
{"target": 0.9125000000000001, "params": {"activation_function": 0.2337156925803714, "amount_of_layers": 6.662233816258131, "batch_size": 106.58046276055224, "dropout_rate": 0.5887680773233593, "epochs": 79.71176048349747, "hidden_channels": 7.314431981074472, "learning_rate": 0.0643366281163103, "optimizer": 0.9408344635725971, "pooling_algorithm": 0.5424969635462153}, "datetime": {"datetime": "2023-11-30 10:35:01", "elapsed": 278.206475, "delta": 1.489863}}
{"target": 0.9071428571428571, "params": {"activation_function": 0.4610821286725948, "amount_of_layers": 4.646526267316635, "batch_size": 117.71992861941348, "dropout_rate": 0.6522739104613604, "epochs": 128.39890680629304, "hidden_channels": 38.76904730402534, "learning_rate": 0.02189185791779237, "optimizer": 0.8965027100209273, "pooling_algorithm": 0.6720498446221491}, "datetime": {"datetime": "2023-11-30 10:35:05", "elapsed": 282.069353, "delta": 3.862878}}
{"target": 0.5, "params": {"activation_function": 0.742796532331554, "amount_of_layers": 4.592558558064844, "batch_size": 112.56572593158188, "dropout_rate": 0.6978627997131617, "epochs": 49.39160173749755, "hidden_channels": 13.005772459103936, "learning_rate": 0.05957883139280096, "optimizer": 1.9941163396195516, "pooling_algorithm": 0.9594659163274771}, "datetime": {"datetime": "2023-11-30 10:35:06", "elapsed": 283.420568, "delta": 1.351215}}
{"target": 0.8964285714285714, "params": {"activation_function": 1.537263434183998, "amount_of_layers": 6.47453713464355, "batch_size": 27.93388365726649, "dropout_rate": 0.6172470168289064, "epochs": 33.37082470774545, "hidden_channels": 17.184814223967706, "learning_rate": 0.01108096763345837, "optimizer": 1.9524153283339059, "pooling_algorithm": 0.9261038461460854}, "datetime": {"datetime": "2023-11-30 10:35:09", "elapsed": 285.648508, "delta": 2.22794}}
{"target": 0.5, "params": {"activation_function": 1.772879830319539, "amount_of_layers": 6.360778448195492, "batch_size": 139.51066064491727, "dropout_rate": 0.6813768039833235, "epochs": 139.93630578069332, "hidden_channels": 122.93351785533962, "learning_rate": 0.04844973011648959, "optimizer": 1.9871278144287785, "pooling_algorithm": 0.8884394159453903}, "datetime": {"datetime": "2023-11-30 10:35:17", "elapsed": 293.647502, "delta": 7.998994}}
{"target": 0.5, "params": {"activation_function": 0.3127084329561043, "amount_of_layers": 8.206236201708238, "batch_size": 92.08765898160925, "dropout_rate": 0.6966954432888135, "epochs": 79.61561515881799, "hidden_channels": 106.44377443601974, "learning_rate": 0.027151134105674983, "optimizer": 1.742822015848913, "pooling_algorithm": 0.3235518715580945}, "datetime": {"datetime": "2023-11-30 10:35:21", "elapsed": 297.961874, "delta": 4.314372}}
{"target": 0.7232142857142858, "params": {"activation_function": 1.4056192790530277, "amount_of_layers": 3.2779008464453616, "batch_size": 40.016417742275664, "dropout_rate": 0.4413060550905619, "epochs": 155.01059737740508, "hidden_channels": 115.68649873739709, "learning_rate": 0.0654214916973118, "optimizer": 0.9461332146887753, "pooling_algorithm": 0.09097107532984583}, "datetime": {"datetime": "2023-11-30 10:35:28", "elapsed": 305.100512, "delta": 7.138638}}
{"target": 0.45, "params": {"activation_function": 1.8772184075504472, "amount_of_layers": 2.051495050589982, "batch_size": 37.609368305594856, "dropout_rate": 0.3233948190763454, "epochs": 24.19352855910148, "hidden_channels": 113.46503373829528, "learning_rate": 0.09517043233119384, "optimizer": 1.9878322615261785, "pooling_algorithm": 0.1024674295730309}, "datetime": {"datetime": "2023-11-30 10:35:29", "elapsed": 306.151733, "delta": 1.051221}}
{"target": 0.5, "params": {"activation_function": 1.559235649684926, "amount_of_layers": 7.988726328186563, "batch_size": 138.49942043534716, "dropout_rate": 0.422717501799777, "epochs": 162.80928490521845, "hidden_channels": 112.39258993031335, "learning_rate": 0.027895167858175494, "optimizer": 1.2260636949223114, "pooling_algorithm": 0.7702007296269751}, "datetime": {"datetime": "2023-11-30 10:36:05", "elapsed": 341.774562, "delta": 35.622829}}
{"target": 0.5, "params": {"activation_function": 0.7894385915980966, "amount_of_layers": 8.567337658199602, "batch_size": 144.33954284855847, "dropout_rate": 0.5844599334060119, "epochs": 99.54647369426918, "hidden_channels": 39.37574860665479, "learning_rate": 0.017946512211600707, "optimizer": 1.9481029485701447, "pooling_algorithm": 0.6059172795617963}, "datetime": {"datetime": "2023-11-30 10:36:12", "elapsed": 349.256567, "delta": 7.482005}}
{"target": 0.5, "params": {"activation_function": 1.9115626502455196, "amount_of_layers": 8.29272544525698, "batch_size": 104.54743186274557, "dropout_rate": 0.32033970658744476, "epochs": 61.53605482294646, "hidden_channels": 54.580519037791774, "learning_rate": 0.06837982326674015, "optimizer": 0.7424861411138706, "pooling_algorithm": 0.8610248105798048}, "datetime": {"datetime": "2023-11-30 10:36:17", "elapsed": 354.250187, "delta": 4.99362}}
{"target": 0.48214285714285715, "params": {"activation_function": 0.3183215835808315, "amount_of_layers": 6.227498545825268, "batch_size": 37.0879524585496, "dropout_rate": 0.4101509524285184, "epochs": 69.33684081611275, "hidden_channels": 47.691358981270675, "learning_rate": 0.08793484008645927, "optimizer": 1.8920158418116388, "pooling_algorithm": 0.18440055617024897}, "datetime": {"datetime": "2023-11-30 10:36:22", "elapsed": 358.715865, "delta": 4.465678}}
{"target": 0.9142857142857143, "params": {"activation_function": 1.7855116553267374, "amount_of_layers": 1.7416400305418378, "batch_size": 22.890092385956105, "dropout_rate": 0.7382459740391267, "epochs": 143.5608444387935, "hidden_channels": 78.20258409642295, "learning_rate": 0.07447599500767918, "optimizer": 0.1378560305769776, "pooling_algorithm": 0.8623514781924221}, "datetime": {"datetime": "2023-11-30 10:36:28", "elapsed": 365.206896, "delta": 6.491031}}
{"target": 0.26428571428571423, "params": {"activation_function": 0.871109555556673, "amount_of_layers": 2.2857576597816216, "batch_size": 57.354488392314735, "dropout_rate": 0.3157655153072045, "epochs": 108.7198662573871, "hidden_channels": 124.13444144396797, "learning_rate": 0.09936984496694003, "optimizer": 0.4972233825111523, "pooling_algorithm": 0.186260496516093}, "datetime": {"datetime": "2023-11-30 10:36:31", "elapsed": 368.300307, "delta": 3.093411}}
{"target": 0.5, "params": {"activation_function": 0.7416242486769136, "amount_of_layers": 1.974642253492303, "batch_size": 105.06050470138392, "dropout_rate": 0.4646630964983269, "epochs": 33.253401037935305, "hidden_channels": 73.7796924593804, "learning_rate": 0.08822424673263751, "optimizer": 1.484266160377201, "pooling_algorithm": 0.5803367189764348}, "datetime": {"datetime": "2023-11-30 10:36:32", "elapsed": 369.110166, "delta": 0.809859}}
{"target": 0.9, "params": {"activation_function": 1.2493942141866985, "amount_of_layers": 6.2311067210406454, "batch_size": 97.04041740983061, "dropout_rate": 0.5597408908706635, "epochs": 27.884931342576053, "hidden_channels": 44.88393805228347, "learning_rate": 0.09386556353143267, "optimizer": 0.3071509788972149, "pooling_algorithm": 0.6819928323122193}, "datetime": {"datetime": "2023-11-30 10:36:33", "elapsed": 370.230192, "delta": 1.120026}}
{"target": 0.5, "params": {"activation_function": 0.011137425072191398, "amount_of_layers": 5.541689760033474, "batch_size": 58.27046911802817, "dropout_rate": 0.46095655724198553, "epochs": 130.28283591950907, "hidden_channels": 119.74927806180504, "learning_rate": 0.09107976489507283, "optimizer": 0.892713058411069, "pooling_algorithm": 0.5663858727131108}, "datetime": {"datetime": "2023-11-30 10:36:41", "elapsed": 377.783991, "delta": 7.553799}}
{"target": 0.5, "params": {"activation_function": 0.3601674517254012, "amount_of_layers": 8.078029369736718, "batch_size": 139.2270995527138, "dropout_rate": 0.48426611953668297, "epochs": 147.47575714578645, "hidden_channels": 17.830525237686444, "learning_rate": 0.042958983307101725, "optimizer": 1.5656328820273495, "pooling_algorithm": 0.5751073562786899}, "datetime": {"datetime": "2023-11-30 10:36:47", "elapsed": 383.769095, "delta": 5.985104}}
{"target": 0.9053571428571429, "params": {"activation_function": 0.13882966282734466, "amount_of_layers": 4.913260278554765, "batch_size": 69.12116702278819, "dropout_rate": 0.6047686424748105, "epochs": 85.19579267334929, "hidden_channels": 112.30602737552238, "learning_rate": 0.020884443153888807, "optimizer": 1.2230821138052619, "pooling_algorithm": 0.5555703109802463}, "datetime": {"datetime": "2023-11-30 10:36:51", "elapsed": 387.781069, "delta": 4.011974}}
{"target": 0.8375, "params": {"activation_function": 1.8776231190885961, "amount_of_layers": 1.3666000663331737, "batch_size": 19.383342812080457, "dropout_rate": 0.39204755463396607, "epochs": 98.77343993247248, "hidden_channels": 13.2972289123827, "learning_rate": 0.0738270299278673, "optimizer": 0.7129378499520949, "pooling_algorithm": 0.4600457933181372}, "datetime": {"datetime": "2023-11-30 10:36:53", "elapsed": 389.662115, "delta": 1.881046}}
{"target": 0.32499999999999996, "params": {"activation_function": 1.9838100847163354, "amount_of_layers": 6.98267503837471, "batch_size": 40.747908744978815, "dropout_rate": 0.6166588989019107, "epochs": 149.25107254648432, "hidden_channels": 24.68405380859, "learning_rate": 0.03582585560330283, "optimizer": 1.3509428420897507, "pooling_algorithm": 0.7172719350702749}, "datetime": {"datetime": "2023-11-30 10:37:02", "elapsed": 398.701545, "delta": 9.03943}}
{"target": 0.2607142857142857, "params": {"activation_function": 1.1531468466797559, "amount_of_layers": 7.430686873644289, "batch_size": 86.12181521982829, "dropout_rate": 0.7363964776943628, "epochs": 88.31942075417602, "hidden_channels": 57.53161641437119, "learning_rate": 0.01811863909436816, "optimizer": 0.734760374687935, "pooling_algorithm": 0.49428103270411816}, "datetime": {"datetime": "2023-11-30 10:37:06", "elapsed": 402.641538, "delta": 3.939993}}
{"target": 0.5, "params": {"activation_function": 0.14725403139091298, "amount_of_layers": 7.235216453487137, "batch_size": 141.14089705693948, "dropout_rate": 0.6177924200260247, "epochs": 155.27484337650276, "hidden_channels": 111.87314083909342, "learning_rate": 0.06356498231854465, "optimizer": 0.8459265560172753, "pooling_algorithm": 0.4949444068133798}, "datetime": {"datetime": "2023-11-30 10:37:12", "elapsed": 409.448006, "delta": 6.806468}}
{"target": 0.5, "params": {"activation_function": 1.6750011488874734, "amount_of_layers": 1.983185434177133, "batch_size": 73.0210099861597, "dropout_rate": 0.2843182833995236, "epochs": 116.8735969850538, "hidden_channels": 78.84436692387663, "learning_rate": 0.037185766075118594, "optimizer": 0.646073539434957, "pooling_algorithm": 0.886149587398286}, "datetime": {"datetime": "2023-11-30 10:37:17", "elapsed": 413.927109, "delta": 4.479103}}
{"target": 0.5, "params": {"activation_function": 1.2134838954183182, "amount_of_layers": 5.847973961960361, "batch_size": 102.57781241617573, "dropout_rate": 0.44397003647528294, "epochs": 41.87807107988367, "hidden_channels": 88.32341620026867, "learning_rate": 0.0336533664706759, "optimizer": 1.6815210241656973, "pooling_algorithm": 0.610639262355222}, "datetime": {"datetime": "2023-11-30 10:37:19", "elapsed": 416.205691, "delta": 2.278582}}
{"target": 0.9142857142857144, "params": {"activation_function": 1.8809650291147424, "amount_of_layers": 8.1720287402453, "batch_size": 28.092952446547347, "dropout_rate": 0.25197886845576345, "epochs": 141.88308831905758, "hidden_channels": 103.84413706170874, "learning_rate": 0.09862731574546585, "optimizer": 0.11209085283281128, "pooling_algorithm": 0.698663113260206}, "datetime": {"datetime": "2023-11-30 10:37:34", "elapsed": 430.874971, "delta": 14.66928}}
