{"target": 0.8964285714285715, "params": {"activation_function": 1.5145993695832514, "amount_of_layers": 3.9275338338026167, "batch_size": 72.71438038319623, "dropout_rate": 0.7159743198444156, "epochs": 21.120624714396993, "hidden_channels": 59.85633667338613, "learning_rate": 0.03161001161084978, "optimizer": 0.3444068885684495, "pooling_algorithm": 0.6662956306220591}, "datetime": {"datetime": "2023-11-30 10:58:20", "elapsed": 0.0, "delta": 0.0}}
{"target": 0.8428571428571429, "params": {"activation_function": 0.2583316875711896, "amount_of_layers": 2.0577636563186568, "batch_size": 69.17892152924782, "dropout_rate": 0.731054826495217, "epochs": 151.7290005164022, "hidden_channels": 90.42725148150721, "learning_rate": 0.023052849301245737, "optimizer": 0.5324976893063884, "pooling_algorithm": 0.969450285650275}, "datetime": {"datetime": "2023-11-30 10:58:24", "elapsed": 3.876091, "delta": 3.876091}}
{"target": 0.65, "params": {"activation_function": 1.5133059449023232, "amount_of_layers": 3.489340931744983, "batch_size": 85.69602715080364, "dropout_rate": 0.3242527302485125, "epochs": 49.40185159298719, "hidden_channels": 93.16753966305258, "learning_rate": 0.060328532537584856, "optimizer": 0.7469333524966295, "pooling_algorithm": 0.5816175192559303}, "datetime": {"datetime": "2023-11-30 10:58:25", "elapsed": 5.645005, "delta": 1.768914}}
{"target": 0.09107142857142857, "params": {"activation_function": 1.9959924977219683, "amount_of_layers": 7.233702652471624, "batch_size": 125.15314007459254, "dropout_rate": 0.4746996782902688, "epochs": 57.719373091976735, "hidden_channels": 69.84235649295955, "learning_rate": 0.039928008165690816, "optimizer": 1.5161992797902433, "pooling_algorithm": 0.5105837533472628}, "datetime": {"datetime": "2023-11-30 10:58:28", "elapsed": 8.535902, "delta": 2.890897}}
{"target": 0.8714285714285714, "params": {"activation_function": 1.733762465466293, "amount_of_layers": 4.471244073710805, "batch_size": 115.44177142117785, "dropout_rate": 0.6457670028220186, "epochs": 67.0063228944438, "hidden_channels": 95.23703381010836, "learning_rate": 0.022617563649505675, "optimizer": 1.4733684788406705, "pooling_algorithm": 0.6284123765873841}, "datetime": {"datetime": "2023-11-30 10:58:31", "elapsed": 10.948459, "delta": 2.412557}}
{"target": 0.5, "params": {"activation_function": 0.8682659122145593, "amount_of_layers": 4.857222359196446, "batch_size": 130.6282004453073, "dropout_rate": 0.4110293793998559, "epochs": 67.73496859512218, "hidden_channels": 65.86655723960955, "learning_rate": 0.04088416670853369, "optimizer": 1.944317141974817, "pooling_algorithm": 0.568406168034412}, "datetime": {"datetime": "2023-11-30 10:58:33", "elapsed": 13.416529, "delta": 2.46807}}
{"target": 0.49642857142857144, "params": {"activation_function": 1.6475327817233596, "amount_of_layers": 1.0917546656388533, "batch_size": 33.701331706810414, "dropout_rate": 0.28524827496399174, "epochs": 104.68569586672177, "hidden_channels": 109.1100633587093, "learning_rate": 0.0518476102044755, "optimizer": 1.477357761356171, "pooling_algorithm": 0.5663849263995889}, "datetime": {"datetime": "2023-11-30 10:58:37", "elapsed": 17.393534, "delta": 3.977005}}
{"target": 0.5, "params": {"activation_function": 0.6104415027394117, "amount_of_layers": 8.252988083343025, "batch_size": 38.38133267636434, "dropout_rate": 0.5540747423706551, "epochs": 81.6737544226424, "hidden_channels": 71.31201220112544, "learning_rate": 0.09350326224996168, "optimizer": 0.7557441122937099, "pooling_algorithm": 0.6614938072553321}, "datetime": {"datetime": "2023-11-30 10:58:45", "elapsed": 25.135338, "delta": 7.741804}}
{"target": 0.5, "params": {"activation_function": 0.4602174934892782, "amount_of_layers": 1.1817168819001953, "batch_size": 93.5625758128896, "dropout_rate": 0.5246047833991192, "epochs": 121.48456747261153, "hidden_channels": 111.89635320511654, "learning_rate": 0.062342553304118205, "optimizer": 1.1101842104023958, "pooling_algorithm": 0.7718061102765126}, "datetime": {"datetime": "2023-11-30 10:58:47", "elapsed": 27.628193, "delta": 2.492855}}
{"target": 0.5, "params": {"activation_function": 0.34777546952746863, "amount_of_layers": 5.558538359016075, "batch_size": 55.72198185074896, "dropout_rate": 0.39809670473587, "epochs": 198.75361799130548, "hidden_channels": 42.364658199605444, "learning_rate": 0.04051531772547894, "optimizer": 0.9712776646787973, "pooling_algorithm": 0.8343456102803887}, "datetime": {"datetime": "2023-11-30 10:58:57", "elapsed": 36.815192, "delta": 9.186999}}
{"target": 0.8964285714285715, "params": {"activation_function": 1.6914573168415512, "amount_of_layers": 4.424396876170233, "batch_size": 91.953525655225, "dropout_rate": 0.27155108728347405, "epochs": 20.463992206040107, "hidden_channels": 80.1848678330003, "learning_rate": 0.07388590019402967, "optimizer": 0.21812015846360056, "pooling_algorithm": 0.898895879420656}, "datetime": {"datetime": "2023-11-30 10:58:57", "elapsed": 37.414901, "delta": 0.599709}}
{"target": 0.5, "params": {"activation_function": 0.15010497696850433, "amount_of_layers": 7.453063811106512, "batch_size": 143.69898766103458, "dropout_rate": 0.6957394078967054, "epochs": 197.59328073368664, "hidden_channels": 75.45056760677464, "learning_rate": 0.0307266844249562, "optimizer": 0.9610467062986543, "pooling_algorithm": 0.8264152189776783}, "datetime": {"datetime": "2023-11-30 10:59:06", "elapsed": 46.046482, "delta": 8.631581}}
{"target": 0.9107142857142858, "params": {"activation_function": 1.9902023633215846, "amount_of_layers": 8.833351020106935, "batch_size": 48.968352435561755, "dropout_rate": 0.30859695343845683, "epochs": 109.91143426285214, "hidden_channels": 9.499758722653612, "learning_rate": 0.027138086588416703, "optimizer": 0.3968069847685969, "pooling_algorithm": 0.8667956649696001}, "datetime": {"datetime": "2023-11-30 10:59:09", "elapsed": 48.992394, "delta": 2.945912}}
{"target": 0.25, "params": {"activation_function": 1.7682890535107445, "amount_of_layers": 1.4993669001782548, "batch_size": 71.8095334141309, "dropout_rate": 0.41988716432587364, "epochs": 155.04666446313848, "hidden_channels": 91.05522272566701, "learning_rate": 0.09694957172648888, "optimizer": 1.2091742139416042, "pooling_algorithm": 0.3966780152193893}, "datetime": {"datetime": "2023-11-30 10:59:12", "elapsed": 51.908598, "delta": 2.916204}}
{"target": 0.5, "params": {"activation_function": 0.37556470519119256, "amount_of_layers": 7.3385421721686965, "batch_size": 134.68707781323596, "dropout_rate": 0.2867347646055255, "epochs": 186.4293720549957, "hidden_channels": 124.27543509562413, "learning_rate": 0.0749639346698869, "optimizer": 1.0864347722115806, "pooling_algorithm": 0.46152160440143}, "datetime": {"datetime": "2023-11-30 10:59:21", "elapsed": 61.187133, "delta": 9.278535}}
{"target": 0.5, "params": {"activation_function": 0.7068978465084694, "amount_of_layers": 1.4918576506958425, "batch_size": 83.14012116006491, "dropout_rate": 0.6820936197345482, "epochs": 174.134435771005, "hidden_channels": 97.37279389049048, "learning_rate": 0.07452655593664485, "optimizer": 1.6070796214132015, "pooling_algorithm": 0.9015937336963737}, "datetime": {"datetime": "2023-11-30 10:59:24", "elapsed": 63.998503, "delta": 2.81137}}
{"target": 0.2589285714285714, "params": {"activation_function": 0.8676432846135229, "amount_of_layers": 5.953326745588667, "batch_size": 107.09666843564239, "dropout_rate": 0.32488595294723877, "epochs": 37.96244098266045, "hidden_channels": 125.18662636126665, "learning_rate": 0.03339173243812626, "optimizer": 1.283664744645292, "pooling_algorithm": 0.2324595382568111}, "datetime": {"datetime": "2023-11-30 10:59:26", "elapsed": 65.84013, "delta": 1.841627}}
{"target": 0.5, "params": {"activation_function": 1.93660574426257, "amount_of_layers": 7.248752501115874, "batch_size": 83.41019603269233, "dropout_rate": 0.36415880652786675, "epochs": 195.218894311336, "hidden_channels": 91.42139310650055, "learning_rate": 0.08185876568038632, "optimizer": 1.2479848884321896, "pooling_algorithm": 0.8755099281210694}, "datetime": {"datetime": "2023-11-30 10:59:36", "elapsed": 76.301318, "delta": 10.461188}}
{"target": 0.8214285714285714, "params": {"activation_function": 1.228388785502631, "amount_of_layers": 2.283163194857151, "batch_size": 67.62980439963681, "dropout_rate": 0.7106932730496869, "epochs": 64.80135544339407, "hidden_channels": 27.23531005603187, "learning_rate": 0.09609235508641706, "optimizer": 1.3361708324272503, "pooling_algorithm": 0.49979982671116563}, "datetime": {"datetime": "2023-11-30 10:59:37", "elapsed": 77.773851, "delta": 1.472533}}
{"target": 0.26071428571428573, "params": {"activation_function": 1.3080838951618738, "amount_of_layers": 4.029161354149197, "batch_size": 83.68416864914914, "dropout_rate": 0.3512744733895742, "epochs": 33.91578623117485, "hidden_channels": 34.531933069810705, "learning_rate": 0.05841528645549336, "optimizer": 0.353368252547394, "pooling_algorithm": 0.024423642371062315}, "datetime": {"datetime": "2023-11-30 10:59:38", "elapsed": 78.677964, "delta": 0.904113}}
{"target": 0.26785714285714285, "params": {"activation_function": 1.4363440815667923, "amount_of_layers": 6.446779238890541, "batch_size": 117.29058863709956, "dropout_rate": 0.3305274811932373, "epochs": 38.25864986311529, "hidden_channels": 30.315268164629547, "learning_rate": 0.011606205168092087, "optimizer": 1.236931534971013, "pooling_algorithm": 0.43448120545416835}, "datetime": {"datetime": "2023-11-30 10:59:40", "elapsed": 80.052603, "delta": 1.374639}}
{"target": 0.5, "params": {"activation_function": 0.07854983379647895, "amount_of_layers": 3.9065828128553255, "batch_size": 147.05955951810728, "dropout_rate": 0.25643816732920316, "epochs": 64.2737242442548, "hidden_channels": 107.29361606996441, "learning_rate": 0.053373217507578015, "optimizer": 1.5720566436299241, "pooling_algorithm": 0.013044748833626496}, "datetime": {"datetime": "2023-11-30 10:59:42", "elapsed": 81.910351, "delta": 1.857748}}
{"target": 0.8321428571428572, "params": {"activation_function": 1.706455862364743, "amount_of_layers": 2.1779928094312373, "batch_size": 125.440600182926, "dropout_rate": 0.5363840919701718, "epochs": 115.62062463352582, "hidden_channels": 98.91246313048373, "learning_rate": 0.08811879554115114, "optimizer": 0.3678101439743897, "pooling_algorithm": 0.026888255702826047}, "datetime": {"datetime": "2023-11-30 10:59:44", "elapsed": 84.244434, "delta": 2.334083}}
{"target": 0.9071428571428573, "params": {"activation_function": 0.11706236984089302, "amount_of_layers": 4.468255763327306, "batch_size": 81.40547348639018, "dropout_rate": 0.32881909312769975, "epochs": 156.76359226840617, "hidden_channels": 89.76550028626444, "learning_rate": 0.05873589138619932, "optimizer": 0.46184561510433375, "pooling_algorithm": 0.7228828528217142}, "datetime": {"datetime": "2023-11-30 10:59:49", "elapsed": 88.934917, "delta": 4.690483}}
{"target": 0.7928571428571429, "params": {"activation_function": 1.8879255123210916, "amount_of_layers": 5.845914582398619, "batch_size": 123.87295728414468, "dropout_rate": 0.6871503563466753, "epochs": 139.3147403014728, "hidden_channels": 54.48028183606792, "learning_rate": 0.055761749158385644, "optimizer": 0.4634350654694155, "pooling_algorithm": 0.46583923994307275}, "datetime": {"datetime": "2023-11-30 10:59:53", "elapsed": 93.753315, "delta": 4.818398}}
{"target": 0.5, "params": {"activation_function": 0.9442493449336855, "amount_of_layers": 3.6211698589492114, "batch_size": 76.04001309819557, "dropout_rate": 0.2613888164792834, "epochs": 145.75700983590872, "hidden_channels": 75.52062737768945, "learning_rate": 0.0960523700362665, "optimizer": 1.1568974167839159, "pooling_algorithm": 0.5739254250890237}, "datetime": {"datetime": "2023-11-30 10:59:58", "elapsed": 98.557375, "delta": 4.80406}}
{"target": 0.5, "params": {"activation_function": 0.9713963678065645, "amount_of_layers": 4.218304944243715, "batch_size": 75.69180006893927, "dropout_rate": 0.3437477846810544, "epochs": 163.90346264533943, "hidden_channels": 47.68508553363654, "learning_rate": 0.08933436995545319, "optimizer": 1.5139910141434965, "pooling_algorithm": 0.8028840684737982}, "datetime": {"datetime": "2023-11-30 11:00:03", "elapsed": 103.542385, "delta": 4.98501}}
{"target": 0.9035714285714286, "params": {"activation_function": 1.0006073696260276, "amount_of_layers": 7.214160292108312, "batch_size": 56.48705814705819, "dropout_rate": 0.7279679985121533, "epochs": 185.57711984180503, "hidden_channels": 85.69571557746127, "learning_rate": 0.03944889354692327, "optimizer": 0.0005687606381454824, "pooling_algorithm": 0.769302433929747}, "datetime": {"datetime": "2023-11-30 11:00:14", "elapsed": 114.663872, "delta": 11.121487}}
{"target": 0.9107142857142857, "params": {"activation_function": 0.494964225947929, "amount_of_layers": 2.279030604344408, "batch_size": 66.17391881586974, "dropout_rate": 0.2755263861199422, "epochs": 170.10318889295127, "hidden_channels": 75.13270234800693, "learning_rate": 0.07901986193573497, "optimizer": 0.05085134817615611, "pooling_algorithm": 0.5526578962529306}, "datetime": {"datetime": "2023-11-30 11:00:19", "elapsed": 118.840579, "delta": 4.176707}}
{"target": 0.7375, "params": {"activation_function": 0.7503144733856046, "amount_of_layers": 8.521935985983824, "batch_size": 125.57052680937747, "dropout_rate": 0.47521319147157676, "epochs": 76.95157951038051, "hidden_channels": 40.14183550230211, "learning_rate": 0.0638229162919998, "optimizer": 0.6481660564417646, "pooling_algorithm": 0.16345312972673476}, "datetime": {"datetime": "2023-11-30 11:00:22", "elapsed": 122.680367, "delta": 3.839788}}
{"target": 0.5, "params": {"activation_function": 1.4432062790885622, "amount_of_layers": 2.1433214782899066, "batch_size": 120.14581271349888, "dropout_rate": 0.5770836384007647, "epochs": 176.0351180851326, "hidden_channels": 91.94447394066397, "learning_rate": 0.08444315593613605, "optimizer": 1.4484578463514055, "pooling_algorithm": 0.5011940054563565}, "datetime": {"datetime": "2023-11-30 11:00:26", "elapsed": 126.62705, "delta": 3.946683}}
{"target": 0.9017857142857143, "params": {"activation_function": 0.858648937036643, "amount_of_layers": 1.5384184174767643, "batch_size": 113.83687805091073, "dropout_rate": 0.41376361238936954, "epochs": 118.12746505019147, "hidden_channels": 41.49500186067255, "learning_rate": 0.01483137361810494, "optimizer": 1.0929376930037078, "pooling_algorithm": 0.9797945736630572}, "datetime": {"datetime": "2023-11-30 11:00:29", "elapsed": 128.865106, "delta": 2.238056}}
{"target": 0.5, "params": {"activation_function": 0.3826411595591086, "amount_of_layers": 7.517468237767049, "batch_size": 86.19749483941469, "dropout_rate": 0.43766028602217427, "epochs": 16.815228408159278, "hidden_channels": 96.18287982993084, "learning_rate": 0.09498799175839524, "optimizer": 1.3489472207567534, "pooling_algorithm": 0.6842105824924466}, "datetime": {"datetime": "2023-11-30 11:00:30", "elapsed": 129.886497, "delta": 1.021391}}
{"target": 0.26428571428571423, "params": {"activation_function": 1.8353773922786842, "amount_of_layers": 4.389656591817973, "batch_size": 31.8289923731351, "dropout_rate": 0.3239286463598602, "epochs": 25.0216970595817, "hidden_channels": 102.29726285251682, "learning_rate": 0.08497272980601073, "optimizer": 1.5251521070399945, "pooling_algorithm": 0.09396491891744496}, "datetime": {"datetime": "2023-11-30 11:00:31", "elapsed": 131.478905, "delta": 1.592408}}
{"target": 0.5, "params": {"activation_function": 1.2740192621393414, "amount_of_layers": 4.7796486608940985, "batch_size": 66.27685115119957, "dropout_rate": 0.5272112777512992, "epochs": 114.08588492507, "hidden_channels": 121.15470610660932, "learning_rate": 0.09960434508450992, "optimizer": 1.7962900670814936, "pooling_algorithm": 0.33566208379152396}, "datetime": {"datetime": "2023-11-30 11:00:38", "elapsed": 138.466158, "delta": 6.987253}}
{"target": 0.7339285714285715, "params": {"activation_function": 0.6638074094587916, "amount_of_layers": 2.381866185538941, "batch_size": 42.766578810827866, "dropout_rate": 0.39351249305058167, "epochs": 21.182248862410308, "hidden_channels": 65.82326190811177, "learning_rate": 0.045388422579237975, "optimizer": 1.060088773234195, "pooling_algorithm": 0.263108916821314}, "datetime": {"datetime": "2023-11-30 11:00:39", "elapsed": 139.193165, "delta": 0.727007}}
{"target": 0.5, "params": {"activation_function": 0.5930712678401886, "amount_of_layers": 4.071641031825054, "batch_size": 116.08751586434411, "dropout_rate": 0.5419259395079181, "epochs": 97.18395723594331, "hidden_channels": 13.352931192649352, "learning_rate": 0.07623879787307665, "optimizer": 1.8959899613625204, "pooling_algorithm": 0.7724466534516559}, "datetime": {"datetime": "2023-11-30 11:00:41", "elapsed": 141.145176, "delta": 1.952011}}
{"target": 0.6678571428571428, "params": {"activation_function": 1.9405930251628536, "amount_of_layers": 8.120579498399945, "batch_size": 84.52508651454679, "dropout_rate": 0.3761868776936362, "epochs": 141.3381211058404, "hidden_channels": 125.3597846324633, "learning_rate": 0.060827748071545354, "optimizer": 0.6015570649055728, "pooling_algorithm": 0.3106696221148839}, "datetime": {"datetime": "2023-11-30 11:00:49", "elapsed": 149.249916, "delta": 8.10474}}
{"target": 0.2660714285714285, "params": {"activation_function": 0.8130147682817683, "amount_of_layers": 4.659511798074054, "batch_size": 105.870911197145, "dropout_rate": 0.6609399104929776, "epochs": 27.783503689493525, "hidden_channels": 110.74445249592867, "learning_rate": 0.03638576309588973, "optimizer": 1.426908470621576, "pooling_algorithm": 0.4819906595225698}, "datetime": {"datetime": "2023-11-30 11:00:50", "elapsed": 150.449339, "delta": 1.199423}}
{"target": 0.5, "params": {"activation_function": 0.3878657191034136, "amount_of_layers": 8.256479787639774, "batch_size": 135.14746924435033, "dropout_rate": 0.4569377672266382, "epochs": 195.77226107078909, "hidden_channels": 55.159788402652275, "learning_rate": 0.04925968751399733, "optimizer": 0.9000590958662378, "pooling_algorithm": 0.44849212943093575}, "datetime": {"datetime": "2023-11-30 11:00:59", "elapsed": 159.657521, "delta": 9.208182}}
{"target": 0.5, "params": {"activation_function": 0.3487059857329553, "amount_of_layers": 6.969177039253039, "batch_size": 118.11022012795553, "dropout_rate": 0.3843500483909958, "epochs": 74.52598612906996, "hidden_channels": 98.77417498617325, "learning_rate": 0.056428890880212544, "optimizer": 0.7001827575045971, "pooling_algorithm": 0.6848132961049369}, "datetime": {"datetime": "2023-11-30 11:01:03", "elapsed": 163.253331, "delta": 3.59581}}
{"target": 0.2785714285714286, "params": {"activation_function": 0.08798069482693727, "amount_of_layers": 6.902611407718605, "batch_size": 84.97634071328646, "dropout_rate": 0.6721135180884699, "epochs": 188.81935295430299, "hidden_channels": 36.209931198365354, "learning_rate": 0.05017977219015212, "optimizer": 0.23652309582425657, "pooling_algorithm": 0.14843118221984208}, "datetime": {"datetime": "2023-11-30 11:01:10", "elapsed": 170.517633, "delta": 7.264302}}
{"target": 0.7321428571428572, "params": {"activation_function": 1.2617488477955143, "amount_of_layers": 8.487498631446801, "batch_size": 84.20664281719165, "dropout_rate": 0.5096025760308056, "epochs": 49.88340496050392, "hidden_channels": 89.91697586508677, "learning_rate": 0.0885701585804946, "optimizer": 0.4403351603818071, "pooling_algorithm": 0.12398867877693298}, "datetime": {"datetime": "2023-11-30 11:01:13", "elapsed": 173.161569, "delta": 2.643936}}
{"target": 0.2607142857142857, "params": {"activation_function": 1.2883618851085736, "amount_of_layers": 6.275680032669873, "batch_size": 99.67064545385418, "dropout_rate": 0.35926297897704934, "epochs": 17.198917888431197, "hidden_channels": 33.768440244313496, "learning_rate": 0.04295154664358086, "optimizer": 1.5066500894650023, "pooling_algorithm": 0.015449862041386209}, "datetime": {"datetime": "2023-11-30 11:01:14", "elapsed": 173.849024, "delta": 0.687455}}
{"target": 0.8142857142857143, "params": {"activation_function": 0.12702143562908108, "amount_of_layers": 7.549785738257853, "batch_size": 86.44985441498486, "dropout_rate": 0.5243378443250304, "epochs": 94.2340859377147, "hidden_channels": 30.99730653429264, "learning_rate": 0.03208296460543139, "optimizer": 0.555017302461515, "pooling_algorithm": 0.3449572339956588}, "datetime": {"datetime": "2023-11-30 11:01:18", "elapsed": 177.890372, "delta": 4.041348}}
{"target": 0.5, "params": {"activation_function": 0.23321397438725522, "amount_of_layers": 6.985574524766828, "batch_size": 112.74646987576438, "dropout_rate": 0.3976474706486799, "epochs": 117.78289563811491, "hidden_channels": 21.693663452651283, "learning_rate": 0.02013349740304241, "optimizer": 1.8881219328699157, "pooling_algorithm": 0.6976731760381911}, "datetime": {"datetime": "2023-11-30 11:01:22", "elapsed": 182.091901, "delta": 4.201529}}
{"target": 0.9, "params": {"activation_function": 0.5341663758373771, "amount_of_layers": 5.956314253941009, "batch_size": 44.11041323717329, "dropout_rate": 0.5097077841484925, "epochs": 22.32539418478669, "hidden_channels": 7.002909786646489, "learning_rate": 0.058795514571013674, "optimizer": 0.28294078717907856, "pooling_algorithm": 0.9752861462856407}, "datetime": {"datetime": "2023-11-30 11:01:22", "elapsed": 182.606054, "delta": 0.514153}}
{"target": 0.9071428571428573, "params": {"activation_function": 0.25585105776593586, "amount_of_layers": 5.403219898922636, "batch_size": 43.557366004696135, "dropout_rate": 0.3997324560994922, "epochs": 107.5602683340111, "hidden_channels": 83.57411818072362, "learning_rate": 0.0915402210185707, "optimizer": 0.09129642003669325, "pooling_algorithm": 0.5323232331651899}, "datetime": {"datetime": "2023-11-30 11:01:28", "elapsed": 188.352736, "delta": 5.746682}}
