{"target": 0.5, "params": {"activation_function": 0.6092968957370184, "amount_of_layers": 3.048720882516867, "batch_size": 88.56797651991292, "dropout_rate": 0.31630799765499046, "epochs": 48.48669619040882, "hidden_channels": 109.1305449973382, "learning_rate": 0.02827222711850657, "optimizer": 1.4259735604567467, "pooling_algorithm": 0.8269547211862641}, "datetime": {"datetime": "2023-11-30 10:28:42", "elapsed": 363.608558, "delta": 1.315301}}
{"target": 0.7339285714285714, "params": {"activation_function": 0.5916662077658792, "amount_of_layers": 7.131234661866465, "batch_size": 44.20346456586111, "dropout_rate": 0.2995606425944771, "epochs": 66.68329076146131, "hidden_channels": 82.71591848513198, "learning_rate": 0.038181190846447104, "optimizer": 1.494379947329576, "pooling_algorithm": 0.04104039777747015}, "datetime": {"datetime": "2023-11-30 10:28:46", "elapsed": 367.883372, "delta": 4.274814}}
{"target": 0.2089285714285714, "params": {"activation_function": 0.8136279144195346, "amount_of_layers": 1.0820429444716986, "batch_size": 105.43605072203026, "dropout_rate": 0.4397712739195417, "epochs": 25.086989547024345, "hidden_channels": 101.60451274118874, "learning_rate": 0.08248419211443773, "optimizer": 1.2787781750480811, "pooling_algorithm": 0.29821507326991714}, "datetime": {"datetime": "2023-11-30 10:28:47", "elapsed": 368.51798, "delta": 0.634608}}
{"target": 0.45, "params": {"activation_function": 0.8201361845086907, "amount_of_layers": 8.576872990592676, "batch_size": 96.21547165595233, "dropout_rate": 0.3136967646475756, "epochs": 50.48965142674267, "hidden_channels": 18.352145455899482, "learning_rate": 0.06839654726472563, "optimizer": 0.8810323645300471, "pooling_algorithm": 0.8012057916102823}, "datetime": {"datetime": "2023-11-30 10:28:49", "elapsed": 370.663877, "delta": 2.145897}}
{"target": 0.5, "params": {"activation_function": 0.9550217900146656, "amount_of_layers": 4.725905710876309, "batch_size": 91.63270792184228, "dropout_rate": 0.2846475415745565, "epochs": 73.29632594390435, "hidden_channels": 109.42312057492833, "learning_rate": 0.06602109028565699, "optimizer": 1.6880265357540343, "pooling_algorithm": 0.3245215919899508}, "datetime": {"datetime": "2023-11-30 10:28:52", "elapsed": 373.196126, "delta": 2.532249}}
{"target": 0.5, "params": {"activation_function": 0.11886089884663598, "amount_of_layers": 2.6966474591271883, "batch_size": 92.16848930697388, "dropout_rate": 0.5371125085307807, "epochs": 26.721789442855513, "hidden_channels": 125.49111376684976, "learning_rate": 0.05056079869902214, "optimizer": 1.8876153837501413, "pooling_algorithm": 0.07219392956727322}, "datetime": {"datetime": "2023-11-30 10:28:52", "elapsed": 374.030234, "delta": 0.834108}}
{"target": 0.09999999999999999, "params": {"activation_function": 1.7663479428876874, "amount_of_layers": 5.182377057693255, "batch_size": 112.84835606139195, "dropout_rate": 0.6711049782012359, "epochs": 168.1777554482297, "hidden_channels": 8.024893809692216, "learning_rate": 0.020137094801768236, "optimizer": 1.7793814637654235, "pooling_algorithm": 0.8350211159895052}, "datetime": {"datetime": "2023-11-30 10:28:57", "elapsed": 378.902472, "delta": 4.872238}}
{"target": 0.9035714285714286, "params": {"activation_function": 0.7037976189166995, "amount_of_layers": 2.5919360484354863, "batch_size": 47.68888412863936, "dropout_rate": 0.3308203611331924, "epochs": 37.37203505811857, "hidden_channels": 110.48159451698501, "learning_rate": 0.0924060330191495, "optimizer": 0.4236316815138972, "pooling_algorithm": 0.6890190267143649}, "datetime": {"datetime": "2023-11-30 10:28:59", "elapsed": 380.665769, "delta": 1.763297}}
{"target": 0.7375, "params": {"activation_function": 0.767529732880798, "amount_of_layers": 8.952995417471701, "batch_size": 18.475973750802233, "dropout_rate": 0.6118373205579721, "epochs": 76.85404335291227, "hidden_channels": 103.93613491766138, "learning_rate": 0.0378004458249104, "optimizer": 1.929888076900409, "pooling_algorithm": 0.2520946572213868}, "datetime": {"datetime": "2023-11-30 10:29:10", "elapsed": 391.095261, "delta": 10.429492}}
{"target": 0.5928571428571427, "params": {"activation_function": 0.1563414948686681, "amount_of_layers": 7.877585629450665, "batch_size": 34.03156893314991, "dropout_rate": 0.25039409969331095, "epochs": 49.1366241014965, "hidden_channels": 6.480161071179698, "learning_rate": 0.08742442793519754, "optimizer": 1.2276645980580665, "pooling_algorithm": 0.4863268144454751}, "datetime": {"datetime": "2023-11-30 10:29:13", "elapsed": 394.968512, "delta": 3.873251}}
{"target": 0.2589285714285714, "params": {"activation_function": 1.501216988150927, "amount_of_layers": 4.6251605622958865, "batch_size": 84.08918276192331, "dropout_rate": 0.4297011609180736, "epochs": 101.81255573422479, "hidden_channels": 19.189750497136625, "learning_rate": 0.047147811155279384, "optimizer": 1.8663249961618809, "pooling_algorithm": 0.36313900238191543}, "datetime": {"datetime": "2023-11-30 10:29:16", "elapsed": 397.583969, "delta": 2.615457}}
{"target": 0.6035714285714285, "params": {"activation_function": 1.83367319953342, "amount_of_layers": 5.497543586513357, "batch_size": 92.49540815243516, "dropout_rate": 0.44310355183293487, "epochs": 18.442847541924888, "hidden_channels": 46.93127156585261, "learning_rate": 0.045859412944105296, "optimizer": 0.31767868754346984, "pooling_algorithm": 0.4620863852496998}, "datetime": {"datetime": "2023-11-30 10:29:17", "elapsed": 398.17585, "delta": 0.591881}}
{"target": 0.35, "params": {"activation_function": 1.8900396980359646, "amount_of_layers": 4.8023873771087775, "batch_size": 52.254205021876494, "dropout_rate": 0.43964657565631204, "epochs": 195.5615215164324, "hidden_channels": 71.4133094482429, "learning_rate": 0.04932832028183099, "optimizer": 1.3795466734831752, "pooling_algorithm": 0.523167843754146}, "datetime": {"datetime": "2023-11-30 10:29:24", "elapsed": 405.260091, "delta": 7.084241}}
{"target": 0.5, "params": {"activation_function": 1.3112907450802853, "amount_of_layers": 4.914092870935592, "batch_size": 60.174877837964374, "dropout_rate": 0.2530640018697429, "epochs": 188.7205288025074, "hidden_channels": 85.06025575719234, "learning_rate": 0.028125646013366198, "optimizer": 0.9419440411439848, "pooling_algorithm": 0.7944870549456445}, "datetime": {"datetime": "2023-11-30 10:29:31", "elapsed": 412.676571, "delta": 7.41648}}
{"target": 0.5, "params": {"activation_function": 0.09007653828675188, "amount_of_layers": 4.570506523156679, "batch_size": 141.62736104032737, "dropout_rate": 0.2784535594950301, "epochs": 98.76119308319679, "hidden_channels": 29.487468582271244, "learning_rate": 0.07315415328039812, "optimizer": 0.8609801052444925, "pooling_algorithm": 0.9273081669088812}, "datetime": {"datetime": "2023-11-30 10:29:34", "elapsed": 415.642465, "delta": 2.965894}}
{"target": 0.5, "params": {"activation_function": 1.3144234723369164, "amount_of_layers": 3.441455831835043, "batch_size": 142.98065284027138, "dropout_rate": 0.3896493358036388, "epochs": 195.10860164341815, "hidden_channels": 87.97830743667518, "learning_rate": 0.04260362802576553, "optimizer": 1.1923665551066873, "pooling_algorithm": 0.8391153540159167}, "datetime": {"datetime": "2023-11-30 10:29:38", "elapsed": 419.932036, "delta": 4.289571}}
{"target": 0.7928571428571429, "params": {"activation_function": 0.41338350483309494, "amount_of_layers": 2.85019753220888, "batch_size": 20.582455105728492, "dropout_rate": 0.6102702445322425, "epochs": 107.52552061082504, "hidden_channels": 27.415752664655383, "learning_rate": 0.0526760588298561, "optimizer": 0.01923146207010351, "pooling_algorithm": 0.016742210186040496}, "datetime": {"datetime": "2023-11-30 10:29:45", "elapsed": 426.103007, "delta": 6.170971}}
{"target": 0.9035714285714286, "params": {"activation_function": 1.1144312266065817, "amount_of_layers": 6.265617550017678, "batch_size": 148.0783944830882, "dropout_rate": 0.4946801301021207, "epochs": 181.45895109888536, "hidden_channels": 97.43092481715149, "learning_rate": 0.05218163318784272, "optimizer": 0.41590854086037066, "pooling_algorithm": 0.553078331255616}, "datetime": {"datetime": "2023-11-30 10:29:50", "elapsed": 431.338669, "delta": 5.235662}}
{"target": 0.5, "params": {"activation_function": 0.10437034944025725, "amount_of_layers": 4.7008136957998365, "batch_size": 27.78723031506804, "dropout_rate": 0.7425587777738356, "epochs": 159.51252973149946, "hidden_channels": 28.041020767802138, "learning_rate": 0.03942142757260653, "optimizer": 0.5237907734295033, "pooling_algorithm": 0.5303676026046592}, "datetime": {"datetime": "2023-11-30 10:30:01", "elapsed": 442.332567, "delta": 10.993898}}
{"target": 0.5, "params": {"activation_function": 0.9756846786581141, "amount_of_layers": 8.819859495276393, "batch_size": 27.58551122106418, "dropout_rate": 0.46190179754131444, "epochs": 56.62708969929889, "hidden_channels": 42.24033042455142, "learning_rate": 0.06770224658179372, "optimizer": 1.521117869024693, "pooling_algorithm": 0.5227790957386214}, "datetime": {"datetime": "2023-11-30 10:30:06", "elapsed": 447.624061, "delta": 5.291494}}
{"target": 0.7392857142857143, "params": {"activation_function": 1.291937802523771, "amount_of_layers": 4.283009306474751, "batch_size": 22.04978376367498, "dropout_rate": 0.26384125971631356, "epochs": 45.92482336696405, "hidden_channels": 26.919825052386845, "learning_rate": 0.024395004500767457, "optimizer": 1.565938444855881, "pooling_algorithm": 0.4581301517205627}, "datetime": {"datetime": "2023-11-30 10:30:09", "elapsed": 450.845775, "delta": 3.221714}}
{"target": 0.7392857142857143, "params": {"activation_function": 1.7937993125744287, "amount_of_layers": 5.310778779351821, "batch_size": 36.96090557342936, "dropout_rate": 0.7297544920615229, "epochs": 76.83143164939312, "hidden_channels": 97.23556512370767, "learning_rate": 0.02586095482231263, "optimizer": 0.45711930165679915, "pooling_algorithm": 0.4985400660838477}, "datetime": {"datetime": "2023-11-30 10:30:14", "elapsed": 455.284079, "delta": 4.438304}}
{"target": 0.5, "params": {"activation_function": 1.1418879616411588, "amount_of_layers": 8.390036019449074, "batch_size": 131.83091362723712, "dropout_rate": 0.5681680456907532, "epochs": 12.588762518022762, "hidden_channels": 93.22325198974768, "learning_rate": 0.06879499256808382, "optimizer": 1.3201602638083003, "pooling_algorithm": 0.5958427577359234}, "datetime": {"datetime": "2023-11-30 10:30:14", "elapsed": 455.92775, "delta": 0.643671}}
{"target": 0.5, "params": {"activation_function": 1.5092070203003445, "amount_of_layers": 3.6356970211365702, "batch_size": 60.25092114422205, "dropout_rate": 0.29781368155662197, "epochs": 194.55635841202113, "hidden_channels": 119.55192135201781, "learning_rate": 0.013291266751700163, "optimizer": 1.5548088450948736, "pooling_algorithm": 0.7884814398953192}, "datetime": {"datetime": "2023-11-30 10:30:20", "elapsed": 461.704402, "delta": 5.776652}}
{"target": 0.27499999999999997, "params": {"activation_function": 1.217180600250287, "amount_of_layers": 8.54412656421176, "batch_size": 144.54114182955303, "dropout_rate": 0.3128324259026627, "epochs": 91.22218802390752, "hidden_channels": 112.50617773146436, "learning_rate": 0.030947986411112408, "optimizer": 1.9774328794871774, "pooling_algorithm": 0.16178118561014954}, "datetime": {"datetime": "2023-11-30 10:30:23", "elapsed": 464.607501, "delta": 2.903099}}
