{"target": 0.5, "params": {"activation_function": 1.0327972554048923, "amount_of_layers": 5.565340694945118, "batch_size": 19.81554634806499, "dropout_rate": 0.33576082811255153, "epochs": 140.2026265224894, "hidden_channels": 128.0, "learning_rate": 0.01, "optimizer": 1.7872261593667946, "pooling_algorithm": 0.7215438617683047}, "datetime": {"datetime": "2023-11-29 09:22:26", "elapsed": 0.0, "delta": 0.0}}
{"target": 0.9178571428571429, "params": {"activation_function": 0.37987790840959357, "amount_of_layers": 5.433820728998297, "batch_size": 63.18568183956629, "dropout_rate": 0.34094620133003933, "epochs": 159.26433475422817, "hidden_channels": 128.0, "learning_rate": 0.01, "optimizer": 0.16712286732668735, "pooling_algorithm": 0.6035484222912185}, "datetime": {"datetime": "2023-11-29 09:22:32", "elapsed": 5.486709, "delta": 5.486709}}
{"target": 0.5, "params": {"activation_function": 1.4579855145752356, "amount_of_layers": 3.2099106279781022, "batch_size": 107.83104805654389, "dropout_rate": 0.5089337370985236, "epochs": 19.21206211101611, "hidden_channels": 128.0, "learning_rate": 0.01, "optimizer": 1.988635802308194, "pooling_algorithm": 0.5206653966849669}, "datetime": {"datetime": "2023-11-29 09:22:32", "elapsed": 5.967296, "delta": 0.480587}}
{"target": 0.2625, "params": {"activation_function": 1.1575790709508338, "amount_of_layers": 6.878552466155055, "batch_size": 88.62287747876553, "dropout_rate": 0.7065767788378843, "epochs": 163.50482868770425, "hidden_channels": 128.0, "learning_rate": 0.01, "optimizer": 1.9057534294217464, "pooling_algorithm": 0.3436315778925598}, "datetime": {"datetime": "2023-11-29 09:22:37", "elapsed": 10.986969, "delta": 5.019673}}
{"target": 0.7392857142857143, "params": {"activation_function": 1.730199632636656, "amount_of_layers": 7.642221697590376, "batch_size": 88.1136341991727, "dropout_rate": 0.7112346862836119, "epochs": 28.457831155352956, "hidden_channels": 128.0, "learning_rate": 0.01, "optimizer": 1.7809597382568627, "pooling_algorithm": 0.15956030089820405}, "datetime": {"datetime": "2023-11-29 09:22:38", "elapsed": 11.883155, "delta": 0.896186}}
{"target": 0.26071428571428573, "params": {"activation_function": 0.5511450897939072, "amount_of_layers": 6.379932237254445, "batch_size": 38.01661861870281, "dropout_rate": 0.6006855683045431, "epochs": 102.65069221908834, "hidden_channels": 128.0, "learning_rate": 0.01, "optimizer": 0.08679338886816867, "pooling_algorithm": 0.22393660350197764}, "datetime": {"datetime": "2023-11-29 09:22:43", "elapsed": 16.717653, "delta": 4.834498}}
{"target": 0.5, "params": {"activation_function": 1.150410173736026, "amount_of_layers": 1.9634692810183392, "batch_size": 83.0156396493063, "dropout_rate": 0.319004784129448, "epochs": 20.03359620696058, "hidden_channels": 128.0, "learning_rate": 0.01, "optimizer": 1.7551746492552696, "pooling_algorithm": 0.949264128985194}, "datetime": {"datetime": "2023-11-29 09:22:44", "elapsed": 17.09893, "delta": 0.381277}}
{"target": 0.5, "params": {"activation_function": 0.9563348335791388, "amount_of_layers": 4.688954738291478, "batch_size": 101.39673015632584, "dropout_rate": 0.4123039982187685, "epochs": 32.33983767531887, "hidden_channels": 128.0, "learning_rate": 0.01, "optimizer": 1.6245317898223288, "pooling_algorithm": 0.6702604203336356}, "datetime": {"datetime": "2023-11-29 09:22:44", "elapsed": 17.969472, "delta": 0.870542}}
{"target": 0.9071428571428571, "params": {"activation_function": 1.3035354069527387, "amount_of_layers": 4.396551548494275, "batch_size": 103.98377505073647, "dropout_rate": 0.3545807494304624, "epochs": 135.3856585847618, "hidden_channels": 128.0, "learning_rate": 0.01, "optimizer": 0.18751371173851594, "pooling_algorithm": 0.7845218499756547}, "datetime": {"datetime": "2023-11-29 09:22:47", "elapsed": 21.020825, "delta": 3.051353}}
{"target": 0.9071428571428571, "params": {"activation_function": 1.3744840751533773, "amount_of_layers": 6.56062797206481, "batch_size": 82.58011362596342, "dropout_rate": 0.7376805635170689, "epochs": 48.67024791428901, "hidden_channels": 128.0, "learning_rate": 0.01, "optimizer": 0.09633777088402762, "pooling_algorithm": 0.9039713574526119}, "datetime": {"datetime": "2023-11-29 09:22:49", "elapsed": 22.437898, "delta": 1.417073}}
{"target": 0.9178571428571429, "params": {"activation_function": 0.16020707734826556, "amount_of_layers": 5.857730174288784, "batch_size": 100.53345828662277, "dropout_rate": 0.4389709659482013, "epochs": 12.51579210641534, "hidden_channels": 128.0, "learning_rate": 0.01, "optimizer": 1.1033316901527086, "pooling_algorithm": 0.7105381400635509}, "datetime": {"datetime": "2023-11-29 09:22:49", "elapsed": 22.854101, "delta": 0.416203}}
{"target": 0.25892857142857145, "params": {"activation_function": 1.350557701438059, "amount_of_layers": 6.556517318179562, "batch_size": 61.88920689350807, "dropout_rate": 0.4561952818361803, "epochs": 55.560283452614286, "hidden_channels": 128.0, "learning_rate": 0.01, "optimizer": 0.2946232253881029, "pooling_algorithm": 0.12934043985325783}, "datetime": {"datetime": "2023-11-29 09:22:52", "elapsed": 25.205237, "delta": 2.351136}}
{"target": 0.807142857142857, "params": {"activation_function": 1.8881121009223731, "amount_of_layers": 3.811474116105786, "batch_size": 114.29806016451559, "dropout_rate": 0.7069447633825208, "epochs": 143.1876239006766, "hidden_channels": 128.0, "learning_rate": 0.01, "optimizer": 1.472982662535717, "pooling_algorithm": 0.23846438799446357}, "datetime": {"datetime": "2023-11-29 09:22:55", "elapsed": 28.760503, "delta": 3.555266}}
{"target": 0.2607142857142857, "params": {"activation_function": 1.6475474565403856, "amount_of_layers": 7.0849075614581825, "batch_size": 68.89101592098555, "dropout_rate": 0.35009395864941256, "epochs": 145.39332991993487, "hidden_channels": 128.0, "learning_rate": 0.01, "optimizer": 0.8739602380164742, "pooling_algorithm": 0.3565976642692964}, "datetime": {"datetime": "2023-11-29 09:23:01", "elapsed": 34.904301, "delta": 6.143798}}
{"target": 0.5, "params": {"activation_function": 0.4794748136739819, "amount_of_layers": 6.227025130017049, "batch_size": 68.3188529048019, "dropout_rate": 0.5788915089485867, "epochs": 78.83193745991618, "hidden_channels": 128.0, "learning_rate": 0.01, "optimizer": 1.9746255010627873, "pooling_algorithm": 0.02330549239862112}, "datetime": {"datetime": "2023-11-29 09:23:04", "elapsed": 38.015512, "delta": 3.111211}}
{"target": 0.4214285714285714, "params": {"activation_function": 1.0961608917124626, "amount_of_layers": 5.487263155177968, "batch_size": 26.01712814609322, "dropout_rate": 0.6961355044886304, "epochs": 31.018353192327954, "hidden_channels": 128.0, "learning_rate": 0.01, "optimizer": 1.4217055783072332, "pooling_algorithm": 0.8813295051266552}, "datetime": {"datetime": "2023-11-29 09:23:06", "elapsed": 39.995893, "delta": 1.980381}}
{"target": 0.2589285714285714, "params": {"activation_function": 1.3905799260992648, "amount_of_layers": 3.1293815921112778, "batch_size": 137.93514918271774, "dropout_rate": 0.5398091812340435, "epochs": 78.340510040509, "hidden_channels": 128.0, "learning_rate": 0.01, "optimizer": 1.560888210981539, "pooling_algorithm": 0.0455096611583109}, "datetime": {"datetime": "2023-11-29 09:23:08", "elapsed": 41.939922, "delta": 1.944029}}
{"target": 0.45, "params": {"activation_function": 1.7700823770912197, "amount_of_layers": 3.211369765914328, "batch_size": 93.84386976138086, "dropout_rate": 0.7053311313412673, "epochs": 198.59229882719637, "hidden_channels": 128.0, "learning_rate": 0.01, "optimizer": 1.0343212124098822, "pooling_algorithm": 0.9453820859018347}, "datetime": {"datetime": "2023-11-29 09:23:13", "elapsed": 46.410992, "delta": 4.47107}}
{"target": 0.5, "params": {"activation_function": 1.093862168628814, "amount_of_layers": 3.1132930387910935, "batch_size": 102.72660642742848, "dropout_rate": 0.48149269822171115, "epochs": 129.8913588926928, "hidden_channels": 128.0, "learning_rate": 0.01, "optimizer": 1.468990777633363, "pooling_algorithm": 0.7996613662032263}, "datetime": {"datetime": "2023-11-29 09:23:16", "elapsed": 49.083168, "delta": 2.672176}}
{"target": 0.5, "params": {"activation_function": 1.7532433174859468, "amount_of_layers": 3.4209904142638505, "batch_size": 97.64240311907619, "dropout_rate": 0.2925005417919383, "epochs": 70.64378694961187, "hidden_channels": 128.0, "learning_rate": 0.01, "optimizer": 1.7814151042813882, "pooling_algorithm": 0.6899099022836711}, "datetime": {"datetime": "2023-11-29 09:23:17", "elapsed": 50.749267, "delta": 1.666099}}
{"target": 0.8892857142857143, "params": {"activation_function": 0.04769557193812912, "amount_of_layers": 6.824889804282627, "batch_size": 93.69576160322428, "dropout_rate": 0.28616552649630866, "epochs": 122.39347302255847, "hidden_channels": 128.0, "learning_rate": 0.01, "optimizer": 1.4020926615518903, "pooling_algorithm": 0.8861420538920235}, "datetime": {"datetime": "2023-11-29 09:23:21", "elapsed": 54.495819, "delta": 3.746552}}
{"target": 0.9071428571428571, "params": {"activation_function": 0.24079752565488755, "amount_of_layers": 8.470604825165283, "batch_size": 144.5200105312823, "dropout_rate": 0.37807307437434695, "epochs": 110.37050724302041, "hidden_channels": 128.0, "learning_rate": 0.01, "optimizer": 0.7351477156283066, "pooling_algorithm": 0.5711367548112967}, "datetime": {"datetime": "2023-11-29 09:23:25", "elapsed": 58.268925, "delta": 3.773106}}
{"target": 0.9035714285714286, "params": {"activation_function": 0.5496102114785246, "amount_of_layers": 2.6495792663702735, "batch_size": 68.94711822337983, "dropout_rate": 0.45381950275779254, "epochs": 155.8386355014243, "hidden_channels": 128.0, "learning_rate": 0.01, "optimizer": 0.10081992696243014, "pooling_algorithm": 0.9318929589282752}, "datetime": {"datetime": "2023-11-29 09:23:29", "elapsed": 62.595801, "delta": 4.326876}}
{"target": 0.9142857142857144, "params": {"activation_function": 0.33023717678870845, "amount_of_layers": 3.3247918770270877, "batch_size": 66.35694707427513, "dropout_rate": 0.41527989563401424, "epochs": 158.74802162669485, "hidden_channels": 128.0, "learning_rate": 0.01, "optimizer": 0.024211435162050234, "pooling_algorithm": 0.8624654987252245}, "datetime": {"datetime": "2023-11-29 09:23:34", "elapsed": 67.394097, "delta": 4.798296}}
{"target": 0.9178571428571429, "params": {"activation_function": 1.5495595396525828, "amount_of_layers": 4.930025716203636, "batch_size": 107.18254222974525, "dropout_rate": 0.3770754426133389, "epochs": 140.08815143042543, "hidden_channels": 128.0, "learning_rate": 0.01, "optimizer": 0.0, "pooling_algorithm": 0.6389462488061908}, "datetime": {"datetime": "2023-11-29 09:23:38", "elapsed": 71.51527, "delta": 4.121173}}
{"target": 0.9035714285714286, "params": {"activation_function": 1.1877210075865627, "amount_of_layers": 8.197957469365111, "batch_size": 100.70152960737057, "dropout_rate": 0.25, "epochs": 140.03062501015455, "hidden_channels": 128.0, "learning_rate": 0.01, "optimizer": 0.0, "pooling_algorithm": 0.9559305014904595}, "datetime": {"datetime": "2023-11-29 09:23:43", "elapsed": 76.210016, "delta": 4.694746}}
{"target": 0.7428571428571429, "params": {"activation_function": 1.5777824800849052, "amount_of_layers": 6.652358943425144, "batch_size": 82.12540644785518, "dropout_rate": 0.6312553266112299, "epochs": 40.3350882786272, "hidden_channels": 128.0, "learning_rate": 0.01, "optimizer": 1.0188559108080733, "pooling_algorithm": 0.13733493269998853}, "datetime": {"datetime": "2023-11-29 09:23:44", "elapsed": 77.791673, "delta": 1.581657}}
{"target": 0.9232142857142858, "params": {"activation_function": 2.0, "amount_of_layers": 1.0, "batch_size": 100.90625967424204, "dropout_rate": 0.75, "epochs": 141.45558850903208, "hidden_channels": 128.0, "learning_rate": 0.01, "optimizer": 0.0, "pooling_algorithm": 1.0}, "datetime": {"datetime": "2023-11-29 09:23:47", "elapsed": 80.337106, "delta": 2.545433}}
{"target": 0.8964285714285715, "params": {"activation_function": 0.0, "amount_of_layers": 9.0, "batch_size": 86.78481077573996, "dropout_rate": 0.25, "epochs": 117.7475040504356, "hidden_channels": 128.0, "learning_rate": 0.01, "optimizer": 0.7391160626752726, "pooling_algorithm": 0.9941200543013278}, "datetime": {"datetime": "2023-11-29 09:23:52", "elapsed": 85.777888, "delta": 5.440782}}
{"target": 0.5, "params": {"activation_function": 0.0674826762697811, "amount_of_layers": 4.195250002979309, "batch_size": 93.56051026621752, "dropout_rate": 0.5443107517010299, "epochs": 112.05873997985482, "hidden_channels": 128.0, "learning_rate": 0.01, "optimizer": 1.8837053772921986, "pooling_algorithm": 0.9036144013501367}, "datetime": {"datetime": "2023-11-29 09:23:56", "elapsed": 89.224096, "delta": 3.446208}}
{"target": 0.26071428571428573, "params": {"activation_function": 0.7131729672858229, "amount_of_layers": 5.6954541492581345, "batch_size": 85.70982556860811, "dropout_rate": 0.5571002356402538, "epochs": 125.19280068550741, "hidden_channels": 128.0, "learning_rate": 0.01, "optimizer": 0.11564874237807077, "pooling_algorithm": 0.11228583532472847}, "datetime": {"datetime": "2023-11-29 09:24:00", "elapsed": 93.461402, "delta": 4.237306}}
{"target": 0.46071428571428574, "params": {"activation_function": 2.0, "amount_of_layers": 5.059669657805999, "batch_size": 103.509733985474, "dropout_rate": 0.75, "epochs": 145.5085794285347, "hidden_channels": 128.0, "learning_rate": 0.01, "optimizer": 2.0, "pooling_algorithm": 0.0}, "datetime": {"datetime": "2023-11-29 09:24:05", "elapsed": 98.251684, "delta": 4.790282}}
{"target": 0.7964285714285714, "params": {"activation_function": 1.8827246904203228, "amount_of_layers": 3.8968885905446724, "batch_size": 100.02842313208511, "dropout_rate": 0.7439131870876479, "epochs": 137.81955961764913, "hidden_channels": 128.0, "learning_rate": 0.01, "optimizer": 0.04393279253119364, "pooling_algorithm": 0.2755239812568925}, "datetime": {"datetime": "2023-11-29 09:24:08", "elapsed": 101.969171, "delta": 3.717487}}
{"target": 0.5, "params": {"activation_function": 0.5825980973227083, "amount_of_layers": 8.449297014705305, "batch_size": 106.80970046650079, "dropout_rate": 0.35693262383833674, "epochs": 136.40292819883607, "hidden_channels": 128.0, "learning_rate": 0.01, "optimizer": 0.7098258510550166, "pooling_algorithm": 0.5648848872658183}, "datetime": {"datetime": "2023-11-29 09:24:13", "elapsed": 106.9245, "delta": 4.955329}}
{"target": 0.8214285714285714, "params": {"activation_function": 0.629268291800894, "amount_of_layers": 2.299306264017761, "batch_size": 104.11074313379976, "dropout_rate": 0.3513622613465953, "epochs": 138.47476771593736, "hidden_channels": 128.0, "learning_rate": 0.01, "optimizer": 0.6436497970126034, "pooling_algorithm": 0.0077492851609862745}, "datetime": {"datetime": "2023-11-29 09:24:17", "elapsed": 110.284693, "delta": 3.360193}}
{"target": 0.5, "params": {"activation_function": 0.37383816346246407, "amount_of_layers": 5.12062041619822, "batch_size": 65.30310389747176, "dropout_rate": 0.5471156298008637, "epochs": 155.7910828025191, "hidden_channels": 128.0, "learning_rate": 0.01, "optimizer": 1.903304517849335, "pooling_algorithm": 0.0016614381773130673}, "datetime": {"datetime": "2023-11-29 09:24:23", "elapsed": 116.207418, "delta": 5.922725}}
{"target": 0.9035714285714287, "params": {"activation_function": 0.5929626841990957, "amount_of_layers": 3.7770751509185887, "batch_size": 64.42880267833874, "dropout_rate": 0.25, "epochs": 162.0002389096448, "hidden_channels": 128.0, "learning_rate": 0.01, "optimizer": 0.0, "pooling_algorithm": 1.0}, "datetime": {"datetime": "2023-11-29 09:24:28", "elapsed": 121.655616, "delta": 5.448198}}
{"target": 0.8964285714285715, "params": {"activation_function": 0.9778396711813593, "amount_of_layers": 4.9604137438932465, "batch_size": 69.3168820778375, "dropout_rate": 0.37657455592835076, "epochs": 161.44294408889323, "hidden_channels": 128.0, "learning_rate": 0.01, "optimizer": 0.16457574495841532, "pooling_algorithm": 0.6679139422779955}, "datetime": {"datetime": "2023-11-29 09:24:33", "elapsed": 127.062688, "delta": 5.407072}}
{"target": 0.8714285714285714, "params": {"activation_function": 1.6851233692556171, "amount_of_layers": 1.1118130259022738, "batch_size": 69.6459500248329, "dropout_rate": 0.43294049978553983, "epochs": 160.70500851131422, "hidden_channels": 128.0, "learning_rate": 0.01, "optimizer": 1.2007469802759416, "pooling_algorithm": 0.8984781208958138}, "datetime": {"datetime": "2023-11-29 09:24:37", "elapsed": 130.97025, "delta": 3.907562}}
{"target": 0.925, "params": {"activation_function": 2.0, "amount_of_layers": 1.4635814738158388, "batch_size": 109.6937862216415, "dropout_rate": 0.7270889002914168, "epochs": 139.56502869719296, "hidden_channels": 128.0, "learning_rate": 0.01, "optimizer": 0.0, "pooling_algorithm": 1.0}, "datetime": {"datetime": "2023-11-29 09:24:40", "elapsed": 133.869899, "delta": 2.899649}}
{"target": 0.5, "params": {"activation_function": 0.8402609845331042, "amount_of_layers": 5.776451704443956, "batch_size": 59.941672644717755, "dropout_rate": 0.7170340667885569, "epochs": 161.9265257290501, "hidden_channels": 128.0, "learning_rate": 0.01, "optimizer": 0.9914646516896768, "pooling_algorithm": 0.6159439041753588}, "datetime": {"datetime": "2023-11-29 09:24:47", "elapsed": 140.690025, "delta": 6.820126}}
{"target": 0.7964285714285715, "params": {"activation_function": 1.7125851173602087, "amount_of_layers": 4.396931802294986, "batch_size": 71.9918826426446, "dropout_rate": 0.7478160330033432, "epochs": 158.35304396220508, "hidden_channels": 128.0, "learning_rate": 0.01, "optimizer": 0.07001577352527866, "pooling_algorithm": 0.4710868682886481}, "datetime": {"datetime": "2023-11-29 09:24:52", "elapsed": 145.805772, "delta": 5.115747}}
{"target": 0.65, "params": {"activation_function": 1.3028779677764866, "amount_of_layers": 7.456192708888086, "batch_size": 65.8784815211522, "dropout_rate": 0.5071600438738539, "epochs": 160.78108067992423, "hidden_channels": 128.0, "learning_rate": 0.01, "optimizer": 0.7578187576559965, "pooling_algorithm": 0.8551703029240041}, "datetime": {"datetime": "2023-11-29 09:24:59", "elapsed": 152.747108, "delta": 6.941336}}
{"target": 0.8071428571428572, "params": {"activation_function": 0.33221039958333587, "amount_of_layers": 3.4201196097768953, "batch_size": 110.39264714065884, "dropout_rate": 0.7263239650665273, "epochs": 141.61360157469176, "hidden_channels": 128.0, "learning_rate": 0.01, "optimizer": 0.9829089914963318, "pooling_algorithm": 0.45076099205868037}, "datetime": {"datetime": "2023-11-29 09:25:03", "elapsed": 156.081813, "delta": 3.334705}}
{"target": 0.8999999999999999, "params": {"activation_function": 1.3393517419552607, "amount_of_layers": 5.18900209997185, "batch_size": 97.23587911552887, "dropout_rate": 0.746932304996671, "epochs": 11.315032804163954, "hidden_channels": 128.0, "learning_rate": 0.01, "optimizer": 0.3815048930663205, "pooling_algorithm": 0.6427722816213473}, "datetime": {"datetime": "2023-11-29 09:25:03", "elapsed": 156.586921, "delta": 0.505108}}
{"target": 0.7357142857142858, "params": {"activation_function": 1.5017363055647166, "amount_of_layers": 8.846178116346954, "batch_size": 97.81209203780291, "dropout_rate": 0.7270175162658115, "epochs": 14.235740720375242, "hidden_channels": 128.0, "learning_rate": 0.01, "optimizer": 1.0800599306846967, "pooling_algorithm": 0.3712406561263757}, "datetime": {"datetime": "2023-11-29 09:25:04", "elapsed": 157.335105, "delta": 0.748184}}
{"target": 0.9107142857142858, "params": {"activation_function": 0.08309299709545859, "amount_of_layers": 2.450189780604563, "batch_size": 96.740513636512, "dropout_rate": 0.6080242642748761, "epochs": 15.169464587166699, "hidden_channels": 128.0, "learning_rate": 0.01, "optimizer": 0.9593986885058763, "pooling_algorithm": 0.5787556195622607}, "datetime": {"datetime": "2023-11-29 09:25:04", "elapsed": 157.832961, "delta": 0.497856}}
{"target": 0.9, "params": {"activation_function": 0.9714276851661836, "amount_of_layers": 2.4952115395741963, "batch_size": 100.59372255394348, "dropout_rate": 0.654843716099528, "epochs": 11.92758338569883, "hidden_channels": 128.0, "learning_rate": 0.01, "optimizer": 0.35083066176927447, "pooling_algorithm": 0.9959789746073332}, "datetime": {"datetime": "2023-11-29 09:25:05", "elapsed": 158.283505, "delta": 0.450544}}
{"target": 0.9107142857142857, "params": {"activation_function": 2.0, "amount_of_layers": 1.6766249102378727, "batch_size": 107.98499333634561, "dropout_rate": 0.25, "epochs": 135.51865525017018, "hidden_channels": 128.0, "learning_rate": 0.01, "optimizer": 0.0, "pooling_algorithm": 1.0}, "datetime": {"datetime": "2023-11-29 09:25:08", "elapsed": 161.126598, "delta": 2.843093}}
{"target": 0.2642857142857143, "params": {"activation_function": 0.6975477876535723, "amount_of_layers": 1.7607884287387083, "batch_size": 93.44583198237876, "dropout_rate": 0.7297636185284107, "epochs": 11.368026817201144, "hidden_channels": 128.0, "learning_rate": 0.01, "optimizer": 1.802667185154931, "pooling_algorithm": 0.12733403835004564}, "datetime": {"datetime": "2023-11-29 09:25:08", "elapsed": 161.620705, "delta": 0.494107}}
{"target": 0.8321428571428571, "params": {"activation_function": 0.4999384756817644, "amount_of_layers": 4.693201040657693, "batch_size": 99.67249179178366, "dropout_rate": 0.35196046779754947, "epochs": 17.05651794894717, "hidden_channels": 128.0, "learning_rate": 0.01, "optimizer": 1.3748169849302603, "pooling_algorithm": 0.1852646656775846}, "datetime": {"datetime": "2023-11-29 09:25:09", "elapsed": 162.354334, "delta": 0.733629}}
