{"target": 0.7410714285714286, "params": {"activation_function": 0.8143683577478182, "amount_of_layers": 3.92349926677862, "batch_size": 105.04049650822006, "dropout_rate": 0.2672783650535996, "epochs": 37.9746100615985, "hidden_channels": 9.236794520222663, "learning_rate": 0.05683398763067969, "optimizer": 0.5437322845709005, "pooling_algorithm": 0.37986812308074536}, "datetime": {"datetime": "2023-11-30 11:08:07", "elapsed": 545.059959, "delta": 1.149035}}
{"target": 0.9107142857142857, "params": {"activation_function": 1.2308830022767558, "amount_of_layers": 8.898912846287747, "batch_size": 59.621482757194315, "dropout_rate": 0.4951785980343517, "epochs": 66.18673894507317, "hidden_channels": 6.491363925507294, "learning_rate": 0.05968956173381665, "optimizer": 0.9921544317767288, "pooling_algorithm": 0.5509337285391808}, "datetime": {"datetime": "2023-11-30 11:08:10", "elapsed": 548.144727, "delta": 3.084768}}
{"target": 0.5, "params": {"activation_function": 0.07645659989050846, "amount_of_layers": 4.896260039290908, "batch_size": 81.86747220877115, "dropout_rate": 0.6042967786467754, "epochs": 105.25007878615291, "hidden_channels": 34.61491949212403, "learning_rate": 0.04961858270450781, "optimizer": 0.9312413182899382, "pooling_algorithm": 0.3462308004128254}, "datetime": {"datetime": "2023-11-30 11:08:14", "elapsed": 551.369933, "delta": 3.225206}}
{"target": 0.9107142857142857, "params": {"activation_function": 0.9455152367573039, "amount_of_layers": 2.628206726913758, "batch_size": 132.84424334594797, "dropout_rate": 0.5826816438668825, "epochs": 78.28994053503827, "hidden_channels": 81.55275161713311, "learning_rate": 0.0029509710815646623, "optimizer": 0.05061610015325324, "pooling_algorithm": 0.5042607954305127}, "datetime": {"datetime": "2023-11-30 11:08:16", "elapsed": 553.83748, "delta": 2.467547}}
{"target": 0.9071428571428573, "params": {"activation_function": 0.8867742742810301, "amount_of_layers": 4.0575008208738685, "batch_size": 67.20626580855526, "dropout_rate": 0.5441351271271729, "epochs": 143.837263506284, "hidden_channels": 70.76344440783403, "learning_rate": 0.04363790842385885, "optimizer": 0.31812515650384743, "pooling_algorithm": 0.7805275234781454}, "datetime": {"datetime": "2023-11-30 11:08:21", "elapsed": 558.754353, "delta": 4.916873}}
{"target": 0.7410714285714286, "params": {"activation_function": 1.9070530604849911, "amount_of_layers": 3.740444003479789, "batch_size": 80.9400523262913, "dropout_rate": 0.41596557416760577, "epochs": 197.05160028662914, "hidden_channels": 47.183616423517115, "learning_rate": 0.05429996134358991, "optimizer": 0.737028085154684, "pooling_algorithm": 0.43515021399111287}, "datetime": {"datetime": "2023-11-30 11:08:26", "elapsed": 564.039283, "delta": 5.28493}}
{"target": 0.5, "params": {"activation_function": 0.5234947826813146, "amount_of_layers": 1.8878031610703134, "batch_size": 134.4834598387395, "dropout_rate": 0.3122197638419199, "epochs": 24.44790117499676, "hidden_channels": 67.81010410223882, "learning_rate": 0.05835061384264233, "optimizer": 0.6697358406359848, "pooling_algorithm": 0.8864448034684873}, "datetime": {"datetime": "2023-11-30 11:08:27", "elapsed": 564.89563, "delta": 0.856347}}
{"target": 0.18928571428571428, "params": {"activation_function": 1.9323078257417456, "amount_of_layers": 2.409287195443736, "batch_size": 136.03620270379434, "dropout_rate": 0.5187694016985919, "epochs": 36.1103181566225, "hidden_channels": 70.52325774297552, "learning_rate": 0.009419632114409448, "optimizer": 0.4027612712006434, "pooling_algorithm": 0.20946858727398543}, "datetime": {"datetime": "2023-11-30 11:08:28", "elapsed": 565.998802, "delta": 1.103172}}
{"target": 0.42142857142857143, "params": {"activation_function": 0.7086538776279034, "amount_of_layers": 8.778065220810005, "batch_size": 26.903014735630858, "dropout_rate": 0.5652466332819486, "epochs": 125.06128076581915, "hidden_channels": 115.28180662368547, "learning_rate": 0.09477862328771675, "optimizer": 0.5760504685252039, "pooling_algorithm": 0.9252720812197777}, "datetime": {"datetime": "2023-11-30 11:08:41", "elapsed": 578.277192, "delta": 12.27839}}
{"target": 0.20357142857142857, "params": {"activation_function": 0.12360701328066392, "amount_of_layers": 6.938872075545769, "batch_size": 56.3736211194149, "dropout_rate": 0.7011322515283076, "epochs": 133.25196043484215, "hidden_channels": 18.458069343470193, "learning_rate": 0.09098839791365679, "optimizer": 0.0030908797241939734, "pooling_algorithm": 0.04707010643438425}, "datetime": {"datetime": "2023-11-30 11:08:45", "elapsed": 582.778317, "delta": 4.501125}}
{"target": 0.8982142857142857, "params": {"activation_function": 0.8931675923248172, "amount_of_layers": 7.0167657884634975, "batch_size": 59.95815041457951, "dropout_rate": 0.5071491319964992, "epochs": 108.65361376334349, "hidden_channels": 46.63567541657633, "learning_rate": 0.012306600972015934, "optimizer": 1.0914979413883035, "pooling_algorithm": 0.6193881368123553}, "datetime": {"datetime": "2023-11-30 11:08:50", "elapsed": 587.573345, "delta": 4.795028}}
{"target": 0.7339285714285715, "params": {"activation_function": 1.731492769638745, "amount_of_layers": 6.755661911621812, "batch_size": 117.83306230356997, "dropout_rate": 0.7190604589900447, "epochs": 173.1676400767805, "hidden_channels": 88.42446244135147, "learning_rate": 0.0655296341649868, "optimizer": 1.819221277041161, "pooling_algorithm": 0.31335163128085186}, "datetime": {"datetime": "2023-11-30 11:08:59", "elapsed": 596.192591, "delta": 8.619246}}
{"target": 0.3214285714285714, "params": {"activation_function": 0.03249821420265997, "amount_of_layers": 7.97879034392678, "batch_size": 93.01887533331453, "dropout_rate": 0.662972741451118, "epochs": 50.540792244051254, "hidden_channels": 105.24044309179604, "learning_rate": 0.0038479569445576457, "optimizer": 0.07394877932209498, "pooling_algorithm": 0.18257033197954942}, "datetime": {"datetime": "2023-11-30 11:09:02", "elapsed": 599.398566, "delta": 3.205975}}
{"target": 0.45357142857142857, "params": {"activation_function": 1.382972726569228, "amount_of_layers": 4.317417477263249, "batch_size": 23.514109105382275, "dropout_rate": 0.5296578391732225, "epochs": 99.98608934631638, "hidden_channels": 41.47389253846939, "learning_rate": 0.0752968524747983, "optimizer": 0.6949831896701006, "pooling_algorithm": 0.7605045237075284}, "datetime": {"datetime": "2023-11-30 11:09:08", "elapsed": 605.755346, "delta": 6.35678}}
{"target": 0.46071428571428574, "params": {"activation_function": 1.435409520434345, "amount_of_layers": 8.94870298582689, "batch_size": 31.395255235733927, "dropout_rate": 0.6051582711762542, "epochs": 48.793024660458, "hidden_channels": 127.1710968654883, "learning_rate": 0.02432942036950083, "optimizer": 0.6290952523970599, "pooling_algorithm": 0.6953577138500887}, "datetime": {"datetime": "2023-11-30 11:09:25", "elapsed": 622.819159, "delta": 17.063813}}
{"target": 0.7928571428571429, "params": {"activation_function": 1.6874349137748181, "amount_of_layers": 4.2959998799415, "batch_size": 55.31534493776736, "dropout_rate": 0.4965840123655235, "epochs": 184.8539173605243, "hidden_channels": 107.67621132782226, "learning_rate": 0.03524798821061759, "optimizer": 0.4153239608385326, "pooling_algorithm": 0.1691332359430281}, "datetime": {"datetime": "2023-11-30 11:09:33", "elapsed": 630.357661, "delta": 7.538502}}
{"target": 0.7375, "params": {"activation_function": 0.6049442709090243, "amount_of_layers": 5.904914967295341, "batch_size": 47.730642911580475, "dropout_rate": 0.32580719211903203, "epochs": 157.73752180344803, "hidden_channels": 118.25626800113466, "learning_rate": 0.03967264346355257, "optimizer": 0.6554047638861069, "pooling_algorithm": 0.15041515582539833}, "datetime": {"datetime": "2023-11-30 11:09:43", "elapsed": 640.397765, "delta": 10.040104}}
{"target": 0.9035714285714286, "params": {"activation_function": 1.1429135663138226, "amount_of_layers": 1.5729392934371287, "batch_size": 101.67203708989662, "dropout_rate": 0.49007780505604864, "epochs": 188.87905448111906, "hidden_channels": 62.301338492082564, "learning_rate": 0.013216242260838475, "optimizer": 0.3277051620803204, "pooling_algorithm": 0.7920592354090085}, "datetime": {"datetime": "2023-11-30 11:09:47", "elapsed": 644.433724, "delta": 4.035959}}
{"target": 0.7375, "params": {"activation_function": 1.7507000040816083, "amount_of_layers": 7.746655806835272, "batch_size": 78.83961138176298, "dropout_rate": 0.32968299660062106, "epochs": 94.24247825642665, "hidden_channels": 21.3176279585454, "learning_rate": 0.038093788966899016, "optimizer": 1.3533894558129027, "pooling_algorithm": 0.3086680993641736}, "datetime": {"datetime": "2023-11-30 11:09:50", "elapsed": 647.717953, "delta": 3.284229}}
