{"target": 0.9035714285714286, "params": {"activation_function": 1.652445777922178, "amount_of_layers": 5.927201631525149, "batch_size": 137.92866521232088, "dropout_rate": 0.7360934171947979, "epochs": 194.30931819792352, "hidden_channels": 104.92924426628275, "learning_rate": 0.019076923210544314, "optimizer": 0.11764304707010065, "pooling_algorithm": 0.9061100985833849}, "datetime": {"datetime": "2023-11-30 11:02:06", "elapsed": 0.0, "delta": 0.0}}
{"target": 0.5, "params": {"activation_function": 0.5546798184336341, "amount_of_layers": 7.405802555398844, "batch_size": 47.83870894224472, "dropout_rate": 0.34680041534067774, "epochs": 180.2420260618342, "hidden_channels": 113.1134662124187, "learning_rate": 0.06579105877281508, "optimizer": 1.4243090610302969, "pooling_algorithm": 0.9696821604111571}, "datetime": {"datetime": "2023-11-30 11:02:14", "elapsed": 7.535206, "delta": 7.535206}}
{"target": 0.8089285714285714, "params": {"activation_function": 1.5208321437493058, "amount_of_layers": 2.42217337191605, "batch_size": 102.8169868036312, "dropout_rate": 0.343574495525036, "epochs": 147.25761348926414, "hidden_channels": 97.72666583029867, "learning_rate": 0.06404072947112902, "optimizer": 0.7543160175072856, "pooling_algorithm": 0.4125380157092099}, "datetime": {"datetime": "2023-11-30 11:02:16", "elapsed": 9.957203, "delta": 2.421997}}
{"target": 0.7642857142857142, "params": {"activation_function": 0.23255000222359512, "amount_of_layers": 2.8711935841043, "batch_size": 67.11288505303386, "dropout_rate": 0.5728330770408705, "epochs": 24.805214834050602, "hidden_channels": 32.34568104109212, "learning_rate": 0.042070441412973565, "optimizer": 0.8483904705487, "pooling_algorithm": 0.5407290515332968}, "datetime": {"datetime": "2023-11-30 11:02:17", "elapsed": 10.542296, "delta": 0.585093}}
{"target": 0.8035714285714286, "params": {"activation_function": 1.932854430520213, "amount_of_layers": 2.8364922878509713, "batch_size": 25.186637345353603, "dropout_rate": 0.4099258047385866, "epochs": 66.42673508063288, "hidden_channels": 30.006946883109116, "learning_rate": 0.08905629728043972, "optimizer": 0.12226467829632148, "pooling_algorithm": 0.20200962969302028}, "datetime": {"datetime": "2023-11-30 11:02:19", "elapsed": 13.027919, "delta": 2.485623}}
{"target": 0.5, "params": {"activation_function": 1.1648467581662159, "amount_of_layers": 6.353355775693892, "batch_size": 145.52486084101778, "dropout_rate": 0.6421499104575747, "epochs": 194.23442257746154, "hidden_channels": 29.82390358383132, "learning_rate": 0.04103247337699514, "optimizer": 0.7945100267368861, "pooling_algorithm": 0.9842682707609028}, "datetime": {"datetime": "2023-11-30 11:02:23", "elapsed": 17.313755, "delta": 4.285836}}
{"target": 0.33214285714285713, "params": {"activation_function": 1.4672643461349986, "amount_of_layers": 1.06690005831274, "batch_size": 54.18947259944359, "dropout_rate": 0.5612228186621819, "epochs": 11.031527491478656, "hidden_channels": 94.38105173937535, "learning_rate": 0.06380860569958849, "optimizer": 0.21806735811946187, "pooling_algorithm": 0.36814894916749763}, "datetime": {"datetime": "2023-11-30 11:02:24", "elapsed": 17.528694, "delta": 0.214939}}
{"target": 0.9, "params": {"activation_function": 0.685801004374315, "amount_of_layers": 4.82531009953055, "batch_size": 86.87799856838245, "dropout_rate": 0.37827442928419924, "epochs": 91.23112472899449, "hidden_channels": 7.630168270391767, "learning_rate": 0.016440947786448987, "optimizer": 1.2330955419248697, "pooling_algorithm": 0.5731731109782389}, "datetime": {"datetime": "2023-11-30 11:02:25", "elapsed": 19.382821, "delta": 1.854127}}
{"target": 0.5, "params": {"activation_function": 0.32306993375325144, "amount_of_layers": 5.572336531005347, "batch_size": 113.66709777781483, "dropout_rate": 0.48174540623155, "epochs": 21.570878397422696, "hidden_channels": 15.005668157495668, "learning_rate": 0.035695616028257764, "optimizer": 1.0809597658646743, "pooling_algorithm": 0.3737114091579763}, "datetime": {"datetime": "2023-11-30 11:02:26", "elapsed": 19.908809, "delta": 0.525988}}
{"target": 0.09107142857142857, "params": {"activation_function": 0.8836039999576402, "amount_of_layers": 8.570432381714028, "batch_size": 56.782117410794775, "dropout_rate": 0.36678575894976406, "epochs": 18.740234393792065, "hidden_channels": 51.96764368201644, "learning_rate": 0.012175939308286119, "optimizer": 1.4852606902688772, "pooling_algorithm": 0.5234386553955631}, "datetime": {"datetime": "2023-11-30 11:02:27", "elapsed": 20.639985, "delta": 0.731176}}
{"target": 0.9071428571428571, "params": {"activation_function": 1.643999861572686, "amount_of_layers": 2.033264236545591, "batch_size": 37.45070488178076, "dropout_rate": 0.6867123867191509, "epochs": 20.216112949858008, "hidden_channels": 16.278262257365938, "learning_rate": 0.039433589753774735, "optimizer": 0.23614324683693555, "pooling_algorithm": 0.9950292540999803}, "datetime": {"datetime": "2023-11-30 11:02:27", "elapsed": 21.214325, "delta": 0.57434}}
{"target": 0.5, "params": {"activation_function": 1.4988509891635873, "amount_of_layers": 2.522832875770293, "batch_size": 144.00294078844203, "dropout_rate": 0.6620006050239035, "epochs": 86.35019835999063, "hidden_channels": 80.46540693120723, "learning_rate": 0.06717120666117088, "optimizer": 1.3779720285627486, "pooling_algorithm": 0.5955065826066802}, "datetime": {"datetime": "2023-11-30 11:02:29", "elapsed": 22.907708, "delta": 1.693383}}
{"target": 0.8089285714285714, "params": {"activation_function": 1.059009995583325, "amount_of_layers": 2.241047913190262, "batch_size": 148.40156224629615, "dropout_rate": 0.5262997942515137, "epochs": 89.01581442643577, "hidden_channels": 31.879573803392205, "learning_rate": 0.012741103755504548, "optimizer": 1.2766964092735158, "pooling_algorithm": 0.1281452686529383}, "datetime": {"datetime": "2023-11-30 11:02:30", "elapsed": 24.31769, "delta": 1.409982}}
{"target": 0.5, "params": {"activation_function": 0.04828871168531057, "amount_of_layers": 7.6161879961778185, "batch_size": 96.9223580663677, "dropout_rate": 0.39510604737141414, "epochs": 102.18028031925174, "hidden_channels": 118.68131896343787, "learning_rate": 0.03204738297446351, "optimizer": 1.552930996833829, "pooling_algorithm": 0.09178084704589617}, "datetime": {"datetime": "2023-11-30 11:02:33", "elapsed": 27.371783, "delta": 3.054093}}
{"target": 0.8214285714285714, "params": {"activation_function": 0.1508595047258563, "amount_of_layers": 3.76756128113655, "batch_size": 128.34750154421454, "dropout_rate": 0.6498768617759767, "epochs": 131.0567028502083, "hidden_channels": 15.343446094375034, "learning_rate": 0.04395497437639414, "optimizer": 1.4345638420420288, "pooling_algorithm": 0.7447819543398418}, "datetime": {"datetime": "2023-11-30 11:02:36", "elapsed": 29.899376, "delta": 2.527593}}
{"target": 0.925, "params": {"activation_function": 0.17321982244214218, "amount_of_layers": 1.0622771467464398, "batch_size": 123.52599008161779, "dropout_rate": 0.34771543836788615, "epochs": 60.68168566070196, "hidden_channels": 80.25072283582494, "learning_rate": 0.0909818841277464, "optimizer": 0.4111344822605334, "pooling_algorithm": 0.6373508180332955}, "datetime": {"datetime": "2023-11-30 11:02:37", "elapsed": 30.769504, "delta": 0.870128}}
{"target": 0.5, "params": {"activation_function": 0.3928209303538388, "amount_of_layers": 4.011163297319506, "batch_size": 48.782703246683695, "dropout_rate": 0.6105287824831391, "epochs": 144.24061303344726, "hidden_channels": 108.19114300833876, "learning_rate": 0.0715000355953145, "optimizer": 1.0099826229926017, "pooling_algorithm": 0.4424718963051223}, "datetime": {"datetime": "2023-11-30 11:02:41", "elapsed": 35.292129, "delta": 4.522625}}
{"target": 0.9, "params": {"activation_function": 1.0686264074041136, "amount_of_layers": 6.144875819537867, "batch_size": 101.6323135314166, "dropout_rate": 0.40897192000803095, "epochs": 105.22164698369639, "hidden_channels": 7.444972620047388, "learning_rate": 0.04277727021752681, "optimizer": 0.1251905307792336, "pooling_algorithm": 0.5214849167464036}, "datetime": {"datetime": "2023-11-30 11:02:44", "elapsed": 37.517083, "delta": 2.224954}}
{"target": 0.9071428571428573, "params": {"activation_function": 1.5672189845909898, "amount_of_layers": 5.162628364918968, "batch_size": 28.320298683411863, "dropout_rate": 0.402956023827229, "epochs": 162.085995400413, "hidden_channels": 48.59060221938442, "learning_rate": 0.02379402512578279, "optimizer": 0.28403165198693636, "pooling_algorithm": 0.7852557144279307}, "datetime": {"datetime": "2023-11-30 11:02:51", "elapsed": 44.807405, "delta": 7.290322}}
{"target": 0.9107142857142857, "params": {"activation_function": 1.133482620568641, "amount_of_layers": 2.65207987092566, "batch_size": 88.26739740107358, "dropout_rate": 0.489410514858456, "epochs": 60.54390632963126, "hidden_channels": 27.907878882056995, "learning_rate": 0.01075229973333881, "optimizer": 1.4293437948637173, "pooling_algorithm": 0.6115025269905568}, "datetime": {"datetime": "2023-11-30 11:02:52", "elapsed": 45.859982, "delta": 1.052577}}
{"target": 0.9035714285714287, "params": {"activation_function": 1.1147283051689019, "amount_of_layers": 4.9790496412282454, "batch_size": 99.52694929373017, "dropout_rate": 0.4122733423327158, "epochs": 92.46002441616608, "hidden_channels": 14.673087321179084, "learning_rate": 0.02958673726949686, "optimizer": 0.44196356706960443, "pooling_algorithm": 0.7694999813777308}, "datetime": {"datetime": "2023-11-30 11:02:54", "elapsed": 48.246006, "delta": 2.386024}}
{"target": 0.9107142857142857, "params": {"activation_function": 0.21584687050706353, "amount_of_layers": 4.583165758790922, "batch_size": 101.03897284959015, "dropout_rate": 0.5894624917764203, "epochs": 104.706715033883, "hidden_channels": 7.377617466132968, "learning_rate": 0.040373276101746056, "optimizer": 1.3064486678831524, "pooling_algorithm": 0.6579144241613664}, "datetime": {"datetime": "2023-11-30 11:02:57", "elapsed": 50.478622, "delta": 2.232616}}
{"target": 0.41964285714285715, "params": {"activation_function": 0.5040651331237243, "amount_of_layers": 1.0, "batch_size": 59.75146580833068, "dropout_rate": 0.75, "epochs": 43.565944978035986, "hidden_channels": 7.3940974367505445, "learning_rate": 0.062319578744101066, "optimizer": 0.16213208040302807, "pooling_algorithm": 0.8152302870157847}, "datetime": {"datetime": "2023-11-30 11:02:58", "elapsed": 51.717044, "delta": 1.238422}}
{"target": 0.2642857142857143, "params": {"activation_function": 0.864527230086894, "amount_of_layers": 7.032745476660535, "batch_size": 81.69147373408768, "dropout_rate": 0.3955878149782425, "epochs": 81.01869929348031, "hidden_channels": 33.12055215725361, "learning_rate": 0.0168937600590382, "optimizer": 1.464682318386026, "pooling_algorithm": 0.0025647837842327492}, "datetime": {"datetime": "2023-11-30 11:03:00", "elapsed": 54.137393, "delta": 2.420349}}
{"target": 0.8428571428571429, "params": {"activation_function": 1.8880934240257443, "amount_of_layers": 1.5205709656146453, "batch_size": 86.11449262495383, "dropout_rate": 0.6805695857046311, "epochs": 107.58206898709737, "hidden_channels": 12.68414208343197, "learning_rate": 0.04567940518149577, "optimizer": 1.409941328538198, "pooling_algorithm": 0.23512806236761286}, "datetime": {"datetime": "2023-11-30 11:03:02", "elapsed": 56.384865, "delta": 2.247472}}
{"target": 0.5, "params": {"activation_function": 0.008679047591755307, "amount_of_layers": 6.045839319347313, "batch_size": 90.2420952110897, "dropout_rate": 0.3432101435708394, "epochs": 45.12837321316413, "hidden_channels": 28.478211846952437, "learning_rate": 0.08909886498098216, "optimizer": 0.9172003502077353, "pooling_algorithm": 0.16240245950193033}, "datetime": {"datetime": "2023-11-30 11:03:04", "elapsed": 57.861983, "delta": 1.477118}}
{"target": 0.7125, "params": {"activation_function": 2.0, "amount_of_layers": 1.0, "batch_size": 98.27046284726836, "dropout_rate": 0.75, "epochs": 93.0203219836699, "hidden_channels": 5.0, "learning_rate": 0.001, "optimizer": 0.0, "pooling_algorithm": 0.0}, "datetime": {"datetime": "2023-11-30 11:03:06", "elapsed": 59.63865, "delta": 1.776667}}
{"target": 0.7964285714285715, "params": {"activation_function": 0.7211797935214483, "amount_of_layers": 2.6588382132191803, "batch_size": 102.55861764532199, "dropout_rate": 0.52784508696725, "epochs": 102.72329027789912, "hidden_channels": 19.604936637206013, "learning_rate": 0.085609733370994, "optimizer": 0.24807709250804733, "pooling_algorithm": 0.34006453066649744}, "datetime": {"datetime": "2023-11-30 11:03:08", "elapsed": 61.985943, "delta": 2.347293}}
{"target": 0.9178571428571429, "params": {"activation_function": 0.0, "amount_of_layers": 1.0, "batch_size": 115.71973092631886, "dropout_rate": 0.2522680376534212, "epochs": 51.138721488233465, "hidden_channels": 81.81436172054494, "learning_rate": 0.1, "optimizer": 0.039982780461957676, "pooling_algorithm": 0.6865332065725104}, "datetime": {"datetime": "2023-11-30 11:03:09", "elapsed": 63.185113, "delta": 1.19917}}
{"target": 0.8999999999999999, "params": {"activation_function": 1.195265020981896, "amount_of_layers": 2.366007017542255, "batch_size": 121.01542190580103, "dropout_rate": 0.4292579826803636, "epochs": 53.14210425123364, "hidden_channels": 69.15537755565383, "learning_rate": 0.06353912099676452, "optimizer": 0.35107766071119706, "pooling_algorithm": 0.57563403759}, "datetime": {"datetime": "2023-11-30 11:03:11", "elapsed": 64.709997, "delta": 1.524884}}
{"target": 0.8357142857142857, "params": {"activation_function": 0.0, "amount_of_layers": 1.0, "batch_size": 130.08318577313327, "dropout_rate": 0.6754716395621391, "epochs": 47.499829137205104, "hidden_channels": 80.49007007950196, "learning_rate": 0.014526268929845577, "optimizer": 0.8522323771510943, "pooling_algorithm": 0.037312178228363954}, "datetime": {"datetime": "2023-11-30 11:03:12", "elapsed": 66.012998, "delta": 1.303001}}
{"target": 0.5, "params": {"activation_function": 0.8177092357264173, "amount_of_layers": 3.665182481675049, "batch_size": 108.88143440850695, "dropout_rate": 0.337442970573483, "epochs": 64.01854915434362, "hidden_channels": 75.35097750127004, "learning_rate": 0.014510958690113634, "optimizer": 1.7244023101187826, "pooling_algorithm": 0.7366734683248073}, "datetime": {"datetime": "2023-11-30 11:03:14", "elapsed": 67.779226, "delta": 1.766228}}
{"target": 0.5, "params": {"activation_function": 1.1375269214198525, "amount_of_layers": 4.964738004997389, "batch_size": 122.83290262886213, "dropout_rate": 0.41792441304189953, "epochs": 54.42599490174986, "hidden_channels": 90.73436420418649, "learning_rate": 0.06332176575165942, "optimizer": 1.522360984675857, "pooling_algorithm": 0.4432139978340047}, "datetime": {"datetime": "2023-11-30 11:03:15", "elapsed": 69.426033, "delta": 1.646807}}
{"target": 0.925, "params": {"activation_function": 0.0, "amount_of_layers": 1.0, "batch_size": 118.58836146754177, "dropout_rate": 0.25, "epochs": 43.16760007837041, "hidden_channels": 74.6692842898191, "learning_rate": 0.1, "optimizer": 0.0, "pooling_algorithm": 1.0}, "datetime": {"datetime": "2023-11-30 11:03:17", "elapsed": 70.646462, "delta": 1.220429}}
{"target": 0.5, "params": {"activation_function": 0.2054649090013878, "amount_of_layers": 1.2576259297145445, "batch_size": 133.28156797008683, "dropout_rate": 0.3018211053485293, "epochs": 56.99119982241955, "hidden_channels": 74.60248036850699, "learning_rate": 0.06644810400598623, "optimizer": 1.7484729671331747, "pooling_algorithm": 0.5084390425489683}, "datetime": {"datetime": "2023-11-30 11:03:18", "elapsed": 72.024696, "delta": 1.378234}}
{"target": 0.5, "params": {"activation_function": 0.20518122308617537, "amount_of_layers": 5.308289985268241, "batch_size": 91.10817622172785, "dropout_rate": 0.6354041770374695, "epochs": 100.31699080199438, "hidden_channels": 9.55061692699959, "learning_rate": 0.0864997324487245, "optimizer": 1.7349292851578941, "pooling_algorithm": 0.5845169571041928}, "datetime": {"datetime": "2023-11-30 11:03:20", "elapsed": 74.390952, "delta": 2.366256}}
{"target": 0.5, "params": {"activation_function": 0.7201015283882455, "amount_of_layers": 6.176771152845678, "batch_size": 120.39461169421496, "dropout_rate": 0.4963689353821355, "epochs": 50.486670289308705, "hidden_channels": 74.16105605735395, "learning_rate": 0.06526989289997975, "optimizer": 1.538740072886908, "pooling_algorithm": 0.9050603374812203}, "datetime": {"datetime": "2023-11-30 11:03:22", "elapsed": 75.74176, "delta": 1.350808}}
{"target": 0.9035714285714287, "params": {"activation_function": 0.7830254327616555, "amount_of_layers": 4.595951244140867, "batch_size": 102.37501516852757, "dropout_rate": 0.48251191140461797, "epochs": 103.32072285115598, "hidden_channels": 11.34097915508594, "learning_rate": 0.04802631968853588, "optimizer": 0.4354808870528549, "pooling_algorithm": 0.5351751377417512}, "datetime": {"datetime": "2023-11-30 11:03:24", "elapsed": 77.991585, "delta": 2.249825}}
{"target": 0.2678571428571429, "params": {"activation_function": 1.8602180518155966, "amount_of_layers": 7.488959283947272, "batch_size": 106.42572716051137, "dropout_rate": 0.612007585910348, "epochs": 99.26741920078179, "hidden_channels": 10.818431190541506, "learning_rate": 0.09320984302983276, "optimizer": 0.19555338499599761, "pooling_algorithm": 0.38476552503795736}, "datetime": {"datetime": "2023-11-30 11:03:27", "elapsed": 80.475279, "delta": 2.483694}}
{"target": 0.9196428571428572, "params": {"activation_function": 0.0, "amount_of_layers": 1.0, "batch_size": 118.09313579583652, "dropout_rate": 0.2602202235043594, "epochs": 54.4594543759674, "hidden_channels": 81.34525755663348, "learning_rate": 0.1, "optimizer": 0.0, "pooling_algorithm": 0.6537434373452504}, "datetime": {"datetime": "2023-11-30 11:03:28", "elapsed": 81.434832, "delta": 0.959553}}
{"target": 0.5, "params": {"activation_function": 0.19227201665671223, "amount_of_layers": 2.578001293194162, "batch_size": 115.1129203388047, "dropout_rate": 0.7439838510367003, "epochs": 54.94214838931551, "hidden_channels": 81.6338001163636, "learning_rate": 0.06517310706562157, "optimizer": 1.9969993443856517, "pooling_algorithm": 0.18844551344723626}, "datetime": {"datetime": "2023-11-30 11:03:29", "elapsed": 82.569821, "delta": 1.134989}}
{"target": 0.8785714285714286, "params": {"activation_function": 1.9332864354163466, "amount_of_layers": 1.7696091802968352, "batch_size": 99.14203702627559, "dropout_rate": 0.2860407912397073, "epochs": 92.85770212369846, "hidden_channels": 13.354420464042967, "learning_rate": 0.004335549756018728, "optimizer": 0.7279148319720179, "pooling_algorithm": 0.5228323455930454}, "datetime": {"datetime": "2023-11-30 11:03:30", "elapsed": 84.130976, "delta": 1.561155}}
{"target": 0.9196428571428572, "params": {"activation_function": 0.0, "amount_of_layers": 1.0, "batch_size": 119.57865533474698, "dropout_rate": 0.25, "epochs": 50.98769003760577, "hidden_channels": 81.49199259526866, "learning_rate": 0.1, "optimizer": 0.0, "pooling_algorithm": 1.0}, "datetime": {"datetime": "2023-11-30 11:03:31", "elapsed": 85.092961, "delta": 0.961985}}
{"target": 0.8214285714285714, "params": {"activation_function": 0.031618660871053805, "amount_of_layers": 3.0539355660400505, "batch_size": 97.08991075607557, "dropout_rate": 0.29928772031747203, "epochs": 95.51729738146454, "hidden_channels": 16.728456987462323, "learning_rate": 0.03193808328913316, "optimizer": 0.6752846870739313, "pooling_algorithm": 0.38286839904855474}, "datetime": {"datetime": "2023-11-30 11:03:33", "elapsed": 86.889591, "delta": 1.79663}}
{"target": 0.5, "params": {"activation_function": 1.3708151627289482, "amount_of_layers": 2.6965512157940985, "batch_size": 120.56398937821258, "dropout_rate": 0.35786220814091707, "epochs": 42.00739144583163, "hidden_channels": 76.9674843904512, "learning_rate": 0.0761527290316646, "optimizer": 1.9369184149346337, "pooling_algorithm": 0.01967313951972427}, "datetime": {"datetime": "2023-11-30 11:03:34", "elapsed": 87.771643, "delta": 0.882052}}
{"target": 0.9125, "params": {"activation_function": 1.1397617308169476, "amount_of_layers": 3.368106348495422, "batch_size": 103.7210414500955, "dropout_rate": 0.2885168251383132, "epochs": 108.44974382464363, "hidden_channels": 7.09719554487738, "learning_rate": 0.06461665718598485, "optimizer": 1.602978044227147, "pooling_algorithm": 0.5664240164086947}, "datetime": {"datetime": "2023-11-30 11:03:36", "elapsed": 89.693193, "delta": 1.92155}}
{"target": 0.5, "params": {"activation_function": 1.6682933663564423, "amount_of_layers": 3.317040586059492, "batch_size": 103.23769882003108, "dropout_rate": 0.48713591334603457, "epochs": 105.59914100974459, "hidden_channels": 13.611579185051948, "learning_rate": 0.09086659438890533, "optimizer": 1.0816253671884937, "pooling_algorithm": 0.813991743767496}, "datetime": {"datetime": "2023-11-30 11:03:38", "elapsed": 91.650131, "delta": 1.956938}}
{"target": 0.7607142857142857, "params": {"activation_function": 0.9948827021018876, "amount_of_layers": 2.183767091497903, "batch_size": 121.52383624913455, "dropout_rate": 0.42864672435727225, "epochs": 55.08566888910143, "hidden_channels": 82.28454513115636, "learning_rate": 0.0582780278276607, "optimizer": 0.2956666917703852, "pooling_algorithm": 0.04707102963145404}, "datetime": {"datetime": "2023-11-30 11:03:39", "elapsed": 92.722623, "delta": 1.072492}}
