{"target": 0.525, "params": {"activation_function": 0.6160738767319691, "amount_of_layers": 2.5464280192112563, "batch_size": 109.6282264387945, "dropout_rate": 0.25241868563007613, "epochs": 128.64542527739772, "hidden_channels": 81.288833881051, "learning_rate": 0.03868434717497816, "optimizer": 1.9489315384830912, "pooling_algorithm": 0.3591595736743506}, "datetime": {"datetime": "2023-11-30 10:04:52", "elapsed": 204.658688, "delta": 2.955019}}
{"target": 0.7767857142857143, "params": {"activation_function": 1.8058570756532988, "amount_of_layers": 1.39752952236128, "batch_size": 36.92915099409372, "dropout_rate": 0.5417733485039398, "epochs": 69.58125129295007, "hidden_channels": 103.8377393880227, "learning_rate": 0.08255756678307068, "optimizer": 1.3860847509529095, "pooling_algorithm": 0.1788714185029493}, "datetime": {"datetime": "2023-11-30 10:04:54", "elapsed": 206.439144, "delta": 1.780456}}
{"target": 0.7375, "params": {"activation_function": 1.7794325292821769, "amount_of_layers": 7.841859906562404, "batch_size": 112.07546851340223, "dropout_rate": 0.3874957155877273, "epochs": 53.13835285592765, "hidden_channels": 74.58293199589903, "learning_rate": 0.06232711214841607, "optimizer": 0.6344407244857981, "pooling_algorithm": 0.46708973465997305}, "datetime": {"datetime": "2023-11-30 10:04:56", "elapsed": 208.506194, "delta": 2.06705}}
{"target": 0.2607142857142857, "params": {"activation_function": 0.6395938645661494, "amount_of_layers": 4.3392940556144985, "batch_size": 133.34374580167503, "dropout_rate": 0.3338398129685911, "epochs": 54.40585637388196, "hidden_channels": 28.29743208190012, "learning_rate": 0.08841637241539216, "optimizer": 1.7283978084815133, "pooling_algorithm": 0.136678914793942}, "datetime": {"datetime": "2023-11-30 10:04:57", "elapsed": 209.631256, "delta": 1.125062}}
{"target": 0.5, "params": {"activation_function": 0.4096674735121364, "amount_of_layers": 5.690485983849002, "batch_size": 29.204102184689976, "dropout_rate": 0.37726442224705864, "epochs": 106.31685771355004, "hidden_channels": 67.78398764989137, "learning_rate": 0.07472644884827145, "optimizer": 0.7938035386597535, "pooling_algorithm": 0.6717478677485699}, "datetime": {"datetime": "2023-11-30 10:05:03", "elapsed": 215.475077, "delta": 5.843821}}
{"target": 0.9071428571428571, "params": {"activation_function": 1.2001300831117245, "amount_of_layers": 2.8744031989073155, "batch_size": 84.08020014209778, "dropout_rate": 0.4745940391984545, "epochs": 32.251791084951556, "hidden_channels": 39.47036782321252, "learning_rate": 0.06942819657704631, "optimizer": 0.17584212935762977, "pooling_algorithm": 0.9799064367080013}, "datetime": {"datetime": "2023-11-30 10:05:03", "elapsed": 216.165178, "delta": 0.690101}}
{"target": 0.7392857142857143, "params": {"activation_function": 1.7979498598213788, "amount_of_layers": 2.96427663507204, "batch_size": 70.818210641414, "dropout_rate": 0.38516147262952527, "epochs": 188.2605050676683, "hidden_channels": 13.861283105350386, "learning_rate": 0.03754957989854809, "optimizer": 1.5028726622906938, "pooling_algorithm": 0.30825034317903643}, "datetime": {"datetime": "2023-11-30 10:05:07", "elapsed": 220.122775, "delta": 3.957597}}
{"target": 0.5, "params": {"activation_function": 1.4510840266391236, "amount_of_layers": 4.793706988687705, "batch_size": 137.64115958819593, "dropout_rate": 0.5165794477493276, "epochs": 162.25846381045125, "hidden_channels": 47.73496183551345, "learning_rate": 0.04547186212023892, "optimizer": 1.0445768055932219, "pooling_algorithm": 0.8582174649467194}, "datetime": {"datetime": "2023-11-30 10:05:12", "elapsed": 224.228384, "delta": 4.105609}}
{"target": 0.875, "params": {"activation_function": 1.9804725157349605, "amount_of_layers": 7.3372949311006535, "batch_size": 61.53870005992177, "dropout_rate": 0.6085248918768552, "epochs": 65.69239769865072, "hidden_channels": 50.54506457660093, "learning_rate": 0.006489891095011222, "optimizer": 0.11818653709657223, "pooling_algorithm": 0.5977813513642537}, "datetime": {"datetime": "2023-11-30 10:05:14", "elapsed": 226.569118, "delta": 2.340734}}
{"target": 0.26249999999999996, "params": {"activation_function": 0.8595268735904427, "amount_of_layers": 3.001976699116569, "batch_size": 84.49235540441289, "dropout_rate": 0.30017964500194405, "epochs": 18.306191159813714, "hidden_channels": 43.89324328790555, "learning_rate": 0.08928539588196034, "optimizer": 0.8908071784771827, "pooling_algorithm": 0.2709487209420828}, "datetime": {"datetime": "2023-11-30 10:05:14", "elapsed": 227.029528, "delta": 0.46041}}
{"target": 0.21071428571428574, "params": {"activation_function": 0.4331330724320963, "amount_of_layers": 7.196269080817852, "batch_size": 52.8177084856843, "dropout_rate": 0.6004296612476839, "epochs": 58.65992833828551, "hidden_channels": 10.316636327589109, "learning_rate": 0.017135757050709962, "optimizer": 1.6100601169082702, "pooling_algorithm": 0.9279097118296451}, "datetime": {"datetime": "2023-11-30 10:05:16", "elapsed": 229.005305, "delta": 1.975777}}
{"target": 0.5428571428571428, "params": {"activation_function": 0.21394402262643686, "amount_of_layers": 6.424513744998778, "batch_size": 120.33843578971039, "dropout_rate": 0.7482933810614076, "epochs": 42.156935883473345, "hidden_channels": 109.33138966751983, "learning_rate": 0.021338655577808972, "optimizer": 1.686807371625274, "pooling_algorithm": 0.3250740196419889}, "datetime": {"datetime": "2023-11-30 10:05:18", "elapsed": 230.739042, "delta": 1.733737}}
{"target": 0.5, "params": {"activation_function": 0.23806775029966531, "amount_of_layers": 4.986747481822129, "batch_size": 106.21737807740895, "dropout_rate": 0.5466661424269676, "epochs": 71.63199193469919, "hidden_channels": 93.69556752452286, "learning_rate": 0.06663671241816048, "optimizer": 0.5516925144381959, "pooling_algorithm": 0.5685742345090053}, "datetime": {"datetime": "2023-11-30 10:05:20", "elapsed": 233.098405, "delta": 2.359363}}
{"target": 0.6892857142857143, "params": {"activation_function": 1.735094298224317, "amount_of_layers": 5.122510954792621, "batch_size": 72.65601781038532, "dropout_rate": 0.5005308618779492, "epochs": 162.98317882404876, "hidden_channels": 68.2847491770509, "learning_rate": 0.0200370008306461, "optimizer": 1.2809449607884196, "pooling_algorithm": 0.34359396567277245}, "datetime": {"datetime": "2023-11-30 10:05:26", "elapsed": 238.494756, "delta": 5.396351}}
{"target": 0.9035714285714286, "params": {"activation_function": 0.8623650871857382, "amount_of_layers": 6.807991025566996, "batch_size": 144.13484552382508, "dropout_rate": 0.5068152965709567, "epochs": 181.87831918380823, "hidden_channels": 39.013313492077, "learning_rate": 0.07766832627890816, "optimizer": 0.27824696124936477, "pooling_algorithm": 0.6158835752198915}, "datetime": {"datetime": "2023-11-30 10:05:31", "elapsed": 243.233466, "delta": 4.73871}}
{"target": 0.5, "params": {"activation_function": 0.9248962948060861, "amount_of_layers": 4.85284073563778, "batch_size": 34.1846746572543, "dropout_rate": 0.5248714094722713, "epochs": 199.2200801729064, "hidden_channels": 57.301580344825084, "learning_rate": 0.07791941937787718, "optimizer": 0.6924381070375771, "pooling_algorithm": 0.9832867816087408}, "datetime": {"datetime": "2023-11-30 10:05:40", "elapsed": 252.299352, "delta": 9.065886}}
{"target": 0.8535714285714285, "params": {"activation_function": 1.0655898521937754, "amount_of_layers": 2.111907947641784, "batch_size": 115.08960918701726, "dropout_rate": 0.7325520079821919, "epochs": 195.97034259269344, "hidden_channels": 80.74405155414145, "learning_rate": 0.046675594204215645, "optimizer": 0.7004702030440635, "pooling_algorithm": 0.07887762992698633}, "datetime": {"datetime": "2023-11-30 10:05:44", "elapsed": 256.459415, "delta": 4.160063}}
{"target": 0.2589285714285714, "params": {"activation_function": 0.6582403319187058, "amount_of_layers": 7.813502352741295, "batch_size": 26.49146703054055, "dropout_rate": 0.5460568119588826, "epochs": 161.33693217043992, "hidden_channels": 42.94216252302399, "learning_rate": 0.013296091693428193, "optimizer": 0.7195970057862118, "pooling_algorithm": 0.1654130923305398}, "datetime": {"datetime": "2023-11-30 10:05:55", "elapsed": 267.525126, "delta": 11.065711}}
{"target": 0.5, "params": {"activation_function": 1.3793364225816793, "amount_of_layers": 7.5472056510728995, "batch_size": 65.99948363196462, "dropout_rate": 0.6236866525390453, "epochs": 131.47570093890627, "hidden_channels": 64.31925624780018, "learning_rate": 0.024191004286573982, "optimizer": 0.8008008527796653, "pooling_algorithm": 0.9020996105816206}, "datetime": {"datetime": "2023-11-30 10:06:01", "elapsed": 273.652025, "delta": 6.126899}}
{"target": 0.5, "params": {"activation_function": 1.2363241288451237, "amount_of_layers": 6.02983002185967, "batch_size": 105.14651443696437, "dropout_rate": 0.46052293809221384, "epochs": 93.87417512601465, "hidden_channels": 45.72308820449508, "learning_rate": 0.08124007633231427, "optimizer": 1.0987956488730117, "pooling_algorithm": 0.8457738871139049}, "datetime": {"datetime": "2023-11-30 10:06:04", "elapsed": 276.618206, "delta": 2.966181}}
{"target": 0.9160714285714286, "params": {"activation_function": 0.1557912818152667, "amount_of_layers": 8.933844445450184, "batch_size": 97.6738787112634, "dropout_rate": 0.5190596813329204, "epochs": 74.60812677573057, "hidden_channels": 15.058317240053972, "learning_rate": 0.021246767364041047, "optimizer": 1.2200121645175033, "pooling_algorithm": 0.7940157967533545}, "datetime": {"datetime": "2023-11-30 10:06:06", "elapsed": 279.151079, "delta": 2.532873}}
{"target": 0.9, "params": {"activation_function": 1.343617649505848, "amount_of_layers": 3.026961857516315, "batch_size": 71.39809232296686, "dropout_rate": 0.565933025441319, "epochs": 165.58723078837332, "hidden_channels": 12.194188143853676, "learning_rate": 0.032325032940336285, "optimizer": 0.33538830378538753, "pooling_algorithm": 0.9482890184233264}, "datetime": {"datetime": "2023-11-30 10:06:10", "elapsed": 282.652043, "delta": 3.500964}}
{"target": 0.25892857142857145, "params": {"activation_function": 0.6390660115680036, "amount_of_layers": 6.031991932709309, "batch_size": 89.58216099207579, "dropout_rate": 0.3601959103551685, "epochs": 132.43068847410112, "hidden_channels": 19.611340590711727, "learning_rate": 0.03251430147970126, "optimizer": 0.9516039956542737, "pooling_algorithm": 0.3275282450893289}, "datetime": {"datetime": "2023-11-30 10:06:14", "elapsed": 286.348, "delta": 3.695957}}
{"target": 0.8071428571428572, "params": {"activation_function": 1.7290252945317055, "amount_of_layers": 7.070846844565713, "batch_size": 35.62955848340785, "dropout_rate": 0.4430715953662802, "epochs": 57.25295061228903, "hidden_channels": 114.82219492997645, "learning_rate": 0.0692052473999531, "optimizer": 0.18772642209044954, "pooling_algorithm": 0.4062357437144972}, "datetime": {"datetime": "2023-11-30 10:06:17", "elapsed": 289.883674, "delta": 3.535674}}
{"target": 0.9071428571428571, "params": {"activation_function": 0.2714186929632487, "amount_of_layers": 5.692132874478871, "batch_size": 52.57955783655568, "dropout_rate": 0.27115745177235334, "epochs": 28.182915537503273, "hidden_channels": 75.39196534392767, "learning_rate": 0.019989771817740722, "optimizer": 0.20686547054683357, "pooling_algorithm": 0.5017516850497652}, "datetime": {"datetime": "2023-11-30 10:06:18", "elapsed": 291.016093, "delta": 1.132419}}
{"target": 0.5, "params": {"activation_function": 0.008736050050151212, "amount_of_layers": 3.656480822159055, "batch_size": 133.9363639483454, "dropout_rate": 0.7281912276384754, "epochs": 13.940061690505292, "hidden_channels": 120.0265013486985, "learning_rate": 0.06538968191570714, "optimizer": 1.5619668102309543, "pooling_algorithm": 0.8915680267877597}, "datetime": {"datetime": "2023-11-30 10:06:19", "elapsed": 291.589095, "delta": 0.573002}}
{"target": 0.5071428571428571, "params": {"activation_function": 1.797908334447674, "amount_of_layers": 8.115737513907867, "batch_size": 41.7617641408972, "dropout_rate": 0.44106239091792265, "epochs": 175.10894152357827, "hidden_channels": 81.08771008007594, "learning_rate": 0.08287058254863425, "optimizer": 0.6040040754290263, "pooling_algorithm": 0.5773419862686429}, "datetime": {"datetime": "2023-11-30 10:06:29", "elapsed": 301.457815, "delta": 9.86872}}
{"target": 0.9071428571428571, "params": {"activation_function": 0.44528556355022775, "amount_of_layers": 8.466782195238425, "batch_size": 113.03191594275367, "dropout_rate": 0.591036289532739, "epochs": 65.28364103398047, "hidden_channels": 71.97473832188666, "learning_rate": 0.0355331511839435, "optimizer": 0.2877510706079289, "pooling_algorithm": 0.8124151516296553}, "datetime": {"datetime": "2023-11-30 10:06:31", "elapsed": 303.88365, "delta": 2.425835}}
{"target": 0.5035714285714286, "params": {"activation_function": 1.4777121450735546, "amount_of_layers": 2.056671032742118, "batch_size": 122.24958225394992, "dropout_rate": 0.7480881619488338, "epochs": 184.77061549334297, "hidden_channels": 66.20928388404238, "learning_rate": 0.030224353500682186, "optimizer": 0.015394204382422672, "pooling_algorithm": 0.04276050337431425}, "datetime": {"datetime": "2023-11-30 10:06:35", "elapsed": 307.252196, "delta": 3.368546}}
{"target": 0.5, "params": {"activation_function": 1.477504097716944, "amount_of_layers": 2.020893663881507, "batch_size": 65.05121336158794, "dropout_rate": 0.3615324933610647, "epochs": 162.10455714917902, "hidden_channels": 30.394954612566426, "learning_rate": 0.06049364670620034, "optimizer": 0.9264356296508034, "pooling_algorithm": 0.9495040887806805}, "datetime": {"datetime": "2023-11-30 10:06:38", "elapsed": 310.540076, "delta": 3.28788}}
{"target": 0.5, "params": {"activation_function": 0.30064883400851095, "amount_of_layers": 5.187605335952579, "batch_size": 148.0879383528193, "dropout_rate": 0.4239696353997666, "epochs": 75.55574050693562, "hidden_channels": 112.03220867816849, "learning_rate": 0.06276921782552676, "optimizer": 0.747836549121538, "pooling_algorithm": 0.13665807847856204}, "datetime": {"datetime": "2023-11-30 10:06:41", "elapsed": 313.385435, "delta": 2.845359}}
{"target": 0.7339285714285714, "params": {"activation_function": 1.8834088298199296, "amount_of_layers": 7.090219084810653, "batch_size": 140.84002448692854, "dropout_rate": 0.6103615282073347, "epochs": 169.58414533081617, "hidden_channels": 73.12863361347353, "learning_rate": 0.08067778007844638, "optimizer": 0.553225973754093, "pooling_algorithm": 0.4553908091708816}, "datetime": {"datetime": "2023-11-30 10:06:46", "elapsed": 319.19123, "delta": 5.805795}}
{"target": 0.6357142857142857, "params": {"activation_function": 0.7494292977395558, "amount_of_layers": 3.359998520013508, "batch_size": 66.48300366283644, "dropout_rate": 0.41584717806977023, "epochs": 58.934977909390376, "hidden_channels": 76.66811939547864, "learning_rate": 0.046722065087107904, "optimizer": 0.8527308734408161, "pooling_algorithm": 0.6508432170467041}, "datetime": {"datetime": "2023-11-30 10:06:48", "elapsed": 321.061744, "delta": 1.870514}}
{"target": 0.8964285714285715, "params": {"activation_function": 1.3688755670194461, "amount_of_layers": 7.245794216049971, "batch_size": 78.62064163608319, "dropout_rate": 0.3055343609391551, "epochs": 120.2791923366267, "hidden_channels": 80.40844868942976, "learning_rate": 0.08933376149630529, "optimizer": 0.3169675891210235, "pooling_algorithm": 0.8308759966147269}, "datetime": {"datetime": "2023-11-30 10:06:53", "elapsed": 325.297926, "delta": 4.236182}}
{"target": 0.26607142857142857, "params": {"activation_function": 1.4503381624886675, "amount_of_layers": 3.1895519715179423, "batch_size": 146.29202451179313, "dropout_rate": 0.4646689508333737, "epochs": 124.76135617308243, "hidden_channels": 9.416804426958151, "learning_rate": 0.040715669966081586, "optimizer": 0.5712088776406108, "pooling_algorithm": 0.26063067341447543}, "datetime": {"datetime": "2023-11-30 10:06:55", "elapsed": 327.425465, "delta": 2.127539}}
{"target": 0.5, "params": {"activation_function": 0.4074132432709556, "amount_of_layers": 6.792559190278493, "batch_size": 68.09266216903424, "dropout_rate": 0.40329310032597787, "epochs": 173.34429036527496, "hidden_channels": 83.89485516926916, "learning_rate": 0.08808160394041961, "optimizer": 1.2444077356868797, "pooling_algorithm": 0.07979145243464403}, "datetime": {"datetime": "2023-11-30 10:07:03", "elapsed": 335.711713, "delta": 8.286248}}
{"target": 0.45, "params": {"activation_function": 1.9298471711906693, "amount_of_layers": 6.512525045541789, "batch_size": 50.50041648153477, "dropout_rate": 0.7264476218700324, "epochs": 134.44447181346328, "hidden_channels": 76.44828608033775, "learning_rate": 0.04316493062097887, "optimizer": 1.7722022840575944, "pooling_algorithm": 0.8099557580112358}, "datetime": {"datetime": "2023-11-30 10:07:09", "elapsed": 341.566616, "delta": 5.854903}}
{"target": 0.35, "params": {"activation_function": 1.8511802583618842, "amount_of_layers": 5.381220089890726, "batch_size": 148.34408761146736, "dropout_rate": 0.6216799517719132, "epochs": 133.5453074332052, "hidden_channels": 104.14637490607153, "learning_rate": 0.02511742728068764, "optimizer": 1.4744290408750311, "pooling_algorithm": 0.629773736395924}, "datetime": {"datetime": "2023-11-30 10:07:14", "elapsed": 346.280059, "delta": 4.713443}}
{"target": 0.8964285714285715, "params": {"activation_function": 1.6954282261996123, "amount_of_layers": 3.797502730182072, "batch_size": 133.78216868243874, "dropout_rate": 0.41367867971541716, "epochs": 82.22281648032103, "hidden_channels": 27.802428887928134, "learning_rate": 0.062221865458505624, "optimizer": 0.015921044161774756, "pooling_algorithm": 0.5976689129751157}, "datetime": {"datetime": "2023-11-30 10:07:16", "elapsed": 348.260712, "delta": 1.980653}}
{"target": 0.5, "params": {"activation_function": 1.0721903117377471, "amount_of_layers": 2.7092173121268885, "batch_size": 58.7423442857231, "dropout_rate": 0.36460369034792073, "epochs": 84.4725798355077, "hidden_channels": 95.20323381619006, "learning_rate": 0.07162194638720011, "optimizer": 0.5819829096978244, "pooling_algorithm": 0.9363836780678665}, "datetime": {"datetime": "2023-11-30 10:07:18", "elapsed": 351.015703, "delta": 2.754991}}
{"target": 0.5, "params": {"activation_function": 0.4446210566374207, "amount_of_layers": 8.285445541382419, "batch_size": 133.1519361613754, "dropout_rate": 0.31506843656102884, "epochs": 63.52087841803538, "hidden_channels": 44.41234781621883, "learning_rate": 0.015255634329644555, "optimizer": 1.725694026672969, "pooling_algorithm": 0.8334852277900487}, "datetime": {"datetime": "2023-11-30 10:07:20", "elapsed": 353.215194, "delta": 2.199491}}
{"target": 0.8357142857142857, "params": {"activation_function": 1.083522324928094, "amount_of_layers": 1.887052562229579, "batch_size": 117.53615757588462, "dropout_rate": 0.44707788260481923, "epochs": 169.9844424253547, "hidden_channels": 103.59670562504225, "learning_rate": 0.011554175238147332, "optimizer": 0.6340132413077548, "pooling_algorithm": 0.40775714799478735}, "datetime": {"datetime": "2023-11-30 10:07:24", "elapsed": 357.015232, "delta": 3.800038}}
{"target": 0.1714285714285714, "params": {"activation_function": 1.9848189697379144, "amount_of_layers": 7.8586206707789605, "batch_size": 100.46739458791889, "dropout_rate": 0.3576716805054, "epochs": 184.30213304018267, "hidden_channels": 46.0657241926319, "learning_rate": 0.07078367363635255, "optimizer": 1.1080702750006157, "pooling_algorithm": 0.7567129416730562}, "datetime": {"datetime": "2023-11-30 10:07:30", "elapsed": 362.889369, "delta": 5.874137}}
{"target": 0.7142857142857143, "params": {"activation_function": 0.785180356456312, "amount_of_layers": 4.911322661394251, "batch_size": 110.02857311693803, "dropout_rate": 0.5449613519543276, "epochs": 91.8952732577263, "hidden_channels": 115.93849475857945, "learning_rate": 0.03658853315890516, "optimizer": 0.06208456929443518, "pooling_algorithm": 0.12958482320547038}, "datetime": {"datetime": "2023-11-30 10:07:34", "elapsed": 366.402539, "delta": 3.51317}}
{"target": 0.7428571428571429, "params": {"activation_function": 0.3436372294649366, "amount_of_layers": 7.172029554501315, "batch_size": 118.9502957809509, "dropout_rate": 0.5245272302646276, "epochs": 34.23977950087753, "hidden_channels": 7.597453800501619, "learning_rate": 0.03161647123246289, "optimizer": 0.4837880148328537, "pooling_algorithm": 0.401384595357815}, "datetime": {"datetime": "2023-11-30 10:07:35", "elapsed": 367.359378, "delta": 0.956839}}
{"target": 0.3642857142857143, "params": {"activation_function": 1.9923359486319134, "amount_of_layers": 2.9881295187037686, "batch_size": 129.55338839102325, "dropout_rate": 0.5927366402988037, "epochs": 91.61817347963282, "hidden_channels": 126.99007624369784, "learning_rate": 0.0952115541759084, "optimizer": 1.6830693360870663, "pooling_algorithm": 0.24171133929093003}, "datetime": {"datetime": "2023-11-30 10:07:37", "elapsed": 370.111592, "delta": 2.752214}}
{"target": 0.7410714285714286, "params": {"activation_function": 1.1859930074023075, "amount_of_layers": 5.407445809723611, "batch_size": 30.327063231338858, "dropout_rate": 0.6067198103199558, "epochs": 47.948248848321455, "hidden_channels": 49.71628820234829, "learning_rate": 0.03597853338749882, "optimizer": 1.753465268142396, "pooling_algorithm": 0.00853744460829653}, "datetime": {"datetime": "2023-11-30 10:07:40", "elapsed": 372.288875, "delta": 2.177283}}
