{"target": 0.5, "params": {"activation_function": 0.23725800719581258, "amount_of_layers": 5.46976813559675, "batch_size": 139.49615441941256, "dropout_rate": 0.6788669587076331, "epochs": 41.82935408811319, "hidden_channels": 73.29788744170617, "learning_rate": 0.04743976864479739, "optimizer": 1.3536707041612561, "pooling_algorithm": 0.7364719619797607}, "datetime": {"datetime": "2023-11-30 11:46:57", "elapsed": 481.349279, "delta": 2.027135}}
{"target": 0.7410714285714286, "params": {"activation_function": 0.6270485357904088, "amount_of_layers": 5.918130226091367, "batch_size": 72.98164389163449, "dropout_rate": 0.3403585740092456, "epochs": 36.66732364780764, "hidden_channels": 15.84463348278302, "learning_rate": 0.09658004987353519, "optimizer": 1.2350343541494953, "pooling_algorithm": 0.4147363277398227}, "datetime": {"datetime": "2023-11-30 11:46:59", "elapsed": 482.713122, "delta": 1.363843}}
{"target": 0.8035714285714286, "params": {"activation_function": 1.5960476877715555, "amount_of_layers": 4.581175943584153, "batch_size": 33.44220837231916, "dropout_rate": 0.4845957293355599, "epochs": 179.29613423491188, "hidden_channels": 63.08180964679711, "learning_rate": 0.0757480585758478, "optimizer": 0.1487899092555287, "pooling_algorithm": 0.08330936509730014}, "datetime": {"datetime": "2023-11-30 11:47:07", "elapsed": 490.973163, "delta": 8.260041}}
{"target": 0.9035714285714287, "params": {"activation_function": 0.06610518794983067, "amount_of_layers": 4.479073522764243, "batch_size": 48.045005729905625, "dropout_rate": 0.49822400454007587, "epochs": 27.489051199910467, "hidden_channels": 17.632016027009772, "learning_rate": 0.02913335944027457, "optimizer": 1.1311315623265108, "pooling_algorithm": 0.7593078587855677}, "datetime": {"datetime": "2023-11-30 11:47:08", "elapsed": 492.099104, "delta": 1.125941}}
{"target": 0.5, "params": {"activation_function": 1.416398173678216, "amount_of_layers": 2.32371585223164, "batch_size": 51.152510504791344, "dropout_rate": 0.4198278732472012, "epochs": 19.40630650749758, "hidden_channels": 102.7163548771232, "learning_rate": 0.06340289155479588, "optimizer": 0.5930118321852318, "pooling_algorithm": 0.5463784042191125}, "datetime": {"datetime": "2023-11-30 11:47:09", "elapsed": 493.022134, "delta": 0.92303}}
{"target": 0.5, "params": {"activation_function": 1.4433959322152987, "amount_of_layers": 7.349464314873662, "batch_size": 148.58828254648637, "dropout_rate": 0.41312989145170215, "epochs": 99.56923243685114, "hidden_channels": 106.69834037854596, "learning_rate": 0.06799020852586603, "optimizer": 1.6477624186193627, "pooling_algorithm": 0.750098596470944}, "datetime": {"datetime": "2023-11-30 11:47:16", "elapsed": 499.635317, "delta": 6.613183}}
{"target": 0.7410714285714285, "params": {"activation_function": 1.774057892964786, "amount_of_layers": 7.1818740290803875, "batch_size": 149.3817930550196, "dropout_rate": 0.2573279590176071, "epochs": 135.9815307961294, "hidden_channels": 115.2528614601682, "learning_rate": 0.08465306060608317, "optimizer": 1.2814176902158658, "pooling_algorithm": 0.13476910661663666}, "datetime": {"datetime": "2023-11-30 11:47:25", "elapsed": 508.89797, "delta": 9.262653}}
{"target": 0.5, "params": {"activation_function": 0.6570402623792186, "amount_of_layers": 7.126420083042964, "batch_size": 148.37199106338275, "dropout_rate": 0.29900577633939207, "epochs": 99.93510272115606, "hidden_channels": 96.76404560726631, "learning_rate": 0.08524434623145513, "optimizer": 1.4424119327690614, "pooling_algorithm": 0.7857626916338075}, "datetime": {"datetime": "2023-11-30 11:47:31", "elapsed": 515.011406, "delta": 6.113436}}
{"target": 0.25892857142857145, "params": {"activation_function": 0.7069621100838581, "amount_of_layers": 8.785414013139974, "batch_size": 59.09468517663365, "dropout_rate": 0.415348125869507, "epochs": 118.44600241164115, "hidden_channels": 82.99011573520406, "learning_rate": 0.09444820032371788, "optimizer": 0.9105785890026328, "pooling_algorithm": 0.4740909416050728}, "datetime": {"datetime": "2023-11-30 11:47:47", "elapsed": 531.389761, "delta": 16.378355}}
{"target": 0.5, "params": {"activation_function": 1.6353540023073372, "amount_of_layers": 1.9506254446256763, "batch_size": 77.89570926512368, "dropout_rate": 0.417905613757216, "epochs": 165.30991333524506, "hidden_channels": 119.51522893175029, "learning_rate": 0.050126209915038224, "optimizer": 1.4893206650427262, "pooling_algorithm": 0.7462687147562016}, "datetime": {"datetime": "2023-11-30 11:47:53", "elapsed": 536.772183, "delta": 5.382422}}
{"target": 0.5, "params": {"activation_function": 1.945681815138364, "amount_of_layers": 3.1545443774294792, "batch_size": 52.86704212687679, "dropout_rate": 0.3624680798364882, "epochs": 97.17981210229028, "hidden_channels": 113.86107278002076, "learning_rate": 0.03254343132770194, "optimizer": 1.9532391371835076, "pooling_algorithm": 0.596015195085157}, "datetime": {"datetime": "2023-11-30 11:47:57", "elapsed": 540.996596, "delta": 4.224413}}
{"target": 0.8392857142857143, "params": {"activation_function": 0.11270858284305763, "amount_of_layers": 8.570141558858207, "batch_size": 20.03579094187884, "dropout_rate": 0.44014969273229915, "epochs": 147.3695700741029, "hidden_channels": 72.51233366650358, "learning_rate": 0.03567046974501334, "optimizer": 0.32454219646964577, "pooling_algorithm": 0.4684836766410939}, "datetime": {"datetime": "2023-11-30 11:48:10", "elapsed": 553.674992, "delta": 12.678396}}
{"target": 0.5, "params": {"activation_function": 0.567627729624895, "amount_of_layers": 2.6733138945845836, "batch_size": 140.7709604652166, "dropout_rate": 0.3396866475399445, "epochs": 50.87937526997375, "hidden_channels": 69.19261841439574, "learning_rate": 0.04170664427044629, "optimizer": 1.6629181839353577, "pooling_algorithm": 0.7850910349724427}, "datetime": {"datetime": "2023-11-30 11:48:11", "elapsed": 555.272052, "delta": 1.59706}}
{"target": 0.9160714285714285, "params": {"activation_function": 0.1266004822751814, "amount_of_layers": 2.0928367363803186, "batch_size": 55.78366772231188, "dropout_rate": 0.69723317890817, "epochs": 163.57986433917338, "hidden_channels": 117.53270172232385, "learning_rate": 0.005823705669129428, "optimizer": 1.9597802742435204, "pooling_algorithm": 0.7901669877577092}, "datetime": {"datetime": "2023-11-30 11:48:16", "elapsed": 560.516467, "delta": 5.244415}}
{"target": 0.7321428571428572, "params": {"activation_function": 0.6601271135158642, "amount_of_layers": 7.6567467481687945, "batch_size": 84.05159586874177, "dropout_rate": 0.5351881117329337, "epochs": 171.00984674797144, "hidden_channels": 26.378564888111537, "learning_rate": 0.030921403657624472, "optimizer": 1.2358126784319887, "pooling_algorithm": 0.3504975287822987}, "datetime": {"datetime": "2023-11-30 11:48:22", "elapsed": 566.379955, "delta": 5.863488}}
{"target": 0.9071428571428573, "params": {"activation_function": 0.905358511787828, "amount_of_layers": 6.016594743194693, "batch_size": 135.5392756220691, "dropout_rate": 0.41938537466864073, "epochs": 167.38601069351282, "hidden_channels": 93.89755983244805, "learning_rate": 0.07899432833854232, "optimizer": 0.03393379336535296, "pooling_algorithm": 0.9949721833465965}, "datetime": {"datetime": "2023-11-30 11:48:30", "elapsed": 574.430213, "delta": 8.050258}}
{"target": 0.9071428571428571, "params": {"activation_function": 1.2076263779385288, "amount_of_layers": 2.358943978651223, "batch_size": 121.52816722660512, "dropout_rate": 0.3148702335818007, "epochs": 142.85097964014238, "hidden_channels": 20.556524038602053, "learning_rate": 0.028641709018978077, "optimizer": 0.7914003481528651, "pooling_algorithm": 0.8659680982741261}, "datetime": {"datetime": "2023-11-30 11:48:33", "elapsed": 577.31064, "delta": 2.880427}}
{"target": 0.5, "params": {"activation_function": 1.1645872593384794, "amount_of_layers": 7.367771400837366, "batch_size": 113.91926315313579, "dropout_rate": 0.33978027125279414, "epochs": 145.06077850183135, "hidden_channels": 35.973079725733356, "learning_rate": 0.043730237878813735, "optimizer": 1.5625152488261898, "pooling_algorithm": 0.6128827033333879}, "datetime": {"datetime": "2023-11-30 11:48:39", "elapsed": 583.375659, "delta": 6.065019}}
{"target": 0.5, "params": {"activation_function": 0.8355792684816481, "amount_of_layers": 1.7881120443927871, "batch_size": 106.63391371976454, "dropout_rate": 0.7280980681783802, "epochs": 103.46069240406258, "hidden_channels": 41.820983543891536, "learning_rate": 0.09290036372831957, "optimizer": 1.3214336398802682, "pooling_algorithm": 0.8972938252346425}, "datetime": {"datetime": "2023-11-30 11:48:42", "elapsed": 585.656889, "delta": 2.28123}}
{"target": 0.5, "params": {"activation_function": 0.48807673136904706, "amount_of_layers": 4.229393694042477, "batch_size": 121.28991795717963, "dropout_rate": 0.35687937934928515, "epochs": 136.93939648149131, "hidden_channels": 10.494509401784121, "learning_rate": 0.08890103417598655, "optimizer": 0.5469081154651352, "pooling_algorithm": 0.7216667411465557}, "datetime": {"datetime": "2023-11-30 11:48:45", "elapsed": 588.865026, "delta": 3.208137}}
{"target": 0.825, "params": {"activation_function": 0.035821956085738016, "amount_of_layers": 6.727310634996645, "batch_size": 84.0038773122974, "dropout_rate": 0.6566680369693533, "epochs": 178.86593820202873, "hidden_channels": 69.19517828506734, "learning_rate": 0.022003674462790633, "optimizer": 0.6746271123045768, "pooling_algorithm": 0.19867653328324753}, "datetime": {"datetime": "2023-11-30 11:48:52", "elapsed": 596.177547, "delta": 7.312521}}
{"target": 0.2625, "params": {"activation_function": 0.679288777162121, "amount_of_layers": 4.695523705287728, "batch_size": 96.10058462087297, "dropout_rate": 0.6414438984779642, "epochs": 148.53177658772412, "hidden_channels": 83.5984508669002, "learning_rate": 0.06298787552956042, "optimizer": 0.6592935079854199, "pooling_algorithm": 0.03631420622188164}, "datetime": {"datetime": "2023-11-30 11:48:58", "elapsed": 601.973698, "delta": 5.796151}}
{"target": 0.5, "params": {"activation_function": 1.0230068180130845, "amount_of_layers": 1.4888408615560174, "batch_size": 130.33614770193924, "dropout_rate": 0.46485097541320286, "epochs": 147.0051854849125, "hidden_channels": 111.60300768403991, "learning_rate": 0.05045389669962115, "optimizer": 0.8791383963009853, "pooling_algorithm": 0.9740101088360185}, "datetime": {"datetime": "2023-11-30 11:49:01", "elapsed": 605.481956, "delta": 3.508258}}
{"target": 0.2785714285714286, "params": {"activation_function": 0.9178124994676662, "amount_of_layers": 2.4573677912773437, "batch_size": 86.97809316372492, "dropout_rate": 0.5296278280595661, "epochs": 173.27446136104032, "hidden_channels": 71.60224018737944, "learning_rate": 0.04527439393385899, "optimizer": 1.582673966364711, "pooling_algorithm": 0.17451435169144813}, "datetime": {"datetime": "2023-11-30 11:49:05", "elapsed": 609.421869, "delta": 3.939913}}
{"target": 0.5, "params": {"activation_function": 1.2731163645816954, "amount_of_layers": 2.2726657755139, "batch_size": 85.8873326976009, "dropout_rate": 0.6152224665881885, "epochs": 27.26797388680226, "hidden_channels": 69.0794600816316, "learning_rate": 0.05833520678477185, "optimizer": 1.8018000066188968, "pooling_algorithm": 0.6728845897850396}, "datetime": {"datetime": "2023-11-30 11:49:06", "elapsed": 610.509627, "delta": 1.087758}}
{"target": 0.5, "params": {"activation_function": 0.10986570927541006, "amount_of_layers": 7.740527556898107, "batch_size": 96.85811106627676, "dropout_rate": 0.547435529555232, "epochs": 50.85084766549411, "hidden_channels": 52.45227498607207, "learning_rate": 0.0665400205731416, "optimizer": 0.8564940313137996, "pooling_algorithm": 0.9727099827661339}, "datetime": {"datetime": "2023-11-30 11:49:09", "elapsed": 612.789081, "delta": 2.279454}}
