{"target": 0.0982142857142857, "params": {"activation_function": 0.17129357267942513, "amount_of_layers": 1.5582310823616847, "batch_size": 106.96732421726148, "dropout_rate": 0.6990824237753053, "epochs": 110.94114313419574, "hidden_channels": 89.47664831615523, "learning_rate": 0.006174499370950536, "optimizer": 1.7626469269893825, "pooling_algorithm": 0.5665724904915097}, "datetime": {"datetime": "2023-11-30 12:06:07", "elapsed": 440.602849, "delta": 2.670781}}
{"target": 0.5, "params": {"activation_function": 1.8976035395492903, "amount_of_layers": 2.3225243106560516, "batch_size": 123.70662238145079, "dropout_rate": 0.5545553536719194, "epochs": 37.469601909091494, "hidden_channels": 87.43414188139135, "learning_rate": 0.040570000543107686, "optimizer": 1.1417530109502645, "pooling_algorithm": 0.9326584144947689}, "datetime": {"datetime": "2023-11-30 12:06:09", "elapsed": 442.237388, "delta": 1.634539}}
{"target": 0.9071428571428571, "params": {"activation_function": 0.20751374999740246, "amount_of_layers": 1.2083788424494264, "batch_size": 37.77707660155178, "dropout_rate": 0.30547596661352655, "epochs": 49.98598971903289, "hidden_channels": 30.39776323611153, "learning_rate": 0.0038922032491336936, "optimizer": 0.9133795500165887, "pooling_algorithm": 0.8867797165583793}, "datetime": {"datetime": "2023-11-30 12:06:10", "elapsed": 443.464588, "delta": 1.2272}}
{"target": 0.5, "params": {"activation_function": 1.1255815642523144, "amount_of_layers": 3.6596443627277475, "batch_size": 146.53363459683908, "dropout_rate": 0.4713964962045123, "epochs": 26.470235230218908, "hidden_channels": 64.9492368837721, "learning_rate": 0.052085966375460944, "optimizer": 0.9968432137949164, "pooling_algorithm": 0.6533482256192061}, "datetime": {"datetime": "2023-11-30 12:06:11", "elapsed": 444.579342, "delta": 1.114754}}
{"target": 0.29285714285714287, "params": {"activation_function": 1.2928915757511508, "amount_of_layers": 6.43537635558846, "batch_size": 71.77954270937204, "dropout_rate": 0.47904717978555744, "epochs": 97.94629979741491, "hidden_channels": 123.50661497788612, "learning_rate": 0.03142317240828458, "optimizer": 1.9438668211468235, "pooling_algorithm": 0.21276223919693893}, "datetime": {"datetime": "2023-11-30 12:06:29", "elapsed": 461.952791, "delta": 17.373449}}
{"target": 0.7339285714285714, "params": {"activation_function": 1.1112523106118655, "amount_of_layers": 7.8123435956509875, "batch_size": 47.592163999444175, "dropout_rate": 0.37495378029068394, "epochs": 170.94970697907408, "hidden_channels": 69.27158203613497, "learning_rate": 0.02716645510560767, "optimizer": 1.3603330453711084, "pooling_algorithm": 0.39935439737323497}, "datetime": {"datetime": "2023-11-30 12:06:39", "elapsed": 472.0054, "delta": 10.052609}}
{"target": 0.8428571428571427, "params": {"activation_function": 0.5552288030862449, "amount_of_layers": 1.7927746275348593, "batch_size": 64.25675212070132, "dropout_rate": 0.3710318458136163, "epochs": 186.70487602450646, "hidden_channels": 30.243248593251725, "learning_rate": 0.01782971371321854, "optimizer": 1.5761362624082518, "pooling_algorithm": 0.4598406104351659}, "datetime": {"datetime": "2023-11-30 12:06:43", "elapsed": 476.060405, "delta": 4.055005}}
{"target": 0.5, "params": {"activation_function": 1.299214242325942, "amount_of_layers": 3.905411252549813, "batch_size": 74.34712412762786, "dropout_rate": 0.7337801739417639, "epochs": 193.92578971674246, "hidden_channels": 34.9647210181098, "learning_rate": 0.0312531298878281, "optimizer": 0.7453764316840283, "pooling_algorithm": 0.6810799039946548}, "datetime": {"datetime": "2023-11-30 12:06:51", "elapsed": 483.651955, "delta": 7.59155}}
{"target": 0.5, "params": {"activation_function": 0.4686093002193745, "amount_of_layers": 7.465765468455568, "batch_size": 32.35327782784422, "dropout_rate": 0.3053080352321591, "epochs": 62.714644483405394, "hidden_channels": 35.23147675833398, "learning_rate": 0.06678986115882635, "optimizer": 1.2499020167777777, "pooling_algorithm": 0.34206374353055324}, "datetime": {"datetime": "2023-11-30 12:06:54", "elapsed": 487.114853, "delta": 3.462898}}
{"target": 0.5, "params": {"activation_function": 0.7718780791873168, "amount_of_layers": 5.753057509289161, "batch_size": 84.0051452765977, "dropout_rate": 0.39783070418534994, "epochs": 51.642177538627905, "hidden_channels": 86.37267703489879, "learning_rate": 0.08893237754329393, "optimizer": 0.6139305711877285, "pooling_algorithm": 0.8225700344654043}, "datetime": {"datetime": "2023-11-30 12:06:56", "elapsed": 489.604361, "delta": 2.489508}}
{"target": 0.2607142857142857, "params": {"activation_function": 1.5456785336691428, "amount_of_layers": 7.770207481644377, "batch_size": 45.05313065600052, "dropout_rate": 0.5624097277393889, "epochs": 73.57169382443169, "hidden_channels": 108.05973243569147, "learning_rate": 0.04361755086261656, "optimizer": 1.2530899353463698, "pooling_algorithm": 0.23806295882827344}, "datetime": {"datetime": "2023-11-30 12:07:02", "elapsed": 495.168427, "delta": 5.564066}}
{"target": 0.7607142857142858, "params": {"activation_function": 1.890526868051775, "amount_of_layers": 1.9188354030965504, "batch_size": 72.704084958604, "dropout_rate": 0.27214788134502854, "epochs": 26.147877273459756, "hidden_channels": 15.84452033729852, "learning_rate": 0.09503924718657793, "optimizer": 1.1492595194663378, "pooling_algorithm": 0.41062812853788644}, "datetime": {"datetime": "2023-11-30 12:07:03", "elapsed": 495.944141, "delta": 0.775714}}
{"target": 0.5, "params": {"activation_function": 0.03557208970273629, "amount_of_layers": 2.0963299091009793, "batch_size": 72.00533065220974, "dropout_rate": 0.4085729631658251, "epochs": 42.022048572210025, "hidden_channels": 98.58567222912029, "learning_rate": 0.02222488512776055, "optimizer": 1.6574941394981721, "pooling_algorithm": 0.22329194501438954}, "datetime": {"datetime": "2023-11-30 12:07:04", "elapsed": 497.298095, "delta": 1.353954}}
{"target": 0.2571428571428571, "params": {"activation_function": 0.7648309895269714, "amount_of_layers": 4.854325657029334, "batch_size": 104.62286052617758, "dropout_rate": 0.42523902107294875, "epochs": 163.8291978125151, "hidden_channels": 22.70148088844752, "learning_rate": 0.015690764499269504, "optimizer": 1.6148920211975064, "pooling_algorithm": 0.12024173626030055}, "datetime": {"datetime": "2023-11-30 12:07:08", "elapsed": 501.568308, "delta": 4.270213}}
{"target": 0.5, "params": {"activation_function": 0.3790618631688023, "amount_of_layers": 5.415689440918098, "batch_size": 32.91939487069321, "dropout_rate": 0.7284763683855082, "epochs": 151.43580950578502, "hidden_channels": 20.307885027614542, "learning_rate": 0.04562763000257511, "optimizer": 1.6987773071873062, "pooling_algorithm": 0.5117093245434188}, "datetime": {"datetime": "2023-11-30 12:07:14", "elapsed": 507.543652, "delta": 5.975344}}
{"target": 0.5, "params": {"activation_function": 1.648997533462562, "amount_of_layers": 4.074218325494486, "batch_size": 134.37525085621806, "dropout_rate": 0.6498389426390218, "epochs": 21.71249581992907, "hidden_channels": 50.53405950486497, "learning_rate": 0.09478046177175817, "optimizer": 1.8019747120228176, "pooling_algorithm": 0.7162141417441586}, "datetime": {"datetime": "2023-11-30 12:07:15", "elapsed": 508.301985, "delta": 0.758333}}
{"target": 0.8303571428571429, "params": {"activation_function": 1.5318993501651752, "amount_of_layers": 1.3994960988014347, "batch_size": 102.69852121313868, "dropout_rate": 0.5842397473128269, "epochs": 93.0775020721266, "hidden_channels": 79.73173267655105, "learning_rate": 0.04481878624580553, "optimizer": 0.9702091551532976, "pooling_algorithm": 0.20327039414162595}, "datetime": {"datetime": "2023-11-30 12:07:17", "elapsed": 510.233812, "delta": 1.931827}}
{"target": 0.5, "params": {"activation_function": 0.4947128976006345, "amount_of_layers": 7.4941050652594985, "batch_size": 138.63716707290916, "dropout_rate": 0.6780503541397331, "epochs": 184.68659035891525, "hidden_channels": 67.72621837018767, "learning_rate": 0.046715215875277695, "optimizer": 1.4346138258196373, "pooling_algorithm": 0.5159571041241507}, "datetime": {"datetime": "2023-11-30 12:07:25", "elapsed": 518.382106, "delta": 8.148294}}
{"target": 0.5, "params": {"activation_function": 1.9863509478808057, "amount_of_layers": 8.484348481265634, "batch_size": 45.834622629929925, "dropout_rate": 0.3903185270167085, "epochs": 104.17805506662883, "hidden_channels": 38.79506816608672, "learning_rate": 0.06774495011103596, "optimizer": 1.8223595884196235, "pooling_algorithm": 0.6559420460226913}, "datetime": {"datetime": "2023-11-30 12:07:33", "elapsed": 526.445695, "delta": 8.063589}}
{"target": 0.5, "params": {"activation_function": 1.896121259911068, "amount_of_layers": 6.095472179915737, "batch_size": 113.0395011504824, "dropout_rate": 0.2870897101619093, "epochs": 170.16232254941522, "hidden_channels": 85.67282981968356, "learning_rate": 0.024739543540360724, "optimizer": 1.9970055881597124, "pooling_algorithm": 0.9900581381141762}, "datetime": {"datetime": "2023-11-30 12:07:45", "elapsed": 538.12121, "delta": 11.675515}}
{"target": 0.5, "params": {"activation_function": 0.35806530640284184, "amount_of_layers": 8.395271374569205, "batch_size": 47.92405632697587, "dropout_rate": 0.4131076887229485, "epochs": 112.67886115183582, "hidden_channels": 19.83510744670043, "learning_rate": 0.05187544041455395, "optimizer": 0.7597794543571015, "pooling_algorithm": 0.7899966256662148}, "datetime": {"datetime": "2023-11-30 12:07:51", "elapsed": 543.794229, "delta": 5.673019}}
