{"target": 0.7339285714285715, "params": {"activation_function": 1.7524911267163819, "amount_of_layers": 5.369463419450906, "batch_size": 82.44094044905317, "dropout_rate": 0.6446648339512908, "epochs": 125.78328089889888, "hidden_channels": 105.10775971696769, "learning_rate": 0.04770906093477187, "optimizer": 1.2415730562233769, "pooling_algorithm": 0.4311018286585654}, "datetime": {"datetime": "2023-11-30 11:43:07", "elapsed": 251.286121, "delta": 5.741805}}
{"target": 0.5, "params": {"activation_function": 1.5866060786193175, "amount_of_layers": 8.212941469099329, "batch_size": 73.48461879866088, "dropout_rate": 0.7406571318939819, "epochs": 51.10259594395078, "hidden_channels": 21.712779610103905, "learning_rate": 0.04671015676365428, "optimizer": 1.8855683169752446, "pooling_algorithm": 0.5282789112835717}, "datetime": {"datetime": "2023-11-30 11:43:10", "elapsed": 254.072756, "delta": 2.786635}}
{"target": 0.7375, "params": {"activation_function": 0.6253238820587947, "amount_of_layers": 3.908453865500224, "batch_size": 51.407957450919845, "dropout_rate": 0.3279915918682055, "epochs": 139.6287799787449, "hidden_channels": 23.280715916122347, "learning_rate": 0.0884735982020261, "optimizer": 0.730485440063463, "pooling_algorithm": 0.2603182898040791}, "datetime": {"datetime": "2023-11-30 11:43:14", "elapsed": 258.104061, "delta": 4.031305}}
{"target": 0.3357142857142857, "params": {"activation_function": 1.214854074836386, "amount_of_layers": 3.4988076506008383, "batch_size": 85.4324254717618, "dropout_rate": 0.5385924641711268, "epochs": 109.16821041827357, "hidden_channels": 116.92940511114745, "learning_rate": 0.08477719358238092, "optimizer": 1.433249832451691, "pooling_algorithm": 0.3958966157950007}, "datetime": {"datetime": "2023-11-30 11:43:18", "elapsed": 262.104175, "delta": 4.000114}}
{"target": 0.5, "params": {"activation_function": 0.4032606298707506, "amount_of_layers": 8.785215116757659, "batch_size": 39.55421680234694, "dropout_rate": 0.7192667355797229, "epochs": 174.54786210642703, "hidden_channels": 70.55025493367147, "learning_rate": 0.05084533548749083, "optimizer": 1.2532370781797066, "pooling_algorithm": 0.9490370021912702}, "datetime": {"datetime": "2023-11-30 11:43:29", "elapsed": 273.34568, "delta": 11.241505}}
{"target": 0.9071428571428571, "params": {"activation_function": 1.2924574822000647, "amount_of_layers": 2.2280284553692917, "batch_size": 133.1310931231186, "dropout_rate": 0.28090761773067985, "epochs": 94.60889454699644, "hidden_channels": 59.32898110389031, "learning_rate": 0.051686259727309815, "optimizer": 0.49781568417361033, "pooling_algorithm": 0.7383787325499324}, "datetime": {"datetime": "2023-11-30 11:43:31", "elapsed": 275.484334, "delta": 2.138654}}
{"target": 0.26249999999999996, "params": {"activation_function": 0.5314322199955592, "amount_of_layers": 7.354624307678784, "batch_size": 31.76573003427493, "dropout_rate": 0.5304491350142742, "epochs": 24.066259269056424, "hidden_channels": 58.971875120826596, "learning_rate": 0.04217612818409606, "optimizer": 1.9186184129970671, "pooling_algorithm": 0.35278565837443654}, "datetime": {"datetime": "2023-11-30 11:43:33", "elapsed": 277.056571, "delta": 1.572237}}
{"target": 0.7357142857142857, "params": {"activation_function": 0.9024616583135125, "amount_of_layers": 3.665670806723365, "batch_size": 128.97337644674212, "dropout_rate": 0.6242702751919217, "epochs": 90.43899444245599, "hidden_channels": 32.41845122702061, "learning_rate": 0.005568573442556782, "optimizer": 0.5535858735086749, "pooling_algorithm": 0.12201360379810222}, "datetime": {"datetime": "2023-11-30 11:43:35", "elapsed": 279.466991, "delta": 2.41042}}
{"target": 0.26071428571428573, "params": {"activation_function": 1.129463448150271, "amount_of_layers": 7.138445224936883, "batch_size": 52.28346306054757, "dropout_rate": 0.658830745867165, "epochs": 185.66408991981282, "hidden_channels": 105.34017145907792, "learning_rate": 0.052847353872971854, "optimizer": 1.3156083324934622, "pooling_algorithm": 0.3826280812404331}, "datetime": {"datetime": "2023-11-30 11:43:46", "elapsed": 290.362565, "delta": 10.895574}}
{"target": 0.825, "params": {"activation_function": 1.4472523999210458, "amount_of_layers": 1.0656609733029105, "batch_size": 54.161698639508124, "dropout_rate": 0.2629571953696995, "epochs": 108.5126688487731, "hidden_channels": 76.76946268870417, "learning_rate": 0.014888086858020198, "optimizer": 1.4738865043032043, "pooling_algorithm": 0.22195209413222672}, "datetime": {"datetime": "2023-11-30 11:43:49", "elapsed": 292.920963, "delta": 2.558398}}
{"target": 0.8089285714285714, "params": {"activation_function": 0.19380098746449326, "amount_of_layers": 1.7609248598268588, "batch_size": 49.02140683286972, "dropout_rate": 0.6897589708507907, "epochs": 119.03712000120798, "hidden_channels": 61.856166947492845, "learning_rate": 0.062250256403757684, "optimizer": 1.3142305332806943, "pooling_algorithm": 0.08077000134333634}, "datetime": {"datetime": "2023-11-30 11:43:52", "elapsed": 296.270069, "delta": 3.349106}}
{"target": 0.7982142857142858, "params": {"activation_function": 1.8125479924807728, "amount_of_layers": 1.0534074650248817, "batch_size": 26.96815263764477, "dropout_rate": 0.31447108450431704, "epochs": 93.51472533568739, "hidden_channels": 106.79952390542984, "learning_rate": 0.09793630716039912, "optimizer": 0.027296431643537566, "pooling_algorithm": 0.2751272656926652}, "datetime": {"datetime": "2023-11-30 11:43:55", "elapsed": 299.159957, "delta": 2.889888}}
{"target": 0.9303571428571429, "params": {"activation_function": 0.4837635559675011, "amount_of_layers": 1.4679214411534627, "batch_size": 119.33326595264113, "dropout_rate": 0.5779196283306158, "epochs": 43.588036540162875, "hidden_channels": 86.10016967579193, "learning_rate": 0.015278873516000484, "optimizer": 0.35612839544330144, "pooling_algorithm": 0.7008158963348029}, "datetime": {"datetime": "2023-11-30 11:43:56", "elapsed": 300.097324, "delta": 0.937367}}
{"target": 0.5, "params": {"activation_function": 0.5190967592083064, "amount_of_layers": 4.046314311038578, "batch_size": 56.18156435815877, "dropout_rate": 0.39015569230328206, "epochs": 189.79318878433668, "hidden_channels": 75.32643094540458, "learning_rate": 0.051845472717448216, "optimizer": 1.2746928466103593, "pooling_algorithm": 0.9025961231823405}, "datetime": {"datetime": "2023-11-30 11:44:03", "elapsed": 306.93255, "delta": 6.835226}}
{"target": 0.26249999999999996, "params": {"activation_function": 1.5696158157185474, "amount_of_layers": 8.181292514717379, "batch_size": 115.08496607730288, "dropout_rate": 0.6702285282078684, "epochs": 141.95310770816602, "hidden_channels": 83.66890590344254, "learning_rate": 0.024538464749618828, "optimizer": 1.7540221165091656, "pooling_algorithm": 0.1265517178069785}, "datetime": {"datetime": "2023-11-30 11:44:10", "elapsed": 314.581661, "delta": 7.649111}}
{"target": 0.8428571428571427, "params": {"activation_function": 0.17372154079893676, "amount_of_layers": 8.661521140044407, "batch_size": 43.9302435102733, "dropout_rate": 0.40511985891817076, "epochs": 124.59333536270158, "hidden_channels": 31.8298380237794, "learning_rate": 0.006023314552388619, "optimizer": 1.0660403511478485, "pooling_algorithm": 0.12473139085822393}, "datetime": {"datetime": "2023-11-30 11:44:17", "elapsed": 320.927952, "delta": 6.346291}}
{"target": 0.7892857142857143, "params": {"activation_function": 1.8840852096764125, "amount_of_layers": 1.561443266488629, "batch_size": 55.67701939548591, "dropout_rate": 0.6411301327539005, "epochs": 199.98853021919655, "hidden_channels": 127.14647394565965, "learning_rate": 0.08653821386295313, "optimizer": 0.4363690582005919, "pooling_algorithm": 0.1458666610220627}, "datetime": {"datetime": "2023-11-30 11:44:23", "elapsed": 327.382489, "delta": 6.454537}}
{"target": 0.5, "params": {"activation_function": 0.13307235319696797, "amount_of_layers": 6.134319204745453, "batch_size": 130.73625798155012, "dropout_rate": 0.2855973658154273, "epochs": 130.76898008121242, "hidden_channels": 122.5989184448224, "learning_rate": 0.07797584495005698, "optimizer": 1.6207280434626232, "pooling_algorithm": 0.32795606323789894}, "datetime": {"datetime": "2023-11-30 11:44:31", "elapsed": 335.400891, "delta": 8.018402}}
{"target": 0.8964285714285714, "params": {"activation_function": 0.9714801383173863, "amount_of_layers": 3.7661327765854162, "batch_size": 51.05625469137633, "dropout_rate": 0.37165518589620933, "epochs": 169.43042288410487, "hidden_channels": 27.346666948140065, "learning_rate": 0.009997837630462313, "optimizer": 0.7807242130400924, "pooling_algorithm": 0.9501270480179534}, "datetime": {"datetime": "2023-11-30 11:44:37", "elapsed": 340.74513, "delta": 5.344239}}
{"target": 0.22499999999999998, "params": {"activation_function": 0.5492023536924215, "amount_of_layers": 2.1316927340652505, "batch_size": 60.63455821049464, "dropout_rate": 0.49670037813836676, "epochs": 135.8130509993831, "hidden_channels": 25.425215547594174, "learning_rate": 0.09761014650822318, "optimizer": 0.13454788335194778, "pooling_algorithm": 0.15629423809279885}, "datetime": {"datetime": "2023-11-30 11:44:39", "elapsed": 343.552497, "delta": 2.807367}}
{"target": 0.8964285714285715, "params": {"activation_function": 1.4993148104725609, "amount_of_layers": 8.574713470142669, "batch_size": 19.393778391356193, "dropout_rate": 0.6964046272362981, "epochs": 135.94754472252575, "hidden_channels": 83.11945422359025, "learning_rate": 0.05517919077986918, "optimizer": 0.4661885596746933, "pooling_algorithm": 0.6729117253131589}, "datetime": {"datetime": "2023-11-30 11:44:52", "elapsed": 355.827398, "delta": 12.274901}}
{"target": 0.2071428571428571, "params": {"activation_function": 1.322577618479797, "amount_of_layers": 1.8397394213714877, "batch_size": 145.19628769811408, "dropout_rate": 0.7373923138345322, "epochs": 120.40377014085809, "hidden_channels": 122.41552787503608, "learning_rate": 0.0082410835848215, "optimizer": 0.9290181086444962, "pooling_algorithm": 0.41236357221038}, "datetime": {"datetime": "2023-11-30 11:44:56", "elapsed": 359.792573, "delta": 3.965175}}
{"target": 0.5, "params": {"activation_function": 0.4481765622696199, "amount_of_layers": 8.514685889921644, "batch_size": 56.14691085031085, "dropout_rate": 0.5836990969689602, "epochs": 167.7640203785051, "hidden_channels": 100.51273304512559, "learning_rate": 0.05367987851740152, "optimizer": 0.6253864688835851, "pooling_algorithm": 0.3114572396837334}, "datetime": {"datetime": "2023-11-30 11:45:07", "elapsed": 371.336002, "delta": 11.543429}}
{"target": 0.7446428571428572, "params": {"activation_function": 1.289275042451797, "amount_of_layers": 3.18921898565804, "batch_size": 51.665252509409186, "dropout_rate": 0.4283988678383527, "epochs": 162.39349470381583, "hidden_channels": 90.42097539219154, "learning_rate": 0.08482498825844503, "optimizer": 0.6638886573746363, "pooling_algorithm": 0.4719073766144414}, "datetime": {"datetime": "2023-11-30 11:45:13", "elapsed": 376.831891, "delta": 5.495889}}
{"target": 0.7250000000000001, "params": {"activation_function": 0.12413272894307759, "amount_of_layers": 5.919905945627025, "batch_size": 113.8384154551653, "dropout_rate": 0.715378281271321, "epochs": 32.37167419096912, "hidden_channels": 14.795702230127617, "learning_rate": 0.07522354926476044, "optimizer": 0.10117324719145904, "pooling_algorithm": 0.015051950026353511}, "datetime": {"datetime": "2023-11-30 11:45:14", "elapsed": 377.909523, "delta": 1.077632}}
{"target": 0.9035714285714285, "params": {"activation_function": 0.04635054637669134, "amount_of_layers": 8.110518192152758, "batch_size": 126.55054365758095, "dropout_rate": 0.5344700152402375, "epochs": 70.56855799290977, "hidden_channels": 92.39702832736634, "learning_rate": 0.09573885627686718, "optimizer": 0.42470866946838637, "pooling_algorithm": 0.5772899966460368}, "datetime": {"datetime": "2023-11-30 11:45:18", "elapsed": 382.126772, "delta": 4.217249}}
{"target": 0.9142857142857143, "params": {"activation_function": 1.9242393243054132, "amount_of_layers": 7.856828178506581, "batch_size": 30.34829313939506, "dropout_rate": 0.4591555304328536, "epochs": 69.29100409086023, "hidden_channels": 103.56389107691935, "learning_rate": 0.045543452678287535, "optimizer": 0.41363400668061767, "pooling_algorithm": 0.6968070505633244}, "datetime": {"datetime": "2023-11-30 11:45:23", "elapsed": 386.948199, "delta": 4.821427}}
{"target": 0.9053571428571429, "params": {"activation_function": 0.6629231347101499, "amount_of_layers": 8.62380523406933, "batch_size": 16.37467793273374, "dropout_rate": 0.4988926493831708, "epochs": 99.8540949904656, "hidden_channels": 51.84491560236502, "learning_rate": 0.07950202341682955, "optimizer": 0.415112656910374, "pooling_algorithm": 0.7187629193841576}, "datetime": {"datetime": "2023-11-30 11:45:32", "elapsed": 396.332921, "delta": 9.384722}}
{"target": 0.8982142857142857, "params": {"activation_function": 0.6475194542697822, "amount_of_layers": 8.298729115272543, "batch_size": 105.38540317835545, "dropout_rate": 0.7347573554626459, "epochs": 184.86514690689629, "hidden_channels": 89.28144871442431, "learning_rate": 0.07773642984849721, "optimizer": 0.4740869604160949, "pooling_algorithm": 0.8997450932919637}, "datetime": {"datetime": "2023-11-30 11:45:42", "elapsed": 406.158593, "delta": 9.825672}}
{"target": 0.32499999999999996, "params": {"activation_function": 1.5617772997450239, "amount_of_layers": 5.7261792280643675, "batch_size": 133.69250746113062, "dropout_rate": 0.541039025800852, "epochs": 131.23467392676503, "hidden_channels": 47.7235122373044, "learning_rate": 0.06251782647611091, "optimizer": 0.9819899354540775, "pooling_algorithm": 0.9434429583924825}, "datetime": {"datetime": "2023-11-30 11:45:47", "elapsed": 410.849037, "delta": 4.690444}}
{"target": 0.26607142857142857, "params": {"activation_function": 0.8674258266948718, "amount_of_layers": 4.919888796762328, "batch_size": 27.48489559951349, "dropout_rate": 0.4462435015971188, "epochs": 60.02252194083757, "hidden_channels": 87.34642689660066, "learning_rate": 0.003707405300952442, "optimizer": 1.2611385513418882, "pooling_algorithm": 0.33873247885649027}, "datetime": {"datetime": "2023-11-30 11:45:50", "elapsed": 414.497596, "delta": 3.648559}}
{"target": 0.9071428571428571, "params": {"activation_function": 1.0836108480257194, "amount_of_layers": 1.5909994145568396, "batch_size": 114.72029596278364, "dropout_rate": 0.3434341539428987, "epochs": 82.66004349319084, "hidden_channels": 67.2972242627102, "learning_rate": 0.022085150019853932, "optimizer": 0.4506077008307261, "pooling_algorithm": 0.5726506659753966}, "datetime": {"datetime": "2023-11-30 11:45:52", "elapsed": 416.362311, "delta": 1.864715}}
{"target": 0.4571428571428572, "params": {"activation_function": 1.906494553510319, "amount_of_layers": 5.157130080882796, "batch_size": 80.21010491444126, "dropout_rate": 0.45013763372685406, "epochs": 94.16721369728765, "hidden_channels": 121.26358996999829, "learning_rate": 0.01393021759614025, "optimizer": 0.3008566078872468, "pooling_algorithm": 0.21410711205171284}, "datetime": {"datetime": "2023-11-30 11:45:57", "elapsed": 421.156284, "delta": 4.793973}}
{"target": 0.7392857142857143, "params": {"activation_function": 1.644737363595719, "amount_of_layers": 2.336974591166637, "batch_size": 53.47059268522329, "dropout_rate": 0.6306027034062742, "epochs": 68.1969516612496, "hidden_channels": 97.52435032350974, "learning_rate": 0.052910642505905464, "optimizer": 1.4604155631874989, "pooling_algorithm": 0.19078870297337058}, "datetime": {"datetime": "2023-11-30 11:45:59", "elapsed": 423.337334, "delta": 2.18105}}
{"target": 0.32499999999999996, "params": {"activation_function": 1.9931300587002023, "amount_of_layers": 5.5310968833955165, "batch_size": 138.55622925044133, "dropout_rate": 0.4600856260694943, "epochs": 54.07674579711761, "hidden_channels": 37.142184012689874, "learning_rate": 0.031063348979210655, "optimizer": 1.8083685870818278, "pooling_algorithm": 0.5082657400194324}, "datetime": {"datetime": "2023-11-30 11:46:01", "elapsed": 425.139677, "delta": 1.802343}}
{"target": 0.9107142857142857, "params": {"activation_function": 0.41062218013855634, "amount_of_layers": 7.89801392401856, "batch_size": 88.03061129629974, "dropout_rate": 0.3092687387004356, "epochs": 108.628856031611, "hidden_channels": 27.537532880779192, "learning_rate": 0.004768251063861011, "optimizer": 1.572279144052782, "pooling_algorithm": 0.8371157413925325}, "datetime": {"datetime": "2023-11-30 11:46:05", "elapsed": 428.874683, "delta": 3.735006}}
{"target": 0.7339285714285715, "params": {"activation_function": 1.9448052941483744, "amount_of_layers": 8.19781058811111, "batch_size": 140.31368692917633, "dropout_rate": 0.4436757477430212, "epochs": 111.60121376009208, "hidden_channels": 19.31601674601798, "learning_rate": 0.05628888466744725, "optimizer": 0.8158348872882248, "pooling_algorithm": 0.4959215790122703}, "datetime": {"datetime": "2023-11-30 11:46:09", "elapsed": 432.716621, "delta": 3.841938}}
{"target": 0.32499999999999996, "params": {"activation_function": 1.6883713250929613, "amount_of_layers": 8.962317520547643, "batch_size": 95.59566550869924, "dropout_rate": 0.5366991412611336, "epochs": 181.27250444962857, "hidden_channels": 29.254398809364226, "learning_rate": 0.09375816826728883, "optimizer": 0.9653567745229474, "pooling_algorithm": 0.6413152474127951}, "datetime": {"datetime": "2023-11-30 11:46:17", "elapsed": 440.792879, "delta": 8.076258}}
{"target": 0.25892857142857145, "params": {"activation_function": 0.6545549466476501, "amount_of_layers": 4.395276789775255, "batch_size": 67.58500880268417, "dropout_rate": 0.5092311826596929, "epochs": 66.94847118542081, "hidden_channels": 103.04193150687458, "learning_rate": 0.08572557771983115, "optimizer": 0.8771438985856332, "pooling_algorithm": 0.325140943519621}, "datetime": {"datetime": "2023-11-30 11:46:20", "elapsed": 443.922228, "delta": 3.129349}}
{"target": 0.2642857142857143, "params": {"activation_function": 1.0835819637764197, "amount_of_layers": 5.319199297040152, "batch_size": 125.2755022180593, "dropout_rate": 0.4786847642234608, "epochs": 43.377777048883054, "hidden_channels": 35.28352130708057, "learning_rate": 0.013909431442918799, "optimizer": 0.5054388684868174, "pooling_algorithm": 0.4295330947827187}, "datetime": {"datetime": "2023-11-30 11:46:21", "elapsed": 445.438774, "delta": 1.516546}}
{"target": 0.09464285714285714, "params": {"activation_function": 1.1888576927835777, "amount_of_layers": 3.8122124008073497, "batch_size": 51.2709147075281, "dropout_rate": 0.7380161989239515, "epochs": 36.46991981841889, "hidden_channels": 87.52652058635624, "learning_rate": 0.009502352112766385, "optimizer": 0.7834654679655944, "pooling_algorithm": 0.5328660493780758}, "datetime": {"datetime": "2023-11-30 11:46:23", "elapsed": 447.080109, "delta": 1.641335}}
{"target": 0.5, "params": {"activation_function": 0.48743095159366323, "amount_of_layers": 4.242443622414186, "batch_size": 142.30614518690976, "dropout_rate": 0.4399372147883286, "epochs": 26.12360031273958, "hidden_channels": 117.7557269449871, "learning_rate": 0.07433172596738527, "optimizer": 0.5225242494613633, "pooling_algorithm": 0.46268599275808775}, "datetime": {"datetime": "2023-11-30 11:46:24", "elapsed": 448.462494, "delta": 1.382385}}
{"target": 0.5, "params": {"activation_function": 0.9303635142945386, "amount_of_layers": 8.918805583307073, "batch_size": 122.07220603866887, "dropout_rate": 0.6469435018458582, "epochs": 159.71875625172333, "hidden_channels": 75.19843694495928, "learning_rate": 0.07760618341941819, "optimizer": 1.5670657901990737, "pooling_algorithm": 0.09771806747148537}, "datetime": {"datetime": "2023-11-30 11:46:37", "elapsed": 461.293012, "delta": 12.830518}}
{"target": 0.9107142857142858, "params": {"activation_function": 0.2503167687237007, "amount_of_layers": 4.016367518400307, "batch_size": 25.397797272740682, "dropout_rate": 0.2703334797033321, "epochs": 138.9295436376204, "hidden_channels": 48.345634924208206, "learning_rate": 0.07920103377648376, "optimizer": 0.07733470134942566, "pooling_algorithm": 0.6587151365784396}, "datetime": {"datetime": "2023-11-30 11:46:43", "elapsed": 466.811933, "delta": 5.518921}}
{"target": 0.5, "params": {"activation_function": 1.1737681546088032, "amount_of_layers": 4.067398811394853, "batch_size": 51.90356192182228, "dropout_rate": 0.6724077639661481, "epochs": 35.87287603191684, "hidden_channels": 92.42699034943878, "learning_rate": 0.04151628487516528, "optimizer": 1.9809136355200643, "pooling_algorithm": 0.9271090522455117}, "datetime": {"datetime": "2023-11-30 11:46:46", "elapsed": 469.966973, "delta": 3.15504}}
{"target": 0.5, "params": {"activation_function": 0.1352165197404045, "amount_of_layers": 7.187200467509744, "batch_size": 134.87042216316536, "dropout_rate": 0.2670952672905481, "epochs": 21.11418325650798, "hidden_channels": 83.3796073479845, "learning_rate": 0.08408546840973931, "optimizer": 0.7686885849050593, "pooling_algorithm": 0.8126723368179332}, "datetime": {"datetime": "2023-11-30 11:46:47", "elapsed": 471.248589, "delta": 1.281616}}
{"target": 0.8035714285714286, "params": {"activation_function": 0.3613114414907823, "amount_of_layers": 4.222856431183716, "batch_size": 30.644768864942854, "dropout_rate": 0.3420153242135305, "epochs": 180.0031957054954, "hidden_channels": 99.38365823194988, "learning_rate": 0.06485032578632251, "optimizer": 0.38224586939790317, "pooling_algorithm": 0.17391645924800203}, "datetime": {"datetime": "2023-11-30 11:46:55", "elapsed": 479.322144, "delta": 8.073555}}
