{"target": 0.2607142857142857, "params": {"activation_function": 1.4755099233012818, "amount_of_layers": 3.71963792538498, "batch_size": 78.72407351702884, "dropout_rate": 0.46196900782101163, "epochs": 117.98072661831274, "hidden_channels": 113.39754555403411, "learning_rate": 0.0042812966257978705, "optimizer": 0.017567913046873773, "pooling_algorithm": 0.19923775690534407}, "datetime": {"datetime": "2023-11-30 11:38:56", "elapsed": 0.0, "delta": 0.0}}
{"target": 0.7982142857142858, "params": {"activation_function": 0.3345375765131009, "amount_of_layers": 8.75192724213173, "batch_size": 23.580435059767236, "dropout_rate": 0.2947790851693212, "epochs": 63.13176210793171, "hidden_channels": 79.94334703051469, "learning_rate": 0.007987092989714159, "optimizer": 1.1449770034161297, "pooling_algorithm": 0.3325230947953297}, "datetime": {"datetime": "2023-11-30 11:39:01", "elapsed": 5.432928, "delta": 5.432928}}
{"target": 0.8107142857142857, "params": {"activation_function": 0.5233021822077291, "amount_of_layers": 1.7407448584157539, "batch_size": 104.68683102404545, "dropout_rate": 0.29426836323567823, "epochs": 51.863404262077545, "hidden_channels": 9.572300990772268, "learning_rate": 0.017787710180018148, "optimizer": 1.2393962867707156, "pooling_algorithm": 0.3980062228027518}, "datetime": {"datetime": "2023-11-30 11:39:02", "elapsed": 6.293198, "delta": 0.86027}}
{"target": 0.23928571428571424, "params": {"activation_function": 1.92395758763164, "amount_of_layers": 8.171027611666576, "batch_size": 50.18083956342782, "dropout_rate": 0.6632789607517973, "epochs": 167.85283838823827, "hidden_channels": 5.235411234581816, "learning_rate": 0.05730645094897438, "optimizer": 0.3629818678666443, "pooling_algorithm": 0.03054193276248296}, "datetime": {"datetime": "2023-11-30 11:39:08", "elapsed": 11.860131, "delta": 5.566933}}
{"target": 0.45, "params": {"activation_function": 1.6621132511075605, "amount_of_layers": 4.898857232130552, "batch_size": 43.34096042282319, "dropout_rate": 0.48150997031598436, "epochs": 149.15839135341125, "hidden_channels": 25.46026828457779, "learning_rate": 0.030504418115973854, "optimizer": 1.5987834731893735, "pooling_algorithm": 0.7874928515416174}, "datetime": {"datetime": "2023-11-30 11:39:13", "elapsed": 17.383321, "delta": 5.52319}}
{"target": 0.5, "params": {"activation_function": 1.3069472917038556, "amount_of_layers": 1.3436934872851722, "batch_size": 112.99503371002064, "dropout_rate": 0.3627841713083864, "epochs": 87.97317789847084, "hidden_channels": 73.91145157864507, "learning_rate": 0.03261838953852518, "optimizer": 0.5928190255466845, "pooling_algorithm": 0.6070889564816803}, "datetime": {"datetime": "2023-11-30 11:39:15", "elapsed": 19.286082, "delta": 1.902761}}
{"target": 0.7553571428571428, "params": {"activation_function": 0.5037398759705547, "amount_of_layers": 8.755863472800131, "batch_size": 137.9992530453943, "dropout_rate": 0.32134535921606106, "epochs": 38.42214906490091, "hidden_channels": 66.75234100644535, "learning_rate": 0.09719108952903438, "optimizer": 1.2485144121230383, "pooling_algorithm": 0.3300960617419151}, "datetime": {"datetime": "2023-11-30 11:39:17", "elapsed": 21.477897, "delta": 2.191815}}
{"target": 0.7571428571428572, "params": {"activation_function": 0.3365775431462692, "amount_of_layers": 2.236592891500985, "batch_size": 72.26204668689337, "dropout_rate": 0.40519650726776574, "epochs": 62.67597260839284, "hidden_channels": 77.62023193528039, "learning_rate": 0.08553205761327674, "optimizer": 0.18589090537717468, "pooling_algorithm": 0.06724671655007164}, "datetime": {"datetime": "2023-11-30 11:39:19", "elapsed": 22.983177, "delta": 1.50528}}
{"target": 0.26249999999999996, "params": {"activation_function": 0.7537963811425001, "amount_of_layers": 6.677215764821029, "batch_size": 101.51075347710743, "dropout_rate": 0.3841180374379615, "epochs": 38.2210926933095, "hidden_channels": 73.85129952491963, "learning_rate": 0.05212475442212941, "optimizer": 1.0221969815698444, "pooling_algorithm": 0.30820794913613103}, "datetime": {"datetime": "2023-11-30 11:39:21", "elapsed": 24.667374, "delta": 1.684197}}
{"target": 0.5, "params": {"activation_function": 0.1779224015730465, "amount_of_layers": 5.18332678743727, "batch_size": 98.91345712823207, "dropout_rate": 0.6317131785088999, "epochs": 116.44108979997533, "hidden_channels": 46.17245303748198, "learning_rate": 0.042771042169281286, "optimizer": 1.8677951533407702, "pooling_algorithm": 0.42862514688477693}, "datetime": {"datetime": "2023-11-30 11:39:24", "elapsed": 27.914917, "delta": 3.247543}}
{"target": 0.9, "params": {"activation_function": 0.9344472531411478, "amount_of_layers": 6.7762038199185435, "batch_size": 39.11733034847098, "dropout_rate": 0.48776144250759007, "epochs": 123.5537018721246, "hidden_channels": 105.56523555580841, "learning_rate": 0.02747989160679121, "optimizer": 0.15155961084918368, "pooling_algorithm": 0.9179177203004413}, "datetime": {"datetime": "2023-11-30 11:39:31", "elapsed": 35.180277, "delta": 7.26536}}
{"target": 0.7410714285714286, "params": {"activation_function": 1.9390572379114552, "amount_of_layers": 2.7348009552610755, "batch_size": 112.2912630326343, "dropout_rate": 0.2847089423591982, "epochs": 52.339136418493425, "hidden_channels": 118.51217853279489, "learning_rate": 0.09210477534946183, "optimizer": 0.6641847090057027, "pooling_algorithm": 0.18242681317692722}, "datetime": {"datetime": "2023-11-30 11:39:33", "elapsed": 37.057794, "delta": 1.877517}}
{"target": 0.22142857142857142, "params": {"activation_function": 0.25274084644023054, "amount_of_layers": 5.427495722767546, "batch_size": 104.48019088174365, "dropout_rate": 0.6792853800963667, "epochs": 122.89925105018429, "hidden_channels": 5.037781477665359, "learning_rate": 0.049261823622209946, "optimizer": 0.3196100147230987, "pooling_algorithm": 0.380579803866682}, "datetime": {"datetime": "2023-11-30 11:39:36", "elapsed": 39.816519, "delta": 2.758725}}
{"target": 0.5, "params": {"activation_function": 0.39825757391431615, "amount_of_layers": 8.545480538607368, "batch_size": 67.54143053023671, "dropout_rate": 0.5791127949096073, "epochs": 172.4214208577108, "hidden_channels": 30.950668105181787, "learning_rate": 0.08548846784374255, "optimizer": 1.9852460009188544, "pooling_algorithm": 0.5142185016150413}, "datetime": {"datetime": "2023-11-30 11:39:43", "elapsed": 46.985828, "delta": 7.169309}}
{"target": 0.9178571428571429, "params": {"activation_function": 1.9246051608740888, "amount_of_layers": 2.9528560127346104, "batch_size": 30.505364756631128, "dropout_rate": 0.6566359710122969, "epochs": 189.92448144159962, "hidden_channels": 113.2597661751206, "learning_rate": 0.006160536505142414, "optimizer": 0.027232829755337917, "pooling_algorithm": 0.7358171094825318}, "datetime": {"datetime": "2023-11-30 11:39:50", "elapsed": 54.396382, "delta": 7.410554}}
{"target": 0.48392857142857143, "params": {"activation_function": 1.2605006584339373, "amount_of_layers": 6.163712389237143, "batch_size": 34.56522927240184, "dropout_rate": 0.550903978263452, "epochs": 104.27882846854689, "hidden_channels": 71.19133567697872, "learning_rate": 0.029869782414020593, "optimizer": 1.0045900248742947, "pooling_algorithm": 0.5611207715496953}, "datetime": {"datetime": "2023-11-30 11:40:06", "elapsed": 70.022276, "delta": 15.625894}}
{"target": 0.49285714285714277, "params": {"activation_function": 1.8722154274470892, "amount_of_layers": 8.771589428107177, "batch_size": 86.43640346860208, "dropout_rate": 0.6331291853281982, "epochs": 176.19911294084687, "hidden_channels": 68.45415082760232, "learning_rate": 0.09779118285709017, "optimizer": 1.1393723943412772, "pooling_algorithm": 0.08922738791988694}, "datetime": {"datetime": "2023-11-30 11:40:16", "elapsed": 80.152932, "delta": 10.130656}}
{"target": 0.5, "params": {"activation_function": 1.2338129908255289, "amount_of_layers": 3.44072193996315, "batch_size": 145.0241491869217, "dropout_rate": 0.6598733577414266, "epochs": 117.58356720335497, "hidden_channels": 38.5865120733136, "learning_rate": 0.038175920475236706, "optimizer": 0.5965547408220786, "pooling_algorithm": 0.9285508174277208}, "datetime": {"datetime": "2023-11-30 11:40:21", "elapsed": 84.679076, "delta": 4.526144}}
{"target": 0.8892857142857143, "params": {"activation_function": 1.8088086620544785, "amount_of_layers": 2.412529728244075, "batch_size": 77.61028018174576, "dropout_rate": 0.3867263729218969, "epochs": 58.69995080192387, "hidden_channels": 17.954334050456332, "learning_rate": 0.007312303457460033, "optimizer": 0.9390268586769421, "pooling_algorithm": 0.8971315119050075}, "datetime": {"datetime": "2023-11-30 11:40:22", "elapsed": 85.764475, "delta": 1.085399}}
{"target": 0.26607142857142857, "params": {"activation_function": 1.0801424078908684, "amount_of_layers": 5.568908746447558, "batch_size": 53.73353733833333, "dropout_rate": 0.28047196698165866, "epochs": 47.595798243139924, "hidden_channels": 40.872545550028676, "learning_rate": 0.05298913099438603, "optimizer": 1.1133351076830362, "pooling_algorithm": 0.34291234971142115}, "datetime": {"datetime": "2023-11-30 11:40:24", "elapsed": 87.770016, "delta": 2.005541}}
{"target": 0.9178571428571428, "params": {"activation_function": 1.266557200014323, "amount_of_layers": 2.086071900318735, "batch_size": 89.6087900763812, "dropout_rate": 0.3481702925244935, "epochs": 55.88955495465577, "hidden_channels": 14.010943971794916, "learning_rate": 0.011528954243563974, "optimizer": 1.0694733116264514, "pooling_algorithm": 0.6885943522448592}, "datetime": {"datetime": "2023-11-30 11:40:25", "elapsed": 89.393578, "delta": 1.623562}}
{"target": 0.8910714285714285, "params": {"activation_function": 2.0, "amount_of_layers": 1.0, "batch_size": 84.48147799992728, "dropout_rate": 0.29505386149298457, "epochs": 69.62458388898649, "hidden_channels": 5.0, "learning_rate": 0.001, "optimizer": 2.0, "pooling_algorithm": 1.0}, "datetime": {"datetime": "2023-11-30 11:40:27", "elapsed": 90.950604, "delta": 1.557026}}
{"target": 0.9142857142857143, "params": {"activation_function": 1.5234824023747553, "amount_of_layers": 4.461335715197477, "batch_size": 31.53806304357656, "dropout_rate": 0.594380703321185, "epochs": 165.6468409791846, "hidden_channels": 110.8438204356539, "learning_rate": 0.014097793347748822, "optimizer": 0.0655985041294208, "pooling_algorithm": 0.8448595948753839}, "datetime": {"datetime": "2023-11-30 11:40:35", "elapsed": 99.225826, "delta": 8.275222}}
{"target": 0.8214285714285714, "params": {"activation_function": 0.38214223965993477, "amount_of_layers": 1.6993961406176306, "batch_size": 24.050436097971186, "dropout_rate": 0.5902715120785061, "epochs": 140.51481769137058, "hidden_channels": 113.52969066429488, "learning_rate": 0.017052192953521367, "optimizer": 0.10112603304732182, "pooling_algorithm": 0.1600048103227505}, "datetime": {"datetime": "2023-11-30 11:40:41", "elapsed": 105.346692, "delta": 6.120866}}
{"target": 0.5, "params": {"activation_function": 1.5170997745008206, "amount_of_layers": 4.958637238191024, "batch_size": 33.46929472966861, "dropout_rate": 0.4556602679344226, "epochs": 164.846127762456, "hidden_channels": 111.39106906336315, "learning_rate": 0.06993143039057638, "optimizer": 1.6491432516827973, "pooling_algorithm": 0.3350077245445524}, "datetime": {"datetime": "2023-11-30 11:40:51", "elapsed": 115.241033, "delta": 9.894341}}
{"target": 0.8357142857142856, "params": {"activation_function": 0.28199567536746484, "amount_of_layers": 5.454099142201407, "batch_size": 31.858952203365003, "dropout_rate": 0.5629237810389189, "epochs": 33.52406290796081, "hidden_channels": 70.47950815466672, "learning_rate": 0.006409672165230765, "optimizer": 1.0221601150662425, "pooling_algorithm": 0.16483657171054744}, "datetime": {"datetime": "2023-11-30 11:40:53", "elapsed": 117.035758, "delta": 1.794725}}
{"target": 0.807142857142857, "params": {"activation_function": 1.9738513696050266, "amount_of_layers": 6.773473634164867, "batch_size": 141.09222280853402, "dropout_rate": 0.2685482452108211, "epochs": 43.77654964207547, "hidden_channels": 49.233078285401035, "learning_rate": 0.08161358418896189, "optimizer": 0.3193775623945765, "pooling_algorithm": 0.17532533392781813}, "datetime": {"datetime": "2023-11-30 11:40:55", "elapsed": 118.632193, "delta": 1.596435}}
{"target": 0.09285714285714286, "params": {"activation_function": 1.4547252023644273, "amount_of_layers": 4.060867044866509, "batch_size": 109.96622745515532, "dropout_rate": 0.4799839909581345, "epochs": 151.06082894158584, "hidden_channels": 125.89964549610482, "learning_rate": 0.004321511739523894, "optimizer": 1.1951679900565428, "pooling_algorithm": 0.8645045138897206}, "datetime": {"datetime": "2023-11-30 11:41:02", "elapsed": 125.792371, "delta": 7.160178}}
{"target": 0.5, "params": {"activation_function": 0.35582641088888245, "amount_of_layers": 6.179955128794135, "batch_size": 80.5191392238319, "dropout_rate": 0.5991472436973793, "epochs": 79.90366116818481, "hidden_channels": 31.30545355884495, "learning_rate": 0.0948763195709104, "optimizer": 0.5798202572278497, "pooling_algorithm": 0.5603627398430812}, "datetime": {"datetime": "2023-11-30 11:41:04", "elapsed": 128.247955, "delta": 2.455584}}
{"target": 0.8303571428571428, "params": {"activation_function": 1.6076893259090992, "amount_of_layers": 1.1312810015988992, "batch_size": 109.3835024689074, "dropout_rate": 0.6163787026043199, "epochs": 97.53206877004658, "hidden_channels": 112.38203009749927, "learning_rate": 0.008813687238528215, "optimizer": 1.9297286290015765, "pooling_algorithm": 0.2779584995064244}, "datetime": {"datetime": "2023-11-30 11:41:06", "elapsed": 130.598287, "delta": 2.350332}}
{"target": 0.5, "params": {"activation_function": 0.4952280798464894, "amount_of_layers": 4.7900498481462375, "batch_size": 129.22905226503786, "dropout_rate": 0.30620301495990276, "epochs": 197.65350905357974, "hidden_channels": 87.86421045297918, "learning_rate": 0.02368831142803464, "optimizer": 1.4641719842442311, "pooling_algorithm": 0.6488970028503863}, "datetime": {"datetime": "2023-11-30 11:41:16", "elapsed": 140.206413, "delta": 9.608126}}
{"target": 0.2607142857142857, "params": {"activation_function": 1.2930225124682588, "amount_of_layers": 3.075827517851655, "batch_size": 106.55302676156485, "dropout_rate": 0.26215765714620354, "epochs": 145.07120653506283, "hidden_channels": 111.88711040032432, "learning_rate": 0.021512124834299318, "optimizer": 1.9483461913097975, "pooling_algorithm": 0.20683553702130786}, "datetime": {"datetime": "2023-11-30 11:41:21", "elapsed": 144.958895, "delta": 4.752482}}
{"target": 0.5, "params": {"activation_function": 0.3155905639752723, "amount_of_layers": 8.929163822935516, "batch_size": 82.40126107505955, "dropout_rate": 0.5211542483787241, "epochs": 197.80663459622622, "hidden_channels": 55.54452450502323, "learning_rate": 0.04864157334524729, "optimizer": 1.7863648942022459, "pooling_algorithm": 0.7051346594977477}, "datetime": {"datetime": "2023-11-30 11:41:29", "elapsed": 152.980585, "delta": 8.02169}}
{"target": 0.5, "params": {"activation_function": 0.4045593490547299, "amount_of_layers": 7.425895120348391, "batch_size": 117.91949112627694, "dropout_rate": 0.3809722553318828, "epochs": 188.7844240145727, "hidden_channels": 110.6015537890652, "learning_rate": 0.09450250566081106, "optimizer": 1.4524558103764367, "pooling_algorithm": 0.7391898256027106}, "datetime": {"datetime": "2023-11-30 11:41:40", "elapsed": 164.386238, "delta": 11.405653}}
{"target": 0.8214285714285714, "params": {"activation_function": 0.28902980354057584, "amount_of_layers": 5.85620462667625, "batch_size": 22.563221938333157, "dropout_rate": 0.5698151271959792, "epochs": 37.11004931349716, "hidden_channels": 111.04136556050048, "learning_rate": 0.05963846380243355, "optimizer": 0.3452494522185967, "pooling_algorithm": 0.1254349394002563}, "datetime": {"datetime": "2023-11-30 11:41:43", "elapsed": 167.162789, "delta": 2.776551}}
{"target": 0.8464285714285714, "params": {"activation_function": 1.870956283196495, "amount_of_layers": 2.9558968383632998, "batch_size": 80.46962597295226, "dropout_rate": 0.3869374231437638, "epochs": 146.87878760449013, "hidden_channels": 93.59766690049636, "learning_rate": 0.018252998705140543, "optimizer": 0.9507130273600664, "pooling_algorithm": 0.07384970582848793}, "datetime": {"datetime": "2023-11-30 11:41:48", "elapsed": 171.790491, "delta": 4.627702}}
{"target": 0.5, "params": {"activation_function": 1.3033210723735569, "amount_of_layers": 5.027904480062185, "batch_size": 124.96682493044767, "dropout_rate": 0.32240402546588715, "epochs": 108.76618542542884, "hidden_channels": 11.990731948206065, "learning_rate": 0.09250344338611975, "optimizer": 1.4811110205642977, "pooling_algorithm": 0.971317765470367}, "datetime": {"datetime": "2023-11-30 11:41:52", "elapsed": 175.848855, "delta": 4.058364}}
{"target": 0.2642857142857143, "params": {"activation_function": 0.9363425512310819, "amount_of_layers": 8.883953539469132, "batch_size": 67.07296031435258, "dropout_rate": 0.5340949579275889, "epochs": 37.788984564866475, "hidden_channels": 61.51585359076592, "learning_rate": 0.03228400204617641, "optimizer": 0.6572363663037843, "pooling_algorithm": 0.3131669042162123}, "datetime": {"datetime": "2023-11-30 11:41:54", "elapsed": 177.964351, "delta": 2.115496}}
{"target": 0.7392857142857143, "params": {"activation_function": 1.3053089503025925, "amount_of_layers": 7.328286876570162, "batch_size": 61.09051925526884, "dropout_rate": 0.38382709523287806, "epochs": 108.91302362421636, "hidden_channels": 110.76022006789813, "learning_rate": 0.09199494640425966, "optimizer": 0.7069772637726253, "pooling_algorithm": 0.40637263302596716}, "datetime": {"datetime": "2023-11-30 11:42:18", "elapsed": 201.891164, "delta": 23.926813}}
{"target": 0.5, "params": {"activation_function": 0.13569167749538869, "amount_of_layers": 4.569883717262449, "batch_size": 69.3516167170653, "dropout_rate": 0.3285781789441283, "epochs": 107.61631429314777, "hidden_channels": 39.223709371895886, "learning_rate": 0.07795154789965535, "optimizer": 1.9989509163619297, "pooling_algorithm": 0.5109677030663846}, "datetime": {"datetime": "2023-11-30 11:42:21", "elapsed": 205.335244, "delta": 3.44408}}
{"target": 0.7196428571428571, "params": {"activation_function": 0.8944505547256325, "amount_of_layers": 3.8878097684492143, "batch_size": 45.541928990835146, "dropout_rate": 0.5443454550840786, "epochs": 111.68468726739854, "hidden_channels": 81.69097521173894, "learning_rate": 0.08604275512822974, "optimizer": 0.6823614514480909, "pooling_algorithm": 0.4426124273214713}, "datetime": {"datetime": "2023-11-30 11:42:26", "elapsed": 210.058379, "delta": 4.723135}}
{"target": 0.8428571428571429, "params": {"activation_function": 1.9194380340698436, "amount_of_layers": 5.857247735760872, "batch_size": 16.966389654666102, "dropout_rate": 0.6408008799798662, "epochs": 137.41717661250527, "hidden_channels": 36.51491981879148, "learning_rate": 0.004102619138308394, "optimizer": 0.5960822137415489, "pooling_algorithm": 0.9332847309023533}, "datetime": {"datetime": "2023-11-30 11:42:36", "elapsed": 219.784228, "delta": 9.725849}}
{"target": 0.5, "params": {"activation_function": 1.7912301323565354, "amount_of_layers": 6.468853602878391, "batch_size": 102.04418856825367, "dropout_rate": 0.669780035740413, "epochs": 64.53331498998494, "hidden_channels": 113.53459435384534, "learning_rate": 0.06528121641530754, "optimizer": 1.6464895456575255, "pooling_algorithm": 0.9895108124015914}, "datetime": {"datetime": "2023-11-30 11:42:40", "elapsed": 223.6441, "delta": 3.859872}}
{"target": 0.48214285714285715, "params": {"activation_function": 0.5612384134257082, "amount_of_layers": 3.278936833553848, "batch_size": 37.08601058370506, "dropout_rate": 0.6515842913315102, "epochs": 176.3179746876483, "hidden_channels": 62.204846433754064, "learning_rate": 0.03673690589143614, "optimizer": 1.699131289134234, "pooling_algorithm": 0.591659559531571}, "datetime": {"datetime": "2023-11-30 11:42:46", "elapsed": 230.590556, "delta": 6.946456}}
{"target": 0.7892857142857143, "params": {"activation_function": 1.773292734459253, "amount_of_layers": 3.7134586914049352, "batch_size": 24.081634134492013, "dropout_rate": 0.7470352676698111, "epochs": 22.368997348224116, "hidden_channels": 15.80526171901577, "learning_rate": 0.043210707343219606, "optimizer": 0.3893634153127472, "pooling_algorithm": 0.3268562600864835}, "datetime": {"datetime": "2023-11-30 11:42:48", "elapsed": 231.678482, "delta": 1.087926}}
{"target": 0.5, "params": {"activation_function": 0.6094603056639265, "amount_of_layers": 6.201825737155115, "batch_size": 99.81557199773628, "dropout_rate": 0.5288983617072117, "epochs": 25.725218951821823, "hidden_channels": 55.57504948028299, "learning_rate": 0.07483865789356138, "optimizer": 0.6910039979302531, "pooling_algorithm": 0.8624315002274378}, "datetime": {"datetime": "2023-11-30 11:42:49", "elapsed": 232.853196, "delta": 1.174714}}
{"target": 0.7285714285714286, "params": {"activation_function": 1.1035600649405601, "amount_of_layers": 4.611092966249278, "batch_size": 20.24268158365267, "dropout_rate": 0.5074436805408689, "epochs": 189.76297024310378, "hidden_channels": 69.50339389402397, "learning_rate": 0.06816984351361816, "optimizer": 1.0929021858035544, "pooling_algorithm": 0.477834297936063}, "datetime": {"datetime": "2023-11-30 11:43:01", "elapsed": 245.544316, "delta": 12.69112}}
