{"target": 0.5, "params": {"activation_function": 1.01345202299914, "amount_of_layers": 1.4602455613447178, "batch_size": 100.09571809600416, "dropout_rate": 0.31627626360007993, "epochs": 34.90617844503356, "hidden_channels": 101.99091283864239, "learning_rate": 0.05116192498305236, "optimizer": 0.8256521524985938, "pooling_algorithm": 0.5780086969289491}, "datetime": {"datetime": "2023-11-30 12:03:58", "elapsed": 0.0, "delta": 0.0}}
{"target": 0.5142857142857142, "params": {"activation_function": 0.9763488192345844, "amount_of_layers": 3.6877110721584208, "batch_size": 34.86938060967434, "dropout_rate": 0.6957212371314365, "epochs": 26.399215583312703, "hidden_channels": 109.24400369683276, "learning_rate": 0.053431946088288336, "optimizer": 1.1005215511550743, "pooling_algorithm": 0.8484610938337954}, "datetime": {"datetime": "2023-11-30 12:03:59", "elapsed": 0.99338, "delta": 0.99338}}
{"target": 0.5, "params": {"activation_function": 0.31799566045079297, "amount_of_layers": 3.383969159193712, "batch_size": 125.58627798849511, "dropout_rate": 0.7389487954474727, "epochs": 187.2953305009538, "hidden_channels": 43.18094866849568, "learning_rate": 0.04865172535727653, "optimizer": 0.7655686609729082, "pooling_algorithm": 0.8742492074886881}, "datetime": {"datetime": "2023-11-30 12:04:02", "elapsed": 4.318174, "delta": 3.324794}}
{"target": 0.7321428571428571, "params": {"activation_function": 0.7270094349803493, "amount_of_layers": 4.0789126910374005, "batch_size": 20.710796198150973, "dropout_rate": 0.5673214400340736, "epochs": 11.724489246564472, "hidden_channels": 29.24223184715251, "learning_rate": 0.0882013920177927, "optimizer": 0.004659192400749079, "pooling_algorithm": 0.10950100963024256}, "datetime": {"datetime": "2023-11-30 12:04:03", "elapsed": 5.000231, "delta": 0.682057}}
{"target": 0.5, "params": {"activation_function": 1.2462102490319258, "amount_of_layers": 8.993894217019346, "batch_size": 91.9982402812704, "dropout_rate": 0.4939690541497696, "epochs": 29.922589706261263, "hidden_channels": 69.62622411064898, "learning_rate": 0.02912250377885116, "optimizer": 1.3169058493472194, "pooling_algorithm": 0.989522748350259}, "datetime": {"datetime": "2023-11-30 12:04:04", "elapsed": 5.847543, "delta": 0.847312}}
{"target": 0.2714285714285714, "params": {"activation_function": 1.2885028439300121, "amount_of_layers": 3.424810228668406, "batch_size": 34.94697627858734, "dropout_rate": 0.4940497271048602, "epochs": 41.809341359771295, "hidden_channels": 39.084047606091175, "learning_rate": 0.010700247417991936, "optimizer": 1.8608298050225813, "pooling_algorithm": 0.48687835548248526}, "datetime": {"datetime": "2023-11-30 12:04:05", "elapsed": 7.227568, "delta": 1.380025}}
{"target": 0.5, "params": {"activation_function": 1.441376917834537, "amount_of_layers": 2.5381851907796005, "batch_size": 44.14432319801766, "dropout_rate": 0.3722991872114856, "epochs": 43.28795826166996, "hidden_channels": 50.15694761627187, "learning_rate": 0.09819455948861763, "optimizer": 0.5717290699785835, "pooling_algorithm": 0.9795898385852042}, "datetime": {"datetime": "2023-11-30 12:04:06", "elapsed": 8.514339, "delta": 1.286771}}
{"target": 0.9107142857142857, "params": {"activation_function": 1.848584450856858, "amount_of_layers": 6.048537230330656, "batch_size": 31.97785630576266, "dropout_rate": 0.6779211194404526, "epochs": 158.69841849008722, "hidden_channels": 105.35666471000125, "learning_rate": 0.05798677677580982, "optimizer": 0.0751959343082298, "pooling_algorithm": 0.5328833741700755}, "datetime": {"datetime": "2023-11-30 12:04:13", "elapsed": 15.27851, "delta": 6.764171}}
{"target": 0.26249999999999996, "params": {"activation_function": 0.6931532460203398, "amount_of_layers": 3.634243639595166, "batch_size": 97.31043980370643, "dropout_rate": 0.6629660133619308, "epochs": 61.87397995140186, "hidden_channels": 66.91086203843523, "learning_rate": 0.08302823360985123, "optimizer": 0.8595830542276808, "pooling_algorithm": 0.4916651299733146}, "datetime": {"datetime": "2023-11-30 12:04:14", "elapsed": 16.482214, "delta": 1.203704}}
{"target": 0.5, "params": {"activation_function": 1.5050619033770423, "amount_of_layers": 7.247760545745284, "batch_size": 86.23577445749339, "dropout_rate": 0.5676040075570712, "epochs": 63.94636092671556, "hidden_channels": 106.02547639969644, "learning_rate": 0.08755003282851333, "optimizer": 0.9084224825500715, "pooling_algorithm": 0.6226109729825037}, "datetime": {"datetime": "2023-11-30 12:04:16", "elapsed": 18.210713, "delta": 1.728499}}
{"target": 0.5, "params": {"activation_function": 0.5353638983555391, "amount_of_layers": 6.811648939466908, "batch_size": 66.80534310368589, "dropout_rate": 0.42278996300213006, "epochs": 141.9766807701645, "hidden_channels": 77.05118907652533, "learning_rate": 0.0845766504777474, "optimizer": 1.3241460381467869, "pooling_algorithm": 0.5906398105241163}, "datetime": {"datetime": "2023-11-30 12:04:20", "elapsed": 22.662401, "delta": 4.451688}}
{"target": 0.13035714285714284, "params": {"activation_function": 1.2249604776680785, "amount_of_layers": 3.0694315799314893, "batch_size": 71.4179173597002, "dropout_rate": 0.6486914042976236, "epochs": 92.04565670929367, "hidden_channels": 9.240127821022964, "learning_rate": 0.05854813456795603, "optimizer": 0.5642218994423869, "pooling_algorithm": 0.8567253330048241}, "datetime": {"datetime": "2023-11-30 12:04:23", "elapsed": 24.805445, "delta": 2.143044}}
{"target": 0.5, "params": {"activation_function": 0.7041435432300165, "amount_of_layers": 7.412336039918267, "batch_size": 131.6083760510981, "dropout_rate": 0.2501424678354989, "epochs": 160.84835783579402, "hidden_channels": 41.56613981043977, "learning_rate": 0.044660265440691356, "optimizer": 0.5892698625552226, "pooling_algorithm": 0.841180813069712}, "datetime": {"datetime": "2023-11-30 12:04:26", "elapsed": 28.624179, "delta": 3.818734}}
{"target": 0.8, "params": {"activation_function": 1.6096775004053236, "amount_of_layers": 3.490812356551607, "batch_size": 38.926598076086215, "dropout_rate": 0.35258304544501035, "epochs": 154.7291294257644, "hidden_channels": 110.1020692672583, "learning_rate": 0.06881523871122398, "optimizer": 0.19484879681325773, "pooling_algorithm": 0.016171833349963416}, "datetime": {"datetime": "2023-11-30 12:04:31", "elapsed": 32.84393, "delta": 4.219751}}
{"target": 0.6892857142857143, "params": {"activation_function": 1.8204938912232642, "amount_of_layers": 7.445155647139327, "batch_size": 89.67391572399096, "dropout_rate": 0.7216836505039521, "epochs": 64.19893588112339, "hidden_channels": 23.239658043093076, "learning_rate": 0.08143427132419431, "optimizer": 0.0723955886315244, "pooling_algorithm": 0.3835271718624418}, "datetime": {"datetime": "2023-11-30 12:04:32", "elapsed": 34.357738, "delta": 1.513808}}
{"target": 0.8946428571428572, "params": {"activation_function": 0.9372393039102991, "amount_of_layers": 8.686335341276793, "batch_size": 18.19929825767243, "dropout_rate": 0.4889103535839406, "epochs": 16.30128696149297, "hidden_channels": 66.30631860486815, "learning_rate": 0.05733344991362174, "optimizer": 0.15004871143192888, "pooling_algorithm": 0.8473740428261947}, "datetime": {"datetime": "2023-11-30 12:04:34", "elapsed": 35.824086, "delta": 1.466348}}
{"target": 0.9017857142857142, "params": {"activation_function": 1.8709893322198026, "amount_of_layers": 1.2218262544771115, "batch_size": 131.4981239030658, "dropout_rate": 0.6677422496421094, "epochs": 109.38290404444933, "hidden_channels": 9.981379316848763, "learning_rate": 0.02036078882464733, "optimizer": 0.40919560055958004, "pooling_algorithm": 0.8459200366418718}, "datetime": {"datetime": "2023-11-30 12:04:35", "elapsed": 37.282225, "delta": 1.458139}}
{"target": 0.9107142857142857, "params": {"activation_function": 1.9174319850046633, "amount_of_layers": 4.878765367215187, "batch_size": 21.885257904122362, "dropout_rate": 0.36772492258529355, "epochs": 27.716929486895072, "hidden_channels": 111.54264785091104, "learning_rate": 0.04455181074162609, "optimizer": 0.09547042750489809, "pooling_algorithm": 0.6804468052535962}, "datetime": {"datetime": "2023-11-30 12:04:37", "elapsed": 38.84898, "delta": 1.566755}}
{"target": 0.2571428571428571, "params": {"activation_function": 0.7228659379582523, "amount_of_layers": 6.153502313503805, "batch_size": 85.22062250022606, "dropout_rate": 0.4733736109104478, "epochs": 100.8333747566284, "hidden_channels": 13.098484144126656, "learning_rate": 0.007482243070650782, "optimizer": 0.16340522237641197, "pooling_algorithm": 0.1933812360876337}, "datetime": {"datetime": "2023-11-30 12:04:39", "elapsed": 40.978067, "delta": 2.129087}}
{"target": 0.26071428571428573, "params": {"activation_function": 1.3773176846268873, "amount_of_layers": 1.649761381394506, "batch_size": 137.59281767939444, "dropout_rate": 0.25200757561881376, "epochs": 61.881037833278455, "hidden_channels": 113.11800182824206, "learning_rate": 0.042372061572532475, "optimizer": 0.6076439261867446, "pooling_algorithm": 0.2041070633854979}, "datetime": {"datetime": "2023-11-30 12:04:40", "elapsed": 42.097311, "delta": 1.119244}}
{"target": 0.7857142857142858, "params": {"activation_function": 2.0, "amount_of_layers": 8.908270989300727, "batch_size": 16.0, "dropout_rate": 0.25, "epochs": 26.42349968557659, "hidden_channels": 100.09918004902788, "learning_rate": 0.029852956736704447, "optimizer": 0.0, "pooling_algorithm": 0.36909705094062173}, "datetime": {"datetime": "2023-11-30 12:04:43", "elapsed": 45.555423, "delta": 3.458112}}
{"target": 0.5035714285714287, "params": {"activation_function": 0.9029983993705661, "amount_of_layers": 3.724168801339448, "batch_size": 33.6774652257654, "dropout_rate": 0.5273978800536551, "epochs": 158.4645766422089, "hidden_channels": 104.24326466213374, "learning_rate": 0.08425829181070016, "optimizer": 1.5716201332497912, "pooling_algorithm": 0.06429521918574721}, "datetime": {"datetime": "2023-11-30 12:04:49", "elapsed": 51.496926, "delta": 5.941503}}
{"target": 0.7375, "params": {"activation_function": 1.7140820251721056, "amount_of_layers": 5.163191812795234, "batch_size": 102.40353343566099, "dropout_rate": 0.4553040436328457, "epochs": 109.54092524613071, "hidden_channels": 44.03979044284208, "learning_rate": 0.07638276897182203, "optimizer": 1.3089811232666149, "pooling_algorithm": 0.170397078141731}, "datetime": {"datetime": "2023-11-30 12:04:52", "elapsed": 53.93888, "delta": 2.441954}}
{"target": 0.9214285714285714, "params": {"activation_function": 0.0045281871538440654, "amount_of_layers": 1.8837572504802313, "batch_size": 21.80149631029649, "dropout_rate": 0.5408349776379103, "epochs": 31.95955522279374, "hidden_channels": 24.639046703010493, "learning_rate": 0.044708609370504034, "optimizer": 0.3287223707590312, "pooling_algorithm": 0.8095608832262884}, "datetime": {"datetime": "2023-11-30 12:04:53", "elapsed": 55.193214, "delta": 1.254334}}
{"target": 0.5, "params": {"activation_function": 0.09238292537746062, "amount_of_layers": 8.225680592019742, "batch_size": 87.58559926016846, "dropout_rate": 0.6419327590654249, "epochs": 30.211820252307724, "hidden_channels": 104.37669059425926, "learning_rate": 0.08569921917336082, "optimizer": 1.4390946645806535, "pooling_algorithm": 0.29707436159525635}, "datetime": {"datetime": "2023-11-30 12:04:54", "elapsed": 56.167895, "delta": 0.974681}}
{"target": 0.5, "params": {"activation_function": 0.028830325698062875, "amount_of_layers": 7.150005341599596, "batch_size": 115.71910661066642, "dropout_rate": 0.6228370523959081, "epochs": 95.8978506930145, "hidden_channels": 118.19078464408297, "learning_rate": 0.08098803287551212, "optimizer": 0.6149319693225257, "pooling_algorithm": 0.9993338251356333}, "datetime": {"datetime": "2023-11-30 12:04:57", "elapsed": 58.990635, "delta": 2.82274}}
{"target": 0.9142857142857144, "params": {"activation_function": 1.6485200749723206, "amount_of_layers": 1.1543493828244413, "batch_size": 145.0939992152022, "dropout_rate": 0.6246231659696109, "epochs": 137.44490457763743, "hidden_channels": 96.37853267257582, "learning_rate": 0.007072280037667123, "optimizer": 0.25476694331928007, "pooling_algorithm": 0.6221277794990155}, "datetime": {"datetime": "2023-11-30 12:04:59", "elapsed": 60.991575, "delta": 2.00094}}
{"target": 0.7357142857142858, "params": {"activation_function": 0.5480267908178491, "amount_of_layers": 3.3607386692323997, "batch_size": 88.43316932045698, "dropout_rate": 0.34713245457973624, "epochs": 146.08267717736476, "hidden_channels": 67.1049994029805, "learning_rate": 0.010203144799005887, "optimizer": 0.22245971304680978, "pooling_algorithm": 0.36260903438054914}, "datetime": {"datetime": "2023-11-30 12:05:01", "elapsed": 63.575976, "delta": 2.584401}}
{"target": 0.9357142857142857, "params": {"activation_function": 1.8077459205891553, "amount_of_layers": 1.3800575220034856, "batch_size": 116.8639277590493, "dropout_rate": 0.2781606415551852, "epochs": 65.42782037589498, "hidden_channels": 75.92575724336474, "learning_rate": 0.01301767711030627, "optimizer": 0.0020061537468054613, "pooling_algorithm": 0.7729789941253159}, "datetime": {"datetime": "2023-11-30 12:05:02", "elapsed": 64.570767, "delta": 0.994791}}
{"target": 0.475, "params": {"activation_function": 1.128351401337517, "amount_of_layers": 4.591694268191858, "batch_size": 28.752395933791007, "dropout_rate": 0.48094296383966706, "epochs": 49.64700487135656, "hidden_channels": 34.013091415286084, "learning_rate": 0.0991517746839537, "optimizer": 1.5539983566796938, "pooling_algorithm": 0.287959214093773}, "datetime": {"datetime": "2023-11-30 12:05:05", "elapsed": 66.996658, "delta": 2.425891}}
{"target": 0.7392857142857143, "params": {"activation_function": 0.7430822113450797, "amount_of_layers": 5.175241636405953, "batch_size": 23.30406521392503, "dropout_rate": 0.3015121467532798, "epochs": 101.15920396885618, "hidden_channels": 122.06973648662049, "learning_rate": 0.039361038002115045, "optimizer": 0.7335271810617787, "pooling_algorithm": 0.06041662396308933}, "datetime": {"datetime": "2023-11-30 12:05:11", "elapsed": 72.746192, "delta": 5.749534}}
{"target": 0.25357142857142856, "params": {"activation_function": 0.7718551048110727, "amount_of_layers": 3.863484908712331, "batch_size": 73.08101656800154, "dropout_rate": 0.4572703601909908, "epochs": 126.08212989702989, "hidden_channels": 48.60483869460875, "learning_rate": 0.07031758389508902, "optimizer": 1.6465914268388786, "pooling_algorithm": 0.13770887703351287}, "datetime": {"datetime": "2023-11-30 12:05:14", "elapsed": 75.988339, "delta": 3.242147}}
{"target": 0.8303571428571429, "params": {"activation_function": 0.009516852189066505, "amount_of_layers": 1.0846030866654361, "batch_size": 50.699893564865995, "dropout_rate": 0.37359389699736667, "epochs": 87.94743492154713, "hidden_channels": 53.53897031396624, "learning_rate": 0.00228978083567461, "optimizer": 0.7049116756235825, "pooling_algorithm": 0.18676423094620698}, "datetime": {"datetime": "2023-11-30 12:05:15", "elapsed": 77.658297, "delta": 1.669958}}
{"target": 0.5, "params": {"activation_function": 1.3074881302260442, "amount_of_layers": 1.2666073722713023, "batch_size": 38.0820318781413, "dropout_rate": 0.3305311384355512, "epochs": 169.4281034591417, "hidden_channels": 93.80152891000321, "learning_rate": 0.0603138205977857, "optimizer": 1.8990105604683494, "pooling_algorithm": 0.8104152417659459}, "datetime": {"datetime": "2023-11-30 12:05:19", "elapsed": 81.359197, "delta": 3.7009}}
{"target": 0.7410714285714286, "params": {"activation_function": 1.022335632141524, "amount_of_layers": 8.840558389986485, "batch_size": 50.80583639340158, "dropout_rate": 0.3025928360393253, "epochs": 27.75759150646617, "hidden_channels": 68.29605030641049, "learning_rate": 0.05724137302512064, "optimizer": 0.004882350941885605, "pooling_algorithm": 0.037333481878834895}, "datetime": {"datetime": "2023-11-30 12:05:20", "elapsed": 82.499795, "delta": 1.140598}}
{"target": 0.7892857142857144, "params": {"activation_function": 1.9849860993825854, "amount_of_layers": 2.5551484957179564, "batch_size": 86.74589424270478, "dropout_rate": 0.5072942300727499, "epochs": 144.40934999883325, "hidden_channels": 66.38034297922381, "learning_rate": 0.09644846071791455, "optimizer": 0.14757793352949822, "pooling_algorithm": 0.022050777372136898}, "datetime": {"datetime": "2023-11-30 12:05:23", "elapsed": 85.11975, "delta": 2.619955}}
{"target": 0.7892857142857143, "params": {"activation_function": 1.2238815163045431, "amount_of_layers": 2.4483862916634527, "batch_size": 130.81947881125143, "dropout_rate": 0.27479215454978884, "epochs": 107.39998033707141, "hidden_channels": 9.787798223966814, "learning_rate": 0.03863831161545204, "optimizer": 1.3334168133532076, "pooling_algorithm": 0.23213926029425913}, "datetime": {"datetime": "2023-11-30 12:05:25", "elapsed": 86.857011, "delta": 1.737261}}
{"target": 0.5, "params": {"activation_function": 1.6536822150077775, "amount_of_layers": 4.889355207858632, "batch_size": 23.68438769574987, "dropout_rate": 0.4319114588267702, "epochs": 26.416077047743464, "hidden_channels": 113.52578548373299, "learning_rate": 0.04941882683327254, "optimizer": 1.8552536260065982, "pooling_algorithm": 0.04329298773286838}, "datetime": {"datetime": "2023-11-30 12:05:26", "elapsed": 88.450763, "delta": 1.593752}}
{"target": 0.44285714285714284, "params": {"activation_function": 1.356693186739217, "amount_of_layers": 8.216917568044767, "batch_size": 31.164623465940558, "dropout_rate": 0.5940211140678983, "epochs": 161.41934346603108, "hidden_channels": 106.46740032546762, "learning_rate": 0.028690974356084198, "optimizer": 0.8617197582316976, "pooling_algorithm": 0.9933370613913228}, "datetime": {"datetime": "2023-11-30 12:05:35", "elapsed": 97.197019, "delta": 8.746256}}
{"target": 0.5035714285714287, "params": {"activation_function": 1.3414758388191688, "amount_of_layers": 6.911956750997706, "batch_size": 16.723554269397646, "dropout_rate": 0.6112167551996552, "epochs": 25.9181131468819, "hidden_channels": 102.18813488311652, "learning_rate": 0.06730802559003807, "optimizer": 0.5619798612412468, "pooling_algorithm": 0.5137515246182104}, "datetime": {"datetime": "2023-11-30 12:05:37", "elapsed": 99.491494, "delta": 2.294475}}
{"target": 0.26785714285714285, "params": {"activation_function": 1.046037518696802, "amount_of_layers": 4.331666945317282, "batch_size": 19.58593929575592, "dropout_rate": 0.2656022135020779, "epochs": 14.016824814845634, "hidden_channels": 27.943583315682694, "learning_rate": 0.09476182158377722, "optimizer": 0.24520888484346903, "pooling_algorithm": 0.26578865884675174}, "datetime": {"datetime": "2023-11-30 12:05:38", "elapsed": 100.40319, "delta": 0.911696}}
{"target": 0.8357142857142857, "params": {"activation_function": 1.5967288331376048, "amount_of_layers": 1.686922863239836, "batch_size": 132.55548050677754, "dropout_rate": 0.38006873065158986, "epochs": 108.40634436560325, "hidden_channels": 11.127028681254783, "learning_rate": 0.029698355951354585, "optimizer": 1.8773373696462101, "pooling_algorithm": 0.002606810320563091}, "datetime": {"datetime": "2023-11-30 12:05:40", "elapsed": 102.162077, "delta": 1.758887}}
{"target": 0.9214285714285715, "params": {"activation_function": 0.7308660308668122, "amount_of_layers": 3.43029896852849, "batch_size": 135.12394546211857, "dropout_rate": 0.4022786276635244, "epochs": 107.8818931855105, "hidden_channels": 10.430884840530108, "learning_rate": 0.019643458350043063, "optimizer": 0.947093004954485, "pooling_algorithm": 0.5747477489965171}, "datetime": {"datetime": "2023-11-30 12:05:42", "elapsed": 104.04446, "delta": 1.882383}}
{"target": 0.36250000000000004, "params": {"activation_function": 1.6525996671443741, "amount_of_layers": 7.837866500302385, "batch_size": 16.587110232546255, "dropout_rate": 0.5412952002284577, "epochs": 18.150661844015296, "hidden_channels": 64.90518464379032, "learning_rate": 0.07414517160964423, "optimizer": 1.5625979651615578, "pooling_algorithm": 0.5846950069754454}, "datetime": {"datetime": "2023-11-30 12:05:44", "elapsed": 105.781137, "delta": 1.736677}}
{"target": 0.35, "params": {"activation_function": 1.8436816918097196, "amount_of_layers": 7.565711796541119, "batch_size": 51.03256506050416, "dropout_rate": 0.7292838768888794, "epochs": 29.65952332736814, "hidden_channels": 69.38139784194274, "learning_rate": 0.022865791128181916, "optimizer": 1.0928580435626247, "pooling_algorithm": 0.7099157989083009}, "datetime": {"datetime": "2023-11-30 12:05:45", "elapsed": 106.936753, "delta": 1.155616}}
{"target": 0.9071428571428571, "params": {"activation_function": 0.31784164642033486, "amount_of_layers": 4.810638465371695, "batch_size": 134.8922184406485, "dropout_rate": 0.3636587293926424, "epochs": 107.48433686045301, "hidden_channels": 9.225973324576167, "learning_rate": 0.02170252503385014, "optimizer": 1.826383200891557, "pooling_algorithm": 0.8245771180996282}, "datetime": {"datetime": "2023-11-30 12:05:47", "elapsed": 109.202035, "delta": 2.265282}}
{"target": 0.5, "params": {"activation_function": 0.3925047598535478, "amount_of_layers": 6.450458783760601, "batch_size": 135.56156085247176, "dropout_rate": 0.30972232920568127, "epochs": 105.85544803296251, "hidden_channels": 12.893765799986454, "learning_rate": 0.0668141005151909, "optimizer": 0.6385346673545638, "pooling_algorithm": 0.14146351428898818}, "datetime": {"datetime": "2023-11-30 12:05:49", "elapsed": 111.704206, "delta": 2.502171}}
