{"target": 0.9178571428571428, "params": {"activation_function": 0.0, "amount_of_layers": 1.0, "batch_size": 101.66595561205449, "dropout_rate": 0.25, "epochs": 186.0451703877004, "hidden_channels": 115.05554648571614, "learning_rate": 0.001, "optimizer": 0.0, "pooling_algorithm": 1.0}, "datetime": {"datetime": "2023-11-30 11:03:52", "elapsed": 289.642742, "delta": 4.306414}}
{"target": 0.9017857142857143, "params": {"activation_function": 2.0, "amount_of_layers": 1.0, "batch_size": 120.80129105069153, "dropout_rate": 0.25, "epochs": 190.17051656668687, "hidden_channels": 128.0, "learning_rate": 0.001, "optimizer": 0.0, "pooling_algorithm": 1.0}, "datetime": {"datetime": "2023-11-30 11:03:56", "elapsed": 294.084596, "delta": 4.441854}}
{"target": 0.8946428571428572, "params": {"activation_function": 2.0, "amount_of_layers": 1.0, "batch_size": 113.77333648622941, "dropout_rate": 0.75, "epochs": 178.2686312373251, "hidden_channels": 114.8622072499293, "learning_rate": 0.001, "optimizer": 0.0, "pooling_algorithm": 1.0}, "datetime": {"datetime": "2023-11-30 11:04:01", "elapsed": 298.303031, "delta": 4.218435}}
{"target": 0.5, "params": {"activation_function": 0.29013123976412536, "amount_of_layers": 4.852441708237221, "batch_size": 130.82317551557796, "dropout_rate": 0.7054974386328838, "epochs": 188.41957030621143, "hidden_channels": 113.2122245379343, "learning_rate": 0.022823224887040035, "optimizer": 0.6701117277362938, "pooling_algorithm": 0.7863802406608081}, "datetime": {"datetime": "2023-11-30 11:04:12", "elapsed": 310.068488, "delta": 11.765457}}
{"target": 0.8053571428571429, "params": {"activation_function": 2.0, "amount_of_layers": 1.0, "batch_size": 150.0, "dropout_rate": 0.25, "epochs": 51.08351938252173, "hidden_channels": 102.89809681073659, "learning_rate": 0.1, "optimizer": 0.0, "pooling_algorithm": 0.0}, "datetime": {"datetime": "2023-11-30 11:04:14", "elapsed": 311.355832, "delta": 1.287344}}
{"target": 0.85, "params": {"activation_function": 0.21743001986941257, "amount_of_layers": 1.7672594459637159, "batch_size": 106.32186772184053, "dropout_rate": 0.5892820818513685, "epochs": 155.20704451099576, "hidden_channels": 121.44318690588473, "learning_rate": 0.05483571852390379, "optimizer": 0.7094824984264343, "pooling_algorithm": 0.4549974326578333}, "datetime": {"datetime": "2023-11-30 11:04:18", "elapsed": 316.098032, "delta": 4.7422}}
{"target": 0.9017857142857143, "params": {"activation_function": 2.0, "amount_of_layers": 1.0, "batch_size": 77.45891302688955, "dropout_rate": 0.25, "epochs": 183.8343679857316, "hidden_channels": 128.0, "learning_rate": 0.001, "optimizer": 0.0, "pooling_algorithm": 1.0}, "datetime": {"datetime": "2023-11-30 11:04:23", "elapsed": 320.455305, "delta": 4.357273}}
{"target": 0.7410714285714286, "params": {"activation_function": 1.8950741816763645, "amount_of_layers": 8.984467965987761, "batch_size": 78.4847870667061, "dropout_rate": 0.7371298044054324, "epochs": 45.283788553210165, "hidden_channels": 7.310270284104748, "learning_rate": 0.031627428321134445, "optimizer": 1.9228000639908636, "pooling_algorithm": 0.4660609218302836}, "datetime": {"datetime": "2023-11-30 11:04:25", "elapsed": 322.548587, "delta": 2.093282}}
{"target": 0.5, "params": {"activation_function": 0.3755593124038019, "amount_of_layers": 3.8572674703621397, "batch_size": 65.01230555615837, "dropout_rate": 0.31146814739625145, "epochs": 193.8989237098375, "hidden_channels": 124.76570028207038, "learning_rate": 0.08960219030401612, "optimizer": 1.188354228670576, "pooling_algorithm": 0.3599934589568837}, "datetime": {"datetime": "2023-11-30 11:04:34", "elapsed": 332.069264, "delta": 9.520677}}
{"target": 0.5125, "params": {"activation_function": 0.0, "amount_of_layers": 1.0, "batch_size": 106.91547393991223, "dropout_rate": 0.25, "epochs": 156.55013851283067, "hidden_channels": 106.3529693856376, "learning_rate": 0.001, "optimizer": 0.0, "pooling_algorithm": 0.0}, "datetime": {"datetime": "2023-11-30 11:04:38", "elapsed": 335.673087, "delta": 3.603823}}
{"target": 0.9035714285714286, "params": {"activation_function": 0.0, "amount_of_layers": 1.0, "batch_size": 112.86253907618247, "dropout_rate": 0.25, "epochs": 197.40264348813534, "hidden_channels": 128.0, "learning_rate": 0.001, "optimizer": 0.0, "pooling_algorithm": 1.0}, "datetime": {"datetime": "2023-11-30 11:04:43", "elapsed": 340.256304, "delta": 4.583217}}
{"target": 0.5, "params": {"activation_function": 1.5621553805047061, "amount_of_layers": 2.2147146345397983, "batch_size": 83.5015052729298, "dropout_rate": 0.3909903251153261, "epochs": 176.80349321525247, "hidden_channels": 119.15035504269642, "learning_rate": 0.03866251226170023, "optimizer": 0.60619472649592, "pooling_algorithm": 0.9570121181408504}, "datetime": {"datetime": "2023-11-30 11:04:50", "elapsed": 347.998461, "delta": 7.742157}}
{"target": 0.5, "params": {"activation_function": 0.39001089608981476, "amount_of_layers": 1.7322194873269412, "batch_size": 109.81647513698304, "dropout_rate": 0.3553076168731554, "epochs": 166.1976570912823, "hidden_channels": 121.19063507122735, "learning_rate": 0.054805385681930906, "optimizer": 1.5826102984932329, "pooling_algorithm": 0.5386563415465635}, "datetime": {"datetime": "2023-11-30 11:04:55", "elapsed": 353.028591, "delta": 5.03013}}
{"target": 0.7321428571428572, "params": {"activation_function": 0.5528360303420536, "amount_of_layers": 6.102760489313309, "batch_size": 111.85858776008382, "dropout_rate": 0.2559251945871385, "epochs": 199.89633818778918, "hidden_channels": 118.86602903278643, "learning_rate": 0.042183488511948315, "optimizer": 0.4470029922615455, "pooling_algorithm": 0.04420659747750111}, "datetime": {"datetime": "2023-11-30 11:05:07", "elapsed": 364.282655, "delta": 11.254064}}
{"target": 0.13749999999999998, "params": {"activation_function": 2.0, "amount_of_layers": 1.0, "batch_size": 81.49832198501603, "dropout_rate": 0.75, "epochs": 43.72874931299323, "hidden_channels": 13.476697890281466, "learning_rate": 0.001, "optimizer": 0.0, "pooling_algorithm": 1.0}, "datetime": {"datetime": "2023-11-30 11:05:08", "elapsed": 365.264737, "delta": 0.982082}}
{"target": 0.7392857142857143, "params": {"activation_function": 1.6911358664966367, "amount_of_layers": 6.543404156571307, "batch_size": 112.03011836938835, "dropout_rate": 0.27217847796069544, "epochs": 187.38162417473467, "hidden_channels": 121.51670514720593, "learning_rate": 0.015957090139813505, "optimizer": 1.843099381959585, "pooling_algorithm": 0.27590687451550466}, "datetime": {"datetime": "2023-11-30 11:05:20", "elapsed": 377.611788, "delta": 12.347051}}
{"target": 0.8071428571428572, "params": {"activation_function": 1.647163322970899, "amount_of_layers": 2.803625260862778, "batch_size": 106.33485162309768, "dropout_rate": 0.3358317647694098, "epochs": 192.49476937707496, "hidden_channels": 122.83145446902192, "learning_rate": 0.08593957088923414, "optimizer": 0.0057794209893426984, "pooling_algorithm": 0.20190859554087592}, "datetime": {"datetime": "2023-11-30 11:05:27", "elapsed": 384.918656, "delta": 7.306868}}
{"target": 0.7642857142857143, "params": {"activation_function": 0.7329821753608843, "amount_of_layers": 2.254127280678963, "batch_size": 109.53814940002935, "dropout_rate": 0.43684288863397003, "epochs": 181.59052080454805, "hidden_channels": 114.27481019947625, "learning_rate": 0.09020564808497047, "optimizer": 1.4867953879770288, "pooling_algorithm": 0.303384989483676}, "datetime": {"datetime": "2023-11-30 11:05:33", "elapsed": 390.210185, "delta": 5.291529}}
{"target": 0.7375, "params": {"activation_function": 1.68412957190199, "amount_of_layers": 1.9886483334933942, "batch_size": 99.4362483677616, "dropout_rate": 0.47903724574664075, "epochs": 179.1046128233284, "hidden_channels": 117.7180698259207, "learning_rate": 0.09175573951149839, "optimizer": 0.7457581982359156, "pooling_algorithm": 0.11794721873113856}, "datetime": {"datetime": "2023-11-30 11:05:38", "elapsed": 395.361501, "delta": 5.151316}}
{"target": 0.7428571428571429, "params": {"activation_function": 1.3793032340541966, "amount_of_layers": 5.674074703060589, "batch_size": 99.89921508630319, "dropout_rate": 0.5224452197637757, "epochs": 183.70863629612174, "hidden_channels": 109.86317379046625, "learning_rate": 0.09260157984828266, "optimizer": 0.035010534834269524, "pooling_algorithm": 0.2248453950835707}, "datetime": {"datetime": "2023-11-30 11:05:47", "elapsed": 404.899966, "delta": 9.538465}}
{"target": 0.9035714285714286, "params": {"activation_function": 1.2542203317843932, "amount_of_layers": 1.554462425399623, "batch_size": 118.13628380555518, "dropout_rate": 0.2839310328536077, "epochs": 186.08187245461627, "hidden_channels": 118.35655876952536, "learning_rate": 0.001, "optimizer": 0.0, "pooling_algorithm": 0.9392304528337664}, "datetime": {"datetime": "2023-11-30 11:05:53", "elapsed": 410.296939, "delta": 5.396973}}
{"target": 0.9, "params": {"activation_function": 0.8027504086764787, "amount_of_layers": 2.571835941389394, "batch_size": 118.08235980743811, "dropout_rate": 0.5571183931584227, "epochs": 183.03413007092715, "hidden_channels": 125.56450760604638, "learning_rate": 0.007379903992945991, "optimizer": 0.40444428647357644, "pooling_algorithm": 0.8039952368103677}, "datetime": {"datetime": "2023-11-30 11:05:59", "elapsed": 417.085958, "delta": 6.789019}}
{"target": 0.9017857142857143, "params": {"activation_function": 2.0, "amount_of_layers": 1.0, "batch_size": 150.0, "dropout_rate": 0.25, "epochs": 70.20071005492716, "hidden_channels": 98.23858935381, "learning_rate": 0.08220721742316886, "optimizer": 0.0, "pooling_algorithm": 0.6716638492774243}, "datetime": {"datetime": "2023-11-30 11:06:01", "elapsed": 418.532026, "delta": 1.446068}}
{"target": 0.9107142857142858, "params": {"activation_function": 0.0, "amount_of_layers": 1.0, "batch_size": 115.133439523907, "dropout_rate": 0.75, "epochs": 190.44702208314175, "hidden_channels": 124.6607570758077, "learning_rate": 0.1, "optimizer": 0.0, "pooling_algorithm": 1.0}, "datetime": {"datetime": "2023-11-30 11:06:05", "elapsed": 422.977793, "delta": 4.445767}}
{"target": 0.8964285714285714, "params": {"activation_function": 0.6223565906378934, "amount_of_layers": 9.0, "batch_size": 70.11859161110235, "dropout_rate": 0.75, "epochs": 44.70483099476145, "hidden_channels": 10.97840817227465, "learning_rate": 0.001, "optimizer": 0.0, "pooling_algorithm": 1.0}, "datetime": {"datetime": "2023-11-30 11:06:08", "elapsed": 425.169008, "delta": 2.191215}}
{"target": 0.9035714285714286, "params": {"activation_function": 0.0, "amount_of_layers": 6.995894079535398, "batch_size": 69.70351547117528, "dropout_rate": 0.25, "epochs": 38.29103948606787, "hidden_channels": 5.0, "learning_rate": 0.001, "optimizer": 0.0, "pooling_algorithm": 1.0}, "datetime": {"datetime": "2023-11-30 11:06:09", "elapsed": 426.632502, "delta": 1.463494}}
{"target": 0.5, "params": {"activation_function": 0.9934763428194018, "amount_of_layers": 1.2065256312184793, "batch_size": 94.76982382530699, "dropout_rate": 0.3356606604785708, "epochs": 190.3443241647881, "hidden_channels": 117.74387530003231, "learning_rate": 0.08438822698257666, "optimizer": 1.209715759133152, "pooling_algorithm": 0.5673368193533158}, "datetime": {"datetime": "2023-11-30 11:06:13", "elapsed": 431.044025, "delta": 4.411523}}
{"target": 0.5, "params": {"activation_function": 1.3998918608208457, "amount_of_layers": 3.764928138834283, "batch_size": 106.28549600986301, "dropout_rate": 0.7044020329477616, "epochs": 174.47149908085876, "hidden_channels": 108.58286321877108, "learning_rate": 0.021977686752554706, "optimizer": 0.8090643897065086, "pooling_algorithm": 0.8833392748912101}, "datetime": {"datetime": "2023-11-30 11:06:33", "elapsed": 451.099325, "delta": 20.0553}}
{"target": 0.2642857142857143, "params": {"activation_function": 0.7234302862589492, "amount_of_layers": 6.913918884054358, "batch_size": 68.02025677335126, "dropout_rate": 0.29137781137614877, "epochs": 44.429687160622734, "hidden_channels": 5.553380258924042, "learning_rate": 0.08278332090691391, "optimizer": 0.23258780993845352, "pooling_algorithm": 0.14217983815663826}, "datetime": {"datetime": "2023-11-30 11:06:35", "elapsed": 452.982442, "delta": 1.883117}}
{"target": 0.2232142857142857, "params": {"activation_function": 0.5093400898624794, "amount_of_layers": 1.175414835900301, "batch_size": 100.24247149891461, "dropout_rate": 0.35682109547345264, "epochs": 166.41150480723954, "hidden_channels": 114.97567011979919, "learning_rate": 0.023737496907611164, "optimizer": 0.23848551901925807, "pooling_algorithm": 0.4008861607780766}, "datetime": {"datetime": "2023-11-30 11:06:39", "elapsed": 456.431111, "delta": 3.448669}}
{"target": 0.5, "params": {"activation_function": 0.08129670627603125, "amount_of_layers": 5.657708652491142, "batch_size": 49.22005469839546, "dropout_rate": 0.6404829173512765, "epochs": 64.6480071547277, "hidden_channels": 87.01554455047359, "learning_rate": 0.061308993143118815, "optimizer": 1.5457592007325955, "pooling_algorithm": 0.29523469542647585}, "datetime": {"datetime": "2023-11-30 11:06:42", "elapsed": 459.961859, "delta": 3.530748}}
{"target": 0.2607142857142857, "params": {"activation_function": 0.5547405263283787, "amount_of_layers": 4.8242180362663625, "batch_size": 91.15454009274194, "dropout_rate": 0.66688458982472, "epochs": 164.4282735068728, "hidden_channels": 119.88986284209575, "learning_rate": 0.002486273424748171, "optimizer": 0.7722557973746693, "pooling_algorithm": 0.4265838752633334}, "datetime": {"datetime": "2023-11-30 11:06:50", "elapsed": 467.906535, "delta": 7.944676}}
{"target": 0.4642857142857143, "params": {"activation_function": 0.21245898728337376, "amount_of_layers": 5.8185661608866335, "batch_size": 18.13131876887566, "dropout_rate": 0.4999402647919586, "epochs": 174.95737232869456, "hidden_channels": 119.94342892227299, "learning_rate": 0.007903850508612975, "optimizer": 1.7311291745382544, "pooling_algorithm": 0.8294229347814156}, "datetime": {"datetime": "2023-11-30 11:07:05", "elapsed": 483.007393, "delta": 15.100858}}
{"target": 0.5, "params": {"activation_function": 0.029915708808052832, "amount_of_layers": 6.745193912675636, "batch_size": 62.49749159143423, "dropout_rate": 0.5020340953633038, "epochs": 35.00227980499719, "hidden_channels": 56.767513400554634, "learning_rate": 0.02474759175572955, "optimizer": 1.8591596814954983, "pooling_algorithm": 0.35977543976018267}, "datetime": {"datetime": "2023-11-30 11:07:07", "elapsed": 484.825091, "delta": 1.817698}}
{"target": 0.7464285714285714, "params": {"activation_function": 1.2914754234486456, "amount_of_layers": 1.900723283594763, "batch_size": 142.116811434514, "dropout_rate": 0.25460301624701537, "epochs": 160.59487750303452, "hidden_channels": 104.24717887129462, "learning_rate": 0.07427431648465582, "optimizer": 0.8155965694441536, "pooling_algorithm": 0.4068599020878302}, "datetime": {"datetime": "2023-11-30 11:07:12", "elapsed": 489.342003, "delta": 4.516912}}
{"target": 0.8232142857142857, "params": {"activation_function": 0.4752901799325462, "amount_of_layers": 1.4777170525955006, "batch_size": 100.61235533140552, "dropout_rate": 0.3949579535076428, "epochs": 154.8108580182023, "hidden_channels": 53.32975057050643, "learning_rate": 0.03541132827524122, "optimizer": 1.1514670028654141, "pooling_algorithm": 0.2771990598417233}, "datetime": {"datetime": "2023-11-30 11:07:15", "elapsed": 492.341859, "delta": 2.999856}}
{"target": 0.5, "params": {"activation_function": 0.09333543331547811, "amount_of_layers": 2.667360727601409, "batch_size": 66.02389648560236, "dropout_rate": 0.63774286136833, "epochs": 125.88580208104096, "hidden_channels": 124.38209890906039, "learning_rate": 0.09910542451093629, "optimizer": 1.4793761544202486, "pooling_algorithm": 0.9385276199043877}, "datetime": {"datetime": "2023-11-30 11:07:20", "elapsed": 497.551529, "delta": 5.20967}}
{"target": 0.2785714285714286, "params": {"activation_function": 1.020879082656444, "amount_of_layers": 1.8180162064361332, "batch_size": 129.7407180113609, "dropout_rate": 0.3189273490781754, "epochs": 152.14113099494432, "hidden_channels": 78.40684317901476, "learning_rate": 0.09425797052002223, "optimizer": 1.2408269317557716, "pooling_algorithm": 0.149166042752234}, "datetime": {"datetime": "2023-11-30 11:07:24", "elapsed": 501.295857, "delta": 3.744328}}
{"target": 0.5, "params": {"activation_function": 1.237122940374419, "amount_of_layers": 1.5336741772810019, "batch_size": 98.31376523483712, "dropout_rate": 0.40429883080269013, "epochs": 166.63714305591415, "hidden_channels": 84.28119391103058, "learning_rate": 0.0981165638792442, "optimizer": 0.9985925901258235, "pooling_algorithm": 0.5170023455492794}, "datetime": {"datetime": "2023-11-30 11:07:28", "elapsed": 505.450649, "delta": 4.154792}}
{"target": 0.8964285714285715, "params": {"activation_function": 1.6562263178404857, "amount_of_layers": 2.736651938936487, "batch_size": 37.47133327742279, "dropout_rate": 0.47849654618942955, "epochs": 88.21978798712358, "hidden_channels": 51.32323079373176, "learning_rate": 0.004043047424841932, "optimizer": 0.26548441783608157, "pooling_algorithm": 0.952657332627894}, "datetime": {"datetime": "2023-11-30 11:07:31", "elapsed": 508.458393, "delta": 3.007744}}
{"target": 0.9142857142857144, "params": {"activation_function": 0.23771207646640669, "amount_of_layers": 2.1967801313501445, "batch_size": 129.9021207069198, "dropout_rate": 0.6677158748897922, "epochs": 130.9903351608329, "hidden_channels": 116.33916214307168, "learning_rate": 0.06222315599230837, "optimizer": 0.06230853377515477, "pooling_algorithm": 0.7179946121727693}, "datetime": {"datetime": "2023-11-30 11:07:35", "elapsed": 512.238418, "delta": 3.780025}}
{"target": 0.5, "params": {"activation_function": 0.20689159628763143, "amount_of_layers": 2.336119442292258, "batch_size": 103.86094184581451, "dropout_rate": 0.3005306088126406, "epochs": 12.464050919589763, "hidden_channels": 96.27358290402825, "learning_rate": 0.08299032012437245, "optimizer": 1.5205617341338462, "pooling_algorithm": 0.0512085246925732}, "datetime": {"datetime": "2023-11-30 11:07:35", "elapsed": 512.877721, "delta": 0.639303}}
{"target": 0.7071428571428572, "params": {"activation_function": 0.036828018035479415, "amount_of_layers": 5.101691504644152, "batch_size": 114.94487016435153, "dropout_rate": 0.6833872582368133, "epochs": 154.20165975376403, "hidden_channels": 46.10360672676304, "learning_rate": 0.008480992223046414, "optimizer": 1.1393982364991895, "pooling_algorithm": 0.1197140634099948}, "datetime": {"datetime": "2023-11-30 11:07:40", "elapsed": 517.451384, "delta": 4.573663}}
{"target": 0.7375, "params": {"activation_function": 0.6852142181775023, "amount_of_layers": 8.908204224214638, "batch_size": 125.95352725178343, "dropout_rate": 0.7159401250397419, "epochs": 54.405651529940755, "hidden_channels": 9.458461349623658, "learning_rate": 0.06774442793101441, "optimizer": 1.615646579016338, "pooling_algorithm": 0.0347737003364228}, "datetime": {"datetime": "2023-11-30 11:07:42", "elapsed": 519.455415, "delta": 2.004031}}
{"target": 0.5, "params": {"activation_function": 1.0229482928984819, "amount_of_layers": 3.3529139114693756, "batch_size": 53.549457982451116, "dropout_rate": 0.49593430147439227, "epochs": 181.48295187177504, "hidden_channels": 116.63004408495951, "learning_rate": 0.09165119135034741, "optimizer": 1.8582561023730453, "pooling_algorithm": 0.7797694326373213}, "datetime": {"datetime": "2023-11-30 11:07:48", "elapsed": 525.968896, "delta": 6.513481}}
{"target": 0.26249999999999996, "params": {"activation_function": 0.6544052968861414, "amount_of_layers": 8.695391814305019, "batch_size": 78.52184067334247, "dropout_rate": 0.6234888233843001, "epochs": 191.5764937472652, "hidden_channels": 25.335745552436887, "learning_rate": 0.09935455926326756, "optimizer": 0.5763092363362523, "pooling_algorithm": 0.13123578556193116}, "datetime": {"datetime": "2023-11-30 11:07:55", "elapsed": 532.81144, "delta": 6.842544}}
{"target": 0.5, "params": {"activation_function": 0.6870789653149783, "amount_of_layers": 3.7400551627602603, "batch_size": 131.34154852305522, "dropout_rate": 0.5821500222108509, "epochs": 26.25521690347839, "hidden_channels": 41.09577268714033, "learning_rate": 0.08017183016873662, "optimizer": 1.4374009044843634, "pooling_algorithm": 0.6489686909943521}, "datetime": {"datetime": "2023-11-30 11:07:56", "elapsed": 533.955651, "delta": 1.144211}}
{"target": 0.842857142857143, "params": {"activation_function": 1.7028225764237317, "amount_of_layers": 2.159819757184585, "batch_size": 110.751728650513, "dropout_rate": 0.4287730445864559, "epochs": 162.1064606008291, "hidden_channels": 5.314273201324435, "learning_rate": 0.034123521595800996, "optimizer": 1.6665165845469636, "pooling_algorithm": 0.06797095817486332}, "datetime": {"datetime": "2023-11-30 11:07:59", "elapsed": 536.744537, "delta": 2.788886}}
{"target": 0.5, "params": {"activation_function": 0.9492505746206381, "amount_of_layers": 6.160605107515825, "batch_size": 141.24760252416053, "dropout_rate": 0.44838165447158496, "epochs": 144.61712917805826, "hidden_channels": 32.5676566302903, "learning_rate": 0.08479481756845134, "optimizer": 0.5712472530853081, "pooling_algorithm": 0.7400330659303465}, "datetime": {"datetime": "2023-11-30 11:08:04", "elapsed": 541.520075, "delta": 4.775538}}
{"target": 0.2857142857142857, "params": {"activation_function": 1.0641129453436573, "amount_of_layers": 2.3311499025503073, "batch_size": 130.1912772227853, "dropout_rate": 0.7095360486615868, "epochs": 103.77581197241835, "hidden_channels": 60.28265647296224, "learning_rate": 0.049188523631791714, "optimizer": 0.5508215747875838, "pooling_algorithm": 0.29973700489235855}, "datetime": {"datetime": "2023-11-30 11:08:06", "elapsed": 543.910924, "delta": 2.390849}}
