{"target": 0.2571428571428571, "params": {"activation_function": 1.0239552349461576, "amount_of_layers": 7.317519798754206, "batch_size": 91.12604029431394, "dropout_rate": 0.3983929656454578, "epochs": 163.69750651824302, "hidden_channels": 128.0, "learning_rate": 0.01, "optimizer": 0.7109635985804879, "pooling_algorithm": 0.0699359112901462}, "datetime": {"datetime": "2023-11-29 13:21:12", "elapsed": 0.0, "delta": 0.0}}
{"target": 0.7392857142857143, "params": {"activation_function": 1.8873822218918541, "amount_of_layers": 7.027481413470831, "batch_size": 143.51912335079254, "dropout_rate": 0.5743112859430217, "epochs": 146.92378520729378, "hidden_channels": 128.0, "learning_rate": 0.01, "optimizer": 1.3260125177256379, "pooling_algorithm": 0.3766021510970622}, "datetime": {"datetime": "2023-11-29 13:21:17", "elapsed": 4.655699, "delta": 4.655699}}
{"target": 0.5392857142857143, "params": {"activation_function": 0.9741517785047344, "amount_of_layers": 1.748715820645379, "batch_size": 31.755250219893313, "dropout_rate": 0.28766873701267226, "epochs": 58.42432929745428, "hidden_channels": 128.0, "learning_rate": 0.01, "optimizer": 1.7205490811177842, "pooling_algorithm": 0.7546425335859127}, "datetime": {"datetime": "2023-11-29 13:21:19", "elapsed": 6.325395, "delta": 1.669696}}
{"target": 0.9178571428571429, "params": {"activation_function": 1.6900287555316953, "amount_of_layers": 6.530996365079531, "batch_size": 31.23612124024676, "dropout_rate": 0.5464693130955218, "epochs": 57.51816872729255, "hidden_channels": 128.0, "learning_rate": 0.01, "optimizer": 0.20117815280943963, "pooling_algorithm": 0.5488163186290468}, "datetime": {"datetime": "2023-11-29 13:21:21", "elapsed": 9.059511, "delta": 2.734116}}
{"target": 0.26249999999999996, "params": {"activation_function": 1.9219157528540485, "amount_of_layers": 4.367771907968405, "batch_size": 43.26754208917255, "dropout_rate": 0.7346215516963612, "epochs": 179.1110254592208, "hidden_channels": 128.0, "learning_rate": 0.01, "optimizer": 1.7214482205934543, "pooling_algorithm": 0.2770151017479586}, "datetime": {"datetime": "2023-11-29 13:21:27", "elapsed": 14.591472, "delta": 5.531961}}
{"target": 0.85, "params": {"activation_function": 0.359512128565346, "amount_of_layers": 3.6744238895491748, "batch_size": 148.33355919839877, "dropout_rate": 0.5971796398214821, "epochs": 100.27582609128987, "hidden_channels": 128.0, "learning_rate": 0.01, "optimizer": 1.477376855833368, "pooling_algorithm": 0.7492613828335496}, "datetime": {"datetime": "2023-11-29 13:21:29", "elapsed": 16.859772, "delta": 2.2683}}
{"target": 0.7392857142857143, "params": {"activation_function": 1.206624562675505, "amount_of_layers": 8.407278257110793, "batch_size": 122.43480074478748, "dropout_rate": 0.2611845587452183, "epochs": 122.12122024560625, "hidden_channels": 128.0, "learning_rate": 0.01, "optimizer": 0.47364404684191497, "pooling_algorithm": 0.04552778575562577}, "datetime": {"datetime": "2023-11-29 13:21:33", "elapsed": 20.58123, "delta": 3.721458}}
{"target": 0.5, "params": {"activation_function": 0.925813082399475, "amount_of_layers": 1.0433327681733937, "batch_size": 148.43320906888783, "dropout_rate": 0.35523062162418473, "epochs": 31.421193706204683, "hidden_channels": 128.0, "learning_rate": 0.01, "optimizer": 1.560895360058285, "pooling_algorithm": 0.7916637667002505}, "datetime": {"datetime": "2023-11-29 13:21:33", "elapsed": 21.066092, "delta": 0.484862}}
{"target": 0.5, "params": {"activation_function": 1.0900245317387092, "amount_of_layers": 7.957788984929183, "batch_size": 84.57905563585567, "dropout_rate": 0.2554499858416083, "epochs": 132.22365225278156, "hidden_channels": 128.0, "learning_rate": 0.01, "optimizer": 0.6338388371963404, "pooling_algorithm": 0.7130770403543052}, "datetime": {"datetime": "2023-11-29 13:21:37", "elapsed": 24.968659, "delta": 3.902567}}
{"target": 0.2571428571428571, "params": {"activation_function": 1.2354959627437416, "amount_of_layers": 5.847370809031445, "batch_size": 97.11264061884702, "dropout_rate": 0.6415485389855629, "epochs": 89.46517543021193, "hidden_channels": 128.0, "learning_rate": 0.01, "optimizer": 0.33038061747662395, "pooling_algorithm": 0.0823937823839801}, "datetime": {"datetime": "2023-11-29 13:21:39", "elapsed": 27.232726, "delta": 2.264067}}
{"target": 0.5214285714285714, "params": {"activation_function": 1.432066096007976, "amount_of_layers": 7.897253339591979, "batch_size": 33.030685017786254, "dropout_rate": 0.6109297541058114, "epochs": 46.59450521432901, "hidden_channels": 128.0, "learning_rate": 0.01, "optimizer": 0.5399582750652834, "pooling_algorithm": 0.8842454975079342}, "datetime": {"datetime": "2023-11-29 13:21:42", "elapsed": 29.8171, "delta": 2.584374}}
{"target": 0.9089285714285714, "params": {"activation_function": 0.4742263030540492, "amount_of_layers": 8.527484620053674, "batch_size": 20.516477330601596, "dropout_rate": 0.26216492480785636, "epochs": 75.90330475670012, "hidden_channels": 128.0, "learning_rate": 0.01, "optimizer": 0.5118997833876089, "pooling_algorithm": 0.6384162557688033}, "datetime": {"datetime": "2023-11-29 13:21:48", "elapsed": 36.249797, "delta": 6.432697}}
{"target": 0.45, "params": {"activation_function": 1.030398548114044, "amount_of_layers": 3.7865232036793435, "batch_size": 136.11301385275945, "dropout_rate": 0.6186316652874512, "epochs": 76.2870398220307, "hidden_channels": 128.0, "learning_rate": 0.01, "optimizer": 0.5820578035929984, "pooling_algorithm": 0.9419555091794443}, "datetime": {"datetime": "2023-11-29 13:21:50", "elapsed": 37.991862, "delta": 1.742065}}
{"target": 0.8303571428571429, "params": {"activation_function": 0.41670713357904976, "amount_of_layers": 5.742239777938645, "batch_size": 71.7599600206282, "dropout_rate": 0.6693009254819493, "epochs": 198.64458688643364, "hidden_channels": 128.0, "learning_rate": 0.01, "optimizer": 1.2424664671652512, "pooling_algorithm": 0.6797251428081947}, "datetime": {"datetime": "2023-11-29 13:21:57", "elapsed": 44.44746, "delta": 6.455598}}
{"target": 0.5, "params": {"activation_function": 1.4321968200104693, "amount_of_layers": 5.661733073206386, "batch_size": 77.4480494234051, "dropout_rate": 0.5127913145750924, "epochs": 186.59576506886884, "hidden_channels": 128.0, "learning_rate": 0.01, "optimizer": 1.3335943237295658, "pooling_algorithm": 0.8656617578555178}, "datetime": {"datetime": "2023-11-29 13:22:01", "elapsed": 49.156375, "delta": 4.708915}}
{"target": 0.7285714285714286, "params": {"activation_function": 1.355704696851786, "amount_of_layers": 3.2986072130117545, "batch_size": 49.67213966302223, "dropout_rate": 0.39461616084796136, "epochs": 163.4358469022085, "hidden_channels": 128.0, "learning_rate": 0.01, "optimizer": 1.5453305809196227, "pooling_algorithm": 0.06393358190153442}, "datetime": {"datetime": "2023-11-29 13:22:05", "elapsed": 52.871706, "delta": 3.715331}}
{"target": 0.7392857142857143, "params": {"activation_function": 1.3926003644607043, "amount_of_layers": 7.783297229473271, "batch_size": 110.16517418210728, "dropout_rate": 0.47159982534120587, "epochs": 67.40999269239734, "hidden_channels": 128.0, "learning_rate": 0.01, "optimizer": 0.518703296032893, "pooling_algorithm": 0.08093845769968466}, "datetime": {"datetime": "2023-11-29 13:22:07", "elapsed": 54.934459, "delta": 2.062753}}
{"target": 0.575, "params": {"activation_function": 0.021103982391160958, "amount_of_layers": 4.467515416181331, "batch_size": 73.77063767856268, "dropout_rate": 0.2589421573601089, "epochs": 143.34603902118278, "hidden_channels": 128.0, "learning_rate": 0.01, "optimizer": 0.052284658856252664, "pooling_algorithm": 0.35620320530823224}, "datetime": {"datetime": "2023-11-29 13:22:11", "elapsed": 58.754443, "delta": 3.819984}}
{"target": 0.5, "params": {"activation_function": 0.5023134171663304, "amount_of_layers": 3.534228533623181, "batch_size": 145.39010893512292, "dropout_rate": 0.4007094754330781, "epochs": 134.69076470497936, "hidden_channels": 128.0, "learning_rate": 0.01, "optimizer": 1.287052714808447, "pooling_algorithm": 0.705662990733695}, "datetime": {"datetime": "2023-11-29 13:22:14", "elapsed": 61.822388, "delta": 3.067945}}
{"target": 0.8053571428571428, "params": {"activation_function": 0.5597085056433737, "amount_of_layers": 1.395110097542906, "batch_size": 128.6320097400323, "dropout_rate": 0.5866940484123495, "epochs": 193.127161033411, "hidden_channels": 128.0, "learning_rate": 0.01, "optimizer": 1.7769263508151987, "pooling_algorithm": 0.20590371767189652}, "datetime": {"datetime": "2023-11-29 13:22:17", "elapsed": 64.796915, "delta": 2.974527}}
{"target": 0.7374999999999999, "params": {"activation_function": 0.783921241733754, "amount_of_layers": 8.925983825122596, "batch_size": 128.37424356333852, "dropout_rate": 0.7341956057405183, "epochs": 42.13079892788649, "hidden_channels": 128.0, "learning_rate": 0.01, "optimizer": 0.06597170762311211, "pooling_algorithm": 0.4518561242024992}, "datetime": {"datetime": "2023-11-29 13:22:19", "elapsed": 66.299631, "delta": 1.502716}}
{"target": 0.8982142857142857, "params": {"activation_function": 0.5134074262963744, "amount_of_layers": 8.049646406470153, "batch_size": 19.536273488250902, "dropout_rate": 0.4886944875548841, "epochs": 76.20395138658843, "hidden_channels": 128.0, "learning_rate": 0.01, "optimizer": 0.4650701574827141, "pooling_algorithm": 0.8416687885632044}, "datetime": {"datetime": "2023-11-29 13:22:24", "elapsed": 72.092985, "delta": 5.793354}}
{"target": 0.9071428571428571, "params": {"activation_function": 0.6902227768453122, "amount_of_layers": 7.912520200380336, "batch_size": 33.78902269927413, "dropout_rate": 0.4670011155242006, "epochs": 59.78952240610957, "hidden_channels": 128.0, "learning_rate": 0.01, "optimizer": 0.014055086165088326, "pooling_algorithm": 0.5700492870157418}, "datetime": {"datetime": "2023-11-29 13:22:28", "elapsed": 75.602813, "delta": 3.509828}}
{"target": 0.9, "params": {"activation_function": 1.9893921982748233, "amount_of_layers": 7.311977552792839, "batch_size": 26.482291309660496, "dropout_rate": 0.640521353381361, "epochs": 59.56412123871002, "hidden_channels": 128.0, "learning_rate": 0.01, "optimizer": 0.08665130244506325, "pooling_algorithm": 0.8427050930193384}, "datetime": {"datetime": "2023-11-29 13:22:31", "elapsed": 79.190806, "delta": 3.587993}}
{"target": 0.7375, "params": {"activation_function": 1.4922565918175605, "amount_of_layers": 9.0, "batch_size": 26.21916112622995, "dropout_rate": 0.75, "epochs": 68.00396773752045, "hidden_channels": 128.0, "learning_rate": 0.01, "optimizer": 0.0, "pooling_algorithm": 0.4826991252646587}, "datetime": {"datetime": "2023-11-29 13:22:36", "elapsed": 83.944515, "delta": 4.753709}}
{"target": 0.5642857142857143, "params": {"activation_function": 0.781204210000447, "amount_of_layers": 7.9107409539255515, "batch_size": 22.84767064174034, "dropout_rate": 0.5962607725092535, "epochs": 83.3036620845837, "hidden_channels": 128.0, "learning_rate": 0.01, "optimizer": 1.729622503158523, "pooling_algorithm": 0.5146777270337862}, "datetime": {"datetime": "2023-11-29 13:22:42", "elapsed": 89.839033, "delta": 5.894518}}
{"target": 0.26249999999999996, "params": {"activation_function": 1.2061366840809105, "amount_of_layers": 4.122397164525443, "batch_size": 19.277825149610546, "dropout_rate": 0.3348536236866328, "epochs": 71.2108796047053, "hidden_channels": 128.0, "learning_rate": 0.01, "optimizer": 1.8098796522126517, "pooling_algorithm": 0.21982047273132255}, "datetime": {"datetime": "2023-11-29 13:22:46", "elapsed": 94.021199, "delta": 4.182166}}
{"target": 0.8964285714285715, "params": {"activation_function": 0.9168723440991997, "amount_of_layers": 8.189732663006925, "batch_size": 29.738744859081756, "dropout_rate": 0.39777969367347404, "epochs": 62.73689955171385, "hidden_channels": 128.0, "learning_rate": 0.01, "optimizer": 0.05639798396201612, "pooling_algorithm": 0.7116431116477165}, "datetime": {"datetime": "2023-11-29 13:22:50", "elapsed": 97.576817, "delta": 3.555618}}
{"target": 0.8, "params": {"activation_function": 0.1295504874066582, "amount_of_layers": 8.158077746863103, "batch_size": 26.27921807643705, "dropout_rate": 0.3479956495697952, "epochs": 54.98723227902135, "hidden_channels": 128.0, "learning_rate": 0.01, "optimizer": 1.423424714821706, "pooling_algorithm": 0.3391044849165762}, "datetime": {"datetime": "2023-11-29 13:22:54", "elapsed": 101.374959, "delta": 3.798142}}
{"target": 0.7392857142857143, "params": {"activation_function": 1.7447809303961175, "amount_of_layers": 7.096020747350349, "batch_size": 143.91020175942413, "dropout_rate": 0.7328033615158815, "epochs": 100.5601405613174, "hidden_channels": 128.0, "learning_rate": 0.01, "optimizer": 1.0612434594590898, "pooling_algorithm": 0.3408620606184293}, "datetime": {"datetime": "2023-11-29 13:22:57", "elapsed": 104.777161, "delta": 3.402202}}
{"target": 0.19999999999999998, "params": {"activation_function": 2.0, "amount_of_layers": 9.0, "batch_size": 34.906755838904935, "dropout_rate": 0.75, "epochs": 65.34676537271474, "hidden_channels": 128.0, "learning_rate": 0.01, "optimizer": 0.0, "pooling_algorithm": 0.0}, "datetime": {"datetime": "2023-11-29 13:23:01", "elapsed": 108.853929, "delta": 4.076768}}
{"target": 0.7446428571428572, "params": {"activation_function": 1.837029585130286, "amount_of_layers": 6.996702820870452, "batch_size": 29.747077789813304, "dropout_rate": 0.4582406436178089, "epochs": 59.89085703681965, "hidden_channels": 128.0, "learning_rate": 0.01, "optimizer": 1.9816143945571247, "pooling_algorithm": 0.2843468367455507}, "datetime": {"datetime": "2023-11-29 13:23:04", "elapsed": 112.039193, "delta": 3.185264}}
{"target": 0.8964285714285715, "params": {"activation_function": 0.6804845205366932, "amount_of_layers": 7.942755914922948, "batch_size": 32.292487364554006, "dropout_rate": 0.48685927770302095, "epochs": 55.48430048437773, "hidden_channels": 128.0, "learning_rate": 0.01, "optimizer": 0.14365948109540505, "pooling_algorithm": 0.9231427261066919}, "datetime": {"datetime": "2023-11-29 13:23:07", "elapsed": 115.047602, "delta": 3.008409}}
{"target": 0.22678571428571426, "params": {"activation_function": 0.9881052135254458, "amount_of_layers": 8.919754426447927, "batch_size": 21.70069494649121, "dropout_rate": 0.6946215580228733, "epochs": 58.720601173772835, "hidden_channels": 128.0, "learning_rate": 0.01, "optimizer": 1.40521661941452, "pooling_algorithm": 0.005127179844463092}, "datetime": {"datetime": "2023-11-29 13:23:12", "elapsed": 119.745449, "delta": 4.697847}}
{"target": 0.9142857142857143, "params": {"activation_function": 1.9188025068765329, "amount_of_layers": 6.316304214166893, "batch_size": 35.16722578284438, "dropout_rate": 0.6077507742372079, "epochs": 57.54265044415853, "hidden_channels": 128.0, "learning_rate": 0.01, "optimizer": 0.07597595888993092, "pooling_algorithm": 0.7441434445810606}, "datetime": {"datetime": "2023-11-29 13:23:15", "elapsed": 122.593323, "delta": 2.847874}}
{"target": 0.825, "params": {"activation_function": 0.0, "amount_of_layers": 9.0, "batch_size": 35.73323822638689, "dropout_rate": 0.25, "epochs": 56.818825364821315, "hidden_channels": 128.0, "learning_rate": 0.01, "optimizer": 0.0, "pooling_algorithm": 0.0}, "datetime": {"datetime": "2023-11-29 13:23:18", "elapsed": 126.077999, "delta": 3.484676}}
{"target": 0.9142857142857144, "params": {"activation_function": 0.17453578492427635, "amount_of_layers": 5.49920027011443, "batch_size": 26.721914937497083, "dropout_rate": 0.5458136174798214, "epochs": 64.20192491149983, "hidden_channels": 128.0, "learning_rate": 0.01, "optimizer": 0.05937485906018947, "pooling_algorithm": 0.6926573720793306}, "datetime": {"datetime": "2023-11-29 13:23:21", "elapsed": 129.273642, "delta": 3.195643}}
{"target": 0.9142857142857144, "params": {"activation_function": 0.027402977907855508, "amount_of_layers": 8.117876221922238, "batch_size": 149.93741199639612, "dropout_rate": 0.5817565377187885, "epochs": 99.90415020549868, "hidden_channels": 128.0, "learning_rate": 0.01, "optimizer": 0.12031068918556453, "pooling_algorithm": 0.7395965259483759}, "datetime": {"datetime": "2023-11-29 13:23:24", "elapsed": 131.96034, "delta": 2.686698}}
{"target": 0.2678571428571429, "params": {"activation_function": 0.5848969493531844, "amount_of_layers": 7.862736980985289, "batch_size": 146.99357977394925, "dropout_rate": 0.5280365483573624, "epochs": 96.09628550253908, "hidden_channels": 128.0, "learning_rate": 0.01, "optimizer": 0.832460503658305, "pooling_algorithm": 0.3306600695105536}, "datetime": {"datetime": "2023-11-29 13:23:28", "elapsed": 135.536137, "delta": 3.575797}}
{"target": 0.8678571428571429, "params": {"activation_function": 0.5119842216379085, "amount_of_layers": 6.116008393020329, "batch_size": 149.08358553924626, "dropout_rate": 0.3507994248446766, "epochs": 103.19909774990997, "hidden_channels": 128.0, "learning_rate": 0.01, "optimizer": 0.9166919200447481, "pooling_algorithm": 0.6205869756996253}, "datetime": {"datetime": "2023-11-29 13:23:31", "elapsed": 138.615897, "delta": 3.07976}}
{"target": 0.35, "params": {"activation_function": 1.303338424854452, "amount_of_layers": 1.7344244893479974, "batch_size": 147.08861392488976, "dropout_rate": 0.42578358968817104, "epochs": 103.60248572739418, "hidden_channels": 128.0, "learning_rate": 0.01, "optimizer": 0.500442646067071, "pooling_algorithm": 0.9927477567564731}, "datetime": {"datetime": "2023-11-29 13:23:33", "elapsed": 140.719549, "delta": 2.103652}}
{"target": 0.25357142857142856, "params": {"activation_function": 0.2908654098173651, "amount_of_layers": 8.741523543149597, "batch_size": 27.131185185807375, "dropout_rate": 0.4692083643037087, "epochs": 60.823347176118446, "hidden_channels": 128.0, "learning_rate": 0.01, "optimizer": 0.5439577382905774, "pooling_algorithm": 0.23846678670761778}, "datetime": {"datetime": "2023-11-29 13:23:37", "elapsed": 144.990354, "delta": 4.270805}}
{"target": 0.9035714285714286, "params": {"activation_function": 0.2832758769235353, "amount_of_layers": 7.476274127430003, "batch_size": 31.433965963469987, "dropout_rate": 0.6498688745723118, "epochs": 59.57462516146768, "hidden_channels": 128.0, "learning_rate": 0.01, "optimizer": 0.6879392522041261, "pooling_algorithm": 0.7923850685503405}, "datetime": {"datetime": "2023-11-29 13:23:40", "elapsed": 148.167322, "delta": 3.176968}}
{"target": 0.8714285714285714, "params": {"activation_function": 0.0, "amount_of_layers": 6.054676867349971, "batch_size": 150.0, "dropout_rate": 0.75, "epochs": 100.76549014058881, "hidden_channels": 128.0, "learning_rate": 0.01, "optimizer": 1.3507619092971763, "pooling_algorithm": 1.0}, "datetime": {"datetime": "2023-11-29 13:23:43", "elapsed": 150.486613, "delta": 2.319291}}
{"target": 0.47857142857142854, "params": {"activation_function": 0.3726582527682978, "amount_of_layers": 7.034949350412518, "batch_size": 33.25336771598943, "dropout_rate": 0.5873266244737674, "epochs": 56.39697690819937, "hidden_channels": 128.0, "learning_rate": 0.01, "optimizer": 1.7810594790455223, "pooling_algorithm": 0.8482176867590764}, "datetime": {"datetime": "2023-11-29 13:23:46", "elapsed": 153.317901, "delta": 2.831288}}
{"target": 0.7339285714285714, "params": {"activation_function": 1.356881714688068, "amount_of_layers": 7.89217490759038, "batch_size": 34.168908444305856, "dropout_rate": 0.4491347464851246, "epochs": 58.39236503447459, "hidden_channels": 128.0, "learning_rate": 0.01, "optimizer": 0.305752207628486, "pooling_algorithm": 0.037077164768457016}, "datetime": {"datetime": "2023-11-29 13:23:49", "elapsed": 156.464784, "delta": 3.146883}}
{"target": 0.9, "params": {"activation_function": 1.0498699677659755, "amount_of_layers": 6.326081128638601, "batch_size": 32.06450097510284, "dropout_rate": 0.45710273444338145, "epochs": 59.47167055702648, "hidden_channels": 128.0, "learning_rate": 0.01, "optimizer": 0.3472257636511238, "pooling_algorithm": 0.6439779917624627}, "datetime": {"datetime": "2023-11-29 13:23:51", "elapsed": 159.262971, "delta": 2.798187}}
{"target": 0.3714285714285714, "params": {"activation_function": 1.6180914516646103, "amount_of_layers": 6.002702953017337, "batch_size": 31.340698807721076, "dropout_rate": 0.5585584059307473, "epochs": 62.345669229287815, "hidden_channels": 128.0, "learning_rate": 0.01, "optimizer": 0.6425487488925927, "pooling_algorithm": 0.6832268574757547}, "datetime": {"datetime": "2023-11-29 13:23:54", "elapsed": 162.268235, "delta": 3.005264}}
{"target": 0.9017857142857143, "params": {"activation_function": 0.24839877890017337, "amount_of_layers": 7.082194097117517, "batch_size": 147.81860762061336, "dropout_rate": 0.6953679124337477, "epochs": 100.61363140151697, "hidden_channels": 128.0, "learning_rate": 0.01, "optimizer": 0.6360152258226337, "pooling_algorithm": 0.7169737029573098}, "datetime": {"datetime": "2023-11-29 13:23:58", "elapsed": 165.543852, "delta": 3.275617}}
{"target": 0.8214285714285714, "params": {"activation_function": 0.41994558614720434, "amount_of_layers": 7.282405927297854, "batch_size": 29.83814982537372, "dropout_rate": 0.5296136518090553, "epochs": 56.585396877012954, "hidden_channels": 128.0, "learning_rate": 0.01, "optimizer": 1.235078570077092, "pooling_algorithm": 0.0009851046542801445}, "datetime": {"datetime": "2023-11-29 13:24:01", "elapsed": 168.562086, "delta": 3.018234}}
{"target": 0.55, "params": {"activation_function": 1.2110560041781828, "amount_of_layers": 8.624077961666938, "batch_size": 149.07788866327775, "dropout_rate": 0.48294908543778353, "epochs": 100.93832551532202, "hidden_channels": 128.0, "learning_rate": 0.01, "optimizer": 1.2535382189763091, "pooling_algorithm": 0.7278303610146923}, "datetime": {"datetime": "2023-11-29 13:24:05", "elapsed": 172.302861, "delta": 3.740775}}
