{"target": 0.7410714285714286, "params": {"activation_function": 1.7530416796137376, "amount_of_layers": 3.9353185070877537, "batch_size": 22.395156002831314, "dropout_rate": 0.47554732306131325, "epochs": 28.37819818259269, "hidden_channels": 111.80242208360308, "learning_rate": 0.03767190638057957, "optimizer": 0.9298043556635593, "pooling_algorithm": 0.48670984262965733}, "datetime": {"datetime": "2023-11-30 12:05:51", "elapsed": 113.236183, "delta": 1.531977}}
{"target": 0.5, "params": {"activation_function": 0.4688043643682731, "amount_of_layers": 2.0730255463592098, "batch_size": 49.39225138433765, "dropout_rate": 0.6073613669436341, "epochs": 89.14378252449377, "hidden_channels": 52.180846927390334, "learning_rate": 0.07758310665125051, "optimizer": 1.1588918667241672, "pooling_algorithm": 0.897140692994274}, "datetime": {"datetime": "2023-11-30 12:05:53", "elapsed": 115.642706, "delta": 2.406523}}
{"target": 0.5, "params": {"activation_function": 0.0008592592721585746, "amount_of_layers": 3.0387987976646613, "batch_size": 52.470455684561685, "dropout_rate": 0.6407191452299001, "epochs": 87.61280980940424, "hidden_channels": 53.962765568614905, "learning_rate": 0.09229569809642957, "optimizer": 0.5104481516512516, "pooling_algorithm": 0.6369279903848709}, "datetime": {"datetime": "2023-11-30 12:05:55", "elapsed": 117.699915, "delta": 2.057209}}
{"target": 0.8, "params": {"activation_function": 1.6401143632221387, "amount_of_layers": 3.3192238090600172, "batch_size": 116.63044533035874, "dropout_rate": 0.3837503943589536, "epochs": 67.67761379606489, "hidden_channels": 75.55061531987339, "learning_rate": 0.09505512912578992, "optimizer": 0.3723502853802172, "pooling_algorithm": 0.15432301362303047}, "datetime": {"datetime": "2023-11-30 12:05:57", "elapsed": 119.005736, "delta": 1.305821}}
{"target": 0.09642857142857143, "params": {"activation_function": 1.4320020147088512, "amount_of_layers": 1.67231130995662, "batch_size": 136.7007139344367, "dropout_rate": 0.6844755625039639, "epochs": 110.46273686931981, "hidden_channels": 10.503222827143084, "learning_rate": 0.04161849304167345, "optimizer": 1.405655504441661, "pooling_algorithm": 0.5765148904206379}, "datetime": {"datetime": "2023-11-30 12:05:59", "elapsed": 120.894615, "delta": 1.888879}}
{"target": 0.5, "params": {"activation_function": 1.0180534646569965, "amount_of_layers": 6.040823363207303, "batch_size": 30.708791272197416, "dropout_rate": 0.3630490324017541, "epochs": 157.33020661612335, "hidden_channels": 104.61024016110497, "learning_rate": 0.05832997984659914, "optimizer": 1.9614434031309729, "pooling_algorithm": 0.6501695666124402}, "datetime": {"datetime": "2023-11-30 12:06:06", "elapsed": 127.792963, "delta": 6.898348}}
{"target": 0.2607142857142857, "params": {"activation_function": 0.5958007205961979, "amount_of_layers": 6.758168526044912, "batch_size": 133.5950752570499, "dropout_rate": 0.7296163037031514, "epochs": 109.02599135308775, "hidden_channels": 10.817342399754573, "learning_rate": 0.09977010817384778, "optimizer": 0.03330933544532866, "pooling_algorithm": 0.3784005950123285}, "datetime": {"datetime": "2023-11-30 12:06:08", "elapsed": 130.403593, "delta": 2.61063}}
{"target": 0.4357142857142857, "params": {"activation_function": 0.7500684808536398, "amount_of_layers": 5.007291725557745, "batch_size": 23.277303988038156, "dropout_rate": 0.6449805259825925, "epochs": 28.93494933812746, "hidden_channels": 109.3805122748283, "learning_rate": 0.07297887865114552, "optimizer": 0.5585839005387301, "pooling_algorithm": 0.7291435623917791}, "datetime": {"datetime": "2023-11-30 12:06:10", "elapsed": 132.156535, "delta": 1.752942}}
{"target": 0.5, "params": {"activation_function": 0.2795159120772388, "amount_of_layers": 2.8915861186267966, "batch_size": 117.65583610775401, "dropout_rate": 0.7124152798190073, "epochs": 68.41128625665525, "hidden_channels": 73.8204406527313, "learning_rate": 0.07045421201950869, "optimizer": 1.7720882134365574, "pooling_algorithm": 0.47601618072526664}, "datetime": {"datetime": "2023-11-30 12:06:11", "elapsed": 133.512172, "delta": 1.355637}}
{"target": 0.9053571428571429, "params": {"activation_function": 0.7813485133212508, "amount_of_layers": 3.7508074999506213, "batch_size": 102.1874988182723, "dropout_rate": 0.5851421229316436, "epochs": 110.31667366911586, "hidden_channels": 44.695158972616, "learning_rate": 0.007174370239978555, "optimizer": 0.8557721859295795, "pooling_algorithm": 0.5803869822285452}, "datetime": {"datetime": "2023-11-30 12:06:14", "elapsed": 135.728353, "delta": 2.216181}}
{"target": 0.27678571428571425, "params": {"activation_function": 1.4093399107893136, "amount_of_layers": 4.811340033913759, "batch_size": 134.53143924569844, "dropout_rate": 0.6825022814830899, "epochs": 108.6733928381287, "hidden_channels": 12.647111810022603, "learning_rate": 0.023859620842741396, "optimizer": 1.3132684054927906, "pooling_algorithm": 0.33834405399661494}, "datetime": {"datetime": "2023-11-30 12:06:16", "elapsed": 138.084404, "delta": 2.356051}}
{"target": 0.26249999999999996, "params": {"activation_function": 1.474663975649281, "amount_of_layers": 1.8246141358923058, "batch_size": 115.64342155366126, "dropout_rate": 0.3380854380870385, "epochs": 67.268389591913, "hidden_channels": 78.88739300811464, "learning_rate": 0.08853830697055022, "optimizer": 0.5822763640094468, "pooling_algorithm": 0.3499049253123796}, "datetime": {"datetime": "2023-11-30 12:06:17", "elapsed": 139.282072, "delta": 1.197668}}
{"target": 0.5857142857142856, "params": {"activation_function": 0.7187955792403182, "amount_of_layers": 1.6467539705931413, "batch_size": 145.94697085554103, "dropout_rate": 0.64826666659646, "epochs": 134.8395800231754, "hidden_channels": 98.26205486917577, "learning_rate": 0.0019013917551984117, "optimizer": 0.10707525016753516, "pooling_algorithm": 0.43900265337877153}, "datetime": {"datetime": "2023-11-30 12:06:20", "elapsed": 141.769284, "delta": 2.487212}}
{"target": 0.7410714285714286, "params": {"activation_function": 0.7003798733433013, "amount_of_layers": 6.377972737218001, "batch_size": 134.25353532625633, "dropout_rate": 0.415305214596576, "epochs": 108.16631533421688, "hidden_channels": 7.202407603765717, "learning_rate": 0.08275839276458045, "optimizer": 1.0006425086341608, "pooling_algorithm": 0.49415179723321623}, "datetime": {"datetime": "2023-11-30 12:06:22", "elapsed": 144.197011, "delta": 2.427727}}
{"target": 0.5, "params": {"activation_function": 0.7394301917080206, "amount_of_layers": 3.8015976407389758, "batch_size": 100.73751197529405, "dropout_rate": 0.4100048985131989, "epochs": 112.0433310361209, "hidden_channels": 42.491647156605474, "learning_rate": 0.04706918800707005, "optimizer": 1.167228542593516, "pooling_algorithm": 0.9695841260180704}, "datetime": {"datetime": "2023-11-30 12:06:24", "elapsed": 146.449912, "delta": 2.252901}}
{"target": 0.7375, "params": {"activation_function": 1.3662242031357306, "amount_of_layers": 4.5860270945845985, "batch_size": 132.42931757295707, "dropout_rate": 0.3328981006213337, "epochs": 107.60573036800184, "hidden_channels": 10.232839960771653, "learning_rate": 0.03783009524956592, "optimizer": 1.540942444621155, "pooling_algorithm": 0.36351423514597603}, "datetime": {"datetime": "2023-11-30 12:06:26", "elapsed": 148.699419, "delta": 2.249507}}
{"target": 0.7714285714285715, "params": {"activation_function": 1.2544122139334288, "amount_of_layers": 2.518696561955209, "batch_size": 129.23312837813694, "dropout_rate": 0.5154042210828685, "epochs": 109.17059177496742, "hidden_channels": 8.925120510371734, "learning_rate": 0.0030449968019121794, "optimizer": 0.9789270917134196, "pooling_algorithm": 0.12667121538509074}, "datetime": {"datetime": "2023-11-30 12:06:29", "elapsed": 150.75503, "delta": 2.055611}}
{"target": 0.6285714285714286, "params": {"activation_function": 1.5985705591869137, "amount_of_layers": 1.3247878927917105, "batch_size": 115.84827131949079, "dropout_rate": 0.3971168341653025, "epochs": 66.71163670062887, "hidden_channels": 75.36529025318947, "learning_rate": 0.09788826417359131, "optimizer": 1.133647192125651, "pooling_algorithm": 0.36119816099124147}, "datetime": {"datetime": "2023-11-30 12:06:30", "elapsed": 151.846247, "delta": 1.091217}}
{"target": 0.5, "params": {"activation_function": 0.3225085870937259, "amount_of_layers": 1.875686408379294, "batch_size": 143.73197531156518, "dropout_rate": 0.5306215042362419, "epochs": 136.9917055176935, "hidden_channels": 96.31979515860291, "learning_rate": 0.08395432158083338, "optimizer": 1.204939759218222, "pooling_algorithm": 0.9237669336216326}, "datetime": {"datetime": "2023-11-30 12:06:32", "elapsed": 154.408921, "delta": 2.562674}}
{"target": 0.5, "params": {"activation_function": 0.7153115268364294, "amount_of_layers": 2.6255379742085374, "batch_size": 37.506510079500096, "dropout_rate": 0.5855577169231262, "epochs": 154.911078275343, "hidden_channels": 111.02722309198118, "learning_rate": 0.027017720262642854, "optimizer": 0.5237962804994556, "pooling_algorithm": 0.5721454003295957}, "datetime": {"datetime": "2023-11-30 12:06:37", "elapsed": 158.908809, "delta": 4.499888}}
{"target": 0.2857142857142857, "params": {"activation_function": 1.7304188759907144, "amount_of_layers": 1.3066347038221133, "batch_size": 22.027460273284078, "dropout_rate": 0.577225098626311, "epochs": 11.825652005875781, "hidden_channels": 28.97097493968113, "learning_rate": 0.09248885366800823, "optimizer": 0.16648274942600172, "pooling_algorithm": 0.4337871582113222}, "datetime": {"datetime": "2023-11-30 12:06:37", "elapsed": 159.428186, "delta": 0.519377}}
{"target": 0.9107142857142857, "params": {"activation_function": 0.46360780461491435, "amount_of_layers": 4.438517639016466, "batch_size": 87.06901665472284, "dropout_rate": 0.5285509903059779, "epochs": 143.3346057695791, "hidden_channels": 67.76571351214474, "learning_rate": 0.039412118196102144, "optimizer": 0.436210878439659, "pooling_algorithm": 0.7427883419363315}, "datetime": {"datetime": "2023-11-30 12:06:40", "elapsed": 162.29033, "delta": 2.862144}}
{"target": 0.5142857142857142, "params": {"activation_function": 1.2388246369462401, "amount_of_layers": 3.3352041620830137, "batch_size": 21.99843079848263, "dropout_rate": 0.6556311921322724, "epochs": 33.683120441606974, "hidden_channels": 24.92670924084074, "learning_rate": 0.092495864939605, "optimizer": 1.5324536878510706, "pooling_algorithm": 0.96664084226043}, "datetime": {"datetime": "2023-11-30 12:06:42", "elapsed": 163.952749, "delta": 1.662419}}
{"target": 0.35, "params": {"activation_function": 1.991853459214757, "amount_of_layers": 1.2789937468420671, "batch_size": 131.53893711767196, "dropout_rate": 0.36213156530343055, "epochs": 108.76381432901738, "hidden_channels": 10.960231974281946, "learning_rate": 0.07907738743451395, "optimizer": 1.6231791512029332, "pooling_algorithm": 0.5606228523115683}, "datetime": {"datetime": "2023-11-30 12:06:43", "elapsed": 165.625386, "delta": 1.672637}}
{"target": 0.9035714285714285, "params": {"activation_function": 0.0437087535367513, "amount_of_layers": 8.580923190138712, "batch_size": 147.79416056707842, "dropout_rate": 0.5196426752475762, "epochs": 156.76771226160307, "hidden_channels": 114.21692479055697, "learning_rate": 0.08909627579565893, "optimizer": 0.05852566835083417, "pooling_algorithm": 0.8576834113358113}, "datetime": {"datetime": "2023-11-30 12:06:49", "elapsed": 171.027254, "delta": 5.401868}}
{"target": 0.5, "params": {"activation_function": 0.3646743128013574, "amount_of_layers": 2.367156506016526, "batch_size": 145.07059195739942, "dropout_rate": 0.5628017563737053, "epochs": 25.82274718484551, "hidden_channels": 121.61888620273733, "learning_rate": 0.07554444985523118, "optimizer": 1.8115975917814822, "pooling_algorithm": 0.896717811382693}, "datetime": {"datetime": "2023-11-30 12:06:49", "elapsed": 171.597604, "delta": 0.57035}}
{"target": 0.8714285714285714, "params": {"activation_function": 1.953875986875027, "amount_of_layers": 3.3375514434303692, "batch_size": 140.7359560829211, "dropout_rate": 0.4295918380757351, "epochs": 194.69423296145536, "hidden_channels": 18.031429009578417, "learning_rate": 0.03320051503631263, "optimizer": 0.5767021550322886, "pooling_algorithm": 0.6236310090963016}, "datetime": {"datetime": "2023-11-30 12:06:53", "elapsed": 175.069579, "delta": 3.471975}}
{"target": 0.9214285714285715, "params": {"activation_function": 1.9506380836781239, "amount_of_layers": 7.888399403139043, "batch_size": 35.78239457248117, "dropout_rate": 0.5884355922310168, "epochs": 98.35917682534243, "hidden_channels": 92.38729906479549, "learning_rate": 0.013010625311714097, "optimizer": 0.1572318430267896, "pooling_algorithm": 0.8067821872951358}, "datetime": {"datetime": "2023-11-30 12:06:58", "elapsed": 180.095649, "delta": 5.02607}}
{"target": 0.7375, "params": {"activation_function": 1.681904826299946, "amount_of_layers": 4.557580100300328, "batch_size": 136.76108440589297, "dropout_rate": 0.4009658536583591, "epochs": 86.85515520277279, "hidden_channels": 53.440919895291394, "learning_rate": 0.046303052514090726, "optimizer": 1.3674121215456614, "pooling_algorithm": 0.06179887853748334}, "datetime": {"datetime": "2023-11-30 12:07:00", "elapsed": 182.041147, "delta": 1.945498}}
{"target": 0.7785714285714286, "params": {"activation_function": 0.04908284184868261, "amount_of_layers": 8.285821495317492, "batch_size": 96.48831235562695, "dropout_rate": 0.5535416511036503, "epochs": 141.28204818395614, "hidden_channels": 103.36491089513125, "learning_rate": 0.028665121511825993, "optimizer": 0.8057672602161956, "pooling_algorithm": 0.30967551986011344}, "datetime": {"datetime": "2023-11-30 12:07:04", "elapsed": 186.252816, "delta": 4.211669}}
{"target": 0.5, "params": {"activation_function": 0.8643395382919432, "amount_of_layers": 8.748407698493043, "batch_size": 99.7736293146314, "dropout_rate": 0.47068606603473534, "epochs": 68.95002189858177, "hidden_channels": 22.598470853136128, "learning_rate": 0.07959993250270193, "optimizer": 1.1338632984940025, "pooling_algorithm": 0.7024555243887062}, "datetime": {"datetime": "2023-11-30 12:07:06", "elapsed": 188.163234, "delta": 1.910418}}
{"target": 0.09464285714285714, "params": {"activation_function": 1.4509616415438107, "amount_of_layers": 8.92369553841143, "batch_size": 144.92328466023105, "dropout_rate": 0.48587757869881865, "epochs": 72.07485230196019, "hidden_channels": 68.9246989655972, "learning_rate": 0.006644248128720216, "optimizer": 1.3000325572046016, "pooling_algorithm": 0.7200915610770329}, "datetime": {"datetime": "2023-11-30 12:07:08", "elapsed": 190.467269, "delta": 2.304035}}
{"target": 0.20714285714285713, "params": {"activation_function": 1.9410611188140114, "amount_of_layers": 3.7909255332853853, "batch_size": 49.5399153050901, "dropout_rate": 0.7488877385676596, "epochs": 185.7372475429403, "hidden_channels": 56.1189116643445, "learning_rate": 0.08057894421382214, "optimizer": 0.004657439116404483, "pooling_algorithm": 0.08380702765015557}, "datetime": {"datetime": "2023-11-30 12:07:13", "elapsed": 195.104169, "delta": 4.6369}}
{"target": 0.9071428571428573, "params": {"activation_function": 1.3339020303759153, "amount_of_layers": 3.652954453238463, "batch_size": 104.8413424852286, "dropout_rate": 0.40514212703931174, "epochs": 96.26212682516748, "hidden_channels": 87.38866898462761, "learning_rate": 0.018298116522989013, "optimizer": 0.15610915790051294, "pooling_algorithm": 0.7904695120352775}, "datetime": {"datetime": "2023-11-30 12:07:15", "elapsed": 197.051714, "delta": 1.947545}}
{"target": 0.5, "params": {"activation_function": 1.1574853008107011, "amount_of_layers": 7.641827970782494, "batch_size": 83.04342266719661, "dropout_rate": 0.5385714080433948, "epochs": 79.96256493806891, "hidden_channels": 103.93698631335714, "learning_rate": 0.07766227552281009, "optimizer": 1.1945064795836553, "pooling_algorithm": 0.9710300102546258}, "datetime": {"datetime": "2023-11-30 12:07:17", "elapsed": 199.422278, "delta": 2.370564}}
{"target": 0.5, "params": {"activation_function": 0.7859799602539372, "amount_of_layers": 4.758505370812071, "batch_size": 69.03719277560258, "dropout_rate": 0.7044731976329524, "epochs": 23.259671509121848, "hidden_channels": 126.55821234550083, "learning_rate": 0.06155447004409174, "optimizer": 1.795069170864907, "pooling_algorithm": 0.2807505610731551}, "datetime": {"datetime": "2023-11-30 12:07:18", "elapsed": 200.288049, "delta": 0.865771}}
{"target": 0.4392857142857143, "params": {"activation_function": 0.04758275331268491, "amount_of_layers": 8.117696289846231, "batch_size": 26.556709443431004, "dropout_rate": 0.7295851894240184, "epochs": 169.85538859072884, "hidden_channels": 36.709404118715256, "learning_rate": 0.07374024231164902, "optimizer": 1.8011968697444753, "pooling_algorithm": 0.5354651302092751}, "datetime": {"datetime": "2023-11-30 12:07:28", "elapsed": 210.557249, "delta": 10.2692}}
{"target": 0.5, "params": {"activation_function": 1.5993333778125998, "amount_of_layers": 6.9856762895110585, "batch_size": 26.91298482543128, "dropout_rate": 0.37153353920956494, "epochs": 86.19048751771471, "hidden_channels": 31.083257320385627, "learning_rate": 0.09756841589070399, "optimizer": 1.3698695697239014, "pooling_algorithm": 0.5350812158402634}, "datetime": {"datetime": "2023-11-30 12:07:33", "elapsed": 215.674273, "delta": 5.117024}}
{"target": 0.5, "params": {"activation_function": 1.9893775516283339, "amount_of_layers": 1.8817596849868972, "batch_size": 47.284682592042785, "dropout_rate": 0.5361163290378772, "epochs": 151.10153397216453, "hidden_channels": 81.62034929898488, "learning_rate": 0.09696054066431152, "optimizer": 1.7200890510775175, "pooling_algorithm": 0.8919374506073051}, "datetime": {"datetime": "2023-11-30 12:07:37", "elapsed": 219.462135, "delta": 3.787862}}
{"target": 0.5, "params": {"activation_function": 0.16518348309299014, "amount_of_layers": 6.248481239419842, "batch_size": 123.09070017399891, "dropout_rate": 0.5805884116309409, "epochs": 112.44362717710739, "hidden_channels": 50.21856569333287, "learning_rate": 0.029311238568823728, "optimizer": 1.912445321963184, "pooling_algorithm": 0.4229209375082875}, "datetime": {"datetime": "2023-11-30 12:07:40", "elapsed": 222.068614, "delta": 2.606479}}
{"target": 0.8250000000000001, "params": {"activation_function": 0.2447706438412296, "amount_of_layers": 2.787699793299115, "batch_size": 51.75843883468178, "dropout_rate": 0.3868527961718637, "epochs": 72.596638982027, "hidden_channels": 19.341142109402945, "learning_rate": 0.048028799583021135, "optimizer": 0.8373386625094934, "pooling_algorithm": 0.3634474774892983}, "datetime": {"datetime": "2023-11-30 12:07:42", "elapsed": 223.88592, "delta": 1.817306}}
{"target": 0.9035714285714286, "params": {"activation_function": 1.166184666005449, "amount_of_layers": 6.839023287909605, "batch_size": 109.92732142528021, "dropout_rate": 0.7348069226327613, "epochs": 106.9082053287449, "hidden_channels": 63.79623353110012, "learning_rate": 0.04737533286441661, "optimizer": 0.12083168290986124, "pooling_algorithm": 0.6858105569269349}, "datetime": {"datetime": "2023-11-30 12:07:44", "elapsed": 226.563182, "delta": 2.677262}}
{"target": 0.5, "params": {"activation_function": 1.7277502823588564, "amount_of_layers": 6.422549929804613, "batch_size": 67.15253032747222, "dropout_rate": 0.38241933542785483, "epochs": 75.35333075822903, "hidden_channels": 106.24704991176377, "learning_rate": 0.08788245750986891, "optimizer": 1.3832982910800848, "pooling_algorithm": 0.9137568770008846}, "datetime": {"datetime": "2023-11-30 12:07:47", "elapsed": 229.116856, "delta": 2.553674}}
{"target": 0.7374999999999999, "params": {"activation_function": 1.2379090319694843, "amount_of_layers": 2.076633166486065, "batch_size": 148.86342054944598, "dropout_rate": 0.5266427586166791, "epochs": 68.65538960148206, "hidden_channels": 42.50798780795734, "learning_rate": 0.06462884365917713, "optimizer": 0.9334725144236558, "pooling_algorithm": 0.22058345286537528}, "datetime": {"datetime": "2023-11-30 12:07:48", "elapsed": 230.291295, "delta": 1.174439}}
{"target": 0.7357142857142858, "params": {"activation_function": 0.8884736265707434, "amount_of_layers": 2.66084337167933, "batch_size": 36.58530041952597, "dropout_rate": 0.5570042030625981, "epochs": 87.43801011494038, "hidden_channels": 27.02006313578032, "learning_rate": 0.06356881011375026, "optimizer": 1.2344502886859514, "pooling_algorithm": 0.22380801807680428}, "datetime": {"datetime": "2023-11-30 12:07:51", "elapsed": 233.41238, "delta": 3.121085}}
{"target": 0.7357142857142858, "params": {"activation_function": 1.8563160685418947, "amount_of_layers": 3.0263718427236057, "batch_size": 72.5158083487996, "dropout_rate": 0.7386672867701014, "epochs": 63.64800546907728, "hidden_channels": 40.48139936971199, "learning_rate": 0.04705083421787419, "optimizer": 1.2006111516135232, "pooling_algorithm": 0.18653404290504783}, "datetime": {"datetime": "2023-11-30 12:07:53", "elapsed": 234.992168, "delta": 1.579788}}
{"target": 0.5, "params": {"activation_function": 1.582837997549131, "amount_of_layers": 7.973435924598266, "batch_size": 49.240941146635365, "dropout_rate": 0.627994202109968, "epochs": 94.08129956057722, "hidden_channels": 108.57293745942222, "learning_rate": 0.08726305088340346, "optimizer": 1.7760756331884051, "pooling_algorithm": 0.7368122227199608}, "datetime": {"datetime": "2023-11-30 12:07:57", "elapsed": 239.236222, "delta": 4.244054}}
