{"target": 0.9089285714285714, "params": {"activation_function": 0.355217401926214, "amount_of_layers": 7.5611302594572525, "batch_size": 117.67285489703028, "dropout_rate": 0.588733862104657, "epochs": 104.37757255581099, "hidden_channels": 24.686179167575926, "learning_rate": 0.033289997559140035, "optimizer": 1.3420091543407793, "pooling_algorithm": 0.8098175890513919}, "datetime": {"datetime": "2023-11-30 12:02:27", "elapsed": 219.780576, "delta": 3.591984}}
{"target": 0.19642857142857142, "params": {"activation_function": 0.0, "amount_of_layers": 9.0, "batch_size": 82.62676982189423, "dropout_rate": 0.75, "epochs": 171.70529200198933, "hidden_channels": 13.87391525436843, "learning_rate": 0.1, "optimizer": 0.0, "pooling_algorithm": 0.0}, "datetime": {"datetime": "2023-11-30 12:02:33", "elapsed": 225.669045, "delta": 5.888469}}
{"target": 0.5, "params": {"activation_function": 0.12103843619562293, "amount_of_layers": 6.846282119768799, "batch_size": 118.01324353426422, "dropout_rate": 0.6686844488540566, "epochs": 110.61344799961809, "hidden_channels": 20.816530049227673, "learning_rate": 0.05335107185788659, "optimizer": 1.3878256288591844, "pooling_algorithm": 0.8481473695363397}, "datetime": {"datetime": "2023-11-30 12:02:36", "elapsed": 229.126789, "delta": 3.457744}}
{"target": 0.8964285714285714, "params": {"activation_function": 1.205299738799318, "amount_of_layers": 4.820017405134149, "batch_size": 61.380833980439675, "dropout_rate": 0.6982077773978891, "epochs": 134.43622648909115, "hidden_channels": 111.41510238550413, "learning_rate": 0.017735954210938692, "optimizer": 0.12122736284789856, "pooling_algorithm": 0.9353555706101405}, "datetime": {"datetime": "2023-11-30 12:02:42", "elapsed": 235.1996, "delta": 6.072811}}
{"target": 0.9178571428571428, "params": {"activation_function": 0.3708125965429707, "amount_of_layers": 3.311765136832676, "batch_size": 117.66608291155694, "dropout_rate": 0.6686870815401295, "epochs": 103.43215059949286, "hidden_channels": 28.933638365078934, "learning_rate": 0.05401800611428595, "optimizer": 0.19395818409370924, "pooling_algorithm": 0.8829584111675911}, "datetime": {"datetime": "2023-11-30 12:02:44", "elapsed": 237.382757, "delta": 2.183157}}
{"target": 0.9285714285714286, "params": {"activation_function": 2.0, "amount_of_layers": 7.871668571252726, "batch_size": 114.3406716395502, "dropout_rate": 0.25, "epochs": 103.53457192584561, "hidden_channels": 30.18300129880744, "learning_rate": 0.001, "optimizer": 0.3196421014579885, "pooling_algorithm": 0.7489693083336892}, "datetime": {"datetime": "2023-11-30 12:02:48", "elapsed": 241.27651, "delta": 3.893753}}
{"target": 0.23214285714285712, "params": {"activation_function": 1.5376140675381467, "amount_of_layers": 7.163924762494129, "batch_size": 116.47953563268172, "dropout_rate": 0.5684597677615235, "epochs": 107.37329797480416, "hidden_channels": 35.25981828993701, "learning_rate": 0.06569383969466452, "optimizer": 0.33646437849476185, "pooling_algorithm": 0.12383170243565156}, "datetime": {"datetime": "2023-11-30 12:02:52", "elapsed": 244.908502, "delta": 3.631992}}
{"target": 0.5, "params": {"activation_function": 0.34526018806126135, "amount_of_layers": 5.4503106993278925, "batch_size": 112.82769283856177, "dropout_rate": 0.6494424402012964, "epochs": 105.62787983222006, "hidden_channels": 26.989090748949156, "learning_rate": 0.08058594246926372, "optimizer": 1.1843498328392172, "pooling_algorithm": 0.5263965176683665}, "datetime": {"datetime": "2023-11-30 12:02:55", "elapsed": 247.825054, "delta": 2.916552}}
{"target": 0.85, "params": {"activation_function": 1.7602050841093246, "amount_of_layers": 7.34150916040829, "batch_size": 117.85798469562916, "dropout_rate": 0.26705956799852554, "epochs": 103.08671659025705, "hidden_channels": 28.338936120335273, "learning_rate": 0.001, "optimizer": 0.07520352437079862, "pooling_algorithm": 1.0}, "datetime": {"datetime": "2023-11-30 12:02:58", "elapsed": 251.179725, "delta": 3.354671}}
{"target": 0.5, "params": {"activation_function": 1.5566304355419303, "amount_of_layers": 3.402939363241906, "batch_size": 118.26775472785907, "dropout_rate": 0.5284962605064609, "epochs": 98.92289812354902, "hidden_channels": 30.353519327491888, "learning_rate": 0.06985938612043022, "optimizer": 1.5011722860564674, "pooling_algorithm": 0.6018636180670922}, "datetime": {"datetime": "2023-11-30 12:03:00", "elapsed": 253.478827, "delta": 2.299102}}
{"target": 0.5, "params": {"activation_function": 0.32612867243484933, "amount_of_layers": 4.502565457898153, "batch_size": 57.74817067721814, "dropout_rate": 0.26034891543416544, "epochs": 133.20567227370157, "hidden_channels": 120.45764345138058, "learning_rate": 0.037476070589831816, "optimizer": 1.0791345920336173, "pooling_algorithm": 0.2782387087085152}, "datetime": {"datetime": "2023-11-30 12:03:07", "elapsed": 259.981571, "delta": 6.502744}}
{"target": 0.5, "params": {"activation_function": 0.5556807111359203, "amount_of_layers": 3.4046092041657463, "batch_size": 120.1918876309332, "dropout_rate": 0.7191004957561593, "epochs": 103.65896173013103, "hidden_channels": 24.629426252858888, "learning_rate": 0.05873963066010557, "optimizer": 1.1070433287140626, "pooling_algorithm": 0.951438535695914}, "datetime": {"datetime": "2023-11-30 12:03:10", "elapsed": 263.232076, "delta": 3.250505}}
{"target": 0.26071428571428573, "params": {"activation_function": 1.6885287669904636, "amount_of_layers": 7.630777238788346, "batch_size": 116.95311983256353, "dropout_rate": 0.657971125974021, "epochs": 103.88295019411251, "hidden_channels": 29.678034718491013, "learning_rate": 0.012103954037838496, "optimizer": 0.6408057622805898, "pooling_algorithm": 0.11015995363074682}, "datetime": {"datetime": "2023-11-30 12:03:14", "elapsed": 267.107526, "delta": 3.87545}}
{"target": 0.26249999999999996, "params": {"activation_function": 0.9519449007335721, "amount_of_layers": 5.757842144025988, "batch_size": 84.02747820439131, "dropout_rate": 0.4949073700912587, "epochs": 174.0745750266655, "hidden_channels": 22.928099059040946, "learning_rate": 0.06689244318985546, "optimizer": 1.9186323248757378, "pooling_algorithm": 0.06749592644127655}, "datetime": {"datetime": "2023-11-30 12:03:19", "elapsed": 271.96744, "delta": 4.859914}}
{"target": 0.2589285714285714, "params": {"activation_function": 1.2815207274842277, "amount_of_layers": 3.997968239132873, "batch_size": 116.53362834025585, "dropout_rate": 0.6430043806940031, "epochs": 125.09213083869034, "hidden_channels": 87.57063094925817, "learning_rate": 0.04665713832562603, "optimizer": 0.705688389278279, "pooling_algorithm": 0.06296698291934733}, "datetime": {"datetime": "2023-11-30 12:03:23", "elapsed": 276.439097, "delta": 4.471657}}
{"target": 0.2607142857142857, "params": {"activation_function": 1.247599459678505, "amount_of_layers": 3.478824581279401, "batch_size": 57.80057606476203, "dropout_rate": 0.7096191061091796, "epochs": 11.97663016179492, "hidden_channels": 55.1782291375208, "learning_rate": 0.06582469709555375, "optimizer": 0.6663540614123662, "pooling_algorithm": 0.011561307341717897}, "datetime": {"datetime": "2023-11-30 12:03:24", "elapsed": 276.96818, "delta": 0.529083}}
{"target": 0.5, "params": {"activation_function": 1.0056458313813885, "amount_of_layers": 1.2821874035586847, "batch_size": 142.63778640490804, "dropout_rate": 0.660444884138752, "epochs": 89.40154042547032, "hidden_channels": 115.62097020122368, "learning_rate": 0.0706729724861389, "optimizer": 1.7268876293483326, "pooling_algorithm": 0.9775923599071561}, "datetime": {"datetime": "2023-11-30 12:03:26", "elapsed": 279.191164, "delta": 2.222984}}
{"target": 0.5, "params": {"activation_function": 1.4668987411968828, "amount_of_layers": 6.326349398689715, "batch_size": 87.5229896327562, "dropout_rate": 0.40368810197110294, "epochs": 70.0135820499463, "hidden_channels": 120.37187645853713, "learning_rate": 0.0587172224384599, "optimizer": 1.6324077816076366, "pooling_algorithm": 0.5938751230822495}, "datetime": {"datetime": "2023-11-30 12:03:32", "elapsed": 284.887569, "delta": 5.696405}}
{"target": 0.45, "params": {"activation_function": 1.5360486593916585, "amount_of_layers": 5.849807696562738, "batch_size": 106.38471743268965, "dropout_rate": 0.3667158613239851, "epochs": 25.179877769359123, "hidden_channels": 105.54564868362586, "learning_rate": 0.07534783914542255, "optimizer": 1.2701768569404788, "pooling_algorithm": 0.5861808039703348}, "datetime": {"datetime": "2023-11-30 12:03:34", "elapsed": 286.684075, "delta": 1.796506}}
{"target": 0.5, "params": {"activation_function": 0.3735280894638724, "amount_of_layers": 7.869269559775804, "batch_size": 19.522484741146165, "dropout_rate": 0.5607486829585626, "epochs": 122.8317246922784, "hidden_channels": 6.572180977723028, "learning_rate": 0.07652003082168476, "optimizer": 0.7138425384810432, "pooling_algorithm": 0.8651922905600375}, "datetime": {"datetime": "2023-11-30 12:03:42", "elapsed": 295.551839, "delta": 8.867764}}
{"target": 0.5, "params": {"activation_function": 1.5577700423611172, "amount_of_layers": 5.316578553882315, "batch_size": 60.897603397851576, "dropout_rate": 0.48817215188584623, "epochs": 134.4329357789378, "hidden_channels": 111.9248336607341, "learning_rate": 0.08087455784674397, "optimizer": 0.515504150077126, "pooling_algorithm": 0.8330392348655805}, "datetime": {"datetime": "2023-11-30 12:03:51", "elapsed": 304.264886, "delta": 8.713047}}
{"target": 0.9071428571428571, "params": {"activation_function": 1.685004474463557, "amount_of_layers": 8.63653696151751, "batch_size": 42.86529123647965, "dropout_rate": 0.39752322385923783, "epochs": 10.600380690004359, "hidden_channels": 94.6200900676467, "learning_rate": 0.013297733732957721, "optimizer": 1.4066816782169014, "pooling_algorithm": 0.5787758128280683}, "datetime": {"datetime": "2023-11-30 12:03:52", "elapsed": 305.313087, "delta": 1.048201}}
{"target": 0.2607142857142857, "params": {"activation_function": 1.0577414984808122, "amount_of_layers": 7.1276040430352845, "batch_size": 55.36732956215852, "dropout_rate": 0.4682316329317722, "epochs": 138.52290550355877, "hidden_channels": 79.36535859966082, "learning_rate": 0.02981288831434558, "optimizer": 0.9415193557782426, "pooling_algorithm": 0.10235837597170294}, "datetime": {"datetime": "2023-11-30 12:03:59", "elapsed": 312.216794, "delta": 6.903707}}
{"target": 0.9071428571428573, "params": {"activation_function": 0.7704382451986194, "amount_of_layers": 2.5534634379188867, "batch_size": 39.54005410101413, "dropout_rate": 0.4999072353001646, "epochs": 166.11623878227692, "hidden_channels": 46.45290916336409, "learning_rate": 0.023898222118378182, "optimizer": 0.043508880470181976, "pooling_algorithm": 0.8416879827880084}, "datetime": {"datetime": "2023-11-30 12:04:04", "elapsed": 316.979509, "delta": 4.762715}}
{"target": 0.2607142857142857, "params": {"activation_function": 1.2676805321907627, "amount_of_layers": 3.7571047758455602, "batch_size": 116.11995328288164, "dropout_rate": 0.690262525908601, "epochs": 125.40822825053482, "hidden_channels": 89.82434783431843, "learning_rate": 0.0076474680172092, "optimizer": 1.5235189883218652, "pooling_algorithm": 0.3863033168738689}, "datetime": {"datetime": "2023-11-30 12:04:08", "elapsed": 321.531731, "delta": 4.552222}}
{"target": 0.9035714285714287, "params": {"activation_function": 1.329524982527037, "amount_of_layers": 7.465010702559974, "batch_size": 131.12617236223727, "dropout_rate": 0.40253394038419127, "epochs": 41.44660757079723, "hidden_channels": 27.53265646311097, "learning_rate": 0.02600463550918904, "optimizer": 0.002276010232225678, "pooling_algorithm": 0.8406271235712404}, "datetime": {"datetime": "2023-11-30 12:04:10", "elapsed": 322.887491, "delta": 1.35576}}
{"target": 0.5, "params": {"activation_function": 0.3664663344638843, "amount_of_layers": 5.700294014445548, "batch_size": 62.79406985169242, "dropout_rate": 0.7051384597948607, "epochs": 195.79724274231185, "hidden_channels": 84.18691628136659, "learning_rate": 0.0776430356539424, "optimizer": 1.6006901778921887, "pooling_algorithm": 0.695135599673803}, "datetime": {"datetime": "2023-11-30 12:04:18", "elapsed": 331.530407, "delta": 8.642916}}
{"target": 0.8857142857142857, "params": {"activation_function": 1.3082784394829172, "amount_of_layers": 4.789958423404491, "batch_size": 66.4889366672181, "dropout_rate": 0.26901300739128925, "epochs": 160.25639654739027, "hidden_channels": 81.10193023435065, "learning_rate": 0.004835334186427809, "optimizer": 1.5091383664617728, "pooling_algorithm": 0.9622616615923001}, "datetime": {"datetime": "2023-11-30 12:04:25", "elapsed": 338.070594, "delta": 6.540187}}
{"target": 0.425, "params": {"activation_function": 1.6827517426093317, "amount_of_layers": 8.167955412005902, "batch_size": 16.690966706711947, "dropout_rate": 0.6422315542963029, "epochs": 148.09564776369857, "hidden_channels": 29.218903577064182, "learning_rate": 0.04779848299461686, "optimizer": 0.1490112312508125, "pooling_algorithm": 0.25874931023492675}, "datetime": {"datetime": "2023-11-30 12:04:36", "elapsed": 349.362288, "delta": 11.291694}}
{"target": 0.5, "params": {"activation_function": 0.21197394908333167, "amount_of_layers": 4.601881040035164, "batch_size": 147.1292808986718, "dropout_rate": 0.632193397000315, "epochs": 103.6732184640567, "hidden_channels": 79.05277801905497, "learning_rate": 0.0362428624581353, "optimizer": 1.417151864180765, "pooling_algorithm": 0.3685539978887209}, "datetime": {"datetime": "2023-11-30 12:04:41", "elapsed": 353.718304, "delta": 4.356016}}
{"target": 0.3392857142857143, "params": {"activation_function": 1.4283549797685495, "amount_of_layers": 2.8474615493671873, "batch_size": 80.68264735292388, "dropout_rate": 0.6053397745722315, "epochs": 34.68630166727591, "hidden_channels": 40.27882184726386, "learning_rate": 0.06413399895364737, "optimizer": 1.302699092249775, "pooling_algorithm": 0.3075364471218618}, "datetime": {"datetime": "2023-11-30 12:04:42", "elapsed": 354.6825, "delta": 0.964196}}
{"target": 0.26428571428571435, "params": {"activation_function": 1.6851269998067266, "amount_of_layers": 7.3869818540536825, "batch_size": 108.74881831584756, "dropout_rate": 0.7219653660285994, "epochs": 10.179629115370465, "hidden_channels": 13.429251805870383, "learning_rate": 0.0715919473291057, "optimizer": 0.8323678272516979, "pooling_algorithm": 0.03975442834954457}, "datetime": {"datetime": "2023-11-30 12:04:42", "elapsed": 355.196672, "delta": 0.514172}}
{"target": 0.5, "params": {"activation_function": 0.2230781151703518, "amount_of_layers": 5.417971659626191, "batch_size": 19.706158311155264, "dropout_rate": 0.410624497872976, "epochs": 96.18673132198782, "hidden_channels": 86.65489641852432, "learning_rate": 0.06411753931936785, "optimizer": 0.7214796446981209, "pooling_algorithm": 0.9506334604757408}, "datetime": {"datetime": "2023-11-30 12:04:49", "elapsed": 362.101333, "delta": 6.904661}}
{"target": 0.7392857142857143, "params": {"activation_function": 0.6277866985373903, "amount_of_layers": 6.397554577989064, "batch_size": 109.98717338523964, "dropout_rate": 0.6340032604117711, "epochs": 154.58400652424368, "hidden_channels": 38.87398641630985, "learning_rate": 0.005433694449095453, "optimizer": 0.4631201648192331, "pooling_algorithm": 0.01634007532916182}, "datetime": {"datetime": "2023-11-30 12:04:54", "elapsed": 366.80952, "delta": 4.708187}}
{"target": 0.8642857142857142, "params": {"activation_function": 1.3905651873870588, "amount_of_layers": 7.24429308148863, "batch_size": 33.90716146793412, "dropout_rate": 0.46003174893082516, "epochs": 23.615920265486665, "hidden_channels": 77.20393571960157, "learning_rate": 0.0010034734717183635, "optimizer": 0.1237991067647084, "pooling_algorithm": 0.9561929959261559}, "datetime": {"datetime": "2023-11-30 12:04:55", "elapsed": 368.441506, "delta": 1.631986}}
{"target": 0.5, "params": {"activation_function": 1.9743984073540368, "amount_of_layers": 3.793155140288521, "batch_size": 73.31620978911533, "dropout_rate": 0.5263336694577638, "epochs": 149.08346819462835, "hidden_channels": 47.40559381601565, "learning_rate": 0.037988582192705886, "optimizer": 0.8812749284001553, "pooling_algorithm": 0.6628440980271846}, "datetime": {"datetime": "2023-11-30 12:05:02", "elapsed": 374.901194, "delta": 6.459688}}
{"target": 0.9285714285714286, "params": {"activation_function": 1.617667347000644, "amount_of_layers": 4.049060181730966, "batch_size": 90.15759943382312, "dropout_rate": 0.5795505362946325, "epochs": 20.433791776478976, "hidden_channels": 115.62643124189285, "learning_rate": 0.06265010638716295, "optimizer": 0.07792036223772492, "pooling_algorithm": 0.9176990620267992}, "datetime": {"datetime": "2023-11-30 12:05:03", "elapsed": 375.883573, "delta": 0.982379}}
{"target": 0.5357142857142857, "params": {"activation_function": 1.9130351566068868, "amount_of_layers": 3.6668831044481767, "batch_size": 17.86674667277676, "dropout_rate": 0.6857788234767022, "epochs": 170.4691611354446, "hidden_channels": 116.31733239127117, "learning_rate": 0.01738878654878511, "optimizer": 1.8987356401506545, "pooling_algorithm": 0.5679845544476597}, "datetime": {"datetime": "2023-11-30 12:05:26", "elapsed": 399.082752, "delta": 23.199179}}
{"target": 0.7357142857142858, "params": {"activation_function": 1.5642244361626991, "amount_of_layers": 3.8698253910372227, "batch_size": 46.68612038071437, "dropout_rate": 0.4025366426787489, "epochs": 160.1297933450815, "hidden_channels": 12.335296168457567, "learning_rate": 0.056698343002882595, "optimizer": 1.7982534198697893, "pooling_algorithm": 0.13420271044683285}, "datetime": {"datetime": "2023-11-30 12:05:31", "elapsed": 404.13557, "delta": 5.052818}}
{"target": 0.8, "params": {"activation_function": 0.19694446912110886, "amount_of_layers": 6.087523608611857, "batch_size": 47.96878884631295, "dropout_rate": 0.3368573637949695, "epochs": 82.32607961851969, "hidden_channels": 111.71677646272809, "learning_rate": 0.04876929018464693, "optimizer": 0.47580668592123154, "pooling_algorithm": 0.4037847256920377}, "datetime": {"datetime": "2023-11-30 12:05:36", "elapsed": 408.729991, "delta": 4.594421}}
{"target": 0.5, "params": {"activation_function": 0.15949782092703435, "amount_of_layers": 1.315096887054632, "batch_size": 59.36889772505356, "dropout_rate": 0.6610445953147543, "epochs": 13.026464877948209, "hidden_channels": 108.75681007682886, "learning_rate": 0.05832359907260736, "optimizer": 1.7536140833910772, "pooling_algorithm": 0.008082689711379154}, "datetime": {"datetime": "2023-11-30 12:05:36", "elapsed": 409.272127, "delta": 0.542136}}
{"target": 0.9035714285714286, "params": {"activation_function": 0.033182876229688185, "amount_of_layers": 4.226626025635617, "batch_size": 147.31659342984562, "dropout_rate": 0.3610294182671155, "epochs": 185.7222205642504, "hidden_channels": 58.08786704359796, "learning_rate": 0.0616852634671809, "optimizer": 0.2265651904756465, "pooling_algorithm": 0.9317362906124096}, "datetime": {"datetime": "2023-11-30 12:05:41", "elapsed": 414.622707, "delta": 5.35058}}
{"target": 0.26249999999999996, "params": {"activation_function": 1.3931743741846903, "amount_of_layers": 4.885020677758822, "batch_size": 99.97448592280715, "dropout_rate": 0.4961633282366497, "epochs": 118.23789683854201, "hidden_channels": 110.1535471488432, "learning_rate": 0.0712713529278977, "optimizer": 1.3102477579533873, "pooling_algorithm": 0.052427815249528775}, "datetime": {"datetime": "2023-11-30 12:05:49", "elapsed": 421.811617, "delta": 7.18891}}
{"target": 0.5, "params": {"activation_function": 1.1557646996153346, "amount_of_layers": 7.6674288414839795, "batch_size": 86.77116902215172, "dropout_rate": 0.2797065292994461, "epochs": 134.59701206428474, "hidden_channels": 68.06047618197326, "learning_rate": 0.062332433100911654, "optimizer": 1.2137282335134745, "pooling_algorithm": 0.638309719318271}, "datetime": {"datetime": "2023-11-30 12:05:55", "elapsed": 428.340492, "delta": 6.528875}}
{"target": 0.8821428571428571, "params": {"activation_function": 0.07480642573622465, "amount_of_layers": 2.000780444922972, "batch_size": 144.9188456315015, "dropout_rate": 0.7282850846073468, "epochs": 66.85198403191211, "hidden_channels": 74.39164197698533, "learning_rate": 0.021106708396814867, "optimizer": 0.5332419042825576, "pooling_algorithm": 0.8853582953096591}, "datetime": {"datetime": "2023-11-30 12:05:57", "elapsed": 430.261252, "delta": 1.92076}}
{"target": 0.9053571428571429, "params": {"activation_function": 0.5997509112126105, "amount_of_layers": 6.072848107780188, "batch_size": 20.11173756518137, "dropout_rate": 0.43151232589708677, "epochs": 44.70615503709071, "hidden_channels": 8.236637344288352, "learning_rate": 0.035944257650525016, "optimizer": 1.176719288289577, "pooling_algorithm": 0.8902147693371283}, "datetime": {"datetime": "2023-11-30 12:06:00", "elapsed": 433.082838, "delta": 2.821586}}
{"target": 0.3964285714285714, "params": {"activation_function": 0.4377027879088007, "amount_of_layers": 1.3637477399459144, "batch_size": 94.34313841069049, "dropout_rate": 0.2575039042118219, "epochs": 26.8240810025664, "hidden_channels": 124.72273499965118, "learning_rate": 0.07066583253849779, "optimizer": 0.8954426497867118, "pooling_algorithm": 0.38609713041700033}, "datetime": {"datetime": "2023-11-30 12:06:01", "elapsed": 433.829441, "delta": 0.746603}}
{"target": 0.5, "params": {"activation_function": 0.7080259094861385, "amount_of_layers": 4.531598350151173, "batch_size": 122.36283148832209, "dropout_rate": 0.4646182442513739, "epochs": 83.84579761462153, "hidden_channels": 97.4215835816753, "learning_rate": 0.06655223268967608, "optimizer": 1.629067258970852, "pooling_algorithm": 0.995972303640395}, "datetime": {"datetime": "2023-11-30 12:06:05", "elapsed": 437.932068, "delta": 4.102627}}
