{"target": 0.3214285714285714, "params": {"activation_function": 0.18651495910511606, "amount_of_layers": 6.6737202665369, "batch_size": 85.98128737910814, "dropout_rate": 0.5413662556322183, "epochs": 125.21672668222114, "hidden_channels": 99.24139315348843, "learning_rate": 0.04225306815832883, "optimizer": 1.3456574987168375, "pooling_algorithm": 0.07845846590173589}, "datetime": {"datetime": "2023-11-30 09:47:10", "elapsed": 0.0, "delta": 0.0}}
{"target": 0.5, "params": {"activation_function": 0.9812540323431076, "amount_of_layers": 4.4338493265582875, "batch_size": 38.51246934203666, "dropout_rate": 0.7442526283530696, "epochs": 57.53726684803573, "hidden_channels": 56.11640101530159, "learning_rate": 0.07974794870555145, "optimizer": 1.355335096269069, "pooling_algorithm": 0.6694903111769235}, "datetime": {"datetime": "2023-11-30 09:47:12", "elapsed": 2.085998, "delta": 2.085998}}
{"target": 0.18928571428571428, "params": {"activation_function": 1.541829572999986, "amount_of_layers": 8.944932883426521, "batch_size": 97.73298130739151, "dropout_rate": 0.6916057854502404, "epochs": 133.63854617336875, "hidden_channels": 47.00521467805741, "learning_rate": 0.07294585351435806, "optimizer": 1.017101988549988, "pooling_algorithm": 0.5180547498759321}, "datetime": {"datetime": "2023-11-30 09:47:16", "elapsed": 6.54088, "delta": 4.454882}}
{"target": 0.8250000000000001, "params": {"activation_function": 1.716970431019484, "amount_of_layers": 8.860992754352303, "batch_size": 86.32406192352535, "dropout_rate": 0.38458653057327974, "epochs": 179.8684457178323, "hidden_channels": 59.26344051245515, "learning_rate": 0.09893308883363328, "optimizer": 0.22486919223666457, "pooling_algorithm": 0.3780454577124386}, "datetime": {"datetime": "2023-11-30 09:47:22", "elapsed": 12.470655, "delta": 5.929775}}
{"target": 0.5, "params": {"activation_function": 0.8917618892709938, "amount_of_layers": 5.113498957710154, "batch_size": 148.09352633192603, "dropout_rate": 0.6141875068403113, "epochs": 180.36987976512725, "hidden_channels": 26.198299285813388, "learning_rate": 0.07665748678422224, "optimizer": 0.8433766552203046, "pooling_algorithm": 0.9013479850762297}, "datetime": {"datetime": "2023-11-30 09:47:26", "elapsed": 16.160547, "delta": 3.689892}}
{"target": 0.45, "params": {"activation_function": 1.92738049087342, "amount_of_layers": 8.13767211494951, "batch_size": 32.89089604982591, "dropout_rate": 0.38061253967371395, "epochs": 161.76553998827802, "hidden_channels": 80.41372218905839, "learning_rate": 0.03731974269887709, "optimizer": 0.5371570760788957, "pooling_algorithm": 0.7301993713256792}, "datetime": {"datetime": "2023-11-30 09:47:36", "elapsed": 25.786566, "delta": 9.626019}}
{"target": 0.825, "params": {"activation_function": 0.1696318987728498, "amount_of_layers": 1.9749255881809118, "batch_size": 44.470589968240844, "dropout_rate": 0.28376219732546465, "epochs": 29.850615260185403, "hidden_channels": 30.168004172429214, "learning_rate": 0.04205582918926754, "optimizer": 1.3283763242945235, "pooling_algorithm": 0.8250310262522865}, "datetime": {"datetime": "2023-11-30 09:47:36", "elapsed": 26.509789, "delta": 0.723223}}
{"target": 0.5, "params": {"activation_function": 1.5598035455219605, "amount_of_layers": 7.082824838121099, "batch_size": 108.97078587950708, "dropout_rate": 0.41298001896808534, "epochs": 133.65224069366815, "hidden_channels": 36.18505465481803, "learning_rate": 0.08797432155876427, "optimizer": 0.5401336349096459, "pooling_algorithm": 0.5799960127324292}, "datetime": {"datetime": "2023-11-30 09:47:40", "elapsed": 30.079543, "delta": 3.569754}}
{"target": 0.25357142857142856, "params": {"activation_function": 1.6541380573247786, "amount_of_layers": 3.432218753594097, "batch_size": 56.48694509175751, "dropout_rate": 0.34456365124730426, "epochs": 42.28549535243269, "hidden_channels": 23.980336526869046, "learning_rate": 0.08686416014923128, "optimizer": 1.0318771491534147, "pooling_algorithm": 0.7195030627961062}, "datetime": {"datetime": "2023-11-30 09:47:41", "elapsed": 30.990941, "delta": 0.911398}}
{"target": 0.9071428571428571, "params": {"activation_function": 1.8483913204661249, "amount_of_layers": 2.2141003996801514, "batch_size": 63.923439338728066, "dropout_rate": 0.5679157042332303, "epochs": 170.05550902974474, "hidden_channels": 26.40935164165595, "learning_rate": 0.017814945680850756, "optimizer": 0.3322591128600909, "pooling_algorithm": 0.619127673206667}, "datetime": {"datetime": "2023-11-30 09:47:44", "elapsed": 34.082903, "delta": 3.091962}}
{"target": 0.5, "params": {"activation_function": 1.7713187952740441, "amount_of_layers": 5.1741873391739155, "batch_size": 107.31022488336176, "dropout_rate": 0.49635119536763456, "epochs": 196.76424913852085, "hidden_channels": 95.77188208763185, "learning_rate": 0.02005556201164008, "optimizer": 0.7275039631688742, "pooling_algorithm": 0.8519407246193933}, "datetime": {"datetime": "2023-11-30 09:47:50", "elapsed": 40.077922, "delta": 5.995019}}
{"target": 0.2589285714285714, "params": {"activation_function": 1.2932545527407995, "amount_of_layers": 8.37366872998071, "batch_size": 130.8696162460381, "dropout_rate": 0.46215640780714656, "epochs": 134.57860159797872, "hidden_channels": 52.49791084080707, "learning_rate": 0.05134476245402254, "optimizer": 0.8749596518960665, "pooling_algorithm": 0.3682223201769651}, "datetime": {"datetime": "2023-11-30 09:47:54", "elapsed": 44.423319, "delta": 4.345397}}
{"target": 0.32499999999999996, "params": {"activation_function": 1.6638114548363956, "amount_of_layers": 8.445380338975552, "batch_size": 17.97878976649939, "dropout_rate": 0.5861114208906288, "epochs": 145.59562905459717, "hidden_channels": 63.95889934901136, "learning_rate": 0.013179770830253554, "optimizer": 1.8199678582308554, "pooling_algorithm": 0.7062946266585188}, "datetime": {"datetime": "2023-11-30 09:48:05", "elapsed": 55.171144, "delta": 10.747825}}
{"target": 0.9071428571428571, "params": {"activation_function": 0.3251511428683207, "amount_of_layers": 7.961647835300291, "batch_size": 138.658049691214, "dropout_rate": 0.6008650758494719, "epochs": 110.73230563404394, "hidden_channels": 8.82714094179137, "learning_rate": 0.021458947124451466, "optimizer": 0.6220536655718734, "pooling_algorithm": 0.5084365490909261}, "datetime": {"datetime": "2023-11-30 09:48:08", "elapsed": 57.969084, "delta": 2.79794}}
{"target": 0.26071428571428573, "params": {"activation_function": 1.8356441400053085, "amount_of_layers": 2.2379661188733637, "batch_size": 147.97076290964498, "dropout_rate": 0.5896811795265068, "epochs": 87.90811847820682, "hidden_channels": 15.929616484486717, "learning_rate": 0.09488100199226739, "optimizer": 0.6243628873512321, "pooling_algorithm": 0.48571957209373184}, "datetime": {"datetime": "2023-11-30 09:48:09", "elapsed": 59.225779, "delta": 1.256695}}
{"target": 0.5, "params": {"activation_function": 0.14417792022994114, "amount_of_layers": 5.690684197916835, "batch_size": 82.8285338528917, "dropout_rate": 0.7220463411213336, "epochs": 25.18024946584925, "hidden_channels": 82.4782375469595, "learning_rate": 0.04660157381283074, "optimizer": 1.7760462128710508, "pooling_algorithm": 0.7513819195471642}, "datetime": {"datetime": "2023-11-30 09:48:10", "elapsed": 60.051826, "delta": 0.826047}}
{"target": 0.8089285714285714, "params": {"activation_function": 0.830763216389123, "amount_of_layers": 1.0041241527100926, "batch_size": 95.93706494776778, "dropout_rate": 0.623498496372769, "epochs": 97.66437134105675, "hidden_channels": 76.44512789843714, "learning_rate": 0.024326212556144443, "optimizer": 1.6106227047694464, "pooling_algorithm": 0.17077269682743612}, "datetime": {"datetime": "2023-11-30 09:48:11", "elapsed": 61.514454, "delta": 1.462628}}
{"target": 0.7392857142857143, "params": {"activation_function": 0.5248868237367734, "amount_of_layers": 5.050310144600172, "batch_size": 143.6514930829854, "dropout_rate": 0.3743903732160622, "epochs": 91.6437207321982, "hidden_channels": 27.483920007664995, "learning_rate": 0.07468885136667103, "optimizer": 0.9676000947031738, "pooling_algorithm": 0.13909484675553507}, "datetime": {"datetime": "2023-11-30 09:48:13", "elapsed": 63.415715, "delta": 1.901261}}
{"target": 0.6357142857142857, "params": {"activation_function": 0.6150118638637174, "amount_of_layers": 8.385625348027965, "batch_size": 77.07575988386152, "dropout_rate": 0.5515908004162707, "epochs": 103.30408662502516, "hidden_channels": 118.13273076395969, "learning_rate": 0.07186680087892779, "optimizer": 0.7547254699588628, "pooling_algorithm": 0.8435737921369842}, "datetime": {"datetime": "2023-11-30 09:48:19", "elapsed": 68.99213, "delta": 5.576415}}
{"target": 0.5, "params": {"activation_function": 0.8746416781249962, "amount_of_layers": 7.071667362601855, "batch_size": 96.39433353115513, "dropout_rate": 0.47065436898805524, "epochs": 59.42589700273978, "hidden_channels": 14.00327570376483, "learning_rate": 0.05883414232281811, "optimizer": 1.7125894753293727, "pooling_algorithm": 0.9147060146133378}, "datetime": {"datetime": "2023-11-30 09:48:20", "elapsed": 70.547281, "delta": 1.555151}}
{"target": 0.7392857142857143, "params": {"activation_function": 0.8881683670458997, "amount_of_layers": 7.252709098483455, "batch_size": 135.23120378959905, "dropout_rate": 0.5582965666137263, "epochs": 178.288554046995, "hidden_channels": 117.58814519866725, "learning_rate": 0.0030210404221993363, "optimizer": 0.12975616354916863, "pooling_algorithm": 0.0902746476379126}, "datetime": {"datetime": "2023-11-30 09:48:29", "elapsed": 78.909367, "delta": 8.362086}}
{"target": 0.5, "params": {"activation_function": 1.8177605057727735, "amount_of_layers": 3.332023306193557, "batch_size": 73.59352524964241, "dropout_rate": 0.48988735897691404, "epochs": 142.90474413194966, "hidden_channels": 55.56194097108633, "learning_rate": 0.05177865797648631, "optimizer": 1.3047004611528839, "pooling_algorithm": 0.5592700625456447}, "datetime": {"datetime": "2023-11-30 09:48:32", "elapsed": 82.081494, "delta": 3.172127}}
{"target": 0.8053571428571429, "params": {"activation_function": 0.44117033686349316, "amount_of_layers": 1.243243620579885, "batch_size": 147.42016049339924, "dropout_rate": 0.2550459127010516, "epochs": 175.88339906109192, "hidden_channels": 42.54675115007433, "learning_rate": 0.0737855536264483, "optimizer": 0.44916684905731086, "pooling_algorithm": 0.21309161594764126}, "datetime": {"datetime": "2023-11-30 09:48:34", "elapsed": 84.287765, "delta": 2.206271}}
{"target": 0.5, "params": {"activation_function": 0.6089192505261951, "amount_of_layers": 3.384040985624856, "batch_size": 54.79044400873364, "dropout_rate": 0.733633678209143, "epochs": 140.88380029636122, "hidden_channels": 66.64241544158618, "learning_rate": 0.09981602839471143, "optimizer": 1.431739543778534, "pooling_algorithm": 0.5242355803410763}, "datetime": {"datetime": "2023-11-30 09:48:38", "elapsed": 88.091933, "delta": 3.804168}}
{"target": 0.9071428571428571, "params": {"activation_function": 0.4419112789427837, "amount_of_layers": 4.93401156799982, "batch_size": 125.60155695640795, "dropout_rate": 0.5702428679299967, "epochs": 111.48627592499138, "hidden_channels": 60.73161087769827, "learning_rate": 0.02301198624094761, "optimizer": 0.23948499799846168, "pooling_algorithm": 0.5033920682008874}, "datetime": {"datetime": "2023-11-30 09:48:41", "elapsed": 90.915956, "delta": 2.824023}}
{"target": 0.8, "params": {"activation_function": 0.9968175575016738, "amount_of_layers": 1.4198812584361251, "batch_size": 99.119311073142, "dropout_rate": 0.27892427814521337, "epochs": 134.91550448304616, "hidden_channels": 37.986271483290096, "learning_rate": 0.09152187469343691, "optimizer": 0.25342191820242754, "pooling_algorithm": 0.3447632361639251}, "datetime": {"datetime": "2023-11-30 09:48:43", "elapsed": 93.153513, "delta": 2.237557}}
{"target": 0.25357142857142856, "params": {"activation_function": 1.9866580651109438, "amount_of_layers": 3.8065342181826933, "batch_size": 78.23087184964899, "dropout_rate": 0.6842673990574168, "epochs": 86.29678925426127, "hidden_channels": 8.357820574138717, "learning_rate": 0.04836036244803714, "optimizer": 0.41192820259768115, "pooling_algorithm": 0.37829039838793}, "datetime": {"datetime": "2023-11-30 09:48:45", "elapsed": 94.815754, "delta": 1.662241}}
{"target": 0.5, "params": {"activation_function": 1.6807300741477333, "amount_of_layers": 1.0005249026983423, "batch_size": 64.37305431958715, "dropout_rate": 0.5674803696970896, "epochs": 170.23828932232905, "hidden_channels": 27.497295360777176, "learning_rate": 0.07529620794137738, "optimizer": 1.0727448989577202, "pooling_algorithm": 0.5305215041831413}, "datetime": {"datetime": "2023-11-30 09:48:48", "elapsed": 97.728083, "delta": 2.912329}}
{"target": 0.9035714285714286, "params": {"activation_function": 0.8197350497053293, "amount_of_layers": 4.100496877066363, "batch_size": 47.05624776744424, "dropout_rate": 0.6092311373234756, "epochs": 27.323842668024902, "hidden_channels": 103.40136759209037, "learning_rate": 0.08606533995347086, "optimizer": 0.48065965895027896, "pooling_algorithm": 0.7623521846747412}, "datetime": {"datetime": "2023-11-30 09:48:49", "elapsed": 98.806407, "delta": 1.078324}}
{"target": 0.5, "params": {"activation_function": 1.418712492501592, "amount_of_layers": 1.3764191858501382, "batch_size": 77.16055171595812, "dropout_rate": 0.4246054434972242, "epochs": 90.5895148596857, "hidden_channels": 29.35700110322874, "learning_rate": 0.055858666102657085, "optimizer": 1.1661044268178158, "pooling_algorithm": 0.9247330865582576}, "datetime": {"datetime": "2023-11-30 09:48:50", "elapsed": 100.086268, "delta": 1.279861}}
{"target": 0.5, "params": {"activation_function": 0.988796152936303, "amount_of_layers": 5.705064952976877, "batch_size": 29.413243554151038, "dropout_rate": 0.6532426381602293, "epochs": 70.25625043391582, "hidden_channels": 104.05706424907287, "learning_rate": 0.08845885056516758, "optimizer": 1.2876579872011205, "pooling_algorithm": 0.597408150366119}, "datetime": {"datetime": "2023-11-30 09:48:55", "elapsed": 104.76273, "delta": 4.676462}}
{"target": 0.8053571428571429, "params": {"activation_function": 1.0784685154935252, "amount_of_layers": 1.031262705236144, "batch_size": 35.58714804004421, "dropout_rate": 0.34741965655171586, "epochs": 31.1190807260465, "hidden_channels": 20.194343085897238, "learning_rate": 0.04936910623980794, "optimizer": 0.3890406231755694, "pooling_algorithm": 0.002658000980311326}, "datetime": {"datetime": "2023-11-30 09:48:55", "elapsed": 105.458385, "delta": 0.695655}}
{"target": 0.5, "params": {"activation_function": 1.0764712466121773, "amount_of_layers": 3.572993638715081, "batch_size": 110.18007776260472, "dropout_rate": 0.49555553209051145, "epochs": 43.895023512718204, "hidden_channels": 52.94653153076804, "learning_rate": 0.04696144881533652, "optimizer": 1.5527334626615723, "pooling_algorithm": 0.6369178091869176}, "datetime": {"datetime": "2023-11-30 09:48:56", "elapsed": 106.51435, "delta": 1.055965}}
{"target": 0.39285714285714285, "params": {"activation_function": 1.8065717360863165, "amount_of_layers": 3.6346682571092046, "batch_size": 135.9445937982165, "dropout_rate": 0.6164034294772721, "epochs": 49.88266183191826, "hidden_channels": 35.19550326190263, "learning_rate": 0.027742275091839335, "optimizer": 0.7368384308168565, "pooling_algorithm": 0.8224093640650809}, "datetime": {"datetime": "2023-11-30 09:48:57", "elapsed": 107.565141, "delta": 1.050791}}
{"target": 0.2446428571428571, "params": {"activation_function": 1.906614087837107, "amount_of_layers": 3.3049442653709207, "batch_size": 22.4776155433575, "dropout_rate": 0.3345820187377552, "epochs": 199.5814596035885, "hidden_channels": 69.76232537083672, "learning_rate": 0.03192233630421186, "optimizer": 0.6728519499355547, "pooling_algorithm": 0.2673343606966999}, "datetime": {"datetime": "2023-11-30 09:49:06", "elapsed": 116.151837, "delta": 8.586696}}
{"target": 0.7857142857142857, "params": {"activation_function": 1.8257448051259693, "amount_of_layers": 2.762936215704686, "batch_size": 94.28255171763622, "dropout_rate": 0.29166805449583316, "epochs": 123.61489459928687, "hidden_channels": 27.427312981336833, "learning_rate": 0.017802250138137816, "optimizer": 1.206973249921499, "pooling_algorithm": 0.3959764000666849}, "datetime": {"datetime": "2023-11-30 09:49:08", "elapsed": 118.511401, "delta": 2.359564}}
{"target": 0.8214285714285715, "params": {"activation_function": 1.8266832827253108, "amount_of_layers": 1.9576837972958918, "batch_size": 48.22724795396232, "dropout_rate": 0.37332703727580296, "epochs": 47.93578376041858, "hidden_channels": 62.2029085962807, "learning_rate": 0.0021818582975007585, "optimizer": 0.86569743178663, "pooling_algorithm": 0.0253895008737699}, "datetime": {"datetime": "2023-11-30 09:49:10", "elapsed": 119.757158, "delta": 1.245757}}
{"target": 0.2571428571428571, "params": {"activation_function": 0.0934859930412284, "amount_of_layers": 6.495055178377991, "batch_size": 31.40283153902157, "dropout_rate": 0.310747917277039, "epochs": 120.83957259822502, "hidden_channels": 45.11396684819063, "learning_rate": 0.0377263346203913, "optimizer": 1.4584814977692717, "pooling_algorithm": 0.4280284561701331}, "datetime": {"datetime": "2023-11-30 09:49:15", "elapsed": 125.488153, "delta": 5.730995}}
{"target": 0.8214285714285714, "params": {"activation_function": 0.09788881065387, "amount_of_layers": 2.1145100233099487, "batch_size": 136.87917025624358, "dropout_rate": 0.38196302547742206, "epochs": 186.23951631410537, "hidden_channels": 55.230110924709344, "learning_rate": 0.023945507962397732, "optimizer": 1.383986276518365, "pooling_algorithm": 0.4604815599387958}, "datetime": {"datetime": "2023-11-30 09:49:18", "elapsed": 128.561237, "delta": 3.073084}}
{"target": 0.7428571428571429, "params": {"activation_function": 0.9472182176488573, "amount_of_layers": 5.301472842434125, "batch_size": 106.18070647229008, "dropout_rate": 0.7059148338863245, "epochs": 183.7772717592865, "hidden_channels": 15.790157932054504, "learning_rate": 0.09385429047324988, "optimizer": 1.2014389163478936, "pooling_algorithm": 0.23917467559812888}, "datetime": {"datetime": "2023-11-30 09:49:22", "elapsed": 132.578803, "delta": 4.017566}}
{"target": 0.5, "params": {"activation_function": 1.4605228518344067, "amount_of_layers": 2.8215919332789836, "batch_size": 62.312055137127906, "dropout_rate": 0.3863291964768669, "epochs": 145.41799325851085, "hidden_channels": 118.0880532278527, "learning_rate": 0.07617323753914666, "optimizer": 1.9875963829998593, "pooling_algorithm": 0.7596697837181509}, "datetime": {"datetime": "2023-11-30 09:49:27", "elapsed": 137.313441, "delta": 4.734638}}
{"target": 0.3214285714285714, "params": {"activation_function": 0.5045252265363547, "amount_of_layers": 4.4044112356677685, "batch_size": 46.09971521047639, "dropout_rate": 0.37917321326715764, "epochs": 55.170531468832706, "hidden_channels": 100.79311451305527, "learning_rate": 0.04102698917957232, "optimizer": 1.8862747078508442, "pooling_algorithm": 0.8885345338886088}, "datetime": {"datetime": "2023-11-30 09:49:29", "elapsed": 139.577102, "delta": 2.263661}}
{"target": 0.5, "params": {"activation_function": 0.7577563735356321, "amount_of_layers": 6.958712318497102, "batch_size": 117.77535265635952, "dropout_rate": 0.632202136468527, "epochs": 70.99848096338049, "hidden_channels": 46.24245312722197, "learning_rate": 0.02388808145138239, "optimizer": 0.9430421659880528, "pooling_algorithm": 0.5891725253389644}, "datetime": {"datetime": "2023-11-30 09:49:32", "elapsed": 141.792646, "delta": 2.215544}}
{"target": 0.9142857142857144, "params": {"activation_function": 0.09107354701669301, "amount_of_layers": 4.68632966989119, "batch_size": 76.00011298888515, "dropout_rate": 0.44627115694770275, "epochs": 130.48693536948701, "hidden_channels": 66.54571112384167, "learning_rate": 0.0030358676798220054, "optimizer": 0.07906493413605764, "pooling_algorithm": 0.5033189423954205}, "datetime": {"datetime": "2023-11-30 09:49:35", "elapsed": 145.098775, "delta": 3.306129}}
{"target": 0.4696428571428572, "params": {"activation_function": 1.7809833145080407, "amount_of_layers": 3.098377285006003, "batch_size": 127.19114200542856, "dropout_rate": 0.47298550712878057, "epochs": 147.13153661498689, "hidden_channels": 54.51867780984063, "learning_rate": 0.018722437314494134, "optimizer": 0.9667142579857448, "pooling_algorithm": 0.5544524650042735}, "datetime": {"datetime": "2023-11-30 09:49:38", "elapsed": 148.070509, "delta": 2.971734}}
{"target": 0.5, "params": {"activation_function": 0.5044907667820575, "amount_of_layers": 1.0933521199381504, "batch_size": 123.658341537515, "dropout_rate": 0.34726055847212106, "epochs": 13.17454878671208, "hidden_channels": 116.41706942205965, "learning_rate": 0.09813603301087279, "optimizer": 1.7925545747872507, "pooling_algorithm": 0.3051666233656649}, "datetime": {"datetime": "2023-11-30 09:49:38", "elapsed": 148.387013, "delta": 0.316504}}
{"target": 0.5, "params": {"activation_function": 0.13798291423956033, "amount_of_layers": 4.6880551684370175, "batch_size": 71.97505996668013, "dropout_rate": 0.25685669037052594, "epochs": 121.80815399438688, "hidden_channels": 104.92237053337765, "learning_rate": 0.08578925448411474, "optimizer": 1.1347832840245333, "pooling_algorithm": 0.4622770943581297}, "datetime": {"datetime": "2023-11-30 09:49:43", "elapsed": 153.246121, "delta": 4.859108}}
