{"target": 0.9142857142857143, "params": {"activation_function": 0.17913922899857693, "amount_of_layers": 1.6264831353903748, "batch_size": 95.99081742955009, "dropout_rate": 0.4300283043224953, "epochs": 14.849569490061981, "hidden_channels": 128.0, "learning_rate": 0.01, "optimizer": 0.29959198920576724, "pooling_algorithm": 0.5109599960997199}, "datetime": {"datetime": "2023-11-29 09:27:55", "elapsed": 328.807299, "delta": 0.415101}}
{"target": 0.18928571428571428, "params": {"activation_function": 1.6089401672342503, "amount_of_layers": 6.030443668745727, "batch_size": 97.23671413560444, "dropout_rate": 0.5341613069360864, "epochs": 11.74725847747233, "hidden_channels": 128.0, "learning_rate": 0.01, "optimizer": 0.3788915032634388, "pooling_algorithm": 0.18593858395415597}, "datetime": {"datetime": "2023-11-29 09:27:56", "elapsed": 329.284999, "delta": 0.4777}}
{"target": 0.9178571428571428, "params": {"activation_function": 0.19649588640554527, "amount_of_layers": 3.7116026176076655, "batch_size": 96.31733023819416, "dropout_rate": 0.5298240318287275, "epochs": 14.903381639014444, "hidden_channels": 128.0, "learning_rate": 0.01, "optimizer": 0.7905389483690328, "pooling_algorithm": 0.787002827299624}, "datetime": {"datetime": "2023-11-29 09:27:56", "elapsed": 329.743183, "delta": 0.458184}}
{"target": 0.25357142857142856, "params": {"activation_function": 0.7084473583861906, "amount_of_layers": 2.908862308838093, "batch_size": 66.40085587498649, "dropout_rate": 0.7095043198851385, "epochs": 159.06370831509204, "hidden_channels": 128.0, "learning_rate": 0.01, "optimizer": 0.35754447127784883, "pooling_algorithm": 0.3945595618923078}, "datetime": {"datetime": "2023-11-29 09:28:01", "elapsed": 334.161011, "delta": 4.417828}}
{"target": 0.8964285714285715, "params": {"activation_function": 1.8113138994101696, "amount_of_layers": 7.076162365925422, "batch_size": 98.7634132523031, "dropout_rate": 0.6869628780315309, "epochs": 149.84351718655108, "hidden_channels": 128.0, "learning_rate": 0.01, "optimizer": 0.4109342680592569, "pooling_algorithm": 0.8939524034458489}, "datetime": {"datetime": "2023-11-29 09:28:05", "elapsed": 338.933876, "delta": 4.772865}}
{"target": 0.8142857142857143, "params": {"activation_function": 0.7322573951324411, "amount_of_layers": 1.764503262891548, "batch_size": 133.22899223948937, "dropout_rate": 0.48948313314258746, "epochs": 113.43162971666042, "hidden_channels": 128.0, "learning_rate": 0.01, "optimizer": 0.8953068952264709, "pooling_algorithm": 0.20499311057220693}, "datetime": {"datetime": "2023-11-29 09:28:08", "elapsed": 341.372738, "delta": 2.438862}}
{"target": 0.9107142857142857, "params": {"activation_function": 1.7200376598483131, "amount_of_layers": 4.9069130834524275, "batch_size": 103.83607417997021, "dropout_rate": 0.3008168676393667, "epochs": 135.9206890400935, "hidden_channels": 128.0, "learning_rate": 0.01, "optimizer": 0.28544795054187366, "pooling_algorithm": 0.9444958014348641}, "datetime": {"datetime": "2023-11-29 09:28:11", "elapsed": 344.849991, "delta": 3.477253}}
{"target": 0.9142857142857144, "params": {"activation_function": 0.07296579297233974, "amount_of_layers": 8.335256733698705, "batch_size": 17.401536087368363, "dropout_rate": 0.483682513235511, "epochs": 191.12248043875294, "hidden_channels": 128.0, "learning_rate": 0.01, "optimizer": 0.45158248418160407, "pooling_algorithm": 0.8234721644202586}, "datetime": {"datetime": "2023-11-29 09:28:36", "elapsed": 369.725253, "delta": 24.875262}}
{"target": 0.9, "params": {"activation_function": 1.1241349133827265, "amount_of_layers": 2.7972380893941473, "batch_size": 68.53394068352807, "dropout_rate": 0.6132296465187541, "epochs": 156.2907230734564, "hidden_channels": 128.0, "learning_rate": 0.01, "optimizer": 0.3455469660335979, "pooling_algorithm": 0.7697841528602972}, "datetime": {"datetime": "2023-11-29 09:28:41", "elapsed": 374.593992, "delta": 4.868739}}
{"target": 0.9178571428571429, "params": {"activation_function": 0.15799813516037142, "amount_of_layers": 4.262144702842468, "batch_size": 105.92928419890642, "dropout_rate": 0.32717047745053096, "epochs": 153.9497138708151, "hidden_channels": 128.0, "learning_rate": 0.01, "optimizer": 0.11243626798664708, "pooling_algorithm": 0.6158725142273765}, "datetime": {"datetime": "2023-11-29 09:28:45", "elapsed": 378.55075, "delta": 3.956758}}
{"target": 0.8964285714285714, "params": {"activation_function": 0.7771753274901125, "amount_of_layers": 8.174822086169293, "batch_size": 99.95417306557556, "dropout_rate": 0.6950430198813293, "epochs": 191.2123808672707, "hidden_channels": 128.0, "learning_rate": 0.01, "optimizer": 0.39181453170059655, "pooling_algorithm": 0.6445564640239878}, "datetime": {"datetime": "2023-11-29 09:28:53", "elapsed": 386.434019, "delta": 7.883269}}
{"target": 0.2607142857142857, "params": {"activation_function": 1.4525957038225934, "amount_of_layers": 3.4464591873545665, "batch_size": 68.77201983867658, "dropout_rate": 0.657136930702547, "epochs": 156.06118913655317, "hidden_channels": 128.0, "learning_rate": 0.01, "optimizer": 0.3854234114907855, "pooling_algorithm": 0.16757245432429424}, "datetime": {"datetime": "2023-11-29 09:28:58", "elapsed": 391.680998, "delta": 5.246979}}
{"target": 0.8160714285714286, "params": {"activation_function": 1.9694018301185783, "amount_of_layers": 1.1057689047743633, "batch_size": 47.403929418772705, "dropout_rate": 0.6518626309562923, "epochs": 101.9108623209683, "hidden_channels": 128.0, "learning_rate": 0.01, "optimizer": 1.6093273532029322, "pooling_algorithm": 0.3276169302332065}, "datetime": {"datetime": "2023-11-29 09:29:01", "elapsed": 394.632541, "delta": 2.951543}}
{"target": 0.8964285714285715, "params": {"activation_function": 0.9328142335717766, "amount_of_layers": 8.485302507209525, "batch_size": 66.89755256064868, "dropout_rate": 0.5489610522756104, "epochs": 94.29958172063053, "hidden_channels": 128.0, "learning_rate": 0.01, "optimizer": 0.3643855255493329, "pooling_algorithm": 0.7153508609670812}, "datetime": {"datetime": "2023-11-29 09:29:05", "elapsed": 399.013706, "delta": 4.381165}}
{"target": 0.2571428571428571, "params": {"activation_function": 1.2557704347287413, "amount_of_layers": 5.67943771578546, "batch_size": 144.59300232728535, "dropout_rate": 0.6039491398000632, "epochs": 92.46620082421911, "hidden_channels": 128.0, "learning_rate": 0.01, "optimizer": 1.6166097452566648, "pooling_algorithm": 0.344121652299073}, "datetime": {"datetime": "2023-11-29 09:29:08", "elapsed": 401.811373, "delta": 2.797667}}
{"target": 0.9107142857142857, "params": {"activation_function": 1.9985607243084997, "amount_of_layers": 1.795246317779812, "batch_size": 110.31456624786162, "dropout_rate": 0.6550811421496938, "epochs": 140.3211993095855, "hidden_channels": 128.0, "learning_rate": 0.01, "optimizer": 0.04879973516359226, "pooling_algorithm": 0.943949730577185}, "datetime": {"datetime": "2023-11-29 09:29:11", "elapsed": 404.653694, "delta": 2.842321}}
{"target": 0.5, "params": {"activation_function": 0.6832129615262315, "amount_of_layers": 2.353433078452017, "batch_size": 94.7772956580209, "dropout_rate": 0.432070934492961, "epochs": 61.93511555118546, "hidden_channels": 128.0, "learning_rate": 0.01, "optimizer": 0.5491030828079853, "pooling_algorithm": 0.8821274353952511}, "datetime": {"datetime": "2023-11-29 09:29:12", "elapsed": 406.033014, "delta": 1.37932}}
{"target": 0.8214285714285714, "params": {"activation_function": 1.5476746051719128, "amount_of_layers": 1.951804949423777, "batch_size": 56.21944998288391, "dropout_rate": 0.6128131321781622, "epochs": 148.6874957821275, "hidden_channels": 128.0, "learning_rate": 0.01, "optimizer": 0.9069863211992313, "pooling_algorithm": 0.5048500537335151}, "datetime": {"datetime": "2023-11-29 09:29:16", "elapsed": 409.92191, "delta": 3.888896}}
{"target": 0.925, "params": {"activation_function": 1.5128081500671562, "amount_of_layers": 4.780081964674422, "batch_size": 86.24793307053405, "dropout_rate": 0.2631974648591019, "epochs": 45.75515747637596, "hidden_channels": 128.0, "learning_rate": 0.01, "optimizer": 0.2355891045860603, "pooling_algorithm": 0.8345284490829186}, "datetime": {"datetime": "2023-11-29 09:29:18", "elapsed": 411.300214, "delta": 1.378304}}
