{"target": 0.26071428571428573, "params": {"activation_function": 0.9028222529629242, "amount_of_layers": 3.3946648859504522, "batch_size": 46.948867346567766, "dropout_rate": 0.6926517003801302, "epochs": 45.42428201471328, "hidden_channels": 119.5827056143063, "learning_rate": 0.0054948187976237, "optimizer": 1.519410888968225, "pooling_algorithm": 0.08780745394924905}, "datetime": {"datetime": "2023-11-30 11:34:04", "elapsed": 0.0, "delta": 0.0}}
{"target": 0.9107142857142858, "params": {"activation_function": 0.28149663853656604, "amount_of_layers": 6.406797289405401, "batch_size": 145.50585011701702, "dropout_rate": 0.6590323618638912, "epochs": 180.7386751255864, "hidden_channels": 96.53313612791958, "learning_rate": 0.07295770104554239, "optimizer": 0.3017855453959133, "pooling_algorithm": 0.7313703202119366}, "datetime": {"datetime": "2023-11-30 11:34:09", "elapsed": 4.517845, "delta": 4.517845}}
{"target": 0.5, "params": {"activation_function": 0.563507076112328, "amount_of_layers": 5.669952692902282, "batch_size": 19.670780431669545, "dropout_rate": 0.26515366929083045, "epochs": 14.153000913136122, "hidden_channels": 71.29604538267118, "learning_rate": 0.008675127344213322, "optimizer": 1.773482383898937, "pooling_algorithm": 0.9708449997753107}, "datetime": {"datetime": "2023-11-30 11:34:10", "elapsed": 5.785502, "delta": 1.267657}}
{"target": 0.09999999999999999, "params": {"activation_function": 1.6585885506193472, "amount_of_layers": 7.295364239379341, "batch_size": 113.87045126447532, "dropout_rate": 0.7416961586154328, "epochs": 106.69762943164574, "hidden_channels": 116.7310631212431, "learning_rate": 0.06025041310918143, "optimizer": 1.0932940179687396, "pooling_algorithm": 0.7527156700616946}, "datetime": {"datetime": "2023-11-30 11:34:13", "elapsed": 8.892147, "delta": 3.106645}}
{"target": 0.5714285714285714, "params": {"activation_function": 0.2034370050535128, "amount_of_layers": 1.2608153894578624, "batch_size": 116.85213152088366, "dropout_rate": 0.4321410487565591, "epochs": 21.220729192501558, "hidden_channels": 44.48337338682161, "learning_rate": 0.06983244171673827, "optimizer": 1.714610232674948, "pooling_algorithm": 0.07076880088598714}, "datetime": {"datetime": "2023-11-30 11:34:14", "elapsed": 9.279518, "delta": 0.387371}}
{"target": 0.5, "params": {"activation_function": 0.8679948156223964, "amount_of_layers": 6.5517795651793485, "batch_size": 125.22685301795127, "dropout_rate": 0.6756106984218686, "epochs": 43.86427471397381, "hidden_channels": 90.6729010559125, "learning_rate": 0.05052547891262645, "optimizer": 1.4573225183069332, "pooling_algorithm": 0.7162085940102361}, "datetime": {"datetime": "2023-11-30 11:34:15", "elapsed": 10.60996, "delta": 1.330442}}
{"target": 0.5, "params": {"activation_function": 0.3751109832863688, "amount_of_layers": 5.886908595162846, "batch_size": 119.0814739927515, "dropout_rate": 0.35673768555880614, "epochs": 196.8316428231952, "hidden_channels": 92.96704748663159, "learning_rate": 0.05606836834673131, "optimizer": 0.8614560996498182, "pooling_algorithm": 0.06980667388556694}, "datetime": {"datetime": "2023-11-30 11:34:20", "elapsed": 15.859143, "delta": 5.249183}}
{"target": 0.5, "params": {"activation_function": 1.3835674457245029, "amount_of_layers": 7.040074821934285, "batch_size": 122.81960666257325, "dropout_rate": 0.6273585437401192, "epochs": 102.98547790833535, "hidden_channels": 101.05224920077835, "learning_rate": 0.04215476881164691, "optimizer": 1.2117262974747125, "pooling_algorithm": 0.6619472367148423}, "datetime": {"datetime": "2023-11-30 11:34:23", "elapsed": 18.857995, "delta": 2.998852}}
{"target": 0.9035714285714285, "params": {"activation_function": 1.4577373482076563, "amount_of_layers": 2.163701739139981, "batch_size": 128.2870422160575, "dropout_rate": 0.49415374978799687, "epochs": 195.70081386741134, "hidden_channels": 55.78593457191941, "learning_rate": 0.08165132755784447, "optimizer": 0.20472583542830214, "pooling_algorithm": 0.9204425428872035}, "datetime": {"datetime": "2023-11-30 11:34:27", "elapsed": 22.207718, "delta": 3.349723}}
{"target": 0.5, "params": {"activation_function": 1.4173575758770638, "amount_of_layers": 1.3464404114397484, "batch_size": 77.06336466228291, "dropout_rate": 0.5752268464974577, "epochs": 183.13451608154648, "hidden_channels": 7.667867996858515, "learning_rate": 0.09794327109899623, "optimizer": 1.2412972894215064, "pooling_algorithm": 0.5251882042937146}, "datetime": {"datetime": "2023-11-30 11:34:29", "elapsed": 25.070888, "delta": 2.86317}}
{"target": 0.5, "params": {"activation_function": 1.1565024970504594, "amount_of_layers": 6.8646357643264455, "batch_size": 79.8134128306304, "dropout_rate": 0.5288875390667183, "epochs": 173.64648687538457, "hidden_channels": 125.43646019018918, "learning_rate": 0.050194155876566796, "optimizer": 1.2417590018582887, "pooling_algorithm": 0.6117313132085748}, "datetime": {"datetime": "2023-11-30 11:34:34", "elapsed": 30.037942, "delta": 4.967054}}
{"target": 0.6821428571428572, "params": {"activation_function": 1.819121646011541, "amount_of_layers": 2.1902866479384535, "batch_size": 115.41618467456207, "dropout_rate": 0.3720367433503675, "epochs": 66.27405251001198, "hidden_channels": 44.484528221395955, "learning_rate": 0.03752110990870432, "optimizer": 1.6100572802545337, "pooling_algorithm": 0.8999429648150812}, "datetime": {"datetime": "2023-11-30 11:34:36", "elapsed": 31.252803, "delta": 1.214861}}
{"target": 0.5, "params": {"activation_function": 0.8453284076097385, "amount_of_layers": 4.858150587631161, "batch_size": 38.31624177813194, "dropout_rate": 0.5752268794256263, "epochs": 98.85149501905614, "hidden_channels": 30.94701340443702, "learning_rate": 0.09927383474329982, "optimizer": 1.363381296173041, "pooling_algorithm": 0.8588207804490614}, "datetime": {"datetime": "2023-11-30 11:34:40", "elapsed": 35.3842, "delta": 4.131397}}
{"target": 0.8964285714285714, "params": {"activation_function": 0.16227732449826404, "amount_of_layers": 4.7444854473105105, "batch_size": 77.2034052871094, "dropout_rate": 0.663738640478897, "epochs": 159.27119000192297, "hidden_channels": 11.339290870554771, "learning_rate": 0.06517289501184584, "optimizer": 0.32894498287643525, "pooling_algorithm": 0.7605538798571279}, "datetime": {"datetime": "2023-11-30 11:34:43", "elapsed": 39.085638, "delta": 3.701438}}
{"target": 0.5, "params": {"activation_function": 1.5478584467207872, "amount_of_layers": 1.9226526508400577, "batch_size": 92.09119983981981, "dropout_rate": 0.5537155346951186, "epochs": 19.87063683720237, "hidden_channels": 54.388529718995656, "learning_rate": 0.06547131714154368, "optimizer": 1.7100905303298983, "pooling_algorithm": 0.8975513319480231}, "datetime": {"datetime": "2023-11-30 11:34:44", "elapsed": 39.490157, "delta": 0.404519}}
{"target": 0.8785714285714286, "params": {"activation_function": 1.8924999101571354, "amount_of_layers": 6.3515710906536045, "batch_size": 131.39056617096472, "dropout_rate": 0.6011048872408055, "epochs": 106.1147561419977, "hidden_channels": 87.01045852956231, "learning_rate": 0.001824794236989683, "optimizer": 0.993722282186781, "pooling_algorithm": 0.8151922961527338}, "datetime": {"datetime": "2023-11-30 11:34:47", "elapsed": 42.396524, "delta": 2.906367}}
{"target": 0.7357142857142858, "params": {"activation_function": 0.664445855195184, "amount_of_layers": 1.7635538030138669, "batch_size": 102.15335770548528, "dropout_rate": 0.3843899144102598, "epochs": 196.9764824292493, "hidden_channels": 18.02352875954375, "learning_rate": 0.07329819740800762, "optimizer": 1.5308994449170603, "pooling_algorithm": 0.18026569313483154}, "datetime": {"datetime": "2023-11-30 11:34:50", "elapsed": 45.942478, "delta": 3.545954}}
{"target": 0.8, "params": {"activation_function": 0.3287614548281761, "amount_of_layers": 2.4359786535582124, "batch_size": 147.50234504334367, "dropout_rate": 0.4702632520782833, "epochs": 96.61031330360622, "hidden_channels": 29.594791924782808, "learning_rate": 0.04289278052082506, "optimizer": 0.28162047893672226, "pooling_algorithm": 0.25682352554524035}, "datetime": {"datetime": "2023-11-30 11:34:52", "elapsed": 47.608125, "delta": 1.665647}}
{"target": 0.6035714285714285, "params": {"activation_function": 1.8119010161859879, "amount_of_layers": 2.082833852397954, "batch_size": 113.678644489767, "dropout_rate": 0.5301652849947607, "epochs": 107.36673497476589, "hidden_channels": 69.62503285598386, "learning_rate": 0.019469598454890973, "optimizer": 1.6504320834726491, "pooling_algorithm": 0.9304964707859193}, "datetime": {"datetime": "2023-11-30 11:34:54", "elapsed": 49.574632, "delta": 1.966507}}
{"target": 0.9089285714285714, "params": {"activation_function": 1.5538414817524937, "amount_of_layers": 1.8337946440054607, "batch_size": 97.2355497607754, "dropout_rate": 0.5532094968060743, "epochs": 184.08113334996247, "hidden_channels": 8.630439722152362, "learning_rate": 0.01992697779206679, "optimizer": 1.9030548105847953, "pooling_algorithm": 0.5157128217299626}, "datetime": {"datetime": "2023-11-30 11:34:57", "elapsed": 52.834376, "delta": 3.259744}}
{"target": 0.8821428571428571, "params": {"activation_function": 1.555663557216191, "amount_of_layers": 1.659837051975182, "batch_size": 105.06232347343666, "dropout_rate": 0.6427722159460731, "epochs": 197.2901844291483, "hidden_channels": 18.849920763013166, "learning_rate": 0.03773930982449286, "optimizer": 0.05218727802825507, "pooling_algorithm": 0.9982802998009415}, "datetime": {"datetime": "2023-11-30 11:35:01", "elapsed": 56.308369, "delta": 3.473993}}
{"target": 0.8035714285714286, "params": {"activation_function": 1.3443284285970754, "amount_of_layers": 5.490688709059877, "batch_size": 99.16259950461357, "dropout_rate": 0.30948647872461627, "epochs": 188.53118210007227, "hidden_channels": 5.948506980774674, "learning_rate": 0.08505397685983788, "optimizer": 0.6612732207828476, "pooling_algorithm": 0.04903450550085875}, "datetime": {"datetime": "2023-11-30 11:35:05", "elapsed": 61.087256, "delta": 4.778887}}
{"target": 0.7857142857142857, "params": {"activation_function": 1.0260789531161216, "amount_of_layers": 2.0038507011904843, "batch_size": 104.36862227458032, "dropout_rate": 0.6247936746053974, "epochs": 182.9623588127708, "hidden_channels": 14.464808712579766, "learning_rate": 0.04399811078608324, "optimizer": 0.17001380721937953, "pooling_algorithm": 0.05322606885482217}, "datetime": {"datetime": "2023-11-30 11:35:09", "elapsed": 64.641035, "delta": 3.553779}}
{"target": 0.48214285714285715, "params": {"activation_function": 1.5596292282338375, "amount_of_layers": 3.9147650035549484, "batch_size": 112.09535642862927, "dropout_rate": 0.7017063664500481, "epochs": 197.81757282990216, "hidden_channels": 24.946705459664418, "learning_rate": 0.09518226584056846, "optimizer": 0.1545925189859274, "pooling_algorithm": 0.09913071202107482}, "datetime": {"datetime": "2023-11-30 11:35:13", "elapsed": 69.064627, "delta": 4.423592}}
{"target": 0.15892857142857142, "params": {"activation_function": 2.0, "amount_of_layers": 1.0, "batch_size": 107.32853938062819, "dropout_rate": 0.75, "epochs": 192.8413982765881, "hidden_channels": 13.433457769361873, "learning_rate": 0.001, "optimizer": 0.0, "pooling_algorithm": 1.0}, "datetime": {"datetime": "2023-11-30 11:35:17", "elapsed": 72.28353, "delta": 3.218903}}
{"target": 0.25357142857142856, "params": {"activation_function": 1.3087553186241145, "amount_of_layers": 3.673101139766697, "batch_size": 94.78826946843309, "dropout_rate": 0.7464893592870023, "epochs": 187.30743453745586, "hidden_channels": 6.150990844427763, "learning_rate": 0.06403053712191326, "optimizer": 1.3259364083516822, "pooling_algorithm": 0.7595327200892061}, "datetime": {"datetime": "2023-11-30 11:35:21", "elapsed": 76.490588, "delta": 4.207058}}
{"target": 0.8142857142857143, "params": {"activation_function": 0.27594265263718776, "amount_of_layers": 5.860877294955381, "batch_size": 131.62141222578015, "dropout_rate": 0.7016264167756328, "epochs": 105.47530697396424, "hidden_channels": 89.27570457847607, "learning_rate": 0.03692199404666125, "optimizer": 0.9986558472203966, "pooling_algorithm": 0.22737147652030332}, "datetime": {"datetime": "2023-11-30 11:35:24", "elapsed": 79.338123, "delta": 2.847535}}
{"target": 0.2607142857142857, "params": {"activation_function": 1.6042824586010176, "amount_of_layers": 4.644002371856714, "batch_size": 129.81066449147897, "dropout_rate": 0.6049840269010957, "epochs": 106.43921633933437, "hidden_channels": 84.62866515210592, "learning_rate": 0.07476298815171514, "optimizer": 1.1572711498222408, "pooling_algorithm": 0.4811652191861119}, "datetime": {"datetime": "2023-11-30 11:35:26", "elapsed": 82.028386, "delta": 2.690263}}
{"target": 0.8285714285714286, "params": {"activation_function": 0.03232206371696189, "amount_of_layers": 2.11405390410831, "batch_size": 107.71617598819329, "dropout_rate": 0.7356058181602685, "epochs": 183.33669849764044, "hidden_channels": 13.54625583038673, "learning_rate": 0.04033367169941494, "optimizer": 1.0237785531521582, "pooling_algorithm": 0.39791293192479826}, "datetime": {"datetime": "2023-11-30 11:35:30", "elapsed": 85.367085, "delta": 3.338699}}
{"target": 0.9142857142857144, "params": {"activation_function": 0.27712623069581577, "amount_of_layers": 1.608923449655233, "batch_size": 105.89520624967643, "dropout_rate": 0.7036509603526067, "epochs": 180.67176999023582, "hidden_channels": 15.278475250672123, "learning_rate": 0.08194826493761112, "optimizer": 0.1740866790392388, "pooling_algorithm": 0.6673479954017185}, "datetime": {"datetime": "2023-11-30 11:35:33", "elapsed": 88.640892, "delta": 3.273807}}
{"target": 0.5, "params": {"activation_function": 0.3274504262114124, "amount_of_layers": 3.916372969152537, "batch_size": 105.29536351533758, "dropout_rate": 0.30968349512552323, "epochs": 183.44790975879775, "hidden_channels": 15.080372262766183, "learning_rate": 0.07205445874046836, "optimizer": 1.4143271092070637, "pooling_algorithm": 0.3572065384743336}, "datetime": {"datetime": "2023-11-30 11:35:37", "elapsed": 92.580093, "delta": 3.939201}}
{"target": 0.9089285714285714, "params": {"activation_function": 0.07959305583143905, "amount_of_layers": 4.0546299319858266, "batch_size": 98.14288615675967, "dropout_rate": 0.6833405190980222, "epochs": 183.17559386343174, "hidden_channels": 8.016466315071078, "learning_rate": 0.07393191710120581, "optimizer": 0.9467749091064541, "pooling_algorithm": 0.5762073386431831}, "datetime": {"datetime": "2023-11-30 11:35:41", "elapsed": 96.708635, "delta": 4.128542}}
{"target": 0.9125, "params": {"activation_function": 1.0507572877587719, "amount_of_layers": 3.1902583893107783, "batch_size": 96.09288584051646, "dropout_rate": 0.7055422686426265, "epochs": 182.72613923758894, "hidden_channels": 6.89170027336124, "learning_rate": 0.06748990203616845, "optimizer": 1.6275993915526696, "pooling_algorithm": 0.9553680255859562}, "datetime": {"datetime": "2023-11-30 11:35:45", "elapsed": 100.364008, "delta": 3.655373}}
{"target": 0.7375, "params": {"activation_function": 1.7062646683268914, "amount_of_layers": 4.0204897285903645, "batch_size": 100.55656319581021, "dropout_rate": 0.5935799040134543, "epochs": 185.49349896427967, "hidden_channels": 9.150989382022114, "learning_rate": 0.06497123334356081, "optimizer": 0.9318184202351136, "pooling_algorithm": 0.11991666644201737}, "datetime": {"datetime": "2023-11-30 11:35:49", "elapsed": 104.522985, "delta": 4.158977}}
{"target": 0.5, "params": {"activation_function": 1.1019855638723106, "amount_of_layers": 7.441900642648696, "batch_size": 131.51123531983757, "dropout_rate": 0.6652861609574756, "epochs": 104.47732405466809, "hidden_channels": 88.6499702587764, "learning_rate": 0.09080388322426777, "optimizer": 1.608565317680153, "pooling_algorithm": 0.884126455040011}, "datetime": {"datetime": "2023-11-30 11:35:52", "elapsed": 107.360852, "delta": 2.837867}}
{"target": 0.9071428571428571, "params": {"activation_function": 0.7151271517048252, "amount_of_layers": 4.3579391724143655, "batch_size": 74.37856445124268, "dropout_rate": 0.4143453156781973, "epochs": 159.12809011382305, "hidden_channels": 8.162459855383997, "learning_rate": 0.047529021336471876, "optimizer": 0.02876334726894747, "pooling_algorithm": 0.5158977397027401}, "datetime": {"datetime": "2023-11-30 11:35:56", "elapsed": 111.958512, "delta": 4.59766}}
{"target": 0.5, "params": {"activation_function": 1.7641430113809655, "amount_of_layers": 3.989197694640235, "batch_size": 129.74459262338223, "dropout_rate": 0.7032933277050284, "epochs": 195.35231272124236, "hidden_channels": 56.62139131089453, "learning_rate": 0.07455627147699131, "optimizer": 0.7566457721000752, "pooling_algorithm": 0.6454230053679415}, "datetime": {"datetime": "2023-11-30 11:36:01", "elapsed": 116.349698, "delta": 4.391186}}
{"target": 0.8392857142857142, "params": {"activation_function": 1.8045477282233495, "amount_of_layers": 2.297059610387244, "batch_size": 95.70689304079677, "dropout_rate": 0.3631337466139822, "epochs": 185.87276948268385, "hidden_channels": 10.016357158979655, "learning_rate": 0.08835306405383572, "optimizer": 0.9179740545618769, "pooling_algorithm": 0.028092112849914863}, "datetime": {"datetime": "2023-11-30 11:36:04", "elapsed": 119.813627, "delta": 3.463929}}
{"target": 0.5, "params": {"activation_function": 0.2690513066283069, "amount_of_layers": 7.740463374785863, "batch_size": 131.49319250261544, "dropout_rate": 0.6759665311968333, "epochs": 107.84238708614184, "hidden_channels": 86.78229121499069, "learning_rate": 0.042557501523005546, "optimizer": 1.5615917040079839, "pooling_algorithm": 0.08890640417375217}, "datetime": {"datetime": "2023-11-30 11:36:08", "elapsed": 123.196969, "delta": 3.383342}}
{"target": 0.5, "params": {"activation_function": 1.040886084889312, "amount_of_layers": 6.978401105886131, "batch_size": 76.65652208440872, "dropout_rate": 0.29535044578765507, "epochs": 159.05568162049434, "hidden_channels": 12.080437883977844, "learning_rate": 0.06827791691706461, "optimizer": 1.5478712632506324, "pooling_algorithm": 0.783736813968467}, "datetime": {"datetime": "2023-11-30 11:36:12", "elapsed": 127.623718, "delta": 4.426749}}
{"target": 0.7839285714285714, "params": {"activation_function": 0.18357021805218587, "amount_of_layers": 4.318799062616557, "batch_size": 106.4020483522764, "dropout_rate": 0.49957493783543805, "epochs": 198.15569812392354, "hidden_channels": 18.43430361611952, "learning_rate": 0.09638943446366718, "optimizer": 1.2019604091350538, "pooling_algorithm": 0.2743714869607562}, "datetime": {"datetime": "2023-11-30 11:36:16", "elapsed": 132.111488, "delta": 4.48777}}
{"target": 0.7375, "params": {"activation_function": 0.6192414839937412, "amount_of_layers": 4.928710821803541, "batch_size": 99.33351126052015, "dropout_rate": 0.39951391818586973, "epochs": 181.77398062464016, "hidden_channels": 7.0919136527619475, "learning_rate": 0.04133263511118809, "optimizer": 0.6754621457640655, "pooling_algorithm": 0.034804035212229634}, "datetime": {"datetime": "2023-11-30 11:36:21", "elapsed": 136.477, "delta": 4.365512}}
{"target": 0.7107142857142856, "params": {"activation_function": 0.8995478005826052, "amount_of_layers": 5.101788913331228, "batch_size": 144.71711709869095, "dropout_rate": 0.6937067562799553, "epochs": 179.73199427871478, "hidden_channels": 96.62453689410039, "learning_rate": 0.07132101940407588, "optimizer": 1.3834549161528715, "pooling_algorithm": 0.3425928670380175}, "datetime": {"datetime": "2023-11-30 11:36:25", "elapsed": 140.789953, "delta": 4.312953}}
{"target": 0.8464285714285713, "params": {"activation_function": 1.7964475233974497, "amount_of_layers": 6.739953894737193, "batch_size": 97.41424317104152, "dropout_rate": 0.3556606804986074, "epochs": 188.93996572638616, "hidden_channels": 5.698524091657625, "learning_rate": 0.005090331458483549, "optimizer": 1.639356271629957, "pooling_algorithm": 0.8103103190968847}, "datetime": {"datetime": "2023-11-30 11:36:31", "elapsed": 146.185965, "delta": 5.396012}}
{"target": 0.5, "params": {"activation_function": 0.6367890915434138, "amount_of_layers": 1.6086165595909376, "batch_size": 94.53055073028467, "dropout_rate": 0.6294356966278867, "epochs": 180.04924499628868, "hidden_channels": 7.234783140399146, "learning_rate": 0.09573032663378045, "optimizer": 1.327667965530358, "pooling_algorithm": 0.5225595332393297}, "datetime": {"datetime": "2023-11-30 11:36:34", "elapsed": 149.325792, "delta": 3.139827}}
{"target": 0.65, "params": {"activation_function": 1.5021391147755845, "amount_of_layers": 6.833368490976905, "batch_size": 106.48031453799864, "dropout_rate": 0.26958378355580803, "epochs": 198.11584603049602, "hidden_channels": 17.140050390637036, "learning_rate": 0.08120751120295555, "optimizer": 1.093625655750651, "pooling_algorithm": 0.824276078511598}, "datetime": {"datetime": "2023-11-30 11:36:39", "elapsed": 154.935039, "delta": 5.609247}}
{"target": 0.8607142857142858, "params": {"activation_function": 0.3596589581991988, "amount_of_layers": 4.3468565755947655, "batch_size": 75.8359848063265, "dropout_rate": 0.5721971578582246, "epochs": 159.21893451884702, "hidden_channels": 9.677789720672958, "learning_rate": 0.056025458445828076, "optimizer": 0.06691598145937656, "pooling_algorithm": 0.6353932293749431}, "datetime": {"datetime": "2023-11-30 11:36:43", "elapsed": 158.379937, "delta": 3.444898}}
{"target": 0.9285714285714286, "params": {"activation_function": 1.2128706793005295, "amount_of_layers": 1.0, "batch_size": 127.12218244724974, "dropout_rate": 0.32729187298963724, "epochs": 195.97632445976964, "hidden_channels": 55.12015447487915, "learning_rate": 0.08729512489637735, "optimizer": 0.0, "pooling_algorithm": 1.0}, "datetime": {"datetime": "2023-11-30 11:36:46", "elapsed": 161.427738, "delta": 3.047801}}
