{"target": 0.825, "params": {"activation_function": 1.6667856496014903, "amount_of_layers": 3.5874765992276973, "batch_size": 66.89772824189937, "dropout_rate": 0.4032826218506554, "epochs": 117.65539624265276, "hidden_channels": 90.93225963945133, "learning_rate": 0.018566923334689064, "optimizer": 0.7837762830510875, "pooling_algorithm": 0.30277656247786877}, "datetime": {"datetime": "2023-11-30 10:29:17", "elapsed": 0.0, "delta": 0.0}}
{"target": 0.26607142857142857, "params": {"activation_function": 1.4678484242849843, "amount_of_layers": 8.470641018992566, "batch_size": 130.71985798861056, "dropout_rate": 0.45160493911187904, "epochs": 20.48150836689161, "hidden_channels": 14.427625827143522, "learning_rate": 0.09198772520465616, "optimizer": 1.0752054804806026, "pooling_algorithm": 0.46685699311908435}, "datetime": {"datetime": "2023-11-30 10:29:17", "elapsed": 0.52705, "delta": 0.52705}}
{"target": 0.5, "params": {"activation_function": 0.4912361362006832, "amount_of_layers": 4.79126695711492, "batch_size": 106.30903847604297, "dropout_rate": 0.7389722915908586, "epochs": 194.43891643601015, "hidden_channels": 69.4544979229239, "learning_rate": 0.08896590304472121, "optimizer": 1.644639544098947, "pooling_algorithm": 0.7957089577583488}, "datetime": {"datetime": "2023-11-30 10:29:22", "elapsed": 4.654316, "delta": 4.127266}}
{"target": 0.2607142857142857, "params": {"activation_function": 1.1328611545680334, "amount_of_layers": 6.023116963832957, "batch_size": 69.29081951747091, "dropout_rate": 0.5360737630860974, "epochs": 132.96354699496538, "hidden_channels": 26.366154795165507, "learning_rate": 0.046053455838003875, "optimizer": 1.7248480655629403, "pooling_algorithm": 0.45269410996182624}, "datetime": {"datetime": "2023-11-30 10:29:25", "elapsed": 8.491207, "delta": 3.836891}}
{"target": 0.35, "params": {"activation_function": 1.6897707394871313, "amount_of_layers": 1.588138154981947, "batch_size": 148.8378471424418, "dropout_rate": 0.3398353217726535, "epochs": 129.787801856811, "hidden_channels": 26.999366734195036, "learning_rate": 0.028357559018045438, "optimizer": 0.9157429700019282, "pooling_algorithm": 0.7497888843908491}, "datetime": {"datetime": "2023-11-30 10:29:27", "elapsed": 10.484264, "delta": 1.993057}}
{"target": 0.2642857142857143, "params": {"activation_function": 1.4582059423467089, "amount_of_layers": 5.664955278105357, "batch_size": 24.865140912720932, "dropout_rate": 0.29487328087260145, "epochs": 26.46068828852614, "hidden_channels": 97.79419828294786, "learning_rate": 0.03445154767526408, "optimizer": 0.5967566534504674, "pooling_algorithm": 0.3019634684343787}, "datetime": {"datetime": "2023-11-30 10:29:29", "elapsed": 11.897552, "delta": 1.413288}}
{"target": 0.5, "params": {"activation_function": 1.969472801143979, "amount_of_layers": 5.2270291685707555, "batch_size": 75.63589769742245, "dropout_rate": 0.6345255488105557, "epochs": 95.9629374015657, "hidden_channels": 118.05252549733325, "learning_rate": 0.09642110884292038, "optimizer": 1.1289234629463205, "pooling_algorithm": 0.6449057430417858}, "datetime": {"datetime": "2023-11-30 10:29:31", "elapsed": 14.076088, "delta": 2.178536}}
{"target": 0.5, "params": {"activation_function": 0.332998559361505, "amount_of_layers": 2.1351689842067367, "batch_size": 46.4644690333942, "dropout_rate": 0.32702220366639956, "epochs": 132.43394867501746, "hidden_channels": 103.09478580721299, "learning_rate": 0.09292898894503145, "optimizer": 1.8347223597485804, "pooling_algorithm": 0.04788392281218523}, "datetime": {"datetime": "2023-11-30 10:29:34", "elapsed": 17.27547, "delta": 3.199382}}
{"target": 0.5, "params": {"activation_function": 0.761281371146274, "amount_of_layers": 2.0556244282955074, "batch_size": 69.46244205381495, "dropout_rate": 0.5491742386277606, "epochs": 117.47989446234088, "hidden_channels": 84.34823105203716, "learning_rate": 0.09565013180918985, "optimizer": 1.2442675968504913, "pooling_algorithm": 0.7413522880719097}, "datetime": {"datetime": "2023-11-30 10:29:37", "elapsed": 19.612255, "delta": 2.336785}}
{"target": 0.5, "params": {"activation_function": 1.1468584190890658, "amount_of_layers": 6.578661244781522, "batch_size": 129.7747726187162, "dropout_rate": 0.3629572478213876, "epochs": 63.59261571126118, "hidden_channels": 29.983451342439675, "learning_rate": 0.0721173286523631, "optimizer": 1.7338704165971999, "pooling_algorithm": 0.9646681000693245}, "datetime": {"datetime": "2023-11-30 10:29:38", "elapsed": 21.071938, "delta": 1.459683}}
{"target": 0.5, "params": {"activation_function": 1.5551679623488455, "amount_of_layers": 3.6161353933551412, "batch_size": 131.1341275857962, "dropout_rate": 0.290683443309247, "epochs": 19.2924061164368, "hidden_channels": 66.00055755948789, "learning_rate": 0.0930775833473435, "optimizer": 1.9668188918722256, "pooling_algorithm": 0.6718309459137791}, "datetime": {"datetime": "2023-11-30 10:29:38", "elapsed": 21.458185, "delta": 0.386247}}
{"target": 0.7375, "params": {"activation_function": 0.5212921961041936, "amount_of_layers": 2.958587903781134, "batch_size": 145.79060648070202, "dropout_rate": 0.6699922237124636, "epochs": 148.9739863347065, "hidden_channels": 64.9819907640881, "learning_rate": 0.07618915218530176, "optimizer": 1.3754666819236985, "pooling_algorithm": 0.19886908344949483}, "datetime": {"datetime": "2023-11-30 10:29:41", "elapsed": 24.180443, "delta": 2.722258}}
{"target": 0.9178571428571429, "params": {"activation_function": 0.23521086880954156, "amount_of_layers": 2.309699920654251, "batch_size": 65.94514853958776, "dropout_rate": 0.49387845192718355, "epochs": 123.9186962154588, "hidden_channels": 76.79397262082163, "learning_rate": 0.033697022513182566, "optimizer": 0.0038651326396652586, "pooling_algorithm": 0.7596096734051301}, "datetime": {"datetime": "2023-11-30 10:29:44", "elapsed": 26.559648, "delta": 2.379205}}
{"target": 0.5, "params": {"activation_function": 1.01866944945764, "amount_of_layers": 2.108758918334833, "batch_size": 79.71093530928624, "dropout_rate": 0.5186992316770286, "epochs": 80.72832246871786, "hidden_channels": 120.82283104457115, "learning_rate": 0.03186292930047998, "optimizer": 1.4362892430697582, "pooling_algorithm": 0.6281587415170492}, "datetime": {"datetime": "2023-11-30 10:29:45", "elapsed": 27.886602, "delta": 1.326954}}
{"target": 0.7392857142857143, "params": {"activation_function": 1.1802445007527294, "amount_of_layers": 7.931236132557575, "batch_size": 23.615381195172787, "dropout_rate": 0.4226174504897711, "epochs": 44.79190282619136, "hidden_channels": 20.302655508500692, "learning_rate": 0.039972111992734906, "optimizer": 1.105089208965426, "pooling_algorithm": 0.415831843932292}, "datetime": {"datetime": "2023-11-30 10:29:48", "elapsed": 31.059272, "delta": 3.17267}}
{"target": 0.5, "params": {"activation_function": 0.11979558158422421, "amount_of_layers": 2.480188725289593, "batch_size": 59.6517643345106, "dropout_rate": 0.2874791564028204, "epochs": 121.90015643866414, "hidden_channels": 124.2290331794516, "learning_rate": 0.07212539252443756, "optimizer": 1.59341425608502, "pooling_algorithm": 0.6271573700471569}, "datetime": {"datetime": "2023-11-30 10:29:50", "elapsed": 33.47654, "delta": 2.417268}}
{"target": 0.9214285714285715, "params": {"activation_function": 1.7763181109141506, "amount_of_layers": 1.980455560237691, "batch_size": 133.79711070789764, "dropout_rate": 0.3217911930428522, "epochs": 58.96444589028576, "hidden_channels": 112.19509384005909, "learning_rate": 0.08040103390467573, "optimizer": 0.07979699837617948, "pooling_algorithm": 0.6754604109505751}, "datetime": {"datetime": "2023-11-30 10:29:51", "elapsed": 34.467975, "delta": 0.991435}}
{"target": 0.8214285714285715, "params": {"activation_function": 0.027916043909878896, "amount_of_layers": 3.009760835701588, "batch_size": 36.885222345576345, "dropout_rate": 0.6357611583672602, "epochs": 108.06421178106059, "hidden_channels": 55.34998115402153, "learning_rate": 0.014944217931424787, "optimizer": 0.019306482333477204, "pooling_algorithm": 0.016067824553090415}, "datetime": {"datetime": "2023-11-30 10:29:55", "elapsed": 37.91809, "delta": 3.450115}}
{"target": 0.7642857142857142, "params": {"activation_function": 0.40176829694300076, "amount_of_layers": 2.6692168493915442, "batch_size": 65.58381072689482, "dropout_rate": 0.6285198223482533, "epochs": 166.1187691138422, "hidden_channels": 100.45019822289483, "learning_rate": 0.08659103597355655, "optimizer": 0.7455471522008978, "pooling_algorithm": 0.10294161063139184}, "datetime": {"datetime": "2023-11-30 10:29:59", "elapsed": 41.75599, "delta": 3.8379}}
{"target": 0.2482142857142857, "params": {"activation_function": 1.8149427225036068, "amount_of_layers": 2.728284576768395, "batch_size": 115.7112109980316, "dropout_rate": 0.7157449370884591, "epochs": 33.69295524342215, "hidden_channels": 46.725906553731676, "learning_rate": 0.07947148622218568, "optimizer": 1.5528257383574802, "pooling_algorithm": 0.36791006785740954}, "datetime": {"datetime": "2023-11-30 10:29:59", "elapsed": 42.346045, "delta": 0.590055}}
{"target": 0.22499999999999998, "params": {"activation_function": 1.5138436446858508, "amount_of_layers": 5.998263286184183, "batch_size": 72.52001541308721, "dropout_rate": 0.42615732922430866, "epochs": 49.03747101578339, "hidden_channels": 110.34354273148698, "learning_rate": 0.05084445689831244, "optimizer": 0.6126804050749584, "pooling_algorithm": 0.49150464329102117}, "datetime": {"datetime": "2023-11-30 10:30:01", "elapsed": 44.010739, "delta": 1.664694}}
{"target": 0.8142857142857143, "params": {"activation_function": 0.39161685984672756, "amount_of_layers": 2.9644878007336573, "batch_size": 130.60448774016342, "dropout_rate": 0.6671964052624579, "epochs": 118.56244584097439, "hidden_channels": 47.3448894731294, "learning_rate": 0.050405801716474116, "optimizer": 1.1101396579778702, "pooling_algorithm": 0.42923554272801123}, "datetime": {"datetime": "2023-11-30 10:30:03", "elapsed": 46.206193, "delta": 2.195454}}
{"target": 0.26964285714285713, "params": {"activation_function": 1.0528753610866597, "amount_of_layers": 5.77123479695876, "batch_size": 51.522702342217755, "dropout_rate": 0.336978053783896, "epochs": 52.097525899460216, "hidden_channels": 118.44605780594159, "learning_rate": 0.028313975938683386, "optimizer": 0.6657897864482878, "pooling_algorithm": 0.30101044684755063}, "datetime": {"datetime": "2023-11-30 10:30:05", "elapsed": 47.84795, "delta": 1.641757}}
{"target": 0.8339285714285716, "params": {"activation_function": 1.7090473372750423, "amount_of_layers": 1.2773102042494227, "batch_size": 89.03135119390376, "dropout_rate": 0.565849218772531, "epochs": 151.7358437327018, "hidden_channels": 124.97909318697094, "learning_rate": 0.042500195098741915, "optimizer": 1.0892132135427914, "pooling_algorithm": 0.015817773096299614}, "datetime": {"datetime": "2023-11-30 10:30:07", "elapsed": 50.155118, "delta": 2.307168}}
{"target": 0.2571428571428571, "params": {"activation_function": 1.8953476279313957, "amount_of_layers": 3.4490520483150338, "batch_size": 31.411031022612327, "dropout_rate": 0.6540184517206133, "epochs": 123.7983921311736, "hidden_channels": 123.57875056112202, "learning_rate": 0.017029070874441908, "optimizer": 1.5613992766549576, "pooling_algorithm": 0.3898560277370312}, "datetime": {"datetime": "2023-11-30 10:30:11", "elapsed": 54.216841, "delta": 4.061723}}
{"target": 0.5, "params": {"activation_function": 0.7740918964983807, "amount_of_layers": 1.6449621457003767, "batch_size": 119.2666739845854, "dropout_rate": 0.5697123417747783, "epochs": 88.2793513988433, "hidden_channels": 14.812818552837676, "learning_rate": 0.05071464074176791, "optimizer": 1.0964369291888392, "pooling_algorithm": 0.5359031911596975}, "datetime": {"datetime": "2023-11-30 10:30:13", "elapsed": 55.673641, "delta": 1.4568}}
{"target": 0.9035714285714286, "params": {"activation_function": 0.5410359869021444, "amount_of_layers": 2.749406193607723, "batch_size": 104.56371632692176, "dropout_rate": 0.3304527827992343, "epochs": 27.900365801435726, "hidden_channels": 103.12917241753915, "learning_rate": 0.09161783894241284, "optimizer": 0.12638657626649885, "pooling_algorithm": 0.7757496008346673}, "datetime": {"datetime": "2023-11-30 10:30:13", "elapsed": 56.274569, "delta": 0.600928}}
{"target": 0.2857142857142857, "params": {"activation_function": 1.1875318115899458, "amount_of_layers": 1.534552010586279, "batch_size": 116.5299507756302, "dropout_rate": 0.43183549712861585, "epochs": 109.26331832415259, "hidden_channels": 50.350973647952486, "learning_rate": 0.053014652884458814, "optimizer": 1.3500199437494482, "pooling_algorithm": 0.03900766143544576}, "datetime": {"datetime": "2023-11-30 10:30:15", "elapsed": 58.082602, "delta": 1.808033}}
{"target": 0.7375, "params": {"activation_function": 1.0689780130557447, "amount_of_layers": 6.825526994863223, "batch_size": 23.937256679785897, "dropout_rate": 0.35287030190125634, "epochs": 42.57308920567733, "hidden_channels": 21.004981639143413, "learning_rate": 0.07436720212072806, "optimizer": 0.6497355833042413, "pooling_algorithm": 0.4325220826049033}, "datetime": {"datetime": "2023-11-30 10:30:18", "elapsed": 60.99878, "delta": 2.916178}}
{"target": 0.7357142857142857, "params": {"activation_function": 0.5142454579393332, "amount_of_layers": 3.4000381177550034, "batch_size": 135.59436717531145, "dropout_rate": 0.5707227051321243, "epochs": 60.72227132127672, "hidden_channels": 107.79082827078675, "learning_rate": 0.08499645919795913, "optimizer": 0.1245068585123319, "pooling_algorithm": 0.3654352076472934}, "datetime": {"datetime": "2023-11-30 10:30:19", "elapsed": 62.492258, "delta": 1.493478}}
{"target": 0.35, "params": {"activation_function": 0.4650832421421509, "amount_of_layers": 2.911742468377425, "batch_size": 138.03167739785687, "dropout_rate": 0.4353442189842236, "epochs": 58.78406225122931, "hidden_channels": 116.23438898248813, "learning_rate": 0.018099248846767387, "optimizer": 1.213610134383499, "pooling_algorithm": 0.6840799116152485}, "datetime": {"datetime": "2023-11-30 10:30:21", "elapsed": 63.853894, "delta": 1.361636}}
{"target": 0.825, "params": {"activation_function": 0.15954115556637793, "amount_of_layers": 4.6086016271535435, "batch_size": 63.8321788223223, "dropout_rate": 0.4931324693786116, "epochs": 121.67763313050794, "hidden_channels": 75.89850451071428, "learning_rate": 0.017259175539895557, "optimizer": 0.37432405477362685, "pooling_algorithm": 0.35992569122339635}, "datetime": {"datetime": "2023-11-30 10:30:24", "elapsed": 67.269048, "delta": 3.415154}}
{"target": 0.9178571428571428, "params": {"activation_function": 0.09400158611689888, "amount_of_layers": 2.9793260749259516, "batch_size": 63.573580076324305, "dropout_rate": 0.4291479649588305, "epochs": 126.5630735284237, "hidden_channels": 74.47414121043862, "learning_rate": 0.002829717148358473, "optimizer": 0.0, "pooling_algorithm": 0.5662072643335972}, "datetime": {"datetime": "2023-11-30 10:30:27", "elapsed": 70.266539, "delta": 2.997491}}
{"target": 0.925, "params": {"activation_function": 2.0, "amount_of_layers": 1.0, "batch_size": 129.5381860551384, "dropout_rate": 0.25, "epochs": 58.5564682371677, "hidden_channels": 110.0961717267106, "learning_rate": 0.1, "optimizer": 0.0, "pooling_algorithm": 0.767262460350189}, "datetime": {"datetime": "2023-11-30 10:30:28", "elapsed": 71.420025, "delta": 1.153486}}
{"target": 0.7375, "params": {"activation_function": 0.7720906444221443, "amount_of_layers": 1.9585627981028848, "batch_size": 128.8138202845667, "dropout_rate": 0.3232253672976797, "epochs": 65.35160941055491, "hidden_channels": 110.53079411164586, "learning_rate": 0.06207147210073083, "optimizer": 0.9662076171438321, "pooling_algorithm": 0.21801350271744624}, "datetime": {"datetime": "2023-11-30 10:30:30", "elapsed": 72.792807, "delta": 1.372782}}
{"target": 0.9035714285714285, "params": {"activation_function": 1.0930942525870737, "amount_of_layers": 3.3024641018947443, "batch_size": 62.498825548308915, "dropout_rate": 0.34285845391348263, "epochs": 127.7108076441205, "hidden_channels": 80.87345902206836, "learning_rate": 0.001, "optimizer": 0.0, "pooling_algorithm": 0.5226724169862982}, "datetime": {"datetime": "2023-11-30 10:30:33", "elapsed": 75.89353, "delta": 3.100723}}
{"target": 0.8857142857142857, "params": {"activation_function": 2.0, "amount_of_layers": 6.915923244167656, "batch_size": 67.88302119493706, "dropout_rate": 0.6702843507646736, "epochs": 128.98945344897098, "hidden_channels": 77.33301044181725, "learning_rate": 0.001, "optimizer": 0.0, "pooling_algorithm": 1.0}, "datetime": {"datetime": "2023-11-30 10:30:37", "elapsed": 80.228491, "delta": 4.334961}}
{"target": 0.5, "params": {"activation_function": 0.890217177649087, "amount_of_layers": 3.0569026280681673, "batch_size": 105.66998701019764, "dropout_rate": 0.3442925901642519, "epochs": 29.524803374270693, "hidden_channels": 95.55463248426861, "learning_rate": 0.05436911561075138, "optimizer": 0.52722548007413, "pooling_algorithm": 0.7185906964420716}, "datetime": {"datetime": "2023-11-30 10:30:38", "elapsed": 81.188524, "delta": 0.960033}}
{"target": 0.7339285714285715, "params": {"activation_function": 1.8662426597565305, "amount_of_layers": 4.554275630204515, "batch_size": 103.03853872043487, "dropout_rate": 0.5842844247047545, "epochs": 25.88169626888145, "hidden_channels": 109.08060759120607, "learning_rate": 0.06338219570945439, "optimizer": 0.5066169084674128, "pooling_algorithm": 0.20543929160578045}, "datetime": {"datetime": "2023-11-30 10:30:39", "elapsed": 82.279645, "delta": 1.091121}}
{"target": 0.2642857142857143, "params": {"activation_function": 0.6212032734248643, "amount_of_layers": 2.7957579492421063, "batch_size": 72.49539224114748, "dropout_rate": 0.508399601152169, "epochs": 126.47782952953412, "hidden_channels": 72.10314166447604, "learning_rate": 0.02330435654557185, "optimizer": 1.946706289429499, "pooling_algorithm": 0.4744060334920893}, "datetime": {"datetime": "2023-11-30 10:30:42", "elapsed": 85.351056, "delta": 3.071411}}
{"target": 0.7892857142857143, "params": {"activation_function": 2.0, "amount_of_layers": 6.292074290121628, "batch_size": 129.96368487441836, "dropout_rate": 0.25, "epochs": 57.608865374469644, "hidden_channels": 111.54546408870661, "learning_rate": 0.1, "optimizer": 0.0, "pooling_algorithm": 0.0}, "datetime": {"datetime": "2023-11-30 10:30:44", "elapsed": 87.204766, "delta": 1.85371}}
{"target": 0.5, "params": {"activation_function": 0.7422577689128389, "amount_of_layers": 2.616997168058969, "batch_size": 64.38316197730981, "dropout_rate": 0.6252467461206754, "epochs": 131.76019858395568, "hidden_channels": 76.62990184954467, "learning_rate": 0.04520041010359828, "optimizer": 1.7448379324905643, "pooling_algorithm": 0.5227665029009695}, "datetime": {"datetime": "2023-11-30 10:30:47", "elapsed": 90.240585, "delta": 3.035819}}
{"target": 0.2571428571428571, "params": {"activation_function": 1.2916054235597663, "amount_of_layers": 4.468067598756671, "batch_size": 63.984439160874196, "dropout_rate": 0.2920495461693441, "epochs": 122.42016051763994, "hidden_channels": 81.6392549149372, "learning_rate": 0.06561501875225556, "optimizer": 0.16690905926772337, "pooling_algorithm": 0.2269973524075104}, "datetime": {"datetime": "2023-11-30 10:30:50", "elapsed": 93.372479, "delta": 3.131894}}
{"target": 0.5, "params": {"activation_function": 0.6374311638936634, "amount_of_layers": 1.5620895795433603, "batch_size": 130.74934491095655, "dropout_rate": 0.6995832828676183, "epochs": 57.17355021592564, "hidden_channels": 106.2361988519601, "learning_rate": 0.08940919613044916, "optimizer": 0.5912638837037953, "pooling_algorithm": 0.9487208329264123}, "datetime": {"datetime": "2023-11-30 10:30:51", "elapsed": 94.51958, "delta": 1.147101}}
{"target": 0.5, "params": {"activation_function": 0.37684766117571167, "amount_of_layers": 4.947015967321658, "batch_size": 68.18296299040028, "dropout_rate": 0.5665909176655001, "epochs": 128.75689451319496, "hidden_channels": 80.28175980653262, "learning_rate": 0.06175035217547928, "optimizer": 1.0846084116052594, "pooling_algorithm": 0.31391566002466864}, "datetime": {"datetime": "2023-11-30 10:30:55", "elapsed": 98.17091, "delta": 3.65133}}
{"target": 0.5, "params": {"activation_function": 0.9984712882488629, "amount_of_layers": 2.159537893849996, "batch_size": 132.00990598148422, "dropout_rate": 0.6201562320556835, "epochs": 59.30877697142306, "hidden_channels": 111.68972250010259, "learning_rate": 0.04967844373404313, "optimizer": 0.6612468736002086, "pooling_algorithm": 0.5526792428659306}, "datetime": {"datetime": "2023-11-30 10:30:56", "elapsed": 99.238411, "delta": 1.067501}}
{"target": 0.2589285714285714, "params": {"activation_function": 1.59164738232726, "amount_of_layers": 4.08066592128197, "batch_size": 128.29045645121633, "dropout_rate": 0.6100904765736723, "epochs": 116.2569192988716, "hidden_channels": 26.342304317658648, "learning_rate": 0.04222820801254088, "optimizer": 1.6298280336621227, "pooling_algorithm": 0.3500231462129183}, "datetime": {"datetime": "2023-11-30 10:30:58", "elapsed": 101.448849, "delta": 2.210438}}
{"target": 0.09285714285714285, "params": {"activation_function": 1.5525629711165965, "amount_of_layers": 3.5822931615984075, "batch_size": 121.6904701016216, "dropout_rate": 0.27300197117104474, "epochs": 28.469141532062594, "hidden_channels": 16.68372585601658, "learning_rate": 0.04182691225871775, "optimizer": 1.2931421163033918, "pooling_algorithm": 0.6142512766881202}, "datetime": {"datetime": "2023-11-30 10:30:59", "elapsed": 102.126425, "delta": 0.677576}}
