{"target": 0.5, "params": {"activation_function": 0.017129595496758077, "amount_of_layers": 8.63445338465388, "batch_size": 76.24171460346068, "dropout_rate": 0.5551093858635581, "epochs": 171.89136532030776, "hidden_channels": 95.87365600182312, "learning_rate": 0.09746872734495961, "optimizer": 1.7149237492659115, "pooling_algorithm": 0.8554104952510778}, "datetime": {"datetime": "2023-11-30 10:15:45", "elapsed": 0.0, "delta": 0.0}}
{"target": 0.2964285714285715, "params": {"activation_function": 1.7190515052334903, "amount_of_layers": 3.818231328706963, "batch_size": 44.41225912986099, "dropout_rate": 0.6402221887620925, "epochs": 180.88813795319197, "hidden_channels": 10.871977240975282, "learning_rate": 0.014607288470445276, "optimizer": 0.35266096972779293, "pooling_algorithm": 0.03674750709300445}, "datetime": {"datetime": "2023-11-30 10:15:53", "elapsed": 7.152533, "delta": 7.152533}}
{"target": 0.5, "params": {"activation_function": 1.0209856681055018, "amount_of_layers": 7.136637149720027, "batch_size": 80.95496145645627, "dropout_rate": 0.35480687973101976, "epochs": 89.58133029813536, "hidden_channels": 74.37309724142278, "learning_rate": 0.039759932999360564, "optimizer": 1.0269253609035345, "pooling_algorithm": 0.6961480378771275}, "datetime": {"datetime": "2023-11-30 10:15:55", "elapsed": 9.840372, "delta": 2.687839}}
{"target": 0.7964285714285715, "params": {"activation_function": 1.9916338513648737, "amount_of_layers": 5.85976536005462, "batch_size": 125.84606135208679, "dropout_rate": 0.3564004464263592, "epochs": 64.10473320265211, "hidden_channels": 59.24372911919635, "learning_rate": 0.03756510526088514, "optimizer": 0.19191623887441422, "pooling_algorithm": 0.26697427222559333}, "datetime": {"datetime": "2023-11-30 10:15:57", "elapsed": 11.432819, "delta": 1.592447}}
{"target": 0.5, "params": {"activation_function": 0.42879665544926526, "amount_of_layers": 7.511496706928927, "batch_size": 140.30645179029415, "dropout_rate": 0.48382637743389817, "epochs": 16.877111538800065, "hidden_channels": 83.05853055018457, "learning_rate": 0.08237428284457024, "optimizer": 0.5519055442478167, "pooling_algorithm": 0.5249807771725578}, "datetime": {"datetime": "2023-11-30 10:15:57", "elapsed": 11.957281, "delta": 0.524462}}
{"target": 0.5, "params": {"activation_function": 0.3625417627488374, "amount_of_layers": 3.9338514308150767, "batch_size": 85.64501242434514, "dropout_rate": 0.5480315399454971, "epochs": 166.9008153791463, "hidden_channels": 9.838478093565456, "learning_rate": 0.06387864930462891, "optimizer": 1.7689734210078867, "pooling_algorithm": 0.9275497774541375}, "datetime": {"datetime": "2023-11-30 10:16:01", "elapsed": 15.614052, "delta": 3.656771}}
{"target": 0.2589285714285714, "params": {"activation_function": 1.0603348967952466, "amount_of_layers": 7.087507542638379, "batch_size": 137.09735996442566, "dropout_rate": 0.27908099367735195, "epochs": 94.91676262050481, "hidden_channels": 71.124475244402, "learning_rate": 0.023635241119098725, "optimizer": 1.1373679194783826, "pooling_algorithm": 0.2051587715008939}, "datetime": {"datetime": "2023-11-30 10:16:04", "elapsed": 18.265326, "delta": 2.651274}}
{"target": 0.2571428571428572, "params": {"activation_function": 1.3684598729963828, "amount_of_layers": 2.690625445698065, "batch_size": 73.79609855434519, "dropout_rate": 0.5239181460070439, "epochs": 87.16067585572598, "hidden_channels": 73.9042696578428, "learning_rate": 0.024808409311794927, "optimizer": 0.3568953958047405, "pooling_algorithm": 0.3855808966976494}, "datetime": {"datetime": "2023-11-30 10:16:06", "elapsed": 20.483301, "delta": 2.217975}}
{"target": 0.7785714285714285, "params": {"activation_function": 0.16797413619253465, "amount_of_layers": 6.991936353200588, "batch_size": 56.39861390578045, "dropout_rate": 0.3362266511539903, "epochs": 158.83146147848382, "hidden_channels": 89.80200309127659, "learning_rate": 0.024410496800741515, "optimizer": 0.3332406034797619, "pooling_algorithm": 0.12870795487903408}, "datetime": {"datetime": "2023-11-30 10:16:12", "elapsed": 26.420376, "delta": 5.937075}}
{"target": 0.26249999999999996, "params": {"activation_function": 0.530201664156118, "amount_of_layers": 8.501027119002579, "batch_size": 122.97835794731529, "dropout_rate": 0.26771109151356365, "epochs": 193.6378232477082, "hidden_channels": 25.056660917951913, "learning_rate": 0.08056026109295608, "optimizer": 0.5020738582741704, "pooling_algorithm": 0.43502288054184457}, "datetime": {"datetime": "2023-11-30 10:16:18", "elapsed": 32.481491, "delta": 6.061115}}
{"target": 0.5, "params": {"activation_function": 1.117344389112427, "amount_of_layers": 7.590178785416275, "batch_size": 39.56239760533182, "dropout_rate": 0.6639349002278061, "epochs": 77.07191264876951, "hidden_channels": 93.67130294785706, "learning_rate": 0.0780492382481412, "optimizer": 1.768181893642287, "pooling_algorithm": 0.42280787957331156}, "datetime": {"datetime": "2023-11-30 10:16:22", "elapsed": 36.498773, "delta": 4.017282}}
{"target": 0.7464285714285713, "params": {"activation_function": 1.946142988219696, "amount_of_layers": 7.921760879064659, "batch_size": 148.7005237516063, "dropout_rate": 0.4571852678294867, "epochs": 89.52344790959934, "hidden_channels": 94.63208240039083, "learning_rate": 0.07127165497417944, "optimizer": 0.7725845871074111, "pooling_algorithm": 0.03984380533488674}, "datetime": {"datetime": "2023-11-30 10:16:24", "elapsed": 39.05198, "delta": 2.553207}}
{"target": 0.5, "params": {"activation_function": 0.7208533986235535, "amount_of_layers": 4.44446685758176, "batch_size": 52.46378224064021, "dropout_rate": 0.2787584253938903, "epochs": 53.30699705464644, "hidden_channels": 123.54624502021163, "learning_rate": 0.026614952860151374, "optimizer": 1.5826602483902403, "pooling_algorithm": 0.7089704492345194}, "datetime": {"datetime": "2023-11-30 10:16:26", "elapsed": 40.694689, "delta": 1.642709}}
{"target": 0.7214285714285714, "params": {"activation_function": 1.4664784099263655, "amount_of_layers": 7.201839383868046, "batch_size": 60.369498733637, "dropout_rate": 0.7269883930968026, "epochs": 66.56250896273593, "hidden_channels": 20.92627198378356, "learning_rate": 0.009631397176599433, "optimizer": 0.13860825163677637, "pooling_algorithm": 0.3146956864969236}, "datetime": {"datetime": "2023-11-30 10:16:29", "elapsed": 43.487927, "delta": 2.793238}}
{"target": 0.8999999999999999, "params": {"activation_function": 1.7953905410519966, "amount_of_layers": 2.5328441582130194, "batch_size": 102.63945423628927, "dropout_rate": 0.5987788715129201, "epochs": 137.8761185124398, "hidden_channels": 40.02332272338065, "learning_rate": 0.06441921246594294, "optimizer": 0.34669627176094964, "pooling_algorithm": 0.8512559493798995}, "datetime": {"datetime": "2023-11-30 10:16:32", "elapsed": 46.222144, "delta": 2.734217}}
{"target": 0.9035714285714286, "params": {"activation_function": 0.7336176916828689, "amount_of_layers": 3.673105934493366, "batch_size": 71.488756970883, "dropout_rate": 0.2696995721893492, "epochs": 54.0999659673059, "hidden_channels": 100.93616562854145, "learning_rate": 0.08859258677536665, "optimizer": 0.3378622011078545, "pooling_algorithm": 0.9902719611944116}, "datetime": {"datetime": "2023-11-30 10:16:33", "elapsed": 48.050927, "delta": 1.828783}}
{"target": 0.9142857142857144, "params": {"activation_function": 1.506602017590275, "amount_of_layers": 3.558640195093396, "batch_size": 47.53400451051272, "dropout_rate": 0.621985482870612, "epochs": 154.9881289279193, "hidden_channels": 126.87637634727113, "learning_rate": 0.03856832417202737, "optimizer": 0.12270158905792261, "pooling_algorithm": 0.6513273869947225}, "datetime": {"datetime": "2023-11-30 10:16:40", "elapsed": 54.328567, "delta": 6.27764}}
{"target": 0.2589285714285714, "params": {"activation_function": 1.2513131597547167, "amount_of_layers": 5.177223948018142, "batch_size": 147.88133919737336, "dropout_rate": 0.6017816681270006, "epochs": 68.53677277805744, "hidden_channels": 79.33495208373962, "learning_rate": 0.043989456109333254, "optimizer": 0.899730790581126, "pooling_algorithm": 0.011054299052180028}, "datetime": {"datetime": "2023-11-30 10:16:41", "elapsed": 55.953087, "delta": 1.62452}}
{"target": 0.2714285714285714, "params": {"activation_function": 1.2932378304419336, "amount_of_layers": 4.931857380835566, "batch_size": 124.25505650049455, "dropout_rate": 0.3394393375321457, "epochs": 18.703762135170667, "hidden_channels": 82.25433819517791, "learning_rate": 0.02618956330312138, "optimizer": 1.522954834544602, "pooling_algorithm": 0.046903996141009485}, "datetime": {"datetime": "2023-11-30 10:16:42", "elapsed": 56.439047, "delta": 0.48596}}
{"target": 0.5, "params": {"activation_function": 1.3358087273667938, "amount_of_layers": 8.853724955218015, "batch_size": 129.53510068038963, "dropout_rate": 0.7458806429112255, "epochs": 127.85122764193576, "hidden_channels": 83.43060053203902, "learning_rate": 0.06944164304262163, "optimizer": 1.8646640669323955, "pooling_algorithm": 0.16569410316541633}, "datetime": {"datetime": "2023-11-30 10:16:46", "elapsed": 60.344702, "delta": 3.905655}}
{"target": 0.9017857142857143, "params": {"activation_function": 1.2250421391409156, "amount_of_layers": 4.688260048460034, "batch_size": 46.62755478779253, "dropout_rate": 0.5827858552370887, "epochs": 149.20019133350883, "hidden_channels": 124.94212781850582, "learning_rate": 0.04243624663439953, "optimizer": 0.474912389421785, "pooling_algorithm": 0.5872541456908995}, "datetime": {"datetime": "2023-11-30 10:16:52", "elapsed": 66.443678, "delta": 6.098976}}
{"target": 0.7392857142857143, "params": {"activation_function": 1.0939606086393219, "amount_of_layers": 4.6089294868135635, "batch_size": 49.74166305447068, "dropout_rate": 0.529076001913481, "epochs": 155.65245993066932, "hidden_channels": 115.4379032814553, "learning_rate": 0.03264678213525679, "optimizer": 0.169826439134951, "pooling_algorithm": 0.4745274864473439}, "datetime": {"datetime": "2023-11-30 10:16:57", "elapsed": 71.699428, "delta": 5.25575}}
{"target": 0.5, "params": {"activation_function": 0.8363689218559122, "amount_of_layers": 9.0, "batch_size": 37.20751544141109, "dropout_rate": 0.684214206087238, "epochs": 154.73695955874243, "hidden_channels": 127.85203156859633, "learning_rate": 0.1, "optimizer": 0.736454155349077, "pooling_algorithm": 0.3312101301252244}, "datetime": {"datetime": "2023-11-30 10:17:08", "elapsed": 82.533604, "delta": 10.834176}}
{"target": 0.9035714285714286, "params": {"activation_function": 1.9106894330567346, "amount_of_layers": 1.0, "batch_size": 54.93189518521858, "dropout_rate": 0.5549236684086263, "epochs": 150.3935887095057, "hidden_channels": 126.70639568066778, "learning_rate": 0.001, "optimizer": 0.0, "pooling_algorithm": 0.9013013109705258}, "datetime": {"datetime": "2023-11-30 10:17:11", "elapsed": 85.676294, "delta": 3.14269}}
{"target": 0.7785714285714286, "params": {"activation_function": 0.03652681283448955, "amount_of_layers": 6.823191459265485, "batch_size": 71.84232542686297, "dropout_rate": 0.3512733817179016, "epochs": 45.18003006768326, "hidden_channels": 95.46897583606834, "learning_rate": 0.0571440565088477, "optimizer": 0.05006012127974646, "pooling_algorithm": 0.13390788307320856}, "datetime": {"datetime": "2023-11-30 10:17:13", "elapsed": 87.782304, "delta": 2.10601}}
{"target": 0.9035714285714286, "params": {"activation_function": 1.7695981211090839, "amount_of_layers": 1.0399449485732801, "batch_size": 92.97643939120125, "dropout_rate": 0.5641547325449345, "epochs": 134.83456020140355, "hidden_channels": 47.00644865504433, "learning_rate": 0.05652829351135733, "optimizer": 0.38961667255884713, "pooling_algorithm": 0.9975609388374783}, "datetime": {"datetime": "2023-11-30 10:17:16", "elapsed": 90.221523, "delta": 2.439219}}
{"target": 0.9035714285714286, "params": {"activation_function": 0.809461925177, "amount_of_layers": 5.296833670706396, "batch_size": 96.23682015165973, "dropout_rate": 0.27291707916814906, "epochs": 125.79468866421081, "hidden_channels": 37.70636509515716, "learning_rate": 0.0976156555835472, "optimizer": 0.0, "pooling_algorithm": 0.7844950983086556}, "datetime": {"datetime": "2023-11-30 10:17:19", "elapsed": 93.468289, "delta": 3.246766}}
{"target": 0.2642857142857143, "params": {"activation_function": 2.0, "amount_of_layers": 9.0, "batch_size": 89.47010411354506, "dropout_rate": 0.2655900885843437, "epochs": 138.4478741497574, "hidden_channels": 35.24115385752419, "learning_rate": 0.057218529894900304, "optimizer": 2.0, "pooling_algorithm": 0.0}, "datetime": {"datetime": "2023-11-30 10:17:24", "elapsed": 98.144549, "delta": 4.67626}}
{"target": 0.8357142857142856, "params": {"activation_function": 0.8785537867384037, "amount_of_layers": 1.967736182439749, "batch_size": 105.87435168276298, "dropout_rate": 0.49164589901569977, "epochs": 127.57816633380051, "hidden_channels": 48.052482146457955, "learning_rate": 0.02684586062082149, "optimizer": 0.5574782582008948, "pooling_algorithm": 0.10753886842753069}, "datetime": {"datetime": "2023-11-30 10:17:26", "elapsed": 100.689325, "delta": 2.544776}}
{"target": 0.9107142857142857, "params": {"activation_function": 2.0, "amount_of_layers": 1.0, "batch_size": 93.29212668021349, "dropout_rate": 0.75, "epochs": 122.18692938304068, "hidden_channels": 47.5770073607462, "learning_rate": 0.1, "optimizer": 0.0, "pooling_algorithm": 1.0}, "datetime": {"datetime": "2023-11-30 10:17:28", "elapsed": 102.844759, "delta": 2.155434}}
{"target": 0.9107142857142857, "params": {"activation_function": 2.0, "amount_of_layers": 1.0, "batch_size": 102.93666394480688, "dropout_rate": 0.75, "epochs": 116.6294565391998, "hidden_channels": 36.72616969009792, "learning_rate": 0.1, "optimizer": 0.0, "pooling_algorithm": 1.0}, "datetime": {"datetime": "2023-11-30 10:17:30", "elapsed": 105.023412, "delta": 2.178653}}
{"target": 0.9214285714285714, "params": {"activation_function": 0.0, "amount_of_layers": 1.0, "batch_size": 109.98405973751021, "dropout_rate": 0.75, "epochs": 128.2582496287304, "hidden_channels": 31.793204853970213, "learning_rate": 0.1, "optimizer": 0.0, "pooling_algorithm": 1.0}, "datetime": {"datetime": "2023-11-30 10:17:33", "elapsed": 107.235788, "delta": 2.212376}}
{"target": 0.9214285714285715, "params": {"activation_function": 2.0, "amount_of_layers": 1.0, "batch_size": 102.31248242342856, "dropout_rate": 0.75, "epochs": 144.14300582606487, "hidden_channels": 56.018857004670494, "learning_rate": 0.1, "optimizer": 0.0, "pooling_algorithm": 1.0}, "datetime": {"datetime": "2023-11-30 10:17:35", "elapsed": 109.70379, "delta": 2.468002}}
{"target": 0.9107142857142858, "params": {"activation_function": 0.0, "amount_of_layers": 1.0, "batch_size": 91.4688431330676, "dropout_rate": 0.75, "epochs": 134.0742869279222, "hidden_channels": 63.715216751495454, "learning_rate": 0.1, "optimizer": 0.0, "pooling_algorithm": 1.0}, "datetime": {"datetime": "2023-11-30 10:17:37", "elapsed": 112.017923, "delta": 2.314133}}
{"target": 0.5, "params": {"activation_function": 0.37492430755031103, "amount_of_layers": 2.634279694880634, "batch_size": 117.46373596820533, "dropout_rate": 0.38414681374155185, "epochs": 146.1386932773837, "hidden_channels": 44.00282490408332, "learning_rate": 0.09783955610121235, "optimizer": 1.5610500265970422, "pooling_algorithm": 0.5866055220413495}, "datetime": {"datetime": "2023-11-30 10:17:40", "elapsed": 115.090796, "delta": 3.072873}}
{"target": 0.775, "params": {"activation_function": 2.0, "amount_of_layers": 1.0, "batch_size": 89.515052462329, "dropout_rate": 0.75, "epochs": 149.9743244719646, "hidden_channels": 63.687206726656534, "learning_rate": 0.001, "optimizer": 0.0, "pooling_algorithm": 1.0}, "datetime": {"datetime": "2023-11-30 10:17:43", "elapsed": 117.519139, "delta": 2.428343}}
{"target": 0.9035714285714286, "params": {"activation_function": 0.0, "amount_of_layers": 9.0, "batch_size": 107.54679068738773, "dropout_rate": 0.25, "epochs": 116.51945392037187, "hidden_channels": 22.578757733277833, "learning_rate": 0.1, "optimizer": 0.0, "pooling_algorithm": 1.0}, "datetime": {"datetime": "2023-11-30 10:17:47", "elapsed": 121.580643, "delta": 4.061504}}
{"target": 0.4375, "params": {"activation_function": 2.0, "amount_of_layers": 1.0, "batch_size": 121.28210778352586, "dropout_rate": 0.75, "epochs": 113.45959489639999, "hidden_channels": 25.54251062838464, "learning_rate": 0.001, "optimizer": 0.0, "pooling_algorithm": 1.0}, "datetime": {"datetime": "2023-11-30 10:17:49", "elapsed": 123.689064, "delta": 2.108421}}
{"target": 0.9160714285714285, "params": {"activation_function": 0.0, "amount_of_layers": 1.0, "batch_size": 96.2715972346495, "dropout_rate": 0.75, "epochs": 118.2492572295389, "hidden_channels": 22.951870207632194, "learning_rate": 0.1, "optimizer": 0.0, "pooling_algorithm": 1.0}, "datetime": {"datetime": "2023-11-30 10:17:51", "elapsed": 125.782709, "delta": 2.093645}}
{"target": 0.8999999999999999, "params": {"activation_function": 0.0, "amount_of_layers": 9.0, "batch_size": 93.53782335392704, "dropout_rate": 0.25, "epochs": 107.21406361835571, "hidden_channels": 30.512441292864967, "learning_rate": 0.1, "optimizer": 0.0, "pooling_algorithm": 1.0}, "datetime": {"datetime": "2023-11-30 10:17:55", "elapsed": 129.36953, "delta": 3.586821}}
{"target": 0.9214285714285715, "params": {"activation_function": 0.0, "amount_of_layers": 9.0, "batch_size": 95.63702809912091, "dropout_rate": 0.25, "epochs": 106.37746313516548, "hidden_channels": 11.666263315607633, "learning_rate": 0.1, "optimizer": 0.0, "pooling_algorithm": 1.0}, "datetime": {"datetime": "2023-11-30 10:17:58", "elapsed": 132.898378, "delta": 3.528848}}
{"target": 0.9089285714285714, "params": {"activation_function": 0.0, "amount_of_layers": 9.0, "batch_size": 101.32087036949238, "dropout_rate": 0.25, "epochs": 121.69872158801078, "hidden_channels": 5.0, "learning_rate": 0.1, "optimizer": 0.0, "pooling_algorithm": 1.0}, "datetime": {"datetime": "2023-11-30 10:18:02", "elapsed": 136.894812, "delta": 3.996434}}
{"target": 0.5, "params": {"activation_function": 2.0, "amount_of_layers": 9.0, "batch_size": 82.1503918414226, "dropout_rate": 0.25, "epochs": 115.26891039388669, "hidden_channels": 5.0, "learning_rate": 0.1, "optimizer": 2.0, "pooling_algorithm": 1.0}, "datetime": {"datetime": "2023-11-30 10:18:06", "elapsed": 140.794597, "delta": 3.899785}}
{"target": 0.9071428571428571, "params": {"activation_function": 0.0, "amount_of_layers": 1.0, "batch_size": 97.75774577230725, "dropout_rate": 0.25, "epochs": 93.96020342935523, "hidden_channels": 20.22216270909202, "learning_rate": 0.1, "optimizer": 0.0, "pooling_algorithm": 1.0}, "datetime": {"datetime": "2023-11-30 10:18:08", "elapsed": 142.661901, "delta": 1.867304}}
{"target": 0.2607142857142857, "params": {"activation_function": 0.5698993387590132, "amount_of_layers": 6.460749075411862, "batch_size": 106.74783718994217, "dropout_rate": 0.46320694411808944, "epochs": 101.88344176539523, "hidden_channels": 5.452293218962567, "learning_rate": 0.09472214212654323, "optimizer": 1.8813601183854458, "pooling_algorithm": 0.30394174816852293}, "datetime": {"datetime": "2023-11-30 10:18:11", "elapsed": 145.596873, "delta": 2.934972}}
{"target": 0.8392857142857143, "params": {"activation_function": 0.4585276986330793, "amount_of_layers": 5.73136722612908, "batch_size": 86.23395902360981, "dropout_rate": 0.36708515069688197, "epochs": 94.50817672842018, "hidden_channels": 26.64294653787037, "learning_rate": 0.001185408679870626, "optimizer": 1.2589874861049615, "pooling_algorithm": 0.3852761568972751}, "datetime": {"datetime": "2023-11-30 10:18:14", "elapsed": 148.499413, "delta": 2.90254}}
{"target": 0.9071428571428571, "params": {"activation_function": 0.9626339330315656, "amount_of_layers": 7.90160600936021, "batch_size": 106.24025372044231, "dropout_rate": 0.45277592277495154, "epochs": 132.31293958118408, "hidden_channels": 13.566591222659595, "learning_rate": 0.06071079742123603, "optimizer": 0.004314112232838063, "pooling_algorithm": 0.8759713516433784}, "datetime": {"datetime": "2023-11-30 10:18:18", "elapsed": 153.077657, "delta": 4.578244}}
{"target": 0.9214285714285714, "params": {"activation_function": 0.0, "amount_of_layers": 1.0, "batch_size": 100.11527726981632, "dropout_rate": 0.25, "epochs": 93.31725850769203, "hidden_channels": 36.62658229778095, "learning_rate": 0.1, "optimizer": 0.0, "pooling_algorithm": 1.0}, "datetime": {"datetime": "2023-11-30 10:18:20", "elapsed": 154.951296, "delta": 1.873639}}
{"target": 0.9160714285714285, "params": {"activation_function": 0.0, "amount_of_layers": 1.0, "batch_size": 97.82212115816824, "dropout_rate": 0.25, "epochs": 78.24122000937345, "hidden_channels": 29.5490404644899, "learning_rate": 0.1, "optimizer": 0.0, "pooling_algorithm": 1.0}, "datetime": {"datetime": "2023-11-30 10:18:22", "elapsed": 156.599329, "delta": 1.648033}}
{"target": 0.5, "params": {"activation_function": 1.001750063818829, "amount_of_layers": 8.145145752684066, "batch_size": 108.73452751375793, "dropout_rate": 0.25824386030848, "epochs": 77.94662389663779, "hidden_channels": 39.94385370024548, "learning_rate": 0.0852855642805148, "optimizer": 1.1759229430294573, "pooling_algorithm": 0.9333901552842245}, "datetime": {"datetime": "2023-11-30 10:18:25", "elapsed": 159.643564, "delta": 3.044235}}
{"target": 0.9196428571428572, "params": {"activation_function": 0.0, "amount_of_layers": 1.0, "batch_size": 87.86169592921534, "dropout_rate": 0.25, "epochs": 77.6201284131835, "hidden_channels": 17.881259651932638, "learning_rate": 0.1, "optimizer": 0.0, "pooling_algorithm": 1.0}, "datetime": {"datetime": "2023-11-30 10:18:27", "elapsed": 161.398034, "delta": 1.75447}}
