{"target": 0.5, "params": {"activation_function": 0.5660838953330867, "amount_of_layers": 1.0162383966880784, "batch_size": 87.09758089864829, "dropout_rate": 0.29018052078749484, "epochs": 133.92893519542667, "hidden_channels": 99.80090063214358, "learning_rate": 0.0602158183563158, "optimizer": 0.6533671244135122, "pooling_algorithm": 0.6975761529231957}, "datetime": {"datetime": "2023-11-30 11:58:47", "elapsed": 0.0, "delta": 0.0}}
{"target": 0.26071428571428573, "params": {"activation_function": 0.9906890406632947, "amount_of_layers": 8.585787017346199, "batch_size": 92.74118060723235, "dropout_rate": 0.3370885897065502, "epochs": 27.516819252272768, "hidden_channels": 13.415559643420341, "learning_rate": 0.09194630199788663, "optimizer": 1.314377780169596, "pooling_algorithm": 0.41175441405225377}, "datetime": {"datetime": "2023-11-30 11:58:48", "elapsed": 1.016611, "delta": 1.016611}}
{"target": 0.25357142857142856, "params": {"activation_function": 0.8950344348745205, "amount_of_layers": 5.293550856031414, "batch_size": 75.30357106878078, "dropout_rate": 0.6894796532986749, "epochs": 24.6586471017879, "hidden_channels": 80.64354033982671, "learning_rate": 0.03618500860538574, "optimizer": 0.1860618665319962, "pooling_algorithm": 0.035866738019529554}, "datetime": {"datetime": "2023-11-30 11:58:49", "elapsed": 1.86937, "delta": 0.852759}}
{"target": 0.26249999999999996, "params": {"activation_function": 1.4530463396542561, "amount_of_layers": 2.610191110398187, "batch_size": 52.749996689668585, "dropout_rate": 0.2917887427001832, "epochs": 96.39237918309995, "hidden_channels": 117.68932798854229, "learning_rate": 0.014067752126839663, "optimizer": 1.7038022950387564, "pooling_algorithm": 0.026296138790197432}, "datetime": {"datetime": "2023-11-30 11:58:52", "elapsed": 5.327412, "delta": 3.458042}}
{"target": 0.5, "params": {"activation_function": 0.41308387896529575, "amount_of_layers": 3.904546532134858, "batch_size": 72.0155236825195, "dropout_rate": 0.49583230555708313, "epochs": 82.46200572835724, "hidden_channels": 93.34104548319445, "learning_rate": 0.07905922536826811, "optimizer": 1.5308977688523109, "pooling_algorithm": 0.7703039008810543}, "datetime": {"datetime": "2023-11-30 11:58:55", "elapsed": 8.43382, "delta": 3.106408}}
{"target": 0.7535714285714286, "params": {"activation_function": 0.10748151716488286, "amount_of_layers": 7.215379625757178, "batch_size": 132.54535625205727, "dropout_rate": 0.5077339160824588, "epochs": 184.26500272656313, "hidden_channels": 53.816015216725475, "learning_rate": 0.026258144225838862, "optimizer": 1.491039202535124, "pooling_algorithm": 0.2967452012656592}, "datetime": {"datetime": "2023-11-30 11:59:02", "elapsed": 15.148574, "delta": 6.714754}}
{"target": 0.5, "params": {"activation_function": 0.013369890757074288, "amount_of_layers": 3.1935521119177235, "batch_size": 86.85999899809428, "dropout_rate": 0.7056371790060503, "epochs": 98.11842687687114, "hidden_channels": 96.9244369790205, "learning_rate": 0.03188524109216473, "optimizer": 1.3837271567015645, "pooling_algorithm": 0.7219409324911714}, "datetime": {"datetime": "2023-11-30 11:59:05", "elapsed": 17.925606, "delta": 2.777032}}
{"target": 0.09999999999999999, "params": {"activation_function": 1.5367310841423945, "amount_of_layers": 5.81487057631051, "batch_size": 82.4634756100292, "dropout_rate": 0.5107215372712384, "epochs": 79.32527564190448, "hidden_channels": 96.967229506062, "learning_rate": 0.007705941491662438, "optimizer": 1.0774780124520504, "pooling_algorithm": 0.6336222646629501}, "datetime": {"datetime": "2023-11-30 11:59:09", "elapsed": 21.667135, "delta": 3.741529}}
{"target": 0.5321428571428571, "params": {"activation_function": 0.8686428135407975, "amount_of_layers": 2.960352515829703, "batch_size": 17.821339861197067, "dropout_rate": 0.25221427964644116, "epochs": 94.92335663567694, "hidden_channels": 38.800826103067756, "learning_rate": 0.017761199524158253, "optimizer": 0.504730412623466, "pooling_algorithm": 0.7172326411868564}, "datetime": {"datetime": "2023-11-30 11:59:13", "elapsed": 26.499954, "delta": 4.832819}}
{"target": 0.5, "params": {"activation_function": 0.30682912881132407, "amount_of_layers": 3.3063608031974905, "batch_size": 35.191063978816544, "dropout_rate": 0.5847433631711723, "epochs": 80.88911207016194, "hidden_channels": 66.62575204612386, "learning_rate": 0.08951395125486686, "optimizer": 1.7861317539204158, "pooling_algorithm": 0.8763855547557414}, "datetime": {"datetime": "2023-11-30 11:59:16", "elapsed": 29.387664, "delta": 2.88771}}
{"target": 0.905357142857143, "params": {"activation_function": 1.126315534663323, "amount_of_layers": 5.11494105430317, "batch_size": 84.0067408933993, "dropout_rate": 0.3162370221205299, "epochs": 174.49965382717906, "hidden_channels": 22.903494847713105, "learning_rate": 0.014252012127748903, "optimizer": 1.4957982793276747, "pooling_algorithm": 0.8748106588218832}, "datetime": {"datetime": "2023-11-30 11:59:20", "elapsed": 33.611387, "delta": 4.223723}}
{"target": 0.20178571428571426, "params": {"activation_function": 0.3777204884364036, "amount_of_layers": 6.066523055870295, "batch_size": 27.148847785018724, "dropout_rate": 0.3391036106110945, "epochs": 197.01000916769618, "hidden_channels": 77.05937745498979, "learning_rate": 0.03387276876493185, "optimizer": 0.7973590648663078, "pooling_algorithm": 0.26046586531457383}, "datetime": {"datetime": "2023-11-30 11:59:33", "elapsed": 46.106591, "delta": 12.495204}}
{"target": 0.2571428571428571, "params": {"activation_function": 0.9776555149828345, "amount_of_layers": 7.867720551690691, "batch_size": 37.751097454631974, "dropout_rate": 0.5535294791530121, "epochs": 20.05119165966186, "hidden_channels": 99.82902462904339, "learning_rate": 0.005414886556333706, "optimizer": 0.8762557697471616, "pooling_algorithm": 0.18797081120686332}, "datetime": {"datetime": "2023-11-30 11:59:34", "elapsed": 47.507342, "delta": 1.400751}}
{"target": 0.7410714285714286, "params": {"activation_function": 1.2919951516047152, "amount_of_layers": 4.409850677608491, "batch_size": 128.37525364059405, "dropout_rate": 0.6594345994495024, "epochs": 162.169263254682, "hidden_channels": 54.04408908263488, "learning_rate": 0.033220083725435244, "optimizer": 1.5922334682965698, "pooling_algorithm": 0.028355948710611423}, "datetime": {"datetime": "2023-11-30 11:59:39", "elapsed": 51.755562, "delta": 4.24822}}
{"target": 0.9, "params": {"activation_function": 1.4556653210758776, "amount_of_layers": 3.363908844992805, "batch_size": 121.33751146937705, "dropout_rate": 0.6006042280666863, "epochs": 105.69303508631816, "hidden_channels": 20.147626066486424, "learning_rate": 0.020300379007630247, "optimizer": 0.5659379512275038, "pooling_algorithm": 0.9253456836071263}, "datetime": {"datetime": "2023-11-30 11:59:41", "elapsed": 53.829548, "delta": 2.073986}}
{"target": 0.8035714285714285, "params": {"activation_function": 0.3835757433860352, "amount_of_layers": 8.139133899909037, "batch_size": 88.3664488915969, "dropout_rate": 0.7348893282625155, "epochs": 167.4716318892539, "hidden_channels": 81.59047506395578, "learning_rate": 0.021979705485224717, "optimizer": 0.642426754966946, "pooling_algorithm": 0.19101805643707237}, "datetime": {"datetime": "2023-11-30 11:59:49", "elapsed": 61.762131, "delta": 7.932583}}
{"target": 0.9267857142857143, "params": {"activation_function": 1.9033767740113932, "amount_of_layers": 1.0866725902131646, "batch_size": 56.58185586355404, "dropout_rate": 0.5761379408512597, "epochs": 131.01603886013885, "hidden_channels": 120.28212439360259, "learning_rate": 0.005208859447648314, "optimizer": 0.42939537951970164, "pooling_algorithm": 0.6293041922434564}, "datetime": {"datetime": "2023-11-30 11:59:51", "elapsed": 64.635687, "delta": 2.873556}}
{"target": 0.7928571428571428, "params": {"activation_function": 1.9175937844366053, "amount_of_layers": 8.373224979600021, "batch_size": 36.447446913827605, "dropout_rate": 0.618088927953996, "epochs": 101.86734075815146, "hidden_channels": 62.81137213492209, "learning_rate": 0.018005789637971767, "optimizer": 0.4851953346564579, "pooling_algorithm": 0.1098237786780617}, "datetime": {"datetime": "2023-11-30 11:59:58", "elapsed": 70.721918, "delta": 6.086231}}
{"target": 0.5, "params": {"activation_function": 0.9509491789121947, "amount_of_layers": 6.437612971121461, "batch_size": 110.4357152284053, "dropout_rate": 0.3113055189091819, "epochs": 149.11363948859224, "hidden_channels": 111.30864078496619, "learning_rate": 0.0598641669717109, "optimizer": 0.5946426508409604, "pooling_algorithm": 0.5640243899903575}, "datetime": {"datetime": "2023-11-30 12:00:06", "elapsed": 78.827077, "delta": 8.105159}}
{"target": 0.9, "params": {"activation_function": 0.7902145003093317, "amount_of_layers": 4.914511843621946, "batch_size": 143.35283961000314, "dropout_rate": 0.42523069945090475, "epochs": 80.5737872249632, "hidden_channels": 17.70810170788254, "learning_rate": 0.08776016471632667, "optimizer": 0.4404924434279174, "pooling_algorithm": 0.7503460661822503}, "datetime": {"datetime": "2023-11-30 12:00:08", "elapsed": 80.849597, "delta": 2.02252}}
{"target": 0.9035714285714286, "params": {"activation_function": 1.4812630249530379, "amount_of_layers": 7.046152477837076, "batch_size": 57.91996478291817, "dropout_rate": 0.5741920907138081, "epochs": 136.32765272292335, "hidden_channels": 122.50176177644273, "learning_rate": 0.004113635392334984, "optimizer": 0.23605585442992272, "pooling_algorithm": 0.8301722965691131}, "datetime": {"datetime": "2023-11-30 12:00:17", "elapsed": 89.771252, "delta": 8.921655}}
{"target": 0.5, "params": {"activation_function": 1.1281657219239174, "amount_of_layers": 4.160759952294868, "batch_size": 132.76083096800323, "dropout_rate": 0.5065207585397506, "epochs": 93.51103231853338, "hidden_channels": 18.804553286166744, "learning_rate": 0.057150351252311306, "optimizer": 0.5064072240718402, "pooling_algorithm": 0.8330086696818999}, "datetime": {"datetime": "2023-11-30 12:00:20", "elapsed": 93.378419, "delta": 3.607167}}
{"target": 0.7875000000000001, "params": {"activation_function": 2.0, "amount_of_layers": 1.0, "batch_size": 50.597947468636185, "dropout_rate": 0.6699691246178128, "epochs": 138.94206455515777, "hidden_channels": 118.77484284051187, "learning_rate": 0.014787730686841976, "optimizer": 0.299650323728643, "pooling_algorithm": 0.48996901450708286}, "datetime": {"datetime": "2023-11-30 12:00:24", "elapsed": 97.078339, "delta": 3.69992}}
{"target": 0.8999999999999999, "params": {"activation_function": 0.7669181041355901, "amount_of_layers": 3.7445870018860345, "batch_size": 84.12349111739793, "dropout_rate": 0.3399542399826383, "epochs": 174.28355498985852, "hidden_channels": 22.751662620784085, "learning_rate": 0.028546683678657026, "optimizer": 0.02709759884160512, "pooling_algorithm": 0.7748175238205267}, "datetime": {"datetime": "2023-11-30 12:00:28", "elapsed": 100.746279, "delta": 3.66794}}
{"target": 0.875, "params": {"activation_function": 1.7089775654490371, "amount_of_layers": 2.753209183036266, "batch_size": 112.32481844332531, "dropout_rate": 0.6749646628940346, "epochs": 115.47900954551162, "hidden_channels": 21.322057777772923, "learning_rate": 0.001, "optimizer": 0.6148161977836285, "pooling_algorithm": 0.990985571022849}, "datetime": {"datetime": "2023-11-30 12:00:31", "elapsed": 103.717326, "delta": 2.971047}}
{"target": 0.9071428571428571, "params": {"activation_function": 0.43844893733136325, "amount_of_layers": 5.72404493865022, "batch_size": 150.0, "dropout_rate": 0.3467339576678394, "epochs": 67.3700388725432, "hidden_channels": 16.579637006517686, "learning_rate": 0.1, "optimizer": 0.37024855186839667, "pooling_algorithm": 0.6661305332706023}, "datetime": {"datetime": "2023-11-30 12:00:33", "elapsed": 106.030333, "delta": 2.313007}}
{"target": 0.7892857142857143, "params": {"activation_function": 0.0004664717896051265, "amount_of_layers": 4.2871759851526825, "batch_size": 150.0, "dropout_rate": 0.2837092783170181, "epochs": 73.93633610838309, "hidden_channels": 32.24156820211523, "learning_rate": 0.1, "optimizer": 0.021475242479506208, "pooling_algorithm": 0.37491819710918567}, "datetime": {"datetime": "2023-11-30 12:00:35", "elapsed": 107.797974, "delta": 1.767641}}
{"target": 0.5, "params": {"activation_function": 0.9822584528973742, "amount_of_layers": 5.960250486215434, "batch_size": 95.29044662418632, "dropout_rate": 0.448143615730443, "epochs": 172.57162192478393, "hidden_channels": 38.58372722219048, "learning_rate": 0.01612156488237199, "optimizer": 1.624124617681477, "pooling_algorithm": 0.6358783663970141}, "datetime": {"datetime": "2023-11-30 12:00:41", "elapsed": 114.403898, "delta": 6.605924}}
{"target": 0.8714285714285714, "params": {"activation_function": 1.5758719463157704, "amount_of_layers": 5.622038060269693, "batch_size": 74.6030954406214, "dropout_rate": 0.25, "epochs": 176.0329650521784, "hidden_channels": 9.970257282443377, "learning_rate": 0.001, "optimizer": 2.0, "pooling_algorithm": 1.0}, "datetime": {"datetime": "2023-11-30 12:00:46", "elapsed": 119.523165, "delta": 5.119267}}
{"target": 0.8964285714285714, "params": {"activation_function": 2.0, "amount_of_layers": 8.192921063859663, "batch_size": 84.98336321187678, "dropout_rate": 0.25, "epochs": 160.9302210021147, "hidden_channels": 11.557484225248928, "learning_rate": 0.001, "optimizer": 2.0, "pooling_algorithm": 1.0}, "datetime": {"datetime": "2023-11-30 12:00:52", "elapsed": 125.335309, "delta": 5.812144}}
{"target": 0.5, "params": {"activation_function": 1.2600502729064829, "amount_of_layers": 5.90630728039206, "batch_size": 69.31677273515076, "dropout_rate": 0.25, "epochs": 162.23279542068414, "hidden_channels": 22.812620955830653, "learning_rate": 0.049445501400101066, "optimizer": 2.0, "pooling_algorithm": 1.0}, "datetime": {"datetime": "2023-11-30 12:00:59", "elapsed": 132.233309, "delta": 6.898}}
{"target": 0.8285714285714286, "params": {"activation_function": 1.85976728248652, "amount_of_layers": 6.819142402388266, "batch_size": 92.2003972339457, "dropout_rate": 0.25, "epochs": 176.56555675328102, "hidden_channels": 8.223542813860947, "learning_rate": 0.001, "optimizer": 2.0, "pooling_algorithm": 1.0}, "datetime": {"datetime": "2023-11-30 12:01:05", "elapsed": 137.756192, "delta": 5.522883}}
{"target": 0.8982142857142857, "params": {"activation_function": 2.0, "amount_of_layers": 1.0, "batch_size": 134.37649607650152, "dropout_rate": 0.75, "epochs": 65.34529969087419, "hidden_channels": 17.559255058887928, "learning_rate": 0.001, "optimizer": 0.5456053245601759, "pooling_algorithm": 1.0}, "datetime": {"datetime": "2023-11-30 12:01:06", "elapsed": 139.281228, "delta": 1.525036}}
{"target": 0.32499999999999996, "params": {"activation_function": 2.0, "amount_of_layers": 9.0, "batch_size": 139.79180345493393, "dropout_rate": 0.75, "epochs": 70.5504307971598, "hidden_channels": 5.0, "learning_rate": 0.1, "optimizer": 2.0, "pooling_algorithm": 1.0}, "datetime": {"datetime": "2023-11-30 12:01:09", "elapsed": 142.1832, "delta": 2.901972}}
{"target": 0.4160714285714286, "params": {"activation_function": 0.0, "amount_of_layers": 1.0, "batch_size": 142.97071120787078, "dropout_rate": 0.25, "epochs": 58.82181786462627, "hidden_channels": 26.40791757096611, "learning_rate": 0.001, "optimizer": 0.0, "pooling_algorithm": 1.0}, "datetime": {"datetime": "2023-11-30 12:01:11", "elapsed": 143.972057, "delta": 1.788857}}
{"target": 0.7857142857142857, "params": {"activation_function": 0.0, "amount_of_layers": 7.345044935867187, "batch_size": 82.58786120615841, "dropout_rate": 0.75, "epochs": 184.3296979081551, "hidden_channels": 15.973315905484093, "learning_rate": 0.1, "optimizer": 0.0, "pooling_algorithm": 0.0}, "datetime": {"datetime": "2023-11-30 12:01:16", "elapsed": 149.489891, "delta": 5.517834}}
{"target": 0.8428571428571429, "params": {"activation_function": 0.0, "amount_of_layers": 9.0, "batch_size": 92.08632270144922, "dropout_rate": 0.25, "epochs": 167.65656079467186, "hidden_channels": 17.545599307457014, "learning_rate": 0.1, "optimizer": 0.0, "pooling_algorithm": 0.0}, "datetime": {"datetime": "2023-11-30 12:01:22", "elapsed": 155.465731, "delta": 5.97584}}
{"target": 0.7964285714285714, "params": {"activation_function": 0.37893739529228077, "amount_of_layers": 2.377480088525326, "batch_size": 125.65299380520881, "dropout_rate": 0.6553053667859325, "epochs": 114.98303533873987, "hidden_channels": 27.895588933958035, "learning_rate": 0.06105892544022104, "optimizer": 0.38997449730332834, "pooling_algorithm": 0.07055203647038777}, "datetime": {"datetime": "2023-11-30 12:01:25", "elapsed": 158.112652, "delta": 2.646921}}
{"target": 0.9017857142857143, "params": {"activation_function": 0.9495539413400199, "amount_of_layers": 1.0, "batch_size": 111.79199004773197, "dropout_rate": 0.6325702779846721, "epochs": 104.13846289815125, "hidden_channels": 29.345064227385592, "learning_rate": 0.022320507445035834, "optimizer": 0.22670576941005832, "pooling_algorithm": 0.5455019743583593}, "datetime": {"datetime": "2023-11-30 12:01:27", "elapsed": 160.246829, "delta": 2.134177}}
{"target": 0.3946428571428572, "params": {"activation_function": 0.0, "amount_of_layers": 1.0, "batch_size": 107.86354668963092, "dropout_rate": 0.75, "epochs": 102.60860234513257, "hidden_channels": 15.502232450228496, "learning_rate": 0.1, "optimizer": 2.0, "pooling_algorithm": 0.0}, "datetime": {"datetime": "2023-11-30 12:01:29", "elapsed": 162.362812, "delta": 2.115983}}
{"target": 0.9214285714285714, "params": {"activation_function": 2.0, "amount_of_layers": 9.0, "batch_size": 116.34112970055112, "dropout_rate": 0.25, "epochs": 109.61913700420293, "hidden_channels": 29.719978141695, "learning_rate": 0.001, "optimizer": 0.0, "pooling_algorithm": 1.0}, "datetime": {"datetime": "2023-11-30 12:01:34", "elapsed": 166.916577, "delta": 4.553765}}
{"target": 0.5089285714285714, "params": {"activation_function": 2.0, "amount_of_layers": 1.0, "batch_size": 110.2807905774387, "dropout_rate": 0.75, "epochs": 115.60516396247614, "hidden_channels": 35.92327749539255, "learning_rate": 0.001, "optimizer": 0.0, "pooling_algorithm": 1.0}, "datetime": {"datetime": "2023-11-30 12:01:36", "elapsed": 169.521366, "delta": 2.604789}}
{"target": 0.8875, "params": {"activation_function": 2.0, "amount_of_layers": 1.0, "batch_size": 84.15605235324338, "dropout_rate": 0.25, "epochs": 170.05579825605687, "hidden_channels": 11.878404479784113, "learning_rate": 0.001, "optimizer": 2.0, "pooling_algorithm": 1.0}, "datetime": {"datetime": "2023-11-30 12:01:39", "elapsed": 172.480913, "delta": 2.959547}}
{"target": 0.8821428571428571, "params": {"activation_function": 2.0, "amount_of_layers": 9.0, "batch_size": 121.67817654129075, "dropout_rate": 0.25, "epochs": 116.35201266410473, "hidden_channels": 17.06256907916961, "learning_rate": 0.001, "optimizer": 0.0, "pooling_algorithm": 1.0}, "datetime": {"datetime": "2023-11-30 12:01:44", "elapsed": 176.669092, "delta": 4.188179}}
{"target": 0.8678571428571429, "params": {"activation_function": 2.0, "amount_of_layers": 7.557459469705753, "batch_size": 118.6534664616704, "dropout_rate": 0.25, "epochs": 97.7979125343297, "hidden_channels": 34.26551111891317, "learning_rate": 0.001, "optimizer": 0.0, "pooling_algorithm": 1.0}, "datetime": {"datetime": "2023-11-30 12:01:47", "elapsed": 180.309396, "delta": 3.640304}}
{"target": 0.9035714285714285, "params": {"activation_function": 0.0, "amount_of_layers": 9.0, "batch_size": 59.55400785312033, "dropout_rate": 0.75, "epochs": 130.18937870529237, "hidden_channels": 110.94286792457285, "learning_rate": 0.001, "optimizer": 0.0, "pooling_algorithm": 1.0}, "datetime": {"datetime": "2023-11-30 12:01:57", "elapsed": 189.647022, "delta": 9.337626}}
{"target": 0.5, "params": {"activation_function": 0.4525166777659053, "amount_of_layers": 4.1107061992085265, "batch_size": 65.99482046509868, "dropout_rate": 0.3872268129655471, "epochs": 124.4980545918172, "hidden_channels": 122.86550233553184, "learning_rate": 0.06723743739607907, "optimizer": 0.9429911678417486, "pooling_algorithm": 0.6749508459438233}, "datetime": {"datetime": "2023-11-30 12:02:03", "elapsed": 195.766517, "delta": 6.119495}}
{"target": 0.5, "params": {"activation_function": 0.4200922722946947, "amount_of_layers": 8.388800695431222, "batch_size": 51.40603833673709, "dropout_rate": 0.4351430581441172, "epochs": 131.26615193006467, "hidden_channels": 116.56991086829946, "learning_rate": 0.02238095452228657, "optimizer": 1.666822995498066, "pooling_algorithm": 0.3942965757798427}, "datetime": {"datetime": "2023-11-30 12:02:11", "elapsed": 204.581297, "delta": 8.81478}}
{"target": 0.9, "params": {"activation_function": 1.4828270224556286, "amount_of_layers": 4.837631440261906, "batch_size": 63.80721773748589, "dropout_rate": 0.6007678371104807, "epochs": 141.03047732160786, "hidden_channels": 113.1670089000728, "learning_rate": 0.05980093479201318, "optimizer": 0.4697457900479609, "pooling_algorithm": 0.8291072833032697}, "datetime": {"datetime": "2023-11-30 12:02:18", "elapsed": 211.248504, "delta": 6.667207}}
{"target": 0.905357142857143, "params": {"activation_function": 2.0, "amount_of_layers": 1.0, "batch_size": 61.87037667205963, "dropout_rate": 0.75, "epochs": 132.67977509801102, "hidden_channels": 107.15700116971405, "learning_rate": 0.001, "optimizer": 0.0, "pooling_algorithm": 1.0}, "datetime": {"datetime": "2023-11-30 12:02:22", "elapsed": 214.724138, "delta": 3.475634}}
{"target": 0.23392857142857143, "params": {"activation_function": 2.0, "amount_of_layers": 1.0, "batch_size": 138.05371990464667, "dropout_rate": 0.75, "epochs": 74.64859578774343, "hidden_channels": 23.28587265126313, "learning_rate": 0.1, "optimizer": 0.0, "pooling_algorithm": 0.0}, "datetime": {"datetime": "2023-11-30 12:02:23", "elapsed": 216.188592, "delta": 1.464454}}
