{"target": 0.5, "params": {"activation_function": 0.5783257583350958, "amount_of_layers": 6.550858027118766, "batch_size": 66.1336433419292, "dropout_rate": 0.6701311509249368, "epochs": 187.21504467348115, "hidden_channels": 36.14932238252797, "learning_rate": 0.09273497951905049, "optimizer": 1.4045383254171395, "pooling_algorithm": 0.9320704942100606}, "datetime": {"datetime": "2023-11-30 09:57:01", "elapsed": 172.624863, "delta": 7.416822}}
{"target": 0.9178571428571429, "params": {"activation_function": 1.3932158182695507, "amount_of_layers": 6.830604832818407, "batch_size": 142.6684147889153, "dropout_rate": 0.29067760313808055, "epochs": 12.979394290440418, "hidden_channels": 58.13534187003455, "learning_rate": 0.007212292969054459, "optimizer": 0.8824461351579578, "pooling_algorithm": 0.6729986572471108}, "datetime": {"datetime": "2023-11-30 09:57:01", "elapsed": 173.236147, "delta": 0.611284}}
{"target": 0.9035714285714287, "params": {"activation_function": 0.5726909723813852, "amount_of_layers": 7.709804150963346, "batch_size": 139.35099264167067, "dropout_rate": 0.49433225762531385, "epochs": 15.095006728199921, "hidden_channels": 37.12655846319977, "learning_rate": 0.02677692265316485, "optimizer": 0.2556973174931493, "pooling_algorithm": 0.7779170463793493}, "datetime": {"datetime": "2023-11-30 09:57:02", "elapsed": 173.932054, "delta": 0.695907}}
{"target": 0.9071428571428571, "params": {"activation_function": 0.11641741430766457, "amount_of_layers": 3.1047448973510816, "batch_size": 136.2476940523624, "dropout_rate": 0.4677543376212049, "epochs": 10.0, "hidden_channels": 48.29510887528393, "learning_rate": 0.1, "optimizer": 0.0, "pooling_algorithm": 1.0}, "datetime": {"datetime": "2023-11-30 09:57:03", "elapsed": 174.46364, "delta": 0.531586}}
{"target": 0.9071428571428571, "params": {"activation_function": 1.4358872240128475, "amount_of_layers": 1.0, "batch_size": 54.5250072075186, "dropout_rate": 0.5627174650928245, "epochs": 171.33330072557908, "hidden_channels": 48.231641225040065, "learning_rate": 0.001, "optimizer": 0.47214037106284656, "pooling_algorithm": 1.0}, "datetime": {"datetime": "2023-11-30 09:57:06", "elapsed": 177.420343, "delta": 2.956703}}
{"target": 0.9142857142857144, "params": {"activation_function": 2.0, "amount_of_layers": 9.0, "batch_size": 128.57221375515655, "dropout_rate": 0.75, "epochs": 18.57638578570482, "hidden_channels": 52.03300991468526, "learning_rate": 0.04512045456127455, "optimizer": 0.0, "pooling_algorithm": 0.9483435064777932}, "datetime": {"datetime": "2023-11-30 09:57:07", "elapsed": 178.34196, "delta": 0.921617}}
{"target": 0.8892857142857143, "params": {"activation_function": 1.991624477298541, "amount_of_layers": 6.0215248025667405, "batch_size": 133.3647803908051, "dropout_rate": 0.7097600466228041, "epochs": 30.307841370190143, "hidden_channels": 42.84910053617426, "learning_rate": 0.1, "optimizer": 0.0, "pooling_algorithm": 1.0}, "datetime": {"datetime": "2023-11-30 09:57:08", "elapsed": 179.326236, "delta": 0.984276}}
{"target": 0.9089285714285714, "params": {"activation_function": 0.9460136067770502, "amount_of_layers": 1.0, "batch_size": 66.19689274590813, "dropout_rate": 0.75, "epochs": 168.27571735813518, "hidden_channels": 56.650504060924696, "learning_rate": 0.001, "optimizer": 0.6271527682213051, "pooling_algorithm": 1.0}, "datetime": {"datetime": "2023-11-30 09:57:11", "elapsed": 182.590611, "delta": 3.264375}}
{"target": 0.8964285714285715, "params": {"activation_function": 1.2554733985814102, "amount_of_layers": 4.405510365189836, "batch_size": 128.4681821418046, "dropout_rate": 0.25, "epochs": 57.19657989292205, "hidden_channels": 92.36804243182517, "learning_rate": 0.1, "optimizer": 0.0, "pooling_algorithm": 1.0}, "datetime": {"datetime": "2023-11-30 09:57:13", "elapsed": 184.370953, "delta": 1.780342}}
{"target": 0.9178571428571429, "params": {"activation_function": 2.0, "amount_of_layers": 4.768740469722387, "batch_size": 119.24192712877154, "dropout_rate": 0.25, "epochs": 69.8686241144734, "hidden_channels": 87.112517576598, "learning_rate": 0.09081506662228431, "optimizer": 0.0, "pooling_algorithm": 0.6466492597989103}, "datetime": {"datetime": "2023-11-30 09:57:15", "elapsed": 186.752953, "delta": 2.382}}
{"target": 0.9, "params": {"activation_function": 1.3986246845209738, "amount_of_layers": 7.658290582973886, "batch_size": 111.61150679254213, "dropout_rate": 0.40171704129029284, "epochs": 59.53820958210487, "hidden_channels": 93.82101623893361, "learning_rate": 0.005470394167017279, "optimizer": 1.2776845805339974, "pooling_algorithm": 0.5853212005582681}, "datetime": {"datetime": "2023-11-30 09:57:18", "elapsed": 189.790802, "delta": 3.037849}}
{"target": 0.9142857142857143, "params": {"activation_function": 0.8353203814302153, "amount_of_layers": 1.2421986879229063, "batch_size": 66.76743756285066, "dropout_rate": 0.6719836580429179, "epochs": 193.36090912827396, "hidden_channels": 10.177555343241643, "learning_rate": 0.097734162190438, "optimizer": 0.41704993921182676, "pooling_algorithm": 0.9344595006307163}, "datetime": {"datetime": "2023-11-30 09:57:21", "elapsed": 192.926562, "delta": 3.13576}}
{"target": 0.7982142857142858, "params": {"activation_function": 0.49507132515785246, "amount_of_layers": 1.0926257844674163, "batch_size": 37.54509019264077, "dropout_rate": 0.3402221448410085, "epochs": 181.82139686416699, "hidden_channels": 41.67000495633242, "learning_rate": 0.023306786732697427, "optimizer": 0.7600500034809643, "pooling_algorithm": 0.36402714793576707}, "datetime": {"datetime": "2023-11-30 09:57:25", "elapsed": 196.70143, "delta": 3.774868}}
{"target": 0.9035714285714286, "params": {"activation_function": 2.0, "amount_of_layers": 4.9865207543513215, "batch_size": 45.46706022571027, "dropout_rate": 0.75, "epochs": 171.0497076428715, "hidden_channels": 89.09327860720548, "learning_rate": 0.01423127526819428, "optimizer": 0.0, "pooling_algorithm": 1.0}, "datetime": {"datetime": "2023-11-30 09:57:32", "elapsed": 203.514689, "delta": 6.813259}}
{"target": 0.55, "params": {"activation_function": 1.757925430645582, "amount_of_layers": 1.598327787936948, "batch_size": 78.23512336075862, "dropout_rate": 0.4520996821760749, "epochs": 197.94580833828005, "hidden_channels": 17.13146867782185, "learning_rate": 0.04601437418407141, "optimizer": 1.4470296465968122, "pooling_algorithm": 0.9504957555121248}, "datetime": {"datetime": "2023-11-30 09:57:35", "elapsed": 206.933597, "delta": 3.418908}}
{"target": 0.5, "params": {"activation_function": 0.8228837431661928, "amount_of_layers": 2.007810553592023, "batch_size": 56.506557788038414, "dropout_rate": 0.5969490890528918, "epochs": 182.3886623951434, "hidden_channels": 16.016118687475398, "learning_rate": 0.06136955516968316, "optimizer": 1.4986443921196937, "pooling_algorithm": 0.6982533947947598}, "datetime": {"datetime": "2023-11-30 09:57:39", "elapsed": 210.909103, "delta": 3.975506}}
{"target": 0.8089285714285714, "params": {"activation_function": 2.0, "amount_of_layers": 1.0, "batch_size": 117.59697825882472, "dropout_rate": 0.3581127924071597, "epochs": 57.15198172442289, "hidden_channels": 83.64443128824661, "learning_rate": 0.1, "optimizer": 0.0, "pooling_algorithm": 0.0}, "datetime": {"datetime": "2023-11-30 09:57:40", "elapsed": 212.04579, "delta": 1.136687}}
{"target": 0.8285714285714286, "params": {"activation_function": 1.3916221285470596, "amount_of_layers": 3.4948017139758925, "batch_size": 57.869666675779804, "dropout_rate": 0.45800792051456096, "epochs": 199.4255874718582, "hidden_channels": 51.48279057584029, "learning_rate": 0.01333981786090976, "optimizer": 0.6752279963011469, "pooling_algorithm": 0.28585892691091463}, "datetime": {"datetime": "2023-11-30 09:57:46", "elapsed": 217.648381, "delta": 5.602591}}
{"target": 0.8999999999999999, "params": {"activation_function": 1.3264589762111865, "amount_of_layers": 4.988215979552518, "batch_size": 42.812176678182475, "dropout_rate": 0.37656326553440256, "epochs": 163.8773284407589, "hidden_channels": 77.45771656488463, "learning_rate": 0.040946813231541625, "optimizer": 0.3549513018496959, "pooling_algorithm": 0.6854949637816424}, "datetime": {"datetime": "2023-11-30 09:57:53", "elapsed": 224.899397, "delta": 7.251016}}
{"target": 0.7464285714285714, "params": {"activation_function": 2.0, "amount_of_layers": 9.0, "batch_size": 150.0, "dropout_rate": 0.75, "epochs": 10.0, "hidden_channels": 46.141616369500944, "learning_rate": 0.1, "optimizer": 0.0, "pooling_algorithm": 0.0}, "datetime": {"datetime": "2023-11-30 09:57:54", "elapsed": 225.455815, "delta": 0.556418}}
{"target": 0.9107142857142857, "params": {"activation_function": 1.7813985025367838, "amount_of_layers": 8.506775784632229, "batch_size": 31.28099642965903, "dropout_rate": 0.5625090372633224, "epochs": 165.58650804958697, "hidden_channels": 86.0811878873326, "learning_rate": 0.009594010688799243, "optimizer": 0.4724996300396007, "pooling_algorithm": 0.9873351362580479}, "datetime": {"datetime": "2023-11-30 09:58:05", "elapsed": 236.751898, "delta": 11.296083}}
{"target": 0.9107142857142858, "params": {"activation_function": 2.0, "amount_of_layers": 2.9445190565037573, "batch_size": 30.573569246328603, "dropout_rate": 0.75, "epochs": 152.96113548644755, "hidden_channels": 77.76714251547172, "learning_rate": 0.029130140301828228, "optimizer": 0.0, "pooling_algorithm": 1.0}, "datetime": {"datetime": "2023-11-30 09:58:10", "elapsed": 242.134591, "delta": 5.382693}}
{"target": 0.23928571428571432, "params": {"activation_function": 0.0, "amount_of_layers": 1.0, "batch_size": 143.49333682425709, "dropout_rate": 0.25, "epochs": 10.0, "hidden_channels": 74.50957414342426, "learning_rate": 0.09609942135758333, "optimizer": 0.0, "pooling_algorithm": 0.0}, "datetime": {"datetime": "2023-11-30 09:58:11", "elapsed": 242.693338, "delta": 0.558747}}
{"target": 0.35, "params": {"activation_function": 1.7656464130040255, "amount_of_layers": 4.205746010742239, "batch_size": 134.70171922187575, "dropout_rate": 0.6083209630593897, "epochs": 29.778716905579664, "hidden_channels": 56.394225212245935, "learning_rate": 0.04329361062791199, "optimizer": 1.876420651562609, "pooling_algorithm": 0.6702302478650958}, "datetime": {"datetime": "2023-11-30 09:58:12", "elapsed": 243.670483, "delta": 0.977145}}
{"target": 0.8250000000000001, "params": {"activation_function": 0.0, "amount_of_layers": 9.0, "batch_size": 121.90941352667076, "dropout_rate": 0.75, "epochs": 64.74077051133933, "hidden_channels": 94.83803286566449, "learning_rate": 0.001, "optimizer": 2.0, "pooling_algorithm": 0.0}, "datetime": {"datetime": "2023-11-30 09:58:15", "elapsed": 247.012736, "delta": 3.342253}}
{"target": 0.6357142857142857, "params": {"activation_function": 0.228354763566061, "amount_of_layers": 3.1467297549387263, "batch_size": 130.35017191421895, "dropout_rate": 0.713772342633906, "epochs": 21.504404906021467, "hidden_channels": 33.10378431312103, "learning_rate": 0.09813423279198319, "optimizer": 1.9633428724746107, "pooling_algorithm": 0.055147288839777264}, "datetime": {"datetime": "2023-11-30 09:58:16", "elapsed": 247.647825, "delta": 0.635089}}
{"target": 0.3678571428571429, "params": {"activation_function": 2.0, "amount_of_layers": 9.0, "batch_size": 131.46428261428076, "dropout_rate": 0.25, "epochs": 10.0, "hidden_channels": 56.12087194988736, "learning_rate": 0.001, "optimizer": 0.0, "pooling_algorithm": 1.0}, "datetime": {"datetime": "2023-11-30 09:58:16", "elapsed": 248.2709, "delta": 0.623075}}
{"target": 0.9071428571428573, "params": {"activation_function": 0.5908004983798811, "amount_of_layers": 8.25059309754006, "batch_size": 35.54081872843428, "dropout_rate": 0.5254107743456993, "epochs": 157.60320298247066, "hidden_channels": 83.38540918622557, "learning_rate": 0.0734278343219599, "optimizer": 0.09710682439714557, "pooling_algorithm": 0.7685120095546286}, "datetime": {"datetime": "2023-11-30 09:58:26", "elapsed": 258.046826, "delta": 9.775926}}
{"target": 0.9071428571428571, "params": {"activation_function": 2.0, "amount_of_layers": 5.352046727433338, "batch_size": 40.32201801992427, "dropout_rate": 0.6869965702433438, "epochs": 163.4760124674866, "hidden_channels": 86.34920935030631, "learning_rate": 0.022118607868699274, "optimizer": 0.21928856974682803, "pooling_algorithm": 0.9487054411240022}, "datetime": {"datetime": "2023-11-30 09:58:33", "elapsed": 264.633139, "delta": 6.586313}}
{"target": 0.2625, "params": {"activation_function": 1.3706538310841077, "amount_of_layers": 8.524320067498888, "batch_size": 135.8842487873389, "dropout_rate": 0.4821851778768429, "epochs": 19.521842572842225, "hidden_channels": 43.42734544386412, "learning_rate": 0.0461640135137791, "optimizer": 1.369033925428112, "pooling_algorithm": 0.2788662680498837}, "datetime": {"datetime": "2023-11-30 09:58:34", "elapsed": 265.574463, "delta": 0.941324}}
{"target": 0.7375, "params": {"activation_function": 0.8985186247672019, "amount_of_layers": 5.898010871942692, "batch_size": 43.935143882470925, "dropout_rate": 0.30646262523309126, "epochs": 164.56993713082977, "hidden_channels": 82.15300516806411, "learning_rate": 0.017355451638619852, "optimizer": 0.6555011999090012, "pooling_algorithm": 0.40186384798814934}, "datetime": {"datetime": "2023-11-30 09:58:42", "elapsed": 273.748713, "delta": 8.17425}}
{"target": 0.3, "params": {"activation_function": 1.9879183828925924, "amount_of_layers": 6.003175971302625, "batch_size": 34.87933673934362, "dropout_rate": 0.26451140675258217, "epochs": 162.49882133462808, "hidden_channels": 87.64548626542513, "learning_rate": 0.02188552950871746, "optimizer": 0.8345040357452553, "pooling_algorithm": 0.8040576861833955}, "datetime": {"datetime": "2023-11-30 09:58:51", "elapsed": 282.774804, "delta": 9.026091}}
{"target": 0.5, "params": {"activation_function": 0.2282983613613101, "amount_of_layers": 9.0, "batch_size": 116.61921799009043, "dropout_rate": 0.5377631687269859, "epochs": 84.45736048635489, "hidden_channels": 126.00291990639748, "learning_rate": 0.03855795472299362, "optimizer": 0.5354778813347922, "pooling_algorithm": 0.9749632442983697}, "datetime": {"datetime": "2023-11-30 09:58:56", "elapsed": 287.97164, "delta": 5.196836}}
{"target": 0.26249999999999996, "params": {"activation_function": 1.0382370178670008, "amount_of_layers": 3.5506086133178574, "batch_size": 65.59185719539286, "dropout_rate": 0.569610757176662, "epochs": 79.95357137765055, "hidden_channels": 54.20421743153951, "learning_rate": 0.08231248206717434, "optimizer": 0.8477270248061048, "pooling_algorithm": 0.26586299909557853}, "datetime": {"datetime": "2023-11-30 09:58:59", "elapsed": 290.384442, "delta": 2.412802}}
{"target": 0.5, "params": {"activation_function": 1.8185872625225576, "amount_of_layers": 6.8691567932818245, "batch_size": 142.6531739134437, "dropout_rate": 0.28658956977863254, "epochs": 158.39780105448537, "hidden_channels": 93.58570379047691, "learning_rate": 0.057218522088860364, "optimizer": 1.1265418297654726, "pooling_algorithm": 0.5761850156226834}, "datetime": {"datetime": "2023-11-30 09:59:05", "elapsed": 296.877254, "delta": 6.492812}}
{"target": 0.6357142857142857, "params": {"activation_function": 1.3900187832381077, "amount_of_layers": 7.295093812918766, "batch_size": 88.46218642455318, "dropout_rate": 0.36771513481468315, "epochs": 196.61319424435936, "hidden_channels": 97.1695468366358, "learning_rate": 0.07032873112587058, "optimizer": 0.8425990671087751, "pooling_algorithm": 0.7770618069551716}, "datetime": {"datetime": "2023-11-30 09:59:14", "elapsed": 305.370596, "delta": 8.493342}}
{"target": 0.2589285714285714, "params": {"activation_function": 0.6525573613608104, "amount_of_layers": 3.892176519458988, "batch_size": 93.39718269198414, "dropout_rate": 0.4764385662067553, "epochs": 119.51467813432409, "hidden_channels": 73.99910671037603, "learning_rate": 0.03324322974034543, "optimizer": 1.1485283931930577, "pooling_algorithm": 0.39940184574655746}, "datetime": {"datetime": "2023-11-30 09:59:17", "elapsed": 308.798612, "delta": 3.428016}}
{"target": 0.5, "params": {"activation_function": 1.2603092687085946, "amount_of_layers": 4.4992185377519895, "batch_size": 19.18599477476994, "dropout_rate": 0.6983882168462745, "epochs": 91.24974083221224, "hidden_channels": 68.15067252723534, "learning_rate": 0.04588943987637844, "optimizer": 0.9189527583730452, "pooling_algorithm": 0.6354017833891182}, "datetime": {"datetime": "2023-11-30 09:59:22", "elapsed": 314.132382, "delta": 5.33377}}
{"target": 0.7357142857142858, "params": {"activation_function": 0.9002728883566236, "amount_of_layers": 5.417616686510617, "batch_size": 114.04196494214403, "dropout_rate": 0.47540722646533407, "epochs": 43.94172551346765, "hidden_channels": 40.17012624543156, "learning_rate": 0.06257757897951859, "optimizer": 0.8649427782818304, "pooling_algorithm": 0.37960998153332504}, "datetime": {"datetime": "2023-11-30 09:59:24", "elapsed": 315.331365, "delta": 1.198983}}
{"target": 0.5428571428571428, "params": {"activation_function": 1.6753884740832725, "amount_of_layers": 3.0391667348431994, "batch_size": 147.42354378257573, "dropout_rate": 0.6804597949534089, "epochs": 59.97621667410457, "hidden_channels": 102.92032167637996, "learning_rate": 0.05523459315980915, "optimizer": 1.737905401525337, "pooling_algorithm": 0.3979621628958281}, "datetime": {"datetime": "2023-11-30 09:59:25", "elapsed": 316.896707, "delta": 1.565342}}
{"target": 0.7410714285714286, "params": {"activation_function": 1.7921414348776827, "amount_of_layers": 8.94100737412727, "batch_size": 120.84083206069603, "dropout_rate": 0.7118547308161071, "epochs": 47.1446200105708, "hidden_channels": 124.81026523646568, "learning_rate": 0.09446740641106544, "optimizer": 1.6334358506451163, "pooling_algorithm": 0.42864346746493664}, "datetime": {"datetime": "2023-11-30 09:59:28", "elapsed": 319.661185, "delta": 2.764478}}
{"target": 0.7375, "params": {"activation_function": 1.3797755476097602, "amount_of_layers": 4.111971461708466, "batch_size": 147.9442569108934, "dropout_rate": 0.3115014258959366, "epochs": 33.61825777271518, "hidden_channels": 37.365166615846405, "learning_rate": 0.07571931083681514, "optimizer": 0.5525101154043146, "pooling_algorithm": 0.3028640482675734}, "datetime": {"datetime": "2023-11-30 09:59:29", "elapsed": 320.471273, "delta": 0.810088}}
{"target": 0.825, "params": {"activation_function": 1.896641357368897, "amount_of_layers": 6.054936720832129, "batch_size": 42.913590830048044, "dropout_rate": 0.45067772630719866, "epochs": 167.93209307164713, "hidden_channels": 105.868093591605, "learning_rate": 0.08994297370165068, "optimizer": 0.30050522483381514, "pooling_algorithm": 0.04250632087648831}, "datetime": {"datetime": "2023-11-30 09:59:37", "elapsed": 328.309232, "delta": 7.837959}}
{"target": 0.26071428571428573, "params": {"activation_function": 1.0043930862552677, "amount_of_layers": 7.484261142085176, "batch_size": 54.54366204343606, "dropout_rate": 0.38021299361511046, "epochs": 166.93481880658118, "hidden_channels": 77.10265177092279, "learning_rate": 0.08482673094433123, "optimizer": 0.005288513436446207, "pooling_algorithm": 0.3635233406271122}, "datetime": {"datetime": "2023-11-30 09:59:44", "elapsed": 335.534946, "delta": 7.225714}}
{"target": 0.9249999999999999, "params": {"activation_function": 1.5365606967752294, "amount_of_layers": 8.140981955653572, "batch_size": 133.76369258210542, "dropout_rate": 0.5570660669739173, "epochs": 166.98331434236806, "hidden_channels": 123.84227593721508, "learning_rate": 0.04024357766205888, "optimizer": 0.27737393971754565, "pooling_algorithm": 0.9076478736134245}, "datetime": {"datetime": "2023-11-30 09:59:52", "elapsed": 343.994044, "delta": 8.459098}}
{"target": 0.5, "params": {"activation_function": 1.3995587407154808, "amount_of_layers": 2.0189428361218322, "batch_size": 123.73191371133078, "dropout_rate": 0.513336966810531, "epochs": 175.96942041473037, "hidden_channels": 118.98960057461956, "learning_rate": 0.0370473681296401, "optimizer": 1.803482644150465, "pooling_algorithm": 0.2304632473063647}, "datetime": {"datetime": "2023-11-30 09:59:56", "elapsed": 348.259089, "delta": 4.265045}}
{"target": 0.55, "params": {"activation_function": 1.5001659220019958, "amount_of_layers": 4.874750747860481, "batch_size": 59.713154089015944, "dropout_rate": 0.43721692778111676, "epochs": 175.83734888690398, "hidden_channels": 97.10160888559936, "learning_rate": 0.021182756773253986, "optimizer": 0.6257219148304569, "pooling_algorithm": 0.020844266112934995}, "datetime": {"datetime": "2023-11-30 10:00:03", "elapsed": 355.181467, "delta": 6.922378}}
{"target": 0.8267857142857143, "params": {"activation_function": 1.1382731728095494, "amount_of_layers": 1.4540212558628083, "batch_size": 33.73772171333172, "dropout_rate": 0.3266427631895721, "epochs": 182.4895066422346, "hidden_channels": 28.936297693938247, "learning_rate": 0.03678066667970265, "optimizer": 0.7553674756982289, "pooling_algorithm": 0.31278548899132574}, "datetime": {"datetime": "2023-11-30 10:00:08", "elapsed": 359.682134, "delta": 4.500667}}
{"target": 0.5, "params": {"activation_function": 1.9779276858541788, "amount_of_layers": 8.445572710494703, "batch_size": 107.4783658302521, "dropout_rate": 0.35276381740807244, "epochs": 111.37728344053907, "hidden_channels": 39.83927017148646, "learning_rate": 0.05238138698529831, "optimizer": 0.7082081597324841, "pooling_algorithm": 0.7169854155401424}, "datetime": {"datetime": "2023-11-30 10:00:12", "elapsed": 363.346301, "delta": 3.664167}}
