{"target": 0.7821428571428571, "params": {"activation_function": 0.1411612331714669, "amount_of_layers": 5.620230219453269, "batch_size": 28.47232157907567, "dropout_rate": 0.2826608397661827, "epochs": 76.75293329046042, "hidden_channels": 91.27516040387388, "learning_rate": 0.08975772855907527, "optimizer": 0.22758530831253787, "pooling_algorithm": 0.23672933413278785}, "datetime": {"datetime": "2023-11-30 10:37:40", "elapsed": 437.360661, "delta": 6.48569}}
{"target": 0.8285714285714285, "params": {"activation_function": 0.33828551386724826, "amount_of_layers": 6.636499068516261, "batch_size": 64.57200718011778, "dropout_rate": 0.5756691518629709, "epochs": 108.60830045834543, "hidden_channels": 74.50992088522432, "learning_rate": 0.05939747103987957, "optimizer": 0.4572981947689987, "pooling_algorithm": 0.32903861398366585}, "datetime": {"datetime": "2023-11-30 10:37:47", "elapsed": 443.569494, "delta": 6.208833}}
{"target": 0.7249999999999999, "params": {"activation_function": 1.0731314076362266, "amount_of_layers": 7.112404267186584, "batch_size": 126.70067647558446, "dropout_rate": 0.2788480590689275, "epochs": 41.87292818129517, "hidden_channels": 102.18005034902062, "learning_rate": 0.09878713614717667, "optimizer": 1.4331447952348035, "pooling_algorithm": 0.27064667109583695}, "datetime": {"datetime": "2023-11-30 10:37:52", "elapsed": 448.641499, "delta": 5.072005}}
{"target": 0.5, "params": {"activation_function": 0.764548225013185, "amount_of_layers": 6.382247172297355, "batch_size": 21.43235369619469, "dropout_rate": 0.5253775467192403, "epochs": 101.27078687084396, "hidden_channels": 39.348794321316184, "learning_rate": 0.08870881023978644, "optimizer": 0.9713943053341265, "pooling_algorithm": 0.9435642765063068}, "datetime": {"datetime": "2023-11-30 10:38:03", "elapsed": 460.01017, "delta": 11.368671}}
{"target": 0.7339285714285714, "params": {"activation_function": 0.5822796164588246, "amount_of_layers": 3.628468914751534, "batch_size": 70.67963512210733, "dropout_rate": 0.5497761913654022, "epochs": 133.2162487194017, "hidden_channels": 29.281699820609084, "learning_rate": 0.058576474328126904, "optimizer": 1.4068350550433535, "pooling_algorithm": 0.16744896827303035}, "datetime": {"datetime": "2023-11-30 10:38:07", "elapsed": 464.389363, "delta": 4.379193}}
{"target": 0.26071428571428573, "params": {"activation_function": 1.3262997833873067, "amount_of_layers": 8.788987995686913, "batch_size": 122.15941837483867, "dropout_rate": 0.7049033457715116, "epochs": 133.71274895673392, "hidden_channels": 62.26366232982438, "learning_rate": 0.05322408911669564, "optimizer": 0.16316415376761317, "pooling_algorithm": 0.042610308308357214}, "datetime": {"datetime": "2023-11-30 10:38:14", "elapsed": 471.261079, "delta": 6.871716}}
{"target": 0.5, "params": {"activation_function": 1.0196845943675608, "amount_of_layers": 6.290775347227907, "batch_size": 75.2317613842314, "dropout_rate": 0.4812208876748243, "epochs": 14.877290224214075, "hidden_channels": 102.14346086326374, "learning_rate": 0.04038842934686516, "optimizer": 0.9703900970238808, "pooling_algorithm": 0.8297805343387928}, "datetime": {"datetime": "2023-11-30 10:38:16", "elapsed": 472.779323, "delta": 1.518244}}
{"target": 0.5, "params": {"activation_function": 1.4200630203854698, "amount_of_layers": 2.9499888304987865, "batch_size": 64.0944666977332, "dropout_rate": 0.45606436216671126, "epochs": 90.13445357831469, "hidden_channels": 60.11955483642238, "learning_rate": 0.07545483418698075, "optimizer": 1.6601960083282918, "pooling_algorithm": 0.793927639266302}, "datetime": {"datetime": "2023-11-30 10:38:19", "elapsed": 475.79743, "delta": 3.018107}}
{"target": 0.5, "params": {"activation_function": 0.6116369168098306, "amount_of_layers": 8.743520290492926, "batch_size": 125.31904480094306, "dropout_rate": 0.7365371687727492, "epochs": 121.56448939530428, "hidden_channels": 60.09959033035101, "learning_rate": 0.0427746877932162, "optimizer": 0.5149836054693333, "pooling_algorithm": 0.6469986088601875}, "datetime": {"datetime": "2023-11-30 10:38:33", "elapsed": 490.394631, "delta": 14.597201}}
{"target": 0.5535714285714286, "params": {"activation_function": 1.900781342220912, "amount_of_layers": 3.730969248549769, "batch_size": 73.87273181932369, "dropout_rate": 0.522349707799403, "epochs": 141.2501981443149, "hidden_channels": 106.15366024807344, "learning_rate": 0.09445512116771791, "optimizer": 1.05903210814274, "pooling_algorithm": 0.12279958366715849}, "datetime": {"datetime": "2023-11-30 10:38:39", "elapsed": 496.135566, "delta": 5.740935}}
{"target": 0.7571428571428571, "params": {"activation_function": 1.732748057635089, "amount_of_layers": 7.14079909168897, "batch_size": 34.48730574097593, "dropout_rate": 0.6499191723990583, "epochs": 45.144447798717025, "hidden_channels": 82.13149867189996, "learning_rate": 0.051114541047030705, "optimizer": 0.3202171369119875, "pooling_algorithm": 0.056567429988404916}, "datetime": {"datetime": "2023-11-30 10:38:43", "elapsed": 499.902826, "delta": 3.76726}}
{"target": 0.5, "params": {"activation_function": 1.7311434879292318, "amount_of_layers": 7.924502366804765, "batch_size": 114.34268558508771, "dropout_rate": 0.28520505254381895, "epochs": 65.17559697517171, "hidden_channels": 117.57544501120665, "learning_rate": 0.07961918157796516, "optimizer": 0.9763943804737354, "pooling_algorithm": 0.6498106156167005}, "datetime": {"datetime": "2023-11-30 10:38:47", "elapsed": 504.205497, "delta": 4.302671}}
{"target": 0.5, "params": {"activation_function": 0.4041195207495707, "amount_of_layers": 1.9952457366496814, "batch_size": 54.72777760939526, "dropout_rate": 0.6522678117903894, "epochs": 16.501411586859565, "hidden_channels": 49.45346688786407, "learning_rate": 0.05601508894427197, "optimizer": 1.5924755876577397, "pooling_algorithm": 0.18834672459427304}, "datetime": {"datetime": "2023-11-30 10:38:48", "elapsed": 504.818464, "delta": 0.612967}}
{"target": 0.9, "params": {"activation_function": 1.9323159696163308, "amount_of_layers": 3.6018727747960178, "batch_size": 58.72141772066324, "dropout_rate": 0.29057560640382, "epochs": 116.59914693482325, "hidden_channels": 58.71188841096116, "learning_rate": 0.0020641902474713837, "optimizer": 0.18939210676664042, "pooling_algorithm": 0.5412159688300625}, "datetime": {"datetime": "2023-11-30 10:38:52", "elapsed": 509.035574, "delta": 4.21711}}
{"target": 0.8410714285714286, "params": {"activation_function": 0.11627323961777858, "amount_of_layers": 1.4126256822030694, "batch_size": 93.87979970329218, "dropout_rate": 0.4738618698083492, "epochs": 48.092688998713164, "hidden_channels": 60.26840933496724, "learning_rate": 0.0044743690055195915, "optimizer": 1.7200539441950886, "pooling_algorithm": 0.14792673785905364}, "datetime": {"datetime": "2023-11-30 10:38:53", "elapsed": 509.870505, "delta": 0.834931}}
{"target": 0.5, "params": {"activation_function": 1.6108020577232534, "amount_of_layers": 4.349080766620738, "batch_size": 26.98964136591757, "dropout_rate": 0.6472094235538401, "epochs": 28.771303531771622, "hidden_channels": 12.816863451506217, "learning_rate": 0.0992130458706699, "optimizer": 0.7939457619745676, "pooling_algorithm": 0.9601311691422864}, "datetime": {"datetime": "2023-11-30 10:38:54", "elapsed": 510.779529, "delta": 0.909024}}
{"target": 0.9142857142857144, "params": {"activation_function": 0.8559881155736473, "amount_of_layers": 6.866485508100906, "batch_size": 114.80128006003878, "dropout_rate": 0.3215709094611046, "epochs": 42.74075138835509, "hidden_channels": 61.32674108297183, "learning_rate": 0.005276722571012402, "optimizer": 0.6395410242578379, "pooling_algorithm": 0.541068837604968}, "datetime": {"datetime": "2023-11-30 10:38:56", "elapsed": 512.828154, "delta": 2.048625}}
{"target": 0.8410714285714286, "params": {"activation_function": 0.13295125696648769, "amount_of_layers": 1.1943877864911867, "batch_size": 111.40550104823502, "dropout_rate": 0.42453901238696046, "epochs": 35.3649830671918, "hidden_channels": 84.81815260194603, "learning_rate": 0.05603944130425672, "optimizer": 1.3159987781317404, "pooling_algorithm": 0.6037509006250168}, "datetime": {"datetime": "2023-11-30 10:38:56", "elapsed": 513.520014, "delta": 0.69186}}
{"target": 0.26071428571428573, "params": {"activation_function": 1.3616721537355283, "amount_of_layers": 6.31740347065289, "batch_size": 62.493735936975796, "dropout_rate": 0.2898663475800516, "epochs": 80.46540448556065, "hidden_channels": 17.021315091060693, "learning_rate": 0.03846967956732959, "optimizer": 1.180628069494231, "pooling_algorithm": 0.09014183333867531}, "datetime": {"datetime": "2023-11-30 10:39:00", "elapsed": 517.110445, "delta": 3.590431}}
{"target": 0.7000000000000001, "params": {"activation_function": 0.3402300142595194, "amount_of_layers": 1.2516545103967598, "batch_size": 33.611922760311955, "dropout_rate": 0.7268872419794419, "epochs": 69.61725735509128, "hidden_channels": 37.73999964671193, "learning_rate": 0.08111135415456437, "optimizer": 1.1436349712437286, "pooling_algorithm": 0.5552638401770271}, "datetime": {"datetime": "2023-11-30 10:39:02", "elapsed": 518.971342, "delta": 1.860897}}
{"target": 0.2589285714285714, "params": {"activation_function": 1.2504116358472666, "amount_of_layers": 8.36991735129816, "batch_size": 121.9223895348465, "dropout_rate": 0.36830141825297663, "epochs": 33.5241510071797, "hidden_channels": 122.90700812949436, "learning_rate": 0.016572666501222397, "optimizer": 1.189243619260983, "pooling_algorithm": 0.2336253674646469}, "datetime": {"datetime": "2023-11-30 10:39:04", "elapsed": 521.116128, "delta": 2.144786}}
{"target": 0.9071428571428571, "params": {"activation_function": 0.18979396960474104, "amount_of_layers": 4.947059478437508, "batch_size": 70.76697712576325, "dropout_rate": 0.3118096824829214, "epochs": 143.50987654657888, "hidden_channels": 117.49540991683318, "learning_rate": 0.00548599789214772, "optimizer": 0.4656303018746557, "pooling_algorithm": 0.7716894852228274}, "datetime": {"datetime": "2023-11-30 10:39:11", "elapsed": 527.850935, "delta": 6.734807}}
{"target": 0.7232142857142858, "params": {"activation_function": 1.8498010999962193, "amount_of_layers": 2.366357659103177, "batch_size": 141.61995795845672, "dropout_rate": 0.6790432083253668, "epochs": 101.63668741959013, "hidden_channels": 121.98006074071108, "learning_rate": 0.0772512971224632, "optimizer": 1.5985830282076752, "pooling_algorithm": 0.2941312928155212}, "datetime": {"datetime": "2023-11-30 10:39:13", "elapsed": 530.27667, "delta": 2.425735}}
{"target": 0.8482142857142857, "params": {"activation_function": 0.9500167850981134, "amount_of_layers": 7.817311193755027, "batch_size": 141.12542743537574, "dropout_rate": 0.3001035387770312, "epochs": 60.5661147110178, "hidden_channels": 35.98717619631644, "learning_rate": 0.01178955435176425, "optimizer": 0.7804425939686352, "pooling_algorithm": 0.8026857097304563}, "datetime": {"datetime": "2023-11-30 10:39:16", "elapsed": 532.94, "delta": 2.66333}}
