{"target": 0.2678571428571429, "params": {"activation_function": 0.7667382350972318, "amount_of_layers": 8.048916668521851, "batch_size": 120.42931620360004, "dropout_rate": 0.6582313013719108, "epochs": 25.771998841804724, "hidden_channels": 9.317423082669116, "learning_rate": 0.025709440816739575, "optimizer": 1.6411316316630922, "pooling_algorithm": 0.13744218444596568}, "datetime": {"datetime": "2023-11-30 10:25:59", "elapsed": 200.319521, "delta": 1.099976}}
{"target": 0.5, "params": {"activation_function": 0.5479400108333821, "amount_of_layers": 4.639959792819312, "batch_size": 135.36268780686038, "dropout_rate": 0.7078317043821218, "epochs": 121.84447468154002, "hidden_channels": 45.69817895813145, "learning_rate": 0.06544929401388264, "optimizer": 1.5640680536980869, "pooling_algorithm": 0.5028575782912329}, "datetime": {"datetime": "2023-11-30 10:26:02", "elapsed": 203.653298, "delta": 3.333777}}
{"target": 0.5, "params": {"activation_function": 0.4802867296689213, "amount_of_layers": 3.7526985483451645, "batch_size": 40.65566986196871, "dropout_rate": 0.37333101795754564, "epochs": 87.73266367571564, "hidden_channels": 37.20577288619201, "learning_rate": 0.03258327904034211, "optimizer": 1.8532564894039862, "pooling_algorithm": 0.5762977748950757}, "datetime": {"datetime": "2023-11-30 10:26:06", "elapsed": 207.526876, "delta": 3.873578}}
{"target": 0.5, "params": {"activation_function": 0.0016802860983635703, "amount_of_layers": 8.882686484476046, "batch_size": 88.50141561921313, "dropout_rate": 0.6616391166726616, "epochs": 131.02008720293543, "hidden_channels": 5.342818378307182, "learning_rate": 0.04758088065142675, "optimizer": 0.7516359598876583, "pooling_algorithm": 0.26364106553094935}, "datetime": {"datetime": "2023-11-30 10:26:11", "elapsed": 212.47781, "delta": 4.950934}}
{"target": 0.8964285714285715, "params": {"activation_function": 1.7124428024082021, "amount_of_layers": 6.293210683872322, "batch_size": 40.75470492653115, "dropout_rate": 0.7187703170768296, "epochs": 54.31558080418153, "hidden_channels": 31.78010079557867, "learning_rate": 0.023777061979775714, "optimizer": 0.22031359522178118, "pooling_algorithm": 0.8376086468433752}, "datetime": {"datetime": "2023-11-30 10:26:14", "elapsed": 215.57628, "delta": 3.09847}}
{"target": 0.6321428571428571, "params": {"activation_function": 1.622070483058667, "amount_of_layers": 3.041392018732015, "batch_size": 141.27504657804786, "dropout_rate": 0.3561572056365459, "epochs": 44.85884882991162, "hidden_channels": 73.30404677404701, "learning_rate": 0.002046743441755937, "optimizer": 0.15517389231957068, "pooling_algorithm": 0.019278435783648296}, "datetime": {"datetime": "2023-11-30 10:26:15", "elapsed": 216.686803, "delta": 1.110523}}
{"target": 0.5, "params": {"activation_function": 0.47139687065689606, "amount_of_layers": 2.0970358679185566, "batch_size": 83.193251428475, "dropout_rate": 0.40898517273388924, "epochs": 106.81550734286303, "hidden_channels": 11.390507500329239, "learning_rate": 0.04841427295088556, "optimizer": 1.6781166613341103, "pooling_algorithm": 0.578133552087524}, "datetime": {"datetime": "2023-11-30 10:26:17", "elapsed": 219.04504, "delta": 2.358237}}
{"target": 0.2607142857142857, "params": {"activation_function": 0.6440173862115111, "amount_of_layers": 8.340141093061817, "batch_size": 121.1150592265311, "dropout_rate": 0.4209058833121557, "epochs": 15.407309270203877, "hidden_channels": 49.002911979377274, "learning_rate": 0.048021523657000506, "optimizer": 0.2602437226837193, "pooling_algorithm": 0.3287572260471511}, "datetime": {"datetime": "2023-11-30 10:26:18", "elapsed": 219.691797, "delta": 0.646757}}
{"target": 0.9071428571428571, "params": {"activation_function": 0.24380255066929712, "amount_of_layers": 1.8083746296186831, "batch_size": 77.34981143791578, "dropout_rate": 0.3029721796166704, "epochs": 44.053518568224035, "hidden_channels": 119.23701843194038, "learning_rate": 0.09518632026029321, "optimizer": 0.09502271281445607, "pooling_algorithm": 0.7033139023493333}, "datetime": {"datetime": "2023-11-30 10:26:19", "elapsed": 220.753257, "delta": 1.06146}}
{"target": 0.8964285714285714, "params": {"activation_function": 1.277346057684068, "amount_of_layers": 7.739397145821789, "batch_size": 27.483194102038244, "dropout_rate": 0.7071077393947871, "epochs": 186.3567745217665, "hidden_channels": 80.43249007277315, "learning_rate": 0.016020246252040148, "optimizer": 0.19663147483273535, "pooling_algorithm": 0.8620813239274063}, "datetime": {"datetime": "2023-11-30 10:26:35", "elapsed": 236.176764, "delta": 15.423507}}
{"target": 0.5, "params": {"activation_function": 1.3423394710193983, "amount_of_layers": 2.0460747845719682, "batch_size": 40.97736912223295, "dropout_rate": 0.48228765160530956, "epochs": 151.62041893879234, "hidden_channels": 94.6271844463658, "learning_rate": 0.03860707109900091, "optimizer": 0.6514614209938074, "pooling_algorithm": 0.9645634712626333}, "datetime": {"datetime": "2023-11-30 10:26:39", "elapsed": 240.533609, "delta": 4.356845}}
{"target": 0.9071428571428571, "params": {"activation_function": 0.9744185705256945, "amount_of_layers": 4.418946674862985, "batch_size": 24.531633722247435, "dropout_rate": 0.3034859684751056, "epochs": 89.95244609154126, "hidden_channels": 11.770625630809182, "learning_rate": 0.047106044434852355, "optimizer": 0.13180140778393667, "pooling_algorithm": 0.675442437566545}, "datetime": {"datetime": "2023-11-30 10:26:43", "elapsed": 244.963348, "delta": 4.429739}}
{"target": 0.27499999999999997, "params": {"activation_function": 0.6119351545712621, "amount_of_layers": 6.126262147517061, "batch_size": 33.4270430533755, "dropout_rate": 0.4285397600457157, "epochs": 74.8047804557014, "hidden_channels": 107.86509390627816, "learning_rate": 0.028240498114264944, "optimizer": 1.5849911411886612, "pooling_algorithm": 0.4120372669279778}, "datetime": {"datetime": "2023-11-30 10:26:48", "elapsed": 249.133182, "delta": 4.169834}}
{"target": 0.09285714285714285, "params": {"activation_function": 1.4363828198112045, "amount_of_layers": 3.290082533830481, "batch_size": 44.36653240548583, "dropout_rate": 0.36982239941334505, "epochs": 18.17366422270586, "hidden_channels": 54.41722459705336, "learning_rate": 0.004225384661495815, "optimizer": 1.877763883394881, "pooling_algorithm": 0.8451451168740773}, "datetime": {"datetime": "2023-11-30 10:26:48", "elapsed": 249.857514, "delta": 0.724332}}
{"target": 0.5, "params": {"activation_function": 1.0825268293116017, "amount_of_layers": 4.157863732628411, "batch_size": 58.1098264225112, "dropout_rate": 0.5872676526710241, "epochs": 41.8413878208418, "hidden_channels": 88.67422728631597, "learning_rate": 0.09499848848689971, "optimizer": 1.8612705266457228, "pooling_algorithm": 0.9822748012769683}, "datetime": {"datetime": "2023-11-30 10:26:50", "elapsed": 251.282207, "delta": 1.424693}}
{"target": 0.5, "params": {"activation_function": 1.138340225821385, "amount_of_layers": 4.521019464224801, "batch_size": 48.975996883610925, "dropout_rate": 0.2788275686249707, "epochs": 112.32022365489625, "hidden_channels": 60.99866867390442, "learning_rate": 0.07416371557268389, "optimizer": 1.2597573585632789, "pooling_algorithm": 0.5885754027142661}, "datetime": {"datetime": "2023-11-30 10:26:55", "elapsed": 256.11483, "delta": 4.832623}}
{"target": 0.5, "params": {"activation_function": 0.2177024998673276, "amount_of_layers": 4.8922809270461824, "batch_size": 143.46133264493693, "dropout_rate": 0.4294181721869828, "epochs": 67.97542152450242, "hidden_channels": 62.13158617032587, "learning_rate": 0.06932418795307776, "optimizer": 1.6158496380764622, "pooling_algorithm": 0.747843894120978}, "datetime": {"datetime": "2023-11-30 10:26:57", "elapsed": 258.087698, "delta": 1.972868}}
{"target": 0.75, "params": {"activation_function": 1.9434559141290475, "amount_of_layers": 2.920685709067757, "batch_size": 50.94576383186048, "dropout_rate": 0.5118802511614713, "epochs": 157.3366893118026, "hidden_channels": 49.40344446220536, "learning_rate": 0.02666154044689044, "optimizer": 1.1201036569976763, "pooling_algorithm": 0.5538718833143991}, "datetime": {"datetime": "2023-11-30 10:27:02", "elapsed": 263.298032, "delta": 5.210334}}
{"target": 0.7339285714285715, "params": {"activation_function": 1.916329482314115, "amount_of_layers": 7.872725445951445, "batch_size": 119.79428216988389, "dropout_rate": 0.2763411991560829, "epochs": 65.11718674107087, "hidden_channels": 24.435705317855227, "learning_rate": 0.018441982665799283, "optimizer": 1.7736116393086114, "pooling_algorithm": 0.2568848698398537}, "datetime": {"datetime": "2023-11-30 10:27:04", "elapsed": 265.69847, "delta": 2.400438}}
{"target": 0.4232142857142857, "params": {"activation_function": 0.16262178823239126, "amount_of_layers": 2.2494452044992848, "batch_size": 63.51238345300238, "dropout_rate": 0.7343014509148627, "epochs": 15.353124473811016, "hidden_channels": 28.678812052617673, "learning_rate": 0.07647674320038875, "optimizer": 0.8989045543623628, "pooling_algorithm": 0.29871092200836824}, "datetime": {"datetime": "2023-11-30 10:27:05", "elapsed": 266.250062, "delta": 0.551592}}
{"target": 0.5, "params": {"activation_function": 1.4778210828885656, "amount_of_layers": 7.708549669100804, "batch_size": 145.31887405715952, "dropout_rate": 0.4957100409863588, "epochs": 182.59713193191288, "hidden_channels": 36.2231631486583, "learning_rate": 0.02718394741170612, "optimizer": 0.8541977132891434, "pooling_algorithm": 0.6856483560935773}, "datetime": {"datetime": "2023-11-30 10:27:10", "elapsed": 271.831961, "delta": 5.581899}}
{"target": 0.8464285714285714, "params": {"activation_function": 1.6565134239734718, "amount_of_layers": 5.189085775633489, "batch_size": 60.29410795011832, "dropout_rate": 0.2973931898824245, "epochs": 188.90621516606814, "hidden_channels": 122.70247985094387, "learning_rate": 0.0038007909196596927, "optimizer": 0.5385823839464481, "pooling_algorithm": 0.6247921879425988}, "datetime": {"datetime": "2023-11-30 10:27:16", "elapsed": 277.822454, "delta": 5.990493}}
{"target": 0.9071428571428571, "params": {"activation_function": 0.8280969513296899, "amount_of_layers": 3.6768366819884752, "batch_size": 18.637121677061604, "dropout_rate": 0.6786856529026103, "epochs": 52.560650564390144, "hidden_channels": 16.43459470496401, "learning_rate": 0.0011141793128065655, "optimizer": 0.7086055204247952, "pooling_algorithm": 0.5082473580834365}, "datetime": {"datetime": "2023-11-30 10:27:20", "elapsed": 281.7234, "delta": 3.900946}}
{"target": 0.5, "params": {"activation_function": 0.4757927584448869, "amount_of_layers": 8.988930229582678, "batch_size": 87.04023100399635, "dropout_rate": 0.4231882365905044, "epochs": 133.02315060900492, "hidden_channels": 51.29091890692343, "learning_rate": 0.03175691566506005, "optimizer": 1.9672541851736505, "pooling_algorithm": 0.865566428294606}, "datetime": {"datetime": "2023-11-30 10:27:25", "elapsed": 286.508096, "delta": 4.784696}}
{"target": 0.29464285714285715, "params": {"activation_function": 0.8051720097521293, "amount_of_layers": 5.46397862453789, "batch_size": 24.795101030562382, "dropout_rate": 0.4416296949516003, "epochs": 51.60313728580402, "hidden_channels": 107.37627559766663, "learning_rate": 0.022105886212418387, "optimizer": 0.12412543203037396, "pooling_algorithm": 0.08070313606383905}, "datetime": {"datetime": "2023-11-30 10:27:28", "elapsed": 289.553507, "delta": 3.045411}}
{"target": 0.2607142857142857, "params": {"activation_function": 1.2727337528323828, "amount_of_layers": 2.2070668178712403, "batch_size": 94.86405148500552, "dropout_rate": 0.5792633618535985, "epochs": 184.81914034908937, "hidden_channels": 119.26870389540905, "learning_rate": 0.036828738489003116, "optimizer": 0.5593346645797606, "pooling_algorithm": 0.3084015842837712}, "datetime": {"datetime": "2023-11-30 10:27:31", "elapsed": 292.941157, "delta": 3.38765}}
{"target": 0.8, "params": {"activation_function": 1.7817805201469405, "amount_of_layers": 3.179085390005148, "batch_size": 96.18050054092161, "dropout_rate": 0.37690372531960337, "epochs": 108.01007721496998, "hidden_channels": 123.25588018322762, "learning_rate": 0.09325051076937138, "optimizer": 0.4250269191304612, "pooling_algorithm": 0.24166173230669785}, "datetime": {"datetime": "2023-11-30 10:27:34", "elapsed": 295.121507, "delta": 2.18035}}
{"target": 0.5, "params": {"activation_function": 1.1659109298518517, "amount_of_layers": 8.428473041998078, "batch_size": 39.596250222952655, "dropout_rate": 0.5542559531466675, "epochs": 56.09116269887685, "hidden_channels": 25.064186134926786, "learning_rate": 0.09928855437760961, "optimizer": 1.0888729458994877, "pooling_algorithm": 0.8866554242450655}, "datetime": {"datetime": "2023-11-30 10:27:37", "elapsed": 298.21589, "delta": 3.094383}}
{"target": 0.23214285714285715, "params": {"activation_function": 1.1290732446558178, "amount_of_layers": 1.5784716337261147, "batch_size": 30.437062383583488, "dropout_rate": 0.5259714730718295, "epochs": 90.50481852016561, "hidden_channels": 11.766403184411903, "learning_rate": 0.0074961898752869335, "optimizer": 0.449312134918459, "pooling_algorithm": 0.15121236052519138}, "datetime": {"datetime": "2023-11-30 10:27:40", "elapsed": 301.256922, "delta": 3.041032}}
{"target": 0.9035714285714285, "params": {"activation_function": 0.09416265488908104, "amount_of_layers": 6.725641624701424, "batch_size": 16.490292907966133, "dropout_rate": 0.6534835887001005, "epochs": 23.37704459269363, "hidden_channels": 25.87232908900353, "learning_rate": 0.050375726944530415, "optimizer": 0.1276579060405405, "pooling_algorithm": 0.5497280565433735}, "datetime": {"datetime": "2023-11-30 10:27:42", "elapsed": 303.869728, "delta": 2.612806}}
{"target": 0.7375, "params": {"activation_function": 0.6194217382903509, "amount_of_layers": 2.5436626884203593, "batch_size": 135.65115597644444, "dropout_rate": 0.40216021584064865, "epochs": 156.7110728186159, "hidden_channels": 90.77285516395129, "learning_rate": 0.030179691459623282, "optimizer": 1.5962148767149424, "pooling_algorithm": 0.17530243253179112}, "datetime": {"datetime": "2023-11-30 10:27:45", "elapsed": 306.89951, "delta": 3.029782}}
{"target": 0.26607142857142857, "params": {"activation_function": 0.006563618763298473, "amount_of_layers": 1.2571599944397311, "batch_size": 94.74693723996171, "dropout_rate": 0.7099747385260533, "epochs": 14.96940159829423, "hidden_channels": 97.34463691531772, "learning_rate": 0.014777139172817533, "optimizer": 0.39242408879607504, "pooling_algorithm": 0.37089274571892017}, "datetime": {"datetime": "2023-11-30 10:27:46", "elapsed": 307.265518, "delta": 0.366008}}
{"target": 0.7410714285714286, "params": {"activation_function": 1.894174063046637, "amount_of_layers": 6.862276046717198, "batch_size": 84.26603324918914, "dropout_rate": 0.3997112638801417, "epochs": 110.89413465552056, "hidden_channels": 78.34447683657761, "learning_rate": 0.019657557668111256, "optimizer": 0.5865686832001318, "pooling_algorithm": 0.49432459228086956}, "datetime": {"datetime": "2023-11-30 10:27:49", "elapsed": 310.445619, "delta": 3.180101}}
{"target": 0.2535714285714286, "params": {"activation_function": 0.6323249710159506, "amount_of_layers": 7.2429036056015335, "batch_size": 39.293097387526004, "dropout_rate": 0.7245338939044396, "epochs": 153.15217485362868, "hidden_channels": 37.21266494895502, "learning_rate": 0.04098923175615556, "optimizer": 0.14778207592831794, "pooling_algorithm": 0.10840033447146769}, "datetime": {"datetime": "2023-11-30 10:27:57", "elapsed": 318.241918, "delta": 7.796299}}
{"target": 0.5, "params": {"activation_function": 0.7405935492714941, "amount_of_layers": 8.112252105650715, "batch_size": 147.9859239176419, "dropout_rate": 0.4074633015297315, "epochs": 11.360348114160148, "hidden_channels": 84.90800571169763, "learning_rate": 0.03405973931861292, "optimizer": 0.7285218258869863, "pooling_algorithm": 0.6722514082195755}, "datetime": {"datetime": "2023-11-30 10:27:57", "elapsed": 318.749374, "delta": 0.507456}}
{"target": 0.9196428571428572, "params": {"activation_function": 1.2500655233337303, "amount_of_layers": 1.282955681210277, "batch_size": 91.65466469929834, "dropout_rate": 0.2749748919658461, "epochs": 44.95659064323256, "hidden_channels": 26.140071074643377, "learning_rate": 0.004484845732395378, "optimizer": 0.9541058518652497, "pooling_algorithm": 0.627626127566865}, "datetime": {"datetime": "2023-11-30 10:27:58", "elapsed": 319.760202, "delta": 1.010828}}
{"target": 0.9071428571428571, "params": {"activation_function": 0.26693883935269347, "amount_of_layers": 6.276339012131605, "batch_size": 43.9233183659729, "dropout_rate": 0.2718424138163076, "epochs": 179.7641919741188, "hidden_channels": 57.217931990751914, "learning_rate": 0.019534411512259008, "optimizer": 0.5838958759126831, "pooling_algorithm": 0.531997299188452}, "datetime": {"datetime": "2023-11-30 10:28:08", "elapsed": 329.282195, "delta": 9.521993}}
{"target": 0.8339285714285714, "params": {"activation_function": 1.797914410227868, "amount_of_layers": 1.1531853948076094, "batch_size": 79.62812405280164, "dropout_rate": 0.39312238782442877, "epochs": 139.094644178604, "hidden_channels": 62.30913731239999, "learning_rate": 0.015835828943488752, "optimizer": 0.7162862374062546, "pooling_algorithm": 0.037839997314275564}, "datetime": {"datetime": "2023-11-30 10:28:10", "elapsed": 331.908734, "delta": 2.626539}}
{"target": 0.7125000000000001, "params": {"activation_function": 1.6363792945395377, "amount_of_layers": 3.198978386391003, "batch_size": 37.26620372507465, "dropout_rate": 0.27422467549318863, "epochs": 169.69295933660712, "hidden_channels": 84.66635385984135, "learning_rate": 0.05827758657576017, "optimizer": 0.8397803805867079, "pooling_algorithm": 0.23243742246902765}, "datetime": {"datetime": "2023-11-30 10:28:17", "elapsed": 338.667666, "delta": 6.758932}}
{"target": 0.9, "params": {"activation_function": 0.9544452087592579, "amount_of_layers": 5.430717362674151, "batch_size": 90.68312222201875, "dropout_rate": 0.596133529815513, "epochs": 71.75948995229363, "hidden_channels": 71.15694853777757, "learning_rate": 0.07000793101005115, "optimizer": 0.16948068388201842, "pooling_algorithm": 0.7136687270623677}, "datetime": {"datetime": "2023-11-30 10:28:19", "elapsed": 340.465365, "delta": 1.797699}}
{"target": 0.2589285714285714, "params": {"activation_function": 1.2119568853715885, "amount_of_layers": 6.68902404125878, "batch_size": 88.72539693171441, "dropout_rate": 0.3568767844491879, "epochs": 36.120352986685205, "hidden_channels": 32.88484768368715, "learning_rate": 0.0750058946755025, "optimizer": 1.1683886988017183, "pooling_algorithm": 0.20290249480784328}, "datetime": {"datetime": "2023-11-30 10:28:20", "elapsed": 341.632092, "delta": 1.166727}}
{"target": 0.26071428571428573, "params": {"activation_function": 0.45676751866075005, "amount_of_layers": 4.601484451836873, "batch_size": 147.01983165391076, "dropout_rate": 0.3217999305015996, "epochs": 78.77409140194312, "hidden_channels": 21.134806188696516, "learning_rate": 0.024585783150959002, "optimizer": 0.8365372627147125, "pooling_algorithm": 0.27694775032837593}, "datetime": {"datetime": "2023-11-30 10:28:22", "elapsed": 343.588497, "delta": 1.956405}}
{"target": 0.9035714285714286, "params": {"activation_function": 1.3094433275489032, "amount_of_layers": 4.479010679033542, "batch_size": 99.21823247710384, "dropout_rate": 0.6382784788858114, "epochs": 180.8126862164809, "hidden_channels": 113.35073958320194, "learning_rate": 0.0450056034949064, "optimizer": 0.14190763789114835, "pooling_algorithm": 0.511991172202079}, "datetime": {"datetime": "2023-11-30 10:28:26", "elapsed": 347.675068, "delta": 4.086571}}
{"target": 0.8964285714285715, "params": {"activation_function": 0.6511602146786917, "amount_of_layers": 5.50699372061887, "batch_size": 60.83275983005382, "dropout_rate": 0.47070658319943776, "epochs": 44.222961995806635, "hidden_channels": 44.470259534940304, "learning_rate": 0.03830327539292672, "optimizer": 0.3469671782276571, "pooling_algorithm": 0.6955101185487954}, "datetime": {"datetime": "2023-11-30 10:28:28", "elapsed": 349.530235, "delta": 1.855167}}
{"target": 0.32499999999999996, "params": {"activation_function": 1.3493099250809417, "amount_of_layers": 1.1232341257295202, "batch_size": 119.7174072556554, "dropout_rate": 0.32708259050284, "epochs": 159.49623767846077, "hidden_channels": 107.38843491169673, "learning_rate": 0.00417683618608203, "optimizer": 1.9881731231558273, "pooling_algorithm": 0.9506625962204006}, "datetime": {"datetime": "2023-11-30 10:28:31", "elapsed": 352.583334, "delta": 3.053099}}
{"target": 0.6464285714285715, "params": {"activation_function": 0.34096189988633907, "amount_of_layers": 8.118667640769182, "batch_size": 124.32515442108036, "dropout_rate": 0.6337998469781979, "epochs": 161.78437124387798, "hidden_channels": 113.33612199347492, "learning_rate": 0.01473567133513224, "optimizer": 0.3499083814714452, "pooling_algorithm": 0.03819953137047982}, "datetime": {"datetime": "2023-11-30 10:28:37", "elapsed": 358.200929, "delta": 5.617595}}
{"target": 0.26071428571428573, "params": {"activation_function": 1.426804096221629, "amount_of_layers": 4.8445139787019835, "batch_size": 115.73931656832211, "dropout_rate": 0.6010851922426175, "epochs": 153.11453054063597, "hidden_channels": 42.81070738571961, "learning_rate": 0.020890175701195397, "optimizer": 1.4672241759886018, "pooling_algorithm": 0.1303127237060816}, "datetime": {"datetime": "2023-11-30 10:28:41", "elapsed": 362.293257, "delta": 4.092328}}
