{"target": 0.5, "params": {"activation_function": 0.7581986400098395, "amount_of_layers": 7.66573428111319, "batch_size": 20.662987583873765, "dropout_rate": 0.3339151493333124, "epochs": 106.01952596923662, "hidden_channels": 45.75055185755315, "learning_rate": 0.09390045577773531, "optimizer": 1.3593223608803546, "pooling_algorithm": 0.520567061117437}, "datetime": {"datetime": "2023-11-30 11:04:45", "elapsed": 136.661148, "delta": 6.243007}}
{"target": 0.7392857142857143, "params": {"activation_function": 1.349411279784474, "amount_of_layers": 5.076484109201292, "batch_size": 42.025302375993036, "dropout_rate": 0.2879917999277566, "epochs": 193.88948014619177, "hidden_channels": 35.594087254334745, "learning_rate": 0.09659185701949831, "optimizer": 1.3860185921459787, "pooling_algorithm": 0.1335506071115794}, "datetime": {"datetime": "2023-11-30 11:04:50", "elapsed": 141.702182, "delta": 5.041034}}
{"target": 0.5, "params": {"activation_function": 1.3430717448360352, "amount_of_layers": 7.309105789265445, "batch_size": 46.412860662109324, "dropout_rate": 0.3945719611211488, "epochs": 97.44798630949226, "hidden_channels": 101.02836448846053, "learning_rate": 0.09756918126219222, "optimizer": 1.6186608263771276, "pooling_algorithm": 0.03632023184914279}, "datetime": {"datetime": "2023-11-30 11:04:54", "elapsed": 145.946876, "delta": 4.244694}}
{"target": 0.5, "params": {"activation_function": 0.13509021032074875, "amount_of_layers": 6.797208566892367, "batch_size": 138.99749998729837, "dropout_rate": 0.6687399461638992, "epochs": 131.81262405278966, "hidden_channels": 51.65470202510304, "learning_rate": 0.022766848873708515, "optimizer": 1.9854037777015163, "pooling_algorithm": 0.006763738530261132}, "datetime": {"datetime": "2023-11-30 11:04:57", "elapsed": 148.868173, "delta": 2.921297}}
{"target": 0.5, "params": {"activation_function": 1.061580290934036, "amount_of_layers": 3.255366025041594, "batch_size": 30.53384790251871, "dropout_rate": 0.31123457510026314, "epochs": 90.92609014563186, "hidden_channels": 101.56498591316192, "learning_rate": 0.09294156464689905, "optimizer": 0.8347161341429623, "pooling_algorithm": 0.23153270018059657}, "datetime": {"datetime": "2023-11-30 11:05:00", "elapsed": 151.613599, "delta": 2.745426}}
{"target": 0.5, "params": {"activation_function": 0.28856012551641386, "amount_of_layers": 7.33207029647159, "batch_size": 57.55352312205509, "dropout_rate": 0.531288197821737, "epochs": 150.23990466543052, "hidden_channels": 123.44011157925478, "learning_rate": 0.07149110960894044, "optimizer": 1.45683295300378, "pooling_algorithm": 0.39103525835360364}, "datetime": {"datetime": "2023-11-30 11:05:07", "elapsed": 158.186226, "delta": 6.572627}}
{"target": 0.5, "params": {"activation_function": 0.688851055802502, "amount_of_layers": 3.0229396579070604, "batch_size": 44.5139792589171, "dropout_rate": 0.3418829229014644, "epochs": 180.08026936065806, "hidden_channels": 62.91780919759206, "learning_rate": 0.01237240318860772, "optimizer": 1.5459195269736492, "pooling_algorithm": 0.9442320172905251}, "datetime": {"datetime": "2023-11-30 11:05:10", "elapsed": 162.01179, "delta": 3.825564}}
{"target": 0.26249999999999996, "params": {"activation_function": 0.8180015834300824, "amount_of_layers": 8.38718502383675, "batch_size": 147.94549252353104, "dropout_rate": 0.34420169710994525, "epochs": 83.88588126433451, "hidden_channels": 89.33995998758454, "learning_rate": 0.0707616824618322, "optimizer": 1.1485065979832836, "pooling_algorithm": 0.316355208986669}, "datetime": {"datetime": "2023-11-30 11:05:13", "elapsed": 165.005023, "delta": 2.993233}}
{"target": 0.5, "params": {"activation_function": 1.6114999341226306, "amount_of_layers": 7.95583413516312, "batch_size": 90.56396658925797, "dropout_rate": 0.3540082104351926, "epochs": 118.20614890482284, "hidden_channels": 125.55162862011065, "learning_rate": 0.045750792769906255, "optimizer": 1.2395331015674214, "pooling_algorithm": 0.673913603688797}, "datetime": {"datetime": "2023-11-30 11:05:18", "elapsed": 170.008648, "delta": 5.003625}}
{"target": 0.26785714285714285, "params": {"activation_function": 1.0994511486051337, "amount_of_layers": 5.647693991982746, "batch_size": 47.48751535031486, "dropout_rate": 0.2646629272332705, "epochs": 95.48420148629764, "hidden_channels": 32.425921494005365, "learning_rate": 0.048795810503295386, "optimizer": 0.3599031286023735, "pooling_algorithm": 0.34604189246677897}, "datetime": {"datetime": "2023-11-30 11:05:21", "elapsed": 172.397144, "delta": 2.388496}}
{"target": 0.2642857142857143, "params": {"activation_function": 1.0617276893033374, "amount_of_layers": 4.964147473638955, "batch_size": 112.2408329526305, "dropout_rate": 0.2742732767206, "epochs": 68.72967945372591, "hidden_channels": 36.021991375415624, "learning_rate": 0.01767914183889008, "optimizer": 0.5255133872905371, "pooling_algorithm": 0.3741589176869632}, "datetime": {"datetime": "2023-11-30 11:05:22", "elapsed": 173.689944, "delta": 1.2928}}
{"target": 0.2660714285714286, "params": {"activation_function": 0.2217821429110014, "amount_of_layers": 6.101097318298023, "batch_size": 36.047434980062576, "dropout_rate": 0.46623111424775143, "epochs": 92.53460231270599, "hidden_channels": 61.556777390519684, "learning_rate": 0.03453205913388781, "optimizer": 0.6329911789764779, "pooling_algorithm": 0.14821058156338285}, "datetime": {"datetime": "2023-11-30 11:05:25", "elapsed": 177.130684, "delta": 3.44074}}
{"target": 0.5, "params": {"activation_function": 0.3491775576153673, "amount_of_layers": 4.336956360285836, "batch_size": 130.2282752189455, "dropout_rate": 0.5028746028913782, "epochs": 150.64283396063834, "hidden_channels": 42.16305794060001, "learning_rate": 0.034721753785972, "optimizer": 1.5746396488007302, "pooling_algorithm": 0.15969156976959076}, "datetime": {"datetime": "2023-11-30 11:05:28", "elapsed": 179.494363, "delta": 2.363679}}
{"target": 0.3642857142857143, "params": {"activation_function": 1.1664184524165555, "amount_of_layers": 6.344008513390421, "batch_size": 59.938441425467644, "dropout_rate": 0.6499916849510885, "epochs": 158.9551295884328, "hidden_channels": 46.49370081048625, "learning_rate": 0.08740617319272954, "optimizer": 0.5564641240012453, "pooling_algorithm": 0.5995018431030437}, "datetime": {"datetime": "2023-11-30 11:05:32", "elapsed": 183.818915, "delta": 4.324552}}
{"target": 0.7392857142857143, "params": {"activation_function": 0.849958673670151, "amount_of_layers": 3.5621375635239874, "batch_size": 134.60727314554174, "dropout_rate": 0.263249170685389, "epochs": 93.89335293061524, "hidden_channels": 42.22121506498417, "learning_rate": 0.05836615694562918, "optimizer": 1.2449930607074844, "pooling_algorithm": 0.18446545885431742}, "datetime": {"datetime": "2023-11-30 11:05:34", "elapsed": 185.438148, "delta": 1.619233}}
{"target": 0.5, "params": {"activation_function": 0.08904372120525395, "amount_of_layers": 5.266875092580127, "batch_size": 144.5538095656045, "dropout_rate": 0.35515221222208615, "epochs": 26.69535355563384, "hidden_channels": 100.94422406104093, "learning_rate": 0.060104182266062664, "optimizer": 0.8857709777241336, "pooling_algorithm": 0.6297231309474774}, "datetime": {"datetime": "2023-11-30 11:05:35", "elapsed": 186.229377, "delta": 0.791229}}
{"target": 0.8232142857142857, "params": {"activation_function": 0.013929824228901655, "amount_of_layers": 1.12227381274002, "batch_size": 17.781972815455124, "dropout_rate": 0.36899742919135525, "epochs": 144.09804806874573, "hidden_channels": 27.655112792539338, "learning_rate": 0.01829444648712403, "optimizer": 1.084489136825299, "pooling_algorithm": 0.1423258503829078}, "datetime": {"datetime": "2023-11-30 11:05:38", "elapsed": 189.663464, "delta": 3.434087}}
{"target": 0.5, "params": {"activation_function": 1.4568904519599135, "amount_of_layers": 7.038673380402708, "batch_size": 141.43323434871056, "dropout_rate": 0.687143665171446, "epochs": 159.3575107584447, "hidden_channels": 71.68597590881134, "learning_rate": 0.03170393611170734, "optimizer": 1.7131711946766872, "pooling_algorithm": 0.9471272596609972}, "datetime": {"datetime": "2023-11-30 11:05:42", "elapsed": 193.767023, "delta": 4.103559}}
{"target": 0.2642857142857143, "params": {"activation_function": 0.7202263974983172, "amount_of_layers": 7.4071718992510505, "batch_size": 132.94289670522176, "dropout_rate": 0.3321183614373551, "epochs": 63.95083023689844, "hidden_channels": 84.16686410802642, "learning_rate": 0.011865133979854382, "optimizer": 1.0607055791643867, "pooling_algorithm": 0.2196736778974685}, "datetime": {"datetime": "2023-11-30 11:05:44", "elapsed": 195.821292, "delta": 2.054269}}
{"target": 0.6375000000000001, "params": {"activation_function": 1.265089017096584, "amount_of_layers": 5.123774845128454, "batch_size": 142.8886307350656, "dropout_rate": 0.28779176268078377, "epochs": 35.5629640437317, "hidden_channels": 22.23113314259761, "learning_rate": 0.05077171674734463, "optimizer": 1.3211847593481985, "pooling_algorithm": 0.8627469516463881}, "datetime": {"datetime": "2023-11-30 11:05:45", "elapsed": 196.494843, "delta": 0.673551}}
{"target": 0.9035714285714286, "params": {"activation_function": 1.2285326972532706, "amount_of_layers": 5.5780940702232975, "batch_size": 91.10704953374103, "dropout_rate": 0.6194800055535858, "epochs": 66.69850387912976, "hidden_channels": 8.435683811785818, "learning_rate": 0.03528365810429629, "optimizer": 0.24987233957207944, "pooling_algorithm": 0.9737607611210323}, "datetime": {"datetime": "2023-11-30 11:05:46", "elapsed": 197.687461, "delta": 1.192618}}
{"target": 0.9071428571428573, "params": {"activation_function": 0.9650332776784927, "amount_of_layers": 6.388225093906159, "batch_size": 35.33731233257321, "dropout_rate": 0.574893659480583, "epochs": 31.475295505747756, "hidden_channels": 54.235971288705336, "learning_rate": 0.0026437076930119034, "optimizer": 1.2966111064404184, "pooling_algorithm": 0.669692117577962}, "datetime": {"datetime": "2023-11-30 11:05:47", "elapsed": 198.893792, "delta": 1.206331}}
{"target": 0.2660714285714285, "params": {"activation_function": 1.4609294392318273, "amount_of_layers": 7.730853621772154, "batch_size": 98.49040390070041, "dropout_rate": 0.37167817954032645, "epochs": 54.420675791332684, "hidden_channels": 55.28352816420373, "learning_rate": 0.07310122398657654, "optimizer": 1.1178900553262374, "pooling_algorithm": 0.340235075614408}, "datetime": {"datetime": "2023-11-30 11:05:49", "elapsed": 200.517624, "delta": 1.623832}}
{"target": 0.4, "params": {"activation_function": 1.0065342694160238, "amount_of_layers": 1.7114022961280861, "batch_size": 61.94486979845448, "dropout_rate": 0.5684348779169157, "epochs": 98.41585034386567, "hidden_channels": 6.1832531931035195, "learning_rate": 0.08926254058352728, "optimizer": 0.4247285231323199, "pooling_algorithm": 0.19004556266162198}, "datetime": {"datetime": "2023-11-30 11:05:50", "elapsed": 201.735266, "delta": 1.217642}}
{"target": 0.9178571428571429, "params": {"activation_function": 1.8318356420156097, "amount_of_layers": 8.255484135214402, "batch_size": 57.96480859630388, "dropout_rate": 0.7396118988893102, "epochs": 190.9404237935977, "hidden_channels": 19.69186481033291, "learning_rate": 0.039696327408235595, "optimizer": 0.3574219197241937, "pooling_algorithm": 0.677998165525777}, "datetime": {"datetime": "2023-11-30 11:05:55", "elapsed": 206.4652, "delta": 4.729934}}
{"target": 0.9035714285714285, "params": {"activation_function": 0.46944984222371744, "amount_of_layers": 3.598690858948271, "batch_size": 101.20002833387144, "dropout_rate": 0.2538126298775167, "epochs": 65.01248449847952, "hidden_channels": 110.38220881264776, "learning_rate": 0.010576234125403698, "optimizer": 0.7564874463331115, "pooling_algorithm": 0.6114281038197019}, "datetime": {"datetime": "2023-11-30 11:05:56", "elapsed": 208.113622, "delta": 1.648422}}
{"target": 0.2642857142857143, "params": {"activation_function": 0.8001463695761928, "amount_of_layers": 6.5813975409232315, "batch_size": 112.72980658092278, "dropout_rate": 0.7281778167574733, "epochs": 72.18899993525905, "hidden_channels": 29.02064380937908, "learning_rate": 0.038726700900798425, "optimizer": 0.12697808990535187, "pooling_algorithm": 0.16716047519922383}, "datetime": {"datetime": "2023-11-30 11:05:58", "elapsed": 209.690354, "delta": 1.576732}}
{"target": 0.5, "params": {"activation_function": 0.736068827620034, "amount_of_layers": 1.7089607652246777, "batch_size": 138.54910758839674, "dropout_rate": 0.7422209113224153, "epochs": 117.11681995591007, "hidden_channels": 23.877455069425746, "learning_rate": 0.0804018087373819, "optimizer": 0.966357198430533, "pooling_algorithm": 0.8620794355724354}, "datetime": {"datetime": "2023-11-30 11:05:59", "elapsed": 211.071717, "delta": 1.381363}}
{"target": 0.7678571428571428, "params": {"activation_function": 0.061330217458028136, "amount_of_layers": 7.305198501424856, "batch_size": 85.37280070401172, "dropout_rate": 0.4832344737072016, "epochs": 110.66614021838144, "hidden_channels": 67.7690388381693, "learning_rate": 0.0021072822937863228, "optimizer": 1.1343973620104886, "pooling_algorithm": 0.20537598068891094}, "datetime": {"datetime": "2023-11-30 11:06:02", "elapsed": 213.977606, "delta": 2.905889}}
{"target": 0.7910714285714286, "params": {"activation_function": 0.22563867965523743, "amount_of_layers": 8.408564268037505, "batch_size": 148.65892397975853, "dropout_rate": 0.30549900684413506, "epochs": 98.61428093663022, "hidden_channels": 13.878433330908424, "learning_rate": 0.09124088488666553, "optimizer": 0.32965690391597957, "pooling_algorithm": 0.09440897486101385}, "datetime": {"datetime": "2023-11-30 11:06:04", "elapsed": 215.96807, "delta": 1.990464}}
{"target": 0.2642857142857143, "params": {"activation_function": 1.2180772147084102, "amount_of_layers": 6.0976750268907844, "batch_size": 57.75597042755683, "dropout_rate": 0.5902272748079911, "epochs": 164.06884053912253, "hidden_channels": 109.65489800079338, "learning_rate": 0.006478194906974676, "optimizer": 1.9078779076388594, "pooling_algorithm": 0.03624538068265126}, "datetime": {"datetime": "2023-11-30 11:06:10", "elapsed": 222.029268, "delta": 6.061198}}
{"target": 0.6357142857142857, "params": {"activation_function": 0.9818229839781445, "amount_of_layers": 2.2845320466249577, "batch_size": 111.96364503537333, "dropout_rate": 0.31632567409009377, "epochs": 110.02885846010764, "hidden_channels": 42.033273974896794, "learning_rate": 0.08920163472953498, "optimizer": 1.3827331504229414, "pooling_algorithm": 0.9830516139128683}, "datetime": {"datetime": "2023-11-30 11:06:12", "elapsed": 223.631268, "delta": 1.602}}
{"target": 0.5, "params": {"activation_function": 1.2303881261608423, "amount_of_layers": 3.0646511403066654, "batch_size": 96.98064649244553, "dropout_rate": 0.3602075551149656, "epochs": 13.919927667790137, "hidden_channels": 111.53247669026968, "learning_rate": 0.06835388007127792, "optimizer": 1.9877971563662356, "pooling_algorithm": 0.07914495828806012}, "datetime": {"datetime": "2023-11-30 11:06:12", "elapsed": 224.074028, "delta": 0.44276}}
{"target": 0.9071428571428573, "params": {"activation_function": 0.9883107101483855, "amount_of_layers": 5.958472973361822, "batch_size": 37.84309283347813, "dropout_rate": 0.7335712223201707, "epochs": 165.74946294018892, "hidden_channels": 84.00077852816668, "learning_rate": 0.03986346365395835, "optimizer": 0.4829824136016667, "pooling_algorithm": 0.8187237399570015}, "datetime": {"datetime": "2023-11-30 11:06:18", "elapsed": 229.752442, "delta": 5.678414}}
{"target": 0.5, "params": {"activation_function": 1.344523525845578, "amount_of_layers": 8.840957844237327, "batch_size": 64.97964878891369, "dropout_rate": 0.44222490630796474, "epochs": 119.92897542413013, "hidden_channels": 15.821671854011647, "learning_rate": 0.03698507948134799, "optimizer": 1.891374908793872, "pooling_algorithm": 0.6459293981720674}, "datetime": {"datetime": "2023-11-30 11:06:21", "elapsed": 233.002254, "delta": 3.249812}}
{"target": 0.25357142857142856, "params": {"activation_function": 0.5677975077819983, "amount_of_layers": 6.336203609954048, "batch_size": 25.306385574531024, "dropout_rate": 0.5172085120469854, "epochs": 73.11588690204962, "hidden_channels": 65.90595059109253, "learning_rate": 0.04375435043010527, "optimizer": 1.6449767290753012, "pooling_algorithm": 0.13077526280158058}, "datetime": {"datetime": "2023-11-30 11:06:25", "elapsed": 236.263101, "delta": 3.260847}}
{"target": 0.8250000000000001, "params": {"activation_function": 0.6093342197096698, "amount_of_layers": 1.9150561700355668, "batch_size": 57.75284875987952, "dropout_rate": 0.31023013036691477, "epochs": 120.92613650657388, "hidden_channels": 18.95152367977137, "learning_rate": 0.04340603417208207, "optimizer": 1.1126694806115245, "pooling_algorithm": 0.33855025050587395}, "datetime": {"datetime": "2023-11-30 11:06:26", "elapsed": 238.09738, "delta": 1.834279}}
{"target": 0.9107142857142857, "params": {"activation_function": 0.7612118193032607, "amount_of_layers": 3.3437368198732536, "batch_size": 110.35376229543698, "dropout_rate": 0.2651982444589782, "epochs": 182.89260269069106, "hidden_channels": 102.50611923338624, "learning_rate": 0.05870593761677849, "optimizer": 0.21376525662342138, "pooling_algorithm": 0.9180545551504967}, "datetime": {"datetime": "2023-11-30 11:06:30", "elapsed": 241.627306, "delta": 3.529926}}
{"target": 0.9, "params": {"activation_function": 0.712879455252057, "amount_of_layers": 5.062352265278194, "batch_size": 140.2703208621913, "dropout_rate": 0.725124316889012, "epochs": 138.1830208699189, "hidden_channels": 103.83614125534774, "learning_rate": 0.07011414385580457, "optimizer": 0.32087241505721553, "pooling_algorithm": 0.6098758770103907}, "datetime": {"datetime": "2023-11-30 11:06:33", "elapsed": 245.072509, "delta": 3.445203}}
{"target": 0.8464285714285714, "params": {"activation_function": 0.8197303987174926, "amount_of_layers": 2.7504435868634998, "batch_size": 30.789432520103073, "dropout_rate": 0.26614672659039745, "epochs": 72.71683553955046, "hidden_channels": 94.30455313907726, "learning_rate": 0.018041164597655118, "optimizer": 0.6578438151476045, "pooling_algorithm": 0.12154380196711156}, "datetime": {"datetime": "2023-11-30 11:06:36", "elapsed": 247.242499, "delta": 2.16999}}
{"target": 0.9035714285714286, "params": {"activation_function": 1.5407912202391525, "amount_of_layers": 5.498879159796279, "batch_size": 52.561140898600435, "dropout_rate": 0.42156451219509605, "epochs": 20.57143133818652, "hidden_channels": 92.47627015915984, "learning_rate": 0.06731152547229899, "optimizer": 0.1288343606321336, "pooling_algorithm": 0.7309496983802481}, "datetime": {"datetime": "2023-11-30 11:06:36", "elapsed": 247.942564, "delta": 0.700065}}
{"target": 0.5857142857142857, "params": {"activation_function": 0.4097392447015542, "amount_of_layers": 6.811652748096699, "batch_size": 93.51303079179617, "dropout_rate": 0.29003602343207635, "epochs": 96.61278490712259, "hidden_channels": 79.49743429556193, "learning_rate": 0.02527189508101254, "optimizer": 1.6225144915641296, "pooling_algorithm": 0.7825210631236127}, "datetime": {"datetime": "2023-11-30 11:06:39", "elapsed": 250.804057, "delta": 2.861493}}
{"target": 0.2589285714285714, "params": {"activation_function": 1.2063527200653708, "amount_of_layers": 8.707245746423373, "batch_size": 98.29196727334761, "dropout_rate": 0.6138890380673889, "epochs": 153.75247107351314, "hidden_channels": 85.87017548373227, "learning_rate": 0.043093101220414855, "optimizer": 1.061727818914103, "pooling_algorithm": 0.2769091497168693}, "datetime": {"datetime": "2023-11-30 11:06:45", "elapsed": 256.708293, "delta": 5.904236}}
{"target": 0.5, "params": {"activation_function": 1.1152508747946626, "amount_of_layers": 1.8826071179722783, "batch_size": 74.38276803406657, "dropout_rate": 0.2769705890053765, "epochs": 42.83845748895556, "hidden_channels": 86.20439061909606, "learning_rate": 0.05060454562172202, "optimizer": 1.748029735416585, "pooling_algorithm": 0.5703194269347645}, "datetime": {"datetime": "2023-11-30 11:06:46", "elapsed": 257.572687, "delta": 0.864394}}
{"target": 0.9178571428571429, "params": {"activation_function": 1.738662958035824, "amount_of_layers": 6.055477678730275, "batch_size": 45.01030939261378, "dropout_rate": 0.6118761555292291, "epochs": 120.2628942535185, "hidden_channels": 101.94885311572206, "learning_rate": 0.0031831273035084285, "optimizer": 1.3701374965659598, "pooling_algorithm": 0.6491867478814617}, "datetime": {"datetime": "2023-11-30 11:06:51", "elapsed": 262.414688, "delta": 4.842001}}
{"target": 0.26249999999999996, "params": {"activation_function": 1.063828475197667, "amount_of_layers": 5.851175976587457, "batch_size": 140.86933634318876, "dropout_rate": 0.34831573980804836, "epochs": 23.101293674598715, "hidden_channels": 67.8982993168419, "learning_rate": 0.0690896795823837, "optimizer": 1.1412999689989034, "pooling_algorithm": 0.16562610483082685}, "datetime": {"datetime": "2023-11-30 11:06:52", "elapsed": 263.201039, "delta": 0.786351}}
{"target": 0.7285714285714285, "params": {"activation_function": 0.2912132887925445, "amount_of_layers": 8.462211979808513, "batch_size": 28.29095551161232, "dropout_rate": 0.6377118951320424, "epochs": 46.014349492754384, "hidden_channels": 100.2062540553774, "learning_rate": 0.012505083206018692, "optimizer": 0.27769024516152463, "pooling_algorithm": 0.4181797666035122}, "datetime": {"datetime": "2023-11-30 11:06:54", "elapsed": 265.996309, "delta": 2.79527}}
