{"target": 0.9035714285714286, "params": {"activation_function": 1.5569122951653842, "amount_of_layers": 7.696942328324327, "batch_size": 60.70722036480095, "dropout_rate": 0.7158694852025198, "epochs": 151.8310381149789, "hidden_channels": 103.07140800298694, "learning_rate": 0.007994699489005577, "optimizer": 1.062117648034147, "pooling_algorithm": 0.8468354302272836}, "datetime": {"datetime": "2023-11-30 10:51:42", "elapsed": 166.683075, "delta": 7.200445}}
{"target": 0.19464285714285712, "params": {"activation_function": 0.5701884065734821, "amount_of_layers": 7.734882289957422, "batch_size": 51.3648687129493, "dropout_rate": 0.578570655751829, "epochs": 119.96955216741354, "hidden_channels": 61.15668281416677, "learning_rate": 0.043833935145099624, "optimizer": 0.39316314567159827, "pooling_algorithm": 0.08272375832250856}, "datetime": {"datetime": "2023-11-30 10:51:46", "elapsed": 171.243358, "delta": 4.560283}}
{"target": 0.30714285714285716, "params": {"activation_function": 0.17229300237147416, "amount_of_layers": 6.113623001295771, "batch_size": 50.44633794561667, "dropout_rate": 0.6914833713830955, "epochs": 135.45937194675685, "hidden_channels": 102.95760988619683, "learning_rate": 0.0716132521010103, "optimizer": 0.7828317153335191, "pooling_algorithm": 0.7800521357286543}, "datetime": {"datetime": "2023-11-30 10:51:52", "elapsed": 176.64816, "delta": 5.404802}}
{"target": 0.9107142857142857, "params": {"activation_function": 1.4692143509476456, "amount_of_layers": 2.1409279119793316, "batch_size": 112.95796568600288, "dropout_rate": 0.6826158102456384, "epochs": 32.54830995627346, "hidden_channels": 107.0920354315353, "learning_rate": 0.02954686778552519, "optimizer": 0.20360322429872757, "pooling_algorithm": 0.5329522594948081}, "datetime": {"datetime": "2023-11-30 10:51:52", "elapsed": 177.310022, "delta": 0.661862}}
{"target": 0.7892857142857144, "params": {"activation_function": 1.7582029458049986, "amount_of_layers": 5.9365935949247195, "batch_size": 142.62636033323002, "dropout_rate": 0.676996015010906, "epochs": 107.67321056577435, "hidden_channels": 35.820158005937344, "learning_rate": 0.023208811361714623, "optimizer": 0.3632952295084615, "pooling_algorithm": 0.4340713420351435}, "datetime": {"datetime": "2023-11-30 10:51:54", "elapsed": 179.399408, "delta": 2.089386}}
{"target": 0.7375, "params": {"activation_function": 0.6792353009911614, "amount_of_layers": 5.881419232650142, "batch_size": 16.429728729707353, "dropout_rate": 0.36972698717508184, "epochs": 110.79158980773029, "hidden_channels": 60.971593010196074, "learning_rate": 0.09600914512890008, "optimizer": 0.7563463059750013, "pooling_algorithm": 0.3328195008898154}, "datetime": {"datetime": "2023-11-30 10:52:02", "elapsed": 187.049094, "delta": 7.649686}}
{"target": 0.4446428571428572, "params": {"activation_function": 1.7971007017445781, "amount_of_layers": 1.2851416487887892, "batch_size": 145.89684754772313, "dropout_rate": 0.4141163505612935, "epochs": 102.86385354552196, "hidden_channels": 104.79617418780701, "learning_rate": 0.03767609820545371, "optimizer": 1.7723191692319034, "pooling_algorithm": 0.2990461900132523}, "datetime": {"datetime": "2023-11-30 10:52:04", "elapsed": 188.552058, "delta": 1.502964}}
{"target": 0.35000000000000003, "params": {"activation_function": 1.452412612887597, "amount_of_layers": 2.353159603279124, "batch_size": 69.3276118337532, "dropout_rate": 0.7125372517999768, "epochs": 126.81305296109971, "hidden_channels": 61.60734814162816, "learning_rate": 0.09851355680463174, "optimizer": 0.046252657657630536, "pooling_algorithm": 0.32609729086122163}, "datetime": {"datetime": "2023-11-30 10:52:06", "elapsed": 190.978238, "delta": 2.42618}}
{"target": 0.5, "params": {"activation_function": 1.2841778002818973, "amount_of_layers": 6.079187070714214, "batch_size": 148.90294692932196, "dropout_rate": 0.6896572590887197, "epochs": 34.18223852325285, "hidden_channels": 39.33030770588623, "learning_rate": 0.03238887260202243, "optimizer": 1.4214475530460808, "pooling_algorithm": 0.5016390813744769}, "datetime": {"datetime": "2023-11-30 10:52:07", "elapsed": 191.871071, "delta": 0.892833}}
{"target": 0.26428571428571423, "params": {"activation_function": 1.0378513873353672, "amount_of_layers": 4.302405032149024, "batch_size": 127.00770729501251, "dropout_rate": 0.6238795594564599, "epochs": 163.7461549979612, "hidden_channels": 41.24823114171237, "learning_rate": 0.04309253171104426, "optimizer": 1.0786193700766717, "pooling_algorithm": 0.29139095431981477}, "datetime": {"datetime": "2023-11-30 10:52:10", "elapsed": 195.042763, "delta": 3.171692}}
{"target": 0.5, "params": {"activation_function": 0.3857269510070822, "amount_of_layers": 6.244532863382445, "batch_size": 47.223191385549185, "dropout_rate": 0.4999298173812779, "epochs": 89.04875029851958, "hidden_channels": 110.89148928077564, "learning_rate": 0.092337915110813, "optimizer": 1.0315538261315431, "pooling_algorithm": 0.8543422041985707}, "datetime": {"datetime": "2023-11-30 10:52:14", "elapsed": 199.491992, "delta": 4.449229}}
{"target": 0.5, "params": {"activation_function": 1.1813654183759486, "amount_of_layers": 5.631266324827679, "batch_size": 72.2098550913762, "dropout_rate": 0.4215478215124987, "epochs": 183.78639086835707, "hidden_channels": 68.54888886504635, "learning_rate": 0.07145925525187684, "optimizer": 1.8800114132543098, "pooling_algorithm": 0.9997041507834462}, "datetime": {"datetime": "2023-11-30 10:52:21", "elapsed": 205.588494, "delta": 6.096502}}
{"target": 0.5, "params": {"activation_function": 0.8625730751541243, "amount_of_layers": 3.335001012156807, "batch_size": 32.527123181623814, "dropout_rate": 0.4210136405025559, "epochs": 180.16849865979196, "hidden_channels": 105.10762787117639, "learning_rate": 0.0894485590448179, "optimizer": 1.195767129191117, "pooling_algorithm": 0.9804914938987316}, "datetime": {"datetime": "2023-11-30 10:52:27", "elapsed": 212.03144, "delta": 6.442946}}
{"target": 0.7857142857142856, "params": {"activation_function": 1.8492342301626923, "amount_of_layers": 1.1224560974104323, "batch_size": 21.977233806915685, "dropout_rate": 0.5970102497245573, "epochs": 187.81646284044072, "hidden_channels": 119.37253401812468, "learning_rate": 0.03767161163156838, "optimizer": 0.2019402896027518, "pooling_algorithm": 0.4311847100141103}, "datetime": {"datetime": "2023-11-30 10:52:31", "elapsed": 216.398975, "delta": 4.367535}}
{"target": 0.8357142857142856, "params": {"activation_function": 0.4730182682789259, "amount_of_layers": 4.974298828711277, "batch_size": 25.05717660997753, "dropout_rate": 0.47115311752454414, "epochs": 70.66421162749006, "hidden_channels": 38.94759082788626, "learning_rate": 0.005819762002815425, "optimizer": 0.589468688525534, "pooling_algorithm": 0.8413643225698725}, "datetime": {"datetime": "2023-11-30 10:52:34", "elapsed": 219.159559, "delta": 2.760584}}
{"target": 0.7607142857142858, "params": {"activation_function": 0.10819073308607852, "amount_of_layers": 8.245064196492233, "batch_size": 45.82433579297371, "dropout_rate": 0.5739683869298999, "epochs": 38.821458800712165, "hidden_channels": 42.60539224213416, "learning_rate": 0.0533375160095479, "optimizer": 0.7243510266980648, "pooling_algorithm": 0.32039890466224163}, "datetime": {"datetime": "2023-11-30 10:52:36", "elapsed": 220.843191, "delta": 1.683632}}
{"target": 0.4392857142857143, "params": {"activation_function": 1.2633119423970585, "amount_of_layers": 2.392315020443916, "batch_size": 71.61365626325531, "dropout_rate": 0.2858295478092935, "epochs": 138.4553848088216, "hidden_channels": 103.17136201077815, "learning_rate": 0.007849129062720658, "optimizer": 0.3261031923945086, "pooling_algorithm": 0.2382850778788751}, "datetime": {"datetime": "2023-11-30 10:52:39", "elapsed": 223.611702, "delta": 2.768511}}
{"target": 0.65, "params": {"activation_function": 1.1637990434624437, "amount_of_layers": 2.949764744321034, "batch_size": 50.33323623298388, "dropout_rate": 0.6748445564682427, "epochs": 134.32128860033134, "hidden_channels": 36.13644092051957, "learning_rate": 0.022421853493372935, "optimizer": 0.5692382152578161, "pooling_algorithm": 0.9519816033941031}, "datetime": {"datetime": "2023-11-30 10:52:41", "elapsed": 226.293111, "delta": 2.681409}}
{"target": 0.7732142857142857, "params": {"activation_function": 1.4691048478641198, "amount_of_layers": 8.584917075977291, "batch_size": 122.89863681266787, "dropout_rate": 0.6457325296214387, "epochs": 103.80940154381925, "hidden_channels": 72.84010032444682, "learning_rate": 0.04499245926514119, "optimizer": 0.31184267578891767, "pooling_algorithm": 0.33131214589409086}, "datetime": {"datetime": "2023-11-30 10:52:45", "elapsed": 230.09522, "delta": 3.802109}}
{"target": 0.3910714285714285, "params": {"activation_function": 0.8279123458481648, "amount_of_layers": 1.4828726442172213, "batch_size": 34.898546656253316, "dropout_rate": 0.3995463717130164, "epochs": 45.154801171513824, "hidden_channels": 45.32143817092955, "learning_rate": 0.0726381112000362, "optimizer": 1.926663533412005, "pooling_algorithm": 0.20392736688663604}, "datetime": {"datetime": "2023-11-30 10:52:46", "elapsed": 230.986358, "delta": 0.891138}}
{"target": 0.3642857142857143, "params": {"activation_function": 0.6630597056286636, "amount_of_layers": 8.297473997144, "batch_size": 141.53783599075018, "dropout_rate": 0.6826934120454247, "epochs": 41.66717580482519, "hidden_channels": 58.36196023177646, "learning_rate": 0.06548964668742364, "optimizer": 1.1778928207402002, "pooling_algorithm": 0.6506373755805103}, "datetime": {"datetime": "2023-11-30 10:52:47", "elapsed": 232.488652, "delta": 1.502294}}
{"target": 0.5, "params": {"activation_function": 0.554452829531543, "amount_of_layers": 4.680684568205771, "batch_size": 85.63775591190236, "dropout_rate": 0.5204320574283693, "epochs": 148.5243272772167, "hidden_channels": 45.86737582890097, "learning_rate": 0.08491327843108708, "optimizer": 1.8017860620246475, "pooling_algorithm": 0.6738702966245548}, "datetime": {"datetime": "2023-11-30 10:52:51", "elapsed": 235.807331, "delta": 3.318679}}
{"target": 0.7303571428571429, "params": {"activation_function": 0.6985849571568072, "amount_of_layers": 3.994796530058947, "batch_size": 120.38028129452805, "dropout_rate": 0.29641568292056275, "epochs": 35.38197219710611, "hidden_channels": 66.37899042039501, "learning_rate": 0.08401420217446043, "optimizer": 0.8851078644514405, "pooling_algorithm": 0.0745370400615264}, "datetime": {"datetime": "2023-11-30 10:52:52", "elapsed": 236.679259, "delta": 0.871928}}
{"target": 0.6357142857142857, "params": {"activation_function": 0.33291716908747104, "amount_of_layers": 7.139039222133906, "batch_size": 75.96777931677929, "dropout_rate": 0.6659461168552148, "epochs": 151.994845366871, "hidden_channels": 114.93767720979692, "learning_rate": 0.036947515955388734, "optimizer": 1.1205259170693478, "pooling_algorithm": 0.7231350108023828}, "datetime": {"datetime": "2023-11-30 10:52:58", "elapsed": 243.146916, "delta": 6.467657}}
{"target": 0.5, "params": {"activation_function": 1.4151689235472917, "amount_of_layers": 7.84283849706071, "batch_size": 92.62779793908416, "dropout_rate": 0.2607925810282769, "epochs": 60.80926816393203, "hidden_channels": 55.687733144671135, "learning_rate": 0.03010733684551717, "optimizer": 0.5276854909946955, "pooling_algorithm": 0.7094274578555814}, "datetime": {"datetime": "2023-11-30 10:53:00", "elapsed": 245.190289, "delta": 2.043373}}
{"target": 0.5857142857142857, "params": {"activation_function": 0.4207507319172852, "amount_of_layers": 1.573207332725909, "batch_size": 88.16388474655707, "dropout_rate": 0.2741484212302416, "epochs": 20.921945435314306, "hidden_channels": 103.22817196030834, "learning_rate": 0.09380271078823667, "optimizer": 0.9176072242994233, "pooling_algorithm": 0.6724569733617974}, "datetime": {"datetime": "2023-11-30 10:53:01", "elapsed": 245.772334, "delta": 0.582045}}
{"target": 0.5, "params": {"activation_function": 0.995109174042355, "amount_of_layers": 1.2107490924345106, "batch_size": 124.94021040856667, "dropout_rate": 0.37100835981332936, "epochs": 168.0901534423891, "hidden_channels": 68.26472932657686, "learning_rate": 0.061744625958434524, "optimizer": 0.5008200607549518, "pooling_algorithm": 0.5394979554810017}, "datetime": {"datetime": "2023-11-30 10:53:03", "elapsed": 248.284309, "delta": 2.511975}}
{"target": 0.5, "params": {"activation_function": 1.6489815282414735, "amount_of_layers": 3.8434650950851603, "batch_size": 90.9094601974903, "dropout_rate": 0.5530034090593522, "epochs": 113.82925781031967, "hidden_channels": 112.40634487548587, "learning_rate": 0.03416307001135319, "optimizer": 1.4320762793640474, "pooling_algorithm": 0.8595321632779452}, "datetime": {"datetime": "2023-11-30 10:53:07", "elapsed": 251.629666, "delta": 3.345357}}
{"target": 0.9053571428571429, "params": {"activation_function": 0.690743936458569, "amount_of_layers": 5.1794156556784205, "batch_size": 141.039199127719, "dropout_rate": 0.30775642831820565, "epochs": 44.63860282906064, "hidden_channels": 97.82091335507575, "learning_rate": 0.00466498113512525, "optimizer": 1.0517863594645533, "pooling_algorithm": 0.9245628149838415}, "datetime": {"datetime": "2023-11-30 10:53:08", "elapsed": 253.103452, "delta": 1.473786}}
{"target": 0.5, "params": {"activation_function": 0.013854240865901923, "amount_of_layers": 6.851324766831911, "batch_size": 24.38765793426917, "dropout_rate": 0.5338888790823777, "epochs": 168.94665548227778, "hidden_channels": 103.13391622419506, "learning_rate": 0.07813669802692683, "optimizer": 1.2056028183539982, "pooling_algorithm": 0.7348885597429125}, "datetime": {"datetime": "2023-11-30 10:53:20", "elapsed": 265.291614, "delta": 12.188162}}
{"target": 0.7267857142857143, "params": {"activation_function": 0.35663117724289184, "amount_of_layers": 2.2212808182375747, "batch_size": 32.36205150017331, "dropout_rate": 0.37896935746018146, "epochs": 139.91955299734568, "hidden_channels": 25.757436613414406, "learning_rate": 0.05521116663723449, "optimizer": 0.7956791387375761, "pooling_algorithm": 0.1585975664965965}, "datetime": {"datetime": "2023-11-30 10:53:23", "elapsed": 268.385493, "delta": 3.093879}}
{"target": 0.2642857142857143, "params": {"activation_function": 0.6327768569227556, "amount_of_layers": 5.261305215553749, "batch_size": 99.77650184290928, "dropout_rate": 0.7091318830621425, "epochs": 120.04658724928233, "hidden_channels": 121.04562503370599, "learning_rate": 0.05102078232188897, "optimizer": 0.07432119885229116, "pooling_algorithm": 0.034992076898535784}, "datetime": {"datetime": "2023-11-30 10:53:28", "elapsed": 272.564258, "delta": 4.178765}}
{"target": 0.26785714285714285, "params": {"activation_function": 1.5537735909956332, "amount_of_layers": 4.9930378229919805, "batch_size": 20.28915640379442, "dropout_rate": 0.40223169798124053, "epochs": 183.9062909419971, "hidden_channels": 56.46532346544291, "learning_rate": 0.05636265429528435, "optimizer": 1.2239693111454177, "pooling_algorithm": 0.46252352869900637}, "datetime": {"datetime": "2023-11-30 10:53:36", "elapsed": 281.349816, "delta": 8.785558}}
{"target": 0.2625, "params": {"activation_function": 1.2646856837795237, "amount_of_layers": 8.882711444459842, "batch_size": 24.935203667630894, "dropout_rate": 0.34611598105745317, "epochs": 164.4845462842795, "hidden_channels": 74.69591154321371, "learning_rate": 0.042810524655902384, "optimizer": 0.05526647084068892, "pooling_algorithm": 0.20982162056187437}, "datetime": {"datetime": "2023-11-30 10:53:47", "elapsed": 291.876147, "delta": 10.526331}}
{"target": 0.3678571428571429, "params": {"activation_function": 0.4988321257454966, "amount_of_layers": 5.8055102775036564, "batch_size": 83.91648210924461, "dropout_rate": 0.32577419830943005, "epochs": 14.700981549214514, "hidden_channels": 21.633856350367758, "learning_rate": 0.06179376512249207, "optimizer": 0.07743912867967495, "pooling_algorithm": 0.29158472764079113}, "datetime": {"datetime": "2023-11-30 10:53:47", "elapsed": 292.324584, "delta": 0.448437}}
{"target": 0.6785714285714286, "params": {"activation_function": 0.9596859790091661, "amount_of_layers": 7.5703972641725565, "batch_size": 79.78113621995205, "dropout_rate": 0.3481445114423748, "epochs": 19.973855450346605, "hidden_channels": 95.2433168980417, "learning_rate": 0.07994603452846574, "optimizer": 1.5864042702734542, "pooling_algorithm": 0.3692445891931462}, "datetime": {"datetime": "2023-11-30 10:53:48", "elapsed": 293.26928, "delta": 0.944696}}
{"target": 0.2267857142857143, "params": {"activation_function": 1.430964314049489, "amount_of_layers": 7.86449483143059, "batch_size": 135.98677349596983, "dropout_rate": 0.622335428695955, "epochs": 111.23119357562915, "hidden_channels": 68.09075650304788, "learning_rate": 0.04188173885022155, "optimizer": 1.6009753393753758, "pooling_algorithm": 0.3016468147399882}, "datetime": {"datetime": "2023-11-30 10:53:52", "elapsed": 296.901527, "delta": 3.632247}}
{"target": 0.8999999999999999, "params": {"activation_function": 0.2229047155433428, "amount_of_layers": 8.32360731233507, "batch_size": 22.80093899055577, "dropout_rate": 0.7128706560788316, "epochs": 16.688383595033507, "hidden_channels": 104.43588562526902, "learning_rate": 0.008794175882193993, "optimizer": 0.48832614477154856, "pooling_algorithm": 0.8490728367201452}, "datetime": {"datetime": "2023-11-30 10:53:53", "elapsed": 298.157035, "delta": 1.255508}}
{"target": 0.8285714285714286, "params": {"activation_function": 0.0296633752677522, "amount_of_layers": 6.790915700585841, "batch_size": 149.3512956807045, "dropout_rate": 0.41967458391687107, "epochs": 103.64803983791221, "hidden_channels": 107.56681236793995, "learning_rate": 0.01603290873378811, "optimizer": 0.28042024544389954, "pooling_algorithm": 0.21344593188243566}, "datetime": {"datetime": "2023-11-30 10:53:57", "elapsed": 302.016946, "delta": 3.859911}}
{"target": 0.2589285714285714, "params": {"activation_function": 0.7629834543479741, "amount_of_layers": 7.370256312877269, "batch_size": 81.70119631601209, "dropout_rate": 0.5773235055436374, "epochs": 165.57434244438622, "hidden_channels": 70.51832293624118, "learning_rate": 0.036517888576676545, "optimizer": 1.3168038085991478, "pooling_algorithm": 0.34291775958237947}, "datetime": {"datetime": "2023-11-30 10:54:02", "elapsed": 307.464814, "delta": 5.447868}}
{"target": 0.5, "params": {"activation_function": 0.22244418455121928, "amount_of_layers": 5.221515663162031, "batch_size": 33.57339580135222, "dropout_rate": 0.44516887820325524, "epochs": 131.10179337684497, "hidden_channels": 15.052174081016448, "learning_rate": 0.036521193548585434, "optimizer": 1.5345374043019155, "pooling_algorithm": 0.1279858470601286}, "datetime": {"datetime": "2023-11-30 10:54:07", "elapsed": 311.682147, "delta": 4.217333}}
{"target": 0.9035714285714287, "params": {"activation_function": 0.94108337594744, "amount_of_layers": 2.774968211260502, "batch_size": 91.00307177627751, "dropout_rate": 0.6746285093429651, "epochs": 129.08694878864816, "hidden_channels": 107.37136657878307, "learning_rate": 0.08588674344687296, "optimizer": 0.42292544433397294, "pooling_algorithm": 0.6572110866273179}, "datetime": {"datetime": "2023-11-30 10:54:10", "elapsed": 314.649959, "delta": 2.967812}}
{"target": 0.7357142857142858, "params": {"activation_function": 0.7155067512024802, "amount_of_layers": 6.501079144884143, "batch_size": 147.09629699783267, "dropout_rate": 0.40458581495637846, "epochs": 95.15659353737428, "hidden_channels": 63.950938736046055, "learning_rate": 0.0743693708922557, "optimizer": 0.018655378988445603, "pooling_algorithm": 0.37280050751883564}, "datetime": {"datetime": "2023-11-30 10:54:12", "elapsed": 317.12335, "delta": 2.473391}}
{"target": 0.9035714285714286, "params": {"activation_function": 1.969811868668636, "amount_of_layers": 2.8696313089682617, "batch_size": 71.1271238483574, "dropout_rate": 0.5860119766751619, "epochs": 42.126695706434326, "hidden_channels": 41.80459755794686, "learning_rate": 0.014231873411454887, "optimizer": 1.3937870994331039, "pooling_algorithm": 0.6249334632519234}, "datetime": {"datetime": "2023-11-30 10:54:13", "elapsed": 318.041199, "delta": 0.917849}}
{"target": 0.5, "params": {"activation_function": 0.9964099317909734, "amount_of_layers": 8.431367859793465, "batch_size": 36.83259864206549, "dropout_rate": 0.4926999778120429, "epochs": 182.5091922575738, "hidden_channels": 8.176289798662058, "learning_rate": 0.077175540969838, "optimizer": 1.7644123162909018, "pooling_algorithm": 0.7076252845318327}, "datetime": {"datetime": "2023-11-30 10:54:20", "elapsed": 324.658046, "delta": 6.616847}}
{"target": 0.725, "params": {"activation_function": 0.6235658113058142, "amount_of_layers": 8.747210949411814, "batch_size": 128.6374182032784, "dropout_rate": 0.2782248132800104, "epochs": 174.360495236399, "hidden_channels": 13.508769027611269, "learning_rate": 0.014629570201979577, "optimizer": 0.16921547969997675, "pooling_algorithm": 0.37595437111855856}, "datetime": {"datetime": "2023-11-30 10:54:24", "elapsed": 329.287148, "delta": 4.629102}}
{"target": 0.9107142857142858, "params": {"activation_function": 0.3965333659138437, "amount_of_layers": 7.020534341449685, "batch_size": 18.262456918372067, "dropout_rate": 0.36221490349684393, "epochs": 175.4712818714278, "hidden_channels": 7.534459188001014, "learning_rate": 0.012982711134060975, "optimizer": 1.1392077429697998, "pooling_algorithm": 0.8559716647456097}, "datetime": {"datetime": "2023-11-30 10:54:33", "elapsed": 337.999124, "delta": 8.711976}}
