{"target": 0.7375, "params": {"activation_function": 1.4675567718921052, "amount_of_layers": 7.518085240111021, "batch_size": 91.74148740986425, "dropout_rate": 0.2947548139689657, "epochs": 150.63756364723494, "hidden_channels": 39.0083779990802, "learning_rate": 0.045307465073464295, "optimizer": 0.5997290552997434, "pooling_algorithm": 0.3936242344022476}, "datetime": {"datetime": "2023-11-30 11:13:05", "elapsed": 293.33153, "delta": 4.10337}}
{"target": 0.16785714285714287, "params": {"activation_function": 1.841440693545711, "amount_of_layers": 4.666773337345375, "batch_size": 89.88022996325148, "dropout_rate": 0.6511212396192039, "epochs": 152.1915087993682, "hidden_channels": 41.32399277991357, "learning_rate": 0.02180554621845509, "optimizer": 0.7745975805004988, "pooling_algorithm": 0.9952206409294669}, "datetime": {"datetime": "2023-11-30 11:13:08", "elapsed": 296.102699, "delta": 2.771169}}
{"target": 0.8982142857142857, "params": {"activation_function": 0.5332046608644305, "amount_of_layers": 7.852560951038524, "batch_size": 67.33429362014994, "dropout_rate": 0.4058752432331832, "epochs": 15.546234850672445, "hidden_channels": 86.57337548744292, "learning_rate": 0.03992287447540467, "optimizer": 0.4945748491674502, "pooling_algorithm": 0.9413406459720244}, "datetime": {"datetime": "2023-11-30 11:13:09", "elapsed": 296.85921, "delta": 0.756511}}
{"target": 0.5, "params": {"activation_function": 0.24939629104140226, "amount_of_layers": 4.30757943508359, "batch_size": 29.455087212087697, "dropout_rate": 0.5916184552174872, "epochs": 194.42799259736262, "hidden_channels": 76.35596975080175, "learning_rate": 0.08827188852894631, "optimizer": 1.8441278986469574, "pooling_algorithm": 0.4930810964403557}, "datetime": {"datetime": "2023-11-30 11:13:15", "elapsed": 303.284421, "delta": 6.425211}}
{"target": 0.9107142857142857, "params": {"activation_function": 0.31887021071190635, "amount_of_layers": 8.502199408701278, "batch_size": 120.31343404851009, "dropout_rate": 0.3480815243960044, "epochs": 136.5401215246179, "hidden_channels": 94.71326283620198, "learning_rate": 0.07406012587877527, "optimizer": 0.36339224815701465, "pooling_algorithm": 0.5137642102548429}, "datetime": {"datetime": "2023-11-30 11:13:21", "elapsed": 309.163265, "delta": 5.878844}}
{"target": 0.5, "params": {"activation_function": 0.8682803037079534, "amount_of_layers": 5.0169165227649675, "batch_size": 145.42270601344754, "dropout_rate": 0.2571200818563581, "epochs": 189.49764850532227, "hidden_channels": 22.27722819927172, "learning_rate": 0.0728345167569754, "optimizer": 1.6926305771044077, "pooling_algorithm": 0.9218891710864797}, "datetime": {"datetime": "2023-11-30 11:13:24", "elapsed": 312.215563, "delta": 3.052298}}
{"target": 0.3642857142857143, "params": {"activation_function": 0.31384507363148506, "amount_of_layers": 7.694915831880096, "batch_size": 120.35989734858761, "dropout_rate": 0.5078137680136144, "epochs": 137.29346039617332, "hidden_channels": 94.81417980296496, "learning_rate": 0.057731701571268015, "optimizer": 1.8504528393464952, "pooling_algorithm": 0.8291109460396573}, "datetime": {"datetime": "2023-11-30 11:13:29", "elapsed": 317.01393, "delta": 4.798367}}
{"target": 0.9142857142857144, "params": {"activation_function": 0.42840898367826563, "amount_of_layers": 5.01532022069295, "batch_size": 118.79937999639428, "dropout_rate": 0.7092217078123371, "epochs": 135.67989829467083, "hidden_channels": 87.87261185590219, "learning_rate": 0.06112537181029553, "optimizer": 0.11139288527152624, "pooling_algorithm": 0.8622671952789432}, "datetime": {"datetime": "2023-11-30 11:13:32", "elapsed": 320.23603, "delta": 3.2221}}
{"target": 0.7321428571428571, "params": {"activation_function": 1.0034495805561507, "amount_of_layers": 5.287501495636089, "batch_size": 93.7950290394309, "dropout_rate": 0.7326056163587806, "epochs": 30.221074659168764, "hidden_channels": 124.40321848883994, "learning_rate": 0.08590827337628526, "optimizer": 0.4260712339160231, "pooling_algorithm": 0.3837348362781843}, "datetime": {"datetime": "2023-11-30 11:13:33", "elapsed": 321.486631, "delta": 1.250601}}
{"target": 0.7392857142857143, "params": {"activation_function": 1.0304245755080452, "amount_of_layers": 5.70844676464252, "batch_size": 141.82731405751156, "dropout_rate": 0.5579777783857633, "epochs": 187.35824297564335, "hidden_channels": 22.797399952804277, "learning_rate": 0.09394277919370986, "optimizer": 1.1116651176431924, "pooling_algorithm": 0.16250399269853233}, "datetime": {"datetime": "2023-11-30 11:13:38", "elapsed": 326.100956, "delta": 4.614325}}
{"target": 0.7303571428571429, "params": {"activation_function": 1.6147471336709827, "amount_of_layers": 7.50714178079146, "batch_size": 108.91690954538139, "dropout_rate": 0.31975651231455227, "epochs": 192.54501697321706, "hidden_channels": 21.204769827448125, "learning_rate": 0.08698400380711263, "optimizer": 1.1594175941850462, "pooling_algorithm": 0.1465315250235788}, "datetime": {"datetime": "2023-11-30 11:13:42", "elapsed": 330.427533, "delta": 4.326577}}
{"target": 0.7392857142857142, "params": {"activation_function": 1.447586060240231, "amount_of_layers": 7.953684112577796, "batch_size": 67.26756279185841, "dropout_rate": 0.2932473276055999, "epochs": 16.312072045625598, "hidden_channels": 85.5509489073317, "learning_rate": 0.00437883283493204, "optimizer": 0.218421483520447, "pooling_algorithm": 0.18880284791117796}, "datetime": {"datetime": "2023-11-30 11:13:43", "elapsed": 331.133517, "delta": 0.705984}}
{"target": 0.5, "params": {"activation_function": 0.9621253477466756, "amount_of_layers": 4.602156133592074, "batch_size": 118.40163760040726, "dropout_rate": 0.30947895596101505, "epochs": 136.9759834308619, "hidden_channels": 93.258547134477, "learning_rate": 0.04801565059237843, "optimizer": 1.5464403067917811, "pooling_algorithm": 0.5871126034316325}, "datetime": {"datetime": "2023-11-30 11:13:47", "elapsed": 335.265435, "delta": 4.131918}}
{"target": 0.7410714285714286, "params": {"activation_function": 1.103084895187447, "amount_of_layers": 6.8113063591152, "batch_size": 68.46007744932838, "dropout_rate": 0.7342955007949051, "epochs": 15.898712979780026, "hidden_channels": 84.74828703071995, "learning_rate": 0.056083909346207536, "optimizer": 0.3346370331974651, "pooling_algorithm": 0.2622182470727793}, "datetime": {"datetime": "2023-11-30 11:13:48", "elapsed": 336.21905, "delta": 0.953615}}
{"target": 0.9, "params": {"activation_function": 0.7747375694452423, "amount_of_layers": 8.373177426783712, "batch_size": 108.8942876120535, "dropout_rate": 0.5952855379728, "epochs": 192.49184306512504, "hidden_channels": 22.48499385971044, "learning_rate": 0.07765091975023078, "optimizer": 0.28916342808371476, "pooling_algorithm": 0.5248709549654075}, "datetime": {"datetime": "2023-11-30 11:13:54", "elapsed": 342.316488, "delta": 6.097438}}
{"target": 0.7375, "params": {"activation_function": 1.6763534446883586, "amount_of_layers": 4.828952213545951, "batch_size": 104.49361614842604, "dropout_rate": 0.462880703695245, "epochs": 196.35722677253648, "hidden_channels": 22.064118564115155, "learning_rate": 0.08856281935071426, "optimizer": 1.3513890515291154, "pooling_algorithm": 0.32569489702017107}, "datetime": {"datetime": "2023-11-30 11:13:59", "elapsed": 347.279244, "delta": 4.962756}}
{"target": 0.8821428571428572, "params": {"activation_function": 1.6313972621719661, "amount_of_layers": 5.853489324140576, "batch_size": 89.99602321959115, "dropout_rate": 0.4505896795380826, "epochs": 153.50591809303637, "hidden_channels": 40.24336318450746, "learning_rate": 0.048875575350107496, "optimizer": 0.2606471789279778, "pooling_algorithm": 0.741333792462367}, "datetime": {"datetime": "2023-11-30 11:14:04", "elapsed": 351.743001, "delta": 4.463757}}
{"target": 0.55, "params": {"activation_function": 1.7630599714494397, "amount_of_layers": 6.44567514301603, "batch_size": 109.04971614849237, "dropout_rate": 0.42054898682926745, "epochs": 192.6824855819426, "hidden_channels": 19.897714394593663, "learning_rate": 0.06517635481673466, "optimizer": 0.983046296569746, "pooling_algorithm": 0.8199930604244972}, "datetime": {"datetime": "2023-11-30 11:14:09", "elapsed": 357.241335, "delta": 5.498334}}
{"target": 0.7375, "params": {"activation_function": 0.3534939889436828, "amount_of_layers": 6.701962154051446, "batch_size": 144.34069484593488, "dropout_rate": 0.5010076515714292, "epochs": 192.36664124481757, "hidden_channels": 26.328530518748444, "learning_rate": 0.07699751837779546, "optimizer": 0.9533550270703117, "pooling_algorithm": 0.11441586187750397}, "datetime": {"datetime": "2023-11-30 11:14:15", "elapsed": 362.659594, "delta": 5.418259}}
{"target": 0.9071428571428571, "params": {"activation_function": 0.9846557261553768, "amount_of_layers": 6.3423909345528005, "batch_size": 108.84614972231368, "dropout_rate": 0.36849946144998996, "epochs": 191.85466124001218, "hidden_channels": 23.90439880558719, "learning_rate": 0.0959764265699134, "optimizer": 0.32117957491267135, "pooling_algorithm": 0.5891914831152292}, "datetime": {"datetime": "2023-11-30 11:14:20", "elapsed": 368.165952, "delta": 5.506358}}
{"target": 0.5, "params": {"activation_function": 0.43812808893367805, "amount_of_layers": 4.546270384919197, "batch_size": 140.6729733435143, "dropout_rate": 0.7033772842256873, "epochs": 188.91009137612707, "hidden_channels": 23.884375884185737, "learning_rate": 0.020089851242144262, "optimizer": 1.3347876390088025, "pooling_algorithm": 0.011511520583322166}, "datetime": {"datetime": "2023-11-30 11:14:25", "elapsed": 372.843104, "delta": 4.677152}}
{"target": 0.8964285714285714, "params": {"activation_function": 0.7593780438681532, "amount_of_layers": 4.715437622775362, "batch_size": 106.78157340965845, "dropout_rate": 0.6064131333351523, "epochs": 193.81675655750374, "hidden_channels": 21.03711814635159, "learning_rate": 0.037178555602956305, "optimizer": 0.18457789891417065, "pooling_algorithm": 0.7832020961271497}, "datetime": {"datetime": "2023-11-30 11:14:30", "elapsed": 377.781305, "delta": 4.938201}}
{"target": 0.9035714285714286, "params": {"activation_function": 0.9722665540260385, "amount_of_layers": 4.141181652372862, "batch_size": 144.76509650573908, "dropout_rate": 0.5761899025344526, "epochs": 194.84330932560866, "hidden_channels": 28.325290446927003, "learning_rate": 0.007037224751210505, "optimizer": 0.24306390648302068, "pooling_algorithm": 0.5539192716725252}, "datetime": {"datetime": "2023-11-30 11:14:34", "elapsed": 381.857843, "delta": 4.076538}}
{"target": 0.875, "params": {"activation_function": 1.7353586888451145, "amount_of_layers": 7.612703094453118, "batch_size": 108.60191938243955, "dropout_rate": 0.49812805511745617, "epochs": 191.91753708150776, "hidden_channels": 24.082843530834555, "learning_rate": 0.05677731454451027, "optimizer": 0.5500420207714358, "pooling_algorithm": 0.9723700267323314}, "datetime": {"datetime": "2023-11-30 11:14:40", "elapsed": 388.190449, "delta": 6.332606}}
{"target": 0.7410714285714286, "params": {"activation_function": 1.9134472090054337, "amount_of_layers": 5.784042391137321, "batch_size": 133.82045814579612, "dropout_rate": 0.5075514742506514, "epochs": 37.6583526424231, "hidden_channels": 76.29398219685847, "learning_rate": 0.01750578654099508, "optimizer": 0.6749788223529174, "pooling_algorithm": 0.32451806109018533}, "datetime": {"datetime": "2023-11-30 11:14:42", "elapsed": 389.847854, "delta": 1.657405}}
{"target": 0.2660714285714285, "params": {"activation_function": 0.6046599779588882, "amount_of_layers": 7.223427897169063, "batch_size": 117.20227473557348, "dropout_rate": 0.30573223347362793, "epochs": 134.40805423987845, "hidden_channels": 93.55959733890316, "learning_rate": 0.05533436540041918, "optimizer": 0.8238643956613796, "pooling_algorithm": 0.010949143576210352}, "datetime": {"datetime": "2023-11-30 11:14:49", "elapsed": 397.343003, "delta": 7.495149}}
