{"target": 0.5, "params": {"activation_function": 0.8642224112018051, "amount_of_layers": 2.393722105590645, "batch_size": 38.906453827185274, "dropout_rate": 0.6638161238103206, "epochs": 121.56253942388774, "hidden_channels": 61.50051071429957, "learning_rate": 0.08244579104376815, "optimizer": 1.643096221735987, "pooling_algorithm": 0.3071202514971392}, "datetime": {"datetime": "2023-11-30 09:50:02", "elapsed": 0.0, "delta": 0.0}}
{"target": 0.8392857142857143, "params": {"activation_function": 0.4017887515096705, "amount_of_layers": 4.225859662908512, "batch_size": 143.01717053521742, "dropout_rate": 0.588772215246668, "epochs": 125.70526978207552, "hidden_channels": 87.70069427035885, "learning_rate": 0.0017902784994980737, "optimizer": 0.6731198323452237, "pooling_algorithm": 0.3572723342389582}, "datetime": {"datetime": "2023-11-30 09:50:04", "elapsed": 2.958231, "delta": 2.958231}}
{"target": 0.26071428571428573, "params": {"activation_function": 0.972119974923624, "amount_of_layers": 8.026259348272673, "batch_size": 117.1577645017002, "dropout_rate": 0.5652324721786692, "epochs": 81.53190033175751, "hidden_channels": 77.5898761238391, "learning_rate": 0.07399554564103163, "optimizer": 1.1922929030639182, "pooling_algorithm": 0.09247963242805102}, "datetime": {"datetime": "2023-11-30 09:50:07", "elapsed": 5.625082, "delta": 2.666851}}
{"target": 0.26428571428571435, "params": {"activation_function": 0.8045419162705663, "amount_of_layers": 5.717491997053655, "batch_size": 31.465326324455056, "dropout_rate": 0.4440971286366113, "epochs": 21.354675445771946, "hidden_channels": 76.82681525137842, "learning_rate": 0.017505814338944922, "optimizer": 0.6961907638017, "pooling_algorithm": 0.4218991186515809}, "datetime": {"datetime": "2023-11-30 09:50:08", "elapsed": 6.981724, "delta": 1.356642}}
{"target": 0.5, "params": {"activation_function": 0.4989477392103243, "amount_of_layers": 7.159622416752398, "batch_size": 89.87556888397687, "dropout_rate": 0.26314602775441803, "epochs": 156.4854049803319, "hidden_channels": 16.465754172226482, "learning_rate": 0.07057682413599439, "optimizer": 1.1590776641867195, "pooling_algorithm": 0.5992178074262863}, "datetime": {"datetime": "2023-11-30 09:50:13", "elapsed": 11.585121, "delta": 4.603397}}
{"target": 0.6160714285714286, "params": {"activation_function": 1.714539943455721, "amount_of_layers": 5.4093571737733255, "batch_size": 27.034096311942804, "dropout_rate": 0.6167478985966782, "epochs": 111.43294913969113, "hidden_channels": 47.076954510080355, "learning_rate": 0.047689500009518764, "optimizer": 0.4431441437667494, "pooling_algorithm": 0.1764754506837276}, "datetime": {"datetime": "2023-11-30 09:50:20", "elapsed": 18.36434, "delta": 6.779219}}
{"target": 0.9, "params": {"activation_function": 0.9490720560777162, "amount_of_layers": 3.8898979162717593, "batch_size": 126.47492959530165, "dropout_rate": 0.3230000667056733, "epochs": 165.7181409242074, "hidden_channels": 27.615883332673125, "learning_rate": 0.05673831204581115, "optimizer": 0.24817598097926208, "pooling_algorithm": 0.6939187841898196}, "datetime": {"datetime": "2023-11-30 09:50:24", "elapsed": 22.077711, "delta": 3.713371}}
{"target": 0.8785714285714286, "params": {"activation_function": 0.07593157038259357, "amount_of_layers": 3.3522667572923277, "batch_size": 136.17354662059796, "dropout_rate": 0.39191030448089487, "epochs": 51.01351293071582, "hidden_channels": 8.506355959286708, "learning_rate": 0.004500786710887501, "optimizer": 1.74690729128459, "pooling_algorithm": 0.9772995554991274}, "datetime": {"datetime": "2023-11-30 09:50:25", "elapsed": 23.20116, "delta": 1.123449}}
{"target": 0.5, "params": {"activation_function": 0.5290288033439328, "amount_of_layers": 8.549845312686188, "batch_size": 21.37602323731977, "dropout_rate": 0.39413584228648746, "epochs": 139.15069566150876, "hidden_channels": 81.15728651856526, "learning_rate": 0.07211662528734855, "optimizer": 1.1360354229970349, "pooling_algorithm": 0.9189604384578384}, "datetime": {"datetime": "2023-11-30 09:50:40", "elapsed": 38.584167, "delta": 15.383007}}
{"target": 0.2642857142857143, "params": {"activation_function": 1.0125203585820612, "amount_of_layers": 8.046640302103452, "batch_size": 78.51058823855372, "dropout_rate": 0.3576367446427988, "epochs": 172.1730337352501, "hidden_channels": 24.311510429258963, "learning_rate": 0.002353694947579291, "optimizer": 1.4241716475552224, "pooling_algorithm": 0.48829336671396173}, "datetime": {"datetime": "2023-11-30 09:50:46", "elapsed": 43.991356, "delta": 5.407189}}
{"target": 0.5, "params": {"activation_function": 0.505456293323425, "amount_of_layers": 5.958149185108746, "batch_size": 59.0711886637042, "dropout_rate": 0.2919709753986584, "epochs": 191.62150141062983, "hidden_channels": 36.1586952109423, "learning_rate": 0.09007485914873288, "optimizer": 1.9077628923627408, "pooling_algorithm": 0.795349207753648}, "datetime": {"datetime": "2023-11-30 09:50:52", "elapsed": 50.916736, "delta": 6.92538}}
{"target": 0.19285714285714284, "params": {"activation_function": 0.3426806378811682, "amount_of_layers": 1.4016055488518262, "batch_size": 127.60591084266864, "dropout_rate": 0.4933618893549671, "epochs": 28.190889592864256, "hidden_channels": 113.31386143901473, "learning_rate": 0.05347152754916469, "optimizer": 1.9111672497150827, "pooling_algorithm": 0.2290625267849986}, "datetime": {"datetime": "2023-11-30 09:50:53", "elapsed": 51.450408, "delta": 0.533672}}
{"target": 0.5, "params": {"activation_function": 0.9476341863075877, "amount_of_layers": 2.288504481370092, "batch_size": 46.817491945924445, "dropout_rate": 0.7145092486310543, "epochs": 184.93570559143163, "hidden_channels": 107.38255084880436, "learning_rate": 0.05838272219414564, "optimizer": 0.5914865222462522, "pooling_algorithm": 0.5788814271548314}, "datetime": {"datetime": "2023-11-30 09:50:59", "elapsed": 57.070188, "delta": 5.61978}}
{"target": 0.5, "params": {"activation_function": 1.9532282564160592, "amount_of_layers": 3.320967915231474, "batch_size": 92.14151251526054, "dropout_rate": 0.71440413163937, "epochs": 193.86135891482814, "hidden_channels": 21.867210842142423, "learning_rate": 0.07439703772235998, "optimizer": 1.919936725859063, "pooling_algorithm": 0.7580813730519353}, "datetime": {"datetime": "2023-11-30 09:51:03", "elapsed": 61.022109, "delta": 3.951921}}
{"target": 0.9035714285714286, "params": {"activation_function": 1.0782428977327265, "amount_of_layers": 7.01714400709667, "batch_size": 93.01094444306497, "dropout_rate": 0.5383213559518853, "epochs": 39.79080122077684, "hidden_channels": 34.81537000933299, "learning_rate": 0.07672188039484706, "optimizer": 0.3281883153945122, "pooling_algorithm": 0.8689172640094315}, "datetime": {"datetime": "2023-11-30 09:51:04", "elapsed": 62.239156, "delta": 1.217047}}
{"target": 0.5, "params": {"activation_function": 1.7602862193031805, "amount_of_layers": 1.697747555621409, "batch_size": 140.78826673978904, "dropout_rate": 0.4537115965993312, "epochs": 146.48530192793126, "hidden_channels": 38.696408973911105, "learning_rate": 0.04809014846822836, "optimizer": 1.1425441978283606, "pooling_algorithm": 0.7953111407865031}, "datetime": {"datetime": "2023-11-30 09:51:06", "elapsed": 64.901004, "delta": 2.661848}}
{"target": 0.5, "params": {"activation_function": 0.9851134903530241, "amount_of_layers": 5.325773408344538, "batch_size": 24.452649126980024, "dropout_rate": 0.45527391807159096, "epochs": 179.05905249592308, "hidden_channels": 117.97502006410346, "learning_rate": 0.03868897266247842, "optimizer": 1.9448727975359648, "pooling_algorithm": 0.48148663495235866}, "datetime": {"datetime": "2023-11-30 09:51:19", "elapsed": 77.296686, "delta": 12.395682}}
{"target": 0.19999999999999998, "params": {"activation_function": 1.7740556607812354, "amount_of_layers": 2.0582529703534833, "batch_size": 66.02873209027356, "dropout_rate": 0.6519550883489189, "epochs": 10.684616265119196, "hidden_channels": 17.407451976197983, "learning_rate": 0.036946476239756325, "optimizer": 0.22200607864574962, "pooling_algorithm": 0.26661048196478365}, "datetime": {"datetime": "2023-11-30 09:51:19", "elapsed": 77.618561, "delta": 0.321875}}
{"target": 0.26964285714285713, "params": {"activation_function": 1.512164042975592, "amount_of_layers": 6.251764864811339, "batch_size": 113.00440166954041, "dropout_rate": 0.3452043633912038, "epochs": 40.417032275493874, "hidden_channels": 84.20399996755711, "learning_rate": 0.06318642856912564, "optimizer": 0.8425611463940916, "pooling_algorithm": 0.38255517899846736}, "datetime": {"datetime": "2023-11-30 09:51:20", "elapsed": 78.811052, "delta": 1.192491}}
{"target": 0.5178571428571429, "params": {"activation_function": 1.1783630371416338, "amount_of_layers": 6.910326911090089, "batch_size": 37.44456660809414, "dropout_rate": 0.3252738872615732, "epochs": 100.52262878296074, "hidden_channels": 29.820360938518956, "learning_rate": 0.08435739305528511, "optimizer": 1.128673814216837, "pooling_algorithm": 0.572305227704998}, "datetime": {"datetime": "2023-11-30 09:51:27", "elapsed": 85.13647, "delta": 6.325418}}
{"target": 0.5, "params": {"activation_function": 0.6331824495798426, "amount_of_layers": 5.656089001723246, "batch_size": 111.34380652187532, "dropout_rate": 0.4756205451612546, "epochs": 45.01935906125922, "hidden_channels": 23.3722083400487, "learning_rate": 0.04822100480053021, "optimizer": 0.9085203997421935, "pooling_algorithm": 0.9503512185563938}, "datetime": {"datetime": "2023-11-30 09:51:28", "elapsed": 86.791344, "delta": 1.654874}}
{"target": 0.2571428571428571, "params": {"activation_function": 0.29889449282671765, "amount_of_layers": 7.532008774341512, "batch_size": 94.07981218112299, "dropout_rate": 0.37496709279091633, "epochs": 41.638784355673415, "hidden_channels": 34.52377912798388, "learning_rate": 0.0681896695751183, "optimizer": 1.0564360466673184, "pooling_algorithm": 0.3803846567962289}, "datetime": {"datetime": "2023-11-30 09:51:30", "elapsed": 88.227663, "delta": 1.436319}}
{"target": 0.7821428571428573, "params": {"activation_function": 0.09362623559772487, "amount_of_layers": 1.7679457586650171, "batch_size": 38.280431646329845, "dropout_rate": 0.31416948386237065, "epochs": 47.813459862411776, "hidden_channels": 94.71429957150592, "learning_rate": 0.04657309428838726, "optimizer": 0.6582451543500376, "pooling_algorithm": 0.467402711745328}, "datetime": {"datetime": "2023-11-30 09:51:31", "elapsed": 89.884613, "delta": 1.65695}}
{"target": 0.16785714285714284, "params": {"activation_function": 0.07970749313837278, "amount_of_layers": 8.058337096144164, "batch_size": 115.07239977764858, "dropout_rate": 0.5525063798969735, "epochs": 193.6007829696553, "hidden_channels": 34.3678421763901, "learning_rate": 0.04984834875094241, "optimizer": 0.3733213213094293, "pooling_algorithm": 0.22648300202825422}, "datetime": {"datetime": "2023-11-30 09:51:38", "elapsed": 95.992223, "delta": 6.10761}}
{"target": 0.5, "params": {"activation_function": 0.2098409650613695, "amount_of_layers": 3.79830630954302, "batch_size": 133.31551108560296, "dropout_rate": 0.6724544755260932, "epochs": 151.4710458459494, "hidden_channels": 123.30030052626543, "learning_rate": 0.05519320757350488, "optimizer": 0.8368553828686784, "pooling_algorithm": 0.7045368831582007}, "datetime": {"datetime": "2023-11-30 09:51:41", "elapsed": 99.586454, "delta": 3.594231}}
{"target": 0.5, "params": {"activation_function": 0.40442130339950544, "amount_of_layers": 2.413820626227367, "batch_size": 27.536765084161168, "dropout_rate": 0.4510927351205046, "epochs": 60.9350997355767, "hidden_channels": 57.79340869820912, "learning_rate": 0.06658649509818022, "optimizer": 1.9515415770947069, "pooling_algorithm": 0.4062215976847531}, "datetime": {"datetime": "2023-11-30 09:51:44", "elapsed": 102.363349, "delta": 2.776895}}
{"target": 0.9, "params": {"activation_function": 0.5370873416286033, "amount_of_layers": 8.650139373172905, "batch_size": 108.53341567355889, "dropout_rate": 0.5670196888064558, "epochs": 162.32367657065325, "hidden_channels": 15.714299090252503, "learning_rate": 0.08970420033231495, "optimizer": 0.4089998939244017, "pooling_algorithm": 0.8477974197764578}, "datetime": {"datetime": "2023-11-30 09:51:49", "elapsed": 107.742357, "delta": 5.379008}}
{"target": 0.7375, "params": {"activation_function": 0.762441681583653, "amount_of_layers": 1.6883729186096268, "batch_size": 91.75967774640145, "dropout_rate": 0.40919879714244795, "epochs": 199.8680555365845, "hidden_channels": 60.13512739693486, "learning_rate": 0.08797363635193299, "optimizer": 0.7139753783581664, "pooling_algorithm": 0.38891235123168233}, "datetime": {"datetime": "2023-11-30 09:51:53", "elapsed": 111.681879, "delta": 3.939522}}
{"target": 0.35, "params": {"activation_function": 0.39145043829795, "amount_of_layers": 1.6020589622827943, "batch_size": 122.42918501270242, "dropout_rate": 0.2604420685455903, "epochs": 157.58870128662662, "hidden_channels": 121.23684286077489, "learning_rate": 0.006469088083369478, "optimizer": 1.819812485701604, "pooling_algorithm": 0.9240017367279856}, "datetime": {"datetime": "2023-11-30 09:51:56", "elapsed": 114.693817, "delta": 3.011938}}
{"target": 0.7285714285714285, "params": {"activation_function": 0.4302619120825162, "amount_of_layers": 5.29929539792181, "batch_size": 64.69204153439064, "dropout_rate": 0.4199404573997489, "epochs": 170.51766808151933, "hidden_channels": 52.77514905703319, "learning_rate": 0.006128935845166748, "optimizer": 1.2821088529954254, "pooling_algorithm": 0.23717129866513165}, "datetime": {"datetime": "2023-11-30 09:52:02", "elapsed": 120.823433, "delta": 6.129616}}
{"target": 0.5, "params": {"activation_function": 1.0424153457830878, "amount_of_layers": 1.3363685362165487, "batch_size": 104.24918409980172, "dropout_rate": 0.6506837444089597, "epochs": 75.68664310053494, "hidden_channels": 55.107018848487144, "learning_rate": 0.051036062642054916, "optimizer": 0.7754901732796431, "pooling_algorithm": 0.8121918534069421}, "datetime": {"datetime": "2023-11-30 09:52:04", "elapsed": 122.261586, "delta": 1.438153}}
{"target": 0.09999999999999999, "params": {"activation_function": 0.6487814104743861, "amount_of_layers": 8.429951551134721, "batch_size": 89.62456745568232, "dropout_rate": 0.5152370036635925, "epochs": 166.31876072545853, "hidden_channels": 79.14943969598627, "learning_rate": 0.00576221988717302, "optimizer": 0.9904482312257576, "pooling_algorithm": 0.634572741829558}, "datetime": {"datetime": "2023-11-30 09:52:09", "elapsed": 127.738951, "delta": 5.477365}}
{"target": 0.2607142857142857, "params": {"activation_function": 0.6582327416357543, "amount_of_layers": 3.6643704607319973, "batch_size": 80.25516290646101, "dropout_rate": 0.7241752372034862, "epochs": 129.72165419744692, "hidden_channels": 101.70963318500658, "learning_rate": 0.0017276126577421918, "optimizer": 1.1940136628250688, "pooling_algorithm": 0.20212168012476694}, "datetime": {"datetime": "2023-11-30 09:52:13", "elapsed": 131.257391, "delta": 3.51844}}
{"target": 0.2857142857142857, "params": {"activation_function": 1.8082349745195165, "amount_of_layers": 6.329425888651357, "batch_size": 19.941275971436223, "dropout_rate": 0.7271814959982845, "epochs": 185.22784527867518, "hidden_channels": 40.43181807065242, "learning_rate": 0.05516662846584046, "optimizer": 0.2653219864215093, "pooling_algorithm": 0.246710328862754}, "datetime": {"datetime": "2023-11-30 09:52:30", "elapsed": 148.792952, "delta": 17.535561}}
{"target": 0.7375, "params": {"activation_function": 0.7427813968229335, "amount_of_layers": 7.818165767143526, "batch_size": 55.183205212922296, "dropout_rate": 0.262948494625732, "epochs": 137.5846899956118, "hidden_channels": 73.34755177702941, "learning_rate": 0.03770368264174191, "optimizer": 0.6283550250931187, "pooling_algorithm": 0.15770031310793942}, "datetime": {"datetime": "2023-11-30 09:52:37", "elapsed": 155.134406, "delta": 6.341454}}
{"target": 0.6678571428571428, "params": {"activation_function": 1.4776110020681867, "amount_of_layers": 7.8897185046998874, "batch_size": 86.3929666846492, "dropout_rate": 0.5864011218587477, "epochs": 58.955393398407985, "hidden_channels": 113.94902361988217, "learning_rate": 0.008005371134557675, "optimizer": 0.798763340332457, "pooling_algorithm": 0.6668935174676728}, "datetime": {"datetime": "2023-11-30 09:52:39", "elapsed": 157.155194, "delta": 2.020788}}
{"target": 0.5, "params": {"activation_function": 0.7686160924982406, "amount_of_layers": 2.8777350600228946, "batch_size": 69.47404437946791, "dropout_rate": 0.38565547448006576, "epochs": 124.3569638825441, "hidden_channels": 39.95651170850875, "learning_rate": 0.08266574759142147, "optimizer": 1.1231259047359317, "pooling_algorithm": 0.5691668155250867}, "datetime": {"datetime": "2023-11-30 09:52:42", "elapsed": 160.753035, "delta": 3.597841}}
{"target": 0.825, "params": {"activation_function": 0.25602601107939793, "amount_of_layers": 6.037152974514253, "batch_size": 63.446956062290106, "dropout_rate": 0.636936531817699, "epochs": 143.71277212993422, "hidden_channels": 113.53817652919841, "learning_rate": 0.014449547433194255, "optimizer": 1.3309510110273255, "pooling_algorithm": 0.7787304819639764}, "datetime": {"datetime": "2023-11-30 09:52:48", "elapsed": 166.402222, "delta": 5.649187}}
{"target": 0.7392857142857143, "params": {"activation_function": 1.0934941387874375, "amount_of_layers": 4.799379640298954, "batch_size": 44.26579059050175, "dropout_rate": 0.5955958008017832, "epochs": 196.13232658870427, "hidden_channels": 53.508296157991694, "learning_rate": 0.04164714493249938, "optimizer": 0.7712856133809805, "pooling_algorithm": 0.4190268973636504}, "datetime": {"datetime": "2023-11-30 09:52:57", "elapsed": 175.136616, "delta": 8.734394}}
{"target": 0.3125, "params": {"activation_function": 1.5672612818286218, "amount_of_layers": 5.807090956059455, "batch_size": 24.676383213482307, "dropout_rate": 0.33498938415552787, "epochs": 142.35997755159033, "hidden_channels": 111.26791069374578, "learning_rate": 0.04262111733904133, "optimizer": 1.1100584900006876, "pooling_algorithm": 0.7220498290448611}, "datetime": {"datetime": "2023-11-30 09:53:06", "elapsed": 184.827394, "delta": 9.690778}}
{"target": 0.9035714285714285, "params": {"activation_function": 0.2780670909956984, "amount_of_layers": 6.724809543226475, "batch_size": 31.240146085321285, "dropout_rate": 0.550647833433249, "epochs": 31.00779086527418, "hidden_channels": 92.26101725884247, "learning_rate": 0.09611214015381017, "optimizer": 0.39495471275771044, "pooling_algorithm": 0.7607835741478758}, "datetime": {"datetime": "2023-11-30 09:53:08", "elapsed": 186.943784, "delta": 2.11639}}
{"target": 0.65, "params": {"activation_function": 1.495178376076649, "amount_of_layers": 2.108031647983638, "batch_size": 137.73260539206333, "dropout_rate": 0.438355446071554, "epochs": 69.63101602680896, "hidden_channels": 39.06458026626547, "learning_rate": 0.022497475211617716, "optimizer": 0.6761655797769897, "pooling_algorithm": 0.7858324578470938}, "datetime": {"datetime": "2023-11-30 09:53:10", "elapsed": 188.393811, "delta": 1.450027}}
{"target": 0.25357142857142856, "params": {"activation_function": 0.937598659322642, "amount_of_layers": 1.464244098401144, "batch_size": 97.13640498170724, "dropout_rate": 0.3753069323869739, "epochs": 19.395763885061633, "hidden_channels": 63.24368329058709, "learning_rate": 0.04714614960685204, "optimizer": 1.7212637554363353, "pooling_algorithm": 0.011700923758972581}, "datetime": {"datetime": "2023-11-30 09:53:10", "elapsed": 188.84484, "delta": 0.451029}}
{"target": 0.8250000000000001, "params": {"activation_function": 0.3601122298861983, "amount_of_layers": 2.139133941894115, "batch_size": 32.12426663928444, "dropout_rate": 0.6281627631946087, "epochs": 22.20579074065445, "hidden_channels": 32.576126117906114, "learning_rate": 0.05207510064593564, "optimizer": 1.1845245519781007, "pooling_algorithm": 0.49263572998127403}, "datetime": {"datetime": "2023-11-30 09:53:11", "elapsed": 189.871546, "delta": 1.026706}}
{"target": 0.7357142857142858, "params": {"activation_function": 0.6663512586361893, "amount_of_layers": 2.901089277108021, "batch_size": 36.86505649145829, "dropout_rate": 0.4847625150800656, "epochs": 183.401544698854, "hidden_channels": 47.48246494646802, "learning_rate": 0.020621247559420273, "optimizer": 0.5515275788047471, "pooling_algorithm": 0.1934692346887278}, "datetime": {"datetime": "2023-11-30 09:53:19", "elapsed": 197.692025, "delta": 7.820479}}
{"target": 0.2607142857142857, "params": {"activation_function": 1.158652135695198, "amount_of_layers": 8.296940111820643, "batch_size": 88.79553339453115, "dropout_rate": 0.3383785637897435, "epochs": 46.335260743529204, "hidden_channels": 49.91471423114707, "learning_rate": 0.0364605955196621, "optimizer": 0.18529691415792016, "pooling_algorithm": 0.2672400753001799}, "datetime": {"datetime": "2023-11-30 09:53:21", "elapsed": 199.31715, "delta": 1.625125}}
{"target": 0.5, "params": {"activation_function": 0.7474459899739478, "amount_of_layers": 3.49484561970577, "batch_size": 97.4853827909363, "dropout_rate": 0.26056214209527234, "epochs": 177.88327037799706, "hidden_channels": 89.08992402032301, "learning_rate": 0.0782122621015174, "optimizer": 1.696447486984697, "pooling_algorithm": 0.5253839811986224}, "datetime": {"datetime": "2023-11-30 09:53:25", "elapsed": 203.114389, "delta": 3.797239}}
{"target": 0.7375, "params": {"activation_function": 0.6598144428001806, "amount_of_layers": 3.968347149791242, "batch_size": 108.34881267981913, "dropout_rate": 0.4191570855018215, "epochs": 159.09095707463655, "hidden_channels": 60.60944811285826, "learning_rate": 0.02548035409500867, "optimizer": 0.830771230363472, "pooling_algorithm": 0.039032211479106405}, "datetime": {"datetime": "2023-11-30 09:53:29", "elapsed": 207.0171, "delta": 3.902711}}
