{"target": 0.5, "params": {"activation_function": 1.3145330003826192, "amount_of_layers": 6.759170616138541, "batch_size": 60.839164366040194, "dropout_rate": 0.3454208565789895, "epochs": 156.18475964320896, "hidden_channels": 61.461702349583035, "learning_rate": 0.09709391236414892, "optimizer": 1.9379217890831757, "pooling_algorithm": 0.9986561604505847}, "datetime": {"datetime": "2023-11-30 10:33:15", "elapsed": 238.367785, "delta": 4.92815}}
{"target": 0.2589285714285714, "params": {"activation_function": 0.7639751095372205, "amount_of_layers": 3.8576751598362993, "batch_size": 104.53092220531362, "dropout_rate": 0.6119436557933198, "epochs": 147.07548513384242, "hidden_channels": 115.72670403842835, "learning_rate": 0.03261558661450963, "optimizer": 1.432953833098283, "pooling_algorithm": 0.34855286500761606}, "datetime": {"datetime": "2023-11-30 10:33:19", "elapsed": 241.541435, "delta": 3.17365}}
{"target": 0.7410714285714286, "params": {"activation_function": 1.571814349238966, "amount_of_layers": 7.7383084057317575, "batch_size": 81.21983925555554, "dropout_rate": 0.6828290685796546, "epochs": 173.18317020893463, "hidden_channels": 103.25337260352461, "learning_rate": 0.026308782677819068, "optimizer": 1.2832785928425843, "pooling_algorithm": 0.2265145729046727}, "datetime": {"datetime": "2023-11-30 10:33:24", "elapsed": 246.534282, "delta": 4.992847}}
{"target": 0.6642857142857144, "params": {"activation_function": 1.6662562363309472, "amount_of_layers": 8.785004656776028, "batch_size": 52.52889361122556, "dropout_rate": 0.5210424609594314, "epochs": 173.72251495252368, "hidden_channels": 97.7068637087051, "learning_rate": 0.06959046444471415, "optimizer": 1.8719048805923624, "pooling_algorithm": 0.056866724910591526}, "datetime": {"datetime": "2023-11-30 10:33:30", "elapsed": 253.206626, "delta": 6.672344}}
{"target": 0.7964285714285715, "params": {"activation_function": 0.2531925317016419, "amount_of_layers": 3.2734454475243853, "batch_size": 54.290184660061044, "dropout_rate": 0.3257013328571068, "epochs": 116.02528141267852, "hidden_channels": 37.37389676776838, "learning_rate": 0.003807542865206221, "optimizer": 1.1345768921729802, "pooling_algorithm": 0.33010252656861394}, "datetime": {"datetime": "2023-11-30 10:33:33", "elapsed": 256.003915, "delta": 2.797289}}
{"target": 0.8178571428571428, "params": {"activation_function": 0.4988149192782201, "amount_of_layers": 7.573690482769326, "batch_size": 28.875524645336213, "dropout_rate": 0.7134719670401889, "epochs": 84.43435423832008, "hidden_channels": 43.820141649156405, "learning_rate": 0.016073043960450017, "optimizer": 1.0030188178708863, "pooling_algorithm": 0.39703764010774445}, "datetime": {"datetime": "2023-11-30 10:33:38", "elapsed": 261.369152, "delta": 5.365237}}
{"target": 0.5, "params": {"activation_function": 1.7204638882421648, "amount_of_layers": 2.3627016398967777, "batch_size": 38.09734216042601, "dropout_rate": 0.39725398191324274, "epochs": 184.7714301832196, "hidden_channels": 92.7493572929307, "learning_rate": 0.026730009808111736, "optimizer": 1.723126172197784, "pooling_algorithm": 0.9265529695376344}, "datetime": {"datetime": "2023-11-30 10:33:43", "elapsed": 265.916041, "delta": 4.546889}}
{"target": 0.5, "params": {"activation_function": 0.2758317968430568, "amount_of_layers": 4.051016329654306, "batch_size": 62.82506175481893, "dropout_rate": 0.2827022256233416, "epochs": 161.09944357597848, "hidden_channels": 56.18344565815024, "learning_rate": 0.09027062110226756, "optimizer": 1.6408508932299808, "pooling_algorithm": 0.7337627674665167}, "datetime": {"datetime": "2023-11-30 10:33:47", "elapsed": 270.003215, "delta": 4.087174}}
{"target": 0.5, "params": {"activation_function": 0.4703039788789327, "amount_of_layers": 8.496729478538018, "batch_size": 61.09918470219193, "dropout_rate": 0.4519253832169805, "epochs": 88.0993195663982, "hidden_channels": 108.248174513235, "learning_rate": 0.07830317546231508, "optimizer": 1.8619113869855202, "pooling_algorithm": 0.1884079453673645}, "datetime": {"datetime": "2023-11-30 10:33:50", "elapsed": 273.309902, "delta": 3.306687}}
{"target": 0.5, "params": {"activation_function": 0.26678114463958336, "amount_of_layers": 5.914023799795647, "batch_size": 100.89525824441878, "dropout_rate": 0.646698053119263, "epochs": 65.25466801485845, "hidden_channels": 30.17323132785515, "learning_rate": 0.053135981963991774, "optimizer": 1.7394297871710742, "pooling_algorithm": 0.11711383879191484}, "datetime": {"datetime": "2023-11-30 10:33:52", "elapsed": 274.878715, "delta": 1.568813}}
{"target": 0.9035714285714286, "params": {"activation_function": 1.1690604715896316, "amount_of_layers": 1.5658817282950732, "batch_size": 41.813080388343266, "dropout_rate": 0.3256628277099031, "epochs": 142.45875868920535, "hidden_channels": 48.437620878509016, "learning_rate": 0.04563203764218103, "optimizer": 0.4686230358476453, "pooling_algorithm": 0.7564703122198426}, "datetime": {"datetime": "2023-11-30 10:33:55", "elapsed": 278.382133, "delta": 3.503418}}
{"target": 0.0982142857142857, "params": {"activation_function": 1.761009915699783, "amount_of_layers": 7.0435847197185995, "batch_size": 129.8661804115573, "dropout_rate": 0.2868871110599161, "epochs": 72.73447723127397, "hidden_channels": 96.03061550143539, "learning_rate": 0.00882310453231221, "optimizer": 0.7612649960970357, "pooling_algorithm": 0.5317900839707795}, "datetime": {"datetime": "2023-11-30 10:33:57", "elapsed": 280.532092, "delta": 2.149959}}
{"target": 0.7392857142857143, "params": {"activation_function": 1.2594702075981092, "amount_of_layers": 6.362187560736391, "batch_size": 51.10005374799276, "dropout_rate": 0.6829195529480367, "epochs": 88.10215240685692, "hidden_channels": 80.53010084192378, "learning_rate": 0.03933480564530084, "optimizer": 0.8271056270206634, "pooling_algorithm": 0.1890904937511544}, "datetime": {"datetime": "2023-11-30 10:34:00", "elapsed": 283.329128, "delta": 2.797036}}
{"target": 0.7375, "params": {"activation_function": 1.7973220872291196, "amount_of_layers": 5.246572547220046, "batch_size": 79.12584581924011, "dropout_rate": 0.2660726991483651, "epochs": 104.84973732767821, "hidden_channels": 30.234479689327948, "learning_rate": 0.08555655384587507, "optimizer": 0.7457565992082738, "pooling_algorithm": 0.1876795134767859}, "datetime": {"datetime": "2023-11-30 10:34:03", "elapsed": 285.637146, "delta": 2.308018}}
{"target": 0.8821428571428572, "params": {"activation_function": 1.5409909798207289, "amount_of_layers": 8.213943931436487, "batch_size": 78.60274773645955, "dropout_rate": 0.67655319927726, "epochs": 159.42323011019363, "hidden_channels": 33.37977605221051, "learning_rate": 0.06002079740984562, "optimizer": 0.17496331960816724, "pooling_algorithm": 0.7718291205594312}, "datetime": {"datetime": "2023-11-30 10:34:07", "elapsed": 289.545536, "delta": 3.90839}}
{"target": 0.9071428571428571, "params": {"activation_function": 1.0952440672885924, "amount_of_layers": 8.808216213823487, "batch_size": 37.589934931187706, "dropout_rate": 0.47498880469081634, "epochs": 112.20184911852228, "hidden_channels": 52.75899897109198, "learning_rate": 0.041886592442881704, "optimizer": 0.44290793589019617, "pooling_algorithm": 0.755081883859129}, "datetime": {"datetime": "2023-11-30 10:34:12", "elapsed": 294.588658, "delta": 5.043122}}
{"target": 0.43392857142857144, "params": {"activation_function": 1.9161938434352217, "amount_of_layers": 2.340814612551349, "batch_size": 86.53344948473129, "dropout_rate": 0.4808296651775624, "epochs": 153.46303224514506, "hidden_channels": 55.72371755675792, "learning_rate": 0.08541773085968223, "optimizer": 1.560760890252101, "pooling_algorithm": 0.38741177455308407}, "datetime": {"datetime": "2023-11-30 10:34:14", "elapsed": 297.071985, "delta": 2.483327}}
{"target": 0.2607142857142857, "params": {"activation_function": 1.1381774276539562, "amount_of_layers": 4.7964579154841, "batch_size": 128.6669639415713, "dropout_rate": 0.7234221194153376, "epochs": 69.06208998714061, "hidden_channels": 85.93348494698266, "learning_rate": 0.026410581762921437, "optimizer": 0.5403495242465914, "pooling_algorithm": 0.18569681235374713}, "datetime": {"datetime": "2023-11-30 10:34:16", "elapsed": 298.775828, "delta": 1.703843}}
{"target": 0.5, "params": {"activation_function": 0.6769721966534938, "amount_of_layers": 8.526353427481837, "batch_size": 94.45974951755075, "dropout_rate": 0.35842861699755785, "epochs": 54.649324338595775, "hidden_channels": 11.318107880607702, "learning_rate": 0.039629371121966434, "optimizer": 1.508708079873734, "pooling_algorithm": 0.530822510187679}, "datetime": {"datetime": "2023-11-30 10:34:17", "elapsed": 300.370059, "delta": 1.594231}}
{"target": 0.5, "params": {"activation_function": 0.49263070378017404, "amount_of_layers": 1.234012602401254, "batch_size": 43.78228732903956, "dropout_rate": 0.7115097366681631, "epochs": 133.2055873991892, "hidden_channels": 52.915327704851265, "learning_rate": 0.07795832102561649, "optimizer": 0.8026819501686231, "pooling_algorithm": 0.8004624517508738}, "datetime": {"datetime": "2023-11-30 10:34:20", "elapsed": 303.411806, "delta": 3.041747}}
{"target": 0.2196428571428571, "params": {"activation_function": 1.2606431487043352, "amount_of_layers": 7.197393402084212, "batch_size": 113.27825210116717, "dropout_rate": 0.473806981276785, "epochs": 89.04157613419261, "hidden_channels": 68.29898449538979, "learning_rate": 0.05043946437053406, "optimizer": 1.7248027751698962, "pooling_algorithm": 0.2587206366998892}, "datetime": {"datetime": "2023-11-30 10:34:23", "elapsed": 305.863715, "delta": 2.451909}}
{"target": 0.2625, "params": {"activation_function": 1.9278411175506533, "amount_of_layers": 4.633106695841107, "batch_size": 148.02421367074362, "dropout_rate": 0.7145321785900678, "epochs": 152.0818381927145, "hidden_channels": 57.53503691586452, "learning_rate": 0.021510797254528497, "optimizer": 0.8236982725641959, "pooling_algorithm": 0.24768400904104826}, "datetime": {"datetime": "2023-11-30 10:34:26", "elapsed": 309.386963, "delta": 3.523248}}
{"target": 0.9089285714285714, "params": {"activation_function": 0.5788692629029217, "amount_of_layers": 8.547581743055906, "batch_size": 59.645688569578326, "dropout_rate": 0.49689877076974764, "epochs": 29.550867427229907, "hidden_channels": 26.076613108639513, "learning_rate": 0.08393291733313366, "optimizer": 0.08309154020745146, "pooling_algorithm": 0.5760241222785493}, "datetime": {"datetime": "2023-11-30 10:34:28", "elapsed": 310.616475, "delta": 1.229512}}
{"target": 0.8999999999999999, "params": {"activation_function": 1.2201345034617608, "amount_of_layers": 5.885154782348982, "batch_size": 18.28123851600232, "dropout_rate": 0.27514722761065663, "epochs": 84.28368978178429, "hidden_channels": 27.851234479625298, "learning_rate": 0.05724634699739985, "optimizer": 0.045630566363149994, "pooling_algorithm": 0.7182764437254165}, "datetime": {"datetime": "2023-11-30 10:34:34", "elapsed": 316.706249, "delta": 6.089774}}
