{"target": 0.5, "params": {"activation_function": 0.5558475523666304, "amount_of_layers": 4.032526655110384, "batch_size": 125.4471719276785, "dropout_rate": 0.3711844064980746, "epochs": 169.6023108952153, "hidden_channels": 24.329196081421678, "learning_rate": 0.08028848968150469, "optimizer": 0.5365496580428251, "pooling_algorithm": 0.8881513934406494}, "datetime": {"datetime": "2023-11-30 11:06:57", "elapsed": 268.608815, "delta": 2.612506}}
{"target": 0.3660714285714286, "params": {"activation_function": 1.6931922677157478, "amount_of_layers": 7.726388004318175, "batch_size": 124.30506270684546, "dropout_rate": 0.7291201204633708, "epochs": 164.3642912872906, "hidden_channels": 125.04144410282562, "learning_rate": 0.06433991008992461, "optimizer": 1.5356846181524406, "pooling_algorithm": 0.699600715295389}, "datetime": {"datetime": "2023-11-30 11:07:04", "elapsed": 275.43244, "delta": 6.823625}}
{"target": 0.6357142857142857, "params": {"activation_function": 0.8367681231884583, "amount_of_layers": 5.167766042009707, "batch_size": 73.65822700449097, "dropout_rate": 0.5320875237595303, "epochs": 110.36065003816077, "hidden_channels": 69.44533243895819, "learning_rate": 0.053071036392208656, "optimizer": 1.3387433487462264, "pooling_algorithm": 0.9153048029575462}, "datetime": {"datetime": "2023-11-30 11:07:07", "elapsed": 278.385271, "delta": 2.952831}}
{"target": 0.7464285714285714, "params": {"activation_function": 1.6240952096888301, "amount_of_layers": 3.8723477298498423, "batch_size": 104.86577989824949, "dropout_rate": 0.6442296652077488, "epochs": 184.72644440613163, "hidden_channels": 116.62491404244959, "learning_rate": 0.006537890497775234, "optimizer": 1.1353398703402535, "pooling_algorithm": 0.4097841919556502}, "datetime": {"datetime": "2023-11-30 11:07:12", "elapsed": 283.261645, "delta": 4.876374}}
{"target": 0.3428571428571428, "params": {"activation_function": 0.4460701285711164, "amount_of_layers": 7.510689591417308, "batch_size": 114.65082878793238, "dropout_rate": 0.4827786989509915, "epochs": 150.02621228168564, "hidden_channels": 25.75145108739654, "learning_rate": 0.05374089420091806, "optimizer": 0.06570031495306816, "pooling_algorithm": 0.30052983296508373}, "datetime": {"datetime": "2023-11-30 11:07:15", "elapsed": 286.54701, "delta": 3.285365}}
{"target": 0.20892857142857144, "params": {"activation_function": 0.7864646782321165, "amount_of_layers": 1.0746915915851725, "batch_size": 50.55111150015273, "dropout_rate": 0.30148325700110457, "epochs": 72.48603433639786, "hidden_channels": 104.9363365128767, "learning_rate": 0.034034538021410876, "optimizer": 0.11234558135287553, "pooling_algorithm": 0.374711022199247}, "datetime": {"datetime": "2023-11-30 11:07:16", "elapsed": 287.625458, "delta": 1.078448}}
{"target": 0.8392857142857142, "params": {"activation_function": 1.4740856668596864, "amount_of_layers": 3.3191444070210636, "batch_size": 76.02871154039255, "dropout_rate": 0.29029380949618666, "epochs": 104.35057426061422, "hidden_channels": 22.042520398787772, "learning_rate": 0.0879700555304628, "optimizer": 1.3809485232506282, "pooling_algorithm": 0.3770373756410409}, "datetime": {"datetime": "2023-11-30 11:07:18", "elapsed": 289.182916, "delta": 1.557458}}
{"target": 0.26071428571428573, "params": {"activation_function": 1.412125079269383, "amount_of_layers": 8.376966667899069, "batch_size": 134.92121529531425, "dropout_rate": 0.49497058836201685, "epochs": 172.95416825437295, "hidden_channels": 41.10265461807981, "learning_rate": 0.0392553959510127, "optimizer": 1.6400082154145146, "pooling_algorithm": 0.17718526512399413}, "datetime": {"datetime": "2023-11-30 11:07:22", "elapsed": 293.902745, "delta": 4.719829}}
{"target": 0.7375, "params": {"activation_function": 1.5821224707560555, "amount_of_layers": 6.490654242487198, "batch_size": 23.28312338469965, "dropout_rate": 0.389670720806743, "epochs": 64.01004786961241, "hidden_channels": 116.00199519379066, "learning_rate": 0.09219379906286487, "optimizer": 0.719907972050136, "pooling_algorithm": 0.044411552861392756}, "datetime": {"datetime": "2023-11-30 11:07:26", "elapsed": 297.813903, "delta": 3.911158}}
{"target": 0.2535714285714286, "params": {"activation_function": 1.0040227898086906, "amount_of_layers": 6.909234026703338, "batch_size": 135.97839193906452, "dropout_rate": 0.31305506635474195, "epochs": 37.973047818691526, "hidden_channels": 56.13746192290511, "learning_rate": 0.0750792154812661, "optimizer": 0.04759241038501738, "pooling_algorithm": 0.3692539404154559}, "datetime": {"datetime": "2023-11-30 11:07:27", "elapsed": 298.871263, "delta": 1.05736}}
{"target": 0.4571428571428572, "params": {"activation_function": 1.2789714843225095, "amount_of_layers": 7.394648185900505, "batch_size": 134.7792323375748, "dropout_rate": 0.49936828621714613, "epochs": 11.17379424743272, "hidden_channels": 71.03475046959743, "learning_rate": 0.06218704231351392, "optimizer": 1.4313515961791414, "pooling_algorithm": 0.8281987149458498}, "datetime": {"datetime": "2023-11-30 11:07:28", "elapsed": 299.34672, "delta": 0.475457}}
{"target": 0.9035714285714287, "params": {"activation_function": 0.8267776314041546, "amount_of_layers": 2.6296308633218066, "batch_size": 85.03570466060228, "dropout_rate": 0.73976394598404, "epochs": 45.260772829811984, "hidden_channels": 6.11755209325255, "learning_rate": 0.04194839608101242, "optimizer": 1.023429822673878, "pooling_algorithm": 0.9461099391924206}, "datetime": {"datetime": "2023-11-30 11:07:28", "elapsed": 300.060819, "delta": 0.714099}}
{"target": 0.8142857142857143, "params": {"activation_function": 0.552172791602729, "amount_of_layers": 3.3178029755482816, "batch_size": 135.4138904270919, "dropout_rate": 0.34529481631842573, "epochs": 190.1811732479116, "hidden_channels": 38.6440118093735, "learning_rate": 0.011661192235568347, "optimizer": 1.001739672769231, "pooling_algorithm": 0.4207172548874438}, "datetime": {"datetime": "2023-11-30 11:07:31", "elapsed": 302.908214, "delta": 2.847395}}
{"target": 0.2125, "params": {"activation_function": 1.1913877173526237, "amount_of_layers": 7.566619673497751, "batch_size": 52.222824503591085, "dropout_rate": 0.2825822346534479, "epochs": 25.994395599364328, "hidden_channels": 74.54230017552051, "learning_rate": 0.0336513601406808, "optimizer": 1.7667480105992437, "pooling_algorithm": 0.429168312618073}, "datetime": {"datetime": "2023-11-30 11:07:32", "elapsed": 304.055747, "delta": 1.147533}}
{"target": 0.5, "params": {"activation_function": 0.11267684531690914, "amount_of_layers": 8.107581624033836, "batch_size": 146.3254729554666, "dropout_rate": 0.5040862596557739, "epochs": 12.621578105800937, "hidden_channels": 48.358824132205825, "learning_rate": 0.07069735969726408, "optimizer": 1.7252358548610942, "pooling_algorithm": 0.3710204529512374}, "datetime": {"datetime": "2023-11-30 11:07:33", "elapsed": 304.54813, "delta": 0.492383}}
{"target": 0.8160714285714287, "params": {"activation_function": 0.22568148527738918, "amount_of_layers": 1.270162653004082, "batch_size": 43.841272154024324, "dropout_rate": 0.5001660327457056, "epochs": 46.15757050352268, "hidden_channels": 39.61507947953098, "learning_rate": 0.04414207162182295, "optimizer": 1.6710229924832987, "pooling_algorithm": 0.0281803746083652}, "datetime": {"datetime": "2023-11-30 11:07:34", "elapsed": 305.332549, "delta": 0.784419}}
{"target": 0.4142857142857143, "params": {"activation_function": 0.34906796394432016, "amount_of_layers": 4.760036291721589, "batch_size": 19.615484090720066, "dropout_rate": 0.28803412560174474, "epochs": 37.64538833349188, "hidden_channels": 76.75310469710351, "learning_rate": 0.06656954345764743, "optimizer": 1.1377263269514266, "pooling_algorithm": 0.6009695915911333}, "datetime": {"datetime": "2023-11-30 11:07:36", "elapsed": 307.325086, "delta": 1.992537}}
{"target": 0.7392857142857143, "params": {"activation_function": 1.5752307740754712, "amount_of_layers": 8.219985451228084, "batch_size": 31.466207159537944, "dropout_rate": 0.5192276889979175, "epochs": 121.04120492214058, "hidden_channels": 58.241408002887574, "learning_rate": 0.04353333292739409, "optimizer": 1.0558879744442895, "pooling_algorithm": 0.00500653164212328}, "datetime": {"datetime": "2023-11-30 11:07:41", "elapsed": 312.857116, "delta": 5.53203}}
{"target": 0.5, "params": {"activation_function": 0.4827351761938783, "amount_of_layers": 7.817852244240516, "batch_size": 87.03530699292256, "dropout_rate": 0.7096126749892058, "epochs": 115.7320412342154, "hidden_channels": 29.25964485221228, "learning_rate": 0.08156048817060685, "optimizer": 1.927473627945615, "pooling_algorithm": 0.900016865526362}, "datetime": {"datetime": "2023-11-30 11:07:45", "elapsed": 316.191641, "delta": 3.334525}}
{"target": 0.8964285714285715, "params": {"activation_function": 1.7634585032629828, "amount_of_layers": 2.133361197621987, "batch_size": 111.4232652472876, "dropout_rate": 0.54839731018492, "epochs": 109.73073977544175, "hidden_channels": 42.478997383604224, "learning_rate": 0.057038222354172344, "optimizer": 0.4137317856981211, "pooling_algorithm": 0.8892094833591652}, "datetime": {"datetime": "2023-11-30 11:07:46", "elapsed": 317.601786, "delta": 1.410145}}
{"target": 0.7285714285714285, "params": {"activation_function": 1.2939537064257316, "amount_of_layers": 2.1933048039052094, "batch_size": 139.6387385463204, "dropout_rate": 0.3980649223925401, "epochs": 105.24932446683223, "hidden_channels": 121.66330533140581, "learning_rate": 0.06161490277701694, "optimizer": 1.460525045701274, "pooling_algorithm": 0.4217704978673793}, "datetime": {"datetime": "2023-11-30 11:07:48", "elapsed": 319.533373, "delta": 1.931587}}
{"target": 0.26607142857142857, "params": {"activation_function": 1.1749324176225255, "amount_of_layers": 7.583366005042839, "batch_size": 111.18537831625942, "dropout_rate": 0.2823147491768774, "epochs": 148.87227202528243, "hidden_channels": 121.1739101225065, "learning_rate": 0.0480326769750124, "optimizer": 0.4071836704438625, "pooling_algorithm": 0.07166959059121158}, "datetime": {"datetime": "2023-11-30 11:07:55", "elapsed": 326.795773, "delta": 7.2624}}
{"target": 0.8035714285714286, "params": {"activation_function": 0.2099744175403102, "amount_of_layers": 7.432502103383977, "batch_size": 84.59802341692622, "dropout_rate": 0.3404223229638231, "epochs": 110.67647101447339, "hidden_channels": 67.79040509205737, "learning_rate": 0.018071723041670273, "optimizer": 0.949200131824772, "pooling_algorithm": 0.37959839067964585}, "datetime": {"datetime": "2023-11-30 11:07:59", "elapsed": 330.219296, "delta": 3.423523}}
{"target": 0.8999999999999999, "params": {"activation_function": 1.284039041443485, "amount_of_layers": 5.068994195118505, "batch_size": 43.361254841461175, "dropout_rate": 0.33363384426473713, "epochs": 194.8049013546994, "hidden_channels": 35.02782462854482, "learning_rate": 0.0013815035912487777, "optimizer": 1.2196595248563276, "pooling_algorithm": 0.5226153781163668}, "datetime": {"datetime": "2023-11-30 11:08:04", "elapsed": 335.655656, "delta": 5.43636}}
{"target": 0.2607142857142857, "params": {"activation_function": 1.2168461600170277, "amount_of_layers": 5.926517618271677, "batch_size": 92.98081060797334, "dropout_rate": 0.6596765893208529, "epochs": 122.36594918635323, "hidden_channels": 24.63330348704048, "learning_rate": 0.0739127712827054, "optimizer": 0.21171507818635127, "pooling_algorithm": 0.3665538181207586}, "datetime": {"datetime": "2023-11-30 11:08:06", "elapsed": 338.033515, "delta": 2.377859}}
{"target": 0.46428571428571425, "params": {"activation_function": 1.97665832673586, "amount_of_layers": 4.775440559385383, "batch_size": 141.24112699374132, "dropout_rate": 0.35932953244157706, "epochs": 137.88850980354152, "hidden_channels": 102.94982638884252, "learning_rate": 0.074136605411611, "optimizer": 1.2667271846664259, "pooling_algorithm": 0.8942539926123872}, "datetime": {"datetime": "2023-11-30 11:08:11", "elapsed": 342.206161, "delta": 4.172646}}
