{"target": 0.7410714285714286, "params": {"activation_function": 0.9819247750475306, "amount_of_layers": 7.025958726408312, "batch_size": 141.18592781457568, "dropout_rate": 0.729480618658787, "epochs": 40.052863631182134, "hidden_channels": 25.415776195915274, "learning_rate": 0.029876384421647112, "optimizer": 0.5005243759495861, "pooling_algorithm": 0.20566207105390033}, "datetime": {"datetime": "2023-11-30 10:59:02", "elapsed": 0.0, "delta": 0.0}}
{"target": 0.925, "params": {"activation_function": 0.22921156927903752, "amount_of_layers": 1.6274195524714585, "batch_size": 71.0986417218644, "dropout_rate": 0.5251414324745803, "epochs": 44.59219387754617, "hidden_channels": 5.2698726099926665, "learning_rate": 0.017760198739759134, "optimizer": 0.29371266540157115, "pooling_algorithm": 0.9438515379119188}, "datetime": {"datetime": "2023-11-30 10:59:03", "elapsed": 0.854298, "delta": 0.854298}}
{"target": 0.2982142857142857, "params": {"activation_function": 1.1668457494525133, "amount_of_layers": 4.343469172617158, "batch_size": 146.1872432489863, "dropout_rate": 0.4177149068888501, "epochs": 106.90604187662424, "hidden_channels": 58.76014924773864, "learning_rate": 0.05265042617464867, "optimizer": 1.6670525638138105, "pooling_algorithm": 0.42158392663838207}, "datetime": {"datetime": "2023-11-30 10:59:06", "elapsed": 3.858802, "delta": 3.004504}}
{"target": 0.48214285714285715, "params": {"activation_function": 0.17863288750528006, "amount_of_layers": 5.703937229217742, "batch_size": 37.15548511239872, "dropout_rate": 0.40237263124660855, "epochs": 117.86505829728898, "hidden_channels": 92.05471488140857, "learning_rate": 0.087201933507819, "optimizer": 1.8603857332590494, "pooling_algorithm": 0.19070770000574433}, "datetime": {"datetime": "2023-11-30 10:59:13", "elapsed": 10.56665, "delta": 6.707848}}
{"target": 0.7964285714285715, "params": {"activation_function": 1.87758029749908, "amount_of_layers": 5.568828956586358, "batch_size": 147.6692363750728, "dropout_rate": 0.3766850634339718, "epochs": 88.3504851480993, "hidden_channels": 91.21776681647334, "learning_rate": 0.0744576497280134, "optimizer": 0.35099789676359094, "pooling_algorithm": 0.46337195835879164}, "datetime": {"datetime": "2023-11-30 10:59:17", "elapsed": 14.763516, "delta": 4.196866}}
{"target": 0.3142857142857143, "params": {"activation_function": 1.704090142908097, "amount_of_layers": 1.5161168017345572, "batch_size": 61.99990742669514, "dropout_rate": 0.7458776744808314, "epochs": 179.64876204162326, "hidden_channels": 74.46559008305032, "learning_rate": 0.04701239927943604, "optimizer": 0.8398357085568486, "pooling_algorithm": 0.8571072469285892}, "datetime": {"datetime": "2023-11-30 10:59:23", "elapsed": 20.178084, "delta": 5.414568}}
{"target": 0.425, "params": {"activation_function": 1.9445820576208661, "amount_of_layers": 4.252331771530116, "batch_size": 29.822918207072398, "dropout_rate": 0.616289345310272, "epochs": 44.61748845327182, "hidden_channels": 15.198870779305526, "learning_rate": 0.041244828056522756, "optimizer": 0.7442141084841032, "pooling_algorithm": 0.9677479216548254}, "datetime": {"datetime": "2023-11-30 10:59:24", "elapsed": 21.987028, "delta": 1.808944}}
{"target": 0.5, "params": {"activation_function": 0.576889014163068, "amount_of_layers": 7.234363165937332, "batch_size": 49.74401515147269, "dropout_rate": 0.2854746854642473, "epochs": 88.73468757727365, "hidden_channels": 18.845101952223473, "learning_rate": 0.07984833074941232, "optimizer": 1.7594113503491982, "pooling_algorithm": 0.8134678691637919}, "datetime": {"datetime": "2023-11-30 10:59:28", "elapsed": 25.443138, "delta": 3.45611}}
{"target": 0.5, "params": {"activation_function": 1.044194807261312, "amount_of_layers": 2.586285728831103, "batch_size": 19.065662937012732, "dropout_rate": 0.313966355696671, "epochs": 49.51042455747812, "hidden_channels": 52.43821407426505, "learning_rate": 0.08642490231395253, "optimizer": 1.3436871253458467, "pooling_algorithm": 0.8000422664198125}, "datetime": {"datetime": "2023-11-30 10:59:30", "elapsed": 27.943834, "delta": 2.500696}}
{"target": 0.5, "params": {"activation_function": 1.1955547611524344, "amount_of_layers": 8.32521539929511, "batch_size": 126.63355558809376, "dropout_rate": 0.6556694732681134, "epochs": 162.4924683607662, "hidden_channels": 120.99374842209896, "learning_rate": 0.05025483437806619, "optimizer": 1.9386025557358906, "pooling_algorithm": 0.7270823720329019}, "datetime": {"datetime": "2023-11-30 10:59:42", "elapsed": 40.104743, "delta": 12.160909}}
{"target": 0.9035714285714287, "params": {"activation_function": 1.3424171183038367, "amount_of_layers": 6.375646974753016, "batch_size": 103.58889452078719, "dropout_rate": 0.5467013852452686, "epochs": 179.3364656010228, "hidden_channels": 110.76138226387269, "learning_rate": 0.06659956528917468, "optimizer": 0.021717569007940307, "pooling_algorithm": 0.6876791576021222}, "datetime": {"datetime": "2023-11-30 10:59:52", "elapsed": 49.262712, "delta": 9.157969}}
{"target": 0.5, "params": {"activation_function": 1.84552870225079, "amount_of_layers": 6.272587322472529, "batch_size": 145.1540717668481, "dropout_rate": 0.6920119928743611, "epochs": 161.27682686979202, "hidden_channels": 54.70012116033067, "learning_rate": 0.05775453029187563, "optimizer": 1.2301841758068353, "pooling_algorithm": 0.8129768512014965}, "datetime": {"datetime": "2023-11-30 11:00:03", "elapsed": 60.225833, "delta": 10.963121}}
{"target": 0.2589285714285714, "params": {"activation_function": 1.2546929432017013, "amount_of_layers": 8.237851205123976, "batch_size": 95.4912068798223, "dropout_rate": 0.6653483948503635, "epochs": 75.66936217488991, "hidden_channels": 83.25226659065132, "learning_rate": 0.004050621332485175, "optimizer": 1.5381577565146485, "pooling_algorithm": 0.2731953981172789}, "datetime": {"datetime": "2023-11-30 11:00:07", "elapsed": 64.17271, "delta": 3.946877}}
{"target": 0.10535714285714284, "params": {"activation_function": 1.6230765088061938, "amount_of_layers": 4.303342310782565, "batch_size": 32.359502242196164, "dropout_rate": 0.2561357975186727, "epochs": 26.213553715020222, "hidden_channels": 20.87125746511869, "learning_rate": 0.025602002007635884, "optimizer": 1.216335231335804, "pooling_algorithm": 0.7650123665898053}, "datetime": {"datetime": "2023-11-30 11:00:07", "elapsed": 65.138101, "delta": 0.965391}}
{"target": 0.5, "params": {"activation_function": 1.0395492696660449, "amount_of_layers": 5.952942665703614, "batch_size": 68.02790134241563, "dropout_rate": 0.30730862087241223, "epochs": 138.08451486812027, "hidden_channels": 26.66836894806692, "learning_rate": 0.08245249776015288, "optimizer": 1.9096709984663365, "pooling_algorithm": 0.8876268551399701}, "datetime": {"datetime": "2023-11-30 11:00:14", "elapsed": 72.104973, "delta": 6.966872}}
{"target": 0.5, "params": {"activation_function": 0.674018013978271, "amount_of_layers": 7.992558885432423, "batch_size": 68.61467919553745, "dropout_rate": 0.7392134822617533, "epochs": 110.08411929807087, "hidden_channels": 31.195824638047092, "learning_rate": 0.09319791033744361, "optimizer": 1.111613963124323, "pooling_algorithm": 0.9879761054489022}, "datetime": {"datetime": "2023-11-30 11:00:19", "elapsed": 77.017835, "delta": 4.912862}}
{"target": 0.5, "params": {"activation_function": 1.7277540700829859, "amount_of_layers": 3.874918442295634, "batch_size": 76.51605560253805, "dropout_rate": 0.32644876719290244, "epochs": 174.63320891404425, "hidden_channels": 89.97593901649468, "learning_rate": 0.07560308298038447, "optimizer": 1.9635265198529646, "pooling_algorithm": 0.9814139021069338}, "datetime": {"datetime": "2023-11-30 11:00:25", "elapsed": 82.763919, "delta": 5.746084}}
{"target": 0.5, "params": {"activation_function": 0.25377060061599965, "amount_of_layers": 5.454738188168415, "batch_size": 117.37873227851728, "dropout_rate": 0.31316256955013777, "epochs": 113.9149845791344, "hidden_channels": 76.13043902031328, "learning_rate": 0.09068604227869898, "optimizer": 1.445333956670383, "pooling_algorithm": 0.07597613194767483}, "datetime": {"datetime": "2023-11-30 11:00:29", "elapsed": 86.708465, "delta": 3.944546}}
{"target": 0.5, "params": {"activation_function": 0.8791460407067495, "amount_of_layers": 5.92672091389186, "batch_size": 74.35814223450998, "dropout_rate": 0.7204864724000651, "epochs": 31.497134785501817, "hidden_channels": 87.29806740074677, "learning_rate": 0.08925185679834659, "optimizer": 1.4916062911821968, "pooling_algorithm": 0.5367887647188234}, "datetime": {"datetime": "2023-11-30 11:00:31", "elapsed": 88.299118, "delta": 1.590653}}
{"target": 0.725, "params": {"activation_function": 1.0050147602182606, "amount_of_layers": 4.653274892950252, "batch_size": 144.44269512410568, "dropout_rate": 0.7133832105573688, "epochs": 143.2771525178537, "hidden_channels": 60.384950667941716, "learning_rate": 0.06537753319037136, "optimizer": 0.09757515946341089, "pooling_algorithm": 0.09550657750654146}, "datetime": {"datetime": "2023-11-30 11:00:35", "elapsed": 92.776897, "delta": 4.477779}}
{"target": 0.7339285714285714, "params": {"activation_function": 0.7158646545226979, "amount_of_layers": 4.844798143752036, "batch_size": 147.57128447051832, "dropout_rate": 0.6673457470103623, "epochs": 142.38509837535443, "hidden_channels": 60.24620195253922, "learning_rate": 0.06105544383959918, "optimizer": 1.3739693800892196, "pooling_algorithm": 0.1269002196213378}, "datetime": {"datetime": "2023-11-30 11:00:40", "elapsed": 97.588272, "delta": 4.811375}}
{"target": 0.9017857142857143, "params": {"activation_function": 0.0, "amount_of_layers": 1.1913260827518706, "batch_size": 82.52435268440061, "dropout_rate": 0.582460672703936, "epochs": 47.23574018364496, "hidden_channels": 5.0, "learning_rate": 0.01385413282990457, "optimizer": 0.0738317907928498, "pooling_algorithm": 0.9561876191264286}, "datetime": {"datetime": "2023-11-30 11:00:41", "elapsed": 98.661876, "delta": 1.073604}}
{"target": 0.5910714285714286, "params": {"activation_function": 0.0, "amount_of_layers": 1.0, "batch_size": 72.47710955228149, "dropout_rate": 0.75, "epochs": 59.86990102996449, "hidden_channels": 5.0, "learning_rate": 0.1, "optimizer": 0.0, "pooling_algorithm": 0.0}, "datetime": {"datetime": "2023-11-30 11:00:42", "elapsed": 100.157677, "delta": 1.495801}}
{"target": 0.7821428571428571, "params": {"activation_function": 0.1716449652074667, "amount_of_layers": 1.6710901466299366, "batch_size": 78.96204226148349, "dropout_rate": 0.37141556025888917, "epochs": 33.55376356995625, "hidden_channels": 5.0, "learning_rate": 0.001, "optimizer": 0.3785806979630931, "pooling_algorithm": 1.0}, "datetime": {"datetime": "2023-11-30 11:00:44", "elapsed": 101.311034, "delta": 1.153357}}
{"target": 0.9142857142857143, "params": {"activation_function": 2.0, "amount_of_layers": 9.0, "batch_size": 77.20605662038889, "dropout_rate": 0.75, "epochs": 44.03086061735619, "hidden_channels": 14.885615358265289, "learning_rate": 0.001, "optimizer": 0.586554517157491, "pooling_algorithm": 1.0}, "datetime": {"datetime": "2023-11-30 11:00:46", "elapsed": 103.363842, "delta": 2.052808}}
{"target": 0.9, "params": {"activation_function": 1.3139174167148422, "amount_of_layers": 6.608851746023255, "batch_size": 100.57426560389122, "dropout_rate": 0.4889927509752525, "epochs": 194.26710889868048, "hidden_channels": 115.81717189406824, "learning_rate": 0.07574171709323871, "optimizer": 0.0, "pooling_algorithm": 0.5614884997480091}, "datetime": {"datetime": "2023-11-30 11:00:57", "elapsed": 114.952376, "delta": 11.588534}}
{"target": 0.7375, "params": {"activation_function": 0.8024858434291517, "amount_of_layers": 4.286875162773531, "batch_size": 110.62450204765476, "dropout_rate": 0.25236429246805203, "epochs": 194.53619628197538, "hidden_channels": 101.81098269062281, "learning_rate": 0.040917922785202364, "optimizer": 1.0220991583368335, "pooling_algorithm": 0.4575785175109921}, "datetime": {"datetime": "2023-11-30 11:01:05", "elapsed": 122.646138, "delta": 7.693762}}
{"target": 0.9035714285714287, "params": {"activation_function": 1.895337789132084, "amount_of_layers": 1.0, "batch_size": 92.01322020776438, "dropout_rate": 0.25, "epochs": 181.1236741461803, "hidden_channels": 125.02087283087818, "learning_rate": 0.001, "optimizer": 0.0, "pooling_algorithm": 1.0}, "datetime": {"datetime": "2023-11-30 11:01:09", "elapsed": 127.003508, "delta": 4.35737}}
{"target": 0.7999999999999999, "params": {"activation_function": 0.0, "amount_of_layers": 9.0, "batch_size": 79.84263997675733, "dropout_rate": 0.75, "epochs": 195.32330559845911, "hidden_channels": 122.8160469067896, "learning_rate": 0.001, "optimizer": 0.0, "pooling_algorithm": 0.0}, "datetime": {"datetime": "2023-11-30 11:01:24", "elapsed": 141.456902, "delta": 14.453394}}
{"target": 0.20714285714285713, "params": {"activation_function": 2.0, "amount_of_layers": 9.0, "batch_size": 103.54528988114643, "dropout_rate": 0.75, "epochs": 45.45159489817653, "hidden_channels": 19.046044103744823, "learning_rate": 0.001, "optimizer": 0.05244648793861223, "pooling_algorithm": 1.0}, "datetime": {"datetime": "2023-11-30 11:01:26", "elapsed": 143.44541, "delta": 1.988508}}
{"target": 0.7357142857142857, "params": {"activation_function": 0.0, "amount_of_layers": 9.0, "batch_size": 89.01244253704175, "dropout_rate": 0.75, "epochs": 182.74640677053776, "hidden_channels": 111.90264951347307, "learning_rate": 0.1, "optimizer": 0.0, "pooling_algorithm": 0.0}, "datetime": {"datetime": "2023-11-30 11:01:38", "elapsed": 156.154718, "delta": 12.709308}}
{"target": 0.9, "params": {"activation_function": 2.0, "amount_of_layers": 1.0, "batch_size": 108.77307834010361, "dropout_rate": 0.25, "epochs": 187.24218948536634, "hidden_channels": 128.0, "learning_rate": 0.001, "optimizer": 0.0, "pooling_algorithm": 1.0}, "datetime": {"datetime": "2023-11-30 11:01:43", "elapsed": 160.859117, "delta": 4.704399}}
{"target": 0.8214285714285714, "params": {"activation_function": 0.0, "amount_of_layers": 9.0, "batch_size": 118.92564238802136, "dropout_rate": 0.75, "epochs": 200.0, "hidden_channels": 125.96994616480833, "learning_rate": 0.02392906710915455, "optimizer": 0.0, "pooling_algorithm": 0.0}, "datetime": {"datetime": "2023-11-30 11:02:00", "elapsed": 177.205667, "delta": 16.34655}}
{"target": 0.9142857142857144, "params": {"activation_function": 2.0, "amount_of_layers": 4.668765073009446, "batch_size": 150.0, "dropout_rate": 0.25, "epochs": 81.11195794164719, "hidden_channels": 114.54697855899455, "learning_rate": 0.1, "optimizer": 0.0, "pooling_algorithm": 0.6081685675687503}, "datetime": {"datetime": "2023-11-30 11:02:04", "elapsed": 181.239762, "delta": 4.034095}}
{"target": 0.9232142857142858, "params": {"activation_function": 0.3855041499501851, "amount_of_layers": 1.0, "batch_size": 150.0, "dropout_rate": 0.25, "epochs": 64.12090066350302, "hidden_channels": 102.75734662384976, "learning_rate": 0.1, "optimizer": 0.0, "pooling_algorithm": 0.6221410009523445}, "datetime": {"datetime": "2023-11-30 11:02:05", "elapsed": 182.865674, "delta": 1.625912}}
{"target": 0.5892857142857143, "params": {"activation_function": 2.0, "amount_of_layers": 9.0, "batch_size": 150.0, "dropout_rate": 0.75, "epochs": 59.38234438606532, "hidden_channels": 123.63902599785212, "learning_rate": 0.001, "optimizer": 2.0, "pooling_algorithm": 0.0}, "datetime": {"datetime": "2023-11-30 11:02:10", "elapsed": 187.982341, "delta": 5.116667}}
{"target": 0.5, "params": {"activation_function": 0.10059028572705908, "amount_of_layers": 3.4139147098046516, "batch_size": 133.4703378906653, "dropout_rate": 0.36334383534351433, "epochs": 76.71386974077707, "hidden_channels": 103.22959929108428, "learning_rate": 0.0431458734679758, "optimizer": 1.4757097124010008, "pooling_algorithm": 0.25174598834494877}, "datetime": {"datetime": "2023-11-30 11:02:14", "elapsed": 191.373706, "delta": 3.391365}}
{"target": 0.5, "params": {"activation_function": 1.7917341660758328, "amount_of_layers": 5.474386967263461, "batch_size": 149.2164039970711, "dropout_rate": 0.3656247809242362, "epochs": 57.171722258331954, "hidden_channels": 82.73096714695401, "learning_rate": 0.08133864173809775, "optimizer": 1.0110334198066113, "pooling_algorithm": 0.9539845016067272}, "datetime": {"datetime": "2023-11-30 11:02:16", "elapsed": 194.017547, "delta": 2.643841}}
{"target": 0.26607142857142857, "params": {"activation_function": 1.431712788432843, "amount_of_layers": 5.855021540052255, "batch_size": 148.28280797428812, "dropout_rate": 0.3809030756959194, "epochs": 99.57143502694755, "hidden_channels": 117.87122299481068, "learning_rate": 0.009347633271613417, "optimizer": 1.629403276716331, "pooling_algorithm": 0.2222287315018061}, "datetime": {"datetime": "2023-11-30 11:02:23", "elapsed": 200.389491, "delta": 6.371944}}
{"target": 0.9071428571428571, "params": {"activation_function": 2.0, "amount_of_layers": 1.0, "batch_size": 150.0, "dropout_rate": 0.75, "epochs": 76.56795771806041, "hidden_channels": 103.46511186698858, "learning_rate": 0.001, "optimizer": 2.0, "pooling_algorithm": 1.0}, "datetime": {"datetime": "2023-11-30 11:02:25", "elapsed": 202.328879, "delta": 1.939388}}
{"target": 0.8982142857142857, "params": {"activation_function": 2.0, "amount_of_layers": 1.0, "batch_size": 100.55366900457079, "dropout_rate": 0.25, "epochs": 167.32155540878435, "hidden_channels": 128.0, "learning_rate": 0.001, "optimizer": 0.0, "pooling_algorithm": 0.9597545114530888}, "datetime": {"datetime": "2023-11-30 11:02:29", "elapsed": 206.474709, "delta": 4.14583}}
{"target": 0.5, "params": {"activation_function": 2.0, "amount_of_layers": 1.0, "batch_size": 81.7227532720817, "dropout_rate": 0.75, "epochs": 160.86307386405272, "hidden_channels": 128.0, "learning_rate": 0.09631460592034516, "optimizer": 2.0, "pooling_algorithm": 1.0}, "datetime": {"datetime": "2023-11-30 11:02:33", "elapsed": 210.747369, "delta": 4.27266}}
{"target": 0.5, "params": {"activation_function": 1.4313477929263014, "amount_of_layers": 8.870764174168151, "batch_size": 102.02592951741362, "dropout_rate": 0.40380490695149557, "epochs": 180.4026059315473, "hidden_channels": 126.00935504379454, "learning_rate": 0.07324592824352957, "optimizer": 1.9594812588674624, "pooling_algorithm": 0.22049674984668244}, "datetime": {"datetime": "2023-11-30 11:03:04", "elapsed": 241.460392, "delta": 30.713023}}
{"target": 0.8999999999999999, "params": {"activation_function": 2.0, "amount_of_layers": 1.0, "batch_size": 102.8614949582583, "dropout_rate": 0.25, "epochs": 199.83842319109925, "hidden_channels": 127.14211375179714, "learning_rate": 0.001, "optimizer": 0.0, "pooling_algorithm": 1.0}, "datetime": {"datetime": "2023-11-30 11:03:09", "elapsed": 246.611324, "delta": 5.150932}}
{"target": 0.8839285714285714, "params": {"activation_function": 2.0, "amount_of_layers": 1.0, "batch_size": 100.2705799233354, "dropout_rate": 0.25, "epochs": 167.4765049251808, "hidden_channels": 112.75466227604291, "learning_rate": 0.001, "optimizer": 0.0, "pooling_algorithm": 1.0}, "datetime": {"datetime": "2023-11-30 11:03:13", "elapsed": 250.563107, "delta": 3.951783}}
{"target": 0.7428571428571429, "params": {"activation_function": 1.3770392464517751, "amount_of_layers": 1.5939261313242001, "batch_size": 109.69099939342047, "dropout_rate": 0.2671794189726285, "epochs": 174.9230549730816, "hidden_channels": 98.0073454972337, "learning_rate": 0.0612128125760961, "optimizer": 0.7136681414747921, "pooling_algorithm": 0.27938510420729024}, "datetime": {"datetime": "2023-11-30 11:03:18", "elapsed": 255.616524, "delta": 5.053417}}
{"target": 0.9214285714285714, "params": {"activation_function": 0.0, "amount_of_layers": 1.0, "batch_size": 112.89416120167961, "dropout_rate": 0.25, "epochs": 191.6658317758922, "hidden_channels": 117.10924099116008, "learning_rate": 0.001, "optimizer": 0.0, "pooling_algorithm": 1.0}, "datetime": {"datetime": "2023-11-30 11:03:22", "elapsed": 259.925639, "delta": 4.309115}}
{"target": 0.5, "params": {"activation_function": 0.0, "amount_of_layers": 1.0, "batch_size": 68.94290127181128, "dropout_rate": 0.25, "epochs": 40.85528907475569, "hidden_channels": 20.299678850728895, "learning_rate": 0.1, "optimizer": 2.0, "pooling_algorithm": 1.0}, "datetime": {"datetime": "2023-11-30 11:03:24", "elapsed": 261.373861, "delta": 1.448222}}
{"target": 0.7607142857142857, "params": {"activation_function": 0.3021489307327021, "amount_of_layers": 1.756554621607874, "batch_size": 91.18148501566654, "dropout_rate": 0.3751570345224828, "epochs": 195.5053138879717, "hidden_channels": 123.8347368447819, "learning_rate": 0.055585627981382515, "optimizer": 0.3529602040846742, "pooling_algorithm": 0.15775511319155777}, "datetime": {"datetime": "2023-11-30 11:03:29", "elapsed": 267.149179, "delta": 5.775318}}
{"target": 0.5, "params": {"activation_function": 0.21288033679158058, "amount_of_layers": 7.501505331032762, "batch_size": 149.79469070566918, "dropout_rate": 0.69806545777676, "epochs": 68.60761685707773, "hidden_channels": 108.98202841131629, "learning_rate": 0.04657512898622686, "optimizer": 1.6063243011411845, "pooling_algorithm": 0.837363109790465}, "datetime": {"datetime": "2023-11-30 11:03:34", "elapsed": 271.724466, "delta": 4.575287}}
{"target": 0.9107142857142858, "params": {"activation_function": 0.4443006602624546, "amount_of_layers": 8.460235781766386, "batch_size": 107.2339721052664, "dropout_rate": 0.44308176310354996, "epochs": 195.28136224277702, "hidden_channels": 126.77833737485092, "learning_rate": 0.08441664893179969, "optimizer": 0.17084334914210397, "pooling_algorithm": 0.5439994200741887}, "datetime": {"datetime": "2023-11-30 11:03:48", "elapsed": 285.336328, "delta": 13.611862}}
