{"target": 0.25357142857142856, "params": {"activation_function": 1.6041756930615405, "amount_of_layers": 3.128117779063923, "batch_size": 90.21231312337609, "dropout_rate": 0.564130781626996, "epochs": 13.300596364301137, "hidden_channels": 123.14126538019765, "learning_rate": 0.049017114047655005, "optimizer": 0.6033055889186365, "pooling_algorithm": 0.9132693117854428}, "datetime": {"datetime": "2023-11-30 10:01:27", "elapsed": 0.0, "delta": 0.0}}
{"target": 0.5, "params": {"activation_function": 0.09609174368615125, "amount_of_layers": 4.5745865646964345, "batch_size": 39.572260703167224, "dropout_rate": 0.5990013078919902, "epochs": 69.52704353635849, "hidden_channels": 50.20398208285826, "learning_rate": 0.09812119792994566, "optimizer": 1.441479275064372, "pooling_algorithm": 0.5817674938340307}, "datetime": {"datetime": "2023-11-30 10:01:30", "elapsed": 2.572816, "delta": 2.572816}}
{"target": 0.25892857142857145, "params": {"activation_function": 1.0355333218601477, "amount_of_layers": 7.197491326247076, "batch_size": 17.317818171319818, "dropout_rate": 0.47327171097322335, "epochs": 171.65007662513113, "hidden_channels": 27.90284472858297, "learning_rate": 0.0884376263766026, "optimizer": 1.8256819785941123, "pooling_algorithm": 0.0028226428778996837}, "datetime": {"datetime": "2023-11-30 10:01:41", "elapsed": 14.185526, "delta": 11.61271}}
{"target": 0.7928571428571429, "params": {"activation_function": 0.017824427702712198, "amount_of_layers": 3.945909403710745, "batch_size": 68.09388207061855, "dropout_rate": 0.73088318937022, "epochs": 162.7630813872593, "hidden_channels": 26.625198360093187, "learning_rate": 0.07160600825830032, "optimizer": 0.14561393228518194, "pooling_algorithm": 0.22006366247515496}, "datetime": {"datetime": "2023-11-30 10:01:46", "elapsed": 18.481149, "delta": 4.295623}}
{"target": 0.7357142857142858, "params": {"activation_function": 1.8921630261404423, "amount_of_layers": 7.876118195466969, "batch_size": 138.5910676559835, "dropout_rate": 0.3799235544175031, "epochs": 92.5102777063597, "hidden_channels": 125.10389383539905, "learning_rate": 0.06142155008050372, "optimizer": 0.8988939841641375, "pooling_algorithm": 0.2985142499219181}, "datetime": {"datetime": "2023-11-30 10:01:51", "elapsed": 23.64652, "delta": 5.165371}}
{"target": 0.5, "params": {"activation_function": 0.07145847692230567, "amount_of_layers": 6.03307442271817, "batch_size": 70.59905957551982, "dropout_rate": 0.675489246157258, "epochs": 149.05652582787184, "hidden_channels": 107.76505599072955, "learning_rate": 0.08901488044386055, "optimizer": 1.2987264139679715, "pooling_algorithm": 0.7950608674616771}, "datetime": {"datetime": "2023-11-30 10:01:58", "elapsed": 30.337746, "delta": 6.691226}}
{"target": 0.5, "params": {"activation_function": 0.594707162356271, "amount_of_layers": 6.979303519530306, "batch_size": 34.22450068509343, "dropout_rate": 0.41029135911096726, "epochs": 74.1823936245412, "hidden_channels": 57.545205316768445, "learning_rate": 0.08162121570999357, "optimizer": 1.6868119945960904, "pooling_algorithm": 0.39190841208138694}, "datetime": {"datetime": "2023-11-30 10:02:02", "elapsed": 34.294833, "delta": 3.957087}}
{"target": 0.7375, "params": {"activation_function": 0.5935889579359179, "amount_of_layers": 4.516969685192632, "batch_size": 111.70215595859425, "dropout_rate": 0.31749708114997127, "epochs": 141.4656522624981, "hidden_channels": 11.938028131832525, "learning_rate": 0.07632481412019093, "optimizer": 0.8151908645161703, "pooling_algorithm": 0.029941205261978632}, "datetime": {"datetime": "2023-11-30 10:02:05", "elapsed": 37.589796, "delta": 3.294963}}
{"target": 0.4571428571428572, "params": {"activation_function": 0.2027876602773282, "amount_of_layers": 2.5811017118980892, "batch_size": 54.731260648966646, "dropout_rate": 0.4862502956218959, "epochs": 20.4687263723829, "hidden_channels": 107.00098014757432, "learning_rate": 0.03988748086770147, "optimizer": 1.7732478375262808, "pooling_algorithm": 0.5973404176162164}, "datetime": {"datetime": "2023-11-30 10:02:06", "elapsed": 38.266052, "delta": 0.676256}}
{"target": 0.7375, "params": {"activation_function": 1.6361720902572026, "amount_of_layers": 7.8600669261789715, "batch_size": 16.89983782629556, "dropout_rate": 0.3344430138386172, "epochs": 163.3807798472099, "hidden_channels": 11.47926699785842, "learning_rate": 0.07430214210050841, "optimizer": 0.9526517766459079, "pooling_algorithm": 0.36863041411957487}, "datetime": {"datetime": "2023-11-30 10:02:18", "elapsed": 50.515186, "delta": 12.249134}}
{"target": 0.8071428571428572, "params": {"activation_function": 0.03336228596691582, "amount_of_layers": 2.983469979471735, "batch_size": 64.03054144323168, "dropout_rate": 0.6441770160199216, "epochs": 163.9328374699861, "hidden_channels": 12.760822522168336, "learning_rate": 0.046128317532472186, "optimizer": 1.4856270824227094, "pooling_algorithm": 0.042865892337403566}, "datetime": {"datetime": "2023-11-30 10:02:22", "elapsed": 54.382396, "delta": 3.86721}}
{"target": 0.8214285714285714, "params": {"activation_function": 1.9488946665734133, "amount_of_layers": 5.641823162387962, "batch_size": 98.28939573302095, "dropout_rate": 0.7139104254069005, "epochs": 21.164865504305673, "hidden_channels": 37.7123931616943, "learning_rate": 0.0060333096209960885, "optimizer": 0.8543020822667791, "pooling_algorithm": 0.287378582788791}, "datetime": {"datetime": "2023-11-30 10:02:22", "elapsed": 54.992507, "delta": 0.610111}}
{"target": 0.5, "params": {"activation_function": 1.3481282586943115, "amount_of_layers": 5.066728657553522, "batch_size": 51.10887001149234, "dropout_rate": 0.25631429988270404, "epochs": 92.1057353104358, "hidden_channels": 87.88370765899438, "learning_rate": 0.05007830549437224, "optimizer": 1.6637606804925167, "pooling_algorithm": 0.9507175077698234}, "datetime": {"datetime": "2023-11-30 10:02:26", "elapsed": 58.397056, "delta": 3.404549}}
{"target": 0.5, "params": {"activation_function": 1.395903114746025, "amount_of_layers": 3.396222752306473, "batch_size": 20.724501064818682, "dropout_rate": 0.6121956916911943, "epochs": 125.43693839253665, "hidden_channels": 127.72456033849485, "learning_rate": 0.07739114777152604, "optimizer": 1.2725877447238807, "pooling_algorithm": 0.6075648874087474}, "datetime": {"datetime": "2023-11-30 10:02:33", "elapsed": 65.639664, "delta": 7.242608}}
{"target": 0.2607142857142857, "params": {"activation_function": 0.6717640106087919, "amount_of_layers": 6.30426869069047, "batch_size": 46.288029112454346, "dropout_rate": 0.30886523679217065, "epochs": 150.23619357335804, "hidden_channels": 100.85020116016943, "learning_rate": 0.023071006950462197, "optimizer": 1.8310012386474523, "pooling_algorithm": 0.4120629628930327}, "datetime": {"datetime": "2023-11-30 10:02:40", "elapsed": 73.20408, "delta": 7.564416}}
{"target": 0.9, "params": {"activation_function": 0.17453081397286874, "amount_of_layers": 6.655500749220068, "batch_size": 94.10669374358626, "dropout_rate": 0.3754234961462331, "epochs": 131.91490735505954, "hidden_channels": 68.92519513906078, "learning_rate": 0.07649953851406764, "optimizer": 0.40849438295924023, "pooling_algorithm": 0.9008547617806313}, "datetime": {"datetime": "2023-11-30 10:02:45", "elapsed": 77.400323, "delta": 4.196243}}
{"target": 0.26249999999999996, "params": {"activation_function": 0.7289152435929911, "amount_of_layers": 5.721284246363719, "batch_size": 100.85300040790275, "dropout_rate": 0.408049089907533, "epochs": 18.43371565196241, "hidden_channels": 84.04515497468365, "learning_rate": 0.007683766763799398, "optimizer": 1.5911098388963847, "pooling_algorithm": 0.0941560346497412}, "datetime": {"datetime": "2023-11-30 10:02:45", "elapsed": 78.038559, "delta": 0.638236}}
{"target": 0.9071428571428571, "params": {"activation_function": 0.07977859816069355, "amount_of_layers": 8.155943992066744, "batch_size": 143.53420685569003, "dropout_rate": 0.40935126467045796, "epochs": 94.15137678884798, "hidden_channels": 112.29142666044228, "learning_rate": 0.09329521750718284, "optimizer": 0.4866407621400206, "pooling_algorithm": 0.7011976386758713}, "datetime": {"datetime": "2023-11-30 10:02:50", "elapsed": 82.374488, "delta": 4.335929}}
{"target": 0.9107142857142857, "params": {"activation_function": 1.234210421988864, "amount_of_layers": 3.4136907765025457, "batch_size": 47.47600268757601, "dropout_rate": 0.4100491734625892, "epochs": 107.04457640625976, "hidden_channels": 9.832131912975843, "learning_rate": 0.05330334215416305, "optimizer": 0.13813031131071662, "pooling_algorithm": 0.5641530538864685}, "datetime": {"datetime": "2023-11-30 10:02:52", "elapsed": 84.954841, "delta": 2.580353}}
{"target": 0.5178571428571429, "params": {"activation_function": 0.040160323718763324, "amount_of_layers": 8.674445794156528, "batch_size": 36.888386568557294, "dropout_rate": 0.6550025675050628, "epochs": 195.67138217669714, "hidden_channels": 113.94556992052752, "learning_rate": 0.08978483613842549, "optimizer": 1.131178657290375, "pooling_algorithm": 0.32514555995485517}, "datetime": {"datetime": "2023-11-30 10:03:08", "elapsed": 100.989125, "delta": 16.034284}}
{"target": 0.8642857142857143, "params": {"activation_function": 1.6012849515110197, "amount_of_layers": 5.840780511489431, "batch_size": 39.7751679599399, "dropout_rate": 0.3315395984990412, "epochs": 134.69399675411083, "hidden_channels": 5.0, "learning_rate": 0.05587488572601334, "optimizer": 0.0, "pooling_algorithm": 0.6884340933193233}, "datetime": {"datetime": "2023-11-30 10:03:12", "elapsed": 104.894567, "delta": 3.905442}}
{"target": 0.2642857142857143, "params": {"activation_function": 1.1050704254880652, "amount_of_layers": 5.7058812427454, "batch_size": 109.75835360572489, "dropout_rate": 0.2962205927508935, "epochs": 140.89749815191627, "hidden_channels": 12.184469833938628, "learning_rate": 0.014140751649580771, "optimizer": 0.41939086263422287, "pooling_algorithm": 0.4957193380490418}, "datetime": {"datetime": "2023-11-30 10:03:15", "elapsed": 108.118941, "delta": 3.224374}}
{"target": 0.8232142857142857, "params": {"activation_function": 1.9310409380657503, "amount_of_layers": 1.2946576507850072, "batch_size": 120.93802150185869, "dropout_rate": 0.36064251389217233, "epochs": 67.22454162304783, "hidden_channels": 23.769951869046245, "learning_rate": 0.06994166965496086, "optimizer": 0.547279322030529, "pooling_algorithm": 0.40132452164347343}, "datetime": {"datetime": "2023-11-30 10:03:16", "elapsed": 109.104528, "delta": 0.985587}}
{"target": 0.9089285714285714, "params": {"activation_function": 0.023463158050457844, "amount_of_layers": 8.271071772228812, "batch_size": 119.53158526056261, "dropout_rate": 0.5273618930864036, "epochs": 171.42706181284518, "hidden_channels": 5.212297498831658, "learning_rate": 0.048215403348392825, "optimizer": 0.9299284875887173, "pooling_algorithm": 0.963563182050631}, "datetime": {"datetime": "2023-11-30 10:03:21", "elapsed": 113.315014, "delta": 4.210486}}
{"target": 0.8964285714285715, "params": {"activation_function": 1.5528883155314048, "amount_of_layers": 8.658289149294289, "batch_size": 135.6650364928779, "dropout_rate": 0.5831503264834991, "epochs": 29.116992718570685, "hidden_channels": 85.93449341915802, "learning_rate": 0.011563203493985416, "optimizer": 0.3208584542759927, "pooling_algorithm": 0.7310012105943785}, "datetime": {"datetime": "2023-11-30 10:03:22", "elapsed": 114.61754, "delta": 1.302526}}
{"target": 0.26249999999999996, "params": {"activation_function": 0.14851813901920252, "amount_of_layers": 6.491373386287307, "batch_size": 145.5394411817602, "dropout_rate": 0.5693022227473132, "epochs": 81.9552834892762, "hidden_channels": 22.287998280872902, "learning_rate": 0.08344646321873717, "optimizer": 0.9238825374279498, "pooling_algorithm": 0.2173461444321897}, "datetime": {"datetime": "2023-11-30 10:03:24", "elapsed": 116.440448, "delta": 1.822908}}
{"target": 0.7357142857142858, "params": {"activation_function": 1.752269573319452, "amount_of_layers": 6.392332965628055, "batch_size": 22.292956883258533, "dropout_rate": 0.6106447332900431, "epochs": 16.125064754165464, "hidden_channels": 66.79850461199332, "learning_rate": 0.07197923289295799, "optimizer": 1.4008076842859758, "pooling_algorithm": 0.14195373321644333}, "datetime": {"datetime": "2023-11-30 10:03:25", "elapsed": 117.507703, "delta": 1.067255}}
{"target": 0.5, "params": {"activation_function": 0.9925040263258413, "amount_of_layers": 5.010030661939233, "batch_size": 84.16917943375067, "dropout_rate": 0.3543773514202331, "epochs": 199.0616744423957, "hidden_channels": 110.45894089046453, "learning_rate": 0.00934110797455881, "optimizer": 0.5325087074525194, "pooling_algorithm": 0.6059578203560544}, "datetime": {"datetime": "2023-11-30 10:03:32", "elapsed": 124.966911, "delta": 7.459208}}
{"target": 0.9, "params": {"activation_function": 1.049182014063843, "amount_of_layers": 7.111720774808565, "batch_size": 31.294479507828136, "dropout_rate": 0.5934258276155391, "epochs": 106.42187231441572, "hidden_channels": 85.57585428013661, "learning_rate": 0.09742522361347737, "optimizer": 0.4829402571854846, "pooling_algorithm": 0.5244595862250175}, "datetime": {"datetime": "2023-11-30 10:03:39", "elapsed": 131.454248, "delta": 6.487337}}
{"target": 0.3214285714285714, "params": {"activation_function": 0.2981280774514401, "amount_of_layers": 3.1368390623839284, "batch_size": 21.992755843141722, "dropout_rate": 0.7014887033290418, "epochs": 91.16509694749976, "hidden_channels": 113.30382419999796, "learning_rate": 0.020418021986671038, "optimizer": 0.10046365804015456, "pooling_algorithm": 0.10624491694005522}, "datetime": {"datetime": "2023-11-30 10:03:43", "elapsed": 135.836293, "delta": 4.382045}}
{"target": 0.27142857142857146, "params": {"activation_function": 0.8108397269954204, "amount_of_layers": 3.947203723779521, "batch_size": 102.28555844227891, "dropout_rate": 0.7037385930886835, "epochs": 24.380144128755347, "hidden_channels": 29.208783248865377, "learning_rate": 0.006051041782858367, "optimizer": 1.166360213836473, "pooling_algorithm": 0.0682197895089438}, "datetime": {"datetime": "2023-11-30 10:03:44", "elapsed": 136.508702, "delta": 0.672409}}
{"target": 0.7410714285714286, "params": {"activation_function": 0.5529498804626571, "amount_of_layers": 3.6907415991640633, "batch_size": 98.97059818806918, "dropout_rate": 0.7325853836391022, "epochs": 132.5077651007582, "hidden_channels": 9.89359711336618, "learning_rate": 0.050533442886736404, "optimizer": 0.654746587029112, "pooling_algorithm": 0.32783539591264066}, "datetime": {"datetime": "2023-11-30 10:03:47", "elapsed": 139.446402, "delta": 2.9377}}
{"target": 0.7964285714285715, "params": {"activation_function": 1.1793213715517168, "amount_of_layers": 1.6729728159279533, "batch_size": 54.09396011907344, "dropout_rate": 0.5776948847325941, "epochs": 50.02998304138809, "hidden_channels": 114.30103588295896, "learning_rate": 0.023756787710615093, "optimizer": 1.21654430741137, "pooling_algorithm": 0.12169991631461219}, "datetime": {"datetime": "2023-11-30 10:03:48", "elapsed": 140.851867, "delta": 1.405465}}
{"target": 0.3392857142857143, "params": {"activation_function": 1.7142953987740592, "amount_of_layers": 2.523907764762831, "batch_size": 35.29674984841901, "dropout_rate": 0.2658004685749852, "epochs": 35.39362404910665, "hidden_channels": 49.01555310202009, "learning_rate": 0.03426832957139944, "optimizer": 1.3793876432434846, "pooling_algorithm": 0.7545199318331546}, "datetime": {"datetime": "2023-11-30 10:03:49", "elapsed": 142.023943, "delta": 1.172076}}
{"target": 0.7357142857142857, "params": {"activation_function": 1.3361972939050222, "amount_of_layers": 5.448313074525498, "batch_size": 123.87101324382212, "dropout_rate": 0.625966644324068, "epochs": 103.87343488619359, "hidden_channels": 13.95543587029111, "learning_rate": 0.020557252593120596, "optimizer": 0.15299324150657245, "pooling_algorithm": 0.18931085593435715}, "datetime": {"datetime": "2023-11-30 10:03:52", "elapsed": 144.291569, "delta": 2.267626}}
{"target": 0.4142857142857143, "params": {"activation_function": 1.5097803974378354, "amount_of_layers": 7.434165412594512, "batch_size": 21.629994226930837, "dropout_rate": 0.4309792108361284, "epochs": 148.54642174193754, "hidden_channels": 90.94889190154282, "learning_rate": 0.07744754669043057, "optimizer": 1.6820899583746143, "pooling_algorithm": 0.4338148989184325}, "datetime": {"datetime": "2023-11-30 10:04:02", "elapsed": 154.351456, "delta": 10.059887}}
{"target": 0.7357142857142857, "params": {"activation_function": 0.712209071519422, "amount_of_layers": 6.019958769960771, "batch_size": 112.2757644183474, "dropout_rate": 0.5638621262957417, "epochs": 108.80165334219281, "hidden_channels": 32.77998387716519, "learning_rate": 0.0377109437325367, "optimizer": 0.7036078276062645, "pooling_algorithm": 0.4744820389591442}, "datetime": {"datetime": "2023-11-30 10:04:05", "elapsed": 157.377983, "delta": 3.026527}}
{"target": 0.5, "params": {"activation_function": 0.4183340262295885, "amount_of_layers": 4.196376296811792, "batch_size": 32.137642718684674, "dropout_rate": 0.5255617665203629, "epochs": 190.19201832729433, "hidden_channels": 96.29113098505663, "learning_rate": 0.028059331317640508, "optimizer": 1.2361279878958582, "pooling_algorithm": 0.93038796064294}, "datetime": {"datetime": "2023-11-30 10:04:13", "elapsed": 165.432768, "delta": 8.054785}}
{"target": 0.23571428571428574, "params": {"activation_function": 1.9813462701040734, "amount_of_layers": 1.3416403365764813, "batch_size": 63.08970049602922, "dropout_rate": 0.7059772643952928, "epochs": 109.53101412566737, "hidden_channels": 111.6660137576782, "learning_rate": 0.015042233906172753, "optimizer": 1.7040179535872768, "pooling_algorithm": 0.8330908828888459}, "datetime": {"datetime": "2023-11-30 10:04:15", "elapsed": 167.665856, "delta": 2.233088}}
{"target": 0.7642857142857143, "params": {"activation_function": 1.0261950177458001, "amount_of_layers": 4.707180473636758, "batch_size": 97.20937163480224, "dropout_rate": 0.44524904131456144, "epochs": 51.07333581030053, "hidden_channels": 118.74147766909049, "learning_rate": 0.07353617042726836, "optimizer": 0.9023318432176015, "pooling_algorithm": 0.01072118703998437}, "datetime": {"datetime": "2023-11-30 10:04:17", "elapsed": 169.81491, "delta": 2.149054}}
{"target": 0.9, "params": {"activation_function": 1.196168071655178, "amount_of_layers": 7.783968190062596, "batch_size": 99.29117165734846, "dropout_rate": 0.740068080722806, "epochs": 109.16236840405631, "hidden_channels": 13.05595797474875, "learning_rate": 0.009207394730280042, "optimizer": 0.029247428679111565, "pooling_algorithm": 0.6981925733997196}, "datetime": {"datetime": "2023-11-30 10:04:20", "elapsed": 172.894463, "delta": 3.079553}}
{"target": 0.7410714285714286, "params": {"activation_function": 0.6739828632447873, "amount_of_layers": 8.809666708091534, "batch_size": 42.36391484950394, "dropout_rate": 0.5743026104389315, "epochs": 190.74862817054807, "hidden_channels": 10.302207954000712, "learning_rate": 0.09507045351913047, "optimizer": 1.2076612509895868, "pooling_algorithm": 0.3205221502076083}, "datetime": {"datetime": "2023-11-30 10:04:29", "elapsed": 181.538559, "delta": 8.644096}}
{"target": 0.3642857142857143, "params": {"activation_function": 0.7907292855940546, "amount_of_layers": 6.402900702238322, "batch_size": 136.85340891527136, "dropout_rate": 0.4862715466836388, "epochs": 95.99017873794065, "hidden_channels": 109.67127657671342, "learning_rate": 0.07382211508561254, "optimizer": 1.8720226051003777, "pooling_algorithm": 0.024269343202005578}, "datetime": {"datetime": "2023-11-30 10:04:33", "elapsed": 185.54355, "delta": 4.004991}}
{"target": 0.9035714285714286, "params": {"activation_function": 1.1690792920293693, "amount_of_layers": 8.938436532131266, "batch_size": 38.71213284931256, "dropout_rate": 0.6293000873778103, "epochs": 49.97572134055096, "hidden_channels": 113.36758036503223, "learning_rate": 0.022380976768666638, "optimizer": 0.2541549032636823, "pooling_algorithm": 0.8556097211656468}, "datetime": {"datetime": "2023-11-30 10:04:36", "elapsed": 188.953985, "delta": 3.410435}}
{"target": 0.6785714285714286, "params": {"activation_function": 1.7955012748634027, "amount_of_layers": 6.977217654600108, "batch_size": 56.27100433619872, "dropout_rate": 0.635602611281965, "epochs": 176.73565756249837, "hidden_channels": 81.26468146083958, "learning_rate": 0.031743265898164875, "optimizer": 0.6118679586882132, "pooling_algorithm": 0.9600556583730075}, "datetime": {"datetime": "2023-11-30 10:04:44", "elapsed": 196.939084, "delta": 7.985099}}
{"target": 0.8607142857142857, "params": {"activation_function": 0.9743643759797518, "amount_of_layers": 2.0780431767287793, "batch_size": 39.78306253281081, "dropout_rate": 0.31862254497454506, "epochs": 92.3250281875812, "hidden_channels": 11.446079946466366, "learning_rate": 0.047732202227204035, "optimizer": 0.5244075596632958, "pooling_algorithm": 0.015244135914855184}, "datetime": {"datetime": "2023-11-30 10:04:47", "elapsed": 199.40845, "delta": 2.469366}}
{"target": 0.7285714285714286, "params": {"activation_function": 0.637455598988985, "amount_of_layers": 1.0273751365569384, "batch_size": 68.51577794243298, "dropout_rate": 0.4676415651080954, "epochs": 119.69209957831877, "hidden_channels": 106.27356515484168, "learning_rate": 0.06525984667485736, "optimizer": 0.11817511375144552, "pooling_algorithm": 0.22436320924239583}, "datetime": {"datetime": "2023-11-30 10:04:49", "elapsed": 201.703669, "delta": 2.295219}}
