{"target": 0.5, "params": {"activation_function": 1.3859666460125273, "amount_of_layers": 4.42784271632129, "batch_size": 134.62193024412778, "dropout_rate": 0.6483452196249126, "epochs": 102.34128843326597, "hidden_channels": 89.28808145287977, "learning_rate": 0.006908664092774892, "optimizer": 1.6133735708868682, "pooling_algorithm": 0.774820375403139}, "datetime": {"datetime": "2023-11-30 11:05:33", "elapsed": 432.87787, "delta": 4.493234}}
{"target": 0.5, "params": {"activation_function": 0.3196582119160696, "amount_of_layers": 2.630201585709491, "batch_size": 93.94990609661602, "dropout_rate": 0.43933627989548324, "epochs": 74.06580854777886, "hidden_channels": 55.12041457509442, "learning_rate": 0.08160348704971776, "optimizer": 1.6355370020566122, "pooling_algorithm": 0.4620499707882634}, "datetime": {"datetime": "2023-11-30 11:05:34", "elapsed": 434.736974, "delta": 1.859104}}
{"target": 0.5, "params": {"activation_function": 0.4300679610295941, "amount_of_layers": 5.005114629819887, "batch_size": 86.03135657221664, "dropout_rate": 0.7143749621900446, "epochs": 109.40207576220652, "hidden_channels": 33.08225676838924, "learning_rate": 0.049754697919085045, "optimizer": 1.618524926902973, "pooling_algorithm": 0.7976149095767089}, "datetime": {"datetime": "2023-11-30 11:05:38", "elapsed": 438.113491, "delta": 3.376517}}
{"target": 0.5, "params": {"activation_function": 0.6259218462355869, "amount_of_layers": 8.343236496939463, "batch_size": 128.70975174561698, "dropout_rate": 0.41136480759436506, "epochs": 114.8023172892853, "hidden_channels": 61.04672087122372, "learning_rate": 0.06087538355018895, "optimizer": 1.3757332929358512, "pooling_algorithm": 0.5428685279296376}, "datetime": {"datetime": "2023-11-30 11:05:44", "elapsed": 444.437714, "delta": 6.324223}}
{"target": 0.5, "params": {"activation_function": 1.3337377489893276, "amount_of_layers": 5.638931410133709, "batch_size": 144.48022706155578, "dropout_rate": 0.3222515676820727, "epochs": 116.20971453862826, "hidden_channels": 119.35507495233841, "learning_rate": 0.0862932146976011, "optimizer": 0.8821039925779746, "pooling_algorithm": 0.2116605862794353}, "datetime": {"datetime": "2023-11-30 11:05:55", "elapsed": 455.081389, "delta": 10.643675}}
{"target": 0.817857142857143, "params": {"activation_function": 0.06430778983609264, "amount_of_layers": 8.126568968035667, "batch_size": 103.97622715956592, "dropout_rate": 0.74826803687374, "epochs": 110.76410884566354, "hidden_channels": 76.90882755519091, "learning_rate": 0.027765313499698602, "optimizer": 0.6922702418387321, "pooling_algorithm": 0.06268211631686871}, "datetime": {"datetime": "2023-11-30 11:06:00", "elapsed": 460.622124, "delta": 5.540735}}
{"target": 0.29285714285714287, "params": {"activation_function": 1.9289850992144648, "amount_of_layers": 3.6073931971402367, "batch_size": 16.693457513811925, "dropout_rate": 0.3383507900678383, "epochs": 59.68752340094091, "hidden_channels": 108.72754895114738, "learning_rate": 0.011712167146207177, "optimizer": 0.6550148978270973, "pooling_algorithm": 0.6521945954018041}, "datetime": {"datetime": "2023-11-30 11:06:06", "elapsed": 466.779915, "delta": 6.157791}}
{"target": 0.22499999999999998, "params": {"activation_function": 1.6692226491486883, "amount_of_layers": 4.089353570619621, "batch_size": 29.936668885383217, "dropout_rate": 0.5351487129333714, "epochs": 26.49540849023238, "hidden_channels": 39.384868739432314, "learning_rate": 0.026697969216764067, "optimizer": 1.9077710731824504, "pooling_algorithm": 0.5218614123753735}, "datetime": {"datetime": "2023-11-30 11:06:08", "elapsed": 468.15148, "delta": 1.371565}}
{"target": 0.675, "params": {"activation_function": 1.6513766394900435, "amount_of_layers": 8.025481840622872, "batch_size": 126.6747758329273, "dropout_rate": 0.4201767244313327, "epochs": 131.18768936321231, "hidden_channels": 80.65677276521838, "learning_rate": 0.0637182796179742, "optimizer": 0.7414555104358034, "pooling_algorithm": 0.8841005879352538}, "datetime": {"datetime": "2023-11-30 11:06:17", "elapsed": 477.062982, "delta": 8.911502}}
{"target": 0.8999999999999999, "params": {"activation_function": 1.4501767414554851, "amount_of_layers": 7.546822621775771, "batch_size": 89.9137134538387, "dropout_rate": 0.36577757461640503, "epochs": 118.69354466052778, "hidden_channels": 66.40761039872957, "learning_rate": 0.07276238402427791, "optimizer": 0.4200007025336632, "pooling_algorithm": 0.6590773116556146}, "datetime": {"datetime": "2023-11-30 11:06:22", "elapsed": 482.769335, "delta": 5.706353}}
{"target": 0.5, "params": {"activation_function": 0.09616594259730382, "amount_of_layers": 4.424152134657636, "batch_size": 87.85295838111236, "dropout_rate": 0.5241098190321791, "epochs": 159.46556191729658, "hidden_channels": 89.57003511746143, "learning_rate": 0.06822953545234356, "optimizer": 1.8433636153945059, "pooling_algorithm": 0.25876370234169277}, "datetime": {"datetime": "2023-11-30 11:06:28", "elapsed": 487.806397, "delta": 5.037062}}
{"target": 0.5, "params": {"activation_function": 1.1132256982464246, "amount_of_layers": 8.833138659508549, "batch_size": 112.91972181428659, "dropout_rate": 0.4433029620926417, "epochs": 145.26056718805998, "hidden_channels": 74.44377426190817, "learning_rate": 0.09781165207495306, "optimizer": 0.8840154834378022, "pooling_algorithm": 0.779154822837603}, "datetime": {"datetime": "2023-11-30 11:06:36", "elapsed": 496.171677, "delta": 8.36528}}
{"target": 0.26607142857142857, "params": {"activation_function": 1.6033677893879288, "amount_of_layers": 7.825576583953804, "batch_size": 35.47420244025304, "dropout_rate": 0.35071328180485145, "epochs": 180.47829996954175, "hidden_channels": 42.01856617395293, "learning_rate": 0.009080863041003827, "optimizer": 0.7814041260301154, "pooling_algorithm": 0.21935060329706024}, "datetime": {"datetime": "2023-11-30 11:06:50", "elapsed": 510.401975, "delta": 14.230298}}
{"target": 0.7375, "params": {"activation_function": 0.8391561158833398, "amount_of_layers": 8.075295229463432, "batch_size": 28.396398183002972, "dropout_rate": 0.6250627925920096, "epochs": 48.72110513888587, "hidden_channels": 11.906082097559269, "learning_rate": 0.09938142212706214, "optimizer": 1.10531681491037, "pooling_algorithm": 0.21225896901063235}, "datetime": {"datetime": "2023-11-30 11:06:52", "elapsed": 512.139391, "delta": 1.737416}}
{"target": 0.55, "params": {"activation_function": 1.1865669684016558, "amount_of_layers": 7.497940696136091, "batch_size": 125.15625059801788, "dropout_rate": 0.4988141985937465, "epochs": 77.22573399822278, "hidden_channels": 41.0242301162101, "learning_rate": 0.025722031948304257, "optimizer": 0.854729953907404, "pooling_algorithm": 0.5949688988045991}, "datetime": {"datetime": "2023-11-30 11:06:57", "elapsed": 517.500278, "delta": 5.360887}}
{"target": 0.7607142857142857, "params": {"activation_function": 0.3556501073978988, "amount_of_layers": 8.662390237396028, "batch_size": 78.09703748843583, "dropout_rate": 0.34086517260471955, "epochs": 193.81742968599585, "hidden_channels": 6.453795017963634, "learning_rate": 0.008484104570877633, "optimizer": 0.46981741237032093, "pooling_algorithm": 0.06961816166198098}, "datetime": {"datetime": "2023-11-30 11:07:01", "elapsed": 521.375132, "delta": 3.874854}}
{"target": 0.5, "params": {"activation_function": 1.4633970735473392, "amount_of_layers": 5.271590537663286, "batch_size": 32.180834920771055, "dropout_rate": 0.3250227049245014, "epochs": 142.8405085161695, "hidden_channels": 72.24234396358355, "learning_rate": 0.07748845404419955, "optimizer": 1.2484832832092352, "pooling_algorithm": 0.761778904652196}, "datetime": {"datetime": "2023-11-30 11:07:11", "elapsed": 531.202394, "delta": 9.827262}}
{"target": 0.26607142857142857, "params": {"activation_function": 1.3617234657638901, "amount_of_layers": 5.867529961927985, "batch_size": 123.88426011511648, "dropout_rate": 0.2619568624589701, "epochs": 94.53719610273063, "hidden_channels": 28.174903285541102, "learning_rate": 0.08456725627311695, "optimizer": 0.9319108031661789, "pooling_algorithm": 0.21945168422895767}, "datetime": {"datetime": "2023-11-30 11:07:14", "elapsed": 534.480555, "delta": 3.278161}}
{"target": 0.5, "params": {"activation_function": 1.2182381493343504, "amount_of_layers": 8.898682594927259, "batch_size": 57.73909972714234, "dropout_rate": 0.7302908263549517, "epochs": 185.10015354112463, "hidden_channels": 85.58528148480661, "learning_rate": 0.042002315258604685, "optimizer": 1.4332312486088683, "pooling_algorithm": 0.9907113533984945}, "datetime": {"datetime": "2023-11-30 11:07:29", "elapsed": 549.275933, "delta": 14.795378}}
{"target": 0.7839285714285714, "params": {"activation_function": 0.07702507605147435, "amount_of_layers": 1.4607703110703074, "batch_size": 85.28055725101692, "dropout_rate": 0.46948898923965, "epochs": 89.99531042353968, "hidden_channels": 46.215141896433366, "learning_rate": 0.07138508504211709, "optimizer": 1.422675266229808, "pooling_algorithm": 0.8234827870553189}, "datetime": {"datetime": "2023-11-30 11:07:30", "elapsed": 550.691376, "delta": 1.415443}}
{"target": 0.5, "params": {"activation_function": 0.9078347000002847, "amount_of_layers": 3.8883008344103906, "batch_size": 65.86143004250519, "dropout_rate": 0.6063116182399453, "epochs": 83.74064112006306, "hidden_channels": 120.34639162532184, "learning_rate": 0.02382569358169366, "optimizer": 1.7152191450785994, "pooling_algorithm": 0.8863704802901387}, "datetime": {"datetime": "2023-11-30 11:07:40", "elapsed": 559.976839, "delta": 9.285463}}
{"target": 0.5357142857142857, "params": {"activation_function": 1.268943655900019, "amount_of_layers": 3.742688515277866, "batch_size": 36.03107598587394, "dropout_rate": 0.4846331332932747, "epochs": 36.63330060362257, "hidden_channels": 88.34001135921191, "learning_rate": 0.05517154621914795, "optimizer": 1.1906384098064184, "pooling_algorithm": 0.939395818794727}, "datetime": {"datetime": "2023-11-30 11:07:44", "elapsed": 563.793365, "delta": 3.816526}}
{"target": 0.09642857142857142, "params": {"activation_function": 1.6173626414184996, "amount_of_layers": 6.568318061330632, "batch_size": 140.2057245480438, "dropout_rate": 0.6493913452628666, "epochs": 63.17173778553404, "hidden_channels": 5.688431617135122, "learning_rate": 0.03225577054192683, "optimizer": 0.54349729207617, "pooling_algorithm": 0.7732764424077279}, "datetime": {"datetime": "2023-11-30 11:07:45", "elapsed": 564.948178, "delta": 1.154813}}
{"target": 0.7339285714285715, "params": {"activation_function": 1.9150498935261007, "amount_of_layers": 3.478625672534987, "batch_size": 90.76719211733509, "dropout_rate": 0.3974673606990678, "epochs": 18.549899547689915, "hidden_channels": 79.64031058833655, "learning_rate": 0.08723792924197146, "optimizer": 0.9280943000022683, "pooling_algorithm": 0.45265854883069556}, "datetime": {"datetime": "2023-11-30 11:07:45", "elapsed": 565.526752, "delta": 0.578574}}
{"target": 0.5, "params": {"activation_function": 0.2924534461142305, "amount_of_layers": 4.412569865355923, "batch_size": 114.66479902864798, "dropout_rate": 0.5441064608054055, "epochs": 66.03166270368243, "hidden_channels": 95.9649004328298, "learning_rate": 0.03280371671732225, "optimizer": 0.5530482617747157, "pooling_algorithm": 0.8722637287584382}, "datetime": {"datetime": "2023-11-30 11:07:47", "elapsed": 567.657684, "delta": 2.130932}}
