{"target": 0.9035714285714286, "params": {"activation_function": 0.0, "amount_of_layers": 7.5851345369189325, "batch_size": 88.42391315642223, "dropout_rate": 0.25, "epochs": 74.0056177432789, "hidden_channels": 26.79493765553636, "learning_rate": 0.001, "optimizer": 0.0, "pooling_algorithm": 1.0}, "datetime": {"datetime": "2023-11-30 10:21:41", "elapsed": 355.827318, "delta": 2.455531}}
{"target": 0.9089285714285714, "params": {"activation_function": 2.0, "amount_of_layers": 1.0, "batch_size": 49.41291914263658, "dropout_rate": 0.75, "epochs": 138.40108040374795, "hidden_channels": 121.05800411911243, "learning_rate": 0.1, "optimizer": 0.0, "pooling_algorithm": 1.0}, "datetime": {"datetime": "2023-11-30 10:21:45", "elapsed": 359.324422, "delta": 3.497104}}
{"target": 0.8053571428571429, "params": {"activation_function": 1.2496407216652414, "amount_of_layers": 1.2142033699007646, "batch_size": 87.16412688606869, "dropout_rate": 0.2618260535887338, "epochs": 166.68369156885305, "hidden_channels": 125.92775348076526, "learning_rate": 0.04772061141118607, "optimizer": 0.9588042094427809, "pooling_algorithm": 0.24271093926573917}, "datetime": {"datetime": "2023-11-30 10:21:48", "elapsed": 362.215219, "delta": 2.890797}}
{"target": 0.7178571428571429, "params": {"activation_function": 1.5995720845720238, "amount_of_layers": 8.751566555039236, "batch_size": 88.41947204999667, "dropout_rate": 0.47507964706522327, "epochs": 110.66336136000507, "hidden_channels": 21.246704979309797, "learning_rate": 0.01746950789101269, "optimizer": 0.8742228890745312, "pooling_algorithm": 0.2893237159602865}, "datetime": {"datetime": "2023-11-30 10:21:52", "elapsed": 366.765259, "delta": 4.55004}}
{"target": 0.5, "params": {"activation_function": 0.024339602176838504, "amount_of_layers": 4.057638057018346, "batch_size": 72.19265906201116, "dropout_rate": 0.2790833883357915, "epochs": 137.89242205255823, "hidden_channels": 93.3048138014287, "learning_rate": 0.054122881190568725, "optimizer": 1.5562808257882548, "pooling_algorithm": 0.3618565104554068}, "datetime": {"datetime": "2023-11-30 10:21:57", "elapsed": 372.123347, "delta": 5.358088}}
{"target": 0.825, "params": {"activation_function": 0.9111483407029539, "amount_of_layers": 1.3581434493249773, "batch_size": 54.96229610001526, "dropout_rate": 0.7293577871186114, "epochs": 140.27498044657258, "hidden_channels": 101.81188583368197, "learning_rate": 0.041164259144161094, "optimizer": 1.2469616528976835, "pooling_algorithm": 0.21483998851394648}, "datetime": {"datetime": "2023-11-30 10:22:01", "elapsed": 375.841893, "delta": 3.718546}}
{"target": 0.5, "params": {"activation_function": 0.011170253222473114, "amount_of_layers": 6.395568832147862, "batch_size": 75.89910453971291, "dropout_rate": 0.41993452341680504, "epochs": 166.44332497827187, "hidden_channels": 127.49738297596498, "learning_rate": 0.0449875502582113, "optimizer": 0.6737995622659219, "pooling_algorithm": 0.8451334264771492}, "datetime": {"datetime": "2023-11-30 10:22:06", "elapsed": 380.98097, "delta": 5.139077}}
{"target": 0.9214285714285715, "params": {"activation_function": 2.0, "amount_of_layers": 1.0, "batch_size": 97.97904688724543, "dropout_rate": 0.75, "epochs": 148.8716122460074, "hidden_channels": 114.26251281107461, "learning_rate": 0.1, "optimizer": 0.0, "pooling_algorithm": 1.0}, "datetime": {"datetime": "2023-11-30 10:22:10", "elapsed": 384.356361, "delta": 3.375391}}
{"target": 0.8964285714285714, "params": {"activation_function": 0.0, "amount_of_layers": 8.430502367985934, "batch_size": 105.09461308023265, "dropout_rate": 0.25, "epochs": 121.88089785617859, "hidden_channels": 33.364142123176585, "learning_rate": 0.1, "optimizer": 0.0, "pooling_algorithm": 1.0}, "datetime": {"datetime": "2023-11-30 10:22:14", "elapsed": 388.659528, "delta": 4.303167}}
{"target": 0.8857142857142858, "params": {"activation_function": 1.6071903475700908, "amount_of_layers": 7.656861632039098, "batch_size": 95.60772844681381, "dropout_rate": 0.3610959831455555, "epochs": 115.10610842421106, "hidden_channels": 36.69865870623258, "learning_rate": 0.03616262190997767, "optimizer": 0.007900546423899257, "pooling_algorithm": 0.8244674719261152}, "datetime": {"datetime": "2023-11-30 10:22:19", "elapsed": 393.195009, "delta": 4.535481}}
{"target": 0.5, "params": {"activation_function": 0.0, "amount_of_layers": 1.0, "batch_size": 96.2301986540582, "dropout_rate": 0.75, "epochs": 112.81064853487511, "hidden_channels": 30.24981096009606, "learning_rate": 0.1, "optimizer": 2.0, "pooling_algorithm": 1.0}, "datetime": {"datetime": "2023-11-30 10:22:21", "elapsed": 396.13094, "delta": 2.935931}}
{"target": 0.7428571428571429, "params": {"activation_function": 0.8778906888469322, "amount_of_layers": 8.977956422450092, "batch_size": 101.52546550037759, "dropout_rate": 0.5221209545752542, "epochs": 118.67753778572444, "hidden_channels": 44.849350072925596, "learning_rate": 0.0012543780667746952, "optimizer": 1.5361257335504093, "pooling_algorithm": 0.3763956416885793}, "datetime": {"datetime": "2023-11-30 10:22:26", "elapsed": 401.081726, "delta": 4.950786}}
{"target": 0.9125000000000001, "params": {"activation_function": 2.0, "amount_of_layers": 1.0, "batch_size": 99.2081047202706, "dropout_rate": 0.25, "epochs": 139.69824814272397, "hidden_channels": 63.667459556820475, "learning_rate": 0.1, "optimizer": 0.0, "pooling_algorithm": 1.0}, "datetime": {"datetime": "2023-11-30 10:22:30", "elapsed": 404.142123, "delta": 3.060397}}
{"target": 0.9214285714285715, "params": {"activation_function": 0.0, "amount_of_layers": 3.0171973507380154, "batch_size": 98.42575514029312, "dropout_rate": 0.25, "epochs": 114.1805916707146, "hidden_channels": 14.857849531327256, "learning_rate": 0.1, "optimizer": 0.0, "pooling_algorithm": 1.0}, "datetime": {"datetime": "2023-11-30 10:22:33", "elapsed": 407.518404, "delta": 3.376281}}
{"target": 0.8321428571428572, "params": {"activation_function": 0.7687522355808063, "amount_of_layers": 1.5994421640535652, "batch_size": 105.08566784005478, "dropout_rate": 0.42046282387038586, "epochs": 126.17722363012825, "hidden_channels": 38.102038845264346, "learning_rate": 0.03258988452947515, "optimizer": 1.5392660982147652, "pooling_algorithm": 0.2911723713472404}, "datetime": {"datetime": "2023-11-30 10:22:36", "elapsed": 410.547846, "delta": 3.029442}}
