{"target": 0.8464285714285714, "params": {"activation_function": 1.1450038031863972, "amount_of_layers": 2.503106635969699, "batch_size": 108.27740371942663, "dropout_rate": 0.4573844951580983, "epochs": 118.2193909767192, "hidden_channels": 14.047475442238024, "learning_rate": 0.010978263150614256, "optimizer": 1.9959649353111415, "pooling_algorithm": 0.043191253190112966}, "datetime": {"datetime": "2023-11-30 09:53:31", "elapsed": 209.644709, "delta": 2.627609}}
{"target": 0.9089285714285715, "params": {"activation_function": 0.7135594316429132, "amount_of_layers": 1.4740139857447687, "batch_size": 139.6225028411992, "dropout_rate": 0.3156879940521596, "epochs": 81.35306877644942, "hidden_channels": 17.746297449740297, "learning_rate": 0.07030239987745637, "optimizer": 0.3137759322980447, "pooling_algorithm": 0.5222260045825279}, "datetime": {"datetime": "2023-11-30 09:53:33", "elapsed": 211.072271, "delta": 1.427562}}
{"target": 0.5, "params": {"activation_function": 1.0635229956055814, "amount_of_layers": 7.616064279658319, "batch_size": 19.391605985186626, "dropout_rate": 0.36062944822701637, "epochs": 11.88563163703137, "hidden_channels": 34.0631570507466, "learning_rate": 0.09465328494749105, "optimizer": 1.3910202219508572, "pooling_algorithm": 0.8655485727108054}, "datetime": {"datetime": "2023-11-30 09:53:34", "elapsed": 212.563669, "delta": 1.491398}}
{"target": 0.7339285714285714, "params": {"activation_function": 0.9429502469358446, "amount_of_layers": 6.7731233388259895, "batch_size": 70.35394535695612, "dropout_rate": 0.3344805590784692, "epochs": 15.80535294773578, "hidden_channels": 33.31440929573529, "learning_rate": 0.05600953705778699, "optimizer": 1.1502686083324687, "pooling_algorithm": 0.14176821279621077}, "datetime": {"datetime": "2023-11-30 09:53:35", "elapsed": 213.394404, "delta": 0.830735}}
{"target": 0.22142857142857142, "params": {"activation_function": 1.136756803625684, "amount_of_layers": 2.1524975642928528, "batch_size": 44.886233752569986, "dropout_rate": 0.5861715053075639, "epochs": 150.5977335850072, "hidden_channels": 25.259199674325348, "learning_rate": 0.065198431682541, "optimizer": 0.38275099020233805, "pooling_algorithm": 0.49392244662327}, "datetime": {"datetime": "2023-11-30 09:53:40", "elapsed": 218.141495, "delta": 4.747091}}
{"target": 0.7339285714285714, "params": {"activation_function": 1.9829671147976247, "amount_of_layers": 4.0045040048913565, "batch_size": 133.27831802110637, "dropout_rate": 0.5630168778483018, "epochs": 97.74960588251633, "hidden_channels": 34.15894786149933, "learning_rate": 0.033010223685629315, "optimizer": 1.826615164927691, "pooling_algorithm": 0.07458942887124476}, "datetime": {"datetime": "2023-11-30 09:53:42", "elapsed": 220.52011, "delta": 2.378615}}
{"target": 0.5, "params": {"activation_function": 0.0014872588760779237, "amount_of_layers": 5.664986832170461, "batch_size": 86.91784862809656, "dropout_rate": 0.37327365591613165, "epochs": 74.95506708985445, "hidden_channels": 16.200452612670922, "learning_rate": 0.02663900247111254, "optimizer": 1.6611702209838692, "pooling_algorithm": 0.634376905367352}, "datetime": {"datetime": "2023-11-30 09:53:44", "elapsed": 222.706752, "delta": 2.186642}}
{"target": 0.5, "params": {"activation_function": 0.7834792376341515, "amount_of_layers": 3.918573937731802, "batch_size": 72.54836557181113, "dropout_rate": 0.7435113560569376, "epochs": 87.7343487032169, "hidden_channels": 14.88325333412012, "learning_rate": 0.09861741416695181, "optimizer": 1.2766803192068283, "pooling_algorithm": 0.5256472328424896}, "datetime": {"datetime": "2023-11-30 09:53:47", "elapsed": 225.605485, "delta": 2.898733}}
{"target": 0.5, "params": {"activation_function": 0.46009121538740105, "amount_of_layers": 5.347830882259304, "batch_size": 62.65263281614002, "dropout_rate": 0.36204350876187913, "epochs": 139.0056507553973, "hidden_channels": 98.80145658346925, "learning_rate": 0.004083590647493644, "optimizer": 1.6324883792376286, "pooling_algorithm": 0.9417667488197421}, "datetime": {"datetime": "2023-11-30 09:53:52", "elapsed": 230.49193, "delta": 4.886445}}
{"target": 0.8160714285714286, "params": {"activation_function": 0.9437813560032025, "amount_of_layers": 1.3596605615078632, "batch_size": 94.26785538589944, "dropout_rate": 0.7310422483959189, "epochs": 33.48157551865401, "hidden_channels": 6.448511277633308, "learning_rate": 0.09645555955289209, "optimizer": 1.1659781432786465, "pooling_algorithm": 0.4069700514067238}, "datetime": {"datetime": "2023-11-30 09:53:53", "elapsed": 231.219065, "delta": 0.727135}}
{"target": 0.5, "params": {"activation_function": 1.437155176364956, "amount_of_layers": 3.720179728843588, "batch_size": 136.25905630371568, "dropout_rate": 0.6114176870078156, "epochs": 186.06993084344128, "hidden_channels": 119.09000040904431, "learning_rate": 0.02282966826765954, "optimizer": 0.8437070616131068, "pooling_algorithm": 0.9800563882775828}, "datetime": {"datetime": "2023-11-30 09:53:57", "elapsed": 235.677562, "delta": 4.458497}}
{"target": 0.5, "params": {"activation_function": 1.2590389543268439, "amount_of_layers": 7.189284157050024, "batch_size": 127.57884448115531, "dropout_rate": 0.6139042474483029, "epochs": 20.924769936937054, "hidden_channels": 46.896224784824945, "learning_rate": 0.0845328853083109, "optimizer": 0.6400401557188666, "pooling_algorithm": 0.7615470347042856}, "datetime": {"datetime": "2023-11-30 09:53:58", "elapsed": 236.455434, "delta": 0.777872}}
{"target": 0.8428571428571427, "params": {"activation_function": 1.159233592821872, "amount_of_layers": 2.181560334495387, "batch_size": 50.419027154229944, "dropout_rate": 0.44057338528607737, "epochs": 94.6859110183466, "hidden_channels": 83.74071658461946, "learning_rate": 0.029695904807148166, "optimizer": 0.766993691040724, "pooling_algorithm": 0.4952200655817891}, "datetime": {"datetime": "2023-11-30 09:54:01", "elapsed": 239.024647, "delta": 2.569213}}
{"target": 0.5, "params": {"activation_function": 0.3566883210887366, "amount_of_layers": 4.26063759099509, "batch_size": 94.73032525009644, "dropout_rate": 0.35665257901742403, "epochs": 135.6671675023436, "hidden_channels": 59.77897309434396, "learning_rate": 0.03388451527188231, "optimizer": 1.639725747749344, "pooling_algorithm": 0.7991249131097176}, "datetime": {"datetime": "2023-11-30 09:54:04", "elapsed": 242.3655, "delta": 3.340853}}
{"target": 0.7357142857142857, "params": {"activation_function": 1.4517217634844966, "amount_of_layers": 7.847967490371414, "batch_size": 59.24746152328389, "dropout_rate": 0.4830465539572319, "epochs": 195.0838363786616, "hidden_channels": 119.85953446301072, "learning_rate": 0.025467305613009854, "optimizer": 0.6030506940998983, "pooling_algorithm": 0.04627969430922807}, "datetime": {"datetime": "2023-11-30 09:54:13", "elapsed": 251.186387, "delta": 8.820887}}
{"target": 0.7410714285714286, "params": {"activation_function": 1.9986308867120122, "amount_of_layers": 8.81871810835043, "batch_size": 122.86608770637403, "dropout_rate": 0.4354429387526592, "epochs": 166.66828020757356, "hidden_channels": 55.909712349304456, "learning_rate": 0.03908258655732424, "optimizer": 0.9475399750416422, "pooling_algorithm": 0.2253384275800917}, "datetime": {"datetime": "2023-11-30 09:54:18", "elapsed": 256.987566, "delta": 5.801179}}
{"target": 0.2642857142857143, "params": {"activation_function": 1.3795468895879717, "amount_of_layers": 2.0181809423258095, "batch_size": 112.65348084441705, "dropout_rate": 0.4726087181248314, "epochs": 107.14735267326145, "hidden_channels": 49.33949960243545, "learning_rate": 0.03540353970924036, "optimizer": 1.6859490158257069, "pooling_algorithm": 0.007628731016979584}, "datetime": {"datetime": "2023-11-30 09:54:21", "elapsed": 259.176383, "delta": 2.188817}}
{"target": 0.7375, "params": {"activation_function": 1.120626623781532, "amount_of_layers": 8.63810798945512, "batch_size": 45.11896748384689, "dropout_rate": 0.7342717477285823, "epochs": 149.34201405521276, "hidden_channels": 122.32078125735059, "learning_rate": 0.0466465300615627, "optimizer": 1.0338198080967747, "pooling_algorithm": 0.46246265116885177}, "datetime": {"datetime": "2023-11-30 09:54:30", "elapsed": 268.457518, "delta": 9.281135}}
{"target": 0.7339285714285715, "params": {"activation_function": 1.7606673225907814, "amount_of_layers": 7.831312296164284, "batch_size": 89.02220123231605, "dropout_rate": 0.7349871774172495, "epochs": 197.8526684030865, "hidden_channels": 61.5229047009571, "learning_rate": 0.05819321761632312, "optimizer": 1.5251461169112193, "pooling_algorithm": 0.4019212802589188}, "datetime": {"datetime": "2023-11-30 09:54:36", "elapsed": 274.882442, "delta": 6.424924}}
{"target": 0.2696428571428572, "params": {"activation_function": 1.481443333721999, "amount_of_layers": 3.8661397306309464, "batch_size": 43.7888532737347, "dropout_rate": 0.3797285274837895, "epochs": 169.49592817528583, "hidden_channels": 59.223691787082316, "learning_rate": 0.05712555314731058, "optimizer": 0.6852872788338182, "pooling_algorithm": 0.021716421264794006}, "datetime": {"datetime": "2023-11-30 09:54:43", "elapsed": 281.799309, "delta": 6.916867}}
{"target": 0.3178571428571429, "params": {"activation_function": 1.1970372715257889, "amount_of_layers": 2.039120243474785, "batch_size": 60.57605160425118, "dropout_rate": 0.28167056813849156, "epochs": 102.03122548545505, "hidden_channels": 9.130398893450064, "learning_rate": 0.06675695995887629, "optimizer": 0.3916265106506007, "pooling_algorithm": 0.4142582133889977}, "datetime": {"datetime": "2023-11-30 09:54:46", "elapsed": 284.50745, "delta": 2.708141}}
{"target": 0.09464285714285714, "params": {"activation_function": 1.6572613605174984, "amount_of_layers": 6.771268985686737, "batch_size": 79.54589698860987, "dropout_rate": 0.6552417899538288, "epochs": 95.34605068749791, "hidden_channels": 31.869927489167804, "learning_rate": 0.03925680536188563, "optimizer": 1.0329690312125155, "pooling_algorithm": 0.8698335503100493}, "datetime": {"datetime": "2023-11-30 09:54:49", "elapsed": 287.515834, "delta": 3.008384}}
{"target": 0.26964285714285713, "params": {"activation_function": 0.5946012284357043, "amount_of_layers": 2.042207876774129, "batch_size": 86.87749407240736, "dropout_rate": 0.6286733453192891, "epochs": 162.27723995733268, "hidden_channels": 64.64841101146897, "learning_rate": 0.04492834748014999, "optimizer": 1.0411895038649135, "pooling_algorithm": 0.4181694371676725}, "datetime": {"datetime": "2023-11-30 09:54:52", "elapsed": 290.829481, "delta": 3.313647}}
{"target": 0.7428571428571428, "params": {"activation_function": 0.31892758603678173, "amount_of_layers": 3.616979697267409, "batch_size": 103.78309482827473, "dropout_rate": 0.5029151969705552, "epochs": 156.36302301356503, "hidden_channels": 38.98147228774623, "learning_rate": 0.06412105230489919, "optimizer": 0.8414904672529444, "pooling_algorithm": 0.035923501149506265}, "datetime": {"datetime": "2023-11-30 09:54:56", "elapsed": 294.642281, "delta": 3.8128}}
{"target": 0.7357142857142858, "params": {"activation_function": 1.572674086776444, "amount_of_layers": 7.306798762812335, "batch_size": 92.47451347525472, "dropout_rate": 0.6730289057939444, "epochs": 159.33570592264354, "hidden_channels": 104.82967047033956, "learning_rate": 0.023250253077843275, "optimizer": 0.9631586400340006, "pooling_algorithm": 0.06345287375974651}, "datetime": {"datetime": "2023-11-30 09:55:01", "elapsed": 299.574266, "delta": 4.931985}}
{"target": 0.5696428571428571, "params": {"activation_function": 0.7946782052828705, "amount_of_layers": 1.0984869136882827, "batch_size": 113.27201871381502, "dropout_rate": 0.6794890056120988, "epochs": 54.6195847534668, "hidden_channels": 38.495899633704624, "learning_rate": 0.056054349680679474, "optimizer": 1.6110458783171095, "pooling_algorithm": 0.06179459368279372}, "datetime": {"datetime": "2023-11-30 09:55:02", "elapsed": 300.751195, "delta": 1.176929}}
{"target": 0.2642857142857143, "params": {"activation_function": 1.5842434743126554, "amount_of_layers": 4.696696621879226, "batch_size": 115.45643287387848, "dropout_rate": 0.2731861233885961, "epochs": 57.36619807787678, "hidden_channels": 77.23071163094575, "learning_rate": 0.06702168283619457, "optimizer": 0.9070694366216387, "pooling_algorithm": 0.07836261919261944}, "datetime": {"datetime": "2023-11-30 09:55:04", "elapsed": 302.423395, "delta": 1.6722}}
{"target": 0.5, "params": {"activation_function": 1.2092600463672696, "amount_of_layers": 6.673047774520857, "batch_size": 71.05156085505965, "dropout_rate": 0.7101979885720029, "epochs": 14.480939539145393, "hidden_channels": 33.91967742058478, "learning_rate": 0.05158002271157411, "optimizer": 1.8414646626913564, "pooling_algorithm": 0.6681723723329203}, "datetime": {"datetime": "2023-11-30 09:55:05", "elapsed": 303.170141, "delta": 0.746746}}
{"target": 0.7678571428571429, "params": {"activation_function": 0.1705608467013946, "amount_of_layers": 2.077102607725127, "batch_size": 130.5673202614816, "dropout_rate": 0.6584666085406388, "epochs": 37.575688606574126, "hidden_channels": 12.14727115231256, "learning_rate": 0.05058821759955685, "optimizer": 0.2329591326808853, "pooling_algorithm": 0.34785875404757816}, "datetime": {"datetime": "2023-11-30 09:55:06", "elapsed": 304.032429, "delta": 0.862288}}
{"target": 0.4857142857142857, "params": {"activation_function": 0.21987311851504754, "amount_of_layers": 6.437508311854368, "batch_size": 34.64499889448409, "dropout_rate": 0.504075583772321, "epochs": 107.31240041218292, "hidden_channels": 74.5012535273824, "learning_rate": 0.09529663718294352, "optimizer": 1.8486688145853567, "pooling_algorithm": 0.020552868177981187}, "datetime": {"datetime": "2023-11-30 09:55:12", "elapsed": 310.436624, "delta": 6.404195}}
{"target": 0.7375, "params": {"activation_function": 1.7866592331004598, "amount_of_layers": 8.25740286973021, "batch_size": 86.26493899307748, "dropout_rate": 0.6768140380317171, "epochs": 58.4717085378307, "hidden_channels": 113.82423166301919, "learning_rate": 0.041763036807574, "optimizer": 1.1316645798493428, "pooling_algorithm": 0.3986433782049803}, "datetime": {"datetime": "2023-11-30 09:55:14", "elapsed": 312.452618, "delta": 2.015994}}
{"target": 0.35, "params": {"activation_function": 1.9220455513992383, "amount_of_layers": 7.261529164325542, "batch_size": 85.5006901653777, "dropout_rate": 0.6146520252158401, "epochs": 58.22522631225994, "hidden_channels": 113.92873675168667, "learning_rate": 0.033082479294386416, "optimizer": 1.7645268265729674, "pooling_algorithm": 0.579709397871357}, "datetime": {"datetime": "2023-11-30 09:55:16", "elapsed": 314.27736, "delta": 1.824742}}
{"target": 0.7446428571428572, "params": {"activation_function": 1.7669358482541366, "amount_of_layers": 4.622085558546005, "batch_size": 143.85245222293992, "dropout_rate": 0.485034746065294, "epochs": 125.53084662421755, "hidden_channels": 88.81207215637667, "learning_rate": 0.06461916617103376, "optimizer": 1.1167897687607122, "pooling_algorithm": 0.292512498637021}, "datetime": {"datetime": "2023-11-30 09:55:19", "elapsed": 317.531436, "delta": 3.254076}}
{"target": 0.26249999999999996, "params": {"activation_function": 0.9030717778194057, "amount_of_layers": 7.937797795736046, "batch_size": 59.6026587883253, "dropout_rate": 0.4110344730724847, "epochs": 193.40711980007646, "hidden_channels": 119.91895752535994, "learning_rate": 0.05460190508477669, "optimizer": 0.7667370651871988, "pooling_algorithm": 0.41917201963681183}, "datetime": {"datetime": "2023-11-30 09:55:28", "elapsed": 326.155632, "delta": 8.624196}}
{"target": 0.9071428571428573, "params": {"activation_function": 0.2760051748666188, "amount_of_layers": 7.1882967966621045, "batch_size": 58.820211088060084, "dropout_rate": 0.441153870842348, "epochs": 195.81314258957943, "hidden_channels": 120.34096821481567, "learning_rate": 0.06787567844473627, "optimizer": 0.4512444102462605, "pooling_algorithm": 0.9318008426961399}, "datetime": {"datetime": "2023-11-30 09:55:35", "elapsed": 333.842273, "delta": 7.686641}}
{"target": 0.46071428571428574, "params": {"activation_function": 0.4487219285508963, "amount_of_layers": 3.8556792866178045, "batch_size": 31.617798882016505, "dropout_rate": 0.6260658992790908, "epochs": 30.75799179253345, "hidden_channels": 91.29532908817234, "learning_rate": 0.09126856800909827, "optimizer": 0.735296859512518, "pooling_algorithm": 0.6639239149175477}, "datetime": {"datetime": "2023-11-30 09:55:37", "elapsed": 335.531496, "delta": 1.689223}}
{"target": 0.16785714285714282, "params": {"activation_function": 0.3744454736284897, "amount_of_layers": 1.3238907304613994, "batch_size": 37.18045172811058, "dropout_rate": 0.5534926728486003, "epochs": 183.76576237539803, "hidden_channels": 46.16012128164141, "learning_rate": 0.05423681356074563, "optimizer": 0.9742402053567187, "pooling_algorithm": 0.9031036075153493}, "datetime": {"datetime": "2023-11-30 09:55:43", "elapsed": 341.352374, "delta": 5.820878}}
{"target": 0.35, "params": {"activation_function": 0.8492950247381257, "amount_of_layers": 5.496130211020174, "batch_size": 126.78119359019088, "dropout_rate": 0.38046997759467704, "epochs": 167.1280372672994, "hidden_channels": 29.672768857168748, "learning_rate": 0.05157453724885064, "optimizer": 0.8677664317513958, "pooling_algorithm": 0.8166373266359926}, "datetime": {"datetime": "2023-11-30 09:55:47", "elapsed": 345.680054, "delta": 4.32768}}
{"target": 0.9035714285714286, "params": {"activation_function": 1.0552463408828752, "amount_of_layers": 3.9206464507673937, "batch_size": 143.52128516873347, "dropout_rate": 0.43705833037601843, "epochs": 127.01963926271875, "hidden_channels": 88.76953579066844, "learning_rate": 0.03167614185676965, "optimizer": 0.21563928431983537, "pooling_algorithm": 0.7179111022851914}, "datetime": {"datetime": "2023-11-30 09:55:50", "elapsed": 348.477457, "delta": 2.797403}}
{"target": 0.5, "params": {"activation_function": 0.5233238089945584, "amount_of_layers": 6.408209206299697, "batch_size": 63.30723006626141, "dropout_rate": 0.5147890608409975, "epochs": 145.0051007257408, "hidden_channels": 114.83734366109998, "learning_rate": 0.04144919545596833, "optimizer": 1.4997272842685394, "pooling_algorithm": 0.8258086631232054}, "datetime": {"datetime": "2023-11-30 09:55:56", "elapsed": 354.173098, "delta": 5.695641}}
{"target": 0.5, "params": {"activation_function": 0.19903519688950277, "amount_of_layers": 5.19898909521495, "batch_size": 125.50526046800536, "dropout_rate": 0.32008672870732824, "epochs": 164.93511788217594, "hidden_channels": 26.599837020807097, "learning_rate": 0.09528632068457599, "optimizer": 1.7849585145527156, "pooling_algorithm": 0.2516059144497451}, "datetime": {"datetime": "2023-11-30 09:56:00", "elapsed": 358.388851, "delta": 4.215753}}
{"target": 0.5, "params": {"activation_function": 0.9459818232384498, "amount_of_layers": 2.058413554748471, "batch_size": 49.65766934704818, "dropout_rate": 0.6573856912093861, "epochs": 92.85299084842376, "hidden_channels": 82.90661281817474, "learning_rate": 0.04101166373545428, "optimizer": 0.9779996064245435, "pooling_algorithm": 0.6596863859880208}, "datetime": {"datetime": "2023-11-30 09:56:02", "elapsed": 360.841133, "delta": 2.452282}}
{"target": 0.5, "params": {"activation_function": 0.4058850692392606, "amount_of_layers": 3.9888218307142136, "batch_size": 103.67054663959938, "dropout_rate": 0.423094075154317, "epochs": 158.8493614175781, "hidden_channels": 39.92115466383031, "learning_rate": 0.0559113530619617, "optimizer": 0.5927880168949673, "pooling_algorithm": 0.6190979347019185}, "datetime": {"datetime": "2023-11-30 09:56:06", "elapsed": 364.691511, "delta": 3.850378}}
{"target": 0.5, "params": {"activation_function": 1.2663406857609218, "amount_of_layers": 2.457352097457278, "batch_size": 138.8086841318756, "dropout_rate": 0.33309521216421634, "epochs": 68.43162088445503, "hidden_channels": 40.22758150911036, "learning_rate": 0.09430806405778275, "optimizer": 1.296619921833695, "pooling_algorithm": 0.6213123059649902}, "datetime": {"datetime": "2023-11-30 09:56:08", "elapsed": 366.175309, "delta": 1.483798}}
{"target": 0.5178571428571429, "params": {"activation_function": 1.1603884127611899, "amount_of_layers": 4.266236921427289, "batch_size": 36.75749863681126, "dropout_rate": 0.39604660162725736, "epochs": 183.2082600783625, "hidden_channels": 47.699734668535264, "learning_rate": 0.07305471108777015, "optimizer": 0.6062130500933698, "pooling_algorithm": 0.8229735598787074}, "datetime": {"datetime": "2023-11-30 09:56:16", "elapsed": 374.844246, "delta": 8.668937}}
{"target": 0.7107142857142857, "params": {"activation_function": 1.3645626563473414, "amount_of_layers": 2.9268916632227766, "batch_size": 106.8647427346337, "dropout_rate": 0.5511497034482964, "epochs": 118.39414722002388, "hidden_channels": 11.938123759053795, "learning_rate": 0.06023603094038113, "optimizer": 1.1998959917493393, "pooling_algorithm": 0.116880529771898}, "datetime": {"datetime": "2023-11-30 09:56:19", "elapsed": 377.525738, "delta": 2.681492}}
{"target": 0.5, "params": {"activation_function": 0.36147446009197637, "amount_of_layers": 1.7371724467120693, "batch_size": 132.77381656466616, "dropout_rate": 0.2555851063031983, "epochs": 36.29730878885978, "hidden_channels": 11.864146103409759, "learning_rate": 0.07905151522038949, "optimizer": 0.6961400425034194, "pooling_algorithm": 0.7032229448382512}, "datetime": {"datetime": "2023-11-30 09:56:20", "elapsed": 378.344433, "delta": 0.818695}}
