{"target": 0.2517857142857143, "params": {"activation_function": 0.9750702838543672, "amount_of_layers": 8.203584315255824, "batch_size": 25.00045921763948, "dropout_rate": 0.6724087941001416, "epochs": 165.1138241566852, "hidden_channels": 51.52694041443691, "learning_rate": 0.040454710341008476, "optimizer": 0.28905936350471184, "pooling_algorithm": 0.2171816330072628}, "datetime": {"datetime": "2023-11-30 10:44:18", "elapsed": 210.925052, "delta": 9.886983}}
{"target": 0.8214285714285715, "params": {"activation_function": 1.5999194245425, "amount_of_layers": 2.3540565397657494, "batch_size": 124.31930193567445, "dropout_rate": 0.2905592557311071, "epochs": 17.800831908443655, "hidden_channels": 10.930182262864147, "learning_rate": 0.011294491220352119, "optimizer": 1.7440536328842264, "pooling_algorithm": 0.09351755142660789}, "datetime": {"datetime": "2023-11-30 10:44:18", "elapsed": 211.323573, "delta": 0.398521}}
{"target": 0.9071428571428573, "params": {"activation_function": 1.9686608847001903, "amount_of_layers": 6.604853626681024, "batch_size": 22.472984047687063, "dropout_rate": 0.3289943949664708, "epochs": 166.1419304496134, "hidden_channels": 43.51382401683212, "learning_rate": 0.02103878402970162, "optimizer": 0.42523220669689477, "pooling_algorithm": 0.6308192602039073}, "datetime": {"datetime": "2023-11-30 10:44:29", "elapsed": 221.722332, "delta": 10.398759}}
{"target": 0.2642857142857143, "params": {"activation_function": 1.0253482124347446, "amount_of_layers": 7.372184654220919, "batch_size": 21.042119897592706, "dropout_rate": 0.6508205055848477, "epochs": 165.92937583835945, "hidden_channels": 46.15285827572758, "learning_rate": 0.031096918352056625, "optimizer": 0.11742529332486606, "pooling_algorithm": 0.19400073277716856}, "datetime": {"datetime": "2023-11-30 10:44:40", "elapsed": 233.500711, "delta": 11.778379}}
{"target": 0.9107142857142858, "params": {"activation_function": 0.5732558837131478, "amount_of_layers": 2.658900333963521, "batch_size": 27.551244766058286, "dropout_rate": 0.4465011381283489, "epochs": 161.35578989302155, "hidden_channels": 43.73220382937709, "learning_rate": 0.0027227224886456607, "optimizer": 1.4116826112495175, "pooling_algorithm": 0.8449058865376115}, "datetime": {"datetime": "2023-11-30 10:44:47", "elapsed": 239.808945, "delta": 6.308234}}
{"target": 0.5, "params": {"activation_function": 0.458074237058252, "amount_of_layers": 5.644807908061319, "batch_size": 30.275656614447083, "dropout_rate": 0.6771614486421152, "epochs": 160.47562820644077, "hidden_channels": 51.63741969476064, "learning_rate": 0.09929309075257056, "optimizer": 0.8108446261082911, "pooling_algorithm": 0.2191978751600243}, "datetime": {"datetime": "2023-11-30 10:44:54", "elapsed": 247.05403, "delta": 7.245085}}
{"target": 0.7446428571428572, "params": {"activation_function": 0.47354893786400964, "amount_of_layers": 6.007257159677593, "batch_size": 114.12171525597375, "dropout_rate": 0.2597625913932819, "epochs": 21.959955249432674, "hidden_channels": 21.498727559765335, "learning_rate": 0.020786462380051305, "optimizer": 1.5825568383231752, "pooling_algorithm": 0.4858139278721666}, "datetime": {"datetime": "2023-11-30 10:44:55", "elapsed": 247.626926, "delta": 0.572896}}
{"target": 0.9017857142857143, "params": {"activation_function": 0.9152501018497525, "amount_of_layers": 6.7151992377557255, "batch_size": 149.20715890556025, "dropout_rate": 0.35792267580718623, "epochs": 171.9490098544906, "hidden_channels": 42.91817795720202, "learning_rate": 0.02691780202822253, "optimizer": 0.07018461212796234, "pooling_algorithm": 0.5415195620317406}, "datetime": {"datetime": "2023-11-30 10:44:59", "elapsed": 251.775224, "delta": 4.148298}}
{"target": 0.7892857142857143, "params": {"activation_function": 1.4634834508503807, "amount_of_layers": 2.1413211011252313, "batch_size": 47.419719982369905, "dropout_rate": 0.25223161023848784, "epochs": 189.66639077331635, "hidden_channels": 29.41134558325173, "learning_rate": 0.016255957245494838, "optimizer": 0.4248741678501746, "pooling_algorithm": 0.46440177624041135}, "datetime": {"datetime": "2023-11-30 10:45:03", "elapsed": 256.361636, "delta": 4.586412}}
{"target": 0.30892857142857144, "params": {"activation_function": 1.5279770582992442, "amount_of_layers": 1.7906009657095039, "batch_size": 49.2303313731595, "dropout_rate": 0.4722414610817922, "epochs": 189.40298113723256, "hidden_channels": 28.243570631258727, "learning_rate": 0.08550076269853985, "optimizer": 1.121055356768371, "pooling_algorithm": 0.24557927251088374}, "datetime": {"datetime": "2023-11-30 10:45:08", "elapsed": 261.320723, "delta": 4.959087}}
{"target": 0.7410714285714286, "params": {"activation_function": 1.3781114077480994, "amount_of_layers": 4.187682430128321, "batch_size": 24.89961952449393, "dropout_rate": 0.7173889693029288, "epochs": 161.92640974500944, "hidden_channels": 45.66235170667822, "learning_rate": 0.049763644870858555, "optimizer": 1.4335438486889325, "pooling_algorithm": 0.1355485147761175}, "datetime": {"datetime": "2023-11-30 10:45:15", "elapsed": 268.416584, "delta": 7.095861}}
{"target": 0.5, "params": {"activation_function": 1.4827175652428946, "amount_of_layers": 7.713189492217417, "batch_size": 21.525292942491287, "dropout_rate": 0.6941989637763277, "epochs": 166.1717073409057, "hidden_channels": 40.85597392461867, "learning_rate": 0.0802338342924856, "optimizer": 0.955161583963243, "pooling_algorithm": 0.7686657552888136}, "datetime": {"datetime": "2023-11-30 10:45:27", "elapsed": 279.967621, "delta": 11.551037}}
{"target": 0.7375, "params": {"activation_function": 1.6742127142925263, "amount_of_layers": 3.7480676127037205, "batch_size": 27.183212919413915, "dropout_rate": 0.42155938058693415, "epochs": 159.3955673035171, "hidden_channels": 44.071125760598896, "learning_rate": 0.0886248303877849, "optimizer": 0.7760028309003788, "pooling_algorithm": 0.06500456310097436}, "datetime": {"datetime": "2023-11-30 10:45:34", "elapsed": 286.903182, "delta": 6.935561}}
{"target": 0.9035714285714286, "params": {"activation_function": 1.187572084089127, "amount_of_layers": 3.6373237417619197, "batch_size": 118.95626346020138, "dropout_rate": 0.4073509000672268, "epochs": 34.094621700577065, "hidden_channels": 10.209634342393501, "learning_rate": 0.01090814277070156, "optimizer": 1.1082962262570937, "pooling_algorithm": 0.5884328972554695}, "datetime": {"datetime": "2023-11-30 10:45:35", "elapsed": 287.624675, "delta": 0.721493}}
{"target": 0.2642857142857143, "params": {"activation_function": 0.6104011420272086, "amount_of_layers": 5.968030948273445, "batch_size": 111.830030049189, "dropout_rate": 0.538842626739799, "epochs": 21.051369030659497, "hidden_channels": 23.123301917066126, "learning_rate": 0.007847129027629227, "optimizer": 0.6599611133277843, "pooling_algorithm": 0.12012640549914899}, "datetime": {"datetime": "2023-11-30 10:45:35", "elapsed": 288.23798, "delta": 0.613305}}
{"target": 0.35, "params": {"activation_function": 1.8709095712950292, "amount_of_layers": 4.935035555711162, "batch_size": 149.30551572608275, "dropout_rate": 0.6638811701337741, "epochs": 171.48766860834144, "hidden_channels": 45.11196849193262, "learning_rate": 0.09330042675056391, "optimizer": 0.8437373036346165, "pooling_algorithm": 0.7224420298143248}, "datetime": {"datetime": "2023-11-30 10:45:39", "elapsed": 291.914079, "delta": 3.676099}}
{"target": 0.5, "params": {"activation_function": 0.8171407683736882, "amount_of_layers": 2.8530232177387607, "batch_size": 128.43895365795552, "dropout_rate": 0.3716043449736955, "epochs": 24.2787052988857, "hidden_channels": 25.4213928098004, "learning_rate": 0.0598713903646525, "optimizer": 0.9345998942085048, "pooling_algorithm": 0.6912306552432927}, "datetime": {"datetime": "2023-11-30 10:45:39", "elapsed": 292.476641, "delta": 0.562562}}
{"target": 0.26607142857142857, "params": {"activation_function": 0.6183325783930154, "amount_of_layers": 8.34175220024728, "batch_size": 116.56156589677104, "dropout_rate": 0.6966654467241506, "epochs": 26.5631373295072, "hidden_channels": 17.071471743561546, "learning_rate": 0.05831855785157699, "optimizer": 1.1014076575966483, "pooling_algorithm": 0.3545978060939784}, "datetime": {"datetime": "2023-11-30 10:45:40", "elapsed": 293.361355, "delta": 0.884714}}
{"target": 0.45, "params": {"activation_function": 1.9381185749537053, "amount_of_layers": 8.21891000479148, "batch_size": 52.81854777418104, "dropout_rate": 0.6260371657990753, "epochs": 184.06806068104515, "hidden_channels": 12.03926323760853, "learning_rate": 0.03514726644304804, "optimizer": 1.6705380943414627, "pooling_algorithm": 0.7029532423461049}, "datetime": {"datetime": "2023-11-30 10:45:46", "elapsed": 299.478962, "delta": 6.117607}}
{"target": 0.8607142857142858, "params": {"activation_function": 0.16079033639118245, "amount_of_layers": 1.2074006153488845, "batch_size": 128.65404339895218, "dropout_rate": 0.315112648938812, "epochs": 24.304413418624073, "hidden_channels": 27.46958909346005, "learning_rate": 0.014793539910301728, "optimizer": 0.44183810466580464, "pooling_algorithm": 0.9391950102670279}, "datetime": {"datetime": "2023-11-30 10:45:47", "elapsed": 299.958651, "delta": 0.479689}}
{"target": 0.9107142857142857, "params": {"activation_function": 1.9478620532343018, "amount_of_layers": 2.49889455472335, "batch_size": 23.35235410518736, "dropout_rate": 0.7009202661926297, "epochs": 159.5776942760018, "hidden_channels": 43.015184327309115, "learning_rate": 0.025191340822946388, "optimizer": 0.05595513162722199, "pooling_algorithm": 0.7140239824958923}, "datetime": {"datetime": "2023-11-30 10:45:53", "elapsed": 305.969113, "delta": 6.010462}}
{"target": 0.8964285714285715, "params": {"activation_function": 0.23885631716788325, "amount_of_layers": 3.8296378802266373, "batch_size": 123.64442590393885, "dropout_rate": 0.36306221285582924, "epochs": 16.71293253157606, "hidden_channels": 10.079505095719348, "learning_rate": 0.08189272090737579, "optimizer": 0.112889460292529, "pooling_algorithm": 0.9035949521118739}, "datetime": {"datetime": "2023-11-30 10:45:53", "elapsed": 306.427733, "delta": 0.45862}}
{"target": 0.9071428571428571, "params": {"activation_function": 0.10485221912025655, "amount_of_layers": 3.1135725996027217, "batch_size": 118.81033061814833, "dropout_rate": 0.30873697090406343, "epochs": 35.412982115939485, "hidden_channels": 12.99729491748934, "learning_rate": 0.026003774445897663, "optimizer": 0.4039069282568688, "pooling_algorithm": 0.6841100510676742}, "datetime": {"datetime": "2023-11-30 10:45:54", "elapsed": 307.154096, "delta": 0.726363}}
{"target": 0.8714285714285714, "params": {"activation_function": 1.3605018140492111, "amount_of_layers": 6.981786575210121, "batch_size": 148.42513677060091, "dropout_rate": 0.5018369044702631, "epochs": 170.20253668050532, "hidden_channels": 43.529012454482654, "learning_rate": 0.013689048665109983, "optimizer": 0.5703606832498551, "pooling_algorithm": 0.5200560063827733}, "datetime": {"datetime": "2023-11-30 10:45:58", "elapsed": 311.328621, "delta": 4.174525}}
{"target": 0.6571428571428571, "params": {"activation_function": 0.07637380315311337, "amount_of_layers": 4.89111037576544, "batch_size": 123.48272409163826, "dropout_rate": 0.6769387713744914, "epochs": 15.441742639109048, "hidden_channels": 11.7572682389184, "learning_rate": 0.0663476054701141, "optimizer": 1.1056413789506137, "pooling_algorithm": 0.26907206195371247}, "datetime": {"datetime": "2023-11-30 10:45:59", "elapsed": 311.770291, "delta": 0.44167}}
{"target": 0.26071428571428573, "params": {"activation_function": 1.434340920152296, "amount_of_layers": 4.367932173502975, "batch_size": 58.25280310040861, "dropout_rate": 0.6652510895957731, "epochs": 74.84949446176348, "hidden_channels": 26.478801542089602, "learning_rate": 0.037114352674026144, "optimizer": 0.7695835345322977, "pooling_algorithm": 0.151882522180951}, "datetime": {"datetime": "2023-11-30 10:46:01", "elapsed": 313.77996, "delta": 2.009669}}
{"target": 0.8142857142857143, "params": {"activation_function": 0.5726947152677353, "amount_of_layers": 1.4486431625603355, "batch_size": 21.222898091051707, "dropout_rate": 0.3278669076106601, "epochs": 157.5044713462265, "hidden_channels": 51.37102861193954, "learning_rate": 0.05604516489685789, "optimizer": 0.43039245578940455, "pooling_algorithm": 0.23778569161030128}, "datetime": {"datetime": "2023-11-30 10:46:07", "elapsed": 319.585511, "delta": 5.805551}}
{"target": 0.26785714285714285, "params": {"activation_function": 1.2489591953911197, "amount_of_layers": 2.4859827492809146, "batch_size": 29.09069671342553, "dropout_rate": 0.7417805693124896, "epochs": 162.89397207938157, "hidden_channels": 45.14636370170884, "learning_rate": 0.058518280116602414, "optimizer": 1.5563967484532901, "pooling_algorithm": 0.3418970265346598}, "datetime": {"datetime": "2023-11-30 10:46:12", "elapsed": 325.142054, "delta": 5.556543}}
{"target": 0.2392857142857143, "params": {"activation_function": 1.2059860767489063, "amount_of_layers": 1.5382085234123037, "batch_size": 116.05702189556573, "dropout_rate": 0.5332781297222845, "epochs": 23.101585748654482, "hidden_channels": 12.029435231057002, "learning_rate": 0.008329236130111913, "optimizer": 1.2993947242748807, "pooling_algorithm": 0.2699415089179277}, "datetime": {"datetime": "2023-11-30 10:46:13", "elapsed": 325.649173, "delta": 0.507119}}
{"target": 0.9071428571428571, "params": {"activation_function": 0.9718144774026085, "amount_of_layers": 5.677043401676848, "batch_size": 125.09460394473832, "dropout_rate": 0.3875163535253901, "epochs": 15.548331284829372, "hidden_channels": 10.09582046516047, "learning_rate": 0.06523030167136444, "optimizer": 0.09923379557803691, "pooling_algorithm": 0.5311904491422619}, "datetime": {"datetime": "2023-11-30 10:46:13", "elapsed": 326.132428, "delta": 0.483255}}
{"target": 0.09464285714285714, "params": {"activation_function": 1.154668340612194, "amount_of_layers": 3.424005121089034, "batch_size": 125.08317814121507, "dropout_rate": 0.7379074709653397, "epochs": 16.73957531605839, "hidden_channels": 7.43457760422546, "learning_rate": 0.03484919422797198, "optimizer": 0.958886842966578, "pooling_algorithm": 0.5751465841853761}, "datetime": {"datetime": "2023-11-30 10:46:14", "elapsed": 326.562163, "delta": 0.429735}}
{"target": 0.2589285714285714, "params": {"activation_function": 0.5600439601906873, "amount_of_layers": 8.195374063206764, "batch_size": 83.81090172646995, "dropout_rate": 0.5265328025973861, "epochs": 119.52556347592632, "hidden_channels": 89.3105025580648, "learning_rate": 0.04061368953290228, "optimizer": 0.2924871378977909, "pooling_algorithm": 0.4906735895041966}, "datetime": {"datetime": "2023-11-30 10:46:17", "elapsed": 329.812446, "delta": 3.250283}}
{"target": 0.5, "params": {"activation_function": 0.06847535944850591, "amount_of_layers": 7.372169844278253, "batch_size": 29.996416085109786, "dropout_rate": 0.6129701453114912, "epochs": 172.98232545051508, "hidden_channels": 11.692658622973166, "learning_rate": 0.0981766108045884, "optimizer": 0.6768433050061811, "pooling_algorithm": 0.3417337178305193}, "datetime": {"datetime": "2023-11-30 10:46:25", "elapsed": 338.172751, "delta": 8.360305}}
{"target": 0.8964285714285715, "params": {"activation_function": 1.9559647281968802, "amount_of_layers": 8.273424466345476, "batch_size": 17.005077936546513, "dropout_rate": 0.458681259302944, "epochs": 144.98656896916603, "hidden_channels": 7.452603352416531, "learning_rate": 0.006566192855438581, "optimizer": 0.8193783838501045, "pooling_algorithm": 0.9552577913286023}, "datetime": {"datetime": "2023-11-30 10:46:38", "elapsed": 350.822298, "delta": 12.649547}}
{"target": 0.7392857142857143, "params": {"activation_function": 0.7302784696371027, "amount_of_layers": 7.5607585636387284, "batch_size": 51.40453597825486, "dropout_rate": 0.4445593526738081, "epochs": 146.75483895881263, "hidden_channels": 19.6183325340325, "learning_rate": 0.014622689765116128, "optimizer": 0.7559962295703975, "pooling_algorithm": 0.3763799576724277}, "datetime": {"datetime": "2023-11-30 10:46:43", "elapsed": 355.992845, "delta": 5.170547}}
{"target": 0.9035714285714286, "params": {"activation_function": 0.5636159764487574, "amount_of_layers": 2.9068030024364537, "batch_size": 118.42382865605087, "dropout_rate": 0.5700290204302314, "epochs": 182.31590367674593, "hidden_channels": 79.7481859482938, "learning_rate": 0.022129822514108898, "optimizer": 0.07498655423966771, "pooling_algorithm": 0.6005554866199717}, "datetime": {"datetime": "2023-11-30 10:46:46", "elapsed": 359.36264, "delta": 3.369795}}
{"target": 0.5, "params": {"activation_function": 0.023816469992918643, "amount_of_layers": 8.032397621398218, "batch_size": 112.30497460067657, "dropout_rate": 0.5564910764003614, "epochs": 131.10552947917202, "hidden_channels": 70.4031926204096, "learning_rate": 0.05512192330312363, "optimizer": 1.5819131606953705, "pooling_algorithm": 0.47883869105462906}, "datetime": {"datetime": "2023-11-30 10:46:50", "elapsed": 363.00765, "delta": 3.64501}}
{"target": 0.5, "params": {"activation_function": 1.8929749463126289, "amount_of_layers": 6.2932170916403445, "batch_size": 42.5398463047519, "dropout_rate": 0.3228810088521539, "epochs": 149.98667411661677, "hidden_channels": 35.0757961462016, "learning_rate": 0.050274912296399514, "optimizer": 1.5416942034653693, "pooling_algorithm": 0.8367917274850007}, "datetime": {"datetime": "2023-11-30 10:46:55", "elapsed": 368.497751, "delta": 5.490101}}
{"target": 0.5, "params": {"activation_function": 1.4236505160893411, "amount_of_layers": 2.3006164628717505, "batch_size": 79.17225053105435, "dropout_rate": 0.5413469751326866, "epochs": 112.47556667280548, "hidden_channels": 124.19117854598503, "learning_rate": 0.02909552074386481, "optimizer": 1.641538605226385, "pooling_algorithm": 0.917739047228133}, "datetime": {"datetime": "2023-11-30 10:46:57", "elapsed": 370.414259, "delta": 1.916508}}
{"target": 0.5, "params": {"activation_function": 0.5632318440815798, "amount_of_layers": 3.7356657963838487, "batch_size": 140.0151046406682, "dropout_rate": 0.6130971578596192, "epochs": 134.45609323713632, "hidden_channels": 46.393156195852335, "learning_rate": 0.07785360254354887, "optimizer": 1.1576737427973303, "pooling_algorithm": 0.6473526836607724}, "datetime": {"datetime": "2023-11-30 10:47:00", "elapsed": 373.081615, "delta": 2.667356}}
{"target": 0.8357142857142856, "params": {"activation_function": 1.686888769883578, "amount_of_layers": 2.567007372323954, "batch_size": 101.59695510323957, "dropout_rate": 0.40766119787972804, "epochs": 104.61009503411223, "hidden_channels": 20.630443758130802, "learning_rate": 0.00537165752619105, "optimizer": 1.850236307057214, "pooling_algorithm": 0.2631231731678282}, "datetime": {"datetime": "2023-11-30 10:47:02", "elapsed": 374.986778, "delta": 1.905163}}
{"target": 0.525, "params": {"activation_function": 0.08514273478232326, "amount_of_layers": 4.260652105235034, "batch_size": 29.392660267448278, "dropout_rate": 0.6767103569736267, "epochs": 49.45006480641327, "hidden_channels": 86.31608711110343, "learning_rate": 0.09815433174478795, "optimizer": 1.5313041315933393, "pooling_algorithm": 0.5871171512918505}, "datetime": {"datetime": "2023-11-30 10:47:04", "elapsed": 377.251405, "delta": 2.264627}}
{"target": 0.5, "params": {"activation_function": 0.7311625268304964, "amount_of_layers": 3.009208679822195, "batch_size": 147.62228618679327, "dropout_rate": 0.7494142124599947, "epochs": 168.1900026323657, "hidden_channels": 27.17466001507002, "learning_rate": 0.09824982306056902, "optimizer": 1.3624987594054856, "pooling_algorithm": 0.5560008947083076}, "datetime": {"datetime": "2023-11-30 10:47:07", "elapsed": 380.224489, "delta": 2.973084}}
{"target": 0.9, "params": {"activation_function": 0.38509584496740024, "amount_of_layers": 1.536945357526684, "batch_size": 135.057442698457, "dropout_rate": 0.5702071363763448, "epochs": 144.15348768764548, "hidden_channels": 66.21903070859557, "learning_rate": 0.013885908865368984, "optimizer": 0.8422593480772032, "pooling_algorithm": 0.5912019198434131}, "datetime": {"datetime": "2023-11-30 10:47:10", "elapsed": 382.626422, "delta": 2.401933}}
{"target": 0.85, "params": {"activation_function": 1.695158989714372, "amount_of_layers": 2.78236890185456, "batch_size": 57.71807138044539, "dropout_rate": 0.580753826978163, "epochs": 26.08947376348844, "hidden_channels": 24.001168664017253, "learning_rate": 0.006645232110760654, "optimizer": 1.6843299268640275, "pooling_algorithm": 0.20299402333496497}, "datetime": {"datetime": "2023-11-30 10:47:10", "elapsed": 383.363358, "delta": 0.736936}}
{"target": 0.8410714285714286, "params": {"activation_function": 1.0258159784044547, "amount_of_layers": 6.320985280412883, "batch_size": 137.3815616203267, "dropout_rate": 0.29129634671526755, "epochs": 17.74279917829112, "hidden_channels": 82.70447475297637, "learning_rate": 0.0010433780703426754, "optimizer": 1.8361370285412952, "pooling_algorithm": 0.6230191576449141}, "datetime": {"datetime": "2023-11-30 10:47:11", "elapsed": 383.939096, "delta": 0.575738}}
{"target": 0.5, "params": {"activation_function": 1.5983702293246547, "amount_of_layers": 7.0576445817905045, "batch_size": 133.78913402776038, "dropout_rate": 0.46286494769932024, "epochs": 150.70370386524374, "hidden_channels": 98.67719406311123, "learning_rate": 0.04565439098732614, "optimizer": 1.6427075779040192, "pooling_algorithm": 0.08838252951702075}, "datetime": {"datetime": "2023-11-30 10:47:15", "elapsed": 388.235922, "delta": 4.296826}}
