{"target": 0.825, "params": {"activation_function": 1.7435188787018399, "amount_of_layers": 5.371532667340093, "batch_size": 55.56884895664461, "dropout_rate": 0.6901865352673691, "epochs": 104.9405555532201, "hidden_channels": 34.93471596099478, "learning_rate": 0.015886570700738838, "optimizer": 1.2131843117191814, "pooling_algorithm": 0.00890610328136865}, "datetime": {"datetime": "2023-11-30 10:07:43", "elapsed": 375.511429, "delta": 3.222554}}
{"target": 0.3482142857142857, "params": {"activation_function": 1.9180187674402507, "amount_of_layers": 7.994717723782219, "batch_size": 58.85208561699824, "dropout_rate": 0.47203133539465914, "epochs": 153.05694262826776, "hidden_channels": 53.39297803103189, "learning_rate": 0.03152673535102936, "optimizer": 1.0567567000352125, "pooling_algorithm": 0.8344490218764851}, "datetime": {"datetime": "2023-11-30 10:07:49", "elapsed": 381.714225, "delta": 6.202796}}
{"target": 0.8232142857142858, "params": {"activation_function": 1.8340833728066372, "amount_of_layers": 1.0527305841275005, "batch_size": 78.06805993393728, "dropout_rate": 0.7249838347593677, "epochs": 95.804612222269, "hidden_channels": 23.436510046127303, "learning_rate": 0.05971513546163446, "optimizer": 0.9493122918190404, "pooling_algorithm": 0.04927360012661164}, "datetime": {"datetime": "2023-11-30 10:07:50", "elapsed": 383.185488, "delta": 1.471263}}
{"target": 0.2589285714285714, "params": {"activation_function": 0.8440971031077587, "amount_of_layers": 6.138701358065216, "batch_size": 101.38137571970383, "dropout_rate": 0.4849021940704468, "epochs": 157.20870323403463, "hidden_channels": 8.415862414053484, "learning_rate": 0.07955529270182751, "optimizer": 0.5796838196005223, "pooling_algorithm": 0.3623078999576038}, "datetime": {"datetime": "2023-11-30 10:07:54", "elapsed": 386.915831, "delta": 3.730343}}
{"target": 0.24285714285714285, "params": {"activation_function": 1.391368140588378, "amount_of_layers": 7.137606686142021, "batch_size": 145.55449822026276, "dropout_rate": 0.7065952830660616, "epochs": 62.713334089103235, "hidden_channels": 17.0068838410926, "learning_rate": 0.04290005990348367, "optimizer": 0.6802092697773927, "pooling_algorithm": 0.7805937702520478}, "datetime": {"datetime": "2023-11-30 10:07:56", "elapsed": 388.582597, "delta": 1.666766}}
{"target": 0.5, "params": {"activation_function": 1.2972953058783254, "amount_of_layers": 1.268393867044952, "batch_size": 107.06356650330285, "dropout_rate": 0.2982004697651568, "epochs": 92.57110841686871, "hidden_channels": 75.98723321172265, "learning_rate": 0.03899205997908139, "optimizer": 1.4174859705977976, "pooling_algorithm": 0.5064504353677924}, "datetime": {"datetime": "2023-11-30 10:07:58", "elapsed": 390.33869, "delta": 1.756093}}
{"target": 0.7857142857142857, "params": {"activation_function": 0.0998641331171557, "amount_of_layers": 5.932408961903182, "batch_size": 68.52631573277642, "dropout_rate": 0.3785583711093457, "epochs": 162.68421322486384, "hidden_channels": 13.01491817110876, "learning_rate": 0.07009436921533979, "optimizer": 0.27929358327927756, "pooling_algorithm": 0.18338016812115987}, "datetime": {"datetime": "2023-11-30 10:08:02", "elapsed": 395.138044, "delta": 4.799354}}
{"target": 0.75, "params": {"activation_function": 1.7227408445341745, "amount_of_layers": 3.2303510365763586, "batch_size": 131.80973824100607, "dropout_rate": 0.34137643734989204, "epochs": 87.3746239214194, "hidden_channels": 8.892941189968454, "learning_rate": 0.09921899693110572, "optimizer": 0.9102528158823184, "pooling_algorithm": 0.5984108330633449}, "datetime": {"datetime": "2023-11-30 10:08:04", "elapsed": 396.689053, "delta": 1.551009}}
{"target": 0.20357142857142857, "params": {"activation_function": 1.3026579694782037, "amount_of_layers": 3.3575713461798067, "batch_size": 23.43279395128811, "dropout_rate": 0.49968463978954303, "epochs": 111.38965696978845, "hidden_channels": 29.420150114120016, "learning_rate": 0.030767085992467625, "optimizer": 0.49476049121351795, "pooling_algorithm": 0.3476435240683523}, "datetime": {"datetime": "2023-11-30 10:08:08", "elapsed": 400.728463, "delta": 4.03941}}
{"target": 0.5, "params": {"activation_function": 0.4849685481892001, "amount_of_layers": 5.89204700205002, "batch_size": 115.8098746562561, "dropout_rate": 0.5316986784779811, "epochs": 89.68585700116964, "hidden_channels": 67.79945751764987, "learning_rate": 0.026252039464689764, "optimizer": 1.7433824651743668, "pooling_algorithm": 0.11498776388259224}, "datetime": {"datetime": "2023-11-30 10:08:11", "elapsed": 403.534975, "delta": 2.806512}}
{"target": 0.9071428571428571, "params": {"activation_function": 1.3343668218160378, "amount_of_layers": 3.3212045696162518, "batch_size": 37.7669291357334, "dropout_rate": 0.6698093696454477, "epochs": 66.1347260737395, "hidden_channels": 125.07027062765431, "learning_rate": 0.01639225118876078, "optimizer": 0.17026563567724495, "pooling_algorithm": 0.8264014541969575}, "datetime": {"datetime": "2023-11-30 10:08:13", "elapsed": 406.004135, "delta": 2.46916}}
{"target": 0.8035714285714286, "params": {"activation_function": 1.907771553129445, "amount_of_layers": 1.9151529011370387, "batch_size": 139.7467721541359, "dropout_rate": 0.2593556614458735, "epochs": 59.88113896388033, "hidden_channels": 31.984998352699037, "learning_rate": 0.019734098887822633, "optimizer": 1.866154045893466, "pooling_algorithm": 0.07912167101167433}, "datetime": {"datetime": "2023-11-30 10:08:14", "elapsed": 407.024622, "delta": 1.020487}}
{"target": 0.5, "params": {"activation_function": 0.007584195163189644, "amount_of_layers": 2.8758627838063457, "batch_size": 121.20221632943544, "dropout_rate": 0.6269434796550116, "epochs": 193.65467665154802, "hidden_channels": 92.98803420902925, "learning_rate": 0.06388426727776204, "optimizer": 1.8128803944057392, "pooling_algorithm": 0.6557833521823674}, "datetime": {"datetime": "2023-11-30 10:08:19", "elapsed": 411.728259, "delta": 4.703637}}
{"target": 0.7410714285714286, "params": {"activation_function": 0.7079715039222398, "amount_of_layers": 1.9752575941550052, "batch_size": 129.62616784548635, "dropout_rate": 0.27363879227292687, "epochs": 75.06209730066735, "hidden_channels": 111.69553760310377, "learning_rate": 0.09835008695314788, "optimizer": 1.0042541035483739, "pooling_algorithm": 0.4948755348181746}, "datetime": {"datetime": "2023-11-30 10:08:21", "elapsed": 413.750551, "delta": 2.022292}}
{"target": 0.3214285714285714, "params": {"activation_function": 0.6181990009539107, "amount_of_layers": 8.951207952812252, "batch_size": 64.606598660438, "dropout_rate": 0.29081621342036684, "epochs": 20.61213197798866, "hidden_channels": 81.09277561179407, "learning_rate": 0.0850118564576822, "optimizer": 1.3952590578904092, "pooling_algorithm": 0.9136441643930431}, "datetime": {"datetime": "2023-11-30 10:08:22", "elapsed": 415.185704, "delta": 1.435153}}
{"target": 0.4678571428571429, "params": {"activation_function": 0.24958366244101682, "amount_of_layers": 7.493145877071984, "batch_size": 21.006852126391433, "dropout_rate": 0.653795990628759, "epochs": 26.69092540278998, "hidden_channels": 65.90798033679874, "learning_rate": 0.07538162222652903, "optimizer": 0.9656391246867515, "pooling_algorithm": 0.306198009554165}, "datetime": {"datetime": "2023-11-30 10:08:25", "elapsed": 417.565535, "delta": 2.379831}}
{"target": 0.8214285714285715, "params": {"activation_function": 1.737002946152618, "amount_of_layers": 3.4547619498604387, "batch_size": 62.17731146875653, "dropout_rate": 0.300481827627455, "epochs": 15.91881582962442, "hidden_channels": 85.54683684648477, "learning_rate": 0.031937313819497166, "optimizer": 1.4889504870550803, "pooling_algorithm": 0.17780584815769507}, "datetime": {"datetime": "2023-11-30 10:08:26", "elapsed": 418.223234, "delta": 0.657699}}
{"target": 0.8214285714285715, "params": {"activation_function": 0.0208004413581635, "amount_of_layers": 7.131736895922692, "batch_size": 29.929422191254993, "dropout_rate": 0.2635858240514891, "epochs": 52.566511181984765, "hidden_channels": 88.26847086245131, "learning_rate": 0.01956499127376137, "optimizer": 0.3308214778157206, "pooling_algorithm": 0.39464176676018403}, "datetime": {"datetime": "2023-11-30 10:08:29", "elapsed": 421.442817, "delta": 3.219583}}
{"target": 0.3214285714285714, "params": {"activation_function": 0.9622509115964801, "amount_of_layers": 4.906310443301568, "batch_size": 86.94807089757276, "dropout_rate": 0.26268968947452637, "epochs": 163.88854349199218, "hidden_channels": 55.04201750434614, "learning_rate": 0.06099316751009, "optimizer": 1.0619168524831284, "pooling_algorithm": 0.839826315509818}, "datetime": {"datetime": "2023-11-30 10:08:33", "elapsed": 426.117511, "delta": 4.674694}}
{"target": 0.5, "params": {"activation_function": 0.8753696769675832, "amount_of_layers": 3.636102265598449, "batch_size": 49.68336066283586, "dropout_rate": 0.3637225226785946, "epochs": 152.41751809454374, "hidden_channels": 90.11786144122212, "learning_rate": 0.09609061340872337, "optimizer": 0.6924695392104987, "pooling_algorithm": 0.9069997168617777}, "datetime": {"datetime": "2023-11-30 10:08:39", "elapsed": 431.485604, "delta": 5.368093}}
{"target": 0.33214285714285713, "params": {"activation_function": 1.8106189574445397, "amount_of_layers": 8.83452460872523, "batch_size": 80.67876541044006, "dropout_rate": 0.3650424381685165, "epochs": 115.5898017721165, "hidden_channels": 22.88706130453974, "learning_rate": 0.07541778437692319, "optimizer": 0.1224441374702443, "pooling_algorithm": 0.46896079184428807}, "datetime": {"datetime": "2023-11-30 10:08:42", "elapsed": 435.12398, "delta": 3.638376}}
{"target": 0.9035714285714285, "params": {"activation_function": 0.6834148936171791, "amount_of_layers": 5.913423314038226, "batch_size": 48.86719696609272, "dropout_rate": 0.6160080520924833, "epochs": 191.64000847997573, "hidden_channels": 35.36659196725752, "learning_rate": 0.008141450397274848, "optimizer": 0.2690438222206908, "pooling_algorithm": 0.715105199100441}, "datetime": {"datetime": "2023-11-30 10:08:50", "elapsed": 442.601511, "delta": 7.477531}}
{"target": 0.5, "params": {"activation_function": 0.062081495432182665, "amount_of_layers": 4.485052693868154, "batch_size": 89.01436291066496, "dropout_rate": 0.4435253444386204, "epochs": 28.17146243669641, "hidden_channels": 40.92299218913799, "learning_rate": 0.04856427688648093, "optimizer": 1.889288766054764, "pooling_algorithm": 0.5755158594241462}, "datetime": {"datetime": "2023-11-30 10:08:51", "elapsed": 443.535884, "delta": 0.934373}}
{"target": 0.26607142857142857, "params": {"activation_function": 1.46387537500247, "amount_of_layers": 8.433154237125985, "batch_size": 80.4526739907372, "dropout_rate": 0.48190259337539415, "epochs": 103.26030384793086, "hidden_channels": 78.37409095617089, "learning_rate": 0.024625272262800084, "optimizer": 1.8013187117338079, "pooling_algorithm": 0.008733663314789308}, "datetime": {"datetime": "2023-11-30 10:08:55", "elapsed": 447.838205, "delta": 4.302321}}
{"target": 0.8999999999999999, "params": {"activation_function": 0.8429958373703887, "amount_of_layers": 6.04639604443363, "batch_size": 73.61449194209854, "dropout_rate": 0.6846563163626287, "epochs": 87.33444102123782, "hidden_channels": 18.312381762467467, "learning_rate": 0.04395429953610685, "optimizer": 0.36568372039194097, "pooling_algorithm": 0.6115588264856581}, "datetime": {"datetime": "2023-11-30 10:08:58", "elapsed": 450.492114, "delta": 2.653909}}
{"target": 0.45, "params": {"activation_function": 1.8136718199780195, "amount_of_layers": 4.2983066270139245, "batch_size": 127.1803361456479, "dropout_rate": 0.5400533164138888, "epochs": 188.05220578747333, "hidden_channels": 90.60158739693453, "learning_rate": 0.05981743194861028, "optimizer": 1.501812605838869, "pooling_algorithm": 0.5146788555753905}, "datetime": {"datetime": "2023-11-30 10:09:03", "elapsed": 455.689501, "delta": 5.197387}}
