{"target": 0.7392857142857143, "params": {"activation_function": 1.4223669012301954, "amount_of_layers": 3.5191721635628763, "batch_size": 142.9816435462183, "dropout_rate": 0.4476307466508492, "epochs": 127.0735161691435, "hidden_channels": 88.54322239392975, "learning_rate": 0.059495806550467524, "optimizer": 1.029295167172222, "pooling_algorithm": 0.11454508364626736}, "datetime": {"datetime": "2023-11-30 09:56:23", "elapsed": 381.307022, "delta": 2.962589}}
{"target": 0.5, "params": {"activation_function": 0.41215066623059493, "amount_of_layers": 6.117088614496598, "batch_size": 43.74126443410832, "dropout_rate": 0.5044539369089482, "epochs": 196.35038802097154, "hidden_channels": 53.50096205292069, "learning_rate": 0.014240380636456232, "optimizer": 1.758328551591285, "pooling_algorithm": 0.4056650372887972}, "datetime": {"datetime": "2023-11-30 09:56:32", "elapsed": 390.783786, "delta": 9.476764}}
{"target": 0.9107142857142858, "params": {"activation_function": 1.6864024762090608, "amount_of_layers": 6.799146156432435, "batch_size": 71.68173951108264, "dropout_rate": 0.33794778334241987, "epochs": 14.989940367263802, "hidden_channels": 32.20204539778588, "learning_rate": 0.012448785090162284, "optimizer": 0.09249226517060594, "pooling_algorithm": 0.9840696646812533}, "datetime": {"datetime": "2023-11-30 09:56:33", "elapsed": 391.559807, "delta": 0.776021}}
{"target": 0.5, "params": {"activation_function": 0.18220394789859284, "amount_of_layers": 7.686085323889728, "batch_size": 55.84240783684083, "dropout_rate": 0.26190329135397356, "epochs": 138.13030771602877, "hidden_channels": 72.55467614346044, "learning_rate": 0.029971986919492252, "optimizer": 0.516615760643863, "pooling_algorithm": 0.8550083260738612}, "datetime": {"datetime": "2023-11-30 09:56:39", "elapsed": 397.881089, "delta": 6.321282}}
{"target": 0.5, "params": {"activation_function": 1.9326962377786812, "amount_of_layers": 7.90950892224563, "batch_size": 92.25982579441721, "dropout_rate": 0.6171559068593109, "epochs": 160.20254939598857, "hidden_channels": 106.41833174536872, "learning_rate": 0.05643396891333651, "optimizer": 1.1301640003949283, "pooling_algorithm": 0.7600009571368453}, "datetime": {"datetime": "2023-11-30 09:56:45", "elapsed": 403.134238, "delta": 5.253149}}
{"target": 0.5, "params": {"activation_function": 0.8956529282215682, "amount_of_layers": 5.5346888295288394, "batch_size": 45.21955232401288, "dropout_rate": 0.5518932268258353, "epochs": 197.57851996676362, "hidden_channels": 53.77778478463677, "learning_rate": 0.023262530936329108, "optimizer": 0.6093261244210519, "pooling_algorithm": 0.9819209959059217}, "datetime": {"datetime": "2023-11-30 09:56:54", "elapsed": 412.515797, "delta": 9.381559}}
{"target": 0.2553571428571429, "params": {"activation_function": 1.2243089578589155, "amount_of_layers": 6.134648726774174, "batch_size": 62.516221460845685, "dropout_rate": 0.4631095549258459, "epochs": 141.68660957273087, "hidden_channels": 114.02316633770445, "learning_rate": 0.03303419485615306, "optimizer": 0.46190661516592635, "pooling_algorithm": 0.48870296548030656}, "datetime": {"datetime": "2023-11-30 09:56:59", "elapsed": 417.96141, "delta": 5.445613}}
{"target": 0.5, "params": {"activation_function": 0.2950236360375673, "amount_of_layers": 8.473580250405064, "batch_size": 93.04671799676, "dropout_rate": 0.4649996181631535, "epochs": 157.92945762021677, "hidden_channels": 103.39209283157759, "learning_rate": 0.0971029219695974, "optimizer": 0.8960462368783522, "pooling_algorithm": 0.639622015025926}, "datetime": {"datetime": "2023-11-30 09:57:05", "elapsed": 423.140442, "delta": 5.179032}}
{"target": 0.7410714285714286, "params": {"activation_function": 1.2156427380762918, "amount_of_layers": 4.662065271046912, "batch_size": 66.18887634673922, "dropout_rate": 0.678761592459825, "epochs": 171.81433720999686, "hidden_channels": 51.581653285732855, "learning_rate": 0.07032817893207441, "optimizer": 1.1001111911389128, "pooling_algorithm": 0.09554291102495482}, "datetime": {"datetime": "2023-11-30 09:57:11", "elapsed": 429.295379, "delta": 6.154937}}
{"target": 0.26071428571428573, "params": {"activation_function": 1.9654578152972786, "amount_of_layers": 7.871415920897891, "batch_size": 71.06957004668104, "dropout_rate": 0.2926492834228254, "epochs": 17.48249583715266, "hidden_channels": 33.92937263933534, "learning_rate": 0.07106768334883522, "optimizer": 1.7873048584712552, "pooling_algorithm": 0.06313224495040959}, "datetime": {"datetime": "2023-11-30 09:57:12", "elapsed": 430.203496, "delta": 0.908117}}
{"target": 0.9089285714285714, "params": {"activation_function": 0.7190271768654879, "amount_of_layers": 1.4083489844848716, "batch_size": 33.46905132756477, "dropout_rate": 0.3968159976593118, "epochs": 22.30733958842903, "hidden_channels": 32.738621797733956, "learning_rate": 0.026299761281656862, "optimizer": 0.2185307549985298, "pooling_algorithm": 0.5527071625147226}, "datetime": {"datetime": "2023-11-30 09:57:13", "elapsed": 431.066716, "delta": 0.86322}}
{"target": 0.7392857142857143, "params": {"activation_function": 1.5815764366615752, "amount_of_layers": 6.422565495760451, "batch_size": 73.25067764627627, "dropout_rate": 0.25670237723097933, "epochs": 14.495325743252572, "hidden_channels": 31.43652573740982, "learning_rate": 0.04155658910370775, "optimizer": 0.7531437405388686, "pooling_algorithm": 0.23325466793954208}, "datetime": {"datetime": "2023-11-30 09:57:13", "elapsed": 431.764715, "delta": 0.697999}}
{"target": 0.9071428571428571, "params": {"activation_function": 1.7519581737386642, "amount_of_layers": 5.414494468164887, "batch_size": 141.64131468359628, "dropout_rate": 0.3915110123194388, "epochs": 126.63986344721248, "hidden_channels": 89.7183606376175, "learning_rate": 0.04848937375453976, "optimizer": 0.43653573785273214, "pooling_algorithm": 0.9506347828660873}, "datetime": {"datetime": "2023-11-30 09:57:16", "elapsed": 434.922569, "delta": 3.157854}}
{"target": 0.9071428571428571, "params": {"activation_function": 0.07167395229095042, "amount_of_layers": 2.8082745921873267, "batch_size": 129.22966744446106, "dropout_rate": 0.37804658453560885, "epochs": 39.049958520817796, "hidden_channels": 13.375950409477664, "learning_rate": 0.011753260444439934, "optimizer": 0.26405903558923716, "pooling_algorithm": 0.8337198090196686}, "datetime": {"datetime": "2023-11-30 09:57:18", "elapsed": 436.019437, "delta": 1.096868}}
{"target": 0.7375, "params": {"activation_function": 0.7167351834788627, "amount_of_layers": 6.464426301608033, "batch_size": 58.849073622445445, "dropout_rate": 0.7369088631591727, "epochs": 195.64223361354044, "hidden_channels": 122.0491489669372, "learning_rate": 0.018121550634017956, "optimizer": 1.818233458272306, "pooling_algorithm": 0.2226680982142294}, "datetime": {"datetime": "2023-11-30 09:57:25", "elapsed": 443.98711, "delta": 7.967673}}
{"target": 0.3571428571428571, "params": {"activation_function": 0.4286691433947282, "amount_of_layers": 2.441214896458011, "batch_size": 39.3621282399169, "dropout_rate": 0.3855613756873857, "epochs": 47.665895587634054, "hidden_channels": 95.34990932029464, "learning_rate": 0.05453041716877862, "optimizer": 0.5586799522984653, "pooling_algorithm": 0.359765946780215}, "datetime": {"datetime": "2023-11-30 09:57:27", "elapsed": 445.794046, "delta": 1.806936}}
{"target": 0.8285714285714285, "params": {"activation_function": 1.5102941841624042, "amount_of_layers": 1.7252600008093824, "batch_size": 128.7195672195137, "dropout_rate": 0.3909590502853084, "epochs": 38.584544211698045, "hidden_channels": 11.696078560421256, "learning_rate": 0.02626877353812332, "optimizer": 0.6059106394260227, "pooling_algorithm": 0.32212249473323984}, "datetime": {"datetime": "2023-11-30 09:57:28", "elapsed": 446.681097, "delta": 0.887051}}
{"target": 0.5, "params": {"activation_function": 0.17062686047883657, "amount_of_layers": 4.615852746705605, "batch_size": 64.15853505936664, "dropout_rate": 0.6680879309515947, "epochs": 143.09671791479437, "hidden_channels": 114.15973953540404, "learning_rate": 0.05752893341326435, "optimizer": 1.8248310569004476, "pooling_algorithm": 0.7458046096966886}, "datetime": {"datetime": "2023-11-30 09:57:33", "elapsed": 451.499157, "delta": 4.81806}}
{"target": 0.5, "params": {"activation_function": 1.0570371495565154, "amount_of_layers": 8.24425562081256, "batch_size": 88.61607996142004, "dropout_rate": 0.609186162492617, "epochs": 59.102218400923284, "hidden_channels": 114.11322809659565, "learning_rate": 0.08210601982014423, "optimizer": 1.1307220188983584, "pooling_algorithm": 0.5869711328613542}, "datetime": {"datetime": "2023-11-30 09:57:35", "elapsed": 453.575619, "delta": 2.076462}}
{"target": 0.825, "params": {"activation_function": 0.6350247834886734, "amount_of_layers": 1.8514121910673829, "batch_size": 138.97187502379032, "dropout_rate": 0.32348662632694103, "epochs": 81.70723806682507, "hidden_channels": 18.368424153483655, "learning_rate": 0.07047763991333507, "optimizer": 0.5556546911369714, "pooling_algorithm": 0.48644954408554203}, "datetime": {"datetime": "2023-11-30 09:57:37", "elapsed": 455.289592, "delta": 1.713973}}
{"target": 0.9035714285714286, "params": {"activation_function": 0.45848104833384307, "amount_of_layers": 7.104894047347797, "batch_size": 30.998346909163423, "dropout_rate": 0.25617240768921934, "epochs": 29.946671153679056, "hidden_channels": 94.71540249058454, "learning_rate": 0.07380739042878572, "optimizer": 0.3330534819111084, "pooling_algorithm": 0.7662308750752905}, "datetime": {"datetime": "2023-11-30 09:57:39", "elapsed": 457.325656, "delta": 2.036064}}
{"target": 0.2714285714285714, "params": {"activation_function": 0.6267363077789923, "amount_of_layers": 2.5144004498480745, "batch_size": 94.26481779818884, "dropout_rate": 0.7484305962964939, "epochs": 32.53088510296836, "hidden_channels": 6.249342718004728, "learning_rate": 0.04697772176876047, "optimizer": 1.223646549650339, "pooling_algorithm": 0.22972707375348456}, "datetime": {"datetime": "2023-11-30 09:57:40", "elapsed": 458.210131, "delta": 0.884475}}
{"target": 0.5, "params": {"activation_function": 1.357856401962398, "amount_of_layers": 2.531695943734146, "batch_size": 144.31340392879, "dropout_rate": 0.4299348807164962, "epochs": 124.91937311875812, "hidden_channels": 87.8796539513565, "learning_rate": 0.08991292643850891, "optimizer": 1.9705941781263636, "pooling_algorithm": 0.0650120698975708}, "datetime": {"datetime": "2023-11-30 09:57:42", "elapsed": 460.960934, "delta": 2.750803}}
{"target": 0.5, "params": {"activation_function": 0.04287885409592129, "amount_of_layers": 2.4743788578455668, "batch_size": 144.35079240441925, "dropout_rate": 0.3821986122795283, "epochs": 127.502562215278, "hidden_channels": 87.91178971288846, "learning_rate": 0.09065821209681242, "optimizer": 0.5603190467817616, "pooling_algorithm": 0.21280717634853785}, "datetime": {"datetime": "2023-11-30 09:57:45", "elapsed": 463.373955, "delta": 2.413021}}
{"target": 0.5, "params": {"activation_function": 1.8606126852629892, "amount_of_layers": 4.2756171473513325, "batch_size": 143.62868048605458, "dropout_rate": 0.7446642710752029, "epochs": 128.40774175359712, "hidden_channels": 90.17959547130715, "learning_rate": 0.0925723746219794, "optimizer": 1.4165965016413675, "pooling_algorithm": 0.5990834652963195}, "datetime": {"datetime": "2023-11-30 09:57:48", "elapsed": 466.387343, "delta": 3.013388}}
