{"target": 0.7357142857142858, "params": {"activation_function": 1.6467067257196184, "amount_of_layers": 8.140978590651704, "batch_size": 135.05403188282486, "dropout_rate": 0.4791734574938756, "epochs": 38.77853035156244, "hidden_channels": 78.54469439858875, "learning_rate": 0.023251311046063542, "optimizer": 1.34413382744407, "pooling_algorithm": 0.23247345595801905}, "datetime": {"datetime": "2023-11-30 11:08:12", "elapsed": 0.0, "delta": 0.0}}
{"target": 0.5, "params": {"activation_function": 1.519324919398258, "amount_of_layers": 1.612576258163096, "batch_size": 77.94695939080441, "dropout_rate": 0.42094579217067385, "epochs": 56.62440822977841, "hidden_channels": 123.9476081844008, "learning_rate": 0.03875482844589188, "optimizer": 0.6657005635682163, "pooling_algorithm": 0.8801408486938108}, "datetime": {"datetime": "2023-11-30 11:08:13", "elapsed": 1.35275, "delta": 1.35275}}
{"target": 0.8696428571428572, "params": {"activation_function": 1.7546929008571557, "amount_of_layers": 5.4147151062110215, "batch_size": 90.06801524649474, "dropout_rate": 0.46126979257618156, "epochs": 152.48296026831414, "hidden_channels": 40.37032793649828, "learning_rate": 0.029832676734691848, "optimizer": 0.6133712674692795, "pooling_algorithm": 0.8817179959957216}, "datetime": {"datetime": "2023-11-30 11:08:16", "elapsed": 4.194809, "delta": 2.842059}}
{"target": 0.5428571428571428, "params": {"activation_function": 0.09237671599366504, "amount_of_layers": 2.8600099842429394, "batch_size": 71.85709215861155, "dropout_rate": 0.2832699858634535, "epochs": 157.68326085898457, "hidden_channels": 68.92702376792971, "learning_rate": 0.07337938774414134, "optimizer": 1.1255803498225165, "pooling_algorithm": 0.9106502623901448}, "datetime": {"datetime": "2023-11-30 11:08:19", "elapsed": 7.387382, "delta": 3.192573}}
{"target": 0.0982142857142857, "params": {"activation_function": 1.7813248432506528, "amount_of_layers": 6.424861529718102, "batch_size": 108.65298613314225, "dropout_rate": 0.543529458677633, "epochs": 83.4035316586246, "hidden_channels": 123.53486680827211, "learning_rate": 0.008303751047066005, "optimizer": 0.6348958262935802, "pooling_algorithm": 0.7201600210022009}, "datetime": {"datetime": "2023-11-30 11:08:22", "elapsed": 10.329899, "delta": 2.942517}}
{"target": 0.7339285714285715, "params": {"activation_function": 1.9771170017110942, "amount_of_layers": 1.949601494075841, "batch_size": 29.855786922729976, "dropout_rate": 0.48291651455277906, "epochs": 195.90416034512623, "hidden_channels": 76.97577350290925, "learning_rate": 0.09403681916002299, "optimizer": 0.7809212764031848, "pooling_algorithm": 0.16308434165887065}, "datetime": {"datetime": "2023-11-30 11:08:27", "elapsed": 14.738781, "delta": 4.408882}}
{"target": 0.9178571428571429, "params": {"activation_function": 1.358502810668991, "amount_of_layers": 6.537290936144701, "batch_size": 105.71713814239708, "dropout_rate": 0.3833411331142236, "epochs": 194.49488382166373, "hidden_channels": 22.65317832867929, "learning_rate": 0.007491300068955434, "optimizer": 0.6380709615333902, "pooling_algorithm": 0.9248955973282282}, "datetime": {"datetime": "2023-11-30 11:08:31", "elapsed": 18.895295, "delta": 4.156514}}
{"target": 0.675, "params": {"activation_function": 1.542675420092524, "amount_of_layers": 7.723208925003323, "batch_size": 19.518834414561965, "dropout_rate": 0.3261274486571632, "epochs": 138.8489336174173, "hidden_channels": 12.669689256611925, "learning_rate": 0.022895161759664124, "optimizer": 1.64822173413059, "pooling_algorithm": 0.5232339215741065}, "datetime": {"datetime": "2023-11-30 11:08:37", "elapsed": 25.35591, "delta": 6.460615}}
{"target": 0.9071428571428571, "params": {"activation_function": 0.14640716658299224, "amount_of_layers": 7.138582678731645, "batch_size": 116.81602153214797, "dropout_rate": 0.5073650936867868, "epochs": 138.4244689924502, "hidden_channels": 90.73741318525003, "learning_rate": 0.005265873822761718, "optimizer": 0.06644453969213138, "pooling_algorithm": 0.82364765652438}, "datetime": {"datetime": "2023-11-30 11:08:41", "elapsed": 29.260428, "delta": 3.904518}}
{"target": 0.175, "params": {"activation_function": 0.4626004996666895, "amount_of_layers": 7.226957264833917, "batch_size": 63.83695697700858, "dropout_rate": 0.5368983911773937, "epochs": 63.67134597944963, "hidden_channels": 27.47024416300019, "learning_rate": 0.0830228334519923, "optimizer": 0.6538573193908606, "pooling_algorithm": 0.016843323050452996}, "datetime": {"datetime": "2023-11-30 11:08:43", "elapsed": 30.924695, "delta": 1.664267}}
{"target": 0.19285714285714284, "params": {"activation_function": 0.06704974307842404, "amount_of_layers": 3.589540561450013, "batch_size": 145.400134229342, "dropout_rate": 0.6195953681295554, "epochs": 180.0875178652415, "hidden_channels": 25.98074935020754, "learning_rate": 0.0029438834000093932, "optimizer": 0.3448437043374679, "pooling_algorithm": 0.05014366301313178}, "datetime": {"datetime": "2023-11-30 11:08:45", "elapsed": 33.422591, "delta": 2.497896}}
{"target": 0.8928571428571428, "params": {"activation_function": 1.8081316876565714, "amount_of_layers": 7.356919073161979, "batch_size": 68.03829242305822, "dropout_rate": 0.5049982781873064, "epochs": 16.15830319514393, "hidden_channels": 86.18862380625026, "learning_rate": 0.05888767831541055, "optimizer": 0.3069038364411607, "pooling_algorithm": 0.9529262199967308}, "datetime": {"datetime": "2023-11-30 11:08:46", "elapsed": 33.955691, "delta": 0.5331}}
{"target": 0.20357142857142857, "params": {"activation_function": 1.0725648078029155, "amount_of_layers": 1.0449179504954857, "batch_size": 133.22719612338466, "dropout_rate": 0.30830830781481694, "epochs": 99.67233134527277, "hidden_channels": 112.29677728441926, "learning_rate": 0.09562422240450642, "optimizer": 1.4252715275647228, "pooling_algorithm": 0.20860685018732372}, "datetime": {"datetime": "2023-11-30 11:08:47", "elapsed": 35.483032, "delta": 1.527341}}
{"target": 0.7392857142857143, "params": {"activation_function": 0.7269049182159868, "amount_of_layers": 5.398241701765985, "batch_size": 114.6756032395605, "dropout_rate": 0.7255040803042707, "epochs": 145.2868417225875, "hidden_channels": 123.63443297544447, "learning_rate": 0.007148067336612923, "optimizer": 1.8280617662847771, "pooling_algorithm": 0.3636914766278526}, "datetime": {"datetime": "2023-11-30 11:08:52", "elapsed": 39.990357, "delta": 4.507325}}
{"target": 0.5, "params": {"activation_function": 0.613080301875859, "amount_of_layers": 8.784014881462962, "batch_size": 49.014335591452635, "dropout_rate": 0.2909569964043436, "epochs": 33.16500479305687, "hidden_channels": 122.55032348233841, "learning_rate": 0.03299305653674044, "optimizer": 1.5676259696658164, "pooling_algorithm": 0.7779800536391119}, "datetime": {"datetime": "2023-11-30 11:08:54", "elapsed": 41.960324, "delta": 1.969967}}
{"target": 0.09642857142857142, "params": {"activation_function": 0.5915311150143434, "amount_of_layers": 3.660321867576503, "batch_size": 121.17719859554794, "dropout_rate": 0.36405657985479645, "epochs": 75.26568567156389, "hidden_channels": 37.666957199007484, "learning_rate": 0.013651354018716526, "optimizer": 0.9110964538754092, "pooling_algorithm": 0.5592655782415407}, "datetime": {"datetime": "2023-11-30 11:08:55", "elapsed": 43.182052, "delta": 1.221728}}
{"target": 0.8999999999999999, "params": {"activation_function": 1.3720689116951146, "amount_of_layers": 4.360487797690631, "batch_size": 142.90377625283324, "dropout_rate": 0.7499587831133598, "epochs": 188.78241796655288, "hidden_channels": 23.982168588189516, "learning_rate": 0.047360645479218325, "optimizer": 0.23680917467975582, "pooling_algorithm": 0.5374402849865707}, "datetime": {"datetime": "2023-11-30 11:08:58", "elapsed": 45.927415, "delta": 2.745363}}
{"target": 0.4571428571428572, "params": {"activation_function": 0.44497527983210805, "amount_of_layers": 5.729258152814627, "batch_size": 64.15807584891219, "dropout_rate": 0.7248799409695535, "epochs": 57.93009870550302, "hidden_channels": 65.24096791688103, "learning_rate": 0.06227966771842323, "optimizer": 1.529006621467796, "pooling_algorithm": 0.38607015421627244}, "datetime": {"datetime": "2023-11-30 11:09:00", "elapsed": 47.591387, "delta": 1.663972}}
{"target": 0.9214285714285714, "params": {"activation_function": 1.5559818507952055, "amount_of_layers": 4.281472201209667, "batch_size": 93.53675344150203, "dropout_rate": 0.3069069431372023, "epochs": 34.52686243990247, "hidden_channels": 126.62006627091898, "learning_rate": 0.038153866815125614, "optimizer": 0.30444943830019255, "pooling_algorithm": 0.9604115027815143}, "datetime": {"datetime": "2023-11-30 11:09:00", "elapsed": 48.449656, "delta": 0.858269}}
{"target": 0.725, "params": {"activation_function": 1.520209636773964, "amount_of_layers": 8.368845311919632, "batch_size": 139.86051199275903, "dropout_rate": 0.3297040012910735, "epochs": 32.60838715535397, "hidden_channels": 80.53573818115615, "learning_rate": 0.07485669171669486, "optimizer": 1.089595723941018, "pooling_algorithm": 0.17284808179232747}, "datetime": {"datetime": "2023-11-30 11:09:01", "elapsed": 49.545815, "delta": 1.096159}}
{"target": 0.9071428571428571, "params": {"activation_function": 1.2838953110139708, "amount_of_layers": 7.154546525356468, "batch_size": 90.58458548969836, "dropout_rate": 0.43549721574735817, "epochs": 154.3030802794312, "hidden_channels": 41.028190561641246, "learning_rate": 0.0722184307781621, "optimizer": 0.4344671359886867, "pooling_algorithm": 0.5279907000849092}, "datetime": {"datetime": "2023-11-30 11:09:05", "elapsed": 53.065569, "delta": 3.519754}}
{"target": 0.23928571428571427, "params": {"activation_function": 1.1646976206213673, "amount_of_layers": 6.356932725299424, "batch_size": 97.14561435930698, "dropout_rate": 0.6963228175116565, "epochs": 36.18892254385048, "hidden_channels": 122.01868582483752, "learning_rate": 0.06474397457791141, "optimizer": 0.38152854282079574, "pooling_algorithm": 0.02706169571075434}, "datetime": {"datetime": "2023-11-30 11:09:06", "elapsed": 54.283316, "delta": 1.217747}}
{"target": 0.7392857142857143, "params": {"activation_function": 1.0044557169957036, "amount_of_layers": 8.604362915306666, "batch_size": 117.97651003628725, "dropout_rate": 0.3593820242377644, "epochs": 136.20318851154806, "hidden_channels": 92.77968124371922, "learning_rate": 0.09403276027388609, "optimizer": 0.6134494424288175, "pooling_algorithm": 0.019205114327192296}, "datetime": {"datetime": "2023-11-30 11:09:12", "elapsed": 60.20732, "delta": 5.924004}}
{"target": 0.8964285714285715, "params": {"activation_function": 1.4425258422825402, "amount_of_layers": 7.047477753952256, "batch_size": 109.81316328779594, "dropout_rate": 0.45993084824445224, "epochs": 193.49540890325162, "hidden_channels": 22.15144271458549, "learning_rate": 0.012954177982114925, "optimizer": 0.9628729141752006, "pooling_algorithm": 0.7477128572617026}, "datetime": {"datetime": "2023-11-30 11:09:16", "elapsed": 64.478125, "delta": 4.270805}}
{"target": 0.8892857142857142, "params": {"activation_function": 1.4806116304734485, "amount_of_layers": 4.034570439504143, "batch_size": 143.08721570611664, "dropout_rate": 0.4942060823088065, "epochs": 194.74190618185264, "hidden_channels": 25.891142506671933, "learning_rate": 0.021358083587580776, "optimizer": 1.3241175662755065, "pooling_algorithm": 0.9941541304748983}, "datetime": {"datetime": "2023-11-30 11:09:19", "elapsed": 67.425566, "delta": 2.947441}}
{"target": 0.5, "params": {"activation_function": 1.7254188704828664, "amount_of_layers": 7.710286372525509, "batch_size": 107.67319844425977, "dropout_rate": 0.75, "epochs": 193.3190651136096, "hidden_channels": 28.409078648574816, "learning_rate": 0.1, "optimizer": 1.6078588008216737, "pooling_algorithm": 0.618282984664856}, "datetime": {"datetime": "2023-11-30 11:09:24", "elapsed": 71.685777, "delta": 4.260211}}
{"target": 0.55, "params": {"activation_function": 0.7550971946798868, "amount_of_layers": 4.267291320785737, "batch_size": 108.57051659073107, "dropout_rate": 0.37795645342704765, "epochs": 197.99858311639397, "hidden_channels": 21.065991537479476, "learning_rate": 0.018404902214514556, "optimizer": 1.8193375968827898, "pooling_algorithm": 0.5313466702785908}, "datetime": {"datetime": "2023-11-30 11:09:27", "elapsed": 74.647678, "delta": 2.961901}}
{"target": 0.5, "params": {"activation_function": 1.0208514335330516, "amount_of_layers": 6.5576297329716535, "batch_size": 107.53404308220159, "dropout_rate": 0.46532303492089505, "epochs": 190.3999794406365, "hidden_channels": 22.451651931646406, "learning_rate": 0.06672254789637054, "optimizer": 0.5290994738935968, "pooling_algorithm": 0.6492067121977284}, "datetime": {"datetime": "2023-11-30 11:09:31", "elapsed": 78.660446, "delta": 4.012768}}
{"target": 0.7392857142857143, "params": {"activation_function": 1.3210797421373297, "amount_of_layers": 7.5606313843539565, "batch_size": 65.88647646433583, "dropout_rate": 0.608502126278671, "epochs": 14.973544187311273, "hidden_channels": 85.37226125709171, "learning_rate": 0.01553365198459837, "optimizer": 1.7559276202146779, "pooling_algorithm": 0.22226673205518455}, "datetime": {"datetime": "2023-11-30 11:09:31", "elapsed": 79.318412, "delta": 0.657966}}
{"target": 0.5, "params": {"activation_function": 0.48404715346922345, "amount_of_layers": 6.685817844234043, "batch_size": 143.80827566545315, "dropout_rate": 0.5499191087059245, "epochs": 195.59122747315422, "hidden_channels": 23.556971035118362, "learning_rate": 0.08049155515319675, "optimizer": 0.6594511589982457, "pooling_algorithm": 0.17346482852567835}, "datetime": {"datetime": "2023-11-30 11:09:35", "elapsed": 82.992305, "delta": 3.673893}}
{"target": 0.40714285714285714, "params": {"activation_function": 0.8234826025638211, "amount_of_layers": 2.436775287322636, "batch_size": 92.94910528470626, "dropout_rate": 0.6722660361036104, "epochs": 33.298545783470345, "hidden_channels": 127.34930952153326, "learning_rate": 0.020428000363432258, "optimizer": 0.6182123003453033, "pooling_algorithm": 0.9816554629244466}, "datetime": {"datetime": "2023-11-30 11:09:36", "elapsed": 83.691026, "delta": 0.698721}}
{"target": 0.8785714285714286, "params": {"activation_function": 1.5142554236780672, "amount_of_layers": 6.972883422471258, "batch_size": 107.81295931914356, "dropout_rate": 0.41122818561472907, "epochs": 194.54968943569884, "hidden_channels": 22.379437803506978, "learning_rate": 0.001, "optimizer": 0.7958217231535073, "pooling_algorithm": 0.8941707532017708}, "datetime": {"datetime": "2023-11-30 11:09:39", "elapsed": 87.492706, "delta": 3.80168}}
{"target": 0.4142857142857143, "params": {"activation_function": 1.584705626087224, "amount_of_layers": 6.463311840444599, "batch_size": 94.37882191255613, "dropout_rate": 0.2766372756952726, "epochs": 37.53869556190659, "hidden_channels": 126.65534760795202, "learning_rate": 0.02913514480417847, "optimizer": 1.5752566436937938, "pooling_algorithm": 0.9870499596903154}, "datetime": {"datetime": "2023-11-30 11:09:41", "elapsed": 88.827586, "delta": 1.33488}}
{"target": 0.8946428571428572, "params": {"activation_function": 0.5489232660855552, "amount_of_layers": 7.905273976857445, "batch_size": 117.56356953522423, "dropout_rate": 0.6291567839179304, "epochs": 138.05143841194968, "hidden_channels": 93.25140026166174, "learning_rate": 0.0015899585181807217, "optimizer": 0.04715438308054121, "pooling_algorithm": 0.621269695587827}, "datetime": {"datetime": "2023-11-30 11:09:46", "elapsed": 94.140628, "delta": 5.313042}}
{"target": 0.29285714285714287, "params": {"activation_function": 1.5679084476611271, "amount_of_layers": 4.504066588714888, "batch_size": 108.34628304851925, "dropout_rate": 0.7147251276086303, "epochs": 195.13345528458666, "hidden_channels": 22.74700759980793, "learning_rate": 0.08603879438920994, "optimizer": 0.3524553082726991, "pooling_algorithm": 0.4386437067319068}, "datetime": {"datetime": "2023-11-30 11:09:49", "elapsed": 97.531681, "delta": 3.391053}}
{"target": 0.7339285714285714, "params": {"activation_function": 0.7159705373227279, "amount_of_layers": 8.040219653659472, "batch_size": 71.26266541041261, "dropout_rate": 0.3510093272992205, "epochs": 14.773538100183567, "hidden_channels": 86.93566618469585, "learning_rate": 0.019446319997903316, "optimizer": 0.6448519906300896, "pooling_algorithm": 0.45431849583735406}, "datetime": {"datetime": "2023-11-30 11:09:50", "elapsed": 98.356009, "delta": 0.824328}}
{"target": 0.2625, "params": {"activation_function": 1.7103952079512648, "amount_of_layers": 5.001857178889342, "batch_size": 141.7020669444908, "dropout_rate": 0.5203138084603129, "epochs": 189.69848395763614, "hidden_channels": 26.181581019461113, "learning_rate": 0.01497367922373782, "optimizer": 1.5023617268455192, "pooling_algorithm": 0.38902825844945477}, "datetime": {"datetime": "2023-11-30 11:09:54", "elapsed": 101.692926, "delta": 3.336917}}
{"target": 0.8142857142857143, "params": {"activation_function": 0.4637900398278083, "amount_of_layers": 4.527685264357645, "batch_size": 143.27602859295814, "dropout_rate": 0.5607423697293938, "epochs": 193.84739698435837, "hidden_channels": 25.75715719537169, "learning_rate": 0.04271688346251347, "optimizer": 0.7707204172466646, "pooling_algorithm": 0.18707278524737336}, "datetime": {"datetime": "2023-11-30 11:09:57", "elapsed": 104.81748, "delta": 3.124554}}
{"target": 0.5, "params": {"activation_function": 1.396347700987066, "amount_of_layers": 5.692571029708467, "batch_size": 90.44157785269225, "dropout_rate": 0.4778781487273621, "epochs": 150.1620762011855, "hidden_channels": 41.79997796985175, "learning_rate": 0.09146400693364426, "optimizer": 1.2969767598337074, "pooling_algorithm": 0.713418331206063}, "datetime": {"datetime": "2023-11-30 11:10:00", "elapsed": 108.116679, "delta": 3.299199}}
{"target": 0.5, "params": {"activation_function": 0.563274056697683, "amount_of_layers": 5.036191058010768, "batch_size": 66.97944613955869, "dropout_rate": 0.4183151569316694, "epochs": 17.024833218433304, "hidden_channels": 86.47840574167297, "learning_rate": 0.0177522484185748, "optimizer": 1.6464215769608435, "pooling_algorithm": 0.5851115679817053}, "datetime": {"datetime": "2023-11-30 11:10:01", "elapsed": 108.725939, "delta": 0.60926}}
{"target": 0.35, "params": {"activation_function": 1.1575699991914012, "amount_of_layers": 7.8162051860482, "batch_size": 69.0948136916043, "dropout_rate": 0.5669988731824411, "epochs": 16.005464174565432, "hidden_channels": 86.99486030590084, "learning_rate": 0.015255837849954778, "optimizer": 0.5036838317945289, "pooling_algorithm": 0.8571062259511157}, "datetime": {"datetime": "2023-11-30 11:10:01", "elapsed": 109.519877, "delta": 0.793938}}
{"target": 0.6678571428571428, "params": {"activation_function": 1.9797817407273164, "amount_of_layers": 6.542394718979305, "batch_size": 66.23010979051872, "dropout_rate": 0.744414585178954, "epochs": 15.390109951661348, "hidden_channels": 85.9145029907508, "learning_rate": 0.050215217762619876, "optimizer": 1.7131682017126486, "pooling_algorithm": 0.8771270139357107}, "datetime": {"datetime": "2023-11-30 11:10:02", "elapsed": 110.137991, "delta": 0.618114}}
{"target": 0.7267857142857143, "params": {"activation_function": 1.8267022594561584, "amount_of_layers": 7.1593465102576115, "batch_size": 136.84958700800348, "dropout_rate": 0.5577806627327133, "epochs": 40.19423192691009, "hidden_channels": 77.89095403063287, "learning_rate": 0.06153895556554998, "optimizer": 0.650059387813603, "pooling_algorithm": 0.27592309212778077}, "datetime": {"datetime": "2023-11-30 11:10:03", "elapsed": 111.426323, "delta": 1.288332}}
{"target": 0.5, "params": {"activation_function": 0.3102773033854631, "amount_of_layers": 3.1312647673253835, "batch_size": 143.24150686925907, "dropout_rate": 0.5930963357945387, "epochs": 190.75312052836327, "hidden_channels": 22.924557427570164, "learning_rate": 0.07954344828464266, "optimizer": 1.3825075800565405, "pooling_algorithm": 0.9173843199972462}, "datetime": {"datetime": "2023-11-30 11:10:06", "elapsed": 114.042113, "delta": 2.61579}}
{"target": 0.9035714285714286, "params": {"activation_function": 1.7342818566924587, "amount_of_layers": 4.817213012031972, "batch_size": 89.78484438796202, "dropout_rate": 0.6118005219944102, "epochs": 154.03394760801652, "hidden_channels": 40.17618147975532, "learning_rate": 0.018816791008987897, "optimizer": 0.5483586213998328, "pooling_algorithm": 0.6731293805324753}, "datetime": {"datetime": "2023-11-30 11:10:09", "elapsed": 116.781652, "delta": 2.739539}}
{"target": 0.2107142857142857, "params": {"activation_function": 1.8064462652451065, "amount_of_layers": 1.9105869186285043, "batch_size": 143.71496625255713, "dropout_rate": 0.26087563109954226, "epochs": 195.66275158388046, "hidden_channels": 24.92256577511114, "learning_rate": 0.00873425914968107, "optimizer": 0.25772729993667487, "pooling_algorithm": 0.39296738400475195}, "datetime": {"datetime": "2023-11-30 11:10:11", "elapsed": 118.954201, "delta": 2.172549}}
{"target": 0.8714285714285714, "params": {"activation_function": 1.7459380062674275, "amount_of_layers": 6.715934261735056, "batch_size": 90.44081828517741, "dropout_rate": 0.6444035612046948, "epochs": 150.24235562076592, "hidden_channels": 38.91404553518087, "learning_rate": 0.09693905783412719, "optimizer": 0.008339378797860952, "pooling_algorithm": 0.9686457164639352}, "datetime": {"datetime": "2023-11-30 11:10:15", "elapsed": 122.568521, "delta": 3.61432}}
