{"target": 0.2517857142857143, "params": {"activation_function": 0.6420001650185096, "amount_of_layers": 7.046041447861019, "batch_size": 133.6546971977852, "dropout_rate": 0.5966222327669393, "epochs": 159.09598183266417, "hidden_channels": 116.79918488063575, "learning_rate": 0.07315719503907292, "optimizer": 0.591882978420234, "pooling_algorithm": 0.2750704087517225}, "datetime": {"datetime": "2023-11-30 10:40:47", "elapsed": 0.0, "delta": 0.0}}
{"target": 0.9071428571428571, "params": {"activation_function": 1.424448675219294, "amount_of_layers": 5.33131720015276, "batch_size": 149.87288487465167, "dropout_rate": 0.7362538717142955, "epochs": 172.4226315686269, "hidden_channels": 43.714450492803095, "learning_rate": 0.06813412342676432, "optimizer": 0.115071103118078, "pooling_algorithm": 0.5218732212474294}, "datetime": {"datetime": "2023-11-30 10:40:49", "elapsed": 2.466045, "delta": 2.466045}}
{"target": 0.9035714285714285, "params": {"activation_function": 0.37841912344576367, "amount_of_layers": 8.437158263891956, "batch_size": 149.37895980297733, "dropout_rate": 0.3019716593608714, "epochs": 81.35812820843044, "hidden_channels": 111.75906214331741, "learning_rate": 0.08896079934088968, "optimizer": 0.2624876216087648, "pooling_algorithm": 0.5857513019228185}, "datetime": {"datetime": "2023-11-30 10:40:52", "elapsed": 4.96855, "delta": 2.502505}}
{"target": 0.8982142857142856, "params": {"activation_function": 1.0871182537136432, "amount_of_layers": 8.351064001397457, "batch_size": 84.96721837537248, "dropout_rate": 0.3681820867535461, "epochs": 119.00453882671918, "hidden_channels": 88.99161066353419, "learning_rate": 0.04571351208030717, "optimizer": 0.4805498977445033, "pooling_algorithm": 0.6009883878058246}, "datetime": {"datetime": "2023-11-30 10:40:55", "elapsed": 8.068816, "delta": 3.100266}}
{"target": 0.5, "params": {"activation_function": 0.9907287298848642, "amount_of_layers": 4.489166746124373, "batch_size": 65.78132778880314, "dropout_rate": 0.43076099166031373, "epochs": 89.68754389031085, "hidden_channels": 74.42956235105834, "learning_rate": 0.08813540297615834, "optimizer": 1.3726138192800381, "pooling_algorithm": 0.3149465800176615}, "datetime": {"datetime": "2023-11-30 10:40:57", "elapsed": 10.321028, "delta": 2.252212}}
{"target": 0.9142857142857144, "params": {"activation_function": 0.27293837752963457, "amount_of_layers": 2.7469568876228054, "batch_size": 122.62555959711646, "dropout_rate": 0.5680982774450688, "epochs": 16.430547551748504, "hidden_channels": 9.376062641463466, "learning_rate": 0.018626662461809197, "optimizer": 1.0891739310633552, "pooling_algorithm": 0.6920456437440873}, "datetime": {"datetime": "2023-11-30 10:40:58", "elapsed": 10.626002, "delta": 0.304974}}
{"target": 0.7678571428571429, "params": {"activation_function": 1.0071931372355145, "amount_of_layers": 3.5286097887189642, "batch_size": 57.05023053355389, "dropout_rate": 0.4413805401356839, "epochs": 75.69285979672509, "hidden_channels": 24.750830451962806, "learning_rate": 0.04024374343070812, "optimizer": 1.2534840815910442, "pooling_algorithm": 0.32922519366800274}, "datetime": {"datetime": "2023-11-30 10:40:59", "elapsed": 12.518141, "delta": 1.892139}}
{"target": 0.45, "params": {"activation_function": 1.9087723290003433, "amount_of_layers": 5.356882853056967, "batch_size": 124.74384720026012, "dropout_rate": 0.5415515336748529, "epochs": 94.30620187890658, "hidden_channels": 86.9670976929379, "learning_rate": 0.039424104644415, "optimizer": 1.9647194615348935, "pooling_algorithm": 0.609348589318222}, "datetime": {"datetime": "2023-11-30 10:41:02", "elapsed": 14.56451, "delta": 2.046369}}
{"target": 0.5, "params": {"activation_function": 0.6690522077284624, "amount_of_layers": 3.5840486180718223, "batch_size": 79.38042615055873, "dropout_rate": 0.7330007241007093, "epochs": 107.80954569055632, "hidden_channels": 105.82967748527204, "learning_rate": 0.051056173525387945, "optimizer": 0.7184585863815447, "pooling_algorithm": 0.8685794026689854}, "datetime": {"datetime": "2023-11-30 10:41:04", "elapsed": 16.705382, "delta": 2.140872}}
{"target": 0.7857142857142857, "params": {"activation_function": 0.4211887935955534, "amount_of_layers": 6.576256856159409, "batch_size": 92.64710731896695, "dropout_rate": 0.7143462158137213, "epochs": 182.65506008990474, "hidden_channels": 124.05143758736989, "learning_rate": 0.01688191970312622, "optimizer": 1.2908349769432241, "pooling_algorithm": 0.7917359039259967}, "datetime": {"datetime": "2023-11-30 10:41:09", "elapsed": 21.740173, "delta": 5.034791}}
{"target": 0.7321428571428572, "params": {"activation_function": 1.7149006615717914, "amount_of_layers": 8.392821164163188, "batch_size": 82.17864071342282, "dropout_rate": 0.2553335816710603, "epochs": 75.41598686076547, "hidden_channels": 85.65635778108852, "learning_rate": 0.09172893037872078, "optimizer": 0.679633015156029, "pooling_algorithm": 0.010171735710398533}, "datetime": {"datetime": "2023-11-30 10:41:11", "elapsed": 23.727398, "delta": 1.987225}}
{"target": 0.5, "params": {"activation_function": 0.40405519122467526, "amount_of_layers": 3.084324514410632, "batch_size": 43.1750876292491, "dropout_rate": 0.481628450171356, "epochs": 112.87745533728734, "hidden_channels": 115.81858606571679, "learning_rate": 0.09905240777362316, "optimizer": 1.4575435084169923, "pooling_algorithm": 0.09369514526290346}, "datetime": {"datetime": "2023-11-30 10:41:14", "elapsed": 26.927633, "delta": 3.200235}}
{"target": 0.9035714285714285, "params": {"activation_function": 1.6535829363254655, "amount_of_layers": 5.805219266998889, "batch_size": 29.930283365663016, "dropout_rate": 0.5854940259160581, "epochs": 162.07070361953967, "hidden_channels": 51.08907754493952, "learning_rate": 0.06368336504609429, "optimizer": 0.15671924945318905, "pooling_algorithm": 0.9897643343611481}, "datetime": {"datetime": "2023-11-30 10:41:21", "elapsed": 33.734412, "delta": 6.806779}}
{"target": 0.5, "params": {"activation_function": 1.3657730589481079, "amount_of_layers": 4.07933522632471, "batch_size": 58.17285034168286, "dropout_rate": 0.6835065193670002, "epochs": 102.04179565255669, "hidden_channels": 104.75876412127101, "learning_rate": 0.025994693303683408, "optimizer": 1.5876797273916685, "pooling_algorithm": 0.6318561491265609}, "datetime": {"datetime": "2023-11-30 10:41:23", "elapsed": 36.30531, "delta": 2.570898}}
{"target": 0.5, "params": {"activation_function": 0.1408772424181557, "amount_of_layers": 2.027506467565968, "batch_size": 88.92964457242353, "dropout_rate": 0.7275430249784667, "epochs": 31.89086677754215, "hidden_channels": 101.82381150256548, "learning_rate": 0.09806943893454792, "optimizer": 1.991420886034001, "pooling_algorithm": 0.7760745002589198}, "datetime": {"datetime": "2023-11-30 10:41:24", "elapsed": 36.845648, "delta": 0.540338}}
{"target": 0.30357142857142855, "params": {"activation_function": 1.6876082079189623, "amount_of_layers": 3.27420967023531, "batch_size": 122.99057502683597, "dropout_rate": 0.3212735851906617, "epochs": 178.7415415120454, "hidden_channels": 36.68171121180151, "learning_rate": 0.06651824342155543, "optimizer": 0.984135476338226, "pooling_algorithm": 0.9879918393651133}, "datetime": {"datetime": "2023-11-30 10:41:27", "elapsed": 39.918227, "delta": 3.072579}}
{"target": 0.9071428571428571, "params": {"activation_function": 0.4598983038030249, "amount_of_layers": 1.791839000598733, "batch_size": 48.97834948283552, "dropout_rate": 0.7261495529539796, "epochs": 191.0861052112413, "hidden_channels": 27.077966889002752, "learning_rate": 0.004163898778955665, "optimizer": 1.5691496753345024, "pooling_algorithm": 0.853897738762578}, "datetime": {"datetime": "2023-11-30 10:41:31", "elapsed": 44.453336, "delta": 4.535109}}
{"target": 0.09285714285714285, "params": {"activation_function": 1.1081529911426022, "amount_of_layers": 2.9479734833026674, "batch_size": 29.430432599836983, "dropout_rate": 0.5790874636677577, "epochs": 76.65978752120081, "hidden_channels": 123.04987080975367, "learning_rate": 0.0961174325598866, "optimizer": 0.11345225332424946, "pooling_algorithm": 0.5490841515245806}, "datetime": {"datetime": "2023-11-30 10:41:34", "elapsed": 47.292296, "delta": 2.83896}}
{"target": 0.7464285714285714, "params": {"activation_function": 1.9689549782672653, "amount_of_layers": 3.261760471558694, "batch_size": 50.585409087758656, "dropout_rate": 0.37181454333340724, "epochs": 185.5818053540651, "hidden_channels": 79.56381142791822, "learning_rate": 0.01905218774819077, "optimizer": 0.8546570073178412, "pooling_algorithm": 0.18770937229306184}, "datetime": {"datetime": "2023-11-30 10:41:38", "elapsed": 51.500798, "delta": 4.208502}}
{"target": 0.2678571428571429, "params": {"activation_function": 1.2431330652980002, "amount_of_layers": 5.96031275406078, "batch_size": 89.97622188241614, "dropout_rate": 0.7188898709258918, "epochs": 142.00756330357888, "hidden_channels": 121.90540964259911, "learning_rate": 0.00768085002671533, "optimizer": 1.8931506770230342, "pooling_algorithm": 0.35348246286796514}, "datetime": {"datetime": "2023-11-30 10:41:42", "elapsed": 55.046304, "delta": 3.545506}}
{"target": 0.9071428571428571, "params": {"activation_function": 1.8799105105855756, "amount_of_layers": 8.659884029345118, "batch_size": 83.82556165834205, "dropout_rate": 0.5091280307631991, "epochs": 118.44936220971191, "hidden_channels": 88.14452530571774, "learning_rate": 0.023484458507727707, "optimizer": 0.18832027993934375, "pooling_algorithm": 0.6252984096597084}, "datetime": {"datetime": "2023-11-30 10:41:45", "elapsed": 58.395114, "delta": 3.34881}}
{"target": 0.5, "params": {"activation_function": 1.1329430587194143, "amount_of_layers": 3.4809492453033584, "batch_size": 41.79810665842469, "dropout_rate": 0.6243788380399641, "epochs": 179.2348543856443, "hidden_channels": 44.203964766985614, "learning_rate": 0.027032723205192826, "optimizer": 0.957879734358287, "pooling_algorithm": 0.771799098320807}, "datetime": {"datetime": "2023-11-30 10:41:51", "elapsed": 63.893376, "delta": 5.498262}}
{"target": 0.9178571428571429, "params": {"activation_function": 0.08885817419218908, "amount_of_layers": 1.0, "batch_size": 53.11676931715583, "dropout_rate": 0.75, "epochs": 197.65572457572586, "hidden_channels": 17.13923026444499, "learning_rate": 0.001, "optimizer": 1.8345663314641283, "pooling_algorithm": 0.8055073196875274}, "datetime": {"datetime": "2023-11-30 10:41:55", "elapsed": 67.861001, "delta": 3.967625}}
{"target": 0.7410714285714286, "params": {"activation_function": 0.59452480013788, "amount_of_layers": 8.174315644979902, "batch_size": 52.50210097648457, "dropout_rate": 0.33148628478591646, "epochs": 183.08146625625648, "hidden_channels": 12.469262567730109, "learning_rate": 0.05913374653443056, "optimizer": 1.3700313519258005, "pooling_algorithm": 0.2056932271335582}, "datetime": {"datetime": "2023-11-30 10:42:02", "elapsed": 74.67599, "delta": 6.814989}}
{"target": 0.9, "params": {"activation_function": 1.4243822578267582, "amount_of_layers": 1.901924204574809, "batch_size": 63.92948815843519, "dropout_rate": 0.75, "epochs": 200.0, "hidden_channels": 29.66440813099568, "learning_rate": 0.001, "optimizer": 2.0, "pooling_algorithm": 1.0}, "datetime": {"datetime": "2023-11-30 10:42:06", "elapsed": 78.942234, "delta": 4.266244}}
{"target": 0.8500000000000001, "params": {"activation_function": 2.0, "amount_of_layers": 7.8064352514586846, "batch_size": 20.33419063406548, "dropout_rate": 0.53583819699194, "epochs": 148.0543048597296, "hidden_channels": 58.73918362787846, "learning_rate": 0.09610978343845823, "optimizer": 0.0, "pooling_algorithm": 1.0}, "datetime": {"datetime": "2023-11-30 10:42:17", "elapsed": 90.4984, "delta": 11.556166}}
{"target": 0.2625, "params": {"activation_function": 0.8848296604601908, "amount_of_layers": 4.587332680341838, "batch_size": 83.60571712306401, "dropout_rate": 0.3174795109851192, "epochs": 126.01498332222542, "hidden_channels": 71.78941850041917, "learning_rate": 0.056857457227187345, "optimizer": 1.3950921109787886, "pooling_algorithm": 0.47629657978095663}, "datetime": {"datetime": "2023-11-30 10:42:21", "elapsed": 93.650155, "delta": 3.151755}}
{"target": 0.8142857142857143, "params": {"activation_function": 2.0, "amount_of_layers": 9.0, "batch_size": 52.025137744551785, "dropout_rate": 0.75, "epochs": 200.0, "hidden_channels": 27.095932391859915, "learning_rate": 0.001, "optimizer": 2.0, "pooling_algorithm": 0.0}, "datetime": {"datetime": "2023-11-30 10:42:28", "elapsed": 101.356579, "delta": 7.706424}}
{"target": 0.9, "params": {"activation_function": 1.350881283956173, "amount_of_layers": 6.47401572865358, "batch_size": 21.029435491508426, "dropout_rate": 0.604758339747513, "epochs": 152.77388851016437, "hidden_channels": 41.14082730870059, "learning_rate": 0.04856410483756889, "optimizer": 0.0, "pooling_algorithm": 1.0}, "datetime": {"datetime": "2023-11-30 10:42:38", "elapsed": 111.557939, "delta": 10.20136}}
{"target": 0.7589285714285714, "params": {"activation_function": 1.9474078791601548, "amount_of_layers": 1.0, "batch_size": 35.207315707138555, "dropout_rate": 0.5486060884860346, "epochs": 145.9306589397036, "hidden_channels": 48.05751566666619, "learning_rate": 0.07954839730700937, "optimizer": 0.0, "pooling_algorithm": 0.04945596736985018}, "datetime": {"datetime": "2023-11-30 10:42:43", "elapsed": 115.745764, "delta": 4.187825}}
{"target": 0.9071428571428571, "params": {"activation_function": 2.0, "amount_of_layers": 9.0, "batch_size": 16.0, "dropout_rate": 0.5883231423609234, "epochs": 165.87160754954778, "hidden_channels": 53.53193462061173, "learning_rate": 0.001, "optimizer": 0.0, "pooling_algorithm": 0.9922954841532063}, "datetime": {"datetime": "2023-11-30 10:42:59", "elapsed": 132.391055, "delta": 16.645291}}
{"target": 0.9107142857142857, "params": {"activation_function": 0.9736951614737399, "amount_of_layers": 3.880275258679661, "batch_size": 117.85258878410491, "dropout_rate": 0.5117039057144557, "epochs": 34.92271121877804, "hidden_channels": 12.133628986777252, "learning_rate": 0.020130639373457444, "optimizer": 0.83101446442076, "pooling_algorithm": 0.8156732726096735}, "datetime": {"datetime": "2023-11-30 10:43:01", "elapsed": 133.57481, "delta": 1.183755}}
{"target": 0.7535714285714286, "params": {"activation_function": 0.7870116872464932, "amount_of_layers": 2.30508853688758, "batch_size": 128.62783778571176, "dropout_rate": 0.5209907333053506, "epochs": 25.24897495838321, "hidden_channels": 27.178332455727446, "learning_rate": 0.0300201711292469, "optimizer": 1.4076185667735759, "pooling_algorithm": 0.3957894228086407}, "datetime": {"datetime": "2023-11-30 10:43:01", "elapsed": 134.476272, "delta": 0.901462}}
{"target": 0.8267857142857143, "params": {"activation_function": 0.03680841929075849, "amount_of_layers": 1.2193403406215018, "batch_size": 102.8067356125571, "dropout_rate": 0.6101321763718585, "epochs": 21.72838856358346, "hidden_channels": 6.877393929676534, "learning_rate": 0.02450716888908176, "optimizer": 1.6560289458338033, "pooling_algorithm": 0.34623247332371154}, "datetime": {"datetime": "2023-11-30 10:43:02", "elapsed": 135.280516, "delta": 0.804244}}
{"target": 0.16785714285714284, "params": {"activation_function": 2.0, "amount_of_layers": 9.0, "batch_size": 136.36441311273376, "dropout_rate": 0.75, "epochs": 30.959489233988155, "hidden_channels": 5.0, "learning_rate": 0.001, "optimizer": 0.0, "pooling_algorithm": 1.0}, "datetime": {"datetime": "2023-11-30 10:43:04", "elapsed": 136.669254, "delta": 1.388738}}
{"target": 0.9035714285714286, "params": {"activation_function": 0.0, "amount_of_layers": 5.9286043347799895, "batch_size": 111.45672443347408, "dropout_rate": 0.25, "epochs": 22.00593667979141, "hidden_channels": 21.042069012519462, "learning_rate": 0.001, "optimizer": 0.0, "pooling_algorithm": 1.0}, "datetime": {"datetime": "2023-11-30 10:43:05", "elapsed": 137.7598, "delta": 1.090546}}
{"target": 0.5, "params": {"activation_function": 0.0, "amount_of_layers": 1.0, "batch_size": 105.1732250800901, "dropout_rate": 0.6767707987382637, "epochs": 40.63520618425987, "hidden_channels": 21.34955377854108, "learning_rate": 0.1, "optimizer": 2.0, "pooling_algorithm": 0.0}, "datetime": {"datetime": "2023-11-30 10:43:06", "elapsed": 138.852772, "delta": 1.092972}}
{"target": 0.22499999999999998, "params": {"activation_function": 0.07992132978975097, "amount_of_layers": 7.92081180090671, "batch_size": 112.01731664282246, "dropout_rate": 0.4713188042651664, "epochs": 10.538301707106239, "hidden_channels": 5.382001715589254, "learning_rate": 0.06287335862484185, "optimizer": 0.019377978927505923, "pooling_algorithm": 0.09776356735099045}, "datetime": {"datetime": "2023-11-30 10:43:07", "elapsed": 139.789078, "delta": 0.936306}}
{"target": 0.8125, "params": {"activation_function": 0.1736398599161954, "amount_of_layers": 1.0, "batch_size": 19.676211008220825, "dropout_rate": 0.25, "epochs": 157.47779930305393, "hidden_channels": 51.28015519498503, "learning_rate": 0.08168580806412677, "optimizer": 0.0, "pooling_algorithm": 0.0}, "datetime": {"datetime": "2023-11-30 10:43:13", "elapsed": 145.98513, "delta": 6.196052}}
{"target": 0.9035714285714286, "params": {"activation_function": 1.149430872038206, "amount_of_layers": 1.9695478614148723, "batch_size": 118.16323491390413, "dropout_rate": 0.3273559419916241, "epochs": 23.157660999998093, "hidden_channels": 12.588792675351524, "learning_rate": 0.02350889109152679, "optimizer": 0.017774356992017903, "pooling_algorithm": 0.6943479855671174}, "datetime": {"datetime": "2023-11-30 10:43:14", "elapsed": 146.737122, "delta": 0.751992}}
{"target": 0.9089285714285714, "params": {"activation_function": 2.0, "amount_of_layers": 9.0, "batch_size": 21.26832396288224, "dropout_rate": 0.75, "epochs": 165.45673127697108, "hidden_channels": 41.60943453236573, "learning_rate": 0.001, "optimizer": 2.0, "pooling_algorithm": 1.0}, "datetime": {"datetime": "2023-11-30 10:43:27", "elapsed": 160.433366, "delta": 13.696244}}
{"target": 0.2464285714285714, "params": {"activation_function": 1.4234542818866294, "amount_of_layers": 3.4006870183528646, "batch_size": 60.37465676631768, "dropout_rate": 0.28175545917465117, "epochs": 188.05925923282203, "hidden_channels": 23.383707933454954, "learning_rate": 0.045566077421812776, "optimizer": 0.0677641021314046, "pooling_algorithm": 0.20664466229628597}, "datetime": {"datetime": "2023-11-30 10:43:32", "elapsed": 165.022905, "delta": 4.589539}}
{"target": 0.7714285714285716, "params": {"activation_function": 2.0, "amount_of_layers": 9.0, "batch_size": 22.73313288848051, "dropout_rate": 0.25, "epochs": 157.80241234180215, "hidden_channels": 48.870269122630305, "learning_rate": 0.001, "optimizer": 2.0, "pooling_algorithm": 0.0}, "datetime": {"datetime": "2023-11-30 10:43:44", "elapsed": 176.886482, "delta": 11.863577}}
{"target": 0.26428571428571435, "params": {"activation_function": 1.135610760908356, "amount_of_layers": 2.3285086478008035, "batch_size": 43.42194215139938, "dropout_rate": 0.40226437084473154, "epochs": 196.0003346872039, "hidden_channels": 23.673237861760057, "learning_rate": 0.08345106071071055, "optimizer": 1.5597886250789363, "pooling_algorithm": 0.3909216509440747}, "datetime": {"datetime": "2023-11-30 10:43:49", "elapsed": 181.910121, "delta": 5.023639}}
{"target": 0.9071428571428573, "params": {"activation_function": 1.514054183486561, "amount_of_layers": 6.013556002456507, "batch_size": 22.225490602880708, "dropout_rate": 0.75, "epochs": 165.82864462914134, "hidden_channels": 48.85282708427491, "learning_rate": 0.049418260622841347, "optimizer": 0.0, "pooling_algorithm": 1.0}, "datetime": {"datetime": "2023-11-30 10:43:59", "elapsed": 191.780418, "delta": 9.870297}}
{"target": 0.9071428571428571, "params": {"activation_function": 1.0725005628712159, "amount_of_layers": 3.6404867860469867, "batch_size": 25.190041405926845, "dropout_rate": 0.75, "epochs": 160.65390245768305, "hidden_channels": 42.78168443092513, "learning_rate": 0.0959767423432841, "optimizer": 0.0, "pooling_algorithm": 1.0}, "datetime": {"datetime": "2023-11-30 10:44:06", "elapsed": 198.660664, "delta": 6.880246}}
{"target": 0.9, "params": {"activation_function": 0.0, "amount_of_layers": 6.3199952337248835, "batch_size": 116.6190838693964, "dropout_rate": 0.532597807681317, "epochs": 28.31217388613991, "hidden_channels": 17.44242079415699, "learning_rate": 0.001, "optimizer": 1.4286093559422601, "pooling_algorithm": 1.0}, "datetime": {"datetime": "2023-11-30 10:44:07", "elapsed": 199.594629, "delta": 0.933965}}
{"target": 0.2714285714285714, "params": {"activation_function": 0.3691328437184629, "amount_of_layers": 3.042560456168161, "batch_size": 110.39448061995743, "dropout_rate": 0.2862668108520994, "epochs": 27.964805353813144, "hidden_channels": 12.356265443105311, "learning_rate": 0.001, "optimizer": 0.10282005636602032, "pooling_algorithm": 1.0}, "datetime": {"datetime": "2023-11-30 10:44:07", "elapsed": 200.338145, "delta": 0.743516}}
{"target": 0.35, "params": {"activation_function": 1.3456031114207907, "amount_of_layers": 5.042286277798731, "batch_size": 119.18532602440176, "dropout_rate": 0.38407568036483636, "epochs": 23.082128606471713, "hidden_channels": 18.79352948623756, "learning_rate": 0.05187878684652768, "optimizer": 1.4698088718660614, "pooling_algorithm": 0.949724242095803}, "datetime": {"datetime": "2023-11-30 10:44:08", "elapsed": 201.038069, "delta": 0.699924}}
