{"target": 0.7375, "params": {"activation_function": 0.802905999942054, "amount_of_layers": 8.944720535213683, "batch_size": 85.43133762668278, "dropout_rate": 0.6272156246904037, "epochs": 59.164011679847555, "hidden_channels": 53.24060630185676, "learning_rate": 0.07314712273901414, "optimizer": 0.9756796709897444, "pooling_algorithm": 0.010005194618832869}, "datetime": {"datetime": "2023-11-30 09:52:04", "elapsed": 294.433069, "delta": 2.486976}}
{"target": 0.26785714285714285, "params": {"activation_function": 1.0526767173264082, "amount_of_layers": 7.645536084866775, "batch_size": 35.888970228929594, "dropout_rate": 0.667809422905632, "epochs": 45.67357321710376, "hidden_channels": 77.2706388273688, "learning_rate": 0.09319445060387697, "optimizer": 0.08028401549392106, "pooling_algorithm": 0.2165597725980568}, "datetime": {"datetime": "2023-11-30 09:52:07", "elapsed": 297.486423, "delta": 3.053354}}
{"target": 0.5, "params": {"activation_function": 1.3794120140753987, "amount_of_layers": 1.5900458227594507, "batch_size": 34.55677614095593, "dropout_rate": 0.5163429987554352, "epochs": 183.7695444033795, "hidden_channels": 78.67968533364699, "learning_rate": 0.025764392529574288, "optimizer": 1.988881251449706, "pooling_algorithm": 0.8663600057067147}, "datetime": {"datetime": "2023-11-30 09:52:13", "elapsed": 303.5919, "delta": 6.105477}}
{"target": 0.7374999999999999, "params": {"activation_function": 0.2714524220882044, "amount_of_layers": 5.427985113784682, "batch_size": 67.35520417994366, "dropout_rate": 0.3001852225344654, "epochs": 120.16265665508526, "hidden_channels": 97.3342224322775, "learning_rate": 0.02762167225230715, "optimizer": 0.6772890012882304, "pooling_algorithm": 0.32544440807558905}, "datetime": {"datetime": "2023-11-30 09:52:18", "elapsed": 308.533503, "delta": 4.941603}}
{"target": 0.5857142857142857, "params": {"activation_function": 0.967942329019496, "amount_of_layers": 4.838465315620787, "batch_size": 105.7691996550553, "dropout_rate": 0.6976041777803541, "epochs": 188.23689463236784, "hidden_channels": 119.35405583495633, "learning_rate": 0.08245953539074066, "optimizer": 1.2418010579114824, "pooling_algorithm": 0.7700595080446021}, "datetime": {"datetime": "2023-11-30 09:52:26", "elapsed": 316.403562, "delta": 7.870059}}
{"target": 0.7392857142857143, "params": {"activation_function": 1.9741730543685276, "amount_of_layers": 7.602161345390849, "batch_size": 121.93404141694218, "dropout_rate": 0.5571943198457111, "epochs": 178.77113785995985, "hidden_channels": 49.04117763708738, "learning_rate": 0.018534435114882068, "optimizer": 0.8950265179241836, "pooling_algorithm": 0.33156083795816993}, "datetime": {"datetime": "2023-11-30 09:52:32", "elapsed": 322.113331, "delta": 5.709769}}
{"target": 0.5, "params": {"activation_function": 1.0281163097051453, "amount_of_layers": 4.2872376567272905, "batch_size": 145.14765796497124, "dropout_rate": 0.3762488893559931, "epochs": 92.91464220659034, "hidden_channels": 78.49772624663494, "learning_rate": 0.094943162393515, "optimizer": 0.5174422715682179, "pooling_algorithm": 0.8911333514315464}, "datetime": {"datetime": "2023-11-30 09:52:35", "elapsed": 324.750445, "delta": 2.637114}}
{"target": 0.9071428571428573, "params": {"activation_function": 1.45225624791537, "amount_of_layers": 8.389401309764423, "batch_size": 26.581708368577864, "dropout_rate": 0.5670602942140465, "epochs": 138.10057275712995, "hidden_channels": 101.22673515090855, "learning_rate": 0.04334693457825738, "optimizer": 0.3185460016727151, "pooling_algorithm": 0.5204819185755021}, "datetime": {"datetime": "2023-11-30 09:52:45", "elapsed": 335.292226, "delta": 10.541781}}
{"target": 0.5, "params": {"activation_function": 0.7224482029600718, "amount_of_layers": 2.4226882688794786, "batch_size": 27.88185363781837, "dropout_rate": 0.5013613117224677, "epochs": 42.89734772426668, "hidden_channels": 48.315592451699466, "learning_rate": 0.03557686750288344, "optimizer": 0.7929354476971842, "pooling_algorithm": 0.7707071135245797}, "datetime": {"datetime": "2023-11-30 09:52:47", "elapsed": 336.93658, "delta": 1.644354}}
{"target": 0.8375, "params": {"activation_function": 0.37282289157498205, "amount_of_layers": 1.138518102598911, "batch_size": 134.3824042630748, "dropout_rate": 0.28972841527269144, "epochs": 107.37622209701466, "hidden_channels": 56.73974022587144, "learning_rate": 0.005971538665861695, "optimizer": 1.5564412166906694, "pooling_algorithm": 0.3579665971647633}, "datetime": {"datetime": "2023-11-30 09:52:48", "elapsed": 338.573396, "delta": 1.636816}}
{"target": 0.7321428571428572, "params": {"activation_function": 0.7920801477706259, "amount_of_layers": 4.8071055686280175, "batch_size": 27.76416288416711, "dropout_rate": 0.5848737979277479, "epochs": 191.4618477143558, "hidden_channels": 106.79530132070863, "learning_rate": 0.05159619891483302, "optimizer": 1.1154429894410534, "pooling_algorithm": 0.4789704495058126}, "datetime": {"datetime": "2023-11-30 09:53:00", "elapsed": 350.69057, "delta": 12.117174}}
{"target": 0.22142857142857142, "params": {"activation_function": 0.1128089333072646, "amount_of_layers": 5.243024712374797, "batch_size": 114.91456944218075, "dropout_rate": 0.29509109947715767, "epochs": 16.181390418558447, "hidden_channels": 85.19174438371458, "learning_rate": 0.02047484004614354, "optimizer": 1.1515328346086326, "pooling_algorithm": 0.16026796300712232}, "datetime": {"datetime": "2023-11-30 09:53:01", "elapsed": 351.350704, "delta": 0.660134}}
{"target": 0.5, "params": {"activation_function": 0.8443928687820612, "amount_of_layers": 8.014915913609077, "batch_size": 34.09065514419739, "dropout_rate": 0.3062833368438024, "epochs": 130.56699112055384, "hidden_channels": 87.86500935120982, "learning_rate": 0.07565768017352521, "optimizer": 0.6492610744574798, "pooling_algorithm": 0.8237948814737218}, "datetime": {"datetime": "2023-11-30 09:53:13", "elapsed": 363.504836, "delta": 12.154132}}
{"target": 0.8, "params": {"activation_function": 0.4621721628979416, "amount_of_layers": 7.187741253285671, "batch_size": 132.92596840285918, "dropout_rate": 0.5827728854536236, "epochs": 146.97871220160204, "hidden_channels": 77.60160914491948, "learning_rate": 0.05653626013468304, "optimizer": 0.05589582791372005, "pooling_algorithm": 0.09435069071956548}, "datetime": {"datetime": "2023-11-30 09:53:19", "elapsed": 369.076214, "delta": 5.571378}}
{"target": 0.7357142857142858, "params": {"activation_function": 1.660811078020919, "amount_of_layers": 4.191338495564327, "batch_size": 133.9012246877619, "dropout_rate": 0.5409149292581377, "epochs": 64.71561209599477, "hidden_channels": 124.8578686793923, "learning_rate": 0.05615189909426246, "optimizer": 1.4505389648295823, "pooling_algorithm": 0.608887690733737}, "datetime": {"datetime": "2023-11-30 09:53:21", "elapsed": 371.514439, "delta": 2.438225}}
{"target": 0.5, "params": {"activation_function": 0.6049769774417242, "amount_of_layers": 5.476580796655792, "batch_size": 134.18998755914146, "dropout_rate": 0.5803206079480282, "epochs": 156.63110311716667, "hidden_channels": 90.08144351992453, "learning_rate": 0.07067320969349665, "optimizer": 1.6477834221722545, "pooling_algorithm": 0.18136245059810485}, "datetime": {"datetime": "2023-11-30 09:53:27", "elapsed": 376.761774, "delta": 5.247335}}
{"target": 0.26071428571428573, "params": {"activation_function": 1.1843815731707752, "amount_of_layers": 8.518724085013506, "batch_size": 81.15488966486801, "dropout_rate": 0.6677304095220316, "epochs": 117.44975553569297, "hidden_channels": 5.911648358656028, "learning_rate": 0.007257639908684934, "optimizer": 1.7900852021924039, "pooling_algorithm": 0.19995612207464086}, "datetime": {"datetime": "2023-11-30 09:53:30", "elapsed": 380.632985, "delta": 3.871211}}
{"target": 0.9178571428571428, "params": {"activation_function": 1.9675477865777922, "amount_of_layers": 1.8408056547545701, "batch_size": 136.63841514134262, "dropout_rate": 0.5031583111893397, "epochs": 118.46739927715191, "hidden_channels": 24.318312565736925, "learning_rate": 0.057453834818895946, "optimizer": 0.4369685438969295, "pooling_algorithm": 0.6537085109072509}, "datetime": {"datetime": "2023-11-30 09:53:32", "elapsed": 382.579534, "delta": 1.946549}}
{"target": 0.7964285714285715, "params": {"activation_function": 1.995168196689676, "amount_of_layers": 4.52321002235406, "batch_size": 63.82330350520009, "dropout_rate": 0.5270577524600489, "epochs": 98.34076889344351, "hidden_channels": 120.32493262589306, "learning_rate": 0.021635372600659786, "optimizer": 0.02117291023574297, "pooling_algorithm": 0.215222124474571}, "datetime": {"datetime": "2023-11-30 09:53:37", "elapsed": 386.816519, "delta": 4.236985}}
{"target": 0.46428571428571425, "params": {"activation_function": 0.19725205718388517, "amount_of_layers": 6.471515160780813, "batch_size": 146.46661759329308, "dropout_rate": 0.2524505341217568, "epochs": 156.26169574578245, "hidden_channels": 67.09266183799491, "learning_rate": 0.08305093131528621, "optimizer": 1.3603738796690512, "pooling_algorithm": 0.47674583092106826}, "datetime": {"datetime": "2023-11-30 09:53:42", "elapsed": 391.805388, "delta": 4.988869}}
{"target": 0.3642857142857143, "params": {"activation_function": 0.312648064558148, "amount_of_layers": 3.6953824915682763, "batch_size": 102.42397963484335, "dropout_rate": 0.48454243535906827, "epochs": 71.10775780524386, "hidden_channels": 105.35374788402365, "learning_rate": 0.07163647391324032, "optimizer": 1.8973022088099687, "pooling_algorithm": 0.6085923077172144}, "datetime": {"datetime": "2023-11-30 09:53:44", "elapsed": 394.142005, "delta": 2.336617}}
{"target": 0.2642857142857143, "params": {"activation_function": 1.066419881709653, "amount_of_layers": 4.8694593111421565, "batch_size": 138.26613645513328, "dropout_rate": 0.26250456962743657, "epochs": 59.898404925169295, "hidden_channels": 62.55335669711449, "learning_rate": 0.032159515197836844, "optimizer": 0.8055500544313559, "pooling_algorithm": 0.49192974431678027}, "datetime": {"datetime": "2023-11-30 09:53:46", "elapsed": 395.999621, "delta": 1.857616}}
{"target": 0.2642857142857143, "params": {"activation_function": 0.8518551555282874, "amount_of_layers": 6.290394051479997, "batch_size": 23.386915531882075, "dropout_rate": 0.5025623723363726, "epochs": 43.52466751318454, "hidden_channels": 39.94424595038169, "learning_rate": 0.09445191525836126, "optimizer": 0.9047948924930633, "pooling_algorithm": 0.17331134960903993}, "datetime": {"datetime": "2023-11-30 09:53:49", "elapsed": 399.034307, "delta": 3.034686}}
{"target": 0.8999999999999999, "params": {"activation_function": 1.4604959298594387, "amount_of_layers": 6.663674032779097, "batch_size": 17.384637190129492, "dropout_rate": 0.5202865924092933, "epochs": 120.2885276530714, "hidden_channels": 9.658855593182135, "learning_rate": 0.025777336006785893, "optimizer": 0.008649994047391862, "pooling_algorithm": 0.9058943010393644}, "datetime": {"datetime": "2023-11-30 09:53:56", "elapsed": 406.027163, "delta": 6.992856}}
{"target": 0.5, "params": {"activation_function": 0.32934043022211323, "amount_of_layers": 5.041723962322823, "batch_size": 84.7903553761181, "dropout_rate": 0.2753439824146285, "epochs": 198.9462147892976, "hidden_channels": 52.64831192941394, "learning_rate": 0.04470943515862167, "optimizer": 1.6380049179470844, "pooling_algorithm": 0.47104519800557954}, "datetime": {"datetime": "2023-11-30 09:54:01", "elapsed": 411.226535, "delta": 5.199372}}
{"target": 0.5, "params": {"activation_function": 0.7890090139988901, "amount_of_layers": 4.250047438959378, "batch_size": 24.014465720383903, "dropout_rate": 0.42785053500702824, "epochs": 42.24379170221655, "hidden_channels": 83.91524574337917, "learning_rate": 0.045899799369342485, "optimizer": 0.6409016535035053, "pooling_algorithm": 0.6282826640743442}, "datetime": {"datetime": "2023-11-30 09:54:04", "elapsed": 413.713248, "delta": 2.486713}}
