{"target": 0.8821428571428571, "params": {"activation_function": 1.6479578328536646, "amount_of_layers": 7.9153591267611505, "batch_size": 27.261100124911337, "dropout_rate": 0.6956897353750482, "epochs": 25.681576001855184, "hidden_channels": 13.80597584307196, "learning_rate": 0.005606236906727774, "optimizer": 0.05886987107885666, "pooling_algorithm": 0.9469944748507204}, "datetime": {"datetime": "2023-11-30 09:49:52", "elapsed": 293.515623, "delta": 1.693091}}
{"target": 0.26428571428571423, "params": {"activation_function": 0.5563924111978642, "amount_of_layers": 1.6095565450402098, "batch_size": 111.39601209289667, "dropout_rate": 0.25159644794902064, "epochs": 198.68103868821566, "hidden_channels": 103.28423306416292, "learning_rate": 0.044340024359046326, "optimizer": 0.5165461867807426, "pooling_algorithm": 0.04404780115639595}, "datetime": {"datetime": "2023-11-30 09:49:56", "elapsed": 296.898529, "delta": 3.382906}}
{"target": 0.5535714285714285, "params": {"activation_function": 1.8595029671816101, "amount_of_layers": 3.4438506252309624, "batch_size": 95.48955468435017, "dropout_rate": 0.7360469700056684, "epochs": 158.53160807602129, "hidden_channels": 32.31163504378563, "learning_rate": 0.05830680431538212, "optimizer": 0.4208265190747862, "pooling_algorithm": 0.07179972820874014}, "datetime": {"datetime": "2023-11-30 09:49:58", "elapsed": 299.748282, "delta": 2.849753}}
{"target": 0.2571428571428571, "params": {"activation_function": 1.7155511577370335, "amount_of_layers": 7.7968045445958385, "batch_size": 74.87780196599256, "dropout_rate": 0.2714314729508477, "epochs": 166.4424838262457, "hidden_channels": 50.81045877285379, "learning_rate": 0.012388419041262852, "optimizer": 1.255449203891091, "pooling_algorithm": 0.08546962831508143}, "datetime": {"datetime": "2023-11-30 09:50:03", "elapsed": 303.982013, "delta": 4.233731}}
{"target": 0.5, "params": {"activation_function": 0.13878729241738896, "amount_of_layers": 3.279223168291109, "batch_size": 54.5156262336051, "dropout_rate": 0.7078119335563826, "epochs": 164.02162565782086, "hidden_channels": 67.22321494014739, "learning_rate": 0.0757797668316683, "optimizer": 1.9109395079756, "pooling_algorithm": 0.900158849340376}, "datetime": {"datetime": "2023-11-30 09:50:06", "elapsed": 307.800216, "delta": 3.818203}}
{"target": 0.7928571428571429, "params": {"activation_function": 0.24319774010790396, "amount_of_layers": 6.806040892945755, "batch_size": 88.72394016192659, "dropout_rate": 0.2943342171664959, "epochs": 79.1160617313387, "hidden_channels": 85.48884944051196, "learning_rate": 0.007901620900464127, "optimizer": 0.37271154544524276, "pooling_algorithm": 0.11459913713962588}, "datetime": {"datetime": "2023-11-30 09:50:09", "elapsed": 309.898651, "delta": 2.098435}}
{"target": 0.09285714285714286, "params": {"activation_function": 1.1070320148708157, "amount_of_layers": 7.370377376657273, "batch_size": 27.793088156518813, "dropout_rate": 0.4052113572053181, "epochs": 25.337616827820433, "hidden_channels": 12.80706232261986, "learning_rate": 0.007394174613830131, "optimizer": 0.467867091960819, "pooling_algorithm": 0.627474661886976}, "datetime": {"datetime": "2023-11-30 09:50:10", "elapsed": 311.467024, "delta": 1.568373}}
{"target": 0.9035714285714286, "params": {"activation_function": 1.3430623228441796, "amount_of_layers": 7.956360004867242, "batch_size": 132.2176437736714, "dropout_rate": 0.3423977372548796, "epochs": 169.21701390792433, "hidden_channels": 39.83079791061285, "learning_rate": 0.004789098535798653, "optimizer": 0.04471985761265018, "pooling_algorithm": 0.8528964428881206}, "datetime": {"datetime": "2023-11-30 09:50:14", "elapsed": 315.781478, "delta": 4.314454}}
{"target": 0.5, "params": {"activation_function": 1.1619611174293132, "amount_of_layers": 3.2199170264861747, "batch_size": 100.65669136617888, "dropout_rate": 0.5372706232430653, "epochs": 195.25257288452332, "hidden_channels": 55.38507259857472, "learning_rate": 0.08689280284250048, "optimizer": 1.6295699027631965, "pooling_algorithm": 0.9385665021220955}, "datetime": {"datetime": "2023-11-30 09:50:18", "elapsed": 319.161219, "delta": 3.379741}}
{"target": 0.5, "params": {"activation_function": 0.6002665566043219, "amount_of_layers": 8.910477389342544, "batch_size": 21.159305267827307, "dropout_rate": 0.47336504760166354, "epochs": 117.55828341396032, "hidden_channels": 94.34298222855172, "learning_rate": 0.04346893355109327, "optimizer": 0.9680999912451089, "pooling_algorithm": 0.9087169359181749}, "datetime": {"datetime": "2023-11-30 09:50:28", "elapsed": 329.113464, "delta": 9.952245}}
{"target": 0.5, "params": {"activation_function": 0.3179369869703301, "amount_of_layers": 1.8617015482795933, "batch_size": 139.4657617200001, "dropout_rate": 0.3190081301894249, "epochs": 98.71030081541794, "hidden_channels": 52.38145187022946, "learning_rate": 0.0713050672621147, "optimizer": 1.569928105554015, "pooling_algorithm": 0.4098507226876058}, "datetime": {"datetime": "2023-11-30 09:50:29", "elapsed": 330.828056, "delta": 1.714592}}
{"target": 0.5, "params": {"activation_function": 0.12822885870389356, "amount_of_layers": 6.917811349483475, "batch_size": 98.45000723203825, "dropout_rate": 0.5062227757603279, "epochs": 146.76917769489907, "hidden_channels": 67.98893427607493, "learning_rate": 0.09340226699490566, "optimizer": 0.8744957989378153, "pooling_algorithm": 0.2809139287617646}, "datetime": {"datetime": "2023-11-30 09:50:33", "elapsed": 334.525868, "delta": 3.697812}}
{"target": 0.4839285714285714, "params": {"activation_function": 0.7745800917583565, "amount_of_layers": 6.320065146429388, "batch_size": 26.405488444916813, "dropout_rate": 0.3398434133715167, "epochs": 43.32830913512688, "hidden_channels": 119.3162628797582, "learning_rate": 0.0585599508479537, "optimizer": 1.4277740589458003, "pooling_algorithm": 0.3860212191438187}, "datetime": {"datetime": "2023-11-30 09:50:36", "elapsed": 337.007288, "delta": 2.48142}}
{"target": 0.8464285714285714, "params": {"activation_function": 0.027111920105588716, "amount_of_layers": 3.7205824077440672, "batch_size": 39.64104567532168, "dropout_rate": 0.7438718252698905, "epochs": 192.23733715487043, "hidden_channels": 13.559890765069575, "learning_rate": 0.0027692320936863832, "optimizer": 0.7471737582040077, "pooling_algorithm": 0.18502361373259812}, "datetime": {"datetime": "2023-11-30 09:50:42", "elapsed": 343.117919, "delta": 6.110631}}
{"target": 0.2660714285714285, "params": {"activation_function": 1.3666098027636207, "amount_of_layers": 4.763548050848874, "batch_size": 44.539031102558965, "dropout_rate": 0.27775423461605914, "epochs": 68.23347942655997, "hidden_channels": 54.11664902831029, "learning_rate": 0.03611210865143109, "optimizer": 1.2100436545870266, "pooling_algorithm": 0.10388728947763703}, "datetime": {"datetime": "2023-11-30 09:50:44", "elapsed": 345.612725, "delta": 2.494806}}
{"target": 0.5, "params": {"activation_function": 1.0855381433102556, "amount_of_layers": 5.461667500607325, "batch_size": 38.4960383861511, "dropout_rate": 0.39050804283845736, "epochs": 39.302655365105494, "hidden_channels": 109.16482256160901, "learning_rate": 0.047144307711296955, "optimizer": 0.8215731973296228, "pooling_algorithm": 0.5417483524923831}, "datetime": {"datetime": "2023-11-30 09:50:46", "elapsed": 347.115949, "delta": 1.503224}}
{"target": 0.5, "params": {"activation_function": 0.4734442986671157, "amount_of_layers": 7.661194582204979, "batch_size": 121.75244278738678, "dropout_rate": 0.5283252734504356, "epochs": 175.31699087267864, "hidden_channels": 50.141464148527234, "learning_rate": 0.09229584443232909, "optimizer": 1.79066432944118, "pooling_algorithm": 0.35848011948955394}, "datetime": {"datetime": "2023-11-30 09:50:50", "elapsed": 351.770551, "delta": 4.654602}}
{"target": 0.26428571428571423, "params": {"activation_function": 1.9229516345770727, "amount_of_layers": 5.918423268874067, "batch_size": 33.81443504092128, "dropout_rate": 0.6658360729265227, "epochs": 185.67906287880948, "hidden_channels": 64.57703566403816, "learning_rate": 0.04077409779107997, "optimizer": 0.5538954978665189, "pooling_algorithm": 0.4547715791660899}, "datetime": {"datetime": "2023-11-30 09:50:59", "elapsed": 360.150482, "delta": 8.379931}}
{"target": 0.7375, "params": {"activation_function": 0.5638017532322859, "amount_of_layers": 6.250343305260539, "batch_size": 68.99982053346758, "dropout_rate": 0.5677019151109493, "epochs": 128.8529460939136, "hidden_channels": 74.39984317969717, "learning_rate": 0.07544628941758795, "optimizer": 0.689698056805625, "pooling_algorithm": 0.1793562903216519}, "datetime": {"datetime": "2023-11-30 09:51:03", "elapsed": 364.170952, "delta": 4.02047}}
{"target": 0.5, "params": {"activation_function": 0.6910722740765198, "amount_of_layers": 4.256107857286479, "batch_size": 39.19346503031438, "dropout_rate": 0.3870317681430214, "epochs": 77.1357373328351, "hidden_channels": 10.89214095282015, "learning_rate": 0.08122032979014569, "optimizer": 1.2780755520358478, "pooling_algorithm": 0.5209581372266557}, "datetime": {"datetime": "2023-11-30 09:51:05", "elapsed": 366.690652, "delta": 2.5197}}
{"target": 0.5, "params": {"activation_function": 0.5322398925391003, "amount_of_layers": 4.4239730808882385, "batch_size": 27.367762952381952, "dropout_rate": 0.7164156855051055, "epochs": 100.61564041169406, "hidden_channels": 72.47347827309731, "learning_rate": 0.06516274349780204, "optimizer": 0.5413279771653139, "pooling_algorithm": 0.5078814269963655}, "datetime": {"datetime": "2023-11-30 09:51:10", "elapsed": 371.143664, "delta": 4.453012}}
{"target": 0.5, "params": {"activation_function": 1.5871963653323937, "amount_of_layers": 8.342028296978205, "batch_size": 149.5021206896789, "dropout_rate": 0.5012064196917019, "epochs": 184.95352858937076, "hidden_channels": 100.07769469023636, "learning_rate": 0.038814126632871565, "optimizer": 1.5548595502881348, "pooling_algorithm": 0.0831981887351747}, "datetime": {"datetime": "2023-11-30 09:51:14", "elapsed": 375.317831, "delta": 4.174167}}
{"target": 0.9053571428571429, "params": {"activation_function": 0.889425082861534, "amount_of_layers": 1.060413478997865, "batch_size": 120.00796829097563, "dropout_rate": 0.5890838071310376, "epochs": 69.48886147684996, "hidden_channels": 13.199022108177006, "learning_rate": 0.027188204629949253, "optimizer": 1.3097430239197334, "pooling_algorithm": 0.889604214041939}, "datetime": {"datetime": "2023-11-30 09:51:15", "elapsed": 376.420663, "delta": 1.102832}}
{"target": 0.21071428571428572, "params": {"activation_function": 0.48049989416973116, "amount_of_layers": 3.08609562760431, "batch_size": 148.51887070631744, "dropout_rate": 0.34134886906780937, "epochs": 107.29661598479329, "hidden_channels": 30.643349150354332, "learning_rate": 0.06938790121119073, "optimizer": 1.3921115981477399, "pooling_algorithm": 0.3868862601092261}, "datetime": {"datetime": "2023-11-30 09:51:17", "elapsed": 378.430817, "delta": 2.010154}}
{"target": 0.5, "params": {"activation_function": 0.11839882185398976, "amount_of_layers": 4.032072240004562, "batch_size": 73.8771801451206, "dropout_rate": 0.41891182407642574, "epochs": 12.125944489440155, "hidden_channels": 119.1058486964707, "learning_rate": 0.05288812610179045, "optimizer": 1.800643932684371, "pooling_algorithm": 0.1552857148066863}, "datetime": {"datetime": "2023-11-30 09:51:17", "elapsed": 378.862215, "delta": 0.431398}}
{"target": 0.3125, "params": {"activation_function": 1.974114575856606, "amount_of_layers": 6.6167047526302865, "batch_size": 33.84738744180801, "dropout_rate": 0.7409828172965012, "epochs": 190.33042283908196, "hidden_channels": 43.19715669736761, "learning_rate": 0.0638787236811278, "optimizer": 1.8773069329217091, "pooling_algorithm": 0.4790596944951876}, "datetime": {"datetime": "2023-11-30 09:51:26", "elapsed": 387.806097, "delta": 8.943882}}
