{"target": 0.8892857142857142, "params": {"activation_function": 0.21180486088338268, "amount_of_layers": 1.7422447835369814, "batch_size": 128.6285533293269, "dropout_rate": 0.5471314029785594, "epochs": 25.547485361057976, "hidden_channels": 27.84666407273701, "learning_rate": 0.03975375268410414, "optimizer": 0.7584990996407839, "pooling_algorithm": 0.7652036585803061}, "datetime": {"datetime": "2023-11-30 10:47:16", "elapsed": 388.799182, "delta": 0.56326}}
{"target": 0.8982142857142857, "params": {"activation_function": 0.8734131010976431, "amount_of_layers": 6.759160757234941, "batch_size": 147.7388878167836, "dropout_rate": 0.4320009236503098, "epochs": 169.55701826384222, "hidden_channels": 41.85811287734155, "learning_rate": 0.014320462157492973, "optimizer": 0.7245804158974893, "pooling_algorithm": 0.5264637788147135}, "datetime": {"datetime": "2023-11-30 10:47:20", "elapsed": 393.029089, "delta": 4.229907}}
{"target": 0.5, "params": {"activation_function": 1.2711618553538633, "amount_of_layers": 7.54181218908928, "batch_size": 149.03073119184947, "dropout_rate": 0.5158546163481459, "epochs": 168.91277386860298, "hidden_channels": 43.37327629111615, "learning_rate": 0.017010326739674165, "optimizer": 1.743658141647222, "pooling_algorithm": 0.8810463561053952}, "datetime": {"datetime": "2023-11-30 10:47:24", "elapsed": 397.381361, "delta": 4.352272}}
{"target": 0.5, "params": {"activation_function": 1.7525086100819065, "amount_of_layers": 2.6680711036390514, "batch_size": 121.01868903550421, "dropout_rate": 0.28492443632503567, "epochs": 34.543513751657635, "hidden_channels": 9.608600048981103, "learning_rate": 0.07038489549424008, "optimizer": 1.6226760922299766, "pooling_algorithm": 0.6588383897154036}, "datetime": {"datetime": "2023-11-30 10:47:25", "elapsed": 398.091551, "delta": 0.71019}}
{"target": 0.23214285714285712, "params": {"activation_function": 1.9892831341768362, "amount_of_layers": 6.774284802277938, "batch_size": 75.09604526527107, "dropout_rate": 0.673035307911316, "epochs": 167.82107220552845, "hidden_channels": 44.839150884660356, "learning_rate": 0.019591956863742124, "optimizer": 0.37527010490351986, "pooling_algorithm": 0.31561800587757494}, "datetime": {"datetime": "2023-11-30 10:47:29", "elapsed": 402.423866, "delta": 4.332315}}
{"target": 0.8428571428571429, "params": {"activation_function": 1.4874123192797195, "amount_of_layers": 2.0212569232132633, "batch_size": 50.509487411921356, "dropout_rate": 0.43914674634000544, "epochs": 184.92572419710427, "hidden_channels": 79.32372587752774, "learning_rate": 0.007745838125874503, "optimizer": 0.5427098282956127, "pooling_algorithm": 0.47608926925758}, "datetime": {"datetime": "2023-11-30 10:47:34", "elapsed": 406.848549, "delta": 4.424683}}
{"target": 0.7392857142857143, "params": {"activation_function": 0.5679579164288848, "amount_of_layers": 8.238743196746068, "batch_size": 92.92086071548627, "dropout_rate": 0.3904504914019622, "epochs": 181.9703865229238, "hidden_channels": 123.32772844010604, "learning_rate": 0.0866826040496039, "optimizer": 1.3661566511058578, "pooling_algorithm": 0.017973159986041987}, "datetime": {"datetime": "2023-11-30 10:47:39", "elapsed": 412.390734, "delta": 5.542185}}
{"target": 0.5, "params": {"activation_function": 1.9096147277070556, "amount_of_layers": 2.188807924608998, "batch_size": 135.25745074032193, "dropout_rate": 0.414747356485315, "epochs": 144.9799564213526, "hidden_channels": 65.31342173469906, "learning_rate": 0.028161451624401732, "optimizer": 1.023567748856512, "pooling_algorithm": 0.6449619773515627}, "datetime": {"datetime": "2023-11-30 10:47:42", "elapsed": 414.910501, "delta": 2.519767}}
{"target": 0.5, "params": {"activation_function": 0.41182022815787844, "amount_of_layers": 2.068976841488263, "batch_size": 128.5274301640797, "dropout_rate": 0.2664400822225024, "epochs": 27.117898981426677, "hidden_channels": 28.6338907151197, "learning_rate": 0.06569981226187581, "optimizer": 0.8218554716094271, "pooling_algorithm": 0.5113165557319833}, "datetime": {"datetime": "2023-11-30 10:47:42", "elapsed": 415.495411, "delta": 0.58491}}
{"target": 0.25, "params": {"activation_function": 1.6258045253563485, "amount_of_layers": 1.6073631568288862, "batch_size": 133.35764968758644, "dropout_rate": 0.3253288508429505, "epochs": 143.49475079866454, "hidden_channels": 66.35964637126747, "learning_rate": 0.04083539187067379, "optimizer": 1.5709670194171652, "pooling_algorithm": 0.36535601329241185}, "datetime": {"datetime": "2023-11-30 10:47:45", "elapsed": 417.894505, "delta": 2.399094}}
{"target": 0.8107142857142857, "params": {"activation_function": 1.9632340315853458, "amount_of_layers": 2.1803399683603155, "batch_size": 42.044950072018665, "dropout_rate": 0.5561604239873819, "epochs": 133.33995753788548, "hidden_channels": 94.67968819856321, "learning_rate": 0.017593467658496932, "optimizer": 1.177785158847102, "pooling_algorithm": 0.3655841761533912}, "datetime": {"datetime": "2023-11-30 10:47:48", "elapsed": 421.352559, "delta": 3.458054}}
{"target": 0.8428571428571429, "params": {"activation_function": 1.6314046482734759, "amount_of_layers": 5.984719131568267, "batch_size": 31.835464986592562, "dropout_rate": 0.637393031517848, "epochs": 156.9853442480999, "hidden_channels": 24.97255780837225, "learning_rate": 0.07192512164805678, "optimizer": 0.44125665752873466, "pooling_algorithm": 0.6359799676647877}, "datetime": {"datetime": "2023-11-30 10:47:55", "elapsed": 428.136158, "delta": 6.783599}}
{"target": 0.5, "params": {"activation_function": 0.49337547232755674, "amount_of_layers": 2.63859503992885, "batch_size": 149.76279630601812, "dropout_rate": 0.38382780835675273, "epochs": 158.45463247171242, "hidden_channels": 50.52568593312599, "learning_rate": 0.08471461583833563, "optimizer": 1.9710834220132674, "pooling_algorithm": 0.3346640392595712}, "datetime": {"datetime": "2023-11-30 10:47:57", "elapsed": 430.317078, "delta": 2.18092}}
{"target": 0.8142857142857143, "params": {"activation_function": 0.4040509260647873, "amount_of_layers": 2.3543967909640164, "batch_size": 117.36296987099588, "dropout_rate": 0.5385119316923209, "epochs": 23.604274041617526, "hidden_channels": 24.717062578265107, "learning_rate": 0.02494246243751629, "optimizer": 1.2577975805327821, "pooling_algorithm": 0.46748208178648076}, "datetime": {"datetime": "2023-11-30 10:47:58", "elapsed": 430.851097, "delta": 0.534019}}
{"target": 0.26249999999999996, "params": {"activation_function": 1.941533851252329, "amount_of_layers": 3.628543582019552, "batch_size": 143.91556997632344, "dropout_rate": 0.600629873521936, "epochs": 136.49211206921234, "hidden_channels": 33.258362364147786, "learning_rate": 0.0672341923952016, "optimizer": 0.7555397800609351, "pooling_algorithm": 0.2623155998996355}, "datetime": {"datetime": "2023-11-30 10:48:01", "elapsed": 433.567037, "delta": 2.71594}}
{"target": 0.6678571428571428, "params": {"activation_function": 1.7845120319687884, "amount_of_layers": 6.315628192446991, "batch_size": 21.066379559288123, "dropout_rate": 0.6506855023291653, "epochs": 153.3206989778002, "hidden_channels": 40.405319583488584, "learning_rate": 0.02001599415086654, "optimizer": 0.5775836716696083, "pooling_algorithm": 0.8110877769869996}, "datetime": {"datetime": "2023-11-30 10:48:11", "elapsed": 444.01636, "delta": 10.449323}}
{"target": 0.2607142857142857, "params": {"activation_function": 0.653185668473975, "amount_of_layers": 4.299732350308927, "batch_size": 130.41280710378487, "dropout_rate": 0.2501851073324158, "epochs": 147.22739715622768, "hidden_channels": 59.32060344640738, "learning_rate": 0.024182689872149585, "optimizer": 1.5864965166546088, "pooling_algorithm": 0.4739424285997371}, "datetime": {"datetime": "2023-11-30 10:48:14", "elapsed": 447.008901, "delta": 2.992541}}
{"target": 0.5, "params": {"activation_function": 1.372689953058054, "amount_of_layers": 4.208878894283704, "batch_size": 50.468774313118246, "dropout_rate": 0.7359907630392613, "epochs": 185.71287510159553, "hidden_channels": 77.87320647133079, "learning_rate": 0.07262020985035107, "optimizer": 1.9756301278851398, "pooling_algorithm": 0.10929263884311768}, "datetime": {"datetime": "2023-11-30 10:48:19", "elapsed": 451.729938, "delta": 4.721037}}
{"target": 0.26607142857142857, "params": {"activation_function": 1.468189889059687, "amount_of_layers": 4.24731546153744, "batch_size": 22.64028379796339, "dropout_rate": 0.4512658122539915, "epochs": 15.595910808067845, "hidden_channels": 52.57809003825343, "learning_rate": 0.057380560155060246, "optimizer": 1.492623893975173, "pooling_algorithm": 0.39719960845559565}, "datetime": {"datetime": "2023-11-30 10:48:20", "elapsed": 452.703365, "delta": 0.973427}}
{"target": 0.8285714285714286, "params": {"activation_function": 0.3928068553224999, "amount_of_layers": 3.9236154817340285, "batch_size": 70.95746395787904, "dropout_rate": 0.28289798759262824, "epochs": 158.9870257575321, "hidden_channels": 32.28504068674978, "learning_rate": 0.04114862334938114, "optimizer": 1.1036318048271396, "pooling_algorithm": 0.0899131700731497}, "datetime": {"datetime": "2023-11-30 10:48:24", "elapsed": 456.845781, "delta": 4.142416}}
{"target": 0.5, "params": {"activation_function": 0.9606070775518292, "amount_of_layers": 7.434760426853376, "batch_size": 84.23073245506097, "dropout_rate": 0.321476168022878, "epochs": 117.44233090163013, "hidden_channels": 88.24955060876334, "learning_rate": 0.023458498386492325, "optimizer": 1.003140059148269, "pooling_algorithm": 0.5798707711608948}, "datetime": {"datetime": "2023-11-30 10:48:27", "elapsed": 459.826683, "delta": 2.980902}}
{"target": 0.7571428571428571, "params": {"activation_function": 0.48238669224426745, "amount_of_layers": 8.079708104957009, "batch_size": 148.6129724142218, "dropout_rate": 0.4677292888265696, "epochs": 171.35193779982734, "hidden_channels": 44.16095433529565, "learning_rate": 0.07483052586320961, "optimizer": 0.3672029860733017, "pooling_algorithm": 0.25944255439212704}, "datetime": {"datetime": "2023-11-30 10:48:31", "elapsed": 464.312125, "delta": 4.485442}}
{"target": 0.2642857142857143, "params": {"activation_function": 0.7544573292594916, "amount_of_layers": 8.77538123778844, "batch_size": 85.57660258748685, "dropout_rate": 0.4043601861070316, "epochs": 117.24144785169625, "hidden_channels": 89.31787828909071, "learning_rate": 0.061370401154494506, "optimizer": 0.05780302591979991, "pooling_algorithm": 0.046689503337728144}, "datetime": {"datetime": "2023-11-30 10:48:35", "elapsed": 467.771948, "delta": 3.459823}}
{"target": 0.5, "params": {"activation_function": 1.6301143677622238, "amount_of_layers": 6.899382512971597, "batch_size": 87.11964435463777, "dropout_rate": 0.6506912780500596, "epochs": 192.48465981352834, "hidden_channels": 65.23738966290973, "learning_rate": 0.08124103910072322, "optimizer": 0.9287682418412417, "pooling_algorithm": 0.9098699197513266}, "datetime": {"datetime": "2023-11-30 10:48:40", "elapsed": 472.668366, "delta": 4.896418}}
