{"target": 0.9035714285714285, "params": {"activation_function": 1.1254461997971346, "amount_of_layers": 1.762102129251872, "batch_size": 108.89175076726312, "dropout_rate": 0.3703920535161659, "epochs": 186.75095470366398, "hidden_channels": 65.51151912761185, "learning_rate": 0.039570406054185325, "optimizer": 0.11346079296071543, "pooling_algorithm": 0.7815847321094035}, "datetime": {"datetime": "2023-11-30 10:48:55", "elapsed": 0.0, "delta": 0.0}}
{"target": 0.9035714285714286, "params": {"activation_function": 1.2481238022637853, "amount_of_layers": 3.8570325017395444, "batch_size": 129.69141434627448, "dropout_rate": 0.38186346275447075, "epochs": 143.62110280460695, "hidden_channels": 7.035237350153399, "learning_rate": 0.019375656346203418, "optimizer": 0.40783541185976957, "pooling_algorithm": 0.6862551724969816}, "datetime": {"datetime": "2023-11-30 10:48:57", "elapsed": 2.102497, "delta": 2.102497}}
{"target": 0.27499999999999997, "params": {"activation_function": 0.8153705266723252, "amount_of_layers": 2.9554395525519475, "batch_size": 73.11934060887384, "dropout_rate": 0.642821409253945, "epochs": 111.28509833806221, "hidden_channels": 30.496422998465224, "learning_rate": 0.012794994009778422, "optimizer": 0.6441130862605573, "pooling_algorithm": 0.24067020579408427}, "datetime": {"datetime": "2023-11-30 10:48:59", "elapsed": 4.16228, "delta": 2.059783}}
{"target": 0.7375, "params": {"activation_function": 1.6751765109421264, "amount_of_layers": 3.039286190911352, "batch_size": 130.33258725950589, "dropout_rate": 0.5040193771287025, "epochs": 65.13932218399682, "hidden_channels": 79.9439883327834, "learning_rate": 0.041387275361893794, "optimizer": 1.1980045757723687, "pooling_algorithm": 0.4919379335145819}, "datetime": {"datetime": "2023-11-30 10:49:00", "elapsed": 5.408179, "delta": 1.245899}}
{"target": 0.7375, "params": {"activation_function": 1.6733051909713341, "amount_of_layers": 2.733585855314801, "batch_size": 64.78293529992786, "dropout_rate": 0.47874813340044925, "epochs": 88.9860229949597, "hidden_channels": 100.22876819327172, "learning_rate": 0.09330329967710764, "optimizer": 1.4021036989299234, "pooling_algorithm": 0.1414679789396287}, "datetime": {"datetime": "2023-11-30 10:49:03", "elapsed": 7.622383, "delta": 2.214204}}
{"target": 0.2660714285714286, "params": {"activation_function": 1.7248966642788992, "amount_of_layers": 1.6329158310956906, "batch_size": 117.66877755305264, "dropout_rate": 0.3971182338238147, "epochs": 109.77722802214153, "hidden_channels": 41.021788585413084, "learning_rate": 0.03843873904796178, "optimizer": 1.8527665242467481, "pooling_algorithm": 0.039160239391997864}, "datetime": {"datetime": "2023-11-30 10:49:04", "elapsed": 9.063485, "delta": 1.441102}}
{"target": 0.9071428571428573, "params": {"activation_function": 0.3854643048909354, "amount_of_layers": 3.020899263291053, "batch_size": 147.0296270021106, "dropout_rate": 0.6825786283513922, "epochs": 97.54389237036352, "hidden_channels": 49.709551928095216, "learning_rate": 0.04431012709800637, "optimizer": 0.15684854994194586, "pooling_algorithm": 0.6653500437029566}, "datetime": {"datetime": "2023-11-30 10:49:05", "elapsed": 10.513411, "delta": 1.449926}}
{"target": 0.7714285714285715, "params": {"activation_function": 0.2476649328566638, "amount_of_layers": 2.7975705006483187, "batch_size": 128.83736520722726, "dropout_rate": 0.47454128615155955, "epochs": 119.33904552265079, "hidden_channels": 71.09784216906046, "learning_rate": 0.08634788742846508, "optimizer": 0.033938500235580316, "pooling_algorithm": 0.34546266964723427}, "datetime": {"datetime": "2023-11-30 10:49:08", "elapsed": 12.634184, "delta": 2.120773}}
{"target": 0.5, "params": {"activation_function": 1.4113134945299695, "amount_of_layers": 6.0913318904661296, "batch_size": 24.719706657169425, "dropout_rate": 0.5310285527979811, "epochs": 107.23912046661003, "hidden_channels": 85.03992353148158, "learning_rate": 0.07612942376303135, "optimizer": 1.6618882391680598, "pooling_algorithm": 0.06429658135158589}, "datetime": {"datetime": "2023-11-30 10:49:14", "elapsed": 18.566339, "delta": 5.932155}}
{"target": 0.3642857142857143, "params": {"activation_function": 1.779215915328495, "amount_of_layers": 7.290259433890336, "batch_size": 123.45267464078239, "dropout_rate": 0.28153004444635726, "epochs": 72.18396561467807, "hidden_channels": 13.959283580089059, "learning_rate": 0.04245618941908446, "optimizer": 1.893444065311262, "pooling_algorithm": 0.6682759685120139}, "datetime": {"datetime": "2023-11-30 10:49:15", "elapsed": 20.360486, "delta": 1.794147}}
{"target": 0.37857142857142856, "params": {"activation_function": 0.9563964822143423, "amount_of_layers": 2.27909002727693, "batch_size": 23.285319314155352, "dropout_rate": 0.6290099277382908, "epochs": 163.37665763454515, "hidden_channels": 11.466381084103014, "learning_rate": 0.019111983546528093, "optimizer": 1.5543173960945476, "pooling_algorithm": 0.8424539005918955}, "datetime": {"datetime": "2023-11-30 10:49:19", "elapsed": 24.340392, "delta": 3.979906}}
{"target": 0.25892857142857145, "params": {"activation_function": 1.2057743703495436, "amount_of_layers": 1.5337343628555988, "batch_size": 112.73906183240894, "dropout_rate": 0.6618186612259378, "epochs": 26.033659844875892, "hidden_channels": 39.105886528938754, "learning_rate": 0.007490551127386495, "optimizer": 0.7885022795432446, "pooling_algorithm": 0.23290418953719494}, "datetime": {"datetime": "2023-11-30 10:49:20", "elapsed": 24.860045, "delta": 0.519653}}
{"target": 0.7375, "params": {"activation_function": 1.7448860823880652, "amount_of_layers": 5.805090736751164, "batch_size": 22.95462542292805, "dropout_rate": 0.6959797626257805, "epochs": 75.820748718354, "hidden_channels": 44.984518269302285, "learning_rate": 0.06531778386252746, "optimizer": 0.8930169043124749, "pooling_algorithm": 0.41978843373561314}, "datetime": {"datetime": "2023-11-30 10:49:24", "elapsed": 28.519705, "delta": 3.65966}}
{"target": 0.6785714285714286, "params": {"activation_function": 1.2948136168919868, "amount_of_layers": 8.720259265982989, "batch_size": 127.01713655174215, "dropout_rate": 0.2778138751268344, "epochs": 126.4542772392253, "hidden_channels": 72.88159194260498, "learning_rate": 0.010400185129268241, "optimizer": 1.5637739631390941, "pooling_algorithm": 0.9349628689584729}, "datetime": {"datetime": "2023-11-30 10:49:28", "elapsed": 33.463723, "delta": 4.944018}}
{"target": 0.5, "params": {"activation_function": 1.3506207519074112, "amount_of_layers": 5.8310111824051, "batch_size": 68.72882216213009, "dropout_rate": 0.6032426260937807, "epochs": 79.60748730396794, "hidden_channels": 117.98445279157531, "learning_rate": 0.050296440089427276, "optimizer": 0.8396396171866947, "pooling_algorithm": 0.5480565394350555}, "datetime": {"datetime": "2023-11-30 10:49:32", "elapsed": 37.306667, "delta": 3.842944}}
{"target": 0.9142857142857143, "params": {"activation_function": 1.9309233887498356, "amount_of_layers": 4.004265361938505, "batch_size": 99.10456510083023, "dropout_rate": 0.5495737640136833, "epochs": 151.54893699063754, "hidden_channels": 97.82239039568499, "learning_rate": 0.04175128987165861, "optimizer": 0.3464703399569098, "pooling_algorithm": 0.9853113571346753}, "datetime": {"datetime": "2023-11-30 10:49:36", "elapsed": 40.934863, "delta": 3.628196}}
{"target": 0.7125, "params": {"activation_function": 0.3072276920527546, "amount_of_layers": 6.376622955655114, "batch_size": 29.41180669163874, "dropout_rate": 0.5442480350380611, "epochs": 199.99741746458793, "hidden_channels": 33.470943533434344, "learning_rate": 0.01947454552455462, "optimizer": 1.259476507239687, "pooling_algorithm": 0.22254933419129352}, "datetime": {"datetime": "2023-11-30 10:49:44", "elapsed": 49.279382, "delta": 8.344519}}
{"target": 0.5, "params": {"activation_function": 0.12422760369481778, "amount_of_layers": 6.493153646702428, "batch_size": 119.88910428753496, "dropout_rate": 0.6211089014500211, "epochs": 182.8607786752277, "hidden_channels": 116.53745345027858, "learning_rate": 0.05213154035095883, "optimizer": 0.9992237401077588, "pooling_algorithm": 0.8013432681161693}, "datetime": {"datetime": "2023-11-30 10:49:51", "elapsed": 56.425411, "delta": 7.146029}}
{"target": 0.5, "params": {"activation_function": 0.555057553640449, "amount_of_layers": 6.5168382910387725, "batch_size": 131.74960482615052, "dropout_rate": 0.2794358443777485, "epochs": 148.6771899283451, "hidden_channels": 125.38736082860932, "learning_rate": 0.06923026774693088, "optimizer": 0.9519947813855023, "pooling_algorithm": 0.7903555711208288}, "datetime": {"datetime": "2023-11-30 10:49:58", "elapsed": 63.195339, "delta": 6.769928}}
{"target": 0.5857142857142857, "params": {"activation_function": 0.4944028952218562, "amount_of_layers": 4.511681624123439, "batch_size": 143.83947806681053, "dropout_rate": 0.31761172576448493, "epochs": 191.8109239669294, "hidden_channels": 75.41266344313804, "learning_rate": 0.020780404987380027, "optimizer": 1.7533811023878516, "pooling_algorithm": 0.4689785081268174}, "datetime": {"datetime": "2023-11-30 10:50:03", "elapsed": 67.958564, "delta": 4.763225}}
{"target": 0.9071428571428573, "params": {"activation_function": 0.04067898455834296, "amount_of_layers": 3.1294067305888302, "batch_size": 145.66144274549674, "dropout_rate": 0.6598392325675683, "epochs": 103.37668305870952, "hidden_channels": 60.436667990534225, "learning_rate": 0.0634524385880427, "optimizer": 0.0, "pooling_algorithm": 0.6566385114290858}, "datetime": {"datetime": "2023-11-30 10:50:05", "elapsed": 69.790889, "delta": 1.832325}}
{"target": 0.26249999999999996, "params": {"activation_function": 1.4510714088406134, "amount_of_layers": 3.3610309072497753, "batch_size": 144.59806849090756, "dropout_rate": 0.5537774281538221, "epochs": 103.6888625309366, "hidden_channels": 61.193167785499234, "learning_rate": 0.07505993040604726, "optimizer": 0.8595318023741501, "pooling_algorithm": 0.002717813155181492}, "datetime": {"datetime": "2023-11-30 10:50:07", "elapsed": 71.635362, "delta": 1.844473}}
{"target": 0.9089285714285714, "params": {"activation_function": 0.2040563892137901, "amount_of_layers": 8.76122940939042, "batch_size": 92.18458445095597, "dropout_rate": 0.2949471691132631, "epochs": 15.467593891137696, "hidden_channels": 8.237684572944026, "learning_rate": 0.027793721126010782, "optimizer": 0.5102634056070527, "pooling_algorithm": 0.9336970257526843}, "datetime": {"datetime": "2023-11-30 10:50:07", "elapsed": 72.065009, "delta": 0.429647}}
{"target": 0.8321428571428572, "params": {"activation_function": 1.5084776507080337, "amount_of_layers": 4.8780090833839465, "batch_size": 58.238641126788046, "dropout_rate": 0.6725330965315033, "epochs": 124.3526041345891, "hidden_channels": 92.11483804037437, "learning_rate": 0.001212530444206736, "optimizer": 1.9418583420350402, "pooling_algorithm": 0.6238022539581276}, "datetime": {"datetime": "2023-11-30 10:50:11", "elapsed": 75.837716, "delta": 3.772707}}
{"target": 0.8035714285714286, "params": {"activation_function": 1.987096362307175, "amount_of_layers": 4.8940047937764755, "batch_size": 65.08149246349348, "dropout_rate": 0.3218605444902619, "epochs": 127.2701084408234, "hidden_channels": 69.22867680223236, "learning_rate": 0.012164091774590644, "optimizer": 1.4108506545427901, "pooling_algorithm": 0.5315376066643925}, "datetime": {"datetime": "2023-11-30 10:50:14", "elapsed": 79.508593, "delta": 3.670877}}
{"target": 0.9107142857142858, "params": {"activation_function": 1.7033395444758694, "amount_of_layers": 2.856687899505406, "batch_size": 31.999939965991015, "dropout_rate": 0.3938955928678131, "epochs": 168.73289415964183, "hidden_channels": 52.59373675653505, "learning_rate": 0.0692978165013202, "optimizer": 0.10475596135046539, "pooling_algorithm": 0.7230129686171703}, "datetime": {"datetime": "2023-11-30 10:50:19", "elapsed": 83.576017, "delta": 4.067424}}
{"target": 0.5, "params": {"activation_function": 0.830586767860747, "amount_of_layers": 3.4408846331156973, "batch_size": 33.83713912702834, "dropout_rate": 0.31690103591806323, "epochs": 140.50867301571364, "hidden_channels": 9.265967661202538, "learning_rate": 0.07243433262750512, "optimizer": 0.8767366808584984, "pooling_algorithm": 0.7131319348384753}, "datetime": {"datetime": "2023-11-30 10:50:22", "elapsed": 86.740451, "delta": 3.164434}}
{"target": 0.9178571428571429, "params": {"activation_function": 1.7509934799802365, "amount_of_layers": 8.72686755315533, "batch_size": 61.27830179849192, "dropout_rate": 0.27711388060892683, "epochs": 127.45099285864269, "hidden_channels": 73.55017264005342, "learning_rate": 0.07707928602789745, "optimizer": 0.18156385712879342, "pooling_algorithm": 0.6527483642051308}, "datetime": {"datetime": "2023-11-30 10:50:27", "elapsed": 91.891577, "delta": 5.151126}}
{"target": 0.5464285714285715, "params": {"activation_function": 1.9330831533099535, "amount_of_layers": 2.5476570118760105, "batch_size": 103.12540366412384, "dropout_rate": 0.6694688569108376, "epochs": 73.1538476006842, "hidden_channels": 8.205398157549704, "learning_rate": 0.08898297391312525, "optimizer": 0.07057565371031238, "pooling_algorithm": 0.23877649880331264}, "datetime": {"datetime": "2023-11-30 10:50:28", "elapsed": 92.865887, "delta": 0.97431}}
{"target": 0.5, "params": {"activation_function": 1.3396704693826864, "amount_of_layers": 1.8633869848417417, "batch_size": 55.71258934334491, "dropout_rate": 0.3850667035537651, "epochs": 108.72319755258349, "hidden_channels": 43.78618040704514, "learning_rate": 0.04442269489940245, "optimizer": 1.4681291544959258, "pooling_algorithm": 0.8363194708968267}, "datetime": {"datetime": "2023-11-30 10:50:30", "elapsed": 94.889819, "delta": 2.023932}}
{"target": 0.5, "params": {"activation_function": 1.8751590357599432, "amount_of_layers": 7.2611582731976165, "batch_size": 89.26204624070151, "dropout_rate": 0.37786949946927895, "epochs": 42.42373729964607, "hidden_channels": 108.01507705133874, "learning_rate": 0.08469969740859837, "optimizer": 0.8627417095011698, "pooling_algorithm": 0.62403367769064}, "datetime": {"datetime": "2023-11-30 10:50:32", "elapsed": 96.573554, "delta": 1.683735}}
{"target": 0.6357142857142857, "params": {"activation_function": 1.1561188314825046, "amount_of_layers": 8.711199678498943, "batch_size": 70.18834859707817, "dropout_rate": 0.28476441734398, "epochs": 31.801816671722225, "hidden_channels": 72.61430837048272, "learning_rate": 0.09262453020177584, "optimizer": 1.7169446999281222, "pooling_algorithm": 0.9797536887424733}, "datetime": {"datetime": "2023-11-30 10:50:33", "elapsed": 98.058286, "delta": 1.484732}}
{"target": 0.575, "params": {"activation_function": 1.1951082599102851, "amount_of_layers": 8.805763078708956, "batch_size": 18.790813044493767, "dropout_rate": 0.6600125181408135, "epochs": 10.49174947778096, "hidden_channels": 78.66981917758913, "learning_rate": 0.06240509592638454, "optimizer": 1.9161444978249802, "pooling_algorithm": 0.4405080338572873}, "datetime": {"datetime": "2023-11-30 10:50:34", "elapsed": 98.992798, "delta": 0.934512}}
{"target": 0.7464285714285716, "params": {"activation_function": 0.5734228002643129, "amount_of_layers": 1.7804002142489148, "batch_size": 33.400057080017966, "dropout_rate": 0.27466660798659226, "epochs": 199.75583256880623, "hidden_channels": 120.39517369544245, "learning_rate": 0.00673810504129447, "optimizer": 0.20283739305336068, "pooling_algorithm": 0.3298443363753548}, "datetime": {"datetime": "2023-11-30 10:50:39", "elapsed": 104.28642, "delta": 5.293622}}
{"target": 0.85, "params": {"activation_function": 1.3230309681978032, "amount_of_layers": 3.0549264561936447, "batch_size": 100.60721183329296, "dropout_rate": 0.7170874511994743, "epochs": 147.13637595264944, "hidden_channels": 62.601070685743515, "learning_rate": 0.02508002666529758, "optimizer": 0.5808158473885683, "pooling_algorithm": 0.02721203853545795}, "datetime": {"datetime": "2023-11-30 10:50:42", "elapsed": 107.065327, "delta": 2.778907}}
{"target": 0.6857142857142857, "params": {"activation_function": 0.4463784558320596, "amount_of_layers": 6.993143952571971, "batch_size": 22.749172326558092, "dropout_rate": 0.6519576863428407, "epochs": 174.89768349117634, "hidden_channels": 46.168671129069764, "learning_rate": 0.0826946765334346, "optimizer": 0.5203745640188762, "pooling_algorithm": 0.6648260038773325}, "datetime": {"datetime": "2023-11-30 10:50:52", "elapsed": 117.036576, "delta": 9.971249}}
{"target": 0.09999999999999999, "params": {"activation_function": 1.1725818520191542, "amount_of_layers": 3.1450307694390425, "batch_size": 149.85471093887278, "dropout_rate": 0.5366555887425906, "epochs": 60.90930909722477, "hidden_channels": 12.351068321785121, "learning_rate": 0.007197986169774141, "optimizer": 0.02429021820180366, "pooling_algorithm": 0.9124532008154602}, "datetime": {"datetime": "2023-11-30 10:50:53", "elapsed": 117.853586, "delta": 0.81701}}
{"target": 0.6357142857142857, "params": {"activation_function": 1.3378557151166903, "amount_of_layers": 8.933470446624003, "batch_size": 142.4909562204768, "dropout_rate": 0.598429665217261, "epochs": 71.92360298793642, "hidden_channels": 58.12645438691675, "learning_rate": 0.014481026891378632, "optimizer": 1.582889793609688, "pooling_algorithm": 0.7369321603036301}, "datetime": {"datetime": "2023-11-30 10:50:56", "elapsed": 120.530543, "delta": 2.676957}}
{"target": 0.5, "params": {"activation_function": 0.8972526270738352, "amount_of_layers": 4.35446698772433, "batch_size": 81.878493245736, "dropout_rate": 0.6279267531339056, "epochs": 129.52315094342873, "hidden_channels": 124.169451773649, "learning_rate": 0.026969751690645298, "optimizer": 1.9350817684952037, "pooling_algorithm": 0.832469628382297}, "datetime": {"datetime": "2023-11-30 10:51:00", "elapsed": 124.776752, "delta": 4.246209}}
{"target": 0.3392857142857143, "params": {"activation_function": 0.16680600269066215, "amount_of_layers": 6.572770802004828, "batch_size": 32.769715956763875, "dropout_rate": 0.31175346812357146, "epochs": 173.7686874290171, "hidden_channels": 88.68885095626821, "learning_rate": 0.02000492343137897, "optimizer": 1.7323949966206487, "pooling_algorithm": 0.5641848916596056}, "datetime": {"datetime": "2023-11-30 10:51:10", "elapsed": 134.941508, "delta": 10.164756}}
{"target": 0.7821428571428571, "params": {"activation_function": 1.933073172304103, "amount_of_layers": 1.6965370408885247, "batch_size": 20.12389949525302, "dropout_rate": 0.2731291010921663, "epochs": 139.9014008058575, "hidden_channels": 6.752831622014759, "learning_rate": 0.06793222303746083, "optimizer": 0.24696627746151578, "pooling_algorithm": 0.4778310215831332}, "datetime": {"datetime": "2023-11-30 10:51:14", "elapsed": 138.563236, "delta": 3.621728}}
{"target": 0.4571428571428572, "params": {"activation_function": 0.17884056641916923, "amount_of_layers": 6.634316614597809, "batch_size": 99.35048188348662, "dropout_rate": 0.7330163457233193, "epochs": 152.00314323698854, "hidden_channels": 33.26973788860636, "learning_rate": 0.03318030629297953, "optimizer": 1.8536418609704486, "pooling_algorithm": 0.7720725481194551}, "datetime": {"datetime": "2023-11-30 10:51:18", "elapsed": 142.762582, "delta": 4.199346}}
{"target": 0.5, "params": {"activation_function": 0.4865919893954125, "amount_of_layers": 4.6776105608376986, "batch_size": 43.596908125257414, "dropout_rate": 0.3803517891211973, "epochs": 36.58591124510228, "hidden_channels": 81.88389128100108, "learning_rate": 0.09623662024992206, "optimizer": 1.2036995006840117, "pooling_algorithm": 0.5580875419163742}, "datetime": {"datetime": "2023-11-30 10:51:19", "elapsed": 144.258265, "delta": 1.495683}}
{"target": 0.9142857142857144, "params": {"activation_function": 1.715565877333974, "amount_of_layers": 2.121430927120633, "batch_size": 85.78876267047845, "dropout_rate": 0.5074427750317498, "epochs": 171.33981411548746, "hidden_channels": 61.142528513263045, "learning_rate": 0.07092371627593821, "optimizer": 0.21049593092241614, "pooling_algorithm": 0.7802424663396457}, "datetime": {"datetime": "2023-11-30 10:51:22", "elapsed": 146.90898, "delta": 2.650715}}
{"target": 0.9017857142857143, "params": {"activation_function": 1.14597911672375, "amount_of_layers": 6.755650879605605, "batch_size": 41.45820988272871, "dropout_rate": 0.5570712812431897, "epochs": 141.79133778220984, "hidden_channels": 107.801859498519, "learning_rate": 0.05230849061975301, "optimizer": 0.0978419222098037, "pooling_algorithm": 0.94601717917538}, "datetime": {"datetime": "2023-11-30 10:51:29", "elapsed": 153.908024, "delta": 6.999044}}
{"target": 0.6357142857142857, "params": {"activation_function": 1.3794064895050773, "amount_of_layers": 7.234055136037529, "batch_size": 84.10685291919759, "dropout_rate": 0.2820815151342298, "epochs": 119.46115645262957, "hidden_channels": 89.57114408939057, "learning_rate": 0.033062137517927165, "optimizer": 1.0236905726655996, "pooling_algorithm": 0.9791509546681499}, "datetime": {"datetime": "2023-11-30 10:51:33", "elapsed": 158.299569, "delta": 4.391545}}
{"target": 0.5, "params": {"activation_function": 1.1416775330643327, "amount_of_layers": 1.6393802864211535, "batch_size": 127.47832772390396, "dropout_rate": 0.5056723362547392, "epochs": 94.28222235481259, "hidden_channels": 16.056706458445383, "learning_rate": 0.06178834196079362, "optimizer": 0.9901318290202781, "pooling_algorithm": 0.5226964142407888}, "datetime": {"datetime": "2023-11-30 10:51:34", "elapsed": 159.48263, "delta": 1.183061}}
