{"target": 0.26428571428571423, "params": {"activation_function": 1.112303747359691, "amount_of_layers": 2.44917550559083, "batch_size": 121.60278827181757, "dropout_rate": 0.6597526189591267, "epochs": 57.125924913384374, "hidden_channels": 69.25565889106029, "learning_rate": 0.06821457997006687, "optimizer": 1.2553945090485306, "pooling_algorithm": 0.08183797485231192}, "datetime": {"datetime": "2023-11-30 11:03:40", "elapsed": 93.793899, "delta": 1.071276}}
{"target": 0.5, "params": {"activation_function": 0.35937341722411165, "amount_of_layers": 4.606878024415914, "batch_size": 98.09592979488293, "dropout_rate": 0.4289670932801465, "epochs": 93.41141103153107, "hidden_channels": 13.119600130223976, "learning_rate": 0.08876054854649447, "optimizer": 1.7056202079128342, "pooling_algorithm": 0.6455550825291918}, "datetime": {"datetime": "2023-11-30 11:03:42", "elapsed": 95.772248, "delta": 1.978349}}
{"target": 0.9071428571428573, "params": {"activation_function": 1.9589131491760392, "amount_of_layers": 5.7136053402177565, "batch_size": 97.67038194087456, "dropout_rate": 0.6635246142826559, "epochs": 91.43129592799325, "hidden_channels": 15.473176183689022, "learning_rate": 0.05845246442606895, "optimizer": 0.4483693847197059, "pooling_algorithm": 0.9718500034028988}, "datetime": {"datetime": "2023-11-30 11:03:44", "elapsed": 97.820407, "delta": 2.048159}}
{"target": 0.2625, "params": {"activation_function": 0.08895808303630903, "amount_of_layers": 4.63065522092462, "batch_size": 37.39212386461678, "dropout_rate": 0.2857219724977278, "epochs": 20.74362197420158, "hidden_channels": 16.504290514566478, "learning_rate": 0.07814309798021364, "optimizer": 0.6851892220273941, "pooling_algorithm": 0.49265303859581533}, "datetime": {"datetime": "2023-11-30 11:03:45", "elapsed": 98.837062, "delta": 1.016655}}
{"target": 0.2571428571428571, "params": {"activation_function": 0.8683442556541263, "amount_of_layers": 3.6305678653460234, "batch_size": 101.8586950345272, "dropout_rate": 0.6754715137428569, "epochs": 105.04367734239233, "hidden_channels": 10.726706562959393, "learning_rate": 0.040043567981681745, "optimizer": 0.310201823849108, "pooling_algorithm": 0.42219998744425646}, "datetime": {"datetime": "2023-11-30 11:03:47", "elapsed": 100.870041, "delta": 2.032979}}
{"target": 0.7339285714285714, "params": {"activation_function": 1.316532479362587, "amount_of_layers": 7.832431902154657, "batch_size": 115.87315475092589, "dropout_rate": 0.502825980441322, "epochs": 116.05833246859022, "hidden_channels": 64.51729613091783, "learning_rate": 0.07446717796341325, "optimizer": 0.9813380678831214, "pooling_algorithm": 0.29286523749683546}, "datetime": {"datetime": "2023-11-30 11:03:50", "elapsed": 104.204195, "delta": 3.334154}}
{"target": 0.6392857142857142, "params": {"activation_function": 0.5658453909394077, "amount_of_layers": 6.165933081384232, "batch_size": 136.91336776898248, "dropout_rate": 0.578321207554495, "epochs": 197.42546562816844, "hidden_channels": 68.43660118934407, "learning_rate": 0.010546602866705307, "optimizer": 1.1349053341261819, "pooling_algorithm": 0.5123381551257921}, "datetime": {"datetime": "2023-11-30 11:03:55", "elapsed": 109.042685, "delta": 4.83849}}
{"target": 0.45357142857142857, "params": {"activation_function": 0.5664758075510707, "amount_of_layers": 2.6123894348670538, "batch_size": 24.4660067802878, "dropout_rate": 0.6269910637607223, "epochs": 22.627079014729198, "hidden_channels": 105.60928394480338, "learning_rate": 0.09604107851194275, "optimizer": 1.032666334613976, "pooling_algorithm": 0.39301609964666717}, "datetime": {"datetime": "2023-11-30 11:03:56", "elapsed": 110.213632, "delta": 1.170947}}
{"target": 0.2642857142857143, "params": {"activation_function": 0.9702211797969429, "amount_of_layers": 2.575740055747028, "batch_size": 78.16051663538795, "dropout_rate": 0.7283825064008308, "epochs": 53.125018424040086, "hidden_channels": 102.56893859699156, "learning_rate": 0.015697712790986345, "optimizer": 0.8676842411921761, "pooling_algorithm": 0.05889997335493735}, "datetime": {"datetime": "2023-11-30 11:03:57", "elapsed": 111.310684, "delta": 1.097052}}
{"target": 0.8964285714285715, "params": {"activation_function": 0.9173492631553413, "amount_of_layers": 8.098113020436227, "batch_size": 95.86967818061896, "dropout_rate": 0.6456090109466073, "epochs": 113.36103176687351, "hidden_channels": 115.84823924476, "learning_rate": 0.044282751659866795, "optimizer": 0.10482318841327865, "pooling_algorithm": 0.758037085747469}, "datetime": {"datetime": "2023-11-30 11:04:01", "elapsed": 114.72357, "delta": 3.412886}}
{"target": 0.5, "params": {"activation_function": 1.504935999336662, "amount_of_layers": 1.1130879081086187, "batch_size": 119.97855506238778, "dropout_rate": 0.48023655693121653, "epochs": 61.50965207287335, "hidden_channels": 117.43609797837247, "learning_rate": 0.0918216569306671, "optimizer": 0.9023794268735343, "pooling_algorithm": 0.5251028814948929}, "datetime": {"datetime": "2023-11-30 11:04:02", "elapsed": 115.776004, "delta": 1.052434}}
{"target": 0.8535714285714286, "params": {"activation_function": 1.7690406155552765, "amount_of_layers": 2.0453331763373974, "batch_size": 133.20657050233456, "dropout_rate": 0.4968347923407929, "epochs": 47.381126679606744, "hidden_channels": 10.08943538603138, "learning_rate": 0.005846959576837487, "optimizer": 0.40023766613253464, "pooling_algorithm": 0.5712866581519223}, "datetime": {"datetime": "2023-11-30 11:04:03", "elapsed": 116.601762, "delta": 0.825758}}
{"target": 0.9035714285714287, "params": {"activation_function": 1.1640314042672388, "amount_of_layers": 8.10420344507644, "batch_size": 100.81344823395925, "dropout_rate": 0.6333019036891474, "epochs": 62.408854562365214, "hidden_channels": 18.662323512408786, "learning_rate": 0.05037386692659094, "optimizer": 0.0652943808537112, "pooling_algorithm": 0.8411495267280087}, "datetime": {"datetime": "2023-11-30 11:04:04", "elapsed": 118.304284, "delta": 1.702522}}
{"target": 0.8857142857142858, "params": {"activation_function": 0.04378401148157418, "amount_of_layers": 8.97460813571831, "batch_size": 90.06195284709734, "dropout_rate": 0.48059561879956875, "epochs": 46.73229044864459, "hidden_channels": 20.19266400592023, "learning_rate": 0.005637866535880303, "optimizer": 1.4321601304640386, "pooling_algorithm": 0.5453932458182638}, "datetime": {"datetime": "2023-11-30 11:04:06", "elapsed": 119.688054, "delta": 1.38377}}
{"target": 0.5, "params": {"activation_function": 0.9940670477320197, "amount_of_layers": 3.821151345815421, "batch_size": 48.25568229224387, "dropout_rate": 0.3878899842338586, "epochs": 49.068050243988615, "hidden_channels": 49.16857185491821, "learning_rate": 0.042867562691167434, "optimizer": 0.5719703260317015, "pooling_algorithm": 0.6448980202976355}, "datetime": {"datetime": "2023-11-30 11:04:07", "elapsed": 121.365015, "delta": 1.676961}}
{"target": 0.675, "params": {"activation_function": 0.8944618770984742, "amount_of_layers": 8.244398739059953, "batch_size": 130.70633520596175, "dropout_rate": 0.26975309856775265, "epochs": 166.73711010457905, "hidden_channels": 28.506495680570755, "learning_rate": 0.01731150142896665, "optimizer": 1.0683934272894124, "pooling_algorithm": 0.8023657716678778}, "datetime": {"datetime": "2023-11-30 11:04:12", "elapsed": 125.600484, "delta": 4.235469}}
{"target": 0.5, "params": {"activation_function": 1.6599057549100629, "amount_of_layers": 8.532230111494528, "batch_size": 106.76740253379583, "dropout_rate": 0.5878851758692727, "epochs": 59.10528014997398, "hidden_channels": 40.78256607581174, "learning_rate": 0.06273145265162772, "optimizer": 1.7596279499228022, "pooling_algorithm": 0.6525897331557443}, "datetime": {"datetime": "2023-11-30 11:04:13", "elapsed": 127.294353, "delta": 1.693869}}
{"target": 0.8910714285714286, "params": {"activation_function": 0.1423212419064701, "amount_of_layers": 8.880965593612345, "batch_size": 72.58939314493227, "dropout_rate": 0.469035384176157, "epochs": 132.38356436361175, "hidden_channels": 46.33433387892125, "learning_rate": 0.011614459255808767, "optimizer": 1.4478040611313703, "pooling_algorithm": 0.6230428004953464}, "datetime": {"datetime": "2023-11-30 11:04:18", "elapsed": 132.264418, "delta": 4.970065}}
{"target": 0.5, "params": {"activation_function": 1.2770969527268217, "amount_of_layers": 8.312691969150553, "batch_size": 97.79651241755542, "dropout_rate": 0.47846508893278994, "epochs": 32.95471660270042, "hidden_channels": 108.28081434324079, "learning_rate": 0.03509841714154529, "optimizer": 1.1716017232870766, "pooling_algorithm": 0.58712809616931}, "datetime": {"datetime": "2023-11-30 11:04:19", "elapsed": 133.402949, "delta": 1.138531}}
{"target": 0.5178571428571429, "params": {"activation_function": 0.5920005557193708, "amount_of_layers": 5.8520126309592335, "batch_size": 37.00749591733384, "dropout_rate": 0.4132892138846712, "epochs": 69.2823530384586, "hidden_channels": 78.40725051696309, "learning_rate": 0.09035818624313094, "optimizer": 1.93066506931997, "pooling_algorithm": 0.5034666207984541}, "datetime": {"datetime": "2023-11-30 11:04:23", "elapsed": 136.485825, "delta": 3.082876}}
{"target": 0.8285714285714286, "params": {"activation_function": 1.9720805748294468, "amount_of_layers": 1.9496572644611936, "batch_size": 110.40256665946316, "dropout_rate": 0.26990213814300595, "epochs": 171.86667060870803, "hidden_channels": 104.21809978861631, "learning_rate": 0.0177474662780418, "optimizer": 1.2040857767053879, "pooling_algorithm": 0.2515165968321741}, "datetime": {"datetime": "2023-11-30 11:04:26", "elapsed": 139.437742, "delta": 2.951917}}
{"target": 0.9035714285714285, "params": {"activation_function": 0.1745022814001611, "amount_of_layers": 1.9054621495543316, "batch_size": 65.65298784999828, "dropout_rate": 0.740975545995977, "epochs": 10.06368035977253, "hidden_channels": 30.52593174872854, "learning_rate": 0.0035378137570562093, "optimizer": 1.5501442310206053, "pooling_algorithm": 0.623875015400475}, "datetime": {"datetime": "2023-11-30 11:04:26", "elapsed": 139.844813, "delta": 0.407071}}
{"target": 0.32857142857142857, "params": {"activation_function": 1.1407827842497673, "amount_of_layers": 6.5122132451506785, "batch_size": 83.5785860129047, "dropout_rate": 0.40518055352777704, "epochs": 106.53012631910416, "hidden_channels": 57.735091556342866, "learning_rate": 0.05659922969032075, "optimizer": 0.12335818769407036, "pooling_algorithm": 0.24991452848490658}, "datetime": {"datetime": "2023-11-30 11:04:29", "elapsed": 142.444171, "delta": 2.599358}}
{"target": 0.5, "params": {"activation_function": 0.48784307212047007, "amount_of_layers": 1.5252583394371424, "batch_size": 146.09352566832325, "dropout_rate": 0.4785344874041728, "epochs": 154.32845759795433, "hidden_channels": 49.77255267731532, "learning_rate": 0.04950697178014187, "optimizer": 0.9835005359831497, "pooling_algorithm": 0.12378278824645328}, "datetime": {"datetime": "2023-11-30 11:04:31", "elapsed": 144.986952, "delta": 2.542781}}
{"target": 0.8142857142857143, "params": {"activation_function": 1.6535022836996665, "amount_of_layers": 1.6788359315489476, "batch_size": 78.33418159223743, "dropout_rate": 0.4055467521930836, "epochs": 27.585790829052105, "hidden_channels": 52.43632986399091, "learning_rate": 0.08588656753348878, "optimizer": 1.1413346151331927, "pooling_algorithm": 0.36638439412129264}, "datetime": {"datetime": "2023-11-30 11:04:32", "elapsed": 145.578211, "delta": 0.591259}}
{"target": 0.5, "params": {"activation_function": 0.4726672391464637, "amount_of_layers": 2.417227580298009, "batch_size": 100.31840242162349, "dropout_rate": 0.5575857696456881, "epochs": 178.8275989221139, "hidden_channels": 82.52326107766237, "learning_rate": 0.03432559284935258, "optimizer": 0.6577692227179237, "pooling_algorithm": 0.9905795714526097}, "datetime": {"datetime": "2023-11-30 11:04:35", "elapsed": 148.572563, "delta": 2.994352}}
{"target": 0.9142857142857143, "params": {"activation_function": 1.6361591012602716, "amount_of_layers": 1.6369602294140053, "batch_size": 20.5781216752152, "dropout_rate": 0.3334666969180666, "epochs": 100.40883652231464, "hidden_channels": 36.89729643189919, "learning_rate": 0.07752173955078805, "optimizer": 0.08546523242861248, "pooling_algorithm": 0.6767893883507161}, "datetime": {"datetime": "2023-11-30 11:04:39", "elapsed": 152.747846, "delta": 4.175283}}
{"target": 0.5, "params": {"activation_function": 0.5798160378636343, "amount_of_layers": 2.8334476723615465, "batch_size": 65.84759434388235, "dropout_rate": 0.328122133029768, "epochs": 99.6770942680383, "hidden_channels": 40.46694297977635, "learning_rate": 0.028327780558667255, "optimizer": 1.3743380579358264, "pooling_algorithm": 0.5140234316476032}, "datetime": {"datetime": "2023-11-30 11:04:41", "elapsed": 155.084583, "delta": 2.336737}}
{"target": 0.2571428571428571, "params": {"activation_function": 0.40747174785334983, "amount_of_layers": 7.180191828698923, "batch_size": 89.87670439215931, "dropout_rate": 0.3362199021648319, "epochs": 61.058925070154224, "hidden_channels": 53.997668558691636, "learning_rate": 0.02663664646072301, "optimizer": 0.6495788567873952, "pooling_algorithm": 0.021178916412293747}, "datetime": {"datetime": "2023-11-30 11:04:43", "elapsed": 156.642193, "delta": 1.55761}}
{"target": 0.5, "params": {"activation_function": 0.5831325335292501, "amount_of_layers": 7.811183795674813, "batch_size": 101.30025545807615, "dropout_rate": 0.537590971933321, "epochs": 126.85752953123318, "hidden_channels": 92.35632981292065, "learning_rate": 0.0736125815967398, "optimizer": 0.7264580755831356, "pooling_algorithm": 0.8784501040434421}, "datetime": {"datetime": "2023-11-30 11:04:46", "elapsed": 160.212487, "delta": 3.570294}}
{"target": 0.7410714285714286, "params": {"activation_function": 1.7978771270609541, "amount_of_layers": 5.972450227991806, "batch_size": 143.42527614450918, "dropout_rate": 0.27361907827475307, "epochs": 128.74514982656981, "hidden_channels": 109.86711468060518, "learning_rate": 0.008560016969146243, "optimizer": 0.55897223976592, "pooling_algorithm": 0.10507007208103536}, "datetime": {"datetime": "2023-11-30 11:04:50", "elapsed": 163.864556, "delta": 3.652069}}
{"target": 0.8214285714285714, "params": {"activation_function": 0.24186755712535368, "amount_of_layers": 1.5312578474655547, "batch_size": 99.98814931958532, "dropout_rate": 0.4235757272393353, "epochs": 112.64816243460326, "hidden_channels": 19.88810759734867, "learning_rate": 0.017660309970303066, "optimizer": 0.6153112832797119, "pooling_algorithm": 0.14816037670165105}, "datetime": {"datetime": "2023-11-30 11:04:52", "elapsed": 165.797373, "delta": 1.932817}}
{"target": 0.8339285714285714, "params": {"activation_function": 0.7280397085692893, "amount_of_layers": 1.4245930822128603, "batch_size": 73.23383592208432, "dropout_rate": 0.5646094564791913, "epochs": 191.68604035494462, "hidden_channels": 9.947071448636716, "learning_rate": 0.09425884154096306, "optimizer": 1.9208647950902313, "pooling_algorithm": 0.4629545586775289}, "datetime": {"datetime": "2023-11-30 11:04:55", "elapsed": 169.339744, "delta": 3.542371}}
{"target": 0.7767857142857143, "params": {"activation_function": 1.677272834166102, "amount_of_layers": 1.3842058401455075, "batch_size": 48.1674082887003, "dropout_rate": 0.48215478906472115, "epochs": 33.57561580250274, "hidden_channels": 80.52795051605253, "learning_rate": 0.02582244302366539, "optimizer": 0.91770440709365, "pooling_algorithm": 0.6374757617773292}, "datetime": {"datetime": "2023-11-30 11:04:56", "elapsed": 170.198302, "delta": 0.858558}}
{"target": 0.5, "params": {"activation_function": 1.1047683183693107, "amount_of_layers": 4.293361895789371, "batch_size": 122.056535587371, "dropout_rate": 0.3429142823821724, "epochs": 56.08674096721771, "hidden_channels": 116.91424534139213, "learning_rate": 0.08470355001641358, "optimizer": 1.4509830382400808, "pooling_algorithm": 0.6801975893222821}, "datetime": {"datetime": "2023-11-30 11:04:58", "elapsed": 171.64935, "delta": 1.451048}}
{"target": 0.09464285714285714, "params": {"activation_function": 1.6556346447831523, "amount_of_layers": 4.599792676408624, "batch_size": 103.12950833808007, "dropout_rate": 0.477456729231504, "epochs": 107.71503035986942, "hidden_channels": 7.123845532117901, "learning_rate": 0.024350501162761155, "optimizer": 1.8320226480828357, "pooling_algorithm": 0.7081270092112244}, "datetime": {"datetime": "2023-11-30 11:05:00", "elapsed": 173.912072, "delta": 2.262722}}
{"target": 0.7410714285714286, "params": {"activation_function": 1.4639033194085265, "amount_of_layers": 6.562381909167076, "batch_size": 114.07644136009938, "dropout_rate": 0.7166154812045058, "epochs": 169.29487429391384, "hidden_channels": 72.46478010821592, "learning_rate": 0.09581501538831104, "optimizer": 0.2005096557806072, "pooling_algorithm": 0.2606803329488522}, "datetime": {"datetime": "2023-11-30 11:05:04", "elapsed": 178.182766, "delta": 4.270694}}
{"target": 0.7392857142857143, "params": {"activation_function": 1.7145872032113536, "amount_of_layers": 8.424134408013906, "batch_size": 29.719845383156787, "dropout_rate": 0.3007435075191946, "epochs": 119.4989724867866, "hidden_channels": 79.28322313900796, "learning_rate": 0.07121104731564899, "optimizer": 1.2101885911375014, "pooling_algorithm": 0.05045405388867785}, "datetime": {"datetime": "2023-11-30 11:05:11", "elapsed": 184.703586, "delta": 6.52082}}
{"target": 0.9, "params": {"activation_function": 1.113457900243282, "amount_of_layers": 3.716751949870641, "batch_size": 103.08159924241617, "dropout_rate": 0.7138966940630613, "epochs": 118.85625605853639, "hidden_channels": 31.790638531351792, "learning_rate": 0.046412393029332144, "optimizer": 0.11142277168632853, "pooling_algorithm": 0.5319496002886518}, "datetime": {"datetime": "2023-11-30 11:05:13", "elapsed": 186.983145, "delta": 2.279559}}
{"target": 0.5, "params": {"activation_function": 1.4952918091094878, "amount_of_layers": 7.455210779495177, "batch_size": 96.78724167388125, "dropout_rate": 0.44838992493858987, "epochs": 102.04549284670617, "hidden_channels": 72.98052049120699, "learning_rate": 0.04703421539116575, "optimizer": 1.6762054300131783, "pooling_algorithm": 0.9829441963011518}, "datetime": {"datetime": "2023-11-30 11:05:16", "elapsed": 189.536433, "delta": 2.553288}}
{"target": 0.5, "params": {"activation_function": 1.0122664228112295, "amount_of_layers": 6.167384333779261, "batch_size": 113.65189704632697, "dropout_rate": 0.617451484411307, "epochs": 81.7948915759582, "hidden_channels": 42.53006874531877, "learning_rate": 0.05381690794091494, "optimizer": 0.6877208583954078, "pooling_algorithm": 0.8708940463325934}, "datetime": {"datetime": "2023-11-30 11:05:18", "elapsed": 191.462904, "delta": 1.926471}}
{"target": 0.8999999999999999, "params": {"activation_function": 0.9040173154548858, "amount_of_layers": 8.24830100689929, "batch_size": 78.32056521985359, "dropout_rate": 0.2896446471926401, "epochs": 189.1069627360576, "hidden_channels": 12.296773816857115, "learning_rate": 0.002212568770152884, "optimizer": 1.2556633178306014, "pooling_algorithm": 0.9913344448944836}, "datetime": {"datetime": "2023-11-30 11:05:22", "elapsed": 196.236633, "delta": 4.773729}}
{"target": 0.8142857142857144, "params": {"activation_function": 1.7338150740636968, "amount_of_layers": 4.8383498522414214, "batch_size": 39.98689565988265, "dropout_rate": 0.6853564698117152, "epochs": 193.0307232509563, "hidden_channels": 45.702602284234864, "learning_rate": 0.006673342099590779, "optimizer": 0.2826782344019738, "pooling_algorithm": 0.07949148164030395}, "datetime": {"datetime": "2023-11-30 11:05:29", "elapsed": 202.647216, "delta": 6.410583}}
{"target": 0.8142857142857143, "params": {"activation_function": 0.10320638357362721, "amount_of_layers": 4.816103058156852, "batch_size": 74.58017501113257, "dropout_rate": 0.7342970898315715, "epochs": 182.29879594694427, "hidden_channels": 22.047896707060765, "learning_rate": 0.05327971172800468, "optimizer": 0.6861075067720046, "pooling_algorithm": 0.15151688151818477}, "datetime": {"datetime": "2023-11-30 11:05:33", "elapsed": 206.540521, "delta": 3.893305}}
{"target": 0.8571428571428571, "params": {"activation_function": 0.06933508379356335, "amount_of_layers": 4.224311876679332, "batch_size": 101.00364323514567, "dropout_rate": 0.6529189236429772, "epochs": 90.96318442565922, "hidden_channels": 41.87165899675898, "learning_rate": 0.004745912661063565, "optimizer": 1.3515916271956119, "pooling_algorithm": 0.723931640225676}, "datetime": {"datetime": "2023-11-30 11:05:34", "elapsed": 208.388442, "delta": 1.847921}}
{"target": 0.9053571428571429, "params": {"activation_function": 1.708688794887873, "amount_of_layers": 4.534269938023479, "batch_size": 122.647454404393, "dropout_rate": 0.57296585604555, "epochs": 45.49932229415461, "hidden_channels": 101.60868974397185, "learning_rate": 0.031031076273553105, "optimizer": 1.1503967574517728, "pooling_algorithm": 0.5802459908691381}, "datetime": {"datetime": "2023-11-30 11:05:36", "elapsed": 209.606312, "delta": 1.21787}}
{"target": 0.8232142857142858, "params": {"activation_function": 0.5792477721134517, "amount_of_layers": 1.0793465767660608, "batch_size": 95.09035429883612, "dropout_rate": 0.36824333176691215, "epochs": 162.00556924330098, "hidden_channels": 107.58475392735848, "learning_rate": 0.025120567236822718, "optimizer": 1.4593168691004441, "pooling_algorithm": 0.49782735160292113}, "datetime": {"datetime": "2023-11-30 11:05:38", "elapsed": 212.119406, "delta": 2.513094}}
