{"target": 0.10535714285714284, "params": {"activation_function": 0.4262024763948977, "amount_of_layers": 1.1330225374386265, "batch_size": 103.22657584668235, "dropout_rate": 0.4034571878544481, "epochs": 178.9159029946615, "hidden_channels": 17.425864108477477, "learning_rate": 0.027238584302824668, "optimizer": 1.7748036532776559, "pooling_algorithm": 0.5185890816341935}, "datetime": {"datetime": "2023-11-30 11:39:45", "elapsed": 340.236078, "delta": 2.888218}}
{"target": 0.26249999999999996, "params": {"activation_function": 1.1347952788205586, "amount_of_layers": 4.584457379435239, "batch_size": 125.58472737724958, "dropout_rate": 0.45399188467793894, "epochs": 193.5880913674819, "hidden_channels": 57.46507179036521, "learning_rate": 0.08092412759894971, "optimizer": 1.323152635739466, "pooling_algorithm": 0.4882781869884246}, "datetime": {"datetime": "2023-11-30 11:39:49", "elapsed": 344.835296, "delta": 4.599218}}
{"target": 0.8821428571428571, "params": {"activation_function": 0.9481319362036738, "amount_of_layers": 6.106642188191717, "batch_size": 99.27166102878108, "dropout_rate": 0.3720645006324048, "epochs": 185.37731626132242, "hidden_channels": 7.01460171461075, "learning_rate": 0.044546683880772354, "optimizer": 1.1280828318981082, "pooling_algorithm": 0.9907586285793168}, "datetime": {"datetime": "2023-11-30 11:39:54", "elapsed": 349.674368, "delta": 4.839072}}
{"target": 0.8214285714285714, "params": {"activation_function": 0.11192481372372054, "amount_of_layers": 5.682392296790431, "batch_size": 97.68765024244597, "dropout_rate": 0.7287147853437046, "epochs": 189.04279016897073, "hidden_channels": 7.6410993511216905, "learning_rate": 0.07032310139516958, "optimizer": 0.5332165657832129, "pooling_algorithm": 0.30222941394986136}, "datetime": {"datetime": "2023-11-30 11:39:59", "elapsed": 354.73778, "delta": 5.063412}}
{"target": 0.9178571428571429, "params": {"activation_function": 0.643760479519478, "amount_of_layers": 2.4957796956578484, "batch_size": 98.19867944545658, "dropout_rate": 0.7410573324339331, "epochs": 183.9183816383648, "hidden_channels": 5.799494425801026, "learning_rate": 0.018591518524500708, "optimizer": 0.918328601106958, "pooling_algorithm": 0.5678557048210863}, "datetime": {"datetime": "2023-11-30 11:40:02", "elapsed": 358.127781, "delta": 3.390001}}
{"target": 0.35, "params": {"activation_function": 0.9163481297618348, "amount_of_layers": 2.7690835332913837, "batch_size": 96.11882347260403, "dropout_rate": 0.3550340603677553, "epochs": 183.90770561041634, "hidden_channels": 9.50077756884403, "learning_rate": 0.06023087870272815, "optimizer": 1.472852658389847, "pooling_algorithm": 0.5774366270162208}, "datetime": {"datetime": "2023-11-30 11:40:06", "elapsed": 361.971305, "delta": 3.843524}}
{"target": 0.5, "params": {"activation_function": 0.7082570344303267, "amount_of_layers": 7.152860382071049, "batch_size": 97.64862688330996, "dropout_rate": 0.4382039337071186, "epochs": 183.36551418582778, "hidden_channels": 8.271655883889288, "learning_rate": 0.09518042871192862, "optimizer": 1.9074333573346034, "pooling_algorithm": 0.7875699582149612}, "datetime": {"datetime": "2023-11-30 11:40:11", "elapsed": 366.91481, "delta": 4.943505}}
{"target": 0.9035714285714286, "params": {"activation_function": 0.659284886644482, "amount_of_layers": 2.0956457392414407, "batch_size": 98.72654330812787, "dropout_rate": 0.7125367972216338, "epochs": 181.84043412384878, "hidden_channels": 6.394770769295977, "learning_rate": 0.00322429482375535, "optimizer": 0.8597724369687716, "pooling_algorithm": 0.7956762169330268}, "datetime": {"datetime": "2023-11-30 11:40:14", "elapsed": 370.101044, "delta": 3.186234}}
{"target": 0.7928571428571428, "params": {"activation_function": 1.912582919756783, "amount_of_layers": 3.2676627006287813, "batch_size": 76.23175756039117, "dropout_rate": 0.5489791452379805, "epochs": 159.48930074291445, "hidden_channels": 9.74703968736053, "learning_rate": 0.09457050386657014, "optimizer": 0.5356327374239866, "pooling_algorithm": 0.2979071958164987}, "datetime": {"datetime": "2023-11-30 11:40:18", "elapsed": 373.276642, "delta": 3.175598}}
{"target": 0.2928571428571428, "params": {"activation_function": 1.116141324204227, "amount_of_layers": 2.327007573520045, "batch_size": 102.24524613253296, "dropout_rate": 0.5100646338863467, "epochs": 182.06613579344366, "hidden_channels": 16.735771409096017, "learning_rate": 0.06513862136396886, "optimizer": 0.049205143050146026, "pooling_algorithm": 0.0}, "datetime": {"datetime": "2023-11-30 11:40:21", "elapsed": 376.512987, "delta": 3.236345}}
{"target": 0.49642857142857144, "params": {"activation_function": 0.011026607304268188, "amount_of_layers": 6.189567085549735, "batch_size": 97.67388825952264, "dropout_rate": 0.4377117724053392, "epochs": 186.1370690843324, "hidden_channels": 6.633959317993677, "learning_rate": 0.03305766810238474, "optimizer": 0.8866573938804967, "pooling_algorithm": 0.44225088996327067}, "datetime": {"datetime": "2023-11-30 11:40:26", "elapsed": 381.371255, "delta": 4.858268}}
{"target": 0.9107142857142857, "params": {"activation_function": 0.7865551816900995, "amount_of_layers": 1.564358091477322, "batch_size": 98.07197901421165, "dropout_rate": 0.736584023903059, "epochs": 181.56014544423886, "hidden_channels": 12.03757555280166, "learning_rate": 0.0011613773795728988, "optimizer": 1.7139665641900295, "pooling_algorithm": 0.8556687125397032}, "datetime": {"datetime": "2023-11-30 11:40:29", "elapsed": 384.656002, "delta": 3.284747}}
{"target": 0.7375, "params": {"activation_function": 1.6972326537966211, "amount_of_layers": 2.6765452502118574, "batch_size": 127.49390162933614, "dropout_rate": 0.40572710463696826, "epochs": 197.48449433938265, "hidden_channels": 55.329478556165334, "learning_rate": 0.04247761863710612, "optimizer": 0.5511704706367266, "pooling_algorithm": 0.16426054034026494}, "datetime": {"datetime": "2023-11-30 11:40:33", "elapsed": 388.818312, "delta": 4.16231}}
{"target": 0.35, "params": {"activation_function": 1.794959861285729, "amount_of_layers": 1.005946381673387, "batch_size": 103.72298039347187, "dropout_rate": 0.7357780862232257, "epochs": 185.68695181267046, "hidden_channels": 13.266207580329697, "learning_rate": 0.036790786397021345, "optimizer": 1.9894528133839322, "pooling_algorithm": 0.7902661576217918}, "datetime": {"datetime": "2023-11-30 11:40:36", "elapsed": 391.769002, "delta": 2.95069}}
{"target": 0.3, "params": {"activation_function": 1.5661680659059987, "amount_of_layers": 2.703396173501993, "batch_size": 99.5823187325199, "dropout_rate": 0.44181071614642964, "epochs": 180.67635052773468, "hidden_channels": 6.139263178681908, "learning_rate": 0.08212326987726709, "optimizer": 0.8981974975969791, "pooling_algorithm": 0.9943223085202197}, "datetime": {"datetime": "2023-11-30 11:40:40", "elapsed": 395.300387, "delta": 3.531385}}
{"target": 0.9071428571428571, "params": {"activation_function": 0.09829858332362473, "amount_of_layers": 1.3167381112262309, "batch_size": 75.33018414832793, "dropout_rate": 0.571793452097746, "epochs": 161.68402349736485, "hidden_channels": 7.775890886347004, "learning_rate": 0.0032063432216412947, "optimizer": 0.7382545627409367, "pooling_algorithm": 0.8377260457362736}, "datetime": {"datetime": "2023-11-30 11:40:42", "elapsed": 397.895448, "delta": 2.595061}}
{"target": 0.2607142857142857, "params": {"activation_function": 0.7305081306362509, "amount_of_layers": 4.793209482709434, "batch_size": 103.44615772089045, "dropout_rate": 0.5378868113278721, "epochs": 185.02006377923394, "hidden_channels": 10.11767208004083, "learning_rate": 0.07254663015192774, "optimizer": 1.9051986600351105, "pooling_algorithm": 0.15144375618541428}, "datetime": {"datetime": "2023-11-30 11:40:47", "elapsed": 402.405762, "delta": 4.510314}}
{"target": 0.5, "params": {"activation_function": 1.4751431095991834, "amount_of_layers": 1.89512523252127, "batch_size": 130.2002850626437, "dropout_rate": 0.37549801527692983, "epochs": 196.13216510236137, "hidden_channels": 54.502996783833815, "learning_rate": 0.05816927685467748, "optimizer": 1.2659201193563037, "pooling_algorithm": 0.9198438959823447}, "datetime": {"datetime": "2023-11-30 11:40:50", "elapsed": 405.909819, "delta": 3.504057}}
{"target": 0.5, "params": {"activation_function": 1.0946455276366551, "amount_of_layers": 3.365255639248417, "batch_size": 96.49782532386548, "dropout_rate": 0.5741022141715937, "epochs": 181.71387527429115, "hidden_channels": 12.797233862508198, "learning_rate": 0.07128045606439777, "optimizer": 0.8603588725418241, "pooling_algorithm": 0.7676828579835865}, "datetime": {"datetime": "2023-11-30 11:40:55", "elapsed": 410.310266, "delta": 4.400447}}
{"target": 0.9089285714285714, "params": {"activation_function": 0.20567311001885158, "amount_of_layers": 7.468030804578616, "batch_size": 95.60968259902299, "dropout_rate": 0.736402522507132, "epochs": 190.50824713117998, "hidden_channels": 5.999201108019088, "learning_rate": 0.08280411779803536, "optimizer": 1.0507489659945346, "pooling_algorithm": 0.7646499386016902}, "datetime": {"datetime": "2023-11-30 11:41:01", "elapsed": 416.482052, "delta": 6.171786}}
{"target": 0.8250000000000001, "params": {"activation_function": 0.7873826309201206, "amount_of_layers": 1.7548493366875828, "batch_size": 107.91968482123077, "dropout_rate": 0.29512962613922367, "epochs": 183.54562826954142, "hidden_channels": 12.3895379392362, "learning_rate": 0.08713404156207746, "optimizer": 0.5880938717546558, "pooling_algorithm": 0.3069720200308368}, "datetime": {"datetime": "2023-11-30 11:41:05", "elapsed": 420.824095, "delta": 4.342043}}
{"target": 0.9107142857142857, "params": {"activation_function": 1.284286265232458, "amount_of_layers": 2.459052875013038, "batch_size": 108.17542320872273, "dropout_rate": 0.7375089546495951, "epochs": 180.7232330571993, "hidden_channels": 13.90199557276027, "learning_rate": 0.08256914773430345, "optimizer": 0.44347396983086695, "pooling_algorithm": 0.6127123003659101}, "datetime": {"datetime": "2023-11-30 11:41:09", "elapsed": 424.445856, "delta": 3.621761}}
{"target": 0.8214285714285714, "params": {"activation_function": 0.8622937492254368, "amount_of_layers": 3.210525400986917, "batch_size": 75.8992708298444, "dropout_rate": 0.5264189283460234, "epochs": 158.051571952526, "hidden_channels": 8.258262142473919, "learning_rate": 0.01745317649577421, "optimizer": 1.8610476176972792, "pooling_algorithm": 0.02308955894473863}, "datetime": {"datetime": "2023-11-30 11:41:12", "elapsed": 427.77483, "delta": 3.328974}}
{"target": 0.8785714285714286, "params": {"activation_function": 0.32648274996677684, "amount_of_layers": 1.7646918696491616, "batch_size": 75.45015209510817, "dropout_rate": 0.32104342870220803, "epochs": 163.818885289631, "hidden_channels": 5.446524201697488, "learning_rate": 0.03480918117679157, "optimizer": 0.17623536782985205, "pooling_algorithm": 0.5555267782196752}, "datetime": {"datetime": "2023-11-30 11:41:15", "elapsed": 430.833794, "delta": 3.058964}}
{"target": 0.6803571428571429, "params": {"activation_function": 0.5401492557430241, "amount_of_layers": 8.795256072110114, "batch_size": 94.4979877997581, "dropout_rate": 0.5098482667082719, "epochs": 190.30839666162788, "hidden_channels": 7.73420021414065, "learning_rate": 0.0021615183937560784, "optimizer": 0.3464342432525891, "pooling_algorithm": 0.23721994119118095}, "datetime": {"datetime": "2023-11-30 11:41:22", "elapsed": 437.280447, "delta": 6.446653}}
