{"target": 0.75, "params": {"activation_function": 0.845418471496225, "amount_of_layers": 4.023187973629371, "batch_size": 130.04391329706056, "dropout_rate": 0.49921753957639076, "epochs": 114.04763127268076, "hidden_channels": 91.01079408650214, "learning_rate": 0.021257326069391305, "optimizer": 0.14108184878308494, "pooling_algorithm": 0.3637671001472359}, "datetime": {"datetime": "2023-11-30 10:30:23", "elapsed": 0.0, "delta": 0.0}}
{"target": 0.7125, "params": {"activation_function": 1.7575624331139053, "amount_of_layers": 4.640529856436729, "batch_size": 73.92402681858019, "dropout_rate": 0.33691371730452097, "epochs": 45.124983129277, "hidden_channels": 63.28673522347924, "learning_rate": 0.08200684718661662, "optimizer": 0.7010243903751898, "pooling_algorithm": 0.8721789849452424}, "datetime": {"datetime": "2023-11-30 10:30:25", "elapsed": 1.920079, "delta": 1.920079}}
{"target": 0.7446428571428572, "params": {"activation_function": 1.2930052694725307, "amount_of_layers": 7.828134643223361, "batch_size": 104.54913158390632, "dropout_rate": 0.29574682671124913, "epochs": 114.62697809368392, "hidden_channels": 43.455438735311624, "learning_rate": 0.057443137670367156, "optimizer": 1.6597023697906281, "pooling_algorithm": 0.036590458962410866}, "datetime": {"datetime": "2023-11-30 10:30:30", "elapsed": 7.085671, "delta": 5.165592}}
{"target": 0.26071428571428573, "params": {"activation_function": 1.0002827647163337, "amount_of_layers": 6.166439206470207, "batch_size": 123.39057279212656, "dropout_rate": 0.7094081219096836, "epochs": 95.34751846118013, "hidden_channels": 49.007356560075976, "learning_rate": 0.019609077663286286, "optimizer": 0.31329044146378693, "pooling_algorithm": 0.35149400821847276}, "datetime": {"datetime": "2023-11-30 10:30:33", "elapsed": 10.450184, "delta": 3.364513}}
{"target": 0.5, "params": {"activation_function": 1.9752441459328107, "amount_of_layers": 3.967128354704238, "batch_size": 135.80185049105773, "dropout_rate": 0.7133373951860041, "epochs": 21.52515178437961, "hidden_channels": 47.23771561954943, "learning_rate": 0.09978172534641017, "optimizer": 1.0205293493878436, "pooling_algorithm": 0.9738244705446729}, "datetime": {"datetime": "2023-11-30 10:30:34", "elapsed": 11.23302, "delta": 0.782836}}
{"target": 0.8232142857142857, "params": {"activation_function": 0.38688862816734826, "amount_of_layers": 1.344647543992191, "batch_size": 149.157371386382, "dropout_rate": 0.5594072251841893, "epochs": 56.51650710708925, "hidden_channels": 59.75403610978667, "learning_rate": 0.035928006964225934, "optimizer": 0.8734630414905475, "pooling_algorithm": 0.3561768892537227}, "datetime": {"datetime": "2023-11-30 10:30:35", "elapsed": 12.01265, "delta": 0.77963}}
{"target": 0.2642857142857143, "params": {"activation_function": 1.1694465187330847, "amount_of_layers": 6.77266804415627, "batch_size": 92.32154791908732, "dropout_rate": 0.40234971723337926, "epochs": 89.67089440697433, "hidden_channels": 68.06997032778304, "learning_rate": 0.08641985962819762, "optimizer": 0.1410731928790152, "pooling_algorithm": 0.39549536809033936}, "datetime": {"datetime": "2023-11-30 10:30:39", "elapsed": 15.908747, "delta": 3.896097}}
{"target": 0.2571428571428571, "params": {"activation_function": 0.5723600879189601, "amount_of_layers": 6.4403182292028935, "batch_size": 45.961732135118595, "dropout_rate": 0.2926404346426576, "epochs": 14.393736251965935, "hidden_channels": 9.699636628269118, "learning_rate": 0.07629933782719031, "optimizer": 1.1483973409374382, "pooling_algorithm": 0.1841700855695032}, "datetime": {"datetime": "2023-11-30 10:30:39", "elapsed": 16.260586, "delta": 0.351839}}
{"target": 0.9, "params": {"activation_function": 1.091269309903328, "amount_of_layers": 7.558847447443831, "batch_size": 90.83970723325398, "dropout_rate": 0.45914921278143056, "epochs": 63.648171737179666, "hidden_channels": 81.5985188342091, "learning_rate": 0.045396308323545284, "optimizer": 0.46961391840039934, "pooling_algorithm": 0.6032780940300231}, "datetime": {"datetime": "2023-11-30 10:30:42", "elapsed": 19.488428, "delta": 3.227842}}
{"target": 0.9071428571428571, "params": {"activation_function": 1.70880284776883, "amount_of_layers": 1.261002877854045, "batch_size": 149.80210762146606, "dropout_rate": 0.3428641866095959, "epochs": 119.0944653396771, "hidden_channels": 46.13043151134699, "learning_rate": 0.05119034191987218, "optimizer": 0.2707502365829819, "pooling_algorithm": 0.7636320163432205}, "datetime": {"datetime": "2023-11-30 10:30:44", "elapsed": 20.70699, "delta": 1.218562}}
{"target": 0.5, "params": {"activation_function": 0.34270501484935867, "amount_of_layers": 6.720087358453387, "batch_size": 103.57033485900908, "dropout_rate": 0.31214725279892636, "epochs": 164.60378489615772, "hidden_channels": 17.7383758303055, "learning_rate": 0.0810559466979447, "optimizer": 1.4741203361442283, "pooling_algorithm": 0.8649361877051995}, "datetime": {"datetime": "2023-11-30 10:30:49", "elapsed": 26.512255, "delta": 5.805265}}
{"target": 0.8535714285714286, "params": {"activation_function": 1.7867080960714232, "amount_of_layers": 5.716514779193333, "batch_size": 90.49907691116042, "dropout_rate": 0.6134685951792795, "epochs": 72.64634035289367, "hidden_channels": 33.37892978840826, "learning_rate": 0.03970592102976803, "optimizer": 0.4985707612013801, "pooling_algorithm": 0.6547770231017537}, "datetime": {"datetime": "2023-11-30 10:30:52", "elapsed": 28.928329, "delta": 2.416074}}
{"target": 0.26071428571428573, "params": {"activation_function": 1.5188793873055526, "amount_of_layers": 5.499906266756223, "batch_size": 32.60854170808639, "dropout_rate": 0.46873782553002225, "epochs": 93.90381717439922, "hidden_channels": 5.829684573768659, "learning_rate": 0.05065382742966794, "optimizer": 1.4914009827843981, "pooling_algorithm": 0.43788923414902037}, "datetime": {"datetime": "2023-11-30 10:30:54", "elapsed": 30.981884, "delta": 2.053555}}
{"target": 0.8107142857142857, "params": {"activation_function": 1.5598446227178866, "amount_of_layers": 8.152583190872772, "batch_size": 53.28909635300251, "dropout_rate": 0.3572684333879959, "epochs": 21.238298796599693, "hidden_channels": 5.0513003996977845, "learning_rate": 0.02552776942308351, "optimizer": 0.6021791607718634, "pooling_algorithm": 0.23660602096014605}, "datetime": {"datetime": "2023-11-30 10:30:54", "elapsed": 31.484702, "delta": 0.502818}}
{"target": 0.5, "params": {"activation_function": 1.561766939363036, "amount_of_layers": 2.599204373352322, "batch_size": 58.07725714347718, "dropout_rate": 0.28756605274980923, "epochs": 117.36177803660756, "hidden_channels": 6.869281478058066, "learning_rate": 0.05351689672579293, "optimizer": 1.7184087827940313, "pooling_algorithm": 0.8785721712984703}, "datetime": {"datetime": "2023-11-30 10:30:56", "elapsed": 33.404352, "delta": 1.91965}}
{"target": 0.2607142857142857, "params": {"activation_function": 1.4900051749355605, "amount_of_layers": 4.035718822866479, "batch_size": 115.48630901294823, "dropout_rate": 0.5810873911388532, "epochs": 56.97423534444704, "hidden_channels": 77.42249088793024, "learning_rate": 0.020484302043400095, "optimizer": 1.329313204786597, "pooling_algorithm": 0.18189223761294593}, "datetime": {"datetime": "2023-11-30 10:30:58", "elapsed": 35.158966, "delta": 1.754614}}
{"target": 0.55, "params": {"activation_function": 0.2723329011089235, "amount_of_layers": 8.189573252473012, "batch_size": 50.45864160463409, "dropout_rate": 0.35448149905710646, "epochs": 49.593416774777964, "hidden_channels": 35.21355773599351, "learning_rate": 0.007232802151655784, "optimizer": 1.7992033269962684, "pooling_algorithm": 0.7313826333367103}, "datetime": {"datetime": "2023-11-30 10:31:01", "elapsed": 37.946175, "delta": 2.787209}}
{"target": 0.9, "params": {"activation_function": 1.0230462890420025, "amount_of_layers": 4.791202953689808, "batch_size": 51.97261483032385, "dropout_rate": 0.395332195277918, "epochs": 110.17353137003647, "hidden_channels": 34.72536935647115, "learning_rate": 0.04014583520388813, "optimizer": 0.11328775266522562, "pooling_algorithm": 0.832312579161447}, "datetime": {"datetime": "2023-11-30 10:31:05", "elapsed": 42.417814, "delta": 4.471639}}
{"target": 0.26071428571428573, "params": {"activation_function": 0.5018237593855617, "amount_of_layers": 4.778009446086469, "batch_size": 43.25214646561149, "dropout_rate": 0.3383111489684182, "epochs": 19.568997542833095, "hidden_channels": 36.944226087453885, "learning_rate": 0.054246382382241824, "optimizer": 0.24820497206017889, "pooling_algorithm": 0.03736691099218936}, "datetime": {"datetime": "2023-11-30 10:31:06", "elapsed": 43.421011, "delta": 1.003197}}
{"target": 0.5, "params": {"activation_function": 0.11716004256519508, "amount_of_layers": 8.249665716421315, "batch_size": 63.60227527617106, "dropout_rate": 0.7203177124758656, "epochs": 96.57931763184664, "hidden_channels": 20.365585400640004, "learning_rate": 0.05610258164566456, "optimizer": 0.9387382645482176, "pooling_algorithm": 0.9180341646262193}, "datetime": {"datetime": "2023-11-30 10:31:12", "elapsed": 48.570349, "delta": 5.149338}}
{"target": 0.5, "params": {"activation_function": 0.3360479823426561, "amount_of_layers": 6.115196870532263, "batch_size": 98.52515288923793, "dropout_rate": 0.2630436761272589, "epochs": 173.71520117218452, "hidden_channels": 71.47295707873913, "learning_rate": 0.07962092764646511, "optimizer": 1.482833238383139, "pooling_algorithm": 0.5419914427176197}, "datetime": {"datetime": "2023-11-30 10:31:18", "elapsed": 55.350285, "delta": 6.779936}}
{"target": 0.65, "params": {"activation_function": 1.908605476270843, "amount_of_layers": 6.0680684019383495, "batch_size": 56.98371691404675, "dropout_rate": 0.6830012567785961, "epochs": 110.40201627776845, "hidden_channels": 48.21705354472477, "learning_rate": 0.09167713755571495, "optimizer": 1.6097152144425813, "pooling_algorithm": 0.9764778560568749}, "datetime": {"datetime": "2023-11-30 10:31:25", "elapsed": 62.045819, "delta": 6.695534}}
{"target": 0.5, "params": {"activation_function": 0.5179573151868795, "amount_of_layers": 8.721519523167718, "batch_size": 49.29532272151402, "dropout_rate": 0.3999501143470558, "epochs": 115.25593252366592, "hidden_channels": 80.83308270903137, "learning_rate": 0.08995715291760166, "optimizer": 0.6789132066366621, "pooling_algorithm": 0.6716979295790844}, "datetime": {"datetime": "2023-11-30 10:31:35", "elapsed": 72.055427, "delta": 10.009608}}
{"target": 0.5, "params": {"activation_function": 1.0023587964225844, "amount_of_layers": 2.4812941148466585, "batch_size": 93.29728355346944, "dropout_rate": 0.7180680237041392, "epochs": 177.4520006549975, "hidden_channels": 98.49361402983953, "learning_rate": 0.031006518143778642, "optimizer": 0.9975376436714203, "pooling_algorithm": 0.6262744019569298}, "datetime": {"datetime": "2023-11-30 10:31:42", "elapsed": 78.905105, "delta": 6.849678}}
{"target": 0.5, "params": {"activation_function": 0.10570000778602706, "amount_of_layers": 3.8892637641989873, "batch_size": 66.53025619386865, "dropout_rate": 0.5743967745623917, "epochs": 131.78938804328664, "hidden_channels": 124.95554695211868, "learning_rate": 0.03001202631211956, "optimizer": 1.872097533058503, "pooling_algorithm": 0.25874918100972855}, "datetime": {"datetime": "2023-11-30 10:31:48", "elapsed": 84.657377, "delta": 5.752272}}
{"target": 0.35, "params": {"activation_function": 1.64775564566606, "amount_of_layers": 4.108811967735311, "batch_size": 86.38281146520791, "dropout_rate": 0.3673328952217894, "epochs": 86.73697242329727, "hidden_channels": 64.84370493723392, "learning_rate": 0.023507036416552034, "optimizer": 1.8105828085955362, "pooling_algorithm": 0.7261262752791906}, "datetime": {"datetime": "2023-11-30 10:31:52", "elapsed": 88.829326, "delta": 4.171949}}
{"target": 0.75, "params": {"activation_function": 0.893990318855771, "amount_of_layers": 2.440248419923229, "batch_size": 147.06775566913623, "dropout_rate": 0.6303127576081077, "epochs": 54.696924002051944, "hidden_channels": 61.61888031688762, "learning_rate": 0.0010639305441355767, "optimizer": 0.604230504548811, "pooling_algorithm": 0.3219594005511489}, "datetime": {"datetime": "2023-11-30 10:31:53", "elapsed": 89.906119, "delta": 1.076793}}
{"target": 0.26071428571428573, "params": {"activation_function": 1.4029971645753467, "amount_of_layers": 5.286516981804791, "batch_size": 146.31287766113675, "dropout_rate": 0.3706949937738063, "epochs": 117.33904366636784, "hidden_channels": 49.70395428547277, "learning_rate": 0.0059963579713728345, "optimizer": 0.43142136449930835, "pooling_algorithm": 0.09747074006921386}, "datetime": {"datetime": "2023-11-30 10:31:57", "elapsed": 93.666739, "delta": 3.76062}}
{"target": 0.24642857142857144, "params": {"activation_function": 0.9014661666396513, "amount_of_layers": 3.0486068494459744, "batch_size": 90.782323935309, "dropout_rate": 0.6908753138331656, "epochs": 72.01831550024919, "hidden_channels": 32.171304552526934, "learning_rate": 0.023463032445188672, "optimizer": 0.34037668974842084, "pooling_algorithm": 0.24642360821514075}, "datetime": {"datetime": "2023-11-30 10:31:59", "elapsed": 95.53104, "delta": 1.864301}}
{"target": 0.8964285714285715, "params": {"activation_function": 1.385645889425998, "amount_of_layers": 8.860845077785623, "batch_size": 78.61266066483809, "dropout_rate": 0.5366827020082385, "epochs": 120.42624849823805, "hidden_channels": 122.19925214887127, "learning_rate": 0.0264085070732994, "optimizer": 0.2089265050717013, "pooling_algorithm": 0.5602296756362304}, "datetime": {"datetime": "2023-11-30 10:32:06", "elapsed": 102.95143, "delta": 7.42039}}
{"target": 0.7964285714285715, "params": {"activation_function": 1.759923198968841, "amount_of_layers": 8.536350353232642, "batch_size": 31.294341400884264, "dropout_rate": 0.5689548655255815, "epochs": 150.57460953857085, "hidden_channels": 114.72608458657277, "learning_rate": 0.021287019266270024, "optimizer": 0.019549853335100176, "pooling_algorithm": 0.05685655615902596}, "datetime": {"datetime": "2023-11-30 10:32:22", "elapsed": 118.811224, "delta": 15.859794}}
{"target": 0.9071428571428571, "params": {"activation_function": 1.1383961530112097, "amount_of_layers": 4.6590478708979655, "batch_size": 84.92768210646878, "dropout_rate": 0.4211633010049126, "epochs": 26.26174474217263, "hidden_channels": 79.3581174801725, "learning_rate": 0.005755038935896462, "optimizer": 0.9637789246736241, "pooling_algorithm": 0.5735979709857936}, "datetime": {"datetime": "2023-11-30 10:32:23", "elapsed": 119.812694, "delta": 1.00147}}
{"target": 0.5, "params": {"activation_function": 1.6674260341854938, "amount_of_layers": 7.622706134767142, "batch_size": 80.13802541634774, "dropout_rate": 0.2826335886354473, "epochs": 120.6160271615626, "hidden_channels": 120.68812736348954, "learning_rate": 0.0767398377907646, "optimizer": 0.707336561972526, "pooling_algorithm": 0.7199883733782166}, "datetime": {"datetime": "2023-11-30 10:32:35", "elapsed": 131.68361, "delta": 11.870916}}
{"target": 0.26249999999999996, "params": {"activation_function": 1.7136681938753477, "amount_of_layers": 8.35569854052062, "batch_size": 142.96655078135166, "dropout_rate": 0.2601353565992798, "epochs": 45.82148202918343, "hidden_channels": 20.038607929224188, "learning_rate": 0.09011620020101661, "optimizer": 1.9692243742227864, "pooling_algorithm": 0.05594809807979573}, "datetime": {"datetime": "2023-11-30 10:32:36", "elapsed": 133.391582, "delta": 1.707972}}
{"target": 0.8035714285714286, "params": {"activation_function": 0.4239386627418673, "amount_of_layers": 3.3019979267517883, "batch_size": 94.14427063076612, "dropout_rate": 0.7404893341418028, "epochs": 76.78464565510161, "hidden_channels": 15.972760457437278, "learning_rate": 0.043257724162132444, "optimizer": 0.5283151469320371, "pooling_algorithm": 0.40887803786351284}, "datetime": {"datetime": "2023-11-30 10:32:38", "elapsed": 135.065583, "delta": 1.674001}}
{"target": 0.5, "params": {"activation_function": 1.0500544379502643, "amount_of_layers": 7.38530125842935, "batch_size": 76.56799676213741, "dropout_rate": 0.4435556308254419, "epochs": 60.54818351419737, "hidden_channels": 38.50810951233287, "learning_rate": 0.08014277633711991, "optimizer": 0.5273725803479112, "pooling_algorithm": 0.5071336114158299}, "datetime": {"datetime": "2023-11-30 10:32:41", "elapsed": 137.960037, "delta": 2.894454}}
{"target": 0.7857142857142858, "params": {"activation_function": 0.4932963077488839, "amount_of_layers": 3.09183101021073, "batch_size": 127.03798235752433, "dropout_rate": 0.30692700113556354, "epochs": 187.7100952018913, "hidden_channels": 56.35963867306247, "learning_rate": 0.08793389897259266, "optimizer": 0.390485307425257, "pooling_algorithm": 0.01369067160938564}, "datetime": {"datetime": "2023-11-30 10:32:45", "elapsed": 142.165421, "delta": 4.205384}}
{"target": 0.5, "params": {"activation_function": 1.8704571366824558, "amount_of_layers": 2.15828554385528, "batch_size": 125.80382249445985, "dropout_rate": 0.5756121501120728, "epochs": 171.55163709186345, "hidden_channels": 56.78305196030575, "learning_rate": 0.05024455540053808, "optimizer": 0.9126213106171195, "pooling_algorithm": 0.6567242846376111}, "datetime": {"datetime": "2023-11-30 10:32:50", "elapsed": 146.624468, "delta": 4.459047}}
{"target": 0.2607142857142857, "params": {"activation_function": 1.3768849096686329, "amount_of_layers": 6.157098439362377, "batch_size": 89.8136247782275, "dropout_rate": 0.7068004995272765, "epochs": 124.17532799456278, "hidden_channels": 31.134202618325045, "learning_rate": 0.01619291757930532, "optimizer": 1.6110846572352908, "pooling_algorithm": 0.3204140723899054}, "datetime": {"datetime": "2023-11-30 10:32:54", "elapsed": 151.109075, "delta": 4.484607}}
{"target": 0.8160714285714286, "params": {"activation_function": 1.0692922119505623, "amount_of_layers": 1.6229753785442202, "batch_size": 87.74338605321262, "dropout_rate": 0.32662655519687567, "epochs": 157.26713166862345, "hidden_channels": 6.423296810879018, "learning_rate": 0.03228045831130977, "optimizer": 0.33161603874525136, "pooling_algorithm": 0.0651028757638984}, "datetime": {"datetime": "2023-11-30 10:32:56", "elapsed": 152.622018, "delta": 1.512943}}
{"target": 0.5, "params": {"activation_function": 1.8612748498112228, "amount_of_layers": 8.649449721948795, "batch_size": 135.23145364161536, "dropout_rate": 0.6010992263656731, "epochs": 43.746977632883166, "hidden_channels": 28.367926216220205, "learning_rate": 0.09774441404621438, "optimizer": 1.6370900314021024, "pooling_algorithm": 0.508588753092707}, "datetime": {"datetime": "2023-11-30 10:32:58", "elapsed": 155.393132, "delta": 2.771114}}
{"target": 0.5, "params": {"activation_function": 0.6456926382646726, "amount_of_layers": 5.58638290750304, "batch_size": 134.96262025912537, "dropout_rate": 0.4936062609433809, "epochs": 137.42066782540707, "hidden_channels": 19.605534848107173, "learning_rate": 0.0454851149246506, "optimizer": 1.9489186553040754, "pooling_algorithm": 0.7937009017813232}, "datetime": {"datetime": "2023-11-30 10:33:05", "elapsed": 162.138561, "delta": 6.745429}}
{"target": 0.7428571428571429, "params": {"activation_function": 0.2399674886156875, "amount_of_layers": 5.652439413759798, "batch_size": 149.313871631346, "dropout_rate": 0.4863498122793357, "epochs": 152.80188543730284, "hidden_channels": 126.32280032405752, "learning_rate": 0.011991533361632258, "optimizer": 0.8199239280856716, "pooling_algorithm": 0.4358955803031608}, "datetime": {"datetime": "2023-11-30 10:33:11", "elapsed": 168.308914, "delta": 6.170353}}
{"target": 0.8214285714285714, "params": {"activation_function": 0.49197766858490444, "amount_of_layers": 4.192601664648693, "batch_size": 138.20601839522803, "dropout_rate": 0.32781912360185117, "epochs": 33.58237378770174, "hidden_channels": 20.92068159853066, "learning_rate": 0.017184226323113398, "optimizer": 1.1121752370591547, "pooling_algorithm": 0.2790771441915889}, "datetime": {"datetime": "2023-11-30 10:33:12", "elapsed": 169.208117, "delta": 0.899203}}
{"target": 0.5, "params": {"activation_function": 1.1439481644608713, "amount_of_layers": 7.543720268168993, "batch_size": 108.23052735667831, "dropout_rate": 0.6927246563622436, "epochs": 55.29407374320619, "hidden_channels": 74.60405762145109, "learning_rate": 0.05595845450068598, "optimizer": 0.5331046203694034, "pooling_algorithm": 0.8552779645616105}, "datetime": {"datetime": "2023-11-30 10:33:15", "elapsed": 172.276285, "delta": 3.068168}}
{"target": 0.5, "params": {"activation_function": 0.07108110385279787, "amount_of_layers": 7.912358980179013, "batch_size": 140.37305115344458, "dropout_rate": 0.710300186784069, "epochs": 149.9781798512169, "hidden_channels": 62.624411378726165, "learning_rate": 0.05885519447652918, "optimizer": 1.5549412636017148, "pooling_algorithm": 0.48938964576617183}, "datetime": {"datetime": "2023-11-30 10:33:22", "elapsed": 178.867201, "delta": 6.590916}}
{"target": 0.7375, "params": {"activation_function": 0.5110242238072051, "amount_of_layers": 4.5252315342156, "batch_size": 104.4232596405389, "dropout_rate": 0.2613823882806441, "epochs": 25.310899614306315, "hidden_channels": 117.0348831525407, "learning_rate": 0.048275473001251276, "optimizer": 0.7489367381857388, "pooling_algorithm": 0.31916060214121045}, "datetime": {"datetime": "2023-11-30 10:33:23", "elapsed": 179.936664, "delta": 1.069463}}
{"target": 0.9035714285714286, "params": {"activation_function": 1.643037794204688, "amount_of_layers": 7.719124761657414, "batch_size": 114.74121008491541, "dropout_rate": 0.6657923248048583, "epochs": 188.51402385112138, "hidden_channels": 11.964047044001532, "learning_rate": 0.027286695317518768, "optimizer": 0.38309248571418975, "pooling_algorithm": 0.8126076951527521}, "datetime": {"datetime": "2023-11-30 10:33:28", "elapsed": 184.789118, "delta": 4.852454}}
