{"target": 0.5, "params": {"activation_function": 0.29539970584045117, "amount_of_layers": 5.233475218006961, "batch_size": 82.15172888243175, "dropout_rate": 0.27771594746636274, "epochs": 104.29367648516929, "hidden_channels": 104.32543020694402, "learning_rate": 0.022846412739096413, "optimizer": 0.9912705703570455, "pooling_algorithm": 0.520647191719536}, "datetime": {"datetime": "2023-11-30 09:44:59", "elapsed": 0.0, "delta": 0.0}}
{"target": 0.26071428571428573, "params": {"activation_function": 0.5618322856193587, "amount_of_layers": 7.11871443147537, "batch_size": 100.85840319594355, "dropout_rate": 0.6375530879517205, "epochs": 87.60634178843937, "hidden_channels": 88.23410230980389, "learning_rate": 0.05590979489447375, "optimizer": 0.37877579288725927, "pooling_algorithm": 0.16284057091115256}, "datetime": {"datetime": "2023-11-30 09:45:01", "elapsed": 2.186699, "delta": 2.186699}}
{"target": 0.26428571428571423, "params": {"activation_function": 1.1575296557758168, "amount_of_layers": 2.4063422851808305, "batch_size": 138.6557843265407, "dropout_rate": 0.2663179041180211, "epochs": 120.92294974995792, "hidden_channels": 97.76475923633821, "learning_rate": 0.05480143878264627, "optimizer": 0.9646382252264365, "pooling_algorithm": 0.07446293902765178}, "datetime": {"datetime": "2023-11-30 09:45:03", "elapsed": 4.281868, "delta": 2.095169}}
{"target": 0.7892857142857143, "params": {"activation_function": 0.9839463536247559, "amount_of_layers": 2.8193531524839175, "batch_size": 59.91518874870225, "dropout_rate": 0.6168539114354761, "epochs": 193.02969250974618, "hidden_channels": 32.0165975949091, "learning_rate": 0.022322943125560834, "optimizer": 1.8558370609347536, "pooling_algorithm": 0.49511911630562544}, "datetime": {"datetime": "2023-11-30 09:45:07", "elapsed": 8.539463, "delta": 4.257595}}
{"target": 0.7375, "params": {"activation_function": 1.2936118661807896, "amount_of_layers": 2.142989941768855, "batch_size": 28.246153601615084, "dropout_rate": 0.5057595345068129, "epochs": 23.6980603967453, "hidden_channels": 99.6487376957341, "learning_rate": 0.08719776924640052, "optimizer": 0.1769051175693499, "pooling_algorithm": 0.07037326198988136}, "datetime": {"datetime": "2023-11-30 09:45:08", "elapsed": 9.344519, "delta": 0.805056}}
{"target": 0.5, "params": {"activation_function": 0.964798511805739, "amount_of_layers": 7.949292598374859, "batch_size": 84.69144204061409, "dropout_rate": 0.5917306514179758, "epochs": 84.08111010933601, "hidden_channels": 68.2371997076988, "learning_rate": 0.06023545740963573, "optimizer": 1.8352360313012117, "pooling_algorithm": 0.6884374023978085}, "datetime": {"datetime": "2023-11-30 09:45:10", "elapsed": 11.426182, "delta": 2.081663}}
{"target": 0.9142857142857144, "params": {"activation_function": 1.7715365191999386, "amount_of_layers": 3.2012591123449, "batch_size": 133.66798125352557, "dropout_rate": 0.7033887932672565, "epochs": 193.5061627297425, "hidden_channels": 107.06650860817932, "learning_rate": 0.08727259310687238, "optimizer": 0.3032388208368504, "pooling_algorithm": 0.6230660708531297}, "datetime": {"datetime": "2023-11-30 09:45:14", "elapsed": 15.026036, "delta": 3.599854}}
{"target": 0.9107142857142857, "params": {"activation_function": 0.9114423605141835, "amount_of_layers": 2.61645323089121, "batch_size": 101.66506713650483, "dropout_rate": 0.2606520954883034, "epochs": 99.0812189540975, "hidden_channels": 41.776637850643574, "learning_rate": 0.09883984845180574, "optimizer": 0.11202548374427268, "pooling_algorithm": 0.5738080329000184}, "datetime": {"datetime": "2023-11-30 09:45:15", "elapsed": 16.652143, "delta": 1.626107}}
{"target": 0.7375, "params": {"activation_function": 1.4496885381872795, "amount_of_layers": 8.162692431583928, "batch_size": 74.22693447118326, "dropout_rate": 0.4844696736702221, "epochs": 165.2060701400751, "hidden_channels": 29.316786456575734, "learning_rate": 0.09421053544974528, "optimizer": 1.0432151610577094, "pooling_algorithm": 0.3147458976900359}, "datetime": {"datetime": "2023-11-30 09:45:21", "elapsed": 22.241645, "delta": 5.589502}}
{"target": 0.7375, "params": {"activation_function": 0.6768485874975227, "amount_of_layers": 7.720156526777636, "batch_size": 35.21646438828408, "dropout_rate": 0.6855300253987854, "epochs": 176.68510961148348, "hidden_channels": 32.357237603935175, "learning_rate": 0.0698219202361573, "optimizer": 0.79663467193858, "pooling_algorithm": 0.1174072597447181}, "datetime": {"datetime": "2023-11-30 09:45:30", "elapsed": 31.607937, "delta": 9.366292}}
{"target": 0.5857142857142857, "params": {"activation_function": 1.5262063602880114, "amount_of_layers": 2.3334157109238465, "batch_size": 20.959721230113157, "dropout_rate": 0.38779057867779426, "epochs": 24.309958333598374, "hidden_channels": 43.9950079739996, "learning_rate": 0.0645077490318825, "optimizer": 1.8647795101296405, "pooling_algorithm": 0.06307391705982013}, "datetime": {"datetime": "2023-11-30 09:45:31", "elapsed": 32.637471, "delta": 1.029534}}
{"target": 0.7857142857142858, "params": {"activation_function": 1.5125526619505938, "amount_of_layers": 6.966467238869081, "batch_size": 128.05886664543743, "dropout_rate": 0.5169447544037415, "epochs": 175.18003358158083, "hidden_channels": 18.113463177519073, "learning_rate": 0.056763559981357875, "optimizer": 0.15325112676319463, "pooling_algorithm": 0.06970124814995382}, "datetime": {"datetime": "2023-11-30 09:45:35", "elapsed": 36.578387, "delta": 3.940916}}
{"target": 0.8142857142857144, "params": {"activation_function": 0.09681182848700298, "amount_of_layers": 8.863168833230002, "batch_size": 62.263280704587174, "dropout_rate": 0.6913009218650205, "epochs": 54.28448306805027, "hidden_channels": 104.41205923509781, "learning_rate": 0.061767787160178375, "optimizer": 0.19874677460358559, "pooling_algorithm": 0.13024209437652845}, "datetime": {"datetime": "2023-11-30 09:45:37", "elapsed": 38.659787, "delta": 2.0814}}
{"target": 0.8392857142857142, "params": {"activation_function": 0.23016138268736852, "amount_of_layers": 5.552055065235721, "batch_size": 66.47342928715503, "dropout_rate": 0.6219031876938905, "epochs": 140.79044121309062, "hidden_channels": 19.739430810629464, "learning_rate": 0.014315482730512627, "optimizer": 0.6849325048527666, "pooling_algorithm": 0.23799735467708594}, "datetime": {"datetime": "2023-11-30 09:45:41", "elapsed": 42.801642, "delta": 4.141855}}
{"target": 0.7321428571428572, "params": {"activation_function": 1.2083728650129448, "amount_of_layers": 6.2504062671207, "batch_size": 18.474374862018667, "dropout_rate": 0.6598310904757791, "epochs": 169.02772726582907, "hidden_channels": 94.84139444639095, "learning_rate": 0.07163634963727945, "optimizer": 0.5269125167305289, "pooling_algorithm": 0.06447972174989469}, "datetime": {"datetime": "2023-11-30 09:45:54", "elapsed": 55.280939, "delta": 12.479297}}
{"target": 0.7357142857142857, "params": {"activation_function": 1.8057161858582205, "amount_of_layers": 4.087243555882946, "batch_size": 109.71454070950406, "dropout_rate": 0.6782823656602411, "epochs": 35.829443858091025, "hidden_channels": 9.503229877004708, "learning_rate": 0.0691521286679963, "optimizer": 1.98792871857856, "pooling_algorithm": 0.32528335269314745}, "datetime": {"datetime": "2023-11-30 09:45:55", "elapsed": 55.953355, "delta": 0.672416}}
{"target": 0.26607142857142857, "params": {"activation_function": 0.14961754699511665, "amount_of_layers": 6.061458817601166, "batch_size": 96.16754055927369, "dropout_rate": 0.344278665860869, "epochs": 26.483065150019055, "hidden_channels": 12.216867499562458, "learning_rate": 0.09708768611163884, "optimizer": 1.4488762283519736, "pooling_algorithm": 0.3367409344662682}, "datetime": {"datetime": "2023-11-30 09:45:55", "elapsed": 56.545616, "delta": 0.592261}}
{"target": 0.5, "params": {"activation_function": 1.4340216205806546, "amount_of_layers": 6.68768169510215, "batch_size": 34.36396001705761, "dropout_rate": 0.43022608899355314, "epochs": 79.49702140648373, "hidden_channels": 41.359993094284576, "learning_rate": 0.08342454003383831, "optimizer": 1.2970150658378892, "pooling_algorithm": 0.8241995767393474}, "datetime": {"datetime": "2023-11-30 09:45:59", "elapsed": 60.309886, "delta": 3.76427}}
{"target": 0.29285714285714287, "params": {"activation_function": 1.291957799170531, "amount_of_layers": 1.61834881045724, "batch_size": 43.045979448765756, "dropout_rate": 0.6809725259256699, "epochs": 13.244405849882508, "hidden_channels": 52.12224653293398, "learning_rate": 0.027857050912183837, "optimizer": 0.06363538618398668, "pooling_algorithm": 0.07750525041475609}, "datetime": {"datetime": "2023-11-30 09:45:59", "elapsed": 60.645242, "delta": 0.335356}}
{"target": 0.5, "params": {"activation_function": 0.057412560523590006, "amount_of_layers": 3.633597146125422, "batch_size": 50.6833384892998, "dropout_rate": 0.6859592689363032, "epochs": 151.59717914507075, "hidden_channels": 87.48503005982842, "learning_rate": 0.06299218705723078, "optimizer": 1.252427698132561, "pooling_algorithm": 0.2788015107843618}, "datetime": {"datetime": "2023-11-30 09:46:03", "elapsed": 64.435365, "delta": 3.790123}}
{"target": 0.725, "params": {"activation_function": 1.4850293376222252, "amount_of_layers": 3.7150289044805875, "batch_size": 23.86403442715843, "dropout_rate": 0.6092366252640338, "epochs": 16.164188238043668, "hidden_channels": 100.09557627858791, "learning_rate": 0.048322860210359316, "optimizer": 0.3392764486724338, "pooling_algorithm": 0.32824814023699844}, "datetime": {"datetime": "2023-11-30 09:46:04", "elapsed": 65.2611, "delta": 0.825735}}
{"target": 0.35, "params": {"activation_function": 1.898024400439656, "amount_of_layers": 5.144917038705543, "batch_size": 102.48135009768225, "dropout_rate": 0.29334764150880693, "epochs": 99.77157614412788, "hidden_channels": 41.410810553208066, "learning_rate": 0.0707653066452619, "optimizer": 0.951749424922008, "pooling_algorithm": 0.5659214700691118}, "datetime": {"datetime": "2023-11-30 09:46:06", "elapsed": 67.410585, "delta": 2.149485}}
{"target": 0.9035714285714286, "params": {"activation_function": 0.5509261716836606, "amount_of_layers": 7.496368643353733, "batch_size": 36.16491859046128, "dropout_rate": 0.34808266018710976, "epochs": 136.3468724031564, "hidden_channels": 97.16256721960274, "learning_rate": 0.024741791677337584, "optimizer": 0.29531554273699956, "pooling_algorithm": 0.8598214525901298}, "datetime": {"datetime": "2023-11-30 09:46:12", "elapsed": 73.838551, "delta": 6.427966}}
{"target": 0.20357142857142857, "params": {"activation_function": 0.8942401608400721, "amount_of_layers": 1.4116581578864853, "batch_size": 104.05964795259678, "dropout_rate": 0.45964606036911865, "epochs": 11.258800048563904, "hidden_channels": 82.29108906233478, "learning_rate": 0.07876608121384675, "optimizer": 0.8574958869037361, "pooling_algorithm": 0.3600309403057811}, "datetime": {"datetime": "2023-11-30 09:46:13", "elapsed": 74.075995, "delta": 0.237444}}
{"target": 0.48571428571428565, "params": {"activation_function": 0.8732958498432299, "amount_of_layers": 2.07210809969383, "batch_size": 16.179526899915913, "dropout_rate": 0.5274745965814136, "epochs": 18.362169980067524, "hidden_channels": 19.165912776956148, "learning_rate": 0.0938756441302701, "optimizer": 0.4211662235541893, "pooling_algorithm": 0.05747301057048604}, "datetime": {"datetime": "2023-11-30 09:46:14", "elapsed": 75.104944, "delta": 1.028949}}
{"target": 0.7410714285714286, "params": {"activation_function": 1.2242482281472145, "amount_of_layers": 2.796041530088618, "batch_size": 86.14703203865184, "dropout_rate": 0.5343257376639077, "epochs": 178.60527087356655, "hidden_channels": 78.17284469666956, "learning_rate": 0.039986856507107295, "optimizer": 0.993726887654941, "pooling_algorithm": 0.04718229387011985}, "datetime": {"datetime": "2023-11-30 09:46:17", "elapsed": 78.367072, "delta": 3.262128}}
{"target": 0.594642857142857, "params": {"activation_function": 1.9128718501776765, "amount_of_layers": 2.2806935405625097, "batch_size": 27.153217571328106, "dropout_rate": 0.7388895281345662, "epochs": 174.4369666188563, "hidden_channels": 62.63517398817756, "learning_rate": 0.031610864640223384, "optimizer": 0.6638899493829082, "pooling_algorithm": 0.992814257886767}, "datetime": {"datetime": "2023-11-30 09:46:23", "elapsed": 84.403351, "delta": 6.036279}}
{"target": 0.3035714285714286, "params": {"activation_function": 0.7176702204012988, "amount_of_layers": 5.5393483166005435, "batch_size": 59.08294157413785, "dropout_rate": 0.5177384439701654, "epochs": 195.71562369115802, "hidden_channels": 81.9547861212136, "learning_rate": 0.08187609509417129, "optimizer": 0.2478906192551309, "pooling_algorithm": 0.007516852692967757}, "datetime": {"datetime": "2023-11-30 09:46:29", "elapsed": 90.272309, "delta": 5.868958}}
{"target": 0.5, "params": {"activation_function": 1.5385633432248056, "amount_of_layers": 8.591846092513247, "batch_size": 126.92765371991705, "dropout_rate": 0.3627957157728602, "epochs": 117.01756859015298, "hidden_channels": 111.47390839815435, "learning_rate": 0.07873671561796913, "optimizer": 0.6069790580675836, "pooling_algorithm": 0.9015284091061816}, "datetime": {"datetime": "2023-11-30 09:46:33", "elapsed": 94.078199, "delta": 3.80589}}
{"target": 0.5, "params": {"activation_function": 0.649714463368992, "amount_of_layers": 4.372345108373736, "batch_size": 130.37192117081366, "dropout_rate": 0.3781261439134751, "epochs": 137.21115339017382, "hidden_channels": 11.037823891068944, "learning_rate": 0.0661841319708421, "optimizer": 1.488152414284269, "pooling_algorithm": 0.9185970214575873}, "datetime": {"datetime": "2023-11-30 09:46:35", "elapsed": 96.659712, "delta": 2.581513}}
{"target": 0.5, "params": {"activation_function": 0.4541762102631459, "amount_of_layers": 4.878043861872305, "batch_size": 56.57905471237065, "dropout_rate": 0.4838163856476256, "epochs": 150.28495957794033, "hidden_channels": 110.2680243146585, "learning_rate": 0.09075396524991441, "optimizer": 0.8033281421596075, "pooling_algorithm": 0.45685913161233027}, "datetime": {"datetime": "2023-11-30 09:46:40", "elapsed": 100.925132, "delta": 4.26542}}
{"target": 0.7392857142857143, "params": {"activation_function": 1.519997463425406, "amount_of_layers": 4.613488090805898, "batch_size": 138.41844435887342, "dropout_rate": 0.3173269461255878, "epochs": 101.89053579875339, "hidden_channels": 15.49927271158376, "learning_rate": 0.06799490597991002, "optimizer": 0.6149775000205941, "pooling_algorithm": 0.0938582242195114}, "datetime": {"datetime": "2023-11-30 09:46:42", "elapsed": 103.032968, "delta": 2.107836}}
{"target": 0.5, "params": {"activation_function": 0.5405798920236677, "amount_of_layers": 6.9935882464791765, "batch_size": 131.78533194537522, "dropout_rate": 0.5388226946542901, "epochs": 127.55670086951686, "hidden_channels": 76.58242846643627, "learning_rate": 0.017866082896393864, "optimizer": 1.9250482399008029, "pooling_algorithm": 0.5204225787801204}, "datetime": {"datetime": "2023-11-30 09:46:45", "elapsed": 106.411243, "delta": 3.378275}}
{"target": 0.5, "params": {"activation_function": 1.7351362815381413, "amount_of_layers": 1.920624354731328, "batch_size": 87.45768717182487, "dropout_rate": 0.2819540085934501, "epochs": 107.62391594044968, "hidden_channels": 73.31929693824559, "learning_rate": 0.09860797728640766, "optimizer": 1.3693504143899677, "pooling_algorithm": 0.9238666484963544}, "datetime": {"datetime": "2023-11-30 09:46:47", "elapsed": 108.154843, "delta": 1.7436}}
{"target": 0.5, "params": {"activation_function": 0.7637671475203327, "amount_of_layers": 4.599540174731972, "batch_size": 141.2991223402943, "dropout_rate": 0.5897675262846083, "epochs": 158.40514067864905, "hidden_channels": 71.65935031125305, "learning_rate": 0.03648968267378132, "optimizer": 1.169992597771521, "pooling_algorithm": 0.8588799569998835}, "datetime": {"datetime": "2023-11-30 09:46:50", "elapsed": 111.728211, "delta": 3.573368}}
{"target": 0.9071428571428571, "params": {"activation_function": 1.8592834354584995, "amount_of_layers": 4.734969235227923, "batch_size": 75.4692138514263, "dropout_rate": 0.7343464642343891, "epochs": 115.49607161273683, "hidden_channels": 11.161477612016743, "learning_rate": 0.0155839170896498, "optimizer": 1.792968659786831, "pooling_algorithm": 0.9192568441928939}, "datetime": {"datetime": "2023-11-30 09:46:53", "elapsed": 114.102187, "delta": 2.373976}}
{"target": 0.5, "params": {"activation_function": 0.7052205722184643, "amount_of_layers": 3.300607002894914, "batch_size": 130.1575830381313, "dropout_rate": 0.4975353062889135, "epochs": 131.50815091669722, "hidden_channels": 124.49580396368701, "learning_rate": 0.0476824193952252, "optimizer": 0.9026790988622413, "pooling_algorithm": 0.9297227314943571}, "datetime": {"datetime": "2023-11-30 09:46:55", "elapsed": 116.812782, "delta": 2.710595}}
{"target": 0.7160714285714286, "params": {"activation_function": 0.228050760369366, "amount_of_layers": 3.7280906672941283, "batch_size": 100.69383694850042, "dropout_rate": 0.4015891419929748, "epochs": 195.7228526971118, "hidden_channels": 47.654829803427404, "learning_rate": 0.06435455453910569, "optimizer": 1.0684773729534276, "pooling_algorithm": 0.49400024044548596}, "datetime": {"datetime": "2023-11-30 09:46:59", "elapsed": 120.718672, "delta": 3.90589}}
{"target": 0.2714285714285714, "params": {"activation_function": 0.8789682927278855, "amount_of_layers": 3.6333699991992, "batch_size": 66.73428638862481, "dropout_rate": 0.4474275378773621, "epochs": 12.639527671127707, "hidden_channels": 93.79034550724089, "learning_rate": 0.01956440336427093, "optimizer": 1.121743521939781, "pooling_algorithm": 0.24536160338200041}, "datetime": {"datetime": "2023-11-30 09:47:00", "elapsed": 121.171261, "delta": 0.452589}}
{"target": 0.5, "params": {"activation_function": 1.529573222698133, "amount_of_layers": 8.015430662928438, "batch_size": 29.871152163795426, "dropout_rate": 0.3806295534786336, "epochs": 19.883199636228458, "hidden_channels": 74.90093005506066, "learning_rate": 0.08593896430129187, "optimizer": 1.6876466233969236, "pooling_algorithm": 0.9988143580623547}, "datetime": {"datetime": "2023-11-30 09:47:01", "elapsed": 122.283799, "delta": 1.112538}}
{"target": 0.7714285714285714, "params": {"activation_function": 0.07823050035093382, "amount_of_layers": 8.996529025116612, "batch_size": 46.84587908011234, "dropout_rate": 0.6000533233481997, "epochs": 40.885152633332595, "hidden_channels": 6.405127510662004, "learning_rate": 0.05806725631837391, "optimizer": 0.3923813132458702, "pooling_algorithm": 0.4773169221580358}, "datetime": {"datetime": "2023-11-30 09:47:03", "elapsed": 124.257112, "delta": 1.973313}}
{"target": 0.9107142857142857, "params": {"activation_function": 1.5648472416684152, "amount_of_layers": 8.83293377672397, "batch_size": 130.1129222003334, "dropout_rate": 0.34436418628170073, "epochs": 11.67611953248312, "hidden_channels": 24.74272170657868, "learning_rate": 0.0031716712223549947, "optimizer": 0.014995636239728993, "pooling_algorithm": 0.609390177858541}, "datetime": {"datetime": "2023-11-30 09:47:03", "elapsed": 124.680067, "delta": 0.422955}}
{"target": 0.5, "params": {"activation_function": 1.812493725586262, "amount_of_layers": 2.261996519373908, "batch_size": 61.04612368321869, "dropout_rate": 0.5594078062545279, "epochs": 104.00717000192812, "hidden_channels": 76.30183890126237, "learning_rate": 0.027713461732863917, "optimizer": 0.7994786106277321, "pooling_algorithm": 0.9681023183638198}, "datetime": {"datetime": "2023-11-30 09:47:05", "elapsed": 126.855601, "delta": 2.175534}}
{"target": 0.5, "params": {"activation_function": 0.7184003012272242, "amount_of_layers": 1.1563284972516117, "batch_size": 68.22083639351077, "dropout_rate": 0.38585769912058926, "epochs": 155.9898670359477, "hidden_channels": 15.616396897477058, "learning_rate": 0.08253799939227112, "optimizer": 0.7850016596846279, "pooling_algorithm": 0.776078552532945}, "datetime": {"datetime": "2023-11-30 09:47:08", "elapsed": 129.752735, "delta": 2.897134}}
{"target": 0.7375, "params": {"activation_function": 1.757161480102571, "amount_of_layers": 6.011577571776659, "batch_size": 138.2472230442894, "dropout_rate": 0.32326389369285385, "epochs": 171.24929462236454, "hidden_channels": 72.46130373988, "learning_rate": 0.04603025770706591, "optimizer": 1.961461112907627, "pooling_algorithm": 0.14133392215275853}, "datetime": {"datetime": "2023-11-30 09:47:13", "elapsed": 134.037478, "delta": 4.284743}}
{"target": 0.7375, "params": {"activation_function": 0.6604796395762886, "amount_of_layers": 3.1073144866098925, "batch_size": 48.08165030666713, "dropout_rate": 0.6435474685015328, "epochs": 38.049368553836445, "hidden_channels": 85.93901207032631, "learning_rate": 0.057143897463567406, "optimizer": 0.5217842846034619, "pooling_algorithm": 0.3665996309174926}, "datetime": {"datetime": "2023-11-30 09:47:14", "elapsed": 135.22117, "delta": 1.183692}}
{"target": 0.2642857142857143, "params": {"activation_function": 0.6874675523842348, "amount_of_layers": 6.746972868976981, "batch_size": 99.54761145537668, "dropout_rate": 0.6152346818503582, "epochs": 112.62207005620482, "hidden_channels": 17.501319007937447, "learning_rate": 0.08729616470975624, "optimizer": 1.0687225544640508, "pooling_algorithm": 0.46765702091435335}, "datetime": {"datetime": "2023-11-30 09:47:17", "elapsed": 138.01903, "delta": 2.79786}}
