{"target": 0.6357142857142857, "params": {"activation_function": 0.1445021881200994, "amount_of_layers": 5.1605305884291255, "batch_size": 60.35570903259214, "dropout_rate": 0.6242326050818919, "epochs": 41.40332968070528, "hidden_channels": 17.12918995252445, "learning_rate": 0.04783385283152422, "optimizer": 0.613019427288352, "pooling_algorithm": 0.9241749019886872}, "datetime": {"datetime": "2023-11-30 09:49:44", "elapsed": 154.392958, "delta": 1.146837}}
{"target": 0.7357142857142858, "params": {"activation_function": 1.3166466522052662, "amount_of_layers": 8.896936912318605, "batch_size": 100.22096631265717, "dropout_rate": 0.5324703401740927, "epochs": 133.95707171762308, "hidden_channels": 126.615291998763, "learning_rate": 0.0663171234074083, "optimizer": 0.9495703726453064, "pooling_algorithm": 0.3828471007293266}, "datetime": {"datetime": "2023-11-30 09:49:53", "elapsed": 163.097392, "delta": 8.704434}}
{"target": 0.6357142857142857, "params": {"activation_function": 0.34752328419573075, "amount_of_layers": 5.509597161233819, "batch_size": 67.1376910343445, "dropout_rate": 0.2558339899809908, "epochs": 59.20739423600182, "hidden_channels": 90.48193150954445, "learning_rate": 0.05107901537284031, "optimizer": 1.1530964870098228, "pooling_algorithm": 0.3119789118942662}, "datetime": {"datetime": "2023-11-30 09:49:55", "elapsed": 165.592574, "delta": 2.495182}}
{"target": 0.5, "params": {"activation_function": 0.3446153630431745, "amount_of_layers": 6.976259069223255, "batch_size": 57.60833080925797, "dropout_rate": 0.5755373399609586, "epochs": 183.59626800492367, "hidden_channels": 33.05093562689548, "learning_rate": 0.03300804568141716, "optimizer": 0.8839087571345732, "pooling_algorithm": 0.28974257738835585}, "datetime": {"datetime": "2023-11-30 09:50:02", "elapsed": 171.8388, "delta": 6.246226}}
{"target": 0.26249999999999996, "params": {"activation_function": 1.83542348299464, "amount_of_layers": 5.886747497630771, "batch_size": 87.12031245539893, "dropout_rate": 0.25738482519400235, "epochs": 44.91299464644926, "hidden_channels": 125.78571141057732, "learning_rate": 0.02999948058956955, "optimizer": 1.5948370669933452, "pooling_algorithm": 0.07699521682636645}, "datetime": {"datetime": "2023-11-30 09:50:04", "elapsed": 173.752888, "delta": 1.914088}}
{"target": 0.7392857142857143, "params": {"activation_function": 1.9497449978593806, "amount_of_layers": 3.207648350576867, "batch_size": 114.20255735237522, "dropout_rate": 0.6789189576955941, "epochs": 58.08164310269396, "hidden_channels": 84.06398756664062, "learning_rate": 0.0328644631942148, "optimizer": 1.7252402905929125, "pooling_algorithm": 0.4276577653645587}, "datetime": {"datetime": "2023-11-30 09:50:05", "elapsed": 175.273162, "delta": 1.520274}}
{"target": 0.8, "params": {"activation_function": 1.849276582113466, "amount_of_layers": 6.425350079247869, "batch_size": 20.39386315684113, "dropout_rate": 0.4746001490988554, "epochs": 141.30988121467655, "hidden_channels": 24.91700230781363, "learning_rate": 0.09674355094757836, "optimizer": 0.0032814162119949586, "pooling_algorithm": 0.2988131798135256}, "datetime": {"datetime": "2023-11-30 09:50:12", "elapsed": 182.624745, "delta": 7.351583}}
{"target": 0.3642857142857143, "params": {"activation_function": 0.065010401232096, "amount_of_layers": 4.008753745928978, "batch_size": 57.869625776149825, "dropout_rate": 0.4498807690472224, "epochs": 167.5409720839084, "hidden_channels": 58.2005311665239, "learning_rate": 0.09724779505609363, "optimizer": 1.8898503378889107, "pooling_algorithm": 0.05806157353421959}, "datetime": {"datetime": "2023-11-30 09:50:17", "elapsed": 187.371784, "delta": 4.747039}}
{"target": 0.1464285714285714, "params": {"activation_function": 0.575343741030546, "amount_of_layers": 4.640142991442244, "batch_size": 82.55654964886803, "dropout_rate": 0.5530405148635045, "epochs": 10.455635605688546, "hidden_channels": 90.59571794882609, "learning_rate": 0.003621569812514567, "optimizer": 1.6393865360759017, "pooling_algorithm": 0.9030435051665721}, "datetime": {"datetime": "2023-11-30 09:50:18", "elapsed": 187.789899, "delta": 0.418115}}
{"target": 0.9178571428571429, "params": {"activation_function": 0.05433191133524051, "amount_of_layers": 2.459616889102092, "batch_size": 60.09552361695642, "dropout_rate": 0.5391630189971937, "epochs": 158.45151734569154, "hidden_channels": 31.811952099053208, "learning_rate": 0.08451762646749052, "optimizer": 0.39845406315568854, "pooling_algorithm": 0.5056101787791358}, "datetime": {"datetime": "2023-11-30 09:50:20", "elapsed": 190.596221, "delta": 2.806322}}
{"target": 0.4142857142857143, "params": {"activation_function": 0.31714325902257867, "amount_of_layers": 3.8207503885160623, "batch_size": 104.21844329404303, "dropout_rate": 0.513379732537563, "epochs": 18.896936027382722, "hidden_channels": 73.43294026106481, "learning_rate": 0.043250466275112615, "optimizer": 1.918537071179439, "pooling_algorithm": 0.635361996789372}, "datetime": {"datetime": "2023-11-30 09:50:21", "elapsed": 191.162184, "delta": 0.565963}}
{"target": 0.5, "params": {"activation_function": 0.3616751783470902, "amount_of_layers": 4.3518550867373635, "batch_size": 69.33140174413646, "dropout_rate": 0.5188703284862386, "epochs": 84.9063769684205, "hidden_channels": 76.26309257025635, "learning_rate": 0.08842568218943658, "optimizer": 1.9300754787409597, "pooling_algorithm": 0.9561339144240374}, "datetime": {"datetime": "2023-11-30 09:50:24", "elapsed": 193.753284, "delta": 2.5911}}
{"target": 0.2267857142857143, "params": {"activation_function": 0.9885927439086781, "amount_of_layers": 4.603491851840073, "batch_size": 64.4578567113943, "dropout_rate": 0.3307884502102823, "epochs": 96.93121622748303, "hidden_channels": 107.44404622479028, "learning_rate": 0.01701974009641375, "optimizer": 0.757646574939218, "pooling_algorithm": 0.397005915796664}, "datetime": {"datetime": "2023-11-30 09:50:28", "elapsed": 197.942282, "delta": 4.188998}}
{"target": 0.5857142857142857, "params": {"activation_function": 0.8542327809095906, "amount_of_layers": 8.615561278175194, "batch_size": 43.80278448166092, "dropout_rate": 0.2851233097534812, "epochs": 77.28161632528045, "hidden_channels": 42.58918239686653, "learning_rate": 0.03165021434600684, "optimizer": 1.6887376816425324, "pooling_algorithm": 0.7561439734176125}, "datetime": {"datetime": "2023-11-30 09:50:32", "elapsed": 201.793531, "delta": 3.851249}}
{"target": 0.5053571428571428, "params": {"activation_function": 1.8915303924702898, "amount_of_layers": 4.757217866197912, "batch_size": 49.847621493262665, "dropout_rate": 0.46544384316148035, "epochs": 134.28223945288235, "hidden_channels": 102.45801671791625, "learning_rate": 0.06292080452776616, "optimizer": 0.8480989574664721, "pooling_algorithm": 0.8329791821640379}, "datetime": {"datetime": "2023-11-30 09:50:37", "elapsed": 207.023569, "delta": 5.230038}}
{"target": 0.26249999999999996, "params": {"activation_function": 0.844172040077164, "amount_of_layers": 5.031150022980605, "batch_size": 105.95500602001924, "dropout_rate": 0.49918121623163886, "epochs": 71.38567464727737, "hidden_channels": 55.13876707090254, "learning_rate": 0.07555344855660323, "optimizer": 1.4164314579354569, "pooling_algorithm": 0.3853406270352555}, "datetime": {"datetime": "2023-11-30 09:50:39", "elapsed": 208.959539, "delta": 1.93597}}
{"target": 0.9035714285714286, "params": {"activation_function": 0.7255779381310208, "amount_of_layers": 3.9729761654103815, "batch_size": 128.9474867614087, "dropout_rate": 0.37582011242187785, "epochs": 153.805839807704, "hidden_channels": 6.7439941599028925, "learning_rate": 0.05492296706305622, "optimizer": 0.23138806527703282, "pooling_algorithm": 0.9981369106883126}, "datetime": {"datetime": "2023-11-30 09:50:41", "elapsed": 211.651547, "delta": 2.692008}}
{"target": 0.9035714285714285, "params": {"activation_function": 0.6534839452648746, "amount_of_layers": 2.5039607647368536, "batch_size": 125.76283473045753, "dropout_rate": 0.6950568991842574, "epochs": 136.59933785012117, "hidden_channels": 31.57602349043568, "learning_rate": 0.001577781802334235, "optimizer": 0.9675817614120137, "pooling_algorithm": 0.6994231083599566}, "datetime": {"datetime": "2023-11-30 09:50:44", "elapsed": 214.052334, "delta": 2.400787}}
{"target": 0.8892857142857143, "params": {"activation_function": 1.8260939613662457, "amount_of_layers": 3.6219195028251967, "batch_size": 84.06277447923503, "dropout_rate": 0.5959538392407079, "epochs": 37.62463909693996, "hidden_channels": 55.92234296711824, "learning_rate": 0.00241119679325201, "optimizer": 1.2349176866713096, "pooling_algorithm": 0.9825395864697963}, "datetime": {"datetime": "2023-11-30 09:50:45", "elapsed": 215.005833, "delta": 0.953499}}
{"target": 0.7214285714285715, "params": {"activation_function": 1.2565969134613317, "amount_of_layers": 1.4891933553302703, "batch_size": 87.10491417115921, "dropout_rate": 0.44896089783089443, "epochs": 74.55017729145229, "hidden_channels": 50.408722392202414, "learning_rate": 0.07943839983196899, "optimizer": 0.19534751277443818, "pooling_algorithm": 0.2959073561899349}, "datetime": {"datetime": "2023-11-30 09:50:46", "elapsed": 216.126746, "delta": 1.120913}}
{"target": 0.5, "params": {"activation_function": 0.4578664406980171, "amount_of_layers": 8.044093558769987, "batch_size": 102.420395449068, "dropout_rate": 0.5455806625179753, "epochs": 61.291143212847345, "hidden_channels": 48.62573929101198, "learning_rate": 0.06353709259792277, "optimizer": 1.142816487607709, "pooling_algorithm": 0.9845390536581674}, "datetime": {"datetime": "2023-11-30 09:50:48", "elapsed": 218.145907, "delta": 2.019161}}
{"target": 0.29285714285714287, "params": {"activation_function": 0.27242375209400826, "amount_of_layers": 2.6191669811684424, "batch_size": 65.2280455185793, "dropout_rate": 0.7069607164135776, "epochs": 172.33234785403542, "hidden_channels": 93.06591255742535, "learning_rate": 0.049418053000579276, "optimizer": 1.4320086417724351, "pooling_algorithm": 0.8334481261062315}, "datetime": {"datetime": "2023-11-30 09:50:53", "elapsed": 223.136878, "delta": 4.990971}}
{"target": 0.9071428571428571, "params": {"activation_function": 0.11192317349946435, "amount_of_layers": 4.304159191860561, "batch_size": 72.08058349166649, "dropout_rate": 0.7066344327610745, "epochs": 187.5475897252531, "hidden_channels": 5.047082117115334, "learning_rate": 0.07664142548634845, "optimizer": 0.24357791201286005, "pooling_algorithm": 0.6848226490625203}, "datetime": {"datetime": "2023-11-30 09:50:57", "elapsed": 227.04026, "delta": 3.903382}}
{"target": 0.7392857142857143, "params": {"activation_function": 1.41223814728736, "amount_of_layers": 3.73248887443828, "batch_size": 144.6269629747834, "dropout_rate": 0.7440554446656609, "epochs": 16.105716163241215, "hidden_channels": 64.99736974844002, "learning_rate": 0.01029883525216143, "optimizer": 0.3140049334437376, "pooling_algorithm": 0.20353902563454063}, "datetime": {"datetime": "2023-11-30 09:50:57", "elapsed": 227.525317, "delta": 0.485057}}
{"target": 0.49642857142857144, "params": {"activation_function": 0.6243179350072752, "amount_of_layers": 1.5147304698893995, "batch_size": 70.03223217555538, "dropout_rate": 0.617465118221023, "epochs": 156.12182847627682, "hidden_channels": 109.09058614604614, "learning_rate": 0.012294464874153508, "optimizer": 0.31864642276341826, "pooling_algorithm": 0.4866328333872614}, "datetime": {"datetime": "2023-11-30 09:51:01", "elapsed": 231.366722, "delta": 3.841405}}
{"target": 0.40714285714285714, "params": {"activation_function": 0.6727275045893086, "amount_of_layers": 6.566608210355503, "batch_size": 79.17387942857587, "dropout_rate": 0.411910646641546, "epochs": 92.33211306832584, "hidden_channels": 99.39703081085477, "learning_rate": 0.07820518612486055, "optimizer": 1.3127150103055247, "pooling_algorithm": 0.7152434641586758}, "datetime": {"datetime": "2023-11-30 09:51:05", "elapsed": 235.355492, "delta": 3.98877}}
{"target": 0.16785714285714282, "params": {"activation_function": 1.3659187307855363, "amount_of_layers": 1.3766949215419242, "batch_size": 79.47877399367006, "dropout_rate": 0.3119660588439748, "epochs": 16.67216327160697, "hidden_channels": 13.959159519746514, "learning_rate": 0.09899352167831856, "optimizer": 1.188422399400487, "pooling_algorithm": 0.6480492038945691}, "datetime": {"datetime": "2023-11-30 09:51:06", "elapsed": 235.720867, "delta": 0.365375}}
{"target": 0.6357142857142857, "params": {"activation_function": 0.6999617953282171, "amount_of_layers": 6.976743509173788, "batch_size": 85.69744151053314, "dropout_rate": 0.3550106071731664, "epochs": 148.29332905592395, "hidden_channels": 34.40508688751654, "learning_rate": 0.03878904122994692, "optimizer": 0.7831633985729574, "pooling_algorithm": 0.7950122303845446}, "datetime": {"datetime": "2023-11-30 09:51:10", "elapsed": 239.994775, "delta": 4.273908}}
{"target": 0.8, "params": {"activation_function": 1.8507091634161912, "amount_of_layers": 8.413922523208702, "batch_size": 145.6582213174765, "dropout_rate": 0.43720469317234156, "epochs": 89.30534335782905, "hidden_channels": 8.280545096214068, "learning_rate": 0.0032437176331597843, "optimizer": 1.194069247500084, "pooling_algorithm": 0.45842887250802866}, "datetime": {"datetime": "2023-11-30 09:51:12", "elapsed": 242.097379, "delta": 2.102604}}
{"target": 0.2571428571428571, "params": {"activation_function": 0.697084380504204, "amount_of_layers": 4.984992153989926, "batch_size": 81.68669331813382, "dropout_rate": 0.4054123499361505, "epochs": 117.10020186535755, "hidden_channels": 95.55090228873016, "learning_rate": 0.011846185601408186, "optimizer": 1.5436205137543917, "pooling_algorithm": 0.3496109913190182}, "datetime": {"datetime": "2023-11-30 09:51:16", "elapsed": 245.776144, "delta": 3.678765}}
{"target": 0.9035714285714286, "params": {"activation_function": 0.1722248881467281, "amount_of_layers": 3.295170590863812, "batch_size": 54.10883223953855, "dropout_rate": 0.5482427524954181, "epochs": 113.49461643679497, "hidden_channels": 15.522724726112216, "learning_rate": 0.03338390317447596, "optimizer": 0.38699216897838085, "pooling_algorithm": 0.9095409934318188}, "datetime": {"datetime": "2023-11-30 09:51:18", "elapsed": 247.953635, "delta": 2.177491}}
{"target": 0.3642857142857143, "params": {"activation_function": 1.057000441151628, "amount_of_layers": 5.967175437151283, "batch_size": 56.575244513977665, "dropout_rate": 0.54561815234709, "epochs": 101.37994455064737, "hidden_channels": 99.44398747132738, "learning_rate": 0.01706608052928578, "optimizer": 1.1544159427217309, "pooling_algorithm": 0.8225210156087516}, "datetime": {"datetime": "2023-11-30 09:51:22", "elapsed": 252.565053, "delta": 4.611418}}
{"target": 0.26071428571428573, "params": {"activation_function": 0.518880017265142, "amount_of_layers": 5.084983563496726, "batch_size": 139.2123203580133, "dropout_rate": 0.3074150632673179, "epochs": 28.5035130349681, "hidden_channels": 73.65969497802594, "learning_rate": 0.037051065915886326, "optimizer": 0.5346129223671605, "pooling_algorithm": 0.3443437153406823}, "datetime": {"datetime": "2023-11-30 09:51:23", "elapsed": 253.548837, "delta": 0.983784}}
{"target": 0.8321428571428572, "params": {"activation_function": 0.4685798134960384, "amount_of_layers": 2.298487139217108, "batch_size": 66.68715736088872, "dropout_rate": 0.6604934178542815, "epochs": 172.5635086040113, "hidden_channels": 94.16497116820246, "learning_rate": 0.05968531851723245, "optimizer": 1.2752011044152, "pooling_algorithm": 0.22591754140073828}, "datetime": {"datetime": "2023-11-30 09:51:28", "elapsed": 257.754337, "delta": 4.2055}}
{"target": 0.8214285714285714, "params": {"activation_function": 0.3945577082087026, "amount_of_layers": 1.4495105203154255, "batch_size": 104.81273288668454, "dropout_rate": 0.4862440711214517, "epochs": 97.84320058224556, "hidden_channels": 40.21378963193646, "learning_rate": 0.0028238596147998713, "optimizer": 0.6342215174337527, "pooling_algorithm": 0.2337866051384524}, "datetime": {"datetime": "2023-11-30 09:51:29", "elapsed": 259.264721, "delta": 1.510384}}
{"target": 0.5928571428571427, "params": {"activation_function": 0.4349710882991904, "amount_of_layers": 7.7853383683718125, "batch_size": 127.5234304360559, "dropout_rate": 0.7193548604011499, "epochs": 63.27536136302231, "hidden_channels": 71.19378545418269, "learning_rate": 0.03298321507363721, "optimizer": 0.7384519243183423, "pooling_algorithm": 0.5097793690400665}, "datetime": {"datetime": "2023-11-30 09:51:32", "elapsed": 261.823186, "delta": 2.558465}}
{"target": 0.9035714285714286, "params": {"activation_function": 0.8548769808821293, "amount_of_layers": 6.155128975335886, "batch_size": 54.768423334120946, "dropout_rate": 0.28497874142514945, "epochs": 104.22208040981538, "hidden_channels": 22.273747779687458, "learning_rate": 0.010285319980560557, "optimizer": 1.1131274471893937, "pooling_algorithm": 0.8916756379951344}, "datetime": {"datetime": "2023-11-30 09:51:35", "elapsed": 265.247288, "delta": 3.424102}}
{"target": 0.6785714285714286, "params": {"activation_function": 1.2218071074579393, "amount_of_layers": 4.373488899877303, "batch_size": 114.36737554996505, "dropout_rate": 0.3906195059794701, "epochs": 12.72171870003636, "hidden_channels": 82.84007420223173, "learning_rate": 0.04446040531071698, "optimizer": 1.6303607837926046, "pooling_algorithm": 0.9046340389935013}, "datetime": {"datetime": "2023-11-30 09:51:36", "elapsed": 265.736374, "delta": 0.489086}}
{"target": 0.75, "params": {"activation_function": 1.810583345182252, "amount_of_layers": 4.025263568837776, "batch_size": 93.37104443634553, "dropout_rate": 0.7411457788735474, "epochs": 105.14611964714356, "hidden_channels": 116.47140416610952, "learning_rate": 0.0845529139692221, "optimizer": 1.0574021444559272, "pooling_algorithm": 0.436346635164372}, "datetime": {"datetime": "2023-11-30 09:51:39", "elapsed": 269.129026, "delta": 3.392652}}
{"target": 0.5, "params": {"activation_function": 0.214353070228942, "amount_of_layers": 4.804101577400508, "batch_size": 148.72312945132407, "dropout_rate": 0.699862454939812, "epochs": 133.2161075972038, "hidden_channels": 46.45244532607944, "learning_rate": 0.02947157248697911, "optimizer": 1.09599477719558, "pooling_algorithm": 0.77541835228691}, "datetime": {"datetime": "2023-11-30 09:51:42", "elapsed": 272.166764, "delta": 3.037738}}
{"target": 0.5, "params": {"activation_function": 1.4689959351934174, "amount_of_layers": 7.4874763173508185, "batch_size": 146.01597803664842, "dropout_rate": 0.5944667486014237, "epochs": 79.79201286746652, "hidden_channels": 20.100904998996683, "learning_rate": 0.03813196045708891, "optimizer": 1.8910377008428074, "pooling_algorithm": 0.6639068241693464}, "datetime": {"datetime": "2023-11-30 09:51:44", "elapsed": 274.217489, "delta": 2.050725}}
{"target": 0.5839285714285715, "params": {"activation_function": 0.484253907171188, "amount_of_layers": 4.458302729608037, "batch_size": 44.55940121254254, "dropout_rate": 0.32477697289107993, "epochs": 17.699301646933993, "hidden_channels": 30.17335497734031, "learning_rate": 0.01593561184493181, "optimizer": 1.6493112109437051, "pooling_algorithm": 0.349491710649101}, "datetime": {"datetime": "2023-11-30 09:51:45", "elapsed": 274.933171, "delta": 0.715682}}
{"target": 0.26785714285714285, "params": {"activation_function": 0.7440644489254216, "amount_of_layers": 4.192103945319982, "batch_size": 120.67901968172372, "dropout_rate": 0.685652470247883, "epochs": 120.07825034886761, "hidden_channels": 122.22366555841896, "learning_rate": 0.0055870551017720245, "optimizer": 0.3649366159087637, "pooling_algorithm": 0.4878860333641838}, "datetime": {"datetime": "2023-11-30 09:51:49", "elapsed": 278.839417, "delta": 3.906246}}
{"target": 0.7392857142857143, "params": {"activation_function": 1.3540533637928145, "amount_of_layers": 2.9054822590596174, "batch_size": 16.505640664572198, "dropout_rate": 0.6433319656320093, "epochs": 57.648970463484616, "hidden_channels": 97.95332173240058, "learning_rate": 0.08316336563653194, "optimizer": 0.7302809905045946, "pooling_algorithm": 0.08283171785635923}, "datetime": {"datetime": "2023-11-30 09:51:52", "elapsed": 282.303546, "delta": 3.464129}}
{"target": 0.5, "params": {"activation_function": 0.2574205898542543, "amount_of_layers": 2.5654149543015814, "batch_size": 59.4624506630959, "dropout_rate": 0.4582689104565901, "epochs": 158.6144149767836, "hidden_channels": 31.73128362689273, "learning_rate": 0.0742777435743719, "optimizer": 1.493319222923851, "pooling_algorithm": 0.6151150668624135}, "datetime": {"datetime": "2023-11-30 09:51:56", "elapsed": 286.040486, "delta": 3.73694}}
{"target": 0.5, "params": {"activation_function": 1.177513981071624, "amount_of_layers": 1.4331988360367216, "batch_size": 21.876756146662128, "dropout_rate": 0.34498831564478605, "epochs": 29.722301709930488, "hidden_channels": 54.19005818278024, "learning_rate": 0.0779080885757828, "optimizer": 0.7326998798163851, "pooling_algorithm": 0.9849086318835609}, "datetime": {"datetime": "2023-11-30 09:51:57", "elapsed": 287.411185, "delta": 1.370699}}
{"target": 0.5, "params": {"activation_function": 1.5768891087912718, "amount_of_layers": 6.898243380800467, "batch_size": 90.9005153165605, "dropout_rate": 0.7326556327980598, "epochs": 134.94042603624115, "hidden_channels": 62.707117943443606, "learning_rate": 0.09785223018584992, "optimizer": 1.7218777237789102, "pooling_algorithm": 0.1455673451702174}, "datetime": {"datetime": "2023-11-30 09:52:02", "elapsed": 291.946093, "delta": 4.534908}}
