{"target": 0.9, "params": {"activation_function": 0.948515624883016, "amount_of_layers": 2.029262299716189, "batch_size": 67.01262466149095, "dropout_rate": 0.6161957595092493, "epochs": 150.8791271568101, "hidden_channels": 91.57053342588611, "learning_rate": 0.09887413392559848, "optimizer": 0.2448663480875073, "pooling_algorithm": 0.8945916287742713}, "datetime": {"datetime": "2023-11-30 11:01:32", "elapsed": 192.331163, "delta": 3.978427}}
{"target": 0.2642857142857143, "params": {"activation_function": 1.241609274203364, "amount_of_layers": 4.929432873375748, "batch_size": 41.728670032358416, "dropout_rate": 0.681767346102877, "epochs": 108.97143507026293, "hidden_channels": 84.35073789117239, "learning_rate": 0.03472416941613756, "optimizer": 0.9415956529705896, "pooling_algorithm": 0.4509790788347572}, "datetime": {"datetime": "2023-11-30 11:01:39", "elapsed": 198.955622, "delta": 6.624459}}
{"target": 0.7428571428571429, "params": {"activation_function": 1.3550401734031983, "amount_of_layers": 5.857152980064725, "batch_size": 91.77827821267238, "dropout_rate": 0.36803992346706815, "epochs": 21.704557736510175, "hidden_channels": 80.496797540181, "learning_rate": 0.0319989884193078, "optimizer": 0.22365863995455282, "pooling_algorithm": 0.15310227548597988}, "datetime": {"datetime": "2023-11-30 11:01:40", "elapsed": 199.881287, "delta": 0.925665}}
{"target": 0.7428571428571429, "params": {"activation_function": 1.0464498560522062, "amount_of_layers": 7.657015034824292, "batch_size": 56.29040598057307, "dropout_rate": 0.7497221564311826, "epochs": 187.54808829502323, "hidden_channels": 84.48513408303741, "learning_rate": 0.0229783479058214, "optimizer": 0.9795586598243997, "pooling_algorithm": 0.3283176932454991}, "datetime": {"datetime": "2023-11-30 11:01:53", "elapsed": 212.979715, "delta": 13.098428}}
{"target": 0.8250000000000001, "params": {"activation_function": 0.01713944085978869, "amount_of_layers": 1.375977966846368, "batch_size": 115.82561923869116, "dropout_rate": 0.6215795122299188, "epochs": 116.93779816823437, "hidden_channels": 40.44662851416024, "learning_rate": 0.09985706775618969, "optimizer": 1.1816654921631928, "pooling_algorithm": 0.2569998556571904}, "datetime": {"datetime": "2023-11-30 11:01:54", "elapsed": 214.59721, "delta": 1.617495}}
{"target": 0.5, "params": {"activation_function": 1.2975096200109892, "amount_of_layers": 1.5740131408185265, "batch_size": 66.50561543916368, "dropout_rate": 0.6342189545513677, "epochs": 169.36143097622355, "hidden_channels": 74.36923466420795, "learning_rate": 0.06430857302983643, "optimizer": 1.5715719823270782, "pooling_algorithm": 0.47372826964309267}, "datetime": {"datetime": "2023-11-30 11:01:59", "elapsed": 219.084636, "delta": 4.487426}}
{"target": 0.5, "params": {"activation_function": 0.23726624271182706, "amount_of_layers": 5.727752597538992, "batch_size": 113.79711248521771, "dropout_rate": 0.2976940018004753, "epochs": 66.84881278815465, "hidden_channels": 95.28436836393999, "learning_rate": 0.08143568658097895, "optimizer": 0.9688562885561454, "pooling_algorithm": 0.5049384156988053}, "datetime": {"datetime": "2023-11-30 11:02:02", "elapsed": 222.006406, "delta": 2.92177}}
{"target": 0.7607142857142857, "params": {"activation_function": 1.5694212191325088, "amount_of_layers": 3.775381185008664, "batch_size": 113.71383703923256, "dropout_rate": 0.6306539900815886, "epochs": 66.7321115051204, "hidden_channels": 95.64372294606241, "learning_rate": 0.004406578661615227, "optimizer": 0.7315709723741837, "pooling_algorithm": 0.7840511210016498}, "datetime": {"datetime": "2023-11-30 11:02:04", "elapsed": 224.062622, "delta": 2.056216}}
{"target": 0.8250000000000001, "params": {"activation_function": 1.702389635208799, "amount_of_layers": 2.463426107147418, "batch_size": 68.87134601149586, "dropout_rate": 0.6126792106020806, "epochs": 64.87595749339494, "hidden_channels": 26.374872193359703, "learning_rate": 0.02785655972902769, "optimizer": 0.10813104410356744, "pooling_algorithm": 0.10797312504664591}, "datetime": {"datetime": "2023-11-30 11:02:05", "elapsed": 225.498947, "delta": 1.436325}}
{"target": 0.5, "params": {"activation_function": 1.6797753666729967, "amount_of_layers": 1.8102583010099647, "batch_size": 114.18298994994338, "dropout_rate": 0.3124657646340682, "epochs": 117.19189421580936, "hidden_channels": 41.26170900794892, "learning_rate": 0.05784242674076057, "optimizer": 1.4496883359975148, "pooling_algorithm": 0.9643626546861364}, "datetime": {"datetime": "2023-11-30 11:02:08", "elapsed": 228.01294, "delta": 2.513993}}
{"target": 0.9035714285714286, "params": {"activation_function": 0.12915825040467332, "amount_of_layers": 7.881005086514577, "batch_size": 86.76288555899912, "dropout_rate": 0.2744875426156866, "epochs": 114.0170517317037, "hidden_channels": 99.64452960677572, "learning_rate": 0.06621823136458949, "optimizer": 0.01907946008174144, "pooling_algorithm": 0.735622671548575}, "datetime": {"datetime": "2023-11-30 11:02:13", "elapsed": 233.696332, "delta": 5.683392}}
{"target": 0.6821428571428573, "params": {"activation_function": 1.7801379544816727, "amount_of_layers": 4.286151028252349, "batch_size": 116.13066209343428, "dropout_rate": 0.32297057440658516, "epochs": 95.67278548975459, "hidden_channels": 34.992247033347496, "learning_rate": 0.047773132044521965, "optimizer": 1.7473614569819833, "pooling_algorithm": 0.4222639019058496}, "datetime": {"datetime": "2023-11-30 11:02:16", "elapsed": 236.202613, "delta": 2.506281}}
{"target": 0.7357142857142857, "params": {"activation_function": 0.6467472640672314, "amount_of_layers": 6.814665810165362, "batch_size": 20.603451440388135, "dropout_rate": 0.46897836980367447, "epochs": 88.93210002854242, "hidden_channels": 12.756087803562412, "learning_rate": 0.016916750595613962, "optimizer": 0.306745775208598, "pooling_algorithm": 0.378292581162725}, "datetime": {"datetime": "2023-11-30 11:02:19", "elapsed": 239.305641, "delta": 3.103028}}
{"target": 0.5, "params": {"activation_function": 0.9339997776675741, "amount_of_layers": 8.797976034993482, "batch_size": 133.94999148693364, "dropout_rate": 0.4763822446074247, "epochs": 90.58843910090657, "hidden_channels": 106.15577833026994, "learning_rate": 0.08063271051154025, "optimizer": 1.5441091669048974, "pooling_algorithm": 0.39595166368573687}, "datetime": {"datetime": "2023-11-30 11:02:26", "elapsed": 246.346124, "delta": 7.040483}}
{"target": 0.5, "params": {"activation_function": 0.672397211900261, "amount_of_layers": 4.2881767643061295, "batch_size": 64.00483683755807, "dropout_rate": 0.6250904990920741, "epochs": 110.02072440372048, "hidden_channels": 73.61010574254857, "learning_rate": 0.019260795743641364, "optimizer": 0.5066998440527011, "pooling_algorithm": 0.6733821848725539}, "datetime": {"datetime": "2023-11-30 11:02:35", "elapsed": 255.258255, "delta": 8.912131}}
{"target": 0.7428571428571429, "params": {"activation_function": 0.688110017604006, "amount_of_layers": 3.6229576059390585, "batch_size": 55.567801593565775, "dropout_rate": 0.6215802262039023, "epochs": 90.68701750666855, "hidden_channels": 120.01484811097828, "learning_rate": 0.01294613417562819, "optimizer": 0.028621925664271908, "pooling_algorithm": 0.2463276971910967}, "datetime": {"datetime": "2023-11-30 11:02:39", "elapsed": 259.13325, "delta": 3.874995}}
{"target": 0.7392857142857143, "params": {"activation_function": 1.9340713732274115, "amount_of_layers": 5.544910397948779, "batch_size": 55.02492156082745, "dropout_rate": 0.31860903071476987, "epochs": 12.860351423437837, "hidden_channels": 50.457978215288236, "learning_rate": 0.07694265009934274, "optimizer": 0.985396756957583, "pooling_algorithm": 0.19427318692756135}, "datetime": {"datetime": "2023-11-30 11:02:40", "elapsed": 259.846754, "delta": 0.713504}}
{"target": 0.3821428571428571, "params": {"activation_function": 0.047913178892275754, "amount_of_layers": 5.255136391687204, "batch_size": 25.31581865749279, "dropout_rate": 0.4465606027977879, "epochs": 174.04551703291202, "hidden_channels": 95.15312763490405, "learning_rate": 0.014237870854948063, "optimizer": 1.5339211062454003, "pooling_algorithm": 0.08612368789990632}, "datetime": {"datetime": "2023-11-30 11:02:53", "elapsed": 273.45046, "delta": 13.603706}}
{"target": 0.5, "params": {"activation_function": 0.3993803903871309, "amount_of_layers": 5.019069469721773, "batch_size": 74.76222654800443, "dropout_rate": 0.5111116620088085, "epochs": 32.840677076073106, "hidden_channels": 109.40445051986566, "learning_rate": 0.09251784740023979, "optimizer": 0.7224859884096855, "pooling_algorithm": 0.4141026315914791}, "datetime": {"datetime": "2023-11-30 11:02:55", "elapsed": 274.793522, "delta": 1.343062}}
{"target": 0.8535714285714286, "params": {"activation_function": 0.3821930067000583, "amount_of_layers": 1.3268496757007782, "batch_size": 67.94323680228268, "dropout_rate": 0.44672152624977324, "epochs": 175.43559396889603, "hidden_channels": 52.959761283297034, "learning_rate": 0.00918900713052358, "optimizer": 1.9315524033566525, "pooling_algorithm": 0.8601472292454525}, "datetime": {"datetime": "2023-11-30 11:02:58", "elapsed": 277.971171, "delta": 3.177649}}
{"target": 0.7464285714285714, "params": {"activation_function": 0.04347259086309596, "amount_of_layers": 6.837679681704653, "batch_size": 122.62798423832037, "dropout_rate": 0.42716058679376046, "epochs": 128.47679841600603, "hidden_channels": 56.79019298119276, "learning_rate": 0.02397618451619321, "optimizer": 0.32894627535160015, "pooling_algorithm": 0.49529633486051716}, "datetime": {"datetime": "2023-11-30 11:03:03", "elapsed": 283.062944, "delta": 5.091773}}
{"target": 0.7392857142857143, "params": {"activation_function": 1.9651608774639278, "amount_of_layers": 4.67268745604873, "batch_size": 64.66318274602385, "dropout_rate": 0.5921592136294345, "epochs": 53.389662229927374, "hidden_channels": 23.36470666418242, "learning_rate": 0.05949311108080119, "optimizer": 0.8458107787098383, "pooling_algorithm": 0.43728261545069835}, "datetime": {"datetime": "2023-11-30 11:03:05", "elapsed": 285.114951, "delta": 2.052007}}
{"target": 0.8142857142857142, "params": {"activation_function": 0.8276409741508584, "amount_of_layers": 1.0243260872316675, "batch_size": 116.72777178277967, "dropout_rate": 0.7490347444257774, "epochs": 167.61321284714407, "hidden_channels": 94.15059650026993, "learning_rate": 0.022452886613230024, "optimizer": 1.161258706794991, "pooling_algorithm": 0.2973554851615855}, "datetime": {"datetime": "2023-11-30 11:03:08", "elapsed": 287.875049, "delta": 2.760098}}
{"target": 0.5107142857142857, "params": {"activation_function": 0.2650479918166757, "amount_of_layers": 4.558046021623144, "batch_size": 23.95073357675394, "dropout_rate": 0.2540547876065188, "epochs": 181.83594532004668, "hidden_channels": 40.5440220505191, "learning_rate": 0.03225083441643254, "optimizer": 1.854767837179294, "pooling_algorithm": 0.2574341979716759}, "datetime": {"datetime": "2023-11-30 11:03:23", "elapsed": 303.552977, "delta": 15.677928}}
{"target": 0.28214285714285714, "params": {"activation_function": 1.3463563570669494, "amount_of_layers": 6.187139126895153, "batch_size": 109.43699686806927, "dropout_rate": 0.3985847313622704, "epochs": 165.71296102732265, "hidden_channels": 105.5991209230661, "learning_rate": 0.06006035830842783, "optimizer": 1.1962110711387728, "pooling_algorithm": 0.25423607932393666}, "datetime": {"datetime": "2023-11-30 11:03:31", "elapsed": 311.383817, "delta": 7.83084}}
{"target": 0.8214285714285715, "params": {"activation_function": 0.3886725632414936, "amount_of_layers": 3.40141473331951, "batch_size": 60.97142325928014, "dropout_rate": 0.4024072281381847, "epochs": 186.43264464319657, "hidden_channels": 110.01258183121354, "learning_rate": 0.029456854649080336, "optimizer": 0.3005485163357411, "pooling_algorithm": 0.0683523945210256}, "datetime": {"datetime": "2023-11-30 11:03:37", "elapsed": 317.630835, "delta": 6.247018}}
{"target": 0.7392857142857143, "params": {"activation_function": 0.894246604887718, "amount_of_layers": 6.93812183589959, "batch_size": 30.136393995632076, "dropout_rate": 0.41047709912751645, "epochs": 47.659985190310024, "hidden_channels": 10.614569812901332, "learning_rate": 0.03557548489765359, "optimizer": 1.070380153437012, "pooling_algorithm": 0.4999783547255918}, "datetime": {"datetime": "2023-11-30 11:03:39", "elapsed": 319.042526, "delta": 1.411691}}
{"target": 0.7482142857142857, "params": {"activation_function": 1.5076466899640204, "amount_of_layers": 4.558465148474599, "batch_size": 54.93973201344751, "dropout_rate": 0.4853024816007083, "epochs": 190.4496674670363, "hidden_channels": 22.93801487868451, "learning_rate": 0.07357667654916136, "optimizer": 1.9928795208571506, "pooling_algorithm": 0.3185214296827634}, "datetime": {"datetime": "2023-11-30 11:03:46", "elapsed": 326.185752, "delta": 7.143226}}
{"target": 0.7339285714285714, "params": {"activation_function": 0.7979180497902936, "amount_of_layers": 6.157630820666524, "batch_size": 109.74503274751825, "dropout_rate": 0.25118177637954253, "epochs": 26.01072229625713, "hidden_channels": 68.70435794197053, "learning_rate": 0.009672488144501768, "optimizer": 1.450540389975916, "pooling_algorithm": 0.4851110903873831}, "datetime": {"datetime": "2023-11-30 11:03:47", "elapsed": 327.339093, "delta": 1.153341}}
{"target": 0.35, "params": {"activation_function": 0.5740883464100506, "amount_of_layers": 5.773091176983606, "batch_size": 125.83526333464434, "dropout_rate": 0.636779023867366, "epochs": 68.8179123105528, "hidden_channels": 5.26420772163384, "learning_rate": 0.09977738549732852, "optimizer": 0.7703344051828764, "pooling_algorithm": 0.5977586789448135}, "datetime": {"datetime": "2023-11-30 11:03:48", "elapsed": 328.46466, "delta": 1.125567}}
{"target": 0.5571428571428572, "params": {"activation_function": 1.6597324163548683, "amount_of_layers": 3.14053569882308, "batch_size": 130.54926773819415, "dropout_rate": 0.6264289017807876, "epochs": 138.3298238369311, "hidden_channels": 8.318580356447299, "learning_rate": 0.07322491764341069, "optimizer": 1.7602153592717864, "pooling_algorithm": 0.3392649605695508}, "datetime": {"datetime": "2023-11-30 11:03:50", "elapsed": 330.25308, "delta": 1.78842}}
{"target": 0.5, "params": {"activation_function": 1.5094273904443403, "amount_of_layers": 4.107791688662758, "batch_size": 147.7884668859289, "dropout_rate": 0.33346458295875436, "epochs": 143.54666355732863, "hidden_channels": 32.42924249455367, "learning_rate": 0.09766509421903644, "optimizer": 1.7635266003243613, "pooling_algorithm": 0.7713536611510335}, "datetime": {"datetime": "2023-11-30 11:03:54", "elapsed": 333.928496, "delta": 3.675416}}
{"target": 0.7964285714285715, "params": {"activation_function": 0.1031831843412272, "amount_of_layers": 3.8475080620749775, "batch_size": 94.35614551052278, "dropout_rate": 0.34512922605233104, "epochs": 104.36419659237237, "hidden_channels": 104.71653550097173, "learning_rate": 0.03574289572343335, "optimizer": 0.874932318317188, "pooling_algorithm": 0.12736946200764498}, "datetime": {"datetime": "2023-11-30 11:03:57", "elapsed": 337.550047, "delta": 3.621551}}
{"target": 0.5, "params": {"activation_function": 1.1960199372672722, "amount_of_layers": 7.9653456315385425, "batch_size": 97.63212339468771, "dropout_rate": 0.42676949447284646, "epochs": 154.66316872165837, "hidden_channels": 81.2861068298465, "learning_rate": 0.050201012897473946, "optimizer": 1.6203221460080615, "pooling_algorithm": 0.5299183700224406}, "datetime": {"datetime": "2023-11-30 11:04:11", "elapsed": 351.240534, "delta": 13.690487}}
{"target": 0.8089285714285713, "params": {"activation_function": 0.7269818855007852, "amount_of_layers": 1.2199388020315256, "batch_size": 81.1171331126756, "dropout_rate": 0.6259617124408943, "epochs": 91.08586478930529, "hidden_channels": 72.02070921945224, "learning_rate": 0.029506883875733744, "optimizer": 1.5447327833503162, "pooling_algorithm": 0.06054536551282208}, "datetime": {"datetime": "2023-11-30 11:04:12", "elapsed": 352.703453, "delta": 1.462919}}
{"target": 0.7821428571428571, "params": {"activation_function": 0.24963366661079678, "amount_of_layers": 3.300643131335443, "batch_size": 37.90815552466178, "dropout_rate": 0.48493513618688927, "epochs": 148.72026945565588, "hidden_channels": 71.89212537138576, "learning_rate": 0.010774643285118055, "optimizer": 0.9848403836905364, "pooling_algorithm": 0.5986267050146483}, "datetime": {"datetime": "2023-11-30 11:04:18", "elapsed": 358.588119, "delta": 5.884666}}
{"target": 0.2642857142857143, "params": {"activation_function": 0.7747795333563285, "amount_of_layers": 4.266974971327047, "batch_size": 147.87647390775462, "dropout_rate": 0.49450393588491187, "epochs": 25.9335242886045, "hidden_channels": 30.927765915539446, "learning_rate": 0.006320298033717116, "optimizer": 1.8485788181148863, "pooling_algorithm": 0.3603860273877413}, "datetime": {"datetime": "2023-11-30 11:04:19", "elapsed": 359.494043, "delta": 0.905924}}
{"target": 0.5, "params": {"activation_function": 0.6746280080370439, "amount_of_layers": 1.7344114111748326, "batch_size": 64.80150157224307, "dropout_rate": 0.27061618758758216, "epochs": 101.96984503551688, "hidden_channels": 42.8373671490973, "learning_rate": 0.0794088655028094, "optimizer": 1.1342625805905036, "pooling_algorithm": 0.6441379207944395}, "datetime": {"datetime": "2023-11-30 11:04:22", "elapsed": 362.139704, "delta": 2.645661}}
{"target": 0.5, "params": {"activation_function": 1.077875597174363, "amount_of_layers": 1.1725834763199066, "batch_size": 73.54147741124842, "dropout_rate": 0.6658336812146202, "epochs": 88.64140487962531, "hidden_channels": 57.419052441979716, "learning_rate": 0.08536258260475657, "optimizer": 0.5062250682112837, "pooling_algorithm": 0.9961477980433103}, "datetime": {"datetime": "2023-11-30 11:04:24", "elapsed": 363.835794, "delta": 1.69609}}
{"target": 0.5, "params": {"activation_function": 0.5402585586676929, "amount_of_layers": 1.0827454436080028, "batch_size": 126.5141303772771, "dropout_rate": 0.2567115612003716, "epochs": 193.37666858665546, "hidden_channels": 68.40285924553982, "learning_rate": 0.06457401067900885, "optimizer": 1.1291964572275321, "pooling_algorithm": 0.9009582488517097}, "datetime": {"datetime": "2023-11-30 11:04:27", "elapsed": 367.142484, "delta": 3.30669}}
{"target": 0.4892857142857143, "params": {"activation_function": 0.46336617843405414, "amount_of_layers": 7.523162273991037, "batch_size": 24.333940583125383, "dropout_rate": 0.7499818941062553, "epochs": 199.67490048408686, "hidden_channels": 36.34537403272921, "learning_rate": 0.018642652471799272, "optimizer": 1.766441578565599, "pooling_algorithm": 0.7622330196205871}, "datetime": {"datetime": "2023-11-30 11:04:47", "elapsed": 387.290772, "delta": 20.148288}}
{"target": 0.8999999999999999, "params": {"activation_function": 0.9072367779462329, "amount_of_layers": 4.405091058380687, "batch_size": 87.74416209841031, "dropout_rate": 0.38212231778328076, "epochs": 81.20698992611712, "hidden_channels": 17.36545639826527, "learning_rate": 0.0047553001230147066, "optimizer": 0.5620695779283549, "pooling_algorithm": 0.9759663055310698}, "datetime": {"datetime": "2023-11-30 11:04:49", "elapsed": 389.638282, "delta": 2.34751}}
{"target": 0.17857142857142855, "params": {"activation_function": 0.6569030406639127, "amount_of_layers": 2.433251919743906, "batch_size": 110.82530508385706, "dropout_rate": 0.2919140875030413, "epochs": 35.425097798947434, "hidden_channels": 55.20593293157618, "learning_rate": 0.045559333463049904, "optimizer": 0.28599065562360315, "pooling_algorithm": 0.23124260655015338}, "datetime": {"datetime": "2023-11-30 11:04:50", "elapsed": 390.435893, "delta": 0.797611}}
{"target": 0.7428571428571428, "params": {"activation_function": 1.7437505016979753, "amount_of_layers": 4.706099721598977, "batch_size": 70.97913606814633, "dropout_rate": 0.5943296393614005, "epochs": 49.62683212334699, "hidden_channels": 19.446292515292654, "learning_rate": 0.07403735690797612, "optimizer": 1.833895728863171, "pooling_algorithm": 0.4120010054406942}, "datetime": {"datetime": "2023-11-30 11:04:52", "elapsed": 392.21593, "delta": 1.780037}}
{"target": 0.25892857142857145, "params": {"activation_function": 1.1185052568793508, "amount_of_layers": 8.252194282295703, "batch_size": 144.6313139470561, "dropout_rate": 0.5110383413043731, "epochs": 136.77978230384372, "hidden_channels": 123.60482641914844, "learning_rate": 0.07793432024520894, "optimizer": 0.9189578475236309, "pooling_algorithm": 0.028520648552274874}, "datetime": {"datetime": "2023-11-30 11:05:21", "elapsed": 421.4262, "delta": 29.21027}}
{"target": 0.5, "params": {"activation_function": 0.04875365593211267, "amount_of_layers": 7.691466631192304, "batch_size": 59.928035509845984, "dropout_rate": 0.4414933335956086, "epochs": 23.779563005233516, "hidden_channels": 65.9915985562604, "learning_rate": 0.03497289242910877, "optimizer": 0.8927054676532031, "pooling_algorithm": 0.703199600571107}, "datetime": {"datetime": "2023-11-30 11:05:23", "elapsed": 423.084674, "delta": 1.658474}}
{"target": 0.5, "params": {"activation_function": 1.5755355703533702, "amount_of_layers": 1.1152413244406096, "batch_size": 45.73521064057539, "dropout_rate": 0.36049955793478605, "epochs": 187.80867898968825, "hidden_channels": 106.17762026747984, "learning_rate": 0.06924256423297943, "optimizer": 1.0184265974271174, "pooling_algorithm": 0.9234947886986833}, "datetime": {"datetime": "2023-11-30 11:05:28", "elapsed": 428.384636, "delta": 5.299962}}
