{"target": 0.7375, "params": {"activation_function": 1.1270864767520608, "amount_of_layers": 6.435180194944983, "batch_size": 149.7008584860435, "dropout_rate": 0.48617928657266984, "epochs": 56.01768711077605, "hidden_channels": 103.56597114724435, "learning_rate": 0.09844571980045998, "optimizer": 0.5134898179923426, "pooling_algorithm": 0.13775623474809318}, "datetime": {"datetime": "2023-11-30 12:07:58", "elapsed": 240.468647, "delta": 1.232425}}
{"target": 0.8035714285714286, "params": {"activation_function": 1.8671814632635075, "amount_of_layers": 3.3099605282468785, "batch_size": 104.54168175609213, "dropout_rate": 0.5056708226471047, "epochs": 109.81380234298359, "hidden_channels": 103.11973837030186, "learning_rate": 0.0562586912659087, "optimizer": 0.16542266474526612, "pooling_algorithm": 0.13959470469324697}, "datetime": {"datetime": "2023-11-30 12:08:00", "elapsed": 242.643136, "delta": 2.174489}}
{"target": 0.5, "params": {"activation_function": 0.02932571056389044, "amount_of_layers": 7.3058389900008835, "batch_size": 119.66547971159012, "dropout_rate": 0.4114550611304976, "epochs": 40.250021347133874, "hidden_channels": 89.0689675681119, "learning_rate": 0.026674509179539636, "optimizer": 1.7962263865544947, "pooling_algorithm": 0.011963895215887144}, "datetime": {"datetime": "2023-11-30 12:08:02", "elapsed": 243.776995, "delta": 1.133859}}
{"target": 0.8392857142857143, "params": {"activation_function": 0.9391959703514674, "amount_of_layers": 2.0749686981049686, "batch_size": 93.90948276469813, "dropout_rate": 0.5370355902205471, "epochs": 108.99360778586093, "hidden_channels": 100.05599920639203, "learning_rate": 0.026460884072824018, "optimizer": 0.6280380878463583, "pooling_algorithm": 0.021574624341360038}, "datetime": {"datetime": "2023-11-30 12:08:03", "elapsed": 245.682314, "delta": 1.905319}}
{"target": 0.5, "params": {"activation_function": 1.7087765046551713, "amount_of_layers": 8.754785693826406, "batch_size": 48.905656774547055, "dropout_rate": 0.557720090481484, "epochs": 185.29951208162555, "hidden_channels": 32.04992428823276, "learning_rate": 0.043641481238255564, "optimizer": 1.7736737907232012, "pooling_algorithm": 0.6234911986361961}, "datetime": {"datetime": "2023-11-30 12:08:12", "elapsed": 254.003218, "delta": 8.320904}}
{"target": 0.2607142857142857, "params": {"activation_function": 1.2721038632994541, "amount_of_layers": 5.803393189091851, "batch_size": 56.43927872093093, "dropout_rate": 0.535764222213774, "epochs": 79.88629054414747, "hidden_channels": 38.98049923204482, "learning_rate": 0.07537232290802624, "optimizer": 0.9514200381600211, "pooling_algorithm": 0.3028475172864241}, "datetime": {"datetime": "2023-11-30 12:08:14", "elapsed": 256.573678, "delta": 2.57046}}
{"target": 0.5, "params": {"activation_function": 1.3371381552926183, "amount_of_layers": 6.8496199090264565, "batch_size": 56.93543102057226, "dropout_rate": 0.5646427640475828, "epochs": 25.149115133600688, "hidden_channels": 117.67421823254676, "learning_rate": 0.030408799611897564, "optimizer": 0.684687650398224, "pooling_algorithm": 0.775601558276037}, "datetime": {"datetime": "2023-11-30 12:08:15", "elapsed": 257.539451, "delta": 0.965773}}
{"target": 0.5, "params": {"activation_function": 0.550911849522661, "amount_of_layers": 5.807896910898624, "batch_size": 46.54999509613081, "dropout_rate": 0.3149961003690656, "epochs": 199.3749664993293, "hidden_channels": 79.24978627784975, "learning_rate": 0.03347574160920983, "optimizer": 1.0091066807761155, "pooling_algorithm": 0.7504515562222079}, "datetime": {"datetime": "2023-11-30 12:08:23", "elapsed": 265.067691, "delta": 7.52824}}
{"target": 0.5, "params": {"activation_function": 1.206531836807006, "amount_of_layers": 1.751571190228951, "batch_size": 107.09551331836809, "dropout_rate": 0.6310064031751323, "epochs": 94.10915090204678, "hidden_channels": 113.44519216493114, "learning_rate": 0.0531299538063966, "optimizer": 0.995746144607337, "pooling_algorithm": 0.7671665324074978}, "datetime": {"datetime": "2023-11-30 12:08:25", "elapsed": 266.808516, "delta": 1.740825}}
{"target": 0.8357142857142857, "params": {"activation_function": 0.3194307086986319, "amount_of_layers": 1.8313630876154647, "batch_size": 22.3238633525877, "dropout_rate": 0.5010832394781093, "epochs": 91.23439949465825, "hidden_channels": 48.37510957709692, "learning_rate": 0.009506288490548218, "optimizer": 1.3271996751490904, "pooling_algorithm": 0.42987935908381814}, "datetime": {"datetime": "2023-11-30 12:08:28", "elapsed": 270.531604, "delta": 3.723088}}
{"target": 0.25, "params": {"activation_function": 1.5756617795855759, "amount_of_layers": 3.7221950924291765, "batch_size": 48.80825101347527, "dropout_rate": 0.604653050913203, "epochs": 75.31369578169483, "hidden_channels": 33.186256400918865, "learning_rate": 0.05259371254441388, "optimizer": 1.855242452939426, "pooling_algorithm": 0.9922021232581125}, "datetime": {"datetime": "2023-11-30 12:08:31", "elapsed": 272.992208, "delta": 2.460604}}
{"target": 0.7321428571428572, "params": {"activation_function": 1.603949573787474, "amount_of_layers": 4.671976579925605, "batch_size": 98.73315051784208, "dropout_rate": 0.6924601849342107, "epochs": 119.09619712266765, "hidden_channels": 12.811662326829587, "learning_rate": 0.05508499890142778, "optimizer": 0.41509184633582663, "pooling_algorithm": 0.19649501614671183}, "datetime": {"datetime": "2023-11-30 12:08:33", "elapsed": 275.456956, "delta": 2.464748}}
{"target": 0.7785714285714286, "params": {"activation_function": 0.24414115942623615, "amount_of_layers": 1.5882187768047311, "batch_size": 74.89658414353394, "dropout_rate": 0.37466579565155916, "epochs": 81.0601816917468, "hidden_channels": 112.2683512973565, "learning_rate": 0.0982682341419147, "optimizer": 0.46276780138021967, "pooling_algorithm": 0.1259060438974966}, "datetime": {"datetime": "2023-11-30 12:08:35", "elapsed": 276.999566, "delta": 1.54261}}
{"target": 0.5, "params": {"activation_function": 0.03776743441061714, "amount_of_layers": 3.944689185253826, "batch_size": 85.34038742629535, "dropout_rate": 0.5538431302990776, "epochs": 80.14575456992458, "hidden_channels": 40.11896861423373, "learning_rate": 0.07297848170373797, "optimizer": 1.7821169458632993, "pooling_algorithm": 0.9256866224780851}, "datetime": {"datetime": "2023-11-30 12:08:36", "elapsed": 278.599149, "delta": 1.599583}}
{"target": 0.7375, "params": {"activation_function": 0.8361191434016433, "amount_of_layers": 3.767941578665864, "batch_size": 26.743236272062205, "dropout_rate": 0.31587181447928175, "epochs": 74.85410006127113, "hidden_channels": 81.34839092270909, "learning_rate": 0.06936498394376717, "optimizer": 1.370805146147094, "pooling_algorithm": 0.4356606247238132}, "datetime": {"datetime": "2023-11-30 12:08:40", "elapsed": 282.102912, "delta": 3.503763}}
{"target": 0.5, "params": {"activation_function": 0.65454038303977, "amount_of_layers": 5.801609622341746, "batch_size": 141.04110583943273, "dropout_rate": 0.4598778792347936, "epochs": 72.06398399704264, "hidden_channels": 91.86409159540418, "learning_rate": 0.0795392675290111, "optimizer": 1.6117397609834418, "pooling_algorithm": 0.16015909563216746}, "datetime": {"datetime": "2023-11-30 12:08:42", "elapsed": 284.038076, "delta": 1.935164}}
{"target": 0.5, "params": {"activation_function": 0.20701448179461113, "amount_of_layers": 5.204168458899072, "batch_size": 42.02018402241495, "dropout_rate": 0.7441819755024068, "epochs": 29.598606495962876, "hidden_channels": 125.12175404279485, "learning_rate": 0.0990670399812192, "optimizer": 1.9849572542418854, "pooling_algorithm": 0.539349208758252}, "datetime": {"datetime": "2023-11-30 12:08:43", "elapsed": 285.192385, "delta": 1.154309}}
{"target": 0.24285714285714288, "params": {"activation_function": 0.14782182042082326, "amount_of_layers": 1.932979724164916, "batch_size": 45.316971894930674, "dropout_rate": 0.4292152615094365, "epochs": 189.1328406034121, "hidden_channels": 19.326952357944503, "learning_rate": 0.056537055347325574, "optimizer": 0.07335084353706023, "pooling_algorithm": 0.4608320709693947}, "datetime": {"datetime": "2023-11-30 12:08:48", "elapsed": 289.951599, "delta": 4.759214}}
{"target": 0.7375, "params": {"activation_function": 1.5312936608869587, "amount_of_layers": 7.2390054977138405, "batch_size": 40.64040529730175, "dropout_rate": 0.7436868191492634, "epochs": 75.43274842718058, "hidden_channels": 119.76210995857316, "learning_rate": 0.09643737475855757, "optimizer": 0.503913344332646, "pooling_algorithm": 0.022410965571721286}, "datetime": {"datetime": "2023-11-30 12:08:51", "elapsed": 293.248999, "delta": 3.2974}}
{"target": 0.8321428571428571, "params": {"activation_function": 0.7398747150354212, "amount_of_layers": 1.708661189059831, "batch_size": 58.87532490599184, "dropout_rate": 0.6979886344855428, "epochs": 90.19965725480037, "hidden_channels": 92.46475438327761, "learning_rate": 0.023213682720745976, "optimizer": 1.2360680572604006, "pooling_algorithm": 0.02288090075822924}, "datetime": {"datetime": "2023-11-30 12:08:53", "elapsed": 295.246021, "delta": 1.997022}}
{"target": 0.8964285714285714, "params": {"activation_function": 0.22146657511271872, "amount_of_layers": 1.7146687586105518, "batch_size": 142.2951994724766, "dropout_rate": 0.26484206173209746, "epochs": 134.23011179587806, "hidden_channels": 98.76360600870136, "learning_rate": 0.01007005884334878, "optimizer": 0.6700130811519169, "pooling_algorithm": 0.8013993811509826}, "datetime": {"datetime": "2023-11-30 12:08:56", "elapsed": 297.745246, "delta": 2.499225}}
{"target": 0.5, "params": {"activation_function": 1.3871944278662602, "amount_of_layers": 2.0638684096318727, "batch_size": 128.73956264461748, "dropout_rate": 0.45704181616351813, "epochs": 55.71938845681201, "hidden_channels": 41.493506926986775, "learning_rate": 0.046001436944249935, "optimizer": 0.6537282772650008, "pooling_algorithm": 0.9392439770970273}, "datetime": {"datetime": "2023-11-30 12:08:57", "elapsed": 298.768027, "delta": 1.022781}}
{"target": 0.3964285714285714, "params": {"activation_function": 0.4836764700986349, "amount_of_layers": 4.006406866647206, "batch_size": 66.59800702257348, "dropout_rate": 0.3905417841834187, "epochs": 139.12824750002326, "hidden_channels": 36.25206584622673, "learning_rate": 0.03381719986986331, "optimizer": 0.44172131560495553, "pooling_algorithm": 0.26371980667895856}, "datetime": {"datetime": "2023-11-30 12:09:00", "elapsed": 302.300817, "delta": 3.53279}}
{"target": 0.7357142857142858, "params": {"activation_function": 1.9658095198671017, "amount_of_layers": 8.679992662616643, "batch_size": 34.202736762264394, "dropout_rate": 0.45192874258348725, "epochs": 33.55479304058706, "hidden_channels": 32.72898641596919, "learning_rate": 0.09174881081952696, "optimizer": 1.7300914158116356, "pooling_algorithm": 0.18334455405636085}, "datetime": {"datetime": "2023-11-30 12:09:02", "elapsed": 304.34533, "delta": 2.044513}}
{"target": 0.8339285714285715, "params": {"activation_function": 1.6096144895547129, "amount_of_layers": 1.254655313153319, "batch_size": 32.76311226175419, "dropout_rate": 0.5795271090072215, "epochs": 198.9384213504288, "hidden_channels": 50.18715511512115, "learning_rate": 0.024074185579498617, "optimizer": 1.7984269552760286, "pooling_algorithm": 0.24661582837040597}, "datetime": {"datetime": "2023-11-30 12:09:07", "elapsed": 309.62289, "delta": 5.27756}}
{"target": 0.9071428571428571, "params": {"activation_function": 1.256900365861311, "amount_of_layers": 3.787731857425804, "batch_size": 127.92493272589043, "dropout_rate": 0.5359543683555226, "epochs": 108.38007365538817, "hidden_channels": 109.03338181691646, "learning_rate": 0.05852105752907017, "optimizer": 0.2323632534604625, "pooling_algorithm": 0.5979843700164907}, "datetime": {"datetime": "2023-11-30 12:09:10", "elapsed": 312.085637, "delta": 2.462747}}
