{"target": 0.9071428571428573, "params": {"activation_function": 1.3160336641902028, "amount_of_layers": 1.5212518826772934, "batch_size": 106.85025683908657, "dropout_rate": 0.5557467485826064, "epochs": 181.5928231791081, "hidden_channels": 12.928456813420425, "learning_rate": 0.05553850491565812, "optimizer": 0.4651512332916701, "pooling_algorithm": 0.6914029487807615}, "datetime": {"datetime": "2023-11-30 11:36:49", "elapsed": 164.649571, "delta": 3.221833}}
{"target": 0.825, "params": {"activation_function": 0.5715939338366982, "amount_of_layers": 1.7264787060921263, "batch_size": 99.05357929181108, "dropout_rate": 0.6501614750320237, "epochs": 184.2824259303218, "hidden_channels": 11.622291911915916, "learning_rate": 0.05917638552614587, "optimizer": 0.5816475805584587, "pooling_algorithm": 0.05944136734623384}, "datetime": {"datetime": "2023-11-30 11:36:52", "elapsed": 168.111259, "delta": 3.461688}}
{"target": 0.7857142857142857, "params": {"activation_function": 0.018750808246464468, "amount_of_layers": 2.210455306075083, "batch_size": 100.9028855729211, "dropout_rate": 0.7174997867510717, "epochs": 184.7577257779133, "hidden_channels": 10.196119192931189, "learning_rate": 0.08474285508927533, "optimizer": 0.0009788796358234375, "pooling_algorithm": 0.48071461908927016}, "datetime": {"datetime": "2023-11-30 11:36:56", "elapsed": 171.453825, "delta": 3.342566}}
{"target": 0.5, "params": {"activation_function": 0.19436579444826707, "amount_of_layers": 7.028478775372386, "batch_size": 147.79835848575814, "dropout_rate": 0.5858944025045083, "epochs": 181.00415929480258, "hidden_channels": 94.51408055853257, "learning_rate": 0.018122003740899294, "optimizer": 0.743577902201989, "pooling_algorithm": 0.8852403061154034}, "datetime": {"datetime": "2023-11-30 11:37:01", "elapsed": 176.544902, "delta": 5.091077}}
{"target": 0.8357142857142856, "params": {"activation_function": 1.7455240395007154, "amount_of_layers": 1.8113050044523051, "batch_size": 99.97633020910406, "dropout_rate": 0.3843351430888413, "epochs": 181.51002415215964, "hidden_channels": 9.382083214648887, "learning_rate": 0.020448914452321623, "optimizer": 1.2456640575549631, "pooling_algorithm": 0.23499874023242562}, "datetime": {"datetime": "2023-11-30 11:37:04", "elapsed": 179.935203, "delta": 3.390301}}
{"target": 0.19285714285714284, "params": {"activation_function": 1.2747357448334458, "amount_of_layers": 2.3237414336924207, "batch_size": 97.02109331659587, "dropout_rate": 0.7088087805332631, "epochs": 187.99639949453262, "hidden_channels": 12.283884863629766, "learning_rate": 0.004447622672739718, "optimizer": 1.162838678450974, "pooling_algorithm": 0.11362360960943585}, "datetime": {"datetime": "2023-11-30 11:37:08", "elapsed": 183.31408, "delta": 3.378877}}
{"target": 0.8250000000000001, "params": {"activation_function": 0.2750801801160501, "amount_of_layers": 2.2220842175880944, "batch_size": 104.70489150776028, "dropout_rate": 0.6065496757731125, "epochs": 198.62986193331156, "hidden_channels": 19.760687914530525, "learning_rate": 0.07859621562864974, "optimizer": 0.7560242781778892, "pooling_algorithm": 0.44977819605215985}, "datetime": {"datetime": "2023-11-30 11:37:11", "elapsed": 187.087384, "delta": 3.773304}}
{"target": 0.125, "params": {"activation_function": 1.5757238262253521, "amount_of_layers": 4.7955264808916445, "batch_size": 96.27985361973738, "dropout_rate": 0.650553443037565, "epochs": 181.0119447597202, "hidden_channels": 6.782742405672334, "learning_rate": 0.07206540747008928, "optimizer": 0.6890400543667821, "pooling_algorithm": 0.605082679047481}, "datetime": {"datetime": "2023-11-30 11:37:16", "elapsed": 191.316138, "delta": 4.228754}}
{"target": 0.7339285714285714, "params": {"activation_function": 0.9696828089751308, "amount_of_layers": 4.252943510844113, "batch_size": 73.83278758634575, "dropout_rate": 0.6206700468151096, "epochs": 156.72534910299694, "hidden_channels": 8.932082161094723, "learning_rate": 0.08368705454427557, "optimizer": 0.6716368553147674, "pooling_algorithm": 0.4187110791605302}, "datetime": {"datetime": "2023-11-30 11:37:20", "elapsed": 196.140056, "delta": 4.823918}}
{"target": 0.9, "params": {"activation_function": 1.2932055769706194, "amount_of_layers": 1.8785986423773293, "batch_size": 127.79851316788474, "dropout_rate": 0.425162155233172, "epochs": 196.2607997098435, "hidden_channels": 54.124258097953785, "learning_rate": 0.027675415766817396, "optimizer": 0.39977236550533557, "pooling_algorithm": 0.8966313733249093}, "datetime": {"datetime": "2023-11-30 11:37:24", "elapsed": 199.554855, "delta": 3.414799}}
{"target": 0.26607142857142857, "params": {"activation_function": 0.7671696849355536, "amount_of_layers": 7.316486754828876, "batch_size": 144.57186596744648, "dropout_rate": 0.6447868316967336, "epochs": 178.3320716564159, "hidden_channels": 94.76370088318053, "learning_rate": 0.08308336839023625, "optimizer": 0.11089656411284032, "pooling_algorithm": 0.2297271015616209}, "datetime": {"datetime": "2023-11-30 11:37:29", "elapsed": 204.514823, "delta": 4.959968}}
{"target": 0.8714285714285714, "params": {"activation_function": 0.38534661448979435, "amount_of_layers": 4.153240761338972, "batch_size": 74.53155952390473, "dropout_rate": 0.38434001979978655, "epochs": 159.6515742949685, "hidden_channels": 10.047226070119208, "learning_rate": 0.011064906097044691, "optimizer": 0.8365482953594223, "pooling_algorithm": 0.6245712775346502}, "datetime": {"datetime": "2023-11-30 11:37:32", "elapsed": 208.062528, "delta": 3.547705}}
{"target": 0.9071428571428571, "params": {"activation_function": 1.4468230306591523, "amount_of_layers": 3.1695254487046425, "batch_size": 76.06218988977037, "dropout_rate": 0.6403254687511598, "epochs": 158.90158102724848, "hidden_channels": 8.162804264102475, "learning_rate": 0.010014928138204, "optimizer": 0.4489242797193198, "pooling_algorithm": 0.7839525415318127}, "datetime": {"datetime": "2023-11-30 11:37:36", "elapsed": 211.199871, "delta": 3.137343}}
{"target": 0.8535714285714285, "params": {"activation_function": 1.9408419223559479, "amount_of_layers": 3.167211749235924, "batch_size": 98.6029101475111, "dropout_rate": 0.3791424351846422, "epochs": 185.47524443625065, "hidden_channels": 7.16140148979215, "learning_rate": 0.009386728162003165, "optimizer": 1.261942575843623, "pooling_algorithm": 0.23955288271741293}, "datetime": {"datetime": "2023-11-30 11:37:39", "elapsed": 214.888962, "delta": 3.689091}}
{"target": 0.23214285714285712, "params": {"activation_function": 0.10019354306348305, "amount_of_layers": 3.5657276693654714, "batch_size": 78.52414760797168, "dropout_rate": 0.520834960265441, "epochs": 162.04315364892776, "hidden_channels": 9.201817004538086, "learning_rate": 0.00695546059531934, "optimizer": 0.2883439467257016, "pooling_algorithm": 0.3138048706143084}, "datetime": {"datetime": "2023-11-30 11:37:43", "elapsed": 218.402125, "delta": 3.513163}}
{"target": 0.24285714285714283, "params": {"activation_function": 1.895489574273005, "amount_of_layers": 6.519584676560234, "batch_size": 73.08892866357023, "dropout_rate": 0.5798491834165962, "epochs": 157.25824172757024, "hidden_channels": 5.999168307083918, "learning_rate": 0.051939263123112964, "optimizer": 0.2652601018514529, "pooling_algorithm": 0.4676147595170793}, "datetime": {"datetime": "2023-11-30 11:37:49", "elapsed": 224.421325, "delta": 6.0192}}
{"target": 0.7392857142857143, "params": {"activation_function": 1.3669573766906804, "amount_of_layers": 5.17389156812115, "batch_size": 75.09725053477578, "dropout_rate": 0.7300760994053557, "epochs": 158.01397973691473, "hidden_channels": 10.192343353478734, "learning_rate": 0.02896476423618996, "optimizer": 0.10996811844647492, "pooling_algorithm": 0.3984515572608792}, "datetime": {"datetime": "2023-11-30 11:37:52", "elapsed": 228.016048, "delta": 3.594723}}
{"target": 0.8464285714285714, "params": {"activation_function": 0.43446421464760965, "amount_of_layers": 2.5801641197811636, "batch_size": 97.44722685698727, "dropout_rate": 0.5783035858983769, "epochs": 184.71042361993776, "hidden_channels": 7.185900490025313, "learning_rate": 0.04449632662766605, "optimizer": 1.007202812711448, "pooling_algorithm": 0.5313318400003029}, "datetime": {"datetime": "2023-11-30 11:37:56", "elapsed": 231.567252, "delta": 3.551204}}
{"target": 0.8499999999999999, "params": {"activation_function": 0.5812477051525475, "amount_of_layers": 1.5221318507237394, "batch_size": 102.95937240859548, "dropout_rate": 0.5297627426987925, "epochs": 181.27257849797294, "hidden_channels": 17.0172953542935, "learning_rate": 0.08918400262580894, "optimizer": 1.2311498541933608, "pooling_algorithm": 0.18641649519428327}, "datetime": {"datetime": "2023-11-30 11:37:59", "elapsed": 234.921457, "delta": 3.354205}}
{"target": 0.7410714285714286, "params": {"activation_function": 1.1018631117311912, "amount_of_layers": 3.0873306457802334, "batch_size": 109.88692507997544, "dropout_rate": 0.6204778882045445, "epochs": 183.12115446702293, "hidden_channels": 13.691273935391013, "learning_rate": 0.07293781953797758, "optimizer": 1.8358021632847503, "pooling_algorithm": 0.2673699339414394}, "datetime": {"datetime": "2023-11-30 11:38:03", "elapsed": 238.633292, "delta": 3.711835}}
{"target": 0.5, "params": {"activation_function": 0.3260042376612027, "amount_of_layers": 2.9418174746492554, "batch_size": 124.42020569299946, "dropout_rate": 0.5243266390085992, "epochs": 195.193143219952, "hidden_channels": 54.79052603699847, "learning_rate": 0.04533516453715584, "optimizer": 1.4971192198859624, "pooling_algorithm": 0.641723664419727}, "datetime": {"datetime": "2023-11-30 11:38:07", "elapsed": 242.703739, "delta": 4.070447}}
{"target": 0.8535714285714285, "params": {"activation_function": 1.1307924794221382, "amount_of_layers": 3.3018928519847845, "batch_size": 103.09493254832452, "dropout_rate": 0.5812252835833681, "epochs": 182.4525437215375, "hidden_channels": 19.143523146561794, "learning_rate": 0.03891317586329164, "optimizer": 0.6080848459750607, "pooling_algorithm": 0.04030390011509066}, "datetime": {"datetime": "2023-11-30 11:38:11", "elapsed": 246.493839, "delta": 3.7901}}
{"target": 0.8607142857142858, "params": {"activation_function": 1.9218081940675387, "amount_of_layers": 4.62634383560263, "batch_size": 98.64543334042223, "dropout_rate": 0.5027535643030564, "epochs": 184.14777428807537, "hidden_channels": 6.9429803524919365, "learning_rate": 0.053853390534475284, "optimizer": 0.1180570267977159, "pooling_algorithm": 0.6728168495419226}, "datetime": {"datetime": "2023-11-30 11:38:15", "elapsed": 250.591141, "delta": 4.097302}}
{"target": 0.5, "params": {"activation_function": 0.11742506391117935, "amount_of_layers": 1.5536828706238905, "batch_size": 102.90916327053185, "dropout_rate": 0.2645878014828006, "epochs": 185.25945974638304, "hidden_channels": 18.79920841555822, "learning_rate": 0.0924447534661989, "optimizer": 1.8878697715520458, "pooling_algorithm": 0.9218657474993066}, "datetime": {"datetime": "2023-11-30 11:38:18", "elapsed": 253.774727, "delta": 3.183586}}
{"target": 0.5857142857142857, "params": {"activation_function": 0.9248443360200316, "amount_of_layers": 2.7595658225521698, "batch_size": 107.95763712419681, "dropout_rate": 0.30169173735384325, "epochs": 178.9395590017591, "hidden_channels": 16.354082634546543, "learning_rate": 0.07201526921911736, "optimizer": 0.15637638772836326, "pooling_algorithm": 0.23632465653386026}, "datetime": {"datetime": "2023-11-30 11:38:22", "elapsed": 257.376734, "delta": 3.602007}}
{"target": 0.8571428571428571, "params": {"activation_function": 0.9678465065727837, "amount_of_layers": 1.9372317104547472, "batch_size": 97.31722820522144, "dropout_rate": 0.7452375316727917, "epochs": 182.03065250618948, "hidden_channels": 10.519253660555226, "learning_rate": 0.052622925326600095, "optimizer": 0.526817779809686, "pooling_algorithm": 0.30677938970109564}, "datetime": {"datetime": "2023-11-30 11:38:25", "elapsed": 260.806547, "delta": 3.429813}}
{"target": 0.8732142857142857, "params": {"activation_function": 0.9878895496902598, "amount_of_layers": 1.638685879532301, "batch_size": 127.14839624314496, "dropout_rate": 0.46673657863172235, "epochs": 195.71042471240716, "hidden_channels": 57.752232579406375, "learning_rate": 0.0061123154430880785, "optimizer": 1.8968316686673194, "pooling_algorithm": 0.7845599973092443}, "datetime": {"datetime": "2023-11-30 11:38:29", "elapsed": 264.290127, "delta": 3.48358}}
{"target": 0.8285714285714286, "params": {"activation_function": 1.4567549894094338, "amount_of_layers": 1.8366670063943626, "batch_size": 100.8170156613702, "dropout_rate": 0.2753345422003433, "epochs": 179.65820260262052, "hidden_channels": 15.980523998927973, "learning_rate": 0.07968328220503398, "optimizer": 0.508946861568286, "pooling_algorithm": 0.22301692663843764}, "datetime": {"datetime": "2023-11-30 11:38:32", "elapsed": 267.759459, "delta": 3.469332}}
{"target": 0.3017857142857143, "params": {"activation_function": 0.7816123232582797, "amount_of_layers": 1.3321182120273338, "batch_size": 105.43599028021684, "dropout_rate": 0.3456828155052125, "epochs": 198.03762486544397, "hidden_channels": 15.627422198589594, "learning_rate": 0.032976828401623734, "optimizer": 0.4264436476481177, "pooling_algorithm": 0.2872483936031065}, "datetime": {"datetime": "2023-11-30 11:38:35", "elapsed": 270.775999, "delta": 3.01654}}
{"target": 0.85, "params": {"activation_function": 0.8504864197514939, "amount_of_layers": 1.9439299026544008, "batch_size": 100.22079067296868, "dropout_rate": 0.2862522342167194, "epochs": 182.95779557726942, "hidden_channels": 14.193447836217526, "learning_rate": 0.0191853513577386, "optimizer": 0.5342422434312453, "pooling_algorithm": 0.3524364209029226}, "datetime": {"datetime": "2023-11-30 11:38:39", "elapsed": 274.180943, "delta": 3.404944}}
{"target": 0.5, "params": {"activation_function": 0.5517879664494638, "amount_of_layers": 1.402273393913041, "batch_size": 105.06320369813918, "dropout_rate": 0.634652179298554, "epochs": 194.42396912543458, "hidden_channels": 20.768206338705514, "learning_rate": 0.07826104292360701, "optimizer": 0.5641128993397686, "pooling_algorithm": 0.882578952675691}, "datetime": {"datetime": "2023-11-30 11:38:42", "elapsed": 277.36476, "delta": 3.183817}}
{"target": 0.7178571428571429, "params": {"activation_function": 0.3672294894749555, "amount_of_layers": 7.355957446208792, "batch_size": 100.63088141894772, "dropout_rate": 0.3089940205074691, "epochs": 188.29967816440526, "hidden_channels": 8.443760924233118, "learning_rate": 0.03312270592987272, "optimizer": 0.15525442935406786, "pooling_algorithm": 0.469960006643509}, "datetime": {"datetime": "2023-11-30 11:38:47", "elapsed": 282.654987, "delta": 5.290227}}
{"target": 0.12678571428571428, "params": {"activation_function": 0.7754251809171435, "amount_of_layers": 2.9883743529157814, "batch_size": 102.23744026989918, "dropout_rate": 0.7208449073394283, "epochs": 178.9183527601176, "hidden_channels": 12.098801574984494, "learning_rate": 0.09584765323776666, "optimizer": 0.8111650867061089, "pooling_algorithm": 0.5936768665873683}, "datetime": {"datetime": "2023-11-30 11:38:51", "elapsed": 286.315754, "delta": 3.660767}}
{"target": 0.2107142857142857, "params": {"activation_function": 0.025317402246155085, "amount_of_layers": 4.627390177511257, "batch_size": 103.01647520660659, "dropout_rate": 0.5964346963321843, "epochs": 199.01732993091875, "hidden_channels": 20.44492290088311, "learning_rate": 0.09888260384427101, "optimizer": 0.3622042496079092, "pooling_algorithm": 0.05970785830497782}, "datetime": {"datetime": "2023-11-30 11:38:56", "elapsed": 291.214572, "delta": 4.898818}}
{"target": 0.825, "params": {"activation_function": 0.10356146278918987, "amount_of_layers": 1.71111359430423, "batch_size": 126.17101635640448, "dropout_rate": 0.5563327671752809, "epochs": 196.22684750202026, "hidden_channels": 59.600520463268424, "learning_rate": 0.04044698817913642, "optimizer": 1.1986823380176606, "pooling_algorithm": 0.4520621026008681}, "datetime": {"datetime": "2023-11-30 11:38:59", "elapsed": 294.833056, "delta": 3.618484}}
{"target": 0.5, "params": {"activation_function": 1.8161591674036026, "amount_of_layers": 1.9758241137416332, "batch_size": 100.00179403507423, "dropout_rate": 0.332041895527408, "epochs": 181.1372784423012, "hidden_channels": 14.457331220681926, "learning_rate": 0.08792537694689675, "optimizer": 1.5900643229263913, "pooling_algorithm": 0.5664554707040882}, "datetime": {"datetime": "2023-11-30 11:39:02", "elapsed": 297.853898, "delta": 3.020842}}
{"target": 0.5, "params": {"activation_function": 1.8987821731726993, "amount_of_layers": 2.1393006747815067, "batch_size": 98.54879306457102, "dropout_rate": 0.6806448915307854, "epochs": 185.6790421379907, "hidden_channels": 9.895233998845793, "learning_rate": 0.0939391183931043, "optimizer": 0.6433233852263056, "pooling_algorithm": 0.5633000243076057}, "datetime": {"datetime": "2023-11-30 11:39:06", "elapsed": 301.306416, "delta": 3.452518}}
{"target": 0.2625, "params": {"activation_function": 1.1286811602386477, "amount_of_layers": 4.38996062441523, "batch_size": 143.0072246241586, "dropout_rate": 0.7133759171586112, "epochs": 182.7072539270767, "hidden_channels": 98.31456134333513, "learning_rate": 0.009811501183328974, "optimizer": 0.7708794513921555, "pooling_algorithm": 0.42281455324173656}, "datetime": {"datetime": "2023-11-30 11:39:10", "elapsed": 305.405378, "delta": 4.098962}}
{"target": 0.2464285714285714, "params": {"activation_function": 1.3332455942213912, "amount_of_layers": 2.0671584623153727, "batch_size": 107.43276574676746, "dropout_rate": 0.6109688300828262, "epochs": 199.52810346737536, "hidden_channels": 21.0318733213978, "learning_rate": 0.09663831038200149, "optimizer": 0.3485759255431866, "pooling_algorithm": 0.46676598053445095}, "datetime": {"datetime": "2023-11-30 11:39:13", "elapsed": 308.846042, "delta": 3.440664}}
{"target": 0.8392857142857143, "params": {"activation_function": 0.18921383681606385, "amount_of_layers": 1.8330680086224227, "batch_size": 99.77133507602932, "dropout_rate": 0.6583460278988018, "epochs": 182.6468135270148, "hidden_channels": 10.907523635661343, "learning_rate": 0.014685693656306516, "optimizer": 0.7666820882005891, "pooling_algorithm": 0.33501318599200924}, "datetime": {"datetime": "2023-11-30 11:39:17", "elapsed": 312.382557, "delta": 3.536515}}
{"target": 0.9178571428571429, "params": {"activation_function": 0.0026866743212805577, "amount_of_layers": 3.256907504389523, "batch_size": 126.64057075003315, "dropout_rate": 0.6307167779500862, "epochs": 195.22302443490835, "hidden_channels": 60.48999256386185, "learning_rate": 0.02519110101059648, "optimizer": 0.4717412812032884, "pooling_algorithm": 0.5563377723327987}, "datetime": {"datetime": "2023-11-30 11:39:20", "elapsed": 316.067115, "delta": 3.684558}}
{"target": 0.5, "params": {"activation_function": 0.9579369177778998, "amount_of_layers": 2.067313987720313, "batch_size": 125.8627855183167, "dropout_rate": 0.3970178386037455, "epochs": 199.4048854003876, "hidden_channels": 55.66261817208429, "learning_rate": 0.025848813213087796, "optimizer": 1.6962375697261542, "pooling_algorithm": 0.5201837057784356}, "datetime": {"datetime": "2023-11-30 11:39:24", "elapsed": 319.610979, "delta": 3.543864}}
{"target": 0.85, "params": {"activation_function": 1.9721635887302331, "amount_of_layers": 2.2164214288614064, "batch_size": 125.42999211872066, "dropout_rate": 0.7243906379597698, "epochs": 194.45544128075295, "hidden_channels": 58.83592766341143, "learning_rate": 0.0473178850361253, "optimizer": 1.4347984481215867, "pooling_algorithm": 0.3566855329377203}, "datetime": {"datetime": "2023-11-30 11:39:28", "elapsed": 323.21407, "delta": 3.603091}}
{"target": 0.8999999999999999, "params": {"activation_function": 1.2955715933768552, "amount_of_layers": 1.1148726865541123, "batch_size": 125.84426565961101, "dropout_rate": 0.5457766177147154, "epochs": 195.24576128668534, "hidden_channels": 57.22454732347471, "learning_rate": 0.08936287639580422, "optimizer": 0.31715875304985186, "pooling_algorithm": 0.8148367421462316}, "datetime": {"datetime": "2023-11-30 11:39:31", "elapsed": 326.213867, "delta": 2.999797}}
{"target": 0.27142857142857146, "params": {"activation_function": 1.1145002710966754, "amount_of_layers": 1.5359724304313858, "batch_size": 125.88352159414644, "dropout_rate": 0.6953530335862719, "epochs": 194.40092143979476, "hidden_channels": 62.32550272424214, "learning_rate": 0.056707319661643184, "optimizer": 0.5927751455524397, "pooling_algorithm": 0.16572305174455104}, "datetime": {"datetime": "2023-11-30 11:39:34", "elapsed": 329.764382, "delta": 3.550515}}
{"target": 0.5, "params": {"activation_function": 0.06690121531679072, "amount_of_layers": 1.4697669847601524, "batch_size": 72.67599729011185, "dropout_rate": 0.6126756021206025, "epochs": 158.6859310108444, "hidden_channels": 10.109298169417599, "learning_rate": 0.07887958063159667, "optimizer": 1.2583890968831524, "pooling_algorithm": 0.5840990551546869}, "datetime": {"datetime": "2023-11-30 11:39:37", "elapsed": 333.14003, "delta": 3.375648}}
{"target": 0.7357142857142857, "params": {"activation_function": 1.8114615735299455, "amount_of_layers": 3.5989089938152343, "batch_size": 105.85326548026795, "dropout_rate": 0.7254993543009534, "epochs": 181.4749213135718, "hidden_channels": 18.806651630273862, "learning_rate": 0.07193122364676954, "optimizer": 1.452723866568346, "pooling_algorithm": 0.03465932745504585}, "datetime": {"datetime": "2023-11-30 11:39:42", "elapsed": 337.34786, "delta": 4.20783}}
