{"target": 0.5, "params": {"activation_function": 1.0855736382082195, "amount_of_layers": 6.836657326620512, "batch_size": 86.59791375973472, "dropout_rate": 0.2562139903223816, "epochs": 47.21645340042586, "hidden_channels": 128.0, "learning_rate": 0.01, "optimizer": 1.7767104659715576, "pooling_algorithm": 0.7539767399965333}, "datetime": {"datetime": "2023-11-29 09:25:10", "elapsed": 163.862309, "delta": 1.507975}}
{"target": 0.5, "params": {"activation_function": 0.0, "amount_of_layers": 9.0, "batch_size": 91.38354406569736, "dropout_rate": 0.25, "epochs": 118.88033028036598, "hidden_channels": 128.0, "learning_rate": 0.01, "optimizer": 1.5098950628648926, "pooling_algorithm": 1.0}, "datetime": {"datetime": "2023-11-29 09:25:15", "elapsed": 168.201556, "delta": 4.339247}}
{"target": 0.29642857142857143, "params": {"activation_function": 0.38805023086877033, "amount_of_layers": 1.427514018802781, "batch_size": 100.02051869220014, "dropout_rate": 0.3481300912151618, "epochs": 15.520016420344064, "hidden_channels": 128.0, "learning_rate": 0.01, "optimizer": 0.3769625825216387, "pooling_algorithm": 0.07265714052313599}, "datetime": {"datetime": "2023-11-29 09:25:15", "elapsed": 168.696379, "delta": 0.494823}}
{"target": 0.5142857142857142, "params": {"activation_function": 0.060353474913983574, "amount_of_layers": 2.651755740768289, "batch_size": 109.93581907275156, "dropout_rate": 0.42678736344537527, "epochs": 137.9776152658177, "hidden_channels": 128.0, "learning_rate": 0.01, "optimizer": 0.30210518593036495, "pooling_algorithm": 0.020996662710006442}, "datetime": {"datetime": "2023-11-29 09:25:18", "elapsed": 171.748965, "delta": 3.052586}}
{"target": 0.7964285714285714, "params": {"activation_function": 1.3541235828448892, "amount_of_layers": 2.1771316792049804, "batch_size": 67.16389887240847, "dropout_rate": 0.6195813101868693, "epochs": 160.28726332697389, "hidden_channels": 128.0, "learning_rate": 0.01, "optimizer": 1.2585738730203873, "pooling_algorithm": 0.0024909849008244445}, "datetime": {"datetime": "2023-11-29 09:25:22", "elapsed": 176.026844, "delta": 4.277879}}
{"target": 0.8214285714285715, "params": {"activation_function": 1.7554833259904838, "amount_of_layers": 4.5154156536691685, "batch_size": 97.66273118657858, "dropout_rate": 0.4317451637786016, "epochs": 13.501745621192375, "hidden_channels": 128.0, "learning_rate": 0.01, "optimizer": 1.353910772435672, "pooling_algorithm": 0.39433498818039925}, "datetime": {"datetime": "2023-11-29 09:25:23", "elapsed": 176.578147, "delta": 0.551303}}
{"target": 0.6678571428571428, "params": {"activation_function": 0.8753799970414025, "amount_of_layers": 5.203879346516973, "batch_size": 102.56371588621934, "dropout_rate": 0.3782855628978316, "epochs": 139.57210662831375, "hidden_channels": 128.0, "learning_rate": 0.01, "optimizer": 0.6871082426709596, "pooling_algorithm": 0.5772090518971112}, "datetime": {"datetime": "2023-11-29 09:25:27", "elapsed": 180.259533, "delta": 3.681386}}
{"target": 0.7964285714285715, "params": {"activation_function": 0.4161405312650046, "amount_of_layers": 3.376238551177747, "batch_size": 70.336915334026, "dropout_rate": 0.7040871282801717, "epochs": 160.78347736915407, "hidden_channels": 128.0, "learning_rate": 0.01, "optimizer": 0.9986803308281729, "pooling_algorithm": 0.7933445612595468}, "datetime": {"datetime": "2023-11-29 09:25:31", "elapsed": 184.949604, "delta": 4.690071}}
{"target": 0.2642857142857143, "params": {"activation_function": 0.5045558534228298, "amount_of_layers": 4.823277891834652, "batch_size": 99.10549517864044, "dropout_rate": 0.29498355240888374, "epochs": 10.431428330799452, "hidden_channels": 128.0, "learning_rate": 0.01, "optimizer": 0.8588792945909718, "pooling_algorithm": 0.1869280584270523}, "datetime": {"datetime": "2023-11-29 09:25:32", "elapsed": 185.407267, "delta": 0.457663}}
{"target": 0.8107142857142857, "params": {"activation_function": 1.7289593102865708, "amount_of_layers": 1.512353427809984, "batch_size": 69.5153981127258, "dropout_rate": 0.5180774552779973, "epochs": 160.54870000356817, "hidden_channels": 128.0, "learning_rate": 0.01, "optimizer": 0.7951614334163755, "pooling_algorithm": 0.6188647784069693}, "datetime": {"datetime": "2023-11-29 09:25:36", "elapsed": 189.717707, "delta": 4.31044}}
{"target": 0.5, "params": {"activation_function": 0.8672090096365266, "amount_of_layers": 3.720448787375944, "batch_size": 64.02519596586154, "dropout_rate": 0.7088502091472813, "epochs": 160.7815653774748, "hidden_channels": 128.0, "learning_rate": 0.01, "optimizer": 0.6842118966311532, "pooling_algorithm": 0.8181998888127127}, "datetime": {"datetime": "2023-11-29 09:25:41", "elapsed": 194.926555, "delta": 5.208848}}
{"target": 0.8178571428571428, "params": {"activation_function": 0.11056365678451141, "amount_of_layers": 2.9102903758710195, "batch_size": 96.25265165927135, "dropout_rate": 0.4879119871059952, "epochs": 16.08621254504198, "hidden_channels": 128.0, "learning_rate": 0.01, "optimizer": 0.8176241959927915, "pooling_algorithm": 0.48129230755871544}, "datetime": {"datetime": "2023-11-29 09:25:42", "elapsed": 195.380974, "delta": 0.454419}}
{"target": 0.9107142857142858, "params": {"activation_function": 0.48247948125132645, "amount_of_layers": 8.716510549411003, "batch_size": 144.43582492257377, "dropout_rate": 0.4552225602993415, "epochs": 110.88579354289425, "hidden_channels": 128.0, "learning_rate": 0.01, "optimizer": 0.0499864324061956, "pooling_algorithm": 0.9099389812474442}, "datetime": {"datetime": "2023-11-29 09:25:46", "elapsed": 199.679383, "delta": 4.298409}}
{"target": 0.5, "params": {"activation_function": 0.9429655229248548, "amount_of_layers": 7.684303617957016, "batch_size": 145.64598435458439, "dropout_rate": 0.43041366060506175, "epochs": 110.75077010526597, "hidden_channels": 128.0, "learning_rate": 0.01, "optimizer": 0.5106050448847437, "pooling_algorithm": 0.8444336143664636}, "datetime": {"datetime": "2023-11-29 09:25:50", "elapsed": 203.86307, "delta": 4.183687}}
{"target": 0.5, "params": {"activation_function": 0.7517080580663071, "amount_of_layers": 3.9623930250934345, "batch_size": 65.98970836307173, "dropout_rate": 0.5676865879480013, "epochs": 158.48684965768004, "hidden_channels": 128.0, "learning_rate": 0.01, "optimizer": 0.8750034061463097, "pooling_algorithm": 0.8245893634804462}, "datetime": {"datetime": "2023-11-29 09:25:55", "elapsed": 208.90076, "delta": 5.03769}}
{"target": 0.9035714285714286, "params": {"activation_function": 0.7563478474372498, "amount_of_layers": 2.5963616893289228, "batch_size": 97.09608599721626, "dropout_rate": 0.46678733011752155, "epochs": 14.169084705254672, "hidden_channels": 128.0, "learning_rate": 0.01, "optimizer": 0.9257369800216682, "pooling_algorithm": 0.6874457722170781}, "datetime": {"datetime": "2023-11-29 09:25:56", "elapsed": 209.299067, "delta": 0.398307}}
{"target": 0.26071428571428573, "params": {"activation_function": 1.3098443935448678, "amount_of_layers": 5.8417583243552444, "batch_size": 107.18879543384814, "dropout_rate": 0.5828042941590359, "epochs": 140.5068406632535, "hidden_channels": 128.0, "learning_rate": 0.01, "optimizer": 0.036499708315629986, "pooling_algorithm": 0.1133220349563212}, "datetime": {"datetime": "2023-11-29 09:26:00", "elapsed": 213.725056, "delta": 4.425989}}
{"target": 0.9035714285714286, "params": {"activation_function": 0.4507561702908851, "amount_of_layers": 2.72528956986206, "batch_size": 95.29087323881276, "dropout_rate": 0.3964842137552534, "epochs": 15.511100698729201, "hidden_channels": 128.0, "learning_rate": 0.01, "optimizer": 0.9287172143937166, "pooling_algorithm": 0.6857787247663865}, "datetime": {"datetime": "2023-11-29 09:26:01", "elapsed": 214.207671, "delta": 0.482615}}
{"target": 0.825, "params": {"activation_function": 0.3130501818000515, "amount_of_layers": 7.0504953731331765, "batch_size": 94.53184343735744, "dropout_rate": 0.6635280439750425, "epochs": 122.17413450914134, "hidden_channels": 128.0, "learning_rate": 0.01, "optimizer": 1.1199204516511332, "pooling_algorithm": 0.5952448144289625}, "datetime": {"datetime": "2023-11-29 09:26:05", "elapsed": 218.393073, "delta": 4.185402}}
{"target": 0.9232142857142858, "params": {"activation_function": 1.747125269760696, "amount_of_layers": 1.473136163868758, "batch_size": 108.47341619100101, "dropout_rate": 0.32104413352728506, "epochs": 134.58120725705578, "hidden_channels": 128.0, "learning_rate": 0.01, "optimizer": 0.17698966906392521, "pooling_algorithm": 0.9993117919565254}, "datetime": {"datetime": "2023-11-29 09:26:07", "elapsed": 220.930606, "delta": 2.537533}}
{"target": 0.9071428571428571, "params": {"activation_function": 0.407294631329554, "amount_of_layers": 3.3153966285936765, "batch_size": 97.0287623820117, "dropout_rate": 0.3677182592695795, "epochs": 14.592978393765632, "hidden_channels": 128.0, "learning_rate": 0.01, "optimizer": 1.1320820745222588, "pooling_algorithm": 0.6227617789018762}, "datetime": {"datetime": "2023-11-29 09:26:08", "elapsed": 221.361282, "delta": 0.430676}}
{"target": 0.9267857142857143, "params": {"activation_function": 2.0, "amount_of_layers": 1.0, "batch_size": 108.73988225872392, "dropout_rate": 0.75, "epochs": 135.38431145960863, "hidden_channels": 128.0, "learning_rate": 0.01, "optimizer": 0.0, "pooling_algorithm": 1.0}, "datetime": {"datetime": "2023-11-29 09:26:10", "elapsed": 224.071263, "delta": 2.709981}}
{"target": 0.75, "params": {"activation_function": 0.30813553553989537, "amount_of_layers": 2.9179301731624436, "batch_size": 95.21618316174937, "dropout_rate": 0.2991779567278224, "epochs": 14.405109676766624, "hidden_channels": 128.0, "learning_rate": 0.01, "optimizer": 1.725254110672722, "pooling_algorithm": 0.30110904024350627}, "datetime": {"datetime": "2023-11-29 09:26:11", "elapsed": 224.498214, "delta": 0.426951}}
{"target": 0.5803571428571429, "params": {"activation_function": 1.9185550843777694, "amount_of_layers": 1.1977699806435194, "batch_size": 108.3879392317441, "dropout_rate": 0.7254526183213419, "epochs": 136.7092211713823, "hidden_channels": 128.0, "learning_rate": 0.01, "optimizer": 0.4442351987495192, "pooling_algorithm": 0.2978395394533734}, "datetime": {"datetime": "2023-11-29 09:26:13", "elapsed": 226.976871, "delta": 2.478657}}
{"target": 0.5, "params": {"activation_function": 1.0481215914049573, "amount_of_layers": 3.7915916436430894, "batch_size": 96.35838137217162, "dropout_rate": 0.5723716518617867, "epochs": 15.945338820937687, "hidden_channels": 128.0, "learning_rate": 0.01, "optimizer": 1.5895026104679342, "pooling_algorithm": 0.8559035781484772}, "datetime": {"datetime": "2023-11-29 09:26:14", "elapsed": 227.550016, "delta": 0.573145}}
{"target": 0.9035714285714287, "params": {"activation_function": 1.0459949787247422, "amount_of_layers": 3.9088281934674876, "batch_size": 69.20080594917673, "dropout_rate": 0.44083106823785745, "epochs": 161.06788215736458, "hidden_channels": 128.0, "learning_rate": 0.01, "optimizer": 0.4935175211780876, "pooling_algorithm": 0.6553860026329211}, "datetime": {"datetime": "2023-11-29 09:26:20", "elapsed": 233.427183, "delta": 5.877167}}
{"target": 0.36428571428571427, "params": {"activation_function": 0.028548043232343057, "amount_of_layers": 3.6993405873793535, "batch_size": 67.13884762616476, "dropout_rate": 0.7190059041249491, "epochs": 159.58651427520442, "hidden_channels": 128.0, "learning_rate": 0.01, "optimizer": 0.13426661952130492, "pooling_algorithm": 0.39885378038773467}, "datetime": {"datetime": "2023-11-29 09:26:25", "elapsed": 238.798022, "delta": 5.370839}}
{"target": 0.2571428571428571, "params": {"activation_function": 0.8246812702737558, "amount_of_layers": 5.686983361709482, "batch_size": 101.2084199144423, "dropout_rate": 0.4843918760399498, "epochs": 12.367890862945393, "hidden_channels": 128.0, "learning_rate": 0.01, "optimizer": 1.0439432941082785, "pooling_algorithm": 0.3810230918376881}, "datetime": {"datetime": "2023-11-29 09:26:26", "elapsed": 239.396912, "delta": 0.59889}}
{"target": 0.5, "params": {"activation_function": 0.7179756785088921, "amount_of_layers": 4.382706796727721, "batch_size": 69.82464453058962, "dropout_rate": 0.5164672311703473, "epochs": 161.20325577335544, "hidden_channels": 128.0, "learning_rate": 0.01, "optimizer": 0.5037219604836488, "pooling_algorithm": 0.7297642731655717}, "datetime": {"datetime": "2023-11-29 09:26:32", "elapsed": 245.343451, "delta": 5.946539}}
{"target": 0.9196428571428572, "params": {"activation_function": 0.05242847292810415, "amount_of_layers": 1.060956247781899, "batch_size": 33.95258999250785, "dropout_rate": 0.31186118973102966, "epochs": 114.6769521800137, "hidden_channels": 128.0, "learning_rate": 0.01, "optimizer": 0.3705278012900606, "pooling_algorithm": 0.5118189975305624}, "datetime": {"datetime": "2023-11-29 09:26:36", "elapsed": 249.293583, "delta": 3.950132}}
{"target": 0.8321428571428571, "params": {"activation_function": 0.2451250018073181, "amount_of_layers": 8.519527624503969, "batch_size": 144.94419498528893, "dropout_rate": 0.38358624924492163, "epochs": 111.16971983196383, "hidden_channels": 128.0, "learning_rate": 0.01, "optimizer": 0.492054410513334, "pooling_algorithm": 0.4302618143539947}, "datetime": {"datetime": "2023-11-29 09:26:40", "elapsed": 253.281802, "delta": 3.988219}}
{"target": 0.7410714285714286, "params": {"activation_function": 1.8708698411162519, "amount_of_layers": 8.076597424465493, "batch_size": 27.01756336933615, "dropout_rate": 0.5039641308930106, "epochs": 35.88037205175035, "hidden_channels": 128.0, "learning_rate": 0.01, "optimizer": 1.1634749493271277, "pooling_algorithm": 0.17967381856124598}, "datetime": {"datetime": "2023-11-29 09:26:44", "elapsed": 257.120896, "delta": 3.839094}}
{"target": 0.2642857142857143, "params": {"activation_function": 1.497920521568896, "amount_of_layers": 5.2094399605224115, "batch_size": 53.78662204662371, "dropout_rate": 0.6034988805659376, "epochs": 49.8597322517275, "hidden_channels": 128.0, "learning_rate": 0.01, "optimizer": 0.31014187858087516, "pooling_algorithm": 0.451893946408332}, "datetime": {"datetime": "2023-11-29 09:26:45", "elapsed": 258.96385, "delta": 1.842954}}
{"target": 0.26071428571428573, "params": {"activation_function": 1.5772971238229514, "amount_of_layers": 6.271928781377275, "batch_size": 57.48391734743825, "dropout_rate": 0.5786577862798775, "epochs": 115.56443694735815, "hidden_channels": 128.0, "learning_rate": 0.01, "optimizer": 1.0474292200164375, "pooling_algorithm": 0.2515677945646645}, "datetime": {"datetime": "2023-11-29 09:26:50", "elapsed": 263.523246, "delta": 4.559396}}
{"target": 0.5, "params": {"activation_function": 0.5145349766191565, "amount_of_layers": 1.239859731673536, "batch_size": 134.01373256762753, "dropout_rate": 0.674166805033757, "epochs": 50.69444287254648, "hidden_channels": 128.0, "learning_rate": 0.01, "optimizer": 1.5475342317495706, "pooling_algorithm": 0.5442148454713045}, "datetime": {"datetime": "2023-11-29 09:26:51", "elapsed": 264.552805, "delta": 1.029559}}
{"target": 0.7375, "params": {"activation_function": 1.5331681895471736, "amount_of_layers": 6.036369710013673, "batch_size": 148.19988762262537, "dropout_rate": 0.36605233705522583, "epochs": 156.9708039064245, "hidden_channels": 128.0, "learning_rate": 0.01, "optimizer": 1.5628972043983824, "pooling_algorithm": 0.26102611515917695}, "datetime": {"datetime": "2023-11-29 09:26:56", "elapsed": 269.139755, "delta": 4.58695}}
{"target": 0.9071428571428571, "params": {"activation_function": 1.1400116236674076, "amount_of_layers": 3.6942803672322713, "batch_size": 95.64097287530404, "dropout_rate": 0.45798797147383463, "epochs": 116.5326735443388, "hidden_channels": 128.0, "learning_rate": 0.01, "optimizer": 0.06667354687334104, "pooling_algorithm": 0.5989207861438482}, "datetime": {"datetime": "2023-11-29 09:26:59", "elapsed": 272.455125, "delta": 3.31537}}
{"target": 0.7999999999999999, "params": {"activation_function": 0.6836121201386718, "amount_of_layers": 1.5438293992931813, "batch_size": 130.80376626036303, "dropout_rate": 0.5707613627872159, "epochs": 188.7581646899204, "hidden_channels": 128.0, "learning_rate": 0.01, "optimizer": 1.337167347744056, "pooling_algorithm": 0.0431377820743869}, "datetime": {"datetime": "2023-11-29 09:27:03", "elapsed": 276.768138, "delta": 4.313013}}
{"target": 0.8053571428571428, "params": {"activation_function": 1.4920421903632053, "amount_of_layers": 1.3115610896134537, "batch_size": 78.77445596467233, "dropout_rate": 0.5983243201630251, "epochs": 150.49555514926726, "hidden_channels": 128.0, "learning_rate": 0.01, "optimizer": 1.8710719014992285, "pooling_algorithm": 0.051120885016940676}, "datetime": {"datetime": "2023-11-29 09:27:06", "elapsed": 279.460901, "delta": 2.692763}}
{"target": 0.2589285714285714, "params": {"activation_function": 1.0041930457179724, "amount_of_layers": 7.302231980895777, "batch_size": 47.16198058477947, "dropout_rate": 0.539348373220728, "epochs": 33.56243585292351, "hidden_channels": 128.0, "learning_rate": 0.01, "optimizer": 1.6579281699720039, "pooling_algorithm": 0.12118368252062628}, "datetime": {"datetime": "2023-11-29 09:27:08", "elapsed": 281.431591, "delta": 1.97069}}
{"target": 0.9035714285714287, "params": {"activation_function": 1.1455272192930108, "amount_of_layers": 4.470556355297587, "batch_size": 68.63414888406979, "dropout_rate": 0.2547563952085534, "epochs": 162.2428974777854, "hidden_channels": 128.0, "learning_rate": 0.01, "optimizer": 0.15792723079474724, "pooling_algorithm": 0.8844459404161061}, "datetime": {"datetime": "2023-11-29 09:27:13", "elapsed": 286.602807, "delta": 5.171216}}
{"target": 0.7392857142857142, "params": {"activation_function": 0.8327134900249757, "amount_of_layers": 6.8366335886487715, "batch_size": 25.54266538943473, "dropout_rate": 0.7278603738686023, "epochs": 156.03637061130019, "hidden_channels": 128.0, "learning_rate": 0.01, "optimizer": 1.461997599414579, "pooling_algorithm": 0.07856772951148971}, "datetime": {"datetime": "2023-11-29 09:27:26", "elapsed": 299.430667, "delta": 12.82786}}
{"target": 0.225, "params": {"activation_function": 0.6798867237450468, "amount_of_layers": 3.278017034267222, "batch_size": 73.23490282624354, "dropout_rate": 0.5580892650070508, "epochs": 109.82980736599801, "hidden_channels": 128.0, "learning_rate": 0.01, "optimizer": 0.26336291365547715, "pooling_algorithm": 0.38539020370688026}, "datetime": {"datetime": "2023-11-29 09:27:29", "elapsed": 302.731042, "delta": 3.300375}}
{"target": 0.26249999999999996, "params": {"activation_function": 1.9909588118688821, "amount_of_layers": 6.6065512755358995, "batch_size": 134.3456095376256, "dropout_rate": 0.4755058905919351, "epochs": 142.5545958828992, "hidden_channels": 128.0, "learning_rate": 0.01, "optimizer": 1.1399671393175372, "pooling_algorithm": 0.40116743228063556}, "datetime": {"datetime": "2023-11-29 09:27:34", "elapsed": 307.09396, "delta": 4.362918}}
{"target": 0.9214285714285715, "params": {"activation_function": 1.6158450158070763, "amount_of_layers": 1.324307384605527, "batch_size": 56.613030213357106, "dropout_rate": 0.5437293114448413, "epochs": 148.77349598251197, "hidden_channels": 128.0, "learning_rate": 0.01, "optimizer": 0.4923588184017702, "pooling_algorithm": 0.6250742360713241}, "datetime": {"datetime": "2023-11-29 09:27:37", "elapsed": 310.323526, "delta": 3.229566}}
{"target": 0.7107142857142856, "params": {"activation_function": 0.5104413090924824, "amount_of_layers": 2.111659047879674, "batch_size": 103.9377046277959, "dropout_rate": 0.25335429318672054, "epochs": 65.68730863906187, "hidden_channels": 128.0, "learning_rate": 0.01, "optimizer": 0.25116233820472345, "pooling_algorithm": 0.3575109090277103}, "datetime": {"datetime": "2023-11-29 09:27:38", "elapsed": 311.884401, "delta": 1.560875}}
{"target": 0.9035714285714286, "params": {"activation_function": 1.9856124324763977, "amount_of_layers": 4.844602200561312, "batch_size": 96.97556590918148, "dropout_rate": 0.3480879134714079, "epochs": 10.807549861361487, "hidden_channels": 128.0, "learning_rate": 0.01, "optimizer": 0.800953787581969, "pooling_algorithm": 0.8313111639322429}, "datetime": {"datetime": "2023-11-29 09:27:39", "elapsed": 312.367425, "delta": 0.483024}}
{"target": 0.9107142857142858, "params": {"activation_function": 1.6416699171817086, "amount_of_layers": 2.7473691350941527, "batch_size": 68.88152934171342, "dropout_rate": 0.38548428737223694, "epochs": 155.99946104150376, "hidden_channels": 128.0, "learning_rate": 0.01, "optimizer": 0.24231565362803464, "pooling_algorithm": 0.5154561293707358}, "datetime": {"datetime": "2023-11-29 09:27:43", "elapsed": 317.026316, "delta": 4.658891}}
{"target": 0.2732142857142857, "params": {"activation_function": 0.571342807513961, "amount_of_layers": 8.502720621964578, "batch_size": 133.8295810182156, "dropout_rate": 0.4632760667473834, "epochs": 199.90761506521022, "hidden_channels": 128.0, "learning_rate": 0.01, "optimizer": 1.4635994561420398, "pooling_algorithm": 0.17607968489516923}, "datetime": {"datetime": "2023-11-29 09:27:50", "elapsed": 323.94871, "delta": 6.922394}}
{"target": 0.5, "params": {"activation_function": 0.5830033399320733, "amount_of_layers": 5.609661934837642, "batch_size": 22.83117354389679, "dropout_rate": 0.574451090708333, "epochs": 52.82966008744367, "hidden_channels": 128.0, "learning_rate": 0.01, "optimizer": 1.5275457911708965, "pooling_algorithm": 0.7670813070582728}, "datetime": {"datetime": "2023-11-29 09:27:55", "elapsed": 328.392198, "delta": 4.443488}}
