{"target": 0.7410714285714286, "params": {"activation_function": 1.6218880152592308, "amount_of_layers": 5.262832711036692, "batch_size": 136.49783254307545, "dropout_rate": 0.3054600112350756, "epochs": 129.39113246062584, "hidden_channels": 123.15260372192864, "learning_rate": 0.029807889955287617, "optimizer": 0.7938643997131045, "pooling_algorithm": 0.07679676121064882}, "datetime": {"datetime": "2023-11-30 11:05:41", "elapsed": 215.421075, "delta": 3.301669}}
{"target": 0.6749999999999999, "params": {"activation_function": 1.237645325662617, "amount_of_layers": 5.913390466407824, "batch_size": 77.61444587318594, "dropout_rate": 0.7405235045851218, "epochs": 93.93964210114525, "hidden_channels": 106.35250477956096, "learning_rate": 0.021437458206860837, "optimizer": 0.026682759833448477, "pooling_algorithm": 0.07875443122735182}, "datetime": {"datetime": "2023-11-30 11:05:44", "elapsed": 217.754806, "delta": 2.333731}}
{"target": 0.5, "params": {"activation_function": 1.86686899836293, "amount_of_layers": 3.3013266345648082, "batch_size": 18.326154854813783, "dropout_rate": 0.40636889377888874, "epochs": 124.19645760963736, "hidden_channels": 89.19193523222614, "learning_rate": 0.07995079320323688, "optimizer": 1.59061992864495, "pooling_algorithm": 0.29685404396688553}, "datetime": {"datetime": "2023-11-30 11:05:51", "elapsed": 224.646988, "delta": 6.892182}}
{"target": 0.2928571428571428, "params": {"activation_function": 1.605782982992009, "amount_of_layers": 3.8352625218578167, "batch_size": 149.61708434341443, "dropout_rate": 0.5792176827051821, "epochs": 192.15166519613229, "hidden_channels": 41.196646161119276, "learning_rate": 0.07535395858912958, "optimizer": 1.8229040994944317, "pooling_algorithm": 0.10953752592029442}, "datetime": {"datetime": "2023-11-30 11:05:53", "elapsed": 227.255594, "delta": 2.608606}}
{"target": 0.33214285714285713, "params": {"activation_function": 0.3425578987057398, "amount_of_layers": 8.04431736169597, "batch_size": 41.55368711147682, "dropout_rate": 0.6489537160488258, "epochs": 91.69738928601494, "hidden_channels": 48.63058298978127, "learning_rate": 0.03175246175097289, "optimizer": 0.15180904466092882, "pooling_algorithm": 0.33037954474876063}, "datetime": {"datetime": "2023-11-30 11:05:57", "elapsed": 231.209675, "delta": 3.954081}}
{"target": 0.275, "params": {"activation_function": 1.0759466282299228, "amount_of_layers": 5.4019089186218485, "batch_size": 104.93222986791032, "dropout_rate": 0.37762974705669167, "epochs": 169.2197933428146, "hidden_channels": 24.28256511687733, "learning_rate": 0.003462195463633783, "optimizer": 1.1795729986588521, "pooling_algorithm": 0.13228812146548552}, "datetime": {"datetime": "2023-11-30 11:06:01", "elapsed": 234.778135, "delta": 3.56846}}
{"target": 0.9035714285714287, "params": {"activation_function": 1.6158548274499789, "amount_of_layers": 6.636006896736899, "batch_size": 128.13515355977628, "dropout_rate": 0.6068859923699146, "epochs": 88.8795435897752, "hidden_channels": 84.43943851572776, "learning_rate": 0.0058116944563970895, "optimizer": 1.8949956868871012, "pooling_algorithm": 0.755612900003838}, "datetime": {"datetime": "2023-11-30 11:06:03", "elapsed": 237.187902, "delta": 2.409767}}
{"target": 0.5, "params": {"activation_function": 0.6561165049974229, "amount_of_layers": 6.37646044256087, "batch_size": 57.07990303625867, "dropout_rate": 0.26322859368355905, "epochs": 199.7285433924649, "hidden_channels": 55.3916082851566, "learning_rate": 0.09906533509348932, "optimizer": 0.762522781521954, "pooling_algorithm": 0.9494578466706152}, "datetime": {"datetime": "2023-11-30 11:06:09", "elapsed": 243.229336, "delta": 6.041434}}
{"target": 0.5, "params": {"activation_function": 0.4799954845890735, "amount_of_layers": 8.521751495271976, "batch_size": 128.12698001933637, "dropout_rate": 0.36584619610767805, "epochs": 170.30899473198468, "hidden_channels": 46.27600426729415, "learning_rate": 0.063562126092021, "optimizer": 1.866815442085426, "pooling_algorithm": 0.2007303027054973}, "datetime": {"datetime": "2023-11-30 11:06:14", "elapsed": 247.954603, "delta": 4.725267}}
{"target": 0.5, "params": {"activation_function": 0.1954105933942627, "amount_of_layers": 4.855182905800396, "batch_size": 119.53191029018353, "dropout_rate": 0.2595095432933332, "epochs": 88.25107894386468, "hidden_channels": 31.210881141998037, "learning_rate": 0.08948805669174852, "optimizer": 1.2232311425525808, "pooling_algorithm": 0.690408708012236}, "datetime": {"datetime": "2023-11-30 11:06:16", "elapsed": 249.896629, "delta": 1.942026}}
{"target": 0.5, "params": {"activation_function": 1.6184841042712463, "amount_of_layers": 8.098067612498761, "batch_size": 91.47457775724648, "dropout_rate": 0.6640301573513654, "epochs": 120.40358496369439, "hidden_channels": 18.42225273760608, "learning_rate": 0.09124096991797849, "optimizer": 1.7827587447776876, "pooling_algorithm": 0.6050283471601737}, "datetime": {"datetime": "2023-11-30 11:06:19", "elapsed": 253.040194, "delta": 3.143565}}
{"target": 0.7339285714285714, "params": {"activation_function": 0.999730547610711, "amount_of_layers": 3.732664771547917, "batch_size": 32.55566252910883, "dropout_rate": 0.5380438084280166, "epochs": 85.88579408937602, "hidden_channels": 80.60873135594423, "learning_rate": 0.06207373184378862, "optimizer": 0.5539213631391497, "pooling_algorithm": 0.41593143181860015}, "datetime": {"datetime": "2023-11-30 11:06:23", "elapsed": 256.456898, "delta": 3.416704}}
{"target": 0.8071428571428572, "params": {"activation_function": 0.3615682864350982, "amount_of_layers": 2.8075482169020285, "batch_size": 106.08921323794094, "dropout_rate": 0.3347631230266469, "epochs": 51.00613233782078, "hidden_channels": 34.96098004677998, "learning_rate": 0.0697731458129507, "optimizer": 0.513579738898083, "pooling_algorithm": 0.048183474615257516}, "datetime": {"datetime": "2023-11-30 11:06:24", "elapsed": 257.466608, "delta": 1.00971}}
{"target": 0.1857142857142857, "params": {"activation_function": 0.30520884441829343, "amount_of_layers": 3.0557376292722145, "batch_size": 105.01748326969101, "dropout_rate": 0.5803092150515377, "epochs": 155.40691051637742, "hidden_channels": 27.75351991623117, "learning_rate": 0.0825120943874602, "optimizer": 0.2651360620618124, "pooling_algorithm": 0.27757132625221115}, "datetime": {"datetime": "2023-11-30 11:06:26", "elapsed": 260.133775, "delta": 2.667167}}
{"target": 0.9035714285714286, "params": {"activation_function": 1.8407155038622625, "amount_of_layers": 8.61568626080946, "batch_size": 104.49331886182722, "dropout_rate": 0.4409228877894653, "epochs": 31.693069167409885, "hidden_channels": 98.17635809128922, "learning_rate": 0.0033494837399035203, "optimizer": 0.670415435874838, "pooling_algorithm": 0.7104504850266787}, "datetime": {"datetime": "2023-11-30 11:06:27", "elapsed": 261.266571, "delta": 1.132796}}
{"target": 0.8321428571428572, "params": {"activation_function": 0.06723526552819292, "amount_of_layers": 8.500205100392034, "batch_size": 40.193932267122925, "dropout_rate": 0.519448574861502, "epochs": 128.71283621895105, "hidden_channels": 16.330285020757724, "learning_rate": 0.004737176439601429, "optimizer": 0.9936687472132975, "pooling_algorithm": 0.973609027431689}, "datetime": {"datetime": "2023-11-30 11:06:33", "elapsed": 267.321993, "delta": 6.055422}}
{"target": 0.8196428571428571, "params": {"activation_function": 0.18610438617572345, "amount_of_layers": 1.485718588824522, "batch_size": 28.77651200592527, "dropout_rate": 0.4061185714002979, "epochs": 13.899023046290175, "hidden_channels": 43.93330599382922, "learning_rate": 0.03823128921119127, "optimizer": 0.372468484459507, "pooling_algorithm": 0.4220915051936497}, "datetime": {"datetime": "2023-11-30 11:06:34", "elapsed": 267.897484, "delta": 0.575491}}
{"target": 0.7392857142857143, "params": {"activation_function": 1.3645477293561954, "amount_of_layers": 8.801309066942483, "batch_size": 63.10933054812872, "dropout_rate": 0.6633048698355324, "epochs": 168.5910125115036, "hidden_channels": 88.13878453440759, "learning_rate": 0.029181742083395048, "optimizer": 1.1697569001287496, "pooling_algorithm": 0.1253576756236109}, "datetime": {"datetime": "2023-11-30 11:06:40", "elapsed": 274.373898, "delta": 6.476414}}
{"target": 0.85, "params": {"activation_function": 1.5852195081915648, "amount_of_layers": 3.4001365218688155, "batch_size": 29.567836107740575, "dropout_rate": 0.25187547329564763, "epochs": 113.454436978658, "hidden_channels": 22.695019962239545, "learning_rate": 0.02975348604615883, "optimizer": 0.8007715848884405, "pooling_algorithm": 0.006229735231543576}, "datetime": {"datetime": "2023-11-30 11:06:44", "elapsed": 278.303717, "delta": 3.929819}}
{"target": 0.8, "params": {"activation_function": 1.7001381875473889, "amount_of_layers": 7.2699898194510455, "batch_size": 134.79188093221913, "dropout_rate": 0.4950588756179559, "epochs": 185.34103943602432, "hidden_channels": 103.74039417052398, "learning_rate": 0.09028832798618008, "optimizer": 0.30330603418124813, "pooling_algorithm": 0.08988132722613085}, "datetime": {"datetime": "2023-11-30 11:06:50", "elapsed": 283.56519, "delta": 5.261473}}
{"target": 0.8392857142857144, "params": {"activation_function": 1.545925283244074, "amount_of_layers": 2.9980918890196175, "batch_size": 80.52526541551616, "dropout_rate": 0.38433217416382837, "epochs": 107.10172771058038, "hidden_channels": 42.4839468423173, "learning_rate": 0.035330989184762164, "optimizer": 1.1655079455307882, "pooling_algorithm": 0.037646495220435394}, "datetime": {"datetime": "2023-11-30 11:06:52", "elapsed": 285.577334, "delta": 2.012144}}
{"target": 0.23035714285714282, "params": {"activation_function": 1.3055117170509944, "amount_of_layers": 3.9980381407998875, "batch_size": 54.569510851487074, "dropout_rate": 0.6422257129411066, "epochs": 45.55099793260716, "hidden_channels": 77.22794987322625, "learning_rate": 0.006152562025640346, "optimizer": 0.05176518232172245, "pooling_algorithm": 0.35440781913753994}, "datetime": {"datetime": "2023-11-30 11:06:53", "elapsed": 286.86429, "delta": 1.286956}}
{"target": 0.8232142857142858, "params": {"activation_function": 0.3635829039884788, "amount_of_layers": 1.0208945991156524, "batch_size": 41.342279235515974, "dropout_rate": 0.47683922404692836, "epochs": 83.54750144847165, "hidden_channels": 40.428760540105074, "learning_rate": 0.0013617335313410074, "optimizer": 0.7800828063181291, "pooling_algorithm": 0.45887776331191565}, "datetime": {"datetime": "2023-11-30 11:06:55", "elapsed": 288.84027, "delta": 1.97598}}
{"target": 0.5, "params": {"activation_function": 0.42453028670773274, "amount_of_layers": 8.366315324719855, "batch_size": 141.39918434111758, "dropout_rate": 0.35572740816391313, "epochs": 67.08852798657979, "hidden_channels": 43.825421574875804, "learning_rate": 0.08267257710918223, "optimizer": 1.0881362306701712, "pooling_algorithm": 0.8028604767892055}, "datetime": {"datetime": "2023-11-30 11:06:57", "elapsed": 290.64237, "delta": 1.8021}}
{"target": 0.2607142857142857, "params": {"activation_function": 1.326324017017344, "amount_of_layers": 3.9119557880727607, "batch_size": 126.901050062654, "dropout_rate": 0.5904275208936542, "epochs": 29.39175744039538, "hidden_channels": 100.99139305708677, "learning_rate": 0.015357072522686435, "optimizer": 0.5537496934712101, "pooling_algorithm": 0.03503170148217183}, "datetime": {"datetime": "2023-11-30 11:06:57", "elapsed": 291.400797, "delta": 0.758427}}
