{"target": 0.35, "params": {"activation_function": 0.7750526530105891, "amount_of_layers": 1.0835892069257234, "batch_size": 92.32087394138091, "dropout_rate": 0.398569630396396, "epochs": 36.32484343028206, "hidden_channels": 43.01577635119131, "learning_rate": 0.009127066929303587, "optimizer": 1.562921833047526, "pooling_algorithm": 0.719384124291625}, "datetime": {"datetime": "2023-11-30 09:45:06", "elapsed": 221.208449, "delta": 0.740219}}
{"target": 0.5, "params": {"activation_function": 0.7910633584446847, "amount_of_layers": 5.5898857630209315, "batch_size": 145.98009214068597, "dropout_rate": 0.38756489020605733, "epochs": 133.24546939496787, "hidden_channels": 68.16707968116262, "learning_rate": 0.05344668958031346, "optimizer": 1.6693605815483503, "pooling_algorithm": 0.39381333587417044}, "datetime": {"datetime": "2023-11-30 09:45:18", "elapsed": 233.276233, "delta": 12.067784}}
{"target": 0.7357142857142858, "params": {"activation_function": 0.6557549362773771, "amount_of_layers": 5.811512595966487, "batch_size": 147.32048500136023, "dropout_rate": 0.36039916962119056, "epochs": 137.2178831757957, "hidden_channels": 66.75926412217575, "learning_rate": 0.035560112686374615, "optimizer": 0.21900006789894744, "pooling_algorithm": 0.34950639530424055}, "datetime": {"datetime": "2023-11-30 09:45:23", "elapsed": 238.557221, "delta": 5.280988}}
{"target": 0.4678571428571429, "params": {"activation_function": 0.1021857953317935, "amount_of_layers": 4.698642099856315, "batch_size": 17.02764003299955, "dropout_rate": 0.7069010826604066, "epochs": 110.04764828545554, "hidden_channels": 64.55989362930225, "learning_rate": 0.04605514398365729, "optimizer": 0.5766954706294736, "pooling_algorithm": 0.8365833247256396}, "datetime": {"datetime": "2023-11-30 09:45:31", "elapsed": 246.293874, "delta": 7.736653}}
{"target": 0.9035714285714285, "params": {"activation_function": 0.28831581811700413, "amount_of_layers": 7.632186156286072, "batch_size": 58.70457180833706, "dropout_rate": 0.3999675251609029, "epochs": 57.6230195874198, "hidden_channels": 113.8643750618225, "learning_rate": 0.017903644424275476, "optimizer": 0.24388276609901582, "pooling_algorithm": 0.8885221922771162}, "datetime": {"datetime": "2023-11-30 09:45:34", "elapsed": 250.056021, "delta": 3.762147}}
{"target": 0.5, "params": {"activation_function": 0.6173820720600185, "amount_of_layers": 5.864587131826179, "batch_size": 59.446699538843546, "dropout_rate": 0.3037479911407084, "epochs": 57.10509965898617, "hidden_channels": 113.34983759619774, "learning_rate": 0.04497676580682166, "optimizer": 0.5938095335409812, "pooling_algorithm": 0.5498925135453938}, "datetime": {"datetime": "2023-11-30 09:45:38", "elapsed": 253.720621, "delta": 3.6646}}
{"target": 0.5, "params": {"activation_function": 1.0902008733161084, "amount_of_layers": 3.949426772162618, "batch_size": 148.34692945170002, "dropout_rate": 0.7148115993927939, "epochs": 136.91408250925753, "hidden_channels": 65.5605268794515, "learning_rate": 0.05626676632305626, "optimizer": 0.9514447175957741, "pooling_algorithm": 0.6664534057316904}, "datetime": {"datetime": "2023-11-30 09:45:43", "elapsed": 258.336993, "delta": 4.616372}}
{"target": 0.5, "params": {"activation_function": 1.0336769735456777, "amount_of_layers": 4.695282121723342, "batch_size": 140.9910848548388, "dropout_rate": 0.591421324197983, "epochs": 136.5780564968906, "hidden_channels": 67.90926713570555, "learning_rate": 0.038653532021774926, "optimizer": 0.9835005588202179, "pooling_algorithm": 0.87745936336374}, "datetime": {"datetime": "2023-11-30 09:45:51", "elapsed": 266.437665, "delta": 8.100672}}
{"target": 0.8964285714285715, "params": {"activation_function": 0.7639286008007837, "amount_of_layers": 8.431593870499972, "batch_size": 60.22598176764332, "dropout_rate": 0.47520689378264946, "epochs": 58.991692673392265, "hidden_channels": 117.94658751652857, "learning_rate": 0.06755387454822682, "optimizer": 0.4138151547483129, "pooling_algorithm": 0.8729315516851165}, "datetime": {"datetime": "2023-11-30 09:45:55", "elapsed": 270.541662, "delta": 4.103997}}
{"target": 0.7375, "params": {"activation_function": 1.478728966320381, "amount_of_layers": 7.652913191516683, "batch_size": 93.47293438156655, "dropout_rate": 0.607382074384538, "epochs": 90.13561898555663, "hidden_channels": 26.828729138981096, "learning_rate": 0.04002171488975399, "optimizer": 1.902526905460347, "pooling_algorithm": 0.2659596973432564}, "datetime": {"datetime": "2023-11-30 09:45:58", "elapsed": 273.596081, "delta": 3.054419}}
{"target": 0.9178571428571428, "params": {"activation_function": 1.2511259513233781, "amount_of_layers": 2.742415061480121, "batch_size": 69.06950036205625, "dropout_rate": 0.3322390412444785, "epochs": 161.80853804917726, "hidden_channels": 5.173795819179562, "learning_rate": 0.03277332374295736, "optimizer": 1.4231331439636217, "pooling_algorithm": 0.920886667165631}, "datetime": {"datetime": "2023-11-30 09:46:02", "elapsed": 277.388863, "delta": 3.792782}}
{"target": 0.5, "params": {"activation_function": 0.5331917822019232, "amount_of_layers": 4.6520816051486475, "batch_size": 142.64772075837033, "dropout_rate": 0.42448531895946534, "epochs": 134.84620484943883, "hidden_channels": 68.53358049626193, "learning_rate": 0.047389897012770625, "optimizer": 1.9073748095688132, "pooling_algorithm": 0.5277465475848516}, "datetime": {"datetime": "2023-11-30 09:46:07", "elapsed": 282.108417, "delta": 4.719554}}
{"target": 0.8892857142857142, "params": {"activation_function": 1.847271884650133, "amount_of_layers": 7.739062390680905, "batch_size": 144.39678445719127, "dropout_rate": 0.3433942745175173, "epochs": 137.15964791895243, "hidden_channels": 65.94716870582575, "learning_rate": 0.03468825753665205, "optimizer": 0.20878187851990093, "pooling_algorithm": 0.6767092812606488}, "datetime": {"datetime": "2023-11-30 09:46:13", "elapsed": 288.307232, "delta": 6.198815}}
{"target": 0.8928571428571429, "params": {"activation_function": 0.9960284265555588, "amount_of_layers": 7.916087460857216, "batch_size": 126.64175225005384, "dropout_rate": 0.5440017679021651, "epochs": 133.34191394177537, "hidden_channels": 36.46193292578801, "learning_rate": 0.08878917762703956, "optimizer": 0.40240328608565323, "pooling_algorithm": 0.7261766515237226}, "datetime": {"datetime": "2023-11-30 09:46:17", "elapsed": 292.884233, "delta": 4.577001}}
{"target": 0.9071428571428573, "params": {"activation_function": 1.5499340612909638, "amount_of_layers": 7.870142289755005, "batch_size": 92.81216986332909, "dropout_rate": 0.6113802707756562, "epochs": 91.26064298510032, "hidden_channels": 25.915530709448813, "learning_rate": 0.04184941831542218, "optimizer": 0.12703358300890066, "pooling_algorithm": 0.8415730189950195}, "datetime": {"datetime": "2023-11-30 09:46:20", "elapsed": 296.031593, "delta": 3.14736}}
{"target": 0.5, "params": {"activation_function": 1.9947296762683746, "amount_of_layers": 7.755944352659667, "batch_size": 58.878355520510844, "dropout_rate": 0.40724111062848506, "epochs": 56.68534285403802, "hidden_channels": 115.71437194611863, "learning_rate": 0.033692604877782764, "optimizer": 1.6822279959487085, "pooling_algorithm": 0.5648018856966793}, "datetime": {"datetime": "2023-11-30 09:46:24", "elapsed": 299.876305, "delta": 3.844712}}
{"target": 0.7375, "params": {"activation_function": 1.6472692351371272, "amount_of_layers": 3.8481960104359763, "batch_size": 23.769933988376238, "dropout_rate": 0.41845245294122624, "epochs": 171.7932422558958, "hidden_channels": 35.94067598783562, "learning_rate": 0.08849952422308117, "optimizer": 0.8422024794413192, "pooling_algorithm": 0.007264392879296033}, "datetime": {"datetime": "2023-11-30 09:46:32", "elapsed": 308.052298, "delta": 8.175993}}
{"target": 0.2607142857142857, "params": {"activation_function": 0.555534719957034, "amount_of_layers": 6.907283783849846, "batch_size": 93.0052449353174, "dropout_rate": 0.595770946618225, "epochs": 91.74327221490337, "hidden_channels": 23.675927822026207, "learning_rate": 0.049936568342183775, "optimizer": 1.7131742288705167, "pooling_algorithm": 0.33140042607896425}, "datetime": {"datetime": "2023-11-30 09:46:35", "elapsed": 310.948408, "delta": 2.89611}}
{"target": 0.9, "params": {"activation_function": 0.9414633242891342, "amount_of_layers": 8.015874153829863, "batch_size": 144.89109027467663, "dropout_rate": 0.4152750269921646, "epochs": 135.14432880357217, "hidden_channels": 67.82397941271239, "learning_rate": 0.0959044790005619, "optimizer": 0.05958325096045325, "pooling_algorithm": 0.8323722263866138}, "datetime": {"datetime": "2023-11-30 09:46:42", "elapsed": 317.327378, "delta": 6.37897}}
{"target": 0.9, "params": {"activation_function": 1.95064231914414, "amount_of_layers": 3.3562134384831834, "batch_size": 93.25885113663504, "dropout_rate": 0.47101140872798497, "epochs": 36.72355483013597, "hidden_channels": 39.77086892693025, "learning_rate": 0.022411175628020297, "optimizer": 0.054137233324455636, "pooling_algorithm": 0.6020642114986755}, "datetime": {"datetime": "2023-11-30 09:46:43", "elapsed": 318.181176, "delta": 0.853798}}
{"target": 0.8214285714285714, "params": {"activation_function": 1.923956223458999, "amount_of_layers": 1.3429031147798547, "batch_size": 91.5379950122204, "dropout_rate": 0.5575530290694461, "epochs": 35.88306198305432, "hidden_channels": 39.61861576020919, "learning_rate": 0.043788316175301545, "optimizer": 0.5698579501594698, "pooling_algorithm": 0.8852316094414361}, "datetime": {"datetime": "2023-11-30 09:46:43", "elapsed": 318.953307, "delta": 0.772131}}
{"target": 0.35, "params": {"activation_function": 1.6634666935425761, "amount_of_layers": 2.6282299323028218, "batch_size": 91.04291286506898, "dropout_rate": 0.29970663913092727, "epochs": 39.05847167979744, "hidden_channels": 38.40017137032276, "learning_rate": 0.07685394538796254, "optimizer": 0.9349987971877001, "pooling_algorithm": 0.5592711425400598}, "datetime": {"datetime": "2023-11-30 09:46:45", "elapsed": 320.115185, "delta": 1.161878}}
{"target": 0.9071428571428571, "params": {"activation_function": 1.443700175824099, "amount_of_layers": 7.748474655940343, "batch_size": 127.26709308504537, "dropout_rate": 0.6272823639350841, "epochs": 132.27566567568905, "hidden_channels": 35.38710146242608, "learning_rate": 0.0970208072376564, "optimizer": 0.0, "pooling_algorithm": 0.7846328379744613}, "datetime": {"datetime": "2023-11-30 09:46:49", "elapsed": 324.597678, "delta": 4.482493}}
{"target": 0.7357142857142858, "params": {"activation_function": 0.7101773186981308, "amount_of_layers": 3.4953135628581196, "batch_size": 92.55711206140779, "dropout_rate": 0.563112158058829, "epochs": 35.31051037370078, "hidden_channels": 41.22195844705689, "learning_rate": 0.08254988971685, "optimizer": 0.7140882444070829, "pooling_algorithm": 0.16005090797128885}, "datetime": {"datetime": "2023-11-30 09:46:50", "elapsed": 325.517543, "delta": 0.919865}}
{"target": 0.5, "params": {"activation_function": 0.4139264058424703, "amount_of_layers": 8.820688159606346, "batch_size": 61.96982579076852, "dropout_rate": 0.5929390472074982, "epochs": 58.80955750910006, "hidden_channels": 118.41490145500269, "learning_rate": 0.011948594153070216, "optimizer": 1.60492558643404, "pooling_algorithm": 0.883526057849914}, "datetime": {"datetime": "2023-11-30 09:46:55", "elapsed": 330.09171, "delta": 4.574167}}
{"target": 0.2642857142857143, "params": {"activation_function": 0.7665628750206495, "amount_of_layers": 6.152824413384057, "batch_size": 142.82155992903006, "dropout_rate": 0.6958986048020395, "epochs": 135.111834673017, "hidden_channels": 66.4540413684828, "learning_rate": 0.07358421102319684, "optimizer": 0.48899246548066366, "pooling_algorithm": 0.19324608477592475}, "datetime": {"datetime": "2023-11-30 09:47:00", "elapsed": 335.326008, "delta": 5.234298}}
{"target": 0.5535714285714286, "params": {"activation_function": 1.796504602185266, "amount_of_layers": 4.59885133956592, "batch_size": 63.76826523944809, "dropout_rate": 0.4849617696093925, "epochs": 187.77750872521653, "hidden_channels": 89.61527235933693, "learning_rate": 0.09850633938648418, "optimizer": 1.727590703042155, "pooling_algorithm": 0.4575460206597395}, "datetime": {"datetime": "2023-11-30 09:47:08", "elapsed": 343.255993, "delta": 7.929985}}
{"target": 0.7982142857142858, "params": {"activation_function": 1.1787707446446476, "amount_of_layers": 1.0081151034285831, "batch_size": 18.492387596884967, "dropout_rate": 0.29535968445050775, "epochs": 109.29457710819969, "hidden_channels": 66.5529685764898, "learning_rate": 0.018820634806887525, "optimizer": 0.2501263515366132, "pooling_algorithm": 0.24972851583307865}, "datetime": {"datetime": "2023-11-30 09:47:12", "elapsed": 347.091703, "delta": 3.83571}}
{"target": 0.5, "params": {"activation_function": 1.9675959141117543, "amount_of_layers": 5.953171934819328, "batch_size": 146.43881737522864, "dropout_rate": 0.30820675461371105, "epochs": 137.24591875351712, "hidden_channels": 64.98867367335511, "learning_rate": 0.05594430776819646, "optimizer": 1.983556116247389, "pooling_algorithm": 0.262707242433562}, "datetime": {"datetime": "2023-11-30 09:47:17", "elapsed": 352.876317, "delta": 5.784614}}
{"target": 0.8214285714285714, "params": {"activation_function": 1.7904210717417577, "amount_of_layers": 1.799044528070226, "batch_size": 68.97262707969374, "dropout_rate": 0.5341964915844732, "epochs": 162.11100027726323, "hidden_channels": 6.134178680892855, "learning_rate": 0.039880214596576674, "optimizer": 1.150903403629886, "pooling_algorithm": 0.7759226269896751}, "datetime": {"datetime": "2023-11-30 09:47:21", "elapsed": 356.143954, "delta": 3.267637}}
{"target": 0.26249999999999996, "params": {"activation_function": 1.5546173266504202, "amount_of_layers": 8.552673846075876, "batch_size": 95.27770219850392, "dropout_rate": 0.2866078672786821, "epochs": 92.21931575799061, "hidden_channels": 27.393398201930573, "learning_rate": 0.02904040720877347, "optimizer": 0.5287849053298534, "pooling_algorithm": 0.0033733236154094293}, "datetime": {"datetime": "2023-11-30 09:47:24", "elapsed": 359.619692, "delta": 3.475738}}
{"target": 0.8357142857142857, "params": {"activation_function": 0.19521695540637984, "amount_of_layers": 4.226498913667254, "batch_size": 70.43127217701851, "dropout_rate": 0.3426308387600662, "epochs": 160.1631703993621, "hidden_channels": 6.133200169264166, "learning_rate": 0.015940056397859406, "optimizer": 0.6687513306073858, "pooling_algorithm": 0.3311440700653998}, "datetime": {"datetime": "2023-11-30 09:47:28", "elapsed": 363.898181, "delta": 4.278489}}
{"target": 0.26607142857142857, "params": {"activation_function": 1.7361624832794407, "amount_of_layers": 2.9579162953025024, "batch_size": 91.37319435434601, "dropout_rate": 0.5658519239580635, "epochs": 36.138591159975874, "hidden_channels": 39.2231337385984, "learning_rate": 0.08321652631410642, "optimizer": 1.7336579647767791, "pooling_algorithm": 0.01214677331990699}, "datetime": {"datetime": "2023-11-30 09:47:29", "elapsed": 364.963901, "delta": 1.06572}}
{"target": 0.2660714285714286, "params": {"activation_function": 1.4720977130656263, "amount_of_layers": 8.673249399943675, "batch_size": 127.72914092704703, "dropout_rate": 0.6662209743238778, "epochs": 131.30147332141172, "hidden_channels": 37.08302806064925, "learning_rate": 0.06755141016769697, "optimizer": 0.13239051426982962, "pooling_algorithm": 0.2388593359647314}, "datetime": {"datetime": "2023-11-30 09:47:34", "elapsed": 369.963163, "delta": 4.999262}}
{"target": 0.2625, "params": {"activation_function": 1.0431725525679865, "amount_of_layers": 6.446295078419145, "batch_size": 144.3686161468879, "dropout_rate": 0.2608081083098868, "epochs": 134.7696147582659, "hidden_channels": 67.097210298243, "learning_rate": 0.006217901029826827, "optimizer": 1.6453838434241912, "pooling_algorithm": 0.18498302652475607}, "datetime": {"datetime": "2023-11-30 09:47:40", "elapsed": 375.341037, "delta": 5.377874}}
{"target": 0.8607142857142858, "params": {"activation_function": 1.4626198557143388, "amount_of_layers": 4.939232353651333, "batch_size": 69.69907957063833, "dropout_rate": 0.42373350804695475, "epochs": 161.42841577749348, "hidden_channels": 6.196536096311656, "learning_rate": 0.006111255595717335, "optimizer": 0.4987349267827801, "pooling_algorithm": 0.648803175285919}, "datetime": {"datetime": "2023-11-30 09:47:44", "elapsed": 379.66204, "delta": 4.321003}}
{"target": 0.7285714285714285, "params": {"activation_function": 1.9189169051451034, "amount_of_layers": 3.1831055998627464, "batch_size": 65.9817383322655, "dropout_rate": 0.305984209725711, "epochs": 185.07704367219208, "hidden_channels": 89.99785264215826, "learning_rate": 0.05250184090010596, "optimizer": 0.7140725389060192, "pooling_algorithm": 0.11710049691273627}, "datetime": {"datetime": "2023-11-30 09:47:50", "elapsed": 385.82434, "delta": 6.1623}}
{"target": 0.5357142857142857, "params": {"activation_function": 0.6410423034132207, "amount_of_layers": 3.1423502472299916, "batch_size": 18.40571878663512, "dropout_rate": 0.4478240646888997, "epochs": 112.02788752867615, "hidden_channels": 66.5001406211232, "learning_rate": 0.025447764558637346, "optimizer": 1.8599237743031545, "pooling_algorithm": 0.6664474233865688}, "datetime": {"datetime": "2023-11-30 09:47:59", "elapsed": 394.245067, "delta": 8.420727}}
{"target": 0.5, "params": {"activation_function": 0.8253996376598332, "amount_of_layers": 5.2621842772152965, "batch_size": 124.75210473834706, "dropout_rate": 0.5158147376845397, "epochs": 131.84957149902192, "hidden_channels": 34.98984552612416, "learning_rate": 0.07602684329468075, "optimizer": 1.5590003848978011, "pooling_algorithm": 0.5732466868853849}, "datetime": {"datetime": "2023-11-30 09:48:02", "elapsed": 397.773694, "delta": 3.528627}}
{"target": 0.25357142857142856, "params": {"activation_function": 0.5454315822186311, "amount_of_layers": 3.2912722678697195, "batch_size": 64.05940682015014, "dropout_rate": 0.44028386307360606, "epochs": 184.7548206656065, "hidden_channels": 87.30656339008661, "learning_rate": 0.01444947335946473, "optimizer": 0.4131501205604362, "pooling_algorithm": 0.0794367261818475}, "datetime": {"datetime": "2023-11-30 09:48:08", "elapsed": 403.317625, "delta": 5.543931}}
{"target": 0.5, "params": {"activation_function": 1.9322988642528036, "amount_of_layers": 7.465229829167672, "batch_size": 143.82572700187023, "dropout_rate": 0.41747582421964896, "epochs": 136.60129133924443, "hidden_channels": 67.00621566613651, "learning_rate": 0.025700733469412994, "optimizer": 1.4424971126193082, "pooling_algorithm": 0.7097678333851715}, "datetime": {"datetime": "2023-11-30 09:48:15", "elapsed": 410.997728, "delta": 7.680103}}
{"target": 0.9035714285714285, "params": {"activation_function": 0.4366530620504627, "amount_of_layers": 8.852501129321578, "batch_size": 60.14610377193429, "dropout_rate": 0.7317144681298497, "epochs": 57.516378799994975, "hidden_channels": 114.99975819692756, "learning_rate": 0.04610155673887577, "optimizer": 0.13404139737309317, "pooling_algorithm": 0.8012023513353858}, "datetime": {"datetime": "2023-11-30 09:48:20", "elapsed": 415.253275, "delta": 4.255547}}
{"target": 0.5, "params": {"activation_function": 1.9267422030126362, "amount_of_layers": 7.69002894436737, "batch_size": 58.66963047396556, "dropout_rate": 0.6935399113421685, "epochs": 58.763909637765764, "hidden_channels": 115.31054626135686, "learning_rate": 0.06454120209659034, "optimizer": 1.0560127908221801, "pooling_algorithm": 0.41382097743066326}, "datetime": {"datetime": "2023-11-30 09:48:24", "elapsed": 419.438764, "delta": 4.185489}}
{"target": 0.9071428571428571, "params": {"activation_function": 1.4094768181818045, "amount_of_layers": 4.1259558792248034, "batch_size": 70.72300873925079, "dropout_rate": 0.25851764261197535, "epochs": 160.48962646926748, "hidden_channels": 5.871536032528337, "learning_rate": 0.05858148010684805, "optimizer": 0.36259358051909163, "pooling_algorithm": 0.8002653152593543}, "datetime": {"datetime": "2023-11-30 09:48:28", "elapsed": 423.513203, "delta": 4.074439}}
{"target": 0.24107142857142858, "params": {"activation_function": 1.3310047581505728, "amount_of_layers": 5.8924985650030095, "batch_size": 46.610571602716874, "dropout_rate": 0.43953355495482727, "epochs": 192.72435101880657, "hidden_channels": 69.00374663058356, "learning_rate": 0.04244910323100214, "optimizer": 1.5917356528936246, "pooling_algorithm": 0.14018555682562014}, "datetime": {"datetime": "2023-11-30 09:48:37", "elapsed": 432.610189, "delta": 9.096986}}
{"target": 0.5, "params": {"activation_function": 1.331124945311741, "amount_of_layers": 7.762631482010743, "batch_size": 127.22914165071239, "dropout_rate": 0.39046481345797734, "epochs": 133.30269433801766, "hidden_channels": 36.94896330838629, "learning_rate": 0.09846951970741727, "optimizer": 0.959450888442221, "pooling_algorithm": 0.9499343263742873}, "datetime": {"datetime": "2023-11-30 09:48:42", "elapsed": 437.786286, "delta": 5.176097}}
{"target": 0.7571428571428571, "params": {"activation_function": 0.3154806176535301, "amount_of_layers": 5.81929346901196, "batch_size": 99.89122932243974, "dropout_rate": 0.41875811932188495, "epochs": 192.62145878519883, "hidden_channels": 29.820791223118594, "learning_rate": 0.025995861031268035, "optimizer": 0.544293762237209, "pooling_algorithm": 0.3387077913039046}, "datetime": {"datetime": "2023-11-30 09:48:48", "elapsed": 443.372101, "delta": 5.585815}}
