{"target": 0.9196428571428572, "params": {"activation_function": 0.0, "amount_of_layers": 1.0, "batch_size": 82.46660557548918, "dropout_rate": 0.25, "epochs": 75.86022570460077, "hidden_channels": 33.13110218100347, "learning_rate": 0.1, "optimizer": 0.0, "pooling_algorithm": 1.0}, "datetime": {"datetime": "2023-11-30 10:18:28", "elapsed": 162.943309, "delta": 1.545275}}
{"target": 0.9249999999999999, "params": {"activation_function": 0.0, "amount_of_layers": 1.0, "batch_size": 88.72680957956159, "dropout_rate": 0.25, "epochs": 61.85649555975823, "hidden_channels": 24.984278651062414, "learning_rate": 0.1, "optimizer": 0.0, "pooling_algorithm": 1.0}, "datetime": {"datetime": "2023-11-30 10:18:30", "elapsed": 164.35078, "delta": 1.407471}}
{"target": 0.5, "params": {"activation_function": 0.1429075873101373, "amount_of_layers": 8.769067583556716, "batch_size": 94.04707080043102, "dropout_rate": 0.25814541556645526, "epochs": 63.756232438047405, "hidden_channels": 11.691804238922984, "learning_rate": 0.04123934559936204, "optimizer": 1.2502338162084887, "pooling_algorithm": 0.5554450430383633}, "datetime": {"datetime": "2023-11-30 10:18:32", "elapsed": 166.708066, "delta": 2.357286}}
{"target": 0.8196428571428571, "params": {"activation_function": 0.3373142853181119, "amount_of_layers": 1.1661705420554371, "batch_size": 78.57721501938858, "dropout_rate": 0.2676271655257205, "epochs": 57.19990829350915, "hidden_channels": 33.77814373103989, "learning_rate": 0.06842067765623065, "optimizer": 0.28486390137827744, "pooling_algorithm": 0.44467584913292835}, "datetime": {"datetime": "2023-11-30 10:18:33", "elapsed": 168.069712, "delta": 1.361646}}
{"target": 0.8, "params": {"activation_function": 1.737685082512204, "amount_of_layers": 2.998731563673889, "batch_size": 84.00771630837843, "dropout_rate": 0.3220898985521436, "epochs": 58.037885923236864, "hidden_channels": 108.63740986460286, "learning_rate": 0.04828743963329292, "optimizer": 0.30278076755889205, "pooling_algorithm": 0.35327223058778556}, "datetime": {"datetime": "2023-11-30 10:18:35", "elapsed": 169.462857, "delta": 1.393145}}
{"target": 0.5, "params": {"activation_function": 0.6465165496749194, "amount_of_layers": 2.180599841580981, "batch_size": 86.77493641816606, "dropout_rate": 0.3781585439492596, "epochs": 104.65716563359118, "hidden_channels": 48.15816429819026, "learning_rate": 0.03676811329870623, "optimizer": 1.045044604174637, "pooling_algorithm": 0.7213802891981922}, "datetime": {"datetime": "2023-11-30 10:18:37", "elapsed": 171.711232, "delta": 2.248375}}
{"target": 0.9035714285714286, "params": {"activation_function": 2.0, "amount_of_layers": 1.0, "batch_size": 103.99906280494413, "dropout_rate": 0.75, "epochs": 139.40076029092518, "hidden_channels": 72.09291692765859, "learning_rate": 0.03714812974846977, "optimizer": 0.0, "pooling_algorithm": 1.0}, "datetime": {"datetime": "2023-11-30 10:18:39", "elapsed": 174.078397, "delta": 2.367165}}
{"target": 0.9232142857142858, "params": {"activation_function": 2.0, "amount_of_layers": 1.0, "batch_size": 90.93106207468124, "dropout_rate": 0.75, "epochs": 132.27134442136696, "hidden_channels": 83.08829404402485, "learning_rate": 0.1, "optimizer": 0.0, "pooling_algorithm": 1.0}, "datetime": {"datetime": "2023-11-30 10:18:42", "elapsed": 176.323296, "delta": 2.244899}}
{"target": 0.5, "params": {"activation_function": 0.6213263579146451, "amount_of_layers": 1.323767174292649, "batch_size": 96.00782242276838, "dropout_rate": 0.38566809468385155, "epochs": 120.01166377964307, "hidden_channels": 73.24754845696766, "learning_rate": 0.07170784306307292, "optimizer": 0.5782137112971135, "pooling_algorithm": 0.6393314408610927}, "datetime": {"datetime": "2023-11-30 10:18:44", "elapsed": 178.472453, "delta": 2.149157}}
{"target": 0.5, "params": {"activation_function": 0.11331430362028638, "amount_of_layers": 8.892445061812952, "batch_size": 89.21845222766608, "dropout_rate": 0.6501357781303014, "epochs": 145.19229432547488, "hidden_channels": 81.22894241652652, "learning_rate": 0.03963091163998593, "optimizer": 0.7897722827269835, "pooling_algorithm": 0.35229830217802516}, "datetime": {"datetime": "2023-11-30 10:18:49", "elapsed": 183.402086, "delta": 4.929633}}
{"target": 0.9232142857142858, "params": {"activation_function": 2.0, "amount_of_layers": 1.0, "batch_size": 89.4370692101864, "dropout_rate": 0.75, "epochs": 128.10693159188492, "hidden_channels": 97.60558500500726, "learning_rate": 0.1, "optimizer": 0.0, "pooling_algorithm": 1.0}, "datetime": {"datetime": "2023-11-30 10:18:51", "elapsed": 185.905104, "delta": 2.503018}}
{"target": 0.9160714285714286, "params": {"activation_function": 2.0, "amount_of_layers": 1.0, "batch_size": 76.5154141594526, "dropout_rate": 0.75, "epochs": 127.60851598086896, "hidden_channels": 90.08958405768047, "learning_rate": 0.1, "optimizer": 0.0, "pooling_algorithm": 1.0}, "datetime": {"datetime": "2023-11-30 10:18:54", "elapsed": 188.182689, "delta": 2.277585}}
{"target": 0.9178571428571429, "params": {"activation_function": 2.0, "amount_of_layers": 1.0, "batch_size": 74.59665979937377, "dropout_rate": 0.6528032777268338, "epochs": 129.23092607726613, "hidden_channels": 107.07904792716637, "learning_rate": 0.09717144653484971, "optimizer": 0.0, "pooling_algorithm": 1.0}, "datetime": {"datetime": "2023-11-30 10:18:56", "elapsed": 191.003005, "delta": 2.820316}}
{"target": 0.5, "params": {"activation_function": 0.12162887363499243, "amount_of_layers": 9.0, "batch_size": 79.23905922346732, "dropout_rate": 0.75, "epochs": 117.70441685256516, "hidden_channels": 101.78326490632358, "learning_rate": 0.1, "optimizer": 2.0, "pooling_algorithm": 1.0}, "datetime": {"datetime": "2023-11-30 10:19:03", "elapsed": 197.31033, "delta": 6.307325}}
{"target": 0.9196428571428571, "params": {"activation_function": 2.0, "amount_of_layers": 1.0, "batch_size": 79.43142886515979, "dropout_rate": 0.75, "epochs": 139.29879126822286, "hidden_channels": 99.64675249198332, "learning_rate": 0.1, "optimizer": 0.0, "pooling_algorithm": 1.0}, "datetime": {"datetime": "2023-11-30 10:19:06", "elapsed": 200.494529, "delta": 3.184199}}
{"target": 0.9232142857142858, "params": {"activation_function": 2.0, "amount_of_layers": 1.0, "batch_size": 62.74006687995218, "dropout_rate": 0.25, "epochs": 136.3352116253127, "hidden_channels": 99.07181882118701, "learning_rate": 0.0408506810362668, "optimizer": 0.0, "pooling_algorithm": 1.0}, "datetime": {"datetime": "2023-11-30 10:19:09", "elapsed": 203.797545, "delta": 3.303016}}
{"target": 0.905357142857143, "params": {"activation_function": 2.0, "amount_of_layers": 1.0, "batch_size": 59.66383396696184, "dropout_rate": 0.75, "epochs": 133.33364079086965, "hidden_channels": 116.38852042517529, "learning_rate": 0.1, "optimizer": 0.0, "pooling_algorithm": 1.0}, "datetime": {"datetime": "2023-11-30 10:19:13", "elapsed": 207.260531, "delta": 3.462986}}
{"target": 0.9089285714285714, "params": {"activation_function": 2.0, "amount_of_layers": 1.0, "batch_size": 75.25688158253466, "dropout_rate": 0.25, "epochs": 141.78687208482717, "hidden_channels": 117.38407082817393, "learning_rate": 0.08729816407710965, "optimizer": 0.0, "pooling_algorithm": 1.0}, "datetime": {"datetime": "2023-11-30 10:19:15", "elapsed": 209.811281, "delta": 2.55075}}
{"target": 0.8839285714285715, "params": {"activation_function": 2.0, "amount_of_layers": 1.0, "batch_size": 93.40504859997617, "dropout_rate": 0.75, "epochs": 137.59543960462707, "hidden_channels": 113.2304291511094, "learning_rate": 0.001, "optimizer": 0.0, "pooling_algorithm": 1.0}, "datetime": {"datetime": "2023-11-30 10:19:18", "elapsed": 212.439678, "delta": 2.628397}}
{"target": 0.39642857142857146, "params": {"activation_function": 2.0, "amount_of_layers": 1.0, "batch_size": 75.58926356107119, "dropout_rate": 0.75, "epochs": 128.2202900208663, "hidden_channels": 128.0, "learning_rate": 0.001, "optimizer": 0.0, "pooling_algorithm": 0.0}, "datetime": {"datetime": "2023-11-30 10:19:20", "elapsed": 214.870197, "delta": 2.430519}}
{"target": 0.9107142857142858, "params": {"activation_function": 0.0, "amount_of_layers": 9.0, "batch_size": 66.98742244372986, "dropout_rate": 0.75, "epochs": 141.9117710543764, "hidden_channels": 109.10175433822512, "learning_rate": 0.1, "optimizer": 0.0, "pooling_algorithm": 1.0}, "datetime": {"datetime": "2023-11-30 10:19:27", "elapsed": 221.587747, "delta": 6.71755}}
{"target": 0.9142857142857143, "params": {"activation_function": 1.7226396970475157, "amount_of_layers": 4.687818371832887, "batch_size": 47.64470791226388, "dropout_rate": 0.6943534484180434, "epochs": 127.5217221181247, "hidden_channels": 101.82986586881924, "learning_rate": 0.08976157978776562, "optimizer": 0.3881998362129817, "pooling_algorithm": 0.8147805953858352}, "datetime": {"datetime": "2023-11-30 10:19:33", "elapsed": 227.491108, "delta": 5.903361}}
{"target": 0.9, "params": {"activation_function": 1.3855985942569735, "amount_of_layers": 1.7515548407270138, "batch_size": 39.806990525320714, "dropout_rate": 0.25510155051570427, "epochs": 125.87912827581683, "hidden_channels": 116.0308157642555, "learning_rate": 0.06165629196893712, "optimizer": 0.4047551542498573, "pooling_algorithm": 0.673323016315242}, "datetime": {"datetime": "2023-11-30 10:19:37", "elapsed": 231.453025, "delta": 3.961917}}
{"target": 0.9071428571428571, "params": {"activation_function": 2.0, "amount_of_layers": 1.0, "batch_size": 29.464133566727075, "dropout_rate": 0.25, "epochs": 128.95006378958496, "hidden_channels": 99.56472051276188, "learning_rate": 0.001, "optimizer": 0.0, "pooling_algorithm": 1.0}, "datetime": {"datetime": "2023-11-30 10:19:42", "elapsed": 236.320364, "delta": 4.867339}}
{"target": 0.8125, "params": {"activation_function": 2.0, "amount_of_layers": 1.0, "batch_size": 41.9800524232876, "dropout_rate": 0.25, "epochs": 138.22538123116829, "hidden_channels": 87.32279818758788, "learning_rate": 0.1, "optimizer": 0.0, "pooling_algorithm": 0.2544404991974546}, "datetime": {"datetime": "2023-11-30 10:19:46", "elapsed": 240.288, "delta": 3.967636}}
{"target": 0.5, "params": {"activation_function": 0.0, "amount_of_layers": 1.0, "batch_size": 35.49804002382206, "dropout_rate": 0.75, "epochs": 113.05441807000649, "hidden_channels": 103.11141007387398, "learning_rate": 0.1, "optimizer": 2.0, "pooling_algorithm": 1.0}, "datetime": {"datetime": "2023-11-30 10:19:49", "elapsed": 243.935941, "delta": 3.647941}}
{"target": 0.9107142857142857, "params": {"activation_function": 0.9269614789236658, "amount_of_layers": 2.8571666719053486, "batch_size": 44.339161930923495, "dropout_rate": 0.3255224161311221, "epochs": 142.05289298255954, "hidden_channels": 106.97233012419717, "learning_rate": 0.0032129342341100267, "optimizer": 0.40238251028611494, "pooling_algorithm": 0.5282665700614918}, "datetime": {"datetime": "2023-11-30 10:19:54", "elapsed": 248.859158, "delta": 4.923217}}
{"target": 0.09821428571428571, "params": {"activation_function": 2.0, "amount_of_layers": 9.0, "batch_size": 24.532758647247256, "dropout_rate": 0.5497247361951823, "epochs": 141.89896306706908, "hidden_channels": 98.06618072648847, "learning_rate": 0.001, "optimizer": 2.0, "pooling_algorithm": 1.0}, "datetime": {"datetime": "2023-11-30 10:20:07", "elapsed": 261.309907, "delta": 12.450749}}
{"target": 0.8071428571428572, "params": {"activation_function": 0.0, "amount_of_layers": 9.0, "batch_size": 49.6663723807171, "dropout_rate": 0.25, "epochs": 134.27112814459934, "hidden_channels": 114.45335437581416, "learning_rate": 0.001, "optimizer": 2.0, "pooling_algorithm": 0.0}, "datetime": {"datetime": "2023-11-30 10:20:14", "elapsed": 268.606334, "delta": 7.296427}}
{"target": 0.9178571428571429, "params": {"activation_function": 2.0, "amount_of_layers": 1.0, "batch_size": 102.40028303738829, "dropout_rate": 0.75, "epochs": 136.7574460591268, "hidden_channels": 97.18051350351948, "learning_rate": 0.1, "optimizer": 0.0, "pooling_algorithm": 1.0}, "datetime": {"datetime": "2023-11-30 10:20:17", "elapsed": 271.269686, "delta": 2.663352}}
{"target": 0.8964285714285714, "params": {"activation_function": 1.2439127919623911, "amount_of_layers": 3.0334397576012933, "batch_size": 48.04803504923731, "dropout_rate": 0.7265220681997004, "epochs": 128.95740079397038, "hidden_channels": 102.30148680951078, "learning_rate": 0.0032192794728849923, "optimizer": 0.24497540247365235, "pooling_algorithm": 0.6493680115688844}, "datetime": {"datetime": "2023-11-30 10:20:21", "elapsed": 275.944478, "delta": 4.674792}}
{"target": 0.5, "params": {"activation_function": 1.435999425472619, "amount_of_layers": 7.744037638488358, "batch_size": 56.54787315615601, "dropout_rate": 0.7070929737746506, "epochs": 126.79043895373385, "hidden_channels": 82.41525185904287, "learning_rate": 0.07783492029732411, "optimizer": 1.2853973388027584, "pooling_algorithm": 0.5158829718766997}, "datetime": {"datetime": "2023-11-30 10:20:28", "elapsed": 282.254699, "delta": 6.310221}}
{"target": 0.9035714285714286, "params": {"activation_function": 2.0, "amount_of_layers": 1.0, "batch_size": 106.74720668792209, "dropout_rate": 0.25, "epochs": 149.11781074640257, "hidden_channels": 109.6392393431844, "learning_rate": 0.1, "optimizer": 0.0, "pooling_algorithm": 1.0}, "datetime": {"datetime": "2023-11-30 10:20:30", "elapsed": 285.103173, "delta": 2.848474}}
{"target": 0.9107142857142858, "params": {"activation_function": 2.0, "amount_of_layers": 1.0, "batch_size": 88.76206243361524, "dropout_rate": 0.25, "epochs": 153.2006300034155, "hidden_channels": 113.48570292330352, "learning_rate": 0.1, "optimizer": 0.0, "pooling_algorithm": 1.0}, "datetime": {"datetime": "2023-11-30 10:20:34", "elapsed": 288.612364, "delta": 3.509191}}
{"target": 0.8357142857142856, "params": {"activation_function": 0.7329453465251217, "amount_of_layers": 2.689295430891404, "batch_size": 100.60305023865459, "dropout_rate": 0.5531472090752201, "epochs": 158.96917569163497, "hidden_channels": 123.89425654718978, "learning_rate": 0.014693139804924198, "optimizer": 0.7772699262267244, "pooling_algorithm": 0.14281391852316871}, "datetime": {"datetime": "2023-11-30 10:20:37", "elapsed": 292.103784, "delta": 3.49142}}
{"target": 0.9125000000000001, "params": {"activation_function": 2.0, "amount_of_layers": 1.0, "batch_size": 76.43548243417627, "dropout_rate": 0.75, "epochs": 159.24727436667652, "hidden_channels": 125.63586285531959, "learning_rate": 0.1, "optimizer": 0.0, "pooling_algorithm": 1.0}, "datetime": {"datetime": "2023-11-30 10:20:40", "elapsed": 294.77974, "delta": 2.675956}}
{"target": 0.35, "params": {"activation_function": 0.16644256447532446, "amount_of_layers": 1.3134682710766654, "batch_size": 115.60487239191237, "dropout_rate": 0.39336500055118173, "epochs": 132.73209946337818, "hidden_channels": 114.43980453739137, "learning_rate": 0.04801590617541139, "optimizer": 1.29913065080544, "pooling_algorithm": 0.9566465923343969}, "datetime": {"datetime": "2023-11-30 10:20:42", "elapsed": 297.13514, "delta": 2.3554}}
{"target": 0.725, "params": {"activation_function": 2.0, "amount_of_layers": 1.0, "batch_size": 105.2959997548982, "dropout_rate": 0.75, "epochs": 163.55340919225506, "hidden_channels": 104.34884007276509, "learning_rate": 0.001, "optimizer": 0.0, "pooling_algorithm": 1.0}, "datetime": {"datetime": "2023-11-30 10:20:45", "elapsed": 299.984208, "delta": 2.849068}}
{"target": 0.5, "params": {"activation_function": 0.603477873032757, "amount_of_layers": 8.784240904556567, "batch_size": 88.50348596962213, "dropout_rate": 0.3774849342397398, "epochs": 148.986677726653, "hidden_channels": 127.67407595363224, "learning_rate": 0.06086742464176854, "optimizer": 1.1070159342664272, "pooling_algorithm": 0.5669140322199141}, "datetime": {"datetime": "2023-11-30 10:20:50", "elapsed": 304.926733, "delta": 4.942525}}
{"target": 0.9071428571428573, "params": {"activation_function": 2.0, "amount_of_layers": 1.0, "batch_size": 62.95287429466983, "dropout_rate": 0.75, "epochs": 167.78231737614453, "hidden_channels": 128.0, "learning_rate": 0.1, "optimizer": 0.0, "pooling_algorithm": 1.0}, "datetime": {"datetime": "2023-11-30 10:20:54", "elapsed": 308.456775, "delta": 3.530042}}
{"target": 0.8232142857142858, "params": {"activation_function": 2.0, "amount_of_layers": 1.0, "batch_size": 94.06790898962105, "dropout_rate": 0.75, "epochs": 145.59923748675865, "hidden_channels": 102.57614043393588, "learning_rate": 0.001, "optimizer": 2.0, "pooling_algorithm": 0.0}, "datetime": {"datetime": "2023-11-30 10:20:56", "elapsed": 311.11454, "delta": 2.657765}}
{"target": 0.9267857142857143, "params": {"activation_function": 2.0, "amount_of_layers": 1.0, "batch_size": 79.2368056890768, "dropout_rate": 0.3190134043366441, "epochs": 175.35098326942537, "hidden_channels": 128.0, "learning_rate": 0.004592063484209906, "optimizer": 0.0, "pooling_algorithm": 1.0}, "datetime": {"datetime": "2023-11-30 10:20:59", "elapsed": 313.930574, "delta": 2.816034}}
{"target": 0.09464285714285714, "params": {"activation_function": 0.5661311550740449, "amount_of_layers": 2.7271976097077992, "batch_size": 67.36508344012123, "dropout_rate": 0.2682241536530514, "epochs": 154.19646334589766, "hidden_channels": 112.10405650177594, "learning_rate": 0.004126250066781719, "optimizer": 1.181788477231394, "pooling_algorithm": 0.581540817677647}, "datetime": {"datetime": "2023-11-30 10:21:04", "elapsed": 318.267493, "delta": 4.336919}}
{"target": 0.8946428571428571, "params": {"activation_function": 2.0, "amount_of_layers": 1.0, "batch_size": 94.07911517929381, "dropout_rate": 0.25, "epochs": 105.9230476456927, "hidden_channels": 21.42538930086279, "learning_rate": 0.1, "optimizer": 0.0, "pooling_algorithm": 1.0}, "datetime": {"datetime": "2023-11-30 10:21:06", "elapsed": 320.610574, "delta": 2.343081}}
{"target": 0.5, "params": {"activation_function": 0.05390320737210641, "amount_of_layers": 8.875899372380056, "batch_size": 65.41908018686736, "dropout_rate": 0.28322056328920303, "epochs": 131.56974709519477, "hidden_channels": 110.0285549261038, "learning_rate": 0.0902078079419153, "optimizer": 1.8185442696144414, "pooling_algorithm": 0.6786762166518271}, "datetime": {"datetime": "2023-11-30 10:21:12", "elapsed": 326.614881, "delta": 6.004307}}
{"target": 0.8857142857142857, "params": {"activation_function": 2.0, "amount_of_layers": 1.0, "batch_size": 90.08618708337276, "dropout_rate": 0.75, "epochs": 84.32300082744003, "hidden_channels": 27.24416054438394, "learning_rate": 0.1, "optimizer": 0.0, "pooling_algorithm": 1.0}, "datetime": {"datetime": "2023-11-30 10:21:14", "elapsed": 328.410863, "delta": 1.795982}}
{"target": 0.7321428571428571, "params": {"activation_function": 1.744760710770182, "amount_of_layers": 8.163783371271624, "batch_size": 100.62260963553106, "dropout_rate": 0.4921363814631817, "epochs": 124.37944738268457, "hidden_channels": 20.111558049720664, "learning_rate": 0.08774829882386391, "optimizer": 1.3329047992091476, "pooling_algorithm": 0.3159648706134315}, "datetime": {"datetime": "2023-11-30 10:21:18", "elapsed": 332.382088, "delta": 3.971225}}
{"target": 0.8392857142857143, "params": {"activation_function": 0.30055105912027136, "amount_of_layers": 6.644611267958755, "batch_size": 95.69757996319784, "dropout_rate": 0.743548606383976, "epochs": 135.0202362241518, "hidden_channels": 56.72294264138838, "learning_rate": 0.004949105896290275, "optimizer": 1.4422834484546725, "pooling_algorithm": 0.17674961682908918}, "datetime": {"datetime": "2023-11-30 10:21:22", "elapsed": 336.477133, "delta": 4.095045}}
{"target": 0.9178571428571428, "params": {"activation_function": 0.0, "amount_of_layers": 1.0, "batch_size": 90.90836748221497, "dropout_rate": 0.25, "epochs": 68.51448164505842, "hidden_channels": 33.14565359930987, "learning_rate": 0.1, "optimizer": 0.0, "pooling_algorithm": 1.0}, "datetime": {"datetime": "2023-11-30 10:21:23", "elapsed": 337.931188, "delta": 1.454055}}
{"target": 0.9071428571428571, "params": {"activation_function": 0.0, "amount_of_layers": 1.0, "batch_size": 80.29356457201791, "dropout_rate": 0.25, "epochs": 69.67230727644895, "hidden_channels": 23.921982482444633, "learning_rate": 0.1, "optimizer": 0.0, "pooling_algorithm": 1.0}, "datetime": {"datetime": "2023-11-30 10:21:25", "elapsed": 339.2396, "delta": 1.308412}}
{"target": 0.5, "params": {"activation_function": 0.07075009986704672, "amount_of_layers": 7.674134841614089, "batch_size": 103.03190935810994, "dropout_rate": 0.452092165055341, "epochs": 98.9325622678079, "hidden_channels": 29.64101859705385, "learning_rate": 0.03860940063077466, "optimizer": 0.5518974490804975, "pooling_algorithm": 0.506239206065113}, "datetime": {"datetime": "2023-11-30 10:21:28", "elapsed": 342.519634, "delta": 3.280034}}
{"target": 0.5, "params": {"activation_function": 0.3584147712594985, "amount_of_layers": 6.665182899747412, "batch_size": 81.71457677324601, "dropout_rate": 0.6623895958269994, "epochs": 139.3243028159419, "hidden_channels": 111.58535902033097, "learning_rate": 0.06979274093849504, "optimizer": 1.42566030815115, "pooling_algorithm": 0.617739657254094}, "datetime": {"datetime": "2023-11-30 10:21:32", "elapsed": 346.677247, "delta": 4.157613}}
{"target": 0.9107142857142857, "params": {"activation_function": 2.0, "amount_of_layers": 1.0, "batch_size": 38.29834498025569, "dropout_rate": 0.25, "epochs": 131.73481902313904, "hidden_channels": 106.67589365044408, "learning_rate": 0.1, "optimizer": 0.0, "pooling_algorithm": 1.0}, "datetime": {"datetime": "2023-11-30 10:21:36", "elapsed": 350.663267, "delta": 3.98602}}
{"target": 0.9125, "params": {"activation_function": 2.0, "amount_of_layers": 1.0, "batch_size": 84.54981575001666, "dropout_rate": 0.25, "epochs": 134.45056859236678, "hidden_channels": 91.55059516869166, "learning_rate": 0.1, "optimizer": 0.0, "pooling_algorithm": 1.0}, "datetime": {"datetime": "2023-11-30 10:21:39", "elapsed": 353.371787, "delta": 2.70852}}
