{"target": 0.7428571428571429, "params": {"activation_function": 1.300307210943498, "amount_of_layers": 8.584873326722159, "batch_size": 67.99587082905684, "dropout_rate": 0.5706480790729729, "epochs": 141.19729033722564, "hidden_channels": 20.572944856257802, "learning_rate": 0.024707210821220918, "optimizer": 0.508314134521435, "pooling_algorithm": 0.4264416459815509}, "datetime": {"datetime": "2023-11-30 09:41:24", "elapsed": 0.0, "delta": 0.0}}
{"target": 0.2625, "params": {"activation_function": 1.6780050941691322, "amount_of_layers": 6.960269175025241, "batch_size": 67.01102361199409, "dropout_rate": 0.38084646141058465, "epochs": 20.13342046225641, "hidden_channels": 58.73825479727978, "learning_rate": 0.021688932407836457, "optimizer": 1.1888220356990238, "pooling_algorithm": 0.09890352783709988}, "datetime": {"datetime": "2023-11-30 09:41:25", "elapsed": 0.92894, "delta": 0.92894}}
{"target": 0.9107142857142857, "params": {"activation_function": 0.44818706075147907, "amount_of_layers": 5.674099233433698, "batch_size": 144.5168633968629, "dropout_rate": 0.35494191173485495, "epochs": 135.65411744613334, "hidden_channels": 66.82139319938423, "learning_rate": 0.032708851772425315, "optimizer": 0.2501296963131019, "pooling_algorithm": 0.8068889276384352}, "datetime": {"datetime": "2023-11-30 09:41:30", "elapsed": 6.01525, "delta": 5.08631}}
{"target": 0.2625, "params": {"activation_function": 1.9739200390601939, "amount_of_layers": 5.344331307771793, "batch_size": 46.9973012649717, "dropout_rate": 0.5517562690763474, "epochs": 43.57223686187072, "hidden_channels": 114.04410902471307, "learning_rate": 0.059313206131099694, "optimizer": 1.4423452896817954, "pooling_algorithm": 0.27567028852398234}, "datetime": {"datetime": "2023-11-30 09:41:33", "elapsed": 8.329974, "delta": 2.314724}}
{"target": 0.5, "params": {"activation_function": 1.5762293822304658, "amount_of_layers": 2.0609784081570357, "batch_size": 69.56193693138177, "dropout_rate": 0.5649120449588511, "epochs": 90.56825465560809, "hidden_channels": 24.910359845691122, "learning_rate": 0.05251407332729569, "optimizer": 1.2140825954847978, "pooling_algorithm": 0.5808057014839465}, "datetime": {"datetime": "2023-11-30 09:41:35", "elapsed": 10.441443, "delta": 2.111469}}
{"target": 0.7339285714285715, "params": {"activation_function": 1.6422319367067575, "amount_of_layers": 8.87993507097261, "batch_size": 141.2223193303881, "dropout_rate": 0.701527432387308, "epochs": 74.22497854997157, "hidden_channels": 101.339047140401, "learning_rate": 0.07462973970302947, "optimizer": 1.1611709244966915, "pooling_algorithm": 0.4326635592749071}, "datetime": {"datetime": "2023-11-30 09:41:40", "elapsed": 15.688456, "delta": 5.247013}}
{"target": 0.7428571428571429, "params": {"activation_function": 1.3358559008048252, "amount_of_layers": 2.8934992818719216, "batch_size": 76.53270898869243, "dropout_rate": 0.7099987067564756, "epochs": 193.70587173629943, "hidden_channels": 99.59322044283651, "learning_rate": 0.033344465369722444, "optimizer": 1.245679688949893, "pooling_algorithm": 0.19160223928271736}, "datetime": {"datetime": "2023-11-30 09:41:46", "elapsed": 21.682804, "delta": 5.994348}}
{"target": 0.9071428571428573, "params": {"activation_function": 0.49664341196146333, "amount_of_layers": 1.9347095108012455, "batch_size": 17.38361567258131, "dropout_rate": 0.674347193321021, "epochs": 110.82658090232837, "hidden_channels": 65.74169785567486, "learning_rate": 0.06557845596877225, "optimizer": 0.4533523630058236, "pooling_algorithm": 0.6171624613999231}, "datetime": {"datetime": "2023-11-30 09:41:50", "elapsed": 25.999591, "delta": 4.316787}}
{"target": 0.5, "params": {"activation_function": 0.4011042086780403, "amount_of_layers": 4.927455882266473, "batch_size": 143.1030073818341, "dropout_rate": 0.7409851367810933, "epochs": 42.89880696017499, "hidden_channels": 96.32992558780525, "learning_rate": 0.03926033540526608, "optimizer": 1.3022142353364934, "pooling_algorithm": 0.7434635984156129}, "datetime": {"datetime": "2023-11-30 09:41:52", "elapsed": 27.820269, "delta": 1.820678}}
{"target": 0.5, "params": {"activation_function": 0.49554077355334125, "amount_of_layers": 4.938367759964456, "batch_size": 72.91647718785373, "dropout_rate": 0.39503467827423583, "epochs": 197.47088669918847, "hidden_channels": 46.7523701767174, "learning_rate": 0.02077065741690399, "optimizer": 1.6573951272582415, "pooling_algorithm": 0.362632033263922}, "datetime": {"datetime": "2023-11-30 09:41:59", "elapsed": 34.111421, "delta": 6.291152}}
{"target": 0.9035714285714286, "params": {"activation_function": 1.4200501504203025, "amount_of_layers": 4.2242552092505345, "batch_size": 68.0649292018249, "dropout_rate": 0.5013170641481147, "epochs": 161.34436840448663, "hidden_channels": 6.360318737248164, "learning_rate": 0.005358087182583865, "optimizer": 1.7942332556673894, "pooling_algorithm": 0.7531875236501028}, "datetime": {"datetime": "2023-11-30 09:42:03", "elapsed": 38.30039, "delta": 4.188969}}
{"target": 0.8285714285714286, "params": {"activation_function": 1.7247169930086486, "amount_of_layers": 8.921625139773747, "batch_size": 93.76453135239694, "dropout_rate": 0.7269442549935099, "epochs": 89.96002146688359, "hidden_channels": 25.676041714842416, "learning_rate": 0.004159113543090719, "optimizer": 1.1661309855239022, "pooling_algorithm": 0.7374400402468131}, "datetime": {"datetime": "2023-11-30 09:42:06", "elapsed": 41.374146, "delta": 3.073756}}
{"target": 0.9107142857142858, "params": {"activation_function": 1.5429803277370606, "amount_of_layers": 3.521677086771885, "batch_size": 135.77968068874992, "dropout_rate": 0.3966980848785031, "epochs": 62.081911408621835, "hidden_channels": 95.70456621453455, "learning_rate": 0.09779679121297688, "optimizer": 0.006946970880854275, "pooling_algorithm": 0.9463218386522613}, "datetime": {"datetime": "2023-11-30 09:42:08", "elapsed": 43.526056, "delta": 2.15191}}
{"target": 0.7410714285714286, "params": {"activation_function": 1.3170050505903852, "amount_of_layers": 3.802018504078516, "batch_size": 64.07501152090566, "dropout_rate": 0.52317627619488, "epochs": 185.4819910867582, "hidden_channels": 88.38544652143109, "learning_rate": 0.03284885188216681, "optimizer": 0.659349822351704, "pooling_algorithm": 0.17753625392340522}, "datetime": {"datetime": "2023-11-30 09:42:15", "elapsed": 50.100971, "delta": 6.574915}}
{"target": 0.5, "params": {"activation_function": 1.2946638216869273, "amount_of_layers": 7.10354610922513, "batch_size": 52.399785912818345, "dropout_rate": 0.5273377858180558, "epochs": 82.87200756303072, "hidden_channels": 46.65298720711371, "learning_rate": 0.08556954819982678, "optimizer": 1.1338262668863213, "pooling_algorithm": 0.9714743426853836}, "datetime": {"datetime": "2023-11-30 09:42:18", "elapsed": 53.568415, "delta": 3.467444}}
{"target": 0.85, "params": {"activation_function": 1.5092337596360657, "amount_of_layers": 7.667943100297294, "batch_size": 126.39535876840581, "dropout_rate": 0.6152649876455729, "epochs": 132.95991545871578, "hidden_channels": 33.79400818666695, "learning_rate": 0.08723767999949474, "optimizer": 0.05621326444521313, "pooling_algorithm": 0.7262985773072936}, "datetime": {"datetime": "2023-11-30 09:42:23", "elapsed": 58.089737, "delta": 4.521322}}
{"target": 0.9, "params": {"activation_function": 0.7764764044988133, "amount_of_layers": 1.7121070248922328, "batch_size": 91.76483053089355, "dropout_rate": 0.43972894369187043, "epochs": 37.639222196391835, "hidden_channels": 41.25152027729522, "learning_rate": 0.011898008778928333, "optimizer": 1.3187004314930026, "pooling_algorithm": 0.7248845183870131}, "datetime": {"datetime": "2023-11-30 09:42:23", "elapsed": 58.845548, "delta": 0.755811}}
{"target": 0.6928571428571428, "params": {"activation_function": 0.9015130177353048, "amount_of_layers": 2.1309269760226215, "batch_size": 28.018013798046482, "dropout_rate": 0.4900575933813576, "epochs": 125.2193715259442, "hidden_channels": 86.32015950983755, "learning_rate": 0.03241881263085456, "optimizer": 1.5510290827770838, "pooling_algorithm": 0.10449535016821088}, "datetime": {"datetime": "2023-11-30 09:42:28", "elapsed": 63.132715, "delta": 4.287167}}
{"target": 0.7392857142857143, "params": {"activation_function": 1.454023167795011, "amount_of_layers": 4.39506271663302, "batch_size": 99.18503103880228, "dropout_rate": 0.6821404152483532, "epochs": 192.63460917543344, "hidden_channels": 28.84907507935636, "learning_rate": 0.05165964574420826, "optimizer": 1.923885600488389, "pooling_algorithm": 0.2027982723025301}, "datetime": {"datetime": "2023-11-30 09:42:32", "elapsed": 67.586066, "delta": 4.453351}}
{"target": 0.2625, "params": {"activation_function": 1.111886987418873, "amount_of_layers": 7.886506161535733, "batch_size": 71.55130005377819, "dropout_rate": 0.5335245665944891, "epochs": 29.864246928508773, "hidden_channels": 23.886438345930635, "learning_rate": 0.0596308542735304, "optimizer": 0.3532104295321348, "pooling_algorithm": 0.09352084038981012}, "datetime": {"datetime": "2023-11-30 09:42:33", "elapsed": 68.704699, "delta": 1.118633}}
{"target": 0.5, "params": {"activation_function": 0.17551100967844802, "amount_of_layers": 2.67298022572185, "batch_size": 144.766806918475, "dropout_rate": 0.7489688752729957, "epochs": 136.4055125071264, "hidden_channels": 67.43470844642354, "learning_rate": 0.049000314623285586, "optimizer": 0.5370110272388202, "pooling_algorithm": 0.7897071066111713}, "datetime": {"datetime": "2023-11-30 09:42:37", "elapsed": 72.434885, "delta": 3.730186}}
{"target": 0.25357142857142856, "params": {"activation_function": 1.3470430853343063, "amount_of_layers": 6.144302581058515, "batch_size": 20.886802921696486, "dropout_rate": 0.3197561686570856, "epochs": 168.88468559898783, "hidden_channels": 23.061755138414437, "learning_rate": 0.08158216465939588, "optimizer": 0.3909430245951371, "pooling_algorithm": 0.06481870132579426}, "datetime": {"datetime": "2023-11-30 09:42:47", "elapsed": 82.159067, "delta": 9.724182}}
{"target": 0.7375, "params": {"activation_function": 1.9678150796176685, "amount_of_layers": 6.333174879349927, "batch_size": 40.67548676839125, "dropout_rate": 0.5696950441960875, "epochs": 25.461358012478552, "hidden_channels": 94.02767362797891, "learning_rate": 0.09361844234199324, "optimizer": 0.7221668247373072, "pooling_algorithm": 0.15666502653481673}, "datetime": {"datetime": "2023-11-30 09:42:48", "elapsed": 83.80212, "delta": 1.643053}}
{"target": 0.5, "params": {"activation_function": 0.08195963635271664, "amount_of_layers": 5.9106002372091995, "batch_size": 81.91225983879211, "dropout_rate": 0.6002489445402214, "epochs": 64.41104367566419, "hidden_channels": 8.032716814706863, "learning_rate": 0.051377880122369234, "optimizer": 1.7452001146087668, "pooling_algorithm": 0.8578845633282473}, "datetime": {"datetime": "2023-11-30 09:42:50", "elapsed": 85.572938, "delta": 1.770818}}
{"target": 0.26607142857142857, "params": {"activation_function": 0.5812991617997336, "amount_of_layers": 4.7427991676874655, "batch_size": 47.99294154286491, "dropout_rate": 0.2718755002594797, "epochs": 74.74020729248593, "hidden_channels": 49.01373498423326, "learning_rate": 0.054617701662611096, "optimizer": 0.8300063837421034, "pooling_algorithm": 0.1659587563370657}, "datetime": {"datetime": "2023-11-30 09:42:53", "elapsed": 88.547255, "delta": 2.974317}}
{"target": 0.5, "params": {"activation_function": 1.389612628034573, "amount_of_layers": 8.307701497784233, "batch_size": 60.92982058700003, "dropout_rate": 0.6833224051854991, "epochs": 84.40865030360695, "hidden_channels": 95.90202762732048, "learning_rate": 0.03748775485177389, "optimizer": 1.1645470166590575, "pooling_algorithm": 0.8814122704421746}, "datetime": {"datetime": "2023-11-30 09:43:07", "elapsed": 102.791357, "delta": 14.244102}}
{"target": 0.28035714285714286, "params": {"activation_function": 1.2755487133732935, "amount_of_layers": 2.622478371049759, "batch_size": 112.82808574782516, "dropout_rate": 0.5714071101647386, "epochs": 74.11473547877371, "hidden_channels": 15.55434269835297, "learning_rate": 0.03034155013277148, "optimizer": 1.5459079962499398, "pooling_algorithm": 0.3398241563265697}, "datetime": {"datetime": "2023-11-30 09:43:09", "elapsed": 104.257471, "delta": 1.466114}}
{"target": 0.6589285714285714, "params": {"activation_function": 1.025943429858004, "amount_of_layers": 5.808252086099308, "batch_size": 58.64936351812697, "dropout_rate": 0.2807142568337335, "epochs": 166.9115487976307, "hidden_channels": 33.365735717465256, "learning_rate": 0.09024217571511617, "optimizer": 0.10369779319359607, "pooling_algorithm": 0.41439831588570963}, "datetime": {"datetime": "2023-11-30 09:43:14", "elapsed": 109.771801, "delta": 5.51433}}
{"target": 0.26785714285714285, "params": {"activation_function": 0.5824967074309679, "amount_of_layers": 3.954247193819815, "batch_size": 60.433547631705196, "dropout_rate": 0.2910724353865827, "epochs": 14.145347656710891, "hidden_channels": 55.110870459642996, "learning_rate": 0.021407829030139665, "optimizer": 1.2102501302477702, "pooling_algorithm": 0.26386169861021}, "datetime": {"datetime": "2023-11-30 09:43:15", "elapsed": 110.358135, "delta": 0.586334}}
{"target": 0.9071428571428571, "params": {"activation_function": 0.07520068399487778, "amount_of_layers": 6.863063849784964, "batch_size": 58.9255610813317, "dropout_rate": 0.3068536586518032, "epochs": 58.70947212578755, "hidden_channels": 114.1105087661883, "learning_rate": 0.0267256933268526, "optimizer": 0.2940321696609094, "pooling_algorithm": 0.8498307172025658}, "datetime": {"datetime": "2023-11-30 09:43:18", "elapsed": 113.802044, "delta": 3.443909}}
{"target": 0.5, "params": {"activation_function": 0.5228672587833452, "amount_of_layers": 5.105396344193223, "batch_size": 23.20596433359579, "dropout_rate": 0.3833634746488333, "epochs": 43.19626012427719, "hidden_channels": 114.39549478414928, "learning_rate": 0.09074164944858863, "optimizer": 1.3788352377449422, "pooling_algorithm": 0.9927907677354344}, "datetime": {"datetime": "2023-11-30 09:43:21", "elapsed": 116.911414, "delta": 3.10937}}
{"target": 0.2607142857142857, "params": {"activation_function": 1.4756696108746006, "amount_of_layers": 8.74312651720281, "batch_size": 28.263418301756335, "dropout_rate": 0.33316704185309065, "epochs": 163.98214660940408, "hidden_channels": 115.68944990238438, "learning_rate": 0.005896452606621815, "optimizer": 0.7147219138009342, "pooling_algorithm": 0.2792763855377619}, "datetime": {"datetime": "2023-11-30 09:43:37", "elapsed": 132.417383, "delta": 15.505969}}
{"target": 0.2678571428571429, "params": {"activation_function": 1.227205767699433, "amount_of_layers": 4.945086284334993, "batch_size": 84.21961644851282, "dropout_rate": 0.7093085586609841, "epochs": 36.46168588977863, "hidden_channels": 114.11038073115596, "learning_rate": 0.015048172057829816, "optimizer": 0.5340791717554421, "pooling_algorithm": 0.01938374239485663}, "datetime": {"datetime": "2023-11-30 09:43:39", "elapsed": 134.367325, "delta": 1.949942}}
{"target": 0.5, "params": {"activation_function": 1.2415629768667051, "amount_of_layers": 7.206289176435722, "batch_size": 120.1591550172202, "dropout_rate": 0.5169441457235452, "epochs": 100.57436029488696, "hidden_channels": 26.086978693220413, "learning_rate": 0.06845953506428401, "optimizer": 0.5814074856856115, "pooling_algorithm": 0.9575771573322622}, "datetime": {"datetime": "2023-11-30 09:43:43", "elapsed": 139.062022, "delta": 4.694697}}
{"target": 0.5, "params": {"activation_function": 1.6661448830051733, "amount_of_layers": 1.1329555812576837, "batch_size": 148.53650774873918, "dropout_rate": 0.6885584374339594, "epochs": 186.5397325058689, "hidden_channels": 62.31937996728393, "learning_rate": 0.06129231129961446, "optimizer": 1.6792964290754986, "pooling_algorithm": 0.015081822143882873}, "datetime": {"datetime": "2023-11-30 09:43:47", "elapsed": 142.426752, "delta": 3.36473}}
{"target": 0.5, "params": {"activation_function": 0.20182617327973462, "amount_of_layers": 5.256479378685986, "batch_size": 62.70897917273125, "dropout_rate": 0.39625686499727936, "epochs": 183.45419189275023, "hidden_channels": 77.32916143845527, "learning_rate": 0.018938142873169528, "optimizer": 1.7045603288030837, "pooling_algorithm": 0.4343875307604864}, "datetime": {"datetime": "2023-11-30 09:43:54", "elapsed": 149.630993, "delta": 7.204241}}
{"target": 0.3, "params": {"activation_function": 1.9086929293025796, "amount_of_layers": 7.775365747621621, "batch_size": 26.718421626204027, "dropout_rate": 0.4310598173025254, "epochs": 126.61005249273683, "hidden_channels": 86.27051387383722, "learning_rate": 0.018378183013647183, "optimizer": 0.7364141405615134, "pooling_algorithm": 0.7008405642892147}, "datetime": {"datetime": "2023-11-30 09:44:04", "elapsed": 159.958962, "delta": 10.327969}}
{"target": 0.26249999999999996, "params": {"activation_function": 1.0425879354499838, "amount_of_layers": 7.852969436826623, "batch_size": 49.91848773670525, "dropout_rate": 0.46362130325230705, "epochs": 23.462656071080815, "hidden_channels": 106.66083050344113, "learning_rate": 0.0709763483134993, "optimizer": 0.8452059184117549, "pooling_algorithm": 0.021886587929734747}, "datetime": {"datetime": "2023-11-30 09:44:08", "elapsed": 163.837868, "delta": 3.878906}}
{"target": 0.5, "params": {"activation_function": 0.7995026970554135, "amount_of_layers": 6.8091761218585045, "batch_size": 118.58829264275484, "dropout_rate": 0.49859303635091157, "epochs": 91.67533878377145, "hidden_channels": 45.3051295602958, "learning_rate": 0.027633760769313315, "optimizer": 0.6388243793757524, "pooling_algorithm": 0.9676167438097679}, "datetime": {"datetime": "2023-11-30 09:44:17", "elapsed": 172.678823, "delta": 8.840955}}
{"target": 0.7392857142857143, "params": {"activation_function": 0.6132056248489968, "amount_of_layers": 4.964673149824674, "batch_size": 22.38834342013483, "dropout_rate": 0.29127243852889145, "epochs": 170.41760682156078, "hidden_channels": 35.511322601239954, "learning_rate": 0.03298427530101827, "optimizer": 0.9214724716817484, "pooling_algorithm": 0.4373641909158458}, "datetime": {"datetime": "2023-11-30 09:44:26", "elapsed": 181.841263, "delta": 9.16244}}
{"target": 0.33035714285714285, "params": {"activation_function": 1.390945327455308, "amount_of_layers": 2.6497390489460946, "batch_size": 131.79721971539493, "dropout_rate": 0.29334655973449625, "epochs": 21.534148110764015, "hidden_channels": 8.376431758900802, "learning_rate": 0.013912124224257708, "optimizer": 1.5335895282560847, "pooling_algorithm": 0.7195691192805412}, "datetime": {"datetime": "2023-11-30 09:44:27", "elapsed": 182.39092, "delta": 0.549657}}
{"target": 0.7375, "params": {"activation_function": 1.49878874431079, "amount_of_layers": 6.325330620603252, "batch_size": 47.255108578030764, "dropout_rate": 0.3162026775425848, "epochs": 191.36819011101048, "hidden_channels": 69.95546606899664, "learning_rate": 0.03165611114307507, "optimizer": 1.7721586738299238, "pooling_algorithm": 0.11260136356123007}, "datetime": {"datetime": "2023-11-30 09:44:36", "elapsed": 191.265193, "delta": 8.874273}}
{"target": 0.5, "params": {"activation_function": 1.681669737687502, "amount_of_layers": 5.237787303213474, "batch_size": 104.91999002385579, "dropout_rate": 0.3373434706251779, "epochs": 61.07281671921714, "hidden_channels": 64.61417681201019, "learning_rate": 0.07276498870042682, "optimizer": 1.8137748746825288, "pooling_algorithm": 0.2062696326697795}, "datetime": {"datetime": "2023-11-30 09:44:39", "elapsed": 194.486803, "delta": 3.22161}}
{"target": 0.5, "params": {"activation_function": 0.9002322175247373, "amount_of_layers": 5.02318625177411, "batch_size": 91.57516310692505, "dropout_rate": 0.5822841936440533, "epochs": 172.08774742792465, "hidden_channels": 119.55559131925222, "learning_rate": 0.08513794294085308, "optimizer": 1.7667823199257393, "pooling_algorithm": 0.9339417349988111}, "datetime": {"datetime": "2023-11-30 09:44:47", "elapsed": 202.356021, "delta": 7.869218}}
{"target": 0.5, "params": {"activation_function": 0.02443047605234905, "amount_of_layers": 4.739800005935018, "batch_size": 93.31492029456037, "dropout_rate": 0.41145763237084254, "epochs": 125.12321726880381, "hidden_channels": 63.48023915594332, "learning_rate": 0.0796222130405175, "optimizer": 1.8277302158445903, "pooling_algorithm": 0.19017253514717236}, "datetime": {"datetime": "2023-11-30 09:44:51", "elapsed": 206.324223, "delta": 3.968202}}
{"target": 0.25892857142857145, "params": {"activation_function": 0.9372396065035979, "amount_of_layers": 5.253052507659215, "batch_size": 124.2271364056689, "dropout_rate": 0.409033604145423, "epochs": 145.0841932594332, "hidden_channels": 76.79450106212447, "learning_rate": 0.09458196088023779, "optimizer": 1.1711331498899409, "pooling_algorithm": 0.12083899599080572}, "datetime": {"datetime": "2023-11-30 09:44:56", "elapsed": 211.949869, "delta": 5.625646}}
{"target": 0.9142857142857143, "params": {"activation_function": 0.17974489304261398, "amount_of_layers": 4.416342764435555, "batch_size": 144.2485052839558, "dropout_rate": 0.39291410947398053, "epochs": 135.75665044889328, "hidden_channels": 67.34726126795809, "learning_rate": 0.01898830456744726, "optimizer": 0.9051991110690256, "pooling_algorithm": 0.5629190388983529}, "datetime": {"datetime": "2023-11-30 09:45:01", "elapsed": 216.274659, "delta": 4.32479}}
{"target": 0.8928571428571429, "params": {"activation_function": 1.6690608636890605, "amount_of_layers": 4.29041203381087, "batch_size": 141.9449205781313, "dropout_rate": 0.4677459606989614, "epochs": 135.62365157863303, "hidden_channels": 68.04409131647074, "learning_rate": 0.04752047009149976, "optimizer": 0.47826688685322827, "pooling_algorithm": 0.6268825133112759}, "datetime": {"datetime": "2023-11-30 09:45:05", "elapsed": 220.46823, "delta": 4.193571}}
