{"target": 0.7446428571428572, "params": {"activation_function": 1.5001659220019958, "amount_of_layers": 4.874750747860481, "batch_size": 59.713154089015944, "dropout_rate": 0.43721692778111676, "epochs": 175.83734888690398, "hidden_channels": 97.10160888559936, "learning_rate": 0.021182756773253986, "optimizer": 0.6257219148304569, "pooling_algorithm": 0.020844266112934995}, "datetime": {"datetime": "2023-11-28 08:53:03", "elapsed": 429.437604, "delta": 5.60992}}
{"target": 0.8196428571428571, "params": {"activation_function": 1.1382731728095494, "amount_of_layers": 1.4540212558628083, "batch_size": 33.73772171333172, "dropout_rate": 0.3266427631895721, "epochs": 182.4895066422346, "hidden_channels": 28.936297693938247, "learning_rate": 0.03678066667970265, "optimizer": 0.7553674756982289, "pooling_algorithm": 0.31278548899132574}, "datetime": {"datetime": "2023-11-28 08:53:08", "elapsed": 434.743334, "delta": 5.30573}}
{"target": 0.45, "params": {"activation_function": 1.9779276858541788, "amount_of_layers": 8.445572710494703, "batch_size": 107.4783658302521, "dropout_rate": 0.35276381740807244, "epochs": 111.37728344053907, "hidden_channels": 39.83927017148646, "learning_rate": 0.05238138698529831, "optimizer": 0.7082081597324841, "pooling_algorithm": 0.7169854155401424}, "datetime": {"datetime": "2023-11-28 08:53:11", "elapsed": 438.07643, "delta": 3.333096}}
{"target": 0.0, "params": {"activation_function": 1.2897402325219802, "amount_of_layers": 3.9762761554526698, "batch_size": 39.46222954422845, "dropout_rate": 0.4669429409315541, "epochs": 153.12001526303752, "hidden_channels": 111.44262632717995, "learning_rate": 0.05493650989783712, "optimizer": 0.9158406008223001, "pooling_algorithm": 0.8714295789869831}, "datetime": {"datetime": "2023-11-28 08:53:17", "elapsed": 443.646772, "delta": 5.570342}}
{"target": 0.8232142857142858, "params": {"activation_function": 1.6568870634035215, "amount_of_layers": 1.195963589430228, "batch_size": 140.9936394093553, "dropout_rate": 0.7371718139374338, "epochs": 73.13245360414336, "hidden_channels": 52.128819435211035, "learning_rate": 0.06378262591060452, "optimizer": 0.40957412355380285, "pooling_algorithm": 0.1889553182161563}, "datetime": {"datetime": "2023-11-28 08:53:18", "elapsed": 444.846641, "delta": 1.199869}}
{"target": 0.26785714285714285, "params": {"activation_function": 0.5932643468258816, "amount_of_layers": 6.1163171201616295, "batch_size": 136.66064403630844, "dropout_rate": 0.6264844327761707, "epochs": 127.08205533687865, "hidden_channels": 54.457534897302665, "learning_rate": 0.001562213416472533, "optimizer": 1.7007275321812627, "pooling_algorithm": 0.3330270185191677}, "datetime": {"datetime": "2023-11-28 08:53:21", "elapsed": 448.068489, "delta": 3.221848}}
{"target": 0.2589285714285714, "params": {"activation_function": 1.8305840957348862, "amount_of_layers": 4.557242147338044, "batch_size": 104.09528061434263, "dropout_rate": 0.5557926678336391, "epochs": 65.24752507497948, "hidden_channels": 121.52139248955824, "learning_rate": 0.02354078298937566, "optimizer": 0.7393650468970974, "pooling_algorithm": 0.6146773492074814}, "datetime": {"datetime": "2023-11-28 08:53:23", "elapsed": 449.817242, "delta": 1.748753}}
{"target": 0.5, "params": {"activation_function": 1.62079523254024, "amount_of_layers": 3.8741301812039763, "batch_size": 100.99296315340888, "dropout_rate": 0.3639224008377002, "epochs": 18.275897473281734, "hidden_channels": 12.816996375178135, "learning_rate": 0.05006725686319865, "optimizer": 1.1524933051702166, "pooling_algorithm": 0.6864023144155869}, "datetime": {"datetime": "2023-11-28 08:53:24", "elapsed": 450.360501, "delta": 0.543259}}
{"target": 0.7392857142857143, "params": {"activation_function": 1.410664863256935, "amount_of_layers": 5.001141403112756, "batch_size": 136.40468824095367, "dropout_rate": 0.26878894930880237, "epochs": 170.72285334494816, "hidden_channels": 116.50383648612735, "learning_rate": 0.0348418904521208, "optimizer": 0.07868363704444037, "pooling_algorithm": 0.381799403229217}, "datetime": {"datetime": "2023-11-28 08:53:28", "elapsed": 454.288026, "delta": 3.927525}}
{"target": 0.9035714285714286, "params": {"activation_function": 0.3646592569392657, "amount_of_layers": 8.019121766148196, "batch_size": 18.05808041841282, "dropout_rate": 0.42221552764069936, "epochs": 36.76353355650507, "hidden_channels": 84.0434057927177, "learning_rate": 0.03402697693477631, "optimizer": 0.4293027686411661, "pooling_algorithm": 0.7243775979236945}, "datetime": {"datetime": "2023-11-28 08:53:32", "elapsed": 458.247625, "delta": 3.959599}}
{"target": 0.9, "params": {"activation_function": 1.0613984495820856, "amount_of_layers": 6.192832495939666, "batch_size": 54.08673950576347, "dropout_rate": 0.6784811061240049, "epochs": 12.617185225801709, "hidden_channels": 107.16279424694147, "learning_rate": 0.0037350856846388673, "optimizer": 1.1270399169568244, "pooling_algorithm": 0.6849667412917404}, "datetime": {"datetime": "2023-11-28 08:53:32", "elapsed": 458.865056, "delta": 0.617431}}
{"target": 0.0, "params": {"activation_function": 0.6931975807344715, "amount_of_layers": 5.708724025496622, "batch_size": 44.30312240162162, "dropout_rate": 0.5524598479137889, "epochs": 106.97365845876114, "hidden_channels": 105.49561710664463, "learning_rate": 0.029164971447858033, "optimizer": 1.6533554997691717, "pooling_algorithm": 0.1814715206174371}, "datetime": {"datetime": "2023-11-28 08:53:37", "elapsed": 463.621797, "delta": 4.756741}}
{"target": 0.9035714285714286, "params": {"activation_function": 0.0696117570021264, "amount_of_layers": 2.5480589972201004, "batch_size": 145.08528830059197, "dropout_rate": 0.5348014458016963, "epochs": 45.615582524844875, "hidden_channels": 122.05711806884389, "learning_rate": 0.015811351766531367, "optimizer": 0.0940475936640428, "pooling_algorithm": 0.8044560214933413}, "datetime": {"datetime": "2023-11-28 08:53:38", "elapsed": 464.605729, "delta": 0.983932}}
{"target": 0.5, "params": {"activation_function": 1.5637624718041196, "amount_of_layers": 8.825575429011927, "batch_size": 36.22942886919437, "dropout_rate": 0.4256341729423051, "epochs": 199.78424471245387, "hidden_channels": 120.19897491390383, "learning_rate": 0.027245273509678265, "optimizer": 1.8098949853456443, "pooling_algorithm": 0.6606765749532535}, "datetime": {"datetime": "2023-11-28 08:53:51", "elapsed": 477.69921, "delta": 13.093481}}
{"target": 0.5, "params": {"activation_function": 0.6335989598790481, "amount_of_layers": 7.120349031505376, "batch_size": 80.1698613563887, "dropout_rate": 0.5894565092503908, "epochs": 160.35461632897946, "hidden_channels": 72.11558413392503, "learning_rate": 0.053104290684174944, "optimizer": 0.7703307897810487, "pooling_algorithm": 0.6633516678289423}, "datetime": {"datetime": "2023-11-28 08:53:55", "elapsed": 482.148639, "delta": 4.449429}}
{"target": 0.0, "params": {"activation_function": 0.2996089227969685, "amount_of_layers": 1.6440805140637682, "batch_size": 68.78221071408329, "dropout_rate": 0.7373262057206285, "epochs": 45.434082300048274, "hidden_channels": 116.27649917656586, "learning_rate": 0.08593937016776546, "optimizer": 1.9838812392331762, "pooling_algorithm": 0.5791307028042048}, "datetime": {"datetime": "2023-11-28 08:53:57", "elapsed": 483.403281, "delta": 1.254642}}
{"target": 0.0, "params": {"activation_function": 0.0056615434504687645, "amount_of_layers": 8.064373231558697, "batch_size": 36.79620731326108, "dropout_rate": 0.5032455926232183, "epochs": 58.005860017060876, "hidden_channels": 127.88394773822547, "learning_rate": 0.05318067016935997, "optimizer": 1.0419901875653887, "pooling_algorithm": 0.3420486118695334}, "datetime": {"datetime": "2023-11-28 08:54:01", "elapsed": 487.244112, "delta": 3.840831}}
{"target": 0.8, "params": {"activation_function": 1.979377569679852, "amount_of_layers": 2.872417519074376, "batch_size": 148.5023492217511, "dropout_rate": 0.34463513156996706, "epochs": 68.98363669444186, "hidden_channels": 31.157643672903305, "learning_rate": 0.035352384712605205, "optimizer": 0.26377230501269744, "pooling_algorithm": 0.08064059689195346}, "datetime": {"datetime": "2023-11-28 08:54:02", "elapsed": 488.608668, "delta": 1.364556}}
{"target": 0.5, "params": {"activation_function": 1.4380641940177044, "amount_of_layers": 5.759041496956052, "batch_size": 59.71934488315418, "dropout_rate": 0.33818951919234974, "epochs": 103.38963033997408, "hidden_channels": 43.638776302162604, "learning_rate": 0.07840308181202703, "optimizer": 1.5140692252571326, "pooling_algorithm": 0.6425219579108136}, "datetime": {"datetime": "2023-11-28 08:54:06", "elapsed": 492.22685, "delta": 3.618182}}
{"target": 0.9, "params": {"activation_function": 1.9495461332477113, "amount_of_layers": 6.754194626631327, "batch_size": 108.3688432096029, "dropout_rate": 0.6502776034646742, "epochs": 94.23393664300268, "hidden_channels": 120.84907094738037, "learning_rate": 0.004934974662414659, "optimizer": 0.49469438081061123, "pooling_algorithm": 0.6606184056989706}, "datetime": {"datetime": "2023-11-28 08:54:08", "elapsed": 494.835825, "delta": 2.608975}}
{"target": 0.0875, "params": {"activation_function": 1.7002608882197445, "amount_of_layers": 2.532797566545767, "batch_size": 104.22783157819704, "dropout_rate": 0.2675943502908438, "epochs": 73.95083501859506, "hidden_channels": 41.420210354149944, "learning_rate": 0.048752699349892646, "optimizer": 0.5614010957671445, "pooling_algorithm": 0.8712208655996805}, "datetime": {"datetime": "2023-11-28 08:54:10", "elapsed": 496.395604, "delta": 1.559779}}
{"target": 0.8964285714285715, "params": {"activation_function": 1.8339942343489477, "amount_of_layers": 8.500519689575459, "batch_size": 82.86817368099615, "dropout_rate": 0.3607968303100875, "epochs": 106.86605584409254, "hidden_channels": 58.89618155607841, "learning_rate": 0.03682810045962562, "optimizer": 0.30279766919133233, "pooling_algorithm": 0.5576947707063442}, "datetime": {"datetime": "2023-11-28 08:54:13", "elapsed": 499.761504, "delta": 3.3659}}
{"target": 0.4357142857142857, "params": {"activation_function": 1.0741030161196528, "amount_of_layers": 1.5258964022368104, "batch_size": 98.27916696776335, "dropout_rate": 0.2962875766024887, "epochs": 22.89256083301187, "hidden_channels": 94.66547287871403, "learning_rate": 0.018884362479062174, "optimizer": 0.20242666815030996, "pooling_algorithm": 0.09618838448013878}, "datetime": {"datetime": "2023-11-28 08:54:14", "elapsed": 500.342794, "delta": 0.58129}}
