{"target": 0.7375, "params": {"activation_function": 1.3226578848999293, "amount_of_layers": 3.6215576024052387, "batch_size": 42.183355532085706, "dropout_rate": 0.6814911566944506, "epochs": 158.6051295055974, "hidden_channels": 24.377665984996415, "learning_rate": 0.05253996202388224, "optimizer": 1.9279112302667691, "pooling_algorithm": 0.05255594905798844}, "datetime": {"datetime": "2023-11-28 04:16:14", "elapsed": 0.0, "delta": 0.0}}
{"target": 0.5, "params": {"activation_function": 1.8605271396595358, "amount_of_layers": 3.9865564583312656, "batch_size": 33.10685577492151, "dropout_rate": 0.4380579076305415, "epochs": 43.07134201932161, "hidden_channels": 9.070436807704507, "learning_rate": 0.062408633285618145, "optimizer": 1.9945040216558458, "pooling_algorithm": 0.7280976358043252}, "datetime": {"datetime": "2023-11-28 04:16:15", "elapsed": 1.83214, "delta": 1.83214}}
{"target": 0.5, "params": {"activation_function": 0.0821789825885042, "amount_of_layers": 7.149240188012567, "batch_size": 51.690537146517485, "dropout_rate": 0.33056818354988815, "epochs": 70.5489949012764, "hidden_channels": 118.3868317883397, "learning_rate": 0.0586436056133798, "optimizer": 1.1859709547422705, "pooling_algorithm": 0.04368407129002039}, "datetime": {"datetime": "2023-11-28 04:16:18", "elapsed": 4.513504, "delta": 2.681364}}
{"target": 0.21785714285714286, "params": {"activation_function": 1.6709177491691283, "amount_of_layers": 6.116877934111695, "batch_size": 147.77329749224936, "dropout_rate": 0.7182649521160247, "epochs": 34.3928448467926, "hidden_channels": 69.61265840944556, "learning_rate": 0.09344063935557947, "optimizer": 0.08915325067597624, "pooling_algorithm": 0.3731779007786745}, "datetime": {"datetime": "2023-11-28 04:16:19", "elapsed": 5.342521, "delta": 0.829017}}
{"target": 0.35, "params": {"activation_function": 1.8689411925463035, "amount_of_layers": 5.567194790826477, "batch_size": 134.96831626238753, "dropout_rate": 0.6566265265285369, "epochs": 165.0532391449461, "hidden_channels": 78.60866564416631, "learning_rate": 0.036080390097428, "optimizer": 0.8208817658530929, "pooling_algorithm": 0.5843689379483741}, "datetime": {"datetime": "2023-11-28 04:16:23", "elapsed": 9.246353, "delta": 3.903832}}
{"target": 0.5, "params": {"activation_function": 0.09850808044511816, "amount_of_layers": 1.6123898133547971, "batch_size": 114.71961640268044, "dropout_rate": 0.4065767239656153, "epochs": 144.0578549182238, "hidden_channels": 81.81891622512231, "learning_rate": 0.04966478651394067, "optimizer": 1.4294918575532591, "pooling_algorithm": 0.8746459214752426}, "datetime": {"datetime": "2023-11-28 04:16:25", "elapsed": 11.59655, "delta": 2.350197}}
{"target": 0.5, "params": {"activation_function": 1.0931283609765912, "amount_of_layers": 7.7978229498033675, "batch_size": 75.3501605277574, "dropout_rate": 0.40215149823371393, "epochs": 193.92576757704055, "hidden_channels": 66.14229896098735, "learning_rate": 0.08551527164239467, "optimizer": 1.1301484736106704, "pooling_algorithm": 0.8704808002994544}, "datetime": {"datetime": "2023-11-28 04:16:31", "elapsed": 17.034765, "delta": 5.438215}}
{"target": 0.7410714285714286, "params": {"activation_function": 1.935768664492431, "amount_of_layers": 7.737504496820468, "batch_size": 41.412790809771735, "dropout_rate": 0.5458930169353842, "epochs": 182.91811657809868, "hidden_channels": 67.27759255935489, "learning_rate": 0.08928275305521781, "optimizer": 1.1843823306930563, "pooling_algorithm": 0.2847499515045969}, "datetime": {"datetime": "2023-11-28 04:16:40", "elapsed": 26.052973, "delta": 9.018208}}
{"target": 0.5, "params": {"activation_function": 1.0421590713836604, "amount_of_layers": 2.6722955395416834, "batch_size": 97.52901093677323, "dropout_rate": 0.32483429342400477, "epochs": 197.1192007635994, "hidden_channels": 101.49760547967423, "learning_rate": 0.0789943120243063, "optimizer": 1.519852344793066, "pooling_algorithm": 0.6573783530982981}, "datetime": {"datetime": "2023-11-28 04:16:43", "elapsed": 29.573462, "delta": 3.520489}}
{"target": 0.7357142857142858, "params": {"activation_function": 1.6871635905991016, "amount_of_layers": 7.403560420178705, "batch_size": 80.07681120552513, "dropout_rate": 0.4491996016543226, "epochs": 16.53283128750447, "hidden_channels": 14.46068776634756, "learning_rate": 0.08416678922519064, "optimizer": 0.6423501130851206, "pooling_algorithm": 0.4487814736695861}, "datetime": {"datetime": "2023-11-28 04:16:44", "elapsed": 30.064752, "delta": 0.49129}}
{"target": 0.5, "params": {"activation_function": 0.4665102128604106, "amount_of_layers": 5.907786695603232, "batch_size": 101.50009833041646, "dropout_rate": 0.5337298726602364, "epochs": 66.52557836508446, "hidden_channels": 116.22466421476781, "learning_rate": 0.031102259579961503, "optimizer": 1.463484794741411, "pooling_algorithm": 0.8193003402267658}, "datetime": {"datetime": "2023-11-28 04:16:45", "elapsed": 31.740465, "delta": 1.675713}}
{"target": 0.45, "params": {"activation_function": 1.8547773611315448, "amount_of_layers": 7.098030453019162, "batch_size": 55.42128473904214, "dropout_rate": 0.26384900672636485, "epochs": 196.15730999718033, "hidden_channels": 43.06047244299688, "learning_rate": 0.02229433028604029, "optimizer": 0.8906496027685358, "pooling_algorithm": 0.8137315184300946}, "datetime": {"datetime": "2023-11-28 04:16:52", "elapsed": 38.688728, "delta": 6.948263}}
{"target": 0.5, "params": {"activation_function": 0.004643313753767808, "amount_of_layers": 1.2029155659789872, "batch_size": 49.85192386996741, "dropout_rate": 0.4642369522935237, "epochs": 195.02871612037896, "hidden_channels": 103.09118001015948, "learning_rate": 0.06228577352545478, "optimizer": 1.7892434625819744, "pooling_algorithm": 0.031205116622071594}, "datetime": {"datetime": "2023-11-28 04:16:56", "elapsed": 42.221374, "delta": 3.532646}}
{"target": 0.8821428571428572, "params": {"activation_function": 0.4935434386237998, "amount_of_layers": 4.425762565134216, "batch_size": 26.58680589387727, "dropout_rate": 0.2593968690501528, "epochs": 17.12778812859204, "hidden_channels": 9.24287094444304, "learning_rate": 0.0400348679596353, "optimizer": 1.4441540686243945, "pooling_algorithm": 0.98568362824925}, "datetime": {"datetime": "2023-11-28 04:16:57", "elapsed": 43.110336, "delta": 0.888962}}
{"target": 0.9017857142857143, "params": {"activation_function": 0.8967972149736427, "amount_of_layers": 7.904643411280547, "batch_size": 133.54685918708026, "dropout_rate": 0.4451661015923151, "epochs": 128.1587252770949, "hidden_channels": 23.523274636080785, "learning_rate": 0.061914344933219026, "optimizer": 0.28057405247798206, "pooling_algorithm": 0.6942001042854512}, "datetime": {"datetime": "2023-11-28 04:17:00", "elapsed": 46.518139, "delta": 3.407803}}
{"target": 0.0, "params": {"activation_function": 1.7468134598966802, "amount_of_layers": 4.586402782080072, "batch_size": 135.4000488060825, "dropout_rate": 0.29565948739601566, "epochs": 142.63694677979333, "hidden_channels": 32.974804121240176, "learning_rate": 0.09945261993687718, "optimizer": 0.3327076647974967, "pooling_algorithm": 0.8042725072903623}, "datetime": {"datetime": "2023-11-28 04:17:03", "elapsed": 49.53729, "delta": 3.019151}}
{"target": 0.8678571428571429, "params": {"activation_function": 0.24650409569498777, "amount_of_layers": 2.064217275262374, "batch_size": 107.0555480429632, "dropout_rate": 0.28165216370009305, "epochs": 55.235028340511235, "hidden_channels": 89.19824418578332, "learning_rate": 0.012130535865734728, "optimizer": 0.5506382114093111, "pooling_algorithm": 0.6396053492219368}, "datetime": {"datetime": "2023-11-28 04:17:04", "elapsed": 50.47836, "delta": 0.94107}}
{"target": 0.6714285714285715, "params": {"activation_function": 1.8515123989020283, "amount_of_layers": 3.123030109046831, "batch_size": 128.35361761871937, "dropout_rate": 0.7314689366986294, "epochs": 160.9724437139725, "hidden_channels": 72.63028452823671, "learning_rate": 0.06746099646017074, "optimizer": 0.38632661251377054, "pooling_algorithm": 0.08421237467099396}, "datetime": {"datetime": "2023-11-28 04:17:07", "elapsed": 53.309742, "delta": 2.831382}}
{"target": 0.6857142857142857, "params": {"activation_function": 1.0096133160524865, "amount_of_layers": 5.498422433938083, "batch_size": 20.67669800823341, "dropout_rate": 0.30199686193541275, "epochs": 174.19233135554467, "hidden_channels": 76.40960646716792, "learning_rate": 0.04381002047815236, "optimizer": 1.560506432730017, "pooling_algorithm": 0.31805469327108016}, "datetime": {"datetime": "2023-11-28 04:17:19", "elapsed": 65.083767, "delta": 11.774025}}
{"target": 0.8321428571428572, "params": {"activation_function": 0.27175310182473167, "amount_of_layers": 1.1681073543420695, "batch_size": 27.7326412115929, "dropout_rate": 0.4810688998166512, "epochs": 65.88441389396584, "hidden_channels": 74.22929317833963, "learning_rate": 0.026895515859166868, "optimizer": 0.5893241144564325, "pooling_algorithm": 0.7587771877579762}, "datetime": {"datetime": "2023-11-28 04:17:21", "elapsed": 67.18705, "delta": 2.103283}}
{"target": 0.0, "params": {"activation_function": 1.5527171279916674, "amount_of_layers": 3.085065930952873, "batch_size": 71.99573139330595, "dropout_rate": 0.7398103139892718, "epochs": 22.489634292925736, "hidden_channels": 55.31836958164068, "learning_rate": 0.09060410620097592, "optimizer": 1.393864283496623, "pooling_algorithm": 0.05343561223725157}, "datetime": {"datetime": "2023-11-28 04:17:21", "elapsed": 67.835887, "delta": 0.648837}}
{"target": 0.5, "params": {"activation_function": 0.45647011918862823, "amount_of_layers": 4.344512567239014, "batch_size": 146.79756586208245, "dropout_rate": 0.2599309586559318, "epochs": 67.35459255159026, "hidden_channels": 25.46505174830347, "learning_rate": 0.07632869084913009, "optimizer": 1.31266022775116, "pooling_algorithm": 0.4725914283433682}, "datetime": {"datetime": "2023-11-28 04:17:23", "elapsed": 69.251865, "delta": 1.415978}}
{"target": 0.9035714285714286, "params": {"activation_function": 0.6767110431038019, "amount_of_layers": 1.6048797986931413, "batch_size": 81.17456338220416, "dropout_rate": 0.3762555685626574, "epochs": 37.788226367472745, "hidden_channels": 35.08383349929964, "learning_rate": 0.09044332040914407, "optimizer": 0.23008131276718946, "pooling_algorithm": 0.9316470419573858}, "datetime": {"datetime": "2023-11-28 04:17:23", "elapsed": 69.937736, "delta": 0.685871}}
{"target": 0.32499999999999996, "params": {"activation_function": 0.9679729943185986, "amount_of_layers": 3.439325884891785, "batch_size": 136.73117824958334, "dropout_rate": 0.6986468903745577, "epochs": 174.59593672122764, "hidden_channels": 78.49262986386307, "learning_rate": 0.016837172108209123, "optimizer": 0.6880117445492346, "pooling_algorithm": 0.9032837702745529}, "datetime": {"datetime": "2023-11-28 04:17:27", "elapsed": 73.115457, "delta": 3.177721}}
{"target": 0.9178571428571429, "params": {"activation_function": 1.5597032467694922, "amount_of_layers": 3.5311816602158093, "batch_size": 42.67371485744575, "dropout_rate": 0.6561199908271609, "epochs": 159.3794721800178, "hidden_channels": 24.373544621115542, "learning_rate": 0.05362039555003054, "optimizer": 0.11464464712753086, "pooling_algorithm": 0.5361501527068944}, "datetime": {"datetime": "2023-11-28 04:17:32", "elapsed": 78.347774, "delta": 5.232317}}
{"target": 0.8928571428571429, "params": {"activation_function": 2.0, "amount_of_layers": 3.1585526432455526, "batch_size": 44.70019023410454, "dropout_rate": 0.5515411180252515, "epochs": 162.56931728410515, "hidden_channels": 24.354934471759883, "learning_rate": 0.05808586474202871, "optimizer": 0.0, "pooling_algorithm": 1.0}, "datetime": {"datetime": "2023-11-28 04:17:37", "elapsed": 83.055729, "delta": 4.707955}}
{"target": 0.9, "params": {"activation_function": 1.0208975518965768, "amount_of_layers": 3.095164447536776, "batch_size": 47.788523885397794, "dropout_rate": 0.5629667423909206, "epochs": 157.66162539096038, "hidden_channels": 28.446211723046922, "learning_rate": 0.004027635558580111, "optimizer": 0.10135566033953469, "pooling_algorithm": 0.908063485187443}, "datetime": {"datetime": "2023-11-28 04:17:41", "elapsed": 87.688261, "delta": 4.632532}}
{"target": 0.9035714285714286, "params": {"activation_function": 0.8226615522456291, "amount_of_layers": 2.715218858655789, "batch_size": 81.6989609215715, "dropout_rate": 0.3635276633901079, "epochs": 34.569128025689515, "hidden_channels": 29.060235866134445, "learning_rate": 0.09042709501466366, "optimizer": 0.22540949769628157, "pooling_algorithm": 0.8753520557798768}, "datetime": {"datetime": "2023-11-28 04:17:42", "elapsed": 88.533018, "delta": 0.844757}}
{"target": 0.8214285714285715, "params": {"activation_function": 1.9330092117187168, "amount_of_layers": 6.549454213501222, "batch_size": 79.24472121164999, "dropout_rate": 0.7219058989424846, "epochs": 40.78304791201421, "hidden_channels": 30.852915792087785, "learning_rate": 0.04413686029282718, "optimizer": 0.02372223098084958, "pooling_algorithm": 0.394451929541903}, "datetime": {"datetime": "2023-11-28 04:17:43", "elapsed": 89.766743, "delta": 1.233725}}
{"target": 0.8357142857142857, "params": {"activation_function": 0.31614360849441203, "amount_of_layers": 8.28133123044799, "batch_size": 82.43927176906905, "dropout_rate": 0.4887972912600001, "epochs": 32.62009356808994, "hidden_channels": 36.23380416964593, "learning_rate": 0.017661885208913607, "optimizer": 1.331527252070781, "pooling_algorithm": 0.2749123780454612}, "datetime": {"datetime": "2023-11-28 04:17:44", "elapsed": 90.89127, "delta": 1.124527}}
{"target": 0.9071428571428573, "params": {"activation_function": 1.4936848588831133, "amount_of_layers": 1.5716580871639207, "batch_size": 89.92662997474187, "dropout_rate": 0.39675190756502565, "epochs": 37.07164016366795, "hidden_channels": 32.94222404844122, "learning_rate": 0.001563278793349013, "optimizer": 0.00023182848665226352, "pooling_algorithm": 0.6888075255308916}, "datetime": {"datetime": "2023-11-28 04:17:45", "elapsed": 91.692295, "delta": 0.801025}}
{"target": 0.7375, "params": {"activation_function": 1.939537497626335, "amount_of_layers": 7.009721982362386, "batch_size": 89.55957448592245, "dropout_rate": 0.7002698809827387, "epochs": 31.930867830490605, "hidden_channels": 26.034072615532747, "learning_rate": 0.09345008781619944, "optimizer": 0.5425854959547174, "pooling_algorithm": 0.3886244134625778}, "datetime": {"datetime": "2023-11-28 04:17:46", "elapsed": 92.843759, "delta": 1.151464}}
{"target": 0.26785714285714285, "params": {"activation_function": 1.2437316536898018, "amount_of_layers": 8.294182640457132, "batch_size": 137.453700532955, "dropout_rate": 0.6135840259313969, "epochs": 121.41419777495199, "hidden_channels": 20.609035631374432, "learning_rate": 0.07250011485145735, "optimizer": 0.22884597671792184, "pooling_algorithm": 0.008132111114640184}, "datetime": {"datetime": "2023-11-28 04:17:50", "elapsed": 96.237116, "delta": 3.393357}}
{"target": 0.9035714285714286, "params": {"activation_function": 1.2034928239349711, "amount_of_layers": 3.04541093779694, "batch_size": 85.47512020050189, "dropout_rate": 0.41453055292605495, "epochs": 45.42831508078631, "hidden_channels": 33.83368512509291, "learning_rate": 0.050976212114195216, "optimizer": 0.06615365641618065, "pooling_algorithm": 0.976576851954161}, "datetime": {"datetime": "2023-11-28 04:17:51", "elapsed": 97.341318, "delta": 1.104202}}
{"target": 0.2642857142857143, "params": {"activation_function": 0.6448146806027908, "amount_of_layers": 4.871003424188129, "batch_size": 89.61978520036358, "dropout_rate": 0.4314236767722779, "epochs": 43.92753186501175, "hidden_channels": 24.279596201994856, "learning_rate": 0.09644528602634894, "optimizer": 0.2803873367270304, "pooling_algorithm": 0.029975969506601308}, "datetime": {"datetime": "2023-11-28 04:17:52", "elapsed": 98.583648, "delta": 1.24233}}
{"target": 0.8857142857142858, "params": {"activation_function": 2.0, "amount_of_layers": 6.017774117493774, "batch_size": 86.57740367127644, "dropout_rate": 0.75, "epochs": 39.72214208154006, "hidden_channels": 37.46550480552478, "learning_rate": 0.001, "optimizer": 0.0, "pooling_algorithm": 1.0}, "datetime": {"datetime": "2023-11-28 04:17:53", "elapsed": 99.863336, "delta": 1.279688}}
{"target": 0.4017857142857143, "params": {"activation_function": 2.0, "amount_of_layers": 1.0, "batch_size": 86.1037723563941, "dropout_rate": 0.75, "epochs": 30.51270062818404, "hidden_channels": 34.4749768403747, "learning_rate": 0.001, "optimizer": 0.0, "pooling_algorithm": 1.0}, "datetime": {"datetime": "2023-11-28 04:17:54", "elapsed": 100.554917, "delta": 0.691581}}
{"target": 0.9071428571428573, "params": {"activation_function": 1.7384109713011469, "amount_of_layers": 5.863446244945899, "batch_size": 85.07389869426606, "dropout_rate": 0.5499955345210615, "epochs": 39.9727002872835, "hidden_channels": 33.21699694083426, "learning_rate": 0.05282253563360193, "optimizer": 0.6292334934047172, "pooling_algorithm": 0.5045799538872136}, "datetime": {"datetime": "2023-11-28 04:17:55", "elapsed": 101.697299, "delta": 1.142382}}
{"target": 0.5, "params": {"activation_function": 0.671441615964439, "amount_of_layers": 6.573597110769711, "batch_size": 93.5033301450047, "dropout_rate": 0.4932203966915696, "epochs": 39.30178294195404, "hidden_channels": 36.520358359362945, "learning_rate": 0.054668686968766714, "optimizer": 1.1893074138466702, "pooling_algorithm": 0.9051263975582217}, "datetime": {"datetime": "2023-11-28 04:17:57", "elapsed": 102.972221, "delta": 1.274922}}
{"target": 0.2589285714285714, "params": {"activation_function": 0.9597263330677233, "amount_of_layers": 6.220472396190206, "batch_size": 77.04395442444289, "dropout_rate": 0.6186096216727489, "epochs": 38.01765823854863, "hidden_channels": 35.19601582832817, "learning_rate": 0.04289814444543971, "optimizer": 1.9371609549140112, "pooling_algorithm": 0.20713017758392105}, "datetime": {"datetime": "2023-11-28 04:17:58", "elapsed": 104.050044, "delta": 1.077823}}
{"target": 0.0, "params": {"activation_function": 0.9979316635805995, "amount_of_layers": 1.3978969094005098, "batch_size": 85.98607092872753, "dropout_rate": 0.7263390930482354, "epochs": 40.40491905999444, "hidden_channels": 37.20874204751211, "learning_rate": 0.08061314361371992, "optimizer": 1.7878207303365536, "pooling_algorithm": 0.6075891722960985}, "datetime": {"datetime": "2023-11-28 04:17:58", "elapsed": 104.73438, "delta": 0.684336}}
{"target": 0.26249999999999996, "params": {"activation_function": 0.9680592488835646, "amount_of_layers": 4.685227174983813, "batch_size": 41.73143011797381, "dropout_rate": 0.561778730061273, "epochs": 161.58000162039343, "hidden_channels": 25.349782170212006, "learning_rate": 0.06272414462753266, "optimizer": 1.6061916798570173, "pooling_algorithm": 0.36784407137973507}, "datetime": {"datetime": "2023-11-28 04:18:04", "elapsed": 110.876015, "delta": 6.141635}}
{"target": 0.26071428571428573, "params": {"activation_function": 0.7774765231653766, "amount_of_layers": 5.232777314322836, "batch_size": 24.93296171753441, "dropout_rate": 0.5565817866817149, "epochs": 16.15433227842643, "hidden_channels": 9.635277190664596, "learning_rate": 0.00987813686697258, "optimizer": 1.64171966565297, "pooling_algorithm": 0.025335789748760162}, "datetime": {"datetime": "2023-11-28 04:18:05", "elapsed": 111.857599, "delta": 0.981584}}
{"target": 0.9053571428571429, "params": {"activation_function": 0.27922680311912895, "amount_of_layers": 4.719272106346588, "batch_size": 28.319487865629693, "dropout_rate": 0.31107423748635293, "epochs": 16.60478376135191, "hidden_channels": 9.979567918855285, "learning_rate": 0.07845571305679182, "optimizer": 0.9816865174198648, "pooling_algorithm": 0.6698086785144187}, "datetime": {"datetime": "2023-11-28 04:18:06", "elapsed": 112.912338, "delta": 1.054739}}
{"target": 0.5, "params": {"activation_function": 0.5340925927738807, "amount_of_layers": 1.1938121274197346, "batch_size": 27.234743858002183, "dropout_rate": 0.626816573890689, "epochs": 64.63879417288454, "hidden_channels": 74.93447770470053, "learning_rate": 0.049643079342810294, "optimizer": 1.9926861477533666, "pooling_algorithm": 0.7247439195525645}, "datetime": {"datetime": "2023-11-28 04:18:09", "elapsed": 114.99567, "delta": 2.083332}}
{"target": 0.26785714285714285, "params": {"activation_function": 0.6273655604558188, "amount_of_layers": 2.630553003798446, "batch_size": 83.39648026122741, "dropout_rate": 0.7271901501831362, "epochs": 37.40852358041326, "hidden_channels": 35.430162770961545, "learning_rate": 0.08454364445854522, "optimizer": 0.3610736811919113, "pooling_algorithm": 0.3680580615066057}, "datetime": {"datetime": "2023-11-28 04:18:09", "elapsed": 115.759804, "delta": 0.764134}}
{"target": 0.5, "params": {"activation_function": 1.37845427459977, "amount_of_layers": 5.291066821089365, "batch_size": 82.43030889655272, "dropout_rate": 0.5143589777502291, "epochs": 40.03185131329142, "hidden_channels": 34.11462468093515, "learning_rate": 0.07149623259343042, "optimizer": 0.8680201612834242, "pooling_algorithm": 0.5538948744255268}, "datetime": {"datetime": "2023-11-28 04:18:10", "elapsed": 116.757376, "delta": 0.997572}}
{"target": 0.5, "params": {"activation_function": 1.2514275124349516, "amount_of_layers": 3.676500858395462, "batch_size": 26.518096932374377, "dropout_rate": 0.5849443273533232, "epochs": 18.239409814770568, "hidden_channels": 10.387864974937763, "learning_rate": 0.05323204944517744, "optimizer": 1.0167879602044454, "pooling_algorithm": 0.9341427039676189}, "datetime": {"datetime": "2023-11-28 04:18:11", "elapsed": 117.707894, "delta": 0.950518}}
