{"target": 0.7375, "params": {"activation_function": 0.9819247750475306, "amount_of_layers": 7.025958726408312, "batch_size": 141.18592781457568, "dropout_rate": 0.729480618658787, "epochs": 40.052863631182134, "hidden_channels": 25.415776195915274, "learning_rate": 0.029876384421647112, "optimizer": 0.5005243759495861, "pooling_algorithm": 0.20566207105390033}, "datetime": {"datetime": "2023-11-28 04:45:17", "elapsed": 0.0, "delta": 0.0}}
{"target": 0.8678571428571429, "params": {"activation_function": 0.22921156927903752, "amount_of_layers": 1.6274195524714585, "batch_size": 71.0986417218644, "dropout_rate": 0.5251414324745803, "epochs": 44.59219387754617, "hidden_channels": 5.2698726099926665, "learning_rate": 0.017760198739759134, "optimizer": 0.29371266540157115, "pooling_algorithm": 0.9438515379119188}, "datetime": {"datetime": "2023-11-28 04:45:18", "elapsed": 1.009761, "delta": 1.009761}}
{"target": 0.0, "params": {"activation_function": 1.1668457494525133, "amount_of_layers": 4.343469172617158, "batch_size": 146.1872432489863, "dropout_rate": 0.4177149068888501, "epochs": 106.90604187662424, "hidden_channels": 58.76014924773864, "learning_rate": 0.05265042617464867, "optimizer": 1.6670525638138105, "pooling_algorithm": 0.42158392663838207}, "datetime": {"datetime": "2023-11-28 04:45:20", "elapsed": 3.108039, "delta": 2.098278}}
{"target": 0.48214285714285715, "params": {"activation_function": 0.17863288750528006, "amount_of_layers": 5.703937229217742, "batch_size": 37.15548511239872, "dropout_rate": 0.40237263124660855, "epochs": 117.86505829728898, "hidden_channels": 92.05471488140857, "learning_rate": 0.087201933507819, "optimizer": 1.8603857332590494, "pooling_algorithm": 0.19070770000574433}, "datetime": {"datetime": "2023-11-28 04:45:26", "elapsed": 9.095138, "delta": 5.987099}}
{"target": 0.7892857142857143, "params": {"activation_function": 1.87758029749908, "amount_of_layers": 5.568828956586358, "batch_size": 147.6692363750728, "dropout_rate": 0.3766850634339718, "epochs": 88.3504851480993, "hidden_channels": 91.21776681647334, "learning_rate": 0.0744576497280134, "optimizer": 0.35099789676359094, "pooling_algorithm": 0.46337195835879164}, "datetime": {"datetime": "2023-11-28 04:45:28", "elapsed": 11.171477, "delta": 2.076339}}
{"target": 0.5, "params": {"activation_function": 1.704090142908097, "amount_of_layers": 1.5161168017345572, "batch_size": 61.99990742669514, "dropout_rate": 0.7458776744808314, "epochs": 179.64876204162326, "hidden_channels": 74.46559008305032, "learning_rate": 0.04701239927943604, "optimizer": 0.8398357085568486, "pooling_algorithm": 0.8571072469285892}, "datetime": {"datetime": "2023-11-28 04:45:32", "elapsed": 15.03951, "delta": 3.868033}}
{"target": 0.8732142857142857, "params": {"activation_function": 1.9445820576208661, "amount_of_layers": 4.252331771530116, "batch_size": 29.822918207072398, "dropout_rate": 0.616289345310272, "epochs": 44.61748845327182, "hidden_channels": 15.198870779305526, "learning_rate": 0.041244828056522756, "optimizer": 0.7442141084841032, "pooling_algorithm": 0.9677479216548254}, "datetime": {"datetime": "2023-11-28 04:45:34", "elapsed": 16.958865, "delta": 1.919355}}
{"target": 0.0, "params": {"activation_function": 0.576889014163068, "amount_of_layers": 7.234363165937332, "batch_size": 49.74401515147269, "dropout_rate": 0.2854746854642473, "epochs": 88.73468757727365, "hidden_channels": 18.845101952223473, "learning_rate": 0.07984833074941232, "optimizer": 1.7594113503491982, "pooling_algorithm": 0.8134678691637919}, "datetime": {"datetime": "2023-11-28 04:45:37", "elapsed": 20.078394, "delta": 3.119529}}
{"target": 0.5, "params": {"activation_function": 1.044194807261312, "amount_of_layers": 2.586285728831103, "batch_size": 19.065662937012732, "dropout_rate": 0.313966355696671, "epochs": 49.51042455747812, "hidden_channels": 52.43821407426505, "learning_rate": 0.08642490231395253, "optimizer": 1.3436871253458467, "pooling_algorithm": 0.8000422664198125}, "datetime": {"datetime": "2023-11-28 04:45:40", "elapsed": 22.847941, "delta": 2.769547}}
{"target": 0.5, "params": {"activation_function": 1.1955547611524344, "amount_of_layers": 8.32521539929511, "batch_size": 126.63355558809376, "dropout_rate": 0.6556694732681134, "epochs": 162.4924683607662, "hidden_channels": 120.99374842209896, "learning_rate": 0.05025483437806619, "optimizer": 1.9386025557358906, "pooling_algorithm": 0.7270823720329019}, "datetime": {"datetime": "2023-11-28 04:45:44", "elapsed": 27.268708, "delta": 4.420767}}
{"target": 0.0, "params": {"activation_function": 1.3424171183038367, "amount_of_layers": 6.375646974753016, "batch_size": 103.58889452078719, "dropout_rate": 0.5467013852452686, "epochs": 179.3364656010228, "hidden_channels": 110.76138226387269, "learning_rate": 0.06659956528917468, "optimizer": 0.021717569007940307, "pooling_algorithm": 0.6876791576021222}, "datetime": {"datetime": "2023-11-28 04:45:48", "elapsed": 31.44248, "delta": 4.173772}}
{"target": 0.5, "params": {"activation_function": 1.84552870225079, "amount_of_layers": 6.272587322472529, "batch_size": 145.1540717668481, "dropout_rate": 0.6920119928743611, "epochs": 161.27682686979202, "hidden_channels": 54.70012116033067, "learning_rate": 0.05775453029187563, "optimizer": 1.2301841758068353, "pooling_algorithm": 0.8129768512014965}, "datetime": {"datetime": "2023-11-28 04:45:52", "elapsed": 35.318631, "delta": 3.876151}}
{"target": 0.2607142857142857, "params": {"activation_function": 1.2546929432017013, "amount_of_layers": 8.237851205123976, "batch_size": 95.4912068798223, "dropout_rate": 0.6653483948503635, "epochs": 75.66936217488991, "hidden_channels": 83.25226659065132, "learning_rate": 0.004050621332485175, "optimizer": 1.5381577565146485, "pooling_algorithm": 0.2731953981172789}, "datetime": {"datetime": "2023-11-28 04:45:55", "elapsed": 37.479058, "delta": 2.160427}}
{"target": 0.0875, "params": {"activation_function": 1.6230765088061938, "amount_of_layers": 4.303342310782565, "batch_size": 32.359502242196164, "dropout_rate": 0.2561357975186727, "epochs": 26.213553715020222, "hidden_channels": 20.87125746511869, "learning_rate": 0.025602002007635884, "optimizer": 1.216335231335804, "pooling_algorithm": 0.7650123665898053}, "datetime": {"datetime": "2023-11-28 04:45:56", "elapsed": 38.615398, "delta": 1.13634}}
{"target": 0.5, "params": {"activation_function": 1.0395492696660449, "amount_of_layers": 5.952942665703614, "batch_size": 68.02790134241563, "dropout_rate": 0.30730862087241223, "epochs": 138.08451486812027, "hidden_channels": 26.66836894806692, "learning_rate": 0.08245249776015288, "optimizer": 1.9096709984663365, "pooling_algorithm": 0.8876268551399701}, "datetime": {"datetime": "2023-11-28 04:46:00", "elapsed": 43.062586, "delta": 4.447188}}
{"target": 0.5, "params": {"activation_function": 0.674018013978271, "amount_of_layers": 7.992558885432423, "batch_size": 68.61467919553745, "dropout_rate": 0.7392134822617533, "epochs": 110.08411929807087, "hidden_channels": 31.195824638047092, "learning_rate": 0.09319791033744361, "optimizer": 1.111613963124323, "pooling_algorithm": 0.9879761054489022}, "datetime": {"datetime": "2023-11-28 04:46:04", "elapsed": 47.327041, "delta": 4.264455}}
{"target": 0.5, "params": {"activation_function": 1.7277540700829859, "amount_of_layers": 3.874918442295634, "batch_size": 76.51605560253805, "dropout_rate": 0.32644876719290244, "epochs": 174.63320891404425, "hidden_channels": 89.97593901649468, "learning_rate": 0.07560308298038447, "optimizer": 1.9635265198529646, "pooling_algorithm": 0.9814139021069338}, "datetime": {"datetime": "2023-11-28 04:46:08", "elapsed": 50.83045, "delta": 3.503409}}
{"target": 0.5, "params": {"activation_function": 0.25377060061599965, "amount_of_layers": 5.454738188168415, "batch_size": 117.37873227851728, "dropout_rate": 0.31316256955013777, "epochs": 113.9149845791344, "hidden_channels": 76.13043902031328, "learning_rate": 0.09068604227869898, "optimizer": 1.445333956670383, "pooling_algorithm": 0.07597613194767483}, "datetime": {"datetime": "2023-11-28 04:46:10", "elapsed": 53.430783, "delta": 2.600333}}
{"target": 0.5, "params": {"activation_function": 0.8791460407067495, "amount_of_layers": 5.92672091389186, "batch_size": 74.35814223450998, "dropout_rate": 0.7204864724000651, "epochs": 31.497134785501817, "hidden_channels": 87.29806740074677, "learning_rate": 0.08925185679834659, "optimizer": 1.4916062911821968, "pooling_algorithm": 0.5367887647188234}, "datetime": {"datetime": "2023-11-28 04:46:12", "elapsed": 54.509222, "delta": 1.078439}}
{"target": 0.26071428571428573, "params": {"activation_function": 1.0050147602182606, "amount_of_layers": 4.653274892950252, "batch_size": 144.44269512410568, "dropout_rate": 0.7133832105573688, "epochs": 143.2771525178537, "hidden_channels": 60.384950667941716, "learning_rate": 0.06537753319037136, "optimizer": 0.09757515946341089, "pooling_algorithm": 0.09550657750654146}, "datetime": {"datetime": "2023-11-28 04:46:15", "elapsed": 57.548101, "delta": 3.038879}}
{"target": 0.2642857142857143, "params": {"activation_function": 1.7280632357855048, "amount_of_layers": 6.57743028882503, "batch_size": 148.70866606008553, "dropout_rate": 0.2847470194502699, "epochs": 85.27083306179806, "hidden_channels": 91.36533666992894, "learning_rate": 0.01898661240878373, "optimizer": 1.9821957729336737, "pooling_algorithm": 0.06276582763854033}, "datetime": {"datetime": "2023-11-28 04:46:17", "elapsed": 59.715079, "delta": 2.166978}}
{"target": 0.5, "params": {"activation_function": 1.3880279572222654, "amount_of_layers": 1.7702197668397979, "batch_size": 98.23469411547865, "dropout_rate": 0.45776199417685187, "epochs": 12.309622372322533, "hidden_channels": 76.46361766851781, "learning_rate": 0.0512922248739535, "optimizer": 1.2151074977011909, "pooling_algorithm": 0.7250651427627651}, "datetime": {"datetime": "2023-11-28 04:46:17", "elapsed": 60.003597, "delta": 0.288518}}
{"target": 0.2678571428571429, "params": {"activation_function": 1.6079519287299473, "amount_of_layers": 5.1167107882542595, "batch_size": 108.88338084077459, "dropout_rate": 0.37656467162248325, "epochs": 76.95075201995206, "hidden_channels": 100.90750066061966, "learning_rate": 0.02765159131584967, "optimizer": 1.943826213211035, "pooling_algorithm": 0.3215900300865918}, "datetime": {"datetime": "2023-11-28 04:46:19", "elapsed": 61.846989, "delta": 1.843392}}
{"target": 0.825, "params": {"activation_function": 0.3907164545585742, "amount_of_layers": 5.717908656186308, "batch_size": 44.27609097531263, "dropout_rate": 0.342558400925826, "epochs": 147.73047155834018, "hidden_channels": 55.45797852476428, "learning_rate": 0.00979680198600056, "optimizer": 0.5481086923709506, "pooling_algorithm": 0.14878882613336142}, "datetime": {"datetime": "2023-11-28 04:46:25", "elapsed": 68.151, "delta": 6.304011}}
{"target": 0.9071428571428573, "params": {"activation_function": 0.2113929817109088, "amount_of_layers": 3.7507564944801297, "batch_size": 82.54936238572341, "dropout_rate": 0.728880742219608, "epochs": 75.40225076238488, "hidden_channels": 84.39492364382787, "learning_rate": 0.08859634982566766, "optimizer": 0.18522865183886572, "pooling_algorithm": 0.9255240919514576}, "datetime": {"datetime": "2023-11-28 04:46:27", "elapsed": 69.730815, "delta": 1.579815}}
{"target": 0.35, "params": {"activation_function": 1.4755908163939522, "amount_of_layers": 8.742561370763939, "batch_size": 16.127762701970713, "dropout_rate": 0.28045169337436443, "epochs": 182.8729164861039, "hidden_channels": 72.7156202295499, "learning_rate": 0.012275375292373727, "optimizer": 1.3478189483153618, "pooling_algorithm": 0.7369499562006425}, "datetime": {"datetime": "2023-11-28 04:46:49", "elapsed": 92.027397, "delta": 22.296582}}
{"target": 0.7392857142857143, "params": {"activation_function": 0.8138997558214698, "amount_of_layers": 5.400358642268169, "batch_size": 148.09837765221397, "dropout_rate": 0.5113456739764936, "epochs": 169.27462571892235, "hidden_channels": 16.703574275656575, "learning_rate": 0.021267393283739094, "optimizer": 1.785096815536805, "pooling_algorithm": 0.4470076599098374}, "datetime": {"datetime": "2023-11-28 04:46:53", "elapsed": 95.606315, "delta": 3.578918}}
{"target": 0.5, "params": {"activation_function": 0.6078530474090567, "amount_of_layers": 6.70213827077247, "batch_size": 70.571955562054, "dropout_rate": 0.3916395997692513, "epochs": 68.23239625675893, "hidden_channels": 119.3605342780035, "learning_rate": 0.06498977260547589, "optimizer": 1.3187076768678891, "pooling_algorithm": 0.6720240108521454}, "datetime": {"datetime": "2023-11-28 04:46:55", "elapsed": 98.173116, "delta": 2.566801}}
{"target": 0.7607142857142858, "params": {"activation_function": 0.2581393590010168, "amount_of_layers": 8.59262452161061, "batch_size": 131.95230449424912, "dropout_rate": 0.6606664559274543, "epochs": 96.96549290820363, "hidden_channels": 41.77903599297645, "learning_rate": 0.056769842546831595, "optimizer": 1.4451184090567242, "pooling_algorithm": 0.08070374090705545}, "datetime": {"datetime": "2023-11-28 04:46:58", "elapsed": 101.157652, "delta": 2.984536}}
{"target": 0.22142857142857142, "params": {"activation_function": 0.9256960993941132, "amount_of_layers": 1.9208225534507752, "batch_size": 101.83930500029967, "dropout_rate": 0.7159639479967994, "epochs": 99.33699877488586, "hidden_channels": 79.41807379905084, "learning_rate": 0.09032292295596897, "optimizer": 0.366573081265845, "pooling_algorithm": 0.38052741866805406}, "datetime": {"datetime": "2023-11-28 04:47:00", "elapsed": 102.844762, "delta": 1.68711}}
{"target": 0.0, "params": {"activation_function": 0.39765465168208713, "amount_of_layers": 5.134252847920381, "batch_size": 57.42319551400213, "dropout_rate": 0.4341208238374045, "epochs": 142.92797008920525, "hidden_channels": 39.2202923669312, "learning_rate": 0.09623628209069328, "optimizer": 1.8377264287308432, "pooling_algorithm": 0.4124441406030881}, "datetime": {"datetime": "2023-11-28 04:47:04", "elapsed": 107.221492, "delta": 4.37673}}
{"target": 0.9, "params": {"activation_function": 1.4155218729500543, "amount_of_layers": 1.8631017961320566, "batch_size": 47.595743514799196, "dropout_rate": 0.35757827885083565, "epochs": 118.8854790932892, "hidden_channels": 92.96036216620955, "learning_rate": 0.004384033662857973, "optimizer": 0.7157218018024507, "pooling_algorithm": 0.5361821696010826}, "datetime": {"datetime": "2023-11-28 04:47:08", "elapsed": 110.461786, "delta": 3.240294}}
{"target": 0.2589285714285714, "params": {"activation_function": 0.9789481436944099, "amount_of_layers": 7.539098521029083, "batch_size": 127.34169210259729, "dropout_rate": 0.4962791117205409, "epochs": 176.65708629406106, "hidden_channels": 42.92309134409227, "learning_rate": 0.02351633951645759, "optimizer": 1.2188260436954044, "pooling_algorithm": 0.38312118996720945}, "datetime": {"datetime": "2023-11-28 04:47:12", "elapsed": 115.439492, "delta": 4.977706}}
{"target": 0.6964285714285714, "params": {"activation_function": 0.054631260700180206, "amount_of_layers": 3.83797776557606, "batch_size": 55.509670038592624, "dropout_rate": 0.5695917838451592, "epochs": 137.50999453048843, "hidden_channels": 35.79369243462009, "learning_rate": 0.0959323171499411, "optimizer": 0.43208967116577823, "pooling_algorithm": 0.4426806841833566}, "datetime": {"datetime": "2023-11-28 04:47:16", "elapsed": 119.259364, "delta": 3.819872}}
{"target": 0.5, "params": {"activation_function": 1.5513894989295378, "amount_of_layers": 2.881870770021041, "batch_size": 61.19459741802374, "dropout_rate": 0.30274110526916265, "epochs": 185.8061567980378, "hidden_channels": 46.11912490475934, "learning_rate": 0.0955349209107569, "optimizer": 1.743502662944221, "pooling_algorithm": 0.9950678282072812}, "datetime": {"datetime": "2023-11-28 04:47:21", "elapsed": 123.764153, "delta": 4.504789}}
{"target": 0.6553571428571429, "params": {"activation_function": 1.4103887023919026, "amount_of_layers": 2.187890954932052, "batch_size": 78.77639793254473, "dropout_rate": 0.71334107639241, "epochs": 196.96133463590164, "hidden_channels": 17.39341696417494, "learning_rate": 0.06726610342720966, "optimizer": 0.572597430570599, "pooling_algorithm": 0.3200296089726111}, "datetime": {"datetime": "2023-11-28 04:47:24", "elapsed": 127.042856, "delta": 3.278703}}
{"target": 0.5464285714285714, "params": {"activation_function": 0.7770508172813357, "amount_of_layers": 1.3480616908890788, "batch_size": 24.251484844096062, "dropout_rate": 0.7051334467142196, "epochs": 22.70445227210206, "hidden_channels": 101.33136871010359, "learning_rate": 0.05365993014029367, "optimizer": 1.5046779636145937, "pooling_algorithm": 0.9395557630930634}, "datetime": {"datetime": "2023-11-28 04:47:25", "elapsed": 127.987169, "delta": 0.944313}}
{"target": 0.7714285714285714, "params": {"activation_function": 0.42533745853551586, "amount_of_layers": 6.337441604145254, "batch_size": 96.38398504763083, "dropout_rate": 0.39658143508062726, "epochs": 152.78989813573094, "hidden_channels": 38.9889627882679, "learning_rate": 0.009267091757280375, "optimizer": 1.3590834347568195, "pooling_algorithm": 0.20467011532079304}, "datetime": {"datetime": "2023-11-28 04:47:29", "elapsed": 131.938602, "delta": 3.951433}}
{"target": 0.8535714285714285, "params": {"activation_function": 0.022084230635544433, "amount_of_layers": 1.5299617903610647, "batch_size": 36.87067498452723, "dropout_rate": 0.6797333327351072, "epochs": 182.04590852619847, "hidden_channels": 69.84722813156219, "learning_rate": 0.03203892926137123, "optimizer": 0.5798525224649602, "pooling_algorithm": 0.29314449641190976}, "datetime": {"datetime": "2023-11-28 04:47:35", "elapsed": 137.847159, "delta": 5.908557}}
{"target": 0.9035714285714286, "params": {"activation_function": 0.8701691019586664, "amount_of_layers": 3.684365682236489, "batch_size": 142.1568133105439, "dropout_rate": 0.6054695012083355, "epochs": 98.13388592407888, "hidden_channels": 73.21505115903261, "learning_rate": 0.002264097019058749, "optimizer": 1.8725575864932609, "pooling_algorithm": 0.9459602869085341}, "datetime": {"datetime": "2023-11-28 04:47:37", "elapsed": 139.834587, "delta": 1.987428}}
{"target": 0.0, "params": {"activation_function": 0.45875204701651096, "amount_of_layers": 6.7007205410909485, "batch_size": 132.98952370501098, "dropout_rate": 0.44279814886461744, "epochs": 25.934472495979563, "hidden_channels": 102.34275690554453, "learning_rate": 0.09451288313380478, "optimizer": 1.852490670808875, "pooling_algorithm": 0.5400367553670543}, "datetime": {"datetime": "2023-11-28 04:47:38", "elapsed": 140.605679, "delta": 0.771092}}
{"target": 0.2571428571428571, "params": {"activation_function": 0.6492631055785085, "amount_of_layers": 7.508565255178994, "batch_size": 68.7755902243112, "dropout_rate": 0.6780752858791332, "epochs": 111.3797738645383, "hidden_channels": 14.382639271678425, "learning_rate": 0.04385048921969915, "optimizer": 1.8559619591098726, "pooling_algorithm": 0.44971179473450673}, "datetime": {"datetime": "2023-11-28 04:47:42", "elapsed": 144.952097, "delta": 4.346418}}
{"target": 0.2571428571428572, "params": {"activation_function": 0.8700560686868166, "amount_of_layers": 4.372728870832529, "batch_size": 19.851930060595457, "dropout_rate": 0.3523294010523816, "epochs": 107.69407265846354, "hidden_channels": 117.08942004616877, "learning_rate": 0.0581432933187945, "optimizer": 0.49954374105543464, "pooling_algorithm": 0.009601609267427036}, "datetime": {"datetime": "2023-11-28 04:47:49", "elapsed": 151.518924, "delta": 6.566827}}
{"target": 0.7375, "params": {"activation_function": 1.727299925567015, "amount_of_layers": 1.8022288648493037, "batch_size": 92.81244379650913, "dropout_rate": 0.33869891742362335, "epochs": 44.780510685749945, "hidden_channels": 47.920117418458474, "learning_rate": 0.09419733894848385, "optimizer": 1.1297499377214166, "pooling_algorithm": 0.03847158750209845}, "datetime": {"datetime": "2023-11-28 04:47:49", "elapsed": 152.379802, "delta": 0.860878}}
{"target": 0.0, "params": {"activation_function": 1.953905072010932, "amount_of_layers": 4.342749600904486, "batch_size": 95.63674042791209, "dropout_rate": 0.366084407922203, "epochs": 88.47373427352511, "hidden_channels": 94.45648715263232, "learning_rate": 0.08117102935889951, "optimizer": 1.6638822315661057, "pooling_algorithm": 0.21952645773629054}, "datetime": {"datetime": "2023-11-28 04:47:51", "elapsed": 154.290008, "delta": 1.910206}}
{"target": 0.7392857142857143, "params": {"activation_function": 0.8534330913395587, "amount_of_layers": 6.939482852541739, "batch_size": 31.555127459677465, "dropout_rate": 0.4966927566759055, "epochs": 52.18242198842858, "hidden_channels": 60.4178901973715, "learning_rate": 0.06123650267862386, "optimizer": 0.786226385924963, "pooling_algorithm": 0.08306883941541676}, "datetime": {"datetime": "2023-11-28 04:47:54", "elapsed": 157.379542, "delta": 3.089534}}
{"target": 0.7392857142857143, "params": {"activation_function": 1.7756466086002314, "amount_of_layers": 6.252620353120279, "batch_size": 90.89178595323754, "dropout_rate": 0.32095570006402696, "epochs": 173.69942491396395, "hidden_channels": 9.659208682014173, "learning_rate": 0.027536690408640607, "optimizer": 0.6091179330569299, "pooling_algorithm": 0.0804486146785024}, "datetime": {"datetime": "2023-11-28 04:47:59", "elapsed": 161.669946, "delta": 4.290404}}
{"target": 0.5, "params": {"activation_function": 1.7708513411732956, "amount_of_layers": 6.740533013742408, "batch_size": 108.66164957494655, "dropout_rate": 0.7008417843964749, "epochs": 175.2038809109976, "hidden_channels": 94.08836044377816, "learning_rate": 0.06321996879402868, "optimizer": 1.1203346506773206, "pooling_algorithm": 0.5601278305062132}, "datetime": {"datetime": "2023-11-28 04:48:03", "elapsed": 166.293528, "delta": 4.623582}}
