{"target": 0.5, "params": {"activation_function": 0.23376824129215024, "amount_of_layers": 4.859162469927476, "batch_size": 134.0479613443065, "dropout_rate": 0.6960883444252033, "epochs": 62.99466411885387, "hidden_channels": 108.275174537023, "learning_rate": 0.006708206741380827, "optimizer": 1.8079210283302032, "pooling_algorithm": 0.7017162213365117}, "datetime": {"datetime": "2023-11-28 04:48:05", "elapsed": 167.798047, "delta": 1.504519}}
{"target": 0.5035714285714287, "params": {"activation_function": 0.22281396670585885, "amount_of_layers": 5.380475230723618, "batch_size": 16.536657867799583, "dropout_rate": 0.6493539602612497, "epochs": 150.38098442953046, "hidden_channels": 119.76719533974867, "learning_rate": 0.07430920302293233, "optimizer": 0.9581363988999663, "pooling_algorithm": 0.760036560483563}, "datetime": {"datetime": "2023-11-28 04:48:16", "elapsed": 179.29294, "delta": 11.494893}}
{"target": 0.5, "params": {"activation_function": 1.499157921550249, "amount_of_layers": 5.972310294475834, "batch_size": 130.79521307035418, "dropout_rate": 0.5185826398815732, "epochs": 68.64064455510807, "hidden_channels": 39.61981456525673, "learning_rate": 0.057413088992862474, "optimizer": 1.4962718772510122, "pooling_algorithm": 0.7470942804123692}, "datetime": {"datetime": "2023-11-28 04:48:18", "elapsed": 181.0575, "delta": 1.76456}}
{"target": 0.5, "params": {"activation_function": 0.5992802558926544, "amount_of_layers": 7.435414587024899, "batch_size": 149.72156402121027, "dropout_rate": 0.2732209686361171, "epochs": 166.60387447570744, "hidden_channels": 73.87713823280652, "learning_rate": 0.09325034411150519, "optimizer": 1.584072116356212, "pooling_algorithm": 0.2715580920837233}, "datetime": {"datetime": "2023-11-28 04:48:21", "elapsed": 183.605354, "delta": 2.547854}}
{"target": 0.9089285714285714, "params": {"activation_function": 1.9939469408116128, "amount_of_layers": 3.8056073995712865, "batch_size": 136.05349621189475, "dropout_rate": 0.386718182502697, "epochs": 192.96728919857873, "hidden_channels": 123.2197091267446, "learning_rate": 0.008179447825768408, "optimizer": 1.141354170830627, "pooling_algorithm": 0.8457566388404781}, "datetime": {"datetime": "2023-11-28 04:48:25", "elapsed": 187.495793, "delta": 3.890439}}
{"target": 0.5, "params": {"activation_function": 0.36582981963527206, "amount_of_layers": 3.624876383864126, "batch_size": 111.62465360910959, "dropout_rate": 0.26041281635455726, "epochs": 53.11218401232501, "hidden_channels": 93.8634013035398, "learning_rate": 0.08934722698970132, "optimizer": 1.062101280193411, "pooling_algorithm": 0.5261708571516809}, "datetime": {"datetime": "2023-11-28 04:48:26", "elapsed": 188.677176, "delta": 1.181383}}
{"target": 0.2625, "params": {"activation_function": 0.46146356637077757, "amount_of_layers": 8.379503295637416, "batch_size": 130.14528691196318, "dropout_rate": 0.3760602318633964, "epochs": 20.800715471728054, "hidden_channels": 9.176744174275733, "learning_rate": 0.07395416136843502, "optimizer": 0.8911363589814452, "pooling_algorithm": 0.3930422372566006}, "datetime": {"datetime": "2023-11-28 04:48:26", "elapsed": 189.388804, "delta": 0.711628}}
{"target": 0.65, "params": {"activation_function": 1.9931201699081997, "amount_of_layers": 6.385515066015572, "batch_size": 94.08474587375046, "dropout_rate": 0.6476017075228528, "epochs": 199.11642866389565, "hidden_channels": 31.738650044439822, "learning_rate": 0.013073877637395835, "optimizer": 0.7597135268242503, "pooling_algorithm": 0.587103104456616}, "datetime": {"datetime": "2023-11-28 04:48:31", "elapsed": 194.389766, "delta": 5.000962}}
{"target": 0.26785714285714285, "params": {"activation_function": 0.7024585278758368, "amount_of_layers": 4.155548844336674, "batch_size": 70.73895064101094, "dropout_rate": 0.704796835174957, "epochs": 74.85131644169384, "hidden_channels": 123.25903614387408, "learning_rate": 0.0038359439470293144, "optimizer": 1.4658035439292176, "pooling_algorithm": 0.4004273244019325}, "datetime": {"datetime": "2023-11-28 04:48:34", "elapsed": 196.636279, "delta": 2.246513}}
{"target": 0.8946428571428571, "params": {"activation_function": 0.18151022701306285, "amount_of_layers": 1.23179914756032, "batch_size": 110.27561199527877, "dropout_rate": 0.4061213242365279, "epochs": 42.52675719954864, "hidden_channels": 12.40203367160898, "learning_rate": 0.006706480158918191, "optimizer": 1.2537224882557396, "pooling_algorithm": 0.8331560559836637}, "datetime": {"datetime": "2023-11-28 04:48:34", "elapsed": 197.395977, "delta": 0.759698}}
{"target": 0.28214285714285714, "params": {"activation_function": 0.8256713377108889, "amount_of_layers": 5.976706662130151, "batch_size": 136.138802899769, "dropout_rate": 0.40327966243676566, "epochs": 171.48819692221014, "hidden_channels": 114.01004371201616, "learning_rate": 0.09276618065307869, "optimizer": 0.5661784769393621, "pooling_algorithm": 0.4085903543088347}, "datetime": {"datetime": "2023-11-28 04:48:39", "elapsed": 201.589158, "delta": 4.193181}}
{"target": 0.5, "params": {"activation_function": 0.7868344223521171, "amount_of_layers": 7.6533561608865455, "batch_size": 117.6247789793181, "dropout_rate": 0.7125125565718846, "epochs": 44.785513480093385, "hidden_channels": 56.234016251760224, "learning_rate": 0.014063497718780592, "optimizer": 1.6973968044345829, "pooling_algorithm": 0.7628651505200911}, "datetime": {"datetime": "2023-11-28 04:48:40", "elapsed": 202.95971, "delta": 1.370552}}
{"target": 0.7607142857142856, "params": {"activation_function": 1.7511795946333768, "amount_of_layers": 3.1000341013589976, "batch_size": 55.91218988305521, "dropout_rate": 0.3034953710941136, "epochs": 51.80361004334102, "hidden_channels": 105.31600226431179, "learning_rate": 0.009707777903785852, "optimizer": 1.5508633573592983, "pooling_algorithm": 0.40201049479200746}, "datetime": {"datetime": "2023-11-28 04:48:41", "elapsed": 204.37783, "delta": 1.41812}}
{"target": 0.8142857142857143, "params": {"activation_function": 1.7795404194712643, "amount_of_layers": 4.30160398052028, "batch_size": 112.62704412113362, "dropout_rate": 0.4858012896423238, "epochs": 103.52073995374093, "hidden_channels": 111.4924332758314, "learning_rate": 0.06580777886318333, "optimizer": 0.3147982601980759, "pooling_algorithm": 0.4055908053498014}, "datetime": {"datetime": "2023-11-28 04:48:44", "elapsed": 206.57336, "delta": 2.19553}}
{"target": 0.9035714285714286, "params": {"activation_function": 1.486523502902102, "amount_of_layers": 2.2740278060086547, "batch_size": 135.0096283348152, "dropout_rate": 0.4362772792152876, "epochs": 92.40463701013205, "hidden_channels": 82.45958041198662, "learning_rate": 0.014920610978603345, "optimizer": 0.13600870728520986, "pooling_algorithm": 0.9302841017701944}, "datetime": {"datetime": "2023-11-28 04:48:45", "elapsed": 208.119259, "delta": 1.545899}}
{"target": 0.5, "params": {"activation_function": 1.7001108835990733, "amount_of_layers": 1.879457083277683, "batch_size": 71.73980151176204, "dropout_rate": 0.45192785302080857, "epochs": 119.80738703172214, "hidden_channels": 49.97956741096698, "learning_rate": 0.09180484298759647, "optimizer": 0.8491665606965966, "pooling_algorithm": 0.6375149390545914}, "datetime": {"datetime": "2023-11-28 04:48:48", "elapsed": 210.831913, "delta": 2.712654}}
{"target": 0.7428571428571429, "params": {"activation_function": 1.0488018659649843, "amount_of_layers": 4.468557547615009, "batch_size": 111.99598514468866, "dropout_rate": 0.5676003108902968, "epochs": 45.48356506227201, "hidden_channels": 116.89751918689772, "learning_rate": 0.07983692584634378, "optimizer": 0.08184745938944671, "pooling_algorithm": 0.4102644552245549}, "datetime": {"datetime": "2023-11-28 04:48:49", "elapsed": 211.872624, "delta": 1.040711}}
{"target": 0.7732142857142856, "params": {"activation_function": 0.288889556841305, "amount_of_layers": 1.2047842781644258, "batch_size": 30.81013723933419, "dropout_rate": 0.5245709795187774, "epochs": 170.2806544588585, "hidden_channels": 80.35677458981277, "learning_rate": 0.008050068491752615, "optimizer": 0.04434868155997829, "pooling_algorithm": 0.47083858246144916}, "datetime": {"datetime": "2023-11-28 04:48:53", "elapsed": 216.460464, "delta": 4.58784}}
{"target": 0.9178571428571428, "params": {"activation_function": 0.520076650131714, "amount_of_layers": 2.680046460971252, "batch_size": 68.15588163131218, "dropout_rate": 0.260900623081437, "epochs": 199.47281210965352, "hidden_channels": 13.972384187961767, "learning_rate": 0.010373934905747662, "optimizer": 0.5798597171852264, "pooling_algorithm": 0.9728263071292902}, "datetime": {"datetime": "2023-11-28 04:48:58", "elapsed": 221.341068, "delta": 4.880604}}
{"target": 0.7375, "params": {"activation_function": 1.5177822257591167, "amount_of_layers": 3.4178211051972713, "batch_size": 32.759164776248895, "dropout_rate": 0.5317723509898286, "epochs": 55.93175078870355, "hidden_channels": 45.801615340040385, "learning_rate": 0.061785505903833034, "optimizer": 1.8901832248530135, "pooling_algorithm": 0.027415611366082393}, "datetime": {"datetime": "2023-11-28 04:49:01", "elapsed": 223.525854, "delta": 2.184786}}
{"target": 0.85, "params": {"activation_function": 1.801573725349345, "amount_of_layers": 8.182709023133835, "batch_size": 76.34071204937261, "dropout_rate": 0.6505335019817303, "epochs": 151.46151931747403, "hidden_channels": 12.979767050279396, "learning_rate": 0.0013756634418274501, "optimizer": 1.5820834840296403, "pooling_algorithm": 0.9400232748727535}, "datetime": {"datetime": "2023-11-28 04:49:05", "elapsed": 227.659097, "delta": 4.133243}}
{"target": 0.9053571428571429, "params": {"activation_function": 1.1214696690002839, "amount_of_layers": 1.3596248909029613, "batch_size": 35.55808928920601, "dropout_rate": 0.4805562056635756, "epochs": 20.225687325739997, "hidden_channels": 98.82996645827222, "learning_rate": 0.09718783067174314, "optimizer": 0.3516103868873428, "pooling_algorithm": 0.8919888394758069}, "datetime": {"datetime": "2023-11-28 04:49:05", "elapsed": 228.338346, "delta": 0.679249}}
{"target": 0.5, "params": {"activation_function": 0.7915214378382078, "amount_of_layers": 1.247839047211114, "batch_size": 62.75416806267395, "dropout_rate": 0.7373817799152441, "epochs": 19.736903723249235, "hidden_channels": 64.7021737473028, "learning_rate": 0.0815061739920982, "optimizer": 1.6852660642110306, "pooling_algorithm": 0.9672202264694538}, "datetime": {"datetime": "2023-11-28 04:49:06", "elapsed": 228.847011, "delta": 0.508665}}
{"target": 0.8035714285714285, "params": {"activation_function": 1.7760728168011906, "amount_of_layers": 1.675312450738348, "batch_size": 127.7239651772573, "dropout_rate": 0.5578773319573118, "epochs": 197.65085659676419, "hidden_channels": 99.6344589219975, "learning_rate": 0.04887632471661978, "optimizer": 0.2210175581591629, "pooling_algorithm": 0.31423076335404365}, "datetime": {"datetime": "2023-11-28 04:49:09", "elapsed": 232.052798, "delta": 3.205787}}
{"target": 0.5, "params": {"activation_function": 0.5978686599960985, "amount_of_layers": 6.560098906760387, "batch_size": 42.52535665299362, "dropout_rate": 0.6629181854287967, "epochs": 48.8207316568059, "hidden_channels": 101.82065573874902, "learning_rate": 0.04428561479704816, "optimizer": 1.2393421947826018, "pooling_algorithm": 0.7783900568047131}, "datetime": {"datetime": "2023-11-28 04:49:12", "elapsed": 234.480721, "delta": 2.427923}}
{"target": 0.7357142857142858, "params": {"activation_function": 0.6365536394842817, "amount_of_layers": 4.962748298874616, "batch_size": 76.48782070158487, "dropout_rate": 0.2506276484135455, "epochs": 140.92624737198634, "hidden_channels": 84.14655767769516, "learning_rate": 0.054980966472543184, "optimizer": 1.066334343223782, "pooling_algorithm": 0.2899751153716118}, "datetime": {"datetime": "2023-11-28 04:49:15", "elapsed": 237.715443, "delta": 3.234722}}
{"target": 0.26249999999999996, "params": {"activation_function": 1.424320746309136, "amount_of_layers": 5.896493307000041, "batch_size": 39.2176960515295, "dropout_rate": 0.6391570430833831, "epochs": 86.57378314269704, "hidden_channels": 44.58154368739453, "learning_rate": 0.04629114502428901, "optimizer": 1.6010637904184668, "pooling_algorithm": 0.045309887882211575}, "datetime": {"datetime": "2023-11-28 04:49:19", "elapsed": 241.473742, "delta": 3.758299}}
{"target": 0.6053571428571428, "params": {"activation_function": 0.4197823856640739, "amount_of_layers": 2.967729314968107, "batch_size": 16.99710882684295, "dropout_rate": 0.3652624724485882, "epochs": 157.34560837606904, "hidden_channels": 81.8870115540073, "learning_rate": 0.0474306106415625, "optimizer": 0.8185407134755902, "pooling_algorithm": 0.3022729087490388}, "datetime": {"datetime": "2023-11-28 04:49:28", "elapsed": 251.089208, "delta": 9.615466}}
{"target": 0.6339285714285715, "params": {"activation_function": 1.5716068682744802, "amount_of_layers": 3.400772857828912, "batch_size": 94.70234481627358, "dropout_rate": 0.29306997678123364, "epochs": 145.99083782617663, "hidden_channels": 5.15312246981901, "learning_rate": 0.05137707344161767, "optimizer": 1.250736562400488, "pooling_algorithm": 0.599152298286827}, "datetime": {"datetime": "2023-11-28 04:49:31", "elapsed": 253.906106, "delta": 2.816898}}
{"target": 0.0, "params": {"activation_function": 0.3654294535999869, "amount_of_layers": 4.288300430853403, "batch_size": 146.0577919888179, "dropout_rate": 0.27643079547138716, "epochs": 110.03481562458482, "hidden_channels": 58.211714320746324, "learning_rate": 0.034015222368602084, "optimizer": 1.358911861308611, "pooling_algorithm": 0.6140137324223349}, "datetime": {"datetime": "2023-11-28 04:49:33", "elapsed": 256.192348, "delta": 2.286242}}
{"target": 0.7375, "params": {"activation_function": 1.7433551732884598, "amount_of_layers": 3.3017372999893144, "batch_size": 83.94807684077037, "dropout_rate": 0.4440626571582166, "epochs": 76.9273984634162, "hidden_channels": 83.79416674937298, "learning_rate": 0.07860592705291691, "optimizer": 1.433837822138349, "pooling_algorithm": 0.009772858441306487}, "datetime": {"datetime": "2023-11-28 04:49:35", "elapsed": 257.777669, "delta": 1.585321}}
{"target": 0.0, "params": {"activation_function": 1.798293356741184, "amount_of_layers": 3.144352562554947, "batch_size": 144.27686318465442, "dropout_rate": 0.34033417445204006, "epochs": 96.77619212218157, "hidden_channels": 72.31504165857997, "learning_rate": 0.04518600296258459, "optimizer": 1.1652414013522354, "pooling_algorithm": 0.5642274953863036}, "datetime": {"datetime": "2023-11-28 04:49:37", "elapsed": 259.65557, "delta": 1.877901}}
{"target": 0.2571428571428571, "params": {"activation_function": 0.7764134786065384, "amount_of_layers": 2.83004448576483, "batch_size": 134.57369483620207, "dropout_rate": 0.46096395882002766, "epochs": 92.8853417067283, "hidden_channels": 83.69314904661647, "learning_rate": 0.0034026691440350544, "optimizer": 1.4172372334738312, "pooling_algorithm": 0.16030844138583766}, "datetime": {"datetime": "2023-11-28 04:49:39", "elapsed": 261.573264, "delta": 1.917694}}
{"target": 0.5, "params": {"activation_function": 0.08129670627603125, "amount_of_layers": 5.657708652491142, "batch_size": 49.22005469839546, "dropout_rate": 0.6404829173512765, "epochs": 64.6480071547277, "hidden_channels": 87.01554455047359, "learning_rate": 0.061308993143118815, "optimizer": 1.5457592007325955, "pooling_algorithm": 0.29523469542647585}, "datetime": {"datetime": "2023-11-28 04:49:41", "elapsed": 264.454217, "delta": 2.880953}}
{"target": 0.2625, "params": {"activation_function": 0.5547405263283787, "amount_of_layers": 4.8242180362663625, "batch_size": 91.15454009274194, "dropout_rate": 0.66688458982472, "epochs": 164.4282735068728, "hidden_channels": 119.88986284209575, "learning_rate": 0.002486273424748171, "optimizer": 0.7722557973746693, "pooling_algorithm": 0.4265838752633334}, "datetime": {"datetime": "2023-11-28 04:49:45", "elapsed": 268.240148, "delta": 3.785931}}
{"target": 0.5357142857142857, "params": {"activation_function": 0.21245898728337376, "amount_of_layers": 5.8185661608866335, "batch_size": 18.13131876887566, "dropout_rate": 0.4999402647919586, "epochs": 174.95737232869456, "hidden_channels": 119.94342892227299, "learning_rate": 0.007903850508612975, "optimizer": 1.7311291745382544, "pooling_algorithm": 0.8294229347814156}, "datetime": {"datetime": "2023-11-28 04:50:00", "elapsed": 282.859909, "delta": 14.619761}}
{"target": 0.5, "params": {"activation_function": 0.029915708808052832, "amount_of_layers": 6.745193912675636, "batch_size": 62.49749159143423, "dropout_rate": 0.5020340953633038, "epochs": 35.00227980499719, "hidden_channels": 56.767513400554634, "learning_rate": 0.02474759175572955, "optimizer": 1.8591596814954983, "pooling_algorithm": 0.35977543976018267}, "datetime": {"datetime": "2023-11-28 04:50:01", "elapsed": 284.298799, "delta": 1.43889}}
{"target": 0.7303571428571429, "params": {"activation_function": 1.2914754234486456, "amount_of_layers": 1.900723283594763, "batch_size": 142.116811434514, "dropout_rate": 0.25460301624701537, "epochs": 160.59487750303452, "hidden_channels": 104.24717887129462, "learning_rate": 0.07427431648465582, "optimizer": 0.8155965694441536, "pooling_algorithm": 0.4068599020878302}, "datetime": {"datetime": "2023-11-28 04:50:04", "elapsed": 286.977485, "delta": 2.678686}}
{"target": 0.8107142857142857, "params": {"activation_function": 0.4752901799325462, "amount_of_layers": 1.4777170525955006, "batch_size": 100.61235533140552, "dropout_rate": 0.3949579535076428, "epochs": 154.8108580182023, "hidden_channels": 53.32975057050643, "learning_rate": 0.03541132827524122, "optimizer": 1.1514670028654141, "pooling_algorithm": 0.2771990598417233}, "datetime": {"datetime": "2023-11-28 04:50:06", "elapsed": 289.408411, "delta": 2.430926}}
{"target": 0.5, "params": {"activation_function": 0.09333543331547811, "amount_of_layers": 2.667360727601409, "batch_size": 66.02389648560236, "dropout_rate": 0.63774286136833, "epochs": 125.88580208104096, "hidden_channels": 124.38209890906039, "learning_rate": 0.09910542451093629, "optimizer": 1.4793761544202486, "pooling_algorithm": 0.9385276199043877}, "datetime": {"datetime": "2023-11-28 04:50:10", "elapsed": 292.665493, "delta": 3.257082}}
{"target": 0.7357142857142858, "params": {"activation_function": 1.020879082656444, "amount_of_layers": 1.8180162064361332, "batch_size": 129.7407180113609, "dropout_rate": 0.3189273490781754, "epochs": 152.14113099494432, "hidden_channels": 78.40684317901476, "learning_rate": 0.09425797052002223, "optimizer": 1.2408269317557716, "pooling_algorithm": 0.149166042752234}, "datetime": {"datetime": "2023-11-28 04:50:12", "elapsed": 295.289865, "delta": 2.624372}}
{"target": 0.0, "params": {"activation_function": 1.237122940374419, "amount_of_layers": 1.5336741772810019, "batch_size": 98.31376523483712, "dropout_rate": 0.40429883080269013, "epochs": 166.63714305591415, "hidden_channels": 84.28119391103058, "learning_rate": 0.0981165638792442, "optimizer": 0.9985925901258235, "pooling_algorithm": 0.5170023455492794}, "datetime": {"datetime": "2023-11-28 04:50:15", "elapsed": 298.145346, "delta": 2.855481}}
{"target": 0.8964285714285715, "params": {"activation_function": 1.6562263178404857, "amount_of_layers": 2.736651938936487, "batch_size": 37.47133327742279, "dropout_rate": 0.47849654618942955, "epochs": 88.21978798712358, "hidden_channels": 51.32323079373176, "learning_rate": 0.004043047424841932, "optimizer": 0.26548441783608157, "pooling_algorithm": 0.952657332627894}, "datetime": {"datetime": "2023-11-28 04:50:18", "elapsed": 301.416066, "delta": 3.27072}}
{"target": 0.9142857142857144, "params": {"activation_function": 0.23771207646640669, "amount_of_layers": 2.1967801313501445, "batch_size": 129.9021207069198, "dropout_rate": 0.6677158748897922, "epochs": 130.9903351608329, "hidden_channels": 116.33916214307168, "learning_rate": 0.06222315599230837, "optimizer": 0.06230853377515477, "pooling_algorithm": 0.7179946121727693}, "datetime": {"datetime": "2023-11-28 04:50:21", "elapsed": 303.60485, "delta": 2.188784}}
{"target": 0.5, "params": {"activation_function": 0.20689159628763143, "amount_of_layers": 2.336119442292258, "batch_size": 103.86094184581451, "dropout_rate": 0.3005306088126406, "epochs": 12.464050919589763, "hidden_channels": 96.27358290402825, "learning_rate": 0.08299032012437245, "optimizer": 1.5205617341338462, "pooling_algorithm": 0.0512085246925732}, "datetime": {"datetime": "2023-11-28 04:50:21", "elapsed": 303.959616, "delta": 0.354766}}
{"target": 0.8035714285714286, "params": {"activation_function": 0.036828018035479415, "amount_of_layers": 5.101691504644152, "batch_size": 114.94487016435153, "dropout_rate": 0.6833872582368133, "epochs": 154.20165975376403, "hidden_channels": 46.10360672676304, "learning_rate": 0.008480992223046414, "optimizer": 1.1393982364991895, "pooling_algorithm": 0.1197140634099948}, "datetime": {"datetime": "2023-11-28 04:50:25", "elapsed": 307.527813, "delta": 3.568197}}
{"target": 0.6892857142857143, "params": {"activation_function": 0.6852142181775023, "amount_of_layers": 8.908204224214638, "batch_size": 125.95352725178343, "dropout_rate": 0.7159401250397419, "epochs": 54.405651529940755, "hidden_channels": 9.458461349623658, "learning_rate": 0.06774442793101441, "optimizer": 1.615646579016338, "pooling_algorithm": 0.0347737003364228}, "datetime": {"datetime": "2023-11-28 04:50:26", "elapsed": 309.318493, "delta": 1.79068}}
