{"target": 0.7375, "params": {"activation_function": 1.5996728004704146, "amount_of_layers": 3.349821785281172, "batch_size": 50.415939316314024, "dropout_rate": 0.3502535151483853, "epochs": 157.15705245467956, "hidden_channels": 51.8082811174922, "learning_rate": 0.03735860388482968, "optimizer": 0.845734870690448, "pooling_algorithm": 0.467933265818105}, "datetime": {"datetime": "2023-11-28 01:19:56", "elapsed": 332.27716, "delta": 3.923588}}
{"target": 0.5, "params": {"activation_function": 0.376750950288431, "amount_of_layers": 6.018598074172799, "batch_size": 39.032493475735265, "dropout_rate": 0.6889174244773539, "epochs": 180.8969295644831, "hidden_channels": 52.38691535942471, "learning_rate": 0.07084171972002853, "optimizer": 1.3955968838585968, "pooling_algorithm": 0.20694145930054508}, "datetime": {"datetime": "2023-11-28 01:20:04", "elapsed": 340.031918, "delta": 7.754758}}
{"target": 0.9142857142857144, "params": {"activation_function": 1.5794815764692913, "amount_of_layers": 5.177487531370256, "batch_size": 109.94932386013865, "dropout_rate": 0.5082414736846035, "epochs": 73.74096597842328, "hidden_channels": 90.65940488809306, "learning_rate": 0.074486239762132, "optimizer": 0.07332257390213237, "pooling_algorithm": 0.7545016023532948}, "datetime": {"datetime": "2023-11-28 01:20:05", "elapsed": 341.757311, "delta": 1.725393}}
{"target": 0.8071428571428572, "params": {"activation_function": 0.8341666737685858, "amount_of_layers": 2.4886713671343497, "batch_size": 136.30438698317113, "dropout_rate": 0.5641673208720936, "epochs": 190.36524706516116, "hidden_channels": 82.95436485284445, "learning_rate": 0.020847224042607315, "optimizer": 0.5953659082817695, "pooling_algorithm": 0.17338904009313116}, "datetime": {"datetime": "2023-11-28 01:20:09", "elapsed": 345.014463, "delta": 3.257152}}
{"target": 0.5, "params": {"activation_function": 0.8291873084192904, "amount_of_layers": 5.922522048533587, "batch_size": 108.52464860422073, "dropout_rate": 0.5616999319300999, "epochs": 72.85646433356344, "hidden_channels": 88.42870617086628, "learning_rate": 0.07140112003924275, "optimizer": 1.529575308510775, "pooling_algorithm": 0.535264609689606}, "datetime": {"datetime": "2023-11-28 01:20:10", "elapsed": 346.886414, "delta": 1.871951}}
{"target": 0.2607142857142857, "params": {"activation_function": 0.7544082815210835, "amount_of_layers": 4.560399451025218, "batch_size": 16.615630019516924, "dropout_rate": 0.7316727133491352, "epochs": 51.384390139487266, "hidden_channels": 18.040363003446103, "learning_rate": 0.07047629334834599, "optimizer": 0.9474332144957451, "pooling_algorithm": 0.48017136597245247}, "datetime": {"datetime": "2023-11-28 01:20:15", "elapsed": 350.991517, "delta": 4.105103}}
{"target": 0.775, "params": {"activation_function": 0.11917479691402177, "amount_of_layers": 4.679306288849265, "batch_size": 71.88743540553347, "dropout_rate": 0.3968876238359116, "epochs": 186.49524385941336, "hidden_channels": 31.49728705772184, "learning_rate": 0.07197728294933434, "optimizer": 1.0208752435053507, "pooling_algorithm": 0.4490183360874034}, "datetime": {"datetime": "2023-11-28 01:20:20", "elapsed": 356.698055, "delta": 5.706538}}
{"target": 0.21428571428571425, "params": {"activation_function": 1.0438198133720533, "amount_of_layers": 1.9468013564564892, "batch_size": 91.8492010344363, "dropout_rate": 0.28881126919405964, "epochs": 43.454115607360706, "hidden_channels": 25.479769128443156, "learning_rate": 0.0010259973348204889, "optimizer": 0.8049678686925609, "pooling_algorithm": 0.47075324413648867}, "datetime": {"datetime": "2023-11-28 01:20:21", "elapsed": 357.574352, "delta": 0.876297}}
{"target": 0.5, "params": {"activation_function": 1.6520389850804444, "amount_of_layers": 6.065484039754034, "batch_size": 83.76849624441138, "dropout_rate": 0.4240051994310509, "epochs": 111.08756659512747, "hidden_channels": 80.10155442831321, "learning_rate": 0.04123898651812743, "optimizer": 0.8676697250472886, "pooling_algorithm": 0.6327032108783319}, "datetime": {"datetime": "2023-11-28 01:20:24", "elapsed": 360.402063, "delta": 2.827711}}
{"target": 0.5, "params": {"activation_function": 0.7181781055837042, "amount_of_layers": 5.389760378134817, "batch_size": 42.1743924296393, "dropout_rate": 0.4230372226365985, "epochs": 181.5976534728517, "hidden_channels": 56.95436488609405, "learning_rate": 0.050629593481629015, "optimizer": 0.845571391763001, "pooling_algorithm": 0.9595482682182871}, "datetime": {"datetime": "2023-11-28 01:20:31", "elapsed": 367.321791, "delta": 6.919728}}
{"target": 0.9035714285714287, "params": {"activation_function": 0.8311414034618587, "amount_of_layers": 2.6222518297399713, "batch_size": 50.25328780472541, "dropout_rate": 0.7011566821007831, "epochs": 158.49574393697526, "hidden_channels": 51.70384887111938, "learning_rate": 0.0768725786490459, "optimizer": 0.2688866946692041, "pooling_algorithm": 0.9295917858807066}, "datetime": {"datetime": "2023-11-28 01:20:35", "elapsed": 370.912607, "delta": 3.590816}}
{"target": 0.25535714285714284, "params": {"activation_function": 1.6522861967813565, "amount_of_layers": 4.7560202237202756, "batch_size": 59.33910039938476, "dropout_rate": 0.40985451520541044, "epochs": 187.93436967745387, "hidden_channels": 121.75060441457215, "learning_rate": 0.024285286974490453, "optimizer": 1.3779504042255033, "pooling_algorithm": 0.0019201137557908199}, "datetime": {"datetime": "2023-11-28 01:20:40", "elapsed": 376.707363, "delta": 5.794756}}
{"target": 0.5, "params": {"activation_function": 1.1472872492465662, "amount_of_layers": 1.831785575182038, "batch_size": 90.43820696637424, "dropout_rate": 0.7165780472368009, "epochs": 47.4027637968859, "hidden_channels": 26.03937651868468, "learning_rate": 0.07531739968613316, "optimizer": 1.6264916543953203, "pooling_algorithm": 0.5299228074362821}, "datetime": {"datetime": "2023-11-28 01:20:41", "elapsed": 377.614131, "delta": 0.906768}}
{"target": 0.8035714285714287, "params": {"activation_function": 1.167903745289562, "amount_of_layers": 2.3530770495816853, "batch_size": 102.3826262836998, "dropout_rate": 0.3206070115187228, "epochs": 68.6935483178506, "hidden_channels": 90.48782549939561, "learning_rate": 0.01864112165970943, "optimizer": 0.6529593046081297, "pooling_algorithm": 0.1866678308198979}, "datetime": {"datetime": "2023-11-28 01:20:42", "elapsed": 378.889205, "delta": 1.275074}}
{"target": 0.5, "params": {"activation_function": 0.6501522612426416, "amount_of_layers": 1.5396099255786044, "batch_size": 78.66270887290082, "dropout_rate": 0.4603227259777137, "epochs": 44.50948215183711, "hidden_channels": 50.458259373931035, "learning_rate": 0.06140340323773507, "optimizer": 0.5656816041756634, "pooling_algorithm": 0.7132092925310334}, "datetime": {"datetime": "2023-11-28 01:20:43", "elapsed": 379.750416, "delta": 0.861211}}
{"target": 0.45178571428571423, "params": {"activation_function": 0.07632274481388657, "amount_of_layers": 1.278859771631275, "batch_size": 78.34787731323885, "dropout_rate": 0.32806311152614975, "epochs": 41.85622428938768, "hidden_channels": 49.12620835303854, "learning_rate": 0.052745909203614924, "optimizer": 0.40532734307079843, "pooling_algorithm": 0.29689022485337313}, "datetime": {"datetime": "2023-11-28 01:20:44", "elapsed": 380.474522, "delta": 0.724106}}
{"target": 0.9107142857142857, "params": {"activation_function": 0.006036248245002908, "amount_of_layers": 1.0, "batch_size": 79.48435977295765, "dropout_rate": 0.75, "epochs": 43.10564987266658, "hidden_channels": 52.02742115396506, "learning_rate": 0.001, "optimizer": 1.2292092393810023, "pooling_algorithm": 0.9106535459400271}, "datetime": {"datetime": "2023-11-28 01:20:45", "elapsed": 381.279546, "delta": 0.805024}}
{"target": 0.6321428571428571, "params": {"activation_function": 1.433539353495457, "amount_of_layers": 2.780547843053233, "batch_size": 96.73919081342798, "dropout_rate": 0.2805351353962493, "epochs": 109.12115374380046, "hidden_channels": 124.50747755366952, "learning_rate": 0.027395967012562028, "optimizer": 0.3512878042583265, "pooling_algorithm": 0.3872210134105474}, "datetime": {"datetime": "2023-11-28 01:20:47", "elapsed": 383.371115, "delta": 2.091569}}
{"target": 0.7732142857142857, "params": {"activation_function": 1.4546827329215832, "amount_of_layers": 2.440910976328035, "batch_size": 76.51048005904411, "dropout_rate": 0.6986230317028441, "epochs": 43.08211096896023, "hidden_channels": 119.72982797290672, "learning_rate": 0.09329538932105913, "optimizer": 0.028391857394279407, "pooling_algorithm": 0.28984321771822896}, "datetime": {"datetime": "2023-11-28 01:20:48", "elapsed": 384.209924, "delta": 0.838809}}
{"target": 0.7321428571428572, "params": {"activation_function": 1.0810153291322753, "amount_of_layers": 2.8369508483235606, "batch_size": 78.82033049780534, "dropout_rate": 0.4618396157543818, "epochs": 42.116073584858334, "hidden_channels": 118.4167041523594, "learning_rate": 0.06904997939959595, "optimizer": 0.2923094747612316, "pooling_algorithm": 0.03339932420196545}, "datetime": {"datetime": "2023-11-28 01:20:49", "elapsed": 385.117417, "delta": 0.907493}}
{"target": 0.8285714285714286, "params": {"activation_function": 0.27104166132623475, "amount_of_layers": 5.077952230937942, "batch_size": 102.62037718612737, "dropout_rate": 0.38993251988073674, "epochs": 68.63800270999722, "hidden_channels": 89.71159864456632, "learning_rate": 0.010469290584858282, "optimizer": 0.5017058539927075, "pooling_algorithm": 0.20342025662995922}, "datetime": {"datetime": "2023-11-28 01:20:50", "elapsed": 386.784325, "delta": 1.666908}}
{"target": 0.9071428571428571, "params": {"activation_function": 1.2241642234164756, "amount_of_layers": 6.612551803946291, "batch_size": 16.215338317686207, "dropout_rate": 0.3870813187780394, "epochs": 21.90449777209962, "hidden_channels": 24.076001340768155, "learning_rate": 0.07159942706510032, "optimizer": 0.44135558254570406, "pooling_algorithm": 0.6532317353696392}, "datetime": {"datetime": "2023-11-28 01:20:53", "elapsed": 389.140861, "delta": 2.356536}}
{"target": 0.925, "params": {"activation_function": 0.24166833173688662, "amount_of_layers": 1.2568268116696464, "batch_size": 81.48405821789174, "dropout_rate": 0.5238011483143868, "epochs": 42.67180168083827, "hidden_channels": 51.22005620923889, "learning_rate": 0.07953156889483466, "optimizer": 0.3678451437765562, "pooling_algorithm": 0.765309646389014}, "datetime": {"datetime": "2023-11-28 01:20:53", "elapsed": 389.889787, "delta": 0.748926}}
{"target": 0.9214285714285715, "params": {"activation_function": 1.660986594465879, "amount_of_layers": 5.642605183111266, "batch_size": 61.29450257086887, "dropout_rate": 0.25, "epochs": 189.92466288526853, "hidden_channels": 123.699889456634, "learning_rate": 0.001, "optimizer": 0.0, "pooling_algorithm": 1.0}, "datetime": {"datetime": "2023-11-28 01:21:00", "elapsed": 396.034821, "delta": 6.145034}}
{"target": 0.25, "params": {"activation_function": 0.552911225158556, "amount_of_layers": 4.056584908603742, "batch_size": 19.65142734112424, "dropout_rate": 0.4262439026442448, "epochs": 53.47819724432478, "hidden_channels": 17.189963891094443, "learning_rate": 0.0477736001934997, "optimizer": 1.4042244636178054, "pooling_algorithm": 0.19513381535161345}, "datetime": {"datetime": "2023-11-28 01:21:03", "elapsed": 399.571555, "delta": 3.536734}}
