{"target": 0.2642857142857143, "params": {"activation_function": 0.7667382350972318, "amount_of_layers": 8.048916668521851, "batch_size": 120.42931620360004, "dropout_rate": 0.6582313013719108, "epochs": 25.771998841804724, "hidden_channels": 9.317423082669116, "learning_rate": 0.025709440816739575, "optimizer": 1.6411316316630922, "pooling_algorithm": 0.13744218444596568}, "datetime": {"datetime": "2023-11-28 01:17:13", "elapsed": 168.941663, "delta": 0.844206}}
{"target": 0.0, "params": {"activation_function": 0.5479400108333821, "amount_of_layers": 4.639959792819312, "batch_size": 135.36268780686038, "dropout_rate": 0.7078317043821218, "epochs": 121.84447468154002, "hidden_channels": 45.69817895813145, "learning_rate": 0.06544929401388264, "optimizer": 1.5640680536980869, "pooling_algorithm": 0.5028575782912329}, "datetime": {"datetime": "2023-11-28 01:17:15", "elapsed": 171.650023, "delta": 2.70836}}
{"target": 0.0, "params": {"activation_function": 0.4802867296689213, "amount_of_layers": 3.7526985483451645, "batch_size": 40.65566986196871, "dropout_rate": 0.37333101795754564, "epochs": 87.73266367571564, "hidden_channels": 37.20577288619201, "learning_rate": 0.03258327904034211, "optimizer": 1.8532564894039862, "pooling_algorithm": 0.5762977748950757}, "datetime": {"datetime": "2023-11-28 01:17:18", "elapsed": 174.759448, "delta": 3.109425}}
{"target": 0.5, "params": {"activation_function": 0.0016802860983635703, "amount_of_layers": 8.882686484476046, "batch_size": 88.50141561921313, "dropout_rate": 0.6616391166726616, "epochs": 131.02008720293543, "hidden_channels": 5.342818378307182, "learning_rate": 0.04758088065142675, "optimizer": 0.7516359598876583, "pooling_algorithm": 0.26364106553094935}, "datetime": {"datetime": "2023-11-28 01:17:22", "elapsed": 178.748929, "delta": 3.989481}}
{"target": 0.26249999999999996, "params": {"activation_function": 0.7605549143090371, "amount_of_layers": 4.409885442769519, "batch_size": 102.2458296764116, "dropout_rate": 0.4407690176063231, "epochs": 68.04374929041091, "hidden_channels": 93.76345921946063, "learning_rate": 0.020204378336467543, "optimizer": 1.421955781732057, "pooling_algorithm": 0.07462204571086462}, "datetime": {"datetime": "2023-11-28 01:17:24", "elapsed": 180.27373, "delta": 1.524801}}
{"target": 0.6321428571428571, "params": {"activation_function": 1.622070483058667, "amount_of_layers": 3.041392018732015, "batch_size": 141.27504657804786, "dropout_rate": 0.3561572056365459, "epochs": 44.85884882991162, "hidden_channels": 73.30404677404701, "learning_rate": 0.002046743441755937, "optimizer": 0.15517389231957068, "pooling_algorithm": 0.019278435783648296}, "datetime": {"datetime": "2023-11-28 01:17:25", "elapsed": 181.201575, "delta": 0.927845}}
{"target": 0.5, "params": {"activation_function": 0.47139687065689606, "amount_of_layers": 2.0970358679185566, "batch_size": 83.193251428475, "dropout_rate": 0.40898517273388924, "epochs": 106.81550734286303, "hidden_channels": 11.390507500329239, "learning_rate": 0.04841427295088556, "optimizer": 1.6781166613341103, "pooling_algorithm": 0.578133552087524}, "datetime": {"datetime": "2023-11-28 01:17:27", "elapsed": 183.018249, "delta": 1.816674}}
{"target": 0.2607142857142857, "params": {"activation_function": 0.6440173862115111, "amount_of_layers": 8.340141093061817, "batch_size": 121.1150592265311, "dropout_rate": 0.4209058833121557, "epochs": 15.407309270203877, "hidden_channels": 49.002911979377274, "learning_rate": 0.048021523657000506, "optimizer": 0.2602437226837193, "pooling_algorithm": 0.3287572260471511}, "datetime": {"datetime": "2023-11-28 01:17:27", "elapsed": 183.548809, "delta": 0.53056}}
{"target": 0.9071428571428571, "params": {"activation_function": 0.24380255066929712, "amount_of_layers": 1.8083746296186831, "batch_size": 77.34981143791578, "dropout_rate": 0.3029721796166704, "epochs": 44.053518568224035, "hidden_channels": 119.23701843194038, "learning_rate": 0.09518632026029321, "optimizer": 0.09502271281445607, "pooling_algorithm": 0.7033139023493333}, "datetime": {"datetime": "2023-11-28 01:17:28", "elapsed": 184.36818, "delta": 0.819371}}
{"target": 0.8964285714285714, "params": {"activation_function": 1.277346057684068, "amount_of_layers": 7.739397145821789, "batch_size": 27.483194102038244, "dropout_rate": 0.7071077393947871, "epochs": 186.3567745217665, "hidden_channels": 80.43249007277315, "learning_rate": 0.016020246252040148, "optimizer": 0.19663147483273535, "pooling_algorithm": 0.8620813239274063}, "datetime": {"datetime": "2023-11-28 01:17:41", "elapsed": 197.024585, "delta": 12.656405}}
{"target": 0.5, "params": {"activation_function": 1.4263077795336043, "amount_of_layers": 7.397791223849916, "batch_size": 66.51876328320424, "dropout_rate": 0.4938119413622666, "epochs": 169.47330757796797, "hidden_channels": 114.48383589183814, "learning_rate": 0.05372190397545168, "optimizer": 0.6661510190347801, "pooling_algorithm": 0.5283437949849852}, "datetime": {"datetime": "2023-11-28 01:17:47", "elapsed": 203.190755, "delta": 6.16617}}
{"target": 0.4392857142857143, "params": {"activation_function": 1.1613395193619533, "amount_of_layers": 7.372163234904323, "batch_size": 26.971384546178335, "dropout_rate": 0.5059653121800678, "epochs": 184.7954235950118, "hidden_channels": 81.98713645252, "learning_rate": 0.06592206491461278, "optimizer": 1.2151717464957963, "pooling_algorithm": 0.8500956862914476}, "datetime": {"datetime": "2023-11-28 01:17:59", "elapsed": 215.170599, "delta": 11.979844}}
{"target": 0.2714285714285714, "params": {"activation_function": 0.6119351545712621, "amount_of_layers": 6.126262147517061, "batch_size": 33.4270430533755, "dropout_rate": 0.4285397600457157, "epochs": 74.8047804557014, "hidden_channels": 107.86509390627816, "learning_rate": 0.028240498114264944, "optimizer": 1.5849911411886612, "pooling_algorithm": 0.4120372669279778}, "datetime": {"datetime": "2023-11-28 01:18:03", "elapsed": 219.134692, "delta": 3.964093}}
{"target": 0.09464285714285714, "params": {"activation_function": 1.4363828198112045, "amount_of_layers": 3.290082533830481, "batch_size": 44.36653240548583, "dropout_rate": 0.36982239941334505, "epochs": 18.17366422270586, "hidden_channels": 54.41722459705336, "learning_rate": 0.004225384661495815, "optimizer": 1.877763883394881, "pooling_algorithm": 0.8451451168740773}, "datetime": {"datetime": "2023-11-28 01:18:03", "elapsed": 219.811519, "delta": 0.676827}}
{"target": 0.5, "params": {"activation_function": 1.0825268293116017, "amount_of_layers": 4.157863732628411, "batch_size": 58.1098264225112, "dropout_rate": 0.5872676526710241, "epochs": 41.8413878208418, "hidden_channels": 88.67422728631597, "learning_rate": 0.09499848848689971, "optimizer": 1.8612705266457228, "pooling_algorithm": 0.9822748012769683}, "datetime": {"datetime": "2023-11-28 01:18:05", "elapsed": 221.098062, "delta": 1.286543}}
{"target": 0.0, "params": {"activation_function": 1.138340225821385, "amount_of_layers": 4.521019464224801, "batch_size": 48.975996883610925, "dropout_rate": 0.2788275686249707, "epochs": 112.32022365489625, "hidden_channels": 60.99866867390442, "learning_rate": 0.07416371557268389, "optimizer": 1.2597573585632789, "pooling_algorithm": 0.5885754027142661}, "datetime": {"datetime": "2023-11-28 01:18:09", "elapsed": 225.45206, "delta": 4.353998}}
{"target": 0.0, "params": {"activation_function": 0.2177024998673276, "amount_of_layers": 4.8922809270461824, "batch_size": 143.46133264493693, "dropout_rate": 0.4294181721869828, "epochs": 67.97542152450242, "hidden_channels": 62.13158617032587, "learning_rate": 0.06932418795307776, "optimizer": 1.6158496380764622, "pooling_algorithm": 0.747843894120978}, "datetime": {"datetime": "2023-11-28 01:18:11", "elapsed": 227.025312, "delta": 1.573252}}
{"target": 0.7875000000000001, "params": {"activation_function": 1.9434559141290475, "amount_of_layers": 2.920685709067757, "batch_size": 50.94576383186048, "dropout_rate": 0.5118802511614713, "epochs": 157.3366893118026, "hidden_channels": 49.40344446220536, "learning_rate": 0.02666154044689044, "optimizer": 1.1201036569976763, "pooling_algorithm": 0.5538718833143991}, "datetime": {"datetime": "2023-11-28 01:18:15", "elapsed": 230.926254, "delta": 3.900942}}
{"target": 0.7321428571428571, "params": {"activation_function": 1.916329482314115, "amount_of_layers": 7.872725445951445, "batch_size": 119.79428216988389, "dropout_rate": 0.2763411991560829, "epochs": 65.11718674107087, "hidden_channels": 24.435705317855227, "learning_rate": 0.018441982665799283, "optimizer": 1.7736116393086114, "pooling_algorithm": 0.2568848698398537}, "datetime": {"datetime": "2023-11-28 01:18:16", "elapsed": 232.884552, "delta": 1.958298}}
{"target": 0.4232142857142857, "params": {"activation_function": 0.16262178823239126, "amount_of_layers": 2.2494452044992848, "batch_size": 63.51238345300238, "dropout_rate": 0.7343014509148627, "epochs": 15.353124473811016, "hidden_channels": 28.678812052617673, "learning_rate": 0.07647674320038875, "optimizer": 0.8989045543623628, "pooling_algorithm": 0.29871092200836824}, "datetime": {"datetime": "2023-11-28 01:18:17", "elapsed": 233.353964, "delta": 0.469412}}
{"target": 0.5, "params": {"activation_function": 1.4778210828885656, "amount_of_layers": 7.708549669100804, "batch_size": 145.31887405715952, "dropout_rate": 0.4957100409863588, "epochs": 182.59713193191288, "hidden_channels": 36.2231631486583, "learning_rate": 0.02718394741170612, "optimizer": 0.8541977132891434, "pooling_algorithm": 0.6856483560935773}, "datetime": {"datetime": "2023-11-28 01:18:22", "elapsed": 238.404256, "delta": 5.050292}}
{"target": 0.8107142857142857, "params": {"activation_function": 1.6565134239734718, "amount_of_layers": 5.189085775633489, "batch_size": 60.29410795011832, "dropout_rate": 0.2973931898824245, "epochs": 188.90621516606814, "hidden_channels": 122.70247985094387, "learning_rate": 0.0038007909196596927, "optimizer": 0.5385823839464481, "pooling_algorithm": 0.6247921879425988}, "datetime": {"datetime": "2023-11-28 01:18:28", "elapsed": 244.206423, "delta": 5.802167}}
{"target": 0.9071428571428571, "params": {"activation_function": 0.8280969513296899, "amount_of_layers": 3.6768366819884752, "batch_size": 18.637121677061604, "dropout_rate": 0.6786856529026103, "epochs": 52.560650564390144, "hidden_channels": 16.43459470496401, "learning_rate": 0.0011141793128065655, "optimizer": 0.7086055204247952, "pooling_algorithm": 0.5082473580834365}, "datetime": {"datetime": "2023-11-28 01:18:31", "elapsed": 247.587384, "delta": 3.380961}}
{"target": 0.5, "params": {"activation_function": 0.4757927584448869, "amount_of_layers": 8.988930229582678, "batch_size": 87.04023100399635, "dropout_rate": 0.4231882365905044, "epochs": 133.02315060900492, "hidden_channels": 51.29091890692343, "learning_rate": 0.03175691566506005, "optimizer": 1.9672541851736505, "pooling_algorithm": 0.865566428294606}, "datetime": {"datetime": "2023-11-28 01:18:35", "elapsed": 251.607057, "delta": 4.019673}}
{"target": 0.29642857142857143, "params": {"activation_function": 0.8051720097521293, "amount_of_layers": 5.46397862453789, "batch_size": 24.795101030562382, "dropout_rate": 0.4416296949516003, "epochs": 51.60313728580402, "hidden_channels": 107.37627559766663, "learning_rate": 0.022105886212418387, "optimizer": 0.12412543203037396, "pooling_algorithm": 0.08070313606383905}, "datetime": {"datetime": "2023-11-28 01:18:38", "elapsed": 254.473317, "delta": 2.86626}}
{"target": 0.2589285714285714, "params": {"activation_function": 1.2727337528323828, "amount_of_layers": 2.2070668178712403, "batch_size": 94.86405148500552, "dropout_rate": 0.5792633618535985, "epochs": 184.81914034908937, "hidden_channels": 119.26870389540905, "learning_rate": 0.036828738489003116, "optimizer": 0.5593346645797606, "pooling_algorithm": 0.3084015842837712}, "datetime": {"datetime": "2023-11-28 01:18:41", "elapsed": 257.656345, "delta": 3.183028}}
{"target": 0.8, "params": {"activation_function": 1.7817805201469405, "amount_of_layers": 3.179085390005148, "batch_size": 96.18050054092161, "dropout_rate": 0.37690372531960337, "epochs": 108.01007721496998, "hidden_channels": 123.25588018322762, "learning_rate": 0.09325051076937138, "optimizer": 0.4250269191304612, "pooling_algorithm": 0.24166173230669785}, "datetime": {"datetime": "2023-11-28 01:18:43", "elapsed": 259.76019, "delta": 2.103845}}
{"target": 0.5, "params": {"activation_function": 1.1659109298518517, "amount_of_layers": 8.428473041998078, "batch_size": 39.596250222952655, "dropout_rate": 0.5542559531466675, "epochs": 56.09116269887685, "hidden_channels": 25.064186134926786, "learning_rate": 0.09928855437760961, "optimizer": 1.0888729458994877, "pooling_algorithm": 0.8866554242450655}, "datetime": {"datetime": "2023-11-28 01:18:46", "elapsed": 262.685425, "delta": 2.925235}}
{"target": 0.23214285714285715, "params": {"activation_function": 1.1290732446558178, "amount_of_layers": 1.5784716337261147, "batch_size": 30.437062383583488, "dropout_rate": 0.5259714730718295, "epochs": 90.50481852016561, "hidden_channels": 11.766403184411903, "learning_rate": 0.0074961898752869335, "optimizer": 0.449312134918459, "pooling_algorithm": 0.15121236052519138}, "datetime": {"datetime": "2023-11-28 01:18:49", "elapsed": 265.590847, "delta": 2.905422}}
{"target": 0.9035714285714285, "params": {"activation_function": 0.09416265488908104, "amount_of_layers": 6.725641624701424, "batch_size": 16.490292907966133, "dropout_rate": 0.6534835887001005, "epochs": 23.37704459269363, "hidden_channels": 25.87232908900353, "learning_rate": 0.050375726944530415, "optimizer": 0.1276579060405405, "pooling_algorithm": 0.5497280565433735}, "datetime": {"datetime": "2023-11-28 01:18:52", "elapsed": 268.125805, "delta": 2.534958}}
{"target": 0.7375, "params": {"activation_function": 0.6194217382903509, "amount_of_layers": 2.5436626884203593, "batch_size": 135.65115597644444, "dropout_rate": 0.40216021584064865, "epochs": 156.7110728186159, "hidden_channels": 90.77285516395129, "learning_rate": 0.030179691459623282, "optimizer": 1.5962148767149424, "pooling_algorithm": 0.17530243253179112}, "datetime": {"datetime": "2023-11-28 01:18:55", "elapsed": 271.038328, "delta": 2.912523}}
{"target": 0.2642857142857143, "params": {"activation_function": 0.006563618763298473, "amount_of_layers": 1.2571599944397311, "batch_size": 94.74693723996171, "dropout_rate": 0.7099747385260533, "epochs": 14.96940159829423, "hidden_channels": 97.34463691531772, "learning_rate": 0.014777139172817533, "optimizer": 0.39242408879607504, "pooling_algorithm": 0.37089274571892017}, "datetime": {"datetime": "2023-11-28 01:18:55", "elapsed": 271.391897, "delta": 0.353569}}
{"target": 0.7428571428571429, "params": {"activation_function": 1.894174063046637, "amount_of_layers": 6.862276046717198, "batch_size": 84.26603324918914, "dropout_rate": 0.3997112638801417, "epochs": 110.89413465552056, "hidden_channels": 78.34447683657761, "learning_rate": 0.019657557668111256, "optimizer": 0.5865686832001318, "pooling_algorithm": 0.49432459228086956}, "datetime": {"datetime": "2023-11-28 01:18:58", "elapsed": 274.482076, "delta": 3.090179}}
{"target": 0.25357142857142856, "params": {"activation_function": 0.6323249710159506, "amount_of_layers": 7.2429036056015335, "batch_size": 39.293097387526004, "dropout_rate": 0.7245338939044396, "epochs": 153.15217485362868, "hidden_channels": 37.21266494895502, "learning_rate": 0.04098923175615556, "optimizer": 0.14778207592831794, "pooling_algorithm": 0.10840033447146769}, "datetime": {"datetime": "2023-11-28 01:19:05", "elapsed": 281.338183, "delta": 6.856107}}
{"target": 0.0, "params": {"activation_function": 0.7405935492714941, "amount_of_layers": 8.112252105650715, "batch_size": 147.9859239176419, "dropout_rate": 0.4074633015297315, "epochs": 11.360348114160148, "hidden_channels": 84.90800571169763, "learning_rate": 0.03405973931861292, "optimizer": 0.7285218258869863, "pooling_algorithm": 0.6722514082195755}, "datetime": {"datetime": "2023-11-28 01:19:05", "elapsed": 281.781552, "delta": 0.443369}}
{"target": 0.9196428571428572, "params": {"activation_function": 1.2500655233337303, "amount_of_layers": 1.282955681210277, "batch_size": 91.65466469929834, "dropout_rate": 0.2749748919658461, "epochs": 44.95659064323256, "hidden_channels": 26.140071074643377, "learning_rate": 0.004484845732395378, "optimizer": 0.9541058518652497, "pooling_algorithm": 0.627626127566865}, "datetime": {"datetime": "2023-11-28 01:19:06", "elapsed": 282.601594, "delta": 0.820042}}
{"target": 0.9089285714285714, "params": {"activation_function": 0.26693883935269347, "amount_of_layers": 6.276339012131605, "batch_size": 43.9233183659729, "dropout_rate": 0.2718424138163076, "epochs": 179.7641919741188, "hidden_channels": 57.217931990751914, "learning_rate": 0.019534411512259008, "optimizer": 0.5838958759126831, "pooling_algorithm": 0.531997299188452}, "datetime": {"datetime": "2023-11-28 01:19:14", "elapsed": 290.148451, "delta": 7.546857}}
{"target": 0.8339285714285714, "params": {"activation_function": 1.797914410227868, "amount_of_layers": 1.1531853948076094, "batch_size": 79.62812405280164, "dropout_rate": 0.39312238782442877, "epochs": 139.094644178604, "hidden_channels": 62.30913731239999, "learning_rate": 0.015835828943488752, "optimizer": 0.7162862374062546, "pooling_algorithm": 0.037839997314275564}, "datetime": {"datetime": "2023-11-28 01:19:16", "elapsed": 292.337752, "delta": 2.189301}}
{"target": 0.755357142857143, "params": {"activation_function": 1.6363792945395377, "amount_of_layers": 3.198978386391003, "batch_size": 37.26620372507465, "dropout_rate": 0.27422467549318863, "epochs": 169.69295933660712, "hidden_channels": 84.66635385984135, "learning_rate": 0.05827758657576017, "optimizer": 0.8397803805867079, "pooling_algorithm": 0.23243742246902765}, "datetime": {"datetime": "2023-11-28 01:19:22", "elapsed": 298.736814, "delta": 6.399062}}
{"target": 0.9, "params": {"activation_function": 0.9544452087592579, "amount_of_layers": 5.430717362674151, "batch_size": 90.68312222201875, "dropout_rate": 0.596133529815513, "epochs": 71.75948995229363, "hidden_channels": 71.15694853777757, "learning_rate": 0.07000793101005115, "optimizer": 0.16948068388201842, "pooling_algorithm": 0.7136687270623677}, "datetime": {"datetime": "2023-11-28 01:19:24", "elapsed": 300.458198, "delta": 1.721384}}
{"target": 0.7375, "params": {"activation_function": 0.8619349148370787, "amount_of_layers": 5.9942468222364225, "batch_size": 71.02778148763042, "dropout_rate": 0.44033527498141994, "epochs": 187.5983252881015, "hidden_channels": 33.05671800430373, "learning_rate": 0.0866354544382507, "optimizer": 0.6317326972740505, "pooling_algorithm": 0.45229049050155}, "datetime": {"datetime": "2023-11-28 01:19:30", "elapsed": 306.808688, "delta": 6.35049}}
{"target": 0.0, "params": {"activation_function": 1.9229385919403603, "amount_of_layers": 2.4361952607434345, "batch_size": 79.05690400854411, "dropout_rate": 0.3445166995289486, "epochs": 40.644230287320894, "hidden_channels": 50.98855487477414, "learning_rate": 0.060100482914749336, "optimizer": 1.6186967615921175, "pooling_algorithm": 0.8733718329540785}, "datetime": {"datetime": "2023-11-28 01:19:31", "elapsed": 307.587046, "delta": 0.778358}}
{"target": 0.8892857142857142, "params": {"activation_function": 0.42051878597668235, "amount_of_layers": 2.8114949470440234, "batch_size": 77.39063876785218, "dropout_rate": 0.26236427332790674, "epochs": 43.92461710452902, "hidden_channels": 119.76104836587619, "learning_rate": 0.010035457122732128, "optimizer": 1.0442093022972212, "pooling_algorithm": 0.651070077779633}, "datetime": {"datetime": "2023-11-28 01:19:32", "elapsed": 308.536318, "delta": 0.949272}}
{"target": 0.9035714285714285, "params": {"activation_function": 0.024806660184095053, "amount_of_layers": 5.047312156787293, "batch_size": 111.07134790397157, "dropout_rate": 0.6101827569379468, "epochs": 71.4730668915395, "hidden_channels": 89.30867952743571, "learning_rate": 0.010405368842049015, "optimizer": 0.1754491175499442, "pooling_algorithm": 0.8021989018615343}, "datetime": {"datetime": "2023-11-28 01:19:34", "elapsed": 310.201767, "delta": 1.665449}}
{"target": 0.9285714285714286, "params": {"activation_function": 1.5085188978235076, "amount_of_layers": 5.705895147571737, "batch_size": 112.65221129643156, "dropout_rate": 0.33015316992425336, "epochs": 73.16397101918307, "hidden_channels": 89.03924203389923, "learning_rate": 0.05284320779429944, "optimizer": 0.10871936233846324, "pooling_algorithm": 0.7738350307643118}, "datetime": {"datetime": "2023-11-28 01:19:36", "elapsed": 312.013596, "delta": 1.811829}}
{"target": 0.9071428571428573, "params": {"activation_function": 0.2226336723176601, "amount_of_layers": 6.230111266339797, "batch_size": 42.71075865591622, "dropout_rate": 0.28752131633293526, "epochs": 180.30180381234578, "hidden_channels": 55.90590136018168, "learning_rate": 0.02225443182935733, "optimizer": 0.4796701504036999, "pooling_algorithm": 0.5999155823777227}, "datetime": {"datetime": "2023-11-28 01:19:43", "elapsed": 319.414303, "delta": 7.400707}}
{"target": 0.0, "params": {"activation_function": 1.1047961111062499, "amount_of_layers": 8.062144193019357, "batch_size": 43.0870066359705, "dropout_rate": 0.47957442885916723, "epochs": 181.06456775920242, "hidden_channels": 58.73207231150011, "learning_rate": 0.06411096794136681, "optimizer": 0.7968289107554882, "pooling_algorithm": 0.5260860216094121}, "datetime": {"datetime": "2023-11-28 01:19:52", "elapsed": 328.353572, "delta": 8.939269}}
