{"target": 0.2571428571428572, "params": {"activation_function": 1.0618641150890653, "amount_of_layers": 6.386223390012102, "batch_size": 61.39747954050999, "dropout_rate": 0.3523344353785181, "epochs": 132.2772603225999, "hidden_channels": 68.11037203122339, "learning_rate": 0.0495718137357117, "optimizer": 0.02235923869615397, "pooling_algorithm": 0.21411773975258608}, "datetime": {"datetime": "2023-11-28 08:49:46", "elapsed": 232.880139, "delta": 4.340623}}
{"target": 0.26249999999999996, "params": {"activation_function": 1.6746200835525908, "amount_of_layers": 8.774502220331932, "batch_size": 46.452954506654294, "dropout_rate": 0.3727541370266102, "epochs": 178.09870836286893, "hidden_channels": 37.56723796138559, "learning_rate": 0.030618315016171415, "optimizer": 1.0891495561994122, "pooling_algorithm": 0.08881570707303421}, "datetime": {"datetime": "2023-11-28 08:49:56", "elapsed": 242.729659, "delta": 9.84952}}
{"target": 0.0, "params": {"activation_function": 0.4594105871246861, "amount_of_layers": 3.3785466741986827, "batch_size": 47.632643160715986, "dropout_rate": 0.6885132376361103, "epochs": 119.81961993792042, "hidden_channels": 56.239438906001574, "learning_rate": 0.09342845593074346, "optimizer": 1.7059431577060746, "pooling_algorithm": 0.131755042553379}, "datetime": {"datetime": "2023-11-28 08:50:00", "elapsed": 246.392196, "delta": 3.662537}}
{"target": 0.7392857142857143, "params": {"activation_function": 1.3968681171219233, "amount_of_layers": 7.548342911361998, "batch_size": 47.13439125160622, "dropout_rate": 0.5609476629739165, "epochs": 194.64154207111392, "hidden_channels": 45.627600201886, "learning_rate": 0.04345877038465453, "optimizer": 1.4743969600760505, "pooling_algorithm": 0.27203536998392897}, "datetime": {"datetime": "2023-11-28 08:50:10", "elapsed": 256.343374, "delta": 9.951178}}
{"target": 0.2625, "params": {"activation_function": 1.2285282008522098, "amount_of_layers": 8.484007832568452, "batch_size": 62.787454668553075, "dropout_rate": 0.3391741557178474, "epochs": 187.23509180067632, "hidden_channels": 55.16724782692717, "learning_rate": 0.00403034155498699, "optimizer": 1.3357302797788424, "pooling_algorithm": 0.2730198145120797}, "datetime": {"datetime": "2023-11-28 08:50:17", "elapsed": 263.931396, "delta": 7.588022}}
{"target": 0.0, "params": {"activation_function": 0.39021337233024234, "amount_of_layers": 5.399948834881982, "batch_size": 134.60533254707397, "dropout_rate": 0.36118633048283955, "epochs": 21.75659145740549, "hidden_channels": 88.50098414479355, "learning_rate": 0.03194485643400799, "optimizer": 1.6415371120447075, "pooling_algorithm": 0.3424840728054116}, "datetime": {"datetime": "2023-11-28 08:50:18", "elapsed": 264.536139, "delta": 0.604743}}
{"target": 0.7714285714285716, "params": {"activation_function": 1.801609051448824, "amount_of_layers": 3.6274338214842246, "batch_size": 143.25636843595197, "dropout_rate": 0.5439438296776782, "epochs": 66.45154139903434, "hidden_channels": 56.58315765207721, "learning_rate": 0.07194583524270282, "optimizer": 0.3502562735571271, "pooling_algorithm": 0.19336612479396875}, "datetime": {"datetime": "2023-11-28 08:50:19", "elapsed": 265.984013, "delta": 1.447874}}
{"target": 0.5, "params": {"activation_function": 1.9106134184355108, "amount_of_layers": 4.291707861619102, "batch_size": 58.703715568224766, "dropout_rate": 0.2919058361173078, "epochs": 129.88352370136366, "hidden_channels": 68.6017472035995, "learning_rate": 0.053713543765894066, "optimizer": 0.9916217835593932, "pooling_algorithm": 0.7893479321862082}, "datetime": {"datetime": "2023-11-28 08:50:23", "elapsed": 269.957371, "delta": 3.973358}}
{"target": 0.5, "params": {"activation_function": 1.770437740205888, "amount_of_layers": 3.705293704373398, "batch_size": 69.8907495721625, "dropout_rate": 0.7366459987163694, "epochs": 188.52927431178512, "hidden_channels": 25.213313513103078, "learning_rate": 0.07216385540081023, "optimizer": 1.0783001012499318, "pooling_algorithm": 0.9868209367285781}, "datetime": {"datetime": "2023-11-28 08:50:29", "elapsed": 275.32377, "delta": 5.366399}}
{"target": 0.9035714285714286, "params": {"activation_function": 1.0235524086156047, "amount_of_layers": 2.3791009054528853, "batch_size": 100.1318976976642, "dropout_rate": 0.493862213198213, "epochs": 25.21092511733273, "hidden_channels": 27.44295277371096, "learning_rate": 0.0016163580175898242, "optimizer": 0.83749964050485, "pooling_algorithm": 0.8255948809973482}, "datetime": {"datetime": "2023-11-28 08:50:29", "elapsed": 275.871921, "delta": 0.548151}}
{"target": 0.09999999999999999, "params": {"activation_function": 1.6516115459853253, "amount_of_layers": 7.83456681471006, "batch_size": 50.78318621849635, "dropout_rate": 0.43327535785065424, "epochs": 131.69785533874472, "hidden_channels": 69.6530284365937, "learning_rate": 0.011303232958764415, "optimizer": 1.2473585011349646, "pooling_algorithm": 0.8794504446949406}, "datetime": {"datetime": "2023-11-28 08:50:35", "elapsed": 281.20776, "delta": 5.335839}}
{"target": 0.7392857142857143, "params": {"activation_function": 1.4581810383341511, "amount_of_layers": 8.468998504681943, "batch_size": 47.405738371031745, "dropout_rate": 0.6555057241899571, "epochs": 128.02703718926847, "hidden_channels": 60.989608251362746, "learning_rate": 0.022995758730960526, "optimizer": 0.9771766158441466, "pooling_algorithm": 0.10684390259789123}, "datetime": {"datetime": "2023-11-28 08:50:41", "elapsed": 287.872013, "delta": 6.664253}}
{"target": 0.5, "params": {"activation_function": 0.04385509350801553, "amount_of_layers": 4.175504638403034, "batch_size": 46.23229577857376, "dropout_rate": 0.3890347057337181, "epochs": 144.61072790277356, "hidden_channels": 83.85490799809234, "learning_rate": 0.09238462431626453, "optimizer": 0.7139744920718316, "pooling_algorithm": 0.6357384801761241}, "datetime": {"datetime": "2023-11-28 08:50:46", "elapsed": 293.130232, "delta": 5.258219}}
{"target": 0.5, "params": {"activation_function": 0.12159023504782795, "amount_of_layers": 2.997808993210665, "batch_size": 67.72578282226685, "dropout_rate": 0.2689996318396689, "epochs": 125.07514590308786, "hidden_channels": 55.104191576667056, "learning_rate": 0.08033168333629499, "optimizer": 1.3659297637805816, "pooling_algorithm": 0.4078004817152938}, "datetime": {"datetime": "2023-11-28 08:50:50", "elapsed": 296.4409, "delta": 3.310668}}
{"target": 0.7375, "params": {"activation_function": 1.7570267749391388, "amount_of_layers": 7.951056945954197, "batch_size": 48.94745753201562, "dropout_rate": 0.555606085928205, "epochs": 196.48790315099234, "hidden_channels": 43.905468959294296, "learning_rate": 0.09054436840489005, "optimizer": 0.6018066185011897, "pooling_algorithm": 0.2733109150871327}, "datetime": {"datetime": "2023-11-28 08:51:00", "elapsed": 306.407712, "delta": 9.966812}}
{"target": 0.35, "params": {"activation_function": 1.2075736566682052, "amount_of_layers": 4.190261113354919, "batch_size": 45.870556724693955, "dropout_rate": 0.5109128863748913, "epochs": 164.9217297378684, "hidden_channels": 67.64511726410483, "learning_rate": 0.02831019051494366, "optimizer": 0.7792688445673426, "pooling_algorithm": 0.6475756142113974}, "datetime": {"datetime": "2023-11-28 08:51:06", "elapsed": 312.340371, "delta": 5.932659}}
{"target": 0.5, "params": {"activation_function": 1.4770392970675255, "amount_of_layers": 2.296744586449835, "batch_size": 142.58492453177504, "dropout_rate": 0.43022369279413, "epochs": 65.86079114026464, "hidden_channels": 59.00815898945419, "learning_rate": 0.04258481516026001, "optimizer": 1.264631165453789, "pooling_algorithm": 0.7508461868496678}, "datetime": {"datetime": "2023-11-28 08:51:07", "elapsed": 313.545844, "delta": 1.205473}}
{"target": 0.5, "params": {"activation_function": 0.8010687016487772, "amount_of_layers": 8.494767210450178, "batch_size": 55.75520595600235, "dropout_rate": 0.4433963955847614, "epochs": 116.15890111276151, "hidden_channels": 50.75069458051334, "learning_rate": 0.028128041990281464, "optimizer": 0.5513926858916631, "pooling_algorithm": 0.6399301729062403}, "datetime": {"datetime": "2023-11-28 08:51:12", "elapsed": 318.321729, "delta": 4.775885}}
{"target": 0.7785714285714286, "params": {"activation_function": 1.0914940458761728, "amount_of_layers": 2.3881866622461807, "batch_size": 63.79006391933194, "dropout_rate": 0.48662297830670126, "epochs": 176.1167455242004, "hidden_channels": 28.293360552450174, "learning_rate": 0.06261028205764148, "optimizer": 0.33797634058624015, "pooling_algorithm": 0.3584026738636167}, "datetime": {"datetime": "2023-11-28 08:51:16", "elapsed": 322.220198, "delta": 3.898469}}
{"target": 0.27142857142857146, "params": {"activation_function": 0.7391835342585347, "amount_of_layers": 3.5785614697040327, "batch_size": 68.62482646640257, "dropout_rate": 0.4200013169154643, "epochs": 122.03997062517574, "hidden_channels": 56.543539454166876, "learning_rate": 0.0074395541146855225, "optimizer": 1.6291916439533463, "pooling_algorithm": 0.4134554776762458}, "datetime": {"datetime": "2023-11-28 08:51:19", "elapsed": 325.764009, "delta": 3.543811}}
{"target": 0.5, "params": {"activation_function": 0.6345438879717598, "amount_of_layers": 6.27814768307105, "batch_size": 87.40715162093753, "dropout_rate": 0.5488433556829557, "epochs": 114.10530538126281, "hidden_channels": 69.23590745176523, "learning_rate": 0.07757764103435424, "optimizer": 0.8670240886824012, "pooling_algorithm": 0.9909921263143073}, "datetime": {"datetime": "2023-11-28 08:51:22", "elapsed": 328.712691, "delta": 2.948682}}
{"target": 0.8392857142857143, "params": {"activation_function": 0.6458629529107967, "amount_of_layers": 3.3280152638627536, "batch_size": 64.20438260407849, "dropout_rate": 0.3707121726163336, "epochs": 113.77669068405524, "hidden_channels": 90.3843762537047, "learning_rate": 0.011916157596854715, "optimizer": 1.4380913452191937, "pooling_algorithm": 0.11249658018833197}, "datetime": {"datetime": "2023-11-28 08:51:25", "elapsed": 331.815288, "delta": 3.102597}}
{"target": 0.9071428571428571, "params": {"activation_function": 0.7019759352963308, "amount_of_layers": 8.72759606722311, "batch_size": 95.1041669066268, "dropout_rate": 0.39817351790353966, "epochs": 196.1901480164149, "hidden_channels": 74.4731456764964, "learning_rate": 0.07305083313816921, "optimizer": 0.37089206495945626, "pooling_algorithm": 0.5068888838246903}, "datetime": {"datetime": "2023-11-28 08:51:31", "elapsed": 337.715483, "delta": 5.900195}}
{"target": 0.5, "params": {"activation_function": 0.8369967225605857, "amount_of_layers": 6.770832736903787, "batch_size": 135.44880091438836, "dropout_rate": 0.3925270200167758, "epochs": 22.322063883928234, "hidden_channels": 87.70954399199599, "learning_rate": 0.03078072758491896, "optimizer": 0.9435421316143537, "pooling_algorithm": 0.713716348923828}, "datetime": {"datetime": "2023-11-28 08:51:32", "elapsed": 338.460495, "delta": 0.745012}}
{"target": 0.5, "params": {"activation_function": 0.7435033706362, "amount_of_layers": 2.3354380662406085, "batch_size": 45.66425123967382, "dropout_rate": 0.5073840712549891, "epochs": 106.72686626112352, "hidden_channels": 10.522512336752504, "learning_rate": 0.09391284177590489, "optimizer": 1.1385783318310985, "pooling_algorithm": 0.5555963732379856}, "datetime": {"datetime": "2023-11-28 08:51:35", "elapsed": 341.527625, "delta": 3.06713}}
{"target": 0.8178571428571428, "params": {"activation_function": 0.6936497938236383, "amount_of_layers": 2.8990328808510615, "batch_size": 93.1305179506158, "dropout_rate": 0.2562123812823155, "epochs": 54.30229658770854, "hidden_channels": 8.108693516088803, "learning_rate": 0.017659721565004588, "optimizer": 1.5993487766036891, "pooling_algorithm": 0.17455038187793903}, "datetime": {"datetime": "2023-11-28 08:51:36", "elapsed": 342.694324, "delta": 1.166699}}
{"target": 0.2678571428571429, "params": {"activation_function": 0.8723492350782089, "amount_of_layers": 7.002927837134152, "batch_size": 25.98893430269164, "dropout_rate": 0.6219305470283543, "epochs": 59.47950878503266, "hidden_channels": 8.204663196359117, "learning_rate": 0.042768110425097566, "optimizer": 0.4567609373952568, "pooling_algorithm": 0.20147865895405326}, "datetime": {"datetime": "2023-11-28 08:51:40", "elapsed": 346.734566, "delta": 4.040242}}
{"target": 0.7214285714285715, "params": {"activation_function": 0.9428714672564158, "amount_of_layers": 3.3287263766418214, "batch_size": 45.72688581829259, "dropout_rate": 0.5696701024249555, "epochs": 169.030916260514, "hidden_channels": 78.01230954315031, "learning_rate": 0.0878359936527706, "optimizer": 1.3468375711077656, "pooling_algorithm": 0.396103877935708}, "datetime": {"datetime": "2023-11-28 08:51:46", "elapsed": 352.229291, "delta": 5.494725}}
{"target": 0.9035714285714286, "params": {"activation_function": 0.7730814129776731, "amount_of_layers": 2.608912711333778, "batch_size": 29.338839641318206, "dropout_rate": 0.6395817799901287, "epochs": 196.2087947359356, "hidden_channels": 8.78443221058995, "learning_rate": 0.08578633202714821, "optimizer": 0.43928608240074407, "pooling_algorithm": 0.5656877807381554}, "datetime": {"datetime": "2023-11-28 08:51:54", "elapsed": 360.465379, "delta": 8.236088}}
{"target": 0.0, "params": {"activation_function": 0.5074502335568718, "amount_of_layers": 6.362443856591505, "batch_size": 74.63306511746691, "dropout_rate": 0.728674606797501, "epochs": 159.45283832964455, "hidden_channels": 94.2717503567045, "learning_rate": 0.06811141775500366, "optimizer": 1.65480693712313, "pooling_algorithm": 0.0604198827684731}, "datetime": {"datetime": "2023-11-28 08:51:58", "elapsed": 364.474444, "delta": 4.009065}}
{"target": 0.2678571428571429, "params": {"activation_function": 1.493679577708323, "amount_of_layers": 4.523910194147483, "batch_size": 117.74975081215621, "dropout_rate": 0.6635478073352794, "epochs": 96.09420220876589, "hidden_channels": 35.95034933843277, "learning_rate": 0.07599644373084188, "optimizer": 1.63045038592994, "pooling_algorithm": 0.06445660955382593}, "datetime": {"datetime": "2023-11-28 08:52:00", "elapsed": 366.814381, "delta": 2.339937}}
{"target": 0.5, "params": {"activation_function": 0.43733507498255686, "amount_of_layers": 4.560651158719182, "batch_size": 76.89743460781385, "dropout_rate": 0.564653369481923, "epochs": 151.11539868852617, "hidden_channels": 62.22940655192996, "learning_rate": 0.09080611149753001, "optimizer": 1.2279798854365738, "pooling_algorithm": 0.6501764377538042}, "datetime": {"datetime": "2023-11-28 08:52:04", "elapsed": 370.428826, "delta": 3.614445}}
{"target": 0.7392857142857143, "params": {"activation_function": 1.8088942570768862, "amount_of_layers": 8.680880827525097, "batch_size": 110.7262397086936, "dropout_rate": 0.6941130060850533, "epochs": 42.39836181355316, "hidden_channels": 113.522945430892, "learning_rate": 0.01591817030646048, "optimizer": 1.4801136888317867, "pooling_algorithm": 0.3499879547321644}, "datetime": {"datetime": "2023-11-28 08:52:05", "elapsed": 371.861492, "delta": 1.432666}}
{"target": 0.9035714285714286, "params": {"activation_function": 1.4799191536708236, "amount_of_layers": 2.443518249924754, "batch_size": 20.269543738720266, "dropout_rate": 0.30745189035334397, "epochs": 98.62793133736965, "hidden_channels": 63.26710096098123, "learning_rate": 0.09606542081887826, "optimizer": 0.321813981639965, "pooling_algorithm": 0.9142387005313329}, "datetime": {"datetime": "2023-11-28 08:52:10", "elapsed": 376.559802, "delta": 4.69831}}
{"target": 0.26249999999999996, "params": {"activation_function": 1.0382370178670008, "amount_of_layers": 3.5506086133178574, "batch_size": 65.59185719539286, "dropout_rate": 0.569610757176662, "epochs": 79.95357137765055, "hidden_channels": 54.20421743153951, "learning_rate": 0.08231248206717434, "optimizer": 0.8477270248061048, "pooling_algorithm": 0.26586299909557853}, "datetime": {"datetime": "2023-11-28 08:52:12", "elapsed": 379.060268, "delta": 2.500466}}
{"target": 0.0, "params": {"activation_function": 1.8185872625225576, "amount_of_layers": 6.8691567932818245, "batch_size": 142.6531739134437, "dropout_rate": 0.28658956977863254, "epochs": 158.39780105448537, "hidden_channels": 93.58570379047691, "learning_rate": 0.057218522088860364, "optimizer": 1.1265418297654726, "pooling_algorithm": 0.5761850156226834}, "datetime": {"datetime": "2023-11-28 08:52:17", "elapsed": 383.304996, "delta": 4.244728}}
{"target": 0.5, "params": {"activation_function": 1.3900187832381077, "amount_of_layers": 7.295093812918766, "batch_size": 88.46218642455318, "dropout_rate": 0.36771513481468315, "epochs": 196.61319424435936, "hidden_channels": 97.1695468366358, "learning_rate": 0.07032873112587058, "optimizer": 0.8425990671087751, "pooling_algorithm": 0.7770618069551716}, "datetime": {"datetime": "2023-11-28 08:52:22", "elapsed": 388.706974, "delta": 5.401978}}
{"target": 0.7357142857142858, "params": {"activation_function": 0.6525573613608104, "amount_of_layers": 3.892176519458988, "batch_size": 93.39718269198414, "dropout_rate": 0.4764385662067553, "epochs": 119.51467813432409, "hidden_channels": 73.99910671037603, "learning_rate": 0.03324322974034543, "optimizer": 1.1485283931930577, "pooling_algorithm": 0.39940184574655746}, "datetime": {"datetime": "2023-11-28 08:52:25", "elapsed": 391.459935, "delta": 2.752961}}
{"target": 0.5, "params": {"activation_function": 1.2603092687085946, "amount_of_layers": 4.4992185377519895, "batch_size": 19.18599477476994, "dropout_rate": 0.6983882168462745, "epochs": 91.24974083221224, "hidden_channels": 68.15067252723534, "learning_rate": 0.04588943987637844, "optimizer": 0.9189527583730452, "pooling_algorithm": 0.6354017833891182}, "datetime": {"datetime": "2023-11-28 08:52:31", "elapsed": 397.338329, "delta": 5.878394}}
{"target": 0.26249999999999996, "params": {"activation_function": 0.9002728883566236, "amount_of_layers": 5.417616686510617, "batch_size": 114.04196494214403, "dropout_rate": 0.47540722646533407, "epochs": 43.94172551346765, "hidden_channels": 40.17012624543156, "learning_rate": 0.06257757897951859, "optimizer": 0.8649427782818304, "pooling_algorithm": 0.37960998153332504}, "datetime": {"datetime": "2023-11-28 08:52:32", "elapsed": 398.552014, "delta": 1.213685}}
{"target": 0.0, "params": {"activation_function": 1.6753884740832725, "amount_of_layers": 3.0391667348431994, "batch_size": 147.42354378257573, "dropout_rate": 0.6804597949534089, "epochs": 59.97621667410457, "hidden_channels": 102.92032167637996, "learning_rate": 0.05523459315980915, "optimizer": 1.737905401525337, "pooling_algorithm": 0.3979621628958281}, "datetime": {"datetime": "2023-11-28 08:52:33", "elapsed": 399.783551, "delta": 1.231537}}
{"target": 0.3035714285714286, "params": {"activation_function": 1.7921414348776827, "amount_of_layers": 8.94100737412727, "batch_size": 120.84083206069603, "dropout_rate": 0.7118547308161071, "epochs": 47.1446200105708, "hidden_channels": 124.81026523646568, "learning_rate": 0.09446740641106544, "optimizer": 1.6334358506451163, "pooling_algorithm": 0.42864346746493664}, "datetime": {"datetime": "2023-11-28 08:52:35", "elapsed": 401.3861, "delta": 1.602549}}
{"target": 0.2642857142857143, "params": {"activation_function": 1.3797755476097602, "amount_of_layers": 4.111971461708466, "batch_size": 147.9442569108934, "dropout_rate": 0.3115014258959366, "epochs": 33.61825777271518, "hidden_channels": 37.365166615846405, "learning_rate": 0.07571931083681514, "optimizer": 0.5525101154043146, "pooling_algorithm": 0.3028640482675734}, "datetime": {"datetime": "2023-11-28 08:52:36", "elapsed": 402.268549, "delta": 0.882449}}
{"target": 0.8178571428571428, "params": {"activation_function": 1.896641357368897, "amount_of_layers": 6.054936720832129, "batch_size": 42.913590830048044, "dropout_rate": 0.45067772630719866, "epochs": 167.93209307164713, "hidden_channels": 105.868093591605, "learning_rate": 0.08994297370165068, "optimizer": 0.30050522483381514, "pooling_algorithm": 0.04250632087648831}, "datetime": {"datetime": "2023-11-28 08:52:43", "elapsed": 409.556608, "delta": 7.288059}}
{"target": 0.26071428571428573, "params": {"activation_function": 1.0043930862552677, "amount_of_layers": 7.484261142085176, "batch_size": 54.54366204343606, "dropout_rate": 0.38021299361511046, "epochs": 166.93481880658118, "hidden_channels": 77.10265177092279, "learning_rate": 0.08482673094433123, "optimizer": 0.005288513436446207, "pooling_algorithm": 0.3635233406271122}, "datetime": {"datetime": "2023-11-28 08:52:49", "elapsed": 415.81618, "delta": 6.259572}}
{"target": 0.9178571428571428, "params": {"activation_function": 1.5365606967752294, "amount_of_layers": 8.140981955653572, "batch_size": 133.76369258210542, "dropout_rate": 0.5570660669739173, "epochs": 166.98331434236806, "hidden_channels": 123.84227593721508, "learning_rate": 0.04024357766205888, "optimizer": 0.27737393971754565, "pooling_algorithm": 0.9076478736134245}, "datetime": {"datetime": "2023-11-28 08:52:54", "elapsed": 420.614886, "delta": 4.798706}}
{"target": 0.5, "params": {"activation_function": 1.3995587407154808, "amount_of_layers": 2.0189428361218322, "batch_size": 123.73191371133078, "dropout_rate": 0.513336966810531, "epochs": 175.96942041473037, "hidden_channels": 118.98960057461956, "learning_rate": 0.0370473681296401, "optimizer": 1.803482644150465, "pooling_algorithm": 0.2304632473063647}, "datetime": {"datetime": "2023-11-28 08:52:57", "elapsed": 423.827684, "delta": 3.212798}}
