{"target": 0.7160714285714286, "params": {"activation_function": 1.2932453472808783, "amount_of_layers": 8.724480633623704, "batch_size": 33.105869560349475, "dropout_rate": 0.3163072353897315, "epochs": 107.6011396590902, "hidden_channels": 66.4049292002082, "learning_rate": 0.08129141644691154, "optimizer": 1.276008006530055, "pooling_algorithm": 0.18757298350734553}, "datetime": {"datetime": "2023-11-28 04:41:08", "elapsed": 172.930964, "delta": 7.5205}}
{"target": 0.2589285714285714, "params": {"activation_function": 2.0, "amount_of_layers": 1.0, "batch_size": 105.40257595687284, "dropout_rate": 0.75, "epochs": 111.27454651911287, "hidden_channels": 40.88858838999664, "learning_rate": 0.001, "optimizer": 0.0, "pooling_algorithm": 0.0}, "datetime": {"datetime": "2023-11-28 04:41:11", "elapsed": 174.997603, "delta": 2.066639}}
{"target": 0.8535714285714285, "params": {"activation_function": 0.0, "amount_of_layers": 9.0, "batch_size": 123.5458618571894, "dropout_rate": 0.75, "epochs": 109.26316511944636, "hidden_channels": 30.834636602873747, "learning_rate": 0.001, "optimizer": 2.0, "pooling_algorithm": 1.0}, "datetime": {"datetime": "2023-11-28 04:41:14", "elapsed": 178.574832, "delta": 3.577229}}
{"target": 0.9035714285714285, "params": {"activation_function": 0.09403599151909096, "amount_of_layers": 8.533838938110843, "batch_size": 120.81766497842635, "dropout_rate": 0.25, "epochs": 98.64396912976315, "hidden_channels": 42.27639680058763, "learning_rate": 0.1, "optimizer": 0.0, "pooling_algorithm": 1.0}, "datetime": {"datetime": "2023-11-28 04:41:18", "elapsed": 181.998564, "delta": 3.423732}}
{"target": 0.9071428571428573, "params": {"activation_function": 0.0, "amount_of_layers": 2.9607254359004385, "batch_size": 129.20334553917675, "dropout_rate": 0.25, "epochs": 109.32983405472038, "hidden_channels": 45.652643602142774, "learning_rate": 0.1, "optimizer": 0.0, "pooling_algorithm": 1.0}, "datetime": {"datetime": "2023-11-28 04:41:20", "elapsed": 184.494064, "delta": 2.4955}}
{"target": 0.9125000000000001, "params": {"activation_function": 0.0, "amount_of_layers": 1.0, "batch_size": 29.57810853935639, "dropout_rate": 0.75, "epochs": 90.20942689305704, "hidden_channels": 52.16967092026209, "learning_rate": 0.1, "optimizer": 0.0, "pooling_algorithm": 1.0}, "datetime": {"datetime": "2023-11-28 04:41:23", "elapsed": 187.41424, "delta": 2.920176}}
{"target": 0.8999999999999999, "params": {"activation_function": 0.0, "amount_of_layers": 9.0, "batch_size": 122.56779467267278, "dropout_rate": 0.75, "epochs": 103.79302741733987, "hidden_channels": 57.80032064254979, "learning_rate": 0.001, "optimizer": 2.0, "pooling_algorithm": 1.0}, "datetime": {"datetime": "2023-11-28 04:41:27", "elapsed": 191.098618, "delta": 3.684378}}
{"target": 0.8750000000000001, "params": {"activation_function": 2.0, "amount_of_layers": 5.786949412714153, "batch_size": 138.00998525127767, "dropout_rate": 0.4333600628523576, "epochs": 14.8280737985992, "hidden_channels": 61.47614866219541, "learning_rate": 0.001, "optimizer": 0.18854971602017073, "pooling_algorithm": 1.0}, "datetime": {"datetime": "2023-11-28 04:41:27", "elapsed": 191.903326, "delta": 0.804708}}
{"target": 0.3107142857142857, "params": {"activation_function": 1.4258784349871945, "amount_of_layers": 1.933598549887103, "batch_size": 36.499024357273, "dropout_rate": 0.3804520981004354, "epochs": 124.32025898744477, "hidden_channels": 48.54794841781546, "learning_rate": 0.07657610348065672, "optimizer": 0.11121526166638751, "pooling_algorithm": 0.2280938380488161}, "datetime": {"datetime": "2023-11-28 04:41:32", "elapsed": 196.294738, "delta": 4.391412}}
{"target": 0.8982142857142856, "params": {"activation_function": 2.0, "amount_of_layers": 1.0, "batch_size": 150.0, "dropout_rate": 0.25, "epochs": 10.0, "hidden_channels": 59.691430193106584, "learning_rate": 0.001, "optimizer": 2.0, "pooling_algorithm": 1.0}, "datetime": {"datetime": "2023-11-28 04:41:32", "elapsed": 196.851997, "delta": 0.557259}}
{"target": 0.0, "params": {"activation_function": 0.0, "amount_of_layers": 1.0, "batch_size": 114.57924273278991, "dropout_rate": 0.25, "epochs": 91.34764108177964, "hidden_channels": 54.69937806039389, "learning_rate": 0.1, "optimizer": 2.0, "pooling_algorithm": 1.0}, "datetime": {"datetime": "2023-11-28 04:41:34", "elapsed": 198.772396, "delta": 1.920399}}
{"target": 0.9, "params": {"activation_function": 0.0, "amount_of_layers": 9.0, "batch_size": 29.39163045806058, "dropout_rate": 0.75, "epochs": 96.6685707777458, "hidden_channels": 51.60887398703975, "learning_rate": 0.001, "optimizer": 0.0, "pooling_algorithm": 1.0}, "datetime": {"datetime": "2023-11-28 04:41:42", "elapsed": 206.39528, "delta": 7.622884}}
{"target": 0.9089285714285714, "params": {"activation_function": 0.4015265173065854, "amount_of_layers": 8.390018540391342, "batch_size": 37.49547265592767, "dropout_rate": 0.5856209002880777, "epochs": 81.31673242005706, "hidden_channels": 52.920252680022, "learning_rate": 0.022847387453652692, "optimizer": 1.1613615911870425, "pooling_algorithm": 0.8296862792964279}, "datetime": {"datetime": "2023-11-28 04:41:47", "elapsed": 211.791901, "delta": 5.396621}}
{"target": 0.19642857142857142, "params": {"activation_function": 2.0, "amount_of_layers": 9.0, "batch_size": 135.1057846979894, "dropout_rate": 0.75, "epochs": 106.33073958184198, "hidden_channels": 55.74796029404723, "learning_rate": 0.001, "optimizer": 0.0, "pooling_algorithm": 0.0}, "datetime": {"datetime": "2023-11-28 04:41:51", "elapsed": 215.477104, "delta": 3.685203}}
{"target": 0.8428571428571429, "params": {"activation_function": 0.1592595896711324, "amount_of_layers": 1.0153371072818675, "batch_size": 124.12096186970594, "dropout_rate": 0.7157002289158423, "epochs": 108.36132693296692, "hidden_channels": 39.59914626593647, "learning_rate": 0.038541118664301016, "optimizer": 1.3340670396346725, "pooling_algorithm": 0.6926440597507617}, "datetime": {"datetime": "2023-11-28 04:41:53", "elapsed": 217.564984, "delta": 2.08788}}
{"target": 0.9232142857142858, "params": {"activation_function": 0.0, "amount_of_layers": 1.0, "batch_size": 133.6728236596589, "dropout_rate": 0.25, "epochs": 116.28366564152778, "hidden_channels": 23.390364416645127, "learning_rate": 0.1, "optimizer": 0.0, "pooling_algorithm": 1.0}, "datetime": {"datetime": "2023-11-28 04:41:55", "elapsed": 219.533336, "delta": 1.968352}}
{"target": 0.2642857142857143, "params": {"activation_function": 0.8303516188455531, "amount_of_layers": 5.705880923874005, "batch_size": 134.30188783981134, "dropout_rate": 0.7287043996398141, "epochs": 119.49163303837908, "hidden_channels": 36.3070535820556, "learning_rate": 0.07544802003181075, "optimizer": 0.0907340400691079, "pooling_algorithm": 0.42385557535948415}, "datetime": {"datetime": "2023-11-28 04:41:58", "elapsed": 222.762901, "delta": 3.229565}}
{"target": 0.24107142857142858, "params": {"activation_function": 1.4223171734772242, "amount_of_layers": 2.6843712362729395, "batch_size": 133.36910047171878, "dropout_rate": 0.5281848472494683, "epochs": 108.52832411147024, "hidden_channels": 17.31058267270073, "learning_rate": 0.040531445492202646, "optimizer": 1.5039855382312453, "pooling_algorithm": 0.400445184298175}, "datetime": {"datetime": "2023-11-28 04:42:01", "elapsed": 225.194047, "delta": 2.431146}}
{"target": 0.9142857142857144, "params": {"activation_function": 0.0, "amount_of_layers": 1.0, "batch_size": 33.5778404214792, "dropout_rate": 0.75, "epochs": 101.8778147292315, "hidden_channels": 55.234162053340306, "learning_rate": 0.1, "optimizer": 0.0, "pooling_algorithm": 1.0}, "datetime": {"datetime": "2023-11-28 04:42:04", "elapsed": 228.319682, "delta": 3.125635}}
{"target": 0.9285714285714286, "params": {"activation_function": 0.0, "amount_of_layers": 1.3728636894307849, "batch_size": 124.77569365596659, "dropout_rate": 0.25, "epochs": 121.31960248282006, "hidden_channels": 20.385174081391472, "learning_rate": 0.1, "optimizer": 0.0, "pooling_algorithm": 1.0}, "datetime": {"datetime": "2023-11-28 04:42:06", "elapsed": 230.48651, "delta": 2.166828}}
{"target": 0.3, "params": {"activation_function": 0.8232965011125666, "amount_of_layers": 1.68337203877791, "batch_size": 114.74016185457081, "dropout_rate": 0.26748222734618704, "epochs": 112.36833689234469, "hidden_channels": 23.40497212326636, "learning_rate": 0.037136276390561974, "optimizer": 0.4101782856654206, "pooling_algorithm": 0.19170781637717105}, "datetime": {"datetime": "2023-11-28 04:42:08", "elapsed": 232.807143, "delta": 2.320633}}
{"target": 0.8214285714285714, "params": {"activation_function": 2.0, "amount_of_layers": 8.316460381848854, "batch_size": 121.42075417498374, "dropout_rate": 0.75, "epochs": 98.87289368440399, "hidden_channels": 32.524312382008866, "learning_rate": 0.001, "optimizer": 0.0, "pooling_algorithm": 1.0}, "datetime": {"datetime": "2023-11-28 04:42:11", "elapsed": 235.83665, "delta": 3.029507}}
{"target": 0.8964285714285715, "params": {"activation_function": 0.0, "amount_of_layers": 6.264115447436921, "batch_size": 31.352852259406333, "dropout_rate": 0.75, "epochs": 91.9002591571067, "hidden_channels": 60.3949209989968, "learning_rate": 0.001, "optimizer": 2.0, "pooling_algorithm": 1.0}, "datetime": {"datetime": "2023-11-28 04:42:16", "elapsed": 240.861712, "delta": 5.025062}}
{"target": 0.7892857142857143, "params": {"activation_function": 0.0, "amount_of_layers": 9.0, "batch_size": 147.4469274946417, "dropout_rate": 0.75, "epochs": 11.432514077514613, "hidden_channels": 65.00841197582308, "learning_rate": 0.1, "optimizer": 0.0, "pooling_algorithm": 0.0}, "datetime": {"datetime": "2023-11-28 04:42:17", "elapsed": 241.532377, "delta": 0.670665}}
{"target": 0.11607142857142855, "params": {"activation_function": 1.9185446170670577, "amount_of_layers": 5.649709318098691, "batch_size": 27.096633818158885, "dropout_rate": 0.40808262304017034, "epochs": 81.11506960787713, "hidden_channels": 53.53905598766049, "learning_rate": 0.012356154892864016, "optimizer": 0.9157925346685092, "pooling_algorithm": 0.7353780298940117}, "datetime": {"datetime": "2023-11-28 04:42:22", "elapsed": 246.837949, "delta": 5.305572}}
{"target": 0.5, "params": {"activation_function": 0.0, "amount_of_layers": 8.211600187665368, "batch_size": 122.79124192051896, "dropout_rate": 0.25, "epochs": 105.90428322496747, "hidden_channels": 47.0169390579143, "learning_rate": 0.1, "optimizer": 2.0, "pooling_algorithm": 1.0}, "datetime": {"datetime": "2023-11-28 04:42:26", "elapsed": 250.114851, "delta": 3.276902}}
{"target": 0.5, "params": {"activation_function": 0.0, "amount_of_layers": 3.596449874055542, "batch_size": 34.5975985626653, "dropout_rate": 0.75, "epochs": 94.41804674678768, "hidden_channels": 53.12336476354675, "learning_rate": 0.1, "optimizer": 2.0, "pooling_algorithm": 1.0}, "datetime": {"datetime": "2023-11-28 04:42:30", "elapsed": 254.20766, "delta": 4.092809}}
{"target": 0.575, "params": {"activation_function": 0.6150462847664371, "amount_of_layers": 7.252704432731459, "batch_size": 30.024630922606924, "dropout_rate": 0.33167528253153333, "epochs": 104.97395424534987, "hidden_channels": 57.4588974464743, "learning_rate": 0.045891633198549504, "optimizer": 0.8567858466164748, "pooling_algorithm": 0.8626801866124276}, "datetime": {"datetime": "2023-11-28 04:42:36", "elapsed": 260.32352, "delta": 6.11586}}
{"target": 0.9017857142857143, "params": {"activation_function": 0.9713433535738529, "amount_of_layers": 4.619466939140734, "batch_size": 128.22709385067537, "dropout_rate": 0.4846958476328127, "epochs": 117.13320312934704, "hidden_channels": 23.78330781800646, "learning_rate": 0.010171099441553054, "optimizer": 1.1746501687596491, "pooling_algorithm": 0.7745468747684457}, "datetime": {"datetime": "2023-11-28 04:42:39", "elapsed": 263.117355, "delta": 2.793835}}
{"target": 0.5, "params": {"activation_function": 1.2584942257362506, "amount_of_layers": 8.202020469603566, "batch_size": 115.8780962382363, "dropout_rate": 0.3561750255180039, "epochs": 101.47866542444811, "hidden_channels": 37.821433909173265, "learning_rate": 0.062437970637757356, "optimizer": 1.432160607520743, "pooling_algorithm": 0.9677207131493867}, "datetime": {"datetime": "2023-11-28 04:42:42", "elapsed": 266.114579, "delta": 2.997224}}
{"target": 0.7410714285714286, "params": {"activation_function": 1.9823727179408293, "amount_of_layers": 5.672228411344632, "batch_size": 127.85011650903841, "dropout_rate": 0.6793690632997527, "epochs": 122.29723350755225, "hidden_channels": 20.56543805914398, "learning_rate": 0.0530639682791166, "optimizer": 1.972740026884792, "pooling_algorithm": 0.18979355167232603}, "datetime": {"datetime": "2023-11-28 04:42:45", "elapsed": 269.112472, "delta": 2.997893}}
{"target": 0.9142857142857144, "params": {"activation_function": 0.0, "amount_of_layers": 3.7855043912358384, "batch_size": 26.99547933598427, "dropout_rate": 0.75, "epochs": 96.39472769569474, "hidden_channels": 56.842336602441385, "learning_rate": 0.02439978911737609, "optimizer": 0.0, "pooling_algorithm": 1.0}, "datetime": {"datetime": "2023-11-28 04:42:49", "elapsed": 273.802795, "delta": 4.690323}}
{"target": 0.7785714285714287, "params": {"activation_function": 0.1507845179772802, "amount_of_layers": 2.24028446948621, "batch_size": 33.02345659680596, "dropout_rate": 0.5251991702682689, "epochs": 98.20431979335451, "hidden_channels": 61.55803674009585, "learning_rate": 0.008587133894844423, "optimizer": 1.1093664717742913, "pooling_algorithm": 0.6969823359373816}, "datetime": {"datetime": "2023-11-28 04:42:53", "elapsed": 277.056227, "delta": 3.253432}}
{"target": 0.9178571428571428, "params": {"activation_function": 0.0, "amount_of_layers": 2.2474909546410107, "batch_size": 26.926869294934924, "dropout_rate": 0.75, "epochs": 101.07404815905527, "hidden_channels": 51.91477337223425, "learning_rate": 0.03483712914539151, "optimizer": 0.0, "pooling_algorithm": 1.0}, "datetime": {"datetime": "2023-11-28 04:42:56", "elapsed": 280.861144, "delta": 3.804917}}
{"target": 0.9035714285714286, "params": {"activation_function": 0.8048308598189241, "amount_of_layers": 2.926737622914858, "batch_size": 122.90141321808207, "dropout_rate": 0.5384291252316535, "epochs": 104.5606558467923, "hidden_channels": 32.0051784860503, "learning_rate": 0.03783802743580781, "optimizer": 0.0, "pooling_algorithm": 0.7953034124135668}, "datetime": {"datetime": "2023-11-28 04:42:59", "elapsed": 282.985292, "delta": 2.124148}}
{"target": 0.5, "params": {"activation_function": 0.4274064839931673, "amount_of_layers": 2.234829823189555, "batch_size": 144.79922621341373, "dropout_rate": 0.27673282153738427, "epochs": 15.561862387110938, "hidden_channels": 67.2735995858358, "learning_rate": 0.059038353700759605, "optimizer": 1.4908799963304922, "pooling_algorithm": 0.7143384008727246}, "datetime": {"datetime": "2023-11-28 04:42:59", "elapsed": 283.503255, "delta": 0.517963}}
{"target": 0.8999999999999999, "params": {"activation_function": 0.17417372274042653, "amount_of_layers": 5.8255577238526834, "batch_size": 24.592601265236027, "dropout_rate": 0.6935172518197288, "epochs": 95.21603995110976, "hidden_channels": 52.225343033692525, "learning_rate": 0.0031010210598248324, "optimizer": 0.44736975220925235, "pooling_algorithm": 0.8249395354044501}, "datetime": {"datetime": "2023-11-28 04:43:05", "elapsed": 289.090702, "delta": 5.587447}}
{"target": 0.5, "params": {"activation_function": 1.1501349282100954, "amount_of_layers": 4.340745508835546, "batch_size": 41.12888173398429, "dropout_rate": 0.5305825858994505, "epochs": 103.94672449861237, "hidden_channels": 58.182848143032544, "learning_rate": 0.08441071602465243, "optimizer": 1.8933150875220761, "pooling_algorithm": 0.05617519425881767}, "datetime": {"datetime": "2023-11-28 04:43:09", "elapsed": 293.039923, "delta": 3.949221}}
{"target": 0.32499999999999996, "params": {"activation_function": 1.77246978305166, "amount_of_layers": 2.408393750213455, "batch_size": 21.01902207779021, "dropout_rate": 0.5760273848906713, "epochs": 101.2339208229648, "hidden_channels": 54.709853283000236, "learning_rate": 0.033772500128005804, "optimizer": 0.7911722415551952, "pooling_algorithm": 0.7936606835803439}, "datetime": {"datetime": "2023-11-28 04:43:13", "elapsed": 297.921922, "delta": 4.881999}}
{"target": 0.9, "params": {"activation_function": 1.0739272597447085, "amount_of_layers": 9.0, "batch_size": 37.00876431562219, "dropout_rate": 0.44675183872595836, "epochs": 92.81100073462758, "hidden_channels": 60.810326092883145, "learning_rate": 0.001, "optimizer": 0.0, "pooling_algorithm": 0.715637496069679}, "datetime": {"datetime": "2023-11-28 04:43:20", "elapsed": 303.987478, "delta": 6.065556}}
{"target": 0.26607142857142857, "params": {"activation_function": 0.6469985789979302, "amount_of_layers": 6.612868780554686, "batch_size": 126.94341893220866, "dropout_rate": 0.2956284949423659, "epochs": 101.23660553998947, "hidden_channels": 38.425648413603845, "learning_rate": 0.027450159297311462, "optimizer": 0.9405143428176903, "pooling_algorithm": 0.27569850789683226}, "datetime": {"datetime": "2023-11-28 04:43:22", "elapsed": 306.909108, "delta": 2.92163}}
{"target": 0.2714285714285714, "params": {"activation_function": 1.7124131012492858, "amount_of_layers": 6.198452357303712, "batch_size": 28.254160644479377, "dropout_rate": 0.6386133179754323, "epochs": 98.3369667697876, "hidden_channels": 47.61957971927121, "learning_rate": 0.06159318815577523, "optimizer": 1.6075904005877082, "pooling_algorithm": 0.358546071994147}, "datetime": {"datetime": "2023-11-28 04:43:28", "elapsed": 312.891748, "delta": 5.98264}}
{"target": 0.9071428571428571, "params": {"activation_function": 0.0, "amount_of_layers": 8.103423030343883, "batch_size": 28.297550552177317, "dropout_rate": 0.7337097752052996, "epochs": 93.65051119839177, "hidden_channels": 55.62687061777726, "learning_rate": 0.001, "optimizer": 0.0, "pooling_algorithm": 1.0}, "datetime": {"datetime": "2023-11-28 04:43:35", "elapsed": 319.636978, "delta": 6.74523}}
{"target": 0.8696428571428573, "params": {"activation_function": 0.24283574111880246, "amount_of_layers": 1.07282631788257, "batch_size": 130.4161754365843, "dropout_rate": 0.2895393390010906, "epochs": 120.77879347692553, "hidden_channels": 23.575090382712784, "learning_rate": 0.03769146521186692, "optimizer": 1.9879263357454064, "pooling_algorithm": 0.5677092212590101}, "datetime": {"datetime": "2023-11-28 04:43:37", "elapsed": 321.442689, "delta": 1.805711}}
{"target": 0.8999999999999999, "params": {"activation_function": 0.46921865084263925, "amount_of_layers": 8.14704590416918, "batch_size": 37.810540598123396, "dropout_rate": 0.5694039991403579, "epochs": 87.98900253142835, "hidden_channels": 56.88024538938511, "learning_rate": 0.006094677954105792, "optimizer": 0.35016089331674355, "pooling_algorithm": 0.7855847239355603}, "datetime": {"datetime": "2023-11-28 04:43:41", "elapsed": 325.843679, "delta": 4.40099}}
{"target": 0.9107142857142857, "params": {"activation_function": 0.06990184216680073, "amount_of_layers": 2.0108399731383813, "batch_size": 126.07228173291753, "dropout_rate": 0.47882825885722075, "epochs": 118.52358019651604, "hidden_channels": 15.590793456797316, "learning_rate": 0.03290289052860703, "optimizer": 1.1591780554662847, "pooling_algorithm": 0.7098447571090443}, "datetime": {"datetime": "2023-11-28 04:43:44", "elapsed": 328.061484, "delta": 2.217805}}
{"target": 0.5, "params": {"activation_function": 1.12291300703719, "amount_of_layers": 1.9244532459442008, "batch_size": 126.87766092022238, "dropout_rate": 0.37059908185848817, "epochs": 112.94476258260944, "hidden_channels": 28.570765711667384, "learning_rate": 0.06491359179362292, "optimizer": 0.6688160612519742, "pooling_algorithm": 0.5858653666858622}, "datetime": {"datetime": "2023-11-28 04:43:46", "elapsed": 330.022094, "delta": 1.96061}}
{"target": 0.7392857142857143, "params": {"activation_function": 1.0944867372034444, "amount_of_layers": 5.102462954832944, "batch_size": 42.87233144803346, "dropout_rate": 0.4534038771099533, "epochs": 88.74998719820762, "hidden_channels": 59.61313754093522, "learning_rate": 0.022405560923010995, "optimizer": 1.4216754534231952, "pooling_algorithm": 0.4744453993134503}, "datetime": {"datetime": "2023-11-28 04:43:49", "elapsed": 333.638587, "delta": 3.616493}}
{"target": 0.0, "params": {"activation_function": 0.2791482232517022, "amount_of_layers": 7.426600526143806, "batch_size": 31.172557504136684, "dropout_rate": 0.29414417068821924, "epochs": 97.33723695987068, "hidden_channels": 62.58208849463598, "learning_rate": 0.08883212789112527, "optimizer": 1.8401442430681751, "pooling_algorithm": 0.9996107626768436}, "datetime": {"datetime": "2023-11-28 04:43:55", "elapsed": 339.106522, "delta": 5.467935}}
{"target": 0.9035714285714287, "params": {"activation_function": 1.1167372963093396, "amount_of_layers": 3.7494327686149624, "batch_size": 125.61582085048825, "dropout_rate": 0.6596211443554202, "epochs": 118.23466357590128, "hidden_channels": 19.37188425744641, "learning_rate": 0.04273707965973016, "optimizer": 0.50419315552797, "pooling_algorithm": 0.5998560840112247}, "datetime": {"datetime": "2023-11-28 04:43:57", "elapsed": 341.714798, "delta": 2.608276}}
{"target": 0.4571428571428572, "params": {"activation_function": 0.6476728619934462, "amount_of_layers": 1.1320810813738627, "batch_size": 27.978481666486438, "dropout_rate": 0.39360895285947195, "epochs": 93.29225022662474, "hidden_channels": 59.531488796949276, "learning_rate": 0.0866588665116094, "optimizer": 1.5050608352407462, "pooling_algorithm": 0.8690030202595892}, "datetime": {"datetime": "2023-11-28 04:44:00", "elapsed": 344.808654, "delta": 3.093856}}
