{"target": 0.9107142857142857, "params": {"activation_function": 0.1922428637246607, "amount_of_layers": 1.0396819619537467, "batch_size": 129.74267854771455, "dropout_rate": 0.34827269621985896, "epochs": 121.7753749650592, "hidden_channels": 18.26184986414325, "learning_rate": 0.01579766390079411, "optimizer": 1.2703302987089324, "pooling_algorithm": 0.6290482527732134}, "datetime": {"datetime": "2023-11-28 04:44:02", "elapsed": 346.668742, "delta": 1.860088}}
{"target": 0.7607142857142857, "params": {"activation_function": 1.8344259071464566, "amount_of_layers": 2.5363537232797357, "batch_size": 30.907036947619893, "dropout_rate": 0.6749336083841604, "epochs": 104.98690464386323, "hidden_channels": 53.56807312189841, "learning_rate": 0.08870642240307416, "optimizer": 0.1970530477390917, "pooling_algorithm": 0.3092758012162232}, "datetime": {"datetime": "2023-11-28 04:44:06", "elapsed": 350.610184, "delta": 3.941442}}
{"target": 0.9142857142857143, "params": {"activation_function": 0.39374756018013257, "amount_of_layers": 5.071841317012543, "batch_size": 26.702159252715198, "dropout_rate": 0.542764278637099, "epochs": 91.2644335771439, "hidden_channels": 50.90410820736697, "learning_rate": 0.018684169307327938, "optimizer": 0.9234793354301796, "pooling_algorithm": 0.5186326950842689}, "datetime": {"datetime": "2023-11-28 04:44:11", "elapsed": 355.735188, "delta": 5.125004}}
{"target": 0.5857142857142856, "params": {"activation_function": 1.5572182536882524, "amount_of_layers": 1.567501727025813, "batch_size": 121.6967886722456, "dropout_rate": 0.3934380944487946, "epochs": 120.22999525430424, "hidden_channels": 16.42337306913044, "learning_rate": 0.0424892258451136, "optimizer": 0.009540064067895537, "pooling_algorithm": 0.2758545038771013}, "datetime": {"datetime": "2023-11-28 04:44:13", "elapsed": 357.810175, "delta": 2.074987}}
{"target": 0.9107142857142857, "params": {"activation_function": 0.0, "amount_of_layers": 5.407118889659369, "batch_size": 35.18946565522278, "dropout_rate": 0.75, "epochs": 90.08118722603932, "hidden_channels": 59.52942725263153, "learning_rate": 0.001, "optimizer": 0.0, "pooling_algorithm": 0.5598564195156405}, "datetime": {"datetime": "2023-11-28 04:44:18", "elapsed": 361.983448, "delta": 4.173273}}
{"target": 0.0, "params": {"activation_function": 0.12792887615058346, "amount_of_layers": 8.58281285213386, "batch_size": 34.31917023451007, "dropout_rate": 0.52968449851997, "epochs": 88.65649152730839, "hidden_channels": 58.08497818016438, "learning_rate": 0.08498637033587832, "optimizer": 1.7510045823524165, "pooling_algorithm": 0.6594559868528331}, "datetime": {"datetime": "2023-11-28 04:44:23", "elapsed": 367.858669, "delta": 5.875221}}
{"target": 0.9178571428571429, "params": {"activation_function": 0.0, "amount_of_layers": 4.90284799235332, "batch_size": 27.9693061873425, "dropout_rate": 0.75, "epochs": 94.31366098318853, "hidden_channels": 53.433201445343855, "learning_rate": 0.009874018494213073, "optimizer": 0.0, "pooling_algorithm": 1.0}, "datetime": {"datetime": "2023-11-28 04:44:28", "elapsed": 372.922565, "delta": 5.063896}}
{"target": 0.5, "params": {"activation_function": 0.7603686113557298, "amount_of_layers": 1.4744500152509614, "batch_size": 27.465759464057925, "dropout_rate": 0.27623891122739785, "epochs": 101.06237987343698, "hidden_channels": 56.867476225648474, "learning_rate": 0.04529202078337545, "optimizer": 1.4371357035319794, "pooling_algorithm": 0.902146782271872}, "datetime": {"datetime": "2023-11-28 04:44:32", "elapsed": 376.301363, "delta": 3.378798}}
{"target": 0.8071428571428572, "params": {"activation_function": 0.288377577390172, "amount_of_layers": 2.902972963705859, "batch_size": 125.76764725402089, "dropout_rate": 0.372971875387951, "epochs": 118.40453021042612, "hidden_channels": 22.571678277770978, "learning_rate": 0.08027565442916218, "optimizer": 0.6105218415280791, "pooling_algorithm": 0.1455926049220022}, "datetime": {"datetime": "2023-11-28 04:44:34", "elapsed": 378.798595, "delta": 2.497232}}
{"target": 0.5, "params": {"activation_function": 0.45498517290727847, "amount_of_layers": 4.162769898059286, "batch_size": 26.593278719773988, "dropout_rate": 0.46875305108770676, "epochs": 97.90083316852748, "hidden_channels": 53.442629074636976, "learning_rate": 0.060730085414274416, "optimizer": 0.5311276361754207, "pooling_algorithm": 0.9978354094854016}, "datetime": {"datetime": "2023-11-28 04:44:39", "elapsed": 383.614455, "delta": 4.81586}}
{"target": 0.5, "params": {"activation_function": 0.0030132538871749937, "amount_of_layers": 7.326068445672926, "batch_size": 41.13901267101854, "dropout_rate": 0.5240029459904594, "epochs": 93.42420631844583, "hidden_channels": 58.77700994340429, "learning_rate": 0.09288219161980608, "optimizer": 0.9475784576628277, "pooling_algorithm": 0.9822653021998556}, "datetime": {"datetime": "2023-11-28 04:44:44", "elapsed": 387.980674, "delta": 4.366219}}
{"target": 0.7392857142857143, "params": {"activation_function": 0.8097919543479355, "amount_of_layers": 7.193390106711235, "batch_size": 25.94691270468761, "dropout_rate": 0.284933570833691, "epochs": 92.45050062279746, "hidden_channels": 51.20018251169883, "learning_rate": 0.06556323999803207, "optimizer": 0.0961753445092628, "pooling_algorithm": 0.026427533742697906}, "datetime": {"datetime": "2023-11-28 04:44:49", "elapsed": 393.903708, "delta": 5.923034}}
{"target": 0.8964285714285715, "params": {"activation_function": 0.3210229119043333, "amount_of_layers": 1.092108038145649, "batch_size": 128.63663986505952, "dropout_rate": 0.2548999837663192, "epochs": 122.93135511173257, "hidden_channels": 20.334636101822475, "learning_rate": 0.014856758505206437, "optimizer": 0.08956106717598722, "pooling_algorithm": 0.7870910292540373}, "datetime": {"datetime": "2023-11-28 04:44:51", "elapsed": 395.721963, "delta": 1.818255}}
{"target": 0.6607142857142857, "params": {"activation_function": 0.14263466543543757, "amount_of_layers": 4.527079435680835, "batch_size": 29.75631112977175, "dropout_rate": 0.4024366070689001, "epochs": 92.95336545610647, "hidden_channels": 55.18271514807748, "learning_rate": 0.02795406736107849, "optimizer": 0.7866543136824025, "pooling_algorithm": 0.0685359421888907}, "datetime": {"datetime": "2023-11-28 04:44:56", "elapsed": 400.145127, "delta": 4.423164}}
{"target": 0.21785714285714286, "params": {"activation_function": 0.15641258706899475, "amount_of_layers": 2.1600773255844157, "batch_size": 133.32445425614526, "dropout_rate": 0.6707893135238006, "epochs": 117.2779066656577, "hidden_channels": 22.31250094421305, "learning_rate": 0.04754011376454078, "optimizer": 1.7424118191611813, "pooling_algorithm": 0.41666722291099134}, "datetime": {"datetime": "2023-11-28 04:44:58", "elapsed": 402.184698, "delta": 2.039571}}
{"target": 0.9, "params": {"activation_function": 0.7397260759964284, "amount_of_layers": 4.073865248048299, "batch_size": 123.22611150638886, "dropout_rate": 0.4870025582385834, "epochs": 117.0650513861658, "hidden_channels": 19.538029347505194, "learning_rate": 0.05284348919449966, "optimizer": 0.28027044983163685, "pooling_algorithm": 0.6155734972268642}, "datetime": {"datetime": "2023-11-28 04:45:00", "elapsed": 404.575194, "delta": 2.390496}}
{"target": 0.26249999999999996, "params": {"activation_function": 1.538851511111918, "amount_of_layers": 5.425225799194006, "batch_size": 82.39906866346719, "dropout_rate": 0.4404899001642747, "epochs": 172.4632976998623, "hidden_channels": 106.51585967154496, "learning_rate": 0.058900624533292145, "optimizer": 1.769733464787587, "pooling_algorithm": 0.09273481946216766}, "datetime": {"datetime": "2023-11-28 04:45:04", "elapsed": 408.465251, "delta": 3.890057}}
{"target": 0.0, "params": {"activation_function": 1.195912121637101, "amount_of_layers": 2.8517515292332725, "batch_size": 29.435284660678324, "dropout_rate": 0.7126634564175162, "epochs": 88.83623461760975, "hidden_channels": 51.36406377815554, "learning_rate": 0.05845952731957353, "optimizer": 1.5334566161124183, "pooling_algorithm": 0.6112311934458956}, "datetime": {"datetime": "2023-11-28 04:45:08", "elapsed": 412.252364, "delta": 3.787113}}
{"target": 0.8964285714285714, "params": {"activation_function": 0.8893065054850533, "amount_of_layers": 4.844679444815361, "batch_size": 124.77114086866861, "dropout_rate": 0.735142653347973, "epochs": 116.8515905488649, "hidden_channels": 19.750278030102578, "learning_rate": 0.098195878831472, "optimizer": 0.3392775464012221, "pooling_algorithm": 0.637274367767433}, "datetime": {"datetime": "2023-11-28 04:45:10", "elapsed": 414.783214, "delta": 2.53085}}
{"target": 0.25, "params": {"activation_function": 1.6317139025060865, "amount_of_layers": 5.5038670523636295, "batch_size": 58.03894505589663, "dropout_rate": 0.6832055997395796, "epochs": 168.69454729208442, "hidden_channels": 14.163285571069263, "learning_rate": 0.040465415819838854, "optimizer": 0.6089449218659246, "pooling_algorithm": 0.677909305285665}, "datetime": {"datetime": "2023-11-28 04:45:16", "elapsed": 420.402003, "delta": 5.618789}}
