{"target": 0.5, "params": {"activation_function": 1.0229482928984819, "amount_of_layers": 3.3529139114693756, "batch_size": 53.549457982451116, "dropout_rate": 0.49593430147439227, "epochs": 181.48295187177504, "hidden_channels": 116.63004408495951, "learning_rate": 0.09165119135034741, "optimizer": 1.8582561023730453, "pooling_algorithm": 0.7797694326373213}, "datetime": {"datetime": "2023-11-28 04:50:31", "elapsed": 313.817396, "delta": 4.498903}}
{"target": 0.7410714285714286, "params": {"activation_function": 0.6544052968861414, "amount_of_layers": 8.695391814305019, "batch_size": 78.52184067334247, "dropout_rate": 0.6234888233843001, "epochs": 191.5764937472652, "hidden_channels": 25.335745552436887, "learning_rate": 0.09935455926326756, "optimizer": 0.5763092363362523, "pooling_algorithm": 0.13123578556193116}, "datetime": {"datetime": "2023-11-28 04:50:37", "elapsed": 319.664855, "delta": 5.847459}}
{"target": 0.5, "params": {"activation_function": 0.6870789653149783, "amount_of_layers": 3.7400551627602603, "batch_size": 131.34154852305522, "dropout_rate": 0.5821500222108509, "epochs": 26.25521690347839, "hidden_channels": 41.09577268714033, "learning_rate": 0.08017183016873662, "optimizer": 1.4374009044843634, "pooling_algorithm": 0.6489686909943521}, "datetime": {"datetime": "2023-11-28 04:50:37", "elapsed": 320.33155, "delta": 0.666695}}
{"target": 0.8321428571428572, "params": {"activation_function": 1.7028225764237317, "amount_of_layers": 2.159819757184585, "batch_size": 110.751728650513, "dropout_rate": 0.4287730445864559, "epochs": 162.1064606008291, "hidden_channels": 5.314273201324435, "learning_rate": 0.034123521595800996, "optimizer": 1.6665165845469636, "pooling_algorithm": 0.06797095817486332}, "datetime": {"datetime": "2023-11-28 04:50:40", "elapsed": 323.174568, "delta": 2.843018}}
{"target": 0.0, "params": {"activation_function": 0.9492505746206381, "amount_of_layers": 6.160605107515825, "batch_size": 141.24760252416053, "dropout_rate": 0.44838165447158496, "epochs": 144.61712917805826, "hidden_channels": 32.5676566302903, "learning_rate": 0.08479481756845134, "optimizer": 0.5712472530853081, "pooling_algorithm": 0.7400330659303465}, "datetime": {"datetime": "2023-11-28 04:50:44", "elapsed": 326.711759, "delta": 3.537191}}
{"target": 0.725, "params": {"activation_function": 1.0641129453436573, "amount_of_layers": 2.3311499025503073, "batch_size": 130.1912772227853, "dropout_rate": 0.7095360486615868, "epochs": 103.77581197241835, "hidden_channels": 60.28265647296224, "learning_rate": 0.049188523631791714, "optimizer": 0.5508215747875838, "pooling_algorithm": 0.29973700489235855}, "datetime": {"datetime": "2023-11-28 04:50:46", "elapsed": 328.567885, "delta": 1.856126}}
{"target": 0.2660714285714286, "params": {"activation_function": 0.8143683577478182, "amount_of_layers": 3.92349926677862, "batch_size": 105.04049650822006, "dropout_rate": 0.2672783650535996, "epochs": 37.9746100615985, "hidden_channels": 9.236794520222663, "learning_rate": 0.05683398763067969, "optimizer": 0.5437322845709005, "pooling_algorithm": 0.37986812308074536}, "datetime": {"datetime": "2023-11-28 04:50:47", "elapsed": 329.504636, "delta": 0.936751}}
{"target": 0.8696428571428572, "params": {"activation_function": 1.2308830022767558, "amount_of_layers": 8.898912846287747, "batch_size": 59.621482757194315, "dropout_rate": 0.4951785980343517, "epochs": 66.18673894507317, "hidden_channels": 6.491363925507294, "learning_rate": 0.05968956173381665, "optimizer": 0.9921544317767288, "pooling_algorithm": 0.5509337285391808}, "datetime": {"datetime": "2023-11-28 04:50:50", "elapsed": 332.466954, "delta": 2.962318}}
{"target": 0.7767857142857143, "params": {"activation_function": 0.07645659989050846, "amount_of_layers": 4.896260039290908, "batch_size": 81.86747220877115, "dropout_rate": 0.6042967786467754, "epochs": 105.25007878615291, "hidden_channels": 34.61491949212403, "learning_rate": 0.04961858270450781, "optimizer": 0.9312413182899382, "pooling_algorithm": 0.3462308004128254}, "datetime": {"datetime": "2023-11-28 04:50:52", "elapsed": 335.006611, "delta": 2.539657}}
{"target": 0.9107142857142857, "params": {"activation_function": 0.9455152367573039, "amount_of_layers": 2.628206726913758, "batch_size": 132.84424334594797, "dropout_rate": 0.5826816438668825, "epochs": 78.28994053503827, "hidden_channels": 81.55275161713311, "learning_rate": 0.0029509710815646623, "optimizer": 0.05061610015325324, "pooling_algorithm": 0.5042607954305127}, "datetime": {"datetime": "2023-11-28 04:50:54", "elapsed": 336.588386, "delta": 1.581775}}
{"target": 0.9, "params": {"activation_function": 0.8867742742810301, "amount_of_layers": 4.0575008208738685, "batch_size": 67.20626580855526, "dropout_rate": 0.5441351271271729, "epochs": 143.837263506284, "hidden_channels": 70.76344440783403, "learning_rate": 0.04363790842385885, "optimizer": 0.31812515650384743, "pooling_algorithm": 0.7805275234781454}, "datetime": {"datetime": "2023-11-28 04:50:58", "elapsed": 340.581804, "delta": 3.993418}}
{"target": 0.2607142857142857, "params": {"activation_function": 1.9070530604849911, "amount_of_layers": 3.740444003479789, "batch_size": 80.9400523262913, "dropout_rate": 0.41596557416760577, "epochs": 197.05160028662914, "hidden_channels": 47.183616423517115, "learning_rate": 0.05429996134358991, "optimizer": 0.737028085154684, "pooling_algorithm": 0.43515021399111287}, "datetime": {"datetime": "2023-11-28 04:51:02", "elapsed": 344.743484, "delta": 4.16168}}
{"target": 0.5, "params": {"activation_function": 0.5234947826813146, "amount_of_layers": 1.8878031610703134, "batch_size": 134.4834598387395, "dropout_rate": 0.3122197638419199, "epochs": 24.44790117499676, "hidden_channels": 67.81010410223882, "learning_rate": 0.05835061384264233, "optimizer": 0.6697358406359848, "pooling_algorithm": 0.8864448034684873}, "datetime": {"datetime": "2023-11-28 04:51:02", "elapsed": 345.302659, "delta": 0.559175}}
{"target": 0.19285714285714284, "params": {"activation_function": 1.9323078257417456, "amount_of_layers": 2.409287195443736, "batch_size": 136.03620270379434, "dropout_rate": 0.5187694016985919, "epochs": 36.1103181566225, "hidden_channels": 70.52325774297552, "learning_rate": 0.009419632114409448, "optimizer": 0.4027612712006434, "pooling_algorithm": 0.20946858727398543}, "datetime": {"datetime": "2023-11-28 04:51:03", "elapsed": 346.032769, "delta": 0.73011}}
{"target": 0.4392857142857143, "params": {"activation_function": 0.7086538776279034, "amount_of_layers": 8.778065220810005, "batch_size": 26.903014735630858, "dropout_rate": 0.5652466332819486, "epochs": 125.06128076581915, "hidden_channels": 115.28180662368547, "learning_rate": 0.09477862328771675, "optimizer": 0.5760504685252039, "pooling_algorithm": 0.9252720812197777}, "datetime": {"datetime": "2023-11-28 04:51:13", "elapsed": 355.63404, "delta": 9.601271}}
{"target": 0.18928571428571428, "params": {"activation_function": 0.12360701328066392, "amount_of_layers": 6.938872075545769, "batch_size": 56.3736211194149, "dropout_rate": 0.7011322515283076, "epochs": 133.25196043484215, "hidden_channels": 18.458069343470193, "learning_rate": 0.09098839791365679, "optimizer": 0.0030908797241939734, "pooling_algorithm": 0.04707010643438425}, "datetime": {"datetime": "2023-11-28 04:51:18", "elapsed": 360.461116, "delta": 4.827076}}
{"target": 0.875, "params": {"activation_function": 0.8931675923248172, "amount_of_layers": 7.0167657884634975, "batch_size": 59.95815041457951, "dropout_rate": 0.5071491319964992, "epochs": 108.65361376334349, "hidden_channels": 46.63567541657633, "learning_rate": 0.012306600972015934, "optimizer": 1.0914979413883035, "pooling_algorithm": 0.6193881368123553}, "datetime": {"datetime": "2023-11-28 04:51:22", "elapsed": 364.550842, "delta": 4.089726}}
{"target": 0.0, "params": {"activation_function": 1.731492769638745, "amount_of_layers": 6.755661911621812, "batch_size": 117.83306230356997, "dropout_rate": 0.7190604589900447, "epochs": 173.1676400767805, "hidden_channels": 88.42446244135147, "learning_rate": 0.0655296341649868, "optimizer": 1.819221277041161, "pooling_algorithm": 0.31335163128085186}, "datetime": {"datetime": "2023-11-28 04:51:26", "elapsed": 369.138723, "delta": 4.587881}}
{"target": 0.3142857142857143, "params": {"activation_function": 0.03249821420265997, "amount_of_layers": 7.97879034392678, "batch_size": 93.01887533331453, "dropout_rate": 0.662972741451118, "epochs": 50.540792244051254, "hidden_channels": 105.24044309179604, "learning_rate": 0.0038479569445576457, "optimizer": 0.07394877932209498, "pooling_algorithm": 0.18257033197954942}, "datetime": {"datetime": "2023-11-28 04:51:28", "elapsed": 370.740567, "delta": 1.601844}}
{"target": 0.5464285714285714, "params": {"activation_function": 1.382972726569228, "amount_of_layers": 4.317417477263249, "batch_size": 23.514109105382275, "dropout_rate": 0.5296578391732225, "epochs": 99.98608934631638, "hidden_channels": 41.47389253846939, "learning_rate": 0.0752968524747983, "optimizer": 0.6949831896701006, "pooling_algorithm": 0.7605045237075284}, "datetime": {"datetime": "2023-11-28 04:51:33", "elapsed": 376.399729, "delta": 5.659162}}
{"target": 0.557142857142857, "params": {"activation_function": 1.435409520434345, "amount_of_layers": 8.94870298582689, "batch_size": 31.395255235733927, "dropout_rate": 0.6051582711762542, "epochs": 48.793024660458, "hidden_channels": 127.1710968654883, "learning_rate": 0.02432942036950083, "optimizer": 0.6290952523970599, "pooling_algorithm": 0.6953577138500887}, "datetime": {"datetime": "2023-11-28 04:51:37", "elapsed": 379.838141, "delta": 3.438412}}
{"target": 0.7892857142857144, "params": {"activation_function": 1.6874349137748181, "amount_of_layers": 4.2959998799415, "batch_size": 55.31534493776736, "dropout_rate": 0.4965840123655235, "epochs": 184.8539173605243, "hidden_channels": 107.67621132782226, "learning_rate": 0.03524798821061759, "optimizer": 0.4153239608385326, "pooling_algorithm": 0.1691332359430281}, "datetime": {"datetime": "2023-11-28 04:51:42", "elapsed": 384.889932, "delta": 5.051791}}
{"target": 0.7410714285714286, "params": {"activation_function": 0.6049442709090243, "amount_of_layers": 5.904914967295341, "batch_size": 47.730642911580475, "dropout_rate": 0.32580719211903203, "epochs": 157.73752180344803, "hidden_channels": 118.25626800113466, "learning_rate": 0.03967264346355257, "optimizer": 0.6554047638861069, "pooling_algorithm": 0.15041515582539833}, "datetime": {"datetime": "2023-11-28 04:51:49", "elapsed": 391.698536, "delta": 6.808604}}
{"target": 0.9035714285714286, "params": {"activation_function": 1.1429135663138226, "amount_of_layers": 1.5729392934371287, "batch_size": 101.67203708989662, "dropout_rate": 0.49007780505604864, "epochs": 188.87905448111906, "hidden_channels": 62.301338492082564, "learning_rate": 0.013216242260838475, "optimizer": 0.3277051620803204, "pooling_algorithm": 0.7920592354090085}, "datetime": {"datetime": "2023-11-28 04:51:52", "elapsed": 394.864741, "delta": 3.166205}}
{"target": 0.2642857142857143, "params": {"activation_function": 1.7507000040816083, "amount_of_layers": 7.746655806835272, "batch_size": 78.83961138176298, "dropout_rate": 0.32968299660062106, "epochs": 94.24247825642665, "hidden_channels": 21.3176279585454, "learning_rate": 0.038093788966899016, "optimizer": 1.3533894558129027, "pooling_algorithm": 0.3086680993641736}, "datetime": {"datetime": "2023-11-28 04:51:55", "elapsed": 397.71623, "delta": 2.851489}}
