{"target": 0.2696428571428572, "params": {"activation_function": 1.41399705007659, "amount_of_layers": 6.812109214474489, "batch_size": 57.77574224649446, "dropout_rate": 0.7371169489294264, "epochs": 26.472766833499428, "hidden_channels": 44.58920589410929, "learning_rate": 0.03944960199960082, "optimizer": 1.1549722642274713, "pooling_algorithm": 0.47144517298381206}, "datetime": {"datetime": "2023-11-28 04:00:15", "elapsed": 111.185079, "delta": 1.020894}}
{"target": 0.5, "params": {"activation_function": 1.2262245401432825, "amount_of_layers": 2.7669970745222514, "batch_size": 57.48525763076859, "dropout_rate": 0.665332058393055, "epochs": 24.8920162428351, "hidden_channels": 40.09528319618639, "learning_rate": 0.07424721313486499, "optimizer": 1.7281953904307743, "pooling_algorithm": 0.7677148294635254}, "datetime": {"datetime": "2023-11-28 04:00:15", "elapsed": 111.885388, "delta": 0.700309}}
{"target": 0.7392857142857143, "params": {"activation_function": 0.852103556258609, "amount_of_layers": 8.959492034189502, "batch_size": 22.205818385669893, "dropout_rate": 0.3747391719575922, "epochs": 135.84640546502638, "hidden_channels": 114.73114172522219, "learning_rate": 0.04430319722699043, "optimizer": 0.5832664529048213, "pooling_algorithm": 0.2975110735816261}, "datetime": {"datetime": "2023-11-28 04:00:27", "elapsed": 123.950217, "delta": 12.064829}}
{"target": 0.9035714285714287, "params": {"activation_function": 2.0, "amount_of_layers": 2.060859346519851, "batch_size": 45.18349317205243, "dropout_rate": 0.25, "epochs": 54.71652683717175, "hidden_channels": 29.860047862385475, "learning_rate": 0.001, "optimizer": 0.0, "pooling_algorithm": 0.5755003348210179}, "datetime": {"datetime": "2023-11-28 04:00:29", "elapsed": 125.530005, "delta": 1.579788}}
{"target": 0.5, "params": {"activation_function": 0.370693490006786, "amount_of_layers": 3.006811248701931, "batch_size": 93.84492292969698, "dropout_rate": 0.28802672770076365, "epochs": 30.461976910563894, "hidden_channels": 124.16384372289066, "learning_rate": 0.06285065245184282, "optimizer": 1.306416119925645, "pooling_algorithm": 0.8737448101763806}, "datetime": {"datetime": "2023-11-28 04:00:30", "elapsed": 126.185379, "delta": 0.655374}}
{"target": 0.8232142857142858, "params": {"activation_function": 0.5495301007266407, "amount_of_layers": 1.2626963121050032, "batch_size": 109.37536396250464, "dropout_rate": 0.25104264319643094, "epochs": 124.48107219605764, "hidden_channels": 92.04510740692122, "learning_rate": 0.01629336257969872, "optimizer": 0.6184285804173482, "pooling_algorithm": 0.41637271741008763}, "datetime": {"datetime": "2023-11-28 04:00:31", "elapsed": 128.077736, "delta": 1.892357}}
{"target": 0.0875, "params": {"activation_function": 1.6919809111934414, "amount_of_layers": 3.4895767012168326, "batch_size": 91.18912346087805, "dropout_rate": 0.6786733043929789, "epochs": 27.073847448058434, "hidden_channels": 127.97268902775464, "learning_rate": 0.014365264699410817, "optimizer": 1.227116016441332, "pooling_algorithm": 0.6460756885572472}, "datetime": {"datetime": "2023-11-28 04:00:32", "elapsed": 128.707718, "delta": 0.629982}}
{"target": 0.8142857142857143, "params": {"activation_function": 0.1533324148223938, "amount_of_layers": 3.5984930006627103, "batch_size": 19.736382194633034, "dropout_rate": 0.5838649938629135, "epochs": 23.55144154153377, "hidden_channels": 126.75540738943401, "learning_rate": 0.03572908209897493, "optimizer": 0.7408928402577382, "pooling_algorithm": 0.30064817642551156}, "datetime": {"datetime": "2023-11-28 04:00:34", "elapsed": 130.335596, "delta": 1.627878}}
{"target": 0.65, "params": {"activation_function": 1.3958109720569698, "amount_of_layers": 2.3205984057448656, "batch_size": 55.89415608183303, "dropout_rate": 0.6082288826374216, "epochs": 23.978773331023685, "hidden_channels": 44.054301279349545, "learning_rate": 0.017153243810544623, "optimizer": 1.2652426209994838, "pooling_algorithm": 0.7500773431297408}, "datetime": {"datetime": "2023-11-28 04:00:34", "elapsed": 130.990046, "delta": 0.65445}}
{"target": 0.5, "params": {"activation_function": 1.1966596857175742, "amount_of_layers": 5.159299113921229, "batch_size": 94.98684103816082, "dropout_rate": 0.2885354584004299, "epochs": 32.175015003322535, "hidden_channels": 126.82790689656981, "learning_rate": 0.08803204521819333, "optimizer": 1.2160522690923403, "pooling_algorithm": 0.44575785204455654}, "datetime": {"datetime": "2023-11-28 04:00:35", "elapsed": 131.790244, "delta": 0.800198}}
{"target": 0.8142857142857143, "params": {"activation_function": 0.26704624391048126, "amount_of_layers": 1.3284217550645074, "batch_size": 58.18210620924968, "dropout_rate": 0.6560388849852377, "epochs": 23.664251977841833, "hidden_channels": 46.89020464816561, "learning_rate": 0.0730520871697487, "optimizer": 0.6506897743353082, "pooling_algorithm": 0.40994439696392304}, "datetime": {"datetime": "2023-11-28 04:00:36", "elapsed": 132.365294, "delta": 0.57505}}
{"target": 0.85, "params": {"activation_function": 1.983900858295107, "amount_of_layers": 2.6906108150726276, "batch_size": 54.02581459484484, "dropout_rate": 0.3310977486744714, "epochs": 28.822144625599968, "hidden_channels": 45.976508261249776, "learning_rate": 0.037149184969457585, "optimizer": 1.2667585246321746, "pooling_algorithm": 0.07696378988576724}, "datetime": {"datetime": "2023-11-28 04:00:37", "elapsed": 133.200807, "delta": 0.835513}}
{"target": 0.225, "params": {"activation_function": 0.0561503135740935, "amount_of_layers": 3.2315135304665477, "batch_size": 45.145095632737124, "dropout_rate": 0.6584037265142474, "epochs": 52.85985440301403, "hidden_channels": 33.55260570762194, "learning_rate": 0.09769882489828775, "optimizer": 0.36631229542138866, "pooling_algorithm": 0.08242433386167591}, "datetime": {"datetime": "2023-11-28 04:00:38", "elapsed": 134.901594, "delta": 1.700787}}
{"target": 0.7392857142857143, "params": {"activation_function": 0.6389040473922833, "amount_of_layers": 3.9032081095442015, "batch_size": 54.12974854287326, "dropout_rate": 0.2687995284627606, "epochs": 28.583216406937915, "hidden_channels": 40.45319515340177, "learning_rate": 0.08917157978057719, "optimizer": 1.3198245550241692, "pooling_algorithm": 0.06371186446196897}, "datetime": {"datetime": "2023-11-28 04:00:39", "elapsed": 135.80843, "delta": 0.906836}}
{"target": 0.5, "params": {"activation_function": 0.4039444661671987, "amount_of_layers": 2.558725762391803, "batch_size": 53.64912043292439, "dropout_rate": 0.6766480768691905, "epochs": 30.386011013232523, "hidden_channels": 43.449340177478746, "learning_rate": 0.08712437320088706, "optimizer": 1.0044601433915497, "pooling_algorithm": 0.005324517769844328}, "datetime": {"datetime": "2023-11-28 04:00:40", "elapsed": 136.686389, "delta": 0.877959}}
{"target": 0.7642857142857142, "params": {"activation_function": 0.6642710178792606, "amount_of_layers": 2.21684885666017, "batch_size": 43.080224330110084, "dropout_rate": 0.6630928898739621, "epochs": 54.90773974507349, "hidden_channels": 30.616177570003654, "learning_rate": 0.021300884753197948, "optimizer": 1.0346636917807723, "pooling_algorithm": 0.34549341348166684}, "datetime": {"datetime": "2023-11-28 04:00:42", "elapsed": 138.252597, "delta": 1.566208}}
{"target": 0.9035714285714285, "params": {"activation_function": 0.46009876286393037, "amount_of_layers": 5.594475343846005, "batch_size": 17.64244975093279, "dropout_rate": 0.3172935101760321, "epochs": 22.937970719782328, "hidden_channels": 125.81847984947716, "learning_rate": 0.01181468670499744, "optimizer": 0.25517961993178373, "pooling_algorithm": 0.7121933337338551}, "datetime": {"datetime": "2023-11-28 04:00:44", "elapsed": 140.315556, "delta": 2.062959}}
{"target": 0.7285714285714286, "params": {"activation_function": 1.6212644954437039, "amount_of_layers": 8.144973808828098, "batch_size": 19.957231139422905, "dropout_rate": 0.40152990160488705, "epochs": 137.60340346284062, "hidden_channels": 110.30654301044632, "learning_rate": 0.04234117881330736, "optimizer": 1.2297663784017552, "pooling_algorithm": 0.4568316079148135}, "datetime": {"datetime": "2023-11-28 04:00:56", "elapsed": 153.114473, "delta": 12.798917}}
{"target": 0.5, "params": {"activation_function": 0.13994071266670072, "amount_of_layers": 2.1299743463018723, "batch_size": 57.64005829851401, "dropout_rate": 0.5599243181703042, "epochs": 26.459951947137533, "hidden_channels": 43.500852120601266, "learning_rate": 0.05845771970926435, "optimizer": 0.7460065419952264, "pooling_algorithm": 0.9662508676502697}, "datetime": {"datetime": "2023-11-28 04:00:57", "elapsed": 153.780975, "delta": 0.666502}}
{"target": 0.0, "params": {"activation_function": 1.282115405444757, "amount_of_layers": 6.797531820678837, "batch_size": 19.45154475798827, "dropout_rate": 0.3431168967203172, "epochs": 22.397270548831827, "hidden_channels": 127.86889445009759, "learning_rate": 0.08207948420711483, "optimizer": 1.0801197893329275, "pooling_algorithm": 0.2307718177172704}, "datetime": {"datetime": "2023-11-28 04:00:59", "elapsed": 155.822491, "delta": 2.041516}}
{"target": 0.2571428571428571, "params": {"activation_function": 0.11989573314951052, "amount_of_layers": 5.715749498879446, "batch_size": 55.92176474402231, "dropout_rate": 0.6372610668284246, "epochs": 23.646380543179337, "hidden_channels": 42.05894222398161, "learning_rate": 0.05164358076500411, "optimizer": 0.7976310480349833, "pooling_algorithm": 0.497378746623624}, "datetime": {"datetime": "2023-11-28 04:01:00", "elapsed": 156.762193, "delta": 0.939702}}
{"target": 0.6678571428571429, "params": {"activation_function": 1.4858226138824118, "amount_of_layers": 1.6697866564961075, "batch_size": 58.00059086392251, "dropout_rate": 0.33525408505472576, "epochs": 22.450632249653694, "hidden_channels": 43.596901055986734, "learning_rate": 0.055385968116943476, "optimizer": 0.004318974431059219, "pooling_algorithm": 0.29718366831549614}, "datetime": {"datetime": "2023-11-28 04:01:01", "elapsed": 157.290638, "delta": 0.528445}}
{"target": 0.8214285714285715, "params": {"activation_function": 0.39368803707356537, "amount_of_layers": 3.8619092930024372, "batch_size": 55.45247788176665, "dropout_rate": 0.5735267259351464, "epochs": 26.7638455299991, "hidden_channels": 48.33685246937253, "learning_rate": 0.050195669466649634, "optimizer": 0.117144134979831, "pooling_algorithm": 0.18842722087621466}, "datetime": {"datetime": "2023-11-28 04:01:02", "elapsed": 158.138281, "delta": 0.847643}}
{"target": 0.8125, "params": {"activation_function": 1.8488014474709051, "amount_of_layers": 1.2304935699171171, "batch_size": 53.70617688169383, "dropout_rate": 0.5139024514311414, "epochs": 28.56528053838867, "hidden_channels": 49.35743714635033, "learning_rate": 0.09886613739226195, "optimizer": 1.089288105354267, "pooling_algorithm": 0.37414080932480487}, "datetime": {"datetime": "2023-11-28 04:01:02", "elapsed": 158.816076, "delta": 0.677795}}
{"target": 0.475, "params": {"activation_function": 0.28545039188131915, "amount_of_layers": 5.939871285402037, "batch_size": 28.81066087972038, "dropout_rate": 0.45776182051045994, "epochs": 21.813797595175124, "hidden_channels": 84.93669167208147, "learning_rate": 0.018308260209160047, "optimizer": 1.3478893399040996, "pooling_algorithm": 0.5408820973286712}, "datetime": {"datetime": "2023-11-28 04:01:04", "elapsed": 160.286143, "delta": 1.470067}}
{"target": 0.7303571428571428, "params": {"activation_function": 0.7392897393174434, "amount_of_layers": 2.803843189354419, "batch_size": 57.16085222809895, "dropout_rate": 0.3739253390418408, "epochs": 22.629750382445405, "hidden_channels": 46.04819039309898, "learning_rate": 0.08332428586580942, "optimizer": 0.10874959894531488, "pooling_algorithm": 0.2878934447816619}, "datetime": {"datetime": "2023-11-28 04:01:04", "elapsed": 160.958538, "delta": 0.672395}}
{"target": 0.5, "params": {"activation_function": 0.731762153994491, "amount_of_layers": 8.390978285083795, "batch_size": 19.28132282751311, "dropout_rate": 0.29692359632159127, "epochs": 139.03903535020766, "hidden_channels": 112.56729286560152, "learning_rate": 0.041050821774068144, "optimizer": 0.7695383507143534, "pooling_algorithm": 0.6181571490015018}, "datetime": {"datetime": "2023-11-28 04:01:17", "elapsed": 173.644938, "delta": 12.6864}}
{"target": 0.8357142857142857, "params": {"activation_function": 0.287695339803433, "amount_of_layers": 1.4609926518935046, "batch_size": 46.72335886697312, "dropout_rate": 0.296180584224862, "epochs": 52.47174662532209, "hidden_channels": 27.93012522479756, "learning_rate": 0.01326091182330369, "optimizer": 0.9807461204177492, "pooling_algorithm": 0.6950440084833266}, "datetime": {"datetime": "2023-11-28 04:01:18", "elapsed": 174.944278, "delta": 1.29934}}
{"target": 0.5, "params": {"activation_function": 0.8523443450540507, "amount_of_layers": 4.543684100436894, "batch_size": 55.06350614389983, "dropout_rate": 0.7428915189446028, "epochs": 30.096344327805063, "hidden_channels": 46.6758431958055, "learning_rate": 0.07241530375965709, "optimizer": 1.4715108572801732, "pooling_algorithm": 0.9072014624706937}, "datetime": {"datetime": "2023-11-28 04:01:19", "elapsed": 176.001991, "delta": 1.057713}}
{"target": 0.9089285714285714, "params": {"activation_function": 1.9699303510986887, "amount_of_layers": 2.369532619560828, "batch_size": 52.67749847695823, "dropout_rate": 0.477514293399785, "epochs": 30.02722463620824, "hidden_channels": 47.239575260494526, "learning_rate": 0.01405993846008046, "optimizer": 1.8253723356867595, "pooling_algorithm": 0.9577166793776752}, "datetime": {"datetime": "2023-11-28 04:01:20", "elapsed": 176.754143, "delta": 0.752152}}
{"target": 0.9, "params": {"activation_function": 0.7042631137523676, "amount_of_layers": 4.471705068775904, "batch_size": 93.54137551616665, "dropout_rate": 0.5363645755600983, "epochs": 29.27372983306276, "hidden_channels": 127.89232409160068, "learning_rate": 0.09734821769272081, "optimizer": 0.15701292059515848, "pooling_algorithm": 0.6106477397787865}, "datetime": {"datetime": "2023-11-28 04:01:21", "elapsed": 177.552781, "delta": 0.798638}}
{"target": 0.8535714285714285, "params": {"activation_function": 1.650841109210685, "amount_of_layers": 1.5573504242473888, "batch_size": 111.81383757815166, "dropout_rate": 0.38285653642377293, "epochs": 122.9961375369436, "hidden_channels": 90.12529646296773, "learning_rate": 0.05545929777968975, "optimizer": 1.3526822624598507, "pooling_algorithm": 0.32902058922956245}, "datetime": {"datetime": "2023-11-28 04:01:23", "elapsed": 179.678362, "delta": 2.125581}}
{"target": 0.0, "params": {"activation_function": 0.06944332548942533, "amount_of_layers": 2.3103918777508703, "batch_size": 108.98871365051704, "dropout_rate": 0.714240421203399, "epochs": 125.61198381506041, "hidden_channels": 94.87119671898796, "learning_rate": 0.011238508879017225, "optimizer": 1.76256663985284, "pooling_algorithm": 0.6137580896448483}, "datetime": {"datetime": "2023-11-28 04:01:25", "elapsed": 181.809282, "delta": 2.13092}}
{"target": 0.8214285714285714, "params": {"activation_function": 0.5500186896596628, "amount_of_layers": 1.3815225738932764, "batch_size": 113.28680845468985, "dropout_rate": 0.4284177086381405, "epochs": 121.47759230249545, "hidden_channels": 89.66699076379864, "learning_rate": 0.016148032480970582, "optimizer": 1.8749899017459364, "pooling_algorithm": 0.26713266817615144}, "datetime": {"datetime": "2023-11-28 04:01:27", "elapsed": 183.531126, "delta": 1.721844}}
{"target": 0.5, "params": {"activation_function": 0.020365498559734352, "amount_of_layers": 1.4957728876340326, "batch_size": 16.0298623543917, "dropout_rate": 0.3670060604543321, "epochs": 23.490763463085784, "hidden_channels": 126.82451682940743, "learning_rate": 0.01845050722965061, "optimizer": 1.6137850110760323, "pooling_algorithm": 0.7396708950952758}, "datetime": {"datetime": "2023-11-28 04:01:28", "elapsed": 184.758471, "delta": 1.227345}}
{"target": 0.5, "params": {"activation_function": 1.247030819396952, "amount_of_layers": 2.853612199047423, "batch_size": 18.9503651264326, "dropout_rate": 0.27413830993663746, "epochs": 25.883335368488076, "hidden_channels": 125.6995273517899, "learning_rate": 0.053362689215234016, "optimizer": 1.5296512038182881, "pooling_algorithm": 0.682197027614364}, "datetime": {"datetime": "2023-11-28 04:01:30", "elapsed": 186.221883, "delta": 1.463412}}
{"target": 0.9017857142857143, "params": {"activation_function": 0.732769168176137, "amount_of_layers": 1.5720952629079967, "batch_size": 43.82219606496304, "dropout_rate": 0.5083184308072044, "epochs": 53.481433738909665, "hidden_channels": 30.175390771884647, "learning_rate": 0.009167778562502935, "optimizer": 0.5096028593284376, "pooling_algorithm": 0.8618204765700246}, "datetime": {"datetime": "2023-11-28 04:01:31", "elapsed": 187.752179, "delta": 1.530296}}
{"target": 0.0, "params": {"activation_function": 1.3866266004565102, "amount_of_layers": 2.9264312345026573, "batch_size": 58.8643949160433, "dropout_rate": 0.28289381858164053, "epochs": 25.590035444423577, "hidden_channels": 48.22301237170879, "learning_rate": 0.08327857135011596, "optimizer": 0.4674856305918489, "pooling_algorithm": 0.5800883583806377}, "datetime": {"datetime": "2023-11-28 04:01:32", "elapsed": 188.48984, "delta": 0.737661}}
{"target": 0.8875, "params": {"activation_function": 0.06581775479010821, "amount_of_layers": 1.0335382847301462, "batch_size": 109.62155872369362, "dropout_rate": 0.2907344676660465, "epochs": 128.18506325246221, "hidden_channels": 87.63593345330894, "learning_rate": 0.002135761493022072, "optimizer": 0.01758261839225317, "pooling_algorithm": 0.8157306416364608}, "datetime": {"datetime": "2023-11-28 04:01:34", "elapsed": 190.358821, "delta": 1.868981}}
{"target": 0.7357142857142857, "params": {"activation_function": 0.7763056833884241, "amount_of_layers": 5.18294731415672, "batch_size": 93.72140014737785, "dropout_rate": 0.7011278469440576, "epochs": 30.29410922759139, "hidden_channels": 127.20645134921591, "learning_rate": 0.0028012327595126974, "optimizer": 0.4313009113187585, "pooling_algorithm": 0.20546761887262166}, "datetime": {"datetime": "2023-11-28 04:01:35", "elapsed": 191.199992, "delta": 0.841171}}
{"target": 0.75, "params": {"activation_function": 1.7375908271571976, "amount_of_layers": 3.0298311990074085, "batch_size": 59.12268813904183, "dropout_rate": 0.6977364333887666, "epochs": 25.544914562041342, "hidden_channels": 44.41729706949121, "learning_rate": 0.0022856530361830894, "optimizer": 0.07935468558084624, "pooling_algorithm": 0.3776345184745703}, "datetime": {"datetime": "2023-11-28 04:01:35", "elapsed": 191.946291, "delta": 0.746299}}
{"target": 0.5, "params": {"activation_function": 1.3570376411607412, "amount_of_layers": 5.544581794570814, "batch_size": 54.97760468864628, "dropout_rate": 0.42943360326725405, "epochs": 26.9438163094573, "hidden_channels": 42.259860750904274, "learning_rate": 0.05365824477003696, "optimizer": 1.9545155574198276, "pooling_algorithm": 0.5179636782694296}, "datetime": {"datetime": "2023-11-28 04:01:36", "elapsed": 192.964007, "delta": 1.017716}}
{"target": 0.4035714285714286, "params": {"activation_function": 0.4305508384893926, "amount_of_layers": 6.3940026006684825, "batch_size": 24.870824112105296, "dropout_rate": 0.37945433310267107, "epochs": 23.851592052487156, "hidden_channels": 84.29647446393288, "learning_rate": 0.024025603538602763, "optimizer": 1.8158029404597176, "pooling_algorithm": 0.2189046028549404}, "datetime": {"datetime": "2023-11-28 04:01:38", "elapsed": 194.536721, "delta": 1.572714}}
{"target": 0.8946428571428572, "params": {"activation_function": 1.489144273386007, "amount_of_layers": 4.9651712416142395, "batch_size": 18.482116183737645, "dropout_rate": 0.5609853320853437, "epochs": 23.27430025914952, "hidden_channels": 124.37084114180485, "learning_rate": 0.04632968094750058, "optimizer": 0.09841714772504462, "pooling_algorithm": 0.8628762167867942}, "datetime": {"datetime": "2023-11-28 04:01:40", "elapsed": 196.39196, "delta": 1.855239}}
{"target": 0.5, "params": {"activation_function": 0.9214115400500589, "amount_of_layers": 2.2816985963175584, "batch_size": 112.60471137416823, "dropout_rate": 0.46497521169602224, "epochs": 120.78997383269355, "hidden_channels": 88.44860484152957, "learning_rate": 0.013823252052240432, "optimizer": 0.8113825396500511, "pooling_algorithm": 0.6285590631358777}, "datetime": {"datetime": "2023-11-28 04:01:42", "elapsed": 198.432918, "delta": 2.040958}}
{"target": 0.5, "params": {"activation_function": 0.23387763818121932, "amount_of_layers": 6.996895278887709, "batch_size": 24.52703736138337, "dropout_rate": 0.5589499002180056, "epochs": 136.91931435325478, "hidden_channels": 112.18755854379472, "learning_rate": 0.07920315217127187, "optimizer": 0.8413726880840207, "pooling_algorithm": 0.5118052366870832}, "datetime": {"datetime": "2023-11-28 04:01:51", "elapsed": 207.344667, "delta": 8.911749}}
{"target": 0.2517857142857143, "params": {"activation_function": 0.6065315701729119, "amount_of_layers": 5.596022980551859, "batch_size": 17.628451569980186, "dropout_rate": 0.6289249896316951, "epochs": 24.742192275730744, "hidden_channels": 125.21404904903854, "learning_rate": 0.01121479278922629, "optimizer": 0.8833242266525609, "pooling_algorithm": 0.4316713759001225}, "datetime": {"datetime": "2023-11-28 04:01:53", "elapsed": 209.688723, "delta": 2.344056}}
{"target": 0.0, "params": {"activation_function": 0.9008772833520338, "amount_of_layers": 3.3453599744902442, "batch_size": 57.851679399784956, "dropout_rate": 0.31207326233865557, "epochs": 25.104828663111704, "hidden_channels": 44.77092799638898, "learning_rate": 0.01549069403163672, "optimizer": 1.732148296680276, "pooling_algorithm": 0.9667927679635571}, "datetime": {"datetime": "2023-11-28 04:01:54", "elapsed": 210.423486, "delta": 0.734763}}
