{"target": 0.6928571428571428, "params": {"activation_function": 0.3254099188902697, "amount_of_layers": 7.0382470212107995, "batch_size": 91.49584771880215, "dropout_rate": 0.3626322071843792, "epochs": 74.8397390784003, "hidden_channels": 23.75642091129274, "learning_rate": 0.03517393035221001, "optimizer": 0.08334976976101993, "pooling_algorithm": 0.24794037410919234}, "datetime": {"datetime": "2023-11-28 01:14:24", "elapsed": 0.0, "delta": 0.0}}
{"target": 0.5, "params": {"activation_function": 1.1995456151139912, "amount_of_layers": 8.767771445127984, "batch_size": 110.07656707893976, "dropout_rate": 0.6099744652019767, "epochs": 47.547457028152046, "hidden_channels": 65.98359030489996, "learning_rate": 0.021729848758982765, "optimizer": 1.5793557885767155, "pooling_algorithm": 0.8183886016321489}, "datetime": {"datetime": "2023-11-28 01:14:25", "elapsed": 1.480697, "delta": 1.480697}}
{"target": 0.26071428571428573, "params": {"activation_function": 0.26501132153225293, "amount_of_layers": 8.407588961109223, "batch_size": 27.989234078412608, "dropout_rate": 0.5246590027338448, "epochs": 25.51995462796703, "hidden_channels": 61.64067758683409, "learning_rate": 0.03911640378125895, "optimizer": 0.9773344143924179, "pooling_algorithm": 0.47392087669828264}, "datetime": {"datetime": "2023-11-28 01:14:27", "elapsed": 3.432363, "delta": 1.951666}}
{"target": 0.5, "params": {"activation_function": 0.515943591645668, "amount_of_layers": 8.966827707257725, "batch_size": 67.5223735243963, "dropout_rate": 0.465276717834931, "epochs": 184.1325533632416, "hidden_channels": 119.78103284901512, "learning_rate": 0.09656948630220238, "optimizer": 1.050498889015754, "pooling_algorithm": 0.8979467560267131}, "datetime": {"datetime": "2023-11-28 01:14:35", "elapsed": 10.96177, "delta": 7.529407}}
{"target": 0.9071428571428571, "params": {"activation_function": 1.0612800812426126, "amount_of_layers": 5.820334638228799, "batch_size": 111.26658057876028, "dropout_rate": 0.7434864932575191, "epochs": 72.19193819137857, "hidden_channels": 89.56618344151934, "learning_rate": 0.09364134248048098, "optimizer": 0.09405934356392853, "pooling_algorithm": 0.5449334750647578}, "datetime": {"datetime": "2023-11-28 01:14:36", "elapsed": 12.686559, "delta": 1.724789}}
{"target": 0.9035714285714286, "params": {"activation_function": 1.3963869957547876, "amount_of_layers": 3.1753547540559177, "batch_size": 136.63966239624295, "dropout_rate": 0.4301856452499039, "epochs": 188.67047052357913, "hidden_channels": 81.07374275532905, "learning_rate": 0.06778687560321413, "optimizer": 0.177694685306234, "pooling_algorithm": 0.7181565189397511}, "datetime": {"datetime": "2023-11-28 01:14:40", "elapsed": 15.918207, "delta": 3.231648}}
{"target": 0.7535714285714286, "params": {"activation_function": 0.7144726231839962, "amount_of_layers": 1.8953352066784381, "batch_size": 74.43250251097021, "dropout_rate": 0.6479425955946536, "epochs": 111.83614952076952, "hidden_channels": 35.2619946051923, "learning_rate": 0.03705191615501171, "optimizer": 0.772081340374652, "pooling_algorithm": 0.16032124420670557}, "datetime": {"datetime": "2023-11-28 01:14:42", "elapsed": 18.369652, "delta": 2.451445}}
{"target": 0.8946428571428572, "params": {"activation_function": 0.7138009128388925, "amount_of_layers": 1.469098692942766, "batch_size": 79.0215763946556, "dropout_rate": 0.5595841219415492, "epochs": 42.991586508201976, "hidden_channels": 51.05858950491514, "learning_rate": 0.007539674077381984, "optimizer": 1.0361714419141492, "pooling_algorithm": 0.8004666502316444}, "datetime": {"datetime": "2023-11-28 01:14:43", "elapsed": 19.030704, "delta": 0.661052}}
{"target": 0.5, "params": {"activation_function": 0.5346869947978108, "amount_of_layers": 8.748343706739629, "batch_size": 19.714716703571252, "dropout_rate": 0.5942548463772548, "epochs": 13.826725085491105, "hidden_channels": 42.67833586996974, "learning_rate": 0.02962913364531832, "optimizer": 1.619711519931012, "pooling_algorithm": 0.7282903530724986}, "datetime": {"datetime": "2023-11-28 01:14:44", "elapsed": 20.490127, "delta": 1.459423}}
{"target": 0.4392857142857143, "params": {"activation_function": 1.818367713425552, "amount_of_layers": 2.400621591210223, "batch_size": 27.08032989476095, "dropout_rate": 0.42894293791344784, "epochs": 150.59804510304593, "hidden_channels": 49.40373613646654, "learning_rate": 0.0535218024774383, "optimizer": 1.9526690307393852, "pooling_algorithm": 0.9306458076132998}, "datetime": {"datetime": "2023-11-28 01:14:49", "elapsed": 25.855134, "delta": 5.365007}}
{"target": 0.7392857142857143, "params": {"activation_function": 0.5328660013365558, "amount_of_layers": 3.3757846938570326, "batch_size": 35.45654990634792, "dropout_rate": 0.5634801171706405, "epochs": 156.8844141626081, "hidden_channels": 78.49005738442109, "learning_rate": 0.034412093511338095, "optimizer": 0.6938866194114868, "pooling_algorithm": 0.45013537126231906}, "datetime": {"datetime": "2023-11-28 01:14:55", "elapsed": 31.677882, "delta": 5.822748}}
{"target": 0.8267857142857142, "params": {"activation_function": 1.4543744735196973, "amount_of_layers": 1.3336702279431556, "batch_size": 78.35870482279915, "dropout_rate": 0.25531157267158877, "epochs": 166.37708091348892, "hidden_channels": 106.86816243925202, "learning_rate": 0.01499723483237228, "optimizer": 0.8311617560227855, "pooling_algorithm": 0.14661305061198604}, "datetime": {"datetime": "2023-11-28 01:14:58", "elapsed": 34.051937, "delta": 2.374055}}
{"target": 0.7321428571428572, "params": {"activation_function": 1.121207983905207, "amount_of_layers": 4.767980133399176, "batch_size": 66.52261422334773, "dropout_rate": 0.6043819340112416, "epochs": 169.608039951211, "hidden_channels": 114.45645629194695, "learning_rate": 0.058188103329541496, "optimizer": 0.6423604186712435, "pooling_algorithm": 0.331316778306905}, "datetime": {"datetime": "2023-11-28 01:15:03", "elapsed": 39.268754, "delta": 5.216817}}
{"target": 0.5, "params": {"activation_function": 1.80511416777916, "amount_of_layers": 7.5911635754987685, "batch_size": 25.901110873608708, "dropout_rate": 0.711380739889538, "epochs": 129.33290606596856, "hidden_channels": 96.17304682165665, "learning_rate": 0.057453809380752216, "optimizer": 0.7119500737115998, "pooling_algorithm": 0.7097587459604883}, "datetime": {"datetime": "2023-11-28 01:15:12", "elapsed": 48.400292, "delta": 9.131538}}
{"target": 0.8071428571428572, "params": {"activation_function": 1.5605932433445142, "amount_of_layers": 5.161529363034157, "batch_size": 99.53271958275626, "dropout_rate": 0.3312409544992379, "epochs": 160.92654267970036, "hidden_channels": 112.2873684368411, "learning_rate": 0.08935030284853411, "optimizer": 0.07316186072864284, "pooling_algorithm": 0.03308443763527735}, "datetime": {"datetime": "2023-11-28 01:15:16", "elapsed": 51.941859, "delta": 3.541567}}
{"target": 0.2571428571428571, "params": {"activation_function": 1.6558904919812405, "amount_of_layers": 8.23331379095714, "batch_size": 132.0002765449263, "dropout_rate": 0.5867213920193723, "epochs": 88.56225345780243, "hidden_channels": 96.81927033094013, "learning_rate": 0.006651089883793476, "optimizer": 0.7847211386939927, "pooling_algorithm": 0.15064286333161758}, "datetime": {"datetime": "2023-11-28 01:15:18", "elapsed": 54.483561, "delta": 2.541702}}
{"target": 0.7321428571428571, "params": {"activation_function": 0.45947613093613704, "amount_of_layers": 3.1147579191815202, "batch_size": 77.73079051635884, "dropout_rate": 0.7247854143491377, "epochs": 52.75938619123843, "hidden_channels": 114.25153990896436, "learning_rate": 0.03424528330755444, "optimizer": 0.022323320301119276, "pooling_algorithm": 0.4315854048579997}, "datetime": {"datetime": "2023-11-28 01:15:19", "elapsed": 55.468289, "delta": 0.984728}}
{"target": 0.25178571428571433, "params": {"activation_function": 1.1691337476956363, "amount_of_layers": 2.674269925023161, "batch_size": 149.7899330358825, "dropout_rate": 0.34468030859784515, "epochs": 193.67094055656722, "hidden_channels": 56.99166234858907, "learning_rate": 0.057004256286892915, "optimizer": 1.0170852674979602, "pooling_algorithm": 0.2839830419858451}, "datetime": {"datetime": "2023-11-28 01:15:21", "elapsed": 57.692992, "delta": 2.224703}}
{"target": 0.5, "params": {"activation_function": 1.4565970626936844, "amount_of_layers": 5.023269315851276, "batch_size": 85.97493661128128, "dropout_rate": 0.4476330016142172, "epochs": 88.197642903305, "hidden_channels": 31.169396764167267, "learning_rate": 0.08938128694480262, "optimizer": 1.2559251404472915, "pooling_algorithm": 0.7704146710939141}, "datetime": {"datetime": "2023-11-28 01:15:23", "elapsed": 59.677645, "delta": 1.984653}}
{"target": 0.5, "params": {"activation_function": 1.0320220440473757, "amount_of_layers": 5.838335314963593, "batch_size": 54.1583218321585, "dropout_rate": 0.5549334522097268, "epochs": 195.67933311963165, "hidden_channels": 113.50356252631914, "learning_rate": 0.04369080999606386, "optimizer": 1.6256599296798597, "pooling_algorithm": 0.5191488870112445}, "datetime": {"datetime": "2023-11-28 01:15:30", "elapsed": 66.086903, "delta": 6.409258}}
{"target": 0.9071428571428571, "params": {"activation_function": 0.836885634431529, "amount_of_layers": 4.5433295702554695, "batch_size": 103.30906102572007, "dropout_rate": 0.75, "epochs": 69.0852652287842, "hidden_channels": 91.46544834818945, "learning_rate": 0.1, "optimizer": 0.0, "pooling_algorithm": 0.6289637029864316}, "datetime": {"datetime": "2023-11-28 01:15:31", "elapsed": 67.83734, "delta": 1.750437}}
{"target": 0.0, "params": {"activation_function": 1.7752032261051394, "amount_of_layers": 4.431856785337717, "batch_size": 78.58462667584388, "dropout_rate": 0.27219218608815415, "epochs": 52.382956703350374, "hidden_channels": 113.29548194750303, "learning_rate": 0.09142081250878037, "optimizer": 1.7831043443234609, "pooling_algorithm": 0.8104488575512041}, "datetime": {"datetime": "2023-11-28 01:15:33", "elapsed": 68.989025, "delta": 1.151685}}
{"target": 0.9107142857142857, "params": {"activation_function": 0.28978414830259003, "amount_of_layers": 8.323331706290542, "batch_size": 38.300086245138154, "dropout_rate": 0.4935385089887475, "epochs": 84.23881823067768, "hidden_channels": 70.32684801129723, "learning_rate": 0.008282359468907229, "optimizer": 0.11050369664356596, "pooling_algorithm": 0.8296826529562843}, "datetime": {"datetime": "2023-11-28 01:15:37", "elapsed": 73.070355, "delta": 4.08133}}
{"target": 0.5, "params": {"activation_function": 0.29194971935049874, "amount_of_layers": 4.383652798652394, "batch_size": 103.02905278777689, "dropout_rate": 0.7164021611610609, "epochs": 118.5143093866687, "hidden_channels": 75.45528605171823, "learning_rate": 0.01096854068755539, "optimizer": 1.967876259790651, "pooling_algorithm": 0.3666470403312019}, "datetime": {"datetime": "2023-11-28 01:15:39", "elapsed": 75.552572, "delta": 2.482217}}
{"target": 0.5, "params": {"activation_function": 0.5779558343060178, "amount_of_layers": 3.6596581178265755, "batch_size": 104.09873097033757, "dropout_rate": 0.5391159289189216, "epochs": 180.15836380929088, "hidden_channels": 22.779881179989818, "learning_rate": 0.08561752274450357, "optimizer": 0.7785795150769539, "pooling_algorithm": 0.5714853540531023}, "datetime": {"datetime": "2023-11-28 01:15:43", "elapsed": 79.226333, "delta": 3.673761}}
{"target": 0.5, "params": {"activation_function": 1.0587687893345528, "amount_of_layers": 1.9733832392688955, "batch_size": 40.27263879453827, "dropout_rate": 0.49012853999077094, "epochs": 175.06084129956335, "hidden_channels": 115.2864852154042, "learning_rate": 0.07549585008129829, "optimizer": 1.2406605543643243, "pooling_algorithm": 0.7513565453310893}, "datetime": {"datetime": "2023-11-28 01:15:48", "elapsed": 83.947324, "delta": 4.720991}}
{"target": 0.7357142857142858, "params": {"activation_function": 1.1028112932957972, "amount_of_layers": 4.492534895617101, "batch_size": 57.60175990981253, "dropout_rate": 0.7138880481053989, "epochs": 192.29169204990527, "hidden_channels": 95.91820277916285, "learning_rate": 0.02606018866878868, "optimizer": 1.7552744871624042, "pooling_algorithm": 0.3398996273643037}, "datetime": {"datetime": "2023-11-28 01:15:53", "elapsed": 89.235467, "delta": 5.288143}}
{"target": 0.5, "params": {"activation_function": 1.2810070801590552, "amount_of_layers": 3.2150645120026677, "batch_size": 62.930544015310396, "dropout_rate": 0.6048768372760236, "epochs": 194.67973311370486, "hidden_channels": 89.90968101150487, "learning_rate": 0.08512913583801755, "optimizer": 1.9718546419553304, "pooling_algorithm": 0.7411215268323337}, "datetime": {"datetime": "2023-11-28 01:15:57", "elapsed": 93.908932, "delta": 4.673465}}
{"target": 0.0, "params": {"activation_function": 1.5186334837621478, "amount_of_layers": 8.744211908917993, "batch_size": 39.62124228756913, "dropout_rate": 0.31817427102083, "epochs": 18.800858658990727, "hidden_channels": 13.45101828787143, "learning_rate": 0.07573727831302628, "optimizer": 1.808406851262104, "pooling_algorithm": 0.5189835656381029}, "datetime": {"datetime": "2023-11-28 01:15:59", "elapsed": 95.025595, "delta": 1.116663}}
{"target": 0.2642857142857143, "params": {"activation_function": 1.4494699892955472, "amount_of_layers": 5.214442112685547, "batch_size": 58.436169484550184, "dropout_rate": 0.48190532938960445, "epochs": 50.035868826944174, "hidden_channels": 76.47710989916577, "learning_rate": 0.028932391926498702, "optimizer": 1.4541947902092223, "pooling_algorithm": 0.13923542381162723}, "datetime": {"datetime": "2023-11-28 01:16:00", "elapsed": 96.721237, "delta": 1.695642}}
{"target": 0.8107142857142857, "params": {"activation_function": 0.03744577684222161, "amount_of_layers": 2.8028416245544, "batch_size": 36.776510802568865, "dropout_rate": 0.4267031838874492, "epochs": 26.723674403281386, "hidden_channels": 48.63947110217193, "learning_rate": 0.0119203375830563, "optimizer": 1.7452821181112292, "pooling_algorithm": 0.237757295084712}, "datetime": {"datetime": "2023-11-28 01:16:01", "elapsed": 97.828231, "delta": 1.106994}}
{"target": 0.5, "params": {"activation_function": 0.30412209123059464, "amount_of_layers": 3.25504338118448, "batch_size": 103.10981993872441, "dropout_rate": 0.3343084575485714, "epochs": 67.91867481206432, "hidden_channels": 92.59529260625925, "learning_rate": 0.06933421419269575, "optimizer": 0.8904632260008942, "pooling_algorithm": 0.22845464411662375}, "datetime": {"datetime": "2023-11-28 01:16:03", "elapsed": 99.203926, "delta": 1.375695}}
{"target": 0.0, "params": {"activation_function": 1.9780601528438935, "amount_of_layers": 5.77576408761053, "batch_size": 21.15008217137263, "dropout_rate": 0.7392906090863764, "epochs": 113.90282499293886, "hidden_channels": 105.08819505982372, "learning_rate": 0.03131170940643483, "optimizer": 1.9527891811163078, "pooling_algorithm": 0.16741753231605505}, "datetime": {"datetime": "2023-11-28 01:16:11", "elapsed": 107.892798, "delta": 8.688872}}
{"target": 0.0, "params": {"activation_function": 0.5299208058213285, "amount_of_layers": 6.85136233515091, "batch_size": 56.36776522022148, "dropout_rate": 0.6638734265593502, "epochs": 71.60896535695507, "hidden_channels": 104.93848948519494, "learning_rate": 0.04624598047775487, "optimizer": 0.7379997926515249, "pooling_algorithm": 0.7638887009077264}, "datetime": {"datetime": "2023-11-28 01:16:14", "elapsed": 110.587846, "delta": 2.695048}}
{"target": 0.9, "params": {"activation_function": 1.021596274588382, "amount_of_layers": 5.13695216996321, "batch_size": 149.9279943657151, "dropout_rate": 0.5182065583613737, "epochs": 64.05414202991479, "hidden_channels": 123.47310670122916, "learning_rate": 0.003612319825887779, "optimizer": 0.7867664452644565, "pooling_algorithm": 0.8026231235556297}, "datetime": {"datetime": "2023-11-28 01:16:15", "elapsed": 111.487874, "delta": 0.900028}}
{"target": 0.32499999999999996, "params": {"activation_function": 0.8085869797028213, "amount_of_layers": 3.955794986672032, "batch_size": 107.24434571785956, "dropout_rate": 0.6080716765086285, "epochs": 76.8917952007129, "hidden_channels": 24.42857978532124, "learning_rate": 0.016848799418078746, "optimizer": 1.898671355130623, "pooling_algorithm": 0.7511834357150091}, "datetime": {"datetime": "2023-11-28 01:16:17", "elapsed": 113.165467, "delta": 1.677593}}
{"target": 0.9107142857142858, "params": {"activation_function": 0.08659156670097645, "amount_of_layers": 6.085593493335774, "batch_size": 38.92433121829852, "dropout_rate": 0.3344081443228064, "epochs": 181.98054857517394, "hidden_channels": 51.80907199000494, "learning_rate": 0.031004926923283313, "optimizer": 0.1547686287937866, "pooling_algorithm": 0.812195724605083}, "datetime": {"datetime": "2023-11-28 01:16:24", "elapsed": 120.527837, "delta": 7.36237}}
{"target": 0.5, "params": {"activation_function": 1.6855263449129005, "amount_of_layers": 4.183615505413702, "batch_size": 18.87533820575751, "dropout_rate": 0.4442402019995048, "epochs": 139.16256561048118, "hidden_channels": 106.0582269532601, "learning_rate": 0.030212456581552614, "optimizer": 1.8002632619706136, "pooling_algorithm": 0.17812460158939158}, "datetime": {"datetime": "2023-11-28 01:16:33", "elapsed": 129.095804, "delta": 8.567967}}
{"target": 0.35892857142857143, "params": {"activation_function": 0.6397850252977137, "amount_of_layers": 1.1490499718385374, "batch_size": 129.74369861920627, "dropout_rate": 0.4728490881528686, "epochs": 128.86983986199675, "hidden_channels": 97.46851345038573, "learning_rate": 0.049016866182976605, "optimizer": 0.11459813040612077, "pooling_algorithm": 0.2415804875410308}, "datetime": {"datetime": "2023-11-28 01:16:35", "elapsed": 130.964787, "delta": 1.868983}}
{"target": 0.5, "params": {"activation_function": 0.2579336710349056, "amount_of_layers": 7.006619060343432, "batch_size": 107.12642021526214, "dropout_rate": 0.5455341462755391, "epochs": 194.21358850504356, "hidden_channels": 35.261959717501, "learning_rate": 0.07274078999692525, "optimizer": 0.7892284690641835, "pooling_algorithm": 0.8254880827529322}, "datetime": {"datetime": "2023-11-28 01:16:40", "elapsed": 136.025417, "delta": 5.06063}}
{"target": 0.5, "params": {"activation_function": 0.14793956352820303, "amount_of_layers": 4.175520128388829, "batch_size": 99.47824980378391, "dropout_rate": 0.721863252194076, "epochs": 129.57571209256054, "hidden_channels": 31.107446021924346, "learning_rate": 0.029515444054167853, "optimizer": 1.9210512924822407, "pooling_algorithm": 0.6519790518896393}, "datetime": {"datetime": "2023-11-28 01:16:42", "elapsed": 138.794842, "delta": 2.769425}}
{"target": 0.3946428571428572, "params": {"activation_function": 0.5780227998126033, "amount_of_layers": 3.1699538509106544, "batch_size": 30.427624756284352, "dropout_rate": 0.26791780330315756, "epochs": 147.2798914192487, "hidden_channels": 70.79894425479826, "learning_rate": 0.01882690262625296, "optimizer": 0.09318208833328412, "pooling_algorithm": 0.3351691378767824}, "datetime": {"datetime": "2023-11-28 01:16:48", "elapsed": 144.02373, "delta": 5.228888}}
{"target": 0.7892857142857143, "params": {"activation_function": 1.8463707478633515, "amount_of_layers": 1.8591273975847766, "batch_size": 109.28093784921393, "dropout_rate": 0.36494881635702714, "epochs": 39.861094483241175, "hidden_channels": 29.081982440389744, "learning_rate": 0.0733743245613541, "optimizer": 0.05863450934072989, "pooling_algorithm": 0.37274435110042925}, "datetime": {"datetime": "2023-11-28 01:16:48", "elapsed": 144.784133, "delta": 0.760403}}
{"target": 0.8696428571428572, "params": {"activation_function": 1.6203755572614136, "amount_of_layers": 5.978396090023315, "batch_size": 72.18234025987485, "dropout_rate": 0.41948455361069287, "epochs": 186.38309352037035, "hidden_channels": 32.69985760599284, "learning_rate": 0.07586243607454289, "optimizer": 1.771143916869351, "pooling_algorithm": 0.5770027109053196}, "datetime": {"datetime": "2023-11-28 01:16:54", "elapsed": 150.741153, "delta": 5.95702}}
{"target": 0.0, "params": {"activation_function": 1.7859720976782436, "amount_of_layers": 2.1127787012442045, "batch_size": 83.71187264833478, "dropout_rate": 0.6608890535930305, "epochs": 149.5001128016303, "hidden_channels": 101.28155811882142, "learning_rate": 0.04248245518818975, "optimizer": 1.8969969834528106, "pooling_algorithm": 0.1376107293539821}, "datetime": {"datetime": "2023-11-28 01:16:57", "elapsed": 153.258485, "delta": 2.517332}}
{"target": 0.0, "params": {"activation_function": 1.1641233597119307, "amount_of_layers": 5.535704318623783, "batch_size": 147.2171568892889, "dropout_rate": 0.6066970198121067, "epochs": 104.16406774530319, "hidden_channels": 94.265510251869, "learning_rate": 0.08468085749257459, "optimizer": 1.1955876980649554, "pooling_algorithm": 0.3851434029795344}, "datetime": {"datetime": "2023-11-28 01:16:59", "elapsed": 155.79363, "delta": 2.535145}}
{"target": 0.10178571428571428, "params": {"activation_function": 0.6608041622476981, "amount_of_layers": 4.216475490872475, "batch_size": 16.70914496231331, "dropout_rate": 0.30798598169307795, "epochs": 137.01318947460834, "hidden_channels": 118.73992870853597, "learning_rate": 0.0034612163688623582, "optimizer": 1.4828798610750769, "pooling_algorithm": 0.7509620584082191}, "datetime": {"datetime": "2023-11-28 01:17:09", "elapsed": 165.164245, "delta": 9.370615}}
{"target": 0.5, "params": {"activation_function": 1.2848853684355992, "amount_of_layers": 2.8760666017044114, "batch_size": 65.66226421488858, "dropout_rate": 0.2566043639078135, "epochs": 117.25690421163422, "hidden_channels": 9.89464845671893, "learning_rate": 0.0847040502668927, "optimizer": 0.8546864466199564, "pooling_algorithm": 0.8224645757143536}, "datetime": {"datetime": "2023-11-28 01:17:12", "elapsed": 168.097457, "delta": 2.933212}}
