{"target": 0.8964285714285715, "params": {"activation_function": 1.4986845226373775, "amount_of_layers": 6.641840892111316, "batch_size": 59.41968871767941, "dropout_rate": 0.726119219786671, "epochs": 169.61915676019706, "hidden_channels": 14.542895402551075, "learning_rate": 0.03907184492085106, "optimizer": 0.39024892369783215, "pooling_algorithm": 0.9229589942596204}, "datetime": {"datetime": "2023-11-28 04:38:16", "elapsed": 0.0, "delta": 0.0}}
{"target": 0.5, "params": {"activation_function": 1.05260189751503, "amount_of_layers": 4.054708725085258, "batch_size": 23.576316436149718, "dropout_rate": 0.7007564267688913, "epochs": 23.784702901158923, "hidden_channels": 32.463318276526294, "learning_rate": 0.02792416850258213, "optimizer": 1.9267764015342035, "pooling_algorithm": 0.884623996997194}, "datetime": {"datetime": "2023-11-28 04:38:17", "elapsed": 1.376567, "delta": 1.376567}}
{"target": 0.7321428571428572, "params": {"activation_function": 1.3193932632687433, "amount_of_layers": 8.517372400689439, "batch_size": 25.050671336148035, "dropout_rate": 0.6837513898897434, "epochs": 33.37724711543396, "hidden_channels": 33.08188216356493, "learning_rate": 0.003446197983602341, "optimizer": 0.0684297769587876, "pooling_algorithm": 0.1586293544900611}, "datetime": {"datetime": "2023-11-28 04:38:19", "elapsed": 3.876766, "delta": 2.500199}}
{"target": 0.5, "params": {"activation_function": 0.4424093223591523, "amount_of_layers": 6.777538869103739, "batch_size": 131.01768706157614, "dropout_rate": 0.30153693803527865, "epochs": 131.02856630815376, "hidden_channels": 63.017987832397274, "learning_rate": 0.04172911090603496, "optimizer": 1.1385487021771137, "pooling_algorithm": 0.690622497350079}, "datetime": {"datetime": "2023-11-28 04:38:23", "elapsed": 7.380127, "delta": 3.503361}}
{"target": 0.5, "params": {"activation_function": 0.4566617843247014, "amount_of_layers": 4.185649754701492, "batch_size": 100.24082350713154, "dropout_rate": 0.4971668283658523, "epochs": 40.11287078516814, "hidden_channels": 38.887212757582226, "learning_rate": 0.014997991463416564, "optimizer": 1.5887985176956232, "pooling_algorithm": 0.4417045663065662}, "datetime": {"datetime": "2023-11-28 04:38:24", "elapsed": 8.231339, "delta": 0.851212}}
{"target": 0.0, "params": {"activation_function": 0.6390303577240277, "amount_of_layers": 3.841554238754224, "batch_size": 109.14790417276392, "dropout_rate": 0.7433784940334693, "epochs": 159.97803891031293, "hidden_channels": 78.3348156971531, "learning_rate": 0.08860867473689511, "optimizer": 1.5345751884714756, "pooling_algorithm": 0.9016615238422119}, "datetime": {"datetime": "2023-11-28 04:38:27", "elapsed": 11.443184, "delta": 3.211845}}
{"target": 0.2607142857142857, "params": {"activation_function": 1.9467489546147243, "amount_of_layers": 8.59287800756777, "batch_size": 106.39723697827152, "dropout_rate": 0.5008213678329156, "epochs": 164.95642214896668, "hidden_channels": 11.650490046564085, "learning_rate": 0.07434990751758393, "optimizer": 1.5996018742685583, "pooling_algorithm": 0.044426831846060555}, "datetime": {"datetime": "2023-11-28 04:38:32", "elapsed": 16.272977, "delta": 4.829793}}
{"target": 0.5, "params": {"activation_function": 0.23659000217085602, "amount_of_layers": 4.287397570070654, "batch_size": 67.42978043969649, "dropout_rate": 0.3922077658243452, "epochs": 132.93508050019398, "hidden_channels": 39.41670147559324, "learning_rate": 0.07469388264228423, "optimizer": 1.3205009908528025, "pooling_algorithm": 0.9163806794366555}, "datetime": {"datetime": "2023-11-28 04:38:36", "elapsed": 19.988166, "delta": 3.715189}}
{"target": 0.0, "params": {"activation_function": 0.46769390867570326, "amount_of_layers": 5.492995542432484, "batch_size": 99.03192407146851, "dropout_rate": 0.5872198819956511, "epochs": 34.33643781307502, "hidden_channels": 85.78558698107116, "learning_rate": 0.05947103917376442, "optimizer": 1.9982317440412989, "pooling_algorithm": 0.3980846824623525}, "datetime": {"datetime": "2023-11-28 04:38:36", "elapsed": 20.789351, "delta": 0.801185}}
{"target": 0.26249999999999996, "params": {"activation_function": 1.2876192696848132, "amount_of_layers": 8.959663451568098, "batch_size": 54.58596288618559, "dropout_rate": 0.7328942513238742, "epochs": 188.8723488104629, "hidden_channels": 54.70070506815772, "learning_rate": 0.06272855118424864, "optimizer": 1.1068321798898633, "pooling_algorithm": 0.20145334542026616}, "datetime": {"datetime": "2023-11-28 04:38:44", "elapsed": 28.691875, "delta": 7.902524}}
{"target": 0.0, "params": {"activation_function": 1.2795569653783192, "amount_of_layers": 6.1614560541810635, "batch_size": 68.45648992118913, "dropout_rate": 0.4490736722506705, "epochs": 139.17679230609147, "hidden_channels": 120.7299183849292, "learning_rate": 0.04453775666965347, "optimizer": 0.6066124595187292, "pooling_algorithm": 0.8008294325097864}, "datetime": {"datetime": "2023-11-28 04:38:49", "elapsed": 33.295199, "delta": 4.603324}}
{"target": 0.8321428571428572, "params": {"activation_function": 0.08368091272386113, "amount_of_layers": 5.796894589005681, "batch_size": 118.79863979530425, "dropout_rate": 0.360395253992053, "epochs": 48.98655029178542, "hidden_channels": 125.64569831756519, "learning_rate": 0.0177808263063849, "optimizer": 1.3654867689984997, "pooling_algorithm": 0.24853450765742968}, "datetime": {"datetime": "2023-11-28 04:38:50", "elapsed": 34.557073, "delta": 1.261874}}
{"target": 0.9107142857142857, "params": {"activation_function": 0.201383098567127, "amount_of_layers": 4.190439043172493, "batch_size": 24.750229906886027, "dropout_rate": 0.5319392960345638, "epochs": 102.57137575959952, "hidden_channels": 60.041570956180905, "learning_rate": 0.0408982918703488, "optimizer": 0.1748445270038257, "pooling_algorithm": 0.9995057151944915}, "datetime": {"datetime": "2023-11-28 04:38:55", "elapsed": 39.279476, "delta": 4.722403}}
{"target": 0.27142857142857146, "params": {"activation_function": 1.3999163309749034, "amount_of_layers": 3.665461461428584, "batch_size": 70.75723120665025, "dropout_rate": 0.2629914162076999, "epochs": 152.67333542698154, "hidden_channels": 87.80016821756188, "learning_rate": 0.07842524655210689, "optimizer": 0.3109673146408882, "pooling_algorithm": 0.051989012514423116}, "datetime": {"datetime": "2023-11-28 04:38:59", "elapsed": 43.380367, "delta": 4.100891}}
{"target": 0.5, "params": {"activation_function": 0.09556856742224151, "amount_of_layers": 5.685726753340335, "batch_size": 80.42263572948433, "dropout_rate": 0.3405460640555382, "epochs": 146.62086553896606, "hidden_channels": 81.46093048049906, "learning_rate": 0.05976365115461065, "optimizer": 1.5023599822218299, "pooling_algorithm": 0.5123355252745222}, "datetime": {"datetime": "2023-11-28 04:39:02", "elapsed": 46.887405, "delta": 3.507038}}
{"target": 0.9035714285714286, "params": {"activation_function": 1.4069484724153267, "amount_of_layers": 6.612239430668152, "batch_size": 82.64156423506394, "dropout_rate": 0.26283544924866564, "epochs": 170.92740237517555, "hidden_channels": 107.10894437227785, "learning_rate": 0.08872695748044353, "optimizer": 0.35648064975134663, "pooling_algorithm": 0.9709096869240273}, "datetime": {"datetime": "2023-11-28 04:39:07", "elapsed": 51.180027, "delta": 4.292622}}
{"target": 0.9035714285714286, "params": {"activation_function": 1.2022033849205556, "amount_of_layers": 6.181869429876956, "batch_size": 124.27781745550632, "dropout_rate": 0.6563764474602397, "epochs": 113.48994568152565, "hidden_channels": 15.757700375228508, "learning_rate": 0.002652131763757716, "optimizer": 0.13604075738796917, "pooling_algorithm": 0.993772964822722}, "datetime": {"datetime": "2023-11-28 04:39:09", "elapsed": 53.804312, "delta": 2.624285}}
{"target": 0.45, "params": {"activation_function": 1.8706754717556702, "amount_of_layers": 7.581231416246037, "batch_size": 43.96354845697688, "dropout_rate": 0.5451421167601447, "epochs": 128.9859617836139, "hidden_channels": 117.09438270258025, "learning_rate": 0.06647468385878856, "optimizer": 1.0561614255068807, "pooling_algorithm": 0.9677930178435205}, "datetime": {"datetime": "2023-11-28 04:39:16", "elapsed": 60.191616, "delta": 6.387304}}
{"target": 0.7375, "params": {"activation_function": 1.8508265950201885, "amount_of_layers": 6.878077582065509, "batch_size": 55.160574058772745, "dropout_rate": 0.3061505019821871, "epochs": 164.94746470965492, "hidden_channels": 125.42577161829854, "learning_rate": 0.07011515437859613, "optimizer": 1.0272146902390829, "pooling_algorithm": 0.22021080346436706}, "datetime": {"datetime": "2023-11-28 04:39:22", "elapsed": 66.266184, "delta": 6.074568}}
{"target": 0.8142857142857143, "params": {"activation_function": 1.4465452746444283, "amount_of_layers": 1.5086194727779842, "batch_size": 98.81504149630044, "dropout_rate": 0.3283861682591718, "epochs": 96.74864893760306, "hidden_channels": 49.53970350634597, "learning_rate": 0.062315033459721766, "optimizer": 1.4128113807927747, "pooling_algorithm": 0.4893334882303215}, "datetime": {"datetime": "2023-11-28 04:39:23", "elapsed": 67.917145, "delta": 1.650961}}
{"target": 0.5, "params": {"activation_function": 0.8953924986078037, "amount_of_layers": 2.6257940823092634, "batch_size": 114.2790378548796, "dropout_rate": 0.6778870909148141, "epochs": 63.0201110213259, "hidden_channels": 54.63887203916104, "learning_rate": 0.04234750873367063, "optimizer": 1.710059882760051, "pooling_algorithm": 0.5028486579310352}, "datetime": {"datetime": "2023-11-28 04:39:25", "elapsed": 69.152455, "delta": 1.23531}}
{"target": 0.8785714285714286, "params": {"activation_function": 1.7109730802251166, "amount_of_layers": 5.34375342469062, "batch_size": 133.25281146080397, "dropout_rate": 0.517353494330306, "epochs": 26.152099251403584, "hidden_channels": 76.06564906689461, "learning_rate": 0.03805976256473273, "optimizer": 0.14338297893516616, "pooling_algorithm": 0.7244961211864344}, "datetime": {"datetime": "2023-11-28 04:39:25", "elapsed": 69.807184, "delta": 0.654729}}
{"target": 0.8999999999999999, "params": {"activation_function": 0.6186997192621748, "amount_of_layers": 8.866398701662932, "batch_size": 42.126327994483454, "dropout_rate": 0.6603537866272063, "epochs": 112.84442075034643, "hidden_channels": 55.89063009570059, "learning_rate": 0.05934463555587741, "optimizer": 0.0554206966264017, "pooling_algorithm": 0.698186861938629}, "datetime": {"datetime": "2023-11-28 04:39:31", "elapsed": 75.70283, "delta": 5.895646}}
{"target": 0.5, "params": {"activation_function": 0.8521386843503691, "amount_of_layers": 5.322442494940819, "batch_size": 93.08702659980901, "dropout_rate": 0.33387339047492076, "epochs": 107.40921526824538, "hidden_channels": 68.9497115841844, "learning_rate": 0.08727967368885826, "optimizer": 0.6674451921776932, "pooling_algorithm": 0.6551361548263596}, "datetime": {"datetime": "2023-11-28 04:39:34", "elapsed": 78.155156, "delta": 2.452326}}
{"target": 0.0, "params": {"activation_function": 1.8089634280937108, "amount_of_layers": 7.730428640723273, "batch_size": 146.3255338898067, "dropout_rate": 0.4624091659113245, "epochs": 138.4138181600797, "hidden_channels": 67.74023527303528, "learning_rate": 0.03771827677936441, "optimizer": 1.8479772540783574, "pooling_algorithm": 0.5230226774900505}, "datetime": {"datetime": "2023-11-28 04:39:37", "elapsed": 81.888249, "delta": 3.733093}}
{"target": 0.9, "params": {"activation_function": 0.16183480147404788, "amount_of_layers": 7.9547759427287, "batch_size": 30.562202691615553, "dropout_rate": 0.75, "epochs": 108.798877742792, "hidden_channels": 50.99178558076906, "learning_rate": 0.039587340247008905, "optimizer": 0.009922880374635209, "pooling_algorithm": 0.8528787072352123}, "datetime": {"datetime": "2023-11-28 04:39:44", "elapsed": 88.672753, "delta": 6.784504}}
{"target": 0.0, "params": {"activation_function": 0.11243638644260456, "amount_of_layers": 5.253300782904011, "batch_size": 122.71645587806975, "dropout_rate": 0.319147605205392, "epochs": 157.49090241531442, "hidden_channels": 26.88215080367885, "learning_rate": 0.07780856654020277, "optimizer": 1.5616469833741755, "pooling_algorithm": 0.15164484348172413}, "datetime": {"datetime": "2023-11-28 04:39:48", "elapsed": 92.263106, "delta": 3.590353}}
{"target": 0.9035714285714287, "params": {"activation_function": 1.0240513799055369, "amount_of_layers": 6.262534833941162, "batch_size": 40.24884050499926, "dropout_rate": 0.4872580320182425, "epochs": 95.4767301040643, "hidden_channels": 57.16833369937627, "learning_rate": 0.057160251650579405, "optimizer": 0.39860944917388885, "pooling_algorithm": 0.6811509493824082}, "datetime": {"datetime": "2023-11-28 04:39:52", "elapsed": 96.522291, "delta": 4.259185}}
{"target": 0.9035714285714285, "params": {"activation_function": 0.7494256236702228, "amount_of_layers": 3.556036511763746, "batch_size": 23.31075307217447, "dropout_rate": 0.6578033125346614, "epochs": 23.177965601073186, "hidden_channels": 73.46066798136431, "learning_rate": 0.0014342790886703117, "optimizer": 0.9880570597673117, "pooling_algorithm": 0.805831472335194}, "datetime": {"datetime": "2023-11-28 04:39:53", "elapsed": 97.939115, "delta": 1.416824}}
{"target": 0.3035714285714286, "params": {"activation_function": 1.243444235283865, "amount_of_layers": 3.000226153444717, "batch_size": 100.5562542483065, "dropout_rate": 0.3352553987119012, "epochs": 24.16133779259649, "hidden_channels": 9.144037051685608, "learning_rate": 0.07236902304321574, "optimizer": 1.668382650747565, "pooling_algorithm": 0.49355540548331855}, "datetime": {"datetime": "2023-11-28 04:39:54", "elapsed": 98.467577, "delta": 0.528462}}
{"target": 0.9, "params": {"activation_function": 1.28833510159318, "amount_of_layers": 4.0655465313476205, "batch_size": 114.10863447218469, "dropout_rate": 0.49408630233403183, "epochs": 103.12679966803653, "hidden_channels": 30.817265873093366, "learning_rate": 0.02087232701609176, "optimizer": 0.6498416096890824, "pooling_algorithm": 0.8465967823773974}, "datetime": {"datetime": "2023-11-28 04:39:57", "elapsed": 101.016602, "delta": 2.549025}}
{"target": 0.5, "params": {"activation_function": 1.6449767978182, "amount_of_layers": 8.165928279281225, "batch_size": 75.28186234234461, "dropout_rate": 0.25, "epochs": 185.70135752231127, "hidden_channels": 119.63498099799776, "learning_rate": 0.09823757450957506, "optimizer": 0.63383356359457, "pooling_algorithm": 0.9378200719937199}, "datetime": {"datetime": "2023-11-28 04:40:02", "elapsed": 106.407357, "delta": 5.390755}}
{"target": 0.0, "params": {"activation_function": 1.0429496922758823, "amount_of_layers": 1.7927038254794931, "batch_size": 70.4898845149259, "dropout_rate": 0.5627404415242412, "epochs": 101.40386942468146, "hidden_channels": 86.14208691294498, "learning_rate": 0.058168625737952694, "optimizer": 1.568510554660643, "pooling_algorithm": 0.31930355155010937}, "datetime": {"datetime": "2023-11-28 04:40:04", "elapsed": 108.656872, "delta": 2.249515}}
{"target": 0.5, "params": {"activation_function": 0.4755213043007367, "amount_of_layers": 5.724679370802174, "batch_size": 107.69769307405653, "dropout_rate": 0.3338707118291459, "epochs": 99.77069679905203, "hidden_channels": 11.806831902925317, "learning_rate": 0.03430863991973235, "optimizer": 1.9045157347511004, "pooling_algorithm": 0.23980983408924195}, "datetime": {"datetime": "2023-11-28 04:40:07", "elapsed": 111.496567, "delta": 2.839695}}
{"target": 0.7964285714285715, "params": {"activation_function": 1.954140776138986, "amount_of_layers": 1.947997771518044, "batch_size": 131.96722891800994, "dropout_rate": 0.3440371733690008, "epochs": 101.0820573937982, "hidden_channels": 30.565227427087674, "learning_rate": 0.09372246956519276, "optimizer": 0.7270511647460587, "pooling_algorithm": 0.08669629667411982}, "datetime": {"datetime": "2023-11-28 04:40:09", "elapsed": 113.681205, "delta": 2.184638}}
{"target": 0.8964285714285714, "params": {"activation_function": 0.0, "amount_of_layers": 9.0, "batch_size": 117.57970874805798, "dropout_rate": 0.75, "epochs": 112.19150300974819, "hidden_channels": 45.58213938847949, "learning_rate": 0.001, "optimizer": 0.0, "pooling_algorithm": 1.0}, "datetime": {"datetime": "2023-11-28 04:40:13", "elapsed": 117.406794, "delta": 3.725589}}
{"target": 0.4178571428571428, "params": {"activation_function": 0.2635166038162393, "amount_of_layers": 8.954730837452876, "batch_size": 101.4373206495869, "dropout_rate": 0.6360504051570757, "epochs": 51.42239854238669, "hidden_channels": 102.33756072556268, "learning_rate": 0.029474538619705205, "optimizer": 0.12483598923619943, "pooling_algorithm": 0.4413715571828962}, "datetime": {"datetime": "2023-11-28 04:40:15", "elapsed": 119.010914, "delta": 1.60412}}
{"target": 0.7392857142857142, "params": {"activation_function": 1.1320975083641858, "amount_of_layers": 9.0, "batch_size": 25.11085867152165, "dropout_rate": 0.6390186779289573, "epochs": 42.619816073615695, "hidden_channels": 61.089213088667485, "learning_rate": 0.001, "optimizer": 0.0, "pooling_algorithm": 0.0}, "datetime": {"datetime": "2023-11-28 04:40:18", "elapsed": 122.619039, "delta": 3.608125}}
{"target": 0.9, "params": {"activation_function": 0.26672054314670224, "amount_of_layers": 8.035722666407644, "batch_size": 32.65842642711684, "dropout_rate": 0.6738284243261019, "epochs": 108.80545527849202, "hidden_channels": 51.10554625683232, "learning_rate": 0.04180153944429245, "optimizer": 0.38931932122590895, "pooling_algorithm": 0.7098781962447659}, "datetime": {"datetime": "2023-11-28 04:40:25", "elapsed": 128.98278, "delta": 6.363741}}
{"target": 0.8964285714285715, "params": {"activation_function": 0.7329932288596599, "amount_of_layers": 9.0, "batch_size": 22.241813067724763, "dropout_rate": 0.75, "epochs": 80.87208356830543, "hidden_channels": 44.531235044422765, "learning_rate": 0.04068361186462026, "optimizer": 0.0, "pooling_algorithm": 1.0}, "datetime": {"datetime": "2023-11-28 04:40:32", "elapsed": 136.204409, "delta": 7.221629}}
{"target": 0.11428571428571427, "params": {"activation_function": 1.97445601969749, "amount_of_layers": 7.472256939623818, "batch_size": 35.23100360222152, "dropout_rate": 0.5271790119902793, "epochs": 61.23707883722898, "hidden_channels": 31.38550529009276, "learning_rate": 0.09000169299983643, "optimizer": 0.7957041267309348, "pooling_algorithm": 0.9532496853910849}, "datetime": {"datetime": "2023-11-28 04:40:36", "elapsed": 139.975556, "delta": 3.771147}}
{"target": 0.4892857142857143, "params": {"activation_function": 0.0, "amount_of_layers": 9.0, "batch_size": 16.795616789943367, "dropout_rate": 0.75, "epochs": 81.14797607160871, "hidden_channels": 64.45111445764239, "learning_rate": 0.001, "optimizer": 0.0, "pooling_algorithm": 0.0}, "datetime": {"datetime": "2023-11-28 04:40:45", "elapsed": 149.277814, "delta": 9.302258}}
{"target": 0.37857142857142856, "params": {"activation_function": 1.6234216644063566, "amount_of_layers": 5.137204443736149, "batch_size": 21.718696934275535, "dropout_rate": 0.5726588341464178, "epochs": 93.25643227667388, "hidden_channels": 33.176663223347234, "learning_rate": 0.022867827933825288, "optimizer": 1.8015677401462589, "pooling_algorithm": 0.8914576075229989}, "datetime": {"datetime": "2023-11-28 04:40:51", "elapsed": 155.22387, "delta": 5.946056}}
{"target": 0.8232142857142858, "params": {"activation_function": 2.0, "amount_of_layers": 1.0, "batch_size": 121.28711052740208, "dropout_rate": 0.25, "epochs": 118.69511976989575, "hidden_channels": 31.59566670337702, "learning_rate": 0.1, "optimizer": 0.0, "pooling_algorithm": 0.0}, "datetime": {"datetime": "2023-11-28 04:40:53", "elapsed": 157.37878, "delta": 2.15491}}
{"target": 0.8535714285714285, "params": {"activation_function": 0.1263469492468241, "amount_of_layers": 1.885625899311071, "batch_size": 28.007390990468892, "dropout_rate": 0.4855684037383345, "epochs": 122.10537701851705, "hidden_channels": 64.86784146956423, "learning_rate": 0.06139353780340074, "optimizer": 1.3195818064240425, "pooling_algorithm": 0.4526000967504309}, "datetime": {"datetime": "2023-11-28 04:40:58", "elapsed": 162.298115, "delta": 4.919335}}
{"target": 0.9107142857142856, "params": {"activation_function": 2.0, "amount_of_layers": 5.022529692910141, "batch_size": 150.0, "dropout_rate": 0.43794491518704687, "epochs": 16.80153183120199, "hidden_channels": 72.21942281498238, "learning_rate": 0.009225627676093648, "optimizer": 0.0, "pooling_algorithm": 0.9909279318863901}, "datetime": {"datetime": "2023-11-28 04:40:59", "elapsed": 162.986744, "delta": 0.688629}}
{"target": 0.8928571428571429, "params": {"activation_function": 2.0, "amount_of_layers": 5.114749316737213, "batch_size": 150.0, "dropout_rate": 0.39310186821190873, "epochs": 29.31516068840398, "hidden_channels": 88.82255216022719, "learning_rate": 0.029823849850793345, "optimizer": 0.0, "pooling_algorithm": 0.6802804080853417}, "datetime": {"datetime": "2023-11-28 04:40:59", "elapsed": 163.760119, "delta": 0.773375}}
{"target": 0.19285714285714284, "params": {"activation_function": 0.0, "amount_of_layers": 9.0, "batch_size": 150.0, "dropout_rate": 0.75, "epochs": 37.13735076438839, "hidden_channels": 68.60232173066422, "learning_rate": 0.1, "optimizer": 0.0, "pooling_algorithm": 0.0}, "datetime": {"datetime": "2023-11-28 04:41:00", "elapsed": 164.751293, "delta": 0.991174}}
{"target": 0.12857142857142856, "params": {"activation_function": 2.0, "amount_of_layers": 1.7891982379749443, "batch_size": 141.1972177649428, "dropout_rate": 0.25, "epochs": 12.480260739742121, "hidden_channels": 87.25889525759001, "learning_rate": 0.001, "optimizer": 0.0, "pooling_algorithm": 1.0}, "datetime": {"datetime": "2023-11-28 04:41:01", "elapsed": 165.410464, "delta": 0.659171}}
