{"target": 0.7321428571428571, "params": {"activation_function": 0.9488174531606068, "amount_of_layers": 4.568286255258728, "batch_size": 85.8278093872826, "dropout_rate": 0.7309225175525542, "epochs": 40.04267234124623, "hidden_channels": 38.81543138387993, "learning_rate": 0.013534873665516565, "optimizer": 1.0746369318721183, "pooling_algorithm": 0.18925535448764008}, "datetime": {"datetime": "2023-11-28 04:18:12", "elapsed": 118.721323, "delta": 1.013429}}
{"target": 0.2642857142857143, "params": {"activation_function": 0.7352387157126974, "amount_of_layers": 4.069201741610502, "batch_size": 26.813734626257997, "dropout_rate": 0.28921793137113233, "epochs": 16.42499813152044, "hidden_channels": 10.903386414908262, "learning_rate": 0.06503564549454888, "optimizer": 1.8365836760547822, "pooling_algorithm": 0.3444420954830981}, "datetime": {"datetime": "2023-11-28 04:18:13", "elapsed": 119.622302, "delta": 0.900979}}
{"target": 0.45, "params": {"activation_function": 0.9014667547665762, "amount_of_layers": 8.914224322390648, "batch_size": 148.8288184615436, "dropout_rate": 0.31826476942518983, "epochs": 93.05522513323314, "hidden_channels": 12.16555513678614, "learning_rate": 0.06769322573813749, "optimizer": 0.52381102541073, "pooling_algorithm": 0.5953789631391261}, "datetime": {"datetime": "2023-11-28 04:18:16", "elapsed": 122.374572, "delta": 2.75227}}
{"target": 0.9053571428571429, "params": {"activation_function": 0.6260430136525663, "amount_of_layers": 8.951839179405987, "batch_size": 107.5107822011757, "dropout_rate": 0.48146489868771264, "epochs": 38.1623958814378, "hidden_channels": 109.09800365148025, "learning_rate": 0.023689781880416653, "optimizer": 0.4814962033667547, "pooling_algorithm": 0.5208005825065903}, "datetime": {"datetime": "2023-11-28 04:18:17", "elapsed": 123.598336, "delta": 1.223764}}
{"target": 0.8071428571428572, "params": {"activation_function": 0.35440857970801254, "amount_of_layers": 3.5628622138685575, "batch_size": 103.36534369613736, "dropout_rate": 0.3440030335374866, "epochs": 98.46501626208448, "hidden_channels": 20.326162509427867, "learning_rate": 0.022570512198739994, "optimizer": 0.8081061601011204, "pooling_algorithm": 0.6431852211394937}, "datetime": {"datetime": "2023-11-28 04:18:19", "elapsed": 125.732552, "delta": 2.134216}}
{"target": 0.2607142857142857, "params": {"activation_function": 1.0704402193089677, "amount_of_layers": 1.7750792238698123, "batch_size": 80.82830327127205, "dropout_rate": 0.4008518710135603, "epochs": 107.16212367375252, "hidden_channels": 75.59175782744445, "learning_rate": 0.01525561060235537, "optimizer": 1.8151040939547887, "pooling_algorithm": 0.23811745894534087}, "datetime": {"datetime": "2023-11-28 04:18:21", "elapsed": 127.581177, "delta": 1.848625}}
{"target": 0.5, "params": {"activation_function": 1.7647143332106041, "amount_of_layers": 5.600713767825591, "batch_size": 119.79083369241583, "dropout_rate": 0.6296106935099954, "epochs": 32.96989474678383, "hidden_channels": 18.36159559381593, "learning_rate": 0.09218504279707561, "optimizer": 0.8109851783524209, "pooling_algorithm": 0.6571067465151575}, "datetime": {"datetime": "2023-11-28 04:18:22", "elapsed": 128.509805, "delta": 0.928628}}
{"target": 0.7892857142857143, "params": {"activation_function": 1.648658991588292, "amount_of_layers": 8.060773775071794, "batch_size": 124.37838373121585, "dropout_rate": 0.30056731940258624, "epochs": 117.72657047039948, "hidden_channels": 13.980262989711564, "learning_rate": 0.07489692065865482, "optimizer": 0.09642683420263887, "pooling_algorithm": 0.37179021768772447}, "datetime": {"datetime": "2023-11-28 04:18:25", "elapsed": 131.807335, "delta": 3.29753}}
{"target": 0.7589285714285715, "params": {"activation_function": 1.2863308558597477, "amount_of_layers": 6.9544882538616735, "batch_size": 139.8341454244362, "dropout_rate": 0.274330584926875, "epochs": 81.1469923788829, "hidden_channels": 126.63568142461168, "learning_rate": 0.03164484788307015, "optimizer": 1.9710910124113052, "pooling_algorithm": 0.2515019128749132}, "datetime": {"datetime": "2023-11-28 04:18:28", "elapsed": 133.979481, "delta": 2.172146}}
{"target": 0.8285714285714286, "params": {"activation_function": 0.24296713480427834, "amount_of_layers": 7.949586702756508, "batch_size": 57.888275164531485, "dropout_rate": 0.7368549092793397, "epochs": 28.06833954228329, "hidden_channels": 25.10010802686788, "learning_rate": 0.029356909581349313, "optimizer": 0.8835968099084215, "pooling_algorithm": 0.2431969854840592}, "datetime": {"datetime": "2023-11-28 04:18:29", "elapsed": 135.217273, "delta": 1.237792}}
{"target": 0.25, "params": {"activation_function": 1.8596311414439664, "amount_of_layers": 4.091410658455421, "batch_size": 63.950094795638506, "dropout_rate": 0.5208322164152002, "epochs": 188.88672094458525, "hidden_channels": 103.6123314009785, "learning_rate": 0.02143765431774459, "optimizer": 0.7317702225448133, "pooling_algorithm": 0.8625044043119797}, "datetime": {"datetime": "2023-11-28 04:18:34", "elapsed": 140.454565, "delta": 5.237292}}
{"target": 0.2589285714285714, "params": {"activation_function": 1.2242078842841035, "amount_of_layers": 6.15143487982788, "batch_size": 93.15525119946393, "dropout_rate": 0.5993868712788015, "epochs": 73.18715800033591, "hidden_channels": 43.14412058183887, "learning_rate": 0.07050143246424022, "optimizer": 0.7075025508426749, "pooling_algorithm": 0.05652660068150961}, "datetime": {"datetime": "2023-11-28 04:18:36", "elapsed": 142.368305, "delta": 1.91374}}
{"target": 0.5, "params": {"activation_function": 1.647890971875033, "amount_of_layers": 2.8226116498213383, "batch_size": 136.29927385180758, "dropout_rate": 0.29182213616660196, "epochs": 138.37504222246125, "hidden_channels": 120.1152003848064, "learning_rate": 0.08590825341949374, "optimizer": 0.7827938780051797, "pooling_algorithm": 0.8107475614918743}, "datetime": {"datetime": "2023-11-28 04:18:38", "elapsed": 144.935604, "delta": 2.567299}}
{"target": 0.7607142857142858, "params": {"activation_function": 0.6233035220733119, "amount_of_layers": 2.6051306885599734, "batch_size": 35.89951935295692, "dropout_rate": 0.3613296626728354, "epochs": 61.37009542016512, "hidden_channels": 5.201534083466664, "learning_rate": 0.006521739859195036, "optimizer": 0.4120153797276296, "pooling_algorithm": 0.03559175378191193}, "datetime": {"datetime": "2023-11-28 04:18:41", "elapsed": 147.255476, "delta": 2.319872}}
{"target": 0.2642857142857143, "params": {"activation_function": 0.8697798472375473, "amount_of_layers": 6.843625195665178, "batch_size": 47.49738513796795, "dropout_rate": 0.3947371639893817, "epochs": 128.17996655390306, "hidden_channels": 5.7485051623648395, "learning_rate": 0.08335758454721914, "optimizer": 0.1730809553380419, "pooling_algorithm": 0.09634348867611897}, "datetime": {"datetime": "2023-11-28 04:18:47", "elapsed": 153.017685, "delta": 5.762209}}
{"target": 0.5357142857142857, "params": {"activation_function": 0.6571966255651847, "amount_of_layers": 3.2097363198904123, "batch_size": 36.01743879466316, "dropout_rate": 0.6994242099531245, "epochs": 137.89714592048384, "hidden_channels": 37.281980910284545, "learning_rate": 0.06122666505600713, "optimizer": 1.567992168226849, "pooling_algorithm": 0.5278076086728238}, "datetime": {"datetime": "2023-11-28 04:18:52", "elapsed": 157.980901, "delta": 4.963216}}
{"target": 0.7428571428571429, "params": {"activation_function": 0.6311919340289343, "amount_of_layers": 6.698438786910592, "batch_size": 56.9864173574213, "dropout_rate": 0.6006115293647883, "epochs": 153.5733904417728, "hidden_channels": 119.39637506723926, "learning_rate": 0.09978897471371155, "optimizer": 0.3045277221580136, "pooling_algorithm": 0.2625307740067928}, "datetime": {"datetime": "2023-11-28 04:18:57", "elapsed": 163.513637, "delta": 5.532736}}
{"target": 0.7857142857142857, "params": {"activation_function": 0.015237556441702882, "amount_of_layers": 3.793251466147783, "batch_size": 83.10583291373905, "dropout_rate": 0.2881508780986073, "epochs": 157.42948970453233, "hidden_channels": 122.70880428723149, "learning_rate": 0.003166787899433561, "optimizer": 0.4071070379039634, "pooling_algorithm": 0.0028514923654694435}, "datetime": {"datetime": "2023-11-28 04:19:00", "elapsed": 166.76362, "delta": 3.249983}}
{"target": 0.0, "params": {"activation_function": 0.2926937331315611, "amount_of_layers": 7.605367598099121, "batch_size": 18.67084295104262, "dropout_rate": 0.33857037569330245, "epochs": 69.97394041669341, "hidden_channels": 108.178191873647, "learning_rate": 0.09861339636542134, "optimizer": 0.9028764904150992, "pooling_algorithm": 0.45948466620191086}, "datetime": {"datetime": "2023-11-28 04:19:07", "elapsed": 173.350861, "delta": 6.587241}}
{"target": 0.2607142857142857, "params": {"activation_function": 0.7081914364033925, "amount_of_layers": 4.850860505276415, "batch_size": 121.63585095711014, "dropout_rate": 0.4306910555065411, "epochs": 34.543188065642, "hidden_channels": 66.24782232194747, "learning_rate": 0.01247510023928616, "optimizer": 1.8778039973439917, "pooling_algorithm": 0.02000913597512277}, "datetime": {"datetime": "2023-11-28 04:19:08", "elapsed": 174.244313, "delta": 0.893452}}
{"target": 0.8928571428571429, "params": {"activation_function": 1.6540328679293712, "amount_of_layers": 1.6092442719939912, "batch_size": 78.38536925876534, "dropout_rate": 0.4771536368273215, "epochs": 18.582972454056744, "hidden_channels": 22.697348335534457, "learning_rate": 0.015515440248321938, "optimizer": 0.2134181345894417, "pooling_algorithm": 0.6384368225620061}, "datetime": {"datetime": "2023-11-28 04:19:08", "elapsed": 174.661568, "delta": 0.417255}}
{"target": 0.5, "params": {"activation_function": 1.9888437019694643, "amount_of_layers": 3.744553442170764, "batch_size": 65.92212530333055, "dropout_rate": 0.34748851633961086, "epochs": 139.97697146447652, "hidden_channels": 103.56284745777954, "learning_rate": 0.09444297092712997, "optimizer": 0.5075090902435984, "pooling_algorithm": 0.5177756970356893}, "datetime": {"datetime": "2023-11-28 04:19:12", "elapsed": 178.51003, "delta": 3.848462}}
{"target": 0.5, "params": {"activation_function": 0.5467360278761568, "amount_of_layers": 1.8520591194895104, "batch_size": 74.78795214751617, "dropout_rate": 0.34159934214511883, "epochs": 54.168756887771174, "hidden_channels": 98.13313939409088, "learning_rate": 0.0864118776703501, "optimizer": 1.6414387272704236, "pooling_algorithm": 0.58109037734071}, "datetime": {"datetime": "2023-11-28 04:19:13", "elapsed": 179.498342, "delta": 0.988312}}
{"target": 0.5, "params": {"activation_function": 1.278356137339842, "amount_of_layers": 7.099935266342792, "batch_size": 124.47009102891334, "dropout_rate": 0.7326228001726769, "epochs": 121.6071070056938, "hidden_channels": 32.61249467354436, "learning_rate": 0.08645736924151207, "optimizer": 0.5605199018566447, "pooling_algorithm": 0.7785736900473439}, "datetime": {"datetime": "2023-11-28 04:19:16", "elapsed": 182.721542, "delta": 3.2232}}
{"target": 0.5, "params": {"activation_function": 1.888756034162315, "amount_of_layers": 3.7422028723096297, "batch_size": 81.08487834433797, "dropout_rate": 0.7061734575232484, "epochs": 192.83882280084038, "hidden_channels": 121.34838130785873, "learning_rate": 0.09084126869621435, "optimizer": 1.2492060963445106, "pooling_algorithm": 0.8549870452649108}, "datetime": {"datetime": "2023-11-28 04:19:20", "elapsed": 186.726942, "delta": 4.0054}}
{"target": 0.8160714285714286, "params": {"activation_function": 1.8620436696259512, "amount_of_layers": 1.2283293846922687, "batch_size": 117.5145141483178, "dropout_rate": 0.4121857245262186, "epochs": 86.0361460370657, "hidden_channels": 26.086770754661448, "learning_rate": 0.03205418941708969, "optimizer": 1.2116612209143491, "pooling_algorithm": 0.5006614279932242}, "datetime": {"datetime": "2023-11-28 04:19:22", "elapsed": 188.070346, "delta": 1.343404}}
{"target": 0.32499999999999996, "params": {"activation_function": 1.8214025042583437, "amount_of_layers": 4.621387419578634, "batch_size": 49.58393571198145, "dropout_rate": 0.2664266568249002, "epochs": 85.04711219420003, "hidden_channels": 65.55911139901458, "learning_rate": 0.05824792846601724, "optimizer": 0.5937398966949661, "pooling_algorithm": 0.7582944580703892}, "datetime": {"datetime": "2023-11-28 04:19:24", "elapsed": 190.74103, "delta": 2.670684}}
{"target": 0.7357142857142857, "params": {"activation_function": 1.2787937161337948, "amount_of_layers": 5.370502360042654, "batch_size": 91.1389660417894, "dropout_rate": 0.6419196830456806, "epochs": 47.82346630370128, "hidden_channels": 80.66226299977251, "learning_rate": 0.0586156383814475, "optimizer": 0.99152017457915, "pooling_algorithm": 0.45703801922009835}, "datetime": {"datetime": "2023-11-28 04:19:26", "elapsed": 192.091489, "delta": 1.350459}}
{"target": 0.7357142857142858, "params": {"activation_function": 0.9226157455354413, "amount_of_layers": 2.1898550763491738, "batch_size": 134.3144392117606, "dropout_rate": 0.5789945345492776, "epochs": 152.87803207758589, "hidden_channels": 94.2031508388014, "learning_rate": 0.08760460172213433, "optimizer": 1.0050676335474664, "pooling_algorithm": 0.3809608069016983}, "datetime": {"datetime": "2023-11-28 04:19:28", "elapsed": 194.682851, "delta": 2.591362}}
{"target": 0.8071428571428572, "params": {"activation_function": 1.9747542887239955, "amount_of_layers": 3.344738971306981, "batch_size": 50.73072826315765, "dropout_rate": 0.4749890564566474, "epochs": 91.58609452429461, "hidden_channels": 115.59527266372267, "learning_rate": 0.031249094505675645, "optimizer": 0.21647922884892146, "pooling_algorithm": 0.35300711996545986}, "datetime": {"datetime": "2023-11-28 04:19:31", "elapsed": 197.022483, "delta": 2.339632}}
{"target": 0.2571428571428572, "params": {"activation_function": 0.6926239900362714, "amount_of_layers": 8.771475663669175, "batch_size": 41.83178730809797, "dropout_rate": 0.39658706951481215, "epochs": 160.40758590312356, "hidden_channels": 96.45442774058769, "learning_rate": 0.038822939432348415, "optimizer": 0.8455671526467803, "pooling_algorithm": 0.37447707867522884}, "datetime": {"datetime": "2023-11-28 04:19:39", "elapsed": 205.694373, "delta": 8.67189}}
{"target": 0.22142857142857142, "params": {"activation_function": 1.581182050145607, "amount_of_layers": 1.8364900307237582, "batch_size": 104.35270356983885, "dropout_rate": 0.30499615598626534, "epochs": 110.56230142878921, "hidden_channels": 47.92544649280098, "learning_rate": 0.07407826687377239, "optimizer": 0.7894558684430177, "pooling_algorithm": 0.3916316975703039}, "datetime": {"datetime": "2023-11-28 04:19:41", "elapsed": 207.651976, "delta": 1.957603}}
{"target": 0.7321428571428571, "params": {"activation_function": 0.7221058986356217, "amount_of_layers": 4.115875123794764, "batch_size": 29.43907323896437, "dropout_rate": 0.2737706215708666, "epochs": 159.87965728744527, "hidden_channels": 50.484598083112026, "learning_rate": 0.02975831690891911, "optimizer": 0.3288565033365112, "pooling_algorithm": 0.2936065638276387}, "datetime": {"datetime": "2023-11-28 04:19:49", "elapsed": 215.086209, "delta": 7.434233}}
{"target": 0.7410714285714286, "params": {"activation_function": 1.051426866369494, "amount_of_layers": 1.6605080015785694, "batch_size": 113.7092870420744, "dropout_rate": 0.6442270319131872, "epochs": 195.71432937861627, "hidden_channels": 122.03823186614686, "learning_rate": 0.06561296130097895, "optimizer": 1.43783486138165, "pooling_algorithm": 0.4610100359172884}, "datetime": {"datetime": "2023-11-28 04:19:52", "elapsed": 218.387037, "delta": 3.300828}}
{"target": 0.7785714285714285, "params": {"activation_function": 0.11130828726255171, "amount_of_layers": 8.275846503967799, "batch_size": 136.60124407342403, "dropout_rate": 0.7052084518688416, "epochs": 179.33988109154268, "hidden_channels": 69.11443155305085, "learning_rate": 0.07760625477137909, "optimizer": 0.4981105508653101, "pooling_algorithm": 0.13274586768791197}, "datetime": {"datetime": "2023-11-28 04:19:57", "elapsed": 223.284922, "delta": 4.897885}}
{"target": 0.0, "params": {"activation_function": 1.2761544314829854, "amount_of_layers": 2.636512998831006, "batch_size": 17.666611912040512, "dropout_rate": 0.3290386743731333, "epochs": 52.81286585235557, "hidden_channels": 18.420842412573357, "learning_rate": 0.07432456226499667, "optimizer": 1.2712658573403672, "pooling_algorithm": 0.6280340810156584}, "datetime": {"datetime": "2023-11-28 04:20:00", "elapsed": 226.621259, "delta": 3.336337}}
{"target": 0.7375, "params": {"activation_function": 1.7025573931740912, "amount_of_layers": 8.09592194956425, "batch_size": 146.6354591041754, "dropout_rate": 0.5922731530466923, "epochs": 79.65419324912581, "hidden_channels": 47.29990729897168, "learning_rate": 0.08884915012005976, "optimizer": 1.255420754695768, "pooling_algorithm": 0.30048705717555724}, "datetime": {"datetime": "2023-11-28 04:20:02", "elapsed": 228.933963, "delta": 2.312704}}
{"target": 0.7714285714285714, "params": {"activation_function": 0.059828664792455966, "amount_of_layers": 8.026264453705677, "batch_size": 79.81355613708918, "dropout_rate": 0.4119663989444305, "epochs": 158.6620073408304, "hidden_channels": 36.83319744553595, "learning_rate": 0.011636686531255536, "optimizer": 1.1937948848856017, "pooling_algorithm": 0.34303901749427446}, "datetime": {"datetime": "2023-11-28 04:20:07", "elapsed": 233.504729, "delta": 4.570766}}
{"target": 0.5, "params": {"activation_function": 1.3338367352859604, "amount_of_layers": 1.5452499921119536, "batch_size": 25.467741323028722, "dropout_rate": 0.5644699535901707, "epochs": 194.522912151369, "hidden_channels": 113.88096863317666, "learning_rate": 0.03010565474910561, "optimizer": 1.6246680191179963, "pooling_algorithm": 0.6930579222615793}, "datetime": {"datetime": "2023-11-28 04:20:14", "elapsed": 240.438185, "delta": 6.933456}}
{"target": 0.35, "params": {"activation_function": 1.9602028734756591, "amount_of_layers": 6.9181899870709165, "batch_size": 70.62504710205874, "dropout_rate": 0.6278159297195678, "epochs": 185.79203037084312, "hidden_channels": 32.08003066330233, "learning_rate": 0.0105183662862957, "optimizer": 0.6192454272467747, "pooling_algorithm": 0.9146904046808199}, "datetime": {"datetime": "2023-11-28 04:20:21", "elapsed": 247.157483, "delta": 6.719298}}
{"target": 0.7392857142857143, "params": {"activation_function": 1.8626583383199156, "amount_of_layers": 2.909888442533071, "batch_size": 59.02612205267379, "dropout_rate": 0.45347883861958094, "epochs": 89.27202972045924, "hidden_channels": 18.978517427261036, "learning_rate": 0.07500601666922418, "optimizer": 0.5993562152547465, "pooling_algorithm": 0.48096553464807146}, "datetime": {"datetime": "2023-11-28 04:20:23", "elapsed": 249.51423, "delta": 2.356747}}
{"target": 0.25357142857142856, "params": {"activation_function": 1.9635505709460295, "amount_of_layers": 6.5636669884277925, "batch_size": 71.63938956240258, "dropout_rate": 0.2873043666060246, "epochs": 62.005196735309774, "hidden_channels": 104.45830100179029, "learning_rate": 0.053698430192795965, "optimizer": 1.223339011008769, "pooling_algorithm": 0.9493440932417063}, "datetime": {"datetime": "2023-11-28 04:20:25", "elapsed": 251.912509, "delta": 2.398279}}
{"target": 0.5, "params": {"activation_function": 0.1671363163463102, "amount_of_layers": 8.647410349980603, "batch_size": 93.83361375445962, "dropout_rate": 0.29344108620698534, "epochs": 42.70968140650151, "hidden_channels": 54.65591653031632, "learning_rate": 0.09690441712627626, "optimizer": 0.9471753358196939, "pooling_algorithm": 0.3928667044686971}, "datetime": {"datetime": "2023-11-28 04:20:27", "elapsed": 253.359264, "delta": 1.446755}}
{"target": 0.2642857142857143, "params": {"activation_function": 1.9903377693988897, "amount_of_layers": 7.124441827180274, "batch_size": 60.95771155327415, "dropout_rate": 0.4788369215394171, "epochs": 31.70041223964392, "hidden_channels": 36.229685760400415, "learning_rate": 0.060418971377556446, "optimizer": 1.5080287424438117, "pooling_algorithm": 0.06745835201032091}, "datetime": {"datetime": "2023-11-28 04:20:28", "elapsed": 254.644435, "delta": 1.285171}}
{"target": 0.5, "params": {"activation_function": 0.9896352557069144, "amount_of_layers": 5.445732146140369, "batch_size": 72.00938851520769, "dropout_rate": 0.7444913800971, "epochs": 145.9868440221193, "hidden_channels": 115.65157126017094, "learning_rate": 0.030289302423490365, "optimizer": 1.414485255020393, "pooling_algorithm": 0.6256723726174577}, "datetime": {"datetime": "2023-11-28 04:20:33", "elapsed": 259.127756, "delta": 4.483321}}
{"target": 0.8196428571428571, "params": {"activation_function": 0.1989939593624208, "amount_of_layers": 1.0470740461528516, "batch_size": 33.20928869262475, "dropout_rate": 0.46383893584518043, "epochs": 79.46881615305342, "hidden_channels": 101.56032916039985, "learning_rate": 0.02845732040532549, "optimizer": 1.6701176372008495, "pooling_algorithm": 0.12552596316303677}, "datetime": {"datetime": "2023-11-28 04:20:35", "elapsed": 261.464855, "delta": 2.337099}}
{"target": 0.5, "params": {"activation_function": 0.40463139662162484, "amount_of_layers": 1.9937235212353395, "batch_size": 79.81754761202797, "dropout_rate": 0.3741987068745585, "epochs": 143.41614003406153, "hidden_channels": 84.79020117188017, "learning_rate": 0.07195834648740893, "optimizer": 1.4387263955871894, "pooling_algorithm": 0.46516797911445906}, "datetime": {"datetime": "2023-11-28 04:20:38", "elapsed": 264.004527, "delta": 2.539672}}
