{"target": 0.9035714285714286, "params": {"activation_function": 1.6368689597802961, "amount_of_layers": 8.462066835923405, "batch_size": 57.274480490654284, "dropout_rate": 0.5879180028794154, "epochs": 25.085154201783503, "hidden_channels": 44.70320651482438, "learning_rate": 0.00395190865091353, "optimizer": 1.9086622919514025, "pooling_algorithm": 0.9726141468027973}, "datetime": {"datetime": "2023-11-28 04:20:39", "elapsed": 265.149187, "delta": 1.14466}}
{"target": 0.7392857142857143, "params": {"activation_function": 0.5443640616445762, "amount_of_layers": 6.8093161469664585, "batch_size": 22.212189857441434, "dropout_rate": 0.3157307545760202, "epochs": 146.38255952067547, "hidden_channels": 86.44309501507917, "learning_rate": 0.03007176701490298, "optimizer": 0.6931273246849043, "pooling_algorithm": 0.473030658006264}, "datetime": {"datetime": "2023-11-28 04:20:50", "elapsed": 276.188117, "delta": 11.03893}}
{"target": 0.0, "params": {"activation_function": 0.41332452189820135, "amount_of_layers": 3.50403588250282, "batch_size": 107.08853554792223, "dropout_rate": 0.5326937008026064, "epochs": 129.9279937455342, "hidden_channels": 80.6427293118467, "learning_rate": 0.03975534469946581, "optimizer": 1.678783624029278, "pooling_algorithm": 0.5905336341778172}, "datetime": {"datetime": "2023-11-28 04:20:53", "elapsed": 278.956422, "delta": 2.768305}}
{"target": 0.8142857142857143, "params": {"activation_function": 1.5461515624828206, "amount_of_layers": 2.3986558789830594, "batch_size": 112.74173724395685, "dropout_rate": 0.46209448190330166, "epochs": 40.73791523988568, "hidden_channels": 79.58194896906632, "learning_rate": 0.0025501091141393764, "optimizer": 1.5555260386163687, "pooling_algorithm": 0.3216409193530956}, "datetime": {"datetime": "2023-11-28 04:20:53", "elapsed": 279.791758, "delta": 0.835336}}
{"target": 0.5, "params": {"activation_function": 1.1566143469310646, "amount_of_layers": 1.2074560354976578, "batch_size": 132.19096488245685, "dropout_rate": 0.6406595036620824, "epochs": 125.41783086424984, "hidden_channels": 91.52163934252, "learning_rate": 0.08506515604758046, "optimizer": 1.7192628958624718, "pooling_algorithm": 0.3781432340303278}, "datetime": {"datetime": "2023-11-28 04:20:55", "elapsed": 281.717492, "delta": 1.925734}}
{"target": 0.26607142857142857, "params": {"activation_function": 1.1319900994728596, "amount_of_layers": 7.000371059056084, "batch_size": 117.56908282745587, "dropout_rate": 0.655617069039101, "epochs": 179.1205329737772, "hidden_channels": 55.42437381583328, "learning_rate": 0.04628319315680701, "optimizer": 1.8672460122207122, "pooling_algorithm": 0.12690296747742902}, "datetime": {"datetime": "2023-11-28 04:21:00", "elapsed": 286.500454, "delta": 4.782962}}
{"target": 0.825, "params": {"activation_function": 0.49012105272242823, "amount_of_layers": 4.217498186763824, "batch_size": 58.79088813204186, "dropout_rate": 0.31294570487529616, "epochs": 84.75687513765654, "hidden_channels": 36.177100738401535, "learning_rate": 0.05645432155279584, "optimizer": 0.6731003632770072, "pooling_algorithm": 0.38763285665968394}, "datetime": {"datetime": "2023-11-28 04:21:03", "elapsed": 289.053722, "delta": 2.553268}}
{"target": 0.6821428571428572, "params": {"activation_function": 0.4472783989219702, "amount_of_layers": 5.883353406477611, "batch_size": 21.63168832519967, "dropout_rate": 0.26170263104471786, "epochs": 174.8049759475546, "hidden_channels": 76.69717605566278, "learning_rate": 0.004717765666403464, "optimizer": 1.1651086430145445, "pooling_algorithm": 0.37669912223043767}, "datetime": {"datetime": "2023-11-28 04:21:15", "elapsed": 301.064254, "delta": 12.010532}}
{"target": 0.7982142857142858, "params": {"activation_function": 1.3126313543538448, "amount_of_layers": 1.2852294501711796, "batch_size": 77.85445697901103, "dropout_rate": 0.3153534905573825, "epochs": 17.805673270510813, "hidden_channels": 23.009168504692465, "learning_rate": 0.009159972910985695, "optimizer": 1.012369408901922, "pooling_algorithm": 0.09571957016899801}, "datetime": {"datetime": "2023-11-28 04:21:15", "elapsed": 301.479839, "delta": 0.415585}}
{"target": 0.9071428571428571, "params": {"activation_function": 1.848454777574383, "amount_of_layers": 7.208613710650822, "batch_size": 146.77606954046317, "dropout_rate": 0.6903833721481323, "epochs": 79.82084082828729, "hidden_channels": 48.407702549805634, "learning_rate": 0.00428131386030082, "optimizer": 0.6505653582608013, "pooling_algorithm": 0.9720868334655622}, "datetime": {"datetime": "2023-11-28 04:21:17", "elapsed": 303.614159, "delta": 2.13432}}
{"target": 0.9071428571428573, "params": {"activation_function": 0.126351308224127, "amount_of_layers": 1.479080722931644, "batch_size": 134.4628533085498, "dropout_rate": 0.3490937612561629, "epochs": 152.2663456365945, "hidden_channels": 94.9336671879749, "learning_rate": 0.07404246439265195, "optimizer": 0.38150442888868064, "pooling_algorithm": 0.5165726552666394}, "datetime": {"datetime": "2023-11-28 04:21:19", "elapsed": 305.844951, "delta": 2.230792}}
{"target": 0.7428571428571429, "params": {"activation_function": 1.0322337776954655, "amount_of_layers": 3.032725978031068, "batch_size": 59.97967174888247, "dropout_rate": 0.2853435513029193, "epochs": 86.87143223744926, "hidden_channels": 35.89519095272729, "learning_rate": 0.06044824015165187, "optimizer": 1.4761857152359172, "pooling_algorithm": 0.4828875997799357}, "datetime": {"datetime": "2023-11-28 04:21:22", "elapsed": 308.055663, "delta": 2.210712}}
{"target": 0.8857142857142858, "params": {"activation_function": 0.3602111342676781, "amount_of_layers": 2.5698301641509413, "batch_size": 106.12545979428421, "dropout_rate": 0.3561453756801425, "epochs": 54.65704015969719, "hidden_channels": 90.00719116244632, "learning_rate": 0.022860793489347348, "optimizer": 0.5837278323567378, "pooling_algorithm": 0.6538432493291199}, "datetime": {"datetime": "2023-11-28 04:21:23", "elapsed": 309.249605, "delta": 1.193942}}
{"target": 0.5, "params": {"activation_function": 0.41325182139762284, "amount_of_layers": 7.6154369948921845, "batch_size": 86.88259393714961, "dropout_rate": 0.3410474694643198, "epochs": 40.89659482114727, "hidden_channels": 38.38461484583258, "learning_rate": 0.05266720007605119, "optimizer": 1.6209896505371326, "pooling_algorithm": 0.804927288852452}, "datetime": {"datetime": "2023-11-28 04:21:24", "elapsed": 310.529587, "delta": 1.279982}}
{"target": 0.9071428571428571, "params": {"activation_function": 0.8299061394869607, "amount_of_layers": 4.9142054579623435, "batch_size": 79.96378632833026, "dropout_rate": 0.4982952005754734, "epochs": 39.72570256040016, "hidden_channels": 30.76527447060522, "learning_rate": 0.014081885066550434, "optimizer": 0.5430635399235051, "pooling_algorithm": 0.803952031614591}, "datetime": {"datetime": "2023-11-28 04:21:25", "elapsed": 311.54074, "delta": 1.011153}}
{"target": 0.7357142857142858, "params": {"activation_function": 0.7920374474765239, "amount_of_layers": 4.353627632858588, "batch_size": 80.74024761996016, "dropout_rate": 0.5673661142076115, "epochs": 38.38602317360329, "hidden_channels": 28.667001702275577, "learning_rate": 0.007002771739184865, "optimizer": 1.0561538072453411, "pooling_algorithm": 0.159742999340873}, "datetime": {"datetime": "2023-11-28 04:21:26", "elapsed": 312.451359, "delta": 0.910619}}
{"target": 0.5, "params": {"activation_function": 0.37375140879051516, "amount_of_layers": 3.0716960131553845, "batch_size": 45.855718564703324, "dropout_rate": 0.6038020043259518, "epochs": 157.6326726505947, "hidden_channels": 28.05005546641165, "learning_rate": 0.049500548151076455, "optimizer": 0.5510964733864392, "pooling_algorithm": 0.8962571695132343}, "datetime": {"datetime": "2023-11-28 04:21:31", "elapsed": 317.426949, "delta": 4.97559}}
{"target": 0.8321428571428572, "params": {"activation_function": 1.8170398426691425, "amount_of_layers": 3.307129658873434, "batch_size": 111.0149281248418, "dropout_rate": 0.35854764364710656, "epochs": 39.990746115661416, "hidden_channels": 79.50083287776874, "learning_rate": 0.001768468531194603, "optimizer": 1.6523335098893013, "pooling_algorithm": 0.5182902337240871}, "datetime": {"datetime": "2023-11-28 04:21:32", "elapsed": 318.299103, "delta": 0.872154}}
{"target": 0.8964285714285715, "params": {"activation_function": 1.5615409940540887, "amount_of_layers": 3.115757602356559, "batch_size": 49.33910546611144, "dropout_rate": 0.5294823161102044, "epochs": 157.71869708280738, "hidden_channels": 28.729029861577565, "learning_rate": 0.001, "optimizer": 0.0, "pooling_algorithm": 0.9165826496677281}, "datetime": {"datetime": "2023-11-28 04:21:37", "elapsed": 323.067397, "delta": 4.768294}}
{"target": 0.2625, "params": {"activation_function": 0.904134166530473, "amount_of_layers": 4.392527343108787, "batch_size": 83.63745870196487, "dropout_rate": 0.3636268113146613, "epochs": 46.29684196877623, "hidden_channels": 34.50602747784542, "learning_rate": 0.0952025152594282, "optimizer": 0.6738968201418265, "pooling_algorithm": 0.47920660757037525}, "datetime": {"datetime": "2023-11-28 04:21:38", "elapsed": 324.161804, "delta": 1.094407}}
{"target": 0.5, "params": {"activation_function": 0.09870174612009452, "amount_of_layers": 3.6749650652766936, "batch_size": 111.42444869522232, "dropout_rate": 0.3782484198374925, "epochs": 42.18177949187131, "hidden_channels": 79.54203323444652, "learning_rate": 0.0998602201898491, "optimizer": 1.8167355243963492, "pooling_algorithm": 0.8656823955707641}, "datetime": {"datetime": "2023-11-28 04:21:39", "elapsed": 325.122801, "delta": 0.960997}}
{"target": 0.26249999999999996, "params": {"activation_function": 1.5144409982739535, "amount_of_layers": 8.325913226589575, "batch_size": 134.37691033991618, "dropout_rate": 0.4245849222744001, "epochs": 129.32200375987293, "hidden_channels": 21.548724478077997, "learning_rate": 0.05002358911597757, "optimizer": 0.732761293929636, "pooling_algorithm": 0.008623021385188112}, "datetime": {"datetime": "2023-11-28 04:21:42", "elapsed": 328.823747, "delta": 3.700946}}
{"target": 0.7392857142857142, "params": {"activation_function": 1.0287196688564397, "amount_of_layers": 3.734606071491852, "batch_size": 44.96299315426717, "dropout_rate": 0.48025543984553914, "epochs": 164.24633824712873, "hidden_channels": 24.580790842662147, "learning_rate": 0.04256280604539572, "optimizer": 0.014341956335766959, "pooling_algorithm": 0.28707096638427676}, "datetime": {"datetime": "2023-11-28 04:21:48", "elapsed": 334.362008, "delta": 5.538261}}
{"target": 0.5, "params": {"activation_function": 1.6892723754133714, "amount_of_layers": 4.309930943123979, "batch_size": 48.412245017325944, "dropout_rate": 0.633424662053448, "epochs": 159.42557960675524, "hidden_channels": 29.06555214581427, "learning_rate": 0.057269639596227516, "optimizer": 1.0438819078470842, "pooling_algorithm": 0.7948386388559043}, "datetime": {"datetime": "2023-11-28 04:21:53", "elapsed": 339.718345, "delta": 5.356337}}
{"target": 0.26607142857142857, "params": {"activation_function": 0.5877869485045129, "amount_of_layers": 7.261977529553508, "batch_size": 108.57594386457667, "dropout_rate": 0.5621512993038662, "epochs": 38.21953811294154, "hidden_channels": 109.04831630863589, "learning_rate": 0.015010369052441266, "optimizer": 0.679897187161953, "pooling_algorithm": 0.30948153814490287}, "datetime": {"datetime": "2023-11-28 04:21:54", "elapsed": 340.889312, "delta": 1.170967}}
