{"target": 0.5, "params": {"activation_function": 1.5618077975849323, "amount_of_layers": 4.049156334554732, "batch_size": 127.03744398878146, "dropout_rate": 0.6408413958536311, "epochs": 162.3034524656385, "hidden_channels": 48.89891829694799, "learning_rate": 0.09625007144211516, "optimizer": 0.7124797094374162, "pooling_algorithm": 0.8185804042878085}, "datetime": {"datetime": "2023-11-28 03:58:23", "elapsed": 0.0, "delta": 0.0}}
{"target": 0.8267857142857142, "params": {"activation_function": 1.8103760214155808, "amount_of_layers": 1.3421061712277949, "batch_size": 18.169420348335013, "dropout_rate": 0.5280229346012343, "epochs": 25.300302568778292, "hidden_channels": 123.60361534907123, "learning_rate": 0.04144301840897632, "optimizer": 0.6510674832140166, "pooling_algorithm": 0.4644301727087604}, "datetime": {"datetime": "2023-11-28 03:58:25", "elapsed": 1.228227, "delta": 1.228227}}
{"target": 0.9, "params": {"activation_function": 1.7430052721170957, "amount_of_layers": 3.823914889845369, "batch_size": 44.905229217278446, "dropout_rate": 0.35083866073375836, "epochs": 55.79826651421458, "hidden_channels": 31.37500574655364, "learning_rate": 0.02586855955131925, "optimizer": 0.6415841593434082, "pooling_algorithm": 0.536819320107085}, "datetime": {"datetime": "2023-11-28 03:58:27", "elapsed": 3.200003, "delta": 1.971776}}
{"target": 0.8196428571428571, "params": {"activation_function": 0.16156047145843577, "amount_of_layers": 1.3392698652494088, "batch_size": 110.66973598566206, "dropout_rate": 0.7273215037920544, "epochs": 126.55939540107696, "hidden_channels": 89.49757451445315, "learning_rate": 0.02260006268472222, "optimizer": 1.7538588847719836, "pooling_algorithm": 0.15931228185762802}, "datetime": {"datetime": "2023-11-28 03:58:29", "elapsed": 5.177526, "delta": 1.977523}}
{"target": 0.2589285714285714, "params": {"activation_function": 1.022100657130775, "amount_of_layers": 2.6715034552946983, "batch_size": 64.2322043108588, "dropout_rate": 0.2937774066363019, "epochs": 33.06046272988201, "hidden_channels": 127.37180240129578, "learning_rate": 0.05189418837687962, "optimizer": 1.366483550789232, "pooling_algorithm": 0.11052888638940239}, "datetime": {"datetime": "2023-11-28 03:58:29", "elapsed": 6.056054, "delta": 0.878528}}
{"target": 0.5357142857142857, "params": {"activation_function": 1.2720396586113172, "amount_of_layers": 3.9997182452187516, "batch_size": 18.17505636301855, "dropout_rate": 0.5717724523275765, "epochs": 29.213414393959177, "hidden_channels": 24.58835508854737, "learning_rate": 0.07004618768398221, "optimizer": 0.5653199892507832, "pooling_algorithm": 0.8329988019523425}, "datetime": {"datetime": "2023-11-28 03:58:32", "elapsed": 8.136893, "delta": 2.080839}}
{"target": 0.2607142857142857, "params": {"activation_function": 1.869927287282837, "amount_of_layers": 2.57249064153995, "batch_size": 74.01536721131657, "dropout_rate": 0.6631270845206585, "epochs": 47.68153736135666, "hidden_channels": 105.43876082114207, "learning_rate": 0.00911572953547635, "optimizer": 0.8035440615530818, "pooling_algorithm": 0.9735981845642133}, "datetime": {"datetime": "2023-11-28 03:58:33", "elapsed": 9.371655, "delta": 1.234762}}
{"target": 0.8482142857142857, "params": {"activation_function": 1.7602484440122028, "amount_of_layers": 1.3140296823099362, "batch_size": 58.05934209516815, "dropout_rate": 0.25443869950230774, "epochs": 22.882487091244695, "hidden_channels": 45.64060047944859, "learning_rate": 0.005747361846726731, "optimizer": 1.959217409605858, "pooling_algorithm": 0.5737009726345563}, "datetime": {"datetime": "2023-11-28 03:58:33", "elapsed": 9.843535, "delta": 0.47188}}
{"target": 0.5, "params": {"activation_function": 1.5045672399041805, "amount_of_layers": 8.076270118101977, "batch_size": 125.16987132045774, "dropout_rate": 0.3896462249269617, "epochs": 182.307898668221, "hidden_channels": 44.96653667280292, "learning_rate": 0.09331437576294106, "optimizer": 0.8979499240663342, "pooling_algorithm": 0.5725378205829237}, "datetime": {"datetime": "2023-11-28 03:58:38", "elapsed": 14.850294, "delta": 5.006759}}
{"target": 0.5, "params": {"activation_function": 0.4097355974173478, "amount_of_layers": 7.932351754278277, "batch_size": 52.45936739991524, "dropout_rate": 0.5101246105856241, "epochs": 100.00684336422623, "hidden_channels": 67.8876138277542, "learning_rate": 0.03193678848476902, "optimizer": 1.7003483353045046, "pooling_algorithm": 0.8772748919958824}, "datetime": {"datetime": "2023-11-28 03:58:42", "elapsed": 18.714236, "delta": 3.863942}}
{"target": 0.7749999999999999, "params": {"activation_function": 1.6101680295759175, "amount_of_layers": 5.7779076399541704, "batch_size": 28.682556501463473, "dropout_rate": 0.4508448916343239, "epochs": 24.996310847420986, "hidden_channels": 84.04253992724438, "learning_rate": 0.035372686803795385, "optimizer": 0.28521545877535703, "pooling_algorithm": 0.30521847606737096}, "datetime": {"datetime": "2023-11-28 03:58:44", "elapsed": 20.273625, "delta": 1.559389}}
{"target": 0.25357142857142856, "params": {"activation_function": 1.4873032741925751, "amount_of_layers": 6.537357218163607, "batch_size": 27.658518900957667, "dropout_rate": 0.663863985168269, "epochs": 106.43392503783701, "hidden_channels": 70.80078853142801, "learning_rate": 0.033174325000446245, "optimizer": 0.1479865622061276, "pooling_algorithm": 0.48261834554750827}, "datetime": {"datetime": "2023-11-28 03:58:50", "elapsed": 26.990986, "delta": 6.717361}}
{"target": 0.5, "params": {"activation_function": 0.5763744625987242, "amount_of_layers": 6.9994790837378345, "batch_size": 120.55913770491703, "dropout_rate": 0.5118080184931897, "epochs": 177.35448239961318, "hidden_channels": 55.364996749508244, "learning_rate": 0.061259750713993706, "optimizer": 0.837862747390109, "pooling_algorithm": 0.8914129584379283}, "datetime": {"datetime": "2023-11-28 03:58:55", "elapsed": 31.530344, "delta": 4.539358}}
{"target": 0.32499999999999996, "params": {"activation_function": 0.7366300160192021, "amount_of_layers": 2.250722116732505, "batch_size": 69.03116407409341, "dropout_rate": 0.2818067718816379, "epochs": 165.44905735219646, "hidden_channels": 75.10547726767581, "learning_rate": 0.009680888635139905, "optimizer": 1.1838648565353773, "pooling_algorithm": 0.7667100075785792}, "datetime": {"datetime": "2023-11-28 03:58:58", "elapsed": 35.05737, "delta": 3.527026}}
{"target": 0.7321428571428572, "params": {"activation_function": 1.4444862529879987, "amount_of_layers": 1.727673431716962, "batch_size": 24.322838696707347, "dropout_rate": 0.4805016371431074, "epochs": 157.4661255822016, "hidden_channels": 110.66127384816998, "learning_rate": 0.021957574997521673, "optimizer": 1.854446020905996, "pooling_algorithm": 0.3643912733341176}, "datetime": {"datetime": "2023-11-28 03:59:05", "elapsed": 41.523196, "delta": 6.465826}}
{"target": 0.8982142857142857, "params": {"activation_function": 1.486221953975628, "amount_of_layers": 7.798158085861791, "batch_size": 22.45217950641549, "dropout_rate": 0.3940932330879117, "epochs": 138.79754133486526, "hidden_channels": 113.73366859125859, "learning_rate": 0.027518901978508713, "optimizer": 0.013046447662777405, "pooling_algorithm": 0.9226946324641379}, "datetime": {"datetime": "2023-11-28 03:59:16", "elapsed": 52.28896, "delta": 10.765764}}
{"target": 0.9107142857142857, "params": {"activation_function": 1.549598202079509, "amount_of_layers": 6.229476454201024, "batch_size": 95.85423210514232, "dropout_rate": 0.5584721779690225, "epochs": 28.400429647972103, "hidden_channels": 127.40929016427246, "learning_rate": 0.0664973708251333, "optimizer": 0.04198238656231057, "pooling_algorithm": 0.6534907902641018}, "datetime": {"datetime": "2023-11-28 03:59:16", "elapsed": 52.990209, "delta": 0.701249}}
{"target": 0.6214285714285714, "params": {"activation_function": 0.9351066913986157, "amount_of_layers": 2.862754870868504, "batch_size": 71.36906309767457, "dropout_rate": 0.31445827901328577, "epochs": 186.22961878902612, "hidden_channels": 31.982020614622567, "learning_rate": 0.09439717626270215, "optimizer": 1.7664659256167066, "pooling_algorithm": 0.49289443602869343}, "datetime": {"datetime": "2023-11-28 03:59:21", "elapsed": 57.447196, "delta": 4.456987}}
{"target": 0.0, "params": {"activation_function": 0.8029483328740101, "amount_of_layers": 6.392497041527084, "batch_size": 106.30216111093942, "dropout_rate": 0.4298507970943611, "epochs": 30.22579604950279, "hidden_channels": 119.29810849355637, "learning_rate": 0.06783906783486905, "optimizer": 0.49142609855016883, "pooling_algorithm": 0.8462168642193106}, "datetime": {"datetime": "2023-11-28 03:59:22", "elapsed": 58.176994, "delta": 0.729798}}
{"target": 0.7410714285714286, "params": {"activation_function": 1.855570045099991, "amount_of_layers": 4.508552848967922, "batch_size": 125.93761478927703, "dropout_rate": 0.3910064545082617, "epochs": 118.86073470771652, "hidden_channels": 66.13265158342514, "learning_rate": 0.045650358337934856, "optimizer": 1.4747333915554799, "pooling_algorithm": 0.3045374702436522}, "datetime": {"datetime": "2023-11-28 03:59:24", "elapsed": 60.864529, "delta": 2.687535}}
{"target": 0.5, "params": {"activation_function": 0.9517288664285299, "amount_of_layers": 5.830120049800422, "batch_size": 94.19354533032154, "dropout_rate": 0.5662840870226418, "epochs": 68.36563459973004, "hidden_channels": 21.978179925956518, "learning_rate": 0.09933499564843759, "optimizer": 1.7421792508986982, "pooling_algorithm": 0.8463408221092283}, "datetime": {"datetime": "2023-11-28 03:59:26", "elapsed": 62.572028, "delta": 1.707499}}
{"target": 0.625, "params": {"activation_function": 0.3936352224965247, "amount_of_layers": 5.569378872802313, "batch_size": 29.174667649101863, "dropout_rate": 0.7407277389375002, "epochs": 24.666183762299205, "hidden_channels": 83.55226839601424, "learning_rate": 0.07836186763835704, "optimizer": 0.22330718169213148, "pooling_algorithm": 0.25029663430031}, "datetime": {"datetime": "2023-11-28 03:59:27", "elapsed": 64.042326, "delta": 1.470298}}
{"target": 0.0, "params": {"activation_function": 0.36923340093053025, "amount_of_layers": 6.302621968928077, "batch_size": 24.99616978324766, "dropout_rate": 0.3894124199957236, "epochs": 139.60788489542037, "hidden_channels": 115.93097656711748, "learning_rate": 0.06249733814325689, "optimizer": 1.6735872826584928, "pooling_algorithm": 0.5391931938593928}, "datetime": {"datetime": "2023-11-28 03:59:36", "elapsed": 72.18308, "delta": 8.140754}}
{"target": 0.8214285714285715, "params": {"activation_function": 1.861350698970065, "amount_of_layers": 2.852201422522831, "batch_size": 45.461983180302646, "dropout_rate": 0.5759026946874085, "epochs": 55.690132388135915, "hidden_channels": 32.500175899397505, "learning_rate": 0.012874257510492947, "optimizer": 0.7135419820934303, "pooling_algorithm": 0.7489686043907241}, "datetime": {"datetime": "2023-11-28 03:59:37", "elapsed": 74.005443, "delta": 1.822363}}
{"target": 0.7357142857142858, "params": {"activation_function": 1.8908900417968244, "amount_of_layers": 5.361040517503597, "batch_size": 26.099225983662347, "dropout_rate": 0.7134958617120116, "epochs": 25.618296687818912, "hidden_channels": 84.57650374489329, "learning_rate": 0.06098848827881629, "optimizer": 1.8967960818926883, "pooling_algorithm": 0.17816198758119395}, "datetime": {"datetime": "2023-11-28 03:59:39", "elapsed": 75.539073, "delta": 1.53363}}
{"target": 0.9035714285714286, "params": {"activation_function": 0.35484191163789136, "amount_of_layers": 3.432288197571622, "batch_size": 58.32407045988272, "dropout_rate": 0.7151967241873101, "epochs": 25.203185328149615, "hidden_channels": 45.900664518499994, "learning_rate": 0.02372130106052649, "optimizer": 0.6828325530848092, "pooling_algorithm": 0.7540727540984119}, "datetime": {"datetime": "2023-11-28 03:59:40", "elapsed": 76.255329, "delta": 0.716256}}
{"target": 0.5, "params": {"activation_function": 1.4133374870958864, "amount_of_layers": 1.5317781970907198, "batch_size": 61.85217427916332, "dropout_rate": 0.66018577450799, "epochs": 21.846012124008027, "hidden_channels": 44.95069839282376, "learning_rate": 0.051004513038026736, "optimizer": 1.4167913622704982, "pooling_algorithm": 0.9945248685470699}, "datetime": {"datetime": "2023-11-28 03:59:40", "elapsed": 76.832901, "delta": 0.577572}}
{"target": 0.7749999999999999, "params": {"activation_function": 1.650991648149097, "amount_of_layers": 3.052079520233291, "batch_size": 53.80215489552593, "dropout_rate": 0.4421613084620913, "epochs": 24.741539973245146, "hidden_channels": 47.07334635283516, "learning_rate": 0.0737438660835599, "optimizer": 0.33456691596590526, "pooling_algorithm": 0.08604047176056706}, "datetime": {"datetime": "2023-11-28 03:59:41", "elapsed": 77.539367, "delta": 0.706466}}
{"target": 0.8464285714285713, "params": {"activation_function": 1.856848299112274, "amount_of_layers": 3.442053952494085, "batch_size": 58.30721059635847, "dropout_rate": 0.552125340511882, "epochs": 27.68695662627519, "hidden_channels": 45.312154877896596, "learning_rate": 0.05090282320185435, "optimizer": 0.9501698508955443, "pooling_algorithm": 0.30082293057093346}, "datetime": {"datetime": "2023-11-28 03:59:42", "elapsed": 78.364734, "delta": 0.825367}}
{"target": 0.0, "params": {"activation_function": 0.9169722391017872, "amount_of_layers": 6.0775865972449425, "batch_size": 47.813435014363144, "dropout_rate": 0.5971006516281221, "epochs": 58.51166165271164, "hidden_channels": 30.32644973222253, "learning_rate": 0.058998596696477924, "optimizer": 1.5589012771328707, "pooling_algorithm": 0.30901544926847246}, "datetime": {"datetime": "2023-11-28 03:59:44", "elapsed": 80.894266, "delta": 2.529532}}
{"target": 0.7392857142857142, "params": {"activation_function": 1.3323298815401752, "amount_of_layers": 7.86724468627432, "batch_size": 94.2251382963221, "dropout_rate": 0.5438758576710907, "epochs": 30.74620090723732, "hidden_channels": 124.31131070946536, "learning_rate": 0.03268301466711442, "optimizer": 0.11056519357864403, "pooling_algorithm": 0.03051690907177962}, "datetime": {"datetime": "2023-11-28 03:59:45", "elapsed": 81.838293, "delta": 0.944027}}
{"target": 0.2857142857142857, "params": {"activation_function": 1.4202539321252778, "amount_of_layers": 3.346405412080272, "batch_size": 59.37577066166773, "dropout_rate": 0.34655288367672227, "epochs": 22.386808224125343, "hidden_channels": 49.66142094621657, "learning_rate": 0.030519116271184674, "optimizer": 0.5993355264783173, "pooling_algorithm": 0.07459134303877757}, "datetime": {"datetime": "2023-11-28 03:59:46", "elapsed": 82.499996, "delta": 0.661703}}
{"target": 0.35, "params": {"activation_function": 0.8467172148044466, "amount_of_layers": 1.8324650701205805, "batch_size": 59.94321527250322, "dropout_rate": 0.2987551788601439, "epochs": 29.290611455027324, "hidden_channels": 46.46641987837062, "learning_rate": 0.011147489431724882, "optimizer": 1.6953388106785847, "pooling_algorithm": 0.5563534272828718}, "datetime": {"datetime": "2023-11-28 03:59:47", "elapsed": 83.204427, "delta": 0.704431}}
{"target": 0.8785714285714286, "params": {"activation_function": 2.0, "amount_of_layers": 3.0153277811048094, "batch_size": 43.38525528418895, "dropout_rate": 0.25, "epochs": 54.54389841870423, "hidden_channels": 31.575953268217305, "learning_rate": 0.013633768447998846, "optimizer": 0.18960883548197838, "pooling_algorithm": 0.5888256649574583}, "datetime": {"datetime": "2023-11-28 03:59:48", "elapsed": 84.9684, "delta": 1.763973}}
{"target": 0.9, "params": {"activation_function": 0.6019318437902459, "amount_of_layers": 2.3937809410971553, "batch_size": 18.512734149228915, "dropout_rate": 0.2504879719820249, "epochs": 22.96731247461997, "hidden_channels": 126.12207512179005, "learning_rate": 0.0974173453560864, "optimizer": 0.07051078437206026, "pooling_algorithm": 0.8185021429411825}, "datetime": {"datetime": "2023-11-28 03:59:49", "elapsed": 86.118591, "delta": 1.150191}}
{"target": 0.9017857142857143, "params": {"activation_function": 1.2397493567072833, "amount_of_layers": 3.3615520752953802, "batch_size": 56.928262095492265, "dropout_rate": 0.544532007424515, "epochs": 25.217110903960393, "hidden_channels": 45.12897865692611, "learning_rate": 0.014381805762361376, "optimizer": 1.0742904508893176, "pooling_algorithm": 0.5207024500143599}, "datetime": {"datetime": "2023-11-28 03:59:50", "elapsed": 86.814179, "delta": 0.695588}}
{"target": 0.8071428571428572, "params": {"activation_function": 1.6693782970680258, "amount_of_layers": 7.71097028683816, "batch_size": 21.495037886941397, "dropout_rate": 0.35439302655345856, "epochs": 136.30624156268993, "hidden_channels": 112.37656874849696, "learning_rate": 0.02911894635672749, "optimizer": 0.3529807818543347, "pooling_algorithm": 0.4091855851703329}, "datetime": {"datetime": "2023-11-28 04:00:02", "elapsed": 98.901739, "delta": 12.08756}}
{"target": 0.0, "params": {"activation_function": 0.9433415345188338, "amount_of_layers": 1.7928211712451754, "batch_size": 18.68450007398174, "dropout_rate": 0.42440672230131965, "epochs": 21.043952008786228, "hidden_channels": 123.60203524545712, "learning_rate": 0.06471126787830528, "optimizer": 1.8224727277017352, "pooling_algorithm": 0.9626198164431989}, "datetime": {"datetime": "2023-11-28 04:00:03", "elapsed": 100.027565, "delta": 1.125826}}
{"target": 0.7946428571428572, "params": {"activation_function": 1.9889663026379527, "amount_of_layers": 1.347799315867058, "batch_size": 55.88994965344308, "dropout_rate": 0.4692572447977994, "epochs": 22.354024668618358, "hidden_channels": 45.84497039187331, "learning_rate": 0.03881368499017175, "optimizer": 0.9972022243278933, "pooling_algorithm": 0.7971205454392251}, "datetime": {"datetime": "2023-11-28 04:00:04", "elapsed": 100.53081, "delta": 0.503245}}
{"target": 0.5, "params": {"activation_function": 0.2920134281483513, "amount_of_layers": 6.598018639569327, "batch_size": 97.34679025682019, "dropout_rate": 0.29979913140281456, "epochs": 27.420682057521915, "hidden_channels": 125.92231911029208, "learning_rate": 0.07787254653742008, "optimizer": 0.920841319979488, "pooling_algorithm": 0.2998523819608584}, "datetime": {"datetime": "2023-11-28 04:00:05", "elapsed": 101.358589, "delta": 0.827779}}
{"target": 0.5, "params": {"activation_function": 0.2013319064732224, "amount_of_layers": 5.375166599499522, "batch_size": 41.99457813631909, "dropout_rate": 0.30552839837459544, "epochs": 54.7011234558149, "hidden_channels": 31.100150352370008, "learning_rate": 0.0665402692787555, "optimizer": 1.8947533559411882, "pooling_algorithm": 0.37270556440528047}, "datetime": {"datetime": "2023-11-28 04:00:07", "elapsed": 103.566998, "delta": 2.208409}}
{"target": 0.7392857142857143, "params": {"activation_function": 0.5623923075578756, "amount_of_layers": 6.25870607602662, "batch_size": 27.33808342798931, "dropout_rate": 0.6826713626210734, "epochs": 23.448402282787946, "hidden_channels": 86.4237497890467, "learning_rate": 0.0787519252003888, "optimizer": 1.2587097862352397, "pooling_algorithm": 0.16380764796185032}, "datetime": {"datetime": "2023-11-28 04:00:08", "elapsed": 105.093591, "delta": 1.526593}}
{"target": 0.8892857142857143, "params": {"activation_function": 0.23166360316982115, "amount_of_layers": 2.369198003991496, "batch_size": 44.35961616800424, "dropout_rate": 0.6768888692049001, "epochs": 53.12603093535091, "hidden_channels": 30.50547359495108, "learning_rate": 0.008044496527360136, "optimizer": 0.4353795315585034, "pooling_algorithm": 0.9156516512760091}, "datetime": {"datetime": "2023-11-28 04:00:10", "elapsed": 106.536999, "delta": 1.443408}}
{"target": 0.9035714285714286, "params": {"activation_function": 0.9814387736748664, "amount_of_layers": 2.2658351707657607, "batch_size": 18.226107093430883, "dropout_rate": 0.2737597540969528, "epochs": 25.419188454818425, "hidden_channels": 126.53529467439412, "learning_rate": 0.09115877519816966, "optimizer": 0.0, "pooling_algorithm": 0.5447916832340218}, "datetime": {"datetime": "2023-11-28 04:00:11", "elapsed": 107.965037, "delta": 1.428038}}
{"target": 0.4196428571428572, "params": {"activation_function": 1.1048802302837883, "amount_of_layers": 4.2400268098086284, "batch_size": 54.190911721970494, "dropout_rate": 0.26283875683175917, "epochs": 19.778188822486264, "hidden_channels": 44.673420081477865, "learning_rate": 0.016972695769427823, "optimizer": 0.38807301422372253, "pooling_algorithm": 0.45335592133759495}, "datetime": {"datetime": "2023-11-28 04:00:12", "elapsed": 108.647338, "delta": 0.682301}}
{"target": 0.9142857142857144, "params": {"activation_function": 0.13120316972958945, "amount_of_layers": 5.150393295110642, "batch_size": 55.55491095033298, "dropout_rate": 0.4893519711088709, "epochs": 25.36691999324367, "hidden_channels": 41.770645955816995, "learning_rate": 0.06509190163774525, "optimizer": 0.33353589038124243, "pooling_algorithm": 0.5880207268386956}, "datetime": {"datetime": "2023-11-28 04:00:13", "elapsed": 109.475191, "delta": 0.827853}}
{"target": 0.9249999999999999, "params": {"activation_function": 1.63348994567501, "amount_of_layers": 4.065067725374246, "batch_size": 92.90681188882643, "dropout_rate": 0.28575140496472906, "epochs": 29.58739967980578, "hidden_channels": 126.52838674231482, "learning_rate": 0.05536985134584089, "optimizer": 0.40990758072389566, "pooling_algorithm": 0.8496654993026712}, "datetime": {"datetime": "2023-11-28 04:00:14", "elapsed": 110.164185, "delta": 0.688994}}
