{"target": 0.5, "params": {"activation_function": 0.9200774673759837, "amount_of_layers": 8.170523816497923, "batch_size": 41.477233027361535, "dropout_rate": 0.3531023274518449, "epochs": 108.19984893532158, "hidden_channels": 13.517922847000383, "learning_rate": 0.07607371126262788, "optimizer": 1.608893260563734, "pooling_algorithm": 0.8921489366402521}, "datetime": {"datetime": "2023-11-28 08:45:53", "elapsed": 0.0, "delta": 0.0}}
{"target": 0.8214285714285714, "params": {"activation_function": 0.10228999189937893, "amount_of_layers": 3.7707227319424623, "batch_size": 100.44040192462458, "dropout_rate": 0.7472212231174886, "epochs": 26.878365460713802, "hidden_channels": 28.494622893269803, "learning_rate": 0.05266030635823921, "optimizer": 1.4492813426180338, "pooling_algorithm": 0.050081559470888326}, "datetime": {"datetime": "2023-11-28 08:45:54", "elapsed": 0.63657, "delta": 0.63657}}
{"target": 0.8999999999999999, "params": {"activation_function": 1.2171684753848173, "amount_of_layers": 8.409954508697037, "batch_size": 142.94143154197639, "dropout_rate": 0.6757128484334622, "epochs": 41.25849965214668, "hidden_channels": 52.854833751392164, "learning_rate": 0.00761236104218691, "optimizer": 0.10991301928123032, "pooling_algorithm": 0.9334877832573434}, "datetime": {"datetime": "2023-11-28 08:45:55", "elapsed": 1.867977, "delta": 1.231407}}
{"target": 0.5, "params": {"activation_function": 1.3834786901405325, "amount_of_layers": 5.8585550394959, "batch_size": 37.442123134868766, "dropout_rate": 0.2704227930546419, "epochs": 150.93127484736888, "hidden_channels": 124.50701117491747, "learning_rate": 0.09671224465995593, "optimizer": 1.8865409602911032, "pooling_algorithm": 0.061101987490073006}, "datetime": {"datetime": "2023-11-28 08:46:03", "elapsed": 9.66355, "delta": 7.795573}}
{"target": 0.2625, "params": {"activation_function": 0.6207949108374395, "amount_of_layers": 1.0631747489669499, "batch_size": 24.237109976551114, "dropout_rate": 0.4617957756149606, "epochs": 48.41955854759262, "hidden_channels": 75.33706934512276, "learning_rate": 0.02498306569750498, "optimizer": 0.029121472370879475, "pooling_algorithm": 0.10132219518484031}, "datetime": {"datetime": "2023-11-28 08:46:05", "elapsed": 11.458221, "delta": 1.794671}}
{"target": 0.5, "params": {"activation_function": 0.2655020493428084, "amount_of_layers": 8.747637217044005, "batch_size": 75.35347002313513, "dropout_rate": 0.4645952943145169, "epochs": 25.079536577207524, "hidden_channels": 62.332883164599146, "learning_rate": 0.016220487277419062, "optimizer": 1.7201567274566762, "pooling_algorithm": 0.1376918619873796}, "datetime": {"datetime": "2023-11-28 08:46:06", "elapsed": 12.276706, "delta": 0.818485}}
{"target": 0.8392857142857142, "params": {"activation_function": 0.602872805297985, "amount_of_layers": 1.9863242405856916, "batch_size": 125.12672506495244, "dropout_rate": 0.3204252517564851, "epochs": 160.8642372930286, "hidden_channels": 34.37337412118934, "learning_rate": 0.015258621013651896, "optimizer": 0.5842684365472415, "pooling_algorithm": 0.2237957344360627}, "datetime": {"datetime": "2023-11-28 08:46:08", "elapsed": 15.044188, "delta": 2.767482}}
{"target": 0.26071428571428573, "params": {"activation_function": 0.707138179790306, "amount_of_layers": 5.3489767716553684, "batch_size": 123.10726071412752, "dropout_rate": 0.6195624055811889, "epochs": 130.44508966788982, "hidden_channels": 32.76652152910721, "learning_rate": 0.0513697576531099, "optimizer": 1.2439644783465498, "pooling_algorithm": 0.1583664165525157}, "datetime": {"datetime": "2023-11-28 08:46:11", "elapsed": 18.093992, "delta": 3.049804}}
{"target": 0.7375, "params": {"activation_function": 0.658161060972249, "amount_of_layers": 3.355107597593064, "batch_size": 142.41586954333224, "dropout_rate": 0.7002442277944599, "epochs": 66.78814381156471, "hidden_channels": 57.29757211293682, "learning_rate": 0.0796262518650187, "optimizer": 1.1073100357831414, "pooling_algorithm": 0.18252662534201602}, "datetime": {"datetime": "2023-11-28 08:46:13", "elapsed": 19.396278, "delta": 1.302286}}
{"target": 0.9, "params": {"activation_function": 0.941240308176541, "amount_of_layers": 6.761680810675488, "batch_size": 135.57067796160624, "dropout_rate": 0.5508822667918705, "epochs": 22.599493937054664, "hidden_channels": 87.85389376164025, "learning_rate": 0.005975816972679895, "optimizer": 0.3866213404355989, "pooling_algorithm": 0.7261335632114302}, "datetime": {"datetime": "2023-11-28 08:46:13", "elapsed": 20.050113, "delta": 0.653835}}
{"target": 0.9, "params": {"activation_function": 1.1876519642928856, "amount_of_layers": 3.6956655802466667, "batch_size": 67.48016702948226, "dropout_rate": 0.5919766930183702, "epochs": 123.93331505007326, "hidden_channels": 55.36587042620579, "learning_rate": 0.061340304681205896, "optimizer": 0.18808495052049246, "pooling_algorithm": 0.5889478171821656}, "datetime": {"datetime": "2023-11-28 08:46:17", "elapsed": 23.476411, "delta": 3.426298}}
{"target": 0.7714285714285715, "params": {"activation_function": 1.7508168322637776, "amount_of_layers": 8.359534470228663, "batch_size": 54.8912239879745, "dropout_rate": 0.7337356893840643, "epochs": 148.45016672718654, "hidden_channels": 22.766573184238034, "learning_rate": 0.057790667325208794, "optimizer": 0.11511961080168254, "pooling_algorithm": 0.3466769666056799}, "datetime": {"datetime": "2023-11-28 08:46:23", "elapsed": 29.246609, "delta": 5.770198}}
{"target": 0.26249999999999996, "params": {"activation_function": 1.5795684630209923, "amount_of_layers": 6.831385546992035, "batch_size": 112.98307806127737, "dropout_rate": 0.7182731758724661, "epochs": 33.41784176789165, "hidden_channels": 58.9669648925401, "learning_rate": 0.031282721304514885, "optimizer": 1.6003622775591075, "pooling_algorithm": 0.27643564688736944}, "datetime": {"datetime": "2023-11-28 08:46:23", "elapsed": 30.195733, "delta": 0.949124}}
{"target": 0.9214285714285715, "params": {"activation_function": 1.9673112148611593, "amount_of_layers": 6.09921224698687, "batch_size": 42.107651873786054, "dropout_rate": 0.7086632567544654, "epochs": 153.32070334123276, "hidden_channels": 87.47333932259272, "learning_rate": 0.08137782468149724, "optimizer": 0.039918257184596184, "pooling_algorithm": 0.7731894259402237}, "datetime": {"datetime": "2023-11-28 08:46:30", "elapsed": 36.652706, "delta": 6.456973}}
{"target": 0.8964285714285714, "params": {"activation_function": 1.6005754994836197, "amount_of_layers": 1.9378386893338488, "batch_size": 70.59412725431542, "dropout_rate": 0.601996705732402, "epochs": 189.9633152417542, "hidden_channels": 25.05778749827895, "learning_rate": 0.013933616685426635, "optimizer": 0.2487157578174204, "pooling_algorithm": 0.8618976263678819}, "datetime": {"datetime": "2023-11-28 08:46:34", "elapsed": 40.675755, "delta": 4.023049}}
{"target": 0.7821428571428571, "params": {"activation_function": 0.44332298948256543, "amount_of_layers": 3.520922089049221, "batch_size": 64.41157283798026, "dropout_rate": 0.26668087469640295, "epochs": 11.122576147578528, "hidden_channels": 74.51240333335049, "learning_rate": 0.032611762351085, "optimizer": 0.6552905963100393, "pooling_algorithm": 0.22968701756239596}, "datetime": {"datetime": "2023-11-28 08:46:34", "elapsed": 41.049259, "delta": 0.373504}}
{"target": 0.9089285714285714, "params": {"activation_function": 1.3832780793392514, "amount_of_layers": 8.517394163916354, "batch_size": 48.12649438196809, "dropout_rate": 0.34644869699848707, "epochs": 193.83510716852754, "hidden_channels": 46.28740710203338, "learning_rate": 0.009614371145571187, "optimizer": 0.2840219860632385, "pooling_algorithm": 0.8764992182702956}, "datetime": {"datetime": "2023-11-28 08:46:45", "elapsed": 51.220576, "delta": 10.171317}}
{"target": 0.7410714285714286, "params": {"activation_function": 0.7578554596126124, "amount_of_layers": 7.657957311419423, "batch_size": 135.45808397365477, "dropout_rate": 0.739903777717122, "epochs": 149.1706198093865, "hidden_channels": 66.69894224780793, "learning_rate": 0.01776364395321156, "optimizer": 1.1048880483594572, "pooling_algorithm": 0.2212209737884795}, "datetime": {"datetime": "2023-11-28 08:46:49", "elapsed": 55.473115, "delta": 4.252539}}
{"target": 0.5, "params": {"activation_function": 0.3623335198185722, "amount_of_layers": 4.771795016613299, "batch_size": 117.33652691525529, "dropout_rate": 0.3300343845613109, "epochs": 156.16318105003117, "hidden_channels": 53.27792351572871, "learning_rate": 0.09848277367770454, "optimizer": 1.5817845025102228, "pooling_algorithm": 0.06424593820003222}, "datetime": {"datetime": "2023-11-28 08:46:52", "elapsed": 59.091416, "delta": 3.618301}}
{"target": 0.5, "params": {"activation_function": 1.3327362590368002, "amount_of_layers": 4.519119387320911, "batch_size": 90.10610828600927, "dropout_rate": 0.5641588740079804, "epochs": 143.32561838790977, "hidden_channels": 105.90833146321287, "learning_rate": 0.03168357552330018, "optimizer": 1.1736240746661348, "pooling_algorithm": 0.7131004418267849}, "datetime": {"datetime": "2023-11-28 08:46:56", "elapsed": 62.395044, "delta": 3.303628}}
{"target": 0.9, "params": {"activation_function": 1.4754974554517932, "amount_of_layers": 3.7667803539658413, "batch_size": 68.96425820630827, "dropout_rate": 0.6630681029851309, "epochs": 122.1283794976124, "hidden_channels": 56.54785360913987, "learning_rate": 0.05525678872535173, "optimizer": 0.08351137559436528, "pooling_algorithm": 0.7323172362941892}, "datetime": {"datetime": "2023-11-28 08:46:59", "elapsed": 65.810907, "delta": 3.415863}}
{"target": 0.8785714285714286, "params": {"activation_function": 1.5497100610538161, "amount_of_layers": 5.360604436172562, "batch_size": 58.972144266382024, "dropout_rate": 0.4993292716640936, "epochs": 190.74659632449357, "hidden_channels": 35.833054933284, "learning_rate": 0.014889873292854296, "optimizer": 0.23602260718174095, "pooling_algorithm": 0.7663993270140408}, "datetime": {"datetime": "2023-11-28 08:47:05", "elapsed": 71.92569, "delta": 6.114783}}
{"target": 0.9107142857142857, "params": {"activation_function": 1.8724098525663277, "amount_of_layers": 5.337809276736236, "batch_size": 51.08944640048113, "dropout_rate": 0.7178217580924261, "epochs": 142.1714156199982, "hidden_channels": 73.42234231063217, "learning_rate": 0.0702414587405508, "optimizer": 0.0, "pooling_algorithm": 0.8065091319537705}, "datetime": {"datetime": "2023-11-28 08:47:10", "elapsed": 76.582491, "delta": 4.656801}}
{"target": 0.9142857142857144, "params": {"activation_function": 1.7585575130281192, "amount_of_layers": 6.566964129056787, "batch_size": 46.392020856982974, "dropout_rate": 0.6061421493173164, "epochs": 165.20349998329414, "hidden_channels": 67.05517854926418, "learning_rate": 0.05429966233700048, "optimizer": 0.0474499400825685, "pooling_algorithm": 0.81577025668268}, "datetime": {"datetime": "2023-11-28 08:47:18", "elapsed": 84.441111, "delta": 7.85862}}
{"target": 0.2357142857142857, "params": {"activation_function": 0.2685979370985878, "amount_of_layers": 5.408109279763623, "batch_size": 27.962503659220644, "dropout_rate": 0.46629981260617853, "epochs": 153.8500098856409, "hidden_channels": 67.82163528546835, "learning_rate": 0.0931768544387393, "optimizer": 0.1744703722637826, "pooling_algorithm": 0.09875419598171553}, "datetime": {"datetime": "2023-11-28 08:47:26", "elapsed": 93.134494, "delta": 8.693383}}
{"target": 0.5, "params": {"activation_function": 0.2383708055231213, "amount_of_layers": 7.891500077926618, "batch_size": 56.54197524226944, "dropout_rate": 0.5116443231068812, "epochs": 160.5603818491063, "hidden_channels": 75.05433941088627, "learning_rate": 0.06447618884517944, "optimizer": 1.3978509377141577, "pooling_algorithm": 0.16147755934166874}, "datetime": {"datetime": "2023-11-28 08:47:33", "elapsed": 100.040165, "delta": 6.905671}}
{"target": 0.9107142857142857, "params": {"activation_function": 2.0, "amount_of_layers": 5.064463426759486, "batch_size": 46.44987324357804, "dropout_rate": 0.75, "epochs": 143.71164888731582, "hidden_channels": 83.8936661355543, "learning_rate": 0.0743922735573392, "optimizer": 0.0, "pooling_algorithm": 1.0}, "datetime": {"datetime": "2023-11-28 08:47:39", "elapsed": 105.928574, "delta": 5.888409}}
{"target": 0.9214285714285715, "params": {"activation_function": 2.0, "amount_of_layers": 4.423096493354747, "batch_size": 59.79772102036639, "dropout_rate": 0.75, "epochs": 130.59754167024522, "hidden_channels": 67.19944198043198, "learning_rate": 0.06044425880482098, "optimizer": 0.0, "pooling_algorithm": 0.9403653190615024}, "datetime": {"datetime": "2023-11-28 08:47:43", "elapsed": 109.8772, "delta": 3.948626}}
{"target": 0.8964285714285715, "params": {"activation_function": 2.0, "amount_of_layers": 7.597591217448959, "batch_size": 51.98810831643901, "dropout_rate": 0.75, "epochs": 129.67396460269563, "hidden_channels": 79.0950567947781, "learning_rate": 0.0039145111063690575, "optimizer": 0.0, "pooling_algorithm": 1.0}, "datetime": {"datetime": "2023-11-28 08:47:49", "elapsed": 115.316744, "delta": 5.439544}}
{"target": 0.9071428571428571, "params": {"activation_function": 2.0, "amount_of_layers": 6.545232295555823, "batch_size": 47.445712289399424, "dropout_rate": 0.6099040039401473, "epochs": 177.17903535462048, "hidden_channels": 56.81073472455042, "learning_rate": 0.029843021472897614, "optimizer": 0.0, "pooling_algorithm": 1.0}, "datetime": {"datetime": "2023-11-28 08:47:57", "elapsed": 123.80136, "delta": 8.484616}}
{"target": 0.8357142857142857, "params": {"activation_function": 2.0, "amount_of_layers": 9.0, "batch_size": 46.83163907362486, "dropout_rate": 0.25, "epochs": 177.7598416026978, "hidden_channels": 39.01199147432773, "learning_rate": 0.001, "optimizer": 0.0, "pooling_algorithm": 1.0}, "datetime": {"datetime": "2023-11-28 08:48:07", "elapsed": 133.494349, "delta": 9.692989}}
{"target": 0.9178571428571429, "params": {"activation_function": 1.9785943101130001, "amount_of_layers": 1.0025428859687076, "batch_size": 53.05085079873667, "dropout_rate": 0.25, "epochs": 116.41382572513474, "hidden_channels": 63.21968331091449, "learning_rate": 0.09980553186374572, "optimizer": 0.0, "pooling_algorithm": 0.9821664922081978}, "datetime": {"datetime": "2023-11-28 08:48:09", "elapsed": 136.14364, "delta": 2.649291}}
{"target": 0.5, "params": {"activation_function": 0.0, "amount_of_layers": 1.0, "batch_size": 64.92078472560777, "dropout_rate": 0.25, "epochs": 115.53851155763519, "hidden_channels": 75.63737607078365, "learning_rate": 0.1, "optimizer": 2.0, "pooling_algorithm": 0.0}, "datetime": {"datetime": "2023-11-28 08:48:12", "elapsed": 138.753665, "delta": 2.610025}}
{"target": 0.9142857142857143, "params": {"activation_function": 2.0, "amount_of_layers": 9.0, "batch_size": 47.59834301810578, "dropout_rate": 0.75, "epochs": 127.88814761795005, "hidden_channels": 61.83779657090422, "learning_rate": 0.001, "optimizer": 0.0, "pooling_algorithm": 1.0}, "datetime": {"datetime": "2023-11-28 08:48:19", "elapsed": 145.916525, "delta": 7.16286}}
{"target": 0.9107142857142857, "params": {"activation_function": 2.0, "amount_of_layers": 9.0, "batch_size": 54.79513409497226, "dropout_rate": 0.75, "epochs": 114.8601688082854, "hidden_channels": 50.39434916437544, "learning_rate": 0.001, "optimizer": 0.0, "pooling_algorithm": 1.0}, "datetime": {"datetime": "2023-11-28 08:48:24", "elapsed": 151.110703, "delta": 5.194178}}
{"target": 0.9142857142857143, "params": {"activation_function": 2.0, "amount_of_layers": 9.0, "batch_size": 63.37839107599812, "dropout_rate": 0.25, "epochs": 188.21758894754038, "hidden_channels": 53.74890187119875, "learning_rate": 0.1, "optimizer": 0.0, "pooling_algorithm": 1.0}, "datetime": {"datetime": "2023-11-28 08:48:33", "elapsed": 159.233844, "delta": 8.123141}}
{"target": 0.9107142857142857, "params": {"activation_function": 2.0, "amount_of_layers": 1.0, "batch_size": 68.77969198282587, "dropout_rate": 0.75, "epochs": 175.86933859520357, "hidden_channels": 41.95693740322293, "learning_rate": 0.06268136350930768, "optimizer": 0.0, "pooling_algorithm": 1.0}, "datetime": {"datetime": "2023-11-28 08:48:36", "elapsed": 162.892727, "delta": 3.658883}}
{"target": 0.22678571428571426, "params": {"activation_function": 0.0, "amount_of_layers": 1.0, "batch_size": 78.13083327489615, "dropout_rate": 0.25, "epochs": 192.75114973448885, "hidden_channels": 43.157285016266286, "learning_rate": 0.001, "optimizer": 0.0, "pooling_algorithm": 0.08192804971220059}, "datetime": {"datetime": "2023-11-28 08:48:39", "elapsed": 166.086812, "delta": 3.194085}}
{"target": 0.8714285714285714, "params": {"activation_function": 2.0, "amount_of_layers": 2.7643226485207437, "batch_size": 62.610070221350284, "dropout_rate": 0.75, "epochs": 175.9545157270785, "hidden_channels": 27.19468020018131, "learning_rate": 0.1, "optimizer": 0.2873098709106795, "pooling_algorithm": 1.0}, "datetime": {"datetime": "2023-11-28 08:48:44", "elapsed": 170.672361, "delta": 4.585549}}
{"target": 0.0, "params": {"activation_function": 1.5092075089440453, "amount_of_layers": 3.922198708248252, "batch_size": 59.901628150758846, "dropout_rate": 0.452495300886042, "epochs": 168.97429021965507, "hidden_channels": 48.42634120988146, "learning_rate": 0.0692558534625519, "optimizer": 1.7039705900822164, "pooling_algorithm": 0.5030182383509038}, "datetime": {"datetime": "2023-11-28 08:48:49", "elapsed": 175.727961, "delta": 5.0556}}
{"target": 0.8571428571428572, "params": {"activation_function": 2.0, "amount_of_layers": 7.708747945245009, "batch_size": 57.0673615719287, "dropout_rate": 0.75, "epochs": 122.53980057169086, "hidden_channels": 59.15509682780037, "learning_rate": 0.0042737385600026805, "optimizer": 0.0, "pooling_algorithm": 1.0}, "datetime": {"datetime": "2023-11-28 08:48:54", "elapsed": 180.875929, "delta": 5.147968}}
{"target": 0.525, "params": {"activation_function": 2.0, "amount_of_layers": 4.589446967313453, "batch_size": 67.92044842907961, "dropout_rate": 0.75, "epochs": 181.5388853287255, "hidden_channels": 33.87415616727252, "learning_rate": 0.001, "optimizer": 0.0, "pooling_algorithm": 1.0}, "datetime": {"datetime": "2023-11-28 08:49:00", "elapsed": 186.478881, "delta": 5.602952}}
{"target": 0.9107142857142858, "params": {"activation_function": 2.0, "amount_of_layers": 5.835344147242227, "batch_size": 50.93987922920428, "dropout_rate": 0.6679860529686426, "epochs": 132.26245818234682, "hidden_channels": 69.61254711142658, "learning_rate": 0.04750937737543898, "optimizer": 0.0, "pooling_algorithm": 0.9694803140240773}, "datetime": {"datetime": "2023-11-28 08:49:04", "elapsed": 191.100661, "delta": 4.62178}}
{"target": 0.8892857142857143, "params": {"activation_function": 1.9443784749095026, "amount_of_layers": 4.936229401747043, "batch_size": 47.5057208394877, "dropout_rate": 0.4761506539207272, "epochs": 118.77881862441015, "hidden_channels": 56.337028301766416, "learning_rate": 0.07504893961468978, "optimizer": 0.0, "pooling_algorithm": 0.9495473771626048}, "datetime": {"datetime": "2023-11-28 08:49:09", "elapsed": 195.974665, "delta": 4.874004}}
{"target": 0.0, "params": {"activation_function": 2.0, "amount_of_layers": 6.626960515699446, "batch_size": 49.28749456631079, "dropout_rate": 0.75, "epochs": 121.68682468160192, "hidden_channels": 69.15365334236094, "learning_rate": 0.09501926349420825, "optimizer": 0.0, "pooling_algorithm": 1.0}, "datetime": {"datetime": "2023-11-28 08:49:15", "elapsed": 201.769173, "delta": 5.794508}}
{"target": 0.20535714285714282, "params": {"activation_function": 0.7080290544319325, "amount_of_layers": 1.1729537759984954, "batch_size": 53.77401362883131, "dropout_rate": 0.588419669976407, "epochs": 116.76129118848044, "hidden_channels": 56.6094853407633, "learning_rate": 0.011062482906366803, "optimizer": 0.21356030736468634, "pooling_algorithm": 0.022988611628986022}, "datetime": {"datetime": "2023-11-28 08:49:17", "elapsed": 204.160862, "delta": 2.391689}}
{"target": 0.2232142857142857, "params": {"activation_function": 0.9322905802227801, "amount_of_layers": 1.3820664899838366, "batch_size": 69.91995576290746, "dropout_rate": 0.5001502697710838, "epochs": 121.25683013882522, "hidden_channels": 54.28033541340126, "learning_rate": 0.08566251124343432, "optimizer": 0.20532174079533538, "pooling_algorithm": 0.10159049747692306}, "datetime": {"datetime": "2023-11-28 08:49:20", "elapsed": 206.558166, "delta": 2.397304}}
{"target": 0.7375, "params": {"activation_function": 1.452615406361526, "amount_of_layers": 8.767726502947951, "batch_size": 47.83689832523177, "dropout_rate": 0.4417616047520993, "epochs": 195.26424032757382, "hidden_channels": 45.06390320689265, "learning_rate": 0.062001330278843594, "optimizer": 0.7208715440374294, "pooling_algorithm": 0.21934811652147312}, "datetime": {"datetime": "2023-11-28 08:49:31", "elapsed": 217.337093, "delta": 10.778927}}
{"target": 0.9017857142857143, "params": {"activation_function": 1.0806322737385714, "amount_of_layers": 5.131991486390473, "batch_size": 59.59317860203816, "dropout_rate": 0.3852299665786676, "epochs": 130.5217746292464, "hidden_channels": 67.76385732612985, "learning_rate": 0.0066834785034500365, "optimizer": 1.4791503881950716, "pooling_algorithm": 0.5872136309047343}, "datetime": {"datetime": "2023-11-28 08:49:35", "elapsed": 221.564964, "delta": 4.227871}}
{"target": 0.5, "params": {"activation_function": 0.933333305942531, "amount_of_layers": 6.540704303968538, "batch_size": 47.8432940366384, "dropout_rate": 0.4776044060999506, "epochs": 145.6238460607167, "hidden_channels": 84.98850568821591, "learning_rate": 0.07102345771928084, "optimizer": 0.5525801970073498, "pooling_algorithm": 0.69539691384233}, "datetime": {"datetime": "2023-11-28 08:49:42", "elapsed": 228.539516, "delta": 6.974552}}
