{"target": 0.5, "params": {"activation_function": 0.9810829101860865, "amount_of_layers": 1.3036337458709673, "batch_size": 57.517869063604294, "dropout_rate": 0.6982003521964675, "epochs": 24.80147027769982, "hidden_channels": 46.03446898034231, "learning_rate": 0.07272984198244559, "optimizer": 1.3278893019267544, "pooling_algorithm": 0.9513666838643812}, "datetime": {"datetime": "2023-11-28 04:01:54", "elapsed": 211.052701, "delta": 0.629215}}
{"target": 0.9071428571428571, "params": {"activation_function": 1.0437889045466968, "amount_of_layers": 3.120105032364468, "batch_size": 57.83510160611381, "dropout_rate": 0.5858385106623579, "epochs": 23.8779671974348, "hidden_channels": 47.45328352829002, "learning_rate": 0.008161806707700591, "optimizer": 0.14598280239014239, "pooling_algorithm": 0.6029663537088847}, "datetime": {"datetime": "2023-11-28 04:01:55", "elapsed": 211.790958, "delta": 0.738257}}
{"target": 0.5, "params": {"activation_function": 0.34528821602681337, "amount_of_layers": 6.566570765531469, "batch_size": 78.89057780482938, "dropout_rate": 0.4007208257060965, "epochs": 89.01869723483998, "hidden_channels": 13.861383253050164, "learning_rate": 0.08314446434712802, "optimizer": 1.7619936826571585, "pooling_algorithm": 0.15771370078467595}, "datetime": {"datetime": "2023-11-28 04:01:58", "elapsed": 214.236389, "delta": 2.445431}}
{"target": 0.43214285714285716, "params": {"activation_function": 1.7006445834465433, "amount_of_layers": 8.724790318029678, "batch_size": 21.399764105135, "dropout_rate": 0.30681103582557945, "epochs": 136.6502294476225, "hidden_channels": 112.73143926067412, "learning_rate": 0.02216486846261788, "optimizer": 0.9217960908787144, "pooling_algorithm": 0.23802271365033667}, "datetime": {"datetime": "2023-11-28 04:02:11", "elapsed": 227.891535, "delta": 13.655146}}
{"target": 0.8, "params": {"activation_function": 0.19119835756548675, "amount_of_layers": 3.6673862829595505, "batch_size": 26.117789249871905, "dropout_rate": 0.3616822342383922, "epochs": 54.53855448556165, "hidden_channels": 31.350634159635337, "learning_rate": 0.02104216561036474, "optimizer": 0.9673995087220644, "pooling_algorithm": 0.19810832217663255}, "datetime": {"datetime": "2023-11-28 04:02:14", "elapsed": 230.798066, "delta": 2.906531}}
{"target": 0.0, "params": {"activation_function": 1.3816179941595859, "amount_of_layers": 5.3266300250835386, "batch_size": 16.675494812371017, "dropout_rate": 0.7062636518104375, "epochs": 22.37329570986316, "hidden_channels": 126.97108060092664, "learning_rate": 0.09884807846188064, "optimizer": 1.5517125195959212, "pooling_algorithm": 0.6170742842134129}, "datetime": {"datetime": "2023-11-28 04:02:16", "elapsed": 232.640634, "delta": 1.842568}}
{"target": 0.817857142857143, "params": {"activation_function": 1.4379273314803198, "amount_of_layers": 1.5681323413677895, "batch_size": 44.56467118655338, "dropout_rate": 0.2989657923160734, "epochs": 54.566627048852105, "hidden_channels": 28.19650376262811, "learning_rate": 0.010772806527908765, "optimizer": 1.211906139770582, "pooling_algorithm": 0.4692499599199037}, "datetime": {"datetime": "2023-11-28 04:02:18", "elapsed": 234.309671, "delta": 1.669037}}
{"target": 0.5, "params": {"activation_function": 0.7785097394870617, "amount_of_layers": 5.919986926622698, "batch_size": 106.50238640487454, "dropout_rate": 0.4316437260711196, "epochs": 34.088998980048906, "hidden_channels": 42.69942135502282, "learning_rate": 0.06857144135446572, "optimizer": 1.5400250759240266, "pooling_algorithm": 0.7810358271603636}, "datetime": {"datetime": "2023-11-28 04:02:19", "elapsed": 235.259343, "delta": 0.949672}}
{"target": 0.8357142857142857, "params": {"activation_function": 0.11475300405824873, "amount_of_layers": 3.1308693381881696, "batch_size": 120.47323459982809, "dropout_rate": 0.660227695240938, "epochs": 130.12814722005152, "hidden_channels": 78.65220706994295, "learning_rate": 0.018667331115269727, "optimizer": 1.2462486403269029, "pooling_algorithm": 0.9069828103200147}, "datetime": {"datetime": "2023-11-28 04:02:21", "elapsed": 237.792227, "delta": 2.532884}}
{"target": 0.7410714285714286, "params": {"activation_function": 1.2059545454382783, "amount_of_layers": 4.569127886628349, "batch_size": 71.97922226899615, "dropout_rate": 0.5176589564474354, "epochs": 35.89299552603002, "hidden_channels": 24.785674684677083, "learning_rate": 0.03902155233731632, "optimizer": 1.2050461404015245, "pooling_algorithm": 0.003896064658493348}, "datetime": {"datetime": "2023-11-28 04:02:22", "elapsed": 239.068267, "delta": 1.27604}}
{"target": 0.9071428571428571, "params": {"activation_function": 1.4924977507025001, "amount_of_layers": 2.1932641226195146, "batch_size": 129.6267682478918, "dropout_rate": 0.39576265137208505, "epochs": 50.255358440655996, "hidden_channels": 118.59851124143785, "learning_rate": 0.06936017482344298, "optimizer": 0.3463877432831579, "pooling_algorithm": 0.8008083216047891}, "datetime": {"datetime": "2023-11-28 04:02:23", "elapsed": 240.022049, "delta": 0.953782}}
{"target": 0.09107142857142857, "params": {"activation_function": 1.5483610563133476, "amount_of_layers": 2.160784947141031, "batch_size": 88.4129491359648, "dropout_rate": 0.35454292155683204, "epochs": 12.214464585067272, "hidden_channels": 65.96707035217725, "learning_rate": 0.04147031196765297, "optimizer": 0.5101662797704409, "pooling_algorithm": 0.5849171810137422}, "datetime": {"datetime": "2023-11-28 04:02:24", "elapsed": 240.370639, "delta": 0.34859}}
{"target": 0.9, "params": {"activation_function": 1.3236109979906285, "amount_of_layers": 3.6348071979017806, "batch_size": 56.39649310754366, "dropout_rate": 0.655523638029166, "epochs": 21.259796268534693, "hidden_channels": 45.55520616601836, "learning_rate": 0.08568862531348494, "optimizer": 0.2979005012774909, "pooling_algorithm": 0.6246272871058383}, "datetime": {"datetime": "2023-11-28 04:02:24", "elapsed": 241.089404, "delta": 0.718765}}
{"target": 0.7392857142857143, "params": {"activation_function": 1.1463240579278358, "amount_of_layers": 8.879160638097986, "batch_size": 55.32376662524043, "dropout_rate": 0.3609812354957858, "epochs": 77.65505696821558, "hidden_channels": 28.293671274331047, "learning_rate": 0.07957104325126126, "optimizer": 0.8654206174290666, "pooling_algorithm": 0.3505362800326458}, "datetime": {"datetime": "2023-11-28 04:02:28", "elapsed": 244.541589, "delta": 3.452185}}
{"target": 0.5, "params": {"activation_function": 0.9057967825691746, "amount_of_layers": 6.65047389036827, "batch_size": 93.08924909537346, "dropout_rate": 0.7304352683550319, "epochs": 30.806393460526916, "hidden_channels": 127.17113360801731, "learning_rate": 0.03176702986127183, "optimizer": 1.043197000576711, "pooling_algorithm": 0.8990160259644621}, "datetime": {"datetime": "2023-11-28 04:02:29", "elapsed": 245.535989, "delta": 0.9944}}
{"target": 0.13392857142857142, "params": {"activation_function": 1.6565963934508348, "amount_of_layers": 6.4128110212979985, "batch_size": 22.83175254779811, "dropout_rate": 0.35406425630315475, "epochs": 136.85604323975053, "hidden_channels": 112.47979134727524, "learning_rate": 0.008011626452363457, "optimizer": 0.847053716431581, "pooling_algorithm": 0.868424657125812}, "datetime": {"datetime": "2023-11-28 04:02:38", "elapsed": 254.929253, "delta": 9.393264}}
{"target": 0.8089285714285714, "params": {"activation_function": 0.8710243669226398, "amount_of_layers": 1.2164247446278997, "batch_size": 60.29073508241131, "dropout_rate": 0.26654401084249985, "epochs": 60.19953960522984, "hidden_channels": 87.09752014522365, "learning_rate": 0.003766576824337521, "optimizer": 0.9635736096995753, "pooling_algorithm": 0.43430534250857944}, "datetime": {"datetime": "2023-11-28 04:02:40", "elapsed": 256.265811, "delta": 1.336558}}
{"target": 0.5178571428571429, "params": {"activation_function": 1.7211165976717162, "amount_of_layers": 2.4509849925348117, "batch_size": 71.54106139949604, "dropout_rate": 0.4299167367809037, "epochs": 121.28357324967675, "hidden_channels": 98.29344384445616, "learning_rate": 0.023474643560992214, "optimizer": 0.9920192515994424, "pooling_algorithm": 0.5473147222839564}, "datetime": {"datetime": "2023-11-28 04:02:42", "elapsed": 259.001887, "delta": 2.736076}}
{"target": 0.575, "params": {"activation_function": 1.5652583228590586, "amount_of_layers": 3.161873039460936, "batch_size": 113.91885928931468, "dropout_rate": 0.3452411808050235, "epochs": 116.26791708643373, "hidden_channels": 64.38211934915265, "learning_rate": 0.04388549646772331, "optimizer": 1.01284668037186, "pooling_algorithm": 0.34992412346363766}, "datetime": {"datetime": "2023-11-28 04:02:45", "elapsed": 261.307938, "delta": 2.306051}}
{"target": 0.25, "params": {"activation_function": 0.998363398402716, "amount_of_layers": 8.830988275016164, "batch_size": 116.2911967554229, "dropout_rate": 0.41016764439745634, "epochs": 70.95567031744429, "hidden_channels": 79.26151781240563, "learning_rate": 0.015992817205788126, "optimizer": 0.9248787761638186, "pooling_algorithm": 0.8143279728357284}, "datetime": {"datetime": "2023-11-28 04:02:47", "elapsed": 263.542816, "delta": 2.234878}}
{"target": 0.2571428571428571, "params": {"activation_function": 0.9425001191832671, "amount_of_layers": 7.705873957830212, "batch_size": 114.19958052639463, "dropout_rate": 0.6787563578839875, "epochs": 177.99141609378034, "hidden_channels": 58.85593207710328, "learning_rate": 0.07972419145181647, "optimizer": 0.008347776139222107, "pooling_algorithm": 0.3677492737623551}, "datetime": {"datetime": "2023-11-28 04:02:52", "elapsed": 268.593391, "delta": 5.050575}}
{"target": 0.9035714285714286, "params": {"activation_function": 1.0944748732054994, "amount_of_layers": 6.252194501044649, "batch_size": 133.37669437451999, "dropout_rate": 0.6677851575173637, "epochs": 75.37056485483862, "hidden_channels": 11.030768822077214, "learning_rate": 0.027650182254001093, "optimizer": 0.43573183776421964, "pooling_algorithm": 0.6418389793626087}, "datetime": {"datetime": "2023-11-28 04:02:54", "elapsed": 270.453075, "delta": 1.859684}}
{"target": 0.9125000000000001, "params": {"activation_function": 0.2717420564259354, "amount_of_layers": 8.341575196247462, "batch_size": 23.401741948769573, "dropout_rate": 0.6873459998889502, "epochs": 137.95419957075052, "hidden_channels": 15.612295486152735, "learning_rate": 0.04452948012427403, "optimizer": 1.3295118144072917, "pooling_algorithm": 0.8697074319309932}, "datetime": {"datetime": "2023-11-28 04:03:05", "elapsed": 281.645853, "delta": 11.192778}}
{"target": 0.8142857142857143, "params": {"activation_function": 0.7054644037202997, "amount_of_layers": 1.567413964349643, "batch_size": 43.0323027313964, "dropout_rate": 0.6984008691718524, "epochs": 54.83722539575536, "hidden_channels": 28.19005080555532, "learning_rate": 0.004988917037119838, "optimizer": 1.855665293916655, "pooling_algorithm": 0.2387737456249598}, "datetime": {"datetime": "2023-11-28 04:03:07", "elapsed": 283.286636, "delta": 1.640783}}
{"target": 0.5, "params": {"activation_function": 0.46028662946784715, "amount_of_layers": 3.132592599895511, "batch_size": 143.00050104534262, "dropout_rate": 0.553338582072475, "epochs": 142.30540656302446, "hidden_channels": 111.19126894444882, "learning_rate": 0.056883489399676704, "optimizer": 1.9223543163142331, "pooling_algorithm": 0.34829450152674224}, "datetime": {"datetime": "2023-11-28 04:03:09", "elapsed": 285.961108, "delta": 2.674472}}
